('2024-07-23 00:21:11', 'maolinml')
us-east-1
i-0ad11e1f6d98e9902 95.8946283800906
i-014e8293a775d9ac7 63.369888285437106
i-0fcce12d0568536de 56.97667391315082
i-018f011c33e6187bc 63.80744660744248

us-east-2
i-010c8ec26afebbf93 97.6601871673135
i-08687bdf8321a99fc 56.52907724947317
i-0097606651b7d8ab8 58.99794444444444
i-0465fdfca50c222e5 89.97962964073861

us-west-1
i-019e4eed72e746727 64.56570065068206
i-0924071f071d0016b 53.837061412100816
i-0d5a2bde2739f832b 77.01662193568495
i-09bf42f2714e9e8a7 72.36980986172692

us-west-2
i-00f3a382e42bd929c 96.97902170653413
i-04469e1993b692134 95.40706257716506
i-0e204f966ed011d92 96.66468427497499
i-0e1883133bb7325e1 93.53828278990056

ap-south-1
i-0566d887b14155827 56.18626027673586
i-088bf7be32e157cc1 90.97519510329288
i-0a5345d5e9d6c835d 95.25935211016765
i-05713b8d1bebc1964 73.49695851693413

ca-central-1
i-02dc41ce25f8a3730 95.7553729188018
i-0c482d1323375071a 56.87318095288557
i-034150f174e9fc8d5 85.95294869757878
i-037cf631f0d50fcf1 76.52036262330785

eu-north-1
i-0552eca1de0bf8f38 68.88952027787
i-0818b47f1d8a268d6 0.24837037037037035 shut down
i-0b02802b7c1bf2d25 96.17835767755956
i-0e2c8f5c6002dbe47 81.16773034191836

eu-west-2
i-020066437c6f79758 51.94618943530954
i-0f838b8fcd0168a56 55.59232986415606
i-0dcadf36521bc1d6a 94.45345672285661
i-08342f95a4d7d299f 50.25377174669137

ap-northeast-3
i-0e8d1b1fdb3d60229 68.23333333333333
i-0d746802c02c75d98 88.13333333333333
i-08e35489e3ff286c1 90.0
i-0b975ac24c327f81f 59.01006482639057

ap-northeast-2
i-0c20230753526be37 66.81804420439663
i-0228c9db1c0fdcff3 90.31392671491109
i-0a9a64bab10af09cd 63.79832523842864
i-05ff13c04dba66ec9 55.21724167074064

ap-northeast-1
i-099ca419a0fd2492b 68.67378062103306
i-0dc6e0fbbd8100c73 78.62432979815877
i-0d7d03e7589542514 53.766078588874585
i-0d5ec7978d4c680d8 56.39359021298383

ap-southeast-2
i-08d159872774fb182 66.72130539998979
i-00d1d681b55575c9c 52.89498910191217
i-005ca067c889e7cc7 85.72012996966743
i-0ae2ed8212124d6d4 90.95350913089868

ap-southeast-1
i-0374fba9a68307f70 71.08819123144274
i-008a995ef975c32a0 90.8191794766194
i-0d9da6e6c4978f142 94.83110605545316
i-0175d795572930770 83.64110912796541

eu-central-1
i-097db7ac96aeba24e 94.83714859245988
i-0d21d696eb2c9dd29 57.97292294123724
i-0ba58096fda422e47 96.05465895428841
i-0164d68dfb7a95337 97.44461831721947

eu-west-1
i-0232b4b0feeb0d999 75.31108494177336
i-0b51c3ea64f86c4ed 82.51846882146933
i-0e67fcd2040620cca 51.83876298210523
i-043d333b91ff7eac1 59.21041282627805

eu-west-3
i-0a413f9f847fe63e2 91.52224706271916
i-0c1021087fbe54b56 66.71572119844069
i-0c626b50d0f9701f3 95.55292472084557
i-02cb21fae55567f2a 86.11221809420773

sa-east-1
i-07cb5fde32d8c0879 93.05472405635005
i-0f33b4a4539b8b0fd 79.01529523013834
i-03622ca5de3332d1c 92.59132310607367
i-0cbbb9dbb07ec424a 66.25853523038408

('2024-07-23 00:22:35', 'maolinml2')
us-east-1
i-05c9d6a147272d7e5 71.89577540649623
i-01a4e4eefbde73c61 77.61341341751626
i-0a5adf680f5bb4eaa 95.38016560541242
i-0bd624db38e4183ee 95.23360798646881

us-east-2
i-0dd1fa1289fe1f376 75.53748442961148
i-0ee260c361ad04405 95.79664778099261
i-0c8316227437603f7 76.26094259322802
i-0ffa49dfd5b8e5c19 95.48387876462077

us-west-1
i-022ebabda90e1cee1 66.24922925694078
i-0ae1229098de658cc 89.98424993051081
i-0bde9b44bf1101596 69.55169534785846
i-0eac00ff4bd007870 56.14567560794006

us-west-2
i-05bc9b5f80030ed41 91.05559947682893
i-083228c5fa785536e 49.38423669076224
i-0eff8442240879606 50.28978424615281
i-05f3bf606a6e4e45f 91.53081694336053

ap-south-1
i-0e3a267e44ba15830 66.26125072643339
i-097c1721f223aeaa5 70.57507657869554
i-0708a5687a296eba6 56.647469932278646
i-08db1c69208a3f2b6 56.20235571268586

ca-central-1
i-0ac130267f8ff4f66 57.554784679546685
i-05d4c529d117e2f93 93.95496535458007
i-0f89670129b7609c8 71.47212725503074
i-06416bbc9306dc5ac 61.82875623126497

eu-north-1
i-0079e408f79fd4c56 93.12677334056231
i-0d47bd911a7d5fee1 44.49075360660171
i-08718a107dca49c13 44.6097028900683
i-05aaa0655903bca4f 57.410006953451536

eu-west-2
i-053374accb0abe7ad 78.80692401256705
i-02335d1bde4184d1e 70.38968338825997
i-01f535cd1e05c1512 90.26150047210776
i-0a765e3fa49abe478 78.86372278769038

ap-northeast-3
i-0e754c3b4beb5a495 94.69077783076864
i-05409f4a54c89a936 76.57455344945814
i-02c760ad0f35fc71f 99.87403174603175
i-0a9e0d621052157ad 86.23393826729257

ap-northeast-2
i-07772f252618ef628 66.10534943833585
i-0258f115b0e588f51 66.12798602328827
i-033a2c5ef40029113 94.40816561731727
i-0dbf1915971198141 82.3043679056672

ap-northeast-1
i-0760f61f29b3c715d 58.11800995499298
i-00db2b1c2aa2c150b 90.6169745365376
i-04f08b6ebd552408a 91.35812394013173
i-021d655fc69349cc5 73.52443641482382

ap-southeast-2
i-09ef71e7585a2afd6 56.1342361111111
i-0de5668513f0ec84e 38.046916231542845
i-09696fb75df18e3a8 90.32426320385191
i-0bbfe07dd7d4aa246 44.069485631198084

ap-southeast-1
i-0931fded83943df52 69.65311895869387
i-0876096aa882b6838 70.26652185745827
i-05aec8b568d985399 56.72363186760404
i-08ef3efaaf3133daa 83.50431735049843

eu-central-1
i-0377fba98823562b0 80.16328009537496
i-0f6a02183433f4c04 55.23161717474093
i-00495489ea0501716 86.22895350143551
i-074be939692b4a67c 59.09615828932075

eu-west-1
i-01153a53c7f87e9cb 57.14233134938562
i-0b4fd1bb142845bda 53.250180236791294
i-0900a829e7846b208 91.98486528858461
i-0c0bafbc4edf4a0a1 82.58836262557259

eu-west-3
i-028a1c2778b1b21ce 77.4439221639327
i-0739d657db8d90a66 53.68320866481263
i-020400d5753c15c45 96.33335570737184
i-045fe052adcbe9f20 95.77669351196282

sa-east-1
i-041e0bb9006351233 63.55190886399478
i-05dc7ff52e09006b3 86.42604239869691
i-08f19350d59604934 83.71160449710081
i-06fbe7085458fd69b 94.44003755639999

('2024-07-23 00:23:41', 'maolinml3')
us-east-1
i-0b002b4020f3d8995 96.75727023192879
i-0ed1fc42051f7f922 95.48075207418219
i-035b2ec570182821f 55.983234782909825
i-044f14a993dee9261 0.4944308956876891 shut down

us-east-2
i-07eed7c3c36439cdb 81.98401808220527
i-0409c223eaf715137 74.97136393259187
i-0ce2178e60ae9e6a4 75.75454682034074

us-west-1
i-030f59cfeb61a36cb 88.47654301798497
i-0b46ad7aee6a55fd6 63.20354938271606
i-06927d0e8349dfc91 94.0393632291255

us-west-2
i-00e26622cba0f425a 76.32071680625872
i-026575918252617d8 62.86032835707434
i-0733b51954c0ac93e 87.90516486271986

ap-south-1
i-0f26936abda544eac 90.60352745350053
i-0e431032c3b7f9cce 96.47151557029416
i-0ceab366f62ac59d5 87.69336762029604

ca-central-1
i-0f2b7afb385a2ac7f 87.36177894303614
i-07b8c0224614396ee 85.06806130483768
i-08e2f93aced45231c 85.43929179959305

eu-north-1
i-0baeb1a0dc12c7285 89.99583826637888
i-04cd05bd1d3d7ec24 93.76676097950013
i-0d119119a8707120f 49.37626266648209

eu-west-2
i-0089c659b39ab2e2b 66.13228677311646
i-0936720441ad45342 65.6457811820822
i-0a939e185223abb96 22.146502068031797

ap-northeast-3
i-03a11c462f4e70749 97.71173839059976
i-004b8280e71b65879 96.14639202431432
i-067ba08bd2ba11a1f 70.07916031769362

ap-northeast-2
i-067e2a8dca2bed69b 57.21147779002297
i-060cd10060872f688 92.93225587438776
i-06485e9ae3dbea465 68.60024684459627

ap-northeast-1
i-0f0f08630b913ea0c 64.41684117150169
i-0a772a14f25c908ee 85.87740222377568
i-0ebf58fc377de0ce3 84.92586960806868

ap-southeast-2
i-0695a8fb4eaf601f2 61.71971769647263
i-0ea1e9c023c3a0d1c 94.83084318481878
i-05c4ae29c9b04bf49 60.7191768834243

ap-southeast-1
i-048c229d1f45521a3 84.43080232964662
i-0d8f4d48cc5d23528 79.54318177556394
i-090032e008cf23f82 94.63618333883146

eu-central-1
i-0e540a78d36bc079d 55.59320303317198
i-0ba84386e0693e108 94.80119144545228
i-0fde5ba140592fdc3 66.89530645929023

eu-west-1
i-017a4ca6744d19611 63.0592422909844
i-0428848afd359fc68 57.53028306241266
i-022e196f74cfecb43 57.59041424355295

eu-west-3
i-0f47d090fdc2fa256 46.71376211103483
i-0027c6446500a06b7 77.40800121448257
i-0f30daf19cc31fa13 84.53242077505406

sa-east-1
i-001320548ae4ca4eb 63.09811111111111
i-026dd7ea64229cf84 64.5703305560093
i-0afca18bc4874728e 84.73846770427808

('2024-07-23 00:24:59', 'maolinml')
us-east-1
i-0ad11e1f6d98e9902 96.45853422879844
i-014e8293a775d9ac7 63.27664754469637
i-0fcce12d0568536de 61.47895990344605
i-018f011c33e6187bc 63.77133533437135

us-east-2
i-010c8ec26afebbf93 97.39165565077583
i-08687bdf8321a99fc 56.9898020337805
i-0097606651b7d8ab8 58.96661111111111
i-0465fdfca50c222e5 91.08205556666455

us-west-1
i-019e4eed72e746727 64.39403381922651
i-0924071f071d0016b 53.87998893586556
i-0d5a2bde2739f832b 77.01680725872912
i-09bf42f2714e9e8a7 72.36980985915628

us-west-2
i-00f3a382e42bd929c 97.00119398348421
i-04469e1993b692134 95.65705698990566
i-0e204f966ed011d92 96.99098603021083
i-0e1883133bb7325e1 90.81539389823627

ap-south-1
i-0566d887b14155827 56.74499618567963
i-088bf7be32e157cc1 91.46084247876628
i-0a5345d5e9d6c835d 89.75502120367668
i-05713b8d1bebc1964 72.90479250400534

ca-central-1
i-02dc41ce25f8a3730 91.95170404691659
i-0c482d1323375071a 57.003587617122406
i-034150f174e9fc8d5 85.46308173182395
i-037cf631f0d50fcf1 74.13179819786993

eu-north-1
i-0552eca1de0bf8f38 69.41854200624222
i-0b02802b7c1bf2d25 96.01381991337114
i-0e2c8f5c6002dbe47 78.3712926111889

eu-west-2
i-020066437c6f79758 51.65807136999615
i-0f838b8fcd0168a56 59.98771546955652
i-0dcadf36521bc1d6a 94.43209447159346
i-08342f95a4d7d299f 49.96199486574696

ap-northeast-3
i-0e8d1b1fdb3d60229 68.23333333333333
i-0d746802c02c75d98 87.96666666666665
i-08e35489e3ff286c1 90.0
i-0b975ac24c327f81f 59.3878813991739

ap-northeast-2
i-0c20230753526be37 67.29143559535568
i-0228c9db1c0fdcff3 91.47480919853558
i-0a9a64bab10af09cd 64.0456142846743
i-05ff13c04dba66ec9 55.03938166363765

ap-northeast-1
i-099ca419a0fd2492b 69.09326210251454
i-0dc6e0fbbd8100c73 79.18621283374239
i-0d7d03e7589542514 53.51244712095445
i-0d5ec7978d4c680d8 55.93840816062262

ap-southeast-2
i-08d159872774fb182 67.20348037644202
i-00d1d681b55575c9c 52.95294904482543
i-005ca067c889e7cc7 85.6046274791251
i-0ae2ed8212124d6d4 91.07773225781733

ap-southeast-1
i-0374fba9a68307f70 71.2168006458226
i-008a995ef975c32a0 90.94344523238306
i-0d9da6e6c4978f142 94.94091912763258
i-0175d795572930770 83.84653360366671

eu-central-1
i-097db7ac96aeba24e 91.36344715514981
i-0d21d696eb2c9dd29 62.3377650436174
i-0ba58096fda422e47 96.03731132585182
i-0164d68dfb7a95337 97.74828873434645

eu-west-1
i-0232b4b0feeb0d999 73.3112600856659
i-0b51c3ea64f86c4ed 82.9175297229577
i-0e67fcd2040620cca 51.81577839000553
i-043d333b91ff7eac1 59.04617315849888

eu-west-3
i-0a413f9f847fe63e2 91.04067526243273
i-0c1021087fbe54b56 66.40353911707011
i-0c626b50d0f9701f3 95.26303837600034
i-02cb21fae55567f2a 85.28560753754805

sa-east-1
i-07cb5fde32d8c0879 92.97026411322389
i-0f33b4a4539b8b0fd 86.30942221426533
i-03622ca5de3332d1c 91.33861114300349
i-0cbbb9dbb07ec424a 74.05568027849571

('2024-07-23 00:26:03', 'maolinml2')
us-east-1
i-05c9d6a147272d7e5 71.33809538388068
i-01a4e4eefbde73c61 69.79806818771958
i-0a5adf680f5bb4eaa 94.77568202482297
i-0bd624db38e4183ee 94.32670028098086

us-east-2
i-0dd1fa1289fe1f376 79.27830316095897
i-0ee260c361ad04405 94.9739356054871
i-0c8316227437603f7 84.97874858986181
i-0ffa49dfd5b8e5c19 95.66339150497879

us-west-1
i-022ebabda90e1cee1 74.04457405724942
i-0ae1229098de658cc 89.8630143798112
i-0bde9b44bf1101596 62.82577328240645
i-0eac00ff4bd007870 56.290389753153455

us-west-2
i-05bc9b5f80030ed41 90.93811573227892
i-083228c5fa785536e 47.812329368524
i-0eff8442240879606 51.60765049163212
i-05f3bf606a6e4e45f 91.24127151986329

ap-south-1
i-0e3a267e44ba15830 65.45209303951353
i-097c1721f223aeaa5 72.17793206020626
i-0708a5687a296eba6 56.55099504458756
i-08db1c69208a3f2b6 54.859835680097774

ca-central-1
i-0ac130267f8ff4f66 68.20613159861131
i-05d4c529d117e2f93 93.06205596387485
i-0f89670129b7609c8 64.81867091517555
i-06416bbc9306dc5ac 60.596414435609546

eu-north-1
i-0079e408f79fd4c56 95.62834824138758
i-0d47bd911a7d5fee1 45.121
i-08718a107dca49c13 43.415023733878094
i-05aaa0655903bca4f 59.80506513473838

eu-west-2
i-053374accb0abe7ad 86.47652363620858
i-02335d1bde4184d1e 70.0924077674345
i-01f535cd1e05c1512 90.21591483505654
i-0a765e3fa49abe478 79.71580560022348

ap-northeast-3
i-0e754c3b4beb5a495 92.64363945460521
i-05409f4a54c89a936 77.846581460666
i-02c760ad0f35fc71f 99.87374074074074
i-0a9e0d621052157ad 93.99837731037145

ap-northeast-2
i-07772f252618ef628 74.4479999585996
i-0258f115b0e588f51 65.22896057162194
i-033a2c5ef40029113 94.37804796752384
i-0dbf1915971198141 73.04456367214432

ap-northeast-1
i-0760f61f29b3c715d 51.344970749443824
i-00db2b1c2aa2c150b 90.00982489938082
i-04f08b6ebd552408a 91.60899999349455
i-021d655fc69349cc5 72.0697900487986

ap-southeast-2
i-09ef71e7585a2afd6 54.78407142857142
i-0de5668513f0ec84e 21.481161600991353
i-09696fb75df18e3a8 90.45680959964193
i-0bbfe07dd7d4aa246 45.9907217423092

ap-southeast-1
i-0931fded83943df52 69.66088793835037
i-0876096aa882b6838 70.73575805994399
i-05aec8b568d985399 57.7507247897467
i-08ef3efaaf3133daa 78.48001683917141

eu-central-1
i-0377fba98823562b0 88.23265340297729
i-0f6a02183433f4c04 53.472407344485184
i-00495489ea0501716 89.52422143905927
i-074be939692b4a67c 57.25100748590287

eu-west-1
i-01153a53c7f87e9cb 55.27090542345971
i-0b4fd1bb142845bda 51.538443168135075
i-0900a829e7846b208 91.65480482176751
i-0c0bafbc4edf4a0a1 84.31027641423525

eu-west-3
i-028a1c2778b1b21ce 84.6124825729591
i-0739d657db8d90a66 47.40943843733752
i-020400d5753c15c45 95.25318961218859
i-045fe052adcbe9f20 95.94420032108549

sa-east-1
i-041e0bb9006351233 62.77934994450547
i-05dc7ff52e09006b3 86.28316161330285
i-08f19350d59604934 82.72694849198213
i-06fbe7085458fd69b 93.63082617453394

('2024-07-23 00:27:08', 'maolinml3')
us-east-1
i-0b002b4020f3d8995 97.3265739943925
i-0ed1fc42051f7f922 95.84068616993221
i-035b2ec570182821f 54.51031279597111

us-east-2
i-07eed7c3c36439cdb 79.09175042628034
i-0409c223eaf715137 80.03060066988301
i-0ce2178e60ae9e6a4 82.44939892578294

us-west-1
i-030f59cfeb61a36cb 88.60841145826753
i-0b46ad7aee6a55fd6 63.892912698412694
i-06927d0e8349dfc91 95.8537021274379

us-west-2
i-00e26622cba0f425a 80.70122158772465
i-026575918252617d8 62.06431072039003
i-0733b51954c0ac93e 87.32401059659993

ap-south-1
i-0f26936abda544eac 90.38768392311488
i-0e431032c3b7f9cce 94.58949785804775
i-0ceab366f62ac59d5 86.58759884164208

ca-central-1
i-0f2b7afb385a2ac7f 95.83401042451761
i-07b8c0224614396ee 87.37726567832733
i-08e2f93aced45231c 84.87365512668354

eu-north-1
i-0baeb1a0dc12c7285 91.14872795203583
i-04cd05bd1d3d7ec24 95.00054984903112
i-0d119119a8707120f 51.19836358475508

eu-west-2
i-0089c659b39ab2e2b 73.63305240299908
i-0936720441ad45342 61.902036426028225
i-0a939e185223abb96 7.759566054759458

ap-northeast-3
i-03a11c462f4e70749 97.20537460203052
i-004b8280e71b65879 96.0231112046849
i-067ba08bd2ba11a1f 65.24098679650942

ap-northeast-2
i-067e2a8dca2bed69b 57.57799607090209
i-060cd10060872f688 94.74476482058465
i-06485e9ae3dbea465 76.01803160291429

ap-northeast-1
i-0f0f08630b913ea0c 64.53721431099645
i-0a772a14f25c908ee 86.63487940339604
i-0ebf58fc377de0ce3 86.8972371030924

ap-southeast-2
i-0695a8fb4eaf601f2 62.51073311206269
i-0ea1e9c023c3a0d1c 93.35655524090858
i-05c4ae29c9b04bf49 61.699822388177786

ap-southeast-1
i-048c229d1f45521a3 92.09932400275609
i-0d8f4d48cc5d23528 73.48758070809517
i-090032e008cf23f82 93.61160411534574

eu-central-1
i-0e540a78d36bc079d 53.88047632172002
i-0ba84386e0693e108 96.62106837636297
i-0fde5ba140592fdc3 61.585350018148155

eu-west-1
i-017a4ca6744d19611 62.293944444444456
i-0428848afd359fc68 59.81844462094781
i-022e196f74cfecb43 59.05552266189306

eu-west-3
i-0f47d090fdc2fa256 49.046072319329205
i-0027c6446500a06b7 85.11885780188382
i-0f30daf19cc31fa13 92.36571556289192

sa-east-1
i-001320548ae4ca4eb 63.81659722222222
i-026dd7ea64229cf84 64.56509303200409
i-0afca18bc4874728e 86.9688308689935

('2024-07-23 01:28:03', 'maolinml')
us-east-1
i-0ad11e1f6d98e9902 61.431294606831386
i-014e8293a775d9ac7 71.29257518129026
i-0fcce12d0568536de 0.3410694463089197 shut down
i-018f011c33e6187bc 52.75499815686552

us-east-2
i-010c8ec26afebbf93 81.72738263162903
i-08687bdf8321a99fc 57.03250945441322
i-0097606651b7d8ab8 53.594472222222215
i-0465fdfca50c222e5 52.999150661151

us-west-1
i-019e4eed72e746727 53.99422006383349
i-0924071f071d0016b 45.90025555777774
i-0d5a2bde2739f832b 63.21098332698541
i-09bf42f2714e9e8a7 71.45901891593996

us-west-2
i-00f3a382e42bd929c 60.52830146553266
i-04469e1993b692134 76.14316281659804
i-0e204f966ed011d92 60.77631699228402
i-0e1883133bb7325e1 53.20932539682539

ap-south-1
i-0566d887b14155827 51.78874884716362
i-088bf7be32e157cc1 0.485968253968254 shut down
i-0a5345d5e9d6c835d 78.44266774215954
i-05713b8d1bebc1964 91.79165779471337

ca-central-1
i-02dc41ce25f8a3730 70.87843718683764
i-0c482d1323375071a 59.70317925968644
i-034150f174e9fc8d5 53.56664999935885
i-037cf631f0d50fcf1 63.08406664940849

eu-north-1
i-0552eca1de0bf8f38 96.20285846641825
i-0b02802b7c1bf2d25 59.720511387670136
i-0e2c8f5c6002dbe47 58.82474303194933

eu-west-2
i-020066437c6f79758 96.12806252905511
i-0f838b8fcd0168a56 95.4677694869204
i-0dcadf36521bc1d6a 59.68395069428678
i-08342f95a4d7d299f 88.48850655370664

ap-northeast-3
i-0e8d1b1fdb3d60229 83.58148148148149
i-0d746802c02c75d98 75.17777777777776
i-08e35489e3ff286c1 78.28888888888889
i-0b975ac24c327f81f 64.17572156241583

ap-northeast-2
i-0c20230753526be37 73.18344311547689
i-0228c9db1c0fdcff3 56.258456224579625
i-0a9a64bab10af09cd 86.93441964898432
i-05ff13c04dba66ec9 51.880161456101376

ap-northeast-1
i-099ca419a0fd2492b 95.78256591509863
i-0dc6e0fbbd8100c73 67.29572120461567
i-0d7d03e7589542514 93.20583163299663
i-0d5ec7978d4c680d8 95.65698590512527

ap-southeast-2
i-08d159872774fb182 80.74123582170564
i-00d1d681b55575c9c 58.253214300637666
i-005ca067c889e7cc7 91.16012139233577
i-0ae2ed8212124d6d4 68.84164432274946

ap-southeast-1
i-0374fba9a68307f70 96.18062499446579
i-008a995ef975c32a0 0.4998209866357854 shut down
i-0d9da6e6c4978f142 65.14594231451986
i-0175d795572930770 56.89385293394167

eu-central-1
i-097db7ac96aeba24e 71.94733214960542
i-0d21d696eb2c9dd29 85.50694005453289
i-0ba58096fda422e47 73.11526709984865
i-0164d68dfb7a95337 63.46952637009283

eu-west-1
i-0232b4b0feeb0d999 62.26073823181971
i-0b51c3ea64f86c4ed 55.33918295137543
i-0e67fcd2040620cca 93.07155320908252
i-043d333b91ff7eac1 9.441312106083368

eu-west-3
i-0a413f9f847fe63e2 90.77091415718478
i-0c1021087fbe54b56 75.81060049925968
i-0c626b50d0f9701f3 79.60381924985813
i-02cb21fae55567f2a 91.52786194147568

sa-east-1
i-07cb5fde32d8c0879 77.24303866445722
i-0f33b4a4539b8b0fd 72.18560697286871
i-03622ca5de3332d1c 61.946951271847155
i-0cbbb9dbb07ec424a 78.77271262900696

('2024-07-23 01:29:41', 'maolinml2')
us-east-1
i-05c9d6a147272d7e5 93.7356197821946
i-01a4e4eefbde73c61 56.960703362491905
i-0a5adf680f5bb4eaa 75.26326801790258
i-0bd624db38e4183ee 97.56096297221995

us-east-2
i-0dd1fa1289fe1f376 95.62460798470795
i-0ee260c361ad04405 58.47317110133926
i-0c8316227437603f7 90.40151443554727
i-0ffa49dfd5b8e5c19 72.62437611031778

us-west-1
i-022ebabda90e1cee1 81.74494580952347
i-0ae1229098de658cc 53.08920821916374
i-0bde9b44bf1101596 58.92587447808478
i-0eac00ff4bd007870 54.24675335267785

us-west-2
i-05bc9b5f80030ed41 40.42163614795743
i-083228c5fa785536e 85.23225689320289
i-0eff8442240879606 45.63764114338733
i-05f3bf606a6e4e45f 67.31285638213335

ap-south-1
i-0e3a267e44ba15830 90.88710180341486
i-097c1721f223aeaa5 89.59048851605337
i-0708a5687a296eba6 96.33967315803825
i-08db1c69208a3f2b6 89.88673380891572

ca-central-1
i-0ac130267f8ff4f66 85.99780239942038
i-05d4c529d117e2f93 58.678271113006815
i-0f89670129b7609c8 59.772776883623685
i-06416bbc9306dc5ac 95.99904416461469

eu-north-1
i-0079e408f79fd4c56 67.68649354167752
i-0d47bd911a7d5fee1 52.36248765432098
i-08718a107dca49c13 50.60085436170789
i-05aaa0655903bca4f 55.54447373703994

eu-west-2
i-053374accb0abe7ad 93.66540996155942
i-02335d1bde4184d1e 64.05492798515101
i-01f535cd1e05c1512 91.18600506245967
i-0a765e3fa49abe478 57.23343631010235

ap-northeast-3
i-0e754c3b4beb5a495 92.79507207471995
i-05409f4a54c89a936 69.43844645404558
i-02c760ad0f35fc71f 96.04156257653422
i-0a9e0d621052157ad 84.32785040409702

ap-northeast-2
i-07772f252618ef628 86.61223376195433
i-0258f115b0e588f51 72.20810076123276
i-033a2c5ef40029113 58.78578360298263
i-0dbf1915971198141 59.46574125070067

ap-northeast-1
i-0760f61f29b3c715d 56.59555572744491
i-00db2b1c2aa2c150b 54.07063133083569
i-04f08b6ebd552408a 50.97755805117172
i-021d655fc69349cc5 95.37222324182817

ap-southeast-2
i-09ef71e7585a2afd6 78.52944516934605
i-0de5668513f0ec84e 0.49613580145053154 shut down
i-09696fb75df18e3a8 91.20939666434947
i-0bbfe07dd7d4aa246 51.24130957274108

ap-southeast-1
i-0931fded83943df52 66.72048760962731
i-0876096aa882b6838 69.97655027636189
i-05aec8b568d985399 96.55992247437625
i-08ef3efaaf3133daa 57.18407756467396

eu-central-1
i-0377fba98823562b0 71.08621193067017
i-0f6a02183433f4c04 91.2865782486371
i-00495489ea0501716 91.34666299095727
i-074be939692b4a67c 84.41636109462307

eu-west-1
i-01153a53c7f87e9cb 89.83416890074233
i-0b4fd1bb142845bda 86.40706514613919
i-0900a829e7846b208 56.87539055502237
i-0c0bafbc4edf4a0a1 75.0031707768215

eu-west-3
i-028a1c2778b1b21ce 94.7892033812271
i-0739d657db8d90a66 56.001822949908416
i-020400d5753c15c45 60.909022483269744
i-045fe052adcbe9f20 72.3418881015887

sa-east-1
i-041e0bb9006351233 83.57512841718214
i-05dc7ff52e09006b3 57.5256861800006
i-08f19350d59604934 87.82520595833188
i-06fbe7085458fd69b 60.67195794009393

('2024-07-23 01:30:59', 'maolinml3')
us-east-1
i-0b002b4020f3d8995 59.589829590448744
i-0ed1fc42051f7f922 95.66862180612048
i-035b2ec570182821f 90.54916554706968

us-east-2
i-07eed7c3c36439cdb 59.71013620651936
i-0409c223eaf715137 91.43794643931103
i-0ce2178e60ae9e6a4 75.84372879636196

us-west-1
i-030f59cfeb61a36cb 64.80023058486631
i-0b46ad7aee6a55fd6 56.33063717661213
i-06927d0e8349dfc91 80.3548942131223

us-west-2
i-00e26622cba0f425a 76.3405560191495
i-026575918252617d8 92.45185452072691
i-0733b51954c0ac93e 0.007407407407407367 shut down

ap-south-1
i-0f26936abda544eac 60.170840651231636
i-0e431032c3b7f9cce 88.04354917975344
i-0ceab366f62ac59d5 0.34216666666666673 shut down

ca-central-1
i-0f2b7afb385a2ac7f 88.81954109316035
i-07b8c0224614396ee 86.68998471799615
i-08e2f93aced45231c 62.76628126578146

eu-north-1
i-0baeb1a0dc12c7285 0.492629892358534 shut down
i-04cd05bd1d3d7ec24 56.60306505473952
i-0d119119a8707120f 57.581799579166194

eu-west-2
i-0089c659b39ab2e2b 87.00766782084965
i-0936720441ad45342 64.3537813848569
i-0a939e185223abb96 0.34105567813483023 shut down

ap-northeast-3
i-03a11c462f4e70749 72.1617619249882
i-004b8280e71b65879 85.13957336860942
i-067ba08bd2ba11a1f 65.10961111111111

ap-northeast-2
i-067e2a8dca2bed69b 75.60590700912144
i-060cd10060872f688 56.081351119378134
i-06485e9ae3dbea465 64.8751169855466

ap-northeast-1
i-0f0f08630b913ea0c 57.68154701612931
i-0a772a14f25c908ee 59.619267241922024
i-0ebf58fc377de0ce3 70.50842178913791

ap-southeast-2
i-0695a8fb4eaf601f2 56.74514276421937
i-0ea1e9c023c3a0d1c 62.981578084576704
i-05c4ae29c9b04bf49 58.715675874011175

ap-southeast-1
i-048c229d1f45521a3 62.32201328221608
i-0d8f4d48cc5d23528 84.19200075873704
i-090032e008cf23f82 62.98271445945127

eu-central-1
i-0e540a78d36bc079d 91.13514778214433
i-0ba84386e0693e108 97.34881931438285
i-0fde5ba140592fdc3 94.80827250231611

eu-west-1
i-017a4ca6744d19611 92.35530105972533
i-0428848afd359fc68 70.7408042078026
i-022e196f74cfecb43 95.25972522042149

eu-west-3
i-0f47d090fdc2fa256 56.35172693058909
i-0027c6446500a06b7 62.37735146220937
i-0f30daf19cc31fa13 68.26113877854424

sa-east-1
i-001320548ae4ca4eb 56.77315873015872
i-026dd7ea64229cf84 54.80118325579727
i-0afca18bc4874728e 40.339167912017224

('2024-07-23 02:32:31', 'maolinml')
us-east-1
i-0ad11e1f6d98e9902 95.24283229036116
i-014e8293a775d9ac7 96.65595005155518
i-018f011c33e6187bc 79.59407028545981

us-east-2
i-010c8ec26afebbf93 55.232820584716656
i-08687bdf8321a99fc 90.45216304369636
i-0097606651b7d8ab8 89.57819208914394
i-0465fdfca50c222e5 58.86158036768146

us-west-1
i-019e4eed72e746727 80.80604910805751
i-0924071f071d0016b 86.56307913817564
i-0d5a2bde2739f832b 95.6286024624578
i-09bf42f2714e9e8a7 82.07165633774186

us-west-2
i-00f3a382e42bd929c 96.82575927659595
i-04469e1993b692134 96.27542475318313
i-0e204f966ed011d92 96.99695402903417
i-0e1883133bb7325e1 57.16917475763065

ap-south-1
i-0566d887b14155827 85.69673293953606
i-0a5345d5e9d6c835d 57.02754811872819
i-05713b8d1bebc1964 62.93888018395315

ca-central-1
i-02dc41ce25f8a3730 63.23715280596944
i-0c482d1323375071a 83.543239769722
i-034150f174e9fc8d5 58.3292564676862
i-037cf631f0d50fcf1 55.944090607924444

eu-north-1
i-0552eca1de0bf8f38 62.43343802373558
i-0b02802b7c1bf2d25 97.23494568220347
i-0e2c8f5c6002dbe47 54.730024668396574

eu-west-2
i-020066437c6f79758 74.29890641390084
i-0f838b8fcd0168a56 56.39479486131239
i-0dcadf36521bc1d6a 94.99312285593857
i-08342f95a4d7d299f 47.0664547336231

ap-northeast-3
i-0e8d1b1fdb3d60229 82.72500000000001
i-0d746802c02c75d98 87.89166666666667
i-08e35489e3ff286c1 90.20833333333333
i-0b975ac24c327f81f 97.17731885110344

ap-northeast-2
i-0c20230753526be37 78.53326669392516
i-0228c9db1c0fdcff3 58.18023164105856
i-0a9a64bab10af09cd 57.270223187598695
i-05ff13c04dba66ec9 85.73261183352133

ap-northeast-1
i-099ca419a0fd2492b 61.25347779707307
i-0dc6e0fbbd8100c73 94.43270131734486
i-0d7d03e7589542514 11.529549860465764
i-0d5ec7978d4c680d8 55.45104702949615

ap-southeast-2
i-08d159872774fb182 69.07969778993053
i-00d1d681b55575c9c 95.31786985414173
i-005ca067c889e7cc7 52.62167820153033
i-0ae2ed8212124d6d4 58.66247471056542

ap-southeast-1
i-0374fba9a68307f70 86.99140428008548
i-0d9da6e6c4978f142 96.3526545483556
i-0175d795572930770 62.443362478377445

eu-central-1
i-097db7ac96aeba24e 69.61022923751051
i-0d21d696eb2c9dd29 60.19653503531598
i-0ba58096fda422e47 94.24810965800062
i-0164d68dfb7a95337 66.30896244940948

eu-west-1
i-0232b4b0feeb0d999 55.57825199107154
i-0b51c3ea64f86c4ed 57.75295990885045
i-0e67fcd2040620cca 54.598483588226635
i-043d333b91ff7eac1 0.5010280576737077 shut down

eu-west-3
i-0a413f9f847fe63e2 0.4957502759305248 shut down
i-0c1021087fbe54b56 89.27661195013066
i-0c626b50d0f9701f3 76.49782360391934
i-02cb21fae55567f2a 58.81478345241529

sa-east-1
i-07cb5fde32d8c0879 92.33046397512344
i-0f33b4a4539b8b0fd 84.47446329227846
i-03622ca5de3332d1c 90.97566892150427
i-0cbbb9dbb07ec424a 62.64830896073451

('2024-07-23 02:33:48', 'maolinml2')
us-east-1
i-05c9d6a147272d7e5 60.776467834086304
i-01a4e4eefbde73c61 48.39274612325594
i-0a5adf680f5bb4eaa 71.58001056179235
i-0bd624db38e4183ee 76.94637016736029

us-east-2
i-0dd1fa1289fe1f376 95.48597430965812
i-0ee260c361ad04405 95.70176020539816
i-0c8316227437603f7 92.37077497457243
i-0ffa49dfd5b8e5c19 92.26855612800951

us-west-1
i-022ebabda90e1cee1 59.74404493107349
i-0ae1229098de658cc 57.89097323180491
i-0bde9b44bf1101596 56.031664267974385
i-0eac00ff4bd007870 86.57264613814891

us-west-2
i-05bc9b5f80030ed41 0.49330444016851893 shut down
i-083228c5fa785536e 90.34500288127181
i-0eff8442240879606 85.34075693749286
i-05f3bf606a6e4e45f 62.792698375171746

ap-south-1
i-0e3a267e44ba15830 91.1431531273472
i-097c1721f223aeaa5 94.6213810269477
i-0708a5687a296eba6 92.2205738640608
i-08db1c69208a3f2b6 50.324990462280105

ca-central-1
i-0ac130267f8ff4f66 90.69905549683791
i-05d4c529d117e2f93 95.18186446276123
i-0f89670129b7609c8 58.14354689418076
i-06416bbc9306dc5ac 72.06227582207644

eu-north-1
i-0079e408f79fd4c56 96.68825010104344
i-0d47bd911a7d5fee1 93.52203315062081
i-08718a107dca49c13 93.25962955686714
i-05aaa0655903bca4f 91.31838983124818

eu-west-2
i-053374accb0abe7ad 0.4887777759349691 shut down
i-02335d1bde4184d1e 87.4070651716744
i-01f535cd1e05c1512 55.38291521456697
i-0a765e3fa49abe478 61.643802512671414

ap-northeast-3
i-0e754c3b4beb5a495 75.28453560203353
i-05409f4a54c89a936 99.86377160493828
i-02c760ad0f35fc71f 80.20001897314057
i-0a9e0d621052157ad 71.95685802469137

ap-northeast-2
i-07772f252618ef628 90.73463210787808
i-0258f115b0e588f51 0.4957777777777778 shut down
i-033a2c5ef40029113 93.72720298286481
i-0dbf1915971198141 57.64281580081993

ap-northeast-1
i-0760f61f29b3c715d 74.018660547231
i-00db2b1c2aa2c150b 59.775762103105286
i-04f08b6ebd552408a 57.224059761752024
i-021d655fc69349cc5 54.035901969340664

ap-southeast-2
i-09ef71e7585a2afd6 55.986499999999985
i-09696fb75df18e3a8 0.5012530864197531 shut down
i-0bbfe07dd7d4aa246 94.1715984020866

ap-southeast-1
i-0931fded83943df52 74.54519274115091
i-0876096aa882b6838 85.73945507162837
i-05aec8b568d985399 61.90186833637538
i-08ef3efaaf3133daa 62.23036888666391

eu-central-1
i-0377fba98823562b0 63.43896065297647
i-0f6a02183433f4c04 91.33174430423678
i-00495489ea0501716 55.922672780505195
i-074be939692b4a67c 91.2932380691774

eu-west-1
i-01153a53c7f87e9cb 52.977942000111774
i-0b4fd1bb142845bda 91.29988034461383
i-0900a829e7846b208 57.94951749247938
i-0c0bafbc4edf4a0a1 56.983343542035755

eu-west-3
i-028a1c2778b1b21ce 58.5180672163267
i-0739d657db8d90a66 51.73011564703592
i-020400d5753c15c45 96.56079176389431
i-045fe052adcbe9f20 95.75389945998417

sa-east-1
i-041e0bb9006351233 66.15624765528592
i-05dc7ff52e09006b3 61.691427345567114
i-08f19350d59604934 67.12974260598781
i-06fbe7085458fd69b 64.56705342831252

('2024-07-23 02:35:26', 'maolinml3')
us-east-1
i-0b002b4020f3d8995 55.482550066401075
i-0ed1fc42051f7f922 71.01633373773156
i-035b2ec570182821f 91.02831102540564

us-east-2
i-07eed7c3c36439cdb 61.8823314645939
i-0409c223eaf715137 60.69394360669602
i-0ce2178e60ae9e6a4 74.22145954744217

us-west-1
i-030f59cfeb61a36cb 64.1072187640321
i-0b46ad7aee6a55fd6 88.34144110670074
i-06927d0e8349dfc91 69.44136068380341

us-west-2
i-00e26622cba0f425a 68.42638132369332
i-026575918252617d8 62.88738947801579

ap-south-1
i-0f26936abda544eac 91.71986650284067
i-0e431032c3b7f9cce 87.97356317925578

ca-central-1
i-0f2b7afb385a2ac7f 87.98625167583998
i-07b8c0224614396ee 0.34055555559336415 shut down
i-08e2f93aced45231c 57.5341605265696

eu-north-1
i-04cd05bd1d3d7ec24 96.55648113174924
i-0d119119a8707120f 81.62165123191794

eu-west-2
i-0089c659b39ab2e2b 66.7283412448504
i-0936720441ad45342 55.68403467830965

ap-northeast-3
i-03a11c462f4e70749 99.87738888888889
i-004b8280e71b65879 96.18106566428257
i-067ba08bd2ba11a1f 99.85722222222223

ap-northeast-2
i-067e2a8dca2bed69b 87.14275357171958
i-060cd10060872f688 93.29813189673548
i-06485e9ae3dbea465 91.79561113702357

ap-northeast-1
i-0f0f08630b913ea0c 81.45191983757252
i-0a772a14f25c908ee 57.82169264699439
i-0ebf58fc377de0ce3 63.07127777777779

ap-southeast-2
i-0695a8fb4eaf601f2 80.95594198974078
i-0ea1e9c023c3a0d1c 90.51170463347142
i-05c4ae29c9b04bf49 89.56501463259367

ap-southeast-1
i-048c229d1f45521a3 93.8995982052647
i-0d8f4d48cc5d23528 66.41883676558831
i-090032e008cf23f82 91.54725903881486

eu-central-1
i-0e540a78d36bc079d 66.49347617239187
i-0ba84386e0693e108 77.26707060021799
i-0fde5ba140592fdc3 65.9676656104484

eu-west-1
i-017a4ca6744d19611 57.353907407407405
i-0428848afd359fc68 84.4341583319643
i-022e196f74cfecb43 61.25928598233171

eu-west-3
i-0f47d090fdc2fa256 91.84813999547373
i-0027c6446500a06b7 94.73358384955084
i-0f30daf19cc31fa13 85.33913146463279

sa-east-1
i-001320548ae4ca4eb 76.91173373155304
i-026dd7ea64229cf84 80.39425857721561
i-0afca18bc4874728e 0.3391669795941276 shut down

('2024-07-23 03:36:35', 'maolinml')
us-east-1
i-0ad11e1f6d98e9902 60.78477777777778
i-014e8293a775d9ac7 57.59242592592593
i-018f011c33e6187bc 53.59847907841137

us-east-2
i-010c8ec26afebbf93 0.2446296296296296 shut down
i-08687bdf8321a99fc 78.50910070203726
i-0097606651b7d8ab8 96.74902300448555
i-0465fdfca50c222e5 90.59090863918613

us-west-1
i-019e4eed72e746727 56.54495323412846
i-0924071f071d0016b 91.36371251250817
i-0d5a2bde2739f832b 56.18477918246196
i-09bf42f2714e9e8a7 59.940681716351094

us-west-2
i-00f3a382e42bd929c 61.79752625681368
i-04469e1993b692134 92.54422784510466
i-0e204f966ed011d92 57.00061281790695
i-0e1883133bb7325e1 90.2335926647961

ap-south-1
i-0566d887b14155827 91.0549713555577
i-0a5345d5e9d6c835d 95.67166808032972
i-05713b8d1bebc1964 92.74238584985899

ca-central-1
i-02dc41ce25f8a3730 90.1396834385851
i-0c482d1323375071a 89.6133966104922
i-034150f174e9fc8d5 93.12004107089763
i-037cf631f0d50fcf1 81.54877332932564

eu-north-1
i-0552eca1de0bf8f38 94.76222652130485
i-0b02802b7c1bf2d25 58.0813957298784
i-0e2c8f5c6002dbe47 89.50194720883952

eu-west-2
i-020066437c6f79758 54.62932197758918
i-0f838b8fcd0168a56 95.62811379644698
i-0dcadf36521bc1d6a 55.70303597224862
i-08342f95a4d7d299f 50.482439918783875

ap-northeast-3
i-0e8d1b1fdb3d60229 55.1
i-0d746802c02c75d98 79.75714285714285
i-08e35489e3ff286c1 60.27142857142858
i-0b975ac24c327f81f 61.265142857142855

ap-northeast-2
i-0c20230753526be37 56.2910829324664
i-0228c9db1c0fdcff3 93.95049583326687
i-0a9a64bab10af09cd 95.99135971402019
i-05ff13c04dba66ec9 52.69678544346554

ap-northeast-1
i-099ca419a0fd2492b 97.52601979323514
i-0dc6e0fbbd8100c73 57.40362241881263
i-0d7d03e7589542514 0.4944288473774295 shut down
i-0d5ec7978d4c680d8 93.50261063467565

ap-southeast-2
i-08d159872774fb182 84.40044315317037
i-00d1d681b55575c9c 48.644849707645115
i-005ca067c889e7cc7 53.9811610991623
i-0ae2ed8212124d6d4 52.28064475968563

ap-southeast-1
i-0374fba9a68307f70 84.30499280276739
i-0d9da6e6c4978f142 74.94158576681559
i-0175d795572930770 93.30544417698859

eu-central-1
i-097db7ac96aeba24e 96.74255302653343
i-0d21d696eb2c9dd29 55.35322487707436
i-0ba58096fda422e47 56.04447349599639
i-0164d68dfb7a95337 94.82959041875937

eu-west-1
i-0232b4b0feeb0d999 80.07987240593663
i-0b51c3ea64f86c4ed 92.80829718731054
i-0e67fcd2040620cca 50.921141030563255

eu-west-3
i-0c1021087fbe54b56 91.98497092131879
i-0c626b50d0f9701f3 94.26148721473027
i-02cb21fae55567f2a 57.55629406434276

sa-east-1
i-07cb5fde32d8c0879 62.510674469920865
i-0f33b4a4539b8b0fd 63.565546348741314
i-03622ca5de3332d1c 58.24847245663747
i-0cbbb9dbb07ec424a 57.9463312955065

('2024-07-23 03:37:47', 'maolinml2')
us-east-1
i-05c9d6a147272d7e5 96.29833013752118
i-01a4e4eefbde73c61 86.0202172982196
i-0a5adf680f5bb4eaa 94.71472511048724
i-0bd624db38e4183ee 96.878121106528

us-east-2
i-0dd1fa1289fe1f376 96.09470490284833
i-0ee260c361ad04405 57.218519636917485
i-0c8316227437603f7 3.2154031121418147 shut down
i-0ffa49dfd5b8e5c19 94.62034936509339

us-west-1
i-022ebabda90e1cee1 60.77201382961213
i-0ae1229098de658cc 94.35634378219395
i-0bde9b44bf1101596 90.09683116843331
i-0eac00ff4bd007870 72.3376870508483

us-west-2
i-083228c5fa785536e 91.25397435469488
i-0eff8442240879606 59.68391166067588
i-05f3bf606a6e4e45f 94.35370162846384

ap-south-1
i-0e3a267e44ba15830 55.94095870875884
i-097c1721f223aeaa5 53.998745113215584
i-0708a5687a296eba6 55.377335614505505
i-08db1c69208a3f2b6 56.85282246231183

ca-central-1
i-0ac130267f8ff4f66 0.4979285714285715 shut down
i-05d4c529d117e2f93 58.260222739427114
i-0f89670129b7609c8 93.023140083565
i-06416bbc9306dc5ac 63.685253960178386

eu-north-1
i-0079e408f79fd4c56 54.19057228234973
i-0d47bd911a7d5fee1 43.9588253968254
i-08718a107dca49c13 90.80935023187618
i-05aaa0655903bca4f 55.21570221865051

eu-west-2
i-02335d1bde4184d1e 91.59275061377228
i-01f535cd1e05c1512 52.839002876274584
i-0a765e3fa49abe478 99.71143650793651

ap-northeast-3
i-0e754c3b4beb5a495 99.87708331017798
i-05409f4a54c89a936 0.6188475690760341 shut down
i-02c760ad0f35fc71f 96.707771586332
i-0a9e0d621052157ad 73.58640039304987

ap-northeast-2
i-07772f252618ef628 56.197396027581284
i-033a2c5ef40029113 56.133675999995525
i-0dbf1915971198141 93.46265974490173

ap-northeast-1
i-0760f61f29b3c715d 74.1335603125666
i-00db2b1c2aa2c150b 75.80806395313682
i-04f08b6ebd552408a 70.58349662903493
i-021d655fc69349cc5 94.81406656563608

ap-southeast-2
i-09ef71e7585a2afd6 63.13431182849286
i-0bbfe07dd7d4aa246 91.01002830421383

ap-southeast-1
i-0931fded83943df52 0.4995000000092593 shut down
i-0876096aa882b6838 88.70020317436831
i-05aec8b568d985399 91.15545071932331
i-08ef3efaaf3133daa 96.25395256722572

eu-central-1
i-0377fba98823562b0 54.910226763299335
i-0f6a02183433f4c04 53.5213721643678
i-00495489ea0501716 58.47515996659345
i-074be939692b4a67c 52.670657720275294

eu-west-1
i-01153a53c7f87e9cb 61.83190079213409
i-0b4fd1bb142845bda 43.98745137916459
i-0900a829e7846b208 95.93827997873889
i-0c0bafbc4edf4a0a1 49.34112806873739

eu-west-3
i-028a1c2778b1b21ce 94.82314365564156
i-0739d657db8d90a66 80.84932576952069
i-020400d5753c15c45 58.72309201434277
i-045fe052adcbe9f20 84.48306959196555

sa-east-1
i-041e0bb9006351233 64.42778760969895
i-05dc7ff52e09006b3 96.38989438023255
i-08f19350d59604934 0.33790277664694823 shut down
i-06fbe7085458fd69b 60.49921519785776

('2024-07-23 03:39:29', 'maolinml3')
us-east-1
i-0b002b4020f3d8995 90.68355543827494
i-0ed1fc42051f7f922 86.69287047060938
i-035b2ec570182821f 36.58230582780022

us-east-2
i-07eed7c3c36439cdb 96.3417113540499
i-0409c223eaf715137 92.24634360657372
i-0ce2178e60ae9e6a4 77.59865601760015

us-west-1
i-030f59cfeb61a36cb 54.3886398677536
i-0b46ad7aee6a55fd6 86.8774711513331
i-06927d0e8349dfc91 90.52590155768702

us-west-2
i-00e26622cba0f425a 78.84573970251681
i-026575918252617d8 91.27716517710842

ap-south-1
i-0f26936abda544eac 59.09284443082793
i-0e431032c3b7f9cce 3.005987654327983 shut down

ca-central-1
i-0f2b7afb385a2ac7f 0.3387841395552984 shut down
i-08e2f93aced45231c 85.78852042961834

eu-north-1
i-04cd05bd1d3d7ec24 66.70812931557636
i-0d119119a8707120f 88.76581097138451

eu-west-2
i-0089c659b39ab2e2b 84.1850408854271
i-0936720441ad45342 83.18072175408032

ap-northeast-3
i-03a11c462f4e70749 80.93210916256716
i-004b8280e71b65879 77.72767015973149
i-067ba08bd2ba11a1f 80.25247950310482

ap-northeast-2
i-067e2a8dca2bed69b 48.374856563518144
i-060cd10060872f688 56.02928230417118
i-06485e9ae3dbea465 53.65618140479187

ap-northeast-1
i-0f0f08630b913ea0c 61.82654027607318
i-0a772a14f25c908ee 91.86077312163502
i-0ebf58fc377de0ce3 56.08677777777779

ap-southeast-2
i-0695a8fb4eaf601f2 62.077973487277255
i-0ea1e9c023c3a0d1c 61.010004812815744
i-05c4ae29c9b04bf49 87.57287330816462

ap-southeast-1
i-048c229d1f45521a3 60.96372085385482
i-0d8f4d48cc5d23528 86.82244563434466
i-090032e008cf23f82 62.09662792057534

eu-central-1
i-0e540a78d36bc079d 63.490460832845905
i-0ba84386e0693e108 96.9896283344334
i-0fde5ba140592fdc3 95.52319172264215

eu-west-1
i-017a4ca6744d19611 81.15425234284332
i-0428848afd359fc68 58.28567570760354
i-022e196f74cfecb43 91.70484770064648

eu-west-3
i-0f47d090fdc2fa256 91.51599219710067
i-0027c6446500a06b7 58.522097836108266
i-0f30daf19cc31fa13 84.72167931041675

sa-east-1
i-001320548ae4ca4eb 55.46594387406457
i-026dd7ea64229cf84 61.09527290487272

('2024-07-23 04:40:40', 'maolinml')
us-east-1
i-0ad11e1f6d98e9902 97.33161136078537
i-014e8293a775d9ac7 56.7936647520147
i-018f011c33e6187bc 64.3316094013342

us-east-2
i-08687bdf8321a99fc 63.69605720787761
i-0097606651b7d8ab8 27.469345216867012
i-0465fdfca50c222e5 51.94088850195768

us-west-1
i-019e4eed72e746727 62.75683189954941
i-0924071f071d0016b 0.49811111115722223 shut down
i-0d5a2bde2739f832b 94.97622585606534
i-09bf42f2714e9e8a7 83.32878069255946

us-west-2
i-00f3a382e42bd929c 97.15096121691177
i-04469e1993b692134 77.88576168021862
i-0e204f966ed011d92 97.23589078493173
i-0e1883133bb7325e1 53.982555555555564

ap-south-1
i-0566d887b14155827 0.4927774991698919 shut down
i-0a5345d5e9d6c835d 51.52513989479157
i-05713b8d1bebc1964 60.80823692792575

ca-central-1
i-02dc41ce25f8a3730 53.89758919190956
i-0c482d1323375071a 91.71634818229033
i-034150f174e9fc8d5 82.04253525950443
i-037cf631f0d50fcf1 57.141925090180905

eu-north-1
i-0552eca1de0bf8f38 97.20742685698328
i-0b02802b7c1bf2d25 95.82112480065359
i-0e2c8f5c6002dbe47 52.416080372108844

eu-west-2
i-020066437c6f79758 95.62318009609318
i-0f838b8fcd0168a56 53.173307137698366
i-0dcadf36521bc1d6a 92.08083328361256
i-08342f95a4d7d299f 91.24504112694228

ap-northeast-3
i-0e8d1b1fdb3d60229 64.97142857142858
i-0d746802c02c75d98 87.77142857142859
i-08e35489e3ff286c1 89.7
i-0b975ac24c327f81f 70.81150201889439

ap-northeast-2
i-0c20230753526be37 95.61821631593465
i-0228c9db1c0fdcff3 91.63802927961463
i-0a9a64bab10af09cd 56.89380145311128
i-05ff13c04dba66ec9 54.67437118227173

ap-northeast-1
i-099ca419a0fd2492b 56.17137037037037
i-0dc6e0fbbd8100c73 94.81567181518521
i-0d5ec7978d4c680d8 55.792429345046806

ap-southeast-2
i-08d159872774fb182 66.42692213117385
i-00d1d681b55575c9c 58.17952254857073
i-005ca067c889e7cc7 91.78723297933699
i-0ae2ed8212124d6d4 80.50177263705001

ap-southeast-1
i-0374fba9a68307f70 95.35579023674866
i-0d9da6e6c4978f142 87.27477943388794
i-0175d795572930770 58.69641309584505

eu-central-1
i-097db7ac96aeba24e 55.31217630733923
i-0d21d696eb2c9dd29 69.77465218450729
i-0ba58096fda422e47 96.03044358664071
i-0164d68dfb7a95337 61.4513345076251

eu-west-1
i-0232b4b0feeb0d999 57.84220343755097
i-0b51c3ea64f86c4ed 61.308748404280436
i-0e67fcd2040620cca 99.85875926573544

eu-west-3
i-0c1021087fbe54b56 56.40501669851401
i-0c626b50d0f9701f3 60.27726706549675
i-02cb21fae55567f2a 92.26789896748237

sa-east-1
i-07cb5fde32d8c0879 93.33937792791708
i-0f33b4a4539b8b0fd 95.88640304734582
i-03622ca5de3332d1c 79.13252790080179
i-0cbbb9dbb07ec424a 88.0768005605491

('2024-07-23 04:42:00', 'maolinml2')
us-east-1
i-05c9d6a147272d7e5 69.97532809572422
i-01a4e4eefbde73c61 55.6566049204846
i-0a5adf680f5bb4eaa 57.57011003066947
i-0bd624db38e4183ee 59.166124814334246

us-east-2
i-0dd1fa1289fe1f376 96.61511294077748
i-0ee260c361ad04405 95.00172654431206
i-0ffa49dfd5b8e5c19 57.733795730443994

us-west-1
i-022ebabda90e1cee1 94.31870371108185
i-0ae1229098de658cc 90.34289520736017
i-0bde9b44bf1101596 70.38986117215967
i-0eac00ff4bd007870 56.200037175104605

us-west-2
i-083228c5fa785536e 5.100347387853668
i-0eff8442240879606 51.94490854144495
i-05f3bf606a6e4e45f 65.59220871042585

ap-south-1
i-0e3a267e44ba15830 60.25717524762101
i-097c1721f223aeaa5 94.71519979254508
i-0708a5687a296eba6 55.08112235307931
i-08db1c69208a3f2b6 48.772950164984785

ca-central-1
i-05d4c529d117e2f93 95.19296468344845
i-0f89670129b7609c8 90.86008393236591
i-06416bbc9306dc5ac 55.2634639681278

eu-north-1
i-0079e408f79fd4c56 95.62358133538164
i-0d47bd911a7d5fee1 52.49022222222222
i-08718a107dca49c13 49.51472337871942
i-05aaa0655903bca4f 57.79913470993339

eu-west-2
i-02335d1bde4184d1e 91.95866989501046
i-01f535cd1e05c1512 81.57422580423149
i-0a765e3fa49abe478 55.153209816783

ap-northeast-3
i-0e754c3b4beb5a495 67.4961027569307
i-02c760ad0f35fc71f 70.84069198873141
i-0a9e0d621052157ad 90.77876781029204

ap-northeast-2
i-07772f252618ef628 53.001929894941846
i-033a2c5ef40029113 93.84889538412433
i-0dbf1915971198141 63.002093714903644

ap-northeast-1
i-0760f61f29b3c715d 56.94501985237904
i-00db2b1c2aa2c150b 89.09579066842174
i-04f08b6ebd552408a 88.06946536714281
i-021d655fc69349cc5 52.43539521252482

ap-southeast-2
i-09ef71e7585a2afd6 86.7040166956212
i-0bbfe07dd7d4aa246 50.460764946450524

ap-southeast-1
i-0876096aa882b6838 59.3887714898734
i-05aec8b568d985399 58.12763609821004
i-08ef3efaaf3133daa 56.785711890672566

eu-central-1
i-0377fba98823562b0 79.47071324856742
i-0f6a02183433f4c04 57.33504583485802
i-00495489ea0501716 82.75301601826516
i-074be939692b4a67c 55.14166430550093

eu-west-1
i-01153a53c7f87e9cb 91.48046286701549
i-0b4fd1bb142845bda 46.89858647899255
i-0900a829e7846b208 91.82439299138673
i-0c0bafbc4edf4a0a1 86.08120232834898

eu-west-3
i-028a1c2778b1b21ce 58.57486211423758
i-0739d657db8d90a66 58.32865055575931
i-020400d5753c15c45 93.54761932970099
i-045fe052adcbe9f20 67.60354374009337

sa-east-1
i-041e0bb9006351233 53.37217702879688
i-05dc7ff52e09006b3 86.60767419194718
i-06fbe7085458fd69b 81.31730225314949

('2024-07-23 04:42:57', 'maolinml3')
us-east-1
i-0b002b4020f3d8995 97.40169446017931
i-0ed1fc42051f7f922 0.4983015873015874 shut down
i-035b2ec570182821f 0.4868333315523546 shut down

us-east-2
i-07eed7c3c36439cdb 53.74636984216193
i-0409c223eaf715137 61.78312854137089
i-0ce2178e60ae9e6a4 78.3322531470097

us-west-1
i-030f59cfeb61a36cb 82.81660815091168
i-0b46ad7aee6a55fd6 0.3400416666666666 shut down
i-06927d0e8349dfc91 61.726435236396846

us-west-2
i-00e26622cba0f425a 74.93355908193432
i-026575918252617d8 62.7465273581538

ap-south-1
i-0f26936abda544eac 91.69595486490249

ca-central-1
i-08e2f93aced45231c 80.26808826888879

eu-north-1
i-04cd05bd1d3d7ec24 81.43519860100531
i-0d119119a8707120f 20.561272726892884

eu-west-2
i-0089c659b39ab2e2b 71.45286964271212
i-0936720441ad45342 86.00126165998215

ap-northeast-3
i-03a11c462f4e70749 99.87430158730159
i-004b8280e71b65879 96.73379901899432
i-067ba08bd2ba11a1f 67.09455555555554

ap-northeast-2
i-067e2a8dca2bed69b 57.392879242817656
i-060cd10060872f688 95.17113204542825
i-06485e9ae3dbea465 95.18289792074329

ap-northeast-1
i-0f0f08630b913ea0c 64.6600550221272
i-0a772a14f25c908ee 87.31666269231725
i-0ebf58fc377de0ce3 82.28207252376339

ap-southeast-2
i-0695a8fb4eaf601f2 64.05807009219748
i-0ea1e9c023c3a0d1c 91.73221721987743
i-05c4ae29c9b04bf49 60.128727378518384

ap-southeast-1
i-048c229d1f45521a3 77.70993689484868
i-0d8f4d48cc5d23528 62.42922932027036
i-090032e008cf23f82 92.12743805048457

eu-central-1
i-0e540a78d36bc079d 84.70969881634564
i-0ba84386e0693e108 61.27364634598277
i-0fde5ba140592fdc3 81.50702926715459

eu-west-1
i-017a4ca6744d19611 74.55660906717078
i-0428848afd359fc68 96.23044426388587
i-022e196f74cfecb43 68.58019385095949

eu-west-3
i-0f47d090fdc2fa256 56.587180544371556
i-0027c6446500a06b7 88.88024594442179
i-0f30daf19cc31fa13 68.69036202106281

sa-east-1
i-001320548ae4ca4eb 64.51749401182686
i-026dd7ea64229cf84 59.0862503990858

('2024-07-23 05:43:57', 'maolinml')
us-east-1
i-0ad11e1f6d98e9902 65.49194066708107
i-014e8293a775d9ac7 89.93419475074087
i-018f011c33e6187bc 69.83035726204753

us-east-2
i-08687bdf8321a99fc 75.6504221460914
i-0097606651b7d8ab8 0.24547530773515602 shut down
i-0465fdfca50c222e5 60.16406172839506

us-west-1
i-019e4eed72e746727 87.0499136435194
i-0d5a2bde2739f832b 57.80094029296472
i-09bf42f2714e9e8a7 54.20922664737736

us-west-2
i-00f3a382e42bd929c 58.36306811807693
i-04469e1993b692134 96.93125772168862
i-0e204f966ed011d92 62.35992333677069
i-0e1883133bb7325e1 57.53647222222222

ap-south-1
i-0a5345d5e9d6c835d 92.34232811281233
i-05713b8d1bebc1964 95.59608759615641

ca-central-1
i-02dc41ce25f8a3730 96.04700751211885
i-0c482d1323375071a 90.9933677175669
i-034150f174e9fc8d5 58.129682147241034
i-037cf631f0d50fcf1 62.23670592939644

eu-north-1
i-0552eca1de0bf8f38 73.41098572351034
i-0b02802b7c1bf2d25 55.56207784324379
i-0e2c8f5c6002dbe47 56.95393565078552

eu-west-2
i-020066437c6f79758 84.1272029272981
i-0f838b8fcd0168a56 92.19755774293924
i-0dcadf36521bc1d6a 86.90363855722062
i-08342f95a4d7d299f 48.56188091823493

ap-northeast-3
i-0e8d1b1fdb3d60229 86.06666666666666
i-0d746802c02c75d98 77.53333333333335
i-08e35489e3ff286c1 73.03333333333335
i-0b975ac24c327f81f 99.86349382716053

ap-northeast-2
i-0c20230753526be37 57.531674020802406
i-0228c9db1c0fdcff3 57.17212844287189
i-0a9a64bab10af09cd 96.57460468831381
i-05ff13c04dba66ec9 93.37256425503607

ap-northeast-1
i-099ca419a0fd2492b 95.76320301003894
i-0dc6e0fbbd8100c73 57.89860518790845
i-0d5ec7978d4c680d8 93.77982911813007

ap-southeast-2
i-08d159872774fb182 78.96440513800103
i-00d1d681b55575c9c 70.48960560509369
i-005ca067c889e7cc7 91.06263176941782
i-0ae2ed8212124d6d4 55.15914044825905

ap-southeast-1
i-0374fba9a68307f70 72.260656468924
i-0d9da6e6c4978f142 89.21930046468451
i-0175d795572930770 64.32929748454046

eu-central-1
i-097db7ac96aeba24e 96.22490864621356
i-0d21d696eb2c9dd29 86.66259131727467
i-0ba58096fda422e47 67.718383257659
i-0164d68dfb7a95337 53.69695051864852

eu-west-1
i-0232b4b0feeb0d999 60.809781306596705
i-0b51c3ea64f86c4ed 57.29841405586339
i-0e67fcd2040620cca 55.63985087854931

eu-west-3
i-0c1021087fbe54b56 58.09449487516432
i-0c626b50d0f9701f3 95.93997609082913
i-02cb21fae55567f2a 90.97939384479658

sa-east-1
i-07cb5fde32d8c0879 61.962554844724735
i-0f33b4a4539b8b0fd 58.97665964215429
i-03622ca5de3332d1c 69.95863587962835
i-0cbbb9dbb07ec424a 56.77951174505579

('2024-07-23 05:44:59', 'maolinml2')
us-east-1
i-05c9d6a147272d7e5 76.88165211962271
i-01a4e4eefbde73c61 55.814756728024655
i-0a5adf680f5bb4eaa 93.85164854281987
i-0bd624db38e4183ee 96.970342944714

us-east-2
i-0dd1fa1289fe1f376 61.18771886037658
i-0ee260c361ad04405 62.34397799896973
i-0ffa49dfd5b8e5c19 94.48007523166636

us-west-1
i-022ebabda90e1cee1 83.06765516712699
i-0ae1229098de658cc 54.39262061591314
i-0bde9b44bf1101596 59.52702021046446
i-0eac00ff4bd007870 48.6045878124799

us-west-2
i-083228c5fa785536e 0.5019379646720336 shut down
i-0eff8442240879606 81.60820976229682
i-05f3bf606a6e4e45f 62.99941428367861

ap-south-1
i-0e3a267e44ba15830 72.36197266060604
i-097c1721f223aeaa5 59.54109704048787
i-0708a5687a296eba6 93.74050611452638
i-08db1c69208a3f2b6 85.46735583153954

ca-central-1
i-05d4c529d117e2f93 54.915470383188904
i-0f89670129b7609c8 57.469776707265375
i-06416bbc9306dc5ac 83.68907234639167

eu-north-1
i-0079e408f79fd4c56 52.59600019924401
i-0d47bd911a7d5fee1 94.97317624781158
i-08718a107dca49c13 47.386887590359244
i-05aaa0655903bca4f 89.56275531426434

eu-west-2
i-02335d1bde4184d1e 57.910896988443234
i-01f535cd1e05c1512 91.11062338728432
i-0a765e3fa49abe478 64.3413622470744

ap-northeast-3
i-0e754c3b4beb5a495 97.05683365393378
i-02c760ad0f35fc71f 96.21914409189348
i-0a9e0d621052157ad 68.82749728834425

ap-northeast-2
i-07772f252618ef628 87.6794234004057
i-033a2c5ef40029113 56.24447351436647
i-0dbf1915971198141 61.17716981714049

ap-northeast-1
i-0760f61f29b3c715d 48.655756172378794
i-00db2b1c2aa2c150b 74.11499435415408
i-04f08b6ebd552408a 56.108903459561624
i-021d655fc69349cc5 96.16896358258042

ap-southeast-2
i-09ef71e7585a2afd6 78.08852938541435
i-0bbfe07dd7d4aa246 49.654332625079654

ap-southeast-1
i-0876096aa882b6838 58.022644710889715
i-05aec8b568d985399 89.28658218739099
i-08ef3efaaf3133daa 64.49511498186102

eu-central-1
i-0377fba98823562b0 59.58591626290376
i-0f6a02183433f4c04 94.74214095633539
i-00495489ea0501716 89.21704071911707
i-074be939692b4a67c 94.76630334583471

eu-west-1
i-01153a53c7f87e9cb 73.27620129494082
i-0b4fd1bb142845bda 91.39508094427646
i-0900a829e7846b208 52.99300104026607
i-0c0bafbc4edf4a0a1 57.78815793955321

eu-west-3
i-028a1c2778b1b21ce 96.10178216871215
i-0739d657db8d90a66 56.713817741013976
i-020400d5753c15c45 68.79046659553654
i-045fe052adcbe9f20 94.38381260086663

sa-east-1
i-041e0bb9006351233 81.02105678859732
i-05dc7ff52e09006b3 56.94344910029244
i-06fbe7085458fd69b 61.81392722401043

('2024-07-23 05:46:01', 'maolinml3')
us-east-1
i-0b002b4020f3d8995 62.85240804364829

us-east-2
i-07eed7c3c36439cdb 64.46133333333334
i-0409c223eaf715137 92.09562169373378
i-0ce2178e60ae9e6a4 70.77158889576802

us-west-1
i-030f59cfeb61a36cb 69.50860771922694
i-06927d0e8349dfc91 91.37761964413103

us-west-2
i-00e26622cba0f425a 70.26378340065139
i-026575918252617d8 90.60094603004586

ap-south-1
i-0f26936abda544eac 56.08455847368028

ca-central-1
i-08e2f93aced45231c 63.27159238722165

eu-north-1
i-04cd05bd1d3d7ec24 93.65834830894782
i-0d119119a8707120f 0.49757425619439305 shut down

eu-west-2
i-0089c659b39ab2e2b 75.05135944794718
i-0936720441ad45342 10.229154591284189

ap-northeast-3
i-03a11c462f4e70749 80.95606547272989
i-004b8280e71b65879 81.51269688586001
i-067ba08bd2ba11a1f 80.68441603302817

ap-northeast-2
i-067e2a8dca2bed69b 50.3689562287641
i-060cd10060872f688 54.89734998782749
i-06485e9ae3dbea465 51.63297508038671

ap-northeast-1
i-0f0f08630b913ea0c 52.54582678883478
i-0a772a14f25c908ee 59.73205567255402
i-0ebf58fc377de0ce3 86.47891014524582

ap-southeast-2
i-0695a8fb4eaf601f2 50.62090673393339
i-0ea1e9c023c3a0d1c 67.5300012118601
i-05c4ae29c9b04bf49 60.01751498620195

ap-southeast-1
i-048c229d1f45521a3 79.38411082995805
i-0d8f4d48cc5d23528 96.05825025884194
i-090032e008cf23f82 61.20811505921072

eu-central-1
i-0e540a78d36bc079d 96.5431679347654
i-0ba84386e0693e108 96.97892893881448
i-0fde5ba140592fdc3 92.7514596570888

eu-west-1
i-017a4ca6744d19611 62.25111706396339
i-0428848afd359fc68 61.86002478326043
i-022e196f74cfecb43 87.95848385359658

eu-west-3
i-0f47d090fdc2fa256 59.39642324922306
i-0027c6446500a06b7 58.042457993924494
i-0f30daf19cc31fa13 94.84359351198019

sa-east-1
i-001320548ae4ca4eb 68.63013859522094
i-026dd7ea64229cf84 91.6751259459262

('2024-07-23 06:26:58', 'maolinml')
us-east-1
i-0ad11e1f6d98e9902 95.49512822887228
i-014e8293a775d9ac7 97.47478452221283
i-018f011c33e6187bc 78.65643584393369

us-east-2
i-08687bdf8321a99fc 91.21328456807466
i-0465fdfca50c222e5 83.00215184594266

us-west-1
i-019e4eed72e746727 80.8012555449177
i-0d5a2bde2739f832b 95.24474754785253
i-09bf42f2714e9e8a7 65.56644932014406

us-west-2
i-00f3a382e42bd929c 90.37254191657708
i-04469e1993b692134 60.68535820710172
i-0e204f966ed011d92 97.16455770366788
i-0e1883133bb7325e1 93.03207664925829

ap-south-1
i-0a5345d5e9d6c835d 51.07055818995693
i-05713b8d1bebc1964 77.29956290839975

ca-central-1
i-02dc41ce25f8a3730 55.09701516726127
i-0c482d1323375071a 7.426553388511991
i-034150f174e9fc8d5 58.27354240743558
i-037cf631f0d50fcf1 53.10835024359599

eu-north-1
i-0552eca1de0bf8f38 96.17043827429029
i-0b02802b7c1bf2d25 0.24679642842159466 shut down
i-0e2c8f5c6002dbe47 57.50924997166743

eu-west-2
i-020066437c6f79758 0.49757106082427843 shut down
i-0f838b8fcd0168a56 58.42413942689593
i-0dcadf36521bc1d6a 59.73371529095139
i-08342f95a4d7d299f 52.89660134934312

ap-northeast-3
i-0e8d1b1fdb3d60229 76.3
i-0d746802c02c75d98 81.625
i-08e35489e3ff286c1 88.36190476190477
i-0b975ac24c327f81f 93.57060044693924

ap-northeast-2
i-0c20230753526be37 77.94049803912786
i-0228c9db1c0fdcff3 59.42047525323827
i-0a9a64bab10af09cd 94.44121908377512
i-05ff13c04dba66ec9 61.13993360537995

ap-northeast-1
i-099ca419a0fd2492b 97.30846823636828
i-0dc6e0fbbd8100c73 96.16700307860496
i-0d5ec7978d4c680d8 56.3413546774863

ap-southeast-2
i-08d159872774fb182 89.559812504823
i-00d1d681b55575c9c 83.52634437715366
i-005ca067c889e7cc7 47.861666400187325
i-0ae2ed8212124d6d4 59.83291639209216

ap-southeast-1
i-0374fba9a68307f70 95.3478765992578
i-0d9da6e6c4978f142 54.23861217551814
i-0175d795572930770 58.42863506293828

eu-central-1
i-097db7ac96aeba24e 60.92534280352228
i-0d21d696eb2c9dd29 68.60227808891419
i-0ba58096fda422e47 64.92650304121933
i-0164d68dfb7a95337 92.14937234858137

eu-west-1
i-0232b4b0feeb0d999 62.8174533693134
i-0b51c3ea64f86c4ed 57.52513832466588
i-0e67fcd2040620cca 51.3896749415731

eu-west-3
i-0c1021087fbe54b56 50.32190008607568
i-0c626b50d0f9701f3 94.99023450843204
i-02cb21fae55567f2a 75.14895099794582

sa-east-1
i-07cb5fde32d8c0879 90.07240365602019
i-0f33b4a4539b8b0fd 78.30846146241548
i-03622ca5de3332d1c 90.7383159514576
i-0cbbb9dbb07ec424a 64.45914395717489

('2024-07-23 06:28:18', 'maolinml2')
us-east-1
i-05c9d6a147272d7e5 94.98773394256402
i-01a4e4eefbde73c61 81.19612210364586
i-0a5adf680f5bb4eaa 67.56947836487358
i-0bd624db38e4183ee 79.1922063059751

us-east-2
i-0dd1fa1289fe1f376 61.622012994501496
i-0ee260c361ad04405 69.08420320582819
i-0ffa49dfd5b8e5c19 84.9693978424013

us-west-1
i-022ebabda90e1cee1 58.390804269178524
i-0ae1229098de658cc 55.91398036250042
i-0bde9b44bf1101596 59.19192131047069
i-0eac00ff4bd007870 90.67883706042367

us-west-2
i-0eff8442240879606 86.33787434197411
i-05f3bf606a6e4e45f 59.96134293447712

ap-south-1
i-0e3a267e44ba15830 82.63505075166516
i-097c1721f223aeaa5 73.68878865502855
i-0708a5687a296eba6 90.15897576123994
i-08db1c69208a3f2b6 55.1357621280929

ca-central-1
i-05d4c529d117e2f93 64.24001232294114
i-0f89670129b7609c8 57.950371941688466
i-06416bbc9306dc5ac 57.114791429928204

eu-north-1
i-0079e408f79fd4c56 95.67010037168909
i-0d47bd911a7d5fee1 67.62458389131517
i-08718a107dca49c13 93.52740284601508
i-05aaa0655903bca4f 66.63727102500658

eu-west-2
i-02335d1bde4184d1e 58.43828335180382
i-01f535cd1e05c1512 50.135721230610926
i-0a765e3fa49abe478 57.53704915411765

ap-northeast-3
i-0e754c3b4beb5a495 96.09530233913756
i-02c760ad0f35fc71f 76.39181239477772
i-0a9e0d621052157ad 69.49034213127649

ap-northeast-2
i-07772f252618ef628 89.76152967625757
i-033a2c5ef40029113 96.18777307411085
i-0dbf1915971198141 59.89994796783765

ap-northeast-1
i-0760f61f29b3c715d 92.0265489224045
i-00db2b1c2aa2c150b 58.33558099871741
i-04f08b6ebd552408a 59.0326429713516
i-021d655fc69349cc5 78.90982735152159

ap-southeast-2
i-09ef71e7585a2afd6 59.23403938924389
i-0bbfe07dd7d4aa246 96.07065802740044

ap-southeast-1
i-0876096aa882b6838 81.41787274412327
i-05aec8b568d985399 87.32659440494717
i-08ef3efaaf3133daa 58.182508084692586

eu-central-1
i-0377fba98823562b0 63.51488018448765
i-0f6a02183433f4c04 86.4291938018082
i-00495489ea0501716 82.61422914836635
i-074be939692b4a67c 87.40333464040566

eu-west-1
i-01153a53c7f87e9cb 62.43039965518438
i-0b4fd1bb142845bda 90.82166626585938
i-0900a829e7846b208 57.47659604481484
i-0c0bafbc4edf4a0a1 57.170992553850546

eu-west-3
i-028a1c2778b1b21ce 94.74142689003736
i-0739d657db8d90a66 86.90905127398405
i-020400d5753c15c45 63.25296252262668
i-045fe052adcbe9f20 52.968228213354

sa-east-1
i-041e0bb9006351233 55.33988265611419
i-05dc7ff52e09006b3 64.41102138851446
i-06fbe7085458fd69b 63.33597288424119

('2024-07-23 06:29:18', 'maolinml3')
us-east-1
i-0b002b4020f3d8995 58.55794430774731

us-east-2
i-07eed7c3c36439cdb 56.082327151517944
i-0409c223eaf715137 59.84773456790123
i-0ce2178e60ae9e6a4 60.520036924032205

us-west-1
i-030f59cfeb61a36cb 60.0337867925601
i-06927d0e8349dfc91 63.14802982094704

us-west-2
i-00e26622cba0f425a 59.6060147129335
i-026575918252617d8 59.42876542812002

ap-south-1
i-0f26936abda544eac 94.095999380271

ca-central-1
i-08e2f93aced45231c 61.41250544985086

eu-north-1
i-04cd05bd1d3d7ec24 58.3501178258911

eu-west-2
i-0089c659b39ab2e2b 61.44421893989003
i-0936720441ad45342 0.3420555555745679 shut down

ap-northeast-3
i-03a11c462f4e70749 78.42945422020745
i-004b8280e71b65879 97.42448255600432
i-067ba08bd2ba11a1f 96.28733968472318

ap-northeast-2
i-067e2a8dca2bed69b 91.2536089204409
i-060cd10060872f688 95.74025463209489
i-06485e9ae3dbea465 95.43722782640823

ap-northeast-1
i-0f0f08630b913ea0c 91.87006873135657
i-0a772a14f25c908ee 62.02455686002017
i-0ebf58fc377de0ce3 55.150835152967296

ap-southeast-2
i-0695a8fb4eaf601f2 90.35294629914733
i-0ea1e9c023c3a0d1c 91.97849155698992
i-05c4ae29c9b04bf49 74.83008810881081

ap-southeast-1
i-048c229d1f45521a3 82.11606785988752
i-0d8f4d48cc5d23528 76.96510678207936
i-090032e008cf23f82 93.45402199441831

eu-central-1
i-0e540a78d36bc079d 73.36908301831956
i-0ba84386e0693e108 92.5995592591283
i-0fde5ba140592fdc3 97.23028341559642

eu-west-1
i-017a4ca6744d19611 71.78430574860789
i-0428848afd359fc68 95.01862962962963
i-022e196f74cfecb43 90.94687255524188

eu-west-3
i-0f47d090fdc2fa256 53.72500221992433
i-0027c6446500a06b7 75.29796178025038
i-0f30daf19cc31fa13 57.96916082595674

sa-east-1
i-001320548ae4ca4eb 78.25607140762104
i-026dd7ea64229cf84 65.74412790482081

