('2024-07-23 12:58:56', 'maolinml')
us-east-1
i-014e8293a775d9ac7 91.69008849191373
i-018f011c33e6187bc 62.85579556399559

us-east-2
i-08687bdf8321a99fc 54.36794505654138
i-0465fdfca50c222e5 86.51472222222223

us-west-1
i-019e4eed72e746727 56.2386491343899

us-west-2
i-00f3a382e42bd929c 96.37653197077162
i-04469e1993b692134 64.65003969232343
i-0e204f966ed011d92 69.20686482262856

ap-south-1
i-05713b8d1bebc1964 71.65260456305232

ca-central-1
i-034150f174e9fc8d5 54.69721071655156

eu-north-1
i-0552eca1de0bf8f38 60.69756790123457
i-0e2c8f5c6002dbe47 90.86896091057667

eu-west-2
i-0f838b8fcd0168a56 0.4973641975308642 shut down
i-0dcadf36521bc1d6a 65.67188137771997

ap-northeast-3
i-0e8d1b1fdb3d60229 87.06666666666666
i-0d746802c02c75d98 84.66666666666667

ap-northeast-2
i-0228c9db1c0fdcff3 82.53737711287563

ap-northeast-1
i-0dc6e0fbbd8100c73 97.07155516834455
i-0d5ec7978d4c680d8 52.62846845832214

ap-southeast-2
i-08d159872774fb182 58.139534329020286
i-005ca067c889e7cc7 93.2692981033553

ap-southeast-1
i-0374fba9a68307f70 75.17775402592629
i-0d9da6e6c4978f142 55.036578441754536

eu-central-1
i-0d21d696eb2c9dd29 53.84183599472931
i-0ba58096fda422e47 76.06349496737379
i-0164d68dfb7a95337 93.41901786757246

eu-west-1
i-0232b4b0feeb0d999 7.485275789948933
i-0b51c3ea64f86c4ed 91.02486988751922
i-0e67fcd2040620cca 66.71288814537866

eu-west-3
i-0c1021087fbe54b56 50.13156243008672
i-0c626b50d0f9701f3 95.09108271603189
i-02cb21fae55567f2a 58.15673745990629

sa-east-1
i-07cb5fde32d8c0879 91.06337550229506
i-0f33b4a4539b8b0fd 63.294417416052475
i-03622ca5de3332d1c 58.916713574920486
i-0cbbb9dbb07ec424a 87.35445646982951

('2024-07-23 12:59:45', 'maolinml2')
us-east-1
i-05c9d6a147272d7e5 95.40938484484127
i-0a5adf680f5bb4eaa 95.00204300267137
i-0bd624db38e4183ee 64.03652783853825

us-east-2
i-0ee260c361ad04405 96.19761872129766
i-0ffa49dfd5b8e5c19 94.532883247156

us-west-1
i-022ebabda90e1cee1 80.60452062720366
i-0ae1229098de658cc 88.7767724530385
i-0bde9b44bf1101596 74.90408652977355
i-0eac00ff4bd007870 55.99255042905738

us-west-2
i-0eff8442240879606 54.87489528391655
i-05f3bf606a6e4e45f 67.96298853156951

ap-south-1
i-0e3a267e44ba15830 58.98356403046399
i-097c1721f223aeaa5 54.69009312448102
i-0708a5687a296eba6 50.81367023825275
i-08db1c69208a3f2b6 96.68582332699356

ca-central-1
i-05d4c529d117e2f93 80.27418207601164
i-0f89670129b7609c8 60.00042006820439
i-06416bbc9306dc5ac 87.23260806355745

eu-north-1
i-0079e408f79fd4c56 88.28981466454115
i-08718a107dca49c13 50.1495545277571

eu-west-2
i-02335d1bde4184d1e 83.95105194096821
i-01f535cd1e05c1512 65.47705431135286

ap-northeast-3
i-02c760ad0f35fc71f 67.2907696111741

ap-northeast-2
i-07772f252618ef628 55.139125024443366
i-033a2c5ef40029113 94.30082247586806
i-0dbf1915971198141 52.97039675863792

ap-northeast-1
i-00db2b1c2aa2c150b 93.74578538089195
i-04f08b6ebd552408a 92.07401868835514
i-021d655fc69349cc5 54.35411859169682

ap-southeast-2
i-09ef71e7585a2afd6 78.38997521026022
i-0bbfe07dd7d4aa246 53.4639831449391

ap-southeast-1
i-0876096aa882b6838 91.26092439351719
i-05aec8b568d985399 57.31033464982105
i-08ef3efaaf3133daa 86.26426525957152

eu-central-1
i-0377fba98823562b0 62.16562657505097
i-0f6a02183433f4c04 57.409063202555195
i-00495489ea0501716 65.91883787133676
i-074be939692b4a67c 56.15927489590781

eu-west-1
i-01153a53c7f87e9cb 57.075670317834145
i-0b4fd1bb142845bda 64.4926357695394
i-0900a829e7846b208 82.11428814708115
i-0c0bafbc4edf4a0a1 90.88558728757228

eu-west-3
i-028a1c2778b1b21ce 93.82616984064437
i-020400d5753c15c45 94.03037237138794
i-045fe052adcbe9f20 68.43064134056732

sa-east-1
i-041e0bb9006351233 81.9525179324658
i-05dc7ff52e09006b3 85.44445012424084
i-06fbe7085458fd69b 62.38305462241059

('2024-07-23 13:00:34', 'maolinml3')
us-east-1
i-0b002b4020f3d8995 64.29449372237708

us-east-2
i-0409c223eaf715137 62.1718870546008
i-0ce2178e60ae9e6a4 96.37989210167416

us-west-1
i-030f59cfeb61a36cb 86.3514588878221
i-06927d0e8349dfc91 59.747002230853845

us-west-2
i-00e26622cba0f425a 96.90757920030542
i-026575918252617d8 59.62924221077797

ap-south-1
i-0f26936abda544eac 67.89500026005796

ca-central-1

eu-north-1
i-04cd05bd1d3d7ec24 52.845005627207115

eu-west-2
i-0089c659b39ab2e2b 96.35662558096935

ap-northeast-3
i-03a11c462f4e70749 98.1673618643393
i-004b8280e71b65879 84.6258371602148
i-067ba08bd2ba11a1f 99.85716666666667

ap-northeast-2
i-067e2a8dca2bed69b 57.832195548185176
i-060cd10060872f688 63.684344403915254

ap-northeast-1
i-0f0f08630b913ea0c 59.29789030624531
i-0a772a14f25c908ee 78.66630888442712
i-0ebf58fc377de0ce3 79.06044461849892

ap-southeast-2
i-0695a8fb4eaf601f2 61.65480178825683
i-05c4ae29c9b04bf49 63.58749910696042

ap-southeast-1
i-0d8f4d48cc5d23528 65.26278969076152
i-090032e008cf23f82 62.351475559185864

eu-central-1
i-0e540a78d36bc079d 91.2320621671176
i-0ba84386e0693e108 97.65795396739118
i-0fde5ba140592fdc3 74.01853288022374

eu-west-1
i-022e196f74cfecb43 66.05436788088127

eu-west-3
i-0f47d090fdc2fa256 56.88135960681029
i-0027c6446500a06b7 71.35406697440487
i-0f30daf19cc31fa13 58.19257033593552

sa-east-1
i-001320548ae4ca4eb 59.434555555555555

('2024-07-23 13:14:21', 'maolinml')
us-east-1
i-014e8293a775d9ac7 97.51783184436015 shut down
i-018f011c33e6187bc 60.35163228595402 shut down
i-018f011c33e6187bc 60.35163228595402

us-east-2
i-08687bdf8321a99fc 66.96843378821093 shut down
i-0465fdfca50c222e5 33.776808641975315 shut down
i-0465fdfca50c222e5 33.776808641975315

us-west-1
i-019e4eed72e746727 63.50637689338072 shut down
i-019e4eed72e746727 63.50637689338072

us-west-2
i-00f3a382e42bd929c 96.76717063091168 shut down
i-04469e1993b692134 60.766369091609334 shut down
i-0e204f966ed011d92 60.317758343877216 shut down
i-0e204f966ed011d92 60.317758343877216

ap-south-1
i-05713b8d1bebc1964 58.96456717409533 shut down
i-05713b8d1bebc1964 58.96456717409533

ca-central-1
i-034150f174e9fc8d5 57.77461453617818 shut down
i-034150f174e9fc8d5 57.77461453617818

eu-north-1
i-0552eca1de0bf8f38 58.41239842617288 shut down
i-0e2c8f5c6002dbe47 90.4195612958393 shut down
i-0e2c8f5c6002dbe47 90.4195612958393

eu-west-2
i-0dcadf36521bc1d6a 56.79235582645944 shut down
i-0dcadf36521bc1d6a 56.79235582645944

ap-northeast-3
i-0e8d1b1fdb3d60229 79.3 shut down
i-0d746802c02c75d98 85.16666666666667 shut down
i-0d746802c02c75d98 85.16666666666667

ap-northeast-2
i-0228c9db1c0fdcff3 86.48315802116134 shut down
i-0228c9db1c0fdcff3 86.48315802116134

ap-northeast-1
i-0dc6e0fbbd8100c73 94.86785079515592 shut down
i-0d5ec7978d4c680d8 72.82667725221906 shut down
i-0d5ec7978d4c680d8 72.82667725221906

ap-southeast-2
i-08d159872774fb182 56.846068641606536 shut down
i-005ca067c889e7cc7 84.66415222720163 shut down
i-005ca067c889e7cc7 84.66415222720163

ap-southeast-1
i-0374fba9a68307f70 53.51747302577286 shut down
i-0d9da6e6c4978f142 52.23659618290026 shut down
i-0d9da6e6c4978f142 52.23659618290026

eu-central-1
i-0d21d696eb2c9dd29 80.34085662167547 shut down
i-0ba58096fda422e47 96.94787285837701 shut down
i-0164d68dfb7a95337 91.10507470388502 shut down
i-0164d68dfb7a95337 91.10507470388502

eu-west-1
i-0232b4b0feeb0d999 0.008111117593503034 shut down
i-0b51c3ea64f86c4ed 91.22860985962797 shut down
i-0e67fcd2040620cca 21.33257398820905 shut down
i-0e67fcd2040620cca 21.33257398820905

eu-west-3
i-0c1021087fbe54b56 54.49385044744306 shut down
i-0c626b50d0f9701f3 95.15373038584046 shut down
i-02cb21fae55567f2a 55.45042909088676 shut down
i-02cb21fae55567f2a 55.45042909088676

sa-east-1
i-07cb5fde32d8c0879 76.55110421568331 shut down
i-0f33b4a4539b8b0fd 62.453560211850885 shut down
i-03622ca5de3332d1c 79.65814145967937 shut down
i-0cbbb9dbb07ec424a 87.12756409045441 shut down
i-0cbbb9dbb07ec424a 87.12756409045441

('2024-07-23 13:15:40', 'maolinml2')
us-east-1
i-05c9d6a147272d7e5 86.8660951757635 shut down
i-0a5adf680f5bb4eaa 78.74570059575176 shut down
i-0bd624db38e4183ee 61.27643736362217 shut down
i-0bd624db38e4183ee 61.27643736362217

us-east-2
i-0ee260c361ad04405 94.40248202419222 shut down
i-0ffa49dfd5b8e5c19 81.22737790776121 shut down
i-0ffa49dfd5b8e5c19 81.22737790776121

us-west-1
i-022ebabda90e1cee1 75.25650136737704 shut down
i-0ae1229098de658cc 76.4578556151265 shut down
i-0bde9b44bf1101596 54.499703580717004 shut down
i-0eac00ff4bd007870 58.19736511953283 shut down
i-0eac00ff4bd007870 58.19736511953283

us-west-2
i-0eff8442240879606 82.98483360519117 shut down
i-05f3bf606a6e4e45f 87.99981169213955 shut down
i-05f3bf606a6e4e45f 87.99981169213955

ap-south-1
i-0e3a267e44ba15830 58.19444858544275 shut down
i-097c1721f223aeaa5 53.887554755143896 shut down
i-0708a5687a296eba6 75.6562210199315 shut down
i-08db1c69208a3f2b6 89.89002739626851 shut down
i-08db1c69208a3f2b6 89.89002739626851

ca-central-1
i-05d4c529d117e2f93 95.68167268038543 shut down
i-0f89670129b7609c8 51.719332396779315 shut down
i-06416bbc9306dc5ac 81.61477629269581 shut down
i-06416bbc9306dc5ac 81.61477629269581

eu-north-1
i-0079e408f79fd4c56 58.020397017057945 shut down
i-08718a107dca49c13 44.877358414660044 shut down
i-08718a107dca49c13 44.877358414660044

eu-west-2
i-02335d1bde4184d1e 86.67359047117134 shut down
i-01f535cd1e05c1512 99.88950001016475 shut down
i-01f535cd1e05c1512 99.88950001016475

ap-northeast-3
i-02c760ad0f35fc71f 75.75937813474714 shut down
i-02c760ad0f35fc71f 75.75937813474714

ap-northeast-2
i-07772f252618ef628 59.30264435833064 shut down
i-033a2c5ef40029113 75.19767321972652 shut down
i-0dbf1915971198141 57.699109466712734 shut down
i-0dbf1915971198141 57.699109466712734

ap-northeast-1
i-00db2b1c2aa2c150b 83.54943549209305 shut down
i-04f08b6ebd552408a 91.3632278554913 shut down
i-021d655fc69349cc5 52.476774761124666 shut down
i-021d655fc69349cc5 52.476774761124666

ap-southeast-2
i-09ef71e7585a2afd6 60.81306177672064 shut down
i-0bbfe07dd7d4aa246 51.89964007185828 shut down
i-0bbfe07dd7d4aa246 51.89964007185828

ap-southeast-1
i-0876096aa882b6838 62.573084069222396 shut down
i-05aec8b568d985399 58.01705912638025 shut down
i-08ef3efaaf3133daa 55.52581052038578 shut down
i-08ef3efaaf3133daa 55.52581052038578

eu-central-1
i-0377fba98823562b0 64.0030555838128 shut down
i-0f6a02183433f4c04 57.255219561969376 shut down
i-00495489ea0501716 98.38750674528656 shut down
i-074be939692b4a67c 53.072251182788364 shut down
i-074be939692b4a67c 53.072251182788364

eu-west-1
i-01153a53c7f87e9cb 63.26657053324717 shut down
i-0b4fd1bb142845bda 94.66490246040593 shut down
i-0900a829e7846b208 86.25237127732039 shut down
i-0c0bafbc4edf4a0a1 83.50190036097847 shut down
i-0c0bafbc4edf4a0a1 83.50190036097847

eu-west-3
i-028a1c2778b1b21ce 71.60521006667179 shut down
i-020400d5753c15c45 67.8520441880512 shut down
i-045fe052adcbe9f20 54.523182619799805 shut down
i-045fe052adcbe9f20 54.523182619799805

sa-east-1
i-041e0bb9006351233 86.93200469615378 shut down
i-05dc7ff52e09006b3 74.3808017424422 shut down
i-06fbe7085458fd69b 64.34065006959678 shut down
i-06fbe7085458fd69b 64.34065006959678

('2024-07-23 13:17:17', 'maolinml3')
us-east-1
i-0b002b4020f3d8995 55.59755982115879 shut down
i-0b002b4020f3d8995 55.59755982115879

us-east-2
i-0409c223eaf715137 72.3153409867772 shut down
i-0ce2178e60ae9e6a4 91.16870882995563 shut down
i-0ce2178e60ae9e6a4 91.16870882995563

us-west-1
i-030f59cfeb61a36cb 80.71809726166403 shut down
i-06927d0e8349dfc91 81.3165482305012 shut down
i-06927d0e8349dfc91 81.3165482305012

us-west-2
i-00e26622cba0f425a 91.88504078765857 shut down
i-026575918252617d8 81.18517675999743 shut down
i-026575918252617d8 81.18517675999743

ap-south-1
i-0f26936abda544eac 62.71263049170284 shut down
i-0f26936abda544eac 62.71263049170284

ca-central-1
i-0f26936abda544eac 62.71263049170284

eu-north-1
i-04cd05bd1d3d7ec24 55.36655780971719 shut down
i-04cd05bd1d3d7ec24 55.36655780971719

eu-west-2
i-0089c659b39ab2e2b 91.05775693867888 shut down
i-0089c659b39ab2e2b 91.05775693867888

ap-northeast-3
i-03a11c462f4e70749 99.87613492063493 shut down
i-004b8280e71b65879 67.08155247146888 shut down
i-067ba08bd2ba11a1f 97.15671393178552 shut down
i-067ba08bd2ba11a1f 97.15671393178552

ap-northeast-2
i-067e2a8dca2bed69b 58.300287618385106 shut down
i-060cd10060872f688 56.71936746466355 shut down
i-060cd10060872f688 56.71936746466355

ap-northeast-1
i-0f0f08630b913ea0c 63.47809789800973 shut down
i-0a772a14f25c908ee 54.486582156611576 shut down
i-0ebf58fc377de0ce3 93.79303644854804 shut down
i-0ebf58fc377de0ce3 93.79303644854804

ap-southeast-2
i-0695a8fb4eaf601f2 57.47796057763187 shut down
i-05c4ae29c9b04bf49 64.0952005539288 shut down
i-05c4ae29c9b04bf49 64.0952005539288

ap-southeast-1
i-0d8f4d48cc5d23528 92.88840279120348 shut down
i-090032e008cf23f82 67.36178981026136 shut down
i-090032e008cf23f82 67.36178981026136

eu-central-1
i-0e540a78d36bc079d 96.86287091139498 shut down
i-0ba84386e0693e108 80.68500625089108 shut down
i-0fde5ba140592fdc3 58.62192806012454 shut down
i-0fde5ba140592fdc3 58.62192806012454

eu-west-1
i-022e196f74cfecb43 59.39337086646254 shut down
i-022e196f74cfecb43 59.39337086646254

eu-west-3
i-0f47d090fdc2fa256 56.40399955380533 shut down
i-0027c6446500a06b7 53.463592104486 shut down
i-0f30daf19cc31fa13 61.796696509544255 shut down
i-0f30daf19cc31fa13 61.796696509544255

sa-east-1
i-001320548ae4ca4eb 55.67755555555556 shut down
i-001320548ae4ca4eb 55.67755555555556

