('2024-07-22 23:34:58', 'maolinml')
us-east-1
i-0ad11e1f6d98e9902 63.690000000000005
i-014e8293a775d9ac7 50.412083333333335
i-0fcce12d0568536de 60.95366666666668
i-018f011c33e6187bc 56.893196988025885

us-east-2
i-010c8ec26afebbf93 96.31291616664375
i-08687bdf8321a99fc 95.97133486107452
i-0097606651b7d8ab8 99.89199999999998
i-0465fdfca50c222e5 99.77833333333334

us-west-1
i-019e4eed72e746727 57.77600614049861
i-0924071f071d0016b 43.956250000000004
i-0d5a2bde2739f832b 57.88226049010295
i-09bf42f2714e9e8a7 58.23607885131419

us-west-2
i-00f3a382e42bd929c 96.08752013158715
i-04469e1993b692134 61.43633344560435
i-0e204f966ed011d92 85.89829510945458
i-0e1883133bb7325e1 55.13337684577181

ap-south-1
i-0566d887b14155827 54.6888193643768
i-088bf7be32e157cc1 90.36028324826731
i-0a5345d5e9d6c835d 99.87466712218742
i-05713b8d1bebc1964 67.3425

ca-central-1
i-02dc41ce25f8a3730 99.88200042775807
i-0c482d1323375071a 91.59365132089444
i-034150f174e9fc8d5 99.88666693976784
i-037cf631f0d50fcf1 80.32621668946986

eu-north-1
i-0552eca1de0bf8f38 51.099000000000004
i-0818b47f1d8a268d6 42.43249156610441
i-0b02802b7c1bf2d25 62.766
i-0e2c8f5c6002dbe47 93.75297080034719

eu-west-2
i-020066437c6f79758 95.80791744393403
i-0f838b8fcd0168a56 51.30034221132288
i-0dcadf36521bc1d6a 99.88633337775259
i-08342f95a4d7d299f 53.607161980633656

ap-northeast-3
i-0e8d1b1fdb3d60229 66.8
i-0d746802c02c75d98 65.8
i-08e35489e3ff286c1 69.2
i-0b975ac24c327f81f 90.50328815294628

ap-northeast-2
i-0c20230753526be37 58.451300869467715
i-0228c9db1c0fdcff3 78.98624306102495
i-0a9a64bab10af09cd 92.12408840962334
i-05ff13c04dba66ec9 37.73610021777415

ap-northeast-1
i-099ca419a0fd2492b 96.88097273248684
i-0dc6e0fbbd8100c73 96.69331525961547
i-0d7d03e7589542514 97.46337391040353
i-0d5ec7978d4c680d8 96.64211140627484

ap-southeast-2
i-08d159872774fb182 97.43733333333333
i-00d1d681b55575c9c 91.19604059891037
i-005ca067c889e7cc7 99.88233375550962
i-0ae2ed8212124d6d4 48.18533333333333

ap-southeast-1
i-0374fba9a68307f70 95.35402789191679
i-008a995ef975c32a0 89.85089930206868
i-0d9da6e6c4978f142 65.7140374708308
i-0175d795572930770 48.21658678298395

eu-central-1
i-097db7ac96aeba24e 99.88333374439927
i-0d21d696eb2c9dd29 67.41233333333332
i-0ba58096fda422e47 95.19699963144885
i-0164d68dfb7a95337 93.06570300365213

eu-west-1
i-0232b4b0feeb0d999 82.08623842064034
i-0b51c3ea64f86c4ed 99.83866666666665
i-0e67fcd2040620cca 48.289666421877044
i-043d333b91ff7eac1 66.70256949811942

eu-west-3
i-0a413f9f847fe63e2 91.25106287114511
i-0c1021087fbe54b56 66.02210430552502
i-0c626b50d0f9701f3 70.13856532474259
i-02cb21fae55567f2a 99.89166667221028

sa-east-1
i-07cb5fde32d8c0879 83.00666666666666
i-0f33b4a4539b8b0fd nan
i-03622ca5de3332d1c nan
i-0cbbb9dbb07ec424a nan

('2024-07-22 23:36:03', 'maolinml2')
us-east-1
i-05c9d6a147272d7e5 96.52344921835939
i-01a4e4eefbde73c61 nan
i-0a5adf680f5bb4eaa 72.20287004783414
i-0bd624db38e4183ee 60.71833333333333

us-east-2
i-0dd1fa1289fe1f376 60.80166666666666
i-0ee260c361ad04405 nan
i-0c8316227437603f7 nan
i-0ffa49dfd5b8e5c19 99.90666666666667

us-west-1
i-022ebabda90e1cee1 nan
i-0ae1229098de658cc nan
i-0bde9b44bf1101596 99.91833197219954
i-0eac00ff4bd007870 nan

us-west-2
i-05bc9b5f80030ed41 82.95971599526658
i-083228c5fa785536e nan
i-0eff8442240879606 35.91440142664288
i-05f3bf606a6e4e45f nan

ap-south-1
i-0e3a267e44ba15830 67.16166666666666
i-097c1721f223aeaa5 99.89
i-0708a5687a296eba6 nan
i-08db1c69208a3f2b6 nan

ca-central-1
i-0ac130267f8ff4f66 61.722695378256304
i-05d4c529d117e2f93 99.87000433318889
i-0f89670129b7609c8 99.92499874997915
i-06416bbc9306dc5ac nan

eu-north-1
i-0079e408f79fd4c56 53.74577090381826
i-0d47bd911a7d5fee1 nan
i-08718a107dca49c13 99.92166666666667
i-05aaa0655903bca4f nan

eu-west-2
i-053374accb0abe7ad 54.73333333333333
i-02335d1bde4184d1e 69.395
i-01f535cd1e05c1512 70.21265957801407
i-0a765e3fa49abe478 99.71333333333334

ap-northeast-3
i-0e754c3b4beb5a495 99.87833333333333
i-05409f4a54c89a936 85.91976532942215
i-02c760ad0f35fc71f 70.11616860281005
i-0a9e0d621052157ad 60.87405827055137

ap-northeast-2
i-07772f252618ef628 56.56333333333333
i-0258f115b0e588f51 67.377210379827
i-033a2c5ef40029113 99.87333333333333
i-0dbf1915971198141 99.84500258329028

ap-northeast-1
i-0760f61f29b3c715d 84.84466842766213
i-00db2b1c2aa2c150b 99.86332877762592
i-04f08b6ebd552408a 81.91666666666667
i-021d655fc69349cc5 66.84333333333333

ap-southeast-2
i-09ef71e7585a2afd6 61.55916666666666
i-0de5668513f0ec84e 35.99666666666667
i-09696fb75df18e3a8 99.84833080551343
i-0bbfe07dd7d4aa246 92.49537523123844

ap-southeast-1
i-0931fded83943df52 65.63946114786975
i-0876096aa882b6838 68.85333333333334
i-05aec8b568d985399 82.65862235629406
i-08ef3efaaf3133daa 99.71333333333334

eu-central-1
i-0377fba98823562b0 56.58666666666666
i-0f6a02183433f4c04 51.86666666666667
i-00495489ea0501716 99.83166666666666
i-074be939692b4a67c 68.05083333333334

eu-west-1
i-01153a53c7f87e9cb 65.16333333333333
i-0b4fd1bb142845bda 62.79065891020618
i-0900a829e7846b208 95.71173813769771
i-0c0bafbc4edf4a0a1 99.85333577773703

eu-west-3
i-028a1c2778b1b21ce 61.315
i-0739d657db8d90a66 79.17368043865935
i-020400d5753c15c45 57.68082416880023
i-045fe052adcbe9f20 99.88166469441157

sa-east-1
i-041e0bb9006351233 63.8575
i-05dc7ff52e09006b3 81.61994945404987
i-08f19350d59604934 99.685
i-06fbe7085458fd69b 50.71833333333333

('2024-07-22 23:37:11', 'maolinml3')
us-east-1
i-0b002b4020f3d8995 99.8925
i-0ed1fc42051f7f922 0.4991666666666667 0 244
i-035b2ec570182821f 62.08698674466537
i-044f14a993dee9261 99.64084463852316

us-east-2
i-07eed7c3c36439cdb 99.70083333333332
i-0409c223eaf715137 75.10166666666666
i-0ce2178e60ae9e6a4 64.88333333333333

us-west-1
i-030f59cfeb61a36cb 90.14944444444444
i-0b46ad7aee6a55fd6 53.96888888888889
i-06927d0e8349dfc91 78.2175

us-west-2
i-00e26622cba0f425a 78.51654993323963
i-026575918252617d8 92.46821169235227
i-0733b51954c0ac93e 85.36514388504554

ap-south-1
i-0f26936abda544eac 91.9630717320207
i-0e431032c3b7f9cce 56.11000000000001
i-0ceab366f62ac59d5 82.11665662946233

ca-central-1
i-0f2b7afb385a2ac7f 58.34499999999999
i-07b8c0224614396ee 79.50269436930631
i-08e2f93aced45231c 86.50233196673501

eu-north-1
i-0baeb1a0dc12c7285 99.87667149927694
i-04cd05bd1d3d7ec24 99.89944495367577
i-0d119119a8707120f 87.0461111111111

eu-west-2
i-0089c659b39ab2e2b 62.10666666666666
i-0936720441ad45342 99.71
i-0a939e185223abb96 80.7988101005387

ap-northeast-3
i-03a11c462f4e70749 99.87583333333333
i-004b8280e71b65879 99.87916666666666
i-067ba08bd2ba11a1f 97.69420354105209

ap-northeast-2
i-067e2a8dca2bed69b 58.90477431265873
i-060cd10060872f688 99.85000000000001
i-06485e9ae3dbea465 53.532946882448044

ap-northeast-1
i-0f0f08630b913ea0c 57.127995591593184
i-0a772a14f25c908ee 90.27550043955239
i-0ebf58fc377de0ce3 68.03687932624467

ap-southeast-2
i-0695a8fb4eaf601f2 53.07718466727638
i-0ea1e9c023c3a0d1c 54.86916666666667
i-05c4ae29c9b04bf49 50.34793210390938

ap-southeast-1
i-048c229d1f45521a3 64.53333333333333
i-0d8f4d48cc5d23528 77.67870218829687
i-090032e008cf23f82 53.21974000492602

eu-central-1
i-0e540a78d36bc079d 62.7594882307517
i-0ba84386e0693e108 51.5075
i-0fde5ba140592fdc3 94.13

eu-west-1
i-017a4ca6744d19611 95.68576142935716
i-0428848afd359fc68 56.807806261888445
i-022e196f74cfecb43 92.53777917590263

eu-west-3
i-0f47d090fdc2fa256 95.8656233321849
i-0027c6446500a06b7 56.6161111111111
i-0f30daf19cc31fa13 57.675000000000004

sa-east-1
i-001320548ae4ca4eb 53.89222222222222
i-026dd7ea64229cf84 59.513661577862585
i-0afca18bc4874728e 85.60466731110039

