1721711072.2355354

Geometry optimization cycle 1
Cartesian coordinates (Angstrom)
 Atom        New coordinates             dX        dY        dZ
   C  -7.338226   5.042760   0.000000    0.000000  0.000000  0.000000
   C  -7.365228   0.691139   0.000000    0.000000  0.000000  0.000000
   C  -6.173642   2.889413   0.000000    0.000000  0.000000  0.000000
   C  -4.910090   5.019617   0.000000    0.000000  0.000000  0.000000
   C  -7.358051  -3.642635   0.000000    0.000000  0.000000  0.000000
   C  -6.173475  -1.431785   0.000000    0.000000  0.000000  0.000000
   C  -4.940069   0.716689   0.000000    0.000000  0.000000  0.000000
   C  -3.694845   2.860312   0.000000    0.000000  0.000000  0.000000
   C  -2.457224   5.005715   0.000000    0.000000  0.000000  0.000000
   C  -6.138515  -5.727246   0.000000    0.000000  0.000000  0.000000
   C  -4.928214  -3.580071   0.000000    0.000000  0.000000  0.000000
   C  -3.698169  -1.425571   0.000000    0.000000  0.000000  0.000000
   C  -2.471779   0.716540   0.000000    0.000000  0.000000  0.000000
   C  -1.230705   2.851907   0.000000    0.000000 -0.000000  0.000000
   C   0.000000   5.003169   0.000000    0.000000  0.000000  0.000000
   N  -3.678966  -5.694052   0.000000    0.000000  0.000000  0.000000
   C  -2.466015  -3.560923   0.000000    0.000000  0.000000  0.000000
   N  -1.232423  -1.423207   0.000000    0.000000  0.000000  0.000000
   C   0.000000   0.715809   0.000000    0.000000  0.000000  0.000000
   C   1.230705   2.851907   0.000000    0.000000 -0.000000  0.000000
   N   2.457224   5.005715   0.000000    0.000000  0.000000  0.000000
   C  -1.226334  -5.685080   0.000000    0.000000  0.000000  0.000000
   C   0.000000  -3.557079   0.000000    0.000000  0.000000  0.000000
   C   1.232423  -1.423207   0.000000    0.000000  0.000000  0.000000
   C   2.471779   0.716540   0.000000    0.000000  0.000000  0.000000
   C   3.694845   2.860312   0.000000    0.000000  0.000000  0.000000
   N   4.910090   5.019617   0.000000    0.000000  0.000000  0.000000
   C   1.226334  -5.685080   0.000000    0.000000  0.000000  0.000000
   C   2.466015  -3.560923   0.000000    0.000000  0.000000  0.000000
   C   3.698169  -1.425571   0.000000    0.000000  0.000000  0.000000
   C   4.940069   0.716689   0.000000    0.000000  0.000000  0.000000
   N   6.173642   2.889413   0.000000    0.000000  0.000000  0.000000
   C   7.338226   5.042760   0.000000    0.000000  0.000000  0.000000
   C   3.678966  -5.694052   0.000000    0.000000  0.000000  0.000000
   C   4.928214  -3.580071   0.000000    0.000000  0.000000  0.000000
   C   6.173475  -1.431785   0.000000   -0.000000  0.000000  0.000000
   C   7.365228   0.691139   0.000000    0.000000  0.000000  0.000000
   C   6.138515  -5.727246   0.000000    0.000000  0.000000  0.000000
   C   7.358051  -3.642635   0.000000   -0.000000  0.000000  0.000000
   N  -7.358051   3.642635   0.000000    0.000000  0.000000  0.000000
   C  -6.138515   5.727246   0.000000    0.000000  0.000000  0.000000
   C  -7.365228  -0.691139   0.000000    0.000000  0.000000  0.000000
   C  -6.173475   1.431785   0.000000    0.000000  0.000000  0.000000
   C  -4.928214   3.580071   0.000000    0.000000 -0.000000  0.000000
   C  -3.678966   5.694052   0.000000    0.000000  0.000000  0.000000
   C  -7.338226  -5.042760   0.000000    0.000000  0.000000  0.000000
   C  -6.173642  -2.889413   0.000000    0.000000  0.000000  0.000000
   C  -4.940069  -0.716689   0.000000    0.000000  0.000000  0.000000
   N  -3.698169   1.425571   0.000000    0.000000  0.000000  0.000000
   C  -2.466015   3.560923   0.000000    0.000000 -0.000000  0.000000
   C  -1.226334   5.685080   0.000000    0.000000  0.000000  0.000000
   C  -4.910090  -5.019617   0.000000    0.000000  0.000000  0.000000
   C  -3.694845  -2.860312   0.000000    0.000000  0.000000  0.000000
   C  -2.471779  -0.716540   0.000000    0.000000  0.000000  0.000000
   C  -1.232423   1.423207   0.000000    0.000000  0.000000  0.000000
   C   0.000000   3.557079   0.000000    0.000000  0.000000  0.000000
   C   1.226334   5.685080   0.000000    0.000000  0.000000  0.000000
   C  -2.457224  -5.005715   0.000000    0.000000  0.000000  0.000000
   C  -1.230705  -2.851907   0.000000    0.000000  0.000000  0.000000
   N   0.000000  -0.715809   0.000000    0.000000  0.000000  0.000000
   C   1.232423   1.423207   0.000000    0.000000  0.000000  0.000000
   C   2.466015   3.560923   0.000000    0.000000 -0.000000  0.000000
   C   3.678966   5.694052   0.000000    0.000000  0.000000  0.000000
   C   0.000000  -5.003169   0.000000    0.000000  0.000000  0.000000
   C   1.230705  -2.851907   0.000000    0.000000  0.000000  0.000000
   C   2.471779  -0.716540   0.000000    0.000000  0.000000  0.000000
   N   3.698169   1.425571   0.000000    0.000000  0.000000  0.000000
   N   4.928214   3.580071   0.000000    0.000000 -0.000000  0.000000
   C   6.138515   5.727246   0.000000    0.000000  0.000000  0.000000
   C   2.457224  -5.005715   0.000000    0.000000  0.000000  0.000000
   C   3.694845  -2.860312   0.000000    0.000000  0.000000  0.000000
   C   4.940069  -0.716689   0.000000    0.000000  0.000000  0.000000
   C   6.173475   1.431785   0.000000   -0.000000  0.000000  0.000000
   C   7.358051   3.642635   0.000000   -0.000000  0.000000  0.000000
   C   4.910090  -5.019617   0.000000    0.000000  0.000000  0.000000
   C   6.173642  -2.889413   0.000000    0.000000  0.000000  0.000000
   C   7.365228  -0.691139   0.000000    0.000000  0.000000  0.000000
   C   7.338226  -5.042760   0.000000    0.000000  0.000000  0.000000
   H   8.282184   5.591425   0.000000    0.000000 -0.000000  0.000000
   H   8.325741   3.141106   0.000000    0.000000  0.000000  0.000000
   H   8.326715   1.204661   0.000000    0.000000  0.000000  0.000000
   H   8.326715  -1.204661   0.000000    0.000000  0.000000  0.000000
   H   8.325741  -3.141106   0.000000    0.000000  0.000000  0.000000
   H   8.282184  -5.591425   0.000000    0.000000  0.000000  0.000000
   H  -8.282184   5.591425   0.000000    0.000000 -0.000000  0.000000
   H  -8.325741   3.141106   0.000000    0.000000  0.000000  0.000000
   H  -8.326715   1.204661   0.000000    0.000000  0.000000  0.000000
   H  -8.326715  -1.204661   0.000000    0.000000  0.000000  0.000000
   H  -8.325741  -3.141106   0.000000    0.000000  0.000000  0.000000
   H  -8.282184  -5.591425   0.000000    0.000000  0.000000  0.000000
   H  -6.116625   6.819427   0.000000    0.000000  0.000000  0.000000
   H  -3.672757   6.787431   0.000000    0.000000  0.000000  0.000000
   H  -1.225580   6.778408   0.000000    0.000000 -0.000000  0.000000
   H   1.225580   6.778408   0.000000    0.000000 -0.000000  0.000000
   H   3.672757   6.787431   0.000000    0.000000  0.000000  0.000000
   H   6.116625   6.819427   0.000000   -0.000000  0.000000  0.000000
   H  -6.116625  -6.819427   0.000000    0.000000  0.000000  0.000000
   H  -3.672757  -6.787431   0.000000    0.000000  0.000000  0.000000
   H  -1.225580  -6.778408   0.000000    0.000000  0.000000  0.000000
   H   1.225580  -6.778408   0.000000    0.000000  0.000000  0.000000
   H   3.672757  -6.787431   0.000000    0.000000  0.000000  0.000000
   H   6.116625  -6.819427   0.000000   -0.000000  0.000000  0.000000
converged SCF energy = -3150.52706823906
--------------- RKS_Scanner gradients ---------------
         x                y                z
0 C    -0.0295432934    -0.0030538535    -0.0000000000
1 C     0.0049136408     0.0158984781     0.0000000000
2 C    -0.0143952820    -0.0051356173    -0.0000000000
3 C    -0.0438175782    -0.0098110360    -0.0000000000
4 C     0.0064835451     0.0105171775    -0.0000000000
5 C    -0.0086717519     0.0008312368     0.0000000000
6 C    -0.0116437502    -0.0110587353     0.0000000000
7 C    -0.0208534494     0.0096379373    -0.0000000000
8 C    -0.0239407529     0.0055672437     0.0000000000
9 C    -0.0283145921    -0.0004941792    -0.0000000000
10 C    -0.0009333403     0.0090826362     0.0000000000
11 C    -0.0066717609     0.0309437620     0.0000000000
12 C     0.0058199509     0.0416884214     0.0000000000
13 C    -0.0296498257     0.0139479836     0.0000000000
14 C    -0.0289829042    -0.0122659522     0.0000000000
15 N     0.0067938222     0.0234370030     0.0000000000
16 C    -0.0065586641    -0.0019708025     0.0000000000
17 N     0.0256833938     0.0119473444     0.0000000000
18 C     0.0164199116     0.0200124296    -0.0000000000
19 C     0.0067968151    -0.0072452570    -0.0000000000
20 N    -0.0255203433     0.0057127708     0.0000000000
21 C     0.0407229044    -0.0026885066     0.0000000000
22 C     0.0266419596    -0.0035396453    -0.0000000000
23 C     0.0132038762     0.0034474941    -0.0000000000
24 C    -0.0150353711    -0.0062140733    -0.0000000000
25 C    -0.0014254370    -0.0148453074    -0.0000000000
26 N     0.0070657168    -0.0446915958    -0.0000000000
27 C     0.0168161964    -0.0058262737     0.0000000000
28 C     0.0117010452    -0.0069686825     0.0000000000
29 C    -0.0002426894     0.0180647259     0.0000000000
30 C    -0.0159600604    -0.0023314397     0.0000000000
31 N    -0.0193065849     0.0174991419    -0.0000000000
32 C     0.0006961886     0.0383997350    -0.0000000000
33 C     0.0074262234    -0.0054758778    -0.0000000000
34 C    -0.0041508815     0.0006854994     0.0000000000
35 C    -0.0005503355    -0.0009052744     0.0000000000
36 C    -0.0060173009    -0.0056478532    -0.0000000000
37 C     0.0002228250    -0.0040060057     0.0000000000
38 C    -0.0024836182    -0.0012945845     0.0000000000
39 N     0.0335521374     0.0148076175     0.0000000000
40 C     0.0398727140     0.0132440784     0.0000000000
41 C     0.0087039511    -0.0137347089    -0.0000000000
42 C    -0.0091132568    -0.0170978397     0.0000000000
43 C     0.0310479587     0.0169662768     0.0000000000
44 C     0.0334286373     0.0075888674    -0.0000000000
45 C     0.0041495516    -0.0202785933     0.0000000000
46 C    -0.0032947687     0.0011070612     0.0000000000
47 C     0.0002222985    -0.0113928370    -0.0000000000
48 N     0.0196891886    -0.0014674921     0.0000000000
49 C     0.0319104817     0.0017432319    -0.0000000000
50 C     0.0140184447     0.0045308576    -0.0000000000
51 C     0.0046317236     0.0073613106     0.0000000000
52 C     0.0043448207    -0.0226057516    -0.0000000000
53 C    -0.0135358168    -0.0429935162    -0.0000000000
54 C    -0.0099382719    -0.0118215863    -0.0000000000
55 C     0.0083781036     0.0113952201    -0.0000000000
56 C     0.0143080000     0.0148224855    -0.0000000000
57 C    -0.0273756678     0.0119691828    -0.0000000000
58 C    -0.0163093375     0.0074198971     0.0000000000
59 N    -0.0250060318    -0.0201626087     0.0000000000
60 C    -0.0082068829     0.0033878995     0.0000000000
61 C    -0.0171611471    -0.0039925811    -0.0000000000
62 C    -0.0000336794     0.0498179376     0.0000000000
63 C    -0.0191343793    -0.0041275137    -0.0000000000
64 C    -0.0152761490    -0.0137580311     0.0000000000
65 C     0.0070566890    -0.0136144472     0.0000000000
66 N     0.0193943763    -0.0129475154     0.0000000000
67 N     0.0208034097     0.0317361287     0.0000000000
68 C     0.0233728058     0.0136787518    -0.0000000000
69 C    -0.0106028694     0.0069319797     0.0000000000
70 C    -0.0087125297    -0.0134190982    -0.0000000000
71 C     0.0022768198    -0.0135511556    -0.0000000000
72 C     0.0319299945    -0.0271292096    -0.0000000000
73 C    -0.0026501663    -0.0269270885     0.0000000000
74 C    -0.0007839054    -0.0006751555    -0.0000000000
75 C     0.0010595145     0.0047720578    -0.0000000000
76 C     0.0060057953    -0.0048392170    -0.0000000000
77 C     0.0039251345    -0.0039332084    -0.0000000000
78 H     0.0079464834     0.0048463056    -0.0000000000
79 H     0.0153742833     0.0035808949    -0.0000000000
80 H     0.0070367441     0.0028702091     0.0000000000
81 H     0.0060506894    -0.0039907445     0.0000000000
82 H     0.0051356137     0.0031111656    -0.0000000000
83 H     0.0046160047    -0.0028891402     0.0000000000
84 H    -0.0031918490     0.0106619784    -0.0000000000
85 H    -0.0560556848    -0.0265330772     0.0000000000
86 H    -0.0040362843     0.0031037308    -0.0000000000
87 H    -0.0059887806    -0.0032159690     0.0000000000
88 H    -0.0056406426     0.0034128440     0.0000000000
89 H    -0.0055627253    -0.0027252524    -0.0000000000
90 H     0.0034684118     0.0078696306     0.0000000000
91 H     0.0004700093     0.0063735718    -0.0000000000
92 H     0.0007151448     0.0063267340     0.0000000000
93 H    -0.0078079952     0.0095885680     0.0000000000
94 H    -0.0037578646     0.0139913737    -0.0000000000
95 H     0.0112327236     0.0110457410     0.0000000000
96 H     0.0003146340    -0.0052740554     0.0000000000
97 H    -0.0003218649    -0.0622701394     0.0000000000
98 H    -0.0002697755    -0.0056662924    -0.0000000000
99 H     0.0002479420    -0.0065989179    -0.0000000000
100 H     0.0003046776    -0.0063912125     0.0000000000
101 H    -0.0000107777    -0.0059082628    -0.0000000000
----------------------------------------------
cycle 1: E = -3150.52706824  dE = -3150.53  norm(grad) = 0.235825

Geometry optimization cycle 2
Cartesian coordinates (Angstrom)
 Atom        New coordinates             dX        dY        dZ
   C  -7.269185   4.930194   0.000000    0.069040 -0.112566  0.000000
   C  -7.308572   0.711037   0.000000    0.056655  0.019898  0.000000
   C  -6.077084   2.856485   0.000000    0.096558 -0.032928  0.000000
   C  -4.840119   4.966886  -0.000000    0.069972 -0.052731 -0.000000
   C  -7.310643  -3.584664   0.000000    0.047408  0.057971  0.000000
   C  -6.126154  -1.380805   0.000000    0.047321  0.050980  0.000000
   C  -4.888268   0.730804  -0.000000    0.051800  0.014115 -0.000000
   C  -3.643232   2.819490  -0.000000    0.051613 -0.040822 -0.000000
   C  -2.410538   4.948357  -0.000000    0.046685 -0.057358 -0.000000
   C  -6.041440  -5.655922   0.000000    0.097075  0.071324  0.000000
   C  -4.890735  -3.498719  -0.000000    0.037479  0.081352 -0.000000
   C  -3.660542  -1.393024  -0.000000    0.037626  0.032547 -0.000000
   C  -2.454805   0.697110  -0.000000    0.016974 -0.019429 -0.000000
   C  -1.200132   2.807521  -0.000000    0.030572 -0.044386 -0.000000
   C   0.042183   4.947750  -0.000000    0.042183 -0.055418 -0.000000
   N  -3.644821  -5.528623  -0.000000    0.034145  0.165429 -0.000000
   C  -2.432357  -3.489823  -0.000000    0.033658  0.071100 -0.000000
   N  -1.234592  -1.400640  -0.000000   -0.002169  0.022568 -0.000000
   C  -0.016941   0.688685  -0.000000   -0.016941 -0.027124 -0.000000
   C   1.209678   2.797504  -0.000000   -0.021027 -0.054403 -0.000000
   N   2.443292   4.868533  -0.000000   -0.013931 -0.137182 -0.000000
   C  -1.240911  -5.625371  -0.000000   -0.014577  0.059709 -0.000000
   C  -0.007512  -3.506142  -0.000000   -0.007512  0.050937 -0.000000
   C   1.210514  -1.403475  -0.000000   -0.021909  0.019732 -0.000000
   C   2.439524   0.704740  -0.000000   -0.032255 -0.011800 -0.000000
   C   3.647201   2.799751  -0.000000   -0.047644 -0.060561 -0.000000
   N   4.840356   4.894297   0.000000   -0.069734 -0.125319  0.000000
   C   1.200164  -5.613774  -0.000000   -0.026171  0.071306 -0.000000
   C   2.449976  -3.510124  -0.000000   -0.016039  0.050798 -0.000000
   C   3.657173  -1.410754  -0.000000   -0.040995  0.014817 -0.000000
   C   4.869030   0.719717  -0.000000   -0.071039  0.003028 -0.000000
   N   6.108412   2.834752   0.000000   -0.065230 -0.054661  0.000000
   C   7.229521   4.916680   0.000000   -0.108705 -0.126080  0.000000
   C   3.654054  -5.625193  -0.000000   -0.024913  0.068859 -0.000000
   C   4.913957  -3.524883   0.000000   -0.014258  0.055188  0.000000
   C   6.115256  -1.384822   0.000000   -0.058219  0.046964  0.000000
   C   7.269609   0.747926   0.000000   -0.095619  0.056787  0.000000
   C   6.110212  -5.643766   0.000000   -0.028303  0.083479  0.000000
   C   7.340641  -3.560596   0.000000   -0.017410  0.082039  0.000000
   N  -7.255471   3.559796   0.000000    0.102580 -0.082839  0.000000
   C  -6.112603   5.621810   0.000000    0.025912 -0.105436  0.000000
   C  -7.324993  -0.652733   0.000000    0.040235  0.038406  0.000000
   C  -6.105791   1.435968   0.000000    0.067684  0.004183  0.000000
   C  -4.870261   3.533549  -0.000000    0.057953 -0.046521 -0.000000
   C  -3.641599   5.636478  -0.000000    0.037367 -0.057574 -0.000000
   C  -7.242325  -4.966489   0.000000    0.095900  0.076271  0.000000
   C  -6.133922  -2.825596   0.000000    0.039720  0.063817  0.000000
   C  -4.894401  -0.680790  -0.000000    0.045668  0.035899 -0.000000
   N  -3.666722   1.410571  -0.000000    0.031447 -0.015000 -0.000000
   C  -2.440858   3.513302  -0.000000    0.025157 -0.047620 -0.000000
   C  -1.190396   5.618173  -0.000000    0.035938 -0.066907 -0.000000
   C  -4.869935  -4.910676   0.000000    0.040155  0.108941  0.000000
   C  -3.659241  -2.791487  -0.000000    0.035604  0.068825 -0.000000
   C  -2.444982  -0.684697  -0.000000    0.026797  0.031843 -0.000000
   C  -1.221831   1.401183  -0.000000    0.010592 -0.022024 -0.000000
   C   0.005247   3.508322  -0.000000    0.005247 -0.048756 -0.000000
   C   1.259594   5.587996  -0.000000    0.033260 -0.097083 -0.000000
   C  -2.410552  -4.915327  -0.000000    0.046672  0.090388 -0.000000
   C  -1.208051  -2.807672  -0.000000    0.022654  0.044235 -0.000000
   N   0.001333  -0.705588  -0.000000    0.001333  0.010221 -0.000000
   C   1.209213   1.386813  -0.000000   -0.023210 -0.036394 -0.000000
   C   2.444497   3.472314  -0.000000   -0.021518 -0.088608 -0.000000
   C   3.638236   5.499254   0.000000   -0.040730 -0.194798  0.000000
   C  -0.010655  -4.941029  -0.000000   -0.010655  0.062139 -0.000000
   C   1.226888  -2.808738  -0.000000   -0.003817  0.043169 -0.000000
   C   2.436720  -0.703788  -0.000000   -0.035060  0.012751 -0.000000
   N   3.632188   1.406398  -0.000000   -0.065981 -0.019173 -0.000000
   N   4.861018   3.476764   0.000000   -0.067196 -0.103306  0.000000
   C   6.022135   5.588353   0.000000   -0.116380 -0.138892  0.000000
   C   2.439293  -4.949532  -0.000000   -0.017931  0.056183 -0.000000
   C   3.681975  -2.820272  -0.000000   -0.012870  0.040040 -0.000000
   C   4.881014  -0.690720  -0.000000   -0.059055  0.025969 -0.000000
   C   6.062947   1.442461   0.000000   -0.110528  0.010676  0.000000
   C   7.285761   3.554571   0.000000   -0.072290 -0.088065  0.000000
   C   4.883267  -4.952419   0.000000   -0.026824  0.067198  0.000000
   C   6.149183  -2.833851   0.000000   -0.024459  0.055562  0.000000
   C   7.281463  -0.622612   0.000000   -0.083765  0.068527  0.000000
   C   7.299095  -4.951715   0.000000   -0.039131  0.091044  0.000000
   H   8.153798   5.476600   0.000000   -0.128386 -0.114825  0.000000
   H   8.221853   3.024845   0.000000   -0.103887 -0.116261  0.000000
   H   8.210418   1.280290   0.000000   -0.116297  0.075629  0.000000
   H   8.244571  -1.114388   0.000000   -0.082144  0.090274  0.000000
   H   8.302022  -3.062465   0.000000   -0.023719  0.078641  0.000000
   H   8.235873  -5.499710   0.000000   -0.046311  0.091715  0.000000
   H  -8.232297   5.423452   0.000000    0.049887 -0.167973  0.000000
   H  -8.140306   3.060821   0.000000    0.185434 -0.080285  0.000000
   H  -8.259888   1.230752   0.000000    0.066827  0.026091  0.000000
   H  -8.279790  -1.161526   0.000000    0.046925  0.043136  0.000000
   H  -8.282364  -3.108605   0.000000    0.043377  0.032501  0.000000
   H  -8.169873  -5.528264   0.000000    0.112311  0.063161  0.000000
   H  -6.142127   6.704256   0.000000   -0.025501 -0.115171  0.000000
   H  -3.643695   6.722180  -0.000000    0.029062 -0.065251 -0.000000
   H  -1.196605   6.703851  -0.000000    0.028975 -0.074557 -0.000000
   H   1.328306   6.667567  -0.000000    0.102726 -0.110841 -0.000000
   H   3.644159   6.575728   0.000000   -0.028598 -0.211703  0.000000
   H   5.940058   6.664609   0.000000   -0.176567 -0.154817  0.000000
   H  -5.998201  -6.741108   0.000000    0.118425  0.078319  0.000000
   H  -3.645368  -6.546895  -0.000000    0.027389  0.240536 -0.000000
   H  -1.261292  -6.711673  -0.000000   -0.035713  0.066734 -0.000000
   H   1.191835  -6.699111  -0.000000   -0.033744  0.079297 -0.000000
   H   3.649147  -6.710871  -0.000000   -0.023610  0.076561 -0.000000
   H   6.097847  -6.728988   0.000000   -0.018779  0.090439  0.000000
converged SCF energy = -3150.61014843304
--------------- RKS_Scanner gradients ---------------
         x                y                z
0 C    -0.0096487089    -0.0027254396     0.0000000000
1 C     0.0042977292     0.0039116620    -0.0000000000
2 C     0.0012103074    -0.0011263688     0.0000000000
3 C    -0.0117114012    -0.0036038695     0.0000000000
4 C    -0.0009202458     0.0065947120     0.0000000000
5 C    -0.0025364518     0.0040781217     0.0000000000
6 C    -0.0061479218    -0.0061856606     0.0000000000
7 C    -0.0094425014     0.0065021364     0.0000000000
8 C    -0.0136092509     0.0021166996     0.0000000000
9 C    -0.0063954827    -0.0062227704     0.0000000000
10 C     0.0064670080     0.0002659610    -0.0000000000
11 C     0.0022453205     0.0151878240    -0.0000000000
12 C     0.0024154272     0.0161466734    -0.0000000000
13 C    -0.0086429376     0.0058098173     0.0000000000
14 C    -0.0085750081    -0.0078847179     0.0000000000
15 N     0.0010380687     0.0193013899     0.0000000000
16 C    -0.0055511606     0.0000673337     0.0000000000
17 N     0.0060771524     0.0080010189     0.0000000000
18 C     0.0030228505     0.0114366007     0.0000000000
19 C     0.0020298405     0.0008993813     0.0000000000
20 N    -0.0161102325     0.0047198395    -0.0000000000
21 C     0.0127657072    -0.0005561147     0.0000000000
22 C     0.0090005370     0.0020052385     0.0000000000
23 C     0.0062780336    -0.0013622991    -0.0000000000
24 C    -0.0095433808    -0.0043655142    -0.0000000000
25 C    -0.0013714482    -0.0011378270     0.0000000000
26 N     0.0124293893    -0.0167664010    -0.0000000000
27 C     0.0056782959     0.0002384581     0.0000000000
28 C     0.0048569881    -0.0001861036    -0.0000000000
29 C    -0.0035856817     0.0067723057    -0.0000000000
30 C    -0.0065393704    -0.0000197260    -0.0000000000
31 N     0.0079536420     0.0178420272     0.0000000000
32 C    -0.0074871154     0.0094346584     0.0000000000
33 C     0.0040393374    -0.0017556682     0.0000000000
34 C    -0.0010281267     0.0032521829    -0.0000000000
35 C    -0.0008485767    -0.0001846161    -0.0000000000
36 C    -0.0044458438     0.0067386201     0.0000000000
37 C     0.0008225943    -0.0018261756     0.0000000000
38 C     0.0029580837     0.0014772505     0.0000000000
39 N     0.0100030289     0.0007633173    -0.0000000000
40 C     0.0091352275    -0.0059462111     0.0000000000
41 C     0.0022471750    -0.0064791822    -0.0000000000
42 C    -0.0053429413    -0.0004591583    -0.0000000000
43 C     0.0076854355     0.0054954409    -0.0000000000
44 C     0.0149680158     0.0001274357    -0.0000000000
45 C     0.0108383985    -0.0024100195    -0.0000000000
46 C    -0.0053748544    -0.0043026952    -0.0000000000
47 C     0.0013285975     0.0001149714    -0.0000000000
48 N     0.0108260976    -0.0029021000    -0.0000000000
49 C     0.0116924596    -0.0005067172    -0.0000000000
50 C     0.0110166155    -0.0019455129    -0.0000000000
51 C    -0.0103150390     0.0043498631     0.0000000000
52 C     0.0021387041    -0.0058998901     0.0000000000
53 C    -0.0079290340    -0.0182634322     0.0000000000
54 C    -0.0083661680    -0.0080274296    -0.0000000000
55 C    -0.0007946449     0.0061027645    -0.0000000000
56 C     0.0174313245     0.0057541558    -0.0000000000
57 C     0.0024422406    -0.0042874704    -0.0000000000
58 C    -0.0001647539    -0.0036467435    -0.0000000000
59 N    -0.0090789934    -0.0111211387    -0.0000000000
60 C    -0.0014766134    -0.0016256249    -0.0000000000
61 C    -0.0007183859    -0.0057622333    -0.0000000000
62 C    -0.0063098123     0.0052690490    -0.0000000000
63 C    -0.0117721559     0.0003569867    -0.0000000000
64 C    -0.0060884996    -0.0033315878     0.0000000000
65 C     0.0014605787    -0.0028418124     0.0000000000
66 N     0.0098223962    -0.0012179088     0.0000000000
67 N    -0.0002595990     0.0092015374     0.0000000000
68 C     0.0032615702     0.0033752397    -0.0000000000
69 C    -0.0041376113     0.0026165388    -0.0000000000
70 C    -0.0001372641    -0.0081650118     0.0000000000
71 C    -0.0006510312    -0.0037891346     0.0000000000
72 C     0.0024727361    -0.0141393202    -0.0000000000
73 C    -0.0015118908    -0.0189741841    -0.0000000000
74 C    -0.0018952468     0.0007201574    -0.0000000000
75 C     0.0029449185    -0.0023692101     0.0000000000
76 C    -0.0031281977    -0.0003738967    -0.0000000000
77 C    -0.0039924801     0.0008210225    -0.0000000000
78 H     0.0016451425    -0.0005080773    -0.0000000000
79 H     0.0066204303     0.0008296443     0.0000000000
80 H     0.0030361986     0.0039421676    -0.0000000000
81 H     0.0006624256     0.0000617394     0.0000000000
82 H     0.0014557429     0.0009974109     0.0000000000
83 H     0.0005123190     0.0001665564     0.0000000000
84 H     0.0004300765     0.0032817801    -0.0000000000
85 H    -0.0119248362    -0.0050080042     0.0000000000
86 H    -0.0005539655     0.0011625831     0.0000000000
87 H    -0.0018013752    -0.0001249900     0.0000000000
88 H    -0.0014710695     0.0011353019     0.0000000000
89 H    -0.0002248271     0.0003546935     0.0000000000
90 H     0.0008934666     0.0006501652    -0.0000000000
91 H    -0.0005027732     0.0010064610     0.0000000000
92 H     0.0005123176     0.0007945424     0.0000000000
93 H    -0.0041402653     0.0022533200     0.0000000000
94 H    -0.0016613735     0.0008336211     0.0000000000
95 H     0.0039616540     0.0025064462     0.0000000000
96 H     0.0012406285    -0.0020515378    -0.0000000000
97 H    -0.0001647034    -0.0108437956    -0.0000000000
98 H    -0.0010064450    -0.0017774309    -0.0000000000
99 H    -0.0003414909    -0.0007941971    -0.0000000000
100 H    -0.0002733605    -0.0009716312     0.0000000000
101 H    -0.0006433201    -0.0010708119     0.0000000000
----------------------------------------------
cycle 2: E = -3150.61014843  dE = -0.0830802  norm(grad) = 0.0913269

Geometry optimization cycle 3
Cartesian coordinates (Angstrom)
 Atom        New coordinates             dX        dY        dZ
   C  -7.213440   4.946513   0.000000    0.055745  0.016319  0.000000
   C  -7.292061   0.707151   0.000000    0.016512 -0.003886  0.000000
   C  -6.061706   2.848692   0.000000    0.015378 -0.007794  0.000000
   C  -4.835769   4.957497   0.000000    0.004349 -0.009388  0.000000
   C  -7.288785  -3.590954  -0.000000    0.021858 -0.006289 -0.000000
   C  -6.101430  -1.389106  -0.000000    0.024724 -0.008302 -0.000000
   C  -4.867239   0.726165   0.000000    0.021029 -0.004639  0.000000
   C  -3.629884   2.795193   0.000000    0.013348 -0.024297  0.000000
   C  -2.404108   4.922438   0.000000    0.006430 -0.025920  0.000000
   C  -6.032150  -5.594559  -0.000000    0.009290  0.061363 -0.000000
   C  -4.872218  -3.509048  -0.000000    0.018517 -0.010329 -0.000000
   C  -3.642840  -1.402423  -0.000000    0.017702 -0.009399  0.000000
   C  -2.441355   0.681351   0.000000    0.013450 -0.015759  0.000000
   C  -1.186654   2.784580  -0.000000    0.013478 -0.022940  0.000000
   C   0.031682   4.930570  -0.000000   -0.010501 -0.017180 -0.000000
   N  -3.624445  -5.571474  -0.000000    0.020376 -0.042850 -0.000000
   C  -2.423736  -3.473574  -0.000000    0.008620  0.016249 -0.000000
   N  -1.224216  -1.394197  -0.000000    0.010376  0.006443  0.000000
   C  -0.001286   0.678722  -0.000000    0.015654 -0.009963  0.000000
   C   1.209912   2.786901  -0.000000    0.000235 -0.010603  0.000000
   N   2.452488   4.846961  -0.000000    0.009196 -0.021572 -0.000000
   C  -1.262073  -5.585403  -0.000000   -0.021162  0.039968 -0.000000
   C  -0.016040  -3.491223  -0.000000   -0.008528  0.014919  0.000000
   C   1.216455  -1.387077   0.000000    0.005941  0.016398  0.000000
   C   2.459183   0.712636  -0.000000    0.019660  0.007896  0.000000
   C   3.630391   2.789363  -0.000000   -0.016810 -0.010387 -0.000000
   N   4.793296   4.875921  -0.000000   -0.047060 -0.018376 -0.000000
   C   1.188083  -5.602974  -0.000000   -0.012081  0.010800  0.000000
   C   2.435136  -3.492977   0.000000   -0.014840  0.017148  0.000000
   C   3.666739  -1.398744   0.000000    0.009565  0.012010  0.000000
   C   4.883805   0.731369   0.000000    0.014775  0.011652  0.000000
   N   6.074645   2.821217  -0.000000   -0.033768 -0.013535 -0.000000
   C   7.200985   4.942357  -0.000000   -0.028535  0.025677 -0.000000
   C   3.638902  -5.605191   0.000000   -0.015152  0.020003  0.000000
   C   4.891309  -3.518951   0.000000   -0.022648  0.005932  0.000000
   C   6.118002  -1.380241   0.000000    0.002747  0.004580  0.000000
   C   7.275729   0.726476   0.000000    0.006120 -0.021450 -0.000000
   C   6.103239  -5.628831   0.000000   -0.006973  0.014935  0.000000
   C   7.300981  -3.569244   0.000000   -0.039660 -0.008648  0.000000
   N  -7.212354   3.582933   0.000000    0.043117  0.023137  0.000000
   C  -6.089736   5.667888   0.000000    0.022867  0.046078  0.000000
   C  -7.296444  -0.649819   0.000000    0.028549  0.002914 -0.000000
   C  -6.082798   1.430479   0.000000    0.022993 -0.005490  0.000000
   C  -4.861751   3.514377   0.000000    0.008510 -0.019172  0.000000
   C  -3.646104   5.606832   0.000000   -0.004505 -0.029646  0.000000
   C  -7.271719  -4.965569  -0.000000   -0.029394  0.000920 -0.000000
   C  -6.108147  -2.831721  -0.000000    0.025775 -0.006124 -0.000000
   C  -4.874469  -0.686792   0.000000    0.019932 -0.006002  0.000000
   N  -3.657235   1.396730   0.000000    0.009487 -0.013841  0.000000
   C  -2.438149   3.488381   0.000000    0.002709 -0.024921  0.000000
   C  -1.204321   5.607377   0.000000   -0.013924 -0.010796  0.000000
   C  -4.824654  -4.920624  -0.000000    0.045281 -0.009948 -0.000000
   C  -3.651871  -2.786446  -0.000000    0.007370  0.005041 -0.000000
   C  -2.427188  -0.677587   0.000000    0.017794  0.007110  0.000000
   C  -1.201230   1.389083   0.000000    0.020600 -0.012100  0.000000
   C   0.006462   3.488004  -0.000000    0.001216 -0.020319  0.000000
   C   1.247762   5.539403  -0.000000   -0.011832 -0.048594 -0.000000
   C  -2.428233  -4.894194  -0.000000   -0.017681  0.021133 -0.000000
   C  -1.205486  -2.792436  -0.000000    0.002565  0.015236  0.000000
   N   0.017531  -0.695251  -0.000000    0.016198  0.010337  0.000000
   C   1.223955   1.380841  -0.000000    0.014742 -0.005972  0.000000
   C   2.439892   3.465196  -0.000000   -0.004605 -0.007118 -0.000000
   C   3.625693   5.487389  -0.000000   -0.012543 -0.011865 -0.000000
   C  -0.010352  -4.923986  -0.000000    0.000303  0.017043  0.000000
   C   1.221801  -2.788046  -0.000000   -0.005087  0.020692  0.000000
   C   2.445472  -0.690480   0.000000    0.008753  0.013308  0.000000
   N   3.636375   1.408227  -0.000000    0.004187  0.001829  0.000000
   N   4.831342   3.453274  -0.000000   -0.029676 -0.023491 -0.000000
   C   5.962743   5.560882  -0.000000   -0.059393 -0.027472 -0.000000
   C   2.427537  -4.934955   0.000000   -0.011756  0.014577  0.000000
   C   3.668803  -2.800229   0.000000   -0.013172  0.020042  0.000000
   C   4.890407  -0.676000   0.000000    0.009393  0.014720  0.000000
   C   6.073546   1.446022  -0.000000    0.010599  0.003561 -0.000000
   C   7.219290   3.595163  -0.000000   -0.066471  0.040593 -0.000000
   C   4.874223  -4.943563   0.000000   -0.009044  0.008857  0.000000
   C   6.120679  -2.827595   0.000000   -0.028504  0.006256  0.000000
   C   7.296384  -0.640611   0.000000    0.014920 -0.017999  0.000000
   C   7.302859  -4.958411   0.000000    0.003765 -0.006696  0.000000
   H   8.112703   5.516615  -0.000000   -0.041095  0.040015 -0.000000
   H   8.134375   3.050328  -0.000000   -0.087479  0.025483 -0.000000
   H   8.218711   1.236924   0.000000    0.008293 -0.043366 -0.000000
   H   8.253714  -1.139480   0.000000    0.009143 -0.025093 -0.000000
   H   8.255397  -3.065843   0.000000   -0.046625 -0.003377  0.000000
   H   8.240698  -5.501972   0.000000    0.004825 -0.002262  0.000000
   H  -8.190854   5.403887   0.000000    0.041443 -0.019565  0.000000
   H  -8.075619   3.106228   0.000000    0.064687  0.045407  0.000000
   H  -8.245553   1.217776   0.000000    0.014335 -0.012976  0.000000
   H  -8.245204  -1.162122  -0.000000    0.034586 -0.000597 -0.000000
   H  -8.249060  -3.100777  -0.000000    0.033303  0.007828 -0.000000
   H  -8.192672  -5.536544  -0.000000   -0.022799 -0.008280 -0.000000
   H  -6.122744   6.748137   0.000000    0.019383  0.043881  0.000000
   H  -3.642414   6.689981   0.000000    0.001281 -0.032199  0.000000
   H  -1.222245   6.690750   0.000000   -0.025640 -0.013100  0.000000
   H   1.348803   6.611772  -0.000000    0.020498 -0.055795 -0.000000
   H   3.646551   6.560446  -0.000000    0.002391 -0.015281 -0.000000
   H   5.823032   6.625995  -0.000000   -0.117026 -0.038614 -0.000000
   H  -6.001263  -6.675908  -0.000000   -0.003062  0.065199 -0.000000
   H  -3.611685  -6.563058  -0.000000    0.033683 -0.016162 -0.000000
   H  -1.280739  -6.667935  -0.000000   -0.019447  0.043739 -0.000000
   H   1.178983  -6.686087  -0.000000   -0.012852  0.013024  0.000000
   H   3.632265  -6.688367   0.000000   -0.016882  0.022503  0.000000
   H   6.088662  -6.711425   0.000000   -0.009185  0.017564  0.000000
converged SCF energy = -3150.60847307767
--------------- RKS_Scanner gradients ---------------
         x                y                z
0 C     0.0102470121    -0.0071546261    -0.0000000000
1 C    -0.0025535641     0.0000466504     0.0000000000
2 C    -0.0054011575    -0.0018346122     0.0000000000
3 C    -0.0075823033    -0.0033697141     0.0000000000
4 C     0.0105314175    -0.0042681205     0.0000000000
5 C    -0.0011259047    -0.0007168142     0.0000000000
6 C     0.0012429534    -0.0009665898     0.0000000000
7 C    -0.0008019512    -0.0014505703     0.0000000000
8 C    -0.0022482891    -0.0000358428     0.0000000000
9 C    -0.0003279090     0.0229310122     0.0000000000
10 C    -0.0052712533    -0.0037424468     0.0000000000
11 C     0.0050840284     0.0014608824     0.0000000000
12 C     0.0003841075    -0.0009032073    -0.0000000000
13 C     0.0022961802     0.0016952358    -0.0000000000
14 C    -0.0060050148    -0.0010084753     0.0000000000
15 N     0.0071936753    -0.0239843322    -0.0000000000
16 C     0.0064974319     0.0043376252     0.0000000000
17 N     0.0001487970     0.0025984364     0.0000000000
18 C     0.0009156884     0.0016200521     0.0000000000
19 C     0.0019666274    -0.0011380425     0.0000000000
20 N     0.0122046953     0.0051007952    -0.0000000000
21 C    -0.0070078440     0.0065630456    -0.0000000000
22 C    -0.0047845951     0.0004455738    -0.0000000000
23 C     0.0014635466    -0.0000503921    -0.0000000000
24 C     0.0009608406     0.0022619094     0.0000000000
25 C    -0.0009299987     0.0016281339     0.0000000000
26 N    -0.0161954939     0.0017635554    -0.0000000000
27 C     0.0008622693    -0.0005222326    -0.0000000000
28 C     0.0003156523    -0.0004074808    -0.0000000000
29 C     0.0018747712     0.0014202179     0.0000000000
30 C     0.0014138416     0.0065889840    -0.0000000000
31 N    -0.0028501210    -0.0119698081    -0.0000000000
32 C     0.0123557215     0.0060314462    -0.0000000000
33 C     0.0000018364     0.0028829371    -0.0000000000
34 C    -0.0021594450    -0.0010971638    -0.0000000000
35 C     0.0021478413     0.0039027645    -0.0000000000
36 C    -0.0021747005    -0.0026713072    -0.0000000000
37 C     0.0012590757     0.0064848953    -0.0000000000
38 C    -0.0085132874    -0.0028968630    -0.0000000000
39 N    -0.0082630116    -0.0007578398     0.0000000000
40 C    -0.0025819396     0.0106954567    -0.0000000000
41 C     0.0031981258     0.0024527675    -0.0000000000
42 C     0.0038995207     0.0006796655    -0.0000000000
43 C     0.0012492804    -0.0020706337    -0.0000000000
44 C    -0.0021339734    -0.0042054364    -0.0000000000
45 C    -0.0150276168    -0.0105946259    -0.0000000000
46 C    -0.0001876562     0.0035346510    -0.0000000000
47 C     0.0002230851     0.0008329130    -0.0000000000
48 N     0.0017044720    -0.0027104819     0.0000000000
49 C    -0.0007464945    -0.0007946709     0.0000000000
50 C     0.0034005093     0.0016361772    -0.0000000000
51 C     0.0177881089    -0.0040891924    -0.0000000000
52 C    -0.0017494638    -0.0040906676    -0.0000000000
53 C    -0.0012383046     0.0000245602     0.0000000000
54 C    -0.0002750600    -0.0038970009     0.0000000000
55 C    -0.0008881109     0.0003788888    -0.0000000000
56 C     0.0030072988    -0.0098002325     0.0000000000
57 C    -0.0120282090     0.0032722052     0.0000000000
58 C     0.0013377708     0.0004196705     0.0000000000
59 N    -0.0007254597    -0.0000982551     0.0000000000
60 C     0.0005682358    -0.0028109809    -0.0000000000
61 C    -0.0018567706     0.0015030161    -0.0000000000
62 C     0.0061447988    -0.0006161857     0.0000000000
63 C     0.0032392326    -0.0015676735     0.0000000000
64 C    -0.0012379798     0.0030318977     0.0000000000
65 C    -0.0012504654     0.0013935753    -0.0000000000
66 N     0.0033406048     0.0009726622    -0.0000000000
67 N     0.0013079814     0.0002701370     0.0000000000
68 C    -0.0042056223    -0.0142428946     0.0000000000
69 C    -0.0021589516    -0.0006400183     0.0000000000
70 C    -0.0013935488     0.0025019255     0.0000000000
71 C    -0.0013254114     0.0002564547     0.0000000000
72 C     0.0024952994    -0.0003034789     0.0000000000
73 C    -0.0160304580     0.0080634045     0.0000000000
74 C     0.0002866128    -0.0026025741     0.0000000000
75 C    -0.0019306350     0.0034751120     0.0000000000
76 C     0.0042212090    -0.0017638426     0.0000000000
77 C     0.0077001484    -0.0051674123     0.0000000000
78 H     0.0004132032     0.0000957795    -0.0000000000
79 H    -0.0031439585     0.0045803623    -0.0000000000
80 H    -0.0026553048    -0.0030057822     0.0000000000
81 H    -0.0002416417    -0.0003868880    -0.0000000000
82 H    -0.0015485396    -0.0011314693     0.0000000000
83 H     0.0005447783    -0.0003991733    -0.0000000000
84 H     0.0023660446    -0.0000864117     0.0000000000
85 H     0.0137727345     0.0067747415    -0.0000000000
86 H     0.0003064308    -0.0009831275    -0.0000000000
87 H     0.0009689978     0.0010009886     0.0000000000
88 H     0.0013874255    -0.0023657557    -0.0000000000
89 H    -0.0020171005     0.0000776010     0.0000000000
90 H    -0.0008073372     0.0007699891     0.0000000000
91 H    -0.0009466342    -0.0011092286     0.0000000000
92 H    -0.0003680961    -0.0001643746    -0.0000000000
93 H    -0.0006074339    -0.0024319954    -0.0000000000
94 H     0.0005423527    -0.0011729227    -0.0000000000
95 H    -0.0003606734    -0.0025763865     0.0000000000
96 H     0.0000761026     0.0039019014     0.0000000000
97 H    -0.0005749341     0.0116386631     0.0000000000
98 H    -0.0008320620     0.0017283026    -0.0000000000
99 H    -0.0002833341     0.0005427033     0.0000000000
100 H     0.0000245486     0.0011041767     0.0000000000
101 H     0.0006253422     0.0014548993    -0.0000000000
----------------------------------------------
cycle 3: E = -3150.60847308  dE = 0.00167536  norm(grad) = 0.0735704

Geometry optimization cycle 4
Cartesian coordinates (Angstrom)
 Atom        New coordinates             dX        dY        dZ
   C  -7.245838   4.939495   0.000000   -0.032398 -0.007018  0.000000
   C  -7.298767   0.707716   0.000000   -0.006706  0.000565  0.000000
   C  -6.066411   2.855235   0.000000   -0.004705  0.006544  0.000000
   C  -4.829643   4.967647   0.000000    0.006126  0.010149 -0.000000
   C  -7.300705  -3.584224  -0.000000   -0.011920  0.006729  0.000000
   C  -6.110551  -1.385173   0.000000   -0.009122  0.003933  0.000000
   C  -4.873985   0.732524   0.000000   -0.006746  0.006359  0.000000
   C  -3.631372   2.805690   0.000000   -0.001487  0.010497  0.000000
   C  -2.403458   4.934848   0.000000    0.000651  0.012410 -0.000000
   C  -6.029626  -5.640935  -0.000000    0.002524 -0.046376 -0.000000
   C  -4.882945  -3.506099  -0.000000   -0.010727  0.002949  0.000000
   C  -3.651536  -1.402291   0.000000   -0.008696  0.000131  0.000000
   C  -2.446234   0.687623   0.000000   -0.004880  0.006272  0.000000
   C  -1.185524   2.794905  -0.000000    0.001130  0.010325 -0.000000
   C   0.039292   4.947223  -0.000000    0.007610  0.016653 -0.000000
   N  -3.635812  -5.552254  -0.000000   -0.011368  0.019220 -0.000000
   C  -2.428439  -3.481911  -0.000000   -0.004703 -0.008337  0.000000
   N  -1.229177  -1.396966  -0.000000   -0.004961 -0.002769  0.000000
   C  -0.004684   0.680978  -0.000000   -0.003398  0.002256 -0.000000
   C   1.212526   2.793391  -0.000000    0.002613  0.006490 -0.000000
   N   2.449456   4.853384  -0.000000   -0.003032  0.006423 -0.000000
   C  -1.254477  -5.606148  -0.000000    0.007596 -0.020745 -0.000000
   C  -0.015211  -3.497173  -0.000000    0.000829 -0.005950 -0.000000
   C   1.213774  -1.390964   0.000000   -0.002681 -0.003886  0.000000
   C   2.457332   0.712386  -0.000000   -0.001852 -0.000250 -0.000000
   C   3.642060   2.796934  -0.000000    0.011669  0.007571 -0.000000
   N   4.816866   4.894733  -0.000000    0.023570  0.018811 -0.000000
   C   1.190691  -5.607103  -0.000000    0.002608 -0.004130 -0.000000
   C   2.440150  -3.499584   0.000000    0.005014 -0.006608 -0.000000
   C   3.666035  -1.405497   0.000000   -0.000704 -0.006754  0.000000
   C   4.882179   0.728735   0.000000   -0.001625 -0.002635  0.000000
   N   6.091556   2.827971  -0.000000    0.016911  0.006753  0.000000
   C   7.203579   4.927749  -0.000000    0.002594 -0.014607  0.000000
   C   3.640958  -5.616645   0.000000    0.002056 -0.011454 -0.000000
   C   4.901916  -3.525101   0.000000    0.010607 -0.006150  0.000000
   C   6.116623  -1.384986   0.000000   -0.001380 -0.004744  0.000000
   C   7.275928   0.732007   0.000000    0.000199  0.005530  0.000000
   C   6.099352  -5.642982   0.000000   -0.003887 -0.014150 -0.000000
   C   7.319577  -3.565752   0.000000    0.018596  0.003492  0.000000
   N  -7.231926   3.572857   0.000000   -0.019572 -0.010076  0.000000
   C  -6.105188   5.641621   0.000000   -0.015452 -0.026267  0.000000
   C  -7.309627  -0.650540   0.000000   -0.013183 -0.000721  0.000000
   C  -6.091286   1.435020   0.000000   -0.008489  0.004542  0.000000
   C  -4.864612   3.524980   0.000000   -0.002860  0.010602  0.000000
   C  -3.642918   5.628083   0.000000    0.003186  0.021251 -0.000000
   C  -7.242132  -4.959693  -0.000000    0.029588  0.005876  0.000000
   C  -6.118167  -2.827466  -0.000000   -0.010019  0.004255  0.000000
   C  -4.882722  -0.682956   0.000000   -0.008253  0.003835  0.000000
   N  -3.663474   1.405924   0.000000   -0.006239  0.009194  0.000000
   C  -2.438231   3.499558   0.000000   -0.000082  0.011178 -0.000000
   C  -1.202899   5.616284  -0.000000    0.001422  0.008907 -0.000000
   C  -4.847550  -4.921022  -0.000000   -0.022896 -0.000398 -0.000000
   C  -3.656994  -2.788338  -0.000000   -0.005123 -0.001892  0.000000
   C  -2.432757  -0.675394   0.000000   -0.005569  0.002193  0.000000
   C  -1.203652   1.397459   0.000000   -0.002421  0.008375  0.000000
   C   0.010769   3.499871  -0.000000    0.004306  0.011868 -0.000000
   C   1.251622   5.565410  -0.000000    0.003860  0.026008 -0.000000
   C  -2.419504  -4.904192  -0.000000    0.008728 -0.009998 -0.000000
   C  -1.209021  -2.797574  -0.000000   -0.003536 -0.005138  0.000000
   N   0.014325  -0.695897  -0.000000   -0.003206 -0.000646  0.000000
   C   1.221898   1.385103  -0.000000   -0.002057  0.004262 -0.000000
   C   2.445791   3.469711  -0.000000    0.005900  0.004515 -0.000000
   C   3.631504   5.489235  -0.000000    0.005811  0.001846 -0.000000
   C  -0.009815  -4.931386  -0.000000    0.000537 -0.007400 -0.000000
   C   1.224661  -2.794682  -0.000000    0.002860 -0.006635 -0.000000
   C   2.444610  -0.694109   0.000000   -0.000863 -0.003629  0.000000
   N   3.635234   1.410777  -0.000000   -0.001141  0.002550 -0.000000
   N   4.848020   3.466375  -0.000000    0.016678  0.013102 -0.000000
   C   5.985695   5.589512  -0.000000    0.022953  0.028630 -0.000000
   C   2.432020  -4.942080   0.000000    0.004483 -0.007125 -0.000000
   C   3.675886  -2.808199   0.000000    0.007083 -0.007969 -0.000000
   C   4.889297  -0.680500   0.000000   -0.001109 -0.004500  0.000000
   C   6.072056   1.450806  -0.000000   -0.001490  0.004784  0.000000
   C   7.254001   3.578947  -0.000000    0.034711 -0.016216  0.000000
   C   4.874726  -4.951138   0.000000    0.000502 -0.007575 -0.000000
   C   6.133082  -2.832815   0.000000    0.012403 -0.005220  0.000000
   C   7.289732  -0.635787   0.000000   -0.006651  0.004825  0.000000
   C   7.290198  -4.955028   0.000000   -0.012662  0.003383 -0.000000
   H   8.117737   5.498114  -0.000000    0.005035 -0.018501  0.000000
   H   8.169059   3.028406  -0.000000    0.034685 -0.021923  0.000000
   H   8.220776   1.243214   0.000000    0.002065  0.006289  0.000000
   H   8.248361  -1.132763   0.000000   -0.005353  0.006717  0.000000
   H   8.278513  -3.068378   0.000000    0.023115 -0.002535  0.000000
   H   8.225532  -5.502436   0.000000   -0.015166 -0.000463 -0.000000
   H  -8.223834   5.399425   0.000000   -0.032981 -0.004462  0.000000
   H  -8.098783   3.080724   0.000000   -0.023165 -0.025504  0.000000
   H  -8.251660   1.220595   0.000000   -0.006107  0.002819  0.000000
   H  -8.258598  -1.164352   0.000000   -0.013394 -0.002229  0.000000
   H  -8.267603  -3.103877  -0.000000   -0.018543 -0.003099  0.000000
   H  -8.164368  -5.527108  -0.000000    0.028304  0.009436  0.000000
   H  -6.142067   6.721513   0.000000   -0.019323 -0.026624 -0.000000
   H  -3.637628   6.712086   0.000000    0.004786  0.022104 -0.000000
   H  -1.222581   6.699904  -0.000000   -0.000336  0.009153 -0.000000
   H   1.359211   6.638886  -0.000000    0.010407  0.027114 -0.000000
   H   3.645470   6.563704  -0.000000   -0.001081  0.003258 -0.000000
   H   5.861332   6.658311  -0.000000    0.038300  0.032315 -0.000000
   H  -6.002186  -6.724795  -0.000000   -0.000923 -0.048887 -0.000000
   H  -3.626583  -6.552611  -0.000000   -0.014898  0.010446 -0.000000
   H  -1.268666  -6.689826  -0.000000    0.012074 -0.021892 -0.000000
   H   1.182684  -6.690762  -0.000000    0.003701 -0.004675 -0.000000
   H   3.634154  -6.700682   0.000000    0.001889 -0.012315 -0.000000
   H   6.088416  -6.726668   0.000000   -0.000246 -0.015243 -0.000000
converged SCF energy = -3150.61621267334
--------------- RKS_Scanner gradients ---------------
         x                y                z
0 C    -0.0001751482    -0.0014635002    -0.0000000000
1 C    -0.0005987984    -0.0004658676     0.0000000000
2 C    -0.0008995205    -0.0020008481    -0.0000000000
3 C     0.0009479354     0.0001067072     0.0000000000
4 C    -0.0006760402     0.0015933435     0.0000000000
5 C    -0.0008905308    -0.0005233759     0.0000000000
6 C     0.0009414928    -0.0006006331     0.0000000000
7 C     0.0003503141     0.0002795350    -0.0000000000
8 C    -0.0022507350    -0.0001486600    -0.0000000000
9 C     0.0003685799    -0.0004399188    -0.0000000000
10 C    -0.0000305506    -0.0008177611     0.0000000000
11 C     0.0021195904     0.0002381255     0.0000000000
12 C    -0.0004072318     0.0008840868    -0.0000000000
13 C     0.0015710417     0.0009531676    -0.0000000000
14 C    -0.0025143923    -0.0001542884    -0.0000000000
15 N     0.0008034028    -0.0069242266    -0.0000000000
16 C     0.0014346977     0.0011899581     0.0000000000
17 N     0.0006763353     0.0018265843     0.0000000000
18 C     0.0003632755     0.0007451711    -0.0000000000
19 C     0.0010874046     0.0002728904    -0.0000000000
20 N     0.0015620739     0.0019258508     0.0000000000
21 C    -0.0012068275     0.0014791690    -0.0000000000
22 C    -0.0018393827    -0.0000645735    -0.0000000000
23 C    -0.0000270501    -0.0004015214     0.0000000000
24 C     0.0003692143     0.0000575332    -0.0000000000
25 C     0.0015497543     0.0000518414     0.0000000000
26 N     0.0012560668    -0.0001190282    -0.0000000000
27 C     0.0002458040     0.0000189733    -0.0000000000
28 C     0.0000881128    -0.0003221861     0.0000000000
29 C     0.0010850309     0.0000843067     0.0000000000
30 C    -0.0003725522     0.0032674243    -0.0000000000
31 N     0.0008462637    -0.0010399934    -0.0000000000
32 C    -0.0000285049    -0.0007373219    -0.0000000000
33 C     0.0002207143     0.0003558120     0.0000000000
34 C    -0.0005486015     0.0000244803     0.0000000000
35 C     0.0009530191     0.0010449954    -0.0000000000
36 C    -0.0004272986    -0.0006842134    -0.0000000000
37 C     0.0003710715    -0.0004352150     0.0000000000
38 C    -0.0004848125     0.0003498328    -0.0000000000
39 N    -0.0018260334     0.0012698266    -0.0000000000
40 C    -0.0006545591    -0.0000214765    -0.0000000000
41 C     0.0005655581     0.0003764719    -0.0000000000
42 C     0.0006558690     0.0014303612     0.0000000000
43 C    -0.0004793772    -0.0000650223     0.0000000000
44 C     0.0010499427    -0.0004716164     0.0000000000
45 C     0.0014848921     0.0001853126    -0.0000000000
46 C    -0.0004495140    -0.0004041609    -0.0000000000
47 C    -0.0005216715     0.0008576485    -0.0000000000
48 N     0.0004065588    -0.0012759878    -0.0000000000
49 C    -0.0000085592    -0.0000969526     0.0000000000
50 C     0.0016978416     0.0001864517     0.0000000000
51 C     0.0017006604     0.0005099938    -0.0000000000
52 C    -0.0007493925    -0.0006734070    -0.0000000000
53 C    -0.0005517742    -0.0007968647    -0.0000000000
54 C    -0.0002921785    -0.0020709786     0.0000000000
55 C    -0.0010881050     0.0000211500     0.0000000000
56 C     0.0028367223    -0.0029689114     0.0000000000
57 C    -0.0029885936     0.0004542934     0.0000000000
58 C    -0.0000663584    -0.0000157266     0.0000000000
59 N    -0.0006389915    -0.0002498660    -0.0000000000
60 C     0.0002155215    -0.0012066491     0.0000000000
61 C    -0.0008833925     0.0005511275    -0.0000000000
62 C     0.0005545732    -0.0013947375    -0.0000000000
63 C     0.0011134801    -0.0009618984     0.0000000000
64 C    -0.0000011957     0.0014935074    -0.0000000000
65 C    -0.0004912636     0.0010700216     0.0000000000
66 N     0.0008250327     0.0010085223     0.0000000000
67 N    -0.0017622484     0.0008114908     0.0000000000
68 C    -0.0030336424     0.0007389699     0.0000000000
69 C    -0.0003849695    -0.0004999898    -0.0000000000
70 C    -0.0004467527     0.0006782730    -0.0000000000
71 C    -0.0006498089    -0.0002591657     0.0000000000
72 C     0.0011485849    -0.0001440767     0.0000000000
73 C    -0.0027220332    -0.0010149412     0.0000000000
74 C     0.0002848942    -0.0004028007    -0.0000000000
75 C     0.0000331518     0.0000949173     0.0000000000
76 C     0.0013200813    -0.0009460774     0.0000000000
77 C    -0.0004719501     0.0000017025     0.0000000000
78 H    -0.0006455726    -0.0005804013     0.0000000000
79 H    -0.0007318153     0.0014886887     0.0000000000
80 H    -0.0012339389    -0.0012295011     0.0000000000
81 H    -0.0002963901    -0.0001832979    -0.0000000000
82 H    -0.0003094160    -0.0000207987     0.0000000000
83 H    -0.0003464218     0.0001998094    -0.0000000000
84 H     0.0002932086    -0.0000012385     0.0000000000
85 H     0.0039660540     0.0022977135    -0.0000000000
86 H     0.0001918911    -0.0004950936    -0.0000000000
87 H     0.0003221865     0.0002995478    -0.0000000000
88 H     0.0000810936    -0.0000323839     0.0000000000
89 H     0.0003771138     0.0005963915     0.0000000000
90 H    -0.0003714126    -0.0004729913     0.0000000000
91 H    -0.0005042182    -0.0001542936     0.0000000000
92 H    -0.0003338790    -0.0001541751     0.0000000000
93 H    -0.0005725051    -0.0006188187    -0.0000000000
94 H     0.0002964930    -0.0006969785     0.0000000000
95 H    -0.0003175022    -0.0003512919    -0.0000000000
96 H     0.0004389653    -0.0001403770     0.0000000000
97 H    -0.0002708561     0.0039375841     0.0000000000
98 H    -0.0003506184     0.0004402809     0.0000000000
99 H    -0.0001808026     0.0002683898     0.0000000000
100 H    -0.0000650506     0.0002906951    -0.0000000000
101 H    -0.0000398474     0.0001048538    -0.0000000000
----------------------------------------------
cycle 4: E = -3150.61621267  dE = -0.0077396  norm(grad) = 0.0164956

Geometry optimization cycle 5
Cartesian coordinates (Angstrom)
 Atom        New coordinates             dX        dY        dZ
   C  -7.249795   4.931566   0.000000   -0.003957 -0.007929 -0.000000
   C  -7.305006   0.709954   0.000000   -0.006239  0.002238 -0.000000
   C  -6.071288   2.857071   0.000000   -0.004877  0.001835 -0.000000
   C  -4.834635   4.970785   0.000000   -0.004992  0.003138 -0.000000
   C  -7.302334  -3.592119  -0.000000   -0.001629 -0.007895  0.000000
   C  -6.115935  -1.381699  -0.000000   -0.005383  0.003474 -0.000000
   C  -4.879649   0.734845   0.000000   -0.005664  0.002321 -0.000000
   C  -3.635667   2.810375   0.000000   -0.004296  0.004685 -0.000000
   C  -2.403292   4.940390   0.000000    0.000165  0.005542 -0.000000
   C  -6.042185  -5.632816  -0.000000   -0.012559  0.008119  0.000000
   C  -4.887222  -3.497907  -0.000000   -0.004277  0.008192 -0.000000
   C  -3.656067  -1.401103  -0.000000   -0.004531  0.001189 -0.000000
   C  -2.449952   0.690172   0.000000   -0.003718  0.002549 -0.000000
   C  -1.188734   2.800510  -0.000000   -0.003209  0.005605  0.000000
   C   0.044223   4.956905  -0.000000    0.004931  0.009682  0.000000
   N  -3.640929  -5.534450  -0.000000   -0.005116  0.017804  0.000000
   C  -2.428235  -3.487631  -0.000000    0.000204 -0.005720 -0.000000
   N  -1.232569  -1.401566  -0.000000   -0.003392 -0.004599 -0.000000
   C  -0.010143   0.680936   0.000000   -0.005459 -0.000041  0.000000
   C   1.209629   2.796015   0.000000   -0.002897  0.002623  0.000000
   N   2.447131   4.857953  -0.000000   -0.002325  0.004570  0.000000
   C  -1.246080  -5.620750  -0.000000    0.008398 -0.014602 -0.000000
   C  -0.010613  -3.502149  -0.000000    0.004598 -0.004975 -0.000000
   C   1.211975  -1.395956   0.000000   -0.001799 -0.004993  0.000000
   C   2.450793   0.708761   0.000000   -0.006539 -0.003625  0.000000
   C   3.641115   2.795596   0.000000   -0.000945 -0.001338  0.000000
   N   4.823827   4.895276  -0.000000    0.006960  0.000543  0.000000
   C   1.196849  -5.609330  -0.000000    0.006158 -0.002226 -0.000000
   C   2.446560  -3.504163   0.000000    0.006410 -0.004579  0.000000
   C   3.664274  -1.410952   0.000000   -0.001761 -0.005454  0.000000
   C   4.877605   0.722479   0.000000   -0.004575 -0.006255  0.000000
   N   6.096641   2.831052   0.000000    0.005085  0.003081  0.000000
   C   7.228772   4.922530  -0.000000    0.025192 -0.005219  0.000000
   C   3.649871  -5.620909   0.000000    0.008913 -0.004265 -0.000000
   C   4.911704  -3.526356   0.000000    0.009788 -0.001254 -0.000000
   C   6.116542  -1.386215   0.000000   -0.000081 -0.001229  0.000000
   C   7.273769   0.744281   0.000000   -0.002159  0.012274  0.000000
   C   6.110082  -5.639355   0.000000    0.010731  0.003627 -0.000000
   C   7.332840  -3.566407   0.000000    0.013264 -0.000654 -0.000000
   N  -7.245984   3.561382   0.000000   -0.014058 -0.011475 -0.000000
   C  -6.111180   5.641024   0.000000   -0.005992 -0.000597 -0.000000
   C  -7.317400  -0.649422   0.000000   -0.007773  0.001118  0.000000
   C  -6.097457   1.435733   0.000000   -0.006171  0.000712 -0.000000
   C  -4.869406   3.528922   0.000000   -0.004795  0.003942 -0.000000
   C  -3.645767   5.631373   0.000000   -0.002849  0.003290 -0.000000
   C  -7.263972  -4.968590  -0.000000   -0.021840 -0.008897  0.000000
   C  -6.124679  -2.824425  -0.000000   -0.006512  0.003040  0.000000
   C  -4.886840  -0.681315   0.000000   -0.004118  0.001641 -0.000000
   N  -3.668167   1.409993   0.000000   -0.004693  0.004069 -0.000000
   C  -2.441352   3.504952   0.000000   -0.003121  0.005394 -0.000000
   C  -1.202112   5.620580  -0.000000    0.000787  0.004296 -0.000000
   C  -4.858763  -4.911388  -0.000000   -0.011213  0.009635  0.000000
   C  -3.656209  -2.787886  -0.000000    0.000785  0.000451 -0.000000
   C  -2.435653  -0.675175   0.000000   -0.002896  0.000219 -0.000000
   C  -1.207860   1.402208   0.000000   -0.004208  0.004749 -0.000000
   C   0.010291   3.507052  -0.000000   -0.000477  0.007181  0.000000
   C   1.253495   5.582834  -0.000000    0.001872  0.017424  0.000000
   C  -2.409437  -4.910708  -0.000000    0.010068 -0.006515 -0.000000
   C  -1.207346  -2.803185  -0.000000    0.001676 -0.005611 -0.000000
   N   0.011544  -0.698853   0.000000   -0.002782 -0.002956  0.000000
   C   1.216453   1.386458   0.000000   -0.005445  0.001355  0.000000
   C   2.445037   3.471066  -0.000000   -0.000754  0.001355  0.000000
   C   3.634495   5.493300  -0.000000    0.002991  0.004064  0.000000
   C  -0.006708  -4.936520  -0.000000    0.003107 -0.005133 -0.000000
   C   1.229085  -2.801098   0.000000    0.004424 -0.006417  0.000000
   C   2.442599  -0.699406   0.000000   -0.002011 -0.005297  0.000000
   N   3.630245   1.406370   0.000000   -0.004988 -0.004407  0.000000
   N   4.851099   3.466403  -0.000000    0.003079  0.000028  0.000000
   C   6.006403   5.577457  -0.000000    0.020707 -0.012054  0.000000
   C   2.439883  -4.946179   0.000000    0.007863 -0.004099 -0.000000
   C   3.682590  -2.813642   0.000000    0.006704 -0.005443  0.000000
   C   4.887652  -0.685841   0.000000   -0.001645 -0.005341  0.000000
   C   6.064818   1.453342   0.000000   -0.007238  0.002535  0.000000
   C   7.270295   3.571462  -0.000000    0.016294 -0.007486  0.000000
   C   4.882701  -4.951692   0.000000    0.007975 -0.000554 -0.000000
   C   6.143898  -2.834726   0.000000    0.010816 -0.001911 -0.000000
   C   7.282700  -0.624130   0.000000   -0.007033  0.011656  0.000000
   C   7.304788  -4.956266   0.000000    0.014590 -0.001238 -0.000000
   H   8.144124   5.493963  -0.000000    0.026386 -0.004151  0.000000
   H   8.180102   3.007479  -0.000000    0.011043 -0.020927  0.000000
   H   8.218255   1.262314   0.000000   -0.002521  0.019100  0.000000
   H   8.244399  -1.115985   0.000000   -0.003962  0.016778  0.000000
   H   8.292039  -3.068348   0.000000    0.013526  0.000030 -0.000000
   H   8.239877  -5.505585   0.000000    0.014345 -0.003150 -0.000000
   H  -8.227714   5.392806   0.000000   -0.003880 -0.006618 -0.000000
   H  -8.118879   3.063208   0.000000   -0.020096 -0.017516 -0.000000
   H  -8.256781   1.226462   0.000000   -0.005121  0.005866  0.000000
   H  -8.266545  -1.164602   0.000000   -0.007948 -0.000250  0.000000
   H  -8.268078  -3.108970  -0.000000   -0.000475 -0.005093  0.000000
   H  -8.186428  -5.537875  -0.000000   -0.022060 -0.010766  0.000000
   H  -6.149549   6.721763   0.000000   -0.007482  0.000249 -0.000000
   H  -3.638065   6.715691   0.000000   -0.000437  0.003605 -0.000000
   H  -1.221255   6.704550  -0.000000    0.001326  0.004646 -0.000000
   H   1.365499   6.657086  -0.000000    0.006289  0.018200  0.000000
   H   3.647661   6.569050  -0.000000    0.002192  0.005346  0.000000
   H   5.889315   6.647723  -0.000000    0.027983 -0.010588  0.000000
   H  -6.009840  -6.716305  -0.000000   -0.007654  0.008490  0.000000
   H  -3.636990  -6.542112  -0.000000   -0.010407  0.010499  0.000000
   H  -1.257084  -6.705279  -0.000000    0.011582 -0.015453 -0.000000
   H   1.190661  -6.693525  -0.000000    0.007976 -0.002764 -0.000000
   H   3.645059  -6.705508   0.000000    0.010905 -0.004826 -0.000000
   H   6.098931  -6.723267   0.000000    0.010515  0.003400 -0.000000
converged SCF energy = -3150.61593044563
--------------- RKS_Scanner gradients ---------------
         x                y                z
0 C     0.0027395695    -0.0017649919    -0.0000000000
1 C     0.0001463014     0.0003173836     0.0000000000
2 C     0.0013911753     0.0014002378     0.0000000000
3 C    -0.0014954899    -0.0007293846     0.0000000000
4 C     0.0048196513    -0.0022160550     0.0000000000
5 C     0.0013143482     0.0004938369     0.0000000000
6 C    -0.0003335383    -0.0003320042     0.0000000000
7 C    -0.0002004168     0.0007893209     0.0000000000
8 C    -0.0007064063     0.0004814875    -0.0000000000
9 C    -0.0012240615     0.0040261227     0.0000000000
10 C     0.0009268612     0.0006193377     0.0000000000
11 C    -0.0006761227     0.0006312539     0.0000000000
12 C    -0.0004177123     0.0018153105    -0.0000000000
13 C     0.0001553473     0.0003642978     0.0000000000
14 C     0.0004582235    -0.0001105086    -0.0000000000
15 N    -0.0006563178     0.0081185122     0.0000000000
16 C    -0.0027812756    -0.0007910610     0.0000000000
17 N    -0.0000791248     0.0006569563    -0.0000000000
18 C    -0.0006718837     0.0007096150     0.0000000000
19 C     0.0001427433     0.0004429931     0.0000000000
20 N    -0.0038201111     0.0001067881     0.0000000000
21 C     0.0024811170    -0.0016465066    -0.0000000000
22 C     0.0009092915     0.0002423706     0.0000000000
23 C    -0.0004056096    -0.0007163685     0.0000000000
24 C    -0.0014704368    -0.0011209518     0.0000000000
25 C    -0.0003985252    -0.0003497855     0.0000000000
26 N    -0.0001087434    -0.0011490258     0.0000000000
27 C     0.0000270300     0.0006356651    -0.0000000000
28 C    -0.0000399532     0.0001659090     0.0000000000
29 C    -0.0004784239    -0.0004623057     0.0000000000
30 C    -0.0014061041    -0.0014549459     0.0000000000
31 N     0.0030077073     0.0007265417    -0.0000000000
32 C     0.0025710090     0.0030039628    -0.0000000000
33 C     0.0002926002    -0.0003413118    -0.0000000000
34 C     0.0003705536     0.0004907684     0.0000000000
35 C    -0.0008294792    -0.0010342290     0.0000000000
36 C     0.0011805508     0.0022806518     0.0000000000
37 C    -0.0002145364     0.0014084098    -0.0000000000
38 C    -0.0001555900    -0.0004662904     0.0000000000
39 N    -0.0017912282    -0.0017633047     0.0000000000
40 C     0.0006454090     0.0023117771    -0.0000000000
41 C    -0.0002047640    -0.0007674820    -0.0000000000
42 C    -0.0012496739     0.0006503919    -0.0000000000
43 C     0.0008871958     0.0006198371     0.0000000000
44 C     0.0013989645    -0.0004918605    -0.0000000000
45 C    -0.0052631256    -0.0039151473    -0.0000000000
46 C    -0.0016093410     0.0016355285    -0.0000000000
47 C     0.0000503610     0.0007166831    -0.0000000000
48 N     0.0006306573    -0.0003849761     0.0000000000
49 C    -0.0000645273     0.0005638453    -0.0000000000
50 C     0.0014633788    -0.0009030014     0.0000000000
51 C    -0.0007433285    -0.0011462919     0.0000000000
52 C     0.0007349967     0.0002463048    -0.0000000000
53 C    -0.0001067918    -0.0016787562     0.0000000000
54 C    -0.0008345767    -0.0005192316    -0.0000000000
55 C    -0.0011142616     0.0005118784    -0.0000000000
56 C     0.0025312532     0.0023102457     0.0000000000
57 C     0.0044267000    -0.0022738477     0.0000000000
58 C     0.0007636223    -0.0011043065    -0.0000000000
59 N    -0.0005178929    -0.0010857866    -0.0000000000
60 C    -0.0001048872     0.0003634396    -0.0000000000
61 C     0.0002562352    -0.0011708971    -0.0000000000
62 C    -0.0019700461     0.0004971527    -0.0000000000
63 C    -0.0017026542     0.0002811921    -0.0000000000
64 C     0.0007041029    -0.0001700730    -0.0000000000
65 C     0.0006827325     0.0000835255    -0.0000000000
66 N     0.0010276643     0.0000157645     0.0000000000
67 N    -0.0000288546     0.0007035555     0.0000000000
68 C     0.0019656050    -0.0026844971     0.0000000000
69 C     0.0003276850    -0.0000473048     0.0000000000
70 C     0.0007688411    -0.0010873023    -0.0000000000
71 C     0.0002061679    -0.0003415750    -0.0000000000
72 C    -0.0020625205    -0.0002310160    -0.0000000000
73 C    -0.0017573791    -0.0010129788     0.0000000000
74 C    -0.0009605298    -0.0000320509     0.0000000000
75 C     0.0006796892    -0.0004932692    -0.0000000000
76 C    -0.0022471179     0.0007840894    -0.0000000000
77 C     0.0012829571    -0.0008413254     0.0000000000
78 H     0.0006550464    -0.0000466174    -0.0000000000
79 H     0.0011086495    -0.0004865505     0.0000000000
80 H     0.0008309026     0.0013510490    -0.0000000000
81 H    -0.0002296527     0.0003876545     0.0000000000
82 H     0.0000896372    -0.0002747949    -0.0000000000
83 H     0.0002977033    -0.0000638662     0.0000000000
84 H     0.0000902634    -0.0001770688    -0.0000000000
85 H    -0.0030653539    -0.0019635866    -0.0000000000
86 H    -0.0000933720     0.0003286859    -0.0000000000
87 H    -0.0002575374     0.0000790647     0.0000000000
88 H     0.0003132063    -0.0007060509    -0.0000000000
89 H    -0.0007590895    -0.0004605493     0.0000000000
90 H     0.0002447222     0.0002825616     0.0000000000
91 H    -0.0000734924    -0.0000093908     0.0000000000
92 H     0.0000094667    -0.0000567630    -0.0000000000
93 H    -0.0003819983     0.0006197699    -0.0000000000
94 H    -0.0001700362     0.0002077243     0.0000000000
95 H     0.0001920710    -0.0002300106     0.0000000000
96 H    -0.0003448456     0.0004110629    -0.0000000000
97 H     0.0001681465    -0.0020497217     0.0000000000
98 H     0.0000054818    -0.0005191541     0.0000000000
99 H    -0.0000261532     0.0000075054     0.0000000000
100 H    -0.0000520034    -0.0001625452     0.0000000000
101 H    -0.0000404508     0.0001395150     0.0000000000
----------------------------------------------
cycle 5: E = -3150.61593045  dE = 0.000282228  norm(grad) = 0.0201626

Geometry optimization cycle 6
Cartesian coordinates (Angstrom)
 Atom        New coordinates             dX        dY        dZ
   C  -7.252896   4.940384   0.000000   -0.003101  0.008818  0.000000
   C  -7.302507   0.708763   0.000000    0.002499 -0.001191  0.000000
   C  -6.070190   2.856664   0.000000    0.001098 -0.000407  0.000000
   C  -4.834758   4.968426   0.000000   -0.000123 -0.002359  0.000000
   C  -7.304820  -3.583231  -0.000000   -0.002487  0.008888 -0.000000
   C  -6.113558  -1.383548  -0.000000    0.002376 -0.001849 -0.000000
   C  -4.877400   0.733046   0.000000    0.002249 -0.001798  0.000000
   C  -3.634405   2.806904   0.000000    0.001262 -0.003472  0.000000
   C  -2.404330   4.937176   0.000000   -0.001038 -0.003214 -0.000000
   C  -6.037098  -5.637585  -0.000000    0.005087 -0.004769 -0.000000
   C  -4.885605  -3.503475  -0.000000    0.001617 -0.005568 -0.000000
   C  -3.654272  -1.403218  -0.000000    0.001795 -0.002115 -0.000000
   C  -2.447448   0.687662   0.000000    0.002504 -0.002509  0.000000
   C  -1.187726   2.797237  -0.000000    0.001008 -0.003273 -0.000000
   C   0.040730   4.952872  -0.000000   -0.003493 -0.004033 -0.000000
   N  -3.638646  -5.545965  -0.000000    0.002283 -0.011515 -0.000000
   C  -2.427715  -3.486344  -0.000000    0.000520  0.001287 -0.000000
   N  -1.230542  -1.401285  -0.000000    0.002026  0.000281 -0.000000
   C  -0.006707   0.680196  -0.000000    0.003436 -0.000740 -0.000000
   C   1.211084   2.794712  -0.000000    0.001455 -0.001303 -0.000000
   N   2.447853   4.856768  -0.000000    0.000722 -0.001185 -0.000000
   C  -1.250166  -5.614493  -0.000000   -0.004086  0.006257 -0.000000
   C  -0.011403  -3.500701  -0.000000   -0.000790  0.001447 -0.000000
   C   1.214089  -1.394032   0.000000    0.002114  0.001925 -0.000000
   C   2.454900   0.710219   0.000000    0.004107  0.001458 -0.000000
   C   3.641830   2.796242  -0.000000    0.000715  0.000646 -0.000000
   N   4.819855   4.897122  -0.000000   -0.003972  0.001846 -0.000000
   C   1.194427  -5.609503  -0.000000   -0.002422 -0.000173 -0.000000
   C   2.444629  -3.502292   0.000000   -0.001931  0.001871 -0.000000
   C   3.666454  -1.408783   0.000000    0.002180  0.002169 -0.000000
   C   4.881871   0.724085   0.000000    0.004267  0.001605 -0.000000
   N   6.095424   2.830513  -0.000000   -0.001217 -0.000539 -0.000000
   C   7.217644   4.924439  -0.000000   -0.011127  0.001909 -0.000000
   C   3.646251  -5.618902   0.000000   -0.003620  0.002008  0.000000
   C   4.908603  -3.526270   0.000000   -0.003101  0.000085  0.000000
   C   6.118834  -1.386103   0.000000    0.002292  0.000112 -0.000000
   C   7.276685   0.738434   0.000000    0.002916 -0.005847 -0.000000
   C   6.106181  -5.641695   0.000000   -0.003902 -0.002340  0.000000
   C   7.328394  -3.566354   0.000000   -0.004446  0.000052  0.000000
   N  -7.238742   3.570679   0.000000    0.007243  0.009297  0.000000
   C  -6.110372   5.641434   0.000000    0.000809  0.000411  0.000000
   C  -7.314347  -0.650245   0.000000    0.003053 -0.000823  0.000000
   C  -6.094841   1.434553   0.000000    0.002616 -0.001180  0.000000
   C  -4.867980   3.525969   0.000000    0.001426 -0.002952  0.000000
   C  -3.646944   5.628843   0.000000   -0.001177 -0.002530  0.000000
   C  -7.251206  -4.958646  -0.000000    0.012766  0.009944 -0.000000
   C  -6.121108  -2.825945  -0.000000    0.003570 -0.001519 -0.000000
   C  -4.884744  -0.683365   0.000000    0.002096 -0.002050 -0.000000
   N  -3.666166   1.407302   0.000000    0.002002 -0.002691  0.000000
   C  -2.440636   3.501463   0.000000    0.000716 -0.003489 -0.000000
   C  -1.204870   5.619004  -0.000000   -0.002758 -0.001576 -0.000000
   C  -4.853708  -4.918268  -0.000000    0.005055 -0.006880 -0.000000
   C  -3.656356  -2.789728  -0.000000   -0.000147 -0.001841 -0.000000
   C  -2.433811  -0.676126  -0.000000    0.001842 -0.000951 -0.000000
   C  -1.205008   1.399949   0.000000    0.002852 -0.002259 -0.000000
   C   0.010834   3.503496  -0.000000    0.000543 -0.003556 -0.000000
   C   1.250090   5.576137  -0.000000   -0.003405 -0.006697 -0.000000
   C  -2.414769  -4.908756  -0.000000   -0.005333  0.001952 -0.000000
   C  -1.207342  -2.801927  -0.000000    0.000004  0.001258 -0.000000
   N   0.013953  -0.698138   0.000000    0.002409  0.000714 -0.000000
   C   1.219756   1.385850  -0.000000    0.003303 -0.000608 -0.000000
   C   2.445858   3.470959  -0.000000    0.000821 -0.000107 -0.000000
   C   3.632677   5.494676  -0.000000   -0.001818  0.001376 -0.000000
   C  -0.007739  -4.934755  -0.000000   -0.001031  0.001764 -0.000000
   C   1.227978  -2.799022  -0.000000   -0.001107  0.002077 -0.000000
   C   2.444833  -0.697640   0.000000    0.002234  0.001766 -0.000000
   N   3.633561   1.407460   0.000000    0.003315  0.001090 -0.000000
   N   4.850729   3.466974  -0.000000   -0.000370  0.000571 -0.000000
   C   5.998060   5.583836  -0.000000   -0.008342  0.006379 -0.000000
   C   2.436555  -4.944445   0.000000   -0.003328  0.001733 -0.000000
   C   3.680724  -2.811504   0.000000   -0.001866  0.002138 -0.000000
   C   4.890575  -0.684125   0.000000    0.002923  0.001716 -0.000000
   C   6.069737   1.452310   0.000000    0.004919 -0.001032 -0.000000
   C   7.266752   3.574635  -0.000000   -0.003544  0.003173 -0.000000
   C   4.880121  -4.951849   0.000000   -0.002579 -0.000157  0.000000
   C   6.140304  -2.834153   0.000000   -0.003594  0.000573  0.000000
   C   7.288527  -0.629646   0.000000    0.005827 -0.005516  0.000000
   C   7.299071  -4.955958   0.000000   -0.005717  0.000308  0.000000
   H   8.131633   5.497510  -0.000000   -0.012490  0.003547 -0.000000
   H   8.177584   3.013869  -0.000000   -0.002518  0.006391 -0.000000
   H   8.221704   1.253787   0.000000    0.003449 -0.008527 -0.000000
   H   8.249553  -1.123240   0.000000    0.005154 -0.007255  0.000000
   H   8.287690  -3.068576   0.000000   -0.004349 -0.000228  0.000000
   H   8.234277  -5.504771   0.000000   -0.005600  0.000814  0.000000
   H  -8.231097   5.401079   0.000000   -0.003383  0.008273  0.000000
   H  -8.109745   3.074235   0.000000    0.009134  0.011027  0.000000
   H  -8.254474   1.224587   0.000000    0.002308 -0.001874  0.000000
   H  -8.263197  -1.165632   0.000000    0.003348 -0.001031 -0.000000
   H  -8.270941  -3.100276  -0.000000   -0.002864  0.008695 -0.000000
   H  -8.173389  -5.527483  -0.000000    0.013039  0.010392 -0.000000
   H  -6.144494   6.722156   0.000000    0.005055  0.000393  0.000000
   H  -3.638706   6.713101   0.000000   -0.000641 -0.002591  0.000000
   H  -1.223851   6.702966  -0.000000   -0.002596 -0.001583 -0.000000
   H   1.362275   6.649962  -0.000000   -0.003225 -0.007124 -0.000000
   H   3.645170   6.570281  -0.000000   -0.002492  0.001231 -0.000000
   H   5.879746   6.653999  -0.000000   -0.009568  0.006276 -0.000000
   H  -6.011524  -6.721345  -0.000000   -0.001684 -0.005040 -0.000000
   H  -3.631251  -6.552065  -0.000000    0.005738 -0.009953 -0.000000
   H  -1.261247  -6.698656  -0.000000   -0.004163  0.006623 -0.000000
   H   1.188309  -6.693669  -0.000000   -0.002352 -0.000144 -0.000000
   H   3.640734  -6.703356   0.000000   -0.004325  0.002152  0.000000
   H   6.095517  -6.725624   0.000000   -0.003414 -0.002357  0.000000
converged SCF energy = -3150.61657127765
--------------- RKS_Scanner gradients ---------------
         x                y                z
0 C    -0.0008739994     0.0000618924     0.0000000000
1 C    -0.0000245774     0.0002301735     0.0000000000
2 C     0.0000530620    -0.0004321607     0.0000000000
3 C    -0.0006723972    -0.0001734700     0.0000000000
4 C    -0.0001193692     0.0006078671    -0.0000000000
5 C    -0.0001353977     0.0000250240    -0.0000000000
6 C    -0.0002047253    -0.0002674735     0.0000000000
7 C    -0.0001486815     0.0002204687     0.0000000000
8 C    -0.0003114878     0.0001129816    -0.0000000000
9 C    -0.0003833016     0.0003229241    -0.0000000000
10 C     0.0001204272    -0.0000094575    -0.0000000000
11 C    -0.0000064115     0.0002398290    -0.0000000000
12 C    -0.0001936546     0.0007558054    -0.0000000000
13 C     0.0002235756     0.0001916185     0.0000000000
14 C    -0.0003813276    -0.0000426338    -0.0000000000
15 N     0.0001135790     0.0016289197    -0.0000000000
16 C    -0.0003675791     0.0000504507     0.0000000000
17 N    -0.0000230497     0.0002826352    -0.0000000000
18 C    -0.0001689860     0.0003325646     0.0000000000
19 C     0.0002735986    -0.0000638786     0.0000000000
20 N    -0.0009745151     0.0001243231     0.0000000000
21 C     0.0003940655    -0.0002602673     0.0000000000
22 C     0.0001486710     0.0001101949     0.0000000000
23 C    -0.0000343783    -0.0001821583     0.0000000000
24 C    -0.0005479454    -0.0003770352     0.0000000000
25 C    -0.0001751203    -0.0001417587     0.0000000000
26 N    -0.0006381002    -0.0007584807     0.0000000000
27 C     0.0000888208    -0.0000008706     0.0000000000
28 C     0.0000885935     0.0001133332     0.0000000000
29 C    -0.0000496623    -0.0000916726     0.0000000000
30 C    -0.0004517724    -0.0003054841     0.0000000000
31 N     0.0011008350     0.0005931648    -0.0000000000
32 C     0.0003645997     0.0008091039    -0.0000000000
33 C     0.0000200736     0.0000838497    -0.0000000000
34 C     0.0000832226     0.0000888198     0.0000000000
35 C    -0.0000217692    -0.0001326810     0.0000000000
36 C     0.0002856990     0.0004575332    -0.0000000000
37 C     0.0000016912     0.0004173082    -0.0000000000
38 C    -0.0001211503    -0.0000648193    -0.0000000000
39 N     0.0011596594     0.0011730159    -0.0000000000
40 C     0.0002966962    -0.0002141443    -0.0000000000
41 C     0.0000496103    -0.0002006801    -0.0000000000
42 C     0.0001906255     0.0000493688    -0.0000000000
43 C     0.0002456126     0.0000597798    -0.0000000000
44 C     0.0004884642    -0.0004472844    -0.0000000000
45 C     0.0002019175    -0.0002775080     0.0000000000
46 C    -0.0000717620    -0.0002706906     0.0000000000
47 C     0.0000966793     0.0001146393    -0.0000000000
48 N     0.0004128117    -0.0004576300     0.0000000000
49 C    -0.0001667896     0.0001567571     0.0000000000
50 C     0.0007811942    -0.0001502524     0.0000000000
51 C    -0.0000076773    -0.0001404324     0.0000000000
52 C     0.0002961804    -0.0003718414     0.0000000000
53 C    -0.0000246164    -0.0005924353     0.0000000000
54 C    -0.0001546847    -0.0003493649    -0.0000000000
55 C    -0.0004155895     0.0000837601     0.0000000000
56 C     0.0009616922     0.0003264967     0.0000000000
57 C     0.0004609449    -0.0002463365    -0.0000000000
58 C     0.0003743367    -0.0004206764    -0.0000000000
59 N    -0.0001832220    -0.0004723278    -0.0000000000
60 C    -0.0000222331     0.0001703875    -0.0000000000
61 C    -0.0001780834    -0.0003809273     0.0000000000
62 C    -0.0003237607     0.0008513888    -0.0000000000
63 C    -0.0003804457     0.0001756230    -0.0000000000
64 C     0.0002346260    -0.0000011880    -0.0000000000
65 C     0.0002090903     0.0001110727    -0.0000000000
66 N     0.0006138948     0.0000068017     0.0000000000
67 N     0.0000615064     0.0002850455     0.0000000000
68 C     0.0005427699    -0.0006922323     0.0000000000
69 C    -0.0001809441     0.0000623618     0.0000000000
70 C     0.0001281305    -0.0002433876    -0.0000000000
71 C     0.0000483547    -0.0001661381    -0.0000000000
72 C    -0.0005298500    -0.0003618129     0.0000000000
73 C    -0.0004033698    -0.0007243732     0.0000000000
74 C    -0.0001677252    -0.0000814056     0.0000000000
75 C     0.0000448659    -0.0000827984    -0.0000000000
76 C    -0.0004602544     0.0001750618     0.0000000000
77 C     0.0003257605    -0.0002502193     0.0000000000
78 H     0.0002023881    -0.0001111388     0.0000000000
79 H     0.0004217688    -0.0000797315     0.0000000000
80 H     0.0002107380     0.0003978908    -0.0000000000
81 H     0.0000136898     0.0000637273    -0.0000000000
82 H     0.0000506979    -0.0000729052     0.0000000000
83 H     0.0000932743    -0.0000096232    -0.0000000000
84 H    -0.0000804511     0.0002082391     0.0000000000
85 H    -0.0008139051    -0.0004588538    -0.0000000000
86 H    -0.0000535415     0.0000392402     0.0000000000
87 H    -0.0001182732    -0.0000578196    -0.0000000000
88 H    -0.0001855871     0.0000705500     0.0000000000
89 H    -0.0000478166     0.0001063275     0.0000000000
90 H    -0.0000974849     0.0000166136     0.0000000000
91 H    -0.0001011370    -0.0000221752    -0.0000000000
92 H    -0.0000676285     0.0000327370    -0.0000000000
93 H    -0.0002131461     0.0001484599    -0.0000000000
94 H    -0.0000574343     0.0001290873     0.0000000000
95 H    -0.0000160235    -0.0000413778     0.0000000000
96 H     0.0000751458     0.0000166991     0.0000000000
97 H     0.0000179565    -0.0010277110     0.0000000000
98 H    -0.0000544492    -0.0000747090    -0.0000000000
99 H    -0.0000420733    -0.0000474219    -0.0000000000
100 H    -0.0000347599    -0.0000172288     0.0000000000
101 H    -0.0000182033     0.0000285951    -0.0000000000
----------------------------------------------
cycle 6: E = -3150.61657128  dE = -0.000640832  norm(grad) = 0.00518011

Geometry optimization cycle 7
Cartesian coordinates (Angstrom)
 Atom        New coordinates             dX        dY        dZ
   C  -7.245276   4.933856   0.000000    0.007620 -0.006528  0.000000
   C  -7.300294   0.707473   0.000000    0.002213 -0.001291  0.000000
   C  -6.067020   2.856251   0.000000    0.003170 -0.000413  0.000000
   C  -4.829961   4.970619   0.000000    0.004797  0.002192  0.000000
   C  -7.301358  -3.591019  -0.000000    0.003463 -0.007788  0.000000
   C  -6.112636  -1.384770   0.000000    0.000922 -0.001222  0.000000
   C  -4.875678   0.733818   0.000000    0.001722  0.000772  0.000000
   C  -3.632226   2.808071   0.000000    0.002179  0.001168 -0.000000
   C  -2.402480   4.938217  -0.000000    0.001850  0.001041 -0.000000
   C  -6.033660  -5.643681  -0.000000    0.003439 -0.006096  0.000000
   C  -4.885590  -3.504154  -0.000000    0.000015 -0.000679  0.000000
   C  -3.653919  -1.401931  -0.000000    0.000353  0.001286  0.000000
   C  -2.446121   0.688896   0.000000    0.001328  0.001234 -0.000000
   C  -1.185804   2.797850  -0.000000    0.001922  0.000613 -0.000000
   C   0.041964   4.952813  -0.000000    0.001234 -0.000059 -0.000000
   N  -3.639007  -5.547311  -0.000000   -0.000361 -0.001346  0.000000
   C  -2.429056  -3.483559  -0.000000   -0.001341  0.002785 -0.000000
   N  -1.230383  -1.398691  -0.000000    0.000159  0.002593 -0.000000
   C  -0.004812   0.681658  -0.000000    0.001895  0.001462 -0.000000
   C   1.212893   2.795413  -0.000000    0.001809  0.000701 -0.000000
   N   2.450533   4.855994  -0.000000    0.002680 -0.000774 -0.000000
   C  -1.253079  -5.610063  -0.000000   -0.002913  0.004430 -0.000000
   C  -0.013829  -3.498252  -0.000000   -0.002426  0.002450 -0.000000
   C   1.213988  -1.391515   0.000000   -0.000100  0.002516 -0.000000
   C   2.457411   0.712439   0.000000    0.002511  0.002220 -0.000000
   C   3.643731   2.797988  -0.000000    0.001901  0.001746 -0.000000
   N   4.822963   4.900148  -0.000000    0.003109  0.003026 -0.000000
   C   1.191880  -5.607649  -0.000000   -0.002547  0.001853 -0.000000
   C   2.441845  -3.500658   0.000000   -0.002784  0.001634 -0.000000
   C   3.666190  -1.406797   0.000000   -0.000264  0.001987 -0.000000
   C   4.884095   0.726206   0.000000    0.002224  0.002122  0.000000
   N   6.094789   2.830384   0.000000   -0.000635 -0.000129  0.000000
   C   7.213280   4.926437  -0.000000   -0.004364  0.001998  0.000000
   C   3.642932  -5.618450   0.000000   -0.003319  0.000452 -0.000000
   C   4.905051  -3.526169   0.000000   -0.003551  0.000101  0.000000
   C   6.117722  -1.386234   0.000000   -0.001112 -0.000132  0.000000
   C   7.277620   0.733988   0.000000    0.000934 -0.004446  0.000000
   C   6.101672  -5.643829   0.000000   -0.004509 -0.002134  0.000000
   C   7.324386  -3.565829   0.000000   -0.004008  0.000525  0.000000
   N  -7.238138   3.564341   0.000000    0.000603 -0.006338  0.000000
   C  -6.106970   5.641005   0.000000    0.003401 -0.000429  0.000000
   C  -7.313165  -0.651169   0.000000    0.001182 -0.000924  0.000000
   C  -6.093183   1.434424   0.000000    0.001658 -0.000128  0.000000
   C  -4.865733   3.527570   0.000000    0.002248  0.001601  0.000000
   C  -3.643759   5.632675   0.000000    0.003185  0.003833 -0.000000
   C  -7.248590  -4.966163  -0.000000    0.002616 -0.007516  0.000000
   C  -6.121164  -2.827739  -0.000000   -0.000056 -0.001794  0.000000
   C  -4.884495  -0.682950   0.000000    0.000249  0.000415  0.000000
   N  -3.665113   1.408810   0.000000    0.001052  0.001507 -0.000000
   C  -2.438518   3.502315  -0.000000    0.002118  0.000852 -0.000000
   C  -1.203643   5.619878  -0.000000    0.001227  0.000874 -0.000000
   C  -4.853499  -4.919682  -0.000000    0.000209 -0.001414  0.000000
   C  -3.657792  -2.787893  -0.000000   -0.001435  0.001834  0.000000
   C  -2.433524  -0.673870  -0.000000    0.000286  0.002256 -0.000000
   C  -1.203154   1.401151  -0.000000    0.001853  0.001202 -0.000000
   C   0.012817   3.503651  -0.000000    0.001983  0.000154 -0.000000
   C   1.251516   5.574101  -0.000000    0.001426 -0.002037 -0.000000
   C  -2.417823  -4.905679  -0.000000   -0.003054  0.003076  0.000000
   C  -1.209200  -2.798837  -0.000000   -0.001858  0.003090 -0.000000
   N   0.014507  -0.695632  -0.000000    0.000554  0.002507 -0.000000
   C   1.221892   1.386872  -0.000000    0.002136  0.001023 -0.000000
   C   2.447744   3.471584  -0.000000    0.001886  0.000625 -0.000000
   C   3.634914   5.492589  -0.000000    0.002237 -0.002088 -0.000000
   C  -0.009486  -4.932253  -0.000000   -0.001747  0.002502 -0.000000
   C   1.225719  -2.796566  -0.000000   -0.002259  0.002456 -0.000000
   C   2.444951  -0.695376   0.000000    0.000118  0.002264  0.000000
   N   3.635403   1.409566   0.000000    0.001842  0.002106 -0.000000
   N   4.851891   3.468879  -0.000000    0.001162  0.001905 -0.000000
   C   5.997073   5.591580  -0.000000   -0.000987  0.007744  0.000000
   C   2.434108  -4.943050  -0.000000   -0.002447  0.001395 -0.000000
   C   3.678048  -2.809668   0.000000   -0.002675  0.001837  0.000000
   C   4.890579  -0.682169   0.000000    0.000003  0.001956  0.000000
   C   6.072800   1.452215   0.000000    0.003063 -0.000094  0.000000
   C   7.264312   3.577436   0.000000   -0.002440  0.002801  0.000000
   C   4.876842  -4.952041   0.000000   -0.003279 -0.000191  0.000000
   C   6.136522  -2.833896   0.000000   -0.003782  0.000258  0.000000
   C   7.289774  -0.633852   0.000000    0.001246 -0.004206  0.000000
   C   7.292654  -4.955178   0.000000   -0.006417  0.000781  0.000000
   H   8.127188   5.499113  -0.000000   -0.004446  0.001603  0.000000
   H   8.174783   3.017593   0.000000   -0.002800  0.003724  0.000000
   H   8.223709   1.245806   0.000000    0.002005 -0.007980  0.000000
   H   8.249767  -1.129384   0.000000    0.000214 -0.006144  0.000000
   H   8.283749  -3.068335   0.000000   -0.003941  0.000241  0.000000
   H   8.227757  -5.503794   0.000000   -0.006520  0.000977  0.000000
   H  -8.223976   5.392780   0.000000    0.007121 -0.008300  0.000000
   H  -8.107492   3.068908   0.000000    0.002253 -0.005327  0.000000
   H  -8.252231   1.223033   0.000000    0.002243 -0.001554  0.000000
   H  -8.261998  -1.166015   0.000000    0.001199 -0.000382  0.000000
   H  -8.268135  -3.110225  -0.000000    0.002806 -0.009950  0.000000
   H  -8.170107  -5.536030  -0.000000    0.003282 -0.008548  0.000000
   H  -6.144567   6.721510   0.000000   -0.000073 -0.000646  0.000000
   H  -3.634494   6.716926   0.000000    0.004211  0.003825 -0.000000
   H  -1.222003   6.703748  -0.000000    0.001848  0.000782 -0.000000
   H   1.365712   6.647446  -0.000000    0.003437 -0.002517 -0.000000
   H   3.646400   6.567919  -0.000000    0.001230 -0.002362 -0.000000
   H   5.878563   6.661709  -0.000000   -0.001183  0.007710 -0.000000
   H  -6.005904  -6.727396  -0.000000    0.005620 -0.006051  0.000000
   H  -3.629865  -6.551269  -0.000000    0.001386  0.000796  0.000000
   H  -1.264034  -6.694059  -0.000000   -0.002786  0.004597 -0.000000
   H   1.185531  -6.691689  -0.000000   -0.002778  0.001980 -0.000000
   H   3.636957  -6.702835  -0.000000   -0.003776  0.000521 -0.000000
   H   6.091634  -6.727778   0.000000   -0.003883 -0.002154  0.000000
converged SCF energy = -3150.61652334575
