('2024-07-22 10:14:20', 'maolinml')
us-east-1
us-east-2
us-west-1
us-west-2
ap-south-1
ca-central-1
eu-north-1
eu-west-2
ap-northeast-3
ap-northeast-2
ap-northeast-1
ap-southeast-2
ap-southeast-1
eu-central-1
eu-west-1
eu-west-3
sa-east-1
('2024-07-22 10:21:50', 'maolinml2')
us-east-1
us-east-2
us-west-1
us-west-2
ap-south-1
ca-central-1
eu-north-1
eu-west-2
ap-northeast-3
ap-northeast-2
ap-northeast-1
ap-southeast-2
ap-southeast-1
eu-central-1
eu-west-1
eu-west-3
sa-east-1
('2024-07-22 10:29:58', 'maolinml3')
us-east-1
us-east-2
us-west-1
us-west-2
ap-south-1
ca-central-1
eu-north-1
eu-west-2
ap-northeast-3
ap-northeast-2
ap-northeast-1
ap-southeast-2
ap-southeast-1
eu-central-1
eu-west-1
eu-west-3
sa-east-1
('2024-07-22 10:35:12', 'maolinml')
us-east-1
us-east-2
us-west-1
us-west-2
ap-south-1
ca-central-1
eu-north-1
eu-west-2
ap-northeast-3
ap-northeast-2
ap-northeast-1
ap-southeast-2
ap-southeast-1
eu-central-1
eu-west-1
eu-west-3
sa-east-1
('2024-07-22 10:43:07', 'maolinml2')
us-east-1
us-east-2
us-west-1
us-west-2
ap-south-1
ca-central-1
eu-north-1
eu-west-2
ap-northeast-3
ap-northeast-2
ap-northeast-1
ap-southeast-2
ap-southeast-1
eu-central-1
eu-west-1
eu-west-3
sa-east-1
('2024-07-22 10:51:40', 'maolinml3')
us-east-1
us-east-2
us-west-1
us-west-2
ap-south-1
ca-central-1
eu-north-1
eu-west-2
ap-northeast-3
ap-northeast-2
ap-northeast-1
ap-southeast-2
ap-southeast-1
eu-central-1
eu-west-1
eu-west-3
sa-east-1
('2024-07-22 10:57:06', 'maolinml')
us-east-1
us-east-2
us-west-1
us-west-2
ap-south-1
ca-central-1
eu-north-1
eu-west-2
ap-northeast-3
ap-northeast-2
ap-northeast-1
ap-southeast-2
ap-southeast-1
eu-central-1
eu-west-1
eu-west-3
sa-east-1
('2024-07-22 11:05:10', 'maolinml2')
us-east-1
us-east-2
us-west-1
us-west-2
ap-south-1
ca-central-1
eu-north-1
eu-west-2
ap-northeast-3
ap-northeast-2
ap-northeast-1
ap-southeast-2
ap-southeast-1
eu-central-1
eu-west-1
eu-west-3
sa-east-1
('2024-07-22 11:13:41', 'maolinml3')
us-east-1
us-east-2
us-west-1
us-west-2
ap-south-1
ca-central-1
eu-north-1
eu-west-2
ap-northeast-3
ap-northeast-2
ap-northeast-1
ap-southeast-2
ap-southeast-1
eu-central-1
eu-west-1
eu-west-3
sa-east-1
('2024-07-22 11:19:08', 'maolinml')
us-east-1
us-east-2
us-west-1
us-west-2
ap-south-1
ca-central-1
eu-north-1
eu-west-2
ap-northeast-3
ap-northeast-2
ap-northeast-1
ap-southeast-2
ap-southeast-1
eu-central-1
eu-west-1
eu-west-3
sa-east-1
('2024-07-22 11:27:01', 'maolinml2')
us-east-1
us-east-2
us-west-1
us-west-2
ap-south-1
ca-central-1
eu-north-1
eu-west-2
ap-northeast-3
ap-northeast-2
ap-northeast-1
ap-southeast-2
ap-southeast-1
eu-central-1
eu-west-1
eu-west-3
sa-east-1
('2024-07-22 11:34:49', 'maolinml3')
us-east-1
us-east-2
us-west-1
us-west-2
ap-south-1
ca-central-1
eu-north-1
eu-west-2
ap-northeast-3
ap-northeast-2
ap-northeast-1
ap-southeast-2
ap-southeast-1
eu-central-1
eu-west-1
eu-west-3
sa-east-1
('2024-07-22 11:39:59', 'maolinml')
us-east-1
us-east-2
us-west-1
us-west-2
ap-south-1
ca-central-1
eu-north-1
eu-west-2
ap-northeast-3
ap-northeast-2
ap-northeast-1
ap-southeast-2
ap-southeast-1
eu-central-1
eu-west-1
eu-west-3
sa-east-1
('2024-07-22 11:47:45', 'maolinml2')
us-east-1
us-east-2
us-west-1
us-west-2
ap-south-1
ca-central-1
eu-north-1
eu-west-2
ap-northeast-3
ap-northeast-2
ap-northeast-1
ap-southeast-2
ap-southeast-1
eu-central-1
eu-west-1
eu-west-3
sa-east-1
('2024-07-22 11:55:17', 'maolinml3')
us-east-1
us-east-2
us-west-1
us-west-2
ap-south-1
ca-central-1
eu-north-1
eu-west-2
ap-northeast-3
ap-northeast-2
ap-northeast-1
ap-southeast-2
ap-southeast-1
eu-central-1
eu-west-1
eu-west-3
sa-east-1
('2024-07-22 12:00:30', 'maolinml')
us-east-1
us-east-2
us-west-1
us-west-2
ap-south-1
ca-central-1
eu-north-1
eu-west-2
ap-northeast-3
ap-northeast-2
ap-northeast-1
ap-southeast-2
ap-southeast-1
eu-central-1
eu-west-1
eu-west-3
sa-east-1
('2024-07-22 12:08:29', 'maolinml2')
us-east-1
us-east-2
us-west-1
us-west-2
ap-south-1
ca-central-1
eu-north-1
eu-west-2
ap-northeast-3
ap-northeast-2
ap-northeast-1
ap-southeast-2
ap-southeast-1
eu-central-1
eu-west-1
eu-west-3
sa-east-1
('2024-07-22 12:16:23', 'maolinml3')
us-east-1
us-east-2
us-west-1
us-west-2
ap-south-1
ca-central-1
eu-north-1
eu-west-2
ap-northeast-3
ap-northeast-2
ap-northeast-1
ap-southeast-2
ap-southeast-1
eu-central-1
eu-west-1
eu-west-3
sa-east-1
('2024-07-22 12:21:40', 'maolinml')
us-east-1
us-east-2
us-west-1
us-west-2
ap-south-1
ca-central-1
eu-north-1
eu-west-2
ap-northeast-3
ap-northeast-2
ap-northeast-1
ap-southeast-2
ap-southeast-1
eu-central-1
eu-west-1
eu-west-3
sa-east-1
('2024-07-22 12:29:41', 'maolinml2')
us-east-1
us-east-2
us-west-1
us-west-2
ap-south-1
ca-central-1
eu-north-1
eu-west-2
ap-northeast-3
ap-northeast-2
ap-northeast-1
ap-southeast-2
ap-southeast-1
eu-central-1
eu-west-1
eu-west-3
sa-east-1
('2024-07-22 12:38:01', 'maolinml3')
us-east-1
us-east-2
us-west-1
us-west-2
ap-south-1
ca-central-1
eu-north-1
eu-west-2
ap-northeast-3
ap-northeast-2
ap-northeast-1
ap-southeast-2
ap-southeast-1
eu-central-1
eu-west-1
eu-west-3
sa-east-1
('2024-07-22 12:43:21', 'maolinml')
us-east-1
us-east-2
us-west-1
us-west-2
ap-south-1
ca-central-1
eu-north-1
eu-west-2
ap-northeast-3
ap-northeast-2
ap-northeast-1
ap-southeast-2
ap-southeast-1
eu-central-1
eu-west-1
eu-west-3
sa-east-1
('2024-07-22 12:51:01', 'maolinml2')
us-east-1
us-east-2
us-west-1
us-west-2
ap-south-1
ca-central-1
eu-north-1
eu-west-2
ap-northeast-3
ap-northeast-2
ap-northeast-1
ap-southeast-2
ap-southeast-1
eu-central-1
eu-west-1
eu-west-3
sa-east-1
('2024-07-22 12:59:08', 'maolinml3')
us-east-1
us-east-2
us-west-1
us-west-2
ap-south-1
ca-central-1
eu-north-1
eu-west-2
ap-northeast-3
ap-northeast-2
ap-northeast-1
ap-southeast-2
ap-southeast-1
eu-central-1
eu-west-1
eu-west-3
sa-east-1
('2024-07-22 13:04:33', 'maolinml')
us-east-1
us-east-2
us-west-1
us-west-2
ap-south-1
ca-central-1
eu-north-1
eu-west-2
ap-northeast-3
ap-northeast-2
ap-northeast-1
ap-southeast-2
ap-southeast-1
eu-central-1
eu-west-1
eu-west-3
sa-east-1
('2024-07-22 13:13:05', 'maolinml2')
us-east-1
us-east-2
us-west-1
us-west-2
ap-south-1
ca-central-1
eu-north-1
eu-west-2
ap-northeast-3
ap-northeast-2
ap-northeast-1
ap-southeast-2
ap-southeast-1
eu-central-1
eu-west-1
eu-west-3
sa-east-1
('2024-07-22 13:22:12', 'maolinml3')
us-east-1
us-east-2
us-west-1
us-west-2
ap-south-1
ca-central-1
eu-north-1
eu-west-2
ap-northeast-3
ap-northeast-2
ap-northeast-1
ap-southeast-2
ap-southeast-1
eu-central-1
eu-west-1
eu-west-3
sa-east-1
('2024-07-22 13:27:34', 'maolinml')
us-east-1
us-east-2
us-west-1
us-west-2
ap-south-1
ca-central-1
eu-north-1
eu-west-2
ap-northeast-3
ap-northeast-2
ap-northeast-1
ap-southeast-2
ap-southeast-1
eu-central-1
eu-west-1
eu-west-3
sa-east-1
('2024-07-22 13:35:22', 'maolinml2')
us-east-1
us-east-2
us-west-1
us-west-2
ap-south-1
ca-central-1
eu-north-1
eu-west-2
ap-northeast-3
ap-northeast-2
ap-northeast-1
ap-southeast-2
ap-southeast-1
eu-central-1
eu-west-1
eu-west-3
sa-east-1
('2024-07-22 13:43:56', 'maolinml3')
us-east-1
us-east-2
us-west-1
us-west-2
ap-south-1
ca-central-1
eu-north-1
eu-west-2
ap-northeast-3
ap-northeast-2
ap-northeast-1
ap-southeast-2
ap-southeast-1
eu-central-1
eu-west-1
eu-west-3
sa-east-1
('2024-07-22 13:49:06', 'maolinml')
us-east-1
us-east-2
us-west-1
us-west-2
ap-south-1
ca-central-1
eu-north-1
eu-west-2
ap-northeast-3
ap-northeast-2
ap-northeast-1
ap-southeast-2
ap-southeast-1
eu-central-1
eu-west-1
eu-west-3
sa-east-1
('2024-07-22 13:56:46', 'maolinml2')
us-east-1
us-east-2
us-west-1
us-west-2
ap-south-1
ca-central-1
eu-north-1
eu-west-2
ap-northeast-3
ap-northeast-2
ap-northeast-1
ap-southeast-2
ap-southeast-1
eu-central-1
eu-west-1
eu-west-3
sa-east-1
('2024-07-22 14:05:02', 'maolinml3')
us-east-1
us-east-2
us-west-1
us-west-2
ap-south-1
ca-central-1
eu-north-1
eu-west-2
ap-northeast-3
ap-northeast-2
ap-northeast-1
ap-southeast-2
ap-southeast-1
eu-central-1
eu-west-1
eu-west-3
sa-east-1
('2024-07-22 14:10:16', 'maolinml')
us-east-1
us-east-2
us-west-1
us-west-2
ap-south-1
ca-central-1
eu-north-1
eu-west-2
ap-northeast-3
ap-northeast-2
ap-northeast-1
ap-southeast-2
ap-southeast-1
eu-central-1
eu-west-1
eu-west-3
sa-east-1
('2024-07-22 14:18:14', 'maolinml2')
us-east-1
us-east-2
us-west-1
us-west-2
ap-south-1
ca-central-1
eu-north-1
eu-west-2
ap-northeast-3
ap-northeast-2
ap-northeast-1
ap-southeast-2
ap-southeast-1
eu-central-1
eu-west-1
eu-west-3
sa-east-1
('2024-07-22 14:26:34', 'maolinml3')
us-east-1
us-east-2
us-west-1
us-west-2
ap-south-1
ca-central-1
eu-north-1
eu-west-2
ap-northeast-3
ap-northeast-2
ap-northeast-1
ap-southeast-2
ap-southeast-1
eu-central-1
eu-west-1
eu-west-3
sa-east-1
('2024-07-22 14:32:18', 'maolinml')
us-east-1
us-east-2
us-west-1
us-west-2
ap-south-1
ca-central-1
eu-north-1
eu-west-2
ap-northeast-3
ap-northeast-2
ap-northeast-1
ap-southeast-2
ap-southeast-1
eu-central-1
eu-west-1
eu-west-3
sa-east-1
('2024-07-22 14:40:12', 'maolinml2')
us-east-1
us-east-2
us-west-1
us-west-2
ap-south-1
ca-central-1
eu-north-1
eu-west-2
ap-northeast-3
ap-northeast-2
ap-northeast-1
ap-southeast-2
ap-southeast-1
eu-central-1
eu-west-1
eu-west-3
sa-east-1
('2024-07-22 14:48:35', 'maolinml3')
us-east-1
us-east-2
us-west-1
us-west-2
ap-south-1
ca-central-1
eu-north-1
eu-west-2
ap-northeast-3
ap-northeast-2
ap-northeast-1
ap-southeast-2
ap-southeast-1
eu-central-1
eu-west-1
eu-west-3
sa-east-1
('2024-07-22 14:53:50', 'maolinml')
us-east-1
us-east-2
us-west-1
us-west-2
ap-south-1
ca-central-1
eu-north-1
eu-west-2
ap-northeast-3
ap-northeast-2
ap-northeast-1
ap-southeast-2
ap-southeast-1
eu-central-1
eu-west-1
eu-west-3
sa-east-1
('2024-07-22 15:01:31', 'maolinml2')
us-east-1
us-east-2
us-west-1
us-west-2
ap-south-1
ca-central-1
eu-north-1
eu-west-2
ap-northeast-3
ap-northeast-2
ap-northeast-1
ap-southeast-2
ap-southeast-1
eu-central-1
eu-west-1
eu-west-3
sa-east-1
('2024-07-22 15:09:46', 'maolinml3')
us-east-1
us-east-2
us-west-1
us-west-2
ap-south-1
ca-central-1
eu-north-1
eu-west-2
ap-northeast-3
ap-northeast-2
ap-northeast-1
ap-southeast-2
ap-southeast-1
eu-central-1
eu-west-1
eu-west-3
sa-east-1
('2024-07-22 15:15:21', 'maolinml')
us-east-1
us-east-2
us-west-1
us-west-2
ap-south-1
ca-central-1
eu-north-1
eu-west-2
ap-northeast-3
ap-northeast-2
ap-northeast-1
ap-southeast-2
ap-southeast-1
eu-central-1
eu-west-1
eu-west-3
sa-east-1
('2024-07-22 15:23:15', 'maolinml2')
us-east-1
us-east-2
us-west-1
us-west-2
ap-south-1
ca-central-1
eu-north-1
eu-west-2
ap-northeast-3
ap-northeast-2
ap-northeast-1
ap-southeast-2
ap-southeast-1
eu-central-1
eu-west-1
eu-west-3
sa-east-1
('2024-07-22 15:30:58', 'maolinml3')
us-east-1
us-east-2
us-west-1
us-west-2
ap-south-1
ca-central-1
eu-north-1
eu-west-2
ap-northeast-3
ap-northeast-2
ap-northeast-1
ap-southeast-2
ap-southeast-1
eu-central-1
eu-west-1
eu-west-3
sa-east-1
('2024-07-22 15:36:12', 'maolinml')
us-east-1
us-east-2
us-west-1
us-west-2
ap-south-1
ca-central-1
eu-north-1
eu-west-2
ap-northeast-3
ap-northeast-2
ap-northeast-1
ap-southeast-2
ap-southeast-1
eu-central-1
eu-west-1
eu-west-3
sa-east-1
('2024-07-22 15:44:18', 'maolinml2')
us-east-1
us-east-2
us-west-1
us-west-2
ap-south-1
ca-central-1
eu-north-1
eu-west-2
ap-northeast-3
ap-northeast-2
ap-northeast-1
ap-southeast-2
ap-southeast-1
eu-central-1
eu-west-1
eu-west-3
sa-east-1
('2024-07-22 15:52:05', 'maolinml3')
us-east-1
us-east-2
us-west-1
us-west-2
ap-south-1
ca-central-1
eu-north-1
eu-west-2
ap-northeast-3
ap-northeast-2
ap-northeast-1
ap-southeast-2
ap-southeast-1
eu-central-1
eu-west-1
eu-west-3
sa-east-1
('2024-07-22 15:58:27', 'maolinml')
us-east-1
us-east-2
us-west-1
us-west-2
ap-south-1
ca-central-1
eu-north-1
eu-west-2
ap-northeast-3
ap-northeast-2
ap-northeast-1
ap-southeast-2
ap-southeast-1
eu-central-1
eu-west-1
eu-west-3
sa-east-1
('2024-07-22 16:06:40', 'maolinml2')
us-east-1
us-east-2
us-west-1
us-west-2
ap-south-1
ca-central-1
eu-north-1
eu-west-2
ap-northeast-3
ap-northeast-2
ap-northeast-1
ap-southeast-2
ap-southeast-1
eu-central-1
eu-west-1
eu-west-3
sa-east-1
('2024-07-22 16:15:32', 'maolinml3')
us-east-1
us-east-2
us-west-1
us-west-2
ap-south-1
ca-central-1
eu-north-1
eu-west-2
ap-northeast-3
ap-northeast-2
ap-northeast-1
ap-southeast-2
ap-southeast-1
eu-central-1
eu-west-1
eu-west-3
sa-east-1
('2024-07-22 16:21:08', 'maolinml')
us-east-1
us-east-2
us-west-1
us-west-2
ap-south-1
ca-central-1
eu-north-1
eu-west-2
ap-northeast-3
ap-northeast-2
ap-northeast-1
ap-southeast-2
ap-southeast-1
eu-central-1
eu-west-1
eu-west-3
sa-east-1
('2024-07-22 16:29:52', 'maolinml2')
us-east-1
us-east-2
us-west-1
us-west-2
ap-south-1
ca-central-1
eu-north-1
eu-west-2
ap-northeast-3
ap-northeast-2
ap-northeast-1
ap-southeast-2
ap-southeast-1
eu-central-1
eu-west-1
eu-west-3
sa-east-1
('2024-07-22 16:37:55', 'maolinml3')
us-east-1
us-east-2
us-west-1
us-west-2
ap-south-1
ca-central-1
eu-north-1
eu-west-2
ap-northeast-3
ap-northeast-2
ap-northeast-1
ap-southeast-2
ap-southeast-1
eu-central-1
eu-west-1
eu-west-3
sa-east-1
('2024-07-22 16:43:10', 'maolinml')
us-east-1
us-east-2
us-west-1
us-west-2
ap-south-1
ca-central-1
eu-north-1
eu-west-2
ap-northeast-3
ap-northeast-2
ap-northeast-1
ap-southeast-2
ap-southeast-1
eu-central-1
eu-west-1
eu-west-3
sa-east-1
('2024-07-22 16:50:49', 'maolinml2')
us-east-1
us-east-2
us-west-1
us-west-2
ap-south-1
ca-central-1
eu-north-1
eu-west-2
ap-northeast-3
ap-northeast-2
ap-northeast-1
ap-southeast-2
ap-southeast-1
eu-central-1
eu-west-1
eu-west-3
sa-east-1
('2024-07-22 16:58:58', 'maolinml3')
us-east-1
us-east-2
us-west-1
us-west-2
ap-south-1
ca-central-1
eu-north-1
eu-west-2
ap-northeast-3
ap-northeast-2
ap-northeast-1
ap-southeast-2
ap-southeast-1
eu-central-1
eu-west-1
eu-west-3
sa-east-1
('2024-07-22 17:04:11', 'maolinml')
us-east-1
us-east-2
us-west-1
us-west-2
ap-south-1
ca-central-1
eu-north-1
eu-west-2
ap-northeast-3
ap-northeast-2
ap-northeast-1
ap-southeast-2
ap-southeast-1
eu-central-1
eu-west-1
eu-west-3
sa-east-1
('2024-07-22 17:11:44', 'maolinml2')
us-east-1
us-east-2
us-west-1
us-west-2
ap-south-1
ca-central-1
eu-north-1
eu-west-2
ap-northeast-3
ap-northeast-2
ap-northeast-1
ap-southeast-2
ap-southeast-1
eu-central-1
eu-west-1
eu-west-3
sa-east-1
('2024-07-22 17:20:36', 'maolinml3')
us-east-1
us-east-2
us-west-1
us-west-2
ap-south-1
ca-central-1
eu-north-1
eu-west-2
ap-northeast-3
ap-northeast-2
ap-northeast-1
ap-southeast-2
ap-southeast-1
eu-central-1
eu-west-1
eu-west-3
sa-east-1
('2024-07-22 17:25:50', 'maolinml')
us-east-1
us-east-2
us-west-1
us-west-2
ap-south-1
ca-central-1
eu-north-1
eu-west-2
ap-northeast-3
ap-northeast-2
ap-northeast-1
ap-southeast-2
ap-southeast-1
eu-central-1
eu-west-1
eu-west-3
sa-east-1
('2024-07-22 17:33:30', 'maolinml2')
us-east-1
us-east-2
us-west-1
us-west-2
ap-south-1
ca-central-1
eu-north-1
eu-west-2
ap-northeast-3
ap-northeast-2
ap-northeast-1
ap-southeast-2
ap-southeast-1
eu-central-1
eu-west-1
eu-west-3
sa-east-1
('2024-07-22 17:41:41', 'maolinml3')
us-east-1
us-east-2
us-west-1
us-west-2
ap-south-1
ca-central-1
eu-north-1
eu-west-2
ap-northeast-3
ap-northeast-2
ap-northeast-1
ap-southeast-2
ap-southeast-1
eu-central-1
eu-west-1
eu-west-3
sa-east-1
('2024-07-22 17:46:58', 'maolinml')
us-east-1
us-east-2
us-west-1
us-west-2
ap-south-1
ca-central-1
eu-north-1
eu-west-2
ap-northeast-3
ap-northeast-2
ap-northeast-1
ap-southeast-2
ap-southeast-1
eu-central-1
eu-west-1
eu-west-3
sa-east-1
('2024-07-22 17:55:15', 'maolinml2')
us-east-1
us-east-2
us-west-1
us-west-2
ap-south-1
ca-central-1
eu-north-1
eu-west-2
ap-northeast-3
ap-northeast-2
ap-northeast-1
ap-southeast-2
ap-southeast-1
eu-central-1
eu-west-1
eu-west-3
sa-east-1
('2024-07-22 18:03:13', 'maolinml3')
us-east-1
us-east-2
us-west-1
us-west-2
ap-south-1
ca-central-1
eu-north-1
eu-west-2
ap-northeast-3
ap-northeast-2
ap-northeast-1
ap-southeast-2
ap-southeast-1
eu-central-1
eu-west-1
eu-west-3
sa-east-1
('2024-07-22 18:08:38', 'maolinml')
us-east-1
us-east-2
us-west-1
us-west-2
ap-south-1
ca-central-1
eu-north-1
eu-west-2
ap-northeast-3
ap-northeast-2
ap-northeast-1
ap-southeast-2
ap-southeast-1
eu-central-1
eu-west-1
eu-west-3
sa-east-1
('2024-07-22 18:16:15', 'maolinml2')
us-east-1
us-east-2
us-west-1
us-west-2
ap-south-1
ca-central-1
eu-north-1
eu-west-2
ap-northeast-3
ap-northeast-2
ap-northeast-1
ap-southeast-2
ap-southeast-1
eu-central-1
eu-west-1
eu-west-3
sa-east-1
('2024-07-22 18:24:43', 'maolinml3')
us-east-1
us-east-2
us-west-1
us-west-2
ap-south-1
ca-central-1
eu-north-1
eu-west-2
ap-northeast-3
ap-northeast-2
ap-northeast-1
ap-southeast-2
ap-southeast-1
eu-central-1
eu-west-1
eu-west-3
sa-east-1
('2024-07-22 18:29:54', 'maolinml')
us-east-1
us-east-2
us-west-1
us-west-2
ap-south-1
ca-central-1
eu-north-1
eu-west-2
ap-northeast-3
ap-northeast-2
ap-northeast-1
ap-southeast-2
ap-southeast-1
eu-central-1
eu-west-1
eu-west-3
sa-east-1
('2024-07-22 18:37:59', 'maolinml2')
us-east-1
us-east-2
us-west-1
us-west-2
ap-south-1
ca-central-1
eu-north-1
eu-west-2
ap-northeast-3
ap-northeast-2
ap-northeast-1
ap-southeast-2
ap-southeast-1
eu-central-1
eu-west-1
eu-west-3
sa-east-1
('2024-07-22 18:46:32', 'maolinml3')
us-east-1
us-east-2
us-west-1
us-west-2
ap-south-1
ca-central-1
eu-north-1
eu-west-2
ap-northeast-3
ap-northeast-2
ap-northeast-1
ap-southeast-2
ap-southeast-1
eu-central-1
eu-west-1
eu-west-3
sa-east-1
('2024-07-22 18:51:50', 'maolinml')
us-east-1
us-east-2
us-west-1
us-west-2
ap-south-1
ca-central-1
eu-north-1
eu-west-2
ap-northeast-3
ap-northeast-2
ap-northeast-1
ap-southeast-2
ap-southeast-1
eu-central-1
eu-west-1
eu-west-3
sa-east-1
('2024-07-22 18:59:55', 'maolinml2')
us-east-1
us-east-2
us-west-1
us-west-2
ap-south-1
ca-central-1
eu-north-1
eu-west-2
ap-northeast-3
ap-northeast-2
ap-northeast-1
ap-southeast-2
ap-southeast-1
eu-central-1
eu-west-1
eu-west-3
sa-east-1
('2024-07-22 19:08:50', 'maolinml3')
us-east-1
us-east-2
us-west-1
us-west-2
ap-south-1
ca-central-1
eu-north-1
eu-west-2
ap-northeast-3
ap-northeast-2
ap-northeast-1
ap-southeast-2
ap-southeast-1
eu-central-1
eu-west-1
eu-west-3
sa-east-1
('2024-07-22 19:14:16', 'maolinml')
us-east-1
us-east-2
us-west-1
us-west-2
ap-south-1
ca-central-1
eu-north-1
eu-west-2
ap-northeast-3
ap-northeast-2
ap-northeast-1
ap-southeast-2
ap-southeast-1
eu-central-1
eu-west-1
eu-west-3
sa-east-1
('2024-07-22 19:22:02', 'maolinml2')
us-east-1
us-east-2
us-west-1
us-west-2
ap-south-1
ca-central-1
eu-north-1
eu-west-2
ap-northeast-3
ap-northeast-2
ap-northeast-1
ap-southeast-2
ap-southeast-1
eu-central-1
eu-west-1
eu-west-3
sa-east-1
('2024-07-22 21:37:26', 'maolinml3')
us-east-1
us-east-2
us-west-1
us-west-2
ap-south-1
ca-central-1
eu-north-1
eu-west-2
ap-northeast-3
ap-northeast-2
ap-northeast-1
ap-southeast-2
ap-southeast-1
eu-central-1
eu-west-1
eu-west-3
sa-east-1
('2024-07-22 21:42:51', 'maolinml')
us-east-1
us-east-2
us-west-1
us-west-2
ap-south-1
ca-central-1
eu-north-1
eu-west-2
ap-northeast-3
ap-northeast-2
ap-northeast-1
ap-southeast-2
ap-southeast-1
eu-central-1
eu-west-1
eu-west-3
sa-east-1
('2024-07-22 21:52:53', 'maolinml2')
us-east-1
us-east-2
us-west-1
us-west-2
ap-south-1
ca-central-1
eu-north-1
eu-west-2
ap-northeast-3
ap-northeast-2
ap-northeast-1
ap-southeast-2
ap-southeast-1
eu-central-1
eu-west-1
eu-west-3
sa-east-1
('2024-07-22 22:01:05', 'maolinml3')
us-east-1
us-east-2
us-west-1
us-west-2
ap-south-1
ca-central-1
eu-north-1
eu-west-2
ap-northeast-3
ap-northeast-2
ap-northeast-1
ap-southeast-2
ap-southeast-1
eu-central-1
eu-west-1
eu-west-3
sa-east-1
('2024-07-22 22:06:17', 'maolinml')
us-east-1
us-east-2
us-west-1
us-west-2
ap-south-1
ca-central-1
eu-north-1
eu-west-2
ap-northeast-3
ap-northeast-2
ap-northeast-1
ap-southeast-2
ap-southeast-1
eu-central-1
eu-west-1
eu-west-3
sa-east-1
('2024-07-22 22:13:54', 'maolinml2')
us-east-1
us-east-2
us-west-1
us-west-2
ap-south-1
ca-central-1
eu-north-1
eu-west-2
ap-northeast-3
ap-northeast-2
ap-northeast-1
ap-southeast-2
ap-southeast-1
eu-central-1
eu-west-1
eu-west-3
sa-east-1
('2024-07-22 22:22:17', 'maolinml3')
us-east-1
us-east-2
us-west-1
us-west-2
ap-south-1
ca-central-1
eu-north-1
eu-west-2
ap-northeast-3
ap-northeast-2
ap-northeast-1
ap-southeast-2
ap-southeast-1
eu-central-1
eu-west-1
eu-west-3
sa-east-1
('2024-07-22 22:27:46', 'maolinml')
us-east-1
us-east-2
us-west-1
us-west-2
ap-south-1
ca-central-1
eu-north-1
eu-west-2
ap-northeast-3
ap-northeast-2
ap-northeast-1
ap-southeast-2
ap-southeast-1
eu-central-1
eu-west-1
eu-west-3
sa-east-1
('2024-07-22 22:35:46', 'maolinml2')
us-east-1
us-east-2
us-west-1
us-west-2
ap-south-1
ca-central-1
eu-north-1
eu-west-2
ap-northeast-3
ap-northeast-2
ap-northeast-1
ap-southeast-2
ap-southeast-1
eu-central-1
eu-west-1
eu-west-3
sa-east-1
('2024-07-22 22:43:55', 'maolinml3')
us-east-1
us-east-2
us-west-1
us-west-2
ap-south-1
ca-central-1
eu-north-1
eu-west-2
ap-northeast-3
ap-northeast-2
ap-northeast-1
ap-southeast-2
ap-southeast-1
eu-central-1
eu-west-1
eu-west-3
sa-east-1
('2024-07-22 22:49:21', 'maolinml')
us-east-1
us-east-2
us-west-1
us-west-2
ap-south-1
ca-central-1
eu-north-1
eu-west-2
ap-northeast-3
ap-northeast-2
ap-northeast-1
ap-southeast-2
ap-southeast-1
eu-central-1
eu-west-1
eu-west-3
sa-east-1
('2024-07-22 22:56:57', 'maolinml2')
us-east-1
us-east-2
us-west-1
us-west-2
ap-south-1
ca-central-1
eu-north-1
eu-west-2
ap-northeast-3
ap-northeast-2
ap-northeast-1
ap-southeast-2
ap-southeast-1
eu-central-1
eu-west-1
eu-west-3
sa-east-1
('2024-07-22 23:05:13', 'maolinml3')
us-east-1
us-east-2
us-west-1
us-west-2
ap-south-1
ca-central-1
eu-north-1
eu-west-2
ap-northeast-3
ap-northeast-2
ap-northeast-1
ap-southeast-2
ap-southeast-1
eu-central-1
eu-west-1
eu-west-3
sa-east-1
('2024-07-22 23:10:49', 'maolinml')
us-east-1
us-east-2
us-west-1
us-west-2
ap-south-1
ca-central-1
eu-north-1
eu-west-2
ap-northeast-3
ap-northeast-2
ap-northeast-1
ap-southeast-2
ap-southeast-1
eu-central-1
eu-west-1
eu-west-3
sa-east-1
('2024-07-22 23:18:42', 'maolinml2')
us-east-1
us-east-2
us-west-1
us-west-2
ap-south-1
ca-central-1
eu-north-1
eu-west-2
ap-northeast-3
ap-northeast-2
ap-northeast-1
ap-southeast-2
ap-southeast-1
eu-central-1
eu-west-1
eu-west-3
sa-east-1
('2024-07-22 23:26:52', 'maolinml3')
us-east-1
us-east-2
us-west-1
us-west-2
ap-south-1
ca-central-1
eu-north-1
eu-west-2
ap-northeast-3
ap-northeast-2
ap-northeast-1
ap-southeast-2
ap-southeast-1
eu-central-1
eu-west-1
eu-west-3
sa-east-1
('2024-07-22 23:32:09', 'maolinml')
us-east-1
us-east-2
us-west-1
us-west-2
ap-south-1
ca-central-1
eu-north-1
eu-west-2
ap-northeast-3
ap-northeast-2
ap-northeast-1
ap-southeast-2
ap-southeast-1
eu-central-1
eu-west-1
eu-west-3
sa-east-1
('2024-07-22 23:39:55', 'maolinml2')
us-east-1
us-east-2
us-west-1
us-west-2
ap-south-1
ca-central-1
eu-north-1
eu-west-2
ap-northeast-3
ap-northeast-2
ap-northeast-1
ap-southeast-2
ap-southeast-1
eu-central-1
eu-west-1
eu-west-3
sa-east-1
('2024-07-22 23:47:54', 'maolinml3')
us-east-1
us-east-2
us-west-1
us-west-2
ap-south-1
ca-central-1
eu-north-1
eu-west-2
ap-northeast-3
ap-northeast-2
ap-northeast-1
ap-southeast-2
ap-southeast-1
eu-central-1
eu-west-1
eu-west-3
sa-east-1
('2024-07-22 23:53:12', 'maolinml')
us-east-1
us-east-2
us-west-1
us-west-2
ap-south-1
ca-central-1
eu-north-1
eu-west-2
ap-northeast-3
ap-northeast-2
ap-northeast-1
ap-southeast-2
ap-southeast-1
eu-central-1
eu-west-1
eu-west-3
sa-east-1
('2024-07-23 00:01:10', 'maolinml2')
us-east-1
us-east-2
us-west-1
us-west-2
ap-south-1
ca-central-1
eu-north-1
eu-west-2
ap-northeast-3
ap-northeast-2
ap-northeast-1
ap-southeast-2
ap-southeast-1
eu-central-1
eu-west-1
eu-west-3
sa-east-1
('2024-07-23 00:09:24', 'maolinml3')
us-east-1
us-east-2
us-west-1
us-west-2
ap-south-1
ca-central-1
eu-north-1
eu-west-2
ap-northeast-3
ap-northeast-2
ap-northeast-1
ap-southeast-2
ap-southeast-1
eu-central-1
eu-west-1
eu-west-3
sa-east-1
('2024-07-23 00:14:38', 'maolinml')
us-east-1
us-east-2
us-west-1
us-west-2
ap-south-1
ca-central-1
eu-north-1
eu-west-2
ap-northeast-3
ap-northeast-2
ap-northeast-1
ap-southeast-2
ap-southeast-1
eu-central-1
eu-west-1
eu-west-3
sa-east-1
('2024-07-23 00:22:19', 'maolinml2')
us-east-1
us-east-2
us-west-1
us-west-2
ap-south-1
ca-central-1
eu-north-1
eu-west-2
ap-northeast-3
ap-northeast-2
ap-northeast-1
ap-southeast-2
ap-southeast-1
eu-central-1
eu-west-1
eu-west-3
sa-east-1
('2024-07-23 00:30:02', 'maolinml3')
us-east-1
us-east-2
us-west-1
us-west-2
ap-south-1
ca-central-1
eu-north-1
eu-west-2
ap-northeast-3
ap-northeast-2
ap-northeast-1
ap-southeast-2
ap-southeast-1
eu-central-1
eu-west-1
eu-west-3
sa-east-1
('2024-07-23 00:35:20', 'maolinml')
us-east-1
us-east-2
us-west-1
us-west-2
ap-south-1
ca-central-1
eu-north-1
eu-west-2
ap-northeast-3
ap-northeast-2
ap-northeast-1
ap-southeast-2
ap-southeast-1
eu-central-1
eu-west-1
eu-west-3
sa-east-1
('2024-07-23 00:43:08', 'maolinml2')
us-east-1
us-east-2
us-west-1
us-west-2
ap-south-1
ca-central-1
eu-north-1
eu-west-2
ap-northeast-3
ap-northeast-2
ap-northeast-1
ap-southeast-2
ap-southeast-1
eu-central-1
eu-west-1
eu-west-3
sa-east-1
('2024-07-23 00:51:14', 'maolinml3')
us-east-1
us-east-2
us-west-1
us-west-2
ap-south-1
ca-central-1
eu-north-1
eu-west-2
ap-northeast-3
ap-northeast-2
ap-northeast-1
ap-southeast-2
ap-southeast-1
eu-central-1
eu-west-1
eu-west-3
sa-east-1
('2024-07-23 00:56:32', 'maolinml')
us-east-1
us-east-2
us-west-1
us-west-2
ap-south-1
ca-central-1
eu-north-1
eu-west-2
ap-northeast-3
ap-northeast-2
ap-northeast-1
ap-southeast-2
ap-southeast-1
eu-central-1
eu-west-1
eu-west-3
sa-east-1
('2024-07-23 01:03:55', 'maolinml2')
us-east-1
us-east-2
us-west-1
us-west-2
ap-south-1
ca-central-1
eu-north-1
eu-west-2
ap-northeast-3
ap-northeast-2
ap-northeast-1
ap-southeast-2
ap-southeast-1
eu-central-1
eu-west-1
eu-west-3
sa-east-1
('2024-07-23 01:12:08', 'maolinml3')
us-east-1
us-east-2
us-west-1
us-west-2
ap-south-1
ca-central-1
eu-north-1
eu-west-2
ap-northeast-3
ap-northeast-2
ap-northeast-1
ap-southeast-2
ap-southeast-1
eu-central-1
eu-west-1
eu-west-3
sa-east-1
('2024-07-23 01:17:15', 'maolinml')
us-east-1
us-east-2
us-west-1
us-west-2
ap-south-1
ca-central-1
eu-north-1
eu-west-2
ap-northeast-3
ap-northeast-2
ap-northeast-1
ap-southeast-2
ap-southeast-1
eu-central-1
eu-west-1
eu-west-3
sa-east-1
('2024-07-23 01:24:44', 'maolinml2')
us-east-1
us-east-2
us-west-1
us-west-2
ap-south-1
ca-central-1
eu-north-1
eu-west-2
ap-northeast-3
ap-northeast-2
ap-northeast-1
ap-southeast-2
ap-southeast-1
eu-central-1
eu-west-1
eu-west-3
sa-east-1
('2024-07-23 01:32:48', 'maolinml3')
us-east-1
us-east-2
us-west-1
us-west-2
ap-south-1
ca-central-1
eu-north-1
eu-west-2
ap-northeast-3
ap-northeast-2
ap-northeast-1
ap-southeast-2
ap-southeast-1
eu-central-1
eu-west-1
eu-west-3
sa-east-1
('2024-07-23 01:37:29', 'maolinml')
us-east-1
us-east-2
us-west-1
us-west-2
ap-south-1
ca-central-1
eu-north-1
eu-west-2
ap-northeast-3
ap-northeast-2
ap-northeast-1
ap-southeast-2
ap-southeast-1
eu-central-1
eu-west-1
eu-west-3
sa-east-1
('2024-07-23 01:44:58', 'maolinml2')
us-east-1
us-east-2
us-west-1
us-west-2
ap-south-1
ca-central-1
eu-north-1
eu-west-2
ap-northeast-3
ap-northeast-2
ap-northeast-1
ap-southeast-2
ap-southeast-1
eu-central-1
eu-west-1
eu-west-3
sa-east-1
('2024-07-23 01:52:35', 'maolinml3')
us-east-1
us-east-2
us-west-1
us-west-2
ap-south-1
ca-central-1
eu-north-1
eu-west-2
ap-northeast-3
ap-northeast-2
ap-northeast-1
ap-southeast-2
ap-southeast-1
eu-central-1
eu-west-1
eu-west-3
sa-east-1
('2024-07-23 01:57:23', 'maolinml')
us-east-1
us-east-2
us-west-1
us-west-2
ap-south-1
ca-central-1
eu-north-1
eu-west-2
ap-northeast-3
ap-northeast-2
ap-northeast-1
ap-southeast-2
ap-southeast-1
eu-central-1
eu-west-1
eu-west-3
sa-east-1
('2024-07-23 02:04:53', 'maolinml2')
us-east-1
us-east-2
us-west-1
us-west-2
ap-south-1
ca-central-1
eu-north-1
eu-west-2
ap-northeast-3
ap-northeast-2
ap-northeast-1
ap-southeast-2
ap-southeast-1
eu-central-1
eu-west-1
eu-west-3
sa-east-1
('2024-07-23 04:25:16', 'maolinml3')
us-east-1
us-east-2
us-west-1
us-west-2
ap-south-1
ca-central-1
eu-north-1
eu-west-2
ap-northeast-3
ap-northeast-2
ap-northeast-1
ap-southeast-2
ap-southeast-1
eu-central-1
eu-west-1
eu-west-3
sa-east-1
('2024-07-23 04:29:46', 'maolinml')
us-east-1
us-east-2
us-west-1
us-west-2
ap-south-1
ca-central-1
eu-north-1
eu-west-2
ap-northeast-3
ap-northeast-2
ap-northeast-1
ap-southeast-2
ap-southeast-1
eu-central-1
eu-west-1
eu-west-3
sa-east-1
('2024-07-23 04:36:39', 'maolinml2')
us-east-1
us-east-2
us-west-1
us-west-2
ap-south-1
ca-central-1
eu-north-1
eu-west-2
ap-northeast-3
ap-northeast-2
ap-northeast-1
ap-southeast-2
ap-southeast-1
eu-central-1
eu-west-1
eu-west-3
sa-east-1
('2024-07-23 04:43:14', 'maolinml3')
us-east-1
us-east-2
us-west-1
us-west-2
ap-south-1
ca-central-1
eu-north-1
eu-west-2
ap-northeast-3
ap-northeast-2
ap-northeast-1
ap-southeast-2
ap-southeast-1
eu-central-1
eu-west-1
eu-west-3
sa-east-1
('2024-07-23 04:47:31', 'maolinml')
us-east-1
us-east-2
us-west-1
us-west-2
ap-south-1
ca-central-1
eu-north-1
eu-west-2
ap-northeast-3
ap-northeast-2
ap-northeast-1
ap-southeast-2
ap-southeast-1
eu-central-1
eu-west-1
eu-west-3
sa-east-1
('2024-07-23 04:54:08', 'maolinml2')
us-east-1
us-east-2
us-west-1
us-west-2
ap-south-1
ca-central-1
eu-north-1
eu-west-2
ap-northeast-3
ap-northeast-2
ap-northeast-1
ap-southeast-2
ap-southeast-1
eu-central-1
eu-west-1
eu-west-3
sa-east-1
('2024-07-23 05:01:09', 'maolinml3')
us-east-1
us-east-2
us-west-1
us-west-2
ap-south-1
ca-central-1
eu-north-1
eu-west-2
ap-northeast-3
ap-northeast-2
ap-northeast-1
ap-southeast-2
ap-southeast-1
eu-central-1
eu-west-1
eu-west-3
sa-east-1
('2024-07-23 05:05:29', 'maolinml')
us-east-1
us-east-2
us-west-1
us-west-2
ap-south-1
ca-central-1
eu-north-1
eu-west-2
ap-northeast-3
ap-northeast-2
ap-northeast-1
ap-southeast-2
ap-southeast-1
eu-central-1
eu-west-1
eu-west-3
sa-east-1
('2024-07-23 05:12:15', 'maolinml2')
us-east-1
us-east-2
us-west-1
us-west-2
ap-south-1
ca-central-1
eu-north-1
eu-west-2
ap-northeast-3
ap-northeast-2
ap-northeast-1
ap-southeast-2
ap-southeast-1
eu-central-1
eu-west-1
eu-west-3
sa-east-1
('2024-07-23 05:19:50', 'maolinml3')
us-east-1
us-east-2
us-west-1
us-west-2
ap-south-1
ca-central-1
eu-north-1
eu-west-2
ap-northeast-3
ap-northeast-2
ap-northeast-1
ap-southeast-2
ap-southeast-1
eu-central-1
eu-west-1
eu-west-3
sa-east-1
('2024-07-23 05:24:06', 'maolinml')
us-east-1
us-east-2
us-west-1
us-west-2
ap-south-1
ca-central-1
eu-north-1
eu-west-2
ap-northeast-3
ap-northeast-2
ap-northeast-1
ap-southeast-2
ap-southeast-1
eu-central-1
eu-west-1
eu-west-3
sa-east-1
('2024-07-23 05:30:29', 'maolinml2')
us-east-1
us-east-2
us-west-1
us-west-2
ap-south-1
ca-central-1
eu-north-1
eu-west-2
ap-northeast-3
ap-northeast-2
ap-northeast-1
ap-southeast-2
ap-southeast-1
eu-central-1
eu-west-1
eu-west-3
sa-east-1
('2024-07-23 05:38:02', 'maolinml3')
us-east-1
us-east-2
us-west-1
us-west-2
ap-south-1
ca-central-1
eu-north-1
eu-west-2
ap-northeast-3
ap-northeast-2
ap-northeast-1
ap-southeast-2
ap-southeast-1
eu-central-1
eu-west-1
eu-west-3
sa-east-1
('2024-07-23 05:42:20', 'maolinml')
us-east-1
us-east-2
us-west-1
us-west-2
ap-south-1
ca-central-1
eu-north-1
eu-west-2
ap-northeast-3
ap-northeast-2
ap-northeast-1
ap-southeast-2
ap-southeast-1
eu-central-1
eu-west-1
eu-west-3
sa-east-1
('2024-07-23 05:49:11', 'maolinml2')
us-east-1
us-east-2
us-west-1
us-west-2
ap-south-1
ca-central-1
eu-north-1
eu-west-2
ap-northeast-3
ap-northeast-2
ap-northeast-1
ap-southeast-2
ap-southeast-1
eu-central-1
eu-west-1
eu-west-3
sa-east-1
('2024-07-23 05:56:20', 'maolinml3')
us-east-1
us-east-2
us-west-1
us-west-2
ap-south-1
ca-central-1
eu-north-1
eu-west-2
ap-northeast-3
ap-northeast-2
ap-northeast-1
ap-southeast-2
ap-southeast-1
eu-central-1
eu-west-1
eu-west-3
sa-east-1
('2024-07-23 06:00:36', 'maolinml')
us-east-1
us-east-2
us-west-1
us-west-2
ap-south-1
ca-central-1
eu-north-1
eu-west-2
ap-northeast-3
ap-northeast-2
ap-northeast-1
ap-southeast-2
ap-southeast-1
eu-central-1
eu-west-1
eu-west-3
sa-east-1
('2024-07-23 06:07:00', 'maolinml2')
us-east-1
us-east-2
us-west-1
us-west-2
ap-south-1
ca-central-1
eu-north-1
eu-west-2
ap-northeast-3
ap-northeast-2
ap-northeast-1
ap-southeast-2
ap-southeast-1
eu-central-1
eu-west-1
eu-west-3
sa-east-1
('2024-07-23 06:14:11', 'maolinml3')
us-east-1
us-east-2
us-west-1
us-west-2
ap-south-1
ca-central-1
eu-north-1
eu-west-2
ap-northeast-3
ap-northeast-2
ap-northeast-1
ap-southeast-2
ap-southeast-1
eu-central-1
eu-west-1
eu-west-3
sa-east-1
('2024-07-23 06:18:23', 'maolinml')
us-east-1
us-east-2
us-west-1
us-west-2
ap-south-1
ca-central-1
eu-north-1
eu-west-2
ap-northeast-3
ap-northeast-2
ap-northeast-1
ap-southeast-2
ap-southeast-1
eu-central-1
eu-west-1
eu-west-3
sa-east-1
('2024-07-23 06:24:42', 'maolinml2')
us-east-1
us-east-2
us-west-1
us-west-2
ap-south-1
ca-central-1
eu-north-1
eu-west-2
ap-northeast-3
ap-northeast-2
ap-northeast-1
ap-southeast-2
ap-southeast-1
eu-central-1
eu-west-1
eu-west-3
sa-east-1
('2024-07-23 06:32:48', 'maolinml3')
us-east-1
us-east-2
us-west-1
us-west-2
ap-south-1
ca-central-1
eu-north-1
eu-west-2
ap-northeast-3
ap-northeast-2
ap-northeast-1
ap-southeast-2
ap-southeast-1
eu-central-1
eu-west-1
eu-west-3
sa-east-1
('2024-07-23 06:36:27', 'maolinml')
us-east-1
us-east-2
us-west-1
us-west-2
ap-south-1
ca-central-1
eu-north-1
eu-west-2
ap-northeast-3
ap-northeast-2
ap-northeast-1
ap-southeast-2
ap-southeast-1
eu-central-1
eu-west-1
eu-west-3
sa-east-1
('2024-07-23 06:42:07', 'maolinml2')
us-east-1
us-east-2
us-west-1
us-west-2
ap-south-1
ca-central-1
eu-north-1
eu-west-2
ap-northeast-3
ap-northeast-2
ap-northeast-1
ap-southeast-2
ap-southeast-1
eu-central-1
eu-west-1
eu-west-3
sa-east-1
('2024-07-23 06:48:26', 'maolinml3')
us-east-1
us-east-2
us-west-1
us-west-2
ap-south-1
ca-central-1
eu-north-1
eu-west-2
ap-northeast-3
ap-northeast-2
ap-northeast-1
ap-southeast-2
ap-southeast-1
eu-central-1
eu-west-1
eu-west-3
sa-east-1
('2024-07-23 06:52:18', 'maolinml')
us-east-1
us-east-2
us-west-1
us-west-2
ap-south-1
ca-central-1
eu-north-1
eu-west-2
ap-northeast-3
ap-northeast-2
ap-northeast-1
ap-southeast-2
ap-southeast-1
eu-central-1
eu-west-1
eu-west-3
sa-east-1
('2024-07-23 06:57:38', 'maolinml2')
us-east-1
us-east-2
us-west-1
us-west-2
ap-south-1
ca-central-1
eu-north-1
eu-west-2
ap-northeast-3
ap-northeast-2
ap-northeast-1
ap-southeast-2
ap-southeast-1
eu-central-1
eu-west-1
eu-west-3
sa-east-1
('2024-07-23 07:03:53', 'maolinml3')
us-east-1
us-east-2
us-west-1
us-west-2
ap-south-1
ca-central-1
eu-north-1
eu-west-2
ap-northeast-3
ap-northeast-2
ap-northeast-1
ap-southeast-2
ap-southeast-1
eu-central-1
eu-west-1
eu-west-3
sa-east-1
('2024-07-23 07:07:45', 'maolinml')
us-east-1
us-east-2
us-west-1
us-west-2
ap-south-1
ca-central-1
eu-north-1
eu-west-2
ap-northeast-3
ap-northeast-2
ap-northeast-1
ap-southeast-2
ap-southeast-1
eu-central-1
eu-west-1
eu-west-3
sa-east-1
('2024-07-23 08:04:42', 'maolinml2')
us-east-1
us-east-2
us-west-1
us-west-2
ap-south-1
ca-central-1
eu-north-1
eu-west-2
ap-northeast-3
ap-northeast-2
ap-northeast-1
ap-southeast-2
ap-southeast-1
eu-central-1
eu-west-1
eu-west-3
sa-east-1
('2024-07-23 08:11:00', 'maolinml3')
us-east-1
us-east-2
us-west-1
us-west-2
ap-south-1
ca-central-1
eu-north-1
eu-west-2
ap-northeast-3
ap-northeast-2
ap-northeast-1
ap-southeast-2
ap-southeast-1
eu-central-1
eu-west-1
eu-west-3
sa-east-1
('2024-07-23 08:14:42', 'maolinml')
us-east-1
us-east-2
us-west-1
us-west-2
ap-south-1
ca-central-1
eu-north-1
eu-west-2
ap-northeast-3
ap-northeast-2
ap-northeast-1
ap-southeast-2
ap-southeast-1
