1721585887.0963752

Geometry optimization cycle 1
Cartesian coordinates (Angstrom)
 Atom        New coordinates             dX        dY        dZ
   C  -7.338226   5.042760   0.000000    0.000000  0.000000  0.000000
   C  -7.365228   0.691139   0.000000    0.000000  0.000000  0.000000
   C  -6.173642   2.889413   0.000000    0.000000  0.000000  0.000000
   C  -4.910090   5.019617   0.000000    0.000000  0.000000  0.000000
   N  -7.358051  -3.642635   0.000000    0.000000  0.000000  0.000000
   C  -6.173475  -1.431785   0.000000    0.000000  0.000000  0.000000
   C  -4.940069   0.716689   0.000000    0.000000  0.000000  0.000000
   C  -3.694845   2.860312   0.000000    0.000000  0.000000  0.000000
   C  -2.457224   5.005715   0.000000    0.000000  0.000000  0.000000
   C  -6.138515  -5.727246   0.000000    0.000000  0.000000  0.000000
   C  -4.928214  -3.580071   0.000000    0.000000  0.000000  0.000000
   C  -3.698169  -1.425571   0.000000    0.000000  0.000000  0.000000
   C  -2.471779   0.716540   0.000000    0.000000  0.000000  0.000000
   C  -1.230705   2.851907   0.000000    0.000000 -0.000000  0.000000
   C   0.000000   5.003169   0.000000    0.000000  0.000000  0.000000
   C  -3.678966  -5.694052   0.000000    0.000000  0.000000  0.000000
   C  -2.466015  -3.560923   0.000000    0.000000  0.000000  0.000000
   C  -1.232423  -1.423207   0.000000    0.000000  0.000000  0.000000
   C   0.000000   0.715809   0.000000    0.000000  0.000000  0.000000
   C   1.230705   2.851907   0.000000    0.000000 -0.000000  0.000000
   C   2.457224   5.005715   0.000000    0.000000  0.000000  0.000000
   C  -1.226334  -5.685080   0.000000    0.000000  0.000000  0.000000
   C   0.000000  -3.557079   0.000000    0.000000  0.000000  0.000000
   C   1.232423  -1.423207   0.000000    0.000000  0.000000  0.000000
   C   2.471779   0.716540   0.000000    0.000000  0.000000  0.000000
   C   3.694845   2.860312   0.000000    0.000000  0.000000  0.000000
   N   4.910090   5.019617   0.000000    0.000000  0.000000  0.000000
   C   1.226334  -5.685080   0.000000    0.000000  0.000000  0.000000
   C   2.466015  -3.560923   0.000000    0.000000  0.000000  0.000000
   N   3.698169  -1.425571   0.000000    0.000000  0.000000  0.000000
   C   4.940069   0.716689   0.000000    0.000000  0.000000  0.000000
   C   6.173642   2.889413   0.000000    0.000000  0.000000  0.000000
   C   7.338226   5.042760   0.000000    0.000000  0.000000  0.000000
   C   3.678966  -5.694052   0.000000    0.000000  0.000000  0.000000
   N   4.928214  -3.580071   0.000000    0.000000  0.000000  0.000000
   C   6.173475  -1.431785   0.000000   -0.000000  0.000000  0.000000
   C   7.365228   0.691139   0.000000    0.000000  0.000000  0.000000
   C   6.138515  -5.727246   0.000000    0.000000  0.000000  0.000000
   C   7.358051  -3.642635   0.000000   -0.000000  0.000000  0.000000
   C  -7.358051   3.642635   0.000000    0.000000  0.000000  0.000000
   C  -6.138515   5.727246   0.000000    0.000000  0.000000  0.000000
   N  -7.365228  -0.691139   0.000000    0.000000  0.000000  0.000000
   C  -6.173475   1.431785   0.000000    0.000000  0.000000  0.000000
   N  -4.928214   3.580071   0.000000    0.000000 -0.000000  0.000000
   C  -3.678966   5.694052   0.000000    0.000000  0.000000  0.000000
   N  -7.338226  -5.042760   0.000000    0.000000  0.000000  0.000000
   C  -6.173642  -2.889413   0.000000    0.000000  0.000000  0.000000
   C  -4.940069  -0.716689   0.000000    0.000000  0.000000  0.000000
   C  -3.698169   1.425571   0.000000    0.000000  0.000000  0.000000
   C  -2.466015   3.560923   0.000000    0.000000 -0.000000  0.000000
   C  -1.226334   5.685080   0.000000    0.000000  0.000000  0.000000
   C  -4.910090  -5.019617   0.000000    0.000000  0.000000  0.000000
   C  -3.694845  -2.860312   0.000000    0.000000  0.000000  0.000000
   C  -2.471779  -0.716540   0.000000    0.000000  0.000000  0.000000
   C  -1.232423   1.423207   0.000000    0.000000  0.000000  0.000000
   C   0.000000   3.557079   0.000000    0.000000  0.000000  0.000000
   C   1.226334   5.685080   0.000000    0.000000  0.000000  0.000000
   C  -2.457224  -5.005715   0.000000    0.000000  0.000000  0.000000
   C  -1.230705  -2.851907   0.000000    0.000000  0.000000  0.000000
   C   0.000000  -0.715809   0.000000    0.000000  0.000000  0.000000
   C   1.232423   1.423207   0.000000    0.000000  0.000000  0.000000
   C   2.466015   3.560923   0.000000    0.000000 -0.000000  0.000000
   C   3.678966   5.694052   0.000000    0.000000  0.000000  0.000000
   C   0.000000  -5.003169   0.000000    0.000000  0.000000  0.000000
   C   1.230705  -2.851907   0.000000    0.000000  0.000000  0.000000
   C   2.471779  -0.716540   0.000000    0.000000  0.000000  0.000000
   C   3.698169   1.425571   0.000000    0.000000  0.000000  0.000000
   C   4.928214   3.580071   0.000000    0.000000 -0.000000  0.000000
   C   6.138515   5.727246   0.000000    0.000000  0.000000  0.000000
   N   2.457224  -5.005715   0.000000    0.000000  0.000000  0.000000
   C   3.694845  -2.860312   0.000000    0.000000  0.000000  0.000000
   N   4.940069  -0.716689   0.000000    0.000000  0.000000  0.000000
   C   6.173475   1.431785   0.000000   -0.000000  0.000000  0.000000
   C   7.358051   3.642635   0.000000   -0.000000  0.000000  0.000000
   C   4.910090  -5.019617   0.000000    0.000000  0.000000  0.000000
   C   6.173642  -2.889413   0.000000    0.000000  0.000000  0.000000
   C   7.365228  -0.691139   0.000000    0.000000  0.000000  0.000000
   N   7.338226  -5.042760   0.000000    0.000000  0.000000  0.000000
   H   8.282184   5.591425   0.000000    0.000000 -0.000000  0.000000
   H   8.325741   3.141106   0.000000    0.000000  0.000000  0.000000
   H   8.326715   1.204661   0.000000    0.000000  0.000000  0.000000
   H   8.326715  -1.204661   0.000000    0.000000  0.000000  0.000000
   H   8.325741  -3.141106   0.000000    0.000000  0.000000  0.000000
   H   8.282184  -5.591425   0.000000    0.000000  0.000000  0.000000
   H  -8.282184   5.591425   0.000000    0.000000 -0.000000  0.000000
   H  -8.325741   3.141106   0.000000    0.000000  0.000000  0.000000
   H  -8.326715   1.204661   0.000000    0.000000  0.000000  0.000000
   H  -8.326715  -1.204661   0.000000    0.000000  0.000000  0.000000
   H  -8.325741  -3.141106   0.000000    0.000000  0.000000  0.000000
   H  -8.282184  -5.591425   0.000000    0.000000  0.000000  0.000000
   H  -6.116625   6.819427   0.000000    0.000000  0.000000  0.000000
   H  -3.672757   6.787431   0.000000    0.000000  0.000000  0.000000
   H  -1.225580   6.778408   0.000000    0.000000 -0.000000  0.000000
   H   1.225580   6.778408   0.000000    0.000000 -0.000000  0.000000
   H   3.672757   6.787431   0.000000    0.000000  0.000000  0.000000
   H   6.116625   6.819427   0.000000   -0.000000  0.000000  0.000000
   H  -6.116625  -6.819427   0.000000    0.000000  0.000000  0.000000
   H  -3.672757  -6.787431   0.000000    0.000000  0.000000  0.000000
   H  -1.225580  -6.778408   0.000000    0.000000  0.000000  0.000000
   H   1.225580  -6.778408   0.000000    0.000000  0.000000  0.000000
   H   3.672757  -6.787431   0.000000    0.000000  0.000000  0.000000
   H   6.116625  -6.819427   0.000000   -0.000000  0.000000  0.000000
SCF not converged.
SCF energy = -3150.5459827907
--------------- RKS_Scanner gradients ---------------
         x                y                z
0 C    -0.0144871348    -0.0133264400    -0.0000000000
1 C    -0.0233209364    -0.0191876134    -0.0000000000
2 C     0.0042003358    -0.0205731178    -0.0000000000
3 C    -0.0270501918     0.0039778228    -0.0000000000
4 N     0.0465813634    -0.0339338004    -0.0000000000
5 C    -0.0013206795     0.0533737757    -0.0000000000
6 C    -0.0314587671     0.0064252186     0.0000000000
7 C    -0.0088034234    -0.0076668071     0.0000000000
8 C    -0.0269023472    -0.0072894148     0.0000000000
9 C    -0.0148936253    -0.0257372429    -0.0000000000
10 C    -0.0102530032    -0.0171051973    -0.0000000000
11 C     0.0098066563     0.0037886251    -0.0000000000
12 C    -0.0113442309     0.0029787677    -0.0000000000
13 C    -0.0008804446     0.0071888361     0.0000000000
14 C    -0.0103779208     0.0028972132     0.0000000000
15 C    -0.0092830600    -0.0033456072    -0.0000000000
16 C    -0.0223208302    -0.0003814205    -0.0000000000
17 C     0.0012639707    -0.0048435361    -0.0000000000
18 C    -0.0022397072     0.0082644767    -0.0000000000
19 C     0.0026544515    -0.0035632234    -0.0000000000
20 C     0.0019849006     0.0125458316     0.0000000000
21 C    -0.0221171487    -0.0019094764     0.0000000000
22 C    -0.0190836720    -0.0063480785     0.0000000000
23 C    -0.0254676284    -0.0060984817    -0.0000000000
24 C     0.0143219701     0.0270562970    -0.0000000000
25 C    -0.0045337654    -0.0002540527    -0.0000000000
26 N     0.0170957987    -0.0086895289    -0.0000000000
27 C    -0.0405006902    -0.0241340119     0.0000000000
28 C    -0.0138595675     0.0013897076    -0.0000000000
29 N    -0.0152971549     0.0278208509    -0.0000000000
30 C     0.0204937445    -0.0132006271    -0.0000000000
31 C     0.0071637783    -0.0023639391    -0.0000000000
32 C     0.0151747647     0.0110061770    -0.0000000000
33 C     0.0100013061    -0.0205004791     0.0000000000
34 N     0.0318393803    -0.0113814312    -0.0000000000
35 C     0.0109453844     0.0236736884    -0.0000000000
36 C    -0.0106405193     0.0069629405    -0.0000000000
37 C     0.0367653408    -0.0109235690     0.0000000000
38 C     0.0176534061     0.0226228623    -0.0000000000
39 C    -0.0155047216     0.0131935414     0.0000000000
40 C     0.0203774782     0.0108215041     0.0000000000
41 N     0.0462638127     0.0143701730     0.0000000000
42 C     0.0353055428     0.0146717625    -0.0000000000
43 N     0.0149593295     0.0019785383     0.0000000000
44 C     0.0258246627     0.0132907922    -0.0000000000
45 N     0.0317426588     0.0410386396     0.0000000000
46 C    -0.0061836355    -0.0398049688     0.0000000000
47 C    -0.0031026725    -0.0047333977     0.0000000000
48 C     0.0284910776     0.0010476345    -0.0000000000
49 C     0.0192769919     0.0018465612    -0.0000000000
50 C     0.0191125500     0.0061414001    -0.0000000000
51 C     0.0234912848     0.0167806344     0.0000000000
52 C     0.0241448415    -0.0003883120     0.0000000000
53 C    -0.0085762566    -0.0069629011     0.0000000000
54 C     0.0062511260    -0.0053421060     0.0000000000
55 C    -0.0023964717    -0.0019674396    -0.0000000000
56 C    -0.0010172505     0.0030814588    -0.0000000000
57 C     0.0160774090     0.0024911090    -0.0000000000
58 C     0.0193980118     0.0048837881     0.0000000000
59 C     0.0021778535    -0.0082817667     0.0000000000
60 C    -0.0048205968     0.0083624894     0.0000000000
61 C     0.0023129691    -0.0076844012     0.0000000000
62 C    -0.0305767659     0.0173372773    -0.0000000000
63 C     0.0198502420    -0.0004941671    -0.0000000000
64 C     0.0199273020     0.0211210766     0.0000000000
65 C     0.0179868686    -0.0209625943     0.0000000000
66 C    -0.0352211129    -0.0003882176     0.0000000000
67 C    -0.0017764479    -0.0131202198     0.0000000000
68 C     0.0056634419     0.0122301047    -0.0000000000
69 N     0.0185669404     0.0167325502    -0.0000000000
70 C    -0.0183068362     0.0076098205     0.0000000000
71 N    -0.0046481202     0.0022109462     0.0000000000
72 C     0.0130759256     0.0043751988     0.0000000000
73 C    -0.0108602010    -0.0039614059     0.0000000000
74 C    -0.0214064590     0.0060194035    -0.0000000000
75 C    -0.0156757621    -0.0082289378     0.0000000000
76 C     0.0066517010    -0.0103700331     0.0000000000
77 N    -0.0498181073    -0.0177266139     0.0000000000
78 H     0.0077790060     0.0008811216     0.0000000000
79 H     0.0063551977    -0.0034679101    -0.0000000000
80 H     0.0060263848     0.0037846999     0.0000000000
81 H     0.0086330539    -0.0016641104    -0.0000000000
82 H     0.0074103366     0.0086571669     0.0000000000
83 H     0.0543590575    -0.0327752065     0.0000000000
84 H    -0.0052411321     0.0025612983     0.0000000000
85 H    -0.0084558485    -0.0012830683    -0.0000000000
86 H    -0.0044927040     0.0100203666    -0.0000000000
87 H    -0.0554568657    -0.0326034099    -0.0000000000
88 H    -0.0553472878     0.0388599132     0.0000000000
89 H    -0.0530656531    -0.0387397014    -0.0000000000
90 H    -0.0023968022     0.0081131856     0.0000000000
91 H     0.0032104394     0.0081608918     0.0000000000
92 H     0.0003312609     0.0060975045    -0.0000000000
93 H     0.0003467681     0.0057892305     0.0000000000
94 H    -0.0087469044     0.0093580304     0.0000000000
95 H     0.0084452703     0.0096592670     0.0000000000
96 H     0.0106158876    -0.0090283519    -0.0000000000
97 H    -0.0003382549    -0.0053844164     0.0000000000
98 H     0.0000679957    -0.0054572921    -0.0000000000
99 H    -0.0091688211    -0.0092130035    -0.0000000000
100 H     0.0053335409    -0.0115876141     0.0000000000
101 H    -0.0047821591    -0.0111849237     0.0000000000
----------------------------------------------
cycle 1: E = -3150.54598279  dE = -3150.55  norm(grad) = 0.261715
