1721702952.6670423

Geometry optimization cycle 1
Cartesian coordinates (Angstrom)
 Atom        New coordinates             dX        dY        dZ
   C  -7.338226   5.042760   0.000000    0.000000  0.000000  0.000000
   C  -7.365228   0.691139   0.000000    0.000000  0.000000  0.000000
   C  -6.173642   2.889413   0.000000    0.000000  0.000000  0.000000
   N  -4.910090   5.019617   0.000000    0.000000  0.000000  0.000000
   C  -7.358051  -3.642635   0.000000    0.000000  0.000000  0.000000
   C  -6.173475  -1.431785   0.000000    0.000000  0.000000  0.000000
   C  -4.940069   0.716689   0.000000    0.000000  0.000000  0.000000
   C  -3.694845   2.860312   0.000000    0.000000  0.000000  0.000000
   C  -2.457224   5.005715   0.000000    0.000000  0.000000  0.000000
   C  -6.138515  -5.727246   0.000000    0.000000  0.000000  0.000000
   C  -4.928214  -3.580071   0.000000    0.000000  0.000000  0.000000
   C  -3.698169  -1.425571   0.000000    0.000000  0.000000  0.000000
   C  -2.471779   0.716540   0.000000    0.000000  0.000000  0.000000
   C  -1.230705   2.851907   0.000000    0.000000 -0.000000  0.000000
   C   0.000000   5.003169   0.000000    0.000000  0.000000  0.000000
   C  -3.678966  -5.694052   0.000000    0.000000  0.000000  0.000000
   C  -2.466015  -3.560923   0.000000    0.000000  0.000000  0.000000
   C  -1.232423  -1.423207   0.000000    0.000000  0.000000  0.000000
   C   0.000000   0.715809   0.000000    0.000000  0.000000  0.000000
   C   1.230705   2.851907   0.000000    0.000000 -0.000000  0.000000
   C   2.457224   5.005715   0.000000    0.000000  0.000000  0.000000
   C  -1.226334  -5.685080   0.000000    0.000000  0.000000  0.000000
   N   0.000000  -3.557079   0.000000    0.000000  0.000000  0.000000
   C   1.232423  -1.423207   0.000000    0.000000  0.000000  0.000000
   N   2.471779   0.716540   0.000000    0.000000  0.000000  0.000000
   C   3.694845   2.860312   0.000000    0.000000  0.000000  0.000000
   C   4.910090   5.019617   0.000000    0.000000  0.000000  0.000000
   C   1.226334  -5.685080   0.000000    0.000000  0.000000  0.000000
   C   2.466015  -3.560923   0.000000    0.000000  0.000000  0.000000
   N   3.698169  -1.425571   0.000000    0.000000  0.000000  0.000000
   C   4.940069   0.716689   0.000000    0.000000  0.000000  0.000000
   N   6.173642   2.889413   0.000000    0.000000  0.000000  0.000000
   C   7.338226   5.042760   0.000000    0.000000  0.000000  0.000000
   C   3.678966  -5.694052   0.000000    0.000000  0.000000  0.000000
   C   4.928214  -3.580071   0.000000    0.000000  0.000000  0.000000
   C   6.173475  -1.431785   0.000000   -0.000000  0.000000  0.000000
   C   7.365228   0.691139   0.000000    0.000000  0.000000  0.000000
   C   6.138515  -5.727246   0.000000    0.000000  0.000000  0.000000
   C   7.358051  -3.642635   0.000000   -0.000000  0.000000  0.000000
   C  -7.358051   3.642635   0.000000    0.000000  0.000000  0.000000
   C  -6.138515   5.727246   0.000000    0.000000  0.000000  0.000000
   C  -7.365228  -0.691139   0.000000    0.000000  0.000000  0.000000
   C  -6.173475   1.431785   0.000000    0.000000  0.000000  0.000000
   C  -4.928214   3.580071   0.000000    0.000000 -0.000000  0.000000
   C  -3.678966   5.694052   0.000000    0.000000  0.000000  0.000000
   N  -7.338226  -5.042760   0.000000    0.000000  0.000000  0.000000
   C  -6.173642  -2.889413   0.000000    0.000000  0.000000  0.000000
   N  -4.940069  -0.716689   0.000000    0.000000  0.000000  0.000000
   C  -3.698169   1.425571   0.000000    0.000000  0.000000  0.000000
   C  -2.466015   3.560923   0.000000    0.000000 -0.000000  0.000000
   N  -1.226334   5.685080   0.000000    0.000000  0.000000  0.000000
   C  -4.910090  -5.019617   0.000000    0.000000  0.000000  0.000000
   C  -3.694845  -2.860312   0.000000    0.000000  0.000000  0.000000
   C  -2.471779  -0.716540   0.000000    0.000000  0.000000  0.000000
   C  -1.232423   1.423207   0.000000    0.000000  0.000000  0.000000
   C   0.000000   3.557079   0.000000    0.000000  0.000000  0.000000
   C   1.226334   5.685080   0.000000    0.000000  0.000000  0.000000
   C  -2.457224  -5.005715   0.000000    0.000000  0.000000  0.000000
   C  -1.230705  -2.851907   0.000000    0.000000  0.000000  0.000000
   C   0.000000  -0.715809   0.000000    0.000000  0.000000  0.000000
   C   1.232423   1.423207   0.000000    0.000000  0.000000  0.000000
   C   2.466015   3.560923   0.000000    0.000000 -0.000000  0.000000
   N   3.678966   5.694052   0.000000    0.000000  0.000000  0.000000
   C   0.000000  -5.003169   0.000000    0.000000  0.000000  0.000000
   C   1.230705  -2.851907   0.000000    0.000000  0.000000  0.000000
   C   2.471779  -0.716540   0.000000    0.000000  0.000000  0.000000
   C   3.698169   1.425571   0.000000    0.000000  0.000000  0.000000
   C   4.928214   3.580071   0.000000    0.000000 -0.000000  0.000000
   C   6.138515   5.727246   0.000000    0.000000  0.000000  0.000000
   C   2.457224  -5.005715   0.000000    0.000000  0.000000  0.000000
   C   3.694845  -2.860312   0.000000    0.000000  0.000000  0.000000
   C   4.940069  -0.716689   0.000000    0.000000  0.000000  0.000000
   C   6.173475   1.431785   0.000000   -0.000000  0.000000  0.000000
   C   7.358051   3.642635   0.000000   -0.000000  0.000000  0.000000
   C   4.910090  -5.019617   0.000000    0.000000  0.000000  0.000000
   C   6.173642  -2.889413   0.000000    0.000000  0.000000  0.000000
   N   7.365228  -0.691139   0.000000    0.000000  0.000000  0.000000
   C   7.338226  -5.042760   0.000000    0.000000  0.000000  0.000000
   H   8.282184   5.591425   0.000000    0.000000 -0.000000  0.000000
   H   8.325741   3.141106   0.000000    0.000000  0.000000  0.000000
   H   8.326715   1.204661   0.000000    0.000000  0.000000  0.000000
   H   8.326715  -1.204661   0.000000    0.000000  0.000000  0.000000
   H   8.325741  -3.141106   0.000000    0.000000  0.000000  0.000000
   H   8.282184  -5.591425   0.000000    0.000000  0.000000  0.000000
   H  -8.282184   5.591425   0.000000    0.000000 -0.000000  0.000000
   H  -8.325741   3.141106   0.000000    0.000000  0.000000  0.000000
   H  -8.326715   1.204661   0.000000    0.000000  0.000000  0.000000
   H  -8.326715  -1.204661   0.000000    0.000000  0.000000  0.000000
   H  -8.325741  -3.141106   0.000000    0.000000  0.000000  0.000000
   H  -8.282184  -5.591425   0.000000    0.000000  0.000000  0.000000
   H  -6.116625   6.819427   0.000000    0.000000  0.000000  0.000000
   H  -3.672757   6.787431   0.000000    0.000000  0.000000  0.000000
   H  -1.225580   6.778408   0.000000    0.000000 -0.000000  0.000000
   H   1.225580   6.778408   0.000000    0.000000 -0.000000  0.000000
   H   3.672757   6.787431   0.000000    0.000000  0.000000  0.000000
   H   6.116625   6.819427   0.000000   -0.000000  0.000000  0.000000
   H  -6.116625  -6.819427   0.000000    0.000000  0.000000  0.000000
   H  -3.672757  -6.787431   0.000000    0.000000  0.000000  0.000000
   H  -1.225580  -6.778408   0.000000    0.000000  0.000000  0.000000
   H   1.225580  -6.778408   0.000000    0.000000  0.000000  0.000000
   H   3.672757  -6.787431   0.000000    0.000000  0.000000  0.000000
   H   6.116625  -6.819427   0.000000   -0.000000  0.000000  0.000000
converged SCF energy = -3150.65459738737
--------------- RKS_Scanner gradients ---------------
         x                y                z
0 C    -0.0024500237     0.0267114277    -0.0000000000
1 C     0.0252223233     0.0128377636    -0.0000000000
2 C    -0.0171881987     0.0156014001    -0.0000000000
3 N     0.0036717856     0.0046151278    -0.0000000000
4 C     0.0043861668     0.0170285024    -0.0000000000
5 C     0.0142103516     0.0126881883    -0.0000000000
6 C     0.0056539998     0.0049135857     0.0000000000
7 C     0.0112070021    -0.0082891229     0.0000000000
8 C     0.0055876266     0.0102761103     0.0000000000
9 C     0.0152681898    -0.0184353934    -0.0000000000
10 C    -0.0002853593    -0.0012648645     0.0000000000
11 C     0.0273233399    -0.0115366078    -0.0000000000
12 C    -0.0062131857     0.0100920896    -0.0000000000
13 C     0.0043041800     0.0035422218     0.0000000000
14 C    -0.0056847598     0.0060340202     0.0000000000
15 C    -0.0058019851    -0.0032284100    -0.0000000000
16 C    -0.0308378549    -0.0053909050    -0.0000000000
17 C    -0.0260373955     0.0048572901    -0.0000000000
18 C    -0.0209541703     0.0051513241     0.0000000000
19 C    -0.0099889730     0.0057540130     0.0000000000
20 C     0.0043428427     0.0272892747     0.0000000000
21 C    -0.0051849867    -0.0162388592    -0.0000000000
22 N    -0.0313062930    -0.0063120524     0.0000000000
23 C    -0.0399132491    -0.0043628487    -0.0000000000
24 N    -0.0035240570     0.0116102540    -0.0000000000
25 C    -0.0305225525    -0.0033559702    -0.0000000000
26 C    -0.0217973482    -0.0133124915    -0.0000000000
27 C    -0.0016648886    -0.0164406931     0.0000000000
28 C     0.0056291608    -0.0061271405     0.0000000000
29 N    -0.0099436015    -0.0026593714    -0.0000000000
30 C     0.0620942098    -0.0345675425     0.0000000000
31 N     0.0108646912     0.0009151466     0.0000000000
32 C    -0.0165631631     0.0539501835    -0.0000000000
33 C    -0.0034249249    -0.0057393451     0.0000000000
34 C     0.0039077737    -0.0159011017     0.0000000000
35 C     0.0230063627    -0.0160663688    -0.0000000000
36 C     0.0259073346    -0.0444118881     0.0000000000
37 C    -0.0098296052    -0.0046436225    -0.0000000000
38 C     0.0010652990    -0.0117796935    -0.0000000000
39 C     0.0187330260    -0.0209881282     0.0000000000
40 C    -0.0236030708     0.0083314025     0.0000000000
41 C    -0.0146159543    -0.0122449290     0.0000000000
42 C    -0.0237841457    -0.0103477266     0.0000000000
43 C    -0.0033028493    -0.0177300488     0.0000000000
44 C    -0.0012511103     0.0125203954    -0.0000000000
45 N     0.0071130269     0.0090276900     0.0000000000
46 C    -0.0073486783    -0.0057909617     0.0000000000
47 N    -0.0345337905    -0.0020009315     0.0000000000
48 C     0.0081814459     0.0026526438    -0.0000000000
49 C    -0.0165947821    -0.0214372677    -0.0000000000
50 N     0.0052654371    -0.0261602836    -0.0000000000
51 C     0.0103662045    -0.0004014541     0.0000000000
52 C     0.0185428438    -0.0067065034     0.0000000000
53 C     0.0107865095    -0.0131791069     0.0000000000
54 C     0.0031209924    -0.0123660939    -0.0000000000
55 C     0.0094571543    -0.0150197264    -0.0000000000
56 C     0.0062343463    -0.0040054991    -0.0000000000
57 C     0.0102840051     0.0086702130     0.0000000000
58 C     0.0213965938     0.0099506864     0.0000000000
59 C     0.0326885887    -0.0074320550     0.0000000000
60 C     0.0089443837     0.0020467991    -0.0000000000
61 C     0.0049101410    -0.0417343578     0.0000000000
62 N     0.0003029309    -0.0217813332     0.0000000000
63 C     0.0048732716     0.0006107365     0.0000000000
64 C     0.0200251548     0.0171644038    -0.0000000000
65 C     0.0191418899     0.0103945708     0.0000000000
66 C    -0.0325716924     0.0223569460    -0.0000000000
67 C     0.0223539624     0.0155997577     0.0000000000
68 C     0.0509879293    -0.0077263459     0.0000000000
69 C    -0.0014898388     0.0084050922    -0.0000000000
70 C     0.0024620717    -0.0140663531    -0.0000000000
71 C    -0.0290841100     0.0379747032    -0.0000000000
72 C    -0.0481358968     0.0094401203    -0.0000000000
73 C    -0.0052674405    -0.0302141796     0.0000000000
74 C     0.0139307194     0.0027574039    -0.0000000000
75 C    -0.0127039601    -0.0003303884     0.0000000000
76 N    -0.0279663019     0.0455894321     0.0000000000
77 C     0.0081962334     0.0043996675     0.0000000000
78 H     0.0049581185     0.0067067612    -0.0000000000
79 H     0.0122517681     0.0018661873     0.0000000000
80 H     0.0057924154     0.0100990656    -0.0000000000
81 H     0.0584117114    -0.0271573010    -0.0000000000
82 H     0.0038872025     0.0026703154     0.0000000000
83 H     0.0048875494    -0.0028237559    -0.0000000000
84 H    -0.0078290870     0.0011690623     0.0000000000
85 H    -0.0065706174    -0.0033080480    -0.0000000000
86 H    -0.0062302151     0.0035821219     0.0000000000
87 H    -0.0075408286    -0.0019786082    -0.0000000000
88 H    -0.0048235278     0.0119189443     0.0000000000
89 H    -0.0528929862    -0.0308660032    -0.0000000000
90 H    -0.0086997463     0.0096168769     0.0000000000
91 H     0.0087364497     0.0090757315     0.0000000000
92 H    -0.0005460824     0.0617927626    -0.0000000000
93 H     0.0001623073     0.0045506078    -0.0000000000
94 H    -0.0019994480     0.0623518620     0.0000000000
95 H     0.0001298103     0.0059272866    -0.0000000000
96 H     0.0083594338    -0.0084906927     0.0000000000
97 H    -0.0005656998    -0.0060943260    -0.0000000000
98 H    -0.0030914337    -0.0085876621     0.0000000000
99 H     0.0024549399    -0.0088685723     0.0000000000
100 H     0.0000603915    -0.0067901840    -0.0000000000
101 H     0.0001163905    -0.0064567683    -0.0000000000
----------------------------------------------
cycle 1: E = -3150.65459739  dE = -3150.65  norm(grad) = 0.26344

Geometry optimization cycle 2
Cartesian coordinates (Angstrom)
 Atom        New coordinates             dX        dY        dZ
   C  -7.215661   4.980558  -0.000000    0.122564 -0.062202 -0.000000
   C  -7.349530   0.721456  -0.000000    0.015698  0.030317 -0.000000
   C  -6.116802   2.854845  -0.000000    0.056840 -0.034569 -0.000000
   N  -4.833848   4.932036   0.000000    0.076243 -0.087581  0.000000
   C  -7.313812  -3.556520  -0.000000    0.044240  0.086116 -0.000000
   C  -6.123106  -1.398899  -0.000000    0.050369  0.032886 -0.000000
   C  -4.907675   0.704632   0.000000    0.032394 -0.012056  0.000000
   C  -3.665582   2.823165   0.000000    0.029263 -0.037147  0.000000
   C  -2.439012   4.908201   0.000000    0.018212 -0.097514  0.000000
   C  -6.093742  -5.634848  -0.000000    0.044774  0.092398 -0.000000
   C  -4.894924  -3.532861  -0.000000    0.033290  0.047210 -0.000000
   C  -3.682155  -1.399728   0.000000    0.016014  0.025843  0.000000
   C  -2.450052   0.703891   0.000000    0.021727 -0.012648  0.000000
   C  -1.217311   2.811170   0.000000    0.013393 -0.040737  0.000000
   C   0.014382   4.933775   0.000000    0.014382 -0.069394  0.000000
   C  -3.643825  -5.642609  -0.000000    0.035141  0.051444 -0.000000
   C  -2.434966  -3.513928   0.000000    0.031048  0.046994  0.000000
   C  -1.217536  -1.414107   0.000000    0.014887  0.009101  0.000000
   C   0.008938   0.698006   0.000000    0.008938 -0.017803  0.000000
   C   1.216642   2.802378   0.000000   -0.014063 -0.049529  0.000000
   C   2.393052   4.902693  -0.000000   -0.064171 -0.103022 -0.000000
   C  -1.201387  -5.588881   0.000000    0.024947  0.096199  0.000000
   N   0.023052  -3.505566   0.000000    0.023052  0.051512  0.000000
   C   1.235318  -1.412462   0.000000    0.002895  0.010745  0.000000
   N   2.447419   0.686122   0.000000   -0.024360 -0.030417  0.000000
   C   3.655275   2.809451  -0.000000   -0.039570 -0.050860 -0.000000
   C   4.860863   4.928172  -0.000000   -0.049228 -0.091445 -0.000000
   C   1.231222  -5.588057   0.000000    0.004888  0.097023  0.000000
   C   2.453097  -3.516778   0.000000   -0.012918  0.044144  0.000000
   N   3.662338  -1.404096   0.000000   -0.035831  0.021475  0.000000
   C   4.855459   0.713729  -0.000000   -0.084610 -0.002960 -0.000000
   N   6.074611   2.829091  -0.000000   -0.099031 -0.060322 -0.000000
   C   7.233774   4.902399  -0.000000   -0.104452 -0.140361 -0.000000
   C   3.682672  -5.629869   0.000000    0.003706  0.064183  0.000000
   C   4.899798  -3.499423  -0.000000   -0.028416  0.080648 -0.000000
   C   6.072296  -1.397067  -0.000000   -0.101179  0.034719 -0.000000
   C   7.276245   0.721737  -0.000000   -0.088983  0.030598 -0.000000
   C   6.127765  -5.605222  -0.000000   -0.010750  0.122024 -0.000000
   C   7.345493  -3.522921  -0.000000   -0.012558  0.119715 -0.000000
   C  -7.311081   3.606065  -0.000000    0.046970 -0.036570 -0.000000
   C  -6.007931   5.643680  -0.000000    0.130585 -0.083566 -0.000000
   C  -7.287892  -0.643095  -0.000000    0.077336  0.048044 -0.000000
   C  -6.122996   1.421609  -0.000000    0.050479 -0.010176 -0.000000
   C  -4.878007   3.534151   0.000000    0.050207 -0.045920  0.000000
   C  -3.633242   5.597107   0.000000    0.045724 -0.096945  0.000000
   N  -7.224462  -4.914549  -0.000000    0.113764  0.128211 -0.000000
   C  -6.123697  -2.832708  -0.000000    0.049945  0.056705 -0.000000
   N  -4.885885  -0.703242  -0.000000    0.054184  0.013447 -0.000000
   C  -3.675961   1.402269   0.000000    0.022208 -0.023302  0.000000
   C  -2.436124   3.506396   0.000000    0.029890 -0.054527  0.000000
   N  -1.220938   5.552933   0.000000    0.005397 -0.132146  0.000000
   C  -4.866754  -4.962610  -0.000000    0.043337  0.057007 -0.000000
   C  -3.674647  -2.819791  -0.000000    0.020198  0.040520 -0.000000
   C  -2.458415  -0.706757   0.000000    0.013364  0.009783  0.000000
   C  -1.217928   1.403637   0.000000    0.014495 -0.019570  0.000000
   C  -0.000846   3.512362   0.000000   -0.000846 -0.044717  0.000000
   C   1.207916   5.642626   0.000000   -0.018419 -0.042453  0.000000
   C  -2.440746  -4.947151  -0.000000    0.016478  0.058564 -0.000000
   C  -1.215925  -2.825712   0.000000    0.014780  0.026195  0.000000
   C  -0.009001  -0.713216   0.000000   -0.009001  0.002593  0.000000
   C   1.222209   1.389232   0.000000   -0.010214 -0.033976  0.000000
   C   2.429239   3.509063   0.000000   -0.036776 -0.051860  0.000000
   N   3.620350   5.531132  -0.000000   -0.058616 -0.162920 -0.000000
   C   0.013477  -4.923180   0.000000    0.013477  0.079988  0.000000
   C   1.225904  -2.825254   0.000000   -0.004801  0.026653  0.000000
   C   2.442599  -0.722093   0.000000   -0.029181 -0.005554  0.000000
   C   3.660153   1.389767   0.000000   -0.038016 -0.035804  0.000000
   C   4.852734   3.509789  -0.000000   -0.075480 -0.070282 -0.000000
   C   6.043767   5.644469  -0.000000   -0.094749 -0.082776 -0.000000
   C   2.468479  -4.950718   0.000000    0.011255  0.054997  0.000000
   C   3.664495  -2.806725   0.000000   -0.030350  0.053587  0.000000
   C   4.881112  -0.714409  -0.000000   -0.058956  0.002280 -0.000000
   C   6.104363   1.409630  -0.000000   -0.069112 -0.022155 -0.000000
   C   7.258374   3.545324  -0.000000   -0.099677 -0.097311 -0.000000
   C   4.884395  -4.930560  -0.000000   -0.025695  0.089057 -0.000000
   C   6.144175  -2.822819  -0.000000   -0.029466  0.066594 -0.000000
   N   7.227479  -0.659733  -0.000000   -0.137749  0.031406 -0.000000
   C   7.313975  -4.918667  -0.000000   -0.024251  0.124092 -0.000000
   H   8.186111   5.417673  -0.000000   -0.096073 -0.173752 -0.000000
   H   8.196209   3.013414  -0.000000   -0.129532 -0.127692 -0.000000
   H   8.241963   1.201773  -0.000000   -0.084752 -0.002888 -0.000000
   H   8.109843  -1.160435  -0.000000   -0.216872  0.044226 -0.000000
   H   8.301792  -3.011546  -0.000000   -0.023948  0.129560 -0.000000
   H   8.251539  -5.465087  -0.000000   -0.030645  0.126338 -0.000000
   H  -8.125377   5.568468  -0.000000    0.156807 -0.022956 -0.000000
   H  -8.283130   3.132427  -0.000000    0.042611 -0.008679 -0.000000
   H  -8.306001   1.226446  -0.000000    0.020714  0.021785 -0.000000
   H  -8.231205  -1.171295  -0.000000    0.095510  0.033366 -0.000000
   H  -8.294278  -3.107316  -0.000000    0.031463  0.033790 -0.000000
   H  -8.105471  -5.427800  -0.000000    0.176713  0.163625 -0.000000
   H  -5.927675   6.721947  -0.000000    0.188951 -0.097479 -0.000000
   H  -3.661113   6.679339   0.000000    0.011644 -0.108092  0.000000
   H  -1.230806   6.573063   0.000000   -0.005227 -0.205345  0.000000
   H   1.220248   6.730497   0.000000   -0.005332 -0.047911  0.000000
   H   3.616618   6.550684  -0.000000   -0.056139 -0.236747 -0.000000
   H   6.030310   6.729790  -0.000000   -0.086315 -0.089637 -0.000000
   H  -6.144795  -6.715820  -0.000000   -0.028169  0.103606 -0.000000
   H  -3.632509  -6.728735  -0.000000    0.040248  0.058696 -0.000000
   H  -1.176432  -6.671759   0.000000    0.049148  0.106649  0.000000
   H   1.208667  -6.670654   0.000000   -0.016913  0.107753  0.000000
   H   3.691793  -6.715189   0.000000    0.019036  0.072242  0.000000
   H   6.122153  -6.689987  -0.000000    0.005528  0.129440 -0.000000
converged SCF energy = -3150.74813259721
--------------- RKS_Scanner gradients ---------------
         x                y                z
0 C     0.0104978943     0.0074884772     0.0000000000
1 C     0.0029159787     0.0134393142     0.0000000000
2 C    -0.0095681552     0.0159108320     0.0000000000
3 N     0.0020653111     0.0017660334     0.0000000000
4 C    -0.0096399034     0.0121710556    -0.0000000000
5 C     0.0022434795     0.0092974863    -0.0000000000
6 C     0.0005649489     0.0034093852     0.0000000000
7 C     0.0014791582     0.0030655348     0.0000000000
8 C    -0.0062509045     0.0021816563     0.0000000000
9 C     0.0023872195    -0.0107750098    -0.0000000000
10 C     0.0001528498     0.0053943772    -0.0000000000
11 C     0.0126127146    -0.0040836789     0.0000000000
12 C    -0.0037895941     0.0057252102     0.0000000000
13 C     0.0002898443     0.0035550924     0.0000000000
14 C     0.0085396500     0.0056971978     0.0000000000
15 C    -0.0017087749    -0.0045287868    -0.0000000000
16 C    -0.0091149066    -0.0022650233     0.0000000000
17 C    -0.0114346846     0.0016475855    -0.0000000000
18 C    -0.0078237925     0.0062869879    -0.0000000000
19 C    -0.0041122825     0.0111030065     0.0000000000
20 C    -0.0147064567     0.0084433593     0.0000000000
21 C    -0.0023849213    -0.0004044561     0.0000000000
22 N    -0.0151385123    -0.0017284828    -0.0000000000
23 C    -0.0190430982    -0.0035551142    -0.0000000000
24 N    -0.0032429780     0.0039492954    -0.0000000000
25 C    -0.0108373367    -0.0080576548     0.0000000000
26 C     0.0021289656    -0.0060939441    -0.0000000000
27 C    -0.0046375604     0.0029079973    -0.0000000000
28 C    -0.0011952515    -0.0026842761     0.0000000000
29 N     0.0010259763     0.0026406529    -0.0000000000
30 C     0.0192560991    -0.0131215476    -0.0000000000
31 N     0.0048710513     0.0052696735    -0.0000000000
32 C    -0.0186615384     0.0109668393    -0.0000000000
33 C    -0.0018346368    -0.0039750751     0.0000000000
34 C     0.0010662692    -0.0003633745    -0.0000000000
35 C    -0.0013535423    -0.0158776740    -0.0000000000
36 C     0.0161114743    -0.0128628535    -0.0000000000
37 C    -0.0057177018    -0.0002464580    -0.0000000000
38 C     0.0053861862    -0.0043223645    -0.0000000000
39 C     0.0019646181    -0.0142282084    -0.0000000000
40 C    -0.0044543740     0.0025637763     0.0000000000
41 C     0.0086758469    -0.0015265525    -0.0000000000
42 C    -0.0084942071    -0.0150191336    -0.0000000000
43 C     0.0003365537    -0.0092484458    -0.0000000000
44 C    -0.0034568593     0.0021319997    -0.0000000000
45 N     0.0175414682     0.0113811160     0.0000000000
46 C    -0.0016998599    -0.0169979973     0.0000000000
47 N    -0.0152137201    -0.0065562323    -0.0000000000
48 C     0.0032644147    -0.0030858509    -0.0000000000
49 C     0.0011836812    -0.0054253651    -0.0000000000
50 N     0.0006529749    -0.0183622655    -0.0000000000
51 C     0.0014693713    -0.0023699206     0.0000000000
52 C     0.0031136999    -0.0061000064    -0.0000000000
53 C     0.0016344891    -0.0052813842    -0.0000000000
54 C     0.0037128211    -0.0074085107    -0.0000000000
55 C    -0.0022847789    -0.0042865000    -0.0000000000
56 C     0.0075582729     0.0039305603    -0.0000000000
57 C     0.0019824623     0.0058514471    -0.0000000000
58 C     0.0125773400     0.0006991010    -0.0000000000
59 C     0.0147569122    -0.0049288931     0.0000000000
60 C     0.0067791044    -0.0041338969    -0.0000000000
61 C     0.0107430807    -0.0161372761    -0.0000000000
62 N    -0.0029089164    -0.0212329826     0.0000000000
63 C     0.0024793510    -0.0038587888    -0.0000000000
64 C     0.0116620978     0.0118168579    -0.0000000000
65 C     0.0074808260     0.0035712850     0.0000000000
66 C    -0.0097783274     0.0121202688     0.0000000000
67 C     0.0005794310     0.0167209568     0.0000000000
68 C     0.0216976854     0.0022881415     0.0000000000
69 C     0.0076208351     0.0017775203     0.0000000000
70 C    -0.0016212720    -0.0107199416    -0.0000000000
71 C    -0.0027497324     0.0162436786     0.0000000000
72 C    -0.0154383455    -0.0067472725     0.0000000000
73 C    -0.0003428419    -0.0176913526     0.0000000000
74 C     0.0023606769     0.0038413805     0.0000000000
75 C     0.0005679309     0.0009533881     0.0000000000
76 N    -0.0199841268     0.0199215790     0.0000000000
77 C    -0.0004204643     0.0046028294     0.0000000000
78 H     0.0001519463     0.0003396757     0.0000000000
79 H     0.0047252056     0.0004558200    -0.0000000000
80 H     0.0007227379     0.0073846785     0.0000000000
81 H     0.0122711730    -0.0051249755    -0.0000000000
82 H     0.0014935276     0.0018826707     0.0000000000
83 H     0.0008790421     0.0001955590    -0.0000000000
84 H    -0.0014245171    -0.0019089291     0.0000000000
85 H    -0.0028617367    -0.0014489168     0.0000000000
86 H    -0.0033196527     0.0021689874    -0.0000000000
87 H    -0.0007251152     0.0019184498     0.0000000000
88 H    -0.0006873340     0.0056764985    -0.0000000000
89 H    -0.0096519920    -0.0050217271    -0.0000000000
90 H    -0.0022960336     0.0024266776    -0.0000000000
91 H     0.0042471899     0.0022663067     0.0000000000
92 H    -0.0003773005     0.0125378738     0.0000000000
93 H    -0.0003347464     0.0030334484     0.0000000000
94 H    -0.0009278226     0.0120148007    -0.0000000000
95 H    -0.0014741838     0.0026609660     0.0000000000
96 H     0.0051758040    -0.0022303877     0.0000000000
97 H    -0.0000668080    -0.0016037480    -0.0000000000
98 H    -0.0018283020    -0.0008185131    -0.0000000000
99 H     0.0014918128    -0.0006100818     0.0000000000
100 H     0.0001242313    -0.0016912461    -0.0000000000
101 H    -0.0002535550    -0.0009458151     0.0000000000
----------------------------------------------
cycle 2: E = -3150.7481326  dE = -0.0935352  norm(grad) = 0.113639

Geometry optimization cycle 3
Cartesian coordinates (Angstrom)
 Atom        New coordinates             dX        dY        dZ
   C  -7.202151   5.004735  -0.000000    0.013511  0.024177 -0.000000
   C  -7.302932   0.647594  -0.000000    0.046598 -0.073863 -0.000000
   C  -6.084246   2.837984  -0.000000    0.032556 -0.016861 -0.000000
   N  -4.804140   4.891467   0.000000    0.029708 -0.040569  0.000000
   C  -7.257080  -3.639012  -0.000000    0.056732 -0.082492 -0.000000
   C  -6.103056  -1.407867  -0.000000    0.020050 -0.008968 -0.000000
   C  -4.883542   0.713516  -0.000000    0.024133  0.008884 -0.000000
   C  -3.639454   2.822527   0.000000    0.026128 -0.000638  0.000000
   C  -2.402786   4.905237   0.000000    0.036226 -0.002964  0.000000
   C  -6.102705  -5.597339  -0.000000   -0.008964  0.037509 -0.000000
   C  -4.886372  -3.503490  -0.000000    0.008553  0.029371  0.000000
   C  -3.682712  -1.369255   0.000000   -0.000557  0.030473  0.000000
   C  -2.432803   0.709565   0.000000    0.017249  0.005674  0.000000
   C  -1.207783   2.804313   0.000000    0.009529 -0.006856  0.000000
   C  -0.006232   4.896768   0.000000   -0.020614 -0.037007  0.000000
   C  -3.648109  -5.593232   0.000000   -0.004284  0.049377  0.000000
   C  -2.428355  -3.484037   0.000000    0.006612  0.029891  0.000000
   C  -1.205666  -1.400391   0.000000    0.011870  0.013715  0.000000
   C   0.022377   0.700074   0.000000    0.013439  0.002068  0.000000
   C   1.230890   2.793148   0.000000    0.014249 -0.009230  0.000000
   C   2.422852   4.902559   0.000000    0.029800 -0.000134  0.000000
   C  -1.198251  -5.552745   0.000000    0.003136  0.036136  0.000000
   N   0.028069  -3.479594   0.000000    0.005018  0.025972  0.000000
   C   1.248860  -1.396133   0.000000    0.013542  0.016329  0.000000
   N   2.447467   0.681393   0.000000    0.000047 -0.004730  0.000000
   C   3.649309   2.806871   0.000000   -0.005967 -0.002581  0.000000
   C   4.829128   4.899324  -0.000000   -0.031735 -0.028848 -0.000000
   C   1.214838  -5.564310   0.000000   -0.016385  0.023747  0.000000
   C   2.433628  -3.483527   0.000000   -0.019469  0.033251  0.000000
   N   3.659208  -1.384135   0.000000   -0.003130  0.019961  0.000000
   C   4.824948   0.729632  -0.000000   -0.030511  0.015902 -0.000000
   N   6.054865   2.826025  -0.000000   -0.019747 -0.003066 -0.000000
   C   7.260782   4.902573  -0.000000    0.027008  0.000174 -0.000000
   C   3.655600  -5.578363   0.000000   -0.027072  0.051506  0.000000
   C   4.864034  -3.469278  -0.000000   -0.035765  0.030145 -0.000000
   C   6.065013  -1.370359  -0.000000   -0.007282  0.026707 -0.000000
   C   7.223448   0.705978  -0.000000   -0.052797 -0.015759 -0.000000
   C   6.108659  -5.579313  -0.000000   -0.019106  0.025909 -0.000000
   C   7.287932  -3.504446  -0.000000   -0.057561  0.018475 -0.000000
   C  -7.260790   3.641143  -0.000000    0.050291  0.035078 -0.000000
   C  -5.958525   5.603036  -0.000000    0.049406 -0.040644 -0.000000
   C  -7.296891  -0.709220  -0.000000   -0.008999 -0.066126 -0.000000
   C  -6.098440   1.415817  -0.000000    0.024556 -0.005792 -0.000000
   C  -4.849866   3.516925   0.000000    0.028142 -0.017226  0.000000
   C  -3.613240   5.552268   0.000000    0.020001 -0.044839  0.000000
   N  -7.268458  -4.980866  -0.000000   -0.043996 -0.066317 -0.000000
   C  -6.118239  -2.825450  -0.000000    0.005458  0.007258 -0.000000
   N  -4.867291  -0.683005  -0.000000    0.018594  0.020237 -0.000000
   C  -3.657449   1.409134   0.000000    0.018512  0.006865  0.000000
   C  -2.413412   3.512907   0.000000    0.022713  0.006511  0.000000
   N  -1.205321   5.568830   0.000000    0.015616  0.015897  0.000000
   C  -4.875335  -4.924768  -0.000000   -0.008581  0.037842 -0.000000
   C  -3.673413  -2.784237   0.000000    0.001234  0.035554  0.000000
   C  -2.450825  -0.689125   0.000000    0.007590  0.017632  0.000000
   C  -1.206172   1.408659   0.000000    0.011756  0.005022  0.000000
   C   0.007344   3.491552   0.000000    0.008190 -0.020810  0.000000
   C   1.195220   5.577919   0.000000   -0.012696 -0.064707  0.000000
   C  -2.439770  -4.918295   0.000000    0.000976  0.028856  0.000000
   C  -1.219756  -2.805780   0.000000   -0.003831  0.019932  0.000000
   C  -0.010707  -0.700501   0.000000   -0.001706  0.012715  0.000000
   C   1.226524   1.388131   0.000000    0.004315 -0.001101  0.000000
   C   2.427376   3.526538   0.000000   -0.001863  0.017475  0.000000
   N   3.630055   5.561709   0.000000    0.009705  0.030577  0.000000
   C   0.007639  -4.887324   0.000000   -0.005838  0.035857  0.000000
   C   1.209028  -2.807550   0.000000   -0.016876  0.017705  0.000000
   C   2.439974  -0.716467   0.000000   -0.002625  0.005627  0.000000
   C   3.653668   1.384975   0.000000   -0.006485 -0.004793  0.000000
   C   4.834312   3.480515  -0.000000   -0.018422 -0.029274 -0.000000
   C   6.010861   5.580529  -0.000000   -0.032906 -0.063940 -0.000000
   C   2.436851  -4.914744   0.000000   -0.031628  0.035974  0.000000
   C   3.640178  -2.768513   0.000000   -0.024316  0.038211  0.000000
   C   4.878683  -0.708489  -0.000000   -0.002430  0.005920 -0.000000
   C   6.088814   1.418769  -0.000000   -0.015550  0.009140 -0.000000
   C   7.223648   3.567659  -0.000000   -0.034726  0.022335 -0.000000
   C   4.862681  -4.901779  -0.000000   -0.021714  0.028781 -0.000000
   C   6.102014  -2.793372  -0.000000   -0.042162  0.029447 -0.000000
   N   7.236277  -0.683595  -0.000000    0.008798 -0.023862 -0.000000
   C   7.291875  -4.902094  -0.000000   -0.022100  0.016574 -0.000000
   H   8.209249   5.420025  -0.000000    0.023138  0.002352 -0.000000
   H   8.134001   3.006734  -0.000000   -0.062208 -0.006680 -0.000000
   H   8.199791   1.142570  -0.000000   -0.042172 -0.059203 -0.000000
   H   8.081340  -1.173843  -0.000000   -0.028503 -0.013408 -0.000000
   H   8.240316  -2.995925  -0.000000   -0.061476  0.015621 -0.000000
   H   8.230547  -5.441647  -0.000000   -0.020993  0.023440 -0.000000
   H  -8.090707   5.620549  -0.000000    0.034670  0.052081 -0.000000
   H  -8.229187   3.176291  -0.000000    0.053943  0.043864 -0.000000
   H  -8.255497   1.142140  -0.000000    0.050504 -0.084307 -0.000000
   H  -8.229335  -1.253736  -0.000000    0.001870 -0.082441 -0.000000
   H  -8.247740  -3.231680  -0.000000    0.046538 -0.124363 -0.000000
   H  -8.117554  -5.483107  -0.000000   -0.012083 -0.055307 -0.000000
   H  -5.821033   6.669386  -0.000000    0.106642 -0.052561 -0.000000
   H  -3.697477   6.625704   0.000000   -0.036364 -0.053636  0.000000
   H  -1.199494   6.552811   0.000000    0.031313 -0.020252  0.000000
   H   1.191226   6.659651   0.000000   -0.029023 -0.070846  0.000000
   H   3.645947   6.545692   0.000000    0.029328 -0.004992  0.000000
   H   5.987126   6.659740  -0.000000   -0.043185 -0.070050 -0.000000
   H  -6.155697  -6.672777  -0.000000   -0.010902  0.043043 -0.000000
   H  -3.639017  -6.675197   0.000000   -0.006508  0.053539  0.000000
   H  -1.152666  -6.631544   0.000000    0.023766  0.040215  0.000000
   H   1.180025  -6.643440   0.000000   -0.028642  0.027215  0.000000
   H   3.661200  -6.659203   0.000000   -0.030593  0.055986  0.000000
   H   6.101667  -6.660908  -0.000000   -0.020486  0.029079 -0.000000
converged SCF energy = -3150.73974679834
--------------- RKS_Scanner gradients ---------------
         x                y                z
0 C    -0.0105392466     0.0083436707    -0.0000000000
1 C     0.0144373823    -0.0090542043     0.0000000000
2 C     0.0047999244     0.0010121325     0.0000000000
3 N     0.0071099877     0.0033234808     0.0000000000
4 C     0.0336285487    -0.0291119269     0.0000000000
5 C     0.0091891114     0.0140174900     0.0000000000
6 C     0.0013300646     0.0025194515    -0.0000000000
7 C     0.0009129507     0.0013459785    -0.0000000000
8 C     0.0094459453    -0.0015342540    -0.0000000000
9 C    -0.0094993445     0.0321935342     0.0000000000
10 C    -0.0034295622     0.0060295508     0.0000000000
11 C    -0.0028081754     0.0043729858     0.0000000000
12 C     0.0000075584     0.0022661146    -0.0000000000
13 C    -0.0017840973     0.0057352107     0.0000000000
14 C    -0.0157822863    -0.0037631101     0.0000000000
15 C    -0.0044452942     0.0047423320    -0.0000000000
16 C    -0.0010294944    -0.0006828536    -0.0000000000
17 C     0.0008965705    -0.0018011823     0.0000000000
18 C     0.0033258018    -0.0010698488    -0.0000000000
19 C     0.0015457637    -0.0019629817    -0.0000000000
20 C     0.0144980643    -0.0011382001     0.0000000000
21 C     0.0005679110     0.0017968740    -0.0000000000
22 N     0.0009210569    -0.0001576002    -0.0000000000
23 C     0.0057281720     0.0015563759     0.0000000000
24 N    -0.0006635346    -0.0001589818    -0.0000000000
25 C     0.0003104510     0.0007180982    -0.0000000000
26 C    -0.0179457098    -0.0069164026     0.0000000000
27 C    -0.0042954121    -0.0001899933    -0.0000000000
28 C     0.0012460615     0.0011251341    -0.0000000000
29 N     0.0058162719     0.0049255284    -0.0000000000
30 C    -0.0096303314     0.0041531348     0.0000000000
31 N    -0.0028387682    -0.0070368733     0.0000000000
32 C     0.0149532855     0.0019538168    -0.0000000000
33 C    -0.0041258915     0.0058549947     0.0000000000
34 C    -0.0026660717     0.0009921419     0.0000000000
35 C     0.0010122854     0.0072700271    -0.0000000000
36 C    -0.0162181928    -0.0011233261    -0.0000000000
37 C     0.0002885665     0.0035417893     0.0000000000
38 C    -0.0059656299    -0.0031221406     0.0000000000
39 C     0.0111167327     0.0074919722    -0.0000000000
40 C     0.0015200339    -0.0165910959    -0.0000000000
41 C    -0.0114471040    -0.0157249201     0.0000000000
42 C     0.0010381968     0.0017364923    -0.0000000000
43 C    -0.0027148917     0.0019590000     0.0000000000
44 C    -0.0065578625    -0.0118216217    -0.0000000000
45 N    -0.0410791242    -0.0231658826    -0.0000000000
46 C    -0.0117149149     0.0103881200    -0.0000000000
47 N     0.0027604966    -0.0001782638    -0.0000000000
48 C    -0.0027595894     0.0001090246     0.0000000000
49 C    -0.0012125240     0.0044022458    -0.0000000000
50 N     0.0033711805     0.0252324967    -0.0000000000
51 C     0.0055672936    -0.0052086587    -0.0000000000
52 C    -0.0007203516     0.0016530969    -0.0000000000
53 C    -0.0010976177     0.0002869615    -0.0000000000
54 C     0.0012351628    -0.0013762387     0.0000000000
55 C     0.0047416081    -0.0024471369    -0.0000000000
56 C    -0.0037895032    -0.0132352484    -0.0000000000
57 C     0.0065048830     0.0004095214     0.0000000000
58 C     0.0028062793    -0.0009575885     0.0000000000
59 C    -0.0015205293    -0.0001572814    -0.0000000000
60 C    -0.0009423616    -0.0020674446     0.0000000000
61 C    -0.0043737086     0.0074872040    -0.0000000000
62 N     0.0082246240     0.0261009497    -0.0000000000
63 C     0.0027180974     0.0011788888     0.0000000000
64 C    -0.0023962044     0.0015400837    -0.0000000000
65 C    -0.0022729990    -0.0051125188    -0.0000000000
66 C     0.0096121409     0.0009125457     0.0000000000
67 C     0.0063930020     0.0016561623    -0.0000000000
68 C    -0.0029223690    -0.0161915454    -0.0000000000
69 C    -0.0023591653     0.0007307113     0.0000000000
70 C    -0.0047128149     0.0037988121     0.0000000000
71 C     0.0033814873    -0.0067086243     0.0000000000
72 C     0.0037368439     0.0032129337     0.0000000000
73 C    -0.0144444983     0.0124656790     0.0000000000
74 C     0.0039079147    -0.0022046477    -0.0000000000
75 C    -0.0021550598     0.0078798701    -0.0000000000
76 N     0.0265367719    -0.0185183046     0.0000000000
77 C     0.0048045560    -0.0016901160     0.0000000000
78 H     0.0014914921    -0.0004210430     0.0000000000
79 H    -0.0032308823     0.0044987369     0.0000000000
80 H    -0.0043378119    -0.0029804395     0.0000000000
81 H    -0.0190012092     0.0095183867     0.0000000000
82 H    -0.0019448442    -0.0004291689     0.0000000000
83 H    -0.0004699262    -0.0000982472    -0.0000000000
84 H    -0.0004571450     0.0002631652    -0.0000000000
85 H     0.0030573758     0.0042868439     0.0000000000
86 H     0.0035067969    -0.0049496072    -0.0000000000
87 H    -0.0007936336    -0.0005375810    -0.0000000000
88 H     0.0044009890    -0.0064020713     0.0000000000
89 H     0.0146382834     0.0075797035     0.0000000000
90 H     0.0006568072    -0.0032259686     0.0000000000
91 H    -0.0003594170    -0.0024232757     0.0000000000
92 H    -0.0006218794    -0.0195528474     0.0000000000
93 H     0.0000053055    -0.0033666231     0.0000000000
94 H    -0.0002693028    -0.0192016202     0.0000000000
95 H    -0.0002960284    -0.0036714761    -0.0000000000
96 H    -0.0036016619     0.0043209015    -0.0000000000
97 H    -0.0001462876     0.0019287747     0.0000000000
98 H    -0.0000582904     0.0016562899     0.0000000000
99 H    -0.0001824602     0.0010673916    -0.0000000000
100 H     0.0000955653     0.0022918640    -0.0000000000
101 H     0.0008015983     0.0015577837     0.0000000000
----------------------------------------------
cycle 3: E = -3150.7397468  dE = 0.0083858  norm(grad) = 0.123432

Geometry optimization cycle 4
Cartesian coordinates (Angstrom)
 Atom        New coordinates             dX        dY        dZ
   C  -7.205945   4.988219  -0.000000   -0.003795 -0.016517  0.000000
   C  -7.331092   0.689320  -0.000000   -0.028160  0.041726 -0.000000
   C  -6.096248   2.842111  -0.000000   -0.012002  0.004127 -0.000000
   N  -4.819575   4.910210   0.000000   -0.015435  0.018743 -0.000000
   C  -7.288881  -3.585269  -0.000000   -0.031801  0.053743  0.000000
   C  -6.115956  -1.403268  -0.000000   -0.012900  0.004599 -0.000000
   C  -4.895262   0.709188  -0.000000   -0.011720 -0.004328 -0.000000
   C  -3.652490   2.822694   0.000000   -0.013036  0.000167 -0.000000
   C  -2.420267   4.908079   0.000000   -0.017481  0.002842 -0.000000
   C  -6.094232  -5.624508  -0.000000    0.008473 -0.027169  0.000000
   C  -4.890294  -3.521149  -0.000000   -0.003923 -0.017660  0.000000
   C  -3.687622  -1.383247   0.000000   -0.004910 -0.013992 -0.000000
   C  -2.440067   0.702879   0.000000   -0.007264 -0.006687 -0.000000
   C  -1.213343   2.804268   0.000000   -0.005560 -0.000045 -0.000000
   C  -0.001756   4.909475   0.000000    0.004476  0.012707 -0.000000
   C  -3.643278  -5.616197   0.000000    0.004831 -0.022965  0.000000
   C  -2.428348  -3.500401   0.000000    0.000007 -0.016364 -0.000000
   C  -1.208343  -1.409862   0.000000   -0.002677 -0.009470 -0.000000
   C   0.017573   0.696041   0.000000   -0.004803 -0.004033 -0.000000
   C   1.226616   2.793717   0.000000   -0.004274  0.000569 -0.000000
   C   2.410685   4.905057   0.000000   -0.012168  0.002498 -0.000000
   C  -1.194623  -5.573028   0.000000    0.003628 -0.020283  0.000000
   N   0.030607  -3.494439   0.000000    0.002538 -0.014846 -0.000000
   C   1.246970  -1.406859   0.000000   -0.001890 -0.010726 -0.000000
   N   2.449285   0.679116   0.000000    0.001818 -0.002277 -0.000000
   C   3.655509   2.810879   0.000000    0.006201  0.004009 -0.000000
   C   4.840322   4.918374  -0.000000    0.011195  0.019050 -0.000000
   C   1.224522  -5.581929   0.000000    0.009684 -0.017619  0.000000
   C   2.443694  -3.501139   0.000000    0.010066 -0.017612 -0.000000
   N   3.659056  -1.396264   0.000000   -0.000152 -0.012129 -0.000000
   C   4.838188   0.728393  -0.000000    0.013240 -0.001239 -0.000000
   N   6.069694   2.833010  -0.000000    0.014830  0.006985 -0.000000
   C   7.248154   4.909025  -0.000000   -0.012628  0.006452 -0.000000
   C   3.668646  -5.603706   0.000000    0.013046 -0.025343 -0.000000
   C   4.879824  -3.484764  -0.000000    0.015791 -0.015486 -0.000000
   C   6.069338  -1.377542  -0.000000    0.004325 -0.007183 -0.000000
   C   7.249411   0.714059  -0.000000    0.025963  0.008081 -0.000000
   C   6.117803  -5.597743  -0.000000    0.009144 -0.018430 -0.000000
   C   7.308938  -3.512765  -0.000000    0.021005 -0.008319 -0.000000
   C  -7.285980   3.623290  -0.000000   -0.025190 -0.017853  0.000000
   C  -5.978384   5.625316  -0.000000   -0.019859  0.022280  0.000000
   C  -7.294653  -0.668163  -0.000000    0.002238  0.041057 -0.000000
   C  -6.107679   1.423408  -0.000000   -0.009238  0.007591 -0.000000
   C  -4.862564   3.527470   0.000000   -0.012699  0.010545 -0.000000
   C  -3.623317   5.575364   0.000000   -0.010077  0.023096 -0.000000
   N  -7.229359  -4.934643  -0.000000    0.039099  0.046223  0.000000
   C  -6.117506  -2.821581  -0.000000    0.000733  0.003869  0.000000
   N  -4.874034  -0.689753  -0.000000   -0.006743 -0.006747 -0.000000
   C  -3.666248   1.405275   0.000000   -0.008799 -0.003859 -0.000000
   C  -2.424448   3.511171   0.000000   -0.011037 -0.001735 -0.000000
   N  -1.215034   5.563958   0.000000   -0.009713 -0.004872 -0.000000
   C  -4.871713  -4.945614  -0.000000    0.003621 -0.020846  0.000000
   C  -3.674814  -2.801533   0.000000   -0.001401 -0.017295 -0.000000
   C  -2.455121  -0.699309   0.000000   -0.004297 -0.010184 -0.000000
   C  -1.212767   1.405804   0.000000   -0.006595 -0.002855 -0.000000
   C   0.003239   3.498354   0.000000   -0.004105  0.006802 -0.000000
   C   1.195101   5.603731   0.000000   -0.000119  0.025811 -0.000000
   C  -2.437993  -4.937194   0.000000    0.001778 -0.018899  0.000000
   C  -1.219823  -2.818256   0.000000   -0.000067 -0.012476 -0.000000
   C  -0.012586  -0.707948   0.000000   -0.001879 -0.007447 -0.000000
   C   1.224306   1.386639   0.000000   -0.002218 -0.001492 -0.000000
   C   2.426726   3.524549   0.000000   -0.000650 -0.001989 -0.000000
   N   3.623166   5.558053   0.000000   -0.006889 -0.003656 -0.000000
   C   0.012617  -4.905370   0.000000    0.004978 -0.018046  0.000000
   C   1.215613  -2.822756   0.000000    0.006585 -0.015206 -0.000000
   C   2.439856  -0.722499   0.000000   -0.000118 -0.006032 -0.000000
   C   3.658079   1.384499   0.000000    0.004411 -0.000475 -0.000000
   C   4.844485   3.491451  -0.000000    0.010173  0.010936 -0.000000
   C   6.015014   5.617317  -0.000000    0.004153  0.036788 -0.000000
   C   2.449559  -4.935264   0.000000    0.012708 -0.020519 -0.000000
   C   3.652603  -2.785176   0.000000    0.012424 -0.016663 -0.000000
   C   4.879174  -0.712683  -0.000000    0.000492 -0.004195 -0.000000
   C   6.104582   1.421776  -0.000000    0.015768  0.003006 -0.000000
   C   7.245216   3.567559  -0.000000    0.021567 -0.000100 -0.000000
   C   4.872126  -4.919069  -0.000000    0.009445 -0.017289 -0.000000
   C   6.118630  -2.806046  -0.000000    0.016616 -0.012674 -0.000000
   N   7.237125  -0.676369  -0.000000    0.000849  0.007226 -0.000000
   C   7.297531  -4.911816  -0.000000    0.005657 -0.009723 -0.000000
   H   8.195069   5.429038  -0.000000   -0.014180  0.009013 -0.000000
   H   8.161716   3.010830  -0.000000    0.027715  0.004096 -0.000000
   H   8.230590   1.147343  -0.000000    0.030799  0.004773 -0.000000
   H   8.093734  -1.175405  -0.000000    0.012394 -0.001562 -0.000000
   H   8.264528  -3.007850  -0.000000    0.024212 -0.011925 -0.000000
   H   8.235701  -5.453242  -0.000000    0.005154 -0.011595 -0.000000
   H  -8.098999   5.597806  -0.000000   -0.008291 -0.022744  0.000000
   H  -8.254356   3.152246  -0.000000   -0.025168 -0.024046  0.000000
   H  -8.282948   1.191730  -0.000000   -0.027451  0.049590  0.000000
   H  -8.228577  -1.210136  -0.000000    0.000758  0.043599  0.000000
   H  -8.282440  -3.174823  -0.000000   -0.034700  0.056857  0.000000
   H  -8.091091  -5.438845  -0.000000    0.026463  0.044263  0.000000
   H  -5.859069   6.695962  -0.000000   -0.038036  0.026575  0.000000
   H  -3.698722   6.651154   0.000000   -0.001245  0.025450 -0.000000
   H  -1.212656   6.561438   0.000000   -0.013162  0.008627 -0.000000
   H   1.196029   6.687321   0.000000    0.004803  0.027670 -0.000000
   H   3.631682   6.555507   0.000000   -0.014265  0.009815 -0.000000
   H   5.998035   6.698784  -0.000000    0.010909  0.039044 -0.000000
   H  -6.170135  -6.701202  -0.000000   -0.014438 -0.028425  0.000000
   H  -3.632545  -6.699446   0.000000    0.006472 -0.024249  0.000000
   H  -1.148607  -6.653195   0.000000    0.004059 -0.021651  0.000000
   H   1.189500  -6.662149   0.000000    0.009475 -0.018709  0.000000
   H   3.675902  -6.686067   0.000000    0.014702 -0.026865  0.000000
   H   6.112795  -6.680528  -0.000000    0.011128 -0.019620 -0.000000
converged SCF energy = -3150.75682440718
--------------- RKS_Scanner gradients ---------------
         x                y                z
0 C    -0.0022959779     0.0021800953    -0.0000000000
1 C     0.0042198966     0.0012356651    -0.0000000000
2 C     0.0007976436     0.0024771036    -0.0000000000
3 N     0.0016373357     0.0021221394     0.0000000000
4 C     0.0055370561    -0.0017822355     0.0000000000
5 C     0.0016179527     0.0071056323    -0.0000000000
6 C    -0.0005763409     0.0022477349    -0.0000000000
7 C    -0.0006948125     0.0008342188    -0.0000000000
8 C     0.0036970307    -0.0019133915    -0.0000000000
9 C    -0.0005629220     0.0031548528     0.0000000000
10 C     0.0008010835     0.0051412113     0.0000000000
11 C    -0.0023597791     0.0025524475     0.0000000000
12 C    -0.0004434274     0.0007048310    -0.0000000000
13 C    -0.0013541189     0.0022881847    -0.0000000000
14 C    -0.0067880121    -0.0009157268    -0.0000000000
15 C    -0.0016960280     0.0016695042     0.0000000000
16 C    -0.0000859359    -0.0002855612     0.0000000000
17 C     0.0009282257     0.0004231930     0.0000000000
18 C     0.0009279150     0.0009360755    -0.0000000000
19 C     0.0005852688    -0.0000476471    -0.0000000000
20 C     0.0056671290    -0.0001349785    -0.0000000000
21 C     0.0001277209     0.0003521051     0.0000000000
22 N    -0.0007114177     0.0005548750     0.0000000000
23 C     0.0017299929     0.0003437672     0.0000000000
24 N    -0.0013705569    -0.0001592694    -0.0000000000
25 C    -0.0007933396    -0.0010158062     0.0000000000
26 C    -0.0076450920    -0.0035450604     0.0000000000
27 C    -0.0021167230    -0.0009266075     0.0000000000
28 C     0.0016070861     0.0005246309    -0.0000000000
29 N     0.0019543557     0.0018592628     0.0000000000
30 C    -0.0031238579     0.0022275544    -0.0000000000
31 N     0.0003821779    -0.0012698115     0.0000000000
32 C     0.0038503561     0.0013508409    -0.0000000000
33 C    -0.0020856122     0.0021180113     0.0000000000
34 C    -0.0007350469     0.0003512738     0.0000000000
35 C     0.0008325391     0.0028452446    -0.0000000000
36 C    -0.0057458705    -0.0014588517     0.0000000000
37 C    -0.0004670018     0.0001407938     0.0000000000
38 C    -0.0015029071    -0.0015614395     0.0000000000
39 C     0.0031630003    -0.0000706380     0.0000000000
40 C     0.0015690075    -0.0034360898    -0.0000000000
41 C    -0.0015502265    -0.0054990966     0.0000000000
42 C    -0.0005886430    -0.0016498938     0.0000000000
43 C    -0.0009839286    -0.0012489984     0.0000000000
44 C    -0.0036948871    -0.0029891115    -0.0000000000
45 N    -0.0071206165    -0.0043063376    -0.0000000000
46 C    -0.0033788445    -0.0033602156    -0.0000000000
47 N     0.0006679885    -0.0033834344    -0.0000000000
48 C    -0.0002737016    -0.0009943413     0.0000000000
49 C     0.0008350443     0.0021724145     0.0000000000
50 N     0.0012238053     0.0090123751    -0.0000000000
51 C    -0.0014779196    -0.0035446097    -0.0000000000
52 C    -0.0009665629    -0.0013675423    -0.0000000000
53 C    -0.0000889425    -0.0000079769    -0.0000000000
54 C     0.0012045733    -0.0011170076     0.0000000000
55 C     0.0023903282    -0.0016233210     0.0000000000
56 C    -0.0008621984    -0.0053101156     0.0000000000
57 C     0.0026722723    -0.0003057361    -0.0000000000
58 C     0.0014661605    -0.0022330615    -0.0000000000
59 C    -0.0010938064    -0.0015480733    -0.0000000000
60 C     0.0004027250    -0.0020455821     0.0000000000
61 C    -0.0018563572     0.0030101355     0.0000000000
62 N     0.0033538253     0.0102071687     0.0000000000
63 C     0.0014984488     0.0007810408    -0.0000000000
64 C    -0.0012654104     0.0008881420     0.0000000000
65 C    -0.0009077904    -0.0015776566    -0.0000000000
66 C     0.0036034361     0.0010978869     0.0000000000
67 C     0.0038162537     0.0014681781    -0.0000000000
68 C    -0.0002321794    -0.0046722741    -0.0000000000
69 C    -0.0008091518     0.0004523172     0.0000000000
70 C    -0.0018008001     0.0007357281    -0.0000000000
71 C    -0.0002416722    -0.0024969315     0.0000000000
72 C     0.0014918149     0.0014934521    -0.0000000000
73 C    -0.0047206116     0.0018603844     0.0000000000
74 C     0.0024409106    -0.0007268969    -0.0000000000
75 C    -0.0014656949     0.0032071451    -0.0000000000
76 N     0.0103961066    -0.0059475531    -0.0000000000
77 C     0.0013691776     0.0002421396     0.0000000000
78 H     0.0003069743    -0.0006877487     0.0000000000
79 H    -0.0009479140     0.0020113162    -0.0000000000
80 H    -0.0019194521    -0.0011815201     0.0000000000
81 H    -0.0062373241     0.0028748315    -0.0000000000
82 H    -0.0009280912     0.0000478851     0.0000000000
83 H    -0.0004896289    -0.0000189993    -0.0000000000
84 H     0.0002693390    -0.0003724926     0.0000000000
85 H     0.0006952635     0.0012863983    -0.0000000000
86 H     0.0007149268    -0.0014091880     0.0000000000
87 H     0.0001598049     0.0003050707    -0.0000000000
88 H     0.0007015888    -0.0007651903     0.0000000000
89 H     0.0061980584     0.0031688783     0.0000000000
90 H     0.0005765392    -0.0008895549     0.0000000000
91 H    -0.0001729005    -0.0008501985     0.0000000000
92 H    -0.0003218682    -0.0065782956    -0.0000000000
93 H    -0.0000512297    -0.0012072967     0.0000000000
94 H    -0.0000422784    -0.0063765085     0.0000000000
95 H    -0.0006385671    -0.0010475613     0.0000000000
96 H    -0.0003671326     0.0004657671     0.0000000000
97 H     0.0000780302     0.0008686181    -0.0000000000
98 H     0.0000173269     0.0006489258    -0.0000000000
99 H    -0.0000022154     0.0003930810    -0.0000000000
100 H     0.0000677997     0.0009172503    -0.0000000000
101 H     0.0003706074     0.0004691281    -0.0000000000
----------------------------------------------
cycle 4: E = -3150.75682441  dE = -0.0170776  norm(grad) = 0.0379838

Geometry optimization cycle 5
Cartesian coordinates (Angstrom)
 Atom        New coordinates             dX        dY        dZ
   C  -7.218412   4.977719  -0.000000   -0.012467 -0.010500  0.000000
   C  -7.342684   0.696502   0.000000   -0.011593  0.007182  0.000000
   C  -6.103846   2.842638   0.000000   -0.007598  0.000526  0.000000
   N  -4.827680   4.922641   0.000000   -0.008105  0.012431 -0.000000
   C  -7.296378  -3.589198  -0.000000   -0.007497 -0.003929  0.000000
   C  -6.121648  -1.406973   0.000000   -0.005692 -0.003705  0.000000
   C  -4.899615   0.708404   0.000000   -0.004353 -0.000785  0.000000
   C  -3.659118   2.826349   0.000000   -0.006628  0.003655  0.000000
   C  -2.430325   4.913502   0.000000   -0.010057  0.005423 -0.000000
   C  -6.105773  -5.610065   0.000000   -0.011541  0.014443  0.000000
   C  -4.892818  -3.526268   0.000000   -0.002523 -0.005119  0.000000
   C  -3.687036  -1.384825   0.000000    0.000587 -0.001578 -0.000000
   C  -2.442495   0.706663   0.000000   -0.002428  0.003784 -0.000000
   C  -1.213278   2.812649   0.000000    0.000065  0.008381 -0.000000
   C   0.015713   4.930382   0.000000    0.017469  0.020908 -0.000000
   C  -3.645044  -5.627849   0.000000   -0.001766 -0.011652  0.000000
   C  -2.430071  -3.501063   0.000000   -0.001723 -0.000662 -0.000000
   C  -1.209339  -1.407775  -0.000000   -0.000995  0.002087 -0.000000
   C   0.014870   0.699390   0.000000   -0.002704  0.003349 -0.000000
   C   1.222314   2.798215   0.000000   -0.004302  0.004498 -0.000000
   C   2.398598   4.903552   0.000000   -0.012087 -0.001505 -0.000000
   C  -1.198447  -5.576080   0.000000   -0.003823 -0.003052 -0.000000
   N   0.031771  -3.497613   0.000000    0.001164 -0.003174 -0.000000
   C   1.245968  -1.410245  -0.000000   -0.001002 -0.003386 -0.000000
   N   2.451696   0.680564  -0.000000    0.002411  0.001449 -0.000000
   C   3.660601   2.813579  -0.000000    0.005092  0.002700 -0.000000
   C   4.862561   4.932954  -0.000000    0.022239  0.014579  0.000000
   C   1.229895  -5.584057   0.000000    0.005373 -0.002129 -0.000000
   C   2.451271  -3.513052  -0.000000    0.007576 -0.011913 -0.000000
   N   3.658146  -1.404978  -0.000000   -0.000910 -0.008713 -0.000000
   C   4.848957   0.724097  -0.000000    0.010769 -0.004296 -0.000000
   N   6.074999   2.834677  -0.000000    0.005305  0.001667  0.000000
   C   7.247171   4.906162  -0.000000   -0.000983 -0.002863  0.000000
   C   3.680340  -5.625905  -0.000000    0.011694 -0.022199 -0.000000
   C   4.894153  -3.494212  -0.000000    0.014329 -0.009448 -0.000000
   C   6.067699  -1.386043  -0.000000   -0.001639 -0.008501  0.000000
   C   7.274322   0.728282  -0.000000    0.024911  0.014223  0.000000
   C   6.125636  -5.602671  -0.000000    0.007833 -0.004929 -0.000000
   C   7.333328  -3.518033  -0.000000    0.024391 -0.005269 -0.000000
   C  -7.302283   3.611977   0.000000   -0.016303 -0.011312  0.000000
   C  -5.997749   5.630155  -0.000000   -0.019365  0.004839  0.000000
   C  -7.297605  -0.660126   0.000000   -0.002952  0.008037  0.000000
   C  -6.113597   1.424653   0.000000   -0.005919  0.001245  0.000000
   C  -4.870306   3.535727   0.000000   -0.007742  0.008257 -0.000000
   C  -3.627246   5.593846   0.000000   -0.003929  0.018482 -0.000000
   N  -7.258060  -4.941621  -0.000000   -0.028701 -0.006978  0.000000
   C  -6.121043  -2.823488   0.000000   -0.003537 -0.001907  0.000000
   N  -4.878263  -0.690316   0.000000   -0.004228 -0.000564  0.000000
   C  -3.670773   1.408057   0.000000   -0.004525  0.002782 -0.000000
   C  -2.431037   3.513669   0.000000   -0.006589  0.002497 -0.000000
   N  -1.215792   5.557839   0.000000   -0.000758 -0.006119 -0.000000
   C  -4.870483  -4.947665   0.000000    0.001231 -0.002052  0.000000
   C  -3.676214  -2.802836   0.000000   -0.001400 -0.001303 -0.000000
   C  -2.455941  -0.697463   0.000000   -0.000820  0.001846 -0.000000
   C  -1.215575   1.412428   0.000000   -0.002808  0.006625 -0.000000
   C   0.003126   3.514336   0.000000   -0.000113  0.015982 -0.000000
   C   1.205337   5.641042   0.000000    0.010235  0.037311 -0.000000
   C  -2.444054  -4.939846   0.000000   -0.006061 -0.002652 -0.000000
   C  -1.220048  -2.816720   0.000000   -0.000225  0.001536 -0.000000
   C  -0.011350  -0.705786  -0.000000    0.001236  0.002162 -0.000000
   C   1.223434   1.390806   0.000000   -0.000872  0.004167 -0.000000
   C   2.426911   3.520696   0.000000    0.000186 -0.003853 -0.000000
   N   3.622263   5.537165   0.000000   -0.000904 -0.020888 -0.000000
   C   0.012471  -4.910433   0.000000   -0.000146 -0.005063 -0.000000
   C   1.222463  -2.829663  -0.000000    0.006850 -0.006907 -0.000000
   C   2.440774  -0.723922  -0.000000    0.000918 -0.001422 -0.000000
   C   3.662826   1.383592  -0.000000    0.004747 -0.000908 -0.000000
   C   4.849841   3.500569  -0.000000    0.005356  0.009118  0.000000
   C   6.032510   5.644992  -0.000000    0.017497  0.027675  0.000000
   C   2.462487  -4.949503  -0.000000    0.012928 -0.014239 -0.000000
   C   3.663076  -2.796840  -0.000000    0.010474 -0.011664 -0.000000
   C   4.878612  -0.717323  -0.000000   -0.000562 -0.004640 -0.000000
   C   6.115755   1.421624  -0.000000    0.011173 -0.000151  0.000000
   C   7.258564   3.560806  -0.000000    0.013349 -0.006753  0.000000
   C   4.877083  -4.928564  -0.000000    0.004957 -0.009495 -0.000000
   C   6.137406  -2.817935  -0.000000    0.018775 -0.011889 -0.000000
   N   7.224368  -0.662227  -0.000000   -0.012758  0.014141  0.000000
   C   7.307422  -4.918144  -0.000000    0.009891 -0.006327 -0.000000
   H   8.195795   5.424356  -0.000000    0.000726 -0.004683  0.000000
   H   8.174800   2.997967  -0.000000    0.013084 -0.012863  0.000000
   H   8.260144   1.160133  -0.000000    0.029553  0.012789  0.000000
   H   8.090487  -1.167139  -0.000000   -0.003246  0.008266  0.000000
   H   8.292649  -3.017258  -0.000000    0.028121 -0.009408  0.000000
   H   8.244177  -5.463874  -0.000000    0.008476 -0.010632  0.000000
   H  -8.115060   5.584141  -0.000000   -0.016061 -0.013665  0.000000
   H  -8.268533   3.132820   0.000000   -0.014178 -0.019425  0.000000
   H  -8.294165   1.203307   0.000000   -0.011217  0.011577  0.000000
   H  -8.232387  -1.202600   0.000000   -0.003811  0.007536  0.000000
   H  -8.287265  -3.170200  -0.000000   -0.004825  0.004622  0.000000
   H  -8.130255  -5.452265  -0.000000   -0.039164 -0.013421  0.000000
   H  -5.895289   6.703862  -0.000000   -0.036220  0.007901  0.000000
   H  -3.695352   6.671620  -0.000000    0.003370  0.020467 -0.000000
   H  -1.218227   6.566341   0.000000   -0.005571  0.004903 -0.000000
   H   1.216938   6.726473   0.000000    0.020909  0.039151 -0.000000
   H   3.623282   6.545353   0.000000   -0.008400 -0.010154 -0.000000
   H   6.028510   6.728109  -0.000000    0.030475  0.029325  0.000000
   H  -6.178028  -6.687313   0.000000   -0.007893  0.013889  0.000000
   H  -3.635200  -6.712641   0.000000   -0.002655 -0.013195  0.000000
   H  -1.154605  -6.657537   0.000000   -0.005998 -0.004342  0.000000
   H   1.191767  -6.665008   0.000000    0.002267 -0.002859 -0.000000
   H   3.689812  -6.709824  -0.000000    0.013910 -0.023757 -0.000000
   H   6.119521  -6.686267  -0.000000    0.006726 -0.005740 -0.000000
converged SCF energy = -3150.756380975
--------------- RKS_Scanner gradients ---------------
         x                y                z
0 C     0.0005207993     0.0008469094     0.0000000000
1 C     0.0009033958     0.0022357612     0.0000000000
2 C    -0.0004743119     0.0019769832     0.0000000000
3 N     0.0023858724     0.0013217704    -0.0000000000
4 C     0.0097278218    -0.0040975594    -0.0000000000
5 C     0.0013067013     0.0013721666     0.0000000000
6 C     0.0010356736     0.0016502319     0.0000000000
7 C    -0.0000724064     0.0006943888     0.0000000000
8 C    -0.0025226306     0.0000220664    -0.0000000000
9 C     0.0018900559     0.0125455964    -0.0000000000
10 C    -0.0015957223     0.0006613300    -0.0000000000
11 C     0.0008875595     0.0006054450    -0.0000000000
12 C    -0.0000997841    -0.0002714151     0.0000000000
13 C     0.0006517902    -0.0012815201     0.0000000000
14 C     0.0065174694     0.0025821021     0.0000000000
15 C    -0.0001375204    -0.0011349649    -0.0000000000
16 C    -0.0002986126     0.0003485176    -0.0000000000
17 C     0.0000118848     0.0007742019    -0.0000000000
18 C    -0.0012250061     0.0016728661     0.0000000000
19 C    -0.0011237419     0.0026104219     0.0000000000
20 C    -0.0080620388    -0.0001135190    -0.0000000000
21 C    -0.0016742049     0.0002661017    -0.0000000000
22 N    -0.0012746309     0.0007869770     0.0000000000
23 C    -0.0020567998    -0.0003342059    -0.0000000000
24 N    -0.0009153097     0.0006562518    -0.0000000000
25 C    -0.0002410120    -0.0027850535     0.0000000000
26 C     0.0069088375     0.0023131652    -0.0000000000
27 C    -0.0007312175     0.0016774857     0.0000000000
28 C    -0.0003884112    -0.0005982635     0.0000000000
29 N    -0.0002631801    -0.0010582548    -0.0000000000
30 C     0.0019089083    -0.0005449523     0.0000000000
31 N     0.0009738409     0.0018666876     0.0000000000
32 C    -0.0050397518     0.0001398064     0.0000000000
33 C     0.0002209542    -0.0025123006    -0.0000000000
34 C     0.0012461187     0.0005415306    -0.0000000000
35 C    -0.0020930314    -0.0039731985    -0.0000000000
36 C     0.0071319440     0.0007166615    -0.0000000000
37 C    -0.0014130184     0.0002256091    -0.0000000000
38 C     0.0024080193    -0.0006135340    -0.0000000000
39 C    -0.0000109916    -0.0023239818    -0.0000000000
40 C    -0.0016854087    -0.0004554467     0.0000000000
41 C     0.0007105714    -0.0012368699    -0.0000000000
42 C    -0.0021469221    -0.0020441987    -0.0000000000
43 C    -0.0009144568    -0.0014608679    -0.0000000000
44 C    -0.0000065872     0.0017489324     0.0000000000
45 N    -0.0119608813    -0.0061218774     0.0000000000
46 C    -0.0007426447     0.0021084885     0.0000000000
47 N    -0.0017164384    -0.0018408679     0.0000000000
48 C     0.0001830689    -0.0004769004    -0.0000000000
49 C     0.0008298152    -0.0000061846    -0.0000000000
50 N    -0.0001755770    -0.0081721781    -0.0000000000
51 C     0.0066358600    -0.0037772758     0.0000000000
52 C    -0.0002887372    -0.0015666325     0.0000000000
53 C     0.0000458181    -0.0001058035     0.0000000000
54 C    -0.0003565822    -0.0000655931    -0.0000000000
55 C    -0.0027422928     0.0009337170    -0.0000000000
56 C     0.0026237486     0.0053067490     0.0000000000
57 C    -0.0007056960     0.0010856802     0.0000000000
58 C     0.0010797741    -0.0000255784     0.0000000000
59 C     0.0009849613    -0.0008385665     0.0000000000
60 C     0.0016216547    -0.0013356054    -0.0000000000
61 C     0.0030096900    -0.0015250023    -0.0000000000
62 N    -0.0028712734    -0.0104924063     0.0000000000
63 C     0.0007502342    -0.0006084781     0.0000000000
64 C     0.0007506039     0.0003076603    -0.0000000000
65 C     0.0002753793     0.0009941927     0.0000000000
66 C    -0.0020552056     0.0004209789    -0.0000000000
67 C    -0.0036614899     0.0027076971    -0.0000000000
68 C     0.0036663221     0.0040489609     0.0000000000
69 C     0.0036493425    -0.0002198070    -0.0000000000
70 C     0.0007868993    -0.0023932004     0.0000000000
71 C     0.0000495943     0.0017558199    -0.0000000000
72 C    -0.0006888926    -0.0035172042    -0.0000000000
73 C     0.0016474145    -0.0040426591    -0.0000000000
74 C    -0.0013839955     0.0011683356     0.0000000000
75 C     0.0008393589    -0.0015224823     0.0000000000
76 N    -0.0093153448     0.0065317464     0.0000000000
77 C    -0.0003638472     0.0009968003    -0.0000000000
78 H    -0.0003626878    -0.0002752150     0.0000000000
79 H     0.0010012959    -0.0008235397    -0.0000000000
80 H     0.0009711668     0.0018062386     0.0000000000
81 H     0.0026483500    -0.0012073361    -0.0000000000
82 H     0.0003950732     0.0000635260     0.0000000000
83 H     0.0001088728     0.0000810616     0.0000000000
84 H    -0.0002287327    -0.0002519500    -0.0000000000
85 H    -0.0005461821    -0.0002551127     0.0000000000
86 H    -0.0004794516     0.0002281538    -0.0000000000
87 H    -0.0001355374     0.0003075357     0.0000000000
88 H     0.0002094337    -0.0013003405     0.0000000000
89 H    -0.0044367860    -0.0023068440    -0.0000000000
90 H    -0.0000656633     0.0002024176     0.0000000000
91 H     0.0004770443     0.0004811229    -0.0000000000
92 H     0.0001990098     0.0028710694    -0.0000000000
93 H    -0.0001045609     0.0013688684    -0.0000000000
94 H     0.0000852678     0.0025183022     0.0000000000
95 H    -0.0002731294     0.0009879526    -0.0000000000
96 H    -0.0007704605     0.0010198783    -0.0000000000
97 H    -0.0000180024    -0.0006259189    -0.0000000000
98 H    -0.0001083060    -0.0001292098     0.0000000000
99 H     0.0002513600     0.0001630087     0.0000000000
100 H     0.0000372055    -0.0006266801     0.0000000000
101 H    -0.0001422786    -0.0000467401     0.0000000000
----------------------------------------------
cycle 5: E = -3150.75638098  dE = 0.000443432  norm(grad) = 0.0384522

Geometry optimization cycle 6
Cartesian coordinates (Angstrom)
 Atom        New coordinates             dX        dY        dZ
   C  -7.216069   4.983725  -0.000000    0.002343  0.006006 -0.000000
   C  -7.342031   0.694482   0.000000    0.000653 -0.002020  0.000000
   C  -6.103234   2.842270   0.000000    0.000611 -0.000368  0.000000
   N  -4.828904   4.919275   0.000000   -0.001224 -0.003365 -0.000000
   C  -7.301358  -3.576380   0.000000   -0.004980  0.012818  0.000000
   C  -6.121070  -1.406007   0.000000    0.000578  0.000965  0.000000
   C  -4.898909   0.708425   0.000000    0.000705  0.000021  0.000000
   C  -3.658088   2.825583   0.000000    0.001030 -0.000766  0.000000
   C  -2.428378   4.914096   0.000000    0.001947  0.000594 -0.000000
   C  -6.097217  -5.629331   0.000000    0.008556 -0.019266  0.000000
   C  -4.894057  -3.527175   0.000000   -0.001239 -0.000907  0.000000
   C  -3.687245  -1.385098   0.000000   -0.000209 -0.000273  0.000000
   C  -2.442343   0.705342   0.000000    0.000153 -0.001320  0.000000
   C  -1.214336   2.809713   0.000000   -0.001058 -0.002936 -0.000000
   C   0.006786   4.922410   0.000000   -0.008926 -0.007972 -0.000000
   C  -3.644574  -5.623023   0.000000    0.000470  0.004826  0.000000
   C  -2.429940  -3.501240   0.000000    0.000131 -0.000177  0.000000
   C  -1.208943  -1.408700  -0.000000    0.000395 -0.000925  0.000000
   C   0.015499   0.697759   0.000000    0.000629 -0.001632 -0.000000
   C   1.223862   2.796655   0.000000    0.001548 -0.001560  0.000000
   C   2.404193   4.906500   0.000000    0.005595  0.002948  0.000000
   C  -1.196971  -5.577387   0.000000    0.001476 -0.001307  0.000000
   N   0.031778  -3.498144   0.000000    0.000007 -0.000531 -0.000000
   C   1.247712  -1.409332  -0.000000    0.001745  0.000912  0.000000
   N   2.451765   0.680151  -0.000000    0.000069 -0.000413  0.000000
   C   3.659478   2.814082  -0.000000   -0.001123  0.000503  0.000000
   C   4.853891   4.929536  -0.000000   -0.008670 -0.003418  0.000000
   C   1.228829  -5.586043   0.000000   -0.001067 -0.001986 -0.000000
   C   2.448614  -3.509843  -0.000000   -0.002657  0.003209 -0.000000
   N   3.660322  -1.402562  -0.000000    0.002176  0.002415  0.000000
   C   4.846056   0.724439  -0.000000   -0.002901  0.000343  0.000000
   N   6.074035   2.835147  -0.000000   -0.000964  0.000470  0.000000
   C   7.251353   4.909371  -0.000000    0.004182  0.003209  0.000000
   C   3.677037  -5.619052  -0.000000   -0.003303  0.006853 -0.000000
   C   4.889821  -3.492974  -0.000000   -0.004332  0.001238  0.000000
   C   6.072574  -1.384699  -0.000000    0.004874  0.001344  0.000000
   C   7.265286   0.722106  -0.000000   -0.009036 -0.006176  0.000000
   C   6.124846  -5.603587  -0.000000   -0.000790 -0.000915 -0.000000
   C   7.325777  -3.519239  -0.000000   -0.007552 -0.001205 -0.000000
   C  -7.298823   3.618818   0.000000    0.003460  0.006841  0.000000
   C  -5.993926   5.633087  -0.000000    0.003822  0.002931 -0.000000
   C  -7.298307  -0.660831   0.000000   -0.000703 -0.000705  0.000000
   C  -6.112395   1.425259   0.000000    0.001202  0.000606  0.000000
   C  -4.869242   3.534303   0.000000    0.001064 -0.001424  0.000000
   C  -3.627766   5.588220   0.000000   -0.000520 -0.005627 -0.000000
   N  -7.227369  -4.926785   0.000000    0.030691  0.014836  0.000000
   C  -6.120285  -2.819905   0.000000    0.000758  0.003583  0.000000
   N  -4.876894  -0.688736   0.000000    0.001368  0.001580  0.000000
   C  -3.670223   1.407819   0.000000    0.000550 -0.000237  0.000000
   C  -2.430529   3.513423   0.000000    0.000508 -0.000246 -0.000000
   N  -1.217271   5.563786   0.000000   -0.001479  0.005947  0.000000
   C  -4.873093  -4.948348   0.000000   -0.002611 -0.000683  0.000000
   C  -3.676671  -2.802823   0.000000   -0.000457  0.000012  0.000000
   C  -2.455818  -0.698399   0.000000    0.000123 -0.000936  0.000000
   C  -1.215589   1.410412   0.000000   -0.000014 -0.002017  0.000000
   C   0.002307   3.508561   0.000000   -0.000820 -0.005775  0.000000
   C   1.199347   5.626361   0.000000   -0.005990 -0.014681  0.000000
   C  -2.442056  -4.939841   0.000000    0.001998  0.000005  0.000000
   C  -1.220841  -2.817030   0.000000   -0.000793 -0.000309  0.000000
   C  -0.011160  -0.706170  -0.000000    0.000190 -0.000385 -0.000000
   C   1.223099   1.390352   0.000000   -0.000336 -0.000454  0.000000
   C   2.426886   3.523297   0.000000   -0.000025  0.002601  0.000000
   N   3.622762   5.550803   0.000000    0.000499  0.013638  0.000000
   C   0.012291  -4.910946   0.000000   -0.000180 -0.000513 -0.000000
   C   1.220420  -2.828548  -0.000000   -0.002043  0.001115  0.000000
   C   2.442220  -0.723617  -0.000000    0.001445  0.000305  0.000000
   C   3.661743   1.383598  -0.000000   -0.001082  0.000006  0.000000
   C   4.848134   3.497252  -0.000000   -0.001707 -0.003317  0.000000
   C   6.026518   5.634057  -0.000000   -0.005992 -0.010935  0.000000
   C   2.457455  -4.945956  -0.000000   -0.005032  0.003547 -0.000000
   C   3.660370  -2.793215  -0.000000   -0.002707  0.003625  0.000000
   C   4.882375  -0.717210  -0.000000    0.003763  0.000113  0.000000
   C   6.112077   1.422444  -0.000000   -0.003678  0.000820  0.000000
   C   7.256215   3.565572  -0.000000   -0.002349  0.004766  0.000000
   C   4.876452  -4.927566  -0.000000   -0.000632  0.000998 -0.000000
   C   6.132541  -2.816488  -0.000000   -0.004865  0.001448  0.000000
   N   7.233948  -0.669768  -0.000000    0.009580 -0.007541  0.000000
   C   7.306179  -4.919801  -0.000000   -0.001243 -0.001658 -0.000000
   H   8.197883   5.431961  -0.000000    0.002088  0.007606  0.000000
   H   8.170476   3.000969  -0.000000   -0.004323  0.003002  0.000000
   H   8.250612   1.153011  -0.000000   -0.009532 -0.007122  0.000000
   H   8.099643  -1.171443  -0.000000    0.009156 -0.004304  0.000000
   H   8.284641  -3.018072  -0.000000   -0.008008 -0.000814 -0.000000
   H   8.244020  -5.463666  -0.000000   -0.000157  0.000208 -0.000000
   H  -8.111340   5.592297  -0.000000    0.003720  0.008156 -0.000000
   H  -8.265432   3.141429   0.000000    0.003101  0.008609  0.000000
   H  -8.292885   1.201490   0.000000    0.001280 -0.001817  0.000000
   H  -8.232241  -1.204993   0.000000    0.000146 -0.002393  0.000000
   H  -8.295757  -3.165340  -0.000000   -0.008492  0.004861  0.000000
   H  -8.097924  -5.434446   0.000000    0.032331  0.017819  0.000000
   H  -5.886786   6.706108  -0.000000    0.008502  0.002246 -0.000000
   H  -3.699732   6.665403  -0.000000   -0.004380 -0.006218 -0.000000
   H  -1.216382   6.570361   0.000000    0.001845  0.004020  0.000000
   H   1.206081   6.710979   0.000000   -0.010857 -0.015494  0.000000
   H   3.626523   6.557251   0.000000    0.003242  0.011899  0.000000
   H   6.020855   6.716484  -0.000000   -0.007655 -0.011625  0.000000
   H  -6.177003  -6.706412   0.000000    0.001025 -0.019098  0.000000
   H  -3.634290  -6.707459   0.000000    0.000911  0.005182  0.000000
   H  -1.152406  -6.658737   0.000000    0.002198 -0.001200  0.000000
   H   1.191629  -6.667091   0.000000   -0.000139 -0.002083 -0.000000
   H   3.685259  -6.702612  -0.000000   -0.004553  0.007212 -0.000000
   H   6.117935  -6.687108  -0.000000   -0.001586 -0.000841 -0.000000
converged SCF energy = -3150.75827234549
--------------- RKS_Scanner gradients ---------------
         x                y                z
0 C    -0.0002932619     0.0001787992    -0.0000000000
1 C     0.0006547761     0.0012774699     0.0000000000
2 C    -0.0000298964     0.0010982882     0.0000000000
3 N     0.0003092342     0.0006844814    -0.0000000000
4 C    -0.0008497840     0.0028734444    -0.0000000000
5 C    -0.0002981954     0.0027021646     0.0000000000
6 C     0.0003671122     0.0013566051     0.0000000000
7 C    -0.0003171226    -0.0002900740     0.0000000000
8 C     0.0000129434    -0.0004478396    -0.0000000000
9 C     0.0013676809    -0.0017492769     0.0000000000
10 C     0.0010453436     0.0022417451     0.0000000000
11 C    -0.0004749809     0.0018037552     0.0000000000
12 C    -0.0001727176    -0.0006558136     0.0000000000
13 C     0.0000884780    -0.0004911922     0.0000000000
14 C     0.0008953106     0.0004922651    -0.0000000000
15 C    -0.0001037143    -0.0001353821     0.0000000000
16 C     0.0003966737     0.0004134879     0.0000000000
17 C     0.0005757403     0.0012833684    -0.0000000000
18 C    -0.0005800135     0.0012359979     0.0000000000
19 C    -0.0004201499     0.0008542547     0.0000000000
20 C    -0.0016130609     0.0003414232    -0.0000000000
21 C    -0.0006821882     0.0000301857    -0.0000000000
22 N    -0.0004494880     0.0005421834     0.0000000000
23 C    -0.0002595197     0.0001640423     0.0000000000
24 N    -0.0007187658     0.0002185384    -0.0000000000
25 C     0.0000581049    -0.0003926685     0.0000000000
26 C     0.0010726165     0.0004239601    -0.0000000000
27 C    -0.0002365681     0.0004265334    -0.0000000000
28 C     0.0001552462    -0.0002663526     0.0000000000
29 N     0.0003654846     0.0001219859    -0.0000000000
30 C     0.0003603311    -0.0004588414     0.0000000000
31 N     0.0000527161     0.0003317124    -0.0000000000
32 C    -0.0003996385     0.0009004722    -0.0000000000
33 C    -0.0001003806    -0.0004517005     0.0000000000
34 C     0.0003948520    -0.0000673754     0.0000000000
35 C    -0.0003216671    -0.0007447937     0.0000000000
36 C     0.0013645862    -0.0000997034     0.0000000000
37 C    -0.0004529772     0.0005665912     0.0000000000
38 C     0.0003695424    -0.0004276104     0.0000000000
39 C     0.0003689015    -0.0000464555     0.0000000000
40 C    -0.0006283385    -0.0000567733     0.0000000000
41 C     0.0007292311    -0.0015716600    -0.0000000000
42 C    -0.0008567630    -0.0015743478    -0.0000000000
43 C    -0.0000606002    -0.0011709805    -0.0000000000
44 C    -0.0003762110     0.0000765622     0.0000000000
45 N     0.0030360528     0.0013687356     0.0000000000
46 C    -0.0010014563    -0.0038500944    -0.0000000000
47 N     0.0001799722    -0.0025084967    -0.0000000000
48 C     0.0000371080     0.0001075272    -0.0000000000
49 C     0.0002478989     0.0004931293    -0.0000000000
50 N     0.0003439716    -0.0020094514     0.0000000000
51 C    -0.0020376832    -0.0013343247    -0.0000000000
52 C    -0.0009850127    -0.0015585981    -0.0000000000
53 C     0.0001010126     0.0004683301     0.0000000000
54 C     0.0003834606     0.0002989118    -0.0000000000
55 C    -0.0001011435    -0.0000446071    -0.0000000000
56 C     0.0005103936     0.0010565188     0.0000000000
57 C    -0.0003679064     0.0000041827     0.0000000000
58 C    -0.0000101006    -0.0010846740    -0.0000000000
59 C    -0.0003244577    -0.0010894173    -0.0000000000
60 C     0.0005629434    -0.0008141612    -0.0000000000
61 C     0.0005524985    -0.0007599784    -0.0000000000
62 N    -0.0005000327    -0.0025373159     0.0000000000
63 C     0.0003599406    -0.0001686154     0.0000000000
64 C    -0.0002171425    -0.0001440867    -0.0000000000
65 C     0.0000668287     0.0003494549     0.0000000000
66 C    -0.0004539146     0.0004423599    -0.0000000000
67 C    -0.0008591470     0.0003602519     0.0000000000
68 C     0.0011135671     0.0001791978     0.0000000000
69 C     0.0009295297    -0.0000337707    -0.0000000000
70 C    -0.0002492899    -0.0005666191     0.0000000000
71 C     0.0001554625    -0.0001111377     0.0000000000
72 C    -0.0006303939    -0.0007249531    -0.0000000000
73 C    -0.0003294894    -0.0007023452     0.0000000000
74 C    -0.0002351131     0.0000613329     0.0000000000
75 C     0.0001540510    -0.0004278866    -0.0000000000
76 N    -0.0022817743     0.0017632388     0.0000000000
77 C     0.0004107781     0.0000811532    -0.0000000000
78 H     0.0001740208     0.0000061453     0.0000000000
79 H     0.0003002291    -0.0001486936    -0.0000000000
80 H     0.0003068300     0.0004800722     0.0000000000
81 H     0.0012883647    -0.0007070526    -0.0000000000
82 H     0.0001503088    -0.0000373852    -0.0000000000
83 H     0.0001558669    -0.0000513690     0.0000000000
84 H    -0.0001426186     0.0000610692    -0.0000000000
85 H    -0.0000738571     0.0000600208    -0.0000000000
86 H    -0.0000915711    -0.0001156899    -0.0000000000
87 H    -0.0001492826    -0.0000749477     0.0000000000
88 H    -0.0001933989     0.0003101016    -0.0000000000
89 H    -0.0009257664    -0.0005804455    -0.0000000000
90 H    -0.0001184995     0.0001423604    -0.0000000000
91 H     0.0001379871     0.0001168379    -0.0000000000
92 H     0.0000398151     0.0014933883     0.0000000000
93 H    -0.0000401001     0.0002320086    -0.0000000000
94 H     0.0000256531     0.0014442479     0.0000000000
95 H    -0.0000618925     0.0000676572     0.0000000000
96 H     0.0001563010    -0.0003857161    -0.0000000000
97 H     0.0000000580    -0.0001501967     0.0000000000
98 H     0.0000126596    -0.0001141357     0.0000000000
99 H     0.0000820915    -0.0000237097     0.0000000000
100 H     0.0000534887    -0.0001684803     0.0000000000
101 H     0.0000209980     0.0000159359     0.0000000000
----------------------------------------------
cycle 6: E = -3150.75827235  dE = -0.00189137  norm(grad) = 0.0121296

Geometry optimization cycle 7
Cartesian coordinates (Angstrom)
 Atom        New coordinates             dX        dY        dZ
   C  -7.206502   4.981176  -0.000000    0.009567 -0.002549 -0.000000
   C  -7.342896   0.701843   0.000000   -0.000865  0.007361 -0.000000
   C  -6.100182   2.842575  -0.000000    0.003053  0.000305 -0.000000
   N  -4.825269   4.918476   0.000000    0.003636 -0.000799  0.000000
   C  -7.298644  -3.577194   0.000000    0.002714 -0.000814  0.000000
   C  -6.121050  -1.404503   0.000000    0.000019  0.001505  0.000000
   C  -4.898277   0.707697   0.000000    0.000632 -0.000728  0.000000
   C  -3.656655   2.824421   0.000000    0.001433 -0.001162  0.000000
   C  -2.427542   4.912034   0.000000    0.000836 -0.002063  0.000000
   C  -6.098533  -5.620988   0.000000   -0.001316  0.008343  0.000000
   C  -4.892823  -3.526067   0.000000    0.001234  0.001108  0.000000
   C  -3.686804  -1.386956   0.000000    0.000441 -0.001857  0.000000
   C  -2.441637   0.702843   0.000000    0.000706 -0.002499  0.000000
   C  -1.214189   2.805794   0.000000    0.000147 -0.003918  0.000000
   C   0.002350   4.915532   0.000000   -0.004437 -0.006878  0.000000
   C  -3.642206  -5.621781   0.000000    0.002367  0.001242  0.000000
   C  -2.428132  -3.503067   0.000000    0.001808 -0.001828  0.000000
   C  -1.208323  -1.411631   0.000000    0.000621 -0.002931  0.000000
   C   0.017169   0.694794   0.000000    0.001670 -0.002965  0.000000
   C   1.225817   2.794133   0.000000    0.001955 -0.002521  0.000000
   C   2.406146   4.905765   0.000000    0.001954 -0.000735  0.000000
   C  -1.193623  -5.579525   0.000000    0.003349 -0.002138 -0.000000
   N   0.033496  -3.499709   0.000000    0.001718 -0.001565  0.000000
   C   1.248726  -1.409842   0.000000    0.001014 -0.000510  0.000000
   N   2.453450   0.679590   0.000000    0.001685 -0.000561  0.000000
   C   3.660659   2.814292   0.000000    0.001181  0.000210  0.000000
   C   4.847391   4.928096  -0.000000   -0.006500 -0.001440 -0.000000
   C   1.229501  -5.588551  -0.000000    0.000672 -0.002508 -0.000000
   C   2.448128  -3.507786  -0.000000   -0.000486  0.002057  0.000000
   N   3.660580  -1.400894  -0.000000    0.000258  0.001668  0.000000
   C   4.846362   0.727066  -0.000000    0.000306  0.002627  0.000000
   N   6.076738   2.836135  -0.000000    0.002703  0.000989  0.000000
   C   7.244199   4.909612  -0.000000   -0.007153  0.000241 -0.000000
   C   3.675298  -5.614333  -0.000000   -0.001739  0.004719 -0.000000
   C   4.887437  -3.491236  -0.000000   -0.002384  0.001738 -0.000000
   C   6.072839  -1.381603  -0.000000    0.000265  0.003096 -0.000000
   C   7.262154   0.719107  -0.000000   -0.003132 -0.002999 -0.000000
   C   6.123164  -5.605384  -0.000000   -0.001682 -0.001797 -0.000000
   C   7.320493  -3.515141  -0.000000   -0.005284  0.004098 -0.000000
   C  -7.297118   3.616955  -0.000000    0.001706 -0.001863 -0.000000
   C  -5.986715   5.635021  -0.000000    0.007212  0.001934 -0.000000
   C  -7.295332  -0.652431   0.000000    0.002975  0.008400 -0.000000
   C  -6.109670   1.427590   0.000000    0.002725  0.002331 -0.000000
   C  -4.866562   3.534873   0.000000    0.002681  0.000570  0.000000
   C  -3.625110   5.587336   0.000000    0.002656 -0.000884  0.000000
   N  -7.232738  -4.926652   0.000000   -0.005369  0.000133  0.000000
   C  -6.118347  -2.816654   0.000000    0.001938  0.003251  0.000000
   N  -4.875856  -0.688002   0.000000    0.001039  0.000735  0.000000
   C  -3.669112   1.406237   0.000000    0.001111 -0.001582  0.000000
   C  -2.429111   3.511047   0.000000    0.001418 -0.002375  0.000000
   N  -1.218129   5.562751   0.000000   -0.000858 -0.001035  0.000000
   C  -4.869899  -4.945428   0.000000    0.003195  0.002920  0.000000
   C  -3.674227  -2.803128   0.000000    0.002444 -0.000305  0.000000
   C  -2.455222  -0.701140   0.000000    0.000595 -0.002741  0.000000
   C  -1.214733   1.406711   0.000000    0.000856 -0.003701  0.000000
   C   0.002454   3.503091   0.000000    0.000147 -0.005470  0.000000
   C   1.195870   5.616420   0.000000   -0.003477 -0.009941  0.000000
   C  -2.438345  -4.941483   0.000000    0.003711 -0.001642  0.000000
   C  -1.219400  -2.818890   0.000000    0.001441 -0.001861  0.000000
   C  -0.010682  -0.707856   0.000000    0.000477 -0.001685  0.000000
   C   1.224075   1.388644   0.000000    0.000976 -0.001708  0.000000
   C   2.427810   3.523368   0.000000    0.000924  0.000071  0.000000
   N   3.620876   5.556229   0.000000   -0.001886  0.005426 -0.000000
   C   0.014082  -4.912268   0.000000    0.001791 -0.001322 -0.000000
   C   1.220438  -2.828385   0.000000    0.000017  0.000163  0.000000
   C   2.442473  -0.723688   0.000000    0.000254 -0.000071  0.000000
   C   3.662667   1.384051   0.000000    0.000924  0.000453  0.000000
   C   4.849737   3.495947  -0.000000    0.001603 -0.001305  0.000000
   C   6.018022   5.633312  -0.000000   -0.008496 -0.000745 -0.000000
   C   2.454865  -4.943611  -0.000000   -0.002591  0.002345 -0.000000
   C   3.659359  -2.790796  -0.000000   -0.001011  0.002419 -0.000000
   C   4.882378  -0.714551  -0.000000    0.000003  0.002659  0.000000
   C   6.112842   1.423998  -0.000000    0.000766  0.001554  0.000000
   C   7.258277   3.567106  -0.000000    0.002062  0.001534 -0.000000
   C   4.876194  -4.926283  -0.000000   -0.000258  0.001284 -0.000000
   C   6.128223  -2.812642  -0.000000   -0.004318  0.003845 -0.000000
   N   7.237384  -0.672954  -0.000000    0.003435 -0.003185 -0.000000
   C   7.300541  -4.915816  -0.000000   -0.005639  0.003985 -0.000000
   H   8.188150   5.436042  -0.000000   -0.009734  0.004081 -0.000000
   H   8.173892   3.005832  -0.000000    0.003416  0.004864 -0.000000
   H   8.247665   1.147440  -0.000000   -0.002946 -0.005571 -0.000000
   H   8.100553  -1.173835  -0.000000    0.000910 -0.002392 -0.000000
   H   8.278899  -3.013629  -0.000000   -0.005742  0.004443 -0.000000
   H   8.239225  -5.457536  -0.000000   -0.004794  0.006130 -0.000000
   H  -8.100612   5.590746  -0.000000    0.010727 -0.001551 -0.000000
   H  -8.264240   3.140708  -0.000000    0.001191 -0.000721 -0.000000
   H  -8.292772   1.210682  -0.000000    0.000113  0.009192 -0.000000
   H  -8.229521  -1.195323   0.000000    0.002720  0.009670 -0.000000
   H  -8.292455  -3.165497   0.000000    0.003302 -0.000157  0.000000
   H  -8.101206  -5.433371   0.000000   -0.003282  0.001075  0.000000
   H  -5.878560   6.707710  -0.000000    0.008226  0.001602 -0.000000
   H  -3.697919   6.664220   0.000000    0.001814 -0.001182  0.000000
   H  -1.215610   6.566640   0.000000    0.000772 -0.003722  0.000000
   H   1.199971   6.700653   0.000000   -0.006109 -0.010326 -0.000000
   H   3.624950   6.560078   0.000000   -0.001574  0.002827 -0.000000
   H   6.011318   6.715629  -0.000000   -0.009537 -0.000855 -0.000000
   H  -6.178091  -6.697616   0.000000   -0.001088  0.008795  0.000000
   H  -3.633754  -6.705924   0.000000    0.000535  0.001535 -0.000000
   H  -1.148548  -6.660610   0.000000    0.003858 -0.001873 -0.000000
   H   1.193300  -6.669531  -0.000000    0.001672 -0.002440 -0.000000
   H   3.682675  -6.697572  -0.000000   -0.002584  0.005040 -0.000000
   H   6.117580  -6.688903  -0.000000   -0.000355 -0.001796 -0.000000
converged SCF energy = -3150.75822155442
--------------- RKS_Scanner gradients ---------------
         x                y                z
0 C     0.0019847975    -0.0015250157     0.0000000000
1 C    -0.0012562552     0.0020288025    -0.0000000000
2 C    -0.0000260047     0.0011867560     0.0000000000
3 N    -0.0009240118     0.0000695393    -0.0000000000
4 C     0.0014733753     0.0001432924    -0.0000000000
5 C    -0.0007556233     0.0005837826    -0.0000000000
6 C    -0.0004404879     0.0009144582     0.0000000000
7 C    -0.0006738617     0.0001676420     0.0000000000
8 C     0.0000422229    -0.0008886662     0.0000000000
9 C     0.0003417801     0.0025540267    -0.0000000000
10 C    -0.0002332593     0.0010783423    -0.0000000000
11 C    -0.0012684929     0.0005972939    -0.0000000000
12 C    -0.0002528975    -0.0003990625     0.0000000000
13 C    -0.0004440076     0.0002144189     0.0000000000
14 C    -0.0016496268    -0.0004682579     0.0000000000
15 C     0.0001325778     0.0004827858     0.0000000000
16 C    -0.0000071699    -0.0000007237    -0.0000000000
17 C     0.0003829200     0.0001853563    -0.0000000000
18 C     0.0002076298     0.0004443448     0.0000000000
19 C     0.0002888902     0.0001001521     0.0000000000
20 C     0.0017506676    -0.0000385523     0.0000000000
21 C     0.0002387130    -0.0001949289    -0.0000000000
22 N     0.0002106829     0.0003379514    -0.0000000000
23 C     0.0006841638     0.0000554749     0.0000000000
24 N    -0.0000981689     0.0002993964     0.0000000000
25 C     0.0001819659     0.0005249496    -0.0000000000
26 C    -0.0014361206    -0.0010911447     0.0000000000
27 C    -0.0001517174    -0.0007889849     0.0000000000
28 C     0.0008733923     0.0002185368     0.0000000000
29 N     0.0004662032     0.0001607640     0.0000000000
30 C    -0.0000680574     0.0005303615     0.0000000000
31 N     0.0006371563     0.0011532187     0.0000000000
32 C    -0.0014127201    -0.0011264531     0.0000000000
33 C    -0.0004343494     0.0006194094     0.0000000000
34 C    -0.0001670301    -0.0001929182     0.0000000000
35 C     0.0005685268     0.0008535221     0.0000000000
36 C    -0.0015538635    -0.0004629346     0.0000000000
37 C     0.0001519768    -0.0012707102    -0.0000000000
38 C     0.0002597402     0.0003537885     0.0000000000
39 C    -0.0015260926    -0.0010859095    -0.0000000000
40 C     0.0009487504     0.0018144301    -0.0000000000
41 C     0.0023825011     0.0006284190     0.0000000000
42 C    -0.0002406388    -0.0014260903    -0.0000000000
43 C     0.0003004432    -0.0006168812    -0.0000000000
44 C    -0.0004862338     0.0005743061    -0.0000000000
45 N    -0.0025729896    -0.0017319739    -0.0000000000
46 C     0.0004088805    -0.0011320915     0.0000000000
47 N     0.0003651620    -0.0014635863     0.0000000000
48 C     0.0000805385    -0.0002862938    -0.0000000000
49 C     0.0006651217     0.0003699970    -0.0000000000
50 N    -0.0001181483     0.0018052393    -0.0000000000
51 C     0.0010540252    -0.0016420199    -0.0000000000
52 C    -0.0000598473    -0.0009493609     0.0000000000
53 C     0.0000662293     0.0001500989     0.0000000000
54 C     0.0006203688    -0.0001088071    -0.0000000000
55 C     0.0008237801    -0.0004873986    -0.0000000000
56 C    -0.0004249778    -0.0013330160    -0.0000000000
57 C     0.0007008407    -0.0002269423     0.0000000000
58 C    -0.0000342264    -0.0007738680     0.0000000000
59 C    -0.0006248981    -0.0006092295    -0.0000000000
60 C    -0.0000600069    -0.0006725625    -0.0000000000
61 C    -0.0007022140     0.0002771621     0.0000000000
62 N     0.0008470832     0.0029514586    -0.0000000000
63 C     0.0002195313     0.0001732989     0.0000000000
64 C    -0.0007736091    -0.0002343551    -0.0000000000
65 C    -0.0006415735    -0.0001368085     0.0000000000
66 C     0.0005321964    -0.0000222582     0.0000000000
67 C     0.0010702821    -0.0005884311    -0.0000000000
68 C    -0.0008008408     0.0006017175    -0.0000000000
69 C    -0.0008494322     0.0002920256    -0.0000000000
70 C    -0.0005838001     0.0003804099    -0.0000000000
71 C    -0.0007086912    -0.0004042035    -0.0000000000
72 C     0.0002507720     0.0004647336     0.0000000000
73 C     0.0012022256    -0.0006873030    -0.0000000000
74 C     0.0010529925    -0.0000022343    -0.0000000000
75 C    -0.0003780829     0.0002022994    -0.0000000000
76 N     0.0023193849    -0.0011526045     0.0000000000
77 C    -0.0010639228     0.0007697035     0.0000000000
78 H    -0.0001639725    -0.0002389154    -0.0000000000
79 H    -0.0000415103     0.0001794477    -0.0000000000
80 H    -0.0003108802    -0.0004151672     0.0000000000
81 H    -0.0006812975     0.0002472993    -0.0000000000
82 H    -0.0000593166     0.0002097975    -0.0000000000
83 H    -0.0002345001     0.0000409101     0.0000000000
84 H     0.0003168276    -0.0002012010     0.0000000000
85 H    -0.0001644687    -0.0003270451     0.0000000000
86 H    -0.0001842607     0.0002951221    -0.0000000000
87 H     0.0002894718     0.0004146656    -0.0000000000
88 H     0.0000603448    -0.0003393329     0.0000000000
89 H     0.0005624422     0.0004140588    -0.0000000000
90 H     0.0001572753     0.0001307453     0.0000000000
91 H    -0.0000708065    -0.0000149393     0.0000000000
92 H    -0.0001113052    -0.0008023981    -0.0000000000
93 H    -0.0000099696    -0.0003213505     0.0000000000
94 H    -0.0000576376    -0.0006658009     0.0000000000
95 H    -0.0002316625     0.0000130448     0.0000000000
96 H    -0.0001224839     0.0002323575     0.0000000000
97 H     0.0000953827     0.0000849527    -0.0000000000
98 H     0.0000714730     0.0000102787     0.0000000000
99 H    -0.0000473142    -0.0000860241    -0.0000000000
100 H     0.0000134310     0.0001741537    -0.0000000000
101 H     0.0000160210    -0.0001550949    -0.0000000000
----------------------------------------------
cycle 7: E = -3150.75822155  dE = 5.07911e-05  norm(grad) = 0.0114161

Geometry optimization cycle 8
Cartesian coordinates (Angstrom)
 Atom        New coordinates             dX        dY        dZ
   C  -7.211174   4.984178  -0.000000   -0.004672  0.003002  0.000000
   C  -7.341466   0.696201   0.000000    0.001430 -0.005642  0.000000
   C  -6.100926   2.842345   0.000000   -0.000745 -0.000230  0.000000
   N  -4.825513   4.918074   0.000000   -0.000244 -0.000402  0.000000
   C  -7.299571  -3.578126   0.000000   -0.000927 -0.000933  0.000000
   C  -6.121357  -1.405707   0.000000   -0.000306 -0.001204  0.000000
   C  -4.898308   0.708193   0.000000   -0.000031  0.000496  0.000000
   C  -3.656589   2.825044   0.000000    0.000065  0.000623  0.000000
   C  -2.426943   4.913111   0.000000    0.000599  0.001077  0.000000
   C  -6.098096  -5.624750   0.000000    0.000437 -0.003762  0.000000
   C  -4.893598  -3.526258   0.000000   -0.000775 -0.000191  0.000000
   C  -3.686911  -1.385964   0.000000   -0.000107  0.000992  0.000000
   C  -2.441707   0.704269   0.000000   -0.000070  0.001426  0.000000
   C  -1.213969   2.807563   0.000000    0.000220  0.001769  0.000000
   C   0.005171   4.918489   0.000000    0.002821  0.002957  0.000000
   C  -3.643193  -5.621105   0.000000   -0.000986  0.000675 -0.000000
   C  -2.428897  -3.501390   0.000000   -0.000765  0.001677  0.000000
   C  -1.208699  -1.410195   0.000000   -0.000377  0.001435  0.000000
   C   0.016760   0.695895   0.000000   -0.000410  0.001101  0.000000
   C   1.225128   2.795045   0.000000   -0.000689  0.000911  0.000000
   C   2.406051   4.905569   0.000000   -0.000096 -0.000196 -0.000000
   C  -1.194950  -5.577585   0.000000   -0.001327  0.001940  0.000000
   N   0.032953  -3.498467   0.000000   -0.000542  0.001242  0.000000
   C   1.248253  -1.409255   0.000000   -0.000473  0.000587  0.000000
   N   2.453101   0.679825   0.000000   -0.000349  0.000236 -0.000000
   C   3.660064   2.814085   0.000000   -0.000595 -0.000207 -0.000000
   C   4.851101   4.928491  -0.000000    0.003710  0.000395 -0.000000
   C   1.229050  -5.586795   0.000000   -0.000450  0.001756  0.000000
   C   2.448027  -3.508072  -0.000000   -0.000101 -0.000286  0.000000
   N   3.659972  -1.401239  -0.000000   -0.000608 -0.000344 -0.000000
   C   4.846397   0.726600  -0.000000    0.000035 -0.000466 -0.000000
   N   6.075305   2.835652  -0.000000   -0.001433 -0.000483 -0.000000
   C   7.249214   4.910143  -0.000000    0.005014  0.000531 -0.000000
   C   3.675848  -5.615789  -0.000000    0.000551 -0.001456  0.000000
   C   4.887772  -3.491249  -0.000000    0.000335 -0.000013  0.000000
   C   6.071920  -1.382223  -0.000000   -0.000918 -0.000620 -0.000000
   C   7.263518   0.720506  -0.000000    0.001363  0.001399 -0.000000
   C   6.123601  -5.603799  -0.000000    0.000437  0.001585 -0.000000
   C   7.321401  -3.516451  -0.000000    0.000908 -0.001310 -0.000000
   C  -7.296476   3.619579  -0.000000    0.000641  0.002624  0.000000
   C  -5.988732   5.632794  -0.000000   -0.002017 -0.002227  0.000000
   C  -7.298663  -0.657977   0.000000   -0.003331 -0.005545  0.000000
   C  -6.110393   1.427041   0.000000   -0.000724 -0.000549  0.000000
   C  -4.867004   3.534783   0.000000   -0.000442 -0.000090  0.000000
   C  -3.625095   5.587329   0.000000    0.000015 -0.000007  0.000000
   N  -7.230475  -4.927398   0.000000    0.002263 -0.000746  0.000000
   C  -6.119238  -2.816917   0.000000   -0.000891 -0.000263  0.000000
   N  -4.876708  -0.687052   0.000000   -0.000853  0.000950  0.000000
   C  -3.669302   1.407122   0.000000   -0.000190  0.000885  0.000000
   C  -2.429368   3.512042   0.000000   -0.000256  0.000995  0.000000
   N  -1.216887   5.563080   0.000000    0.001242  0.000329  0.000000
   C  -4.871204  -4.945381   0.000000   -0.001305  0.000047  0.000000
   C  -3.675093  -2.801901   0.000000   -0.000866  0.001227  0.000000
   C  -2.455510  -0.699873   0.000000   -0.000287  0.001266  0.000000
   C  -1.215049   1.408292   0.000000   -0.000316  0.001581  0.000000
   C   0.002530   3.505598   0.000000    0.000077  0.002507  0.000000
   C   1.198307   5.620451   0.000000    0.002437  0.004031  0.000000
   C  -2.439891  -4.939768   0.000000   -0.001546  0.001716 -0.000000
   C  -1.219915  -2.817141   0.000000   -0.000514  0.001749  0.000000
   C  -0.010741  -0.706542   0.000000   -0.000058  0.001313  0.000000
   C   1.223725   1.389662   0.000000   -0.000350  0.001018  0.000000
   C   2.427456   3.523322   0.000000   -0.000354 -0.000046 -0.000000
   N   3.622426   5.552946   0.000000    0.001550 -0.003283 -0.000000
   C   0.013195  -4.910861   0.000000   -0.000887  0.001407  0.000000
   C   1.220599  -2.827870   0.000000    0.000161  0.000515  0.000000
   C   2.442266  -0.723479   0.000000   -0.000207  0.000209 -0.000000
   C   3.662466   1.383793   0.000000   -0.000201 -0.000258 -0.000000
   C   4.848993   3.496360  -0.000000   -0.000744  0.000413 -0.000000
   C   6.022701   5.633145  -0.000000    0.004678 -0.000168 -0.000000
   C   2.455673  -4.944078  -0.000000    0.000808 -0.000467  0.000000
   C   3.659566  -2.791165  -0.000000    0.000207 -0.000369  0.000000
   C   4.881853  -0.714908  -0.000000   -0.000526 -0.000357 -0.000000
   C   6.112999   1.423715  -0.000000    0.000156 -0.000283 -0.000000
   C   7.256800   3.567342  -0.000000   -0.001477  0.000235 -0.000000
   C   4.875801  -4.926087  -0.000000   -0.000393  0.000196  0.000000
   C   6.129102  -2.813467  -0.000000    0.000879 -0.000825 -0.000000
   N   7.235305  -0.671584  -0.000000   -0.002078  0.001370 -0.000000
   C   7.302837  -4.917239  -0.000000    0.002297 -0.001423 -0.000000
   H   8.194229   5.434911  -0.000000    0.006079 -0.001131 -0.000000
   H   8.171074   3.003768  -0.000000   -0.002818 -0.002064 -0.000000
   H   8.249281   1.148835  -0.000000    0.001615  0.001395 -0.000000
   H   8.098691  -1.172757  -0.000000   -0.001861  0.001077 -0.000000
   H   8.279781  -3.014948  -0.000000    0.000882 -0.001319 -0.000000
   H   8.241266  -5.459623  -0.000000    0.002040 -0.002087 -0.000000
   H  -8.105362   5.593986  -0.000000   -0.004750  0.003240  0.000000
   H  -8.263222   3.142886  -0.000000    0.001019  0.002178  0.000000
   H  -8.291395   1.204647  -0.000000    0.001377 -0.006035  0.000000
   H  -8.232771  -1.201488   0.000000   -0.003250 -0.006164  0.000000
   H  -8.293824  -3.167252   0.000000   -0.001369 -0.001756  0.000000
   H  -8.099300  -5.434263   0.000000    0.001906 -0.000891  0.000000
   H  -5.879547   6.705294  -0.000000   -0.000988 -0.002417  0.000000
   H  -3.698364   6.664193   0.000000   -0.000445 -0.000027  0.000000
   H  -1.214949   6.567344   0.000000    0.000661  0.000704  0.000000
   H   1.203916   6.704861   0.000000    0.003944  0.004208  0.000000
   H   3.626299   6.557093  -0.000000    0.001350 -0.002986 -0.000000
   H   6.016610   6.715478  -0.000000    0.005292 -0.000151 -0.000000
   H  -6.177219  -6.701495   0.000000    0.000872 -0.003879  0.000000
   H  -3.634204  -6.705288   0.000000   -0.000450  0.000636 -0.000000
   H  -1.150201  -6.658682   0.000000   -0.001653  0.001928 -0.000000
   H   1.192112  -6.667705  -0.000000   -0.001189  0.001826  0.000000
   H   3.683518  -6.699122  -0.000000    0.000843 -0.001550  0.000000
   H   6.117161  -6.687239  -0.000000   -0.000419  0.001664 -0.000000
converged SCF energy = -3150.7583873228
