1721292051.062027

Geometry optimization cycle 1
Cartesian coordinates (Angstrom)
 Atom        New coordinates             dX        dY        dZ
   C  -7.338226   5.042760   0.000000    0.000000  0.000000  0.000000
   C  -7.365228   0.691139   0.000000    0.000000  0.000000  0.000000
   C  -6.173642   2.889413   0.000000    0.000000  0.000000  0.000000
   C  -4.910090   5.019617   0.000000    0.000000  0.000000  0.000000
   C  -7.358051  -3.642635   0.000000    0.000000  0.000000  0.000000
   C  -6.173475  -1.431785   0.000000    0.000000  0.000000  0.000000
   C  -4.940069   0.716689   0.000000    0.000000  0.000000  0.000000
   C  -3.694845   2.860312   0.000000    0.000000  0.000000  0.000000
   C  -2.457224   5.005715   0.000000    0.000000  0.000000  0.000000
   C  -6.138515  -5.727246   0.000000    0.000000  0.000000  0.000000
   C  -4.928214  -3.580071   0.000000    0.000000  0.000000  0.000000
   C  -3.698169  -1.425571   0.000000    0.000000  0.000000  0.000000
   C  -2.471779   0.716540   0.000000    0.000000  0.000000  0.000000
   C  -1.230705   2.851907   0.000000    0.000000 -0.000000  0.000000
   C   0.000000   5.003169   0.000000    0.000000  0.000000  0.000000
   N  -3.678966  -5.694052   0.000000    0.000000  0.000000  0.000000
   C  -2.466015  -3.560923   0.000000    0.000000  0.000000  0.000000
   C  -1.232423  -1.423207   0.000000    0.000000  0.000000  0.000000
   C   0.000000   0.715809   0.000000    0.000000  0.000000  0.000000
   C   1.230705   2.851907   0.000000    0.000000 -0.000000  0.000000
   C   2.457224   5.005715   0.000000    0.000000  0.000000  0.000000
   C  -1.226334  -5.685080   0.000000    0.000000  0.000000  0.000000
   C   0.000000  -3.557079   0.000000    0.000000  0.000000  0.000000
   C   1.232423  -1.423207   0.000000    0.000000  0.000000  0.000000
   C   2.471779   0.716540   0.000000    0.000000  0.000000  0.000000
   C   3.694845   2.860312   0.000000    0.000000  0.000000  0.000000
   C   4.910090   5.019617   0.000000    0.000000  0.000000  0.000000
   C   1.226334  -5.685080   0.000000    0.000000  0.000000  0.000000
   C   2.466015  -3.560923   0.000000    0.000000  0.000000  0.000000
   C   3.698169  -1.425571   0.000000    0.000000  0.000000  0.000000
   C   4.940069   0.716689   0.000000    0.000000  0.000000  0.000000
   N   6.173642   2.889413   0.000000    0.000000  0.000000  0.000000
   C   7.338226   5.042760   0.000000    0.000000  0.000000  0.000000
   C   3.678966  -5.694052   0.000000    0.000000  0.000000  0.000000
   C   4.928214  -3.580071   0.000000    0.000000  0.000000  0.000000
   C   6.173475  -1.431785   0.000000   -0.000000  0.000000  0.000000
   C   7.365228   0.691139   0.000000    0.000000  0.000000  0.000000
   C   6.138515  -5.727246   0.000000    0.000000  0.000000  0.000000
   C   7.358051  -3.642635   0.000000   -0.000000  0.000000  0.000000
   C  -7.358051   3.642635   0.000000    0.000000  0.000000  0.000000
   C  -6.138515   5.727246   0.000000    0.000000  0.000000  0.000000
   C  -7.365228  -0.691139   0.000000    0.000000  0.000000  0.000000
   C  -6.173475   1.431785   0.000000    0.000000  0.000000  0.000000
   C  -4.928214   3.580071   0.000000    0.000000 -0.000000  0.000000
   C  -3.678966   5.694052   0.000000    0.000000  0.000000  0.000000
   C  -7.338226  -5.042760   0.000000    0.000000  0.000000  0.000000
   C  -6.173642  -2.889413   0.000000    0.000000  0.000000  0.000000
   C  -4.940069  -0.716689   0.000000    0.000000  0.000000  0.000000
   C  -3.698169   1.425571   0.000000    0.000000  0.000000  0.000000
   C  -2.466015   3.560923   0.000000    0.000000 -0.000000  0.000000
   C  -1.226334   5.685080   0.000000    0.000000  0.000000  0.000000
   N  -4.910090  -5.019617   0.000000    0.000000  0.000000  0.000000
   C  -3.694845  -2.860312   0.000000    0.000000  0.000000  0.000000
   C  -2.471779  -0.716540   0.000000    0.000000  0.000000  0.000000
   C  -1.232423   1.423207   0.000000    0.000000  0.000000  0.000000
   C   0.000000   3.557079   0.000000    0.000000  0.000000  0.000000
   C   1.226334   5.685080   0.000000    0.000000  0.000000  0.000000
   C  -2.457224  -5.005715   0.000000    0.000000  0.000000  0.000000
   C  -1.230705  -2.851907   0.000000    0.000000  0.000000  0.000000
   C   0.000000  -0.715809   0.000000    0.000000  0.000000  0.000000
   C   1.232423   1.423207   0.000000    0.000000  0.000000  0.000000
   C   2.466015   3.560923   0.000000    0.000000 -0.000000  0.000000
   C   3.678966   5.694052   0.000000    0.000000  0.000000  0.000000
   C   0.000000  -5.003169   0.000000    0.000000  0.000000  0.000000
   C   1.230705  -2.851907   0.000000    0.000000  0.000000  0.000000
   C   2.471779  -0.716540   0.000000    0.000000  0.000000  0.000000
   C   3.698169   1.425571   0.000000    0.000000  0.000000  0.000000
   C   4.928214   3.580071   0.000000    0.000000 -0.000000  0.000000
   C   6.138515   5.727246   0.000000    0.000000  0.000000  0.000000
   C   2.457224  -5.005715   0.000000    0.000000  0.000000  0.000000
   C   3.694845  -2.860312   0.000000    0.000000  0.000000  0.000000
   N   4.940069  -0.716689   0.000000    0.000000  0.000000  0.000000
   C   6.173475   1.431785   0.000000   -0.000000  0.000000  0.000000
   C   7.358051   3.642635   0.000000   -0.000000  0.000000  0.000000
   C   4.910090  -5.019617   0.000000    0.000000  0.000000  0.000000
   C   6.173642  -2.889413   0.000000    0.000000  0.000000  0.000000
   N   7.365228  -0.691139   0.000000    0.000000  0.000000  0.000000
   C   7.338226  -5.042760   0.000000    0.000000  0.000000  0.000000
   H   8.282184   5.591425   0.000000    0.000000 -0.000000  0.000000
   H   8.325741   3.141106   0.000000    0.000000  0.000000  0.000000
   H   8.326715   1.204661   0.000000    0.000000  0.000000  0.000000
   H   8.326715  -1.204661   0.000000    0.000000  0.000000  0.000000
   H   8.325741  -3.141106   0.000000    0.000000  0.000000  0.000000
   H   8.282184  -5.591425   0.000000    0.000000  0.000000  0.000000
   H  -8.282184   5.591425   0.000000    0.000000 -0.000000  0.000000
   H  -8.325741   3.141106   0.000000    0.000000  0.000000  0.000000
   H  -8.326715   1.204661   0.000000    0.000000  0.000000  0.000000
   H  -8.326715  -1.204661   0.000000    0.000000  0.000000  0.000000
   H  -8.325741  -3.141106   0.000000    0.000000  0.000000  0.000000
   H  -8.282184  -5.591425   0.000000    0.000000  0.000000  0.000000
   H  -6.116625   6.819427   0.000000    0.000000  0.000000  0.000000
   H  -3.672757   6.787431   0.000000    0.000000  0.000000  0.000000
   H  -1.225580   6.778408   0.000000    0.000000 -0.000000  0.000000
   H   1.225580   6.778408   0.000000    0.000000 -0.000000  0.000000
   H   3.672757   6.787431   0.000000    0.000000  0.000000  0.000000
   H   6.116625   6.819427   0.000000   -0.000000  0.000000  0.000000
   H  -6.116625  -6.819427   0.000000    0.000000  0.000000  0.000000
   H  -3.672757  -6.787431   0.000000    0.000000  0.000000  0.000000
   H  -1.225580  -6.778408   0.000000    0.000000  0.000000  0.000000
   H   1.225580  -6.778408   0.000000    0.000000  0.000000  0.000000
   H   3.672757  -6.787431   0.000000    0.000000  0.000000  0.000000
   H   6.116625  -6.819427   0.000000   -0.000000  0.000000  0.000000
SCF not converged.
SCF energy = -3067.61666175476
--------------- ROKS_Scanner gradients ---------------
         x                y                z
0 C    -0.0022039103     0.0027947662    -0.0000000000
1 C     0.0013295852     0.0057421015    -0.0000000000
2 C    -0.0013884015    -0.0043835633    -0.0000000000
3 C     0.0022154486     0.0023809610     0.0000000000
4 C     0.0050209801    -0.0011821970    -0.0000000000
5 C    -0.0080259767    -0.0008551923    -0.0000000000
6 C     0.0046298740     0.0005094090     0.0000000000
7 C     0.0005907234     0.0034797672    -0.0000000000
8 C     0.0060910730    -0.0028481599    -0.0000000000
9 C    -0.0182339264    -0.0119263500    -0.0000000000
10 C    -0.0087287757     0.0091824543    -0.0000000000
11 C     0.0062028465     0.0073850265     0.0000000000
12 C     0.0010205932    -0.0003698350    -0.0000000000
13 C     0.0081195523     0.0027498854    -0.0000000000
14 C     0.0083536464    -0.0049210979    -0.0000000000
15 N     0.0001116173     0.0337488254    -0.0000000000
16 C    -0.0053332366     0.0052553669    -0.0000000000
17 C     0.0054075927    -0.0017665378    -0.0000000000
18 C     0.0004815542     0.0051270484    -0.0000000000
19 C     0.0118470067    -0.0043402854    -0.0000000000
20 C     0.0161483586    -0.0058024476    -0.0000000000
21 C     0.0465009606    -0.0009568830    -0.0000000000
22 C    -0.0012973378     0.0057493881    -0.0000000000
23 C    -0.0059399147     0.0007888288    -0.0000000000
24 C     0.0202288515     0.0035274771    -0.0000000000
25 C    -0.0062874015    -0.0061912542     0.0000000000
26 C     0.0152241133    -0.0069174295    -0.0000000000
27 C     0.0139934822    -0.0058748159     0.0000000000
28 C     0.0118567112     0.0017533366    -0.0000000000
29 C    -0.0133459205     0.0017485904    -0.0000000000
30 C     0.0480041783    -0.0210497271     0.0000000000
31 N     0.0134070494    -0.0103481402    -0.0000000000
32 C     0.0145146287     0.0064912932    -0.0000000000
33 C    -0.0011884699    -0.0055128606     0.0000000000
34 C     0.0077095760    -0.0038123527    -0.0000000000
35 C     0.0240052228    -0.0041426626    -0.0000000000
36 C     0.0189823438    -0.0362418314     0.0000000000
37 C    -0.0095088479    -0.0021362173    -0.0000000000
38 C    -0.0100998735    -0.0062654288    -0.0000000000
39 C     0.0002750156    -0.0001832303     0.0000000000
40 C    -0.0012801461     0.0037012340     0.0000000000
41 C     0.0015533451    -0.0029977813     0.0000000000
42 C    -0.0046741986     0.0025787811     0.0000000000
43 C     0.0026765400    -0.0004013912     0.0000000000
44 C    -0.0059638207     0.0035724780     0.0000000000
45 C    -0.0144556493    -0.0018576549     0.0000000000
46 C    -0.0018822311     0.0112138326    -0.0000000000
47 C     0.0013812409     0.0002277270    -0.0000000000
48 C    -0.0030910409    -0.0048023949     0.0000000000
49 C    -0.0029347785     0.0022865213     0.0000000000
50 C    -0.0081208376     0.0054293393     0.0000000000
51 N     0.0238450702    -0.0065137620    -0.0000000000
52 C     0.0066936296     0.0001747465    -0.0000000000
53 C    -0.0065040610     0.0014593942     0.0000000000
54 C     0.0009596501    -0.0031531107     0.0000000000
55 C    -0.0110753255     0.0012495540     0.0000000000
56 C    -0.0114364906     0.0071254582     0.0000000000
57 C    -0.0223367978     0.0043942510    -0.0000000000
58 C     0.0044579882     0.0077994715     0.0000000000
59 C    -0.0012704203    -0.0056461339     0.0000000000
60 C    -0.0094760857     0.0064019404     0.0000000000
61 C    -0.0099420928    -0.0033949706    -0.0000000000
62 C    -0.0165590281     0.0095347959     0.0000000000
63 C    -0.0226843781    -0.0101977881     0.0000000000
64 C    -0.0032252702     0.0049072075     0.0000000000
65 C    -0.0009525528    -0.0122655642     0.0000000000
66 C    -0.0333181580     0.0270753646    -0.0000000000
67 C    -0.0163687566     0.0169882168    -0.0000000000
68 C    -0.0138377178     0.0015516476     0.0000000000
69 C    -0.0060000212    -0.0027916339    -0.0000000000
70 C    -0.0143392328    -0.0098845974     0.0000000000
71 N    -0.0297297338     0.0229203212     0.0000000000
72 C    -0.0420382944     0.0105806721    -0.0000000000
73 C     0.0059255783     0.0084477240    -0.0000000000
74 C     0.0078490109     0.0033683319     0.0000000000
75 C    -0.0026699503    -0.0180190178     0.0000000000
76 N    -0.0181248414     0.0297226223     0.0000000000
77 C     0.0078234136    -0.0013327872     0.0000000000
78 H     0.0044372675     0.0064830878     0.0000000000
79 H     0.0127550295     0.0026939073     0.0000000000
80 H     0.0055953726     0.0103147751    -0.0000000000
81 H     0.0586015351    -0.0243139874     0.0000000000
82 H     0.0031457489     0.0029591849     0.0000000000
83 H     0.0047821318    -0.0032566743     0.0000000000
84 H    -0.0048677702     0.0029007874     0.0000000000
85 H    -0.0053749079    -0.0030192092    -0.0000000000
86 H    -0.0056789463     0.0032074513     0.0000000000
87 H    -0.0051627974    -0.0033080413    -0.0000000000
88 H    -0.0065884163     0.0033545326     0.0000000000
89 H    -0.0087027520    -0.0002493274    -0.0000000000
90 H     0.0001733711     0.0058327085    -0.0000000000
91 H    -0.0001026629     0.0060240686    -0.0000000000
92 H    -0.0001472010     0.0061511010    -0.0000000000
93 H    -0.0002198936     0.0063808305    -0.0000000000
94 H    -0.0012794513     0.0071556167     0.0000000000
95 H    -0.0002356525     0.0068766370    -0.0000000000
96 H    -0.0072601009    -0.0084368444     0.0000000000
97 H     0.0079304344    -0.0635378958     0.0000000000
98 H    -0.0004959877    -0.0049982562     0.0000000000
99 H    -0.0003407379    -0.0060568389    -0.0000000000
100 H    -0.0003745964    -0.0065282541    -0.0000000000
101 H    -0.0001850875    -0.0064403502     0.0000000000
----------------------------------------------
cycle 1: E = -3067.61666175  dE = -3067.62  norm(grad) = 0.182587
