1721706821.4147685

Geometry optimization cycle 1
Cartesian coordinates (Angstrom)
 Atom        New coordinates             dX        dY        dZ
   C  -7.338226   5.042760   0.000000    0.000000  0.000000  0.000000
   C  -7.365228   0.691139   0.000000    0.000000  0.000000  0.000000
   C  -6.173642   2.889413   0.000000    0.000000  0.000000  0.000000
   C  -4.910090   5.019617   0.000000    0.000000  0.000000  0.000000
   C  -7.358051  -3.642635   0.000000    0.000000  0.000000  0.000000
   C  -6.173475  -1.431785   0.000000    0.000000  0.000000  0.000000
   C  -4.940069   0.716689   0.000000    0.000000  0.000000  0.000000
   C  -3.694845   2.860312   0.000000    0.000000  0.000000  0.000000
   C  -2.457224   5.005715   0.000000    0.000000  0.000000  0.000000
   N  -6.138515  -5.727246   0.000000    0.000000  0.000000  0.000000
   C  -4.928214  -3.580071   0.000000    0.000000  0.000000  0.000000
   C  -3.698169  -1.425571   0.000000    0.000000  0.000000  0.000000
   C  -2.471779   0.716540   0.000000    0.000000  0.000000  0.000000
   C  -1.230705   2.851907   0.000000    0.000000 -0.000000  0.000000
   C   0.000000   5.003169   0.000000    0.000000  0.000000  0.000000
   C  -3.678966  -5.694052   0.000000    0.000000  0.000000  0.000000
   C  -2.466015  -3.560923   0.000000    0.000000  0.000000  0.000000
   C  -1.232423  -1.423207   0.000000    0.000000  0.000000  0.000000
   C   0.000000   0.715809   0.000000    0.000000  0.000000  0.000000
   C   1.230705   2.851907   0.000000    0.000000 -0.000000  0.000000
   C   2.457224   5.005715   0.000000    0.000000  0.000000  0.000000
   C  -1.226334  -5.685080   0.000000    0.000000  0.000000  0.000000
   C   0.000000  -3.557079   0.000000    0.000000  0.000000  0.000000
   C   1.232423  -1.423207   0.000000    0.000000  0.000000  0.000000
   N   2.471779   0.716540   0.000000    0.000000  0.000000  0.000000
   C   3.694845   2.860312   0.000000    0.000000  0.000000  0.000000
   C   4.910090   5.019617   0.000000    0.000000  0.000000  0.000000
   C   1.226334  -5.685080   0.000000    0.000000  0.000000  0.000000
   C   2.466015  -3.560923   0.000000    0.000000  0.000000  0.000000
   C   3.698169  -1.425571   0.000000    0.000000  0.000000  0.000000
   C   4.940069   0.716689   0.000000    0.000000  0.000000  0.000000
   C   6.173642   2.889413   0.000000    0.000000  0.000000  0.000000
   C   7.338226   5.042760   0.000000    0.000000  0.000000  0.000000
   C   3.678966  -5.694052   0.000000    0.000000  0.000000  0.000000
   N   4.928214  -3.580071   0.000000    0.000000  0.000000  0.000000
   N   6.173475  -1.431785   0.000000   -0.000000  0.000000  0.000000
   N   7.365228   0.691139   0.000000    0.000000  0.000000  0.000000
   C   6.138515  -5.727246   0.000000    0.000000  0.000000  0.000000
   C   7.358051  -3.642635   0.000000   -0.000000  0.000000  0.000000
   C  -7.358051   3.642635   0.000000    0.000000  0.000000  0.000000
   C  -6.138515   5.727246   0.000000    0.000000  0.000000  0.000000
   C  -7.365228  -0.691139   0.000000    0.000000  0.000000  0.000000
   C  -6.173475   1.431785   0.000000    0.000000  0.000000  0.000000
   C  -4.928214   3.580071   0.000000    0.000000 -0.000000  0.000000
   C  -3.678966   5.694052   0.000000    0.000000  0.000000  0.000000
   C  -7.338226  -5.042760   0.000000    0.000000  0.000000  0.000000
   C  -6.173642  -2.889413   0.000000    0.000000  0.000000  0.000000
   C  -4.940069  -0.716689   0.000000    0.000000  0.000000  0.000000
   C  -3.698169   1.425571   0.000000    0.000000  0.000000  0.000000
   C  -2.466015   3.560923   0.000000    0.000000 -0.000000  0.000000
   C  -1.226334   5.685080   0.000000    0.000000  0.000000  0.000000
   N  -4.910090  -5.019617   0.000000    0.000000  0.000000  0.000000
   C  -3.694845  -2.860312   0.000000    0.000000  0.000000  0.000000
   C  -2.471779  -0.716540   0.000000    0.000000  0.000000  0.000000
   C  -1.232423   1.423207   0.000000    0.000000  0.000000  0.000000
   C   0.000000   3.557079   0.000000    0.000000  0.000000  0.000000
   C   1.226334   5.685080   0.000000    0.000000  0.000000  0.000000
   C  -2.457224  -5.005715   0.000000    0.000000  0.000000  0.000000
   C  -1.230705  -2.851907   0.000000    0.000000  0.000000  0.000000
   N   0.000000  -0.715809   0.000000    0.000000  0.000000  0.000000
   C   1.232423   1.423207   0.000000    0.000000  0.000000  0.000000
   C   2.466015   3.560923   0.000000    0.000000 -0.000000  0.000000
   C   3.678966   5.694052   0.000000    0.000000  0.000000  0.000000
   C   0.000000  -5.003169   0.000000    0.000000  0.000000  0.000000
   C   1.230705  -2.851907   0.000000    0.000000  0.000000  0.000000
   C   2.471779  -0.716540   0.000000    0.000000  0.000000  0.000000
   C   3.698169   1.425571   0.000000    0.000000  0.000000  0.000000
   C   4.928214   3.580071   0.000000    0.000000 -0.000000  0.000000
   C   6.138515   5.727246   0.000000    0.000000  0.000000  0.000000
   N   2.457224  -5.005715   0.000000    0.000000  0.000000  0.000000
   C   3.694845  -2.860312   0.000000    0.000000  0.000000  0.000000
   C   4.940069  -0.716689   0.000000    0.000000  0.000000  0.000000
   N   6.173475   1.431785   0.000000   -0.000000  0.000000  0.000000
   C   7.358051   3.642635   0.000000   -0.000000  0.000000  0.000000
   C   4.910090  -5.019617   0.000000    0.000000  0.000000  0.000000
   C   6.173642  -2.889413   0.000000    0.000000  0.000000  0.000000
   C   7.365228  -0.691139   0.000000    0.000000  0.000000  0.000000
   N   7.338226  -5.042760   0.000000    0.000000  0.000000  0.000000
   H   8.282184   5.591425   0.000000    0.000000 -0.000000  0.000000
   H   8.325741   3.141106   0.000000    0.000000  0.000000  0.000000
   H   8.326715   1.204661   0.000000    0.000000  0.000000  0.000000
   H   8.326715  -1.204661   0.000000    0.000000  0.000000  0.000000
   H   8.325741  -3.141106   0.000000    0.000000  0.000000  0.000000
   H   8.282184  -5.591425   0.000000    0.000000  0.000000  0.000000
   H  -8.282184   5.591425   0.000000    0.000000 -0.000000  0.000000
   H  -8.325741   3.141106   0.000000    0.000000  0.000000  0.000000
   H  -8.326715   1.204661   0.000000    0.000000  0.000000  0.000000
   H  -8.326715  -1.204661   0.000000    0.000000  0.000000  0.000000
   H  -8.325741  -3.141106   0.000000    0.000000  0.000000  0.000000
   H  -8.282184  -5.591425   0.000000    0.000000  0.000000  0.000000
   H  -6.116625   6.819427   0.000000    0.000000  0.000000  0.000000
   H  -3.672757   6.787431   0.000000    0.000000  0.000000  0.000000
   H  -1.225580   6.778408   0.000000    0.000000 -0.000000  0.000000
   H   1.225580   6.778408   0.000000    0.000000 -0.000000  0.000000
   H   3.672757   6.787431   0.000000    0.000000  0.000000  0.000000
   H   6.116625   6.819427   0.000000   -0.000000  0.000000  0.000000
   H  -6.116625  -6.819427   0.000000    0.000000  0.000000  0.000000
   H  -3.672757  -6.787431   0.000000    0.000000  0.000000  0.000000
   H  -1.225580  -6.778408   0.000000    0.000000  0.000000  0.000000
   H   1.225580  -6.778408   0.000000    0.000000  0.000000  0.000000
   H   3.672757  -6.787431   0.000000    0.000000  0.000000  0.000000
   H   6.116625  -6.819427   0.000000   -0.000000  0.000000  0.000000
converged SCF energy = -3150.54741449757
--------------- RKS_Scanner gradients ---------------
         x                y                z
0 C    -0.0070428774    -0.0023672596    -0.0000000000
1 C     0.0007849815     0.0094593741     0.0000000000
2 C     0.0045511123    -0.0072267129     0.0000000000
3 C    -0.0070856189    -0.0015207173    -0.0000000000
4 C     0.0242630807     0.0569607944    -0.0000000000
5 C    -0.0062335269     0.0162871422    -0.0000000000
6 C     0.0083970604    -0.0002203264     0.0000000000
7 C     0.0012548194    -0.0044209388     0.0000000000
8 C    -0.0019290265    -0.0048734702    -0.0000000000
9 N    -0.0063308402     0.0398670303    -0.0000000000
10 C     0.0254332840    -0.0026627274     0.0000000000
11 C     0.0104179059     0.0098653301    -0.0000000000
12 C     0.0104119970    -0.0092068280    -0.0000000000
13 C    -0.0013124876     0.0017463753    -0.0000000000
14 C     0.0040986810    -0.0081703247    -0.0000000000
15 C     0.0369047460    -0.0171975018     0.0000000000
16 C    -0.0047721596    -0.0107227874     0.0000000000
17 C    -0.0002905863    -0.0129928111    -0.0000000000
18 C    -0.0192879257    -0.0007072831    -0.0000000000
19 C     0.0070178252     0.0122760732    -0.0000000000
20 C     0.0141883630    -0.0067114603    -0.0000000000
21 C     0.0049979678     0.0013201126    -0.0000000000
22 C    -0.0046886747     0.0035884927    -0.0000000000
23 C    -0.0264965305    -0.0210686365    -0.0000000000
24 N    -0.0169890993    -0.0039270182    -0.0000000000
25 C     0.0134809875    -0.0072278105    -0.0000000000
26 C     0.0116434936    -0.0024907102     0.0000000000
27 C    -0.0172653858    -0.0182979083     0.0000000000
28 C    -0.0130113643    -0.0106622393    -0.0000000000
29 C    -0.0314035913    -0.0020127106    -0.0000000000
30 C     0.0091268411    -0.0054318308     0.0000000000
31 C    -0.0162666240     0.0087313511    -0.0000000000
32 C     0.0145347685    -0.0116748325    -0.0000000000
33 C     0.0267628455    -0.0285034305     0.0000000000
34 N     0.0273703534    -0.0331299220     0.0000000000
35 N    -0.0141931910    -0.0044956059     0.0000000000
36 N    -0.0171628260    -0.0057538668    -0.0000000000
37 C     0.0415076861    -0.0220645698     0.0000000000
38 C     0.0336516124    -0.0257643537     0.0000000000
39 C    -0.0010443826     0.0062349456    -0.0000000000
40 C     0.0066992920     0.0033998161     0.0000000000
41 C     0.0063489460    -0.0062786029     0.0000000000
42 C    -0.0086645460     0.0029621096    -0.0000000000
43 C    -0.0004781510     0.0022463689    -0.0000000000
44 C     0.0030329295     0.0056777773     0.0000000000
45 C    -0.0041705804    -0.0552340458     0.0000000000
46 C    -0.0387772674    -0.0120312650     0.0000000000
47 C    -0.0058465810    -0.0005806463     0.0000000000
48 C    -0.0131254145     0.0040243300    -0.0000000000
49 C     0.0036849519     0.0013708956     0.0000000000
50 C    -0.0026117913     0.0076959172     0.0000000000
51 N    -0.0342340827     0.0079958873    -0.0000000000
52 C    -0.0026754832     0.0063347401    -0.0000000000
53 C    -0.0230821507     0.0068941450     0.0000000000
54 C    -0.0050354353     0.0047748885     0.0000000000
55 C    -0.0023298627     0.0032668636     0.0000000000
56 C    -0.0082712455     0.0069858966     0.0000000000
57 C    -0.0035438735    -0.0029253970     0.0000000000
58 C     0.0039302736    -0.0025980771    -0.0000000000
59 N     0.0201535613     0.0100014661     0.0000000000
60 C     0.0128710982     0.0108221608     0.0000000000
61 C    -0.0151211697     0.0017336171     0.0000000000
62 C    -0.0132227119     0.0070190921    -0.0000000000
63 C    -0.0069329051    -0.0093217649     0.0000000000
64 C     0.0045997521     0.0076685510     0.0000000000
65 C     0.0410552213     0.0023257450     0.0000000000
66 C    -0.0170442527     0.0208342121    -0.0000000000
67 C    -0.0024621269     0.0168937434    -0.0000000000
68 C    -0.0160724030     0.0033510611     0.0000000000
69 N    -0.0045111640     0.0320317392    -0.0000000000
70 C    -0.0007272246     0.0284033332     0.0000000000
71 C     0.0103645592     0.0142262028    -0.0000000000
72 N     0.0058982876    -0.0216365093     0.0000000000
73 C     0.0027329646     0.0266613777     0.0000000000
74 C    -0.0400001469     0.0172953188    -0.0000000000
75 C    -0.0405843199     0.0154186799    -0.0000000000
76 C     0.0276533653     0.0068346540     0.0000000000
77 N    -0.0509238345     0.0192622500     0.0000000000
78 H     0.0048192391     0.0035867830     0.0000000000
79 H     0.0026278401    -0.0027901298     0.0000000000
80 H     0.0599597359     0.0226073624    -0.0000000000
81 H     0.0108827866    -0.0083126226    -0.0000000000
82 H     0.0072291865     0.0088394607    -0.0000000000
83 H     0.0560254831    -0.0333432627    -0.0000000000
84 H    -0.0046585544     0.0026855723     0.0000000000
85 H    -0.0052431841    -0.0029120459     0.0000000000
86 H    -0.0057991400     0.0029337265    -0.0000000000
87 H    -0.0050375930    -0.0032662915    -0.0000000000
88 H    -0.0058240579     0.0071923417     0.0000000000
89 H    -0.0129931236     0.0042688526    -0.0000000000
90 H     0.0000975915     0.0058624141     0.0000000000
91 H    -0.0001412167     0.0062036734    -0.0000000000
92 H    -0.0002470125     0.0064843503    -0.0000000000
93 H    -0.0001211720     0.0066219594    -0.0000000000
94 H    -0.0003607193     0.0067472461     0.0000000000
95 H    -0.0003476019     0.0064360088    -0.0000000000
96 H    -0.0071702215    -0.0637805302     0.0000000000
97 H     0.0075651728    -0.0080671023     0.0000000000
98 H    -0.0001651246    -0.0054488708     0.0000000000
99 H    -0.0083507986    -0.0094484935     0.0000000000
100 H     0.0052330637    -0.0112919710    -0.0000000000
101 H    -0.0045957073    -0.0103756806     0.0000000000
----------------------------------------------
cycle 1: E = -3150.5474145  dE = -3150.55  norm(grad) = 0.243936

Geometry optimization cycle 2
Cartesian coordinates (Angstrom)
 Atom        New coordinates             dX        dY        dZ
   C  -7.298515   4.985874  -0.000000    0.039711 -0.056886 -0.000000
   C  -7.318742   0.651694   0.000000    0.046486 -0.039445  0.000000
   C  -6.143998   2.858459  -0.000000    0.029644 -0.030954 -0.000000
   C  -4.877117   4.985369  -0.000000    0.032974 -0.034248 -0.000000
   C  -7.305124  -3.671074   0.000000    0.052927 -0.028439  0.000000
   C  -6.129398  -1.445110   0.000000    0.044077 -0.013325  0.000000
   C  -4.909812   0.706497  -0.000000    0.030256 -0.010192 -0.000000
   C  -3.675418   2.846712  -0.000000    0.019427 -0.013600 -0.000000
   C  -2.428405   4.983328  -0.000000    0.028819 -0.022387 -0.000000
   N  -5.999719  -5.650788   0.000000    0.138796  0.076458  0.000000
   C  -4.881160  -3.536967   0.000000    0.047054  0.043104  0.000000
   C  -3.672323  -1.413365  -0.000000    0.025846  0.012206 -0.000000
   C  -2.458929   0.721882  -0.000000    0.012850  0.005342 -0.000000
   C  -1.222944   2.839142  -0.000000    0.007761 -0.012765 -0.000000
   C   0.027009   4.980381  -0.000000    0.027009 -0.022788 -0.000000
   C  -3.633091  -5.608927   0.000000    0.045875  0.085125  0.000000
   C  -2.432170  -3.513697  -0.000000    0.033845  0.047226 -0.000000
   C  -1.229487  -1.395940  -0.000000    0.002936  0.027267 -0.000000
   C  -0.004172   0.714807  -0.000000   -0.004172 -0.001002 -0.000000
   C   1.218783   2.824933  -0.000000   -0.011921 -0.026974 -0.000000
   C   2.476586   4.965707  -0.000000    0.019363 -0.040008 -0.000000
   C  -1.189807  -5.637241  -0.000000    0.036527  0.047839 -0.000000
   C   0.002661  -3.514156  -0.000000    0.002661  0.042923 -0.000000
   C   1.203952  -1.391234  -0.000000   -0.028471  0.031973 -0.000000
   N   2.430194   0.712187  -0.000000   -0.041585 -0.004352 -0.000000
   C   3.664259   2.821016  -0.000000   -0.030586 -0.039295 -0.000000
   C   4.928920   4.931989   0.000000    0.018829 -0.087628  0.000000
   C   1.254750  -5.602875  -0.000000    0.028416  0.082205 -0.000000
   C   2.440038  -3.500596  -0.000000   -0.025976  0.060327 -0.000000
   C   3.631339  -1.407798  -0.000000   -0.066829  0.017773 -0.000000
   C   4.827422   0.691622  -0.000000   -0.112647 -0.025067 -0.000000
   C   6.140625   2.808612   0.000000   -0.033016 -0.080801  0.000000
   C   7.345666   4.870311   0.000000    0.007440 -0.172448  0.000000
   C   3.638841  -5.567004  -0.000000   -0.040125  0.127049 -0.000000
   N   4.864487  -3.494372  -0.000000   -0.063728  0.085699 -0.000000
   N   6.061080  -1.416233  -0.000000   -0.112395  0.015552 -0.000000
   N   7.161820   0.653872   0.000000   -0.203408 -0.037267  0.000000
   C   6.067536  -5.589707  -0.000000   -0.070979  0.137539 -0.000000
   C   7.273533  -3.522837  -0.000000   -0.084518  0.119798 -0.000000
   C  -7.329891   3.590341  -0.000000    0.028161 -0.052295 -0.000000
   C  -6.111249   5.674463  -0.000000    0.027267 -0.052783 -0.000000
   C  -7.329039  -0.720711   0.000000    0.036189 -0.029572  0.000000
   C  -6.137366   1.405205  -0.000000    0.036109 -0.026580 -0.000000
   C  -4.905777   3.553958  -0.000000    0.022437 -0.026112 -0.000000
   C  -3.652401   5.656027  -0.000000    0.026566 -0.038025 -0.000000
   C  -7.211253  -5.021075   0.000000    0.126973  0.021685  0.000000
   C  -6.119458  -2.882790   0.000000    0.054184  0.006623  0.000000
   C  -4.907655  -0.718371  -0.000000    0.032414 -0.001682 -0.000000
   C  -3.673322   1.418962  -0.000000    0.024847 -0.006609 -0.000000
   C  -2.453303   3.545872  -0.000000    0.012711 -0.015050 -0.000000
   C  -1.196549   5.649709  -0.000000    0.029786 -0.035371 -0.000000
   N  -4.811881  -4.943897   0.000000    0.098209  0.075720  0.000000
   C  -3.657441  -2.829153  -0.000000    0.037404  0.031159 -0.000000
   C  -2.449678  -0.703442  -0.000000    0.022102  0.013098 -0.000000
   C  -1.224721   1.418866  -0.000000    0.007702 -0.004341 -0.000000
   C   0.004042   3.538250  -0.000000    0.004042 -0.018828 -0.000000
   C   1.259368   5.646122  -0.000000    0.033034 -0.038958 -0.000000
   C  -2.406750  -4.949340  -0.000000    0.050474  0.056375 -0.000000
   C  -1.216869  -2.809920  -0.000000    0.013836  0.041987 -0.000000
   N  -0.022359  -0.699934  -0.000000   -0.022359  0.015875 -0.000000
   C   1.205872   1.409078  -0.000000   -0.026551 -0.014129 -0.000000
   C   2.458552   3.527784  -0.000000   -0.007463 -0.033138 -0.000000
   C   3.718408   5.620412  -0.000000    0.039442 -0.073641 -0.000000
   C   0.025671  -4.945448  -0.000000    0.025671  0.057721 -0.000000
   C   1.211971  -2.808800  -0.000000   -0.018734  0.043107 -0.000000
   C   2.406223  -0.699647  -0.000000   -0.065556  0.016893 -0.000000
   C   3.636853   1.398633  -0.000000   -0.061316 -0.026938 -0.000000
   C   4.912235   3.503344  -0.000000   -0.015980 -0.076726 -0.000000
   C   6.183037   5.593822   0.000000    0.044522 -0.133423  0.000000
   N   2.442135  -4.923335  -0.000000   -0.015089  0.082380 -0.000000
   C   3.644844  -2.819867  -0.000000   -0.050001  0.040445 -0.000000
   C   4.843419  -0.720471  -0.000000   -0.096649 -0.003783 -0.000000
   N   6.023402   1.405473  -0.000000   -0.150073 -0.026312 -0.000000
   C   7.359184   3.467925   0.000000    0.001133 -0.174711  0.000000
   C   4.871122  -4.916580  -0.000000   -0.038968  0.103037 -0.000000
   C   6.107686  -2.828952  -0.000000   -0.065956  0.060462 -0.000000
   C   7.212450  -0.697547  -0.000000   -0.152778 -0.006408 -0.000000
   N   7.260122  -4.905643  -0.000000   -0.078104  0.137117 -0.000000
   H   8.296807   5.393596   0.000000    0.014623 -0.197829  0.000000
   H   8.306291   2.936188   0.000000   -0.019449 -0.204918  0.000000
   H   8.049167   1.164625   0.000000   -0.277548 -0.040037  0.000000
   H   8.174763  -1.178818   0.000000   -0.151952  0.025843  0.000000
   H   8.230302  -3.023977  -0.000000   -0.095438  0.117129 -0.000000
   H   8.147970  -5.415121   0.000000   -0.134214  0.176304  0.000000
   H  -8.237240   5.532352  -0.000000    0.044944 -0.059073 -0.000000
   H  -8.291024   3.089735   0.000000    0.034717 -0.051371  0.000000
   H  -8.275093   1.160465   0.000000    0.051622 -0.044197  0.000000
   H  -8.284508  -1.232272   0.000000    0.042207 -0.027610  0.000000
   H  -8.288508  -3.221919   0.000000    0.037233 -0.080813  0.000000
   H  -8.100440  -5.638141   0.000000    0.181744 -0.046716  0.000000
   H  -6.100528   6.760671  -0.000000    0.016097 -0.058756 -0.000000
   H  -3.651250   6.742914  -0.000000    0.021507 -0.044518 -0.000000
   H  -1.194085   6.736230  -0.000000    0.031495 -0.042177 -0.000000
   H   1.268574   6.732462  -0.000000    0.042994 -0.045946 -0.000000
   H   3.737168   6.706562   0.000000    0.064412 -0.080869  0.000000
   H   6.202875   6.679296   0.000000    0.086250 -0.140131  0.000000
   H  -5.923924  -6.673751   0.000000    0.192701  0.145675  0.000000
   H  -3.670677  -6.693159   0.000000    0.002080  0.094272  0.000000
   H  -1.188585  -6.724849  -0.000000    0.036994  0.053559 -0.000000
   H   1.300397  -6.685318  -0.000000    0.074818  0.093090 -0.000000
   H   3.616405  -6.648346  -0.000000   -0.056351  0.139085 -0.000000
   H   6.067895  -6.671146  -0.000000   -0.048731  0.148280 -0.000000
converged SCF energy = -3150.63667826423
--------------- RKS_Scanner gradients ---------------
         x                y                z
0 C     0.0005956675    -0.0027239077     0.0000000000
1 C     0.0049708720     0.0026956906    -0.0000000000
2 C     0.0040199079    -0.0018930208    -0.0000000000
3 C    -0.0011285594     0.0013117369     0.0000000000
4 C     0.0093222668     0.0197494774     0.0000000000
5 C    -0.0015736894     0.0115551225     0.0000000000
6 C     0.0062789968    -0.0002224189     0.0000000000
7 C     0.0012593635    -0.0025448012     0.0000000000
8 C     0.0023268705    -0.0001065935     0.0000000000
9 N    -0.0027830091     0.0219340731     0.0000000000
10 C     0.0112701154    -0.0004145660     0.0000000000
11 C     0.0036961209     0.0039065629     0.0000000000
12 C     0.0051899689    -0.0048089754     0.0000000000
13 C     0.0000816155     0.0008041668     0.0000000000
14 C     0.0069605582    -0.0022757002    -0.0000000000
15 C     0.0150232793    -0.0042596302     0.0000000000
16 C    -0.0036130595    -0.0025255676     0.0000000000
17 C    -0.0031557332    -0.0099231509     0.0000000000
18 C    -0.0066419310     0.0008319937    -0.0000000000
19 C     0.0055645090     0.0047008097     0.0000000000
20 C     0.0103524118    -0.0028966683    -0.0000000000
21 C     0.0021577277    -0.0009772510     0.0000000000
22 C    -0.0053362616     0.0015636850     0.0000000000
23 C    -0.0119047793    -0.0120749114     0.0000000000
24 N    -0.0050255698    -0.0027705150    -0.0000000000
25 C     0.0073934385    -0.0065830723    -0.0000000000
26 C     0.0109716809    -0.0020624496    -0.0000000000
27 C    -0.0036792892    -0.0077301592    -0.0000000000
28 C    -0.0029701809    -0.0044653659     0.0000000000
29 C    -0.0174763072    -0.0052828086     0.0000000000
30 C     0.0013950574    -0.0153398589     0.0000000000
31 C     0.0056037322     0.0139951088    -0.0000000000
32 C     0.0000736910    -0.0106113846    -0.0000000000
33 C     0.0134714397    -0.0044053585     0.0000000000
34 N     0.0121856730    -0.0159882319     0.0000000000
35 N    -0.0087193286    -0.0018903545     0.0000000000
36 N    -0.0196332553    -0.0028268198    -0.0000000000
37 C     0.0193543230    -0.0067994148    -0.0000000000
38 C     0.0138659030    -0.0085944457     0.0000000000
39 C    -0.0026685979     0.0014588949    -0.0000000000
40 C     0.0018113244    -0.0002707296    -0.0000000000
41 C     0.0013545327    -0.0056497597     0.0000000000
42 C    -0.0068597101     0.0017469676     0.0000000000
43 C    -0.0015413409     0.0021671809    -0.0000000000
44 C     0.0004568674    -0.0005349570    -0.0000000000
45 C     0.0064387320    -0.0228387825    -0.0000000000
46 C    -0.0185473572    -0.0099825401    -0.0000000000
47 C    -0.0038605622    -0.0001256170    -0.0000000000
48 C    -0.0068408353     0.0020756724    -0.0000000000
49 C    -0.0002112069     0.0017360778    -0.0000000000
50 C    -0.0029441710     0.0002694717     0.0000000000
51 N    -0.0127061181     0.0009302440    -0.0000000000
52 C    -0.0009459870     0.0020093288    -0.0000000000
53 C    -0.0089346034     0.0030224985    -0.0000000000
54 C    -0.0016571205    -0.0008685280    -0.0000000000
55 C    -0.0051770484     0.0018387207    -0.0000000000
56 C    -0.0052609510     0.0013984744    -0.0000000000
57 C    -0.0016054698    -0.0012870807    -0.0000000000
58 C     0.0039783822     0.0005508814    -0.0000000000
59 N     0.0104597955     0.0067471649    -0.0000000000
60 C     0.0042698387     0.0028780452     0.0000000000
61 C    -0.0112072739     0.0007169939    -0.0000000000
62 C    -0.0071919432     0.0016050478    -0.0000000000
63 C     0.0008402936    -0.0018151365     0.0000000000
64 C     0.0038593743     0.0055625425    -0.0000000000
65 C     0.0168653850     0.0010948861    -0.0000000000
66 C    -0.0056249733     0.0145443989    -0.0000000000
67 C    -0.0024383009     0.0016926924     0.0000000000
68 C    -0.0088143576     0.0036679651     0.0000000000
69 N    -0.0050280561     0.0160728126    -0.0000000000
70 C    -0.0039022018     0.0167357133    -0.0000000000
71 C     0.0061374487     0.0137542632    -0.0000000000
72 N    -0.0108996211     0.0008617706     0.0000000000
73 C     0.0057066850     0.0096835372    -0.0000000000
74 C    -0.0178957436     0.0046331807     0.0000000000
75 C    -0.0065325049     0.0005130158    -0.0000000000
76 C     0.0167371461    -0.0023443768    -0.0000000000
77 N    -0.0263848066     0.0118968090    -0.0000000000
78 H     0.0007583886     0.0004220578    -0.0000000000
79 H     0.0011843021    -0.0040856930     0.0000000000
80 H     0.0193056685     0.0054459772     0.0000000000
81 H     0.0029169655    -0.0049215828     0.0000000000
82 H     0.0015584260     0.0053508066    -0.0000000000
83 H     0.0185670514    -0.0102186660     0.0000000000
84 H    -0.0011826994     0.0003142583    -0.0000000000
85 H    -0.0018379699    -0.0013515049    -0.0000000000
86 H    -0.0014180293     0.0002719243     0.0000000000
87 H    -0.0018335243    -0.0009178711    -0.0000000000
88 H    -0.0023235828     0.0014915298     0.0000000000
89 H    -0.0057650020     0.0050651661    -0.0000000000
90 H     0.0003815315     0.0014808066     0.0000000000
91 H     0.0002050081     0.0013823988     0.0000000000
92 H     0.0002401702     0.0013371053    -0.0000000000
93 H     0.0004814092     0.0015714832     0.0000000000
94 H     0.0004246486     0.0014470961    -0.0000000000
95 H    -0.0005103043     0.0020377694     0.0000000000
96 H    -0.0025456803    -0.0207789994     0.0000000000
97 H     0.0037265390    -0.0018787360    -0.0000000000
98 H     0.0001160079    -0.0019891127    -0.0000000000
99 H    -0.0039836884    -0.0027944613     0.0000000000
100 H     0.0021621182    -0.0022689159     0.0000000000
101 H    -0.0036379866    -0.0025648409    -0.0000000000
----------------------------------------------
cycle 2: E = -3150.63667826  dE = -0.0892638  norm(grad) = 0.109958

Geometry optimization cycle 3
Cartesian coordinates (Angstrom)
 Atom        New coordinates             dX        dY        dZ
   C  -7.296671   5.005504   0.000000    0.001844  0.019630  0.000000
   C  -7.309787   0.667622   0.000000    0.008955  0.015928  0.000000
   C  -6.136226   2.856900   0.000000    0.007772 -0.001559  0.000000
   C  -4.877471   4.971419   0.000000   -0.000355 -0.013950  0.000000
   C  -7.281414  -3.692757  -0.000000    0.023711 -0.021683 -0.000000
   C  -6.104493  -1.447473   0.000000    0.024905 -0.002363  0.000000
   C  -4.895635   0.701081   0.000000    0.014177 -0.005415  0.000000
   C  -3.668220   2.836236   0.000000    0.007198 -0.010476  0.000000
   C  -2.437622   4.965803   0.000000   -0.009217 -0.017525  0.000000
   N  -5.940237  -5.631410  -0.000000    0.059482  0.019378 -0.000000
   C  -4.866452  -3.510731   0.000000    0.014709  0.026236  0.000000
   C  -3.648746  -1.410203   0.000000    0.023577  0.003162  0.000000
   C  -2.443678   0.721894   0.000000    0.015251  0.000012  0.000000
   C  -1.218189   2.823034   0.000000    0.004755 -0.016108  0.000000
   C   0.005902   4.957657   0.000000   -0.021107 -0.022724  0.000000
   C  -3.639093  -5.562962   0.000000   -0.006002  0.045965  0.000000
   C  -2.415284  -3.492698   0.000000    0.016886  0.020999  0.000000
   C  -1.209756  -1.382781   0.000000    0.019731  0.013159  0.000000
   C   0.014099   0.701739   0.000000    0.018271 -0.013069  0.000000
   C   1.210738   2.794132   0.000000   -0.008045 -0.030801  0.000000
   C   2.445790   4.936622   0.000000   -0.030796 -0.029085  0.000000
   C  -1.190749  -5.614136   0.000000   -0.000941  0.023105  0.000000
   C   0.008823  -3.500538   0.000000    0.006162  0.013618  0.000000
   C   1.217520  -1.382505   0.000000    0.013568  0.008728  0.000000
   N   2.448057   0.698092   0.000000    0.017863 -0.014095  0.000000
   C   3.638003   2.786175   0.000000   -0.026256 -0.034842  0.000000
   C   4.892466   4.888278   0.000000   -0.036454 -0.043711  0.000000
   C   1.261713  -5.564424   0.000000    0.006962  0.038450  0.000000
   C   2.435106  -3.494603   0.000000   -0.004932  0.005992  0.000000
   C   3.637314  -1.409082   0.000000    0.005975 -0.001284  0.000000
   C   4.847598   0.681652   0.000000    0.020176 -0.009970  0.000000
   C   6.094976   2.753420   0.000000   -0.045650 -0.055192  0.000000
   C   7.332578   4.846533  -0.000000   -0.013087 -0.023778 -0.000000
   C   3.620862  -5.543527   0.000000   -0.017979  0.023477  0.000000
   N   4.833296  -3.463626   0.000000   -0.031190  0.030746  0.000000
   N   6.047263  -1.407560   0.000000   -0.013818  0.008674  0.000000
   N   7.195816   0.663485   0.000000    0.033996  0.009613  0.000000
   C   6.035385  -5.540428   0.000000   -0.032151  0.049279  0.000000
   C   7.209522  -3.516041   0.000000   -0.064011  0.006796  0.000000
   C  -7.304328   3.609639   0.000000    0.025563  0.019299  0.000000
   C  -6.103988   5.674996   0.000000    0.007260  0.000533  0.000000
   C  -7.294332  -0.699490   0.000000    0.034707  0.021221 -0.000000
   C  -6.115119   1.403437   0.000000    0.022246 -0.001768  0.000000
   C  -4.895386   3.541552   0.000000    0.010392 -0.012406  0.000000
   C  -3.656895   5.642142   0.000000   -0.004495 -0.013885  0.000000
   C  -7.158274  -5.017844  -0.000000    0.052979  0.003232 -0.000000
   C  -6.093672  -2.871178  -0.000000    0.025786  0.011612 -0.000000
   C  -4.881333  -0.721800   0.000000    0.026322 -0.003429  0.000000
   C  -3.653994   1.410754   0.000000    0.019328 -0.008208  0.000000
   C  -2.447733   3.529546   0.000000    0.005570 -0.016326  0.000000
   C  -1.207941   5.633459   0.000000   -0.011392 -0.016251  0.000000
   N  -4.784136  -4.901071  -0.000000    0.027745  0.042826 -0.000000
   C  -3.639314  -2.816282   0.000000    0.018128  0.012871  0.000000
   C  -2.422361  -0.701384   0.000000    0.027317  0.002057  0.000000
   C  -1.205848   1.408239   0.000000    0.018873 -0.010627  0.000000
   C   0.006941   3.514930   0.000000    0.002899 -0.023320  0.000000
   C   1.239547   5.621253   0.000000   -0.019821 -0.024869  0.000000
   C  -2.401118  -4.923379   0.000000    0.005632  0.025961  0.000000
   C  -1.207250  -2.793347   0.000000    0.009619  0.016573  0.000000
   N  -0.013648  -0.705029   0.000000    0.008711 -0.005095  0.000000
   C   1.218653   1.384135   0.000000    0.012782 -0.024943  0.000000
   C   2.449843   3.498490   0.000000   -0.008709 -0.029295  0.000000
   C   3.695004   5.584451   0.000000   -0.023403 -0.035961  0.000000
   C   0.025611  -4.924007   0.000000   -0.000060  0.021440  0.000000
   C   1.212115  -2.802404   0.000000    0.000144  0.006396  0.000000
   C   2.402520  -0.703435   0.000000   -0.003703 -0.003788  0.000000
   C   3.656985   1.361558   0.000000    0.020132 -0.037075  0.000000
   C   4.879574   3.460426   0.000000   -0.032660 -0.042918  0.000000
   C   6.161408   5.536468  -0.000000   -0.021629 -0.057354 -0.000000
   N   2.444289  -4.913731   0.000000    0.002154  0.009604  0.000000
   C   3.629561  -2.819914   0.000000   -0.015283 -0.000047  0.000000
   C   4.833669  -0.732761   0.000000   -0.009750 -0.012290  0.000000
   N   6.049143   1.371602   0.000000    0.025741 -0.033871  0.000000
   C   7.292767   3.438037   0.000000   -0.066417 -0.029888 -0.000000
   C   4.856107  -4.886182   0.000000   -0.015015  0.030398  0.000000
   C   6.075061  -2.807131   0.000000   -0.032625  0.021821  0.000000
   C   7.165115  -0.672855   0.000000   -0.047335  0.024692  0.000000
   N   7.251183  -4.895721   0.000000   -0.008938  0.009922  0.000000
   H   8.285565   5.362775  -0.000000   -0.011242 -0.030821 -0.000000
   H   8.243379   2.925020  -0.000000   -0.062912 -0.011168 -0.000000
   H   8.040128   1.171317   0.000000   -0.009039  0.006692  0.000000
   H   8.121647  -1.144358   0.000000   -0.053116  0.034460  0.000000
   H   8.170063  -3.041457   0.000000   -0.060239 -0.017480  0.000000
   H   8.102483  -5.384127   0.000000   -0.045487  0.030994  0.000000
   H  -8.232701   5.551913   0.000000    0.004539  0.019562  0.000000
   H  -8.263519   3.114976   0.000000    0.027505  0.025240  0.000000
   H  -8.262742   1.176910   0.000000    0.012351  0.016446  0.000000
   H  -8.245656  -1.210195  -0.000000    0.038853  0.022077 -0.000000
   H  -8.269591  -3.267775  -0.000000    0.018916 -0.045856 -0.000000
   H  -7.996280  -5.696930  -0.000000    0.104161 -0.058789 -0.000000
   H  -6.082702   6.758079   0.000000    0.017826 -0.002592  0.000000
   H  -3.656332   6.726251   0.000000   -0.005082 -0.016662  0.000000
   H  -1.204534   6.717287   0.000000   -0.010449 -0.018943  0.000000
   H   1.248978   6.704430   0.000000   -0.019596 -0.028032  0.000000
   H   3.718804   6.667579   0.000000   -0.018364 -0.038984  0.000000
   H   6.180007   6.617918  -0.000000   -0.022868 -0.061377 -0.000000
   H  -5.821006  -6.608986  -0.000000    0.102918  0.064765 -0.000000
   H  -3.721050  -6.641218   0.000000   -0.050372  0.051941  0.000000
   H  -1.193593  -6.697769   0.000000   -0.005007  0.027080  0.000000
   H   1.337238  -6.639925   0.000000    0.036840  0.045393  0.000000
   H   3.584577  -6.620011   0.000000   -0.031829  0.028335  0.000000
   H   6.051014  -6.616621   0.000000   -0.016880  0.054525  0.000000
converged SCF energy = -3150.63872394119
--------------- RKS_Scanner gradients ---------------
         x                y                z
0 C    -0.0056564214     0.0025162115    -0.0000000000
1 C    -0.0066960770     0.0052123425     0.0000000000
2 C    -0.0045651887    -0.0035428295     0.0000000000
3 C    -0.0022049550    -0.0007375797     0.0000000000
4 C     0.0018246198    -0.0053409229     0.0000000000
5 C    -0.0003240876    -0.0022135528     0.0000000000
6 C    -0.0001876557    -0.0011157321     0.0000000000
7 C    -0.0012896349    -0.0006757317     0.0000000000
8 C    -0.0009965747    -0.0013014016     0.0000000000
9 N     0.0060072798    -0.0146911391    -0.0000000000
10 C     0.0010748795     0.0000261295     0.0000000000
11 C    -0.0005017786    -0.0005436881    -0.0000000000
12 C    -0.0000896553     0.0005971850     0.0000000000
13 C    -0.0011831442     0.0007755532     0.0000000000
14 C    -0.0018617274    -0.0022758028     0.0000000000
15 C    -0.0100528293     0.0039816643     0.0000000000
16 C     0.0004540965     0.0014947525    -0.0000000000
17 C    -0.0001673030     0.0006281626    -0.0000000000
18 C     0.0008303995     0.0019355310     0.0000000000
19 C    -0.0017499867    -0.0022320147     0.0000000000
20 C    -0.0016066559    -0.0017834925     0.0000000000
21 C    -0.0021133285    -0.0002575606     0.0000000000
22 C    -0.0008249153    -0.0022017404     0.0000000000
23 C     0.0037047461     0.0022616350    -0.0000000000
24 N     0.0013043828     0.0025695888     0.0000000000
25 C    -0.0054256591    -0.0060203464     0.0000000000
26 C    -0.0041770161     0.0009213761     0.0000000000
27 C     0.0019458495     0.0067612327     0.0000000000
28 C     0.0002580546    -0.0040414212     0.0000000000
29 C     0.0026232434    -0.0032758073     0.0000000000
30 C     0.0020879457     0.0018840545    -0.0000000000
31 C    -0.0102953465    -0.0110152803     0.0000000000
32 C     0.0113533992     0.0064605565    -0.0000000000
33 C    -0.0011154347     0.0031110189    -0.0000000000
34 N     0.0014320415    -0.0013617101     0.0000000000
35 N     0.0034755297    -0.0076264078    -0.0000000000
36 N     0.0305775602     0.0153114922    -0.0000000000
37 C    -0.0018018584     0.0139304776     0.0000000000
38 C    -0.0176171317    -0.0020592574    -0.0000000000
39 C     0.0069646433     0.0059831503    -0.0000000000
40 C     0.0007034935    -0.0018197688     0.0000000000
41 C     0.0073165855     0.0034392753    -0.0000000000
42 C     0.0040484697    -0.0037102914    -0.0000000000
43 C     0.0016189585    -0.0014662395    -0.0000000000
44 C    -0.0007114766     0.0012013096     0.0000000000
45 C     0.0054809711     0.0044328371     0.0000000000
46 C     0.0003063956    -0.0028319649    -0.0000000000
47 C     0.0016016571    -0.0023398169    -0.0000000000
48 C     0.0014519633    -0.0001593178    -0.0000000000
49 C     0.0018579348    -0.0009654878    -0.0000000000
50 C    -0.0012950316     0.0027860484    -0.0000000000
51 N    -0.0005368139    -0.0012622116    -0.0000000000
52 C    -0.0006260586    -0.0011264849    -0.0000000000
53 C     0.0033941812    -0.0016102314     0.0000000000
54 C     0.0022648783    -0.0021882734    -0.0000000000
55 C     0.0019832520    -0.0011287674    -0.0000000000
56 C    -0.0019611190     0.0019651715    -0.0000000000
57 C    -0.0010975377     0.0010376024     0.0000000000
58 C     0.0003617794     0.0011575694     0.0000000000
59 N     0.0011202701    -0.0000905752    -0.0000000000
60 C     0.0014116306    -0.0040041583    -0.0000000000
61 C     0.0027353087     0.0012860893    -0.0000000000
62 C    -0.0019141474     0.0011132243    -0.0000000000
63 C     0.0013129375     0.0007215886    -0.0000000000
64 C     0.0008477778     0.0025109823    -0.0000000000
65 C    -0.0035723719    -0.0005787766     0.0000000000
66 C     0.0076636154    -0.0051318674     0.0000000000
67 C     0.0026944251     0.0017600837    -0.0000000000
68 C    -0.0009597960    -0.0102682457    -0.0000000000
69 N     0.0058127101    -0.0043548090    -0.0000000000
70 C    -0.0025438266     0.0022527426    -0.0000000000
71 C     0.0020581387     0.0041896578     0.0000000000
72 N     0.0101782186    -0.0123203841     0.0000000000
73 C    -0.0112953883     0.0035232245     0.0000000000
74 C    -0.0046539085    -0.0041642581    -0.0000000000
75 C     0.0007783092     0.0070777459     0.0000000000
76 C    -0.0213098181     0.0112903704     0.0000000000
77 N     0.0247320399    -0.0161866870    -0.0000000000
78 H     0.0007944857     0.0009745550     0.0000000000
79 H    -0.0026867168     0.0011001414     0.0000000000
80 H    -0.0127508215    -0.0086316911     0.0000000000
81 H    -0.0033221476     0.0033187354     0.0000000000
82 H    -0.0027323879    -0.0030713989     0.0000000000
83 H    -0.0142966067     0.0078471452     0.0000000000
84 H     0.0000518708     0.0006784924     0.0000000000
85 H     0.0016657368     0.0011068186     0.0000000000
86 H    -0.0002752967     0.0001242939    -0.0000000000
87 H     0.0013784160     0.0020306453     0.0000000000
88 H     0.0008624997    -0.0015889401    -0.0000000000
89 H     0.0007247869     0.0013615241     0.0000000000
90 H    -0.0007797899    -0.0006887956    -0.0000000000
91 H    -0.0003566975    -0.0003606272    -0.0000000000
92 H    -0.0003765225    -0.0002655853    -0.0000000000
93 H    -0.0003384966    -0.0005378963     0.0000000000
94 H    -0.0001807717    -0.0005823830    -0.0000000000
95 H     0.0009859000    -0.0020767297    -0.0000000000
96 H    -0.0016931955     0.0159935393     0.0000000000
97 H    -0.0011186851     0.0010401346    -0.0000000000
98 H    -0.0002834011     0.0007072370    -0.0000000000
99 H     0.0003851140     0.0020392091    -0.0000000000
100 H    -0.0006650462     0.0011503449     0.0000000000
101 H     0.0002700656     0.0022643609    -0.0000000000
----------------------------------------------
cycle 3: E = -3150.63872394  dE = -0.00204568  norm(grad) = 0.0801294

Geometry optimization cycle 4
Cartesian coordinates (Angstrom)
 Atom        New coordinates             dX        dY        dZ
   C  -7.287311   4.976439   0.000000    0.009361 -0.029065  0.000000
   C  -7.307698   0.641770   0.000000    0.002088 -0.025852 -0.000000
   C  -6.136442   2.851576   0.000000   -0.000216 -0.005324 -0.000000
   C  -4.871646   4.974611   0.000000    0.005825  0.003192  0.000000
   C  -7.299507  -3.683860  -0.000000   -0.018093  0.008897 -0.000000
   C  -6.113184  -1.452311   0.000000   -0.008690 -0.004838 -0.000000
   C  -4.901729   0.703349   0.000000   -0.006094  0.002268 -0.000000
   C  -3.668290   2.843038   0.000000   -0.000070  0.006801 -0.000000
   C  -2.429667   4.974314   0.000000    0.007955  0.008511  0.000000
   N  -5.961463  -5.624634  -0.000000   -0.021225  0.006775 -0.000000
   C  -4.874666  -3.516831   0.000000   -0.008215 -0.006100 -0.000000
   C  -3.658255  -1.410232   0.000000   -0.009509 -0.000029 -0.000000
   C  -2.451359   0.727021   0.000000   -0.007681  0.005127 -0.000000
   C  -1.215421   2.833048   0.000000    0.002768  0.010014 -0.000000
   C   0.019542   4.970530   0.000000    0.013639  0.012874  0.000000
   C  -3.638716  -5.575496   0.000000    0.000377 -0.012534 -0.000000
   C  -2.420338  -3.497049   0.000000   -0.005055 -0.004351 -0.000000
   C  -1.217683  -1.381570   0.000000   -0.007926  0.001211 -0.000000
   C   0.004973   0.707795   0.000000   -0.009126  0.006056 -0.000000
   C   1.217483   2.808839   0.000000    0.006744  0.014707 -0.000000
   C   2.462838   4.952175   0.000000    0.017048  0.015553 -0.000000
   C  -1.190868  -5.617200   0.000000   -0.000120 -0.003064 -0.000000
   C   0.008175  -3.501320   0.000000   -0.000648 -0.000782 -0.000000
   C   1.212589  -1.379690   0.000000   -0.004931  0.002815 -0.000000
   N   2.435111   0.706077   0.000000   -0.012946  0.007985 -0.000000
   C   3.652819   2.807749   0.000000    0.014816  0.021575  0.000000
   C   4.914471   4.907120   0.000000    0.022004  0.018841 -0.000000
   C   1.258423  -5.574857   0.000000   -0.003290 -0.010433 -0.000000
   C   2.438165  -3.491432   0.000000    0.003059  0.003172 -0.000000
   C   3.638959  -1.406912   0.000000    0.001645  0.002169 -0.000000
   C   4.825067   0.688657   0.000000   -0.022531  0.007005  0.000000
   C   6.118655   2.766689   0.000000    0.023680  0.013269  0.000000
   C   7.328451   4.837982  -0.000000   -0.004128 -0.008551 -0.000000
   C   3.618603  -5.542882   0.000000   -0.002258  0.000644 -0.000000
   N   4.846321  -3.467429   0.000000    0.013025 -0.003803  0.000000
   N   6.058871  -1.408329   0.000000    0.011608 -0.000770  0.000000
   N   7.151726   0.647185   0.000000   -0.044090 -0.016300  0.000000
   C   6.035452  -5.565760   0.000000    0.000067 -0.025332  0.000000
   C   7.239906  -3.506487   0.000000    0.030383  0.009554  0.000000
   C  -7.319176   3.580005   0.000000   -0.014848 -0.029635  0.000000
   C  -6.104785   5.666550   0.000000   -0.000797 -0.008446  0.000000
   C  -7.316295  -0.725581   0.000000   -0.021963 -0.026091 -0.000000
   C  -6.123739   1.397972   0.000000   -0.008620 -0.005465 -0.000000
   C  -4.897788   3.544954   0.000000   -0.002403  0.003402  0.000000
   C  -3.650866   5.647428   0.000000    0.006029  0.005286  0.000000
   C  -7.185392  -5.013720  -0.000000   -0.027117  0.004123 -0.000000
   C  -6.101315  -2.873804  -0.000000   -0.007644 -0.002626 -0.000000
   C  -4.892004  -0.720050   0.000000   -0.010671  0.001749 -0.000000
   C  -3.660951   1.416386   0.000000   -0.006956  0.005632 -0.000000
   C  -2.446760   3.537929   0.000000    0.000973  0.008383  0.000000
   C  -1.197299   5.639804   0.000000    0.010643  0.006346  0.000000
   N  -4.788770  -4.909299  -0.000000   -0.004635 -0.008229 -0.000000
   C  -3.646265  -2.819319   0.000000   -0.006952 -0.003037 -0.000000
   C  -2.432066  -0.698366   0.000000   -0.009705  0.003018 -0.000000
   C  -1.213950   1.417077   0.000000   -0.008102  0.008838  0.000000
   C   0.011882   3.527330   0.000000    0.004941  0.012400  0.000000
   C   1.255432   5.633090   0.000000    0.015885  0.011837  0.000000
   C  -2.403009  -4.929424   0.000000   -0.001891 -0.006045 -0.000000
   C  -1.211684  -2.795205   0.000000   -0.004434 -0.001858 -0.000000
   N  -0.021277  -0.701782   0.000000   -0.007629  0.003246 -0.000000
   C   1.208311   1.396800   0.000000   -0.010342  0.012665  0.000000
   C   2.460569   3.513933   0.000000    0.010726  0.015443  0.000000
   C   3.714451   5.597801   0.000000    0.019447  0.013350 -0.000000
   C   0.024399  -4.927633   0.000000   -0.001213 -0.003626 -0.000000
   C   1.211572  -2.801755   0.000000   -0.000542  0.000649 -0.000000
   C   2.400765  -0.699329   0.000000   -0.001755  0.004106 -0.000000
   C   3.639621   1.379055   0.000000   -0.017364  0.017497  0.000000
   C   4.901618   3.477060   0.000000    0.022044  0.016633  0.000000
   C   6.178949   5.564515  -0.000000    0.017541  0.028046 -0.000000
   N   2.437941  -4.913254   0.000000   -0.006348  0.000477 -0.000000
   C   3.639348  -2.822355   0.000000    0.009787 -0.002441 -0.000000
   C   4.837149  -0.732288   0.000000    0.003479  0.000474  0.000000
   N   6.022022   1.384477   0.000000   -0.027121  0.012875  0.000000
   C   7.331465   3.427904   0.000000    0.038698 -0.010133  0.000000
   C   4.863021  -4.894435   0.000000    0.006914 -0.008253  0.000000
   C   6.092272  -2.810417   0.000000    0.017211 -0.003286  0.000000
   C   7.191006  -0.690888   0.000000    0.025891 -0.018032  0.000000
   N   7.235629  -4.887592   0.000000   -0.015554  0.008130  0.000000
   H   8.281618   5.352351  -0.000000   -0.003948 -0.010424 -0.000000
   H   8.287612   2.921651  -0.000000    0.044233 -0.003369  0.000000
   H   7.995837   1.175643   0.000000   -0.044291  0.004327  0.000000
   H   8.157623  -1.148382   0.000000    0.035976 -0.004024  0.000000
   H   8.206660  -3.038791   0.000000    0.036597  0.002666  0.000000
   H   8.095111  -5.383994   0.000000   -0.007372  0.000133  0.000000
   H  -8.223768   5.521748   0.000000    0.008933 -0.030166  0.000000
   H  -8.278599   3.082933   0.000000   -0.015080 -0.032043  0.000000
   H  -8.260015   1.151892   0.000000    0.002727 -0.025018 -0.000000
   H  -8.267308  -1.240007  -0.000000   -0.021652 -0.029812 -0.000000
   H  -8.283376  -3.246717  -0.000000   -0.013785  0.021058 -0.000000
   H  -8.021645  -5.696769  -0.000000   -0.025365  0.000162 -0.000000
   H  -6.095838   6.750324   0.000000   -0.013135 -0.007754  0.000000
   H  -3.651618   6.731841   0.000000    0.004713  0.005590  0.000000
   H  -1.194617   6.723892   0.000000    0.009917  0.006605  0.000000
   H   1.264699   6.716688   0.000000    0.015720  0.012258  0.000000
   H   3.737190   6.681436   0.000000    0.018386  0.013858 -0.000000
   H   6.208149   6.647174  -0.000000    0.028142  0.029255 -0.000000
   H  -5.845795  -6.613698  -0.000000   -0.024789 -0.004712 -0.000000
   H  -3.717132  -6.654784   0.000000    0.003918 -0.013566 -0.000000
   H  -1.191658  -6.701233   0.000000    0.001935 -0.003464 -0.000000
   H   1.336260  -6.651637   0.000000   -0.000978 -0.011711 -0.000000
   H   3.579449  -6.620229   0.000000   -0.005127 -0.000217  0.000000
   H   6.059596  -6.643486   0.000000    0.008581 -0.026864  0.000000
converged SCF energy = -3150.645719426
--------------- RKS_Scanner gradients ---------------
         x                y                z
0 C     0.0021287176    -0.0014058942    -0.0000000000
1 C     0.0016179298    -0.0007401616    -0.0000000000
2 C     0.0011289356     0.0011634879     0.0000000000
3 C     0.0001998211    -0.0001683641    -0.0000000000
4 C     0.0007423827    -0.0009432623    -0.0000000000
5 C     0.0005823047     0.0002301553    -0.0000000000
6 C     0.0002128843     0.0001222892    -0.0000000000
7 C    -0.0000400924     0.0004350257     0.0000000000
8 C     0.0000953240    -0.0000711085    -0.0000000000
9 N     0.0006640840    -0.0011724030    -0.0000000000
10 C    -0.0019101898     0.0004741217    -0.0000000000
11 C    -0.0003512383     0.0001148399    -0.0000000000
12 C    -0.0001836140     0.0003374424    -0.0000000000
13 C     0.0002599106     0.0009454209     0.0000000000
14 C     0.0001230946    -0.0002280833     0.0000000000
15 C    -0.0035953591     0.0007689762    -0.0000000000
16 C     0.0006134135     0.0005698546    -0.0000000000
17 C     0.0002637006     0.0007321323     0.0000000000
18 C     0.0001813595    -0.0002439506     0.0000000000
19 C     0.0003293409    -0.0000204985     0.0000000000
20 C    -0.0000984557    -0.0002926979     0.0000000000
21 C    -0.0010292734     0.0000571014    -0.0000000000
22 C     0.0001422664    -0.0010290343     0.0000000000
23 C     0.0016269445     0.0018829942    -0.0000000000
24 N    -0.0003303849    -0.0001806671    -0.0000000000
25 C    -0.0009543350    -0.0008788175     0.0000000000
26 C     0.0008261371    -0.0005322548     0.0000000000
27 C     0.0016113213     0.0016713216     0.0000000000
28 C     0.0008625712    -0.0017261386    -0.0000000000
29 C     0.0012363962    -0.0004485422    -0.0000000000
30 C     0.0006385887    -0.0009692432    -0.0000000000
31 C    -0.0019660071    -0.0022625764     0.0000000000
32 C    -0.0025762922    -0.0016525046     0.0000000000
33 C    -0.0016047991     0.0015660766    -0.0000000000
34 N    -0.0012275479     0.0010068151    -0.0000000000
35 N     0.0040669753     0.0006818952    -0.0000000000
36 N    -0.0000756928     0.0000099217    -0.0000000000
37 C    -0.0006180392    -0.0015887509     0.0000000000
38 C    -0.0000533223     0.0018447711    -0.0000000000
39 C    -0.0020515214    -0.0014221736     0.0000000000
40 C     0.0000300151     0.0016390865     0.0000000000
41 C    -0.0013879706    -0.0021416905     0.0000000000
42 C    -0.0013523030     0.0008907201    -0.0000000000
43 C     0.0000830302    -0.0001354576    -0.0000000000
44 C    -0.0004120006     0.0006589449     0.0000000000
45 C     0.0004867991    -0.0005537764     0.0000000000
46 C     0.0002786664    -0.0000192083     0.0000000000
47 C    -0.0000040719    -0.0003743643     0.0000000000
48 C    -0.0000266091     0.0003392200     0.0000000000
49 C     0.0004999404    -0.0005085124     0.0000000000
50 C    -0.0007163581     0.0004214959     0.0000000000
51 N     0.0030135439    -0.0019754995    -0.0000000000
52 C    -0.0002348615    -0.0013915477     0.0000000000
53 C     0.0012946492    -0.0005531520     0.0000000000
54 C     0.0001313988    -0.0005010457    -0.0000000000
55 C     0.0005134491    -0.0004998463    -0.0000000000
56 C    -0.0007856915     0.0003407096    -0.0000000000
57 C    -0.0002307904     0.0004064532     0.0000000000
58 C    -0.0001020115     0.0006810353    -0.0000000000
59 N    -0.0005325033    -0.0006910435    -0.0000000000
60 C    -0.0002540853    -0.0008933936    -0.0000000000
61 C     0.0012559887     0.0000854942    -0.0000000000
62 C    -0.0006638681     0.0002943640    -0.0000000000
63 C     0.0005012306     0.0006127399    -0.0000000000
64 C    -0.0000104133     0.0003950472     0.0000000000
65 C    -0.0013097312    -0.0007325384     0.0000000000
66 C     0.0005476228     0.0009640970     0.0000000000
67 C     0.0013595649    -0.0001324764    -0.0000000000
68 C     0.0000786214     0.0024303922    -0.0000000000
69 N     0.0002744042    -0.0016661330     0.0000000000
70 C     0.0005112269     0.0005632569     0.0000000000
71 C    -0.0002050266    -0.0000736875     0.0000000000
72 N     0.0026795764     0.0019866290    -0.0000000000
73 C     0.0014481417    -0.0006623733    -0.0000000000
74 C     0.0028119976    -0.0002625763     0.0000000000
75 C     0.0004251301     0.0007689457     0.0000000000
76 C     0.0009741407    -0.0004812605     0.0000000000
77 N     0.0009908488    -0.0008060483    -0.0000000000
78 H    -0.0008941635    -0.0000380542    -0.0000000000
79 H    -0.0006665535    -0.0003578470     0.0000000000
80 H    -0.0048727159    -0.0029743680     0.0000000000
81 H    -0.0006361608     0.0005405377    -0.0000000000
82 H    -0.0005395305    -0.0002788619     0.0000000000
83 H    -0.0052697408     0.0029693266    -0.0000000000
84 H     0.0005800599    -0.0003463017    -0.0000000000
85 H     0.0000041270    -0.0001938007    -0.0000000000
86 H     0.0004849955    -0.0004867716     0.0000000000
87 H    -0.0001923156    -0.0000874611    -0.0000000000
88 H     0.0001245188    -0.0006555398     0.0000000000
89 H     0.0000074064     0.0005946005     0.0000000000
90 H     0.0001166407    -0.0000758832    -0.0000000000
91 H    -0.0000093986    -0.0002135275    -0.0000000000
92 H    -0.0000332741    -0.0003123857    -0.0000000000
93 H    -0.0000049610    -0.0003899537     0.0000000000
94 H    -0.0000082930    -0.0003865760     0.0000000000
95 H     0.0000803580     0.0000980034     0.0000000000
96 H    -0.0000996609     0.0054699635    -0.0000000000
97 H    -0.0005315634     0.0003626021     0.0000000000
98 H    -0.0001801861     0.0004580465     0.0000000000
99 H     0.0002764497     0.0006404157    -0.0000000000
100 H    -0.0007174260     0.0006298087    -0.0000000000
101 H    -0.0005112138     0.0000021672     0.0000000000
----------------------------------------------
cycle 4: E = -3150.64571943  dE = -0.00699548  norm(grad) = 0.0173116

Geometry optimization cycle 5
Cartesian coordinates (Angstrom)
 Atom        New coordinates             dX        dY        dZ
   C  -7.301446   4.994114   0.000000   -0.014135  0.017674  0.000000
   C  -7.318853   0.656789   0.000000   -0.011155  0.015019  0.000000
   C  -6.142874   2.856527   0.000000   -0.006432  0.004951  0.000000
   C  -4.873986   4.974679   0.000000   -0.002339  0.000068  0.000000
   C  -7.305968  -3.681856   0.000000   -0.006462  0.002003  0.000000
   C  -6.121657  -1.450584   0.000000   -0.008474  0.001727  0.000000
   C  -4.908569   0.702529   0.000000   -0.006840 -0.000820  0.000000
   C  -3.673056   2.841053   0.000000   -0.004766 -0.001985  0.000000
   C  -2.427990   4.973889   0.000000    0.001677 -0.000424  0.000000
   N  -5.969540  -5.642022   0.000000   -0.008078 -0.017388  0.000000
   C  -4.878752  -3.524491   0.000000   -0.004086 -0.007660  0.000000
   C  -3.665899  -1.415286   0.000000   -0.007644 -0.005054  0.000000
   C  -2.457530   0.723116   0.000000   -0.006171 -0.003905  0.000000
   C  -1.219912   2.832083   0.000000   -0.004491 -0.000966  0.000000
   C   0.025077   4.972906   0.000000    0.005535  0.002376  0.000000
   C  -3.634959  -5.584915   0.000000    0.003757 -0.009418  0.000000
   C  -2.424278  -3.507030   0.000000   -0.003940 -0.009981  0.000000
   C  -1.226439  -1.389244   0.000000   -0.008756 -0.007674 -0.000000
   C  -0.001795   0.706805   0.000000   -0.006768 -0.000990 -0.000000
   C   1.214859   2.812269   0.000000   -0.002624  0.003431  0.000000
   C   2.471995   4.956865   0.000000    0.009157  0.004690  0.000000
   C  -1.185899  -5.629001   0.000000    0.004970 -0.011801  0.000000
   C   0.005812  -3.510417   0.000000   -0.002363 -0.009097 -0.000000
   C   1.202253  -1.386685   0.000000   -0.010337 -0.006994  0.000000
   N   2.427374   0.707035   0.000000   -0.007736  0.000958  0.000000
   C   3.654461   2.812908   0.000000    0.001642  0.005159  0.000000
   C   4.925138   4.910603   0.000000    0.010667  0.003484  0.000000
   C   1.261670  -5.589691   0.000000    0.003247 -0.014834  0.000000
   C   2.436797  -3.497510   0.000000   -0.001369 -0.006078  0.000000
   C   3.626980  -1.409145   0.000000   -0.011979 -0.002233  0.000000
   C   4.816532   0.692315   0.000000   -0.008535  0.003658  0.000000
   C   6.128378   2.778930   0.000000    0.009723  0.012242  0.000000
   C   7.353824   4.847301   0.000000    0.025373  0.009318  0.000000
   C   3.631219  -5.551997   0.000000    0.012615 -0.009115  0.000000
   N   4.849693  -3.472443   0.000000    0.003372 -0.005014  0.000000
   N   6.043406  -1.411248   0.000000   -0.015465 -0.002918  0.000000
   N   7.146825   0.653265   0.000000   -0.004901  0.006080  0.000000
   C   6.058215  -5.556872   0.000000    0.022762  0.008888  0.000000
   C   7.253038  -3.507143   0.000000    0.013133 -0.000656  0.000000
   C  -7.319402   3.597170   0.000000   -0.000226  0.017166  0.000000
   C  -6.108164   5.666168   0.000000   -0.003379 -0.000382  0.000000
   C  -7.317850  -0.710905   0.000000   -0.001555  0.014676  0.000000
   C  -6.128801   1.402541   0.000000   -0.005061  0.004568  0.000000
   C  -4.901928   3.545321   0.000000   -0.004139  0.000367  0.000000
   C  -3.650729   5.644571   0.000000    0.000137 -0.002857  0.000000
   C  -7.187946  -5.015253  -0.000000   -0.002554 -0.001533  0.000000
   C  -6.106658  -2.875860   0.000000   -0.005343 -0.002056  0.000000
   C  -4.898904  -0.721584   0.000000   -0.006900 -0.001534 -0.000000
   C  -3.667078   1.413781   0.000000   -0.006128 -0.002605  0.000000
   C  -2.451403   3.537412   0.000000   -0.004643 -0.000517  0.000000
   C  -1.193953   5.638249   0.000000    0.003345 -0.001555  0.000000
   N  -4.795101  -4.920869   0.000000   -0.006331 -0.011570  0.000000
   C  -3.650034  -2.825804   0.000000   -0.003769 -0.006485  0.000000
   C  -2.441158  -0.702824   0.000000   -0.009092 -0.004458 -0.000000
   C  -1.220824   1.415501   0.000000   -0.006873 -0.001576  0.000000
   C   0.007685   3.529603   0.000000   -0.004198  0.002273  0.000000
   C   1.262545   5.634700   0.000000    0.007113  0.001610  0.000000
   C  -2.399087  -4.940354   0.000000    0.003922 -0.010930  0.000000
   C  -1.215172  -2.804472   0.000000   -0.003488 -0.009266 -0.000000
   N  -0.029807  -0.704917   0.000000   -0.008530 -0.003135 -0.000000
   C   1.201448   1.399374   0.000000   -0.006863  0.002574  0.000000
   C   2.459184   3.518129   0.000000   -0.001385  0.004196  0.000000
   C   3.724992   5.601755   0.000000    0.010542  0.003954  0.000000
   C   0.028151  -4.939004   0.000000    0.003752 -0.011371  0.000000
   C   1.208552  -2.809180   0.000000   -0.003020 -0.007425 -0.000000
   C   2.391067  -0.700411   0.000000   -0.009699 -0.001083  0.000000
   C   3.631109   1.383604   0.000000   -0.008512  0.004549  0.000000
   C   4.905489   3.482124   0.000000    0.003871  0.005064  0.000000
   C   6.193950   5.560176   0.000000    0.015001 -0.004339  0.000000
   N   2.443111  -4.922278   0.000000    0.005170 -0.009024  0.000000
   C   3.638116  -2.826283   0.000000   -0.001232 -0.003928  0.000000
   C   4.824307  -0.730020   0.000000   -0.012841  0.002267  0.000000
   N   6.013990   1.392789   0.000000   -0.008032  0.008312  0.000000
   C   7.344882   3.437525   0.000000    0.013417  0.009621  0.000000
   C   4.872940  -4.897660   0.000000    0.009919 -0.003225  0.000000
   C   6.096490  -2.816365   0.000000    0.004218 -0.005948  0.000000
   C   7.176815  -0.688738   0.000000   -0.014191  0.002150  0.000000
   N   7.266327  -4.889333   0.000000    0.030698 -0.001741  0.000000
   H   8.308272   5.361661   0.000000    0.026654  0.009309  0.000000
   H   8.300056   2.926744   0.000000    0.012444  0.005093  0.000000
   H   8.003611   1.182652   0.000000    0.007774  0.007008  0.000000
   H   8.142544  -1.152741   0.000000   -0.015079 -0.004359  0.000000
   H   8.215265  -3.026681   0.000000    0.008605  0.012110  0.000000
   H   8.137561  -5.389684   0.000000    0.042451 -0.005690  0.000000
   H  -8.237527   5.542168   0.000000   -0.013759  0.020420  0.000000
   H  -8.279411   3.100635   0.000000   -0.000811  0.017702  0.000000
   H  -8.271227   1.169001   0.000000   -0.011212  0.017109  0.000000
   H  -8.269730  -1.223854   0.000000   -0.002422  0.016153  0.000000
   H  -8.289363  -3.241327  -0.000000   -0.005987  0.005390  0.000000
   H  -8.028832  -5.693799  -0.000000   -0.007187  0.002970  0.000000
   H  -6.091529   6.750140   0.000000    0.004309 -0.000184  0.000000
   H  -3.650779   6.729428   0.000000    0.000839 -0.002413  0.000000
   H  -1.191773   6.722905   0.000000    0.002844 -0.000987  0.000000
   H   1.271458   6.719038   0.000000    0.006759  0.002351  0.000000
   H   3.748856   6.686074   0.000000    0.011666  0.004638  0.000000
   H   6.218601   6.643147   0.000000    0.010452 -0.004026  0.000000
   H  -5.861624  -6.643222   0.000000   -0.015829 -0.029524  0.000000
   H  -3.705632  -6.665395   0.000000    0.011500 -0.010611  0.000000
   H  -1.185018  -6.713994   0.000000    0.006640 -0.012761  0.000000
   H   1.336004  -6.668005   0.000000   -0.000255 -0.016368  0.000000
   H   3.601582  -6.630734   0.000000    0.022133 -0.010505  0.000000
   H   6.084930  -6.634912   0.000000    0.025335  0.008573  0.000000
converged SCF energy = -3150.64550536706
--------------- RKS_Scanner gradients ---------------
         x                y                z
0 C    -0.0040905682     0.0021888853    -0.0000000000
1 C    -0.0020636528     0.0019092594     0.0000000000
2 C    -0.0010426631    -0.0017087974    -0.0000000000
3 C     0.0009896604     0.0013256378    -0.0000000000
4 C    -0.0016040885     0.0038936861     0.0000000000
5 C    -0.0017523880    -0.0002706360     0.0000000000
6 C     0.0002781496    -0.0004020386     0.0000000000
7 C     0.0000445639    -0.0004657251     0.0000000000
8 C     0.0013683655     0.0010054857    -0.0000000000
9 N    -0.0006601708     0.0013220284    -0.0000000000
10 C     0.0012455064     0.0001608654    -0.0000000000
11 C    -0.0004997209    -0.0000805949    -0.0000000000
12 C     0.0004752985    -0.0003657496     0.0000000000
13 C     0.0003242665    -0.0000378872     0.0000000000
14 C     0.0021044427     0.0009254287     0.0000000000
15 C     0.0017249022    -0.0000265682     0.0000000000
16 C    -0.0012961764    -0.0008998760    -0.0000000000
17 C    -0.0007546606    -0.0010640604    -0.0000000000
18 C    -0.0001508326    -0.0001647466    -0.0000000000
19 C     0.0011801117     0.0005730840    -0.0000000000
20 C     0.0022066504     0.0006270551    -0.0000000000
21 C    -0.0001432849    -0.0000404022    -0.0000000000
22 C    -0.0014663666    -0.0000469808    -0.0000000000
23 C    -0.0020919690    -0.0023186174     0.0000000000
24 N    -0.0004945257    -0.0005716404    -0.0000000000
25 C     0.0018185437     0.0000781909     0.0000000000
26 C     0.0011191134     0.0008377520     0.0000000000
27 C    -0.0013786680    -0.0015469122     0.0000000000
28 C    -0.0012523065    -0.0000702418    -0.0000000000
29 C    -0.0023875648    -0.0015859596     0.0000000000
30 C    -0.0003944363    -0.0018606846     0.0000000000
31 C     0.0033595159     0.0014625285     0.0000000000
32 C     0.0030994015     0.0003298829    -0.0000000000
33 C     0.0017085232    -0.0002904929     0.0000000000
34 N     0.0009573631    -0.0013103350    -0.0000000000
35 N    -0.0033957956    -0.0021070493    -0.0000000000
36 N    -0.0040554458     0.0005286925    -0.0000000000
37 C     0.0019129108     0.0028448911    -0.0000000000
38 C     0.0005205443    -0.0019400117    -0.0000000000
39 C     0.0028919178     0.0022089663     0.0000000000
40 C     0.0000496827    -0.0036491990     0.0000000000
41 C     0.0026609936     0.0014559199    -0.0000000000
42 C     0.0009551759    -0.0010358626    -0.0000000000
43 C    -0.0005918685    -0.0001050222     0.0000000000
44 C    -0.0002265153    -0.0013349731     0.0000000000
45 C     0.0030692292    -0.0003406398    -0.0000000000
46 C    -0.0006119538    -0.0016769706    -0.0000000000
47 C     0.0001977878     0.0000648732    -0.0000000000
48 C    -0.0005816193    -0.0001953167    -0.0000000000
49 C    -0.0008068004     0.0002964552    -0.0000000000
50 C    -0.0004662505    -0.0013664867     0.0000000000
51 N    -0.0028246376     0.0007971056     0.0000000000
52 C     0.0005747628     0.0002917307     0.0000000000
53 C    -0.0009132489     0.0006881062     0.0000000000
54 C    -0.0007397197    -0.0002382944     0.0000000000
55 C    -0.0016198227     0.0005576479     0.0000000000
56 C    -0.0004199933    -0.0010464559     0.0000000000
57 C     0.0025458506    -0.0004873795     0.0000000000
58 C     0.0010543755    -0.0003698273     0.0000000000
59 N    -0.0000335641     0.0009495748     0.0000000000
60 C    -0.0002352211     0.0003829823     0.0000000000
61 C    -0.0024012074     0.0002015972     0.0000000000
62 C    -0.0006652916    -0.0007373855     0.0000000000
63 C     0.0010689013    -0.0001910695     0.0000000000
64 C     0.0012838575     0.0004996076    -0.0000000000
65 C     0.0010918362     0.0010370579    -0.0000000000
66 C    -0.0013988529     0.0022763890    -0.0000000000
67 C    -0.0010074921    -0.0004100982    -0.0000000000
68 C    -0.0013366084    -0.0024023154     0.0000000000
69 N    -0.0007015075     0.0021514355     0.0000000000
70 C    -0.0001188664     0.0015484549     0.0000000000
71 C    -0.0000545565     0.0019836742     0.0000000000
72 N    -0.0042575768     0.0017697713     0.0000000000
73 C     0.0003161704     0.0026634972     0.0000000000
74 C    -0.0028028326    -0.0002262789    -0.0000000000
75 C     0.0011715415     0.0003619705     0.0000000000
76 C     0.0001957257    -0.0018116025     0.0000000000
77 N    -0.0015195841     0.0002119109     0.0000000000
78 H     0.0004951594     0.0001834861    -0.0000000000
79 H     0.0001302975    -0.0000940199    -0.0000000000
80 H     0.0042901591     0.0021954005    -0.0000000000
81 H     0.0005213298    -0.0005934746    -0.0000000000
82 H     0.0004306880     0.0001714581     0.0000000000
83 H     0.0051880934    -0.0027047230     0.0000000000
84 H    -0.0006396762     0.0003939596     0.0000000000
85 H     0.0002018057     0.0003246339    -0.0000000000
86 H    -0.0003976847     0.0003074098    -0.0000000000
87 H     0.0002038189     0.0003623001     0.0000000000
88 H    -0.0003374954     0.0001922830    -0.0000000000
89 H    -0.0001707157     0.0003690556    -0.0000000000
90 H    -0.0002099808    -0.0003439358     0.0000000000
91 H     0.0000985312    -0.0000657523    -0.0000000000
92 H     0.0002338471    -0.0000648980    -0.0000000000
93 H     0.0003028427     0.0000168714    -0.0000000000
94 H     0.0002665072     0.0000612291    -0.0000000000
95 H     0.0001250690    -0.0002119088    -0.0000000000
96 H     0.0002502034    -0.0051961404     0.0000000000
97 H     0.0004504193    -0.0000785782    -0.0000000000
98 H     0.0001636582    -0.0002331314     0.0000000000
99 H    -0.0002198666    -0.0004633019    -0.0000000000
100 H     0.0002926627    -0.0002672192    -0.0000000000
101 H     0.0000256975     0.0001669081     0.0000000000
----------------------------------------------
cycle 5: E = -3150.64550537  dE = 0.000214059  norm(grad) = 0.0211792

Geometry optimization cycle 6
Cartesian coordinates (Angstrom)
 Atom        New coordinates             dX        dY        dZ
   C  -7.291563   4.986327   0.000000    0.009883 -0.007787  0.000000
   C  -7.312281   0.649031   0.000000    0.006572 -0.007758  0.000000
   C  -6.139425   2.854724   0.000000    0.003449 -0.001803  0.000000
   C  -4.873362   4.976078   0.000000    0.000623  0.001399  0.000000
   C  -7.301514  -3.686314   0.000000    0.004454 -0.004458 -0.000000
   C  -6.116672  -1.451448   0.000000    0.004985 -0.000864  0.000000
   C  -4.904291   0.703670   0.000000    0.004278  0.001140  0.000000
   C  -3.670589   2.842716   0.000000    0.002467  0.001663  0.000000
   C  -2.429509   4.974878   0.000000   -0.001519  0.000988  0.000000
   N  -5.968299  -5.635527   0.000000    0.001242  0.006495 -0.000000
   C  -4.876020  -3.521547   0.000000    0.002732  0.002944 -0.000000
   C  -3.661233  -1.412116   0.000000    0.004666  0.003170  0.000000
   C  -2.453286   0.725444   0.000000    0.004244  0.002328  0.000000
   C  -1.218118   2.832563   0.000000    0.001794  0.000480  0.000000
   C   0.020679   4.972242   0.000000   -0.004398 -0.000664  0.000000
   C  -3.636364  -5.582426   0.000000   -0.001405  0.002489 -0.000000
   C  -2.422477  -3.502135   0.000000    0.001801  0.004895 -0.000000
   C  -1.221147  -1.385417   0.000000    0.005292  0.003828  0.000000
   C   0.003306   0.707697   0.000000    0.005100  0.000892  0.000000
   C   1.215374   2.810490   0.000000    0.000515 -0.001780  0.000000
   C   2.465273   4.954631   0.000000   -0.006722 -0.002234 -0.000000
   C  -1.188894  -5.623983   0.000000   -0.002996  0.005018 -0.000000
   C   0.007087  -3.506109   0.000000    0.001275  0.004308 -0.000000
   C   1.208551  -1.384017   0.000000    0.006298  0.002668  0.000000
   N   2.433882   0.706276   0.000000    0.006508 -0.000759  0.000000
   C   3.653139   2.809779   0.000000   -0.001322 -0.003129 -0.000000
   C   4.917034   4.909118   0.000000   -0.008104 -0.001485 -0.000000
   C   1.258598  -5.584555   0.000000   -0.003072  0.005136 -0.000000
   C   2.437581  -3.495816   0.000000    0.000784  0.001694  0.000000
   C   3.634211  -1.408652   0.000000    0.007231  0.000493  0.000000
   C   4.824912   0.690493   0.000000    0.008380 -0.001823  0.000000
   C   6.123657   2.773998   0.000000   -0.004721 -0.004933 -0.000000
   C   7.339947   4.845698   0.000000   -0.013877 -0.001602 -0.000000
   C   3.625368  -5.551790   0.000000   -0.005850  0.000207  0.000000
   N   4.848244  -3.472434   0.000000   -0.001450  0.000009  0.000000
   N   6.051547  -1.410037   0.000000    0.008141  0.001211  0.000000
   N   7.158319   0.651826   0.000000    0.011494 -0.001440  0.000000
   C   6.047942  -5.563219   0.000000   -0.010273 -0.006346  0.000000
   C   7.247140  -3.508331   0.000000   -0.005899 -0.001187  0.000000
   C  -7.318870   3.589446   0.000000    0.000532 -0.007725  0.000000
   C  -6.105388   5.670491   0.000000    0.002776  0.004324  0.000000
   C  -7.316787  -0.718391   0.000000    0.001063 -0.007486  0.000000
   C  -6.125491   1.400721   0.000000    0.003310 -0.001820  0.000000
   C  -4.899749   3.546293   0.000000    0.002179  0.000972  0.000000
   C  -3.651001   5.647164   0.000000   -0.000271  0.002593  0.000000
   C  -7.191309  -5.018678  -0.000000   -0.003363 -0.003425 -0.000000
   C  -6.103812  -2.875708   0.000000    0.002846  0.000152 -0.000000
   C  -4.894910  -0.720153   0.000000    0.003994  0.001432  0.000000
   C  -3.663001   1.415604   0.000000    0.004077  0.001823  0.000000
   C  -2.449254   3.538415   0.000000    0.002148  0.001002  0.000000
   C  -1.196416   5.640664   0.000000   -0.002463  0.002415  0.000000
   N  -4.793227  -4.916788   0.000000    0.001874  0.004081 -0.000000
   C  -3.648005  -2.821983   0.000000    0.002029  0.003821 -0.000000
   C  -2.435935  -0.700159   0.000000    0.005223  0.002665  0.000000
   C  -1.216034   1.416561   0.000000    0.004789  0.001061  0.000000
   C   0.009072   3.528797   0.000000    0.001388 -0.000807  0.000000
   C   1.257439   5.634948   0.000000   -0.005106  0.000248 -0.000000
   C  -2.402018  -4.935435   0.000000   -0.002930  0.004919 -0.000000
   C  -1.213409  -2.800062   0.000000    0.001763  0.004410 -0.000000
   N  -0.023950  -0.703272   0.000000    0.005857  0.001644  0.000000
   C   1.206976   1.398184   0.000000    0.005527 -0.001190  0.000000
   C   2.458975   3.515753   0.000000   -0.000209 -0.002376 -0.000000
   C   3.717488   5.600673   0.000000   -0.007504 -0.001082 -0.000000
   C   0.025237  -4.934076   0.000000   -0.002913  0.004927 -0.000000
   C   1.210259  -2.806438   0.000000    0.001706  0.002742  0.000000
   C   2.397638  -0.700391   0.000000    0.006572  0.000020  0.000000
   C   3.638412   1.380115   0.000000    0.007304 -0.003489  0.000000
   C   4.902296   3.479754   0.000000   -0.003193 -0.002370 -0.000000
   C   6.183762   5.562915   0.000000   -0.010188  0.002739 -0.000000
   N   2.440411  -4.920350   0.000000   -0.002700  0.001928  0.000000
   C   3.639037  -2.826000   0.000000    0.000921  0.000283  0.000000
   C   4.832009  -0.731414   0.000000    0.007702 -0.001393  0.000000
   N   6.023490   1.387636   0.000000    0.009500 -0.005153 -0.000000
   C   7.337023   3.435513   0.000000   -0.007859 -0.002012 -0.000000
   C   4.867707  -4.898764   0.000000   -0.005232 -0.001103  0.000000
   C   6.094349  -2.815322   0.000000   -0.002142  0.001042  0.000000
   C   7.185314  -0.688896   0.000000    0.008500 -0.000158  0.000000
   N   7.252557  -4.890146   0.000000   -0.013770 -0.000813  0.000000
   H   8.294082   5.360035   0.000000   -0.014190 -0.001626 -0.000000
   H   8.294142   2.928802   0.000000   -0.005914  0.002058 -0.000000
   H   8.011363   1.180796   0.000000    0.007751 -0.001855  0.000000
   H   8.150179  -1.153296   0.000000    0.007635 -0.000555  0.000000
   H   8.211199  -3.032494   0.000000   -0.004066 -0.005813  0.000000
   H   8.119735  -5.389298   0.000000   -0.017826  0.000387  0.000000
   H  -8.228214   5.532494   0.000000    0.009313 -0.009674  0.000000
   H  -8.279298   3.093507   0.000000    0.000112 -0.007127  0.000000
   H  -8.264620   1.160661   0.000000    0.006608 -0.008340  0.000000
   H  -8.268151  -1.232521   0.000000    0.001579 -0.008668  0.000000
   H  -8.284031  -3.244622  -0.000000    0.005333 -0.003295 -0.000000
   H  -8.030305  -5.699575  -0.000000   -0.001473 -0.005777 -0.000000
   H  -6.092555   6.754679   0.000000   -0.001026  0.004539  0.000000
   H  -3.651099   6.732024   0.000000   -0.000320  0.002596  0.000000
   H  -1.194038   6.725333   0.000000   -0.002266  0.002428  0.000000
   H   1.266312   6.719243   0.000000   -0.005145  0.000205 -0.000000
   H   3.740411   6.684942   0.000000   -0.008445 -0.001132 -0.000000
   H   6.208623   6.645910   0.000000   -0.009978  0.002762 -0.000000
   H  -5.856876  -6.632587  -0.000000    0.004747  0.010635 -0.000000
   H  -3.708380  -6.662736   0.000000   -0.002748  0.002659 -0.000000
   H  -1.188376  -6.708788   0.000000   -0.003358  0.005206 -0.000000
   H   1.332633  -6.662540   0.000000   -0.003372  0.005465 -0.000000
   H   3.593326  -6.630247   0.000000   -0.008256  0.000487  0.000000
   H   6.074901  -6.641238   0.000000   -0.010029 -0.006326  0.000000
converged SCF energy = -3150.64618486253
--------------- RKS_Scanner gradients ---------------
         x                y                z
0 C     0.0001079443    -0.0002104530     0.0000000000
1 C     0.0000011807     0.0001732577     0.0000000000
2 C    -0.0000225703    -0.0001181561     0.0000000000
3 C    -0.0002608093     0.0001142932     0.0000000000
4 C     0.0009523392     0.0005590366    -0.0000000000
5 C    -0.0000728443     0.0003939123    -0.0000000000
6 C     0.0002861096     0.0000229335     0.0000000000
7 C     0.0000207173    -0.0001821949    -0.0000000000
8 C     0.0003702624     0.0001901127    -0.0000000000
9 N    -0.0006867003     0.0021848723    -0.0000000000
10 C     0.0005092635     0.0002717140    -0.0000000000
11 C     0.0000793301     0.0001371665     0.0000000000
12 C     0.0002538967    -0.0000626403     0.0000000000
13 C    -0.0000848249    -0.0000037384     0.0000000000
14 C     0.0005622933     0.0000405426     0.0000000000
15 C     0.0006558006    -0.0003533914    -0.0000000000
16 C    -0.0003508632    -0.0001297345     0.0000000000
17 C    -0.0001540982    -0.0003692846     0.0000000000
18 C    -0.0000559653     0.0001381169    -0.0000000000
19 C     0.0000850467     0.0000697007     0.0000000000
20 C     0.0005831544    -0.0000615865     0.0000000000
21 C    -0.0002481956    -0.0001583424     0.0000000000
22 C    -0.0004282888    -0.0000733180     0.0000000000
23 C    -0.0005637194    -0.0007387533     0.0000000000
24 N    -0.0000794036    -0.0000146863    -0.0000000000
25 C     0.0002154038    -0.0003630410     0.0000000000
26 C     0.0002248045     0.0001305444    -0.0000000000
27 C    -0.0006051456    -0.0005478872     0.0000000000
28 C    -0.0004720083    -0.0002306185     0.0000000000
29 C    -0.0007784612    -0.0006449661     0.0000000000
30 C     0.0000157432    -0.0007087153     0.0000000000
31 C     0.0003602254     0.0004125729    -0.0000000000
32 C     0.0005935367    -0.0002943378    -0.0000000000
33 C     0.0007304066    -0.0004474023     0.0000000000
34 N     0.0003796034    -0.0005516749    -0.0000000000
35 N    -0.0008073057    -0.0011280870     0.0000000000
36 N    -0.0001829145     0.0002938995    -0.0000000000
37 C     0.0008572052     0.0005425409    -0.0000000000
38 C     0.0003329848    -0.0002493987     0.0000000000
39 C    -0.0000125623     0.0001110034    -0.0000000000
40 C     0.0001525359     0.0002880642    -0.0000000000
41 C     0.0002892957    -0.0001413177     0.0000000000
42 C    -0.0001040290    -0.0000197622    -0.0000000000
43 C     0.0000269688    -0.0000118624    -0.0000000000
44 C    -0.0001687230    -0.0002094527    -0.0000000000
45 C    -0.0001871947    -0.0015897610     0.0000000000
46 C    -0.0008050043    -0.0001767270     0.0000000000
47 C    -0.0000337826     0.0001496766    -0.0000000000
48 C    -0.0001778924     0.0000215633    -0.0000000000
49 C    -0.0001529958     0.0000518856    -0.0000000000
50 C    -0.0002852620    -0.0000705117    -0.0000000000
51 N    -0.0004900382     0.0001317054     0.0000000000
52 C     0.0000032049     0.0001313623    -0.0000000000
53 C    -0.0002788739     0.0002116834    -0.0000000000
54 C    -0.0000119894    -0.0001408363    -0.0000000000
55 C    -0.0004023392     0.0000914754    -0.0000000000
56 C    -0.0004358225     0.0000155493     0.0000000000
57 C     0.0005975771     0.0000067703    -0.0000000000
58 C     0.0003071087     0.0000172508    -0.0000000000
59 N     0.0002149177     0.0003662653     0.0000000000
60 C     0.0002520724    -0.0000089755     0.0000000000
61 C    -0.0006381224     0.0000879895    -0.0000000000
62 C    -0.0004945843     0.0000336637     0.0000000000
63 C     0.0003024204     0.0001359218    -0.0000000000
64 C     0.0004754025     0.0003362480    -0.0000000000
65 C     0.0005018326     0.0003219062    -0.0000000000
66 C    -0.0000729983     0.0004912990     0.0000000000
67 C    -0.0001135833     0.0000585799    -0.0000000000
68 C    -0.0006532339    -0.0005739110     0.0000000000
69 N    -0.0001231746     0.0010368187     0.0000000000
70 C    -0.0000777557     0.0007472433    -0.0000000000
71 C     0.0000217964     0.0010822170    -0.0000000000
72 N    -0.0007718353    -0.0001607947     0.0000000000
73 C     0.0002369438     0.0008313556     0.0000000000
74 C    -0.0010869712     0.0000667914    -0.0000000000
75 C     0.0000758168    -0.0000136674     0.0000000000
76 C    -0.0004812133     0.0001631693     0.0000000000
77 N    -0.0013926442     0.0002981672    -0.0000000000
78 H     0.0000880994     0.0000488440    -0.0000000000
79 H     0.0000480491    -0.0001997906     0.0000000000
80 H     0.0017050930     0.0006812965    -0.0000000000
81 H     0.0001504283    -0.0001439021    -0.0000000000
82 H     0.0001489062     0.0001850309    -0.0000000000
83 H     0.0016683504    -0.0008435487     0.0000000000
84 H     0.0000425077     0.0000195706    -0.0000000000
85 H    -0.0000535879    -0.0000798823    -0.0000000000
86 H    -0.0000465632    -0.0000205131    -0.0000000000
87 H    -0.0000641022     0.0000398219    -0.0000000000
88 H    -0.0000315273    -0.0001544504     0.0000000000
89 H    -0.0003387291     0.0001492208    -0.0000000000
90 H    -0.0000003400     0.0001348050     0.0000000000
91 H     0.0000282927     0.0000272699    -0.0000000000
92 H     0.0000641836     0.0000612869    -0.0000000000
93 H     0.0000802080     0.0000742356    -0.0000000000
94 H     0.0000717032     0.0000618806    -0.0000000000
95 H     0.0000396363    -0.0000217276    -0.0000000000
96 H    -0.0000511923    -0.0016898121     0.0000000000
97 H     0.0001845684    -0.0000923195     0.0000000000
98 H     0.0000405982    -0.0000988666    -0.0000000000
99 H    -0.0001207512    -0.0001463651     0.0000000000
100 H     0.0000979607    -0.0001302603    -0.0000000000
101 H    -0.0001290877    -0.0000293842    -0.0000000000
----------------------------------------------
cycle 6: E = -3150.64618486  dE = -0.000679495  norm(grad) = 0.00661038

Geometry optimization cycle 7
