1721678051.7849958

Geometry optimization cycle 1
Cartesian coordinates (Angstrom)
 Atom        New coordinates             dX        dY        dZ
   C  -7.338226   5.042760   0.000000    0.000000  0.000000  0.000000
   C  -7.365228   0.691139   0.000000    0.000000  0.000000  0.000000
   C  -6.173642   2.889413   0.000000    0.000000  0.000000  0.000000
   C  -4.910090   5.019617   0.000000    0.000000  0.000000  0.000000
   C  -7.358051  -3.642635   0.000000    0.000000  0.000000  0.000000
   C  -6.173475  -1.431785   0.000000    0.000000  0.000000  0.000000
   C  -4.940069   0.716689   0.000000    0.000000  0.000000  0.000000
   C  -3.694845   2.860312   0.000000    0.000000  0.000000  0.000000
   C  -2.457224   5.005715   0.000000    0.000000  0.000000  0.000000
   C  -6.138515  -5.727246   0.000000    0.000000  0.000000  0.000000
   C  -4.928214  -3.580071   0.000000    0.000000  0.000000  0.000000
   C  -3.698169  -1.425571   0.000000    0.000000  0.000000  0.000000
   C  -2.471779   0.716540   0.000000    0.000000  0.000000  0.000000
   C  -1.230705   2.851907   0.000000    0.000000 -0.000000  0.000000
   C   0.000000   5.003169   0.000000    0.000000  0.000000  0.000000
   C  -3.678966  -5.694052   0.000000    0.000000  0.000000  0.000000
   C  -2.466015  -3.560923   0.000000    0.000000  0.000000  0.000000
   C  -1.232423  -1.423207   0.000000    0.000000  0.000000  0.000000
   C   0.000000   0.715809   0.000000    0.000000  0.000000  0.000000
   C   1.230705   2.851907   0.000000    0.000000 -0.000000  0.000000
   C   2.457224   5.005715   0.000000    0.000000  0.000000  0.000000
   N  -1.226334  -5.685080   0.000000    0.000000  0.000000  0.000000
   C   0.000000  -3.557079   0.000000    0.000000  0.000000  0.000000
   N   1.232423  -1.423207   0.000000    0.000000  0.000000  0.000000
   C   2.471779   0.716540   0.000000    0.000000  0.000000  0.000000
   C   3.694845   2.860312   0.000000    0.000000  0.000000  0.000000
   C   4.910090   5.019617   0.000000    0.000000  0.000000  0.000000
   C   1.226334  -5.685080   0.000000    0.000000  0.000000  0.000000
   C   2.466015  -3.560923   0.000000    0.000000  0.000000  0.000000
   C   3.698169  -1.425571   0.000000    0.000000  0.000000  0.000000
   C   4.940069   0.716689   0.000000    0.000000  0.000000  0.000000
   C   6.173642   2.889413   0.000000    0.000000  0.000000  0.000000
   C   7.338226   5.042760   0.000000    0.000000  0.000000  0.000000
   C   3.678966  -5.694052   0.000000    0.000000  0.000000  0.000000
   N   4.928214  -3.580071   0.000000    0.000000  0.000000  0.000000
   C   6.173475  -1.431785   0.000000   -0.000000  0.000000  0.000000
   C   7.365228   0.691139   0.000000    0.000000  0.000000  0.000000
   C   6.138515  -5.727246   0.000000    0.000000  0.000000  0.000000
   N   7.358051  -3.642635   0.000000   -0.000000  0.000000  0.000000
   C  -7.358051   3.642635   0.000000    0.000000  0.000000  0.000000
   C  -6.138515   5.727246   0.000000    0.000000  0.000000  0.000000
   C  -7.365228  -0.691139   0.000000    0.000000  0.000000  0.000000
   C  -6.173475   1.431785   0.000000    0.000000  0.000000  0.000000
   C  -4.928214   3.580071   0.000000    0.000000 -0.000000  0.000000
   C  -3.678966   5.694052   0.000000    0.000000  0.000000  0.000000
   C  -7.338226  -5.042760   0.000000    0.000000  0.000000  0.000000
   C  -6.173642  -2.889413   0.000000    0.000000  0.000000  0.000000
   C  -4.940069  -0.716689   0.000000    0.000000  0.000000  0.000000
   C  -3.698169   1.425571   0.000000    0.000000  0.000000  0.000000
   C  -2.466015   3.560923   0.000000    0.000000 -0.000000  0.000000
   C  -1.226334   5.685080   0.000000    0.000000  0.000000  0.000000
   C  -4.910090  -5.019617   0.000000    0.000000  0.000000  0.000000
   N  -3.694845  -2.860312   0.000000    0.000000  0.000000  0.000000
   C  -2.471779  -0.716540   0.000000    0.000000  0.000000  0.000000
   C  -1.232423   1.423207   0.000000    0.000000  0.000000  0.000000
   C   0.000000   3.557079   0.000000    0.000000  0.000000  0.000000
   C   1.226334   5.685080   0.000000    0.000000  0.000000  0.000000
   C  -2.457224  -5.005715   0.000000    0.000000  0.000000  0.000000
   C  -1.230705  -2.851907   0.000000    0.000000  0.000000  0.000000
   C   0.000000  -0.715809   0.000000    0.000000  0.000000  0.000000
   C   1.232423   1.423207   0.000000    0.000000  0.000000  0.000000
   N   2.466015   3.560923   0.000000    0.000000 -0.000000  0.000000
   C   3.678966   5.694052   0.000000    0.000000  0.000000  0.000000
   C   0.000000  -5.003169   0.000000    0.000000  0.000000  0.000000
   C   1.230705  -2.851907   0.000000    0.000000  0.000000  0.000000
   C   2.471779  -0.716540   0.000000    0.000000  0.000000  0.000000
   N   3.698169   1.425571   0.000000    0.000000  0.000000  0.000000
   C   4.928214   3.580071   0.000000    0.000000 -0.000000  0.000000
   C   6.138515   5.727246   0.000000    0.000000  0.000000  0.000000
   C   2.457224  -5.005715   0.000000    0.000000  0.000000  0.000000
   C   3.694845  -2.860312   0.000000    0.000000  0.000000  0.000000
   C   4.940069  -0.716689   0.000000    0.000000  0.000000  0.000000
   C   6.173475   1.431785   0.000000   -0.000000  0.000000  0.000000
   C   7.358051   3.642635   0.000000   -0.000000  0.000000  0.000000
   C   4.910090  -5.019617   0.000000    0.000000  0.000000  0.000000
   C   6.173642  -2.889413   0.000000    0.000000  0.000000  0.000000
   C   7.365228  -0.691139   0.000000    0.000000  0.000000  0.000000
   C   7.338226  -5.042760   0.000000    0.000000  0.000000  0.000000
   H   8.282184   5.591425   0.000000    0.000000 -0.000000  0.000000
   H   8.325741   3.141106   0.000000    0.000000  0.000000  0.000000
   H   8.326715   1.204661   0.000000    0.000000  0.000000  0.000000
   H   8.326715  -1.204661   0.000000    0.000000  0.000000  0.000000
   H   8.325741  -3.141106   0.000000    0.000000  0.000000  0.000000
   H   8.282184  -5.591425   0.000000    0.000000  0.000000  0.000000
   H  -8.282184   5.591425   0.000000    0.000000 -0.000000  0.000000
   H  -8.325741   3.141106   0.000000    0.000000  0.000000  0.000000
   H  -8.326715   1.204661   0.000000    0.000000  0.000000  0.000000
   H  -8.326715  -1.204661   0.000000    0.000000  0.000000  0.000000
   H  -8.325741  -3.141106   0.000000    0.000000  0.000000  0.000000
   H  -8.282184  -5.591425   0.000000    0.000000  0.000000  0.000000
   H  -6.116625   6.819427   0.000000    0.000000  0.000000  0.000000
   H  -3.672757   6.787431   0.000000    0.000000  0.000000  0.000000
   H  -1.225580   6.778408   0.000000    0.000000 -0.000000  0.000000
   H   1.225580   6.778408   0.000000    0.000000 -0.000000  0.000000
   H   3.672757   6.787431   0.000000    0.000000  0.000000  0.000000
   H   6.116625   6.819427   0.000000   -0.000000  0.000000  0.000000
   H  -6.116625  -6.819427   0.000000    0.000000  0.000000  0.000000
   H  -3.672757  -6.787431   0.000000    0.000000  0.000000  0.000000
   H  -1.225580  -6.778408   0.000000    0.000000  0.000000  0.000000
   H   1.225580  -6.778408   0.000000    0.000000  0.000000  0.000000
   H   3.672757  -6.787431   0.000000    0.000000  0.000000  0.000000
   H   6.116625  -6.819427   0.000000   -0.000000  0.000000  0.000000
converged SCF energy = -3100.89378726545
--------------- ROKS_Scanner gradients ---------------
         x                y                z
0 C    -0.0057199739    -0.0003931224    -0.0000000000
1 C    -0.0064652058    -0.0047140752     0.0000000000
2 C     0.0037890105    -0.0074632820    -0.0000000000
3 C    -0.0017911677     0.0012999389    -0.0000000000
4 C     0.0006907003     0.0116759175     0.0000000000
5 C     0.0044412856    -0.0099391398     0.0000000000
6 C    -0.0077327471    -0.0016009021     0.0000000000
7 C     0.0011893207    -0.0018661821    -0.0000000000
8 C     0.0101981314    -0.0022859806    -0.0000000000
9 C    -0.0122437246    -0.0081503027    -0.0000000000
10 C     0.0015583925     0.0014061183    -0.0000000000
11 C    -0.0113738886     0.0052845131     0.0000000000
12 C     0.0060244302     0.0028927590     0.0000000000
13 C     0.0019198587     0.0084686677    -0.0000000000
14 C     0.0237435849    -0.0095548557     0.0000000000
15 C    -0.0474669943     0.0005367407    -0.0000000000
16 C    -0.0344173557    -0.0133829620     0.0000000000
17 C    -0.0399928285    -0.0119018384    -0.0000000000
18 C    -0.0109578915     0.0065107573     0.0000000000
19 C     0.0125723209     0.0111129539     0.0000000000
20 C     0.0199761066    -0.0053474418     0.0000000000
21 N    -0.0054657572     0.0175764812     0.0000000000
22 C    -0.0169786992     0.0161228925    -0.0000000000
23 N    -0.0111659752     0.0105738863     0.0000000000
24 C    -0.0007334675     0.0534637791     0.0000000000
25 C    -0.0026186403     0.0066215049     0.0000000000
26 C     0.0202337043    -0.0125647265    -0.0000000000
27 C     0.0105118035    -0.0020866868     0.0000000000
28 C     0.0138553258     0.0155212752     0.0000000000
29 C    -0.0000901117     0.0487419113    -0.0000000000
30 C    -0.0042441027     0.0039951802     0.0000000000
31 C    -0.0164010472     0.0022065757     0.0000000000
32 C     0.0121904974    -0.0079625490    -0.0000000000
33 C    -0.0365237454    -0.0130447165     0.0000000000
34 N     0.0052010583     0.0149514542     0.0000000000
35 C     0.0065921957     0.0416609475     0.0000000000
36 C    -0.0027018336     0.0193920269     0.0000000000
37 C    -0.0243297587    -0.0130397451    -0.0000000000
38 N    -0.0273780005     0.0061796786    -0.0000000000
39 C    -0.0018641973     0.0042162107     0.0000000000
40 C     0.0032916974     0.0035988333    -0.0000000000
41 C    -0.0049023843     0.0067377399    -0.0000000000
42 C     0.0057941813     0.0056344142    -0.0000000000
43 C    -0.0002930926    -0.0003614435     0.0000000000
44 C    -0.0054154436     0.0053388008     0.0000000000
45 C     0.0039246336    -0.0118146133     0.0000000000
46 C    -0.0154934400     0.0057300376    -0.0000000000
47 C     0.0020546294     0.0099040501    -0.0000000000
48 C     0.0023092309     0.0015133380    -0.0000000000
49 C     0.0013756541    -0.0014070023     0.0000000000
50 C    -0.0178637640     0.0078966626     0.0000000000
51 C     0.0180815941    -0.0198670355     0.0000000000
52 N     0.0139648306     0.0010290127     0.0000000000
53 C     0.0177914936     0.0045566955    -0.0000000000
54 C     0.0016771652    -0.0007456215     0.0000000000
55 C    -0.0186371013    -0.0019707093    -0.0000000000
56 C    -0.0225181904     0.0158596430    -0.0000000000
57 C     0.0282891061     0.0159508603    -0.0000000000
58 C     0.0504632502     0.0095684536     0.0000000000
59 C     0.0264777592     0.0079513785     0.0000000000
60 C    -0.0017661113    -0.0284212714    -0.0000000000
61 N    -0.0188345419     0.0096846074     0.0000000000
62 C    -0.0178995691     0.0134792156    -0.0000000000
63 C    -0.0061282036    -0.0041971720    -0.0000000000
64 C    -0.0025549022    -0.0047971147     0.0000000000
65 C     0.0093049290    -0.0408306491     0.0000000000
66 N    -0.0033686939    -0.0274979630    -0.0000000000
67 C     0.0229231396     0.0150627607    -0.0000000000
68 C    -0.0122682997     0.0025308336     0.0000000000
69 C     0.0239660533    -0.0211966224    -0.0000000000
70 C    -0.0244699937    -0.0343296975    -0.0000000000
71 C     0.0060590631    -0.0275889518     0.0000000000
72 C     0.0185911908    -0.0088629895    -0.0000000000
73 C     0.0053822461     0.0133593671     0.0000000000
74 C     0.0360520372    -0.0007104061    -0.0000000000
75 C    -0.0003689128    -0.0346669350     0.0000000000
76 C    -0.0118928854    -0.0149998535    -0.0000000000
77 C     0.0172133018    -0.0124326031     0.0000000000
78 H     0.0050166301     0.0026380264     0.0000000000
79 H     0.0062026312    -0.0026447684    -0.0000000000
80 H     0.0067155118     0.0026524036    -0.0000000000
81 H     0.0032051372    -0.0039319856     0.0000000000
82 H     0.0579531755     0.0249374367    -0.0000000000
83 H     0.0034239768    -0.0109055437    -0.0000000000
84 H    -0.0047372071     0.0027767266     0.0000000000
85 H    -0.0053819452    -0.0029673273    -0.0000000000
86 H    -0.0058468393     0.0027509416     0.0000000000
87 H    -0.0058645529    -0.0027560823    -0.0000000000
88 H    -0.0066755733     0.0024109790    -0.0000000000
89 H    -0.0050708443    -0.0030761156    -0.0000000000
90 H     0.0001130345     0.0058682871     0.0000000000
91 H    -0.0001636169     0.0061608577    -0.0000000000
92 H    -0.0003625040     0.0064057003    -0.0000000000
93 H    -0.0034792853     0.0087058834     0.0000000000
94 H     0.0027600958     0.0087804447     0.0000000000
95 H     0.0002909348     0.0065361655    -0.0000000000
96 H    -0.0007589742    -0.0062575194     0.0000000000
97 H     0.0000129187    -0.0059752363     0.0000000000
98 H     0.0008449431    -0.0622005247     0.0000000000
99 H    -0.0005256621    -0.0056083375    -0.0000000000
100 H    -0.0032450728    -0.0082665371    -0.0000000000
101 H    -0.0007661235    -0.0097882049    -0.0000000000
----------------------------------------------
cycle 1: E = -3100.89378727  dE = -3100.89  norm(grad) = 0.226484

Geometry optimization cycle 2
Cartesian coordinates (Angstrom)
 Atom        New coordinates             dX        dY        dZ
   C  -7.275504   4.985211   0.000000    0.062722 -0.057548  0.000000
   C  -7.304256   0.663615   0.000000    0.060972 -0.027524  0.000000
   C  -6.132216   2.860496   0.000000    0.041426 -0.028917  0.000000
   C  -4.859539   4.979124   0.000000    0.050552 -0.040493  0.000000
   C  -7.271751  -3.634113   0.000000    0.086300  0.008522  0.000000
   C  -6.118486  -1.436257   0.000000    0.054989 -0.004472  0.000000
   C  -4.901571   0.702718   0.000000    0.038497 -0.013971  0.000000
   C  -3.668560   2.839601   0.000000    0.026285 -0.020710  0.000000
   C  -2.421230   4.966974  -0.000000    0.035994 -0.038741 -0.000000
   C  -6.025263  -5.658618   0.000000    0.113252  0.068628  0.000000
   C  -4.862937  -3.555323   0.000000    0.065277  0.024748  0.000000
   C  -3.663934  -1.414363  -0.000000    0.034235  0.011208 -0.000000
   C  -2.466037   0.707535  -0.000000    0.005743 -0.009004 -0.000000
   C  -1.217688   2.816071  -0.000000    0.013016 -0.035836 -0.000000
   C   0.008187   4.938281  -0.000000    0.008187 -0.064887 -0.000000
   C  -3.571466  -5.655827  -0.000000    0.107500  0.038225 -0.000000
   C  -2.437976  -3.481060  -0.000000    0.028038  0.079863 -0.000000
   C  -1.206707  -1.384336  -0.000000    0.025716  0.038871 -0.000000
   C   0.004746   0.708516  -0.000000    0.004746 -0.007293 -0.000000
   C   1.227942   2.797465  -0.000000   -0.002763 -0.054442 -0.000000
   C   2.444455   4.890486  -0.000000   -0.012769 -0.115229 -0.000000
   N  -1.210013  -5.492837  -0.000000    0.016321  0.192243 -0.000000
   C  -0.005017  -3.494443  -0.000000   -0.005017  0.062636 -0.000000
   N   1.215205  -1.398466  -0.000000   -0.017218  0.024741 -0.000000
   C   2.446560   0.676867  -0.000000   -0.025219 -0.039673 -0.000000
   C   3.677363   2.789385   0.000000   -0.017482 -0.070927  0.000000
   C   4.868808   4.927693   0.000000   -0.041282 -0.091924  0.000000
   C   1.198197  -5.628480  -0.000000   -0.028137  0.056600 -0.000000
   C   2.406300  -3.507738  -0.000000   -0.059715  0.053185 -0.000000
   C   3.640280  -1.423712  -0.000000   -0.057889  0.001858 -0.000000
   C   4.884784   0.703392   0.000000   -0.055284 -0.013297  0.000000
   C   6.138858   2.822193   0.000000   -0.034784 -0.067221  0.000000
   C   7.271307   4.948923   0.000000   -0.066919 -0.093837  0.000000
   C   3.643169  -5.587098  -0.000000   -0.035797  0.106954 -0.000000
   N   4.821287  -3.524842  -0.000000   -0.106927  0.055229 -0.000000
   C   6.085838  -1.418703   0.000000   -0.087637  0.013083  0.000000
   C   7.285164   0.635095   0.000000   -0.080064 -0.056044  0.000000
   C   6.087182  -5.601113   0.000000   -0.051333  0.126133  0.000000
   N   7.171430  -3.560664   0.000000   -0.186622  0.081971  0.000000
   C  -7.314862   3.592720   0.000000    0.043189 -0.049915  0.000000
   C  -6.087733   5.670676   0.000000    0.050782 -0.056570  0.000000
   C  -7.304256  -0.714583   0.000000    0.060972 -0.023444  0.000000
   C  -6.131139   1.407641   0.000000    0.042336 -0.024144  0.000000
   C  -4.894092   3.551727   0.000000    0.034122 -0.028343  0.000000
   C  -3.631903   5.646272   0.000000    0.047063 -0.047781  0.000000
   C  -7.243541  -5.014556   0.000000    0.094685  0.028204  0.000000
   C  -6.093376  -2.885180   0.000000    0.080266  0.004234  0.000000
   C  -4.900390  -0.723556   0.000000    0.039679 -0.006867  0.000000
   C  -3.678758   1.414273  -0.000000    0.019411 -0.011298 -0.000000
   C  -2.442991   3.531439  -0.000000    0.023024 -0.029484 -0.000000
   C  -1.183911   5.631629  -0.000000    0.042424 -0.053451 -0.000000
   C  -4.809656  -4.969819   0.000000    0.100434  0.049798  0.000000
   N  -3.668836  -2.821440  -0.000000    0.026009  0.038872 -0.000000
   C  -2.459846  -0.709450  -0.000000    0.011933  0.007090 -0.000000
   C  -1.227792   1.402609  -0.000000    0.004631 -0.020599 -0.000000
   C   0.018963   3.506268  -0.000000    0.018963 -0.050810 -0.000000
   C   1.253966   5.570951  -0.000000    0.027632 -0.114128 -0.000000
   C  -2.447700  -4.897330  -0.000000    0.009523  0.108385 -0.000000
   C  -1.246231  -2.795091  -0.000000   -0.015527  0.056816 -0.000000
   C  -0.009442  -0.701283  -0.000000   -0.009442  0.014526 -0.000000
   C   1.227311   1.404277  -0.000000   -0.005112 -0.018930 -0.000000
   N   2.470830   3.468542  -0.000000    0.004815 -0.092380 -0.000000
   C   3.655854   5.570250   0.000000   -0.023112 -0.123802  0.000000
   C   0.024170  -4.904152  -0.000000    0.024170  0.099017 -0.000000
   C   1.202236  -2.798026  -0.000000   -0.028469  0.053881 -0.000000
   C   2.433571  -0.700569  -0.000000   -0.038208  0.015971 -0.000000
   N   3.659480   1.397413   0.000000   -0.038689 -0.028158  0.000000
   C   4.886786   3.493723   0.000000   -0.041428 -0.086347  0.000000
   C   6.091782   5.636099   0.000000   -0.046733 -0.091147  0.000000
   C   2.397767  -4.924112  -0.000000   -0.059457  0.081603 -0.000000
   C   3.629745  -2.807072  -0.000000   -0.065100  0.053239 -0.000000
   C   4.864031  -0.697438   0.000000   -0.076037  0.019251  0.000000
   C   6.105087   1.391439   0.000000   -0.068388 -0.040346  0.000000
   C   7.315931   3.550586   0.000000   -0.042120 -0.092049  0.000000
   C   4.836428  -4.931221  -0.000000   -0.073662  0.088396 -0.000000
   C   6.023564  -2.812157   0.000000   -0.150078  0.077257  0.000000
   C   7.309900  -0.724840   0.000000   -0.055327 -0.033701  0.000000
   C   7.251664  -4.913008   0.000000   -0.086562  0.129752  0.000000
   H   8.205540   5.498930   0.000000   -0.076644 -0.092495  0.000000
   H   8.275605   3.053395   0.000000   -0.050135 -0.087711  0.000000
   H   8.234830   1.150065   0.000000   -0.091885 -0.054596  0.000000
   H   8.265220  -1.236443   0.000000   -0.061495 -0.031781  0.000000
   H   8.037126  -3.050861   0.000000   -0.288615  0.090245  0.000000
   H   8.227765  -5.375967   0.000000   -0.054419  0.215458  0.000000
   H  -8.210541   5.534312   0.000000    0.071643 -0.057112  0.000000
   H  -8.276067   3.096777   0.000000    0.049674 -0.044329  0.000000
   H  -8.259501   1.170247   0.000000    0.067214 -0.034415  0.000000
   H  -8.254749  -1.230022   0.000000    0.071966 -0.025361  0.000000
   H  -8.230107  -3.135301   0.000000    0.095633  0.005805  0.000000
   H  -8.170194  -5.576537   0.000000    0.111990  0.014888  0.000000
   H  -6.073967   6.754977   0.000000    0.042658 -0.064450  0.000000
   H  -3.623764   6.731205   0.000000    0.048993 -0.056227  0.000000
   H  -1.164485   6.716016  -0.000000    0.061095 -0.062392 -0.000000
   H   1.300782   6.651346  -0.000000    0.075202 -0.127061 -0.000000
   H   3.627554   6.651277   0.000000   -0.045203 -0.136154  0.000000
   H   6.071335   6.719394   0.000000   -0.045290 -0.100033  0.000000
   H  -5.985079  -6.741753   0.000000    0.131547  0.077674  0.000000
   H  -3.524033  -6.740005  -0.000000    0.148724  0.047426 -0.000000
   H  -1.216744  -6.500999  -0.000000    0.008836  0.277409 -0.000000
   H   1.190192  -6.714100  -0.000000   -0.035388  0.064307 -0.000000
   H   3.668382  -6.668857  -0.000000   -0.004375  0.118574 -0.000000
   H   6.093588  -6.680113   0.000000   -0.023038  0.139314  0.000000
converged SCF energy = -3100.95878377459
--------------- ROKS_Scanner gradients ---------------
         x                y                z
0 C     0.0029791273    -0.0025227862     0.0000000000
1 C     0.0006543289    -0.0033523510     0.0000000000
2 C     0.0035362982    -0.0005782973     0.0000000000
3 C     0.0030997187     0.0020651635     0.0000000000
4 C     0.0034668072     0.0047820109    -0.0000000000
5 C     0.0004068189    -0.0030144427     0.0000000000
6 C    -0.0014124407    -0.0002147488     0.0000000000
7 C     0.0004808813    -0.0003761580     0.0000000000
8 C     0.0072850147     0.0000243551     0.0000000000
9 C    -0.0059108742     0.0074979939    -0.0000000000
10 C    -0.0047738037    -0.0033067455    -0.0000000000
11 C    -0.0002349429     0.0066305786     0.0000000000
12 C     0.0010005841     0.0003072700     0.0000000000
13 C    -0.0007351927     0.0043085921     0.0000000000
14 C     0.0067569296    -0.0056035760    -0.0000000000
15 C    -0.0053630675    -0.0083620167     0.0000000000
16 C     0.0003448229    -0.0081790011     0.0000000000
17 C    -0.0078794037    -0.0036437248    -0.0000000000
18 C    -0.0025531831    -0.0012830314    -0.0000000000
19 C     0.0019657434     0.0032292953     0.0000000000
20 C     0.0037459075     0.0027501463     0.0000000000
21 N    -0.0085420080     0.0201643327    -0.0000000000
22 C    -0.0143973911     0.0009472897     0.0000000000
23 N    -0.0033057239     0.0081964977    -0.0000000000
24 C    -0.0013278879     0.0164723252    -0.0000000000
25 C     0.0042290246     0.0051784867     0.0000000000
26 C     0.0101465063    -0.0038259403     0.0000000000
27 C     0.0002856425    -0.0028802665     0.0000000000
28 C     0.0054405549     0.0117288342     0.0000000000
29 C    -0.0055615154     0.0184540891     0.0000000000
30 C     0.0054875886     0.0047412259    -0.0000000000
31 C    -0.0052818775     0.0045251987     0.0000000000
32 C    -0.0017725260    -0.0073523549     0.0000000000
33 C    -0.0108394453     0.0056622458     0.0000000000
34 N    -0.0044896017    -0.0005529187     0.0000000000
35 C     0.0099246740     0.0210549946    -0.0000000000
36 C    -0.0103122500     0.0053963295     0.0000000000
37 C    -0.0093278785     0.0105194237     0.0000000000
38 N    -0.0210390596    -0.0012785662     0.0000000000
39 C    -0.0040691997    -0.0006041700    -0.0000000000
40 C    -0.0000934495    -0.0007144974    -0.0000000000
41 C    -0.0009923822     0.0020820614    -0.0000000000
42 C     0.0000639221     0.0025487860    -0.0000000000
43 C    -0.0021601628     0.0002917269    -0.0000000000
44 C    -0.0025278135    -0.0003240485    -0.0000000000
45 C     0.0007445574    -0.0064216355     0.0000000000
46 C    -0.0014959905     0.0008517722     0.0000000000
47 C     0.0000005307    -0.0010819755    -0.0000000000
48 C    -0.0018671255     0.0006740053    -0.0000000000
49 C    -0.0006048641    -0.0006893086    -0.0000000000
50 C    -0.0053899914     0.0039540253     0.0000000000
51 C     0.0193933924    -0.0025768668     0.0000000000
52 N     0.0020657867    -0.0060566057     0.0000000000
53 C     0.0056081874    -0.0022098850     0.0000000000
54 C    -0.0002638605    -0.0015664621    -0.0000000000
55 C    -0.0018599871    -0.0014350760    -0.0000000000
56 C    -0.0049498110     0.0013094640    -0.0000000000
57 C    -0.0118553531     0.0105661656     0.0000000000
58 C     0.0113136600     0.0112004891    -0.0000000000
59 C     0.0064516006     0.0048488773     0.0000000000
60 C     0.0057143101    -0.0086685528     0.0000000000
61 N    -0.0013748616    -0.0048249522    -0.0000000000
62 C    -0.0107971387    -0.0030236766    -0.0000000000
63 C     0.0176985505    -0.0117751748    -0.0000000000
64 C    -0.0004032021    -0.0104422053    -0.0000000000
65 C     0.0074359532    -0.0162735311     0.0000000000
66 N    -0.0061124552    -0.0116441296    -0.0000000000
67 C     0.0048874600     0.0016387198    -0.0000000000
68 C    -0.0064719933     0.0029618563    -0.0000000000
69 C     0.0027062224    -0.0047018402    -0.0000000000
70 C    -0.0087847561    -0.0098546307    -0.0000000000
71 C    -0.0030343487    -0.0138797275     0.0000000000
72 C     0.0028040675    -0.0017162730    -0.0000000000
73 C     0.0052612277     0.0027135326    -0.0000000000
74 C     0.0150762428    -0.0054576401     0.0000000000
75 C    -0.0042500412    -0.0006655762     0.0000000000
76 C     0.0002844966    -0.0093072600    -0.0000000000
77 C     0.0191030927    -0.0037351779    -0.0000000000
78 H    -0.0003498522    -0.0002433082    -0.0000000000
79 H     0.0010049302    -0.0011599958     0.0000000000
80 H     0.0004824912    -0.0011878612    -0.0000000000
81 H     0.0006922782    -0.0021284101     0.0000000000
82 H     0.0032276904    -0.0011728009     0.0000000000
83 H    -0.0002917442    -0.0030847324     0.0000000000
84 H    -0.0001081615    -0.0003817488     0.0000000000
85 H    -0.0007412350    -0.0007931487     0.0000000000
86 H    -0.0000411139     0.0002481752    -0.0000000000
87 H    -0.0005234164    -0.0008358143     0.0000000000
88 H    -0.0008239019    -0.0004270090    -0.0000000000
89 H    -0.0011765983     0.0002417893    -0.0000000000
90 H     0.0005235469     0.0002412178    -0.0000000000
91 H     0.0003944625     0.0001822522     0.0000000000
92 H     0.0002204352     0.0005464839     0.0000000000
93 H    -0.0012334212     0.0000654082    -0.0000000000
94 H     0.0014409788    -0.0000237738     0.0000000000
95 H     0.0001737723     0.0007519644     0.0000000000
96 H     0.0002967004     0.0006319187     0.0000000000
97 H     0.0012583859    -0.0023397962    -0.0000000000
98 H     0.0006950263    -0.0014762318    -0.0000000000
99 H    -0.0002144044    -0.0019211647     0.0000000000
100 H     0.0000785953    -0.0000271953     0.0000000000
101 H     0.0016386953     0.0000000620    -0.0000000000
----------------------------------------------
cycle 2: E = -3100.95878377  dE = -0.0649965  norm(grad) = 0.0891112

Geometry optimization cycle 3
Cartesian coordinates (Angstrom)
 Atom        New coordinates             dX        dY        dZ
   C  -7.279730   5.018911  -0.000000   -0.004227  0.033700 -0.000000
   C  -7.297739   0.682584  -0.000000    0.006517  0.018969 -0.000000
   C  -6.131309   2.866290  -0.000000    0.000906  0.005794 -0.000000
   C  -4.866525   4.970890  -0.000000   -0.006987 -0.008234 -0.000000
   C  -7.251685  -3.642643   0.000000    0.020066 -0.008530  0.000000
   C  -6.110825  -1.423247   0.000000    0.007661  0.013010  0.000000
   C  -4.892294   0.700387   0.000000    0.009277 -0.002331  0.000000
   C  -3.668065   2.828679   0.000000    0.000495 -0.010922  0.000000
   C  -2.434575   4.947814  -0.000000   -0.013345 -0.019160  0.000000
   C  -6.000604  -5.687796   0.000000    0.024660 -0.029178  0.000000
   C  -4.854864  -3.531053   0.000000    0.008074  0.024270  0.000000
   C  -3.656015  -1.425283   0.000000    0.007919 -0.010920  0.000000
   C  -2.463933   0.695884   0.000000    0.002103 -0.011651  0.000000
   C  -1.218389   2.799415   0.000000   -0.000701 -0.016656  0.000000
   C   0.002456   4.930133   0.000000   -0.005731 -0.008148  0.000000
   C  -3.564641  -5.589586   0.000000    0.006825  0.066242  0.000000
   C  -2.420576  -3.494919   0.000000    0.017400 -0.013859  0.000000
   C  -1.197423  -1.390997   0.000000    0.009283 -0.006661  0.000000
   C   0.007459   0.697934   0.000000    0.002713 -0.010582  0.000000
   C   1.217673   2.789034   0.000000   -0.010269 -0.008430  0.000000
   C   2.442525   4.878968   0.000000   -0.001930 -0.011518  0.000000
   N  -1.180313  -5.559332   0.000000    0.029700 -0.066495  0.000000
   C   0.014865  -3.477583   0.000000    0.019883  0.016860  0.000000
   N   1.223640  -1.403311   0.000000    0.008435 -0.004845  0.000000
   C   2.441420   0.660741   0.000000   -0.005141 -0.016126  0.000000
   C   3.651740   2.774145   0.000000   -0.025623 -0.015239  0.000000
   C   4.846093   4.916008   0.000000   -0.022715 -0.011685  0.000000
   C   1.177516  -5.576015  -0.000000   -0.020681  0.052464 -0.000000
   C   2.424860  -3.505301  -0.000000    0.018560  0.002436 -0.000000
   C   3.641076  -1.441746   0.000000    0.000796 -0.018033  0.000000
   C   4.871130   0.697819   0.000000   -0.013654 -0.005573  0.000000
   C   6.109015   2.810397   0.000000   -0.029843 -0.011796  0.000000
   C   7.271524   4.952106   0.000000    0.000217  0.003183  0.000000
   C   3.633938  -5.597168  -0.000000   -0.009231 -0.010070 -0.000000
   N   4.852838  -3.523211  -0.000000    0.031551  0.001631 -0.000000
   C   6.064035  -1.439629   0.000000   -0.021803 -0.020926 -0.000000
   C   7.283704   0.642921   0.000000   -0.001460  0.007826  0.000000
   C   6.045006  -5.621752  -0.000000   -0.042176 -0.020639 -0.000000
   N   7.224313  -3.532714  -0.000000    0.052884  0.027950 -0.000000
   C  -7.293502   3.626038  -0.000000    0.021360  0.033318 -0.000000
   C  -6.082992   5.682631  -0.000000    0.004741  0.011955 -0.000000
   C  -7.289193  -0.695810   0.000000    0.015063  0.018773 -0.000000
   C  -6.120369   1.411418  -0.000000    0.010769  0.003776 -0.000000
   C  -4.889354   3.544963  -0.000000    0.004738 -0.006764 -0.000000
   C  -3.636813   5.633083  -0.000000   -0.004910 -0.013188 -0.000000
   C  -7.207129  -5.017546   0.000000    0.036412 -0.002990  0.000000
   C  -6.084905  -2.872111   0.000000    0.008471  0.013069  0.000000
   C  -4.888520  -0.725134   0.000000    0.011870 -0.001578  0.000000
   C  -3.671242   1.405470   0.000000    0.007516 -0.008803  0.000000
   C  -2.443903   3.515021   0.000000   -0.000912 -0.016418  0.000000
   C  -1.190292   5.605026   0.000000   -0.006382 -0.026603  0.000000
   C  -4.830449  -4.937613   0.000000   -0.020793  0.032205  0.000000
   N  -3.651932  -2.823237   0.000000    0.016904 -0.001797  0.000000
   C  -2.458353  -0.718950   0.000000    0.001493 -0.009500  0.000000
   C  -1.225543   1.388936   0.000000    0.002249 -0.013673  0.000000
   C   0.014302   3.498381   0.000000   -0.004661 -0.007887  0.000000
   C   1.257874   5.551515   0.000000    0.003907 -0.019437  0.000000
   C  -2.395773  -4.921283   0.000000    0.051927 -0.023953  0.000000
   C  -1.246978  -2.804396   0.000000   -0.000747 -0.009305  0.000000
   C  -0.008151  -0.713504   0.000000    0.001291 -0.012221  0.000000
   C   1.221783   1.402142   0.000000   -0.005527 -0.002134  0.000000
   N   2.458740   3.461213   0.000000   -0.012090 -0.007329  0.000000
   C   3.652283   5.568535   0.000000   -0.003571 -0.001715  0.000000
   C  -0.005990  -4.875981  -0.000000   -0.030160  0.028171  0.000000
   C   1.224449  -2.789406   0.000000    0.022213  0.008620  0.000000
   C   2.432604  -0.699223   0.000000   -0.000967  0.001346  0.000000
   N   3.650571   1.394654   0.000000   -0.008909 -0.002760  0.000000
   C   4.851803   3.478876   0.000000   -0.034983 -0.014847  0.000000
   C   6.082748   5.609482   0.000000   -0.009035 -0.026617  0.000000
   C   2.394359  -4.909340  -0.000000   -0.003408  0.014771 -0.000000
   C   3.662580  -2.809104  -0.000000    0.032835 -0.002032 -0.000000
   C   4.852614  -0.696297   0.000000   -0.011418  0.001141  0.000000
   C   6.089499   1.385627   0.000000   -0.015588 -0.005811  0.000000
   C   7.272790   3.550038   0.000000   -0.043141 -0.000548  0.000000
   C   4.803164  -4.925491  -0.000000   -0.033264  0.005730 -0.000000
   C   6.060152  -2.817493  -0.000000    0.036588 -0.005336 -0.000000
   C   7.276286  -0.708911   0.000000   -0.033615  0.015928  0.000000
   C   7.163498  -4.875049  -0.000000   -0.088166  0.037959 -0.000000
   H   8.207131   5.498060   0.000000    0.001591 -0.000870  0.000000
   H   8.225817   3.048291   0.000000   -0.049788 -0.005104  0.000000
   H   8.230137   1.160366   0.000000   -0.004693  0.010301  0.000000
   H   8.234985  -1.206548   0.000000   -0.030235  0.029895 -0.000000
   H   8.082799  -3.049351  -0.000000    0.045673  0.001510 -0.000000
   H   8.136486  -5.335882  -0.000000   -0.091280  0.040085 -0.000000
   H  -8.212762   5.568881  -0.000000   -0.002220  0.034568 -0.000000
   H  -8.254683   3.136751  -0.000000    0.021383  0.039974 -0.000000
   H  -8.250558   1.189748  -0.000000    0.008944  0.019501 -0.000000
   H  -8.238486  -1.207354   0.000000    0.016263  0.022668 -0.000000
   H  -8.212290  -3.153858   0.000000    0.017817 -0.018558  0.000000
   H  -8.131144  -5.578449   0.000000    0.039051 -0.001912  0.000000
   H  -6.054453   6.764752  -0.000000    0.019514  0.009775 -0.000000
   H  -3.625308   6.716103  -0.000000   -0.001544 -0.015101 -0.000000
   H  -1.174516   6.686997  -0.000000   -0.010031 -0.029019 -0.000000
   H   1.320390   6.628812   0.000000    0.019608 -0.022534  0.000000
   H   3.615038   6.647081   0.000000   -0.012516 -0.004196  0.000000
   H   6.056111   6.689857   0.000000   -0.015224 -0.029537  0.000000
   H  -5.943259  -6.769421   0.000000    0.041820 -0.027668  0.000000
   H  -3.548685  -6.669655   0.000000   -0.024653  0.070351  0.000000
   H  -1.168382  -6.549016   0.000000    0.048362 -0.048018  0.000000
   H   1.165439  -6.657346  -0.000000   -0.024753  0.056754 -0.000000
   H   3.662904  -6.676619  -0.000000   -0.005478 -0.007762 -0.000000
   H   6.060635  -6.698082  -0.000000   -0.032953 -0.017969 -0.000000
converged SCF energy = -3100.95539178503
--------------- ROKS_Scanner gradients ---------------
         x                y                z
0 C    -0.0048876931     0.0023352083    -0.0000000000
1 C    -0.0019874067     0.0016837526    -0.0000000000
2 C    -0.0039154741    -0.0028494059    -0.0000000000
3 C    -0.0014667899    -0.0003169273    -0.0000000000
4 C    -0.0007846056     0.0001040495    -0.0000000000
5 C     0.0014210572    -0.0000441219    -0.0000000000
6 C    -0.0005770001     0.0002550526    -0.0000000000
7 C    -0.0015371148    -0.0007024188    -0.0000000000
8 C    -0.0014727643     0.0006681608    -0.0000000000
9 C    -0.0008038557    -0.0106954825     0.0000000000
10 C     0.0033974144     0.0017854410     0.0000000000
11 C    -0.0027297423     0.0011513585    -0.0000000000
12 C    -0.0004438152    -0.0003174614    -0.0000000000
13 C    -0.0014883541    -0.0005981210    -0.0000000000
14 C     0.0015731320     0.0014509142     0.0000000000
15 C    -0.0006435255     0.0141743367    -0.0000000000
16 C    -0.0071345761    -0.0044288037    -0.0000000000
17 C     0.0055973544     0.0007022683    -0.0000000000
18 C     0.0001902204    -0.0018427687    -0.0000000000
19 C    -0.0018783212    -0.0011928056    -0.0000000000
20 C     0.0027990674     0.0040217973    -0.0000000000
21 N     0.0085121547    -0.0288331669    -0.0000000000
22 C     0.0100774256     0.0064565618    -0.0000000000
23 N     0.0005431044     0.0010901047    -0.0000000000
24 C    -0.0025023038    -0.0029545506    -0.0000000000
25 C    -0.0021026295    -0.0013259096     0.0000000000
26 C    -0.0034499219     0.0027717326    -0.0000000000
27 C    -0.0089585086     0.0063302594    -0.0000000000
28 C     0.0000838179     0.0056976400     0.0000000000
29 C    -0.0061189780    -0.0029453738     0.0000000000
30 C     0.0000937422     0.0018473176     0.0000000000
31 C    -0.0006665839    -0.0038928031    -0.0000000000
32 C     0.0079463179     0.0040441520    -0.0000000000
33 C     0.0043141274    -0.0042207706     0.0000000000
34 N     0.0023737953     0.0096618507     0.0000000000
35 C    -0.0032259584    -0.0068072145    -0.0000000000
36 C     0.0041411061     0.0026028374    -0.0000000000
37 C    -0.0029918491    -0.0175950544     0.0000000000
38 N     0.0330324640     0.0133206065    -0.0000000000
39 C     0.0068108214     0.0056245748     0.0000000000
40 C     0.0000489644    -0.0020810350     0.0000000000
41 C     0.0032434024     0.0023779212     0.0000000000
42 C     0.0039654341    -0.0017285825     0.0000000000
43 C     0.0012129750    -0.0015540585     0.0000000000
44 C    -0.0014702992    -0.0003952256     0.0000000000
45 C     0.0076802678     0.0047341443    -0.0000000000
46 C     0.0000594719    -0.0029461427    -0.0000000000
47 C     0.0016847204    -0.0017374009     0.0000000000
48 C     0.0005242094    -0.0006438923     0.0000000000
49 C     0.0016078450    -0.0013629031     0.0000000000
50 C    -0.0009706442    -0.0036168673    -0.0000000000
51 C    -0.0129996631     0.0058383085    -0.0000000000
52 N     0.0049584245     0.0022088200    -0.0000000000
53 C    -0.0015766788    -0.0034862139     0.0000000000
54 C    -0.0000295772    -0.0010796166     0.0000000000
55 C     0.0017242937     0.0008257028     0.0000000000
56 C     0.0028313618    -0.0045736201     0.0000000000
57 C     0.0157905878    -0.0017834316    -0.0000000000
58 C    -0.0043381788    -0.0053580107     0.0000000000
59 C    -0.0017523405     0.0004983426     0.0000000000
60 C     0.0032081134     0.0018547582     0.0000000000
61 N     0.0017210342    -0.0016393410     0.0000000000
62 C    -0.0012711488    -0.0019112506     0.0000000000
63 C    -0.0172233777     0.0071634140     0.0000000000
64 C     0.0014316190    -0.0030545317     0.0000000000
65 C     0.0032882246     0.0026927251     0.0000000000
66 N     0.0011279363    -0.0004171151    -0.0000000000
67 C    -0.0026734730    -0.0016816485    -0.0000000000
68 C    -0.0022210932    -0.0079421693     0.0000000000
69 C     0.0068241031     0.0015415741    -0.0000000000
70 C     0.0050538952    -0.0059848335    -0.0000000000
71 C    -0.0012159905    -0.0001089116    -0.0000000000
72 C    -0.0004665303    -0.0033166654     0.0000000000
73 C    -0.0075715199     0.0033984196    -0.0000000000
74 C    -0.0029242888     0.0040424656    -0.0000000000
75 C     0.0090814837    -0.0130679422     0.0000000000
76 C    -0.0070879662     0.0017785448     0.0000000000
77 C    -0.0299678628     0.0223914313     0.0000000000
78 H     0.0000851926     0.0003823732     0.0000000000
79 H    -0.0019504519     0.0011024432     0.0000000000
80 H    -0.0002232880    -0.0002034803     0.0000000000
81 H    -0.0019301316     0.0014512032    -0.0000000000
82 H    -0.0132701245    -0.0058574599     0.0000000000
83 H    -0.0036611554     0.0046188648     0.0000000000
84 H     0.0003866722     0.0004258803    -0.0000000000
85 H     0.0020846242     0.0014338473    -0.0000000000
86 H     0.0008342791    -0.0004505381     0.0000000000
87 H     0.0015064530     0.0012963112    -0.0000000000
88 H     0.0013169122    -0.0008346776     0.0000000000
89 H     0.0020306265     0.0006025501    -0.0000000000
90 H    -0.0007161152    -0.0011384904    -0.0000000000
91 H    -0.0001351812    -0.0010412365    -0.0000000000
92 H     0.0003164680    -0.0017702946     0.0000000000
93 H     0.0004322032    -0.0019997155    -0.0000000000
94 H     0.0006742483    -0.0012898307    -0.0000000000
95 H     0.0010011238    -0.0022312559    -0.0000000000
96 H     0.0001314278    -0.0007365599     0.0000000000
97 H     0.0011631092     0.0037528236    -0.0000000000
98 H    -0.0006462216     0.0135967763     0.0000000000
99 H    -0.0004296122     0.0023288509     0.0000000000
100 H     0.0001772130     0.0006183478    -0.0000000000
101 H    -0.0016076588    -0.0001192310    -0.0000000000
----------------------------------------------
cycle 3: E = -3100.95539179  dE = 0.00339199  norm(grad) = 0.0864443

Geometry optimization cycle 4
Cartesian coordinates (Angstrom)
 Atom        New coordinates             dX        dY        dZ
   C  -7.281448   5.005320  -0.000000   -0.001717 -0.013591  0.000000
   C  -7.303803   0.676912  -0.000000   -0.006064 -0.005672  0.000000
   C  -6.134215   2.865598  -0.000000   -0.002906 -0.000692  0.000000
   C  -4.868295   4.976002  -0.000000   -0.001770  0.005112 -0.000000
   C  -7.268622  -3.635675   0.000000   -0.016937  0.006969  0.000000
   C  -6.119447  -1.424383   0.000000   -0.008622 -0.001136  0.000000
   C  -4.896980   0.703067   0.000000   -0.004685  0.002680  0.000000
   C  -3.669529   2.835317   0.000000   -0.001465  0.006638  0.000000
   C  -2.434821   4.957747  -0.000000   -0.000246  0.009933 -0.000000
   C  -6.021485  -5.672252   0.000000   -0.020881  0.015544  0.000000
   C  -4.864080  -3.537341   0.000000   -0.009216 -0.006289  0.000000
   C  -3.662424  -1.423484   0.000000   -0.006409  0.001799  0.000000
   C  -2.465972   0.701062   0.000000   -0.002038  0.005178  0.000000
   C  -1.218233   2.807167   0.000000    0.000156  0.007752  0.000000
   C   0.000990   4.940955   0.000000   -0.001466  0.010822 -0.000000
   C  -3.574265  -5.613794   0.000000   -0.009625 -0.024208  0.000000
   C  -2.429043  -3.493312   0.000000   -0.008466  0.001607  0.000000
   C  -1.202243  -1.391301   0.000000   -0.004820 -0.000304  0.000000
   C   0.006612   0.701461   0.000000   -0.000846  0.003527  0.000000
   C   1.220065   2.796556   0.000000    0.002392  0.007522  0.000000
   C   2.442152   4.888555   0.000000   -0.000373  0.009587  0.000000
   N  -1.190164  -5.548119   0.000000   -0.009851  0.011213  0.000000
   C   0.010310  -3.488878   0.000000   -0.004555 -0.011295  0.000000
   N   1.222875  -1.405914   0.000000   -0.000765 -0.002603  0.000000
   C   2.444209   0.665108   0.000000    0.002790  0.004366  0.000000
   C   3.659459   2.783223   0.000000    0.007719  0.009078  0.000000
   C   4.852833   4.926959   0.000000    0.006739  0.010951  0.000000
   C   1.189363  -5.598719  -0.000000    0.011847 -0.022704  0.000000
   C   2.421654  -3.514246  -0.000000   -0.003206 -0.008945  0.000000
   C   3.647384  -1.440536   0.000000    0.006308  0.001210  0.000000
   C   4.876452   0.700089   0.000000    0.005322  0.002270  0.000000
   C   6.121481   2.816154   0.000000    0.012467  0.005757  0.000000
   C   7.269674   4.955402   0.000000   -0.001850  0.003295 -0.000000
   C   3.647070  -5.600937  -0.000000    0.013132 -0.003769  0.000000
   N   4.849669  -3.531575  -0.000000   -0.003169 -0.008364  0.000000
   C   6.075442  -1.440920   0.000000    0.011407 -0.001292  0.000000
   C   7.288593   0.638850   0.000000    0.004889 -0.004071  0.000000
   C   6.077501  -5.619746  -0.000000    0.032495  0.002006  0.000000
   N   7.216961  -3.556669  -0.000000   -0.007352 -0.023955  0.000000
   C  -7.305465   3.611563  -0.000000   -0.011963 -0.014475  0.000000
   C  -6.089294   5.680673  -0.000000   -0.006302 -0.001958 -0.000000
   C  -7.301968  -0.702454   0.000000   -0.012775 -0.006643  0.000000
   C  -6.127524   1.410761  -0.000000   -0.007155 -0.000657  0.000000
   C  -4.893091   3.549693  -0.000000   -0.003738  0.004731  0.000000
   C  -3.638805   5.641264  -0.000000   -0.001992  0.008181 -0.000000
   C  -7.235409  -5.011548   0.000000   -0.028280  0.005998  0.000000
   C  -6.094558  -2.873736   0.000000   -0.009654 -0.001626  0.000000
   C  -4.896601  -0.723023   0.000000   -0.008080  0.002111  0.000000
   C  -3.674691   1.410601   0.000000   -0.003449  0.005131  0.000000
   C  -2.444888   3.523608   0.000000   -0.000985  0.008587 -0.000000
   C  -1.191417   5.618653   0.000000   -0.001124  0.013628 -0.000000
   C  -4.833934  -4.947319   0.000000   -0.003485 -0.009705  0.000000
   N  -3.662517  -2.823518   0.000000   -0.010585 -0.000280  0.000000
   C  -2.462649  -0.715468   0.000000   -0.004296  0.003482  0.000000
   C  -1.226476   1.394958   0.000000   -0.000933  0.006022  0.000000
   C   0.014749   3.506875   0.000000    0.000447  0.008494  0.000000
   C   1.256200   5.565611   0.000000   -0.001674  0.014096 -0.000000
   C  -2.414703  -4.921996   0.000000   -0.018930 -0.000713  0.000000
   C  -1.249814  -2.807131   0.000000   -0.002836 -0.002735  0.000000
   C  -0.009656  -0.713312   0.000000   -0.001505  0.000192  0.000000
   C   1.221986   1.406691   0.000000    0.000203  0.004549  0.000000
   N   2.462240   3.469965   0.000000    0.003501  0.008752  0.000000
   C   3.655022   5.578085   0.000000    0.002739  0.009550 -0.000000
   C   0.004717  -4.890866  -0.000000    0.010708 -0.014885  0.000000
   C   1.219780  -2.795146   0.000000   -0.004669 -0.005740  0.000000
   C   2.434317  -0.699276   0.000000    0.001713 -0.000053  0.000000
   N   3.655112   1.400466   0.000000    0.004542  0.005813  0.000000
   C   4.863305   3.487945   0.000000    0.011502  0.009069  0.000000
   C   6.087278   5.626429   0.000000    0.004531  0.016947 -0.000000
   C   2.400501  -4.921169  -0.000000    0.006142 -0.011829  0.000000
   C   3.658612  -2.811588  -0.000000   -0.003968 -0.002483  0.000000
   C   4.862316  -0.696129   0.000000    0.009703  0.000168  0.000000
   C   6.096484   1.388607   0.000000    0.006985  0.002979  0.000000
   C   7.288794   3.552259   0.000000    0.016004  0.002222  0.000000
   C   4.823461  -4.934152  -0.000000    0.020297 -0.008661  0.000000
   C   6.055938  -2.823620  -0.000000   -0.004214 -0.006127  0.000000
   C   7.292696  -0.714881   0.000000    0.016410 -0.005970  0.000000
   C   7.218377  -4.906205  -0.000000    0.054879 -0.031155  0.000000
   H   8.205128   5.501810   0.000000   -0.002003  0.003751 -0.000000
   H   8.245266   3.054360   0.000000    0.019449  0.006069  0.000000
   H   8.234359   1.158371   0.000000    0.004222 -0.001995  0.000000
   H   8.253257  -1.211650   0.000000    0.018272 -0.005102  0.000000
   H   8.075976  -3.055472  -0.000000   -0.006823 -0.006122  0.000000
   H   8.196123  -5.363700  -0.000000    0.059637 -0.027818  0.000000
   H  -8.215549   5.553989  -0.000000   -0.002787 -0.014892  0.000000
   H  -8.266594   3.119080  -0.000000   -0.011911 -0.017671  0.000000
   H  -8.256913   1.185009  -0.000000   -0.006355 -0.004739  0.000000
   H  -8.252014  -1.215016   0.000000   -0.013528 -0.007662  0.000000
   H  -8.225982  -3.138406   0.000000   -0.013692  0.015453  0.000000
   H  -8.160648  -5.572714   0.000000   -0.029504  0.005735  0.000000
   H  -6.067963   6.763736  -0.000000   -0.013510 -0.001016 -0.000000
   H  -3.629227   6.725037  -0.000000   -0.003919  0.008933 -0.000000
   H  -1.176575   6.701720  -0.000000   -0.002059  0.014723 -0.000000
   H   1.318049   6.644253   0.000000   -0.002341  0.015441 -0.000000
   H   3.616191   6.657555   0.000000    0.001153  0.010474 -0.000000
   H   6.062826   6.708173   0.000000    0.006715  0.018316 -0.000000
   H  -5.971661  -6.754142   0.000000   -0.028403  0.015279  0.000000
   H  -3.556193  -6.695766   0.000000   -0.007508 -0.026112  0.000000
   H  -1.184262  -6.546838   0.000000   -0.015881  0.002178  0.000000
   H   1.180297  -6.681325  -0.000000    0.014857 -0.023978  0.000000
   H   3.676318  -6.680986  -0.000000    0.013414 -0.004367  0.000000
   H   6.084823  -6.696469  -0.000000    0.024188  0.001613  0.000000
converged SCF energy = -3100.96421870236
--------------- ROKS_Scanner gradients ---------------
         x                y                z
0 C    -0.0017076503     0.0004690310    -0.0000000000
1 C    -0.0006675154     0.0003439485    -0.0000000000
2 C    -0.0014314008    -0.0009183142    -0.0000000000
3 C    -0.0004926932    -0.0001485546    -0.0000000000
4 C    -0.0000053344     0.0002945041    -0.0000000000
5 C     0.0006965196     0.0003024223    -0.0000000000
6 C    -0.0000831563     0.0004360773    -0.0000000000
7 C    -0.0008028952    -0.0001122395    -0.0000000000
8 C    -0.0006269524     0.0005593972    -0.0000000000
9 C    -0.0010986927    -0.0039236886     0.0000000000
10 C     0.0014579165     0.0007756178     0.0000000000
11 C    -0.0015679003     0.0009208596    -0.0000000000
12 C     0.0001254519     0.0000963159    -0.0000000000
13 C    -0.0009201536    -0.0000915361    -0.0000000000
14 C     0.0009846699     0.0008469169    -0.0000000000
15 C    -0.0011544180     0.0065150089    -0.0000000000
16 C    -0.0036550703    -0.0020711589    -0.0000000000
17 C     0.0022003704     0.0001035181    -0.0000000000
18 C    -0.0001998936    -0.0011265717    -0.0000000000
19 C    -0.0009425701    -0.0000024800    -0.0000000000
20 C     0.0017283666     0.0019473040    -0.0000000000
21 N     0.0033989850    -0.0128242631    -0.0000000000
22 C     0.0044503735     0.0035549124     0.0000000000
23 N     0.0002463468     0.0015250725     0.0000000000
24 C    -0.0011976325    -0.0003944650    -0.0000000000
25 C    -0.0016019779    -0.0005742415     0.0000000000
26 C    -0.0008458409     0.0012216525     0.0000000000
27 C    -0.0033789049     0.0031242655     0.0000000000
28 C    -0.0002133425     0.0030369572     0.0000000000
29 C    -0.0033033867    -0.0000665113     0.0000000000
30 C    -0.0005154584     0.0009439395     0.0000000000
31 C    -0.0003100224    -0.0014148499    -0.0000000000
32 C     0.0032289693     0.0010906097    -0.0000000000
33 C     0.0007402419    -0.0011628633     0.0000000000
34 N     0.0001402192     0.0039823687     0.0000000000
35 C    -0.0022766185    -0.0022981645     0.0000000000
36 C     0.0021877826     0.0016103854    -0.0000000000
37 C    -0.0017403447    -0.0050314385    -0.0000000000
38 N     0.0112736663     0.0032441030    -0.0000000000
39 C     0.0021916754     0.0015303303     0.0000000000
40 C     0.0003109971    -0.0001315059     0.0000000000
41 C     0.0007595403     0.0002851536     0.0000000000
42 C     0.0014970241    -0.0001858942     0.0000000000
43 C     0.0007447699    -0.0006551965     0.0000000000
44 C    -0.0008823736     0.0001114284    -0.0000000000
45 C     0.0023958399     0.0014255782    -0.0000000000
46 C    -0.0005081648    -0.0010111633     0.0000000000
47 C     0.0006798955    -0.0010046395     0.0000000000
48 C     0.0001831924    -0.0001728888     0.0000000000
49 C     0.0011624203    -0.0007987661     0.0000000000
50 C    -0.0008900770    -0.0018258203    -0.0000000000
51 C    -0.0047580699     0.0022793392    -0.0000000000
52 N     0.0024894135     0.0004772235    -0.0000000000
53 C    -0.0009385155    -0.0016712694     0.0000000000
54 C    -0.0001243839    -0.0006196691     0.0000000000
55 C     0.0008888742     0.0004125955     0.0000000000
56 C     0.0008839573    -0.0018110371     0.0000000000
57 C     0.0079777966    -0.0003565971     0.0000000000
58 C    -0.0019658982    -0.0021920901    -0.0000000000
59 C    -0.0003318829     0.0001814711     0.0000000000
60 C     0.0020575850     0.0008522911     0.0000000000
61 N     0.0011630221    -0.0010903639     0.0000000000
62 C    -0.0012527274    -0.0002863822    -0.0000000000
63 C    -0.0073704067     0.0029474958    -0.0000000000
64 C     0.0002949231    -0.0024023078    -0.0000000000
65 C     0.0017650536     0.0001907362    -0.0000000000
66 N     0.0005878437     0.0000365904    -0.0000000000
67 C    -0.0008618345    -0.0010613596    -0.0000000000
68 C    -0.0018111345    -0.0026772234    -0.0000000000
69 C     0.0034839554    -0.0004471145    -0.0000000000
70 C     0.0027233269    -0.0035039450     0.0000000000
71 C     0.0000441118    -0.0004247534    -0.0000000000
72 C    -0.0002226321    -0.0016836457     0.0000000000
73 C    -0.0025534139     0.0013891808     0.0000000000
74 C    -0.0009910983     0.0006987806    -0.0000000000
75 C     0.0036219438    -0.0043588190    -0.0000000000
76 C    -0.0032183181     0.0002923781    -0.0000000000
77 C    -0.0080495424     0.0075383006     0.0000000000
78 H    -0.0003124410     0.0001117396    -0.0000000000
79 H    -0.0009188764     0.0003005424    -0.0000000000
80 H    -0.0002151524    -0.0002959175     0.0000000000
81 H    -0.0008967413     0.0008245286    -0.0000000000
82 H    -0.0053850803    -0.0028231406     0.0000000000
83 H    -0.0008754594     0.0014238279    -0.0000000000
84 H     0.0004011885     0.0000312259     0.0000000000
85 H     0.0007390153     0.0003972057    -0.0000000000
86 H     0.0004839160    -0.0002516724     0.0000000000
87 H     0.0005503245     0.0003590923    -0.0000000000
88 H     0.0005683535    -0.0005254623     0.0000000000
89 H     0.0006400306     0.0003344519    -0.0000000000
90 H    -0.0002490357    -0.0004762627    -0.0000000000
91 H    -0.0000277396    -0.0005132635     0.0000000000
92 H     0.0002603673    -0.0008659962     0.0000000000
93 H     0.0002683118    -0.0009313893    -0.0000000000
94 H     0.0004733974    -0.0006238418    -0.0000000000
95 H     0.0005273069    -0.0008573989     0.0000000000
96 H     0.0001458810     0.0000709468     0.0000000000
97 H     0.0008074242     0.0015968327     0.0000000000
98 H    -0.0002681110     0.0054967997     0.0000000000
99 H    -0.0000717980     0.0010617205    -0.0000000000
100 H     0.0003539967     0.0005028494    -0.0000000000
101 H    -0.0002644840     0.0006132902    -0.0000000000
----------------------------------------------
cycle 4: E = -3100.9642187  dE = -0.00882692  norm(grad) = 0.033423

Geometry optimization cycle 5
Cartesian coordinates (Angstrom)
 Atom        New coordinates             dX        dY        dZ
   C  -7.285591   5.004234  -0.000000   -0.004143 -0.001086 -0.000000
   C  -7.309856   0.675966   0.000000   -0.006053 -0.000947  0.000000
   C  -6.137487   2.866175  -0.000000   -0.003272  0.000576 -0.000000
   C  -4.868644   4.978366  -0.000000   -0.000348  0.002364 -0.000000
   C  -7.277384  -3.636887   0.000000   -0.008762 -0.001212  0.000000
   C  -6.124382  -1.429656   0.000000   -0.004934 -0.005273  0.000000
   C  -4.901561   0.702384   0.000000   -0.004581 -0.000683  0.000000
   C  -3.670775   2.838207  -0.000000   -0.001245  0.002890 -0.000000
   C  -2.432193   4.964095  -0.000000    0.002627  0.006348 -0.000000
   C  -6.027923  -5.671489   0.000000   -0.006438  0.000763  0.000000
   C  -4.868126  -3.550204   0.000000   -0.004046 -0.012863  0.000000
   C  -3.665447  -1.424217   0.000000   -0.003023 -0.000733  0.000000
   C  -2.467907   0.703039   0.000000   -0.001936  0.001977  0.000000
   C  -1.218247   2.811301   0.000000   -0.000014  0.004135 -0.000000
   C  -0.000675   4.946705  -0.000000   -0.001665  0.005749 -0.000000
   C  -3.578339  -5.648622   0.000000   -0.004073 -0.034828  0.000000
   C  -2.435573  -3.490729   0.000000   -0.006531  0.002583  0.000000
   C  -1.205008  -1.392735   0.000000   -0.002764 -0.001434  0.000000
   C   0.005845   0.702829   0.000000   -0.000767  0.001369 -0.000000
   C   1.222233   2.799099   0.000000    0.002169  0.002542 -0.000000
   C   2.440528   4.892743   0.000000   -0.001624  0.004188  0.000000
   N  -1.203290  -5.527146   0.000000   -0.013126  0.020973  0.000000
   C   0.006239  -3.501010   0.000000   -0.004071 -0.012132  0.000000
   N   1.222567  -1.409473   0.000000   -0.000308 -0.003560  0.000000
   C   2.447516   0.666951   0.000000    0.003306  0.001843 -0.000000
   C   3.668197   2.790495   0.000000    0.008738  0.007272  0.000000
   C   4.861211   4.936172   0.000000    0.008378  0.009213  0.000000
   C   1.194408  -5.626555  -0.000000    0.005045 -0.027836 -0.000000
   C   2.416861  -3.520945  -0.000000   -0.004793 -0.006698 -0.000000
   C   3.655144  -1.438287  -0.000000    0.007760  0.002249 -0.000000
   C   4.883399   0.704145   0.000000    0.006947  0.004056  0.000000
   C   6.134157   2.824331   0.000000    0.012675  0.008177  0.000000
   C   7.273692   4.962846   0.000000    0.004018  0.007445  0.000000
   C   3.645927  -5.603415  -0.000000   -0.001144 -0.002478 -0.000000
   N   4.845452  -3.534816  -0.000000   -0.004217 -0.003241 -0.000000
   C   6.089943  -1.435218  -0.000000    0.014501  0.005702 -0.000000
   C   7.293045   0.638099   0.000000    0.004453 -0.000751  0.000000
   C   6.080771  -5.628129  -0.000000    0.003270 -0.008383 -0.000000
   N   7.209843  -3.558585  -0.000000   -0.007118 -0.001915 -0.000000
   C  -7.311516   3.609796  -0.000000   -0.006051 -0.001767 -0.000000
   C  -6.092450   5.679095  -0.000000   -0.003156 -0.001577 -0.000000
   C  -7.306098  -0.704093   0.000000   -0.004130 -0.001640  0.000000
   C  -6.133055   1.410332  -0.000000   -0.005531 -0.000429 -0.000000
   C  -4.896020   3.551882  -0.000000   -0.002928  0.002189 -0.000000
   C  -3.638291   5.644410  -0.000000    0.000515  0.003146 -0.000000
   C  -7.244673  -5.013513   0.000000   -0.009264 -0.001965  0.000000
   C  -6.098053  -2.881135   0.000000   -0.003495 -0.007398  0.000000
   C  -4.901627  -0.724480   0.000000   -0.005026 -0.001456  0.000000
   C  -3.678040   1.412082   0.000000   -0.003349  0.001480 -0.000000
   C  -2.445947   3.528918  -0.000000   -0.001059  0.005310 -0.000000
   C  -1.190482   5.630588  -0.000000    0.000934  0.011935 -0.000000
   C  -4.829461  -4.964996   0.000000    0.004473 -0.017677  0.000000
   N  -3.671423  -2.825563   0.000000   -0.008906 -0.002046  0.000000
   C  -2.464364  -0.714331   0.000000   -0.001715  0.001137 -0.000000
   C  -1.227489   1.398133   0.000000   -0.001013  0.003175 -0.000000
   C   0.015111   3.510590   0.000000    0.000362  0.003715 -0.000000
   C   1.254182   5.574517   0.000000   -0.002018  0.008906 -0.000000
   C  -2.438861  -4.920690   0.000000   -0.024158  0.001305  0.000000
   C  -1.250575  -2.810265   0.000000   -0.000762 -0.003134  0.000000
   C  -0.010485  -0.714330   0.000000   -0.000829 -0.001018  0.000000
   C   1.221968   1.407334   0.000000   -0.000019  0.000643 -0.000000
   N   2.464970   3.474289   0.000000    0.002730  0.004324  0.000000
   C   3.657391   5.580943   0.000000    0.002369  0.002858  0.000000
   C   0.014330  -4.905202   0.000000    0.009613 -0.014336  0.000000
   C   1.214471  -2.799946   0.000000   -0.005308 -0.004799  0.000000
   C   2.436422  -0.700205   0.000000    0.002105 -0.000928  0.000000
   N   3.659777   1.404617   0.000000    0.004665  0.004151  0.000000
   C   4.874451   3.496821   0.000000    0.011146  0.008875  0.000000
   C   6.094663   5.641014   0.000000    0.007385  0.014585  0.000000
   C   2.394887  -4.929697  -0.000000   -0.005614 -0.008528 -0.000000
   C   3.652627  -2.811341  -0.000000   -0.005985  0.000247 -0.000000
   C   4.872677  -0.693119   0.000000    0.010361  0.003010 -0.000000
   C   6.103783   1.394703   0.000000    0.007299  0.006096  0.000000
   C   7.303993   3.558777   0.000000    0.015199  0.006518  0.000000
   C   4.826203  -4.938780  -0.000000    0.002742 -0.004628 -0.000000
   C   6.049509  -2.820190  -0.000000   -0.006430  0.003430 -0.000000
   C   7.313781  -0.716872   0.000000    0.021085 -0.001991 -0.000000
   C   7.221058  -4.913677  -0.000000    0.002681 -0.007472 -0.000000
   H   8.210225   5.509039   0.000000    0.005097  0.007228  0.000000
   H   8.263948   3.064805   0.000000    0.018682  0.010445  0.000000
   H   8.237082   1.162518   0.000000    0.002723  0.004147  0.000000
   H   8.275965  -1.214121  -0.000000    0.022708 -0.002472 -0.000000
   H   8.075345  -3.051047  -0.000000   -0.000631  0.004425 -0.000000
   H   8.200019  -5.370518  -0.000000    0.003896 -0.006818 -0.000000
   H  -8.220335   5.553567  -0.000000   -0.004786 -0.000422 -0.000000
   H  -8.273470   3.117023  -0.000000   -0.006875 -0.002058 -0.000000
   H  -8.264272   1.183724   0.000000   -0.007359 -0.001285  0.000000
   H  -8.257391  -1.215899   0.000000   -0.005377 -0.000883  0.000000
   H  -8.233504  -3.134714   0.000000   -0.007521  0.003691  0.000000
   H  -8.169431  -5.577051   0.000000   -0.008784 -0.004337  0.000000
   H  -6.071976   6.762898  -0.000000   -0.004013 -0.000838 -0.000000
   H  -3.630418   6.729066  -0.000000   -0.001191  0.004029 -0.000000
   H  -1.177134   6.714996  -0.000000   -0.000559  0.013276 -0.000000
   H   1.314266   6.654677   0.000000   -0.003783  0.010424 -0.000000
   H   3.613758   6.661346   0.000000   -0.002433  0.003790  0.000000
   H   6.068712   6.723809   0.000000    0.005886  0.015636  0.000000
   H  -5.986326  -6.754465   0.000000   -0.014665 -0.000324  0.000000
   H  -3.556283  -6.732495   0.000000   -0.000090 -0.036728  0.000000
   H  -1.203449  -6.533805   0.000000   -0.019186  0.013034  0.000000
   H   1.187986  -6.710645  -0.000000    0.007690 -0.029321 -0.000000
   H   3.672885  -6.684636  -0.000000   -0.003434 -0.003650 -0.000000
   H   6.085618  -6.706676  -0.000000    0.000795 -0.010206 -0.000000
converged SCF energy = -3100.9651177567
--------------- ROKS_Scanner gradients ---------------
         x                y                z
0 C    -0.0015274383     0.0007375781     0.0000000000
1 C    -0.0013224453     0.0004648541    -0.0000000000
2 C    -0.0004563590    -0.0007454361     0.0000000000
3 C     0.0003743232     0.0004890329    -0.0000000000
4 C    -0.0005452834     0.0009639852     0.0000000000
5 C    -0.0009903482    -0.0007887388    -0.0000000000
6 C    -0.0000739197    -0.0001649356     0.0000000000
7 C    -0.0000924628    -0.0001471969    -0.0000000000
8 C     0.0012464198     0.0002939520    -0.0000000000
9 C    -0.0001640428    -0.0001042310    -0.0000000000
10 C    -0.0003315084    -0.0007224439     0.0000000000
11 C     0.0010354756     0.0007411915     0.0000000000
12 C     0.0001992672     0.0000543271     0.0000000000
13 C    -0.0002452271     0.0003614566     0.0000000000
14 C    -0.0002149445    -0.0005742271    -0.0000000000
15 C     0.0000455799    -0.0042753809     0.0000000000
16 C     0.0025863459     0.0007842017     0.0000000000
17 C    -0.0007565448    -0.0002402863     0.0000000000
18 C    -0.0002880255    -0.0002157529     0.0000000000
19 C    -0.0001369754     0.0003332911     0.0000000000
20 C    -0.0003104465     0.0000912691    -0.0000000000
21 N    -0.0024076321     0.0061620934    -0.0000000000
22 C    -0.0021610620    -0.0009527336    -0.0000000000
23 N     0.0001402887     0.0011595210     0.0000000000
24 C     0.0001504302     0.0009831288    -0.0000000000
25 C     0.0003105671     0.0002826895    -0.0000000000
26 C     0.0018376703     0.0001268057    -0.0000000000
27 C     0.0011657747    -0.0027084838    -0.0000000000
28 C     0.0012658324     0.0009704997    -0.0000000000
29 C     0.0005071310     0.0019002460    -0.0000000000
30 C     0.0006814123     0.0003049218     0.0000000000
31 C    -0.0002512308     0.0007017392     0.0000000000
32 C     0.0001807375    -0.0006549072    -0.0000000000
33 C    -0.0011205641    -0.0004159700     0.0000000000
34 N    -0.0009072148     0.0007299207     0.0000000000
35 C     0.0024327185     0.0024704825    -0.0000000000
36 C    -0.0017255563    -0.0001962943     0.0000000000
37 C    -0.0004355569    -0.0052229471    -0.0000000000
38 N     0.0030093942     0.0028393777     0.0000000000
39 C     0.0010176075     0.0008824368    -0.0000000000
40 C     0.0000890817    -0.0012593014     0.0000000000
41 C     0.0012397332     0.0012473963     0.0000000000
42 C     0.0005295259    -0.0003540354     0.0000000000
43 C    -0.0000839612    -0.0000859690     0.0000000000
44 C    -0.0000393278    -0.0005153098     0.0000000000
45 C     0.0010657326    -0.0000572518    -0.0000000000
46 C     0.0004716173    -0.0000834306    -0.0000000000
47 C    -0.0000946014    -0.0007158570    -0.0000000000
48 C    -0.0002324368     0.0000802173    -0.0000000000
49 C    -0.0001559991     0.0000354100     0.0000000000
50 C    -0.0002383290     0.0010309358     0.0000000000
51 C     0.0027719289     0.0000096327    -0.0000000000
52 N    -0.0013394967    -0.0015404181    -0.0000000000
53 C     0.0001747310     0.0002013891    -0.0000000000
54 C    -0.0001392166     0.0000073451    -0.0000000000
55 C     0.0002712397    -0.0003504177     0.0000000000
56 C    -0.0009566317     0.0005506407    -0.0000000000
57 C    -0.0052687492     0.0016096120    -0.0000000000
58 C     0.0007551558     0.0015486112     0.0000000000
59 C     0.0004981285    -0.0001337661    -0.0000000000
60 C     0.0004731106    -0.0006039470    -0.0000000000
61 N     0.0002844441    -0.0006063611     0.0000000000
62 C    -0.0010884189    -0.0008499001     0.0000000000
63 C     0.0051400501    -0.0019721338     0.0000000000
64 C    -0.0007324713    -0.0017662030     0.0000000000
65 C    -0.0000511128    -0.0018782184     0.0000000000
66 N    -0.0005113038    -0.0001869247     0.0000000000
67 C     0.0003688272     0.0003017449     0.0000000000
68 C    -0.0005349181     0.0002848638     0.0000000000
69 C    -0.0017897184     0.0005089388    -0.0000000000
70 C    -0.0007254996    -0.0009600533    -0.0000000000
71 C     0.0001739837    -0.0014119816    -0.0000000000
72 C    -0.0002882948     0.0004941773    -0.0000000000
73 C     0.0006697277     0.0004805834    -0.0000000000
74 C     0.0019457482     0.0007106686    -0.0000000000
75 C    -0.0011544498    -0.0013822915     0.0000000000
76 C     0.0016368160    -0.0010789488    -0.0000000000
77 C    -0.0062954272     0.0027243607    -0.0000000000
78 H     0.0000020238     0.0000660964     0.0000000000
79 H     0.0001148159    -0.0001124556    -0.0000000000
80 H    -0.0000590523    -0.0002500629     0.0000000000
81 H     0.0003436989    -0.0003560661    -0.0000000000
82 H     0.0016802606     0.0015276738     0.0000000000
83 H    -0.0005132914     0.0004296450     0.0000000000
84 H    -0.0002299668     0.0001741477    -0.0000000000
85 H     0.0000579208     0.0001442162     0.0000000000
86 H    -0.0001509303     0.0001864037     0.0000000000
87 H     0.0001483645     0.0001326288    -0.0000000000
88 H    -0.0001922689     0.0000367496     0.0000000000
89 H    -0.0000332485     0.0001056634    -0.0000000000
90 H    -0.0000873749    -0.0000845927    -0.0000000000
91 H     0.0000812381     0.0000158357    -0.0000000000
92 H     0.0000816973     0.0003203966     0.0000000000
93 H    -0.0000183596     0.0002211146    -0.0000000000
94 H     0.0001552971    -0.0000190851    -0.0000000000
95 H     0.0001075262     0.0001585665    -0.0000000000
96 H     0.0002090959    -0.0000251004     0.0000000000
97 H     0.0000772522    -0.0009418353    -0.0000000000
98 H     0.0000122433    -0.0009392094     0.0000000000
99 H    -0.0000627532    -0.0006615534     0.0000000000
100 H    -0.0000325161    -0.0001543565    -0.0000000000
101 H    -0.0002121761    -0.0006948606     0.0000000000
----------------------------------------------
cycle 5: E = -3100.96511776  dE = -0.000899054  norm(grad) = 0.0186693

Geometry optimization cycle 6
Cartesian coordinates (Angstrom)
 Atom        New coordinates             dX        dY        dZ
   C  -7.280468   5.000225  -0.000000    0.005123 -0.004008  0.000000
   C  -7.308633   0.672217   0.000000    0.001223 -0.003748  0.000000
   C  -6.138134   2.866798  -0.000000   -0.000647  0.000623  0.000000
   C  -4.869484   4.980676  -0.000000   -0.000841  0.002310  0.000000
   C  -7.278565  -3.638890   0.000000   -0.001181 -0.002003  0.000000
   C  -6.126269  -1.427441   0.000000   -0.001887  0.002215  0.000000
   C  -4.902506   0.704360   0.000000   -0.000946  0.001976 -0.000000
   C  -3.672175   2.839802  -0.000000   -0.001400  0.001595 -0.000000
   C  -2.434688   4.964185  -0.000000   -0.002495  0.000090 -0.000000
   C  -6.031484  -5.668719   0.000000   -0.003561  0.002770  0.000000
   C  -4.870767  -3.544512   0.000000   -0.002642  0.005692  0.000000
   C  -3.667609  -1.423535   0.000000   -0.002162  0.000682 -0.000000
   C  -2.469726   0.704087   0.000000   -0.001819  0.001047 -0.000000
   C  -1.219290   2.812035  -0.000000   -0.001043  0.000734 -0.000000
   C  -0.000691   4.947994  -0.000000   -0.000016  0.001289 -0.000000
   C  -3.580983  -5.636071   0.000000   -0.002644  0.012551  0.000000
   C  -2.436384  -3.493929   0.000000   -0.000810 -0.003200  0.000000
   C  -1.207501  -1.392403   0.000000   -0.002493  0.000333 -0.000000
   C   0.004039   0.704001   0.000000   -0.001807  0.001172 -0.000000
   C   1.220685   2.800235   0.000000   -0.001549  0.001136 -0.000000
   C   2.441122   4.893925   0.000000    0.000594  0.001182 -0.000000
   N  -1.198154  -5.541228   0.000000    0.005136 -0.014082  0.000000
   C   0.005457  -3.498351   0.000000   -0.000782  0.002659  0.000000
   N   1.219954  -1.409043   0.000000   -0.002613  0.000430 -0.000000
   C   2.445297   0.667117   0.000000   -0.002219  0.000166 -0.000000
   C   3.665743   2.789824   0.000000   -0.002454 -0.000672 -0.000000
   C   4.858428   4.934585   0.000000   -0.002782 -0.001588  0.000000
   C   1.194579  -5.614999  -0.000000    0.000172  0.011556  0.000000
   C   2.416055  -3.521460  -0.000000   -0.000806 -0.000515 -0.000000
   C   3.651625  -1.439465  -0.000000   -0.003519 -0.001179 -0.000000
   C   4.881673   0.702626   0.000000   -0.001726 -0.001518 -0.000000
   C   6.131722   2.821082   0.000000   -0.002435 -0.003249  0.000000
   C   7.271833   4.960070   0.000000   -0.001859 -0.002777  0.000000
   C   3.653751  -5.604351  -0.000000    0.007825 -0.000935 -0.000000
   N   4.844082  -3.535987  -0.000000   -0.001370 -0.001172 -0.000000
   C   6.083766  -1.440707  -0.000000   -0.006177 -0.005489 -0.000000
   C   7.293681   0.636232   0.000000    0.000636 -0.001867 -0.000000
   C   6.095653  -5.614923  -0.000000    0.014882  0.013206 -0.000000
   N   7.205178  -3.571878  -0.000000   -0.004666 -0.013293 -0.000000
   C  -7.314681   3.605824  -0.000000   -0.003165 -0.003972  0.000000
   C  -6.092078   5.683114  -0.000000    0.000372  0.004019  0.000000
   C  -7.311441  -0.707960   0.000000   -0.005343 -0.003867 -0.000000
   C  -6.134669   1.410722  -0.000000   -0.001614  0.000390 -0.000000
   C  -4.897353   3.554037  -0.000000   -0.001334  0.002155 -0.000000
   C  -3.639032   5.646926  -0.000000   -0.000742  0.002517  0.000000
   C  -7.251154  -5.015320   0.000000   -0.006481 -0.001807  0.000000
   C  -6.101411  -2.878432   0.000000   -0.003358  0.002703  0.000000
   C  -4.903506  -0.722009   0.000000   -0.001879  0.002470 -0.000000
   C  -3.679197   1.413731  -0.000000   -0.001157  0.001649 -0.000000
   C  -2.447417   3.529593  -0.000000   -0.001470  0.000675 -0.000000
   C  -1.191573   5.629088  -0.000000   -0.001091 -0.001501 -0.000000
   C  -4.835906  -4.958005   0.000000   -0.006445  0.006991  0.000000
   N  -3.671526  -2.824197   0.000000   -0.000102  0.001367  0.000000
   C  -2.466760  -0.713289   0.000000   -0.002396  0.001042 -0.000000
   C  -1.229084   1.399145  -0.000000   -0.001595  0.001012 -0.000000
   C   0.013674   3.511923  -0.000000   -0.001437  0.001333 -0.000000
   C   1.255071   5.575173  -0.000000    0.000889  0.000656 -0.000000
   C  -2.430485  -4.926176   0.000000    0.008375 -0.005486  0.000000
   C  -1.253253  -2.810802   0.000000   -0.002677 -0.000537  0.000000
   C  -0.013539  -0.713696   0.000000   -0.003054  0.000634 -0.000000
   C   1.219425   1.408799  -0.000000   -0.002543  0.001465 -0.000000
   N   2.463361   3.475741   0.000000   -0.001609  0.001452 -0.000000
   C   3.658041   5.583544   0.000000    0.000650  0.002601  0.000000
   C   0.009521  -4.901566   0.000000   -0.004809  0.003636  0.000000
   C   1.214429  -2.797803  -0.000000   -0.000043  0.002142 -0.000000
   C   2.433025  -0.698493  -0.000000   -0.003397  0.001712 -0.000000
   N   3.658399   1.404266   0.000000   -0.001378 -0.000351 -0.000000
   C   4.871985   3.494953   0.000000   -0.002466 -0.001867 -0.000000
   C   6.093512   5.638043   0.000000   -0.001151 -0.002970  0.000000
   C   2.401334  -4.929042  -0.000000    0.006447  0.000656 -0.000000
   C   3.651490  -2.810608  -0.000000   -0.001136  0.000733 -0.000000
   C   4.868532  -0.694008  -0.000000   -0.004145 -0.000889 -0.000000
   C   6.103241   1.391839   0.000000   -0.000542 -0.002864 -0.000000
   C   7.300982   3.555501   0.000000   -0.003011 -0.003277  0.000000
   C   4.832365  -4.937488  -0.000000    0.006163  0.001291 -0.000000
   C   6.048314  -2.825343  -0.000000   -0.001194 -0.005153 -0.000000
   C   7.306205  -0.718379  -0.000000   -0.007576 -0.001508 -0.000000
   C   7.251516  -4.926744  -0.000000    0.030457 -0.013067 -0.000000
   H   8.209182   5.505138   0.000000   -0.001043 -0.003901  0.000000
   H   8.261203   3.062084   0.000000   -0.002745 -0.002721  0.000000
   H   8.238454   1.159947   0.000000    0.001373 -0.002572 -0.000000
   H   8.267677  -1.216594  -0.000000   -0.008289 -0.002473 -0.000000
   H   8.064977  -3.057204  -0.000000   -0.010368 -0.006157 -0.000000
   H   8.231573  -5.382580  -0.000000    0.031554 -0.012062 -0.000000
   H  -8.215505   5.548812  -0.000000    0.004829 -0.004755  0.000000
   H  -8.277252   3.113923  -0.000000   -0.003782 -0.003099  0.000000
   H  -8.262923   1.180048   0.000000    0.001348 -0.003676  0.000000
   H  -8.262889  -1.219908   0.000000   -0.005498 -0.004009  0.000000
   H  -8.234106  -3.135687   0.000000   -0.000603 -0.000972  0.000000
   H  -8.175395  -5.579832   0.000000   -0.005964 -0.002781  0.000000
   H  -6.074029   6.767115  -0.000000   -0.002054  0.004217  0.000000
   H  -3.630554   6.731673  -0.000000   -0.000136  0.002608  0.000000
   H  -1.179623   6.713394  -0.000000   -0.002489 -0.001602 -0.000000
   H   1.315462   6.655309  -0.000000    0.001196  0.000632 -0.000000
   H   3.613825   6.664093   0.000000    0.000067  0.002747  0.000000
   H   6.066937   6.720775   0.000000   -0.001775 -0.003033  0.000000
   H  -5.987222  -6.751712   0.000000   -0.000896  0.002754  0.000000
   H  -3.567182  -6.719383   0.000000   -0.010899  0.013111  0.000000
   H  -1.194108  -6.547699   0.000000    0.009340 -0.013894  0.000000
   H   1.187123  -6.698582  -0.000000   -0.000863  0.012063  0.000000
   H   3.680760  -6.685574  -0.000000    0.007876 -0.000937 -0.000000
   H   6.093769  -6.693133  -0.000000    0.008151  0.013542 -0.000000
converged SCF energy = -3100.96538144257
