1721710916.1944995

Geometry optimization cycle 1
Cartesian coordinates (Angstrom)
 Atom        New coordinates             dX        dY        dZ
   C  -7.338226   5.042760   0.000000    0.000000  0.000000  0.000000
   C  -7.365228   0.691139   0.000000    0.000000  0.000000  0.000000
   C  -6.173642   2.889413   0.000000    0.000000  0.000000  0.000000
   C  -4.910090   5.019617   0.000000    0.000000  0.000000  0.000000
   C  -7.358051  -3.642635   0.000000    0.000000  0.000000  0.000000
   C  -6.173475  -1.431785   0.000000    0.000000  0.000000  0.000000
   C  -4.940069   0.716689   0.000000    0.000000  0.000000  0.000000
   C  -3.694845   2.860312   0.000000    0.000000  0.000000  0.000000
   C  -2.457224   5.005715   0.000000    0.000000  0.000000  0.000000
   C  -6.138515  -5.727246   0.000000    0.000000  0.000000  0.000000
   C  -4.928214  -3.580071   0.000000    0.000000  0.000000  0.000000
   N  -3.698169  -1.425571   0.000000    0.000000  0.000000  0.000000
   C  -2.471779   0.716540   0.000000    0.000000  0.000000  0.000000
   C  -1.230705   2.851907   0.000000    0.000000 -0.000000  0.000000
   N   0.000000   5.003169   0.000000    0.000000  0.000000  0.000000
   N  -3.678966  -5.694052   0.000000    0.000000  0.000000  0.000000
   C  -2.466015  -3.560923   0.000000    0.000000  0.000000  0.000000
   C  -1.232423  -1.423207   0.000000    0.000000  0.000000  0.000000
   C   0.000000   0.715809   0.000000    0.000000  0.000000  0.000000
   C   1.230705   2.851907   0.000000    0.000000 -0.000000  0.000000
   C   2.457224   5.005715   0.000000    0.000000  0.000000  0.000000
   C  -1.226334  -5.685080   0.000000    0.000000  0.000000  0.000000
   C   0.000000  -3.557079   0.000000    0.000000  0.000000  0.000000
   C   1.232423  -1.423207   0.000000    0.000000  0.000000  0.000000
   C   2.471779   0.716540   0.000000    0.000000  0.000000  0.000000
   C   3.694845   2.860312   0.000000    0.000000  0.000000  0.000000
   N   4.910090   5.019617   0.000000    0.000000  0.000000  0.000000
   C   1.226334  -5.685080   0.000000    0.000000  0.000000  0.000000
   C   2.466015  -3.560923   0.000000    0.000000  0.000000  0.000000
   C   3.698169  -1.425571   0.000000    0.000000  0.000000  0.000000
   C   4.940069   0.716689   0.000000    0.000000  0.000000  0.000000
   C   6.173642   2.889413   0.000000    0.000000  0.000000  0.000000
   N   7.338226   5.042760   0.000000    0.000000  0.000000  0.000000
   C   3.678966  -5.694052   0.000000    0.000000  0.000000  0.000000
   C   4.928214  -3.580071   0.000000    0.000000  0.000000  0.000000
   C   6.173475  -1.431785   0.000000   -0.000000  0.000000  0.000000
   C   7.365228   0.691139   0.000000    0.000000  0.000000  0.000000
   C   6.138515  -5.727246   0.000000    0.000000  0.000000  0.000000
   C   7.358051  -3.642635   0.000000   -0.000000  0.000000  0.000000
   N  -7.358051   3.642635   0.000000    0.000000  0.000000  0.000000
   C  -6.138515   5.727246   0.000000    0.000000  0.000000  0.000000
   C  -7.365228  -0.691139   0.000000    0.000000  0.000000  0.000000
   C  -6.173475   1.431785   0.000000    0.000000  0.000000  0.000000
   C  -4.928214   3.580071   0.000000    0.000000 -0.000000  0.000000
   C  -3.678966   5.694052   0.000000    0.000000  0.000000  0.000000
   C  -7.338226  -5.042760   0.000000    0.000000  0.000000  0.000000
   C  -6.173642  -2.889413   0.000000    0.000000  0.000000  0.000000
   C  -4.940069  -0.716689   0.000000    0.000000  0.000000  0.000000
   C  -3.698169   1.425571   0.000000    0.000000  0.000000  0.000000
   C  -2.466015   3.560923   0.000000    0.000000 -0.000000  0.000000
   C  -1.226334   5.685080   0.000000    0.000000  0.000000  0.000000
   C  -4.910090  -5.019617   0.000000    0.000000  0.000000  0.000000
   C  -3.694845  -2.860312   0.000000    0.000000  0.000000  0.000000
   C  -2.471779  -0.716540   0.000000    0.000000  0.000000  0.000000
   C  -1.232423   1.423207   0.000000    0.000000  0.000000  0.000000
   C   0.000000   3.557079   0.000000    0.000000  0.000000  0.000000
   C   1.226334   5.685080   0.000000    0.000000  0.000000  0.000000
   N  -2.457224  -5.005715   0.000000    0.000000  0.000000  0.000000
   C  -1.230705  -2.851907   0.000000    0.000000  0.000000  0.000000
   C   0.000000  -0.715809   0.000000    0.000000  0.000000  0.000000
   C   1.232423   1.423207   0.000000    0.000000  0.000000  0.000000
   C   2.466015   3.560923   0.000000    0.000000 -0.000000  0.000000
   C   3.678966   5.694052   0.000000    0.000000  0.000000  0.000000
   C   0.000000  -5.003169   0.000000    0.000000  0.000000  0.000000
   C   1.230705  -2.851907   0.000000    0.000000  0.000000  0.000000
   C   2.471779  -0.716540   0.000000    0.000000  0.000000  0.000000
   C   3.698169   1.425571   0.000000    0.000000  0.000000  0.000000
   C   4.928214   3.580071   0.000000    0.000000 -0.000000  0.000000
   C   6.138515   5.727246   0.000000    0.000000  0.000000  0.000000
   C   2.457224  -5.005715   0.000000    0.000000  0.000000  0.000000
   N   3.694845  -2.860312   0.000000    0.000000  0.000000  0.000000
   N   4.940069  -0.716689   0.000000    0.000000  0.000000  0.000000
   C   6.173475   1.431785   0.000000   -0.000000  0.000000  0.000000
   N   7.358051   3.642635   0.000000   -0.000000  0.000000  0.000000
   C   4.910090  -5.019617   0.000000    0.000000  0.000000  0.000000
   C   6.173642  -2.889413   0.000000    0.000000  0.000000  0.000000
   C   7.365228  -0.691139   0.000000    0.000000  0.000000  0.000000
   C   7.338226  -5.042760   0.000000    0.000000  0.000000  0.000000
   H   8.282184   5.591425   0.000000    0.000000 -0.000000  0.000000
   H   8.325741   3.141106   0.000000    0.000000  0.000000  0.000000
   H   8.326715   1.204661   0.000000    0.000000  0.000000  0.000000
   H   8.326715  -1.204661   0.000000    0.000000  0.000000  0.000000
   H   8.325741  -3.141106   0.000000    0.000000  0.000000  0.000000
   H   8.282184  -5.591425   0.000000    0.000000  0.000000  0.000000
   H  -8.282184   5.591425   0.000000    0.000000 -0.000000  0.000000
   H  -8.325741   3.141106   0.000000    0.000000  0.000000  0.000000
   H  -8.326715   1.204661   0.000000    0.000000  0.000000  0.000000
   H  -8.326715  -1.204661   0.000000    0.000000  0.000000  0.000000
   H  -8.325741  -3.141106   0.000000    0.000000  0.000000  0.000000
   H  -8.282184  -5.591425   0.000000    0.000000  0.000000  0.000000
   H  -6.116625   6.819427   0.000000    0.000000  0.000000  0.000000
   H  -3.672757   6.787431   0.000000    0.000000  0.000000  0.000000
   H  -1.225580   6.778408   0.000000    0.000000 -0.000000  0.000000
   H   1.225580   6.778408   0.000000    0.000000 -0.000000  0.000000
   H   3.672757   6.787431   0.000000    0.000000  0.000000  0.000000
   H   6.116625   6.819427   0.000000   -0.000000  0.000000  0.000000
   H  -6.116625  -6.819427   0.000000    0.000000  0.000000  0.000000
   H  -3.672757  -6.787431   0.000000    0.000000  0.000000  0.000000
   H  -1.225580  -6.778408   0.000000    0.000000  0.000000  0.000000
   H   1.225580  -6.778408   0.000000    0.000000  0.000000  0.000000
   H   3.672757  -6.787431   0.000000    0.000000  0.000000  0.000000
   H   6.116625  -6.819427   0.000000   -0.000000  0.000000  0.000000
converged SCF energy = -3150.5698937817
--------------- RKS_Scanner gradients ---------------
         x                y                z
0 C    -0.0281850177     0.0009843090    -0.0000000000
1 C     0.0018931285     0.0052057999    -0.0000000000
2 C    -0.0128067928     0.0039823551    -0.0000000000
3 C    -0.0355443387    -0.0059210483     0.0000000000
4 C     0.0086130742     0.0168716779    -0.0000000000
5 C    -0.0204244989     0.0040065109     0.0000000000
6 C    -0.0151083243     0.0065710285     0.0000000000
7 C    -0.0037161911     0.0148151344     0.0000000000
8 C    -0.0278724863     0.0064386961     0.0000000000
9 C    -0.0408125579     0.0003566122    -0.0000000000
10 C     0.0002366088    -0.0014889707     0.0000000000
11 N    -0.0012810973    -0.0057955353     0.0000000000
12 C     0.0011896751     0.0118858919    -0.0000000000
13 C     0.0047815637    -0.0083400548     0.0000000000
14 N    -0.0149355356    -0.0003657971     0.0000000000
15 N     0.0077633916     0.0394808098     0.0000000000
16 C     0.0123364337     0.0332019483    -0.0000000000
17 C     0.0259414632    -0.0064362751    -0.0000000000
18 C    -0.0053418441     0.0055278413    -0.0000000000
19 C    -0.0125021401    -0.0220599952     0.0000000000
20 C    -0.0141681397    -0.0003493689     0.0000000000
21 C     0.0165692928    -0.0036388194    -0.0000000000
22 C     0.0226803657    -0.0032646258    -0.0000000000
23 C     0.0055899044    -0.0040558171    -0.0000000000
24 C     0.0126805537     0.0003692850    -0.0000000000
25 C    -0.0143334513    -0.0172899516     0.0000000000
26 N    -0.0485398429    -0.0451149430     0.0000000000
27 C     0.0047215938    -0.0033948039     0.0000000000
28 C     0.0166259935    -0.0142025793    -0.0000000000
29 C    -0.0229658837     0.0048892346    -0.0000000000
30 C     0.0259794565    -0.0140035404     0.0000000000
31 C     0.0278644474    -0.0123576407     0.0000000000
32 N    -0.0294749857    -0.0316273983    -0.0000000000
33 C     0.0076098933    -0.0001907953    -0.0000000000
34 C    -0.0160110050     0.0096012833    -0.0000000000
35 C    -0.0326592981    -0.0121640535    -0.0000000000
36 C    -0.0095921171    -0.0165658242    -0.0000000000
37 C    -0.0067485082    -0.0059184694     0.0000000000
38 C     0.0030269622    -0.0033919188     0.0000000000
39 N     0.0342206131     0.0102055643    -0.0000000000
40 C     0.0358057444     0.0116595990    -0.0000000000
41 C     0.0053176205    -0.0127779071     0.0000000000
42 C     0.0121889302    -0.0173879596     0.0000000000
43 C     0.0255992011     0.0038192175    -0.0000000000
44 C     0.0261958288     0.0027610515    -0.0000000000
45 C     0.0127097030    -0.0277442605     0.0000000000
46 C    -0.0058436627     0.0064673089    -0.0000000000
47 C    -0.0004528123     0.0050842991    -0.0000000000
48 C     0.0074833974    -0.0108350448    -0.0000000000
49 C     0.0015180481    -0.0016993616    -0.0000000000
50 C     0.0013859491     0.0176796948     0.0000000000
51 C     0.0100845429    -0.0019816912    -0.0000000000
52 C    -0.0022310475    -0.0018337200     0.0000000000
53 C     0.0000155329     0.0025234248     0.0000000000
54 C     0.0000441112     0.0007818799     0.0000000000
55 C     0.0009475788    -0.0162646081    -0.0000000000
56 C     0.0225003219     0.0199641996    -0.0000000000
57 N    -0.0267059682    -0.0448210952     0.0000000000
58 C    -0.0239896663     0.0262231983     0.0000000000
59 C    -0.0068913265    -0.0060813150     0.0000000000
60 C    -0.0013407874     0.0120020494     0.0000000000
61 C     0.0150939251     0.0111865819    -0.0000000000
62 C     0.0091585385     0.0106409352    -0.0000000000
63 C     0.0069082532     0.0052604892     0.0000000000
64 C    -0.0320099507     0.0078254072     0.0000000000
65 C    -0.0056203999    -0.0005828795     0.0000000000
66 C    -0.0278010613     0.0134086292    -0.0000000000
67 C    -0.0068023342     0.0260603402    -0.0000000000
68 C     0.0458931690     0.0444611746    -0.0000000000
69 C    -0.0094185056     0.0056589654     0.0000000000
70 N    -0.0041371737    -0.0275567992    -0.0000000000
71 N     0.0317212632     0.0218338416     0.0000000000
72 C    -0.0114683356    -0.0119517406     0.0000000000
73 N    -0.0465365443     0.0406827888     0.0000000000
74 C     0.0074403005    -0.0176978732    -0.0000000000
75 C     0.0214764656     0.0034147281     0.0000000000
76 C     0.0271664932     0.0157187231     0.0000000000
77 C     0.0066217712     0.0018024890    -0.0000000000
78 H     0.0557594974     0.0370642316    -0.0000000000
79 H     0.0562374925    -0.0338295652     0.0000000000
80 H     0.0038670078     0.0030557917     0.0000000000
81 H     0.0089314334    -0.0007877946     0.0000000000
82 H     0.0066682214     0.0023572367     0.0000000000
83 H     0.0048752481    -0.0030815435     0.0000000000
84 H    -0.0031390094     0.0105809427    -0.0000000000
85 H    -0.0559525516    -0.0266135903     0.0000000000
86 H    -0.0029993131     0.0035609658     0.0000000000
87 H    -0.0067861304    -0.0024688045    -0.0000000000
88 H    -0.0056266575     0.0034856491     0.0000000000
89 H    -0.0058675839    -0.0027567282    -0.0000000000
90 H     0.0038276596     0.0075650070     0.0000000000
91 H     0.0007697930     0.0059809046     0.0000000000
92 H    -0.0080864830     0.0094589507    -0.0000000000
93 H     0.0088716192     0.0092162662     0.0000000000
94 H    -0.0078223864     0.0092459931    -0.0000000000
95 H    -0.0022404597     0.0126447066     0.0000000000
96 H     0.0001869913    -0.0051264076     0.0000000000
97 H    -0.0079265258    -0.0644976817    -0.0000000000
98 H     0.0077947295    -0.0091039971     0.0000000000
99 H    -0.0015956173    -0.0068390628    -0.0000000000
100 H     0.0001513031    -0.0067938742     0.0000000000
101 H     0.0007707183    -0.0064467073    -0.0000000000
----------------------------------------------
cycle 1: E = -3150.56989378  dE = -3150.57  norm(grad) = 0.264128

Geometry optimization cycle 2
Cartesian coordinates (Angstrom)
 Atom        New coordinates             dX        dY        dZ
   C  -7.262166   4.942232   0.000000    0.076059 -0.100528  0.000000
   C  -7.325374   0.709123   0.000000    0.039854  0.017984  0.000000
   C  -6.088106   2.860319   0.000000    0.085536 -0.029094  0.000000
   C  -4.837130   4.992107   0.000000    0.072960 -0.027510  0.000000
   C  -7.295738  -3.621004   0.000000    0.062314  0.021632  0.000000
   C  -6.109481  -1.402207   0.000000    0.063994  0.029578  0.000000
   C  -4.898357   0.717671   0.000000    0.041712  0.000982  0.000000
   C  -3.661625   2.833955   0.000000    0.033220 -0.026356  0.000000
   C  -2.407169   4.958503   0.000000    0.050054 -0.047212  0.000000
   C  -5.997992  -5.665732   0.000000    0.140523  0.061514  0.000000
   C  -4.877348  -3.497362   0.000000    0.050866  0.082709  0.000000
   N  -3.663190  -1.384236  -0.000000    0.034979  0.041335 -0.000000
   C  -2.456885   0.709909  -0.000000    0.014894 -0.006630 -0.000000
   C  -1.224517   2.822550  -0.000000    0.006187 -0.029357 -0.000000
   N   0.013313   4.909752  -0.000000    0.013313 -0.093416 -0.000000
   N  -3.611977  -5.523117   0.000000    0.066989  0.170935  0.000000
   C  -2.433608  -3.487364  -0.000000    0.032407  0.073559 -0.000000
   C  -1.237458  -1.408304  -0.000000   -0.005035  0.014903 -0.000000
   C   0.001003   0.701869  -0.000000    0.001003 -0.013940 -0.000000
   C   1.226743   2.821102  -0.000000   -0.003961 -0.030805 -0.000000
   C   2.448740   4.942120  -0.000000   -0.008483 -0.063595 -0.000000
   C  -1.245696  -5.591759  -0.000000   -0.019361  0.093320 -0.000000
   C   0.007877  -3.527995  -0.000000    0.007877  0.029083 -0.000000
   C   1.220024  -1.413580  -0.000000   -0.012399  0.009627 -0.000000
   C   2.446789   0.700249  -0.000000   -0.024991 -0.016290 -0.000000
   C   3.657673   2.819890  -0.000000   -0.037172 -0.040422 -0.000000
   N   4.857865   4.945032  -0.000000   -0.052225 -0.074585 -0.000000
   C   1.208861  -5.641375  -0.000000   -0.017473  0.043704 -0.000000
   C   2.451261  -3.516610  -0.000000   -0.014754  0.044313 -0.000000
   C   3.672960  -1.409733  -0.000000   -0.025208  0.015838 -0.000000
   C   4.887546   0.705803  -0.000000   -0.052522 -0.010886 -0.000000
   C   6.065835   2.824926  -0.000000   -0.107807 -0.064488 -0.000000
   N   7.204023   4.903975   0.000000   -0.134202 -0.138785  0.000000
   C   3.639394  -5.641352  -0.000000   -0.039572  0.052700 -0.000000
   C   4.882624  -3.524008   0.000000   -0.045590  0.056063  0.000000
   C   6.117934  -1.392668   0.000000   -0.055541  0.039117  0.000000
   C   7.343860   0.720176   0.000000   -0.021368  0.029037  0.000000
   C   6.074962  -5.631065   0.000000   -0.063553  0.096180  0.000000
   C   7.277074  -3.566104   0.000000   -0.080977  0.076531  0.000000
   N  -7.261422   3.573901   0.000000    0.096630 -0.068734  0.000000
   C  -6.109443   5.644453   0.000000    0.029072 -0.082793  0.000000
   C  -7.300845  -0.660063   0.000000    0.064383  0.031076  0.000000
   C  -6.129407   1.434196   0.000000    0.044068  0.002411  0.000000
   C  -4.882094   3.558071   0.000000    0.046120 -0.021999  0.000000
   C  -3.629553   5.663632   0.000000    0.049413 -0.030421  0.000000
   C  -7.218873  -4.997432   0.000000    0.119352  0.045328  0.000000
   C  -6.124619  -2.846634   0.000000    0.049023  0.042780  0.000000
   C  -4.891878  -0.697042   0.000000    0.048190  0.019647  0.000000
   C  -3.672557   1.421439  -0.000000    0.025612 -0.004132 -0.000000
   C  -2.444072   3.529833  -0.000000    0.021942 -0.031089 -0.000000
   C  -1.177403   5.594116  -0.000000    0.048932 -0.090964 -0.000000
   C  -4.843608  -4.906327   0.000000    0.066482  0.113290  0.000000
   C  -3.652083  -2.792699  -0.000000    0.042762  0.067612 -0.000000
   C  -2.452735  -0.699953  -0.000000    0.019044  0.016587 -0.000000
   C  -1.224002   1.405053  -0.000000    0.008421 -0.018154 -0.000000
   C   0.003286   3.507727  -0.000000    0.003286 -0.049351 -0.000000
   C   1.200792   5.571907  -0.000000   -0.025542 -0.113172 -0.000000
   N  -2.406175  -4.860980  -0.000000    0.051049  0.144735 -0.000000
   C  -1.193040  -2.828828  -0.000000    0.037665  0.023079 -0.000000
   C  -0.003398  -0.710514  -0.000000   -0.003398  0.005295 -0.000000
   C   1.222951   1.398244  -0.000000   -0.009472 -0.024963 -0.000000
   C   2.440204   3.512073  -0.000000   -0.025810 -0.048849 -0.000000
   C   3.652375   5.626158  -0.000000   -0.026591 -0.067894 -0.000000
   C  -0.007373  -4.961835  -0.000000   -0.007373  0.041334 -0.000000
   C   1.242221  -2.831707  -0.000000    0.011516  0.020200 -0.000000
   C   2.453193  -0.715293  -0.000000   -0.018586  0.001246 -0.000000
   C   3.674934   1.396021  -0.000000   -0.023235 -0.029550 -0.000000
   C   4.864424   3.515649  -0.000000   -0.063790 -0.064421 -0.000000
   C   6.031126   5.584380   0.000000   -0.107389 -0.142865  0.000000
   C   2.433577  -4.958438  -0.000000   -0.023647  0.047277 -0.000000
   N   3.665402  -2.808498  -0.000000   -0.029443  0.051814 -0.000000
   N   4.875892  -0.715021  -0.000000   -0.064177  0.001667 -0.000000
   C   6.127010   1.406610  -0.000000   -0.046465 -0.025175 -0.000000
   N   7.252871   3.524708   0.000000   -0.105180 -0.117928  0.000000
   C   4.846699  -4.938178   0.000000   -0.063391  0.081439  0.000000
   C   6.095947  -2.832867   0.000000   -0.077695  0.056547  0.000000
   C   7.276032  -0.661353   0.000000   -0.089196  0.029786  0.000000
   C   7.266457  -4.957716   0.000000   -0.071769  0.085044  0.000000
   H   8.081617   5.402231   0.000000   -0.200567 -0.189194  0.000000
   H   8.154265   3.070552   0.000000   -0.171476 -0.070554  0.000000
   H   8.303644   1.224156   0.000000   -0.023071  0.019495  0.000000
   H   8.209691  -1.203949   0.000000   -0.117024  0.000712  0.000000
   H   8.230638  -3.056247   0.000000   -0.095103  0.084859  0.000000
   H   8.205411  -5.500800   0.000000   -0.076773  0.090625  0.000000
   H  -8.225506   5.434653   0.000000    0.056679 -0.156772  0.000000
   H  -8.148844   3.083857   0.000000    0.176896 -0.057249  0.000000
   H  -8.287625   1.209788   0.000000    0.039090  0.005127  0.000000
   H  -8.247989  -1.181575   0.000000    0.078726  0.023087  0.000000
   H  -8.271587  -3.154058   0.000000    0.054154 -0.012952  0.000000
   H  -8.137998  -5.571822   0.000000    0.144186  0.019603  0.000000
   H  -6.146689   6.726749   0.000000   -0.030064 -0.092677  0.000000
   H  -3.624732   6.749585   0.000000    0.048025 -0.037846  0.000000
   H  -1.116883   6.674011  -0.000000    0.108697 -0.104396 -0.000000
   H   1.138421   6.652000  -0.000000   -0.087159 -0.126408 -0.000000
   H   3.687229   6.707455  -0.000000    0.014472 -0.079976 -0.000000
   H   6.035294   6.661057   0.000000   -0.081332 -0.158369  0.000000
   H  -5.934903  -6.749944   0.000000    0.181723  0.069482  0.000000
   H  -3.557189  -6.534984   0.000000    0.115567  0.252447  0.000000
   H  -1.332018  -6.670327  -0.000000   -0.106438  0.108081 -0.000000
   H   1.216742  -6.726181  -0.000000   -0.008838  0.052227 -0.000000
   H   3.645371  -6.726296   0.000000   -0.027386  0.061136  0.000000
   H   6.051727  -6.715252   0.000000   -0.064899  0.104174  0.000000
converged SCF energy = -3150.66464789915
--------------- RKS_Scanner gradients ---------------
         x                y                z
0 C    -0.0059058807    -0.0006637449     0.0000000000
1 C    -0.0027709711     0.0009394244    -0.0000000000
2 C    -0.0000198573     0.0040883027     0.0000000000
3 C    -0.0063794478    -0.0016001133    -0.0000000000
4 C     0.0014585030     0.0080361343     0.0000000000
5 C    -0.0034173269     0.0031650588    -0.0000000000
6 C    -0.0044984120     0.0014050398     0.0000000000
7 C    -0.0019941245     0.0053740672     0.0000000000
8 C    -0.0111971890     0.0018843609    -0.0000000000
9 C    -0.0112376625    -0.0046812157     0.0000000000
10 C     0.0039438339    -0.0056056228    -0.0000000000
11 N    -0.0005560965    -0.0016506907     0.0000000000
12 C    -0.0041895878     0.0039695504     0.0000000000
13 C     0.0007337823    -0.0000804243     0.0000000000
14 N    -0.0098780474     0.0079047485     0.0000000000
15 N     0.0003883317     0.0182359925     0.0000000000
16 C     0.0014430254     0.0233156327     0.0000000000
17 C     0.0003449544    -0.0041865199     0.0000000000
18 C    -0.0036430929     0.0023774839     0.0000000000
19 C    -0.0043076525    -0.0074735841     0.0000000000
20 C    -0.0001560128    -0.0006024610    -0.0000000000
21 C     0.0037569734     0.0030171716    -0.0000000000
22 C     0.0106105506    -0.0005521281    -0.0000000000
23 C    -0.0005980010    -0.0037179821    -0.0000000000
24 C     0.0052978422     0.0019438795     0.0000000000
25 C    -0.0044199695    -0.0052975389     0.0000000000
26 N    -0.0210290861    -0.0201983756     0.0000000000
27 C     0.0052274467    -0.0040835697     0.0000000000
28 C     0.0095563213    -0.0037500304    -0.0000000000
29 C    -0.0145863661     0.0040824956    -0.0000000000
30 C     0.0074308518    -0.0027160002     0.0000000000
31 C     0.0010697636    -0.0058035318     0.0000000000
32 N    -0.0113411095    -0.0145609150     0.0000000000
33 C     0.0053765745    -0.0032147419    -0.0000000000
34 C    -0.0023568944     0.0055529032    -0.0000000000
35 C    -0.0121078003    -0.0074595581    -0.0000000000
36 C     0.0064347495    -0.0075556300     0.0000000000
37 C    -0.0024126153     0.0023370665    -0.0000000000
38 C    -0.0030413203     0.0008246961    -0.0000000000
39 N     0.0088332850    -0.0040943831    -0.0000000000
40 C     0.0059891586    -0.0055640012    -0.0000000000
41 C     0.0063447299    -0.0031856127     0.0000000000
42 C     0.0004005987    -0.0045041213    -0.0000000000
43 C     0.0020233988     0.0023759894    -0.0000000000
44 C     0.0138304685     0.0016948792     0.0000000000
45 C     0.0135255663    -0.0066778955    -0.0000000000
46 C    -0.0053138795    -0.0018761041     0.0000000000
47 C    -0.0011233407     0.0030400516     0.0000000000
48 C     0.0031207445    -0.0046586165    -0.0000000000
49 C    -0.0014129403     0.0000858479    -0.0000000000
50 C     0.0095618620     0.0010601397    -0.0000000000
51 C    -0.0055328518     0.0056358881    -0.0000000000
52 C     0.0046807852    -0.0025388752    -0.0000000000
53 C     0.0041025660     0.0030450022    -0.0000000000
54 C     0.0024510806    -0.0022311077    -0.0000000000
55 C     0.0030911408    -0.0087067707    -0.0000000000
56 C     0.0021520619    -0.0037354347     0.0000000000
57 N    -0.0019477381    -0.0242047570    -0.0000000000
58 C    -0.0071795931     0.0000964275     0.0000000000
59 C    -0.0019829414    -0.0015380328    -0.0000000000
60 C    -0.0017867352     0.0053116754    -0.0000000000
61 C     0.0058309645     0.0060942393     0.0000000000
62 C     0.0131958578     0.0048186261     0.0000000000
63 C    -0.0005231182     0.0057216682     0.0000000000
64 C    -0.0107685823     0.0011548265     0.0000000000
65 C     0.0042099368    -0.0036100921     0.0000000000
66 C    -0.0106530924     0.0014996691    -0.0000000000
67 C     0.0001959148     0.0140419106    -0.0000000000
68 C     0.0145118240     0.0192805457     0.0000000000
69 C    -0.0059379192     0.0052526363    -0.0000000000
70 N    -0.0008259148    -0.0137801671     0.0000000000
71 N     0.0195711154     0.0103790725     0.0000000000
72 C     0.0002008182    -0.0053994074    -0.0000000000
73 N    -0.0044806068     0.0071135503    -0.0000000000
74 C    -0.0051071469    -0.0031567771     0.0000000000
75 C     0.0019261766     0.0039211218     0.0000000000
76 C    -0.0006737993     0.0120139698     0.0000000000
77 C     0.0006077533    -0.0004958807     0.0000000000
78 H     0.0076193046     0.0056002641     0.0000000000
79 H     0.0086998035    -0.0079804418     0.0000000000
80 H     0.0023138192     0.0033681088    -0.0000000000
81 H     0.0013019689     0.0013179812    -0.0000000000
82 H     0.0013639989     0.0009520583     0.0000000000
83 H     0.0008220262    -0.0004178706    -0.0000000000
84 H     0.0006915448     0.0026815883    -0.0000000000
85 H    -0.0098945966    -0.0042940128     0.0000000000
86 H    -0.0003250925     0.0018958240     0.0000000000
87 H    -0.0011933859     0.0010784239    -0.0000000000
88 H    -0.0011748191     0.0003017578    -0.0000000000
89 H    -0.0005350638     0.0003819874     0.0000000000
90 H     0.0014474059     0.0005708941    -0.0000000000
91 H    -0.0000012917     0.0012912142    -0.0000000000
92 H    -0.0033437073     0.0013874208     0.0000000000
93 H     0.0031223154     0.0007534754     0.0000000000
94 H    -0.0038869113     0.0018330213     0.0000000000
95 H    -0.0035671244     0.0005413410    -0.0000000000
96 H     0.0013383165    -0.0018861060     0.0000000000
97 H    -0.0033124204    -0.0102864385     0.0000000000
98 H     0.0038627934    -0.0020560430     0.0000000000
99 H    -0.0012748611    -0.0012549012    -0.0000000000
100 H    -0.0006346583    -0.0017755444     0.0000000000
101 H     0.0004123279    -0.0006308736     0.0000000000
----------------------------------------------
cycle 2: E = -3150.6646479  dE = -0.0947541  norm(grad) = 0.0936864

Geometry optimization cycle 3
Cartesian coordinates (Angstrom)
 Atom        New coordinates             dX        dY        dZ
   C  -7.233010   4.967256   0.000000    0.029157  0.025024  0.000000
   C  -7.304191   0.678402   0.000000    0.021183 -0.030721 -0.000000
   C  -6.083974   2.848508   0.000000    0.004131 -0.011811  0.000000
   C  -4.852424   4.978548   0.000000   -0.015293 -0.013559  0.000000
   C  -7.290516  -3.630793  -0.000000    0.005222 -0.009790 -0.000000
   C  -6.094614  -1.420351  -0.000000    0.014867 -0.018144 -0.000000
   C  -4.886209   0.706315   0.000000    0.012147 -0.011357  0.000000
   C  -3.657014   2.814749   0.000000    0.004610 -0.019206  0.000000
   C  -2.403321   4.934922   0.000000    0.003848 -0.023581  0.000000
   C  -5.982017  -5.609969  -0.000000    0.015975  0.055763 -0.000000
   C  -4.865836  -3.503044  -0.000000    0.011512 -0.005682 -0.000000
   N  -3.656756  -1.386065   0.000000    0.006434 -0.001829  0.000000
   C  -2.448487   0.700252   0.000000    0.008398 -0.009657  0.000000
   C  -1.221544   2.816347   0.000000    0.002973 -0.006204  0.000000
   N   0.021574   4.895682   0.000000    0.008260 -0.014071  0.000000
   N  -3.577212  -5.545376  -0.000000    0.034764 -0.022259 -0.000000
   C  -2.434434  -3.484174  -0.000000   -0.000826  0.003190  0.000000
   C  -1.233628  -1.400309   0.000000    0.003830  0.007995  0.000000
   C   0.006300   0.701979   0.000000    0.005297  0.000110  0.000000
   C   1.223831   2.822655   0.000000   -0.002913  0.001553  0.000000
   C   2.429450   4.931553  -0.000000   -0.019290 -0.010568  0.000000
   C  -1.269257  -5.564721  -0.000000   -0.023561  0.027039  0.000000
   C  -0.002084  -3.517260   0.000000   -0.009961  0.010735  0.000000
   C   1.223043  -1.401673   0.000000    0.003020  0.011907  0.000000
   C   2.439113   0.700598   0.000000   -0.007676  0.000349  0.000000
   C   3.654663   2.821092  -0.000000   -0.003010  0.001202  0.000000
   N   4.869914   4.944041  -0.000000    0.012049 -0.000991 -0.000000
   C   1.198685  -5.612819   0.000000   -0.010176  0.028556  0.000000
   C   2.444267  -3.494764   0.000000   -0.006994  0.021846  0.000000
   C   3.678591  -1.408400   0.000000    0.005630  0.001333  0.000000
   C   4.858809   0.703399  -0.000000   -0.028737 -0.002404 -0.000000
   C   6.054670   2.838810  -0.000000   -0.011165  0.013884 -0.000000
   N   7.230143   4.926387  -0.000000    0.026120  0.022412 -0.000000
   C   3.635591  -5.607860   0.000000   -0.003803  0.033493  0.000000
   C   4.883562  -3.524673   0.000000    0.000937 -0.000665  0.000000
   C   6.119188  -1.395965  -0.000000    0.001254 -0.003297 -0.000000
   C   7.287402   0.709113  -0.000000   -0.056458 -0.011062 -0.000000
   C   6.080995  -5.641577   0.000000    0.006033 -0.010511  0.000000
   C   7.276596  -3.574767   0.000000   -0.000478 -0.008663 -0.000000
   N  -7.226753   3.606975   0.000000    0.034668  0.033074  0.000000
   C  -6.103280   5.689689   0.000000    0.006163  0.045236  0.000000
   C  -7.296421  -0.688474   0.000000    0.004424 -0.028411 -0.000000
   C  -6.120661   1.424367   0.000000    0.008746 -0.009829  0.000000
   C  -4.881082   3.538661   0.000000    0.001011 -0.019410  0.000000
   C  -3.645598   5.625298   0.000000   -0.016046 -0.038334  0.000000
   C  -7.244968  -4.998049  -0.000000   -0.026094 -0.000617 -0.000000
   C  -6.110526  -2.860749  -0.000000    0.014093 -0.014115 -0.000000
   C  -4.883146  -0.708329   0.000000    0.008732 -0.011287  0.000000
   C  -3.666080   1.410568   0.000000    0.006477 -0.010871  0.000000
   C  -2.441800   3.512024   0.000000    0.002273 -0.017810  0.000000
   C  -1.178750   5.563908   0.000000   -0.001347 -0.030208  0.000000
   C  -4.798657  -4.912229  -0.000000    0.044951 -0.005902 -0.000000
   C  -3.653108  -2.788855  -0.000000   -0.001026  0.003844  0.000000
   C  -2.451418  -0.704704   0.000000    0.001317 -0.004751  0.000000
   C  -1.220819   1.401358   0.000000    0.003183 -0.003695  0.000000
   C   0.001507   3.508971   0.000000   -0.001779  0.001243  0.000000
   C   1.187741   5.577330   0.000000   -0.013051  0.005422  0.000000
   N  -2.411323  -4.823151  -0.000000   -0.005148  0.037829 -0.000000
   C  -1.192266  -2.821087   0.000000    0.000773  0.007741  0.000000
   C   0.001459  -0.703283   0.000000    0.004857  0.007232  0.000000
   C   1.222592   1.396690   0.000000   -0.000359 -0.001554  0.000000
   C   2.429668   3.502610   0.000000   -0.010536 -0.009463  0.000000
   C   3.640436   5.592201  -0.000000   -0.011939 -0.033957 -0.000000
   C  -0.022375  -4.951822  -0.000000   -0.015002  0.010012  0.000000
   C   1.243235  -2.819142   0.000000    0.001014  0.012565  0.000000
   C   2.455120  -0.709803   0.000000    0.001927  0.005490  0.000000
   C   3.667534   1.397051   0.000000   -0.007400  0.001030  0.000000
   C   4.856071   3.509557  -0.000000   -0.008354 -0.006092 -0.000000
   C   6.030884   5.543844  -0.000000   -0.000242 -0.040537 -0.000000
   C   2.430570  -4.937123   0.000000   -0.003006  0.021315  0.000000
   N   3.667927  -2.791938   0.000000    0.002524  0.016559  0.000000
   N   4.861319  -0.724885  -0.000000   -0.014572 -0.009863  0.000000
   C   6.089397   1.419945  -0.000000   -0.037613  0.013335 -0.000000
   N   7.236293   3.546088  -0.000000   -0.016578  0.021381 -0.000000
   C   4.860533  -4.932890   0.000000    0.013834  0.005288  0.000000
   C   6.094916  -2.839857   0.000000   -0.001031 -0.006990 -0.000000
   C   7.272684  -0.681975  -0.000000   -0.003348 -0.020622 -0.000000
   C   7.267236  -4.964477   0.000000    0.000779 -0.006761 -0.000000
   H   8.086991   5.414380  -0.000000    0.005374  0.012150 -0.000000
   H   8.118777   3.112756  -0.000000   -0.035488  0.042204 -0.000000
   H   8.244069   1.204643  -0.000000   -0.059576 -0.019513 -0.000000
   H   8.205535  -1.222675  -0.000000   -0.004156 -0.018725 -0.000000
   H   8.227616  -3.067680  -0.000000   -0.003022 -0.011433 -0.000000
   H   8.205530  -5.504334   0.000000    0.000119 -0.003534 -0.000000
   H  -8.210803   5.425908   0.000000    0.014702 -0.008745 -0.000000
   H  -8.097420   3.137942   0.000000    0.051424  0.054085 -0.000000
   H  -8.271159   1.164496   0.000000    0.016465 -0.045292 -0.000000
   H  -8.236845  -1.218673  -0.000000    0.011144 -0.037099 -0.000000
   H  -8.256416  -3.149662  -0.000000    0.015171  0.004397 -0.000000
   H  -8.152639  -5.588343  -0.000000   -0.014642 -0.016522 -0.000000
   H  -6.141146   6.770269   0.000000    0.005544  0.043520  0.000000
   H  -3.641144   6.708399   0.000000   -0.016412 -0.041186  0.000000
   H  -1.096138   6.639273   0.000000    0.020744 -0.034738  0.000000
   H   1.094643   6.653250   0.000000   -0.043778  0.001250  0.000000
   H   3.701101   6.668433  -0.000000    0.013872 -0.039022 -0.000000
   H   6.047768   6.618161  -0.000000    0.012474 -0.042896 -0.000000
   H  -5.928426  -6.690777  -0.000000    0.006477  0.059167 -0.000000
   H  -3.477391  -6.529506  -0.000000    0.079798  0.005478 -0.000000
   H  -1.402770  -6.634478  -0.000000   -0.070752  0.035849 -0.000000
   H   1.220346  -6.694570  -0.000000    0.003605  0.031611  0.000000
   H   3.637655  -6.689048   0.000000   -0.007716  0.037248  0.000000
   H   6.049841  -6.723822   0.000000   -0.001886 -0.008569  0.000000
converged SCF energy = -3150.66412905299
--------------- RKS_Scanner gradients ---------------
         x                y                z
0 C     0.0041002942    -0.0046430030    -0.0000000000
1 C     0.0045006825    -0.0031762050     0.0000000000
2 C    -0.0057206245    -0.0019193224     0.0000000000
3 C    -0.0098135630    -0.0030674227    -0.0000000000
4 C     0.0063249207    -0.0022889085     0.0000000000
5 C     0.0020277094     0.0025532399     0.0000000000
6 C     0.0014707124    -0.0000009627     0.0000000000
7 C     0.0005749915    -0.0036649389    -0.0000000000
8 C     0.0004367652     0.0010470453     0.0000000000
9 C    -0.0029291919     0.0200197920     0.0000000000
10 C    -0.0090704602    -0.0059911946     0.0000000000
11 N    -0.0005506088     0.0000348893    -0.0000000000
12 C    -0.0008056160    -0.0012554412    -0.0000000000
13 C     0.0020007341     0.0020743845    -0.0000000000
14 N     0.0060394371     0.0058659993     0.0000000000
15 N     0.0120729668    -0.0207401331    -0.0000000000
16 C     0.0040606108     0.0019573763    -0.0000000000
17 C    -0.0010444769     0.0023692734    -0.0000000000
18 C    -0.0002278172     0.0004080876    -0.0000000000
19 C     0.0001518918     0.0022159327    -0.0000000000
20 C    -0.0050617200    -0.0012094844     0.0000000000
21 C    -0.0075989875     0.0047586393     0.0000000000
22 C     0.0001347367     0.0007534844     0.0000000000
23 C    -0.0007144089     0.0007871369     0.0000000000
24 C     0.0008101956     0.0000478322    -0.0000000000
25 C     0.0039968138    -0.0020152803    -0.0000000000
26 N     0.0081169894     0.0108033969    -0.0000000000
27 C     0.0014945129     0.0017350980     0.0000000000
28 C     0.0011606215     0.0025358391     0.0000000000
29 C    -0.0032093725     0.0036854029    -0.0000000000
30 C    -0.0027259403    -0.0039695384    -0.0000000000
31 C     0.0015705690    -0.0015029238    -0.0000000000
32 N     0.0272614415     0.0136116395    -0.0000000000
33 C     0.0017050765     0.0056981810     0.0000000000
34 C    -0.0043891215    -0.0003684929     0.0000000000
35 C    -0.0000430915     0.0046774540    -0.0000000000
36 C    -0.0064460321    -0.0062979624     0.0000000000
37 C     0.0025941609    -0.0013448371     0.0000000000
38 C    -0.0008026073     0.0001984526    -0.0000000000
39 N    -0.0016108601     0.0026753878    -0.0000000000
40 C    -0.0020048103     0.0087476611     0.0000000000
41 C    -0.0040144783    -0.0034266638    -0.0000000000
42 C     0.0018553448     0.0017020979    -0.0000000000
43 C     0.0022374851    -0.0009286960    -0.0000000000
44 C    -0.0023881346    -0.0058564182     0.0000000000
45 C    -0.0104651291    -0.0091462350    -0.0000000000
46 C     0.0006282370     0.0019227444    -0.0000000000
47 C     0.0000903506    -0.0011488913    -0.0000000000
48 C     0.0005369319    -0.0000772335     0.0000000000
49 C    -0.0013225646     0.0005696221     0.0000000000
50 C     0.0056814198    -0.0064969821    -0.0000000000
51 C     0.0167402449     0.0005061116     0.0000000000
52 C     0.0026862631    -0.0040740670     0.0000000000
53 C     0.0017845665     0.0006560912     0.0000000000
54 C     0.0006283314    -0.0010998659     0.0000000000
55 C    -0.0026939005    -0.0001963711    -0.0000000000
56 C    -0.0058394429     0.0018837682     0.0000000000
57 N    -0.0086481114     0.0056659756     0.0000000000
58 C    -0.0025052112    -0.0050055140    -0.0000000000
59 C     0.0011090370     0.0008149429     0.0000000000
60 C     0.0004614362     0.0013663035     0.0000000000
61 C     0.0012205799    -0.0000428857    -0.0000000000
62 C    -0.0010975041    -0.0105102685    -0.0000000000
63 C    -0.0032485143     0.0014786918    -0.0000000000
64 C    -0.0004498187     0.0000619354    -0.0000000000
65 C     0.0050060543    -0.0022715376     0.0000000000
66 C    -0.0009359443     0.0006965158     0.0000000000
67 C    -0.0020490711     0.0040368204     0.0000000000
68 C    -0.0061911530    -0.0214208343     0.0000000000
69 C    -0.0022630850    -0.0024629196    -0.0000000000
70 N     0.0017524035    -0.0003703536     0.0000000000
71 N     0.0014113962    -0.0016389814     0.0000000000
72 C    -0.0091035596     0.0089366062     0.0000000000
73 N    -0.0018116860     0.0029032369     0.0000000000
74 C     0.0050811975    -0.0018759966    -0.0000000000
75 C     0.0002172912    -0.0000120135     0.0000000000
76 C     0.0069983293    -0.0043990888    -0.0000000000
77 C    -0.0016148600    -0.0004076165    -0.0000000000
78 H    -0.0103100447    -0.0053104184     0.0000000000
79 H    -0.0124748429     0.0077647786     0.0000000000
80 H    -0.0021773717    -0.0016851112    -0.0000000000
81 H     0.0001273370    -0.0010623520     0.0000000000
82 H    -0.0008082494    -0.0001740248     0.0000000000
83 H    -0.0007547582     0.0002165773    -0.0000000000
84 H     0.0017563778     0.0004154709     0.0000000000
85 H     0.0119586743     0.0062537247    -0.0000000000
86 H     0.0012005597    -0.0018866466    -0.0000000000
87 H    -0.0002113636    -0.0004511217     0.0000000000
88 H     0.0007158095    -0.0016551496     0.0000000000
89 H    -0.0019124143     0.0005369694    -0.0000000000
90 H    -0.0010069235     0.0008202644    -0.0000000000
91 H    -0.0007616703    -0.0013677278    -0.0000000000
92 H     0.0000402342    -0.0013537318    -0.0000000000
93 H    -0.0001210105    -0.0000087131    -0.0000000000
94 H    -0.0004586911    -0.0021599073     0.0000000000
95 H    -0.0001876747    -0.0032497353    -0.0000000000
96 H     0.0004516880     0.0033992022     0.0000000000
97 H    -0.0019920110     0.0109837192    -0.0000000000
98 H    -0.0003848974     0.0007592237     0.0000000000
99 H    -0.0005076971     0.0012692400    -0.0000000000
100 H     0.0000154656     0.0016890905    -0.0000000000
101 H     0.0004349900     0.0001725763    -0.0000000000
----------------------------------------------
cycle 3: E = -3150.66412905  dE = 0.000518846  norm(grad) = 0.0748848

Geometry optimization cycle 4
Cartesian coordinates (Angstrom)
 Atom        New coordinates             dX        dY        dZ
   C  -7.250958   4.949081   0.000000   -0.017948 -0.018175 -0.000000
   C  -7.313299   0.700557   0.000000   -0.009109  0.022155 -0.000000
   C  -6.082506   2.854226   0.000000    0.001468  0.005718 -0.000000
   C  -4.842393   4.987955   0.000000    0.010030  0.009407 -0.000000
   C  -7.295557  -3.626083  -0.000000   -0.005041  0.004710 -0.000000
   C  -6.101223  -1.411221  -0.000000   -0.006609  0.009130  0.000000
   C  -4.888629   0.711467   0.000000   -0.002419  0.005152  0.000000
   C  -3.656460   2.823289   0.000000    0.000554  0.008540  0.000000
   C  -2.403506   4.945804   0.000000   -0.000185  0.010882  0.000000
   C  -5.981589  -5.644890  -0.000000    0.000428 -0.034921  0.000000
   C  -4.872715  -3.496643  -0.000000   -0.006879  0.006400  0.000000
   N  -3.659358  -1.384391   0.000000   -0.002602  0.001674  0.000000
   C  -2.448848   0.702716   0.000000   -0.000361  0.002464  0.000000
   C  -1.221429   2.817716   0.000000    0.000115  0.001369  0.000000
   N   0.016878   4.894253   0.000000   -0.004696 -0.001428  0.000000
   N  -3.591164  -5.529550  -0.000000   -0.013951  0.015826  0.000000
   C  -2.437322  -3.490106   0.000000   -0.002888 -0.005933  0.000000
   C  -1.234104  -1.403029   0.000000   -0.000476 -0.002720  0.000000
   C   0.008918   0.700759   0.000000    0.002617 -0.001220  0.000000
   C   1.228452   2.823041   0.000000    0.004621  0.000386  0.000000
   C   2.435076   4.938469   0.000000    0.005626  0.006916  0.000000
   C  -1.264452  -5.580618  -0.000000    0.004805 -0.015898  0.000000
   C  -0.002755  -3.525438   0.000000   -0.000671 -0.008177  0.000000
   C   1.223417  -1.405970   0.000000    0.000374 -0.004297  0.000000
   C   2.445828   0.700890   0.000000    0.006715  0.000292  0.000000
   C   3.661211   2.824425  -0.000000    0.006548  0.003334  0.000000
   N   4.865258   4.952843  -0.000000   -0.004656  0.008802  0.000000
   C   1.201854  -5.623590   0.000000    0.003169 -0.010771  0.000000
   C   2.445121  -3.502237   0.000000    0.000854 -0.007474  0.000000
   C   3.680165  -1.411143   0.000000    0.001575 -0.002743  0.000000
   C   4.873012   0.705429  -0.000000    0.014202  0.002030  0.000000
   C   6.066749   2.836130  -0.000000    0.012079 -0.002680 -0.000000
   N   7.204016   4.917637  -0.000000   -0.026127 -0.008749  0.000000
   C   3.635318  -5.620912   0.000000   -0.000273 -0.013053 -0.000000
   C   4.886751  -3.526381   0.000000    0.003190 -0.001708 -0.000000
   C   6.120191  -1.397622  -0.000000    0.001003 -0.001657 -0.000000
   C   7.311540   0.714424  -0.000000    0.024138  0.005311 -0.000000
   C   6.076403  -5.641080   0.000000   -0.004592  0.000497 -0.000000
   C   7.282878  -3.578938  -0.000000    0.006283 -0.004171 -0.000000
   N  -7.244950   3.586976   0.000000   -0.018197 -0.019999 -0.000000
   C  -6.112976   5.664501   0.000000   -0.009696 -0.025187 -0.000000
   C  -7.297044  -0.666592   0.000000   -0.000623  0.021882 -0.000000
   C  -6.121772   1.432404   0.000000   -0.001111  0.008037  0.000000
   C  -4.880014   3.548924   0.000000    0.001068  0.010263  0.000000
   C  -3.640947   5.646858   0.000000    0.004652  0.021560  0.000000
   C  -7.226066  -4.993939  -0.000000    0.018902  0.004110 -0.000000
   C  -6.117526  -2.852818  -0.000000   -0.007000  0.007931  0.000000
   C  -4.885733  -0.703862   0.000000   -0.002587  0.004467  0.000000
   C  -3.667023   1.416516   0.000000   -0.000943  0.005948  0.000000
   C  -2.439780   3.519489   0.000000    0.002020  0.007465  0.000000
   C  -1.180053   5.575763   0.000000   -0.001303  0.011856  0.000000
   C  -4.820134  -4.911104  -0.000000   -0.021477  0.001125  0.000000
   C  -3.656422  -2.787969   0.000000   -0.003313  0.000886  0.000000
   C  -2.452897  -0.704467   0.000000   -0.001479  0.000237  0.000000
   C  -1.219568   1.402218   0.000000    0.001251  0.000860  0.000000
   C   0.003587   3.507921   0.000000    0.002081 -0.001050  0.000000
   C   1.188020   5.573289   0.000000    0.000279 -0.004041  0.000000
   N  -2.406497  -4.830689  -0.000000    0.004826 -0.007538  0.000000
   C  -1.192879  -2.824769   0.000000   -0.000613 -0.003682  0.000000
   C   0.001643  -0.706142   0.000000    0.000183 -0.002859  0.000000
   C   1.227339   1.395497   0.000000    0.004747 -0.001193  0.000000
   C   2.434936   3.506591   0.000000    0.005268  0.003980  0.000000
   C   3.639911   5.611032  -0.000000   -0.000525  0.018831  0.000000
   C  -0.018910  -4.963318   0.000000    0.003465 -0.011496  0.000000
   C   1.243665  -2.825640   0.000000    0.000430 -0.006498  0.000000
   C   2.454685  -0.710792   0.000000   -0.000435 -0.000989  0.000000
   C   3.678035   1.398164   0.000000    0.010500  0.001114  0.000000
   C   4.866020   3.511472  -0.000000    0.009949  0.001915  0.000000
   C   6.022394   5.568506  -0.000000   -0.008490  0.024662  0.000000
   C   2.433004  -4.946132   0.000000    0.002434 -0.009009  0.000000
   N   3.668614  -2.795183   0.000000    0.000687 -0.003245  0.000000
   N   4.862183  -0.724767  -0.000000    0.000864  0.000118 -0.000000
   C   6.109923   1.416770  -0.000000    0.020525 -0.003176 -0.000000
   N   7.252031   3.536496  -0.000000    0.015738 -0.009592 -0.000000
   C   4.854912  -4.934711   0.000000   -0.005620 -0.001821 -0.000000
   C   6.100342  -2.843159  -0.000000    0.005426 -0.003302 -0.000000
   C   7.271167  -0.677163  -0.000000   -0.001516  0.004811 -0.000000
   C   7.267156  -4.968931   0.000000   -0.000080 -0.004454 -0.000000
   H   8.067319   5.409475  -0.000000   -0.019672 -0.004905 -0.000000
   H   8.147306   3.108891  -0.000000    0.028529 -0.003864 -0.000000
   H   8.272180   1.205005  -0.000000    0.028112  0.000361 -0.000000
   H   8.200731  -1.223028  -0.000000   -0.004804 -0.000353 -0.000000
   H   8.235773  -3.074447  -0.000000    0.008157 -0.006767 -0.000000
   H   8.203505  -5.513127   0.000000   -0.002025 -0.008793 -0.000000
   H  -8.229077   5.409365   0.000000   -0.018274 -0.016543 -0.000000
   H  -8.117375   3.103797   0.000000   -0.019954 -0.034145 -0.000000
   H  -8.279187   1.191267   0.000000   -0.008028  0.026771 -0.000000
   H  -8.238321  -1.195009  -0.000000   -0.001476  0.023665 -0.000000
   H  -8.265949  -3.152147  -0.000000   -0.009533 -0.002486 -0.000000
   H  -8.135360  -5.580509  -0.000000    0.017279  0.007834 -0.000000
   H  -6.160100   6.744326   0.000000   -0.018955 -0.025943 -0.000000
   H  -3.635729   6.730771   0.000000    0.005415  0.022373 -0.000000
   H  -1.092015   6.651607   0.000000    0.004123  0.012334  0.000000
   H   1.091521   6.649073   0.000000   -0.003121 -0.004177  0.000000
   H   3.701517   6.688553  -0.000000    0.000416  0.020120  0.000000
   H   6.049606   6.644856  -0.000000    0.001838  0.026695  0.000000
   H  -5.929704  -6.727701  -0.000000   -0.001278 -0.036924  0.000000
   H  -3.492962  -6.520973  -0.000000   -0.015571  0.008534  0.000000
   H  -1.399376  -6.650631  -0.000000    0.003394 -0.016153  0.000000
   H   1.225882  -6.706079  -0.000000    0.005535 -0.011509  0.000000
   H   3.640548  -6.703054   0.000000    0.002892 -0.014006 -0.000000
   H   6.042637  -6.723442   0.000000   -0.007203  0.000379 -0.000000
converged SCF energy = -3150.67097420014
--------------- RKS_Scanner gradients ---------------
         x                y                z
0 C     0.0005855956    -0.0018636972    -0.0000000000
1 C     0.0004440551    -0.0000373428    -0.0000000000
2 C    -0.0015278169    -0.0011938244    -0.0000000000
3 C    -0.0014286086    -0.0006204525    -0.0000000000
4 C     0.0005015604     0.0012644480     0.0000000000
5 C     0.0004270052     0.0004003542    -0.0000000000
6 C     0.0006364276    -0.0000272442    -0.0000000000
7 C     0.0004332835    -0.0009134219    -0.0000000000
8 C    -0.0009592319     0.0001579032    -0.0000000000
9 C    -0.0007888871     0.0028545433     0.0000000000
10 C    -0.0021146160    -0.0020468090    -0.0000000000
11 N    -0.0006766228     0.0001181037    -0.0000000000
12 C    -0.0003544514    -0.0003610808     0.0000000000
13 C     0.0009536248     0.0015734804    -0.0000000000
14 N     0.0009008117     0.0025556659    -0.0000000000
15 N     0.0037605285    -0.0061699523    -0.0000000000
16 C    -0.0000003571    -0.0003447079     0.0000000000
17 C    -0.0005291071     0.0020188486    -0.0000000000
18 C    -0.0001750213     0.0001655228    -0.0000000000
19 C    -0.0001195365     0.0010186237    -0.0000000000
20 C    -0.0020036633    -0.0007389033     0.0000000000
21 C    -0.0032912390     0.0016728634     0.0000000000
22 C    -0.0000249909     0.0000814474     0.0000000000
23 C    -0.0009166725     0.0003245144     0.0000000000
24 C     0.0005314229     0.0008232774     0.0000000000
25 C     0.0024227579    -0.0005924793     0.0000000000
26 N     0.0045752935     0.0034935804    -0.0000000000
27 C     0.0014973312     0.0010883991     0.0000000000
28 C     0.0008134062     0.0016636608     0.0000000000
29 C    -0.0017098419     0.0018488397     0.0000000000
30 C    -0.0000257692    -0.0022737962    -0.0000000000
31 C     0.0017241683     0.0001599461    -0.0000000000
32 N     0.0037661474     0.0022154146    -0.0000000000
33 C     0.0012654181     0.0022081878     0.0000000000
34 C    -0.0020010956     0.0004872932    -0.0000000000
35 C    -0.0013103575     0.0013036692    -0.0000000000
36 C    -0.0015960668    -0.0031533562    -0.0000000000
37 C     0.0010848247    -0.0007657456    -0.0000000000
38 C     0.0004712847     0.0001923586    -0.0000000000
39 N    -0.0016125186     0.0003939994     0.0000000000
40 C    -0.0007312842     0.0019489396     0.0000000000
41 C    -0.0006177160    -0.0000964752    -0.0000000000
42 C    -0.0000194721     0.0010125975     0.0000000000
43 C     0.0004718532     0.0002521531     0.0000000000
44 C     0.0002704584    -0.0013259677     0.0000000000
45 C    -0.0003319271    -0.0021125462    -0.0000000000
46 C     0.0000746508    -0.0007926412     0.0000000000
47 C     0.0003560269    -0.0009938982    -0.0000000000
48 C    -0.0000088076    -0.0002028891    -0.0000000000
49 C    -0.0000566826    -0.0001079610     0.0000000000
50 C     0.0034896383    -0.0021347728     0.0000000000
51 C     0.0031450528     0.0013830437     0.0000000000
52 C     0.0009703812    -0.0004886710    -0.0000000000
53 C     0.0010857244    -0.0001765749     0.0000000000
54 C     0.0009162935    -0.0008721997     0.0000000000
55 C    -0.0004803496    -0.0008531645     0.0000000000
56 C    -0.0030681215     0.0001947365    -0.0000000000
57 N    -0.0006936108     0.0015177579     0.0000000000
58 C    -0.0017337204    -0.0034308163    -0.0000000000
59 C     0.0009368092     0.0001982003     0.0000000000
60 C     0.0005370042     0.0001742391     0.0000000000
61 C     0.0001545938     0.0001978742    -0.0000000000
62 C     0.0008856418    -0.0037475028    -0.0000000000
63 C    -0.0019253045     0.0002549229    -0.0000000000
64 C    -0.0003359069     0.0002513006    -0.0000000000
65 C     0.0026776731    -0.0011808383    -0.0000000000
66 C    -0.0005806165    -0.0000396750    -0.0000000000
67 C    -0.0013105352     0.0016240016    -0.0000000000
68 C    -0.0025783872    -0.0037208786     0.0000000000
69 C    -0.0012112025    -0.0019836877    -0.0000000000
70 N     0.0005497210    -0.0012248052    -0.0000000000
71 N     0.0001985602     0.0003056900     0.0000000000
72 C    -0.0038589493     0.0050454982     0.0000000000
73 N     0.0037909503    -0.0007392535    -0.0000000000
74 C     0.0011875729    -0.0004601425    -0.0000000000
75 C     0.0007904803    -0.0005198587     0.0000000000
76 C     0.0026377230    -0.0010080795     0.0000000000
77 C    -0.0007715038    -0.0003280688     0.0000000000
78 H    -0.0041696127    -0.0023806700     0.0000000000
79 H    -0.0044576671     0.0021388324     0.0000000000
80 H    -0.0009993342    -0.0006256241     0.0000000000
81 H    -0.0003083388    -0.0002739955     0.0000000000
82 H    -0.0004604066    -0.0002470881    -0.0000000000
83 H    -0.0003695329     0.0001521903    -0.0000000000
84 H     0.0004415691    -0.0001192359     0.0000000000
85 H     0.0039571371     0.0022937369     0.0000000000
86 H     0.0002466303    -0.0003049500     0.0000000000
87 H     0.0002414950     0.0002810480     0.0000000000
88 H     0.0001341324    -0.0004829323    -0.0000000000
89 H    -0.0001089340     0.0007234049     0.0000000000
90 H    -0.0003741149    -0.0002155572    -0.0000000000
91 H    -0.0005375635    -0.0003549523    -0.0000000000
92 H    -0.0002091807    -0.0003690903    -0.0000000000
93 H    -0.0002553890    -0.0001150265     0.0000000000
94 H    -0.0003441374    -0.0007555215    -0.0000000000
95 H    -0.0005835693    -0.0007178134     0.0000000000
96 H     0.0005428286     0.0002358450    -0.0000000000
97 H    -0.0006750137     0.0046037975     0.0000000000
98 H     0.0000656078     0.0002903391    -0.0000000000
99 H    -0.0003131866     0.0006654706     0.0000000000
100 H    -0.0001026966     0.0006637759    -0.0000000000
101 H     0.0001638381     0.0001631520     0.0000000000
----------------------------------------------
cycle 4: E = -3150.6709742  dE = -0.00684515  norm(grad) = 0.0230734

Geometry optimization cycle 5
Cartesian coordinates (Angstrom)
 Atom        New coordinates             dX        dY        dZ
   C  -7.257608   4.944827   0.000000   -0.006650 -0.004255  0.000000
   C  -7.315981   0.697488   0.000000   -0.002682 -0.003069  0.000000
   C  -6.085304   2.855417   0.000000   -0.002797  0.001191  0.000000
   C  -4.840412   4.991304   0.000000    0.001982  0.003350  0.000000
   C  -7.295809  -3.629348   0.000000   -0.000252 -0.003265  0.000000
   C  -6.103229  -1.410479   0.000000   -0.002006  0.000742  0.000000
   C  -4.891567   0.713303   0.000000   -0.002938  0.001836  0.000000
   C  -3.659613   2.827503   0.000000   -0.003153  0.004214  0.000000
   C  -2.403623   4.951881   0.000000   -0.000117  0.006077  0.000000
   C  -5.991791  -5.648884  -0.000000   -0.010202 -0.003994  0.000000
   C  -4.873351  -3.493841  -0.000000   -0.000635  0.002802  0.000000
   N  -3.660364  -1.384474   0.000000   -0.001007 -0.000083 -0.000000
   C  -2.451690   0.703789   0.000000   -0.002843  0.001073 -0.000000
   C  -1.225506   2.818164   0.000000   -0.004077  0.000448 -0.000000
   N   0.016276   4.895921   0.000000   -0.000602  0.001668 -0.000000
   N  -3.600555  -5.525708  -0.000000   -0.009392  0.003843 -0.000000
   C  -2.434010  -3.492923  -0.000000    0.003312 -0.002817 -0.000000
   C  -1.234409  -1.406650  -0.000000   -0.000305 -0.003621 -0.000000
   C   0.006728   0.699413  -0.000000   -0.002189 -0.001346 -0.000000
   C   1.226506   2.823842   0.000000   -0.001946  0.000801 -0.000000
   C   2.445684   4.946795  -0.000000    0.010608  0.008327 -0.000000
   C  -1.257972  -5.590482  -0.000000    0.006480 -0.009864 -0.000000
   C   0.001537  -3.532001  -0.000000    0.004293 -0.006563 -0.000000
   C   1.223515  -1.410958  -0.000000    0.000098 -0.004989 -0.000000
   C   2.445886   0.699103  -0.000000    0.000058 -0.001787 -0.000000
   C   3.654489   2.823044  -0.000000   -0.006722 -0.001382 -0.000000
   N   4.862565   4.951840  -0.000000   -0.002693 -0.001002  0.000000
   C   1.206552  -5.636344  -0.000000    0.004698 -0.012755 -0.000000
   C   2.447912  -3.510102  -0.000000    0.002792 -0.007864 -0.000000
   C   3.681787  -1.413191  -0.000000    0.001622 -0.002048 -0.000000
   C   4.881255   0.706380  -0.000000    0.008243  0.000951  0.000000
   C   6.060098   2.829752  -0.000000   -0.006651 -0.006378  0.000000
   N   7.216204   4.918554  -0.000000    0.012187  0.000917  0.000000
   C   3.636605  -5.633529  -0.000000    0.001287 -0.012617 -0.000000
   C   4.889272  -3.525366   0.000000    0.002520  0.001015 -0.000000
   C   6.124853  -1.393435   0.000000    0.004662  0.004187  0.000000
   C   7.335430   0.726046  -0.000000    0.023890  0.011622  0.000000
   C   6.074443  -5.634247   0.000000   -0.001960  0.006833  0.000000
   C   7.284142  -3.575188   0.000000    0.001264  0.003750  0.000000
   N  -7.254704   3.579869   0.000000   -0.009754 -0.007106  0.000000
   C  -6.115696   5.656695   0.000000   -0.002721 -0.007806  0.000000
   C  -7.301108  -0.670091   0.000000   -0.004064 -0.003499  0.000000
   C  -6.125335   1.431978   0.000000   -0.003563 -0.000426  0.000000
   C  -4.883089   3.552470   0.000000   -0.003074  0.003547  0.000000
   C  -3.640179   5.654913   0.000000    0.000768  0.008055  0.000000
   C  -7.236345  -4.997674   0.000000   -0.010279 -0.003735  0.000000
   C  -6.119516  -2.851597   0.000000   -0.001990  0.001221  0.000000
   C  -4.887724  -0.701994   0.000000   -0.001992  0.001868  0.000000
   C  -3.669775   1.419424   0.000000   -0.002753  0.002908  0.000000
   C  -2.442462   3.523993   0.000000   -0.002682  0.004505 -0.000000
   C  -1.181354   5.583853   0.000000   -0.001301  0.008090  0.000000
   C  -4.831770  -4.910501  -0.000000   -0.011636  0.000603  0.000000
   C  -3.654598  -2.789015  -0.000000    0.001824 -0.001045 -0.000000
   C  -2.454015  -0.704768   0.000000   -0.001118 -0.000301 -0.000000
   C  -1.222554   1.402788   0.000000   -0.002986  0.000570 -0.000000
   C   0.000689   3.509001   0.000000   -0.002898  0.001081 -0.000000
   C   1.194383   5.571141   0.000000    0.006362 -0.002148 -0.000000
   N  -2.404377  -4.838331  -0.000000    0.002120 -0.007642 -0.000000
   C  -1.187850  -2.826970  -0.000000    0.005030 -0.002201 -0.000000
   C   0.000617  -0.709294  -0.000000   -0.001026 -0.003153 -0.000000
   C   1.225997   1.394933   0.000000   -0.001342 -0.000564 -0.000000
   C   2.433037   3.511768   0.000000   -0.001900  0.005177 -0.000000
   C   3.646232   5.629031  -0.000000    0.006321  0.017999  0.000000
   C  -0.011780  -4.972155  -0.000000    0.007130 -0.008837 -0.000000
   C   1.246949  -2.832070  -0.000000    0.003285 -0.006430 -0.000000
   C   2.453025  -0.712953  -0.000000   -0.001660 -0.002161 -0.000000
   C   3.680837   1.396288  -0.000000    0.002802 -0.001876 -0.000000
   C   4.860916   3.508235  -0.000000   -0.005104 -0.003237  0.000000
   C   6.030237   5.564617  -0.000000    0.007843 -0.003889  0.000000
   C   2.436404  -4.954329  -0.000000    0.003400 -0.008196 -0.000000
   N   3.669194  -2.797408  -0.000000    0.000580 -0.002225 -0.000000
   N   4.864829  -0.724398  -0.000000    0.002646  0.000368 -0.000000
   C   6.124925   1.410454  -0.000000    0.015002 -0.006315  0.000000
   N   7.242613   3.535777  -0.000000   -0.009418 -0.000719  0.000000
   C   4.850199  -4.934022   0.000000   -0.004714  0.000689  0.000000
   C   6.101874  -2.839194   0.000000    0.001532  0.003965  0.000000
   C   7.272772  -0.665461  -0.000000    0.001605  0.011702  0.000000
   C   7.268546  -4.965339   0.000000    0.001390  0.003592  0.000000
   H   8.088767   5.410059  -0.000000    0.021448  0.000584  0.000000
   H   8.142660   3.100311  -0.000000   -0.004645 -0.008580  0.000000
   H   8.297799   1.217534  -0.000000    0.025619  0.012530  0.000000
   H   8.201369  -1.213779   0.000000    0.000638  0.009248  0.000000
   H   8.237761  -3.070003   0.000000    0.001987  0.004444  0.000000
   H   8.204771  -5.511124   0.000000    0.001266  0.002003  0.000000
   H  -8.234485   5.409326   0.000000   -0.005408 -0.000039  0.000000
   H  -8.131755   3.090293   0.000000   -0.014380 -0.013504  0.000000
   H  -8.282215   1.188467   0.000000   -0.003028 -0.002800  0.000000
   H  -8.241994  -1.200799   0.000000   -0.003673 -0.005791  0.000000
   H  -8.264856  -3.151566   0.000000    0.001093  0.000581  0.000000
   H  -8.146395  -5.584610   0.000000   -0.011035 -0.004101  0.000000
   H  -6.162772   6.737111   0.000000   -0.002672 -0.007215  0.000000
   H  -3.632242   6.739351   0.000000    0.003487  0.008580  0.000000
   H  -1.091249   6.660137   0.000000    0.000766  0.008530  0.000000
   H   1.098988   6.647276   0.000000    0.007467 -0.001797  0.000000
   H   3.713189   6.707463  -0.000000    0.011671  0.018910  0.000000
   H   6.061633   6.641771  -0.000000    0.012027 -0.003085  0.000000
   H  -5.941857  -6.731737  -0.000000   -0.012153 -0.004035  0.000000
   H  -3.505830  -6.525242  -0.000000   -0.012868 -0.004269  0.000000
   H  -1.392303  -6.661151  -0.000000    0.007073 -0.010520 -0.000000
   H   1.232282  -6.719946  -0.000000    0.006401 -0.013867 -0.000000
   H   3.646200  -6.716735   0.000000    0.005653 -0.013681 -0.000000
   H   6.040661  -6.716960   0.000000   -0.001976  0.006483  0.000000
converged SCF energy = -3150.67096854809
--------------- RKS_Scanner gradients ---------------
         x                y                z
0 C    -0.0001993004     0.0000476018    -0.0000000000
1 C     0.0010512145    -0.0007878175     0.0000000000
2 C     0.0010077672    -0.0000332291    -0.0000000000
3 C     0.0004128063    -0.0000073532     0.0000000000
4 C     0.0027720718    -0.0004395994    -0.0000000000
5 C     0.0008888476     0.0008015555     0.0000000000
6 C    -0.0001178338     0.0001303436    -0.0000000000
7 C    -0.0001502974     0.0003433627    -0.0000000000
8 C    -0.0008885462     0.0002551027     0.0000000000
9 C    -0.0013286692     0.0016408566    -0.0000000000
10 C     0.0006895418     0.0003832063    -0.0000000000
11 N    -0.0008116307    -0.0000498232     0.0000000000
12 C    -0.0005739566     0.0004332668    -0.0000000000
13 C    -0.0000870419     0.0000420109     0.0000000000
14 N    -0.0014700816     0.0014259645     0.0000000000
15 N    -0.0010896585     0.0042206779     0.0000000000
16 C    -0.0003080105     0.0021949002     0.0000000000
17 C    -0.0008404871    -0.0001404344     0.0000000000
18 C    -0.0007359172     0.0001566526     0.0000000000
19 C     0.0000233484    -0.0010261947     0.0000000000
20 C     0.0031444110     0.0007993857     0.0000000000
21 C     0.0007285911     0.0002176910    -0.0000000000
22 C     0.0001257667    -0.0000523708     0.0000000000
23 C    -0.0009901740    -0.0003916038     0.0000000000
24 C    -0.0002003680     0.0008686799     0.0000000000
25 C    -0.0012180673    -0.0004405581     0.0000000000
26 N    -0.0070337932    -0.0015458282     0.0000000000
27 C     0.0009448545    -0.0009164069    -0.0000000000
28 C     0.0006765590     0.0000063485     0.0000000000
29 C    -0.0009889721     0.0004401566     0.0000000000
30 C     0.0012140620    -0.0002677195     0.0000000000
31 C    -0.0007484754    -0.0045999767     0.0000000000
32 N     0.0057675342     0.0018860505     0.0000000000
33 C     0.0004500826    -0.0019679944     0.0000000000
34 C     0.0009409599     0.0003957101    -0.0000000000
35 C    -0.0007142203    -0.0015283150     0.0000000000
36 C     0.0038632758    -0.0001445221     0.0000000000
37 C    -0.0005714597     0.0008947602     0.0000000000
38 C    -0.0005579727     0.0001976564     0.0000000000
39 N     0.0008089724    -0.0000593574     0.0000000000
40 C     0.0004630484    -0.0006561823    -0.0000000000
41 C    -0.0010689942    -0.0012279480    -0.0000000000
42 C    -0.0007051748     0.0007798164     0.0000000000
43 C    -0.0001057578     0.0008590099     0.0000000000
44 C     0.0015077921     0.0001930489    -0.0000000000
45 C    -0.0020467832    -0.0026403679     0.0000000000
46 C    -0.0014273085     0.0007062664     0.0000000000
47 C     0.0000248242     0.0004963586    -0.0000000000
48 C    -0.0000913853    -0.0000801279     0.0000000000
49 C    -0.0003413725     0.0002471820    -0.0000000000
50 C     0.0008635465     0.0001467465    -0.0000000000
51 C    -0.0004378834    -0.0000262390     0.0000000000
52 C     0.0008458703     0.0001188946    -0.0000000000
53 C     0.0009958913     0.0001382359     0.0000000000
54 C     0.0002358025    -0.0002718684    -0.0000000000
55 C    -0.0002757076    -0.0008154566    -0.0000000000
56 C     0.0005478816    -0.0020078205    -0.0000000000
57 N     0.0009642387    -0.0026386936     0.0000000000
58 C     0.0005896078    -0.0000991402    -0.0000000000
59 C     0.0003871632    -0.0004365376    -0.0000000000
60 C    -0.0003593763    -0.0001630523    -0.0000000000
61 C    -0.0010725982     0.0012978272    -0.0000000000
62 C     0.0015042097     0.0026105754    -0.0000000000
63 C     0.0010825651    -0.0000126158     0.0000000000
64 C     0.0002020980    -0.0001104821    -0.0000000000
65 C     0.0007629363    -0.0005808665    -0.0000000000
66 C    -0.0002080116    -0.0006269117    -0.0000000000
67 C     0.0002921788     0.0017059295    -0.0000000000
68 C     0.0012364170    -0.0038195802    -0.0000000000
69 C    -0.0004308868     0.0005539916    -0.0000000000
70 N    -0.0005369158    -0.0017110190     0.0000000000
71 N     0.0017486400     0.0012776775    -0.0000000000
72 C     0.0017558352    -0.0018131377    -0.0000000000
73 N    -0.0086523764     0.0027299802    -0.0000000000
74 C    -0.0026607087     0.0008492214     0.0000000000
75 C    -0.0006363275     0.0007306956    -0.0000000000
76 C    -0.0023542921     0.0033448974    -0.0000000000
77 C     0.0005764547    -0.0005028710    -0.0000000000
78 H     0.0024594487     0.0016850587    -0.0000000000
79 H     0.0023655446    -0.0006483573     0.0000000000
80 H     0.0007658929     0.0008224722    -0.0000000000
81 H    -0.0002224380     0.0005549826     0.0000000000
82 H     0.0000976492    -0.0000556626    -0.0000000000
83 H     0.0002001447    -0.0000305748     0.0000000000
84 H    -0.0001006074     0.0000789351    -0.0000000000
85 H    -0.0020499341    -0.0010655511    -0.0000000000
86 H     0.0000713424    -0.0000908507    -0.0000000000
87 H    -0.0002902387    -0.0002110200    -0.0000000000
88 H     0.0000543043    -0.0003049236     0.0000000000
89 H    -0.0004276918    -0.0001525502    -0.0000000000
90 H     0.0001295261    -0.0000636154    -0.0000000000
91 H    -0.0000177934     0.0001487192    -0.0000000000
92 H    -0.0002658630     0.0002017897    -0.0000000000
93 H     0.0002919666    -0.0001893802    -0.0000000000
94 H    -0.0002373304     0.0006989907     0.0000000000
95 H     0.0002799951    -0.0001902006    -0.0000000000
96 H    -0.0001164343     0.0001244570     0.0000000000
97 H    -0.0000210630    -0.0023435494    -0.0000000000
98 H     0.0003293630    -0.0001224927     0.0000000000
99 H    -0.0000997865    -0.0003442628    -0.0000000000
100 H    -0.0002027338    -0.0004973166     0.0000000000
101 H    -0.0000802178     0.0001181492     0.0000000000
----------------------------------------------
cycle 5: E = -3150.67096855  dE = 5.65204e-06  norm(grad) = 0.0207241

Geometry optimization cycle 6
Cartesian coordinates (Angstrom)
 Atom        New coordinates             dX        dY        dZ
   C  -7.256898   4.948740   0.000000    0.000709  0.003913  0.000000
   C  -7.316712   0.700336   0.000000   -0.000731  0.002848  0.000000
   C  -6.085521   2.855307   0.000000   -0.000217 -0.000110  0.000000
   C  -4.842582   4.989873   0.000000   -0.002170 -0.001432  0.000000
   C  -7.297743  -3.624565   0.000000   -0.001935  0.004784  0.000000
   C  -6.102669  -1.411130   0.000000    0.000560 -0.000651  0.000000
   C  -4.891041   0.711690   0.000000    0.000526 -0.001613  0.000000
   C  -3.659412   2.825417   0.000000    0.000201 -0.002086  0.000000
   C  -2.404850   4.949386   0.000000   -0.001227 -0.002495  0.000000
   C  -5.988264  -5.650762  -0.000000    0.003527 -0.001878  0.000000
   C  -4.872790  -3.496843   0.000000    0.000560 -0.003002  0.000000
   N  -3.659706  -1.386286   0.000000    0.000658 -0.001812  0.000000
   C  -2.450978   0.702342   0.000000    0.000712 -0.001447  0.000000
   C  -1.224805   2.817214   0.000000    0.000700 -0.000950  0.000000
   N   0.015687   4.895103   0.000000   -0.000589 -0.000818  0.000000
   N  -3.597565  -5.530579  -0.000000    0.002990 -0.004871  0.000000
   C  -2.433810  -3.494074  -0.000000    0.000200 -0.001151  0.000000
   C  -1.233770  -1.406710  -0.000000    0.000640 -0.000061  0.000000
   C   0.007225   0.699215   0.000000    0.000496 -0.000198  0.000000
   C   1.227240   2.823249   0.000000    0.000734 -0.000593  0.000000
   C   2.439878   4.943342   0.000000   -0.005805 -0.003454  0.000000
   C  -1.258650  -5.590014  -0.000000   -0.000678  0.000469  0.000000
   C   0.001188  -3.530696  -0.000000   -0.000350  0.001305  0.000000
   C   1.224325  -1.409959  -0.000000    0.000810  0.001000  0.000000
   C   2.445444   0.698996  -0.000000   -0.000442 -0.000107  0.000000
   C   3.657917   2.824334  -0.000000    0.003429  0.001290  0.000000
   N   4.863697   4.954308  -0.000000    0.001131  0.002468  0.000000
   C   1.205747  -5.633170  -0.000000   -0.000805  0.003174  0.000000
   C   2.447821  -3.508560  -0.000000   -0.000091  0.001541  0.000000
   C   3.682654  -1.413792  -0.000000    0.000867 -0.000602  0.000000
   C   4.877325   0.706041  -0.000000   -0.003930 -0.000339  0.000000
   C   6.064738   2.832009  -0.000000    0.004640  0.002257  0.000000
   N   7.203094   4.914413  -0.000000   -0.013109 -0.004141  0.000000
   C   3.637517  -5.629998   0.000000    0.000911  0.003531  0.000000
   C   4.890406  -3.527444   0.000000    0.001134 -0.002078  0.000000
   C   6.125882  -1.395754   0.000000    0.001028 -0.002319  0.000000
   C   7.325983   0.721429  -0.000000   -0.009447 -0.004618  0.000000
   C   6.078085  -5.638342   0.000000    0.003642 -0.004096  0.000000
   C   7.285586  -3.576926   0.000000    0.001443 -0.001738  0.000000
   N  -7.252317   3.583865   0.000000    0.002387  0.003996  0.000000
   C  -6.115479   5.660302   0.000000    0.000217  0.003607  0.000000
   C  -7.298487  -0.667044   0.000000    0.002621  0.003047  0.000000
   C  -6.124342   1.431644   0.000000    0.000994 -0.000334  0.000000
   C  -4.883030   3.550564   0.000000    0.000058 -0.001907  0.000000
   C  -3.642397   5.652014   0.000000   -0.002218 -0.002899  0.000000
   C  -7.229564  -4.991749   0.000000    0.006781  0.005925  0.000000
   C  -6.117897  -2.852145   0.000000    0.001619 -0.000548  0.000000
   C  -4.886895  -0.703677   0.000000    0.000829 -0.001683  0.000000
   C  -3.669249   1.417644   0.000000    0.000527 -0.001780  0.000000
   C  -2.442256   3.521817   0.000000    0.000206 -0.002176  0.000000
   C  -1.183445   5.581599   0.000000   -0.002091 -0.002254  0.000000
   C  -4.828119  -4.914264  -0.000000    0.003651 -0.003763  0.000000
   C  -3.654920  -2.790931  -0.000000   -0.000322 -0.001916  0.000000
   C  -2.454046  -0.706033   0.000000   -0.000031 -0.001265  0.000000
   C  -1.222341   1.402132   0.000000    0.000214 -0.000657  0.000000
   C   0.001446   3.508750   0.000000    0.000757 -0.000251  0.000000
   C   1.191676   5.573706   0.000000   -0.002706  0.002565  0.000000
   N  -2.404805  -4.837983  -0.000000   -0.000428  0.000348  0.000000
   C  -1.188075  -2.826493  -0.000000   -0.000226  0.000477  0.000000
   C   0.000967  -0.708973  -0.000000    0.000350  0.000321  0.000000
   C   1.226024   1.394628   0.000000    0.000027 -0.000305  0.000000
   C   2.434114   3.509151   0.000000    0.001077 -0.002617  0.000000
   C   3.641483   5.622413  -0.000000   -0.004748 -0.006618  0.000000
   C  -0.013071  -4.970624  -0.000000   -0.001291  0.001532  0.000000
   C   1.247053  -2.830831  -0.000000    0.000103  0.001240  0.000000
   C   2.453489  -0.712598  -0.000000    0.000464  0.000355  0.000000
   C   3.679528   1.397503   0.000000   -0.001309  0.001214  0.000000
   C   4.865200   3.509474  -0.000000    0.004285  0.001239  0.000000
   C   6.025409   5.574035  -0.000000   -0.004828  0.009419  0.000000
   C   2.436758  -4.952117  -0.000000    0.000354  0.002212  0.000000
   N   3.670459  -2.797119  -0.000000    0.001265  0.000289  0.000000
   N   4.864752  -0.725978  -0.000000   -0.000078 -0.001580  0.000000
   C   6.119558   1.411398  -0.000000   -0.005367  0.000943  0.000000
   N   7.250793   3.532164  -0.000000    0.008180 -0.003613  0.000000
   C   4.854753  -4.936230   0.000000    0.004555 -0.002208  0.000000
   C   6.102877  -2.841521   0.000000    0.001003 -0.002327  0.000000
   C   7.274793  -0.671332   0.000000    0.002021 -0.005871  0.000000
   C   7.270640  -4.966901   0.000000    0.002094 -0.001562  0.000000
   H   8.073651   5.406131  -0.000000   -0.015116 -0.003928  0.000000
   H   8.151660   3.101591  -0.000000    0.009000  0.001279  0.000000
   H   8.287507   1.213220  -0.000000   -0.010292 -0.004315  0.000000
   H   8.204800  -1.217919   0.000000    0.003431 -0.004139  0.000000
   H   8.238833  -3.071041   0.000000    0.001072 -0.001038  0.000000
   H   8.207421  -5.511541   0.000000    0.002650 -0.000417  0.000000
   H  -8.234178   5.412255   0.000000    0.000308  0.002930  0.000000
   H  -8.128577   3.095632   0.000000    0.003177  0.005339  0.000000
   H  -8.282981   1.191357   0.000000   -0.000766  0.002890  0.000000
   H  -8.239243  -1.197628   0.000000    0.002750  0.003171  0.000000
   H  -8.266932  -3.146828   0.000000   -0.002077  0.004738  0.000000
   H  -8.138864  -5.579474   0.000000    0.007531  0.005135  0.000000
   H  -6.160708   6.740887   0.000000    0.002064  0.003777  0.000000
   H  -3.633764   6.736333   0.000000   -0.001522 -0.003018  0.000000
   H  -1.092980   6.657714   0.000000   -0.001732 -0.002423  0.000000
   H   1.096426   6.649973   0.000000   -0.002562  0.002697  0.000000
   H   3.707024   6.700513  -0.000000   -0.006165 -0.006950  0.000000
   H   6.059796   6.651247  -0.000000   -0.001837  0.009476  0.000000
   H  -5.942613  -6.733743  -0.000000   -0.000756 -0.002006  0.000000
   H  -3.500087  -6.528593  -0.000000    0.005743 -0.003351  0.000000
   H  -1.393993  -6.660465  -0.000000   -0.001690  0.000686  0.000000
   H   1.232279  -6.716598  -0.000000   -0.000003  0.003348  0.000000
   H   3.645743  -6.712920   0.000000   -0.000457  0.003815  0.000000
   H   6.044707  -6.721143   0.000000    0.004046 -0.004184  0.000000
converged SCF energy = -3150.67150279822
--------------- RKS_Scanner gradients ---------------
         x                y                z
0 C    -0.0002446315     0.0001141503     0.0000000000
1 C    -0.0001265263     0.0001081206     0.0000000000
2 C    -0.0000396951    -0.0002544165     0.0000000000
3 C    -0.0003874787    -0.0001603473     0.0000000000
4 C    -0.0000674352     0.0006636078    -0.0000000000
5 C    -0.0002505082     0.0001420569    -0.0000000000
6 C    -0.0001234303    -0.0000445555    -0.0000000000
7 C    -0.0001071949    -0.0000470403    -0.0000000000
8 C    -0.0002742399     0.0001208557     0.0000000000
9 C    -0.0004427825    -0.0000393351     0.0000000000
10 C     0.0002398206    -0.0000012318    -0.0000000000
11 N    -0.0004240948     0.0000360043    -0.0000000000
12 C    -0.0001239699     0.0001638779    -0.0000000000
13 C     0.0000026014     0.0000512553    -0.0000000000
14 N    -0.0002295038     0.0002666895     0.0000000000
15 N    -0.0002239811     0.0009960626     0.0000000000
16 C     0.0003555176     0.0010854753    -0.0000000000
17 C    -0.0003528231     0.0000655262    -0.0000000000
18 C    -0.0003257897     0.0001206131    -0.0000000000
19 C     0.0001796416    -0.0001245658     0.0000000000
20 C     0.0003616727    -0.0001402018     0.0000000000
21 C     0.0002890449     0.0000415082    -0.0000000000
22 C    -0.0001370450     0.0001559727    -0.0000000000
23 C    -0.0003309505    -0.0000491281    -0.0000000000
24 C    -0.0001249295     0.0002462662     0.0000000000
25 C     0.0001030731    -0.0001536844     0.0000000000
26 N    -0.0010261702    -0.0014314997     0.0000000000
27 C     0.0002745949    -0.0002926183    -0.0000000000
28 C     0.0001875062     0.0002250135    -0.0000000000
29 C    -0.0004385258     0.0006223460     0.0000000000
30 C     0.0000180260    -0.0004195987     0.0000000000
31 C    -0.0002364418    -0.0006383417     0.0000000000
32 N    -0.0021837190    -0.0013218241     0.0000000000
33 C     0.0001197035    -0.0003998684    -0.0000000000
34 C     0.0000287056    -0.0001833231     0.0000000000
35 C     0.0001762789    -0.0002172734     0.0000000000
36 C     0.0009551570    -0.0003884627     0.0000000000
37 C     0.0000507916     0.0001227680     0.0000000000
38 C    -0.0004131245     0.0002184321     0.0000000000
39 N     0.0009478119     0.0006436882     0.0000000000
40 C     0.0002721129    -0.0000020702    -0.0000000000
41 C     0.0002459368    -0.0000814091     0.0000000000
42 C     0.0001805069    -0.0001924213    -0.0000000000
43 C     0.0000981060     0.0001942051    -0.0000000000
44 C     0.0004113575    -0.0000751219    -0.0000000000
45 C     0.0004759513    -0.0002044152     0.0000000000
46 C    -0.0001430095    -0.0004340047     0.0000000000
47 C     0.0001545300    -0.0000350548    -0.0000000000
48 C    -0.0000041370    -0.0000652826     0.0000000000
49 C    -0.0001422054     0.0000770855     0.0000000000
50 C     0.0001129599     0.0000197997     0.0000000000
51 C    -0.0001681274     0.0000642322    -0.0000000000
52 C     0.0002949022    -0.0003205009     0.0000000000
53 C     0.0004406950    -0.0000106073     0.0000000000
54 C    -0.0000218283    -0.0001134664     0.0000000000
55 C    -0.0002893170    -0.0004327279    -0.0000000000
56 C     0.0005771150     0.0000744018    -0.0000000000
57 N    -0.0002409855    -0.0006433747     0.0000000000
58 C     0.0005608839    -0.0000631290     0.0000000000
59 C     0.0000866781    -0.0002322102     0.0000000000
60 C    -0.0000929521    -0.0000112120    -0.0000000000
61 C    -0.0002946786     0.0003603700    -0.0000000000
62 C     0.0001994340     0.0006736116    -0.0000000000
63 C     0.0003415493    -0.0000060401     0.0000000000
64 C     0.0003448740    -0.0000421894     0.0000000000
65 C     0.0002250418    -0.0003873622     0.0000000000
66 C    -0.0004698784     0.0000751303    -0.0000000000
67 C    -0.0004183661     0.0002317538    -0.0000000000
68 C     0.0011856915     0.0021359532     0.0000000000
69 C    -0.0003561810     0.0000412012     0.0000000000
70 N    -0.0001093323    -0.0006512631     0.0000000000
71 N     0.0006534107     0.0001113883    -0.0000000000
72 C     0.0003973422    -0.0001389297    -0.0000000000
73 N    -0.0003220863    -0.0000338130    -0.0000000000
74 C    -0.0004150439     0.0002309980    -0.0000000000
75 C    -0.0002207548     0.0004309026    -0.0000000000
76 C    -0.0003685163     0.0009149335    -0.0000000000
77 C     0.0000655331    -0.0002323726    -0.0000000000
78 H     0.0009368801     0.0005305175    -0.0000000000
79 H     0.0011216367    -0.0006894980     0.0000000000
80 H     0.0001725662     0.0002846960     0.0000000000
81 H     0.0000985664     0.0000142233     0.0000000000
82 H     0.0000999617     0.0000658733    -0.0000000000
83 H     0.0000789258    -0.0000089431     0.0000000000
84 H    -0.0000320687     0.0001453575    -0.0000000000
85 H    -0.0008721726    -0.0005064889    -0.0000000000
86 H    -0.0000707071     0.0000215409    -0.0000000000
87 H    -0.0000617907    -0.0000929591    -0.0000000000
88 H    -0.0001840722     0.0000590210     0.0000000000
89 H    -0.0000654313     0.0001137427     0.0000000000
90 H    -0.0000220667     0.0000843453     0.0000000000
91 H    -0.0000383247     0.0000384782    -0.0000000000
92 H    -0.0001414704     0.0000813276    -0.0000000000
93 H     0.0001475439     0.0000799363     0.0000000000
94 H    -0.0000781582     0.0001390583    -0.0000000000
95 H    -0.0000060428     0.0002517475    -0.0000000000
96 H     0.0000877264     0.0000055878    -0.0000000000
97 H    -0.0000391293    -0.0012960567    -0.0000000000
98 H     0.0001000765    -0.0000737954     0.0000000000
99 H    -0.0000568293    -0.0001715761    -0.0000000000
100 H    -0.0000734141    -0.0001338063     0.0000000000
101 H    -0.0000309861    -0.0000198523    -0.0000000000
----------------------------------------------
cycle 6: E = -3150.6715028  dE = -0.00053425  norm(grad) = 0.00616561

Geometry optimization cycle 7
Cartesian coordinates (Angstrom)
 Atom        New coordinates             dX        dY        dZ
   C  -7.256191   4.942859   0.000000    0.000707 -0.005881 -0.000000
   C  -7.315382   0.700989   0.000000    0.001330  0.000653  0.000000
   C  -6.083099   2.854368   0.000000    0.002422 -0.000939 -0.000000
   C  -4.840397   4.989407   0.000000    0.002185 -0.000465 -0.000000
   C  -7.296306  -3.630364   0.000000    0.001438 -0.005800  0.000000
   C  -6.102841  -1.411727   0.000000   -0.000173 -0.000597  0.000000
   C  -4.889595   0.711459   0.000000    0.001445 -0.000231 -0.000000
   C  -3.657345   2.825142   0.000000    0.002067 -0.000275 -0.000000
   C  -2.403820   4.948885   0.000000    0.001031 -0.000501 -0.000000
   C  -5.984264  -5.656045   0.000000    0.004000 -0.005283  0.000000
   C  -4.874191  -3.496867   0.000000   -0.001400 -0.000023  0.000000
   N  -3.659677  -1.385870   0.000000    0.000029  0.000416  0.000000
   C  -2.449480   0.702380   0.000000    0.001498  0.000038 -0.000000
   C  -1.222893   2.816902   0.000000    0.001913 -0.000312 -0.000000
   N   0.015728   4.893299   0.000000    0.000041 -0.001804 -0.000000
   N  -3.596593  -5.528001  -0.000000    0.000972  0.002578  0.000000
   C  -2.436304  -3.493976  -0.000000   -0.002494  0.000099 -0.000000
   C  -1.233859  -1.405646  -0.000000   -0.000089  0.001065 -0.000000
   C   0.009058   0.699513  -0.000000    0.001833  0.000298 -0.000000
   C   1.228952   2.822737  -0.000000    0.001713 -0.000512 -0.000000
   C   2.438594   4.941601   0.000000   -0.001284 -0.001740 -0.000000
   C  -1.260564  -5.589075  -0.000000   -0.001915  0.000938 -0.000000
   C  -0.001340  -3.529042  -0.000000   -0.002528  0.001654 -0.000000
   C   1.224357  -1.408684  -0.000000    0.000032  0.001275 -0.000000
   C   2.446928   0.699262  -0.000000    0.001484  0.000266 -0.000000
   C   3.660477   2.824582  -0.000000    0.002560  0.000248 -0.000000
   N   4.865029   4.953900   0.000000    0.001333 -0.000408  0.000000
   C   1.203741  -5.628867  -0.000000   -0.002005  0.004303 -0.000000
   C   2.446408  -3.506652  -0.000000   -0.001413  0.001909 -0.000000
   C   3.682300  -1.413831  -0.000000   -0.000354 -0.000039 -0.000000
   C   4.877008   0.706955  -0.000000   -0.000317  0.000914 -0.000000
   C   6.068524   2.835641  -0.000000    0.003786  0.003631  0.000000
   N   7.207997   4.920129   0.000000    0.004903  0.005716  0.000000
   C   3.636490  -5.627073  -0.000000   -0.001027  0.002925 -0.000000
   C   4.890319  -3.527878  -0.000000   -0.000086 -0.000434 -0.000000
   C   6.123607  -1.397864  -0.000000   -0.002274 -0.002110 -0.000000
   C   7.320514   0.718630  -0.000000   -0.005469 -0.002799 -0.000000
   C   6.077589  -5.640405  -0.000000   -0.000496 -0.002063 -0.000000
   C   7.286957  -3.579230  -0.000000    0.001372 -0.002303 -0.000000
   N  -7.252102   3.578583   0.000000    0.000215 -0.005283 -0.000000
   C  -6.115848   5.655767   0.000000   -0.000369 -0.004536 -0.000000
   C  -7.298143  -0.666208   0.000000    0.000344  0.000836  0.000000
   C  -6.122775   1.431503   0.000000    0.001566 -0.000141 -0.000000
   C  -4.881101   3.550106   0.000000    0.001929 -0.000458 -0.000000
   C  -3.641289   5.652640   0.000000    0.001108  0.000626 -0.000000
   C  -7.225956  -4.997178   0.000000    0.003608 -0.005430  0.000000
   C  -6.119239  -2.853039   0.000000   -0.001343 -0.000894  0.000000
   C  -4.886963  -0.703976   0.000000   -0.000067 -0.000299  0.000000
   C  -3.667779   1.417527   0.000000    0.001470 -0.000117 -0.000000
   C  -2.440206   3.521341   0.000000    0.002050 -0.000476 -0.000000
   C  -1.182527   5.580627   0.000000    0.000918 -0.000972 -0.000000
   C  -4.827934  -4.914449   0.000000    0.000184 -0.000185  0.000000
   C  -3.657029  -2.790118   0.000000   -0.002109  0.000814  0.000000
   C  -2.454289  -0.705654  -0.000000   -0.000243  0.000379 -0.000000
   C  -1.220614   1.402047  -0.000000    0.001727 -0.000084 -0.000000
   C   0.003369   3.508009  -0.000000    0.001922 -0.000741 -0.000000
   C   1.190248   5.572397   0.000000   -0.001429 -0.001309 -0.000000
   N  -2.404811  -4.835806  -0.000000   -0.000006  0.002178  0.000000
   C  -1.190948  -2.825436  -0.000000   -0.002873  0.001057 -0.000000
   C   0.001172  -0.708065  -0.000000    0.000206  0.000909 -0.000000
   C   1.227808   1.394411  -0.000000    0.001783 -0.000217 -0.000000
   C   2.435787   3.507716  -0.000000    0.001673 -0.001435 -0.000000
   C   3.641030   5.618988   0.000000   -0.000454 -0.003425  0.000000
   C  -0.015952  -4.968513  -0.000000   -0.002881  0.002111 -0.000000
   C   1.245218  -2.829307  -0.000000   -0.001835  0.001523 -0.000000
   C   2.453614  -0.711860  -0.000000    0.000125  0.000738 -0.000000
   C   3.680674   1.397991  -0.000000    0.001146  0.000488 -0.000000
   C   4.867798   3.509657  -0.000000    0.002598  0.000183  0.000000
   C   6.025421   5.570611   0.000000    0.000012 -0.003424  0.000000
   C   2.435848  -4.949717  -0.000000   -0.000910  0.002400 -0.000000
   N   3.670308  -2.796305  -0.000000   -0.000151  0.000814 -0.000000
   N   4.863170  -0.725873  -0.000000   -0.001582  0.000105 -0.000000
   C   6.117756   1.413903  -0.000000   -0.001802  0.002505 -0.000000
   N   7.253703   3.537821  -0.000000    0.002909  0.005657  0.000000
   C   4.855314  -4.936555  -0.000000    0.000561 -0.000325 -0.000000
   C   6.103710  -2.843976  -0.000000    0.000833 -0.002456 -0.000000
   C   7.272630  -0.674854  -0.000000   -0.002163 -0.003521 -0.000000
   C   7.269973  -4.968932  -0.000000   -0.000668 -0.002031 -0.000000
   H   8.075240   5.413295   0.000000    0.001589  0.007164  0.000000
   H   8.152776   3.109123  -0.000000    0.001115  0.007532  0.000000
   H   8.282687   1.207862  -0.000000   -0.004820 -0.005358 -0.000000
   H   8.202532  -1.221219  -0.000000   -0.002267 -0.003300 -0.000000
   H   8.240343  -3.074207  -0.000000    0.001510 -0.003166 -0.000000
   H   8.206123  -5.514317   0.000000   -0.001298 -0.002776 -0.000000
   H  -8.234138   5.404579   0.000000    0.000040 -0.007676 -0.000000
   H  -8.125940   3.090004   0.000000    0.002637 -0.005628 -0.000000
   H  -8.281189   1.192691   0.000000    0.001792  0.001334 -0.000000
   H  -8.239305  -1.195548   0.000000   -0.000062  0.002080  0.000000
   H  -8.266413  -3.155208   0.000000    0.000520 -0.008380  0.000000
   H  -8.134101  -5.586453   0.000000    0.004763 -0.006978  0.000000
   H  -6.163574   6.736007   0.000000   -0.002866 -0.004880 -0.000000
   H  -3.632741   6.736872   0.000000    0.001023  0.000539 -0.000000
   H  -1.090241   6.656442   0.000000    0.002740 -0.001272 -0.000000
   H   1.093104   6.648343   0.000000   -0.003323 -0.001630 -0.000000
   H   3.706885   6.696792   0.000000   -0.000139 -0.003720  0.000000
   H   6.056744   6.647556   0.000000   -0.003052 -0.003691  0.000000
   H  -5.936570  -6.739024   0.000000    0.006043 -0.005280  0.000000
   H  -3.496830  -6.523256  -0.000000    0.003257  0.005337  0.000000
   H  -1.397190  -6.659192  -0.000000   -0.003197  0.001274 -0.000000
   H   1.230846  -6.711933  -0.000000   -0.001434  0.004665 -0.000000
   H   3.643987  -6.709718  -0.000000   -0.001756  0.003203 -0.000000
   H   6.043608  -6.723109  -0.000000   -0.001099 -0.001966 -0.000000
converged SCF energy = -3150.67148668163
