1721677963.7466705

Geometry optimization cycle 1
Cartesian coordinates (Angstrom)
 Atom        New coordinates             dX        dY        dZ
   C  -7.338226   5.042760   0.000000    0.000000  0.000000  0.000000
   C  -7.365228   0.691139   0.000000    0.000000  0.000000  0.000000
   C  -6.173642   2.889413   0.000000    0.000000  0.000000  0.000000
   C  -4.910090   5.019617   0.000000    0.000000  0.000000  0.000000
   C  -7.358051  -3.642635   0.000000    0.000000  0.000000  0.000000
   C  -6.173475  -1.431785   0.000000    0.000000  0.000000  0.000000
   C  -4.940069   0.716689   0.000000    0.000000  0.000000  0.000000
   C  -3.694845   2.860312   0.000000    0.000000  0.000000  0.000000
   C  -2.457224   5.005715   0.000000    0.000000  0.000000  0.000000
   C  -6.138515  -5.727246   0.000000    0.000000  0.000000  0.000000
   C  -4.928214  -3.580071   0.000000    0.000000  0.000000  0.000000
   C  -3.698169  -1.425571   0.000000    0.000000  0.000000  0.000000
   C  -2.471779   0.716540   0.000000    0.000000  0.000000  0.000000
   C  -1.230705   2.851907   0.000000    0.000000 -0.000000  0.000000
   C   0.000000   5.003169   0.000000    0.000000  0.000000  0.000000
   C  -3.678966  -5.694052   0.000000    0.000000  0.000000  0.000000
   N  -2.466015  -3.560923   0.000000    0.000000  0.000000  0.000000
   C  -1.232423  -1.423207   0.000000    0.000000  0.000000  0.000000
   C   0.000000   0.715809   0.000000    0.000000  0.000000  0.000000
   C   1.230705   2.851907   0.000000    0.000000 -0.000000  0.000000
   C   2.457224   5.005715   0.000000    0.000000  0.000000  0.000000
   C  -1.226334  -5.685080   0.000000    0.000000  0.000000  0.000000
   C   0.000000  -3.557079   0.000000    0.000000  0.000000  0.000000
   C   1.232423  -1.423207   0.000000    0.000000  0.000000  0.000000
   C   2.471779   0.716540   0.000000    0.000000  0.000000  0.000000
   N   3.694845   2.860312   0.000000    0.000000  0.000000  0.000000
   C   4.910090   5.019617   0.000000    0.000000  0.000000  0.000000
   C   1.226334  -5.685080   0.000000    0.000000  0.000000  0.000000
   C   2.466015  -3.560923   0.000000    0.000000  0.000000  0.000000
   C   3.698169  -1.425571   0.000000    0.000000  0.000000  0.000000
   C   4.940069   0.716689   0.000000    0.000000  0.000000  0.000000
   C   6.173642   2.889413   0.000000    0.000000  0.000000  0.000000
   C   7.338226   5.042760   0.000000    0.000000  0.000000  0.000000
   N   3.678966  -5.694052   0.000000    0.000000  0.000000  0.000000
   C   4.928214  -3.580071   0.000000    0.000000  0.000000  0.000000
   C   6.173475  -1.431785   0.000000   -0.000000  0.000000  0.000000
   C   7.365228   0.691139   0.000000    0.000000  0.000000  0.000000
   C   6.138515  -5.727246   0.000000    0.000000  0.000000  0.000000
   C   7.358051  -3.642635   0.000000   -0.000000  0.000000  0.000000
   N  -7.358051   3.642635   0.000000    0.000000  0.000000  0.000000
   C  -6.138515   5.727246   0.000000    0.000000  0.000000  0.000000
   C  -7.365228  -0.691139   0.000000    0.000000  0.000000  0.000000
   C  -6.173475   1.431785   0.000000    0.000000  0.000000  0.000000
   C  -4.928214   3.580071   0.000000    0.000000 -0.000000  0.000000
   C  -3.678966   5.694052   0.000000    0.000000  0.000000  0.000000
   C  -7.338226  -5.042760   0.000000    0.000000  0.000000  0.000000
   C  -6.173642  -2.889413   0.000000    0.000000  0.000000  0.000000
   C  -4.940069  -0.716689   0.000000    0.000000  0.000000  0.000000
   C  -3.698169   1.425571   0.000000    0.000000  0.000000  0.000000
   C  -2.466015   3.560923   0.000000    0.000000 -0.000000  0.000000
   C  -1.226334   5.685080   0.000000    0.000000  0.000000  0.000000
   C  -4.910090  -5.019617   0.000000    0.000000  0.000000  0.000000
   C  -3.694845  -2.860312   0.000000    0.000000  0.000000  0.000000
   C  -2.471779  -0.716540   0.000000    0.000000  0.000000  0.000000
   C  -1.232423   1.423207   0.000000    0.000000  0.000000  0.000000
   C   0.000000   3.557079   0.000000    0.000000  0.000000  0.000000
   C   1.226334   5.685080   0.000000    0.000000  0.000000  0.000000
   N  -2.457224  -5.005715   0.000000    0.000000  0.000000  0.000000
   C  -1.230705  -2.851907   0.000000    0.000000  0.000000  0.000000
   C   0.000000  -0.715809   0.000000    0.000000  0.000000  0.000000
   C   1.232423   1.423207   0.000000    0.000000  0.000000  0.000000
   C   2.466015   3.560923   0.000000    0.000000 -0.000000  0.000000
   C   3.678966   5.694052   0.000000    0.000000  0.000000  0.000000
   C   0.000000  -5.003169   0.000000    0.000000  0.000000  0.000000
   C   1.230705  -2.851907   0.000000    0.000000  0.000000  0.000000
   N   2.471779  -0.716540   0.000000    0.000000  0.000000  0.000000
   C   3.698169   1.425571   0.000000    0.000000  0.000000  0.000000
   C   4.928214   3.580071   0.000000    0.000000 -0.000000  0.000000
   C   6.138515   5.727246   0.000000    0.000000  0.000000  0.000000
   C   2.457224  -5.005715   0.000000    0.000000  0.000000  0.000000
   C   3.694845  -2.860312   0.000000    0.000000  0.000000  0.000000
   N   4.940069  -0.716689   0.000000    0.000000  0.000000  0.000000
   C   6.173475   1.431785   0.000000   -0.000000  0.000000  0.000000
   C   7.358051   3.642635   0.000000   -0.000000  0.000000  0.000000
   C   4.910090  -5.019617   0.000000    0.000000  0.000000  0.000000
   C   6.173642  -2.889413   0.000000    0.000000  0.000000  0.000000
   C   7.365228  -0.691139   0.000000    0.000000  0.000000  0.000000
   C   7.338226  -5.042760   0.000000    0.000000  0.000000  0.000000
   H   8.282184   5.591425   0.000000    0.000000 -0.000000  0.000000
   H   8.325741   3.141106   0.000000    0.000000  0.000000  0.000000
   H   8.326715   1.204661   0.000000    0.000000  0.000000  0.000000
   H   8.326715  -1.204661   0.000000    0.000000  0.000000  0.000000
   H   8.325741  -3.141106   0.000000    0.000000  0.000000  0.000000
   H   8.282184  -5.591425   0.000000    0.000000  0.000000  0.000000
   H  -8.282184   5.591425   0.000000    0.000000 -0.000000  0.000000
   H  -8.325741   3.141106   0.000000    0.000000  0.000000  0.000000
   H  -8.326715   1.204661   0.000000    0.000000  0.000000  0.000000
   H  -8.326715  -1.204661   0.000000    0.000000  0.000000  0.000000
   H  -8.325741  -3.141106   0.000000    0.000000  0.000000  0.000000
   H  -8.282184  -5.591425   0.000000    0.000000  0.000000  0.000000
   H  -6.116625   6.819427   0.000000    0.000000  0.000000  0.000000
   H  -3.672757   6.787431   0.000000    0.000000  0.000000  0.000000
   H  -1.225580   6.778408   0.000000    0.000000 -0.000000  0.000000
   H   1.225580   6.778408   0.000000    0.000000 -0.000000  0.000000
   H   3.672757   6.787431   0.000000    0.000000  0.000000  0.000000
   H   6.116625   6.819427   0.000000   -0.000000  0.000000  0.000000
   H  -6.116625  -6.819427   0.000000    0.000000  0.000000  0.000000
   H  -3.672757  -6.787431   0.000000    0.000000  0.000000  0.000000
   H  -1.225580  -6.778408   0.000000    0.000000  0.000000  0.000000
   H   1.225580  -6.778408   0.000000    0.000000  0.000000  0.000000
   H   3.672757  -6.787431   0.000000    0.000000  0.000000  0.000000
   H   6.116625  -6.819427   0.000000   -0.000000  0.000000  0.000000
converged SCF energy = -3100.84535980549
--------------- ROKS_Scanner gradients ---------------
         x                y                z
0 C    -0.0285490824    -0.0000404405    -0.0000000000
1 C     0.0086219029     0.0183325986     0.0000000000
2 C    -0.0098650013     0.0097558952     0.0000000000
3 C    -0.0376934118    -0.0104257976    -0.0000000000
4 C     0.0055921067     0.0122384485     0.0000000000
5 C    -0.0124828390     0.0111547355     0.0000000000
6 C    -0.0091654185    -0.0049110806     0.0000000000
7 C     0.0060999917     0.0165803897     0.0000000000
8 C    -0.0218728495     0.0062721537     0.0000000000
9 C    -0.0196159107    -0.0002420933    -0.0000000000
10 C    -0.0139371744    -0.0021784572     0.0000000000
11 C    -0.0039794301     0.0294628435     0.0000000000
12 C    -0.0033288172     0.0274116445     0.0000000000
13 C     0.0047253728    -0.0041255024     0.0000000000
14 C    -0.0031694340     0.0007641332     0.0000000000
15 C    -0.0254954351    -0.0270234399    -0.0000000000
16 N    -0.0028560594     0.0111253570     0.0000000000
17 C     0.0098734029     0.0271424222    -0.0000000000
18 C     0.0184577296    -0.0012361337    -0.0000000000
19 C    -0.0140362971     0.0000094905     0.0000000000
20 C     0.0039949205    -0.0014179209     0.0000000000
21 C     0.0228794206    -0.0270621243     0.0000000000
22 C     0.0185127427    -0.0019542923    -0.0000000000
23 C     0.0072172974     0.0139742139    -0.0000000000
24 C     0.0174638146    -0.0015283215     0.0000000000
25 N     0.0028637253    -0.0036111905     0.0000000000
26 C     0.0186345192     0.0000062970    -0.0000000000
27 C    -0.0034172891    -0.0008094527     0.0000000000
28 C     0.0046475107     0.0396075273     0.0000000000
29 C    -0.0123405756     0.0284758827    -0.0000000000
30 C    -0.0093202987    -0.0216806156     0.0000000000
31 C     0.0102147446    -0.0037670812    -0.0000000000
32 C     0.0090024952    -0.0024646695    -0.0000000000
33 N    -0.0049669409     0.0319394834    -0.0000000000
34 C    -0.0128016653     0.0171001616    -0.0000000000
35 C    -0.0119519334    -0.0021172234    -0.0000000000
36 C    -0.0068242194    -0.0074036312     0.0000000000
37 C     0.0258787604     0.0003002954    -0.0000000000
38 C    -0.0091803452     0.0100444542    -0.0000000000
39 N     0.0351483978     0.0107830394     0.0000000000
40 C     0.0368617227     0.0116512160     0.0000000000
41 C     0.0120374829    -0.0194169707    -0.0000000000
42 C    -0.0004899073    -0.0256256809    -0.0000000000
43 C     0.0170080005     0.0079644723     0.0000000000
44 C     0.0318415785     0.0058776604     0.0000000000
45 C     0.0045592232    -0.0158419735     0.0000000000
46 C    -0.0031043161    -0.0156403019    -0.0000000000
47 C     0.0105656124     0.0056042405    -0.0000000000
48 C     0.0120585586    -0.0118632764    -0.0000000000
49 C    -0.0087632775    -0.0072474623    -0.0000000000
50 C     0.0114318731     0.0065657622    -0.0000000000
51 C     0.0101465213    -0.0005286010     0.0000000000
52 C     0.0180332296    -0.0077363078    -0.0000000000
53 C    -0.0062083724    -0.0304947647    -0.0000000000
54 C    -0.0140451972     0.0046422206     0.0000000000
55 C    -0.0000443912    -0.0068922011     0.0000000000
56 C    -0.0022705573     0.0090667796    -0.0000000000
57 N     0.0003356620     0.0280552920    -0.0000000000
58 C    -0.0138824958    -0.0012481072     0.0000000000
59 C    -0.0227797378     0.0014415106     0.0000000000
60 C    -0.0194468093     0.0161120537     0.0000000000
61 C    -0.0086784229     0.0070705932    -0.0000000000
62 C    -0.0107064670     0.0051669803    -0.0000000000
63 C    -0.0062252895    -0.0046839484    -0.0000000000
64 C    -0.0040654856    -0.0220804490     0.0000000000
65 N    -0.0166733046    -0.0238231125     0.0000000000
66 C    -0.0063367568     0.0048964280    -0.0000000000
67 C     0.0063136959     0.0102774322     0.0000000000
68 C    -0.0114594370     0.0059923541     0.0000000000
69 C     0.0036648488    -0.0241057368    -0.0000000000
70 C    -0.0000918034    -0.0564116793     0.0000000000
71 N     0.0262621423     0.0056335631     0.0000000000
72 C     0.0116787590     0.0204182198    -0.0000000000
73 C    -0.0001461000     0.0046784033     0.0000000000
74 C    -0.0040950783    -0.0003910127     0.0000000000
75 C     0.0147843319    -0.0003966999     0.0000000000
76 C     0.0173161404     0.0071347402    -0.0000000000
77 C    -0.0023870886    -0.0207136280     0.0000000000
78 H     0.0049923682     0.0029480914     0.0000000000
79 H     0.0069853275    -0.0021686293    -0.0000000000
80 H     0.0069568130     0.0029270617    -0.0000000000
81 H     0.0091360932    -0.0009788058    -0.0000000000
82 H     0.0059645473     0.0036026860     0.0000000000
83 H     0.0055761256    -0.0030868235     0.0000000000
84 H    -0.0030838167     0.0105639519     0.0000000000
85 H    -0.0560776348    -0.0267730857     0.0000000000
86 H    -0.0028401026     0.0036945496    -0.0000000000
87 H    -0.0055315964    -0.0033155233     0.0000000000
88 H    -0.0060908252     0.0029516270    -0.0000000000
89 H    -0.0052545503    -0.0028673540    -0.0000000000
90 H     0.0037289654     0.0075663245    -0.0000000000
91 H     0.0004126560     0.0060926767     0.0000000000
92 H    -0.0001209334     0.0061689537     0.0000000000
93 H    -0.0012173955     0.0071060692    -0.0000000000
94 H    -0.0000201216     0.0071397256     0.0000000000
95 H     0.0009402273     0.0067626083    -0.0000000000
96 H     0.0002660981    -0.0056373324     0.0000000000
97 H    -0.0109996510    -0.0105232212     0.0000000000
98 H     0.0111021222    -0.0106247983     0.0000000000
99 H     0.0002145516    -0.0052417410    -0.0000000000
100 H    -0.0007279400    -0.0624359918     0.0000000000
101 H    -0.0003017693    -0.0054052239     0.0000000000
----------------------------------------------
cycle 1: E = -3100.84535981  dE = -3100.85  norm(grad) = 0.214405

Geometry optimization cycle 2
Cartesian coordinates (Angstrom)
 Atom        New coordinates             dX        dY        dZ
   C  -7.283699   4.899559   0.000000    0.054527 -0.143201  0.000000
   C  -7.336578   0.684855   0.000000    0.028650 -0.006284  0.000000
   C  -6.086388   2.830743   0.000000    0.087254 -0.058670  0.000000
   C  -4.859892   4.965428   0.000000    0.050199 -0.054189  0.000000
   C  -7.297399  -3.634338   0.000000    0.060652  0.008297  0.000000
   C  -6.144569  -1.416757   0.000000    0.028906  0.015029  0.000000
   C  -4.902570   0.707540   0.000000    0.037498 -0.009149  0.000000
   C  -3.654379   2.820698   0.000000    0.040466 -0.039613  0.000000
   C  -2.426445   4.960349   0.000000    0.030779 -0.045366  0.000000
   C  -6.014659  -5.690759   0.000000    0.123857  0.036487  0.000000
   C  -4.885273  -3.521627   0.000000    0.042941  0.058443  0.000000
   C  -3.671624  -1.411174   0.000000    0.026545  0.014397  0.000000
   C  -2.442848   0.702188   0.000000    0.028932 -0.014352  0.000000
   C  -1.204236   2.830125   0.000000    0.026469 -0.021782  0.000000
   C   0.016432   4.957179   0.000000    0.016432 -0.045990  0.000000
   C  -3.587786  -5.555698   0.000000    0.091180  0.138354  0.000000
   N  -2.444999  -3.483576   0.000000    0.021016  0.077347  0.000000
   C  -1.219039  -1.406069   0.000000    0.013384  0.017138  0.000000
   C   0.004913   0.710284  -0.000000    0.004913 -0.005525 -0.000000
   C   1.248670   2.821063  -0.000000    0.017966 -0.030844 -0.000000
   C   2.460790   4.948993   0.000000    0.003566 -0.056722  0.000000
   C  -1.237556  -5.527901   0.000000   -0.011221  0.157179  0.000000
   C  -0.005428  -3.483492   0.000000   -0.005428  0.073587  0.000000
   C   1.238224  -1.380754  -0.000000    0.005801  0.042453 -0.000000
   C   2.459163   0.720836  -0.000000   -0.012616  0.004296 -0.000000
   N   3.666502   2.815089   0.000000   -0.028343 -0.045223  0.000000
   C   4.866817   4.931690   0.000000   -0.043273 -0.087927  0.000000
   C   1.211534  -5.606953   0.000000   -0.014800  0.078127  0.000000
   C   2.430013  -3.480602   0.000000   -0.036002  0.080321  0.000000
   C   3.666878  -1.393152  -0.000000   -0.031291  0.032419 -0.000000
   C   4.910192   0.713557   0.000000   -0.029877 -0.003132  0.000000
   C   6.104214   2.813290   0.000000   -0.069428 -0.076123  0.000000
   C   7.288444   4.927305   0.000000   -0.049782 -0.115455  0.000000
   N   3.608265  -5.529912   0.000000   -0.070701  0.164141  0.000000
   C   4.876131  -3.513327   0.000000   -0.052083  0.066743  0.000000
   C   6.090344  -1.418571   0.000000   -0.083130  0.013214  0.000000
   C   7.335610   0.667830   0.000000   -0.029618 -0.023309  0.000000
   C   6.013580  -5.660276   0.000000   -0.124935  0.066970  0.000000
   C   7.297376  -3.592934   0.000000   -0.060675  0.049701  0.000000
   N  -7.265286   3.533201   0.000000    0.092765 -0.109435  0.000000
   C  -6.138593   5.608254   0.000000   -0.000078 -0.118991  0.000000
   C  -7.344005  -0.676699   0.000000    0.021222  0.014440  0.000000
   C  -6.130985   1.415414   0.000000    0.042490 -0.016371  0.000000
   C  -4.879148   3.529887   0.000000    0.049066 -0.050183  0.000000
   C  -3.664116   5.642130   0.000000    0.014850 -0.051923  0.000000
   C  -7.222878  -5.016521   0.000000    0.115347  0.026238  0.000000
   C  -6.134917  -2.851040   0.000000    0.038725  0.038374  0.000000
   C  -4.917632  -0.715594   0.000000    0.022436  0.001095  0.000000
   C  -3.669913   1.408215   0.000000    0.028256 -0.017356  0.000000
   C  -2.430379   3.529134   0.000000    0.035636 -0.031789  0.000000
   C  -1.210307   5.631075   0.000000    0.016027 -0.054005  0.000000
   C  -4.837725  -4.942562   0.000000    0.072365  0.077055  0.000000
   C  -3.677960  -2.807880   0.000000    0.016885  0.052432  0.000000
   C  -2.447595  -0.695698   0.000000    0.024185  0.020841  0.000000
   C  -1.207341   1.408793   0.000000    0.025081 -0.014414  0.000000
   C   0.022452   3.526709   0.000000    0.022452 -0.030369  0.000000
   C   1.240933   5.618959   0.000000    0.014598 -0.066121  0.000000
   N  -2.423990  -4.885405   0.000000    0.033233  0.120310  0.000000
   C  -1.214197  -2.799607   0.000000    0.016508  0.052300  0.000000
   C   0.018608  -0.703672  -0.000000    0.018608  0.012137 -0.000000
   C   1.242097   1.402549  -0.000000    0.009674 -0.020659 -0.000000
   C   2.469438   3.516704   0.000000    0.003424 -0.044219  0.000000
   C   3.674949   5.630821   0.000000   -0.004017 -0.063231  0.000000
   C   0.009039  -4.910470   0.000000    0.009039  0.092699  0.000000
   C   1.213513  -2.773631  -0.000000   -0.017192  0.078276 -0.000000
   N   2.469298  -0.677134  -0.000000   -0.002481  0.039406 -0.000000
   C   3.681980   1.405620   0.000000   -0.016189 -0.019951  0.000000
   C   4.880450   3.507140   0.000000   -0.047764 -0.072930  0.000000
   C   6.105668   5.609782   0.000000   -0.032848 -0.117464  0.000000
   C   2.394919  -4.876630   0.000000   -0.062305  0.129085  0.000000
   C   3.655559  -2.772650   0.000000   -0.039286  0.087661  0.000000
   N   4.871745  -0.701545   0.000000   -0.068323  0.015144  0.000000
   C   6.135850   1.375382   0.000000   -0.037625 -0.056404  0.000000
   C   7.292094   3.536309   0.000000   -0.065957 -0.106326  0.000000
   C   4.838728  -4.920938   0.000000   -0.071362  0.098679  0.000000
   C   6.109268  -2.852437   0.000000   -0.064374  0.036977  0.000000
   C   7.264869  -0.704660   0.000000   -0.100359 -0.013521  0.000000
   C   7.213236  -4.970387   0.000000   -0.124990  0.072373  0.000000
   H   8.230198   5.464160   0.000000   -0.051986 -0.127265  0.000000
   H   8.240058   3.018230   0.000000   -0.085683 -0.122876  0.000000
   H   8.293601   1.166410   0.000000   -0.033114 -0.038251  0.000000
   H   8.190926  -1.257691   0.000000   -0.135789 -0.053030  0.000000
   H   8.267097  -3.116074   0.000000   -0.058643  0.025032  0.000000
   H   8.137363  -5.535564   0.000000   -0.144821  0.055860  0.000000
   H  -8.253818   5.376675   0.000000    0.028366 -0.214750  0.000000
   H  -8.140702   3.035897   0.000000    0.185038 -0.105209  0.000000
   H  -8.293659   1.194562   0.000000    0.033056 -0.010100  0.000000
   H  -8.299257  -1.183585   0.000000    0.027458  0.021077  0.000000
   H  -8.272562  -3.168125   0.000000    0.053178 -0.027019  0.000000
   H  -8.145743  -5.584756   0.000000    0.136441  0.006669  0.000000
   H  -6.186231   6.689308   0.000000   -0.069605 -0.130119  0.000000
   H  -3.672688   6.727253   0.000000    0.000069 -0.060178  0.000000
   H  -1.211503   6.716065   0.000000    0.014077 -0.062343  0.000000
   H   1.252109   6.702624   0.000000    0.026529 -0.075784  0.000000
   H   3.685334   6.714516   0.000000    0.012577 -0.072915  0.000000
   H   6.092602   6.693015   0.000000   -0.024023 -0.126412  0.000000
   H  -5.964947  -6.774414   0.000000    0.151679  0.045013  0.000000
   H  -3.492801  -6.630764   0.000000    0.179956  0.156667  0.000000
   H  -1.317790  -6.603869   0.000000   -0.092210  0.174539  0.000000
   H   1.226497  -6.693092   0.000000    0.000917  0.085315  0.000000
   H   3.593101  -6.538778   0.000000   -0.079656  0.248653  0.000000
   H   5.973543  -6.744643   0.000000   -0.143082  0.074784  0.000000
converged SCF energy = -3100.91118400897
--------------- ROKS_Scanner gradients ---------------
         x                y                z
0 C    -0.0055040940    -0.0009354569     0.0000000000
1 C     0.0033980442     0.0046254569    -0.0000000000
2 C     0.0039712669     0.0067247222    -0.0000000000
3 C    -0.0059255180    -0.0026335801    -0.0000000000
4 C     0.0013988099     0.0086305050    -0.0000000000
5 C    -0.0056668412     0.0064268693    -0.0000000000
6 C    -0.0011694262    -0.0008041851    -0.0000000000
7 C     0.0034103682     0.0070470316     0.0000000000
8 C    -0.0086156946     0.0034077009     0.0000000000
9 C    -0.0081327478    -0.0050730322    -0.0000000000
10 C     0.0003223290     0.0009857765     0.0000000000
11 C     0.0027061971     0.0094964216    -0.0000000000
12 C    -0.0002008958     0.0114259967    -0.0000000000
13 C     0.0031163561    -0.0015150937     0.0000000000
14 C    -0.0021816214     0.0013921188     0.0000000000
15 C    -0.0060733123     0.0006984998     0.0000000000
16 N    -0.0018238875     0.0115721624     0.0000000000
17 C     0.0008348074     0.0060637241    -0.0000000000
18 C     0.0081144088    -0.0027700966    -0.0000000000
19 C    -0.0022729706    -0.0000361504     0.0000000000
20 C     0.0043583129    -0.0019258558     0.0000000000
21 C     0.0018133651     0.0067062456    -0.0000000000
22 C    -0.0008250304     0.0010092561     0.0000000000
23 C     0.0055786735     0.0055195042    -0.0000000000
24 C     0.0057825391     0.0058052646     0.0000000000
25 N    -0.0034153754    -0.0017454009     0.0000000000
26 C    -0.0006558272    -0.0030448498    -0.0000000000
27 C     0.0079770913    -0.0060309955    -0.0000000000
28 C     0.0081578913     0.0188448248     0.0000000000
29 C    -0.0055283655     0.0078520262    -0.0000000000
30 C    -0.0008677454    -0.0004211900    -0.0000000000
31 C    -0.0035894930    -0.0062327187    -0.0000000000
32 C     0.0013784176    -0.0013777106     0.0000000000
33 N    -0.0037224050     0.0144299933     0.0000000000
34 C    -0.0090343358     0.0048373886     0.0000000000
35 C    -0.0058318837    -0.0063313065     0.0000000000
36 C     0.0035568553     0.0004633268     0.0000000000
37 C     0.0063943598    -0.0041015435     0.0000000000
38 C     0.0038306532     0.0087638608     0.0000000000
39 N     0.0058164390    -0.0065960400     0.0000000000
40 C     0.0052191402    -0.0066177150     0.0000000000
41 C     0.0047741595    -0.0068687225     0.0000000000
42 C    -0.0078626011    -0.0047156497     0.0000000000
43 C    -0.0015822207     0.0021830668     0.0000000000
44 C     0.0126125257     0.0009559584    -0.0000000000
45 C     0.0101104826    -0.0043291129     0.0000000000
46 C    -0.0044212413    -0.0082105479     0.0000000000
47 C     0.0012200120     0.0016511611     0.0000000000
48 C     0.0043998943    -0.0054802545    -0.0000000000
49 C    -0.0043941494    -0.0035573865    -0.0000000000
50 C     0.0055247554    -0.0001324990    -0.0000000000
51 C     0.0051801664     0.0024014198    -0.0000000000
52 C     0.0003469631    -0.0052903053    -0.0000000000
53 C    -0.0044506940    -0.0131343664     0.0000000000
54 C    -0.0060922807     0.0013289942     0.0000000000
55 C     0.0011271906    -0.0025461493    -0.0000000000
56 C     0.0004372325    -0.0003015520    -0.0000000000
57 N    -0.0008311522    -0.0054635774    -0.0000000000
58 C     0.0023483581    -0.0015610907    -0.0000000000
59 C    -0.0032663654    -0.0038673076     0.0000000000
60 C    -0.0058642746     0.0022990506    -0.0000000000
61 C    -0.0022946483     0.0031123344    -0.0000000000
62 C    -0.0020887942     0.0036431731     0.0000000000
63 C     0.0021295351    -0.0018221608    -0.0000000000
64 C    -0.0053842426    -0.0080592629     0.0000000000
65 N     0.0004095344    -0.0098157105     0.0000000000
66 C     0.0004191024    -0.0062110154    -0.0000000000
67 C     0.0059534289     0.0046647154     0.0000000000
68 C    -0.0053257970    -0.0023436323    -0.0000000000
69 C    -0.0152314535    -0.0087689336    -0.0000000000
70 C    -0.0012758007    -0.0160353914    -0.0000000000
71 N     0.0052309185     0.0054364777    -0.0000000000
72 C     0.0076608796     0.0006770681     0.0000000000
73 C    -0.0025081723     0.0007022886    -0.0000000000
74 C     0.0085217642    -0.0006386059    -0.0000000000
75 C     0.0086346637    -0.0069615961    -0.0000000000
76 C    -0.0071644553     0.0033120385    -0.0000000000
77 C    -0.0134120509     0.0000946528    -0.0000000000
78 H     0.0004425591    -0.0000727523    -0.0000000000
79 H     0.0014950075    -0.0010235750     0.0000000000
80 H     0.0024332554     0.0017149055     0.0000000000
81 H     0.0010213980     0.0008409478     0.0000000000
82 H     0.0014858404     0.0019838377    -0.0000000000
83 H    -0.0004459576     0.0011022730     0.0000000000
84 H     0.0009130112     0.0018415316     0.0000000000
85 H    -0.0050393688    -0.0017508086     0.0000000000
86 H    -0.0000008886     0.0011902752     0.0000000000
87 H    -0.0008351213     0.0007362491    -0.0000000000
88 H    -0.0005815310     0.0000468002     0.0000000000
89 H     0.0001937057     0.0002755286    -0.0000000000
90 H     0.0007584650    -0.0000254339    -0.0000000000
91 H    -0.0007270777     0.0004778364     0.0000000000
92 H    -0.0004757006     0.0002535250    -0.0000000000
93 H    -0.0006270400     0.0000715824     0.0000000000
94 H     0.0000810474     0.0010379615    -0.0000000000
95 H     0.0005384644     0.0000881315    -0.0000000000
96 H     0.0009021609    -0.0013863049     0.0000000000
97 H    -0.0021334210    -0.0007129020    -0.0000000000
98 H     0.0026143354    -0.0001852101    -0.0000000000
99 H    -0.0000028592    -0.0021215245     0.0000000000
100 H    -0.0002202155    -0.0037539494    -0.0000000000
101 H    -0.0014888775    -0.0014714704     0.0000000000
----------------------------------------------
cycle 2: E = -3100.91118401  dE = -0.0658242  norm(grad) = 0.0730858

Geometry optimization cycle 3
Cartesian coordinates (Angstrom)
 Atom        New coordinates             dX        dY        dZ
   C  -7.254745   4.945317   0.000000    0.028954  0.045758 -0.000000
   C  -7.334641   0.678894   0.000000    0.001937 -0.005961  0.000000
   C  -6.095130   2.829816   0.000000   -0.008742 -0.000927  0.000000
   C  -4.874435   4.965910  -0.000000   -0.014543  0.000482 -0.000000
   C  -7.284190  -3.634682   0.000000    0.013209 -0.000344  0.000000
   C  -6.129894  -1.422984   0.000000    0.014675 -0.006227  0.000000
   C  -4.900551   0.700604   0.000000    0.002019 -0.006936  0.000000
   C  -3.663514   2.805408   0.000000   -0.009136 -0.015290 -0.000000
   C  -2.431217   4.941542  -0.000000   -0.004772 -0.018808 -0.000000
   C  -6.009254  -5.646382   0.000000    0.005405  0.044377  0.000000
   C  -4.868607  -3.520369   0.000000    0.016666  0.001258  0.000000
   C  -3.661402  -1.426719   0.000000    0.010222 -0.015545  0.000000
   C  -2.444376   0.686537   0.000000   -0.001528 -0.015651  0.000000
   C  -1.211299   2.819929   0.000000   -0.007063 -0.010196 -0.000000
   C   0.007426   4.945994  -0.000000   -0.009006 -0.011185 -0.000000
   C  -3.560849  -5.549756   0.000000    0.026937  0.005942  0.000000
   N  -2.430465  -3.499194   0.000000    0.014534 -0.015618  0.000000
   C  -1.215025  -1.415892   0.000000    0.004014 -0.009823  0.000000
   C  -0.006409   0.701298   0.000000   -0.011322 -0.008985  0.000000
   C   1.243523   2.808677   0.000000   -0.005147 -0.012386  0.000000
   C   2.442701   4.932015   0.000000   -0.018089 -0.016979 -0.000000
   C  -1.232940  -5.542796   0.000000    0.004616 -0.014895  0.000000
   C   0.000794  -3.473439   0.000000    0.006222  0.010053  0.000000
   C   1.240855  -1.389420   0.000000    0.002631 -0.008665  0.000000
   C   2.440770   0.711182   0.000000   -0.018393 -0.009654  0.000000
   N   3.659968   2.813353   0.000000   -0.006534 -0.001736  0.000000
   C   4.866551   4.932488   0.000000   -0.000266  0.000798  0.000000
   C   1.215071  -5.555900  -0.000000    0.003536  0.051054 -0.000000
   C   2.437205  -3.505950  -0.000000    0.007192 -0.025348 -0.000000
   C   3.670029  -1.398215   0.000000    0.003151 -0.005063  0.000000
   C   4.876773   0.709173   0.000000   -0.033419 -0.004384  0.000000
   C   6.091789   2.822305   0.000000   -0.012425  0.009015  0.000000
   C   7.280151   4.931059   0.000000   -0.008293  0.003754  0.000000
   N   3.637153  -5.581173  -0.000000    0.028888 -0.051261 -0.000000
   C   4.869053  -3.511963  -0.000000   -0.007078  0.001364 -0.000000
   C   6.101697  -1.411989   0.000000    0.011352  0.006582  0.000000
   C   7.279734   0.659153   0.000000   -0.055876 -0.008676  0.000000
   C   6.022066  -5.624717  -0.000000    0.008486  0.035559 -0.000000
   C   7.265202  -3.621835  -0.000000   -0.032174 -0.028901 -0.000000
   N  -7.241270   3.585010   0.000000    0.024016  0.051809 -0.000000
   C  -6.129605   5.669622  -0.000000    0.008988  0.061367 -0.000000
   C  -7.332963  -0.676859   0.000000    0.011043 -0.000160  0.000000
   C  -6.125882   1.416520   0.000000    0.005103  0.001106  0.000000
   C  -4.886217   3.521827   0.000000   -0.007069 -0.008060 -0.000000
   C  -3.679778   5.618340  -0.000000   -0.015662 -0.023790 -0.000000
   C  -7.245401  -5.010331   0.000000   -0.022523  0.006191  0.000000
   C  -6.116758  -2.848164   0.000000    0.018159  0.002876  0.000000
   C  -4.906686  -0.726060   0.000000    0.010947 -0.010466  0.000000
   C  -3.673439   1.399441   0.000000   -0.003525 -0.008774  0.000000
   C  -2.435006   3.515835   0.000000   -0.004627 -0.013299 -0.000000
   C  -1.223815   5.615500  -0.000000   -0.013508 -0.015575 -0.000000
   C  -4.816709  -4.936243   0.000000    0.021016  0.006319  0.000000
   C  -3.661558  -2.815537   0.000000    0.016402 -0.007656  0.000000
   C  -2.439380  -0.698706   0.000000    0.008214 -0.003008  0.000000
   C  -1.209926   1.397957   0.000000   -0.002585 -0.010836  0.000000
   C   0.015569   3.517537  -0.000000   -0.006883 -0.009173 -0.000000
   C   1.229654   5.608820  -0.000000   -0.011279 -0.010139 -0.000000
   N  -2.403543  -4.889312   0.000000    0.020447 -0.003907  0.000000
   C  -1.209026  -2.802974   0.000000    0.005171 -0.003367  0.000000
   C   0.023803  -0.711270   0.000000    0.005195 -0.007598  0.000000
   C   1.233401   1.390185   0.000000   -0.008696 -0.012363  0.000000
   C   2.462272   3.501837   0.000000   -0.007166 -0.014867  0.000000
   C   3.663077   5.603125   0.000000   -0.011872 -0.027697 -0.000000
   C  -0.000065  -4.892294   0.000000   -0.009105  0.018176 -0.000000
   C   1.229470  -2.777209   0.000000    0.015958 -0.003577  0.000000
   N   2.470271  -0.677746   0.000000    0.000973 -0.000613  0.000000
   C   3.656633   1.407752   0.000000   -0.025347  0.002132  0.000000
   C   4.866321   3.506969   0.000000   -0.014129 -0.000172  0.000000
   C   6.104872   5.619499   0.000000   -0.000796  0.009717  0.000000
   C   2.443013  -4.891512  -0.000000    0.048094 -0.014882 -0.000000
   C   3.650293  -2.764123   0.000000   -0.005266  0.008527  0.000000
   N   4.868380  -0.709555   0.000000   -0.003365 -0.008010  0.000000
   C   6.087771   1.379055   0.000000   -0.048079  0.003674  0.000000
   C   7.283662   3.539372   0.000000   -0.008433  0.003063  0.000000
   C   4.831874  -4.917004  -0.000000   -0.006855  0.003934 -0.000000
   C   6.090740  -2.847839   0.000000   -0.018528  0.004598 -0.000000
   C   7.281100  -0.714964   0.000000    0.016231 -0.010304  0.000000
   C   7.259793  -4.995842  -0.000000    0.046557 -0.025455 -0.000000
   H   8.221390   5.465677   0.000000   -0.008808  0.001517  0.000000
   H   8.226928   3.020994   0.000000   -0.013130  0.002764  0.000000
   H   8.223046   1.173056   0.000000   -0.070555  0.006646  0.000000
   H   8.210729  -1.257675   0.000000    0.019803  0.000017  0.000000
   H   8.226789  -3.138810   0.000000   -0.040309 -0.022737 -0.000000
   H   8.183102  -5.562954  -0.000000    0.045739 -0.027390 -0.000000
   H  -8.235263   5.397339   0.000000    0.018556  0.020665 -0.000000
   H  -8.108669   3.112005   0.000000    0.032033  0.076108  0.000000
   H  -8.296764   1.175562   0.000000   -0.003105 -0.019000  0.000000
   H  -8.282326  -1.191075   0.000000    0.016931 -0.007490  0.000000
   H  -8.250782  -3.155457   0.000000    0.021781  0.012668  0.000000
   H  -8.164909  -5.582859   0.000000   -0.019166  0.001897  0.000000
   H  -6.170126   6.749697  -0.000000    0.016104  0.060390 -0.000000
   H  -3.679132   6.701678  -0.000000   -0.006444 -0.025575 -0.000000
   H  -1.226748   6.699003  -0.000000   -0.015245 -0.017061 -0.000000
   H   1.248817   6.691009  -0.000000   -0.003292 -0.011615 -0.000000
   H   3.665795   6.684018   0.000000   -0.019539 -0.030498 -0.000000
   H   6.087812   6.701356   0.000000   -0.004790  0.008341  0.000000
   H  -5.963037  -6.727027   0.000000    0.001910  0.047386  0.000000
   H  -3.444703  -6.620070   0.000000    0.048098  0.010694  0.000000
   H  -1.331806  -6.615325   0.000000   -0.014016 -0.011456  0.000000
   H   1.212804  -6.637985  -0.000000   -0.013692  0.055107 -0.000000
   H   3.632359  -6.573316  -0.000000    0.039258 -0.034538 -0.000000
   H   5.977743  -6.705644  -0.000000    0.004199  0.038999 -0.000000
converged SCF energy = -3100.90935497673
--------------- ROKS_Scanner gradients ---------------
         x                y                z
0 C     0.0050970546    -0.0046972129    -0.0000000000
1 C    -0.0004863188     0.0008906891     0.0000000000
2 C    -0.0064777903    -0.0021413429    -0.0000000000
3 C    -0.0071411539    -0.0025019573    -0.0000000000
4 C     0.0077086586     0.0001087378     0.0000000000
5 C    -0.0016532343     0.0009654120     0.0000000000
6 C    -0.0013715755    -0.0009953230     0.0000000000
7 C     0.0003891915    -0.0028036885    -0.0000000000
8 C     0.0003349578     0.0021217757     0.0000000000
9 C    -0.0031143020     0.0133421799     0.0000000000
10 C     0.0000102983    -0.0002319688    -0.0000000000
11 C     0.0001970274    -0.0006572864    -0.0000000000
12 C    -0.0005613614     0.0000083407     0.0000000000
13 C     0.0003410198    -0.0003099774    -0.0000000000
14 C     0.0002658107     0.0007384729    -0.0000000000
15 C     0.0052133891     0.0058201075    -0.0000000000
16 N    -0.0028669685     0.0031581524     0.0000000000
17 C    -0.0004952429    -0.0005550205    -0.0000000000
18 C    -0.0004993715    -0.0016026204     0.0000000000
19 C     0.0001423776     0.0005661183    -0.0000000000
20 C    -0.0020363350    -0.0001393704    -0.0000000000
21 C    -0.0057886660    -0.0006356370     0.0000000000
22 C     0.0013572235     0.0021343673     0.0000000000
23 C    -0.0020788756     0.0000161411     0.0000000000
24 C    -0.0012514665     0.0014606427    -0.0000000000
25 N     0.0008521741    -0.0001878980     0.0000000000
26 C     0.0046263980     0.0008322370     0.0000000000
27 C     0.0012433405     0.0137791522     0.0000000000
28 C    -0.0063050300    -0.0012920517     0.0000000000
29 C     0.0019207055     0.0040899508     0.0000000000
30 C     0.0001360126    -0.0005169675     0.0000000000
31 C    -0.0001922978     0.0018837610     0.0000000000
32 C    -0.0013169855    -0.0009298619    -0.0000000000
33 N     0.0079281320    -0.0182298492     0.0000000000
34 C     0.0034338539    -0.0001351359     0.0000000000
35 C     0.0032327882     0.0067197698     0.0000000000
36 C    -0.0084400031    -0.0043271012    -0.0000000000
37 C    -0.0022491054     0.0153080778    -0.0000000000
38 C    -0.0148627811    -0.0072039934    -0.0000000000
39 N    -0.0023881301     0.0033373043    -0.0000000000
40 C    -0.0022393503     0.0075019600     0.0000000000
41 C     0.0025831684    -0.0000736154    -0.0000000000
42 C     0.0030826830    -0.0014368589    -0.0000000000
43 C    -0.0004238435    -0.0006724327     0.0000000000
44 C    -0.0024447269    -0.0044058289    -0.0000000000
45 C    -0.0082492447    -0.0087602211    -0.0000000000
46 C    -0.0017276266     0.0016610942    -0.0000000000
47 C     0.0014164322    -0.0002751147    -0.0000000000
48 C     0.0023304359    -0.0004875710     0.0000000000
49 C    -0.0015899382    -0.0006175564     0.0000000000
50 C     0.0006049090    -0.0014079886     0.0000000000
51 C     0.0098135087    -0.0020847081    -0.0000000000
52 C     0.0001184523    -0.0027714969     0.0000000000
53 C    -0.0002099086    -0.0023210993    -0.0000000000
54 C    -0.0004649928     0.0005338673    -0.0000000000
55 C     0.0001913589    -0.0004464381     0.0000000000
56 C    -0.0000775776     0.0000962208     0.0000000000
57 N     0.0056976577    -0.0080230169    -0.0000000000
58 C     0.0020408696    -0.0028277405    -0.0000000000
59 C     0.0028857210    -0.0003080983    -0.0000000000
60 C     0.0016034314    -0.0009039929     0.0000000000
61 C     0.0029493946    -0.0022090760     0.0000000000
62 C    -0.0012703680    -0.0052679264    -0.0000000000
63 C    -0.0115073788     0.0016700176    -0.0000000000
64 C     0.0027497859     0.0041311850    -0.0000000000
65 N     0.0030039912    -0.0045269791    -0.0000000000
66 C    -0.0040581152     0.0013538790     0.0000000000
67 C    -0.0023437404     0.0011363051    -0.0000000000
68 C     0.0009853429     0.0007559465     0.0000000000
69 C     0.0124033502    -0.0052457927    -0.0000000000
70 C    -0.0025501358    -0.0013776779    -0.0000000000
71 N    -0.0026108679    -0.0052741817    -0.0000000000
72 C    -0.0060701994     0.0040837340    -0.0000000000
73 C     0.0014824111     0.0008540325     0.0000000000
74 C    -0.0132693941     0.0021650776    -0.0000000000
75 C    -0.0029900772     0.0074023911    -0.0000000000
76 C     0.0078967507    -0.0040879553     0.0000000000
77 C     0.0167136211    -0.0097834228     0.0000000000
78 H    -0.0008439689    -0.0003329623     0.0000000000
79 H    -0.0009210594     0.0003321386    -0.0000000000
80 H    -0.0018766801    -0.0015574454     0.0000000000
81 H    -0.0000982511    -0.0000597478    -0.0000000000
82 H    -0.0025242993    -0.0029138722     0.0000000000
83 H     0.0016860168    -0.0008299495    -0.0000000000
84 H     0.0019370926     0.0001119951    -0.0000000000
85 H     0.0123654619     0.0063274331    -0.0000000000
86 H     0.0003856128    -0.0013971741    -0.0000000000
87 H     0.0004686532     0.0008571343    -0.0000000000
88 H     0.0009572264    -0.0017311365    -0.0000000000
89 H    -0.0011274876     0.0002899965     0.0000000000
90 H    -0.0010891109     0.0004985629     0.0000000000
91 H    -0.0009467378    -0.0012526591    -0.0000000000
92 H    -0.0002947981    -0.0007996995     0.0000000000
93 H    -0.0001726045    -0.0007445825    -0.0000000000
94 H     0.0003379113    -0.0018576254     0.0000000000
95 H     0.0004070212    -0.0005426936     0.0000000000
96 H     0.0001726314     0.0024551336    -0.0000000000
97 H     0.0013825765     0.0015258636    -0.0000000000
98 H    -0.0007980377     0.0004192950     0.0000000000
99 H     0.0001223250     0.0029067747    -0.0000000000
100 H     0.0003783219     0.0104671884    -0.0000000000
101 H     0.0007512362     0.0029361203     0.0000000000
----------------------------------------------
cycle 3: E = -3100.90935498  dE = 0.00182903  norm(grad) = 0.0635782

Geometry optimization cycle 4
Cartesian coordinates (Angstrom)
 Atom        New coordinates             dX        dY        dZ
   C  -7.271763   4.925510   0.000000   -0.017018 -0.019807  0.000000
   C  -7.335332   0.679050   0.000000   -0.000692  0.000157  0.000000
   C  -6.092948   2.830538   0.000000    0.002182  0.000722  0.000000
   C  -4.865148   4.971841   0.000000    0.009286  0.005931  0.000000
   C  -7.294825  -3.630025   0.000000   -0.010635  0.004658  0.000000
   C  -6.132904  -1.422356   0.000000   -0.003010  0.000627  0.000000
   C  -4.899903   0.704087   0.000000    0.000648  0.003483  0.000000
   C  -3.660448   2.813375   0.000000    0.003066  0.007967  0.000000
   C  -2.427303   4.951745  -0.000000    0.003913  0.010203  0.000000
   C  -6.016012  -5.670612   0.000000   -0.006758 -0.024231  0.000000
   C  -4.876712  -3.524382   0.000000   -0.008105 -0.004013  0.000000
   C  -3.664146  -1.424878   0.000000   -0.002744  0.001841  0.000000
   C  -2.442910   0.691673   0.000000    0.001465  0.005136  0.000000
   C  -1.207645   2.826897   0.000000    0.003654  0.006968 -0.000000
   C   0.012023   4.953601  -0.000000    0.004596  0.007608 -0.000000
   C  -3.575878  -5.558267   0.000000   -0.015029 -0.008510  0.000000
   N  -2.435640  -3.501079   0.000000   -0.005175 -0.001885  0.000000
   C  -1.216487  -1.415173   0.000000   -0.001462  0.000718  0.000000
   C  -0.002410   0.706751   0.000000    0.003999  0.005453 -0.000000
   C   1.249031   2.815353  -0.000000    0.005508  0.006676 -0.000000
   C   2.450276   4.942833   0.000000    0.007575  0.010818 -0.000000
   C  -1.238303  -5.544210   0.000000   -0.005363 -0.001415  0.000000
   C  -0.000353  -3.482196   0.000000   -0.001148 -0.008757 -0.000000
   C   1.239728  -1.389135   0.000000   -0.001127  0.000284 -0.000000
   C   2.449321   0.714867   0.000000    0.008551  0.003685 -0.000000
   N   3.667470   2.818183   0.000000    0.007502  0.004830 -0.000000
   C   4.868540   4.938616   0.000000    0.001989  0.006128 -0.000000
   C   1.210783  -5.582568  -0.000000   -0.004288 -0.026668 -0.000000
   C   2.438002  -3.504964  -0.000000    0.000797  0.000986 -0.000000
   C   3.671373  -1.400022   0.000000    0.001344 -0.001807 -0.000000
   C   4.892322   0.712867   0.000000    0.015549  0.003694  0.000000
   C   6.103696   2.826587   0.000000    0.011907  0.004281  0.000000
   C   7.286519   4.941937   0.000000    0.006368  0.010878  0.000000
   N   3.623599  -5.571781  -0.000000   -0.013554  0.009392  0.000000
   C   4.878049  -3.520049  -0.000000    0.008995 -0.008086  0.000000
   C   6.101062  -1.414493   0.000000   -0.000635 -0.002504  0.000000
   C   7.304568   0.666093   0.000000    0.024835  0.006939  0.000000
   C   6.015746  -5.654043  -0.000000   -0.006320 -0.029327  0.000000
   C   7.284890  -3.613302  -0.000000    0.019688  0.008533  0.000000
   N  -7.257928   3.562190   0.000000   -0.016658 -0.022820  0.000000
   C  -6.138055   5.644192  -0.000000   -0.008450 -0.025430  0.000000
   C  -7.338308  -0.677694   0.000000   -0.005345 -0.000835  0.000000
   C  -6.126351   1.417702   0.000000   -0.000469  0.001182  0.000000
   C  -4.883677   3.528494   0.000000    0.002540  0.006667  0.000000
   C  -3.673476   5.635185  -0.000000    0.006302  0.016845  0.000000
   C  -7.238053  -5.005408   0.000000    0.007348  0.004923  0.000000
   C  -6.122950  -2.848441   0.000000   -0.006192 -0.000277  0.000000
   C  -4.909476  -0.723624   0.000000   -0.002790  0.002436  0.000000
   C  -3.673005   1.405616   0.000000    0.000434  0.006175  0.000000
   C  -2.431001   3.524652   0.000000    0.004005  0.008817  0.000000
   C  -1.218844   5.625376  -0.000000    0.004971  0.009876 -0.000000
   C  -4.833333  -4.944558   0.000000   -0.016624 -0.008316  0.000000
   C  -3.667356  -2.816157   0.000000   -0.005798 -0.000620  0.000000
   C  -2.440748  -0.695266   0.000000   -0.001367  0.003440  0.000000
   C  -1.206845   1.403562   0.000000    0.003081  0.005605  0.000000
   C   0.020156   3.524441  -0.000000    0.004587  0.006904 -0.000000
   C   1.234922   5.616949  -0.000000    0.005269  0.008129 -0.000000
   N  -2.415806  -4.890970   0.000000   -0.012263 -0.001658  0.000000
   C  -1.211674  -2.805753   0.000000   -0.002648 -0.002779  0.000000
   C   0.022111  -0.708208   0.000000   -0.001692  0.003062 -0.000000
   C   1.239632   1.395427   0.000000    0.006231  0.005242 -0.000000
   C   2.468549   3.510357   0.000000    0.006277  0.008520 -0.000000
   C   3.669241   5.618613   0.000000    0.006164  0.015489 -0.000000
   C   0.002805  -4.905730   0.000000    0.002870 -0.013436 -0.000000
   C   1.227297  -2.780026   0.000000   -0.002173 -0.002818 -0.000000
   N   2.470536  -0.675563   0.000000    0.000265  0.002183 -0.000000
   C   3.669377   1.410677   0.000000    0.012744  0.002925 -0.000000
   C   4.875441   3.510956   0.000000    0.009120  0.003988  0.000000
   C   6.107388   5.625738   0.000000    0.002516  0.006239  0.000000
   C   2.425312  -4.890213  -0.000000   -0.017701  0.001298 -0.000000
   C   3.657555  -2.768729   0.000000    0.007263 -0.004606 -0.000000
   N   4.871037  -0.707186   0.000000    0.002656  0.002369  0.000000
   C   6.108908   1.381470   0.000000    0.021137  0.002415  0.000000
   C   7.292828   3.549257   0.000000    0.009167  0.009885  0.000000
   C   4.834695  -4.929294  -0.000000    0.002821 -0.012289  0.000000
   C   6.102125  -2.852217   0.000000    0.011385 -0.004378  0.000000
   C   7.277805  -0.709058   0.000000   -0.003294  0.005906  0.000000
   C   7.234749  -4.987731  -0.000000   -0.025044  0.008111  0.000000
   H   8.226735   5.479775   0.000000    0.005345  0.014098  0.000000
   H   8.238568   3.034042   0.000000    0.011641  0.013047  0.000000
   H   8.252935   1.173546   0.000000    0.029889  0.000489  0.000000
   H   8.203895  -1.258377   0.000000   -0.006833 -0.000703  0.000000
   H   8.252461  -3.137558   0.000000    0.025673  0.001253  0.000000
   H   8.156438  -5.556011  -0.000000   -0.026663  0.006942  0.000000
   H  -8.252606   5.379925   0.000000   -0.017344 -0.017415  0.000000
   H  -8.128923   3.075267   0.000000   -0.020254 -0.036738  0.000000
   H  -8.296465   1.179099   0.000000    0.000299  0.003537  0.000000
   H  -8.288048  -1.192636   0.000000   -0.005722 -0.001562  0.000000
   H  -8.263487  -3.152402   0.000000   -0.012705  0.003055  0.000000
   H  -8.159429  -5.574508   0.000000    0.005480  0.008352  0.000000
   H  -6.186170   6.723928  -0.000000   -0.016044 -0.025769  0.000000
   H  -3.672468   6.719438  -0.000000    0.006665  0.017760  0.000000
   H  -1.219919   6.709556  -0.000000    0.006829  0.010553 -0.000000
   H   1.253072   6.699852  -0.000000    0.004254  0.008843 -0.000000
   H   3.673444   6.700756   0.000000    0.007649  0.016738 -0.000000
   H   6.087198   6.708105   0.000000   -0.000614  0.006749  0.000000
   H  -5.975805  -6.753002   0.000000   -0.012768 -0.025974  0.000000
   H  -3.460898  -6.629852   0.000000   -0.016195 -0.009783  0.000000
   H  -1.339495  -6.617123   0.000000   -0.007688 -0.001797  0.000000
   H   1.214445  -6.666343  -0.000000    0.001641 -0.028357 -0.000000
   H   3.611727  -6.571963  -0.000000   -0.020633  0.001353  0.000000
   H   5.979359  -6.737057  -0.000000    0.001616 -0.031413  0.000000
converged SCF energy = -3100.9154506797
--------------- ROKS_Scanner gradients ---------------
         x                y                z
0 C     0.0008820444    -0.0018977619    -0.0000000000
1 C     0.0002744286     0.0008131829    -0.0000000000
2 C    -0.0014452927    -0.0009548175    -0.0000000000
3 C    -0.0009024014    -0.0005289158    -0.0000000000
4 C     0.0016390231     0.0025163297    -0.0000000000
5 C    -0.0012552648     0.0007691896    -0.0000000000
6 C    -0.0005337161    -0.0004386063    -0.0000000000
7 C     0.0007872263    -0.0004109631     0.0000000000
8 C    -0.0006782491     0.0010740296    -0.0000000000
9 C    -0.0018270844     0.0021582779     0.0000000000
10 C     0.0009218766     0.0006556168    -0.0000000000
11 C     0.0006735543     0.0003183812    -0.0000000000
12 C    -0.0002489059     0.0005838199     0.0000000000
13 C     0.0003301681    -0.0003288033     0.0000000000
14 C    -0.0003192681     0.0005530913    -0.0000000000
15 C     0.0009013996     0.0015360627     0.0000000000
16 N    -0.0006301920     0.0028185466     0.0000000000
17 C    -0.0003523587     0.0001258780    -0.0000000000
18 C     0.0000645917    -0.0004823518     0.0000000000
19 C    -0.0003139298     0.0003884477     0.0000000000
20 C    -0.0008421742     0.0001275123     0.0000000000
21 C    -0.0019416794    -0.0000248947    -0.0000000000
22 C     0.0005151176     0.0008592734    -0.0000000000
23 C    -0.0007429717     0.0002593111     0.0000000000
24 C    -0.0002451735     0.0014379823    -0.0000000000
25 N     0.0003460670     0.0001427772     0.0000000000
26 C     0.0015737821     0.0002913296     0.0000000000
27 C     0.0014141414     0.0047215835     0.0000000000
28 C    -0.0015197914     0.0002507533     0.0000000000
29 C     0.0002673729     0.0021624869     0.0000000000
30 C     0.0004987894    -0.0002053377    -0.0000000000
31 C     0.0002109372     0.0007713366     0.0000000000
32 C    -0.0001428258    -0.0004348286     0.0000000000
33 N     0.0022410205    -0.0064810793    -0.0000000000
34 C     0.0008028159     0.0004419524     0.0000000000
35 C     0.0012524102     0.0022495119    -0.0000000000
36 C    -0.0025524300    -0.0012279898    -0.0000000000
37 C    -0.0008414326     0.0022631629    -0.0000000000
38 C    -0.0028876195    -0.0008648557    -0.0000000000
39 N    -0.0008809776     0.0011747688    -0.0000000000
40 C    -0.0003136348     0.0020201144     0.0000000000
41 C     0.0008897592    -0.0011845767     0.0000000000
42 C     0.0001695022    -0.0002627673     0.0000000000
43 C    -0.0008657438     0.0004761959     0.0000000000
44 C     0.0006309921    -0.0009403396     0.0000000000
45 C    -0.0000897552    -0.0028774881    -0.0000000000
46 C    -0.0015304868    -0.0007470729     0.0000000000
47 C     0.0005391419     0.0000069226     0.0000000000
48 C     0.0009268254    -0.0003637054    -0.0000000000
49 C    -0.0007188609    -0.0004793879    -0.0000000000
50 C     0.0005488342    -0.0005499667     0.0000000000
51 C     0.0025449814    -0.0001159907    -0.0000000000
52 C     0.0001690499    -0.0020943610     0.0000000000
53 C    -0.0004478712    -0.0013660446    -0.0000000000
54 C    -0.0003078576     0.0003706481    -0.0000000000
55 C     0.0002107706    -0.0003252386    -0.0000000000
56 C     0.0000440458     0.0001301654     0.0000000000
57 N     0.0016339208    -0.0039846178    -0.0000000000
58 C     0.0003858360    -0.0013884151     0.0000000000
59 C     0.0009642677     0.0002927837    -0.0000000000
60 C     0.0004837488    -0.0007748958    -0.0000000000
61 C     0.0016919174    -0.0011224961    -0.0000000000
62 C    -0.0007055871    -0.0017831428    -0.0000000000
63 C    -0.0042882938     0.0002432676    -0.0000000000
64 C     0.0017965602     0.0005905711    -0.0000000000
65 N     0.0012439183    -0.0021351085    -0.0000000000
66 C    -0.0018271606     0.0003835709     0.0000000000
67 C    -0.0004542016     0.0001896620    -0.0000000000
68 C     0.0000294791     0.0004115196    -0.0000000000
69 C     0.0035651776    -0.0021707119    -0.0000000000
70 C    -0.0009187998    -0.0015349607    -0.0000000000
71 N    -0.0016586736    -0.0024814840    -0.0000000000
72 C    -0.0023706501     0.0017203700     0.0000000000
73 C     0.0010563468     0.0008089676    -0.0000000000
74 C    -0.0036558975     0.0013311249    -0.0000000000
75 C    -0.0002014818     0.0018754788     0.0000000000
76 C     0.0027830790    -0.0014185818     0.0000000000
77 C     0.0028479563    -0.0019084869     0.0000000000
78 H    -0.0003400072    -0.0000672059    -0.0000000000
79 H    -0.0005707995     0.0003257788     0.0000000000
80 H    -0.0007638799    -0.0006572947     0.0000000000
81 H    -0.0002728445     0.0001652376    -0.0000000000
82 H    -0.0005910673    -0.0006318421     0.0000000000
83 H     0.0000243476     0.0001737012    -0.0000000000
84 H     0.0005114325    -0.0001166130    -0.0000000000
85 H     0.0031334647     0.0017377495     0.0000000000
86 H     0.0001340388    -0.0006274022    -0.0000000000
87 H     0.0000249319     0.0003005763    -0.0000000000
88 H     0.0000152323    -0.0003682895     0.0000000000
89 H    -0.0000246367     0.0005256942    -0.0000000000
90 H    -0.0003969259    -0.0001998611     0.0000000000
91 H    -0.0005649173    -0.0002965944     0.0000000000
92 H    -0.0002381364    -0.0002772922    -0.0000000000
93 H    -0.0000970644    -0.0003022111    -0.0000000000
94 H     0.0001705206    -0.0006678362     0.0000000000
95 H     0.0002570960    -0.0002405398     0.0000000000
96 H     0.0003893177     0.0003433359    -0.0000000000
97 H     0.0006054002     0.0004827751    -0.0000000000
98 H    -0.0004816528     0.0001839096    -0.0000000000
99 H    -0.0001474572     0.0007648931    -0.0000000000
100 H     0.0000843178     0.0030900064     0.0000000000
101 H    -0.0001744130     0.0003752530    -0.0000000000
----------------------------------------------
cycle 4: E = -3100.91545068  dE = -0.0060957  norm(grad) = 0.0194182

Geometry optimization cycle 5
Cartesian coordinates (Angstrom)
 Atom        New coordinates             dX        dY        dZ
   C  -7.279098   4.923800  -0.000000   -0.007334 -0.001710 -0.000000
   C  -7.337707   0.682620   0.000000   -0.002374  0.003569 -0.000000
   C  -6.093543   2.832311   0.000000   -0.000595  0.001772 -0.000000
   C  -4.865821   4.972371  -0.000000   -0.000673  0.000530 -0.000000
   C  -7.297285  -3.639616   0.000000   -0.002460 -0.009592  0.000000
   C  -6.135543  -1.422873   0.000000   -0.002639 -0.000516  0.000000
   C  -4.900734   0.705437   0.000000   -0.000831  0.001350  0.000000
   C  -3.660487   2.815241   0.000000   -0.000038  0.001866  0.000000
   C  -2.426319   4.954317  -0.000000    0.000984  0.002572  0.000000
   C  -6.021962  -5.674695   0.000000   -0.005950 -0.004083  0.000000
   C  -4.882028  -3.526315   0.000000   -0.005317 -0.001933  0.000000
   C  -3.667123  -1.423784   0.000000   -0.002977  0.001094  0.000000
   C  -2.442960   0.692928   0.000000   -0.000049  0.001255  0.000000
   C  -1.207494   2.829301   0.000000    0.000151  0.002403  0.000000
   C   0.013676   4.956752   0.000000    0.001653  0.003151  0.000000
   C  -3.581432  -5.561767   0.000000   -0.005554 -0.003501  0.000000
   N  -2.439842  -3.502827   0.000000   -0.004202 -0.001748  0.000000
   C  -1.218163  -1.415820   0.000000   -0.001676 -0.000647  0.000000
   C  -0.001256   0.709144   0.000000    0.001155  0.002393  0.000000
   C   1.249729   2.818806   0.000000    0.000699  0.003453  0.000000
   C   2.455107   4.949782   0.000000    0.004831  0.006949  0.000000
   C  -1.236761  -5.542320   0.000000    0.001542  0.001890  0.000000
   C  -0.002194  -3.488213   0.000000   -0.001840 -0.006017  0.000000
   C   1.237788  -1.387897   0.000000   -0.001940  0.001238  0.000000
   C   2.453077   0.716370   0.000000    0.003755  0.001503  0.000000
   N   3.666638   2.818792   0.000000   -0.000832  0.000609  0.000000
   C   4.867080   4.938282   0.000000   -0.001461 -0.000334 -0.000000
   C   1.212684  -5.601256   0.000000    0.001901 -0.018689  0.000000
   C   2.435398  -3.500920   0.000000   -0.002603  0.004044  0.000000
   C   3.671256  -1.399725   0.000000   -0.000118  0.000297  0.000000
   C   4.901227   0.713281   0.000000    0.008905  0.000414  0.000000
   C   6.103643   2.821375   0.000000   -0.000054 -0.005212 -0.000000
   C   7.287720   4.937710   0.000000    0.001201 -0.004228 -0.000000
   N   3.620489  -5.555083   0.000000   -0.003110  0.016698  0.000000
   C   4.880394  -3.522751   0.000000    0.002346 -0.002702  0.000000
   C   6.098630  -1.417882   0.000000   -0.002432 -0.003388  0.000000
   C   7.322660   0.667224   0.000000    0.018092  0.001132 -0.000000
   C   6.026237  -5.657451  -0.000000    0.010490 -0.003407  0.000000
   C   7.292166  -3.613433  -0.000000    0.007276 -0.000131 -0.000000
   N  -7.264049   3.557951   0.000000   -0.006121 -0.004239 -0.000000
   C  -6.141640   5.638737  -0.000000   -0.003586 -0.005455 -0.000000
   C  -7.340326  -0.674204   0.000000   -0.002018  0.003490 -0.000000
   C  -6.126991   1.419251   0.000000   -0.000640  0.001549 -0.000000
   C  -4.883180   3.529486   0.000000    0.000497  0.000991 -0.000000
   C  -3.674102   5.637628  -0.000000   -0.000627  0.002443 -0.000000
   C  -7.247838  -5.014035   0.000000   -0.009785 -0.008627  0.000000
   C  -6.127518  -2.850395   0.000000   -0.004567 -0.001954  0.000000
   C  -4.912429  -0.722890   0.000000   -0.002953  0.000734  0.000000
   C  -3.673792   1.407196   0.000000   -0.000787  0.001580  0.000000
   C  -2.430487   3.527246   0.000000    0.000513  0.002594  0.000000
   C  -1.217771   5.629302  -0.000000    0.001073  0.003926  0.000000
   C  -4.840053  -4.947607   0.000000   -0.006720 -0.003049  0.000000
   C  -3.671917  -2.815288   0.000000   -0.004561  0.000868  0.000000
   C  -2.442164  -0.694072   0.000000   -0.001416  0.001195  0.000000
   C  -1.206281   1.405220   0.000000    0.000564  0.001658  0.000000
   C   0.020302   3.527559   0.000000    0.000146  0.003118  0.000000
   C   1.237205   5.620326  -0.000000    0.002283  0.003377  0.000000
   N  -2.419764  -4.890560   0.000000   -0.003958  0.000410  0.000000
   C  -1.214159  -2.807896   0.000000   -0.002484 -0.002143  0.000000
   C   0.019638  -0.707106   0.000000   -0.002472  0.001102  0.000000
   C   1.241889   1.398367   0.000000    0.002257  0.002940  0.000000
   C   2.468302   3.516021   0.000000   -0.000247  0.005663  0.000000
   C   3.673291   5.628832   0.000000    0.004050  0.010218 -0.000000
   C   0.010436  -4.914334   0.000000    0.007631 -0.008604  0.000000
   C   1.222018  -2.779418   0.000000   -0.005279  0.000608  0.000000
   N   2.469269  -0.673491   0.000000   -0.001267  0.002072  0.000000
   C   3.676452   1.410408   0.000000    0.007074 -0.000269  0.000000
   C   4.875659   3.509542   0.000000    0.000218 -0.001414 -0.000000
   C   6.108180   5.621533   0.000000    0.000792 -0.004205 -0.000000
   C   2.415313  -4.885112   0.000000   -0.009999  0.005101  0.000000
   C   3.659322  -2.768288   0.000000    0.001767  0.000441  0.000000
   N   4.872411  -0.705743   0.000000    0.001374  0.001443  0.000000
   C   6.122766   1.376604   0.000000    0.013858 -0.004866  0.000000
   C   7.291615   3.544409   0.000000   -0.001213 -0.004847 -0.000000
   C   4.844045  -4.931967  -0.000000    0.009350 -0.002674  0.000000
   C   6.105753  -2.856155   0.000000    0.003629 -0.003938  0.000000
   C   7.273857  -0.708097   0.000000   -0.003948  0.000961 -0.000000
   C   7.244160  -4.988422  -0.000000    0.009411 -0.000691 -0.000000
   H   8.229218   5.474356   0.000000    0.002482 -0.005419 -0.000000
   H   8.237965   3.027911   0.000000   -0.000603 -0.006130 -0.000000
   H   8.274423   1.171349   0.000000    0.021487 -0.002196 -0.000000
   H   8.197068  -1.263698   0.000000   -0.006827 -0.005320 -0.000000
   H   8.258896  -3.134165  -0.000000    0.006435  0.003393 -0.000000
   H   8.166870  -5.556420  -0.000000    0.010432 -0.000409 -0.000000
   H  -8.259659   5.380553  -0.000000   -0.007052  0.000628 -0.000000
   H  -8.137311   3.065623   0.000000   -0.008388 -0.009644 -0.000000
   H  -8.297588   1.186418   0.000000   -0.001123  0.007319 -0.000000
   H  -8.290135  -1.189496   0.000000   -0.002086  0.003140  0.000000
   H  -8.265417  -3.160795   0.000000   -0.001930 -0.008392 -0.000000
   H  -8.168665  -5.585558   0.000000   -0.009236 -0.011050 -0.000000
   H  -6.187895   6.719180  -0.000000   -0.001725 -0.004748 -0.000000
   H  -3.670292   6.722251  -0.000000    0.002176  0.002814 -0.000000
   H  -1.217404   6.713937  -0.000000    0.002515  0.004381 -0.000000
   H   1.254259   6.703787  -0.000000    0.001187  0.003934 -0.000000
   H   3.679833   6.711936  -0.000000    0.006389  0.011180 -0.000000
   H   6.087949   6.704364   0.000000    0.000751 -0.003741 -0.000000
   H  -5.982215  -6.757223   0.000000   -0.006410 -0.004221  0.000000
   H  -3.469491  -6.634334   0.000000   -0.008593 -0.004482  0.000000
   H  -1.337312  -6.615662   0.000000    0.002183  0.001460  0.000000
   H   1.223572  -6.685842   0.000000    0.009126 -0.019499  0.000000
   H   3.605083  -6.559772  -0.000000   -0.006644  0.012191  0.000000
   H   5.993537  -6.740651  -0.000000    0.014178 -0.003594 -0.000000
converged SCF energy = -3100.9156419457
--------------- ROKS_Scanner gradients ---------------
         x                y                z
0 C    -0.0006626327    -0.0000738182     0.0000000000
1 C    -0.0005508345     0.0009168390    -0.0000000000
2 C    -0.0000046320    -0.0000682280     0.0000000000
3 C    -0.0009889333    -0.0003373600     0.0000000000
4 C     0.0035097011    -0.0010666592    -0.0000000000
5 C     0.0001366751     0.0001205620     0.0000000000
6 C     0.0001380349    -0.0001482107    -0.0000000000
7 C     0.0003198992     0.0000961947    -0.0000000000
8 C    -0.0001390382     0.0004040967    -0.0000000000
9 C    -0.0010023862     0.0030348881    -0.0000000000
10 C    -0.0001687451    -0.0000001136     0.0000000000
11 C     0.0001965616     0.0005960654     0.0000000000
12 C    -0.0000721992     0.0004535247    -0.0000000000
13 C     0.0001077887    -0.0001912995    -0.0000000000
14 C    -0.0002134524     0.0002615232     0.0000000000
15 C    -0.0010474167     0.0001071713    -0.0000000000
16 N    -0.0006032097     0.0007779208     0.0000000000
17 C    -0.0002431946     0.0001882741     0.0000000000
18 C     0.0004642028     0.0001182543    -0.0000000000
19 C    -0.0001715469    -0.0000934673    -0.0000000000
20 C     0.0009970689     0.0001854243    -0.0000000000
21 C     0.0007120503     0.0016855527    -0.0000000000
22 C    -0.0011555053    -0.0006975883     0.0000000000
23 C     0.0005497375     0.0003514134     0.0000000000
24 C     0.0001937147     0.0009644428    -0.0000000000
25 N    -0.0011235729    -0.0000788230    -0.0000000000
26 C    -0.0011655989    -0.0003137497    -0.0000000000
27 C     0.0009914546    -0.0023452435     0.0000000000
28 C     0.0012644799     0.0008153288     0.0000000000
29 C    -0.0005547673     0.0003496245     0.0000000000
30 C     0.0000393259     0.0007906266     0.0000000000
31 C    -0.0010591491    -0.0011823293    -0.0000000000
32 C     0.0002048046    -0.0000333169    -0.0000000000
33 N    -0.0016677436     0.0048537582    -0.0000000000
34 C    -0.0021167207    -0.0007157308    -0.0000000000
35 C    -0.0011286584    -0.0014218546    -0.0000000000
36 C     0.0021886160     0.0006186075    -0.0000000000
37 C     0.0011215903     0.0022045095    -0.0000000000
38 C    -0.0021647928    -0.0007165746     0.0000000000
39 N     0.0008163643     0.0005427594    -0.0000000000
40 C     0.0005529873     0.0002204049    -0.0000000000
41 C     0.0010312545     0.0000486857     0.0000000000
42 C     0.0000878933    -0.0004988074    -0.0000000000
43 C     0.0003743755     0.0000252979    -0.0000000000
44 C     0.0005921289    -0.0005504697    -0.0000000000
45 C    -0.0030218765    -0.0028805919     0.0000000000
46 C    -0.0012676429     0.0007158508    -0.0000000000
47 C     0.0000265364     0.0002285867    -0.0000000000
48 C     0.0002246886    -0.0001794762     0.0000000000
49 C    -0.0004035684    -0.0001435670     0.0000000000
50 C     0.0004492385    -0.0000396383    -0.0000000000
51 C     0.0016076890    -0.0005780602    -0.0000000000
52 C     0.0000221182    -0.0004807130    -0.0000000000
53 C    -0.0001900362    -0.0003822833     0.0000000000
54 C    -0.0002389043    -0.0000942231     0.0000000000
55 C     0.0000410119     0.0000665239     0.0000000000
56 C     0.0001473449    -0.0004348121    -0.0000000000
57 N     0.0002210056    -0.0009437427     0.0000000000
58 C     0.0000967460     0.0003521836    -0.0000000000
59 C    -0.0002898755    -0.0001210365    -0.0000000000
60 C    -0.0003483339    -0.0003638835     0.0000000000
61 C    -0.0003489922     0.0006101556     0.0000000000
62 C     0.0002915898     0.0012526451    -0.0000000000
63 C     0.0022716557    -0.0005548398    -0.0000000000
64 C    -0.0005842122    -0.0006683725    -0.0000000000
65 N     0.0001812212    -0.0001963982    -0.0000000000
66 C     0.0009872206    -0.0009044113     0.0000000000
67 C     0.0007256403     0.0002682614    -0.0000000000
68 C    -0.0005029292    -0.0002041474     0.0000000000
69 C    -0.0037189351     0.0000014141    -0.0000000000
70 C     0.0001882426     0.0003650891     0.0000000000
71 N     0.0002353039     0.0004110223     0.0000000000
72 C     0.0013191078    -0.0012206495     0.0000000000
73 C    -0.0004084688    -0.0001565429     0.0000000000
74 C     0.0024473478    -0.0018763015     0.0000000000
75 C     0.0006452004     0.0002740125     0.0000000000
76 C    -0.0018569789     0.0009328767     0.0000000000
77 C     0.0027197532    -0.0021752807    -0.0000000000
78 H     0.0000604223     0.0000356500     0.0000000000
79 H     0.0001318307    -0.0001996411    -0.0000000000
80 H     0.0003975902     0.0003540783     0.0000000000
81 H    -0.0000622278     0.0001428270    -0.0000000000
82 H     0.0000011266    -0.0002532322     0.0000000000
83 H     0.0004202410    -0.0001428321     0.0000000000
84 H    -0.0000670756     0.0001738405    -0.0000000000
85 H    -0.0008387517    -0.0004784965    -0.0000000000
86 H    -0.0001596138     0.0001417827     0.0000000000
87 H     0.0000483367     0.0002947282    -0.0000000000
88 H     0.0002774553    -0.0006315394     0.0000000000
89 H    -0.0005130729    -0.0002137502    -0.0000000000
90 H    -0.0001076963     0.0000690732    -0.0000000000
91 H    -0.0001499658    -0.0000252475    -0.0000000000
92 H    -0.0000299790     0.0000678153     0.0000000000
93 H     0.0000416606    -0.0000064463     0.0000000000
94 H     0.0000244676     0.0003043136    -0.0000000000
95 H     0.0000279402    -0.0000017754     0.0000000000
96 H    -0.0000849376     0.0003301090     0.0000000000
97 H    -0.0000423227    -0.0001294711    -0.0000000000
98 H     0.0001642267     0.0000709134    -0.0000000000
99 H    -0.0000597425    -0.0005856159    -0.0000000000
100 H     0.0000806624    -0.0005892514    -0.0000000000
101 H     0.0001705488     0.0002371728    -0.0000000000
----------------------------------------------
cycle 5: E = -3100.91564195  dE = -0.000191266  norm(grad) = 0.0138265

Geometry optimization cycle 6
Cartesian coordinates (Angstrom)
 Atom        New coordinates             dX        dY        dZ
   C  -7.278216   4.921557   0.000000    0.000882 -0.002243  0.000000
   C  -7.336186   0.678629   0.000000    0.001521 -0.003991  0.000000
   C  -6.092962   2.831356   0.000000    0.000580 -0.000954  0.000000
   C  -4.864498   4.972419   0.000000    0.001324  0.000048  0.000000
   C  -7.301940  -3.629991   0.000000   -0.004655  0.009625  0.000000
   C  -6.134441  -1.423413   0.000000    0.001102 -0.000540  0.000000
   C  -4.900259   0.705090   0.000000    0.000476 -0.000347  0.000000
   C  -3.660584   2.814613   0.000000   -0.000097 -0.000628  0.000000
   C  -2.426371   4.953201   0.000000   -0.000051 -0.001116  0.000000
   C  -6.018436  -5.680556   0.000000    0.003527 -0.005861  0.000000
   C  -4.881773  -3.528361   0.000000    0.000255 -0.002046  0.000000
   C  -3.666847  -1.425140   0.000000    0.000277 -0.001356  0.000000
   C  -2.442851   0.691885   0.000000    0.000109 -0.001043  0.000000
   C  -1.207384   2.828542   0.000000    0.000110 -0.000759  0.000000
   C   0.013627   4.955476   0.000000   -0.000049 -0.001276  0.000000
   C  -3.580247  -5.562694   0.000000    0.001185 -0.000927  0.000000
   N  -2.438677  -3.504411   0.000000    0.001165 -0.001584  0.000000
   C  -1.217401  -1.416373   0.000000    0.000762 -0.000553  0.000000
   C  -0.001612   0.707953   0.000000   -0.000357 -0.001191  0.000000
   C   1.250064   2.817193   0.000000    0.000335 -0.001613  0.000000
   C   2.453481   4.947568   0.000000   -0.001625 -0.002214  0.000000
   C  -1.237826  -5.545435   0.000000   -0.001064 -0.003115  0.000000
   C  -0.001200  -3.486606   0.000000    0.000993  0.001607  0.000000
   C   1.238986  -1.389434   0.000000    0.001198 -0.001536  0.000000
   C   2.452375   0.714108   0.000000   -0.000702 -0.002262  0.000000
   N   3.667729   2.818571   0.000000    0.001091 -0.000220  0.000000
   C   4.868767   4.938806   0.000000    0.001687  0.000524 -0.000000
   C   1.209978  -5.595795   0.000000   -0.002706  0.005462  0.000000
   C   2.437633  -3.504004   0.000000    0.002234 -0.003084  0.000000
   C   3.673710  -1.401532   0.000000    0.002455 -0.001807  0.000000
   C   4.899125   0.712841   0.000000   -0.002102 -0.000440  0.000000
   C   6.105001   2.823521   0.000000    0.001358  0.002146 -0.000000
   C   7.288776   4.939308   0.000000    0.001056  0.001598 -0.000000
   N   3.620052  -5.564985   0.000000   -0.000437 -0.009902  0.000000
   C   4.883726  -3.523112   0.000000    0.003331 -0.000361  0.000000
   C   6.102463  -1.416745   0.000000    0.003833  0.001137  0.000000
   C   7.317618   0.667172   0.000000   -0.005042 -0.000052 -0.000000
   C   6.018345  -5.660623  -0.000000   -0.007891 -0.003172  0.000000
   C   7.296897  -3.609062  -0.000000    0.004731  0.004371 -0.000000
   N  -7.264432   3.555434   0.000000   -0.000383 -0.002517  0.000000
   C  -6.141462   5.636870  -0.000000    0.000178 -0.001867  0.000000
   C  -7.341790  -0.677717   0.000000   -0.001465 -0.003513  0.000000
   C  -6.126660   1.418297   0.000000    0.000330 -0.000954  0.000000
   C  -4.882789   3.529096   0.000000    0.000391 -0.000389  0.000000
   C  -3.673796   5.638577  -0.000000    0.000307  0.000950  0.000000
   C  -7.236125  -5.002823   0.000000    0.011713  0.011212 -0.000000
   C  -6.125526  -2.849669   0.000000    0.001991  0.000726  0.000000
   C  -4.911909  -0.723409   0.000000    0.000520 -0.000519  0.000000
   C  -3.673840   1.406873   0.000000   -0.000048 -0.000323  0.000000
   C  -2.430039   3.526537   0.000000    0.000448 -0.000709  0.000000
   C  -1.218143   5.628077   0.000000   -0.000372 -0.001225  0.000000
   C  -4.839956  -4.949944   0.000000    0.000097 -0.002337  0.000000
   C  -3.671356  -2.816474   0.000000    0.000560 -0.001186  0.000000
   C  -2.441539  -0.694442   0.000000    0.000625 -0.000370  0.000000
   C  -1.206063   1.404281   0.000000    0.000218 -0.000939  0.000000
   C   0.020610   3.526389   0.000000    0.000308 -0.001170  0.000000
   C   1.236600   5.619980   0.000000   -0.000605 -0.000346  0.000000
   N  -2.419533  -4.890768   0.000000    0.000231 -0.000208  0.000000
   C  -1.213688  -2.807894   0.000000    0.000470  0.000002  0.000000
   C   0.020731  -0.708324   0.000000    0.001093 -0.001218  0.000000
   C   1.241776   1.396942   0.000000   -0.000112 -0.001425  0.000000
   C   2.468329   3.514161   0.000000    0.000027 -0.001860  0.000000
   C   3.672581   5.625280   0.000000   -0.000709 -0.003551  0.000000
   C   0.006856  -4.911862   0.000000   -0.003580  0.002472  0.000000
   C   1.224438  -2.780496   0.000000    0.002420 -0.001078  0.000000
   N   2.470653  -0.675026   0.000000    0.001384 -0.001535  0.000000
   C   3.674871   1.410248   0.000000   -0.001581 -0.000160  0.000000
   C   4.876245   3.510079   0.000000    0.000586  0.000537 -0.000000
   C   6.109516   5.623388  -0.000000    0.001336  0.001855 -0.000000
   C   2.418692  -4.888063   0.000000    0.003379 -0.002951  0.000000
   C   3.661673  -2.769666   0.000000    0.002351 -0.001379  0.000000
   N   4.874735  -0.706284   0.000000    0.002324 -0.000541  0.000000
   C   6.119136   1.378319   0.000000   -0.003630  0.001715 -0.000000
   C   7.293400   3.545780   0.000000    0.001785  0.001371 -0.000000
   C   4.838528  -4.933000   0.000000   -0.005517 -0.001033  0.000000
   C   6.108561  -2.855067   0.000000    0.002807  0.001087  0.000000
   C   7.278364  -0.708425   0.000000    0.004507 -0.000328 -0.000000
   C   7.231462  -4.982715  -0.000000   -0.012698  0.005707 -0.000000
   H   8.230321   5.475904  -0.000000    0.001104  0.001547 -0.000000
   H   8.239908   3.029531   0.000000    0.001942  0.001620 -0.000000
   H   8.267905   1.173585   0.000000   -0.006518  0.002236 -0.000000
   H   8.203011  -1.262109   0.000000    0.005943  0.001589 -0.000000
   H   8.265747  -3.133741  -0.000000    0.006851  0.000424 -0.000000
   H   8.151998  -5.553909  -0.000000   -0.014872  0.002512 -0.000000
   H  -8.259106   5.377616  -0.000000    0.000553 -0.002937  0.000000
   H  -8.137081   3.062885   0.000000    0.000229 -0.002738  0.000000
   H  -8.295803   1.182791   0.000000    0.001785 -0.003627  0.000000
   H  -8.290812  -1.194756   0.000000   -0.000678 -0.005260  0.000000
   H  -8.270388  -3.150950   0.000000   -0.004971  0.009844 -0.000000
   H  -8.156481  -5.574572   0.000000    0.012184  0.010986 -0.000000
   H  -6.187964   6.717362  -0.000000   -0.000069 -0.001818  0.000000
   H  -3.667812   6.723236  -0.000000    0.002480  0.000984  0.000000
   H  -1.217081   6.712709  -0.000000    0.000324 -0.001228  0.000000
   H   1.254228   6.703521  -0.000000   -0.000031 -0.000266  0.000000
   H   3.677447   6.708287  -0.000000   -0.002386 -0.003648 -0.000000
   H   6.088135   6.706265  -0.000000    0.000187  0.001901 -0.000000
   H  -5.985039  -6.763493   0.000000   -0.002824 -0.006270  0.000000
   H  -3.467469  -6.635120   0.000000    0.002022 -0.000786  0.000000
   H  -1.337645  -6.618923   0.000000   -0.000333 -0.003261  0.000000
   H   1.218781  -6.679967   0.000000   -0.004791  0.005875  0.000000
   H   3.605221  -6.569655   0.000000    0.000138 -0.009884  0.000000
   H   5.988800  -6.744002  -0.000000   -0.004737 -0.003351  0.000000
converged SCF energy = -3100.91586487628
