1721698040.5283096

Geometry optimization cycle 1
Cartesian coordinates (Angstrom)
 Atom        New coordinates             dX        dY        dZ
   C  -7.338226   5.042760   0.000000    0.000000  0.000000  0.000000
   C  -7.365228   0.691139   0.000000    0.000000  0.000000  0.000000
   C  -6.173642   2.889413   0.000000    0.000000  0.000000  0.000000
   C  -4.910090   5.019617   0.000000    0.000000  0.000000  0.000000
   C  -7.358051  -3.642635   0.000000    0.000000  0.000000  0.000000
   C  -6.173475  -1.431785   0.000000    0.000000  0.000000  0.000000
   C  -4.940069   0.716689   0.000000    0.000000  0.000000  0.000000
   C  -3.694845   2.860312   0.000000    0.000000  0.000000  0.000000
   N  -2.457224   5.005715   0.000000    0.000000  0.000000  0.000000
   C  -6.138515  -5.727246   0.000000    0.000000  0.000000  0.000000
   C  -4.928214  -3.580071   0.000000    0.000000  0.000000  0.000000
   C  -3.698169  -1.425571   0.000000    0.000000  0.000000  0.000000
   N  -2.471779   0.716540   0.000000    0.000000  0.000000  0.000000
   C  -1.230705   2.851907   0.000000    0.000000 -0.000000  0.000000
   C   0.000000   5.003169   0.000000    0.000000  0.000000  0.000000
   C  -3.678966  -5.694052   0.000000    0.000000  0.000000  0.000000
   C  -2.466015  -3.560923   0.000000    0.000000  0.000000  0.000000
   C  -1.232423  -1.423207   0.000000    0.000000  0.000000  0.000000
   C   0.000000   0.715809   0.000000    0.000000  0.000000  0.000000
   C   1.230705   2.851907   0.000000    0.000000 -0.000000  0.000000
   C   2.457224   5.005715   0.000000    0.000000  0.000000  0.000000
   C  -1.226334  -5.685080   0.000000    0.000000  0.000000  0.000000
   C   0.000000  -3.557079   0.000000    0.000000  0.000000  0.000000
   N   1.232423  -1.423207   0.000000    0.000000  0.000000  0.000000
   C   2.471779   0.716540   0.000000    0.000000  0.000000  0.000000
   N   3.694845   2.860312   0.000000    0.000000  0.000000  0.000000
   C   4.910090   5.019617   0.000000    0.000000  0.000000  0.000000
   C   1.226334  -5.685080   0.000000    0.000000  0.000000  0.000000
   N   2.466015  -3.560923   0.000000    0.000000  0.000000  0.000000
   C   3.698169  -1.425571   0.000000    0.000000  0.000000  0.000000
   C   4.940069   0.716689   0.000000    0.000000  0.000000  0.000000
   C   6.173642   2.889413   0.000000    0.000000  0.000000  0.000000
   C   7.338226   5.042760   0.000000    0.000000  0.000000  0.000000
   C   3.678966  -5.694052   0.000000    0.000000  0.000000  0.000000
   C   4.928214  -3.580071   0.000000    0.000000  0.000000  0.000000
   N   6.173475  -1.431785   0.000000   -0.000000  0.000000  0.000000
   C   7.365228   0.691139   0.000000    0.000000  0.000000  0.000000
   C   6.138515  -5.727246   0.000000    0.000000  0.000000  0.000000
   C   7.358051  -3.642635   0.000000   -0.000000  0.000000  0.000000
   C  -7.358051   3.642635   0.000000    0.000000  0.000000  0.000000
   C  -6.138515   5.727246   0.000000    0.000000  0.000000  0.000000
   C  -7.365228  -0.691139   0.000000    0.000000  0.000000  0.000000
   C  -6.173475   1.431785   0.000000    0.000000  0.000000  0.000000
   C  -4.928214   3.580071   0.000000    0.000000 -0.000000  0.000000
   C  -3.678966   5.694052   0.000000    0.000000  0.000000  0.000000
   N  -7.338226  -5.042760   0.000000    0.000000  0.000000  0.000000
   C  -6.173642  -2.889413   0.000000    0.000000  0.000000  0.000000
   C  -4.940069  -0.716689   0.000000    0.000000  0.000000  0.000000
   C  -3.698169   1.425571   0.000000    0.000000  0.000000  0.000000
   C  -2.466015   3.560923   0.000000    0.000000 -0.000000  0.000000
   C  -1.226334   5.685080   0.000000    0.000000  0.000000  0.000000
   C  -4.910090  -5.019617   0.000000    0.000000  0.000000  0.000000
   C  -3.694845  -2.860312   0.000000    0.000000  0.000000  0.000000
   C  -2.471779  -0.716540   0.000000    0.000000  0.000000  0.000000
   C  -1.232423   1.423207   0.000000    0.000000  0.000000  0.000000
   C   0.000000   3.557079   0.000000    0.000000  0.000000  0.000000
   C   1.226334   5.685080   0.000000    0.000000  0.000000  0.000000
   C  -2.457224  -5.005715   0.000000    0.000000  0.000000  0.000000
   C  -1.230705  -2.851907   0.000000    0.000000  0.000000  0.000000
   C   0.000000  -0.715809   0.000000    0.000000  0.000000  0.000000
   C   1.232423   1.423207   0.000000    0.000000  0.000000  0.000000
   C   2.466015   3.560923   0.000000    0.000000 -0.000000  0.000000
   N   3.678966   5.694052   0.000000    0.000000  0.000000  0.000000
   C   0.000000  -5.003169   0.000000    0.000000  0.000000  0.000000
   C   1.230705  -2.851907   0.000000    0.000000  0.000000  0.000000
   C   2.471779  -0.716540   0.000000    0.000000  0.000000  0.000000
   C   3.698169   1.425571   0.000000    0.000000  0.000000  0.000000
   C   4.928214   3.580071   0.000000    0.000000 -0.000000  0.000000
   C   6.138515   5.727246   0.000000    0.000000  0.000000  0.000000
   C   2.457224  -5.005715   0.000000    0.000000  0.000000  0.000000
   N   3.694845  -2.860312   0.000000    0.000000  0.000000  0.000000
   C   4.940069  -0.716689   0.000000    0.000000  0.000000  0.000000
   C   6.173475   1.431785   0.000000   -0.000000  0.000000  0.000000
   C   7.358051   3.642635   0.000000   -0.000000  0.000000  0.000000
   C   4.910090  -5.019617   0.000000    0.000000  0.000000  0.000000
   C   6.173642  -2.889413   0.000000    0.000000  0.000000  0.000000
   C   7.365228  -0.691139   0.000000    0.000000  0.000000  0.000000
   C   7.338226  -5.042760   0.000000    0.000000  0.000000  0.000000
   H   8.282184   5.591425   0.000000    0.000000 -0.000000  0.000000
   H   8.325741   3.141106   0.000000    0.000000  0.000000  0.000000
   H   8.326715   1.204661   0.000000    0.000000  0.000000  0.000000
   H   8.326715  -1.204661   0.000000    0.000000  0.000000  0.000000
   H   8.325741  -3.141106   0.000000    0.000000  0.000000  0.000000
   H   8.282184  -5.591425   0.000000    0.000000  0.000000  0.000000
   H  -8.282184   5.591425   0.000000    0.000000 -0.000000  0.000000
   H  -8.325741   3.141106   0.000000    0.000000  0.000000  0.000000
   H  -8.326715   1.204661   0.000000    0.000000  0.000000  0.000000
   H  -8.326715  -1.204661   0.000000    0.000000  0.000000  0.000000
   H  -8.325741  -3.141106   0.000000    0.000000  0.000000  0.000000
   H  -8.282184  -5.591425   0.000000    0.000000  0.000000  0.000000
   H  -6.116625   6.819427   0.000000    0.000000  0.000000  0.000000
   H  -3.672757   6.787431   0.000000    0.000000  0.000000  0.000000
   H  -1.225580   6.778408   0.000000    0.000000 -0.000000  0.000000
   H   1.225580   6.778408   0.000000    0.000000 -0.000000  0.000000
   H   3.672757   6.787431   0.000000    0.000000  0.000000  0.000000
   H   6.116625   6.819427   0.000000   -0.000000  0.000000  0.000000
   H  -6.116625  -6.819427   0.000000    0.000000  0.000000  0.000000
   H  -3.672757  -6.787431   0.000000    0.000000  0.000000  0.000000
   H  -1.225580  -6.778408   0.000000    0.000000  0.000000  0.000000
   H   1.225580  -6.778408   0.000000    0.000000  0.000000  0.000000
   H   3.672757  -6.787431   0.000000    0.000000  0.000000  0.000000
   H   6.116625  -6.819427   0.000000   -0.000000  0.000000  0.000000
converged SCF energy = -3134.02679788526
--------------- ROKS_Scanner gradients ---------------
         x                y                z
0 C    -0.0033620637     0.0099159823    -0.0000000000
1 C     0.0053205643     0.0151740966     0.0000000000
2 C    -0.0022956936     0.0027386719     0.0000000000
3 C    -0.0037524277     0.0060849190    -0.0000000000
4 C     0.0078552324     0.0274013269    -0.0000000000
5 C    -0.0081343176     0.0071787011     0.0000000000
6 C    -0.0018304351     0.0004639980     0.0000000000
7 C    -0.0020955872     0.0107021649    -0.0000000000
8 N    -0.0013904315    -0.0029151771     0.0000000000
9 C     0.0167409605    -0.0124758050    -0.0000000000
10 C    -0.0030646814    -0.0121439630     0.0000000000
11 C     0.0004600438     0.0000781889    -0.0000000000
12 N    -0.0103372493     0.0157958776    -0.0000000000
13 C     0.0043535744     0.0007610312    -0.0000000000
14 C     0.0086897439     0.0135403082     0.0000000000
15 C     0.0130781803     0.0002064768    -0.0000000000
16 C    -0.0204234500     0.0013319830     0.0000000000
17 C    -0.0226489217    -0.0119568262     0.0000000000
18 C    -0.0190641062     0.0020042146    -0.0000000000
19 C    -0.0193382609     0.0007545773    -0.0000000000
20 C     0.0033076977     0.0173347379     0.0000000000
21 C     0.0043076480    -0.0085288394     0.0000000000
22 C    -0.0205721366    -0.0080002924    -0.0000000000
23 N     0.0064742910     0.0154397311    -0.0000000000
24 C    -0.0147165586     0.0183385215    -0.0000000000
25 N    -0.0138127581     0.0130173627    -0.0000000000
26 C    -0.0060180785     0.0097944640     0.0000000000
27 C     0.0038196740    -0.0196201323     0.0000000000
28 N     0.0440246533    -0.0153479611    -0.0000000000
29 C     0.0000709543     0.0140424108     0.0000000000
30 C     0.0043983013    -0.0055350824    -0.0000000000
31 C     0.0155919655     0.0036528351    -0.0000000000
32 C    -0.0067082633     0.0198326707    -0.0000000000
33 C     0.0195815690    -0.0108997869     0.0000000000
34 C    -0.0114541084     0.0037125421    -0.0000000000
35 N    -0.0089440070     0.0001583088     0.0000000000
36 C    -0.0033655674     0.0231424064    -0.0000000000
37 C     0.0028878290    -0.0091029655    -0.0000000000
38 C    -0.0061560548    -0.0038863619    -0.0000000000
39 C     0.0059045181    -0.0056223128    -0.0000000000
40 C    -0.0060152570    -0.0010038651     0.0000000000
41 C     0.0084093503    -0.0151065029    -0.0000000000
42 C    -0.0114577811    -0.0072574994    -0.0000000000
43 C     0.0081411989     0.0017513057     0.0000000000
44 C    -0.0195303680     0.0141102149     0.0000000000
45 N     0.0063254182    -0.0071389191     0.0000000000
46 C    -0.0057910574     0.0010061353    -0.0000000000
47 C     0.0068163723     0.0036414895    -0.0000000000
48 C    -0.0056143232    -0.0097307515     0.0000000000
49 C    -0.0041227412    -0.0256435929     0.0000000000
50 C     0.0195802160     0.0163105582    -0.0000000000
51 C    -0.0065045506     0.0072340253     0.0000000000
52 C     0.0107183389    -0.0079190118    -0.0000000000
53 C     0.0041500768    -0.0288932928    -0.0000000000
54 C     0.0243275970     0.0052508632     0.0000000000
55 C    -0.0028860248    -0.0069362471     0.0000000000
56 C    -0.0163425037     0.0011257966    -0.0000000000
57 C    -0.0094463036     0.0010746648    -0.0000000000
58 C     0.0195198201     0.0038070045     0.0000000000
59 C     0.0064933337     0.0154250913    -0.0000000000
60 C     0.0260164520    -0.0077586737     0.0000000000
61 C     0.0072371011    -0.0221916369    -0.0000000000
62 N     0.0042194222    -0.0360490991    -0.0000000000
63 C    -0.0045582482     0.0095772185     0.0000000000
64 C    -0.0202986313     0.0029454709     0.0000000000
65 C    -0.0155564535    -0.0147428651     0.0000000000
66 C     0.0009304025    -0.0019127863    -0.0000000000
67 C     0.0078040323    -0.0102800437    -0.0000000000
68 C     0.0264812916     0.0039476038     0.0000000000
69 C    -0.0168901980     0.0099703706    -0.0000000000
70 N    -0.0121509199    -0.0143519165    -0.0000000000
71 C     0.0132737706     0.0166077273    -0.0000000000
72 C     0.0059878890    -0.0107944124     0.0000000000
73 C    -0.0053505493    -0.0163427833     0.0000000000
74 C    -0.0106185086    -0.0154283381     0.0000000000
75 C     0.0229201806    -0.0042588621    -0.0000000000
76 C     0.0117225501    -0.0107975893     0.0000000000
77 C     0.0027661870    -0.0070016113     0.0000000000
78 H     0.0056630871     0.0028005452     0.0000000000
79 H     0.0063388461    -0.0028365072     0.0000000000
80 H     0.0055287102     0.0066451641     0.0000000000
81 H     0.0128506366     0.0026978197     0.0000000000
82 H     0.0065938282     0.0028442192     0.0000000000
83 H     0.0047414448    -0.0040366445    -0.0000000000
84 H    -0.0051190859     0.0027024424     0.0000000000
85 H    -0.0058802964    -0.0031059605     0.0000000000
86 H    -0.0060327767     0.0028614423     0.0000000000
87 H    -0.0047530073    -0.0037004913    -0.0000000000
88 H    -0.0044251470     0.0116251432     0.0000000000
89 H    -0.0517621784    -0.0303819114    -0.0000000000
90 H     0.0002304425     0.0059301597    -0.0000000000
91 H    -0.0085830329     0.0099317556    -0.0000000000
92 H     0.0087932146     0.0097986175    -0.0000000000
93 H    -0.0006260790     0.0059708988     0.0000000000
94 H    -0.0003022358     0.0629037469     0.0000000000
95 H     0.0004657573     0.0055904659     0.0000000000
96 H     0.0086134725    -0.0088214310     0.0000000000
97 H    -0.0003153357    -0.0062506676     0.0000000000
98 H    -0.0005827036    -0.0067046354    -0.0000000000
99 H    -0.0037202946    -0.0091867627    -0.0000000000
100 H     0.0033064707    -0.0094825191     0.0000000000
101 H     0.0008789327    -0.0066030671     0.0000000000
----------------------------------------------
cycle 1: E = -3134.02679789  dE = -3134.03  norm(grad) = 0.184705

Geometry optimization cycle 2
Cartesian coordinates (Angstrom)
 Atom        New coordinates             dX        dY        dZ
   C  -7.227991   5.022006   0.000000    0.110235 -0.020754  0.000000
   C  -7.322727   0.699580   0.000000    0.042501  0.008441  0.000000
   C  -6.133281   2.870405   0.000000    0.040361 -0.019009  0.000000
   C  -4.829772   4.964208   0.000000    0.080318 -0.055409  0.000000
   C  -7.312629  -3.554189   0.000000    0.045422  0.088446  0.000000
   C  -6.138007  -1.402706   0.000000    0.035468  0.029079  0.000000
   C  -4.903130   0.717035   0.000000    0.036938  0.000346  0.000000
   C  -3.666359   2.815817   0.000000    0.028486 -0.044494  0.000000
   N  -2.424787   4.904245  -0.000000    0.032437 -0.101470 -0.000000
   C  -6.079029  -5.631238   0.000000    0.059486  0.096007  0.000000
   C  -4.878187  -3.527636   0.000000    0.050027  0.052434  0.000000
   C  -3.672373  -1.398589  -0.000000    0.025795  0.026982 -0.000000
   N  -2.454517   0.696113  -0.000000    0.017262 -0.020426 -0.000000
   C  -1.224783   2.794027  -0.000000    0.005921 -0.057880 -0.000000
   C  -0.008644   4.908717  -0.000000   -0.008644 -0.094452 -0.000000
   C  -3.634594  -5.650067   0.000000    0.044372  0.043985  0.000000
   C  -2.429334  -3.524786  -0.000000    0.036680  0.036136 -0.000000
   C  -1.213777  -1.403299  -0.000000    0.018646  0.019908 -0.000000
   C  -0.004054   0.680380  -0.000000   -0.004054 -0.035429 -0.000000
   C   1.225203   2.787927  -0.000000   -0.005501 -0.063980 -0.000000
   C   2.397447   4.881692  -0.000000   -0.059777 -0.124023 -0.000000
   C  -1.191924  -5.625575  -0.000000    0.034411  0.059505 -0.000000
   C   0.019621  -3.508959  -0.000000    0.019621  0.048119 -0.000000
   N   1.221910  -1.426564  -0.000000   -0.010513 -0.003356 -0.000000
   C   2.445225   0.677125  -0.000000   -0.026554 -0.039415 -0.000000
   N   3.657908   2.784657  -0.000000   -0.036937 -0.075655 -0.000000
   C   4.823077   4.903222   0.000000   -0.087013 -0.116395  0.000000
   C   1.246167  -5.587586  -0.000000    0.019833  0.097494 -0.000000
   N   2.431072  -3.507289  -0.000000   -0.034942  0.053634 -0.000000
   C   3.646195  -1.429868  -0.000000   -0.051973 -0.004297 -0.000000
   C   4.883029   0.692807   0.000000   -0.057039 -0.023882  0.000000
   C   6.104560   2.833714   0.000000   -0.069082 -0.055699  0.000000
   C   7.225116   4.976601   0.000000   -0.113110 -0.066159  0.000000
   C   3.672712  -5.593553   0.000000   -0.006254  0.100499  0.000000
   C   4.890033  -3.526613   0.000000   -0.038181  0.053457  0.000000
   N   6.071181  -1.417656   0.000000   -0.102294  0.014129  0.000000
   C   7.298020   0.639443   0.000000   -0.067207 -0.051696  0.000000
   C   6.142577  -5.599932   0.000000    0.004062  0.127314  0.000000
   C   7.312582  -3.509796   0.000000   -0.045470  0.132840  0.000000
   C  -7.304939   3.635575   0.000000    0.053112 -0.007060  0.000000
   C  -6.028292   5.698013   0.000000    0.110223 -0.029233  0.000000
   C  -7.334915  -0.665370   0.000000    0.030313  0.025769  0.000000
   C  -6.125488   1.429254   0.000000    0.047987 -0.002532  0.000000
   C  -4.889522   3.539848   0.000000    0.038692 -0.040222  0.000000
   C  -3.591159   5.601429   0.000000    0.087807 -0.092623  0.000000
   N  -7.205524  -4.898625   0.000000    0.132702  0.144135  0.000000
   C  -6.117369  -2.839047   0.000000    0.056273  0.050367  0.000000
   C  -4.912893  -0.700899   0.000000    0.027176  0.015789  0.000000
   C  -3.664504   1.406127  -0.000000    0.033665 -0.019444 -0.000000
   C  -2.441830   3.502817  -0.000000    0.024185 -0.058106 -0.000000
   C  -1.234364   5.566021  -0.000000   -0.008029 -0.119058 -0.000000
   C  -4.843132  -4.964805   0.000000    0.066958  0.054812  0.000000
   C  -3.657686  -2.818735   0.000000    0.037159  0.041577  0.000000
   C  -2.451412  -0.696975  -0.000000    0.020367  0.019565 -0.000000
   C  -1.236926   1.380930  -0.000000   -0.004503 -0.042277 -0.000000
   C   0.003001   3.484475  -0.000000    0.003001 -0.072603 -0.000000
   C   1.209975   5.595259  -0.000000   -0.016360 -0.089820 -0.000000
   C  -2.415401  -4.961169  -0.000000    0.041822  0.044546 -0.000000
   C  -1.217144  -2.819726  -0.000000    0.013561  0.032181 -0.000000
   C   0.004429  -0.732836  -0.000000    0.004429 -0.017027 -0.000000
   C   1.204341   1.381301  -0.000000   -0.028082 -0.041906 -0.000000
   C   2.437770   3.478939  -0.000000   -0.028244 -0.081984 -0.000000
   N   3.600553   5.546075   0.000000   -0.078413 -0.147977  0.000000
   C   0.021655  -4.942026  -0.000000    0.021655  0.061143 -0.000000
   C   1.233164  -2.820353  -0.000000    0.002459  0.031554 -0.000000
   C   2.448389  -0.724453  -0.000000   -0.023390 -0.007914 -0.000000
   C   3.655085   1.378827  -0.000000   -0.043084 -0.046744 -0.000000
   C   4.865681   3.498088   0.000000   -0.062533 -0.081982  0.000000
   C   6.007014   5.631816   0.000000   -0.131501 -0.095430  0.000000
   C   2.467116  -4.930069  -0.000000    0.009893  0.075645 -0.000000
   N   3.662762  -2.826671  -0.000000   -0.032083  0.033641 -0.000000
   C   4.854852  -0.724703   0.000000   -0.085217 -0.008014  0.000000
   C   6.114156   1.393215   0.000000   -0.059319 -0.038570  0.000000
   C   7.279710   3.597357   0.000000   -0.078342 -0.045279  0.000000
   C   4.908067  -4.931820   0.000000   -0.002023  0.087797  0.000000
   C   6.095860  -2.830485   0.000000   -0.077782  0.058928  0.000000
   C   7.248155  -0.715475   0.000000   -0.117073 -0.024336  0.000000
   C   7.323953  -4.895944   0.000000   -0.014273  0.146816  0.000000
   H   8.147673   5.546507   0.000000   -0.134511 -0.044918  0.000000
   H   8.248035   3.115049   0.000000   -0.077705 -0.026057  0.000000
   H   8.269216   1.113286   0.000000   -0.057499 -0.091376  0.000000
   H   8.166728  -1.280060   0.000000   -0.159987 -0.075399  0.000000
   H   8.251172  -2.972453   0.000000   -0.074568  0.168653  0.000000
   H   8.274989  -5.417369   0.000000   -0.007195  0.174055  0.000000
   H  -8.152556   5.589820   0.000000    0.129628 -0.001605  0.000000
   H  -8.278738   3.163654   0.000000    0.047003  0.022548  0.000000
   H  -8.272122   1.218998   0.000000    0.054593  0.014337  0.000000
   H  -8.293559  -1.169369   0.000000    0.033156  0.035292  0.000000
   H  -8.294958  -3.107697   0.000000    0.030783  0.033409  0.000000
   H  -8.086923  -5.413989   0.000000    0.195262  0.177436  0.000000
   H  -5.989600   6.782712   0.000000    0.127025 -0.036715  0.000000
   H  -3.520325   6.680796   0.000000    0.152432 -0.106635  0.000000
   H  -1.280908   6.646735  -0.000000   -0.055328 -0.131673 -0.000000
   H   1.228825   6.681351  -0.000000    0.003245 -0.097057 -0.000000
   H   3.590200   6.564899   0.000000   -0.082557 -0.222532  0.000000
   H   5.953483   6.716302   0.000000   -0.163142 -0.103124  0.000000
   H  -6.139842  -6.711302   0.000000   -0.023216  0.108125  0.000000
   H  -3.634206  -6.736061   0.000000    0.038551  0.051370  0.000000
   H  -1.181985  -6.710917  -0.000000    0.043595  0.067491 -0.000000
   H   1.267726  -6.669815  -0.000000    0.042146  0.108592 -0.000000
   H   3.652564  -6.675551   0.000000   -0.020193  0.111880  0.000000
   H   6.141196  -6.684552   0.000000    0.024570  0.134875  0.000000
converged SCF energy = -3134.09820203406
--------------- ROKS_Scanner gradients ---------------
         x                y                z
0 C     0.0062203820     0.0002363064    -0.0000000000
1 C     0.0043278480     0.0079252268     0.0000000000
2 C    -0.0021039343     0.0028132720    -0.0000000000
3 C    -0.0002147820    -0.0003182667    -0.0000000000
4 C    -0.0127228472     0.0166747925    -0.0000000000
5 C    -0.0096216172     0.0051080248     0.0000000000
6 C     0.0007672465    -0.0001745716     0.0000000000
7 C    -0.0016541918     0.0053457805     0.0000000000
8 N    -0.0025628110     0.0023596392    -0.0000000000
9 C     0.0013012186    -0.0106591476    -0.0000000000
10 C     0.0012499628    -0.0051231393    -0.0000000000
11 C     0.0004940176     0.0037947267    -0.0000000000
12 N    -0.0075096025     0.0095165342     0.0000000000
13 C    -0.0002807440     0.0033341877    -0.0000000000
14 C     0.0051179513     0.0015456324     0.0000000000
15 C     0.0091304162    -0.0021871645    -0.0000000000
16 C    -0.0078146437     0.0019207188    -0.0000000000
17 C    -0.0066003721    -0.0027890091    -0.0000000000
18 C    -0.0112906378    -0.0039636617    -0.0000000000
19 C    -0.0055393678     0.0051314103    -0.0000000000
20 C    -0.0089730460     0.0018143354     0.0000000000
21 C     0.0051255644    -0.0018685590    -0.0000000000
22 C    -0.0023437937    -0.0009951879    -0.0000000000
23 N     0.0049724365     0.0045261781    -0.0000000000
24 C    -0.0050986742     0.0080897903    -0.0000000000
25 N    -0.0055168668     0.0076792822     0.0000000000
26 C    -0.0024160047     0.0016175098    -0.0000000000
27 C     0.0043511232     0.0022473796     0.0000000000
28 N     0.0124784635    -0.0066773185    -0.0000000000
29 C    -0.0052289574     0.0075309574     0.0000000000
30 C     0.0030270106     0.0007319270     0.0000000000
31 C     0.0058868272     0.0074090254    -0.0000000000
32 C    -0.0060940728     0.0059842966    -0.0000000000
33 C     0.0051067392     0.0023704801     0.0000000000
34 C    -0.0065535859     0.0009525919    -0.0000000000
35 N    -0.0049259389    -0.0021297221     0.0000000000
36 C     0.0000969514     0.0062720507     0.0000000000
37 C     0.0022652583     0.0003520614    -0.0000000000
38 C    -0.0031949916     0.0043711162    -0.0000000000
39 C    -0.0006849775    -0.0038721839     0.0000000000
40 C    -0.0024193928     0.0023961160     0.0000000000
41 C     0.0045011890    -0.0059613949    -0.0000000000
42 C    -0.0053887911    -0.0055802817    -0.0000000000
43 C     0.0018169566     0.0020638288     0.0000000000
44 C     0.0000070240     0.0036314331     0.0000000000
45 N     0.0232960491     0.0101959420    -0.0000000000
46 C    -0.0025878811    -0.0134393920     0.0000000000
47 C     0.0026779349     0.0031572519     0.0000000000
48 C     0.0008853064    -0.0055456212    -0.0000000000
49 C    -0.0008278343    -0.0137602079    -0.0000000000
50 C    -0.0006447295     0.0005941831    -0.0000000000
51 C    -0.0065916077     0.0055363133     0.0000000000
52 C     0.0044781911    -0.0060663693     0.0000000000
53 C     0.0026291978    -0.0159741316     0.0000000000
54 C     0.0117683944     0.0010332063     0.0000000000
55 C     0.0006986292    -0.0052374974     0.0000000000
56 C    -0.0014039440     0.0041396529    -0.0000000000
57 C    -0.0064874365     0.0004123101     0.0000000000
58 C     0.0072094252     0.0038948123     0.0000000000
59 C     0.0021325388     0.0076347449     0.0000000000
60 C     0.0109374033    -0.0013100450     0.0000000000
61 C     0.0087258487    -0.0088377934    -0.0000000000
62 N    -0.0011146656    -0.0144461694     0.0000000000
63 C    -0.0052182408     0.0024048061     0.0000000000
64 C    -0.0108138778     0.0012596833     0.0000000000
65 C    -0.0030282325    -0.0086141307    -0.0000000000
66 C    -0.0001995558    -0.0074825185     0.0000000000
67 C     0.0047201335    -0.0017319138     0.0000000000
68 C     0.0076008607    -0.0021169199     0.0000000000
69 C    -0.0033215372    -0.0019284930    -0.0000000000
70 N    -0.0005605382    -0.0059617784     0.0000000000
71 C     0.0003200661     0.0060898206     0.0000000000
72 C     0.0024860996    -0.0102115981    -0.0000000000
73 C    -0.0027865297    -0.0075650421     0.0000000000
74 C    -0.0012577522    -0.0049765763     0.0000000000
75 C     0.0078304588    -0.0061670111     0.0000000000
76 C    -0.0035723870    -0.0056491782     0.0000000000
77 C    -0.0019383891    -0.0016414950     0.0000000000
78 H     0.0012518584    -0.0001267955     0.0000000000
79 H     0.0015897093     0.0004971502     0.0000000000
80 H     0.0010590896     0.0011689472    -0.0000000000
81 H     0.0051495478    -0.0011723300    -0.0000000000
82 H     0.0030205791     0.0049329609     0.0000000000
83 H     0.0010707739    -0.0001617118    -0.0000000000
84 H    -0.0002844048    -0.0001707713     0.0000000000
85 H    -0.0015469969    -0.0010624599    -0.0000000000
86 H    -0.0015157123    -0.0001576045    -0.0000000000
87 H    -0.0012404315    -0.0008142150     0.0000000000
88 H    -0.0012660725     0.0056445367     0.0000000000
89 H    -0.0095653324    -0.0040140953     0.0000000000
90 H     0.0008474573     0.0017519863    -0.0000000000
91 H    -0.0030564535     0.0023102279     0.0000000000
92 H     0.0032137022     0.0019196042     0.0000000000
93 H    -0.0004455020     0.0022182856     0.0000000000
94 H    -0.0007559860     0.0133816816    -0.0000000000
95 H    -0.0006243876     0.0010969049    -0.0000000000
96 H     0.0054764942    -0.0025357937    -0.0000000000
97 H    -0.0001252349    -0.0015921906     0.0000000000
98 H    -0.0003919952    -0.0011401580     0.0000000000
99 H    -0.0016260118    -0.0007145662     0.0000000000
100 H     0.0020033628    -0.0013220096     0.0000000000
101 H     0.0002107834    -0.0010436534     0.0000000000
----------------------------------------------
cycle 2: E = -3134.09820203  dE = -0.0714041  norm(grad) = 0.0792392

Geometry optimization cycle 3
Cartesian coordinates (Angstrom)
 Atom        New coordinates             dX        dY        dZ
   C  -7.229845   5.022624   0.000000   -0.001854  0.000618 -0.000000
   C  -7.298834   0.680306  -0.000000    0.023892 -0.019274 -0.000000
   C  -6.114156   2.855758   0.000000    0.019124 -0.014647  0.000000
   C  -4.806323   4.930122   0.000000    0.023449 -0.034086  0.000000
   C  -7.235320  -3.676669  -0.000000    0.077309 -0.122480 -0.000000
   C  -6.116213  -1.413137   0.000000    0.021794 -0.010431 -0.000000
   C  -4.882758   0.713716   0.000000    0.020372 -0.003319  0.000000
   C  -3.642394   2.801873   0.000000    0.023965 -0.013945  0.000000
   N  -2.397494   4.880404   0.000000    0.027293 -0.023841  0.000000
   C  -6.082567  -5.605909   0.000000   -0.003537  0.025330 -0.000000
   C  -4.859612  -3.496623   0.000000    0.018575  0.031013  0.000000
   C  -3.654015  -1.380019   0.000000    0.018358  0.018569  0.000000
   N  -2.435522   0.696429   0.000000    0.018994  0.000315  0.000000
   C  -1.215110   2.786160   0.000000    0.009673 -0.007867  0.000000
   C  -0.002929   4.890537   0.000000    0.005715 -0.018180  0.000000
   C  -3.642716  -5.614233   0.000000   -0.008122  0.035834  0.000000
   C  -2.415174  -3.500873   0.000000    0.014160  0.023913  0.000000
   C  -1.197399  -1.381832   0.000000    0.016377  0.021467  0.000000
   C   0.009526   0.686398   0.000000    0.013580  0.006017  0.000000
   C   1.235896   2.788076   0.000000    0.010692  0.000149  0.000000
   C   2.432084   4.880564   0.000000    0.034638 -0.001128  0.000000
   C  -1.197870  -5.593206   0.000000   -0.005947  0.032369  0.000000
   C   0.028317  -3.481125   0.000000    0.008697  0.027834  0.000000
   N   1.230683  -1.409876   0.000000    0.008774  0.016688  0.000000
   C   2.447126   0.681561   0.000000    0.001901  0.004436  0.000000
   N   3.649737   2.784580   0.000000   -0.008171 -0.000077  0.000000
   C   4.829497   4.900392  -0.000000    0.006420 -0.002830 -0.000000
   C   1.230910  -5.560851   0.000000   -0.015257  0.026735  0.000000
   N   2.413495  -3.459313   0.000000   -0.017578  0.047975  0.000000
   C   3.655737  -1.414384   0.000000    0.009541  0.015484  0.000000
   C   4.863095   0.698867  -0.000000   -0.019934  0.006061 -0.000000
   C   6.072216   2.837674  -0.000000   -0.032345  0.003959 -0.000000
   C   7.232610   4.967072  -0.000000    0.007494 -0.009529 -0.000000
   C   3.618774  -5.541773   0.000000   -0.053938  0.051780  0.000000
   C   4.877662  -3.489392   0.000000   -0.012370  0.037221 -0.000000
   N   6.081362  -1.395452  -0.000000    0.010182  0.022205 -0.000000
   C   7.269505   0.655754  -0.000000   -0.028515  0.016311 -0.000000
   C   6.070319  -5.581229   0.000000   -0.072258  0.018703 -0.000000
   C   7.275980  -3.528771  -0.000000   -0.036601 -0.018975 -0.000000
   C  -7.275888   3.639955   0.000000    0.029051  0.004380 -0.000000
   C  -6.006599   5.656552   0.000000    0.021693 -0.041460  0.000000
   C  -7.319685  -0.676193  -0.000000    0.015230 -0.010823 -0.000000
   C  -6.102586   1.421587   0.000000    0.022903 -0.007667 -0.000000
   C  -4.870192   3.512664   0.000000    0.019330 -0.027185  0.000000
   C  -3.562670   5.553600   0.000000    0.028489 -0.047829  0.000000
   N  -7.263000  -5.003217  -0.000000   -0.057477 -0.104592 -0.000000
   C  -6.107905  -2.843586   0.000000    0.009464 -0.004539 -0.000000
   C  -4.900191  -0.702818   0.000000    0.012702 -0.001918  0.000000
   C  -3.644547   1.403284   0.000000    0.019957 -0.002843  0.000000
   C  -2.424011   3.500603   0.000000    0.017819 -0.002213  0.000000
   C  -1.225184   5.547339   0.000000    0.009180 -0.018682  0.000000
   C  -4.843138  -4.937031   0.000000   -0.000005  0.027774 -0.000000
   C  -3.644455  -2.789374   0.000000    0.013231  0.029361  0.000000
   C  -2.436857  -0.671406   0.000000    0.014555  0.025569  0.000000
   C  -1.233366   1.378024   0.000000    0.003560 -0.002907  0.000000
   C   0.010105   3.476720   0.000000    0.007104 -0.007755  0.000000
   C   1.228080   5.556718   0.000000    0.018105 -0.038541  0.000000
   C  -2.413482  -4.933009   0.000000    0.001919  0.028160  0.000000
   C  -1.213152  -2.798541   0.000000    0.003992  0.021185  0.000000
   C   0.016793  -0.726087   0.000000    0.012364  0.006748  0.000000
   C   1.202154   1.387904   0.000000   -0.002186  0.006603  0.000000
   C   2.435535   3.489911   0.000000   -0.002235  0.010972  0.000000
   N   3.622938   5.554277  -0.000000    0.022385  0.008202 -0.000000
   C   0.018025  -4.914870   0.000000   -0.003630  0.027156  0.000000
   C   1.237148  -2.789596   0.000000    0.003984  0.030757  0.000000
   C   2.461235  -0.707016   0.000000    0.012846  0.017437  0.000000
   C   3.645589   1.389947   0.000000   -0.009497  0.011120  0.000000
   C   4.843224   3.503939  -0.000000   -0.022457  0.005850 -0.000000
   C   6.008469   5.620334  -0.000000    0.001455 -0.011482 -0.000000
   C   2.430948  -4.876089   0.000000   -0.036168  0.053980  0.000000
   N   3.654444  -2.792162   0.000000   -0.008319  0.034509  0.000000
   C   4.860380  -0.720199  -0.000000    0.005529  0.004504 -0.000000
   C   6.083651   1.411065  -0.000000   -0.030506  0.017849 -0.000000
   C   7.254774   3.596851  -0.000000   -0.024936 -0.000506 -0.000000
   C   4.858584  -4.886289   0.000000   -0.049483  0.045531 -0.000000
   C   6.079332  -2.805083  -0.000000   -0.016528  0.025402 -0.000000
   C   7.245120  -0.688655  -0.000000   -0.003034  0.026819 -0.000000
   C   7.266735  -4.909085  -0.000000   -0.057218 -0.013141 -0.000000
   H   8.155209   5.531301  -0.000000    0.007536 -0.015206 -0.000000
   H   8.208918   3.094281  -0.000000   -0.039117 -0.020768 -0.000000
   H   8.235483   1.131073  -0.000000   -0.033733  0.017788 -0.000000
   H   8.153141  -1.250758  -0.000000   -0.013586  0.029302 -0.000000
   H   8.228470  -3.037523  -0.000000   -0.022702 -0.065071 -0.000000
   H   8.203425  -5.450024  -0.000000   -0.071564 -0.032655 -0.000000
   H  -8.148278   5.597619   0.000000    0.004278  0.007798 -0.000000
   H  -8.245029   3.168527   0.000000    0.033709  0.004873 -0.000000
   H  -8.242265   1.203471  -0.000000    0.029857 -0.015527 -0.000000
   H  -8.276841  -1.175192  -0.000000    0.016718 -0.005823 -0.000000
   H  -8.225606  -3.267700  -0.000000    0.069352 -0.160002 -0.000000
   H  -8.113658  -5.513084  -0.000000   -0.026736 -0.099095 -0.000000
   H  -5.957880   6.736677   0.000000    0.031720 -0.046035  0.000000
   H  -3.465544   6.625373   0.000000    0.054781 -0.055423  0.000000
   H  -1.306197   6.621038   0.000000   -0.025289 -0.025697  0.000000
   H   1.244176   6.637952   0.000000    0.015351 -0.043399  0.000000
   H   3.617992   6.537993  -0.000000    0.027791 -0.026906 -0.000000
   H   5.959102   6.702007  -0.000000    0.005619 -0.014295 -0.000000
   H  -6.133592  -6.680946  -0.000000    0.006250  0.030356 -0.000000
   H  -3.644467  -6.696296   0.000000   -0.010260  0.039765  0.000000
   H  -1.186809  -6.675275   0.000000   -0.004824  0.035642  0.000000
   H   1.277891  -6.639262   0.000000    0.010165  0.030553  0.000000
   H   3.574434  -6.618975   0.000000   -0.078131  0.056575  0.000000
   H   6.039585  -6.662339   0.000000   -0.101611  0.022212 -0.000000
converged SCF energy = -3134.08886832488
--------------- ROKS_Scanner gradients ---------------
         x                y                z
0 C    -0.0091680931     0.0061830881     0.0000000000
1 C     0.0030796947    -0.0017359158    -0.0000000000
2 C    -0.0013838750    -0.0031107263     0.0000000000
3 C     0.0032479930     0.0010433001     0.0000000000
4 C     0.0464754568    -0.0366087234    -0.0000000000
5 C     0.0100457803     0.0017006991    -0.0000000000
6 C     0.0034735789    -0.0006392225    -0.0000000000
7 C     0.0019052407     0.0006942991     0.0000000000
8 N     0.0065932661     0.0061129441     0.0000000000
9 C    -0.0087626770     0.0398439692     0.0000000000
10 C    -0.0012254943     0.0025907423     0.0000000000
11 C     0.0014260891     0.0021813405    -0.0000000000
12 N     0.0004740755     0.0006597926    -0.0000000000
13 C    -0.0006610381     0.0031941600     0.0000000000
14 C    -0.0035639394    -0.0014885646    -0.0000000000
15 C    -0.0017284154     0.0034507927     0.0000000000
16 C     0.0005372420     0.0000922229    -0.0000000000
17 C     0.0018612217     0.0020222113    -0.0000000000
18 C     0.0002101826    -0.0036080352     0.0000000000
19 C     0.0034622297    -0.0014143605     0.0000000000
20 C     0.0076315564     0.0004167766    -0.0000000000
21 C     0.0017509827     0.0011861079     0.0000000000
22 C     0.0046585969     0.0012530230    -0.0000000000
23 N     0.0027646355    -0.0005702036    -0.0000000000
24 C     0.0005731477    -0.0005150507     0.0000000000
25 N    -0.0020967080     0.0003938643    -0.0000000000
26 C    -0.0009232418    -0.0009845070     0.0000000000
27 C     0.0044793259    -0.0017060420    -0.0000000000
28 N    -0.0019955289     0.0058504261    -0.0000000000
29 C     0.0007979748     0.0022887821    -0.0000000000
30 C    -0.0041879823     0.0005351945    -0.0000000000
31 C    -0.0021295993     0.0009618710     0.0000000000
32 C     0.0029331972     0.0013978152     0.0000000000
33 C    -0.0057576018     0.0014050783    -0.0000000000
34 C     0.0049511878     0.0031786498    -0.0000000000
35 N     0.0046171911     0.0058934922     0.0000000000
36 C    -0.0040025180    -0.0040298034     0.0000000000
37 C    -0.0001195795     0.0039029540    -0.0000000000
38 C    -0.0014550902    -0.0019272388     0.0000000000
39 C     0.0082541589     0.0045201233    -0.0000000000
40 C    -0.0010703077    -0.0100255154     0.0000000000
41 C    -0.0019268243    -0.0008615801     0.0000000000
42 C     0.0004130929    -0.0001692508     0.0000000000
43 C    -0.0009826503    -0.0001253908    -0.0000000000
44 C     0.0061043264    -0.0092947007    -0.0000000000
45 N    -0.0507030813    -0.0279146277    -0.0000000000
46 C    -0.0108766618     0.0171557544     0.0000000000
47 C    -0.0012507895     0.0023245169     0.0000000000
48 C     0.0010111409    -0.0012721009    -0.0000000000
49 C    -0.0032452932     0.0023112042    -0.0000000000
50 C    -0.0076423781    -0.0038497281     0.0000000000
51 C     0.0057646950    -0.0042458538    -0.0000000000
52 C    -0.0010516189     0.0022070078     0.0000000000
53 C    -0.0003853624     0.0015113075     0.0000000000
54 C    -0.0015517747    -0.0020664274    -0.0000000000
55 C     0.0005138797    -0.0000452437    -0.0000000000
56 C     0.0016986446    -0.0090307119     0.0000000000
57 C     0.0014472383     0.0000361641    -0.0000000000
58 C    -0.0013804496     0.0014540017     0.0000000000
59 C    -0.0003449598     0.0001028885    -0.0000000000
60 C    -0.0018164055     0.0021333732    -0.0000000000
61 C    -0.0042197406     0.0054810238     0.0000000000
62 N     0.0050994503     0.0155689241     0.0000000000
63 C     0.0003661886     0.0006403541    -0.0000000000
64 C     0.0012348376    -0.0024604876     0.0000000000
65 C     0.0026372582    -0.0033579003     0.0000000000
66 C    -0.0006878199    -0.0023748795    -0.0000000000
67 C    -0.0017199854     0.0049799424    -0.0000000000
68 C    -0.0018916165    -0.0046676576    -0.0000000000
69 C    -0.0061734780    -0.0002243571     0.0000000000
70 N     0.0025466612     0.0013885227    -0.0000000000
71 C     0.0020151095    -0.0059539222     0.0000000000
72 C    -0.0012771042    -0.0000239971     0.0000000000
73 C    -0.0052995749     0.0013196964    -0.0000000000
74 C    -0.0035021154     0.0041698620    -0.0000000000
75 C    -0.0045375329    -0.0003536594     0.0000000000
76 C     0.0007756298     0.0001380714    -0.0000000000
77 C     0.0009659392    -0.0004339749     0.0000000000
78 H    -0.0003039159    -0.0005443685    -0.0000000000
79 H    -0.0009098001     0.0011815096     0.0000000000
80 H    -0.0013335771    -0.0008601772    -0.0000000000
81 H    -0.0029464822     0.0031272384     0.0000000000
82 H    -0.0030351667    -0.0030480023    -0.0000000000
83 H    -0.0007671116     0.0002244972    -0.0000000000
84 H    -0.0006343447     0.0001592591    -0.0000000000
85 H     0.0017859790     0.0021374191     0.0000000000
86 H     0.0010258920    -0.0015597080     0.0000000000
87 H     0.0005770936     0.0023372652    -0.0000000000
88 H     0.0048832266    -0.0088782037     0.0000000000
89 H     0.0110821566     0.0052536422     0.0000000000
90 H    -0.0004295779    -0.0022124643    -0.0000000000
91 H     0.0010599093    -0.0024796141     0.0000000000
92 H    -0.0003152524    -0.0015664046    -0.0000000000
93 H     0.0004547187    -0.0024062408    -0.0000000000
94 H     0.0007889307    -0.0189521053    -0.0000000000
95 H     0.0000989549    -0.0011000578     0.0000000000
96 H    -0.0043778697     0.0045738848     0.0000000000
97 H    -0.0007221118     0.0013342451    -0.0000000000
98 H    -0.0005205093     0.0012855247     0.0000000000
99 H    -0.0005969099     0.0007593639     0.0000000000
100 H    -0.0009479019     0.0012463791     0.0000000000
101 H    -0.0000259761     0.0012292332     0.0000000000
----------------------------------------------
cycle 3: E = -3134.08886832  dE = 0.00933371  norm(grad) = 0.107971

Geometry optimization cycle 4
Cartesian coordinates (Angstrom)
 Atom        New coordinates             dX        dY        dZ
   C  -7.229725   5.014028   0.000000    0.000120 -0.008596  0.000000
   C  -7.313295   0.690063   0.000000   -0.014460  0.009758  0.000000
   C  -6.121536   2.859965   0.000000   -0.007380  0.004207  0.000000
   C  -4.819741   4.943434   0.000000   -0.013419  0.013312  0.000000
   C  -7.282140  -3.600252  -0.000000   -0.046820  0.076417  0.000000
   C  -6.125125  -1.408357   0.000000   -0.008912  0.004780  0.000000
   C  -4.892596   0.713632   0.000000   -0.009838 -0.000084  0.000000
   C  -3.650729   2.806621   0.000000   -0.008336  0.004749 -0.000000
   N  -2.410756   4.889637   0.000000   -0.013262  0.009233 -0.000000
   C  -6.075750  -5.633625   0.000000    0.006817 -0.027717  0.000000
   C  -4.869017  -3.513794   0.000000   -0.009405 -0.017171  0.000000
   C  -3.662206  -1.391593   0.000000   -0.008191 -0.011574  0.000000
   N  -2.442135   0.693179   0.000000   -0.006612 -0.003250 -0.000000
   C  -1.219419   2.788514   0.000000   -0.004309  0.002354 -0.000000
   C  -0.007153   4.900765   0.000000   -0.004224  0.010228 -0.000000
   C  -3.639265  -5.633847   0.000000    0.003451 -0.019613  0.000000
   C  -2.418936  -3.516381   0.000000   -0.003762 -0.015507 -0.000000
   C  -1.203687  -1.392537   0.000000   -0.006288 -0.010705 -0.000000
   C   0.007344   0.684523   0.000000   -0.002182 -0.001874 -0.000000
   C   1.232343   2.788834   0.000000   -0.003553  0.000758 -0.000000
   C   2.421599   4.885686   0.000000   -0.010486  0.005122 -0.000000
   C  -1.194599  -5.610038   0.000000    0.003271 -0.016833 -0.000000
   C   0.026522  -3.495724   0.000000   -0.001795 -0.014598 -0.000000
   N   1.227317  -1.418723   0.000000   -0.003367 -0.008847 -0.000000
   C   2.450173   0.679676   0.000000    0.003047 -0.001885 -0.000000
   N   3.654668   2.785836   0.000000    0.004931  0.001255 -0.000000
   C   4.826716   4.906885  -0.000000   -0.002781  0.006494  0.000000
   C   1.239719  -5.575297   0.000000    0.008809 -0.014446 -0.000000
   N   2.419772  -3.478310   0.000000    0.006278 -0.018997 -0.000000
   C   3.656480  -1.423637   0.000000    0.000743 -0.009253 -0.000000
   C   4.873245   0.698180  -0.000000    0.010150 -0.000688 -0.000000
   C   6.083940   2.839409  -0.000000    0.011724  0.001735  0.000000
   C   7.228508   4.973506  -0.000000   -0.004102  0.006434  0.000000
   C   3.641241  -5.565405   0.000000    0.022467 -0.023632 -0.000000
   C   4.886546  -3.506674   0.000000    0.008883 -0.017282 -0.000000
   N   6.083843  -1.402636  -0.000000    0.002481 -0.007185 -0.000000
   C   7.284295   0.655459  -0.000000    0.014789 -0.000295  0.000000
   C   6.096330  -5.600110   0.000000    0.026010 -0.018881  0.000000
   C   7.291033  -3.532442  -0.000000    0.015053 -0.003671  0.000000
   C  -7.292291   3.630651   0.000000   -0.016403 -0.009304  0.000000
   C  -6.018603   5.673418   0.000000   -0.012003  0.016866  0.000000
   C  -7.327223  -0.668205   0.000000   -0.007538  0.007988  0.000000
   C  -6.112024   1.425190   0.000000   -0.009439  0.003603  0.000000
   C  -4.878535   3.521777   0.000000   -0.008343  0.009113  0.000000
   C  -3.577811   5.572896   0.000000   -0.015140  0.019296 -0.000000
   N  -7.213157  -4.934505  -0.000000    0.049843  0.068712  0.000000
   C  -6.109780  -2.836311   0.000000   -0.001876  0.007275  0.000000
   C  -4.906043  -0.705339   0.000000   -0.005852 -0.002521  0.000000
   C  -3.652905   1.404423   0.000000   -0.008358  0.001140  0.000000
   C  -2.430324   3.504975   0.000000   -0.006313  0.004372 -0.000000
   C  -1.231061   5.557444   0.000000   -0.005878  0.010105 -0.000000
   C  -4.842058  -4.957571   0.000000    0.001079 -0.020540  0.000000
   C  -3.650547  -2.805384   0.000000   -0.006092 -0.016010 -0.000000
   C  -2.444010  -0.679986   0.000000   -0.007153 -0.008580 -0.000000
   C  -1.237089   1.377717   0.000000   -0.003723 -0.000307 -0.000000
   C   0.006388   3.482336   0.000000   -0.003718  0.005616 -0.000000
   C   1.220959   5.573435   0.000000   -0.007120  0.016717 -0.000000
   C  -2.411953  -4.949890   0.000000    0.001529 -0.016881 -0.000000
   C  -1.215876  -2.812020   0.000000   -0.002725 -0.013479 -0.000000
   C   0.011907  -0.732295   0.000000   -0.004886 -0.006208 -0.000000
   C   1.202913   1.385616   0.000000    0.000759 -0.002288 -0.000000
   C   2.435703   3.489861   0.000000    0.000168 -0.000050 -0.000000
   N   3.614540   5.560315  -0.000000   -0.008399  0.006037 -0.000000
   C   0.022844  -4.930912   0.000000    0.004819 -0.016042 -0.000000
   C   1.238674  -2.803227   0.000000    0.001526 -0.013631 -0.000000
   C   2.459220  -0.712408   0.000000   -0.002015 -0.005392 -0.000000
   C   3.652035   1.389590   0.000000    0.006446 -0.000357 -0.000000
   C   4.850647   3.505307  -0.000000    0.007424  0.001369 -0.000000
   C   6.005922   5.632382  -0.000000   -0.002547  0.012048  0.000000
   C   2.448761  -4.897647   0.000000    0.017813 -0.021558 -0.000000
   N   3.659620  -2.807011   0.000000    0.005176 -0.014849 -0.000000
   C   4.862327  -0.723113  -0.000000    0.001947 -0.002914 -0.000000
   C   6.096785   1.410870  -0.000000    0.013134 -0.000195 -0.000000
   C   7.266584   3.601332  -0.000000    0.011810  0.004482  0.000000
   C   4.880691  -4.908121   0.000000    0.022107 -0.021831 -0.000000
   C   6.088919  -2.814711  -0.000000    0.009587 -0.009628 -0.000000
   C   7.250377  -0.692390  -0.000000    0.005256 -0.003735  0.000000
   C   7.286901  -4.914657  -0.000000    0.020166 -0.005572  0.000000
   H   8.149148   5.542188  -0.000000   -0.006062  0.010887  0.000000
   H   8.224307   3.103217  -0.000000    0.015389  0.008935  0.000000
   H   8.252601   1.128925  -0.000000    0.017117 -0.002148  0.000000
   H   8.158279  -1.259131  -0.000000    0.005138 -0.008374  0.000000
   H   8.242556  -3.034816  -0.000000    0.014086  0.002707  0.000000
   H   8.228058  -5.449340  -0.000000    0.024633  0.000684  0.000000
   H  -8.150470   5.585532   0.000000   -0.002192 -0.012087  0.000000
   H  -8.262116   3.156928   0.000000   -0.017087 -0.011599  0.000000
   H  -8.256783   1.215663  -0.000000   -0.014518  0.012192  0.000000
   H  -8.283121  -1.172010  -0.000000   -0.006280  0.003182  0.000000
   H  -8.275051  -3.186102  -0.000000   -0.049445  0.081598  0.000000
   H  -8.074614  -5.445534  -0.000000    0.039044  0.067550  0.000000
   H  -5.979130   6.755340   0.000000   -0.021250  0.018663  0.000000
   H  -3.482615   6.646620   0.000000   -0.017072  0.021248 -0.000000
   H  -1.310068   6.632664   0.000000   -0.003871  0.011626 -0.000000
   H   1.238122   6.656114   0.000000   -0.006055  0.018162 -0.000000
   H   3.607683   6.557304  -0.000000   -0.010308  0.019311  0.000000
   H   5.957199   6.714968  -0.000000   -0.001904  0.012960  0.000000
   H  -6.158325  -6.709427   0.000000   -0.024733 -0.028481  0.000000
   H  -3.637681  -6.716910   0.000000    0.006786 -0.020614  0.000000
   H  -1.182255  -6.693163   0.000000    0.004554 -0.017888 -0.000000
   H   1.284774  -6.654848   0.000000    0.006883 -0.015586 -0.000000
   H   3.599385  -6.643934   0.000000    0.024951 -0.024958 -0.000000
   H   6.073245  -6.682447   0.000000    0.033660 -0.020107  0.000000
converged SCF energy = -3134.10337946571
--------------- ROKS_Scanner gradients ---------------
         x                y                z
0 C    -0.0018055707     0.0017778755     0.0000000000
1 C     0.0007269739     0.0013252016    -0.0000000000
2 C    -0.0004457207     0.0000485922    -0.0000000000
3 C     0.0002754419    -0.0001244137     0.0000000000
4 C     0.0055485077    -0.0035261360     0.0000000000
5 C     0.0009714416     0.0008330450    -0.0000000000
6 C     0.0009526320    -0.0008364339    -0.0000000000
7 C     0.0013042184     0.0011365481    -0.0000000000
8 N     0.0026637560     0.0029623836     0.0000000000
9 C    -0.0007200757     0.0006208695    -0.0000000000
10 C     0.0019642773     0.0002663461     0.0000000000
11 C     0.0013619993     0.0014298905    -0.0000000000
12 N     0.0001022425     0.0015660469    -0.0000000000
13 C    -0.0002715282     0.0016664995     0.0000000000
14 C    -0.0011261542    -0.0001122363    -0.0000000000
15 C     0.0006950159     0.0006799473     0.0000000000
16 C     0.0004552103    -0.0001586915    -0.0000000000
17 C     0.0005069049     0.0006080784    -0.0000000000
18 C     0.0001703405    -0.0013228597     0.0000000000
19 C     0.0010796707    -0.0012155797     0.0000000000
20 C     0.0039482890     0.0003754798    -0.0000000000
21 C     0.0019134450     0.0007486281     0.0000000000
22 C     0.0021813541     0.0003483654     0.0000000000
23 N     0.0015374324     0.0001792092    -0.0000000000
24 C     0.0006299383     0.0008348309     0.0000000000
25 N    -0.0007986870     0.0007940412    -0.0000000000
26 C    -0.0007824454    -0.0007171207     0.0000000000
27 C     0.0029483533    -0.0010607435     0.0000000000
28 N    -0.0004498985     0.0022362398    -0.0000000000
29 C     0.0001761777     0.0010187906     0.0000000000
30 C    -0.0012093611     0.0010032297    -0.0000000000
31 C    -0.0003428823     0.0009856099     0.0000000000
32 C     0.0003752863     0.0006546523     0.0000000000
33 C    -0.0007690058    -0.0002446674    -0.0000000000
34 C     0.0013334450     0.0020303220    -0.0000000000
35 N     0.0026557677     0.0036555412     0.0000000000
36 C    -0.0012892692    -0.0002520619     0.0000000000
37 C     0.0004140648     0.0005521394     0.0000000000
38 C    -0.0002156733    -0.0010762076     0.0000000000
39 C     0.0017491974    -0.0001937123    -0.0000000000
40 C    -0.0004768930    -0.0019815640    -0.0000000000
41 C     0.0006290202    -0.0010699665     0.0000000000
42 C    -0.0011043748    -0.0002359406     0.0000000000
43 C    -0.0001853231    -0.0004264362     0.0000000000
44 C     0.0019731136    -0.0030117472    -0.0000000000
45 N    -0.0063309680    -0.0027762025     0.0000000000
46 C    -0.0036817903     0.0019015862    -0.0000000000
47 C    -0.0010664392     0.0001194857     0.0000000000
48 C     0.0009483858    -0.0013380827     0.0000000000
49 C    -0.0012314902    -0.0002892278    -0.0000000000
50 C    -0.0032580639    -0.0012038540     0.0000000000
51 C    -0.0024652397     0.0005325049     0.0000000000
52 C    -0.0002332096    -0.0001593577     0.0000000000
53 C    -0.0011375700    -0.0005056217     0.0000000000
54 C    -0.0004826163    -0.0013040039    -0.0000000000
55 C     0.0001210622     0.0000476801    -0.0000000000
56 C     0.0002741547    -0.0038158257     0.0000000000
57 C    -0.0012056183    -0.0005540207    -0.0000000000
58 C    -0.0011670011     0.0004749631     0.0000000000
59 C    -0.0005707439     0.0003957137    -0.0000000000
60 C    -0.0002440588     0.0008700787    -0.0000000000
61 C    -0.0015868994     0.0020750718    -0.0000000000
62 N     0.0024414804     0.0061852373    -0.0000000000
63 C    -0.0010419775    -0.0001500858    -0.0000000000
64 C     0.0000598235    -0.0011987715     0.0000000000
65 C    -0.0002423570    -0.0021037885    -0.0000000000
66 C    -0.0006359199    -0.0013570855    -0.0000000000
67 C    -0.0009903746     0.0012408713    -0.0000000000
68 C    -0.0003760516    -0.0006258346    -0.0000000000
69 C    -0.0029843015     0.0001166143     0.0000000000
70 N     0.0011608866    -0.0000725098     0.0000000000
71 C     0.0019716304    -0.0031332811    -0.0000000000
72 C    -0.0004553158    -0.0006743617     0.0000000000
73 C    -0.0015330110    -0.0007761644    -0.0000000000
74 C    -0.0018602864     0.0008645909    -0.0000000000
75 C    -0.0018917252    -0.0003963493     0.0000000000
76 C    -0.0002914532    -0.0004432825    -0.0000000000
77 C     0.0002078187    -0.0002801176     0.0000000000
78 H    -0.0002276459    -0.0004205110    -0.0000000000
79 H    -0.0001636178     0.0004451945     0.0000000000
80 H    -0.0005140455    -0.0002202251    -0.0000000000
81 H    -0.0014949571     0.0019628301     0.0000000000
82 H    -0.0016351990    -0.0019102158    -0.0000000000
83 H    -0.0004597448    -0.0000355424     0.0000000000
84 H     0.0000091353    -0.0002147728    -0.0000000000
85 H     0.0003110620     0.0004461445     0.0000000000
86 H     0.0001307558    -0.0004033330     0.0000000000
87 H     0.0001885002     0.0009478417    -0.0000000000
88 H     0.0003869293    -0.0008815350    -0.0000000000
89 H     0.0048405828     0.0024792227    -0.0000000000
90 H     0.0000005344    -0.0005211317     0.0000000000
91 H     0.0003444246    -0.0008619076    -0.0000000000
92 H    -0.0001246812    -0.0005770915    -0.0000000000
93 H     0.0001879132    -0.0009623563    -0.0000000000
94 H     0.0003449638    -0.0057082260     0.0000000000
95 H    -0.0001083942    -0.0002258089     0.0000000000
96 H    -0.0001903051     0.0001558437    -0.0000000000
97 H    -0.0003666795     0.0006010573    -0.0000000000
98 H    -0.0002985578     0.0005515826    -0.0000000000
99 H    -0.0003329246     0.0002619458    -0.0000000000
100 H    -0.0003478813     0.0003932998     0.0000000000
101 H     0.0000171150     0.0002832924    -0.0000000000
----------------------------------------------
cycle 4: E = -3134.10337947  dE = -0.0145111  norm(grad) = 0.0222145

Geometry optimization cycle 5
