1721707078.029217

Geometry optimization cycle 1
Cartesian coordinates (Angstrom)
 Atom        New coordinates             dX        dY        dZ
   C  -7.338226   5.042760   0.000000    0.000000  0.000000  0.000000
   C  -7.365228   0.691139   0.000000    0.000000  0.000000  0.000000
   C  -6.173642   2.889413   0.000000    0.000000  0.000000  0.000000
   C  -4.910090   5.019617   0.000000    0.000000  0.000000  0.000000
   C  -7.358051  -3.642635   0.000000    0.000000  0.000000  0.000000
   C  -6.173475  -1.431785   0.000000    0.000000  0.000000  0.000000
   C  -4.940069   0.716689   0.000000    0.000000  0.000000  0.000000
   C  -3.694845   2.860312   0.000000    0.000000  0.000000  0.000000
   C  -2.457224   5.005715   0.000000    0.000000  0.000000  0.000000
   C  -6.138515  -5.727246   0.000000    0.000000  0.000000  0.000000
   C  -4.928214  -3.580071   0.000000    0.000000  0.000000  0.000000
   C  -3.698169  -1.425571   0.000000    0.000000  0.000000  0.000000
   C  -2.471779   0.716540   0.000000    0.000000  0.000000  0.000000
   C  -1.230705   2.851907   0.000000    0.000000 -0.000000  0.000000
   C   0.000000   5.003169   0.000000    0.000000  0.000000  0.000000
   C  -3.678966  -5.694052   0.000000    0.000000  0.000000  0.000000
   N  -2.466015  -3.560923   0.000000    0.000000  0.000000  0.000000
   C  -1.232423  -1.423207   0.000000    0.000000  0.000000  0.000000
   C   0.000000   0.715809   0.000000    0.000000  0.000000  0.000000
   C   1.230705   2.851907   0.000000    0.000000 -0.000000  0.000000
   N   2.457224   5.005715   0.000000    0.000000  0.000000  0.000000
   C  -1.226334  -5.685080   0.000000    0.000000  0.000000  0.000000
   C   0.000000  -3.557079   0.000000    0.000000  0.000000  0.000000
   C   1.232423  -1.423207   0.000000    0.000000  0.000000  0.000000
   C   2.471779   0.716540   0.000000    0.000000  0.000000  0.000000
   N   3.694845   2.860312   0.000000    0.000000  0.000000  0.000000
   C   4.910090   5.019617   0.000000    0.000000  0.000000  0.000000
   C   1.226334  -5.685080   0.000000    0.000000  0.000000  0.000000
   C   2.466015  -3.560923   0.000000    0.000000  0.000000  0.000000
   C   3.698169  -1.425571   0.000000    0.000000  0.000000  0.000000
   C   4.940069   0.716689   0.000000    0.000000  0.000000  0.000000
   C   6.173642   2.889413   0.000000    0.000000  0.000000  0.000000
   C   7.338226   5.042760   0.000000    0.000000  0.000000  0.000000
   C   3.678966  -5.694052   0.000000    0.000000  0.000000  0.000000
   C   4.928214  -3.580071   0.000000    0.000000  0.000000  0.000000
   C   6.173475  -1.431785   0.000000   -0.000000  0.000000  0.000000
   C   7.365228   0.691139   0.000000    0.000000  0.000000  0.000000
   C   6.138515  -5.727246   0.000000    0.000000  0.000000  0.000000
   C   7.358051  -3.642635   0.000000   -0.000000  0.000000  0.000000
   C  -7.358051   3.642635   0.000000    0.000000  0.000000  0.000000
   N  -6.138515   5.727246   0.000000    0.000000  0.000000  0.000000
   C  -7.365228  -0.691139   0.000000    0.000000  0.000000  0.000000
   C  -6.173475   1.431785   0.000000    0.000000  0.000000  0.000000
   N  -4.928214   3.580071   0.000000    0.000000 -0.000000  0.000000
   C  -3.678966   5.694052   0.000000    0.000000  0.000000  0.000000
   N  -7.338226  -5.042760   0.000000    0.000000  0.000000  0.000000
   C  -6.173642  -2.889413   0.000000    0.000000  0.000000  0.000000
   C  -4.940069  -0.716689   0.000000    0.000000  0.000000  0.000000
   C  -3.698169   1.425571   0.000000    0.000000  0.000000  0.000000
   C  -2.466015   3.560923   0.000000    0.000000 -0.000000  0.000000
   C  -1.226334   5.685080   0.000000    0.000000  0.000000  0.000000
   C  -4.910090  -5.019617   0.000000    0.000000  0.000000  0.000000
   C  -3.694845  -2.860312   0.000000    0.000000  0.000000  0.000000
   C  -2.471779  -0.716540   0.000000    0.000000  0.000000  0.000000
   C  -1.232423   1.423207   0.000000    0.000000  0.000000  0.000000
   C   0.000000   3.557079   0.000000    0.000000  0.000000  0.000000
   C   1.226334   5.685080   0.000000    0.000000  0.000000  0.000000
   C  -2.457224  -5.005715   0.000000    0.000000  0.000000  0.000000
   C  -1.230705  -2.851907   0.000000    0.000000  0.000000  0.000000
   C   0.000000  -0.715809   0.000000    0.000000  0.000000  0.000000
   C   1.232423   1.423207   0.000000    0.000000  0.000000  0.000000
   N   2.466015   3.560923   0.000000    0.000000 -0.000000  0.000000
   N   3.678966   5.694052   0.000000    0.000000  0.000000  0.000000
   N   0.000000  -5.003169   0.000000    0.000000  0.000000  0.000000
   C   1.230705  -2.851907   0.000000    0.000000  0.000000  0.000000
   C   2.471779  -0.716540   0.000000    0.000000  0.000000  0.000000
   C   3.698169   1.425571   0.000000    0.000000  0.000000  0.000000
   C   4.928214   3.580071   0.000000    0.000000 -0.000000  0.000000
   C   6.138515   5.727246   0.000000    0.000000  0.000000  0.000000
   C   2.457224  -5.005715   0.000000    0.000000  0.000000  0.000000
   C   3.694845  -2.860312   0.000000    0.000000  0.000000  0.000000
   C   4.940069  -0.716689   0.000000    0.000000  0.000000  0.000000
   N   6.173475   1.431785   0.000000   -0.000000  0.000000  0.000000
   C   7.358051   3.642635   0.000000   -0.000000  0.000000  0.000000
   C   4.910090  -5.019617   0.000000    0.000000  0.000000  0.000000
   C   6.173642  -2.889413   0.000000    0.000000  0.000000  0.000000
   C   7.365228  -0.691139   0.000000    0.000000  0.000000  0.000000
   C   7.338226  -5.042760   0.000000    0.000000  0.000000  0.000000
   H   8.282184   5.591425   0.000000    0.000000 -0.000000  0.000000
   H   8.325741   3.141106   0.000000    0.000000  0.000000  0.000000
   H   8.326715   1.204661   0.000000    0.000000  0.000000  0.000000
   H   8.326715  -1.204661   0.000000    0.000000  0.000000  0.000000
   H   8.325741  -3.141106   0.000000    0.000000  0.000000  0.000000
   H   8.282184  -5.591425   0.000000    0.000000  0.000000  0.000000
   H  -8.282184   5.591425   0.000000    0.000000 -0.000000  0.000000
   H  -8.325741   3.141106   0.000000    0.000000  0.000000  0.000000
   H  -8.326715   1.204661   0.000000    0.000000  0.000000  0.000000
   H  -8.326715  -1.204661   0.000000    0.000000  0.000000  0.000000
   H  -8.325741  -3.141106   0.000000    0.000000  0.000000  0.000000
   H  -8.282184  -5.591425   0.000000    0.000000  0.000000  0.000000
   H  -6.116625   6.819427   0.000000    0.000000  0.000000  0.000000
   H  -3.672757   6.787431   0.000000    0.000000  0.000000  0.000000
   H  -1.225580   6.778408   0.000000    0.000000 -0.000000  0.000000
   H   1.225580   6.778408   0.000000    0.000000 -0.000000  0.000000
   H   3.672757   6.787431   0.000000    0.000000  0.000000  0.000000
   H   6.116625   6.819427   0.000000   -0.000000  0.000000  0.000000
   H  -6.116625  -6.819427   0.000000    0.000000  0.000000  0.000000
   H  -3.672757  -6.787431   0.000000    0.000000  0.000000  0.000000
   H  -1.225580  -6.778408   0.000000    0.000000  0.000000  0.000000
   H   1.225580  -6.778408   0.000000    0.000000  0.000000  0.000000
   H   3.672757  -6.787431   0.000000    0.000000  0.000000  0.000000
   H   6.116625  -6.819427   0.000000   -0.000000  0.000000  0.000000
converged SCF energy = -3150.5492372894
--------------- RKS_Scanner gradients ---------------
         x                y                z
0 C    -0.0034634946     0.0299524638    -0.0000000000
1 C     0.0139837237     0.0201422059    -0.0000000000
2 C    -0.0160643417     0.0392896156    -0.0000000000
3 C    -0.0339373367    -0.0151482378     0.0000000000
4 C     0.0058237083     0.0330250489    -0.0000000000
5 C    -0.0065808294     0.0223255047    -0.0000000000
6 C    -0.0136442771     0.0097818800    -0.0000000000
7 C    -0.0208207310    -0.0082928902    -0.0000000000
8 C    -0.0460824369    -0.0094334305     0.0000000000
9 C     0.0000277694    -0.0081133728     0.0000000000
10 C    -0.0256505112    -0.0036151491    -0.0000000000
11 C    -0.0059812029     0.0135997370    -0.0000000000
12 C    -0.0048724551     0.0113262276    -0.0000000000
13 C    -0.0061473730     0.0175476178     0.0000000000
14 C    -0.0401295513    -0.0193836414     0.0000000000
15 C     0.0056352054    -0.0047544522    -0.0000000000
16 N    -0.0003181226     0.0067957152     0.0000000000
17 C     0.0023075236     0.0186769321    -0.0000000000
18 C    -0.0019057433    -0.0002823216    -0.0000000000
19 C     0.0078439012    -0.0126144217     0.0000000000
20 N     0.0115993123    -0.0091375460     0.0000000000
21 C     0.0058094494    -0.0213018452    -0.0000000000
22 C     0.0188645225     0.0211057016    -0.0000000000
23 C     0.0070166116     0.0042701991    -0.0000000000
24 C    -0.0069882220     0.0102478247     0.0000000000
25 N    -0.0234141958    -0.0076901782     0.0000000000
26 C     0.0057848205     0.0141858736     0.0000000000
27 C     0.0394121620    -0.0248894661     0.0000000000
28 C     0.0092792225     0.0010029884    -0.0000000000
29 C     0.0003095923     0.0030448302     0.0000000000
30 C     0.0237494595    -0.0276827643    -0.0000000000
31 C     0.0050557545     0.0082396320    -0.0000000000
32 C     0.0043075193     0.0025275243     0.0000000000
33 C     0.0175505028     0.0004756990     0.0000000000
34 C     0.0043579417     0.0026322330     0.0000000000
35 C     0.0283116893     0.0209563727    -0.0000000000
36 C     0.0063760262     0.0243801115    -0.0000000000
37 C     0.0074681488     0.0001704774     0.0000000000
38 C    -0.0100851056     0.0103603764     0.0000000000
39 C     0.0054738594    -0.0397132558     0.0000000000
40 N    -0.0037511943    -0.0227921205    -0.0000000000
41 C     0.0113413388    -0.0237859104     0.0000000000
42 C    -0.0095120835    -0.0474893697     0.0000000000
43 N     0.0194949709    -0.0094476862     0.0000000000
44 C     0.0565874848     0.0116935508    -0.0000000000
45 N     0.0165448297    -0.0175187535     0.0000000000
46 C     0.0005208090    -0.0163469722     0.0000000000
47 C     0.0037057274    -0.0016225834     0.0000000000
48 C     0.0185441528    -0.0061835096     0.0000000000
49 C     0.0260562779     0.0079546014    -0.0000000000
50 C     0.0336443279     0.0052542999    -0.0000000000
51 C     0.0067412673     0.0076471891     0.0000000000
52 C     0.0106670606     0.0039823413     0.0000000000
53 C     0.0042704545    -0.0130238497     0.0000000000
54 C     0.0016721677    -0.0110013097     0.0000000000
55 C    -0.0193389159     0.0170481386    -0.0000000000
56 C     0.0096125549     0.0315766765    -0.0000000000
57 C    -0.0184385783    -0.0113046790     0.0000000000
58 C     0.0025502801     0.0042708851     0.0000000000
59 C    -0.0064611862    -0.0025474359     0.0000000000
60 C    -0.0012278060    -0.0109674495    -0.0000000000
61 N     0.0134696926     0.0069578938    -0.0000000000
62 N    -0.0177122245    -0.0275809080     0.0000000000
63 N    -0.0317867242     0.0056093556     0.0000000000
64 C    -0.0125167674     0.0004809435     0.0000000000
65 C    -0.0054803359    -0.0136660353     0.0000000000
66 C    -0.0192098253     0.0069541212    -0.0000000000
67 C     0.0168044171    -0.0049258402    -0.0000000000
68 C     0.0132540315     0.0027844540    -0.0000000000
69 C    -0.0133900967    -0.0058722388     0.0000000000
70 C    -0.0054953832    -0.0057312651    -0.0000000000
71 C    -0.0104129657     0.0055156953    -0.0000000000
72 N    -0.0065636249    -0.0097312050     0.0000000000
73 C     0.0025772211     0.0097505613    -0.0000000000
74 C    -0.0099417150    -0.0005603882    -0.0000000000
75 C     0.0028255251    -0.0173529974    -0.0000000000
76 C    -0.0150091438    -0.0402129695     0.0000000000
77 C     0.0005631757    -0.0132983883    -0.0000000000
78 H     0.0061230088     0.0032575797     0.0000000000
79 H     0.0069147300    -0.0028365821     0.0000000000
80 H     0.0121936675    -0.0021921145    -0.0000000000
81 H     0.0053200200    -0.0067421924    -0.0000000000
82 H     0.0054078091     0.0030632419     0.0000000000
83 H     0.0045581685    -0.0028438888     0.0000000000
84 H    -0.0110101721    -0.0019021882     0.0000000000
85 H    -0.0083760325    -0.0052463896    -0.0000000000
86 H    -0.0051996222     0.0036142567     0.0000000000
87 H    -0.0044915807    -0.0042193848    -0.0000000000
88 H    -0.0045494533     0.0111705704     0.0000000000
89 H    -0.0519751593    -0.0307735893    -0.0000000000
90 H    -0.0020345400     0.0636982992     0.0000000000
91 H     0.0027253039     0.0068970241     0.0000000000
92 H     0.0007086532     0.0055018058     0.0000000000
93 H    -0.0097349901     0.0093067919     0.0000000000
94 H     0.0089825702     0.0658423343     0.0000000000
95 H    -0.0003056368     0.0052308085     0.0000000000
96 H     0.0085445164    -0.0091649139    -0.0000000000
97 H    -0.0027912998    -0.0081086431     0.0000000000
98 H    -0.0049442526    -0.0115737995     0.0000000000
99 H     0.0087051738    -0.0089172335    -0.0000000000
100 H    -0.0003031858    -0.0058143518    -0.0000000000
101 H     0.0000721484    -0.0058429923    -0.0000000000
----------------------------------------------
cycle 1: E = -3150.54923729  dE = -3150.55  norm(grad) = 0.240681

Geometry optimization cycle 2
Cartesian coordinates (Angstrom)
 Atom        New coordinates             dX        dY        dZ
   C  -7.268180   4.957324   0.000000    0.070045 -0.085436  0.000000
   C  -7.340219   0.720017   0.000000    0.025009  0.028878  0.000000
   C  -6.113708   2.843672   0.000000    0.059934 -0.045741  0.000000
   C  -4.818473   4.929090   0.000000    0.091617 -0.090526  0.000000
   C  -7.301115  -3.558765   0.000000    0.056936  0.083871  0.000000
   C  -6.148096  -1.404897   0.000000    0.025379  0.026888  0.000000
   C  -4.907267   0.709893   0.000000    0.032802 -0.006795  0.000000
   C  -3.647925   2.834483  -0.000000    0.046920 -0.025829 -0.000000
   C  -2.392296   4.974024  -0.000000    0.064927 -0.031691 -0.000000
   C  -6.053292  -5.646361   0.000000    0.085224  0.080885  0.000000
   C  -4.868945  -3.532708   0.000000    0.059269  0.047363  0.000000
   C  -3.678334  -1.415218  -0.000000    0.019835  0.010353 -0.000000
   C  -2.461453   0.705720  -0.000000    0.010326 -0.010819 -0.000000
   C  -1.216894   2.811498  -0.000000    0.013811 -0.040409 -0.000000
   C   0.032205   4.952474  -0.000000    0.032205 -0.050695 -0.000000
   C  -3.611616  -5.623669   0.000000    0.067350  0.070383  0.000000
   N  -2.445519  -3.509436  -0.000000    0.020496  0.051486 -0.000000
   C  -1.233218  -1.414873  -0.000000   -0.000795  0.008334 -0.000000
   C  -0.005481   0.702011  -0.000000   -0.005481 -0.013798 -0.000000
   C   1.205967   2.795698  -0.000000   -0.024738 -0.056209 -0.000000
   N   2.412594   4.869610  -0.000000   -0.044629 -0.136105 -0.000000
   C  -1.193102  -5.554296  -0.000000    0.033232  0.130784 -0.000000
   C  -0.006483  -3.503280  -0.000000   -0.006483  0.053799 -0.000000
   C   1.221957  -1.408332  -0.000000   -0.010466  0.014876 -0.000000
   C   2.454605   0.694698  -0.000000   -0.017174 -0.021842 -0.000000
   N   3.661514   2.798375  -0.000000   -0.033331 -0.061937 -0.000000
   C   4.842207   4.906687   0.000000   -0.067884 -0.112930  0.000000
   C   1.182578  -5.562693  -0.000000   -0.043756  0.122387 -0.000000
   C   2.453354  -3.515114  -0.000000   -0.012661  0.045809 -0.000000
   C   3.676750  -1.411317  -0.000000   -0.021419  0.014254 -0.000000
   C   4.875125   0.715503  -0.000000   -0.064944 -0.001186 -0.000000
   C   6.087479   2.840579   0.000000   -0.086163 -0.048835  0.000000
   C   7.221168   4.959104   0.000000   -0.117058 -0.083656  0.000000
   C   3.634557  -5.646121  -0.000000   -0.044409  0.047931 -0.000000
   C   4.906814  -3.540382   0.000000   -0.021401  0.039689  0.000000
   C   6.130205  -1.405175   0.000000   -0.043270  0.026610  0.000000
   C   7.270112   0.722690   0.000000   -0.095116  0.031551  0.000000
   C   6.090919  -5.672495   0.000000   -0.047597  0.054751  0.000000
   C   7.340397  -3.587478   0.000000   -0.017654  0.055157  0.000000
   C  -7.299271   3.600900   0.000000    0.058780 -0.041735  0.000000
   N  -6.049225   5.554946   0.000000    0.089291 -0.172300  0.000000
   C  -7.338353  -0.641674   0.000000    0.026875  0.049465  0.000000
   C  -6.128003   1.439996   0.000000    0.045472  0.008211  0.000000
   N  -4.881634   3.526193   0.000000    0.046580 -0.053878  0.000000
   C  -3.653368   5.615151   0.000000    0.025598 -0.078901  0.000000
   N  -7.180071  -4.896060   0.000000    0.158154  0.146700  0.000000
   C  -6.114430  -2.832459   0.000000    0.059212  0.056955  0.000000
   C  -4.915421  -0.708122  -0.000000    0.024647  0.008567 -0.000000
   C  -3.682717   1.415301  -0.000000    0.015452 -0.010270 -0.000000
   C  -2.443144   3.530960  -0.000000    0.022870 -0.029963 -0.000000
   C  -1.194200   5.650602  -0.000000    0.032134 -0.034478 -0.000000
   C  -4.835574  -4.964442   0.000000    0.074516  0.055175  0.000000
   C  -3.664194  -2.826314  -0.000000    0.030651  0.033997 -0.000000
   C  -2.464695  -0.706489  -0.000000    0.007084  0.010050 -0.000000
   C  -1.229146   1.405781  -0.000000    0.003277 -0.017426 -0.000000
   C   0.011440   3.504986  -0.000000    0.011440 -0.052093 -0.000000
   C   1.244205   5.575530  -0.000000    0.017870 -0.109550 -0.000000
   C  -2.412699  -4.917134  -0.000000    0.044524  0.088581 -0.000000
   C  -1.226768  -2.817378  -0.000000    0.003936  0.034529 -0.000000
   C  -0.003088  -0.713660  -0.000000   -0.003088  0.002149 -0.000000
   C   1.220427   1.393783  -0.000000   -0.011996 -0.029424 -0.000000
   N   2.428460   3.461777  -0.000000   -0.037554 -0.099145 -0.000000
   N   3.620225   5.519225  -0.000000   -0.058741 -0.174827 -0.000000
   N   0.013609  -4.899801  -0.000000    0.013609  0.103367 -0.000000
   C   1.229258  -2.817129  -0.000000   -0.001447  0.034778 -0.000000
   C   2.458484  -0.710273  -0.000000   -0.013295  0.006267 -0.000000
   C   3.666670   1.392463  -0.000000   -0.031499 -0.033107 -0.000000
   C   4.857358   3.509248   0.000000   -0.070856 -0.070823  0.000000
   C   6.028555   5.641269   0.000000   -0.109961 -0.085977  0.000000
   C   2.439877  -4.941232  -0.000000   -0.017347  0.064483 -0.000000
   C   3.681763  -2.827621  -0.000000   -0.013082  0.032690 -0.000000
   C   4.907093  -0.708785  -0.000000   -0.032975  0.007904 -0.000000
   N   6.086736   1.426738   0.000000   -0.086739 -0.005047  0.000000
   C   7.267431   3.567094   0.000000   -0.090620 -0.075541  0.000000
   C   4.871989  -4.973248   0.000000   -0.038101  0.046369  0.000000
   C   6.149375  -2.843515   0.000000   -0.024267  0.045899  0.000000
   C   7.316260  -0.624621   0.000000   -0.048968  0.066518  0.000000
   C   7.280797  -4.972257   0.000000   -0.057429  0.070503  0.000000
   H   8.152056   5.512853   0.000000   -0.130128 -0.078572  0.000000
   H   8.226562   3.069230   0.000000   -0.099179 -0.071876  0.000000
   H   8.188567   1.286874   0.000000   -0.138148  0.082213  0.000000
   H   8.291075  -1.090016   0.000000   -0.035640  0.114645  0.000000
   H   8.306819  -3.100492   0.000000   -0.018921  0.040614  0.000000
   H   8.215109  -5.524068   0.000000   -0.067075  0.067357  0.000000
   H  -8.164348   5.562009   0.000000    0.117836 -0.029416  0.000000
   H  -8.260410   3.113524   0.000000    0.065331 -0.027582  0.000000
   H  -8.291633   1.235700   0.000000    0.035082  0.031038  0.000000
   H  -8.300030  -1.138879   0.000000    0.026685  0.065783  0.000000
   H  -8.288240  -3.124357   0.000000    0.037500  0.016749  0.000000
   H  -8.057823  -5.407933   0.000000    0.224361  0.183492  0.000000
   H  -6.008995   6.566626   0.000000    0.107630 -0.252800  0.000000
   H  -3.699939   6.698843   0.000000   -0.027182 -0.088588  0.000000
   H  -1.196653   6.737000  -0.000000    0.028927 -0.041408 -0.000000
   H   1.328255   6.653862  -0.000000    0.102675 -0.124546 -0.000000
   H   3.564564   6.528250   0.000000   -0.108193 -0.259181  0.000000
   H   5.991086   6.726447   0.000000   -0.125540 -0.092980  0.000000
   H  -6.114931  -6.725282   0.000000    0.001695  0.094145  0.000000
   H  -3.577631  -6.706344   0.000000    0.095126  0.081087  0.000000
   H  -1.162303  -6.632620  -0.000000    0.063277  0.145788 -0.000000
   H   1.111609  -6.642474  -0.000000   -0.113971  0.135934 -0.000000
   H   3.617132  -6.732056   0.000000   -0.055625  0.055375  0.000000
   H   6.076543  -6.757467   0.000000   -0.040082  0.061960  0.000000
converged SCF energy = -3150.63661536059
--------------- RKS_Scanner gradients ---------------
         x                y                z
0 C    -0.0080507085     0.0226366392     0.0000000000
1 C     0.0042935290     0.0149378603     0.0000000000
2 C    -0.0117577014     0.0180134374    -0.0000000000
3 C     0.0083273130     0.0128473284     0.0000000000
4 C    -0.0155871692     0.0220137194     0.0000000000
5 C    -0.0129267521     0.0132105155     0.0000000000
6 C    -0.0104567117     0.0040250775     0.0000000000
7 C    -0.0040008151    -0.0038371402     0.0000000000
8 C    -0.0119918199    -0.0025274070     0.0000000000
9 C    -0.0038215110    -0.0133359777    -0.0000000000
10 C    -0.0049203537    -0.0000738183     0.0000000000
11 C    -0.0014114980     0.0017050319     0.0000000000
12 C    -0.0019053700     0.0062478972    -0.0000000000
13 C    -0.0036528333     0.0064366441     0.0000000000
14 C    -0.0095476813    -0.0095138339     0.0000000000
15 C     0.0085465095    -0.0016435530     0.0000000000
16 N     0.0006342604     0.0037423560     0.0000000000
17 C    -0.0008161678     0.0064422353    -0.0000000000
18 C    -0.0023794535     0.0022573651    -0.0000000000
19 C    -0.0045876886    -0.0052719180     0.0000000000
20 N    -0.0079860427    -0.0009420419    -0.0000000000
21 C     0.0070759403     0.0045608905     0.0000000000
22 C     0.0039770419     0.0078216543     0.0000000000
23 C     0.0019610654     0.0008492392    -0.0000000000
24 C     0.0017883922     0.0046230368    -0.0000000000
25 N    -0.0026562787    -0.0041310637     0.0000000000
26 C     0.0105050970     0.0076362859     0.0000000000
27 C     0.0120032993     0.0025880433    -0.0000000000
28 C     0.0045895515     0.0023946837    -0.0000000000
29 C    -0.0021580226     0.0039098865     0.0000000000
30 C     0.0056195424    -0.0104631169    -0.0000000000
31 C     0.0005762170     0.0097812462    -0.0000000000
32 C    -0.0055771598    -0.0044079400     0.0000000000
33 C     0.0091730676    -0.0016616850    -0.0000000000
34 C     0.0035853020     0.0034927191     0.0000000000
35 C     0.0118949223     0.0124484916     0.0000000000
36 C    -0.0021314564     0.0090648745     0.0000000000
37 C     0.0054962742    -0.0030296477     0.0000000000
38 C     0.0016589951     0.0079474377     0.0000000000
39 C     0.0146635877    -0.0148109696    -0.0000000000
40 N    -0.0019317230    -0.0325814504    -0.0000000000
41 C     0.0109409783    -0.0077930976    -0.0000000000
42 C    -0.0019491377    -0.0254110250    -0.0000000000
43 N     0.0007632008    -0.0027347401     0.0000000000
44 C     0.0129785652    -0.0061052712     0.0000000000
45 N     0.0299408511     0.0079717358    -0.0000000000
46 C     0.0016239599    -0.0277188947    -0.0000000000
47 C     0.0011077930    -0.0033798377    -0.0000000000
48 C     0.0037275869     0.0023475147    -0.0000000000
49 C     0.0063105542     0.0046672829    -0.0000000000
50 C     0.0161215888     0.0053031576    -0.0000000000
51 C    -0.0043855691     0.0070743241     0.0000000000
52 C     0.0026960026     0.0003478611    -0.0000000000
53 C    -0.0003474716    -0.0072495050     0.0000000000
54 C     0.0002288343    -0.0046863460     0.0000000000
55 C    -0.0030971564     0.0062325252    -0.0000000000
56 C     0.0049257951     0.0131229640    -0.0000000000
57 C    -0.0108908985    -0.0090083774    -0.0000000000
58 C     0.0034016352    -0.0014519226    -0.0000000000
59 C    -0.0020065241    -0.0016108009     0.0000000000
60 C     0.0038996505    -0.0009137099    -0.0000000000
61 N     0.0080271964    -0.0022929816     0.0000000000
62 N    -0.0068839982    -0.0152904882     0.0000000000
63 N    -0.0140597446    -0.0051363115    -0.0000000000
64 C    -0.0045094687    -0.0013519079    -0.0000000000
65 C     0.0001430175    -0.0062784221     0.0000000000
66 C    -0.0081487114     0.0008207149     0.0000000000
67 C     0.0024783685     0.0002231612    -0.0000000000
68 C     0.0004940991     0.0011394713    -0.0000000000
69 C    -0.0058201700    -0.0031968274     0.0000000000
70 C    -0.0031425359    -0.0049673322    -0.0000000000
71 C    -0.0041069285     0.0030284764    -0.0000000000
72 N    -0.0043336954    -0.0039967851     0.0000000000
73 C     0.0019417415    -0.0020169966    -0.0000000000
74 C    -0.0072320112     0.0022444722    -0.0000000000
75 C     0.0029153701    -0.0135041709    -0.0000000000
76 C    -0.0068617778    -0.0099283016    -0.0000000000
77 C    -0.0086886093    -0.0022723953    -0.0000000000
78 H     0.0003404463    -0.0001282836    -0.0000000000
79 H     0.0020635352    -0.0032781427     0.0000000000
80 H     0.0035774511    -0.0005523481    -0.0000000000
81 H     0.0006619618    -0.0004722587     0.0000000000
82 H     0.0014824087     0.0003132737     0.0000000000
83 H    -0.0000147589     0.0005752406     0.0000000000
84 H    -0.0043706651    -0.0034326056     0.0000000000
85 H    -0.0021523488     0.0002990654     0.0000000000
86 H    -0.0016117185     0.0015660246     0.0000000000
87 H    -0.0001911738     0.0003304161    -0.0000000000
88 H    -0.0008084879     0.0044753386     0.0000000000
89 H    -0.0060218553    -0.0017118416     0.0000000000
90 H    -0.0003966834     0.0072690213     0.0000000000
91 H     0.0009811423     0.0003815540    -0.0000000000
92 H    -0.0002822638     0.0011791118     0.0000000000
93 H    -0.0047014667     0.0011400155     0.0000000000
94 H     0.0040531181     0.0089967327    -0.0000000000
95 H    -0.0006981461     0.0015931066     0.0000000000
96 H     0.0057907139    -0.0027435108    -0.0000000000
97 H    -0.0010334214    -0.0015119444     0.0000000000
98 H    -0.0017200788    -0.0009615109    -0.0000000000
99 H     0.0024032295    -0.0004752528     0.0000000000
100 H    -0.0007559602    -0.0012929858    -0.0000000000
101 H    -0.0009255215    -0.0012394066     0.0000000000
----------------------------------------------
cycle 2: E = -3150.63661536  dE = -0.0873781  norm(grad) = 0.109983

Geometry optimization cycle 3
Cartesian coordinates (Angstrom)
 Atom        New coordinates             dX        dY        dZ
   C  -7.127720   4.956935   0.000000    0.140460 -0.000389 -0.000000
   C  -7.304607   0.672393   0.000000    0.035612 -0.047624  0.000000
   C  -6.091642   2.824879   0.000000    0.022066 -0.018794  0.000000
   C  -4.823387   4.907691  -0.000000   -0.004914 -0.021399 -0.000000
   C  -7.221272  -3.677621   0.000000    0.079843 -0.118856  0.000000
   C  -6.123332  -1.419270   0.000000    0.024765 -0.014373  0.000000
   C  -4.881356   0.709115   0.000000    0.025910 -0.000778  0.000000
   C  -3.632077   2.823540  -0.000000    0.015848 -0.010943 -0.000000
   C  -2.389100   4.946217  -0.000000    0.003196 -0.027806 -0.000000
   C  -6.063670  -5.595908   0.000000   -0.010379  0.050454  0.000000
   C  -4.848055  -3.507458   0.000000    0.020889  0.025250  0.000000
   C  -3.662119  -1.405930  -0.000000    0.016215  0.009288 -0.000000
   C  -2.444097   0.698738  -0.000000    0.017356 -0.006982 -0.000000
   C  -1.201709   2.787635  -0.000000    0.015184 -0.023864 -0.000000
   C   0.043693   4.932078  -0.000000    0.011488 -0.020396 -0.000000
   C  -3.608769  -5.581498  -0.000000    0.002847  0.042171 -0.000000
   N  -2.444430  -3.490986  -0.000000    0.001088  0.018451 -0.000000
   C  -1.226443  -1.414627  -0.000000    0.006774  0.000246 -0.000000
   C   0.007521   0.699470  -0.000000    0.013002 -0.002541 -0.000000
   C   1.216766   2.792254  -0.000000    0.010799 -0.003444 -0.000000
   N   2.433138   4.845425  -0.000000    0.020543 -0.024184 -0.000000
   C  -1.192300  -5.518016  -0.000000    0.000802  0.036280 -0.000000
   C  -0.019005  -3.490785  -0.000000   -0.012522  0.012495 -0.000000
   C   1.220972  -1.396340  -0.000000   -0.000985  0.011992 -0.000000
   C   2.459885   0.700922  -0.000000    0.005280  0.006224  0.000000
   N   3.657647   2.792947   0.000000   -0.003867 -0.005428  0.000000
   C   4.805338   4.873808   0.000000   -0.036868 -0.032879  0.000000
   C   1.146395  -5.535141  -0.000000   -0.036184  0.027552 -0.000000
   C   2.428994  -3.494458  -0.000000   -0.024360  0.020656 -0.000000
   C   3.668190  -1.394532  -0.000000   -0.008559  0.016785  0.000000
   C   4.869694   0.737100   0.000000   -0.005430  0.021597  0.000000
   C   6.071195   2.833970   0.000000   -0.016284 -0.006609  0.000000
   C   7.205546   4.984048   0.000000   -0.015622  0.024945  0.000000
   C   3.598563  -5.614043  -0.000000   -0.035994  0.032078 -0.000000
   C   4.868269  -3.527375   0.000000   -0.038545  0.013007 -0.000000
   C   6.099409  -1.400581   0.000000   -0.030796  0.004594  0.000000
   C   7.253666   0.718071   0.000000   -0.016446 -0.004620  0.000000
   C   6.075022  -5.639387   0.000000   -0.015897  0.033108 -0.000000
   C   7.290795  -3.586180   0.000000   -0.049603  0.001298  0.000000
   C  -7.264023   3.626668   0.000000    0.035248  0.025767  0.000000
   N  -5.970488   5.651835  -0.000000    0.078737  0.096889 -0.000000
   C  -7.339157  -0.676830   0.000000   -0.000804 -0.035156  0.000000
   C  -6.107965   1.446894   0.000000    0.020038  0.006897  0.000000
   N  -4.869162   3.510110  -0.000000    0.012472 -0.016083 -0.000000
   C  -3.670135   5.576444  -0.000000   -0.016766 -0.038707 -0.000000
   N  -7.261590  -4.992081   0.000000   -0.081518 -0.096022  0.000000
   C  -6.105605  -2.828037   0.000000    0.008825  0.004422  0.000000
   C  -4.900592  -0.704995   0.000000    0.014829  0.003126  0.000000
   C  -3.666192   1.407902  -0.000000    0.016525 -0.007399 -0.000000
   C  -2.434853   3.504340  -0.000000    0.008291 -0.026620 -0.000000
   C  -1.206439   5.612563  -0.000000   -0.012239 -0.038039 -0.000000
   C  -4.832029  -4.937764   0.000000    0.003545  0.026678  0.000000
   C  -3.655344  -2.807862  -0.000000    0.008850  0.018452  0.000000
   C  -2.451543  -0.699513  -0.000000    0.013152  0.006976 -0.000000
   C  -1.215059   1.396430  -0.000000    0.014087 -0.009351 -0.000000
   C   0.024059   3.482293  -0.000000    0.012619 -0.022692 -0.000000
   C   1.259257   5.510446  -0.000000    0.015052 -0.065083 -0.000000
   C  -2.400154  -4.880847  -0.000000    0.012545  0.036286 -0.000000
   C  -1.232959  -2.806363  -0.000000   -0.006190  0.011015 -0.000000
   C   0.002028  -0.709933  -0.000000    0.005117  0.003727 -0.000000
   C   1.225602   1.396515  -0.000000    0.005176  0.002732 -0.000000
   N   2.427818   3.452104  -0.000000   -0.000642 -0.009673 -0.000000
   N   3.615784   5.516599   0.000000   -0.004441 -0.002626  0.000000
   N   0.012165  -4.867356  -0.000000   -0.001444  0.032445 -0.000000
   C   1.216261  -2.799429  -0.000000   -0.012997  0.017699 -0.000000
   C   2.454565  -0.692582  -0.000000   -0.003919  0.017690 -0.000000
   C   3.673007   1.396859   0.000000    0.006337  0.004395  0.000000
   C   4.839580   3.490951   0.000000   -0.017778 -0.018297  0.000000
   C   5.985927   5.609961   0.000000   -0.042628 -0.031308  0.000000
   C   2.410753  -4.913861  -0.000000   -0.029124  0.027371 -0.000000
   C   3.657019  -2.804601  -0.000000   -0.024743  0.023021 -0.000000
   C   4.894895  -0.692800   0.000000   -0.012198  0.015984  0.000000
   N   6.085160   1.433106   0.000000   -0.001577  0.006368  0.000000
   C   7.230152   3.592593   0.000000   -0.037279  0.025500  0.000000
   C   4.852469  -4.957035  -0.000000   -0.019520  0.016213 -0.000000
   C   6.105892  -2.824015   0.000000   -0.043483  0.019500  0.000000
   C   7.300163  -0.614661   0.000000   -0.016097  0.009960  0.000000
   C   7.283643  -4.964699   0.000000    0.002846  0.007558 -0.000000
   H   8.124574   5.552240   0.000000   -0.027481  0.039387  0.000000
   H   8.191310   3.115711   0.000000   -0.035252  0.046481  0.000000
   H   8.155449   1.294679   0.000000   -0.033118  0.007805  0.000000
   H   8.273274  -1.074681   0.000000   -0.017801  0.015335  0.000000
   H   8.246168  -3.087171   0.000000   -0.060651  0.013321  0.000000
   H   8.219302  -5.511666   0.000000    0.004192  0.012402 -0.000000
   H  -7.994550   5.593696   0.000000    0.169799  0.031687 -0.000000
   H  -8.241959   3.188505   0.000000    0.018451  0.074981  0.000000
   H  -8.256599   1.175417   0.000000    0.035033 -0.060282  0.000000
   H  -8.299950  -1.171418   0.000000    0.000081 -0.032539  0.000000
   H  -8.211992  -3.269534   0.000000    0.076248 -0.145176  0.000000
   H  -8.109365  -5.496638   0.000000   -0.051542 -0.088705  0.000000
   H  -5.913956   6.630147  -0.000000    0.095039  0.063520 -0.000000
   H  -3.730441   6.656620  -0.000000   -0.030502 -0.042223 -0.000000
   H  -1.217503   6.695209  -0.000000   -0.020850 -0.041791 -0.000000
   H   1.389813   6.579793  -0.000000    0.061558 -0.074069 -0.000000
   H   3.528653   6.487515   0.000000   -0.035911 -0.040735  0.000000
   H   5.927213   6.689900   0.000000   -0.063873 -0.036547  0.000000
   H  -6.122798  -6.668060   0.000000   -0.007868  0.057222  0.000000
   H  -3.562508  -6.658681  -0.000000    0.015122  0.047663 -0.000000
   H  -1.146432  -6.590513  -0.000000    0.015870  0.042107 -0.000000
   H   1.037967  -6.608329  -0.000000   -0.073642  0.034145 -0.000000
   H   3.578677  -6.695935  -0.000000   -0.038455  0.036121 -0.000000
   H   6.061006  -6.720451   0.000000   -0.015538  0.037015 -0.000000
converged SCF energy = -3150.6189850912
--------------- RKS_Scanner gradients ---------------
         x                y                z
0 C     0.0333511417    -0.0288361130    -0.0000000000
1 C     0.0108577792    -0.0066263997     0.0000000000
2 C    -0.0002139795     0.0081233635    -0.0000000000
3 C    -0.0216498243    -0.0019078983     0.0000000000
4 C     0.0538936993    -0.0386235140    -0.0000000000
5 C     0.0107620372     0.0061054647     0.0000000000
6 C    -0.0007530718     0.0023569705    -0.0000000000
7 C     0.0006741153    -0.0020468094    -0.0000000000
8 C     0.0038251216     0.0018556124    -0.0000000000
9 C    -0.0060599826     0.0479591956    -0.0000000000
10 C     0.0010698193     0.0039652846    -0.0000000000
11 C     0.0022801348    -0.0024375785     0.0000000000
12 C     0.0010419143    -0.0012299631     0.0000000000
13 C    -0.0007399892    -0.0036413589    -0.0000000000
14 C     0.0071743748     0.0039495826    -0.0000000000
15 C     0.0003165528     0.0067313174     0.0000000000
16 N    -0.0039124647    -0.0018123570     0.0000000000
17 C    -0.0003580198    -0.0031009388     0.0000000000
18 C     0.0008727421     0.0005392256     0.0000000000
19 C    -0.0005355708     0.0001289889    -0.0000000000
20 N     0.0099671749     0.0064089149    -0.0000000000
21 C     0.0039178419     0.0084954586    -0.0000000000
22 C    -0.0035870058    -0.0061139056     0.0000000000
23 C     0.0008605194    -0.0002306267     0.0000000000
24 C     0.0054627107     0.0013362852    -0.0000000000
25 N     0.0064816922     0.0028134019    -0.0000000000
26 C    -0.0132309990    -0.0067778858    -0.0000000000
27 C    -0.0103290017     0.0075470566     0.0000000000
28 C     0.0022041103     0.0000175283     0.0000000000
29 C     0.0001670127     0.0024808320    -0.0000000000
30 C    -0.0026450631     0.0053961881     0.0000000000
31 C    -0.0061089584    -0.0024275015     0.0000000000
32 C     0.0090407416     0.0038055787    -0.0000000000
33 C    -0.0004134512     0.0041318041     0.0000000000
34 C    -0.0025682268    -0.0010790193    -0.0000000000
35 C    -0.0020341195     0.0014744481    -0.0000000000
36 C    -0.0034847576    -0.0037762495     0.0000000000
37 C     0.0035543334     0.0082075587     0.0000000000
38 C    -0.0084332076    -0.0026124191    -0.0000000000
39 C    -0.0135421441     0.0002482928     0.0000000000
40 N     0.0104415490     0.0556742795    -0.0000000000
41 C    -0.0081338544    -0.0057451869    -0.0000000000
42 C    -0.0013266955     0.0048588203     0.0000000000
43 N     0.0095017230    -0.0077733641     0.0000000000
44 C    -0.0211174243    -0.0071473254     0.0000000000
45 N    -0.0633275119    -0.0301202581     0.0000000000
46 C    -0.0161086056     0.0179925461    -0.0000000000
47 C    -0.0007899124     0.0014945098    -0.0000000000
48 C     0.0004987840     0.0048998452     0.0000000000
49 C    -0.0010129358    -0.0015723585     0.0000000000
50 C    -0.0042154147    -0.0045907572     0.0000000000
51 C     0.0093554732    -0.0072967298    -0.0000000000
52 C    -0.0012516155     0.0019583948    -0.0000000000
53 C    -0.0007054824     0.0004121998    -0.0000000000
54 C     0.0000307052     0.0003550770    -0.0000000000
55 C     0.0051423572    -0.0017205230     0.0000000000
56 C    -0.0009276378    -0.0149062740     0.0000000000
57 C     0.0072929213    -0.0022012144    -0.0000000000
58 C     0.0005414291    -0.0003817143    -0.0000000000
59 C    -0.0002530114    -0.0001339578    -0.0000000000
60 C    -0.0013339777     0.0040578305     0.0000000000
61 N    -0.0085121829     0.0017615029     0.0000000000
62 N    -0.0003663956     0.0242497185     0.0000000000
63 N     0.0060261270    -0.0037635945    -0.0000000000
64 C    -0.0015372789    -0.0001255949    -0.0000000000
65 C     0.0006765334     0.0009645225    -0.0000000000
66 C     0.0037695018    -0.0021774815     0.0000000000
67 C     0.0046200311    -0.0014875436    -0.0000000000
68 C    -0.0052957544    -0.0103754924     0.0000000000
69 C    -0.0056306285     0.0014781674    -0.0000000000
70 C    -0.0023628003     0.0016530329     0.0000000000
71 C    -0.0010580119     0.0012006924    -0.0000000000
72 N     0.0032457354    -0.0013760294    -0.0000000000
73 C    -0.0070524223     0.0033033974     0.0000000000
74 C    -0.0007706523    -0.0028804331     0.0000000000
75 C    -0.0007743747     0.0025481932     0.0000000000
76 C    -0.0002138145     0.0065744445    -0.0000000000
77 C     0.0084664652    -0.0065891498     0.0000000000
78 H    -0.0003042067     0.0000989814     0.0000000000
79 H    -0.0032760114     0.0026206242    -0.0000000000
80 H    -0.0031448102    -0.0021395506    -0.0000000000
81 H    -0.0013201567     0.0015593386     0.0000000000
82 H    -0.0021365713    -0.0023581046     0.0000000000
83 H     0.0004953674     0.0000039415    -0.0000000000
84 H     0.0071697762    -0.0011239084    -0.0000000000
85 H     0.0021486123     0.0007958828    -0.0000000000
86 H     0.0030912335    -0.0040892984     0.0000000000
87 H    -0.0002953323     0.0012759239     0.0000000000
88 H     0.0054311844    -0.0102772563    -0.0000000000
89 H     0.0148206027     0.0081292592    -0.0000000000
90 H     0.0000093307    -0.0199318096     0.0000000000
91 H    -0.0015846716    -0.0018875021     0.0000000000
92 H    -0.0008781470    -0.0020347086     0.0000000000
93 H     0.0009762352    -0.0043989581    -0.0000000000
94 H     0.0018965469    -0.0256434522    -0.0000000000
95 H     0.0006283717    -0.0025778461    -0.0000000000
96 H    -0.0046248390     0.0062663576     0.0000000000
97 H    -0.0003614723     0.0024717534    -0.0000000000
98 H     0.0003890664     0.0027107949    -0.0000000000
99 H    -0.0018919120     0.0020803857     0.0000000000
100 H    -0.0002935915     0.0019858833     0.0000000000
101 H     0.0003447859     0.0025530140    -0.0000000000
----------------------------------------------
cycle 3: E = -3150.61898509  dE = 0.0176303  norm(grad) = 0.155034

Geometry optimization cycle 4
Cartesian coordinates (Angstrom)
 Atom        New coordinates             dX        dY        dZ
   C  -7.208119   4.965170   0.000000   -0.080398  0.008235 -0.000000
   C  -7.324007   0.695011   0.000000   -0.019400  0.022618  0.000000
   C  -6.103099   2.831067   0.000000   -0.011457  0.006189  0.000000
   C  -4.827480   4.916709  -0.000000   -0.004093  0.009018 -0.000000
   C  -7.264996  -3.609575   0.000000   -0.043724  0.068046  0.000000
   C  -6.129502  -1.412876   0.000000   -0.006170  0.006394  0.000000
   C  -4.887977   0.708535   0.000000   -0.006621 -0.000581  0.000000
   C  -3.641013   2.829275  -0.000000   -0.008936  0.005734  0.000000
   C  -2.395919   4.958829  -0.000000   -0.006819  0.012612  0.000000
   C  -6.059897  -5.632960   0.000000    0.003773 -0.037053  0.000000
   C  -4.857254  -3.524238   0.000000   -0.009198 -0.016781  0.000000
   C  -3.665737  -1.413547  -0.000000   -0.003618 -0.007617  0.000000
   C  -2.447873   0.698159  -0.000000   -0.003775 -0.000579  0.000000
   C  -1.205773   2.795563  -0.000000   -0.004064  0.007929  0.000000
   C   0.039408   4.944824  -0.000000   -0.004285  0.012746  0.000000
   C  -3.611851  -5.603613  -0.000000   -0.003082 -0.022115  0.000000
   N  -2.443122  -3.504249  -0.000000    0.001308 -0.013264  0.000000
   C  -1.225383  -1.420243  -0.000000    0.001061 -0.005617  0.000000
   C   0.005893   0.698144  -0.000000   -0.001629 -0.001326  0.000000
   C   1.217466   2.797137  -0.000000    0.000700  0.004883  0.000000
   N   2.430956   4.856587  -0.000000   -0.002181  0.011162  0.000000
   C  -1.193834  -5.543048  -0.000000   -0.001534 -0.025032  0.000000
   C  -0.012474  -3.503021  -0.000000    0.006531 -0.012236  0.000000
   C   1.224801  -1.404532  -0.000000    0.003829 -0.008192  0.000000
   C   2.460269   0.697590  -0.000000    0.000384 -0.003332  0.000000
   N   3.662762   2.798570   0.000000    0.005115  0.005623  0.000000
   C   4.822134   4.893036   0.000000    0.016796  0.019228  0.000000
   C   1.160024  -5.559056  -0.000000    0.013629 -0.023915  0.000000
   C   2.439204  -3.509087  -0.000000    0.010210 -0.014629  0.000000
   C   3.676083  -1.404388  -0.000000    0.007893 -0.009856  0.000000
   C   4.877838   0.732657   0.000000    0.008143 -0.004443  0.000000
   C   6.085096   2.838178   0.000000    0.013901  0.004208  0.000000
   C   7.213553   4.986444   0.000000    0.008007  0.002396  0.000000
   C   3.612215  -5.632925  -0.000000    0.013652 -0.018882  0.000000
   C   4.883813  -3.538456   0.000000    0.015544 -0.011081  0.000000
   C   6.111726  -1.408311   0.000000    0.012317 -0.007729  0.000000
   C   7.268233   0.714914   0.000000    0.014568 -0.003156  0.000000
   C   6.082352  -5.657476   0.000000    0.007330 -0.018089 -0.000000
   C   7.310717  -3.589010   0.000000    0.019923 -0.002830 -0.000000
   C  -7.285763   3.625004   0.000000   -0.021739 -0.001663 -0.000000
   N  -6.017761   5.611866  -0.000000   -0.047273 -0.039969 -0.000000
   C  -7.338679  -0.656806   0.000000    0.000478  0.020024  0.000000
   C  -6.115357   1.450853   0.000000   -0.007392  0.003959  0.000000
   N  -4.879864   3.519521  -0.000000   -0.010702  0.009411  0.000000
   C  -3.670079   5.601492  -0.000000    0.000055  0.025048 -0.000000
   N  -7.215750  -4.935175   0.000000    0.045840  0.056906  0.000000
   C  -6.106652  -2.821189   0.000000   -0.001046  0.006848  0.000000
   C  -4.902920  -0.706811   0.000000   -0.002328 -0.001815  0.000000
   C  -3.671390   1.408361  -0.000000   -0.005198  0.000459  0.000000
   C  -2.440931   3.513675  -0.000000   -0.006079  0.009335  0.000000
   C  -1.209564   5.625677  -0.000000   -0.003125  0.013115  0.000000
   C  -4.837080  -4.959631   0.000000   -0.005051 -0.021866  0.000000
   C  -3.658441  -2.821961  -0.000000   -0.003097 -0.014099  0.000000
   C  -2.452919  -0.704546  -0.000000   -0.001375 -0.005033  0.000000
   C  -1.217932   1.399110  -0.000000   -0.002873  0.002680  0.000000
   C   0.021132   3.491743  -0.000000   -0.002927  0.009449  0.000000
   C   1.256750   5.534022  -0.000000   -0.002507  0.023576  0.000000
   C  -2.403702  -4.898985  -0.000000   -0.003548 -0.018138  0.000000
   C  -1.229673  -2.816339  -0.000000    0.003286 -0.009975  0.000000
   C   0.004051  -0.714625  -0.000000    0.002023 -0.004691  0.000000
   C   1.225455   1.396128  -0.000000   -0.000147 -0.000386  0.000000
   N   2.431862   3.458959  -0.000000    0.004044  0.006855  0.000000
   N   3.620676   5.527473   0.000000    0.004891  0.010874  0.000000
   N   0.015859  -4.887319  -0.000000    0.003694 -0.019964  0.000000
   C   1.224429  -2.811166  -0.000000    0.008168 -0.011737  0.000000
   C   2.459582  -0.700121  -0.000000    0.005017 -0.007539  0.000000
   C   3.676049   1.397219   0.000000    0.003043  0.000360  0.000000
   C   4.850052   3.501952   0.000000    0.010472  0.011001  0.000000
   C   6.004167   5.634114   0.000000    0.018240  0.024153  0.000000
   C   2.423638  -4.932154  -0.000000    0.012885 -0.018293  0.000000
   C   3.669112  -2.817312  -0.000000    0.012093 -0.012711  0.000000
   C   4.904416  -0.700075   0.000000    0.009520 -0.007274  0.000000
   N   6.095626   1.432341   0.000000    0.010467 -0.000766  0.000000
   C   7.249025   3.593214   0.000000    0.018872  0.000621  0.000000
   C   4.862970  -4.970206  -0.000000    0.010501 -0.013170 -0.000000
   C   6.121882  -2.832656   0.000000    0.015990 -0.008641 -0.000000
   C   7.312790  -0.623259   0.000000    0.012626 -0.008598  0.000000
   C   7.284240  -4.968411   0.000000    0.000597 -0.003712 -0.000000
   H   8.136073   5.550191   0.000000    0.011499 -0.002049  0.000000
   H   8.212814   3.116407   0.000000    0.021504  0.000696  0.000000
   H   8.172967   1.291379   0.000000    0.017518 -0.003300  0.000000
   H   8.285896  -1.086724   0.000000    0.012622 -0.012043  0.000000
   H   8.269150  -3.091918   0.000000    0.022981 -0.004747 -0.000000
   H   8.219149  -5.517162   0.000000   -0.000153 -0.005496 -0.000000
   H  -8.081332   5.599418   0.000000   -0.086783  0.005722 -0.000000
   H  -8.253271   3.160186   0.000000   -0.011313 -0.028320 -0.000000
   H  -8.276568   1.202465   0.000000   -0.019969  0.027047  0.000000
   H  -8.297947  -1.155725   0.000000    0.002002  0.015693  0.000000
   H  -8.258749  -3.196152   0.000000   -0.046757  0.073382  0.000000
   H  -8.076678  -5.442255   0.000000    0.032687  0.054384  0.000000
   H  -5.964206   6.604606  -0.000000   -0.050250 -0.025541 -0.000000
   H  -3.726993   6.683260  -0.000000    0.003448  0.026640 -0.000000
   H  -1.218213   6.709685  -0.000000   -0.000710  0.014476  0.000000
   H   1.385147   6.606404  -0.000000   -0.004666  0.026611  0.000000
   H   3.530025   6.515274   0.000000    0.001372  0.027760  0.000000
   H   5.952901   6.715998   0.000000    0.025688  0.026098  0.000000
   H  -6.145792  -6.706787   0.000000   -0.022994 -0.038727  0.000000
   H  -3.563795  -6.682470   0.000000   -0.001287 -0.023789  0.000000
   H  -1.150492  -6.617828  -0.000000   -0.004059 -0.027315  0.000000
   H   1.058469  -6.634535  -0.000000    0.020502 -0.026206  0.000000
   H   3.595356  -6.716202  -0.000000    0.016679 -0.020267 -0.000000
   H   6.072030  -6.740198  -0.000000    0.011024 -0.019747 -0.000000
converged SCF energy = -3150.64426977248
--------------- RKS_Scanner gradients ---------------
         x                y                z
0 C     0.0082044287    -0.0068953115    -0.0000000000
1 C     0.0041732421     0.0000319323    -0.0000000000
2 C    -0.0018061650     0.0018901722    -0.0000000000
3 C    -0.0055249530    -0.0008251596    -0.0000000000
4 C     0.0141831302    -0.0059450820     0.0000000000
5 C     0.0021361851     0.0037705794    -0.0000000000
6 C    -0.0014929766     0.0011428063    -0.0000000000
7 C    -0.0011088391    -0.0010719156     0.0000000000
8 C     0.0002957031     0.0011621257    -0.0000000000
9 C     0.0006560370     0.0086135320    -0.0000000000
10 C     0.0015257284     0.0015464971    -0.0000000000
11 C     0.0013207782    -0.0009833618    -0.0000000000
12 C     0.0005034828    -0.0002167729     0.0000000000
13 C    -0.0007079675    -0.0014904243    -0.0000000000
14 C     0.0023730266     0.0018790986    -0.0000000000
15 C     0.0014660109     0.0023118404     0.0000000000
16 N    -0.0010850029    -0.0003409846    -0.0000000000
17 C     0.0002728818    -0.0007532145    -0.0000000000
18 C     0.0006389018     0.0002271470    -0.0000000000
19 C     0.0000710249     0.0001391759    -0.0000000000
20 N     0.0053804326     0.0030302497    -0.0000000000
21 C     0.0032605048     0.0028518163     0.0000000000
22 C    -0.0012541557    -0.0014953177    -0.0000000000
23 C     0.0008098643    -0.0001980580    -0.0000000000
24 C     0.0024823566     0.0008542673    -0.0000000000
25 N     0.0025006848     0.0014444323    -0.0000000000
26 C    -0.0053839237    -0.0024547971    -0.0000000000
27 C    -0.0027337627     0.0014366176     0.0000000000
28 C     0.0020238576    -0.0001737080    -0.0000000000
29 C     0.0001754698     0.0011958810     0.0000000000
30 C     0.0003326768     0.0021741728     0.0000000000
31 C    -0.0027677931    -0.0012344070     0.0000000000
32 C     0.0041673715     0.0014560450    -0.0000000000
33 C     0.0005781140     0.0019425798     0.0000000000
34 C    -0.0010641596    -0.0005346174    -0.0000000000
35 C    -0.0002052095     0.0006709608    -0.0000000000
36 C    -0.0014593505    -0.0007594730    -0.0000000000
37 C     0.0022553378     0.0030623058    -0.0000000000
38 C    -0.0038607516     0.0002788497    -0.0000000000
39 C    -0.0014581554    -0.0002773139     0.0000000000
40 N     0.0017026135     0.0169979017    -0.0000000000
41 C    -0.0018469097    -0.0035884197    -0.0000000000
42 C     0.0003726325     0.0007136815     0.0000000000
43 N     0.0022629904    -0.0038109904    -0.0000000000
44 C    -0.0052108720    -0.0009683126     0.0000000000
45 N    -0.0173871857    -0.0082303142     0.0000000000
46 C    -0.0061917868     0.0035019010     0.0000000000
47 C    -0.0006730922    -0.0005274418     0.0000000000
48 C     0.0012317147     0.0021025036    -0.0000000000
49 C     0.0011705175    -0.0005462255    -0.0000000000
50 C    -0.0020515455    -0.0030355334     0.0000000000
51 C    -0.0002587825    -0.0020043797    -0.0000000000
52 C     0.0002844440     0.0004674815    -0.0000000000
53 C    -0.0002236657    -0.0001423893     0.0000000000
54 C    -0.0001087419    -0.0002876056     0.0000000000
55 C     0.0018805153    -0.0003739876     0.0000000000
56 C     0.0005159245    -0.0066552119     0.0000000000
57 C     0.0010215876    -0.0014055642    -0.0000000000
58 C    -0.0001216736    -0.0007607171     0.0000000000
59 C    -0.0005709967    -0.0003600645     0.0000000000
60 C    -0.0013766853     0.0017811205     0.0000000000
61 N    -0.0032387319     0.0009217200     0.0000000000
62 N    -0.0005526623     0.0085982493     0.0000000000
63 N     0.0011031427    -0.0017528178     0.0000000000
64 C    -0.0011200715     0.0001052224     0.0000000000
65 C     0.0001471459    -0.0001718401    -0.0000000000
66 C     0.0004016116    -0.0006078212    -0.0000000000
67 C     0.0019988968    -0.0015654030    -0.0000000000
68 C    -0.0024348497    -0.0034467241     0.0000000000
69 C    -0.0033363322     0.0008710312    -0.0000000000
70 C    -0.0013612223     0.0005816866    -0.0000000000
71 C    -0.0006152385     0.0007236798    -0.0000000000
72 N     0.0019725703    -0.0011548718    -0.0000000000
73 C    -0.0023862229     0.0016657464     0.0000000000
74 C    -0.0008464023    -0.0015180276     0.0000000000
75 C     0.0000832529     0.0006396592     0.0000000000
76 C    -0.0003664801     0.0011709352     0.0000000000
77 C     0.0028599529    -0.0033822950     0.0000000000
78 H    -0.0003974406     0.0000782288     0.0000000000
79 H    -0.0016175014     0.0013232164    -0.0000000000
80 H    -0.0015187820    -0.0012688418     0.0000000000
81 H    -0.0004853294     0.0007024452    -0.0000000000
82 H    -0.0007380056    -0.0009476127    -0.0000000000
83 H     0.0000806774     0.0002022249    -0.0000000000
84 H     0.0017794683    -0.0001616928    -0.0000000000
85 H     0.0010889342     0.0011686677     0.0000000000
86 H     0.0008163674    -0.0016835690    -0.0000000000
87 H    -0.0000804966     0.0007936189     0.0000000000
88 H     0.0007457714    -0.0022831241    -0.0000000000
89 H     0.0059979630     0.0034236935    -0.0000000000
90 H    -0.0001302632    -0.0070646236     0.0000000000
91 H    -0.0006853812    -0.0004297343     0.0000000000
92 H    -0.0006337579    -0.0010209035     0.0000000000
93 H     0.0005631735    -0.0018521425     0.0000000000
94 H     0.0005701760    -0.0079126345     0.0000000000
95 H     0.0003241368    -0.0008535943    -0.0000000000
96 H    -0.0006643671     0.0011147076    -0.0000000000
97 H    -0.0002922489     0.0011009149    -0.0000000000
98 H     0.0000522194     0.0009928035    -0.0000000000
99 H    -0.0010627938     0.0007169452     0.0000000000
100 H    -0.0002894540     0.0008580654    -0.0000000000
101 H    -0.0000592709     0.0009296396     0.0000000000
----------------------------------------------
cycle 4: E = -3150.64426977  dE = -0.0252847  norm(grad) = 0.0443695

Geometry optimization cycle 5
Cartesian coordinates (Angstrom)
 Atom        New coordinates             dX        dY        dZ
   C  -7.242506   4.946812   0.000000   -0.034388 -0.018358  0.000000
   C  -7.337303   0.705075   0.000000   -0.013297  0.010063  0.000000
   C  -6.104145   2.833100   0.000000   -0.001047  0.002033  0.000000
   C  -4.823404   4.922422   0.000000    0.004076  0.005713  0.000000
   C  -7.283192  -3.589340   0.000000   -0.018196  0.020235 -0.000000
   C  -6.132643  -1.413091   0.000000   -0.003141 -0.000215 -0.000000
   C  -4.891477   0.709918   0.000000   -0.003499  0.001383  0.000000
   C  -3.641200   2.839575   0.000000   -0.000187  0.010301  0.000000
   C  -2.389077   4.977069   0.000000    0.006842  0.018241  0.000000
   C  -6.069361  -5.621522   0.000000   -0.009464  0.011439 -0.000000
   C  -4.860224  -3.529387   0.000000   -0.002970 -0.005148 -0.000000
   C  -3.668551  -1.411767   0.000000   -0.002814  0.001780  0.000000
   C  -2.451262   0.705309   0.000000   -0.003389  0.007150  0.000000
   C  -1.206808   2.809691   0.000000   -0.001035  0.014128  0.000000
   C   0.038797   4.962822   0.000000   -0.000611  0.017998  0.000000
   C  -3.614519  -5.616781   0.000000   -0.002668 -0.013168  0.000000
   N  -2.442482  -3.504872   0.000000    0.000640 -0.000623  0.000000
   C  -1.226195  -1.416765   0.000000   -0.000812  0.003478  0.000000
   C   0.002260   0.702218   0.000000   -0.003633  0.004074  0.000000
   C   1.214634   2.800939   0.000000   -0.002832  0.003802  0.000000
   N   2.418466   4.859968  -0.000000   -0.012491  0.003381 -0.000000
   C  -1.198098  -5.550221  -0.000000   -0.004264 -0.007173  0.000000
   C  -0.007749  -3.503944   0.000000    0.004726 -0.000923  0.000000
   C   1.225912  -1.407019   0.000000    0.001111 -0.002487  0.000000
   C   2.457475   0.694505   0.000000   -0.002795 -0.003085  0.000000
   N   3.664277   2.800801  -0.000000    0.001515  0.002231 -0.000000
   C   4.838312   4.905047  -0.000000    0.016178  0.012011 -0.000000
   C   1.169756  -5.562586   0.000000    0.009733 -0.003531  0.000000
   C   2.448307  -3.517198   0.000000    0.009103 -0.008112  0.000000
   C   3.680956  -1.412406   0.000000    0.004872 -0.008018  0.000000
   C   4.876722   0.726326  -0.000000   -0.001115 -0.006331 -0.000000
   C   6.091409   2.839544  -0.000000    0.006314  0.001366 -0.000000
   C   7.214540   4.973795  -0.000000    0.000988 -0.012649 -0.000000
   C   3.624187  -5.648767   0.000000    0.011972 -0.015842  0.000000
   C   4.900693  -3.543615   0.000000    0.016880 -0.005159  0.000000
   C   6.122479  -1.411294   0.000000    0.010753 -0.002983 -0.000000
   C   7.273151   0.719937  -0.000000    0.004918  0.005022 -0.000000
   C   6.085276  -5.669719   0.000000    0.002924 -0.012243  0.000000
   C   7.334664  -3.586964   0.000000    0.023947  0.002047  0.000000
   C  -7.305374   3.602796   0.000000   -0.019611 -0.022209  0.000000
   N  -6.039623   5.578764   0.000000   -0.021862 -0.033102  0.000000
   C  -7.338016  -0.647431   0.000000    0.000664  0.009375 -0.000000
   C  -6.121124   1.451594   0.000000   -0.005766  0.000741  0.000000
   N  -4.882193   3.528431   0.000000   -0.002329  0.008910  0.000000
   C  -3.664905   5.614746   0.000000    0.005174  0.013254  0.000000
   N  -7.223061  -4.917352   0.000000   -0.007312  0.017823 -0.000000
   C  -6.106651  -2.822024   0.000000    0.000000 -0.000836 -0.000000
   C  -4.905497  -0.705588   0.000000   -0.002577  0.001223  0.000000
   C  -3.676100   1.414557   0.000000   -0.004710  0.006196  0.000000
   C  -2.441771   3.529634   0.000000   -0.000840  0.015959  0.000000
   C  -1.203348   5.653073   0.000000    0.006216  0.027395  0.000000
   C  -4.835848  -4.964363   0.000000    0.001233 -0.004732 -0.000000
   C  -3.660616  -2.823261   0.000000   -0.002175 -0.001301  0.000000
   C  -2.454976  -0.700115   0.000000   -0.002057  0.004431  0.000000
   C  -1.220650   1.409282   0.000000   -0.002718  0.010172  0.000000
   C   0.020342   3.505725   0.000000   -0.000790  0.013982  0.000000
   C   1.254065   5.564675   0.000000   -0.002685  0.030653  0.000000
   C  -2.408706  -4.903132   0.000000   -0.005005 -0.004147  0.000000
   C  -1.226966  -2.815108   0.000000    0.002707  0.001231  0.000000
   C   0.004841  -0.712394  -0.000000    0.000790  0.002231  0.000000
   C   1.224470   1.396795  -0.000000   -0.000985  0.000667  0.000000
   N   2.431584   3.460068  -0.000000   -0.000278  0.001109 -0.000000
   N   3.620854   5.518893  -0.000000    0.000178 -0.008580 -0.000000
   N   0.017066  -4.891927   0.000000    0.001207 -0.004608  0.000000
   C   1.232425  -2.815843  -0.000000    0.007995 -0.004677  0.000000
   C   2.462718  -0.705065   0.000000    0.003137 -0.004943  0.000000
   C   3.674535   1.395911  -0.000000   -0.001514 -0.001307 -0.000000
   C   4.855159   3.510050  -0.000000    0.005107  0.008098 -0.000000
   C   6.020502   5.650309  -0.000000    0.016335  0.016195 -0.000000
   C   2.438152  -4.942793   0.000000    0.014514 -0.010639  0.000000
   C   3.681451  -2.826371   0.000000    0.012339 -0.009059  0.000000
   C   4.910657  -0.707316   0.000000    0.006241 -0.007241 -0.000000
   N   6.093586   1.432506  -0.000000   -0.002040  0.000166 -0.000000
   C   7.264882   3.579834  -0.000000    0.015857 -0.013380 -0.000000
   C   4.870432  -4.976728   0.000000    0.007462 -0.006522  0.000000
   C   6.140342  -2.836892   0.000000    0.018460 -0.004236  0.000000
   C   7.320833  -0.621105   0.000000    0.008043  0.002155 -0.000000
   C   7.279830  -4.965418   0.000000   -0.004409  0.002993  0.000000
   H   8.142557   5.530017  -0.000000    0.006484 -0.020174 -0.000000
   H   8.229655   3.097933  -0.000000    0.016841 -0.018474 -0.000000
   H   8.177719   1.302526  -0.000000    0.004752  0.011147 -0.000000
   H   8.295316  -1.084468   0.000000    0.009421  0.002256 -0.000000
   H   8.296888  -3.093963   0.000000    0.027738 -0.002046 -0.000000
   H   8.212030  -5.519546   0.000000   -0.007119 -0.002384  0.000000
   H  -8.118335   5.579727   0.000000   -0.037003 -0.019690  0.000000
   H  -8.265183   3.116319   0.000000   -0.011912 -0.043867  0.000000
   H  -8.288946   1.218097   0.000000   -0.012377  0.015632 -0.000000
   H  -8.294971  -1.152306   0.000000    0.002976  0.003419 -0.000000
   H  -8.273191  -3.165447   0.000000   -0.014442  0.030705 -0.000000
   H  -8.092555  -5.431294   0.000000   -0.015876  0.010961 -0.000000
   H  -5.996039   6.582345   0.000000   -0.031834 -0.022261  0.000000
   H  -3.722277   6.696958   0.000000    0.004716  0.013698  0.000000
   H  -1.206583   6.738751   0.000000    0.011629  0.029066  0.000000
   H   1.382928   6.639583   0.000000   -0.002219  0.033179  0.000000
   H   3.528041   6.516850  -0.000000   -0.001984  0.001576 -0.000000
   H   5.978843   6.733751  -0.000000    0.025942  0.017753 -0.000000
   H  -6.165379  -6.695063   0.000000   -0.019586  0.011724 -0.000000
   H  -3.565229  -6.697380  -0.000000   -0.001434 -0.014909 -0.000000
   H  -1.156452  -6.626653  -0.000000   -0.005960 -0.008826  0.000000
   H   1.074783  -6.639638   0.000000    0.016314 -0.005103  0.000000
   H   3.611032  -6.733439   0.000000    0.015677 -0.017237  0.000000
   H   6.079756  -6.753774   0.000000    0.007726 -0.013576  0.000000
converged SCF energy = -3150.64538567153
--------------- RKS_Scanner gradients ---------------
         x                y                z
0 C     0.0008574374     0.0013516633     0.0000000000
1 C    -0.0008784877     0.0020909919    -0.0000000000
2 C     0.0005957359     0.0023232857     0.0000000000
3 C     0.0037990644     0.0015974362     0.0000000000
4 C     0.0048202538    -0.0005036408     0.0000000000
5 C    -0.0012054390    -0.0003671180     0.0000000000
6 C    -0.0002018168    -0.0004303728     0.0000000000
7 C     0.0004325544     0.0002021957    -0.0000000000
8 C     0.0014526963     0.0001921172    -0.0000000000
9 C     0.0008986344     0.0088359318    -0.0000000000
10 C    -0.0015811173    -0.0011144710    -0.0000000000
11 C    -0.0001118413     0.0002867289     0.0000000000
12 C    -0.0002346896     0.0004655471     0.0000000000
13 C    -0.0004296896     0.0009972861     0.0000000000
14 C    -0.0008596944    -0.0020739901    -0.0000000000
15 C     0.0019109599    -0.0013921567    -0.0000000000
16 N     0.0009317808     0.0014304461    -0.0000000000
17 C    -0.0002981310     0.0008610308     0.0000000000
18 C    -0.0007930830    -0.0000707337     0.0000000000
19 C    -0.0019556414    -0.0000942309     0.0000000000
20 N    -0.0071582198    -0.0004965258    -0.0000000000
21 C     0.0003352426     0.0002986036    -0.0000000000
22 C     0.0002722188     0.0010691166     0.0000000000
23 C    -0.0006443631    -0.0002612659     0.0000000000
24 C    -0.0005655385    -0.0003205116     0.0000000000
25 N     0.0001169470    -0.0008768038    -0.0000000000
26 C     0.0062373257     0.0026113485    -0.0000000000
27 C     0.0019042691     0.0014082134    -0.0000000000
28 C    -0.0004468494    -0.0000024646     0.0000000000
29 C    -0.0008832659    -0.0000799666     0.0000000000
30 C    -0.0004866854    -0.0011819955     0.0000000000
31 C     0.0014993135     0.0019239290    -0.0000000000
32 C    -0.0042697182    -0.0025823821     0.0000000000
33 C     0.0015175183    -0.0018447634     0.0000000000
34 C     0.0012963884     0.0006394848     0.0000000000
35 C     0.0008395429     0.0002195112     0.0000000000
36 C    -0.0001401879     0.0014033118    -0.0000000000
37 C     0.0003553308    -0.0028755812     0.0000000000
38 C     0.0033145483     0.0022193095     0.0000000000
39 C    -0.0016385911    -0.0046927631    -0.0000000000
40 N    -0.0015598420    -0.0055950323    -0.0000000000
41 C     0.0020923223    -0.0004080038    -0.0000000000
42 C    -0.0017699422    -0.0014401806    -0.0000000000
43 N    -0.0010634055     0.0014361348     0.0000000000
44 C     0.0017468938    -0.0011599505    -0.0000000000
45 N    -0.0057834309    -0.0042057111     0.0000000000
46 C     0.0003663527     0.0000186851    -0.0000000000
47 C    -0.0005620609     0.0000549120    -0.0000000000
48 C    -0.0003187599     0.0007525415    -0.0000000000
49 C    -0.0003908866     0.0007953883     0.0000000000
50 C     0.0018314288     0.0025095294     0.0000000000
51 C     0.0039734124    -0.0015746716     0.0000000000
52 C    -0.0001095914    -0.0007166736     0.0000000000
53 C    -0.0001283477    -0.0003016932    -0.0000000000
54 C    -0.0001451094     0.0000975151    -0.0000000000
55 C     0.0003509607     0.0003166804    -0.0000000000
56 C     0.0018284646     0.0045940777    -0.0000000000
57 C    -0.0028677340    -0.0002791573     0.0000000000
58 C     0.0001465760    -0.0004248038    -0.0000000000
59 C     0.0004200961     0.0004511596    -0.0000000000
60 C     0.0012600830     0.0002075248    -0.0000000000
61 N     0.0036745033    -0.0012122321    -0.0000000000
62 N    -0.0010425706    -0.0068052026     0.0000000000
63 N    -0.0019670008    -0.0005422934     0.0000000000
64 C     0.0006281288     0.0001987780    -0.0000000000
65 C     0.0006043285    -0.0006115671    -0.0000000000
66 C    -0.0009324224     0.0000527799    -0.0000000000
67 C    -0.0035740238     0.0005350155     0.0000000000
68 C     0.0004623061     0.0035903522    -0.0000000000
69 C     0.0018871534    -0.0008291076    -0.0000000000
70 C     0.0003285680    -0.0013087594    -0.0000000000
71 C     0.0006464084    -0.0002591837    -0.0000000000
72 N    -0.0008124432     0.0003535012     0.0000000000
73 C     0.0029609044    -0.0021087138     0.0000000000
74 C    -0.0013373404     0.0013521656    -0.0000000000
75 C     0.0008567588    -0.0023060473    -0.0000000000
76 C    -0.0007074278    -0.0010754422    -0.0000000000
77 C    -0.0047137868     0.0019688647    -0.0000000000
78 H    -0.0004707380    -0.0003074924     0.0000000000
79 H     0.0007680893    -0.0012653641     0.0000000000
80 H     0.0006746413     0.0006852929     0.0000000000
81 H     0.0001156445     0.0001059752     0.0000000000
82 H     0.0005320429     0.0003538195    -0.0000000000
83 H    -0.0004558157     0.0004494306     0.0000000000
84 H    -0.0003827795    -0.0005106392    -0.0000000000
85 H    -0.0010157383    -0.0005439753     0.0000000000
86 H    -0.0005374354     0.0006705815     0.0000000000
87 H     0.0000293752     0.0002118959    -0.0000000000
88 H    -0.0000459695    -0.0008314020    -0.0000000000
89 H    -0.0025475247    -0.0010254611    -0.0000000000
90 H     0.0005208425     0.0017061253     0.0000000000
91 H     0.0002289403    -0.0001104305    -0.0000000000
92 H    -0.0000060129     0.0005563634    -0.0000000000
93 H    -0.0004456978     0.0009284898    -0.0000000000
94 H    -0.0002443402     0.0015819188     0.0000000000
95 H    -0.0002130730     0.0007302924     0.0000000000
96 H    -0.0004098553     0.0008147183     0.0000000000
97 H    -0.0001739718    -0.0005037188    -0.0000000000
98 H    -0.0002864322    -0.0002059848    -0.0000000000
99 H     0.0000778559     0.0001348477     0.0000000000
100 H    -0.0001553476    -0.0004550324    -0.0000000000
101 H    -0.0004578418    -0.0005263512    -0.0000000000
----------------------------------------------
cycle 5: E = -3150.64538567  dE = -0.0011159  norm(grad) = 0.0265604

Geometry optimization cycle 6
Cartesian coordinates (Angstrom)
 Atom        New coordinates             dX        dY        dZ
   C  -7.240729   4.973979   0.000000    0.001777  0.027167 -0.000000
   C  -7.336067   0.701010   0.000000    0.001236 -0.004065  0.000000
   C  -6.106996   2.837295   0.000000   -0.002851  0.004195  0.000000
   C  -4.830925   4.922778   0.000000   -0.007521  0.000356  0.000000
   C  -7.289133  -3.585091   0.000000   -0.005941  0.004249 -0.000000
   C  -6.132885  -1.414281   0.000000   -0.000242 -0.001190  0.000000
   C  -4.892041   0.709562   0.000000   -0.000564 -0.000355  0.000000
   C  -3.643293   2.835544   0.000000   -0.002093 -0.004031  0.000000
   C  -2.396059   4.969748   0.000000   -0.006982 -0.007322  0.000000
   C  -6.062795  -5.650591   0.000000    0.006566 -0.029070 -0.000000
   C  -4.863864  -3.532605   0.000000   -0.003640 -0.003218  0.000000
   C  -3.670244  -1.414382   0.000000   -0.001693 -0.002615  0.000000
   C  -2.451372   0.700866   0.000000   -0.000110 -0.004442  0.000000
   C  -1.207442   2.804206   0.000000   -0.000633 -0.005485  0.000000
   C   0.035228   4.957684   0.000000   -0.003569 -0.005137  0.000000
   C  -3.617656  -5.612674   0.000000   -0.003137  0.004106  0.000000
   N  -2.444730  -3.508276   0.000000   -0.002248 -0.003405  0.000000
   C  -1.227000  -1.420343   0.000000   -0.000806 -0.003578  0.000000
   C   0.003420   0.700295   0.000000    0.001159 -0.001923  0.000000
   C   1.216579   2.802016   0.000000    0.001945  0.001076  0.000000
   N   2.426859   4.866597  -0.000000    0.008394  0.006629  0.000000
   C  -1.198583  -5.555260   0.000000   -0.000486 -0.005039  0.000000
   C  -0.009913  -3.507646   0.000000   -0.002164 -0.003701  0.000000
   C   1.224909  -1.406680   0.000000   -0.001003  0.000340  0.000000
   C   2.458363   0.696554  -0.000000    0.000888  0.002048 -0.000000
   N   3.663150   2.803341  -0.000000   -0.001127  0.002540 -0.000000
   C   4.834074   4.904455  -0.000000   -0.004238 -0.000592 -0.000000
   C   1.168885  -5.567897   0.000000   -0.000871 -0.005310  0.000000
   C   2.443959  -3.515195   0.000000   -0.004348  0.002004  0.000000
   C   3.679815  -1.409139  -0.000000   -0.001140  0.003267 -0.000000
   C   4.878878   0.729999  -0.000000    0.002156  0.003673 -0.000000
   C   6.092385   2.841818  -0.000000    0.000976  0.002273 -0.000000
   C   7.226662   4.984692  -0.000000    0.012122  0.010897 -0.000000
   C   3.622691  -5.642160   0.000000   -0.001496  0.006607  0.000000
   C   4.894396  -3.541467   0.000000   -0.006297  0.002148 -0.000000
   C   6.120127  -1.410067  -0.000000   -0.002352  0.001227 -0.000000
   C   7.276424   0.718475  -0.000000    0.003273 -0.001462 -0.000000
   C   6.089849  -5.662504   0.000000    0.004573  0.007215 -0.000000
   C   7.325053  -3.592235   0.000000   -0.009610 -0.005272 -0.000000
   C  -7.296393   3.630272   0.000000    0.008981  0.027476 -0.000000
   N  -6.035108   5.600618   0.000000    0.004515  0.021853  0.000000
   C  -7.341074  -0.650435   0.000000   -0.003059 -0.003004  0.000000
   C  -6.121913   1.454431   0.000000   -0.000790  0.002837  0.000000
   N  -4.883221   3.527717   0.000000   -0.001028 -0.000714  0.000000
   C  -3.670648   5.611295   0.000000   -0.005743 -0.003451  0.000000
   N  -7.193408  -4.910648   0.000000    0.029654  0.006704 -0.000000
   C  -6.108491  -2.821936   0.000000   -0.001839  0.000088  0.000000
   C  -4.906023  -0.706099   0.000000   -0.000527 -0.000511  0.000000
   C  -3.676317   1.410382   0.000000   -0.000217 -0.004175  0.000000
   C  -2.443996   3.522734   0.000000   -0.002225 -0.006900  0.000000
   C  -1.209800   5.644125   0.000000   -0.006452 -0.008948  0.000000
   C  -4.842510  -4.969133   0.000000   -0.006662 -0.004770  0.000000
   C  -3.663493  -2.826427   0.000000   -0.002877 -0.003165  0.000000
   C  -2.455779  -0.703788   0.000000   -0.000804 -0.003673  0.000000
   C  -1.220532   1.404819   0.000000    0.000118 -0.004463  0.000000
   C   0.018802   3.501289   0.000000   -0.001540 -0.004436  0.000000
   C   1.251723   5.556237   0.000000   -0.002342 -0.008438  0.000000
   C  -2.407058  -4.905133   0.000000    0.001648 -0.002000  0.000000
   C  -1.229157  -2.818248   0.000000   -0.002191 -0.003140  0.000000
   C   0.003618  -0.714217   0.000000   -0.001223 -0.001823  0.000000
   C   1.224858   1.397092   0.000000    0.000389  0.000297  0.000000
   N   2.431648   3.465598  -0.000000    0.000064  0.005530  0.000000
   N   3.625442   5.535134  -0.000000    0.004588  0.016241 -0.000000
   N   0.017504  -4.895829   0.000000    0.000438 -0.003902  0.000000
   C   1.228544  -2.815754   0.000000   -0.003880  0.000089  0.000000
   C   2.461083  -0.702511   0.000000   -0.001636  0.002554  0.000000
   C   3.676223   1.398408  -0.000000    0.001688  0.002497 -0.000000
   C   4.855199   3.510400  -0.000000    0.000040  0.000350 -0.000000
   C   6.022087   5.641863  -0.000000    0.001585 -0.008446 -0.000000
   C   2.434440  -4.940634   0.000000   -0.003712  0.002159  0.000000
   C   3.676707  -2.822642   0.000000   -0.004743  0.003729 -0.000000
   C   4.909675  -0.704224  -0.000000   -0.000982  0.003092 -0.000000
   N   6.097562   1.434131  -0.000000    0.003977  0.001624 -0.000000
   C   7.261733   3.590181  -0.000000   -0.003149  0.010347 -0.000000
   C   4.872266  -4.973981   0.000000    0.001834  0.002747 -0.000000
   C   6.133440  -2.835196   0.000000   -0.006901  0.001696 -0.000000
   C   7.321519  -0.622259  -0.000000    0.000686 -0.001155 -0.000000
   C   7.292862  -4.970956   0.000000    0.013032 -0.005538 -0.000000
   H   8.154148   5.543104  -0.000000    0.011590  0.013087 -0.000000
   H   8.226290   3.108871  -0.000000   -0.003364  0.010938 -0.000000
   H   8.181660   1.299727  -0.000000    0.003942 -0.002799 -0.000000
   H   8.294517  -1.089066  -0.000000   -0.000800 -0.004598 -0.000000
   H   8.283879  -3.093349   0.000000   -0.013009  0.000615 -0.000000
   H   8.226431  -5.524061   0.000000    0.014401 -0.004514 -0.000000
   H  -8.114984   5.609278   0.000000    0.003350  0.029551 -0.000000
   H  -8.257906   3.148229   0.000000    0.007277  0.031910 -0.000000
   H  -8.287462   1.213628   0.000000    0.001484 -0.004469 -0.000000
   H  -8.297363  -1.157100   0.000000   -0.002392 -0.004794 -0.000000
   H  -8.282594  -3.169234   0.000000   -0.009403 -0.003787 -0.000000
   H  -8.062674  -5.423952  -0.000000    0.029881  0.007342 -0.000000
   H  -5.981872   6.603799   0.000000    0.014168  0.021454  0.000000
   H  -3.724856   6.693767   0.000000   -0.002579 -0.003191  0.000000
   H  -1.212526   6.729650   0.000000   -0.005943 -0.009101  0.000000
   H   1.376910   6.631380   0.000000   -0.006018 -0.008203  0.000000
   H   3.535202   6.533302  -0.000000    0.007162  0.016452 -0.000000
   H   5.975850   6.724578  -0.000000   -0.002993 -0.009173 -0.000000
   H  -6.165436  -6.724071  -0.000000   -0.000057 -0.029009 -0.000000
   H  -3.565744  -6.693032   0.000000   -0.000515  0.004348  0.000000
   H  -1.156260  -6.631717   0.000000    0.000192 -0.005064  0.000000
   H   1.077394  -6.645508   0.000000    0.002611 -0.005870  0.000000
   H   3.611232  -6.726670   0.000000    0.000200  0.006769  0.000000
   H   6.083031  -6.746283   0.000000    0.003275  0.007491 -0.000000
converged SCF energy = -3150.64595855633
--------------- RKS_Scanner gradients ---------------
         x                y                z
0 C    -0.0019552051     0.0016874516     0.0000000000
1 C     0.0001963246    -0.0004406724     0.0000000000
2 C    -0.0001906454     0.0004342980     0.0000000000
3 C    -0.0012647942    -0.0007201375    -0.0000000000
4 C    -0.0069486738     0.0032725367    -0.0000000000
5 C    -0.0008411901     0.0001970353     0.0000000000
6 C     0.0003736404    -0.0002908770    -0.0000000000
7 C     0.0002831591    -0.0003061854    -0.0000000000
8 C     0.0002573935    -0.0003566645    -0.0000000000
9 C    -0.0002453475    -0.0079667312     0.0000000000
10 C     0.0014186026    -0.0000374408     0.0000000000
11 C     0.0001515328     0.0002977102    -0.0000000000
12 C    -0.0000221773    -0.0000765037    -0.0000000000
13 C    -0.0000285595     0.0003487466    -0.0000000000
14 C    -0.0014668766    -0.0001325278    -0.0000000000
15 C    -0.0001631411     0.0003934579    -0.0000000000
16 N     0.0000130106     0.0000621007    -0.0000000000
17 C     0.0001239464     0.0001516205    -0.0000000000
18 C     0.0002555051    -0.0001197144     0.0000000000
19 C    -0.0000727871    -0.0004844004    -0.0000000000
20 N     0.0006735969    -0.0004091992    -0.0000000000
21 C    -0.0000495092    -0.0006710381    -0.0000000000
22 C     0.0001253166     0.0004371128     0.0000000000
23 C    -0.0000217121    -0.0000388065    -0.0000000000
24 C    -0.0003756414     0.0000261895    -0.0000000000
25 N    -0.0010698241    -0.0000270757    -0.0000000000
26 C    -0.0007703293    -0.0000845140    -0.0000000000
27 C     0.0011103616    -0.0006201684     0.0000000000
28 C    -0.0004102734    -0.0002261270    -0.0000000000
29 C    -0.0001212882    -0.0000268074    -0.0000000000
30 C    -0.0002566879    -0.0005707041    -0.0000000000
31 C     0.0002315025    -0.0006164323     0.0000000000
32 C     0.0021973727     0.0011609235     0.0000000000
33 C     0.0000640599     0.0003338911    -0.0000000000
34 C    -0.0002743408    -0.0002448071    -0.0000000000
35 C    -0.0001302460    -0.0000547175     0.0000000000
36 C     0.0004966603     0.0002313089     0.0000000000
37 C     0.0001002103     0.0017675459     0.0000000000
38 C    -0.0017549784    -0.0008944814    -0.0000000000
39 C     0.0022233378     0.0012114920    -0.0000000000
40 N     0.0002331246    -0.0019616859    -0.0000000000
41 C    -0.0000676563    -0.0001170245    -0.0000000000
42 C     0.0002060822    -0.0009377440    -0.0000000000
43 N     0.0005910301    -0.0000039152    -0.0000000000
44 C    -0.0003020414    -0.0004538546     0.0000000000
45 N     0.0112168311     0.0065456871     0.0000000000
46 C     0.0007268647    -0.0041106811     0.0000000000
47 C    -0.0001049917    -0.0000309643     0.0000000000
48 C    -0.0001432672    -0.0002159740     0.0000000000
49 C    -0.0003607668    -0.0002352850     0.0000000000
50 C     0.0006528273     0.0009367592     0.0000000000
51 C    -0.0050176881     0.0021348570    -0.0000000000
52 C    -0.0004549677     0.0000859763     0.0000000000
53 C    -0.0002926580     0.0001081566     0.0000000000
54 C    -0.0001639334     0.0000776641     0.0000000000
55 C     0.0000549824     0.0000239697     0.0000000000
56 C    -0.0004355308     0.0001305260     0.0000000000
57 C    -0.0001148617    -0.0002748479     0.0000000000
58 C    -0.0000900786    -0.0000432874    -0.0000000000
59 C    -0.0002656120     0.0000115579     0.0000000000
60 C     0.0000007797    -0.0005522185    -0.0000000000
61 N    -0.0001109478     0.0004204066     0.0000000000
62 N     0.0001017408    -0.0001089758     0.0000000000
63 N    -0.0007072841     0.0002402037     0.0000000000
64 C    -0.0000030102     0.0002464875     0.0000000000
65 C    -0.0000640085     0.0000884537     0.0000000000
66 C     0.0001521101    -0.0001069625    -0.0000000000
67 C     0.0005621875     0.0001736177     0.0000000000
68 C     0.0001769133    -0.0018593088    -0.0000000000
69 C     0.0001309703    -0.0001009746    -0.0000000000
70 C     0.0002831835     0.0001140143     0.0000000000
71 C     0.0002355004    -0.0001261165     0.0000000000
72 N    -0.0005573435     0.0004042127    -0.0000000000
73 C    -0.0011625619     0.0009939729    -0.0000000000
74 C    -0.0004013481    -0.0003375286     0.0000000000
75 C     0.0000208593     0.0008199319     0.0000000000
76 C    -0.0000179391    -0.0003212223    -0.0000000000
77 C     0.0023006066    -0.0015010715    -0.0000000000
78 H     0.0005335084     0.0002214767    -0.0000000000
79 H     0.0002751798    -0.0000065536     0.0000000000
80 H     0.0004619647     0.0003344493    -0.0000000000
81 H     0.0001980815    -0.0000677757     0.0000000000
82 H    -0.0000497159    -0.0002216995     0.0000000000
83 H     0.0004691270    -0.0003052132     0.0000000000
84 H    -0.0001615409     0.0002939848    -0.0000000000
85 H    -0.0000165807     0.0001832803    -0.0000000000
86 H     0.0000111054    -0.0001275956    -0.0000000000
87 H    -0.0000821455    -0.0002642266    -0.0000000000
88 H    -0.0002211403     0.0007663635    -0.0000000000
89 H    -0.0007661004    -0.0005528001    -0.0000000000
90 H    -0.0001695623     0.0020942386    -0.0000000000
91 H    -0.0000554185     0.0000159579    -0.0000000000
92 H     0.0001198885     0.0003302623     0.0000000000
93 H    -0.0000492498     0.0003448730    -0.0000000000
94 H     0.0000014641     0.0018367957     0.0000000000
95 H     0.0001325555    -0.0002928832     0.0000000000
96 H     0.0003181659    -0.0007564425    -0.0000000000
97 H    -0.0000082679    -0.0001120200    -0.0000000000
98 H    -0.0000725805    -0.0002976852     0.0000000000
99 H     0.0001939578    -0.0002087042    -0.0000000000
100 H     0.0000639701    -0.0001173408     0.0000000000
101 H     0.0001688646     0.0000995303    -0.0000000000
----------------------------------------------
cycle 6: E = -3150.64595856  dE = -0.000572885  norm(grad) = 0.0204031

Geometry optimization cycle 7
Cartesian coordinates (Angstrom)
 Atom        New coordinates             dX        dY        dZ
   C  -7.239600   4.965226   0.000000    0.001129 -0.008754  0.000000
   C  -7.333717   0.705286   0.000000    0.002350  0.004276  0.000000
   C  -6.104521   2.835450   0.000000    0.002474 -0.001845  0.000000
   C  -4.826347   4.922909   0.000000    0.004578  0.000131 -0.000000
   C  -7.281825  -3.591120   0.000000    0.007308 -0.006028  0.000000
   C  -6.130391  -1.411084   0.000000    0.002494  0.003197  0.000000
   C  -4.889189   0.710075   0.000000    0.002852  0.000513 -0.000000
   C  -3.642231   2.834526   0.000000    0.001062 -0.001018 -0.000000
   C  -2.397343   4.966367   0.000000   -0.001284 -0.003381 -0.000000
   C  -6.064623  -5.637043   0.000000   -0.001828  0.013548  0.000000
   C  -4.861510  -3.528433   0.000000    0.002354  0.004172  0.000000
   C  -3.667124  -1.413339   0.000000    0.003120  0.001043 -0.000000
   C  -2.448392   0.700521   0.000000    0.002980 -0.000345 -0.000000
   C  -1.205224   2.801954   0.000000    0.002217 -0.002252 -0.000000
   C   0.038637   4.954001   0.000000    0.003409 -0.003683 -0.000000
   C  -3.615216  -5.611275   0.000000    0.002440  0.001400  0.000000
   N  -2.443041  -3.506749   0.000000    0.001689  0.001527 -0.000000
   C  -1.224382  -1.419910   0.000000    0.002618  0.000433 -0.000000
   C   0.006471   0.700342   0.000000    0.003051  0.000048 -0.000000
   C   1.219729   2.801676   0.000000    0.003151 -0.000339 -0.000000
   N   2.429781   4.864784  -0.000000    0.002922 -0.001814  0.000000
   C  -1.197313  -5.551565   0.000000    0.001270  0.003695 -0.000000
   C  -0.009090  -3.506011   0.000000    0.000823  0.001634 -0.000000
   C   1.227024  -1.405173   0.000000    0.002115  0.001507 -0.000000
   C   2.461583   0.698126  -0.000000    0.003221  0.001573 -0.000000
   N   3.666554   2.803991  -0.000000    0.003403  0.000650  0.000000
   C   4.831998   4.904546  -0.000000   -0.002076  0.000091  0.000000
   C   1.165598  -5.566407   0.000000   -0.003288  0.001490 -0.000000
   C   2.443763  -3.512366   0.000000   -0.000196  0.002829 -0.000000
   C   3.680758  -1.407045  -0.000000    0.000943  0.002095  0.000000
   C   4.881661   0.732336  -0.000000    0.002782  0.002337  0.000000
   C   6.093781   2.841896  -0.000000    0.001396  0.000078  0.000000
   C   7.216866   4.985830  -0.000000   -0.009796  0.001137  0.000000
   C   3.617407  -5.638863   0.000000   -0.005284  0.003297 -0.000000
   C   4.892851  -3.540468   0.000000   -0.001545  0.000999  0.000000
   C   6.118861  -1.409121   0.000000   -0.001266  0.000946  0.000000
   C   7.276964   0.716287  -0.000000    0.000541 -0.002188  0.000000
   C   6.083454  -5.665123   0.000000   -0.006395 -0.002618  0.000000
   C   7.323837  -3.587999   0.000000   -0.001216  0.004236  0.000000
   C  -7.296804   3.622640   0.000000   -0.000411 -0.007632  0.000000
   N  -6.034777   5.592414   0.000000    0.000331 -0.008204  0.000000
   C  -7.337751  -0.646014   0.000000    0.003324  0.004421  0.000000
   C  -6.118043   1.454956   0.000000    0.003870  0.000524  0.000000
   N  -4.881631   3.527420   0.000000    0.001590 -0.000297 -0.000000
   C  -3.668309   5.614921   0.000000    0.002338  0.003626 -0.000000
   N  -7.209116  -4.918221   0.000000   -0.015709 -0.007573  0.000000
   C  -6.107117  -2.818549   0.000000    0.001374  0.003387  0.000000
   C  -4.902744  -0.705119   0.000000    0.003280  0.000980 -0.000000
   C  -3.673262   1.410050   0.000000    0.003055 -0.000332 -0.000000
   C  -2.442305   3.520024   0.000000    0.001691 -0.002710 -0.000000
   C  -1.209585   5.635249   0.000000    0.000215 -0.008875 -0.000000
   C  -4.838414  -4.964931   0.000000    0.004096  0.004202  0.000000
   C  -3.660685  -2.824244   0.000000    0.002808  0.002183 -0.000000
   C  -2.452689  -0.703560   0.000000    0.003090  0.000227 -0.000000
   C  -1.217609   1.403508   0.000000    0.002923 -0.001312 -0.000000
   C   0.021311   3.498762   0.000000    0.002509 -0.002527 -0.000000
   C   1.254602   5.551032   0.000000    0.002879 -0.005205 -0.000000
   C  -2.405637  -4.902874   0.000000    0.001421  0.002259 -0.000000
   C  -1.227760  -2.817214   0.000000    0.001398  0.001034 -0.000000
   C   0.005971  -0.713737   0.000000    0.002352  0.000479 -0.000000
   C   1.227453   1.397713  -0.000000    0.002594  0.000621 -0.000000
   N   2.434526   3.464795  -0.000000    0.002878 -0.000803  0.000000
   N   3.625137   5.535068  -0.000000   -0.000305 -0.000066  0.000000
   N   0.017478  -4.893095   0.000000   -0.000025  0.002733 -0.000000
   C   1.228790  -2.813733   0.000000    0.000246  0.002021 -0.000000
   C   2.462719  -0.700692  -0.000000    0.001636  0.001819 -0.000000
   C   3.679140   1.399900  -0.000000    0.002917  0.001492  0.000000
   C   4.857440   3.510456  -0.000000    0.002241  0.000056  0.000000
   C   6.015364   5.647618  -0.000000   -0.006724  0.005755  0.000000
   C   2.429805  -4.937201   0.000000   -0.004635  0.003433 -0.000000
   C   3.676203  -2.820502   0.000000   -0.000505  0.002140 -0.000000
   C   4.909806  -0.701769  -0.000000    0.000131  0.002455  0.000000
   N   6.100680   1.434197  -0.000000    0.003118  0.000067  0.000000
   C   7.261380   3.591855  -0.000000   -0.000353  0.001674  0.000000
   C   4.868194  -4.973269   0.000000   -0.004072  0.000713 -0.000000
   C   6.131478  -2.833659   0.000000   -0.001962  0.001537  0.000000
   C   7.321199  -0.623574   0.000000   -0.000320 -0.001314  0.000000
   C   7.281814  -4.966204   0.000000   -0.011048  0.004752  0.000000
   H   8.142649   5.545850  -0.000000   -0.011499  0.002747  0.000000
   H   8.227358   3.115245  -0.000000    0.001068  0.006374  0.000000
   H   8.182469   1.295077  -0.000000    0.000809 -0.004650  0.000000
   H   8.293405  -1.091228   0.000000   -0.001112 -0.002162  0.000000
   H   8.283696  -3.091287   0.000000   -0.000183  0.002061  0.000000
   H   8.214803  -5.519189   0.000000   -0.011628  0.004872  0.000000
   H  -8.113872   5.600194   0.000000    0.001112 -0.009084  0.000000
   H  -8.257309   3.139760   0.000000    0.000597 -0.008468  0.000000
   H  -8.284696   1.218374   0.000000    0.002766  0.004746  0.000000
   H  -8.294498  -1.151162   0.000000    0.002866  0.005938  0.000000
   H  -8.273645  -3.171388   0.000000    0.008949 -0.002154  0.000000
   H  -8.075978  -5.430549   0.000000   -0.013305 -0.006597  0.000000
   H  -5.984813   6.592553   0.000000   -0.002941 -0.011246  0.000000
   H  -3.721405   6.697456   0.000000    0.003451  0.003689 -0.000000
   H  -1.213656   6.720154   0.000000   -0.001129 -0.009495 -0.000000
   H   1.380356   6.625364   0.000000    0.003446 -0.006016  0.000000
   H   3.533562   6.530523  -0.000000   -0.001640 -0.002779  0.000000
   H   5.968332   6.730403  -0.000000   -0.007518  0.005825  0.000000
   H  -6.161024  -6.710781   0.000000    0.004412  0.013290  0.000000
   H  -3.564221  -6.691274   0.000000    0.001523  0.001758  0.000000
   H  -1.154201  -6.627510   0.000000    0.002058  0.004207 -0.000000
   H   1.072031  -6.643581   0.000000   -0.005363  0.001927 -0.000000
   H   3.604104  -6.723018   0.000000   -0.007128  0.003652 -0.000000
   H   6.077666  -6.748813   0.000000   -0.005365 -0.002530 -0.000000
converged SCF energy = -3150.64635410035
