1721702635.7895942

Geometry optimization cycle 1
Cartesian coordinates (Angstrom)
 Atom        New coordinates             dX        dY        dZ
   C  -7.338226   5.042760   0.000000    0.000000  0.000000  0.000000
   C  -7.365228   0.691139   0.000000    0.000000  0.000000  0.000000
   C  -6.173642   2.889413   0.000000    0.000000  0.000000  0.000000
   C  -4.910090   5.019617   0.000000    0.000000  0.000000  0.000000
   C  -7.358051  -3.642635   0.000000    0.000000  0.000000  0.000000
   C  -6.173475  -1.431785   0.000000    0.000000  0.000000  0.000000
   C  -4.940069   0.716689   0.000000    0.000000  0.000000  0.000000
   C  -3.694845   2.860312   0.000000    0.000000  0.000000  0.000000
   C  -2.457224   5.005715   0.000000    0.000000  0.000000  0.000000
   C  -6.138515  -5.727246   0.000000    0.000000  0.000000  0.000000
   C  -4.928214  -3.580071   0.000000    0.000000  0.000000  0.000000
   C  -3.698169  -1.425571   0.000000    0.000000  0.000000  0.000000
   C  -2.471779   0.716540   0.000000    0.000000  0.000000  0.000000
   C  -1.230705   2.851907   0.000000    0.000000 -0.000000  0.000000
   C   0.000000   5.003169   0.000000    0.000000  0.000000  0.000000
   N  -3.678966  -5.694052   0.000000    0.000000  0.000000  0.000000
   C  -2.466015  -3.560923   0.000000    0.000000  0.000000  0.000000
   C  -1.232423  -1.423207   0.000000    0.000000  0.000000  0.000000
   C   0.000000   0.715809   0.000000    0.000000  0.000000  0.000000
   C   1.230705   2.851907   0.000000    0.000000 -0.000000  0.000000
   C   2.457224   5.005715   0.000000    0.000000  0.000000  0.000000
   N  -1.226334  -5.685080   0.000000    0.000000  0.000000  0.000000
   C   0.000000  -3.557079   0.000000    0.000000  0.000000  0.000000
   C   1.232423  -1.423207   0.000000    0.000000  0.000000  0.000000
   C   2.471779   0.716540   0.000000    0.000000  0.000000  0.000000
   N   3.694845   2.860312   0.000000    0.000000  0.000000  0.000000
   N   4.910090   5.019617   0.000000    0.000000  0.000000  0.000000
   C   1.226334  -5.685080   0.000000    0.000000  0.000000  0.000000
   C   2.466015  -3.560923   0.000000    0.000000  0.000000  0.000000
   C   3.698169  -1.425571   0.000000    0.000000  0.000000  0.000000
   C   4.940069   0.716689   0.000000    0.000000  0.000000  0.000000
   C   6.173642   2.889413   0.000000    0.000000  0.000000  0.000000
   C   7.338226   5.042760   0.000000    0.000000  0.000000  0.000000
   C   3.678966  -5.694052   0.000000    0.000000  0.000000  0.000000
   N   4.928214  -3.580071   0.000000    0.000000  0.000000  0.000000
   C   6.173475  -1.431785   0.000000   -0.000000  0.000000  0.000000
   C   7.365228   0.691139   0.000000    0.000000  0.000000  0.000000
   C   6.138515  -5.727246   0.000000    0.000000  0.000000  0.000000
   N   7.358051  -3.642635   0.000000   -0.000000  0.000000  0.000000
   C  -7.358051   3.642635   0.000000    0.000000  0.000000  0.000000
   N  -6.138515   5.727246   0.000000    0.000000  0.000000  0.000000
   C  -7.365228  -0.691139   0.000000    0.000000  0.000000  0.000000
   C  -6.173475   1.431785   0.000000    0.000000  0.000000  0.000000
   C  -4.928214   3.580071   0.000000    0.000000 -0.000000  0.000000
   C  -3.678966   5.694052   0.000000    0.000000  0.000000  0.000000
   C  -7.338226  -5.042760   0.000000    0.000000  0.000000  0.000000
   C  -6.173642  -2.889413   0.000000    0.000000  0.000000  0.000000
   C  -4.940069  -0.716689   0.000000    0.000000  0.000000  0.000000
   C  -3.698169   1.425571   0.000000    0.000000  0.000000  0.000000
   C  -2.466015   3.560923   0.000000    0.000000 -0.000000  0.000000
   C  -1.226334   5.685080   0.000000    0.000000  0.000000  0.000000
   C  -4.910090  -5.019617   0.000000    0.000000  0.000000  0.000000
   C  -3.694845  -2.860312   0.000000    0.000000  0.000000  0.000000
   C  -2.471779  -0.716540   0.000000    0.000000  0.000000  0.000000
   C  -1.232423   1.423207   0.000000    0.000000  0.000000  0.000000
   C   0.000000   3.557079   0.000000    0.000000  0.000000  0.000000
   C   1.226334   5.685080   0.000000    0.000000  0.000000  0.000000
   C  -2.457224  -5.005715   0.000000    0.000000  0.000000  0.000000
   C  -1.230705  -2.851907   0.000000    0.000000  0.000000  0.000000
   C   0.000000  -0.715809   0.000000    0.000000  0.000000  0.000000
   C   1.232423   1.423207   0.000000    0.000000  0.000000  0.000000
   C   2.466015   3.560923   0.000000    0.000000 -0.000000  0.000000
   C   3.678966   5.694052   0.000000    0.000000  0.000000  0.000000
   C   0.000000  -5.003169   0.000000    0.000000  0.000000  0.000000
   N   1.230705  -2.851907   0.000000    0.000000  0.000000  0.000000
   C   2.471779  -0.716540   0.000000    0.000000  0.000000  0.000000
   C   3.698169   1.425571   0.000000    0.000000  0.000000  0.000000
   C   4.928214   3.580071   0.000000    0.000000 -0.000000  0.000000
   C   6.138515   5.727246   0.000000    0.000000  0.000000  0.000000
   C   2.457224  -5.005715   0.000000    0.000000  0.000000  0.000000
   C   3.694845  -2.860312   0.000000    0.000000  0.000000  0.000000
   C   4.940069  -0.716689   0.000000    0.000000  0.000000  0.000000
   N   6.173475   1.431785   0.000000   -0.000000  0.000000  0.000000
   C   7.358051   3.642635   0.000000   -0.000000  0.000000  0.000000
   C   4.910090  -5.019617   0.000000    0.000000  0.000000  0.000000
   C   6.173642  -2.889413   0.000000    0.000000  0.000000  0.000000
   C   7.365228  -0.691139   0.000000    0.000000  0.000000  0.000000
   C   7.338226  -5.042760   0.000000    0.000000  0.000000  0.000000
   H   8.282184   5.591425   0.000000    0.000000 -0.000000  0.000000
   H   8.325741   3.141106   0.000000    0.000000  0.000000  0.000000
   H   8.326715   1.204661   0.000000    0.000000  0.000000  0.000000
   H   8.326715  -1.204661   0.000000    0.000000  0.000000  0.000000
   H   8.325741  -3.141106   0.000000    0.000000  0.000000  0.000000
   H   8.282184  -5.591425   0.000000    0.000000  0.000000  0.000000
   H  -8.282184   5.591425   0.000000    0.000000 -0.000000  0.000000
   H  -8.325741   3.141106   0.000000    0.000000  0.000000  0.000000
   H  -8.326715   1.204661   0.000000    0.000000  0.000000  0.000000
   H  -8.326715  -1.204661   0.000000    0.000000  0.000000  0.000000
   H  -8.325741  -3.141106   0.000000    0.000000  0.000000  0.000000
   H  -8.282184  -5.591425   0.000000    0.000000  0.000000  0.000000
   H  -6.116625   6.819427   0.000000    0.000000  0.000000  0.000000
   H  -3.672757   6.787431   0.000000    0.000000  0.000000  0.000000
   H  -1.225580   6.778408   0.000000    0.000000 -0.000000  0.000000
   H   1.225580   6.778408   0.000000    0.000000 -0.000000  0.000000
   H   3.672757   6.787431   0.000000    0.000000  0.000000  0.000000
   H   6.116625   6.819427   0.000000   -0.000000  0.000000  0.000000
   H  -6.116625  -6.819427   0.000000    0.000000  0.000000  0.000000
   H  -3.672757  -6.787431   0.000000    0.000000  0.000000  0.000000
   H  -1.225580  -6.778408   0.000000    0.000000  0.000000  0.000000
   H   1.225580  -6.778408   0.000000    0.000000  0.000000  0.000000
   H   3.672757  -6.787431   0.000000    0.000000  0.000000  0.000000
   H   6.116625  -6.819427   0.000000   -0.000000  0.000000  0.000000
converged SCF energy = -3134.10176010677
--------------- ROKS_Scanner gradients ---------------
         x                y                z
0 C    -0.0089883312     0.0353218550    -0.0000000000
1 C     0.0101751804     0.0162402945    -0.0000000000
2 C    -0.0309412055     0.0211229717    -0.0000000000
3 C    -0.0202115073    -0.0220765781     0.0000000000
4 C     0.0076941380     0.0171195819     0.0000000000
5 C    -0.0127934046     0.0063229803    -0.0000000000
6 C    -0.0022690475    -0.0041532855     0.0000000000
7 C    -0.0011547234     0.0073122143    -0.0000000000
8 C    -0.0201118271     0.0083064755    -0.0000000000
9 C    -0.0338408087     0.0021918030    -0.0000000000
10 C    -0.0026700308     0.0137748724    -0.0000000000
11 C     0.0116084275     0.0267355946    -0.0000000000
12 C    -0.0161717741    -0.0016919013    -0.0000000000
13 C    -0.0020238043    -0.0022333882    -0.0000000000
14 C     0.0053645906     0.0125470269    -0.0000000000
15 N    -0.0237100235     0.0355559096    -0.0000000000
16 C     0.0003483636     0.0525591868    -0.0000000000
17 C     0.0239960195    -0.0070977959    -0.0000000000
18 C    -0.0195583655     0.0002803812    -0.0000000000
19 C    -0.0332636472    -0.0148656577    -0.0000000000
20 C     0.0126865302     0.0203243818     0.0000000000
21 N     0.0348830339     0.0254403125     0.0000000000
22 C     0.0182256558     0.0019655052     0.0000000000
23 C     0.0056742351     0.0035501539    -0.0000000000
24 C     0.0083782470     0.0005642580    -0.0000000000
25 N    -0.0087632889    -0.0056818510     0.0000000000
26 N     0.0182167997     0.0097878498    -0.0000000000
27 C     0.0199270024     0.0002817848     0.0000000000
28 C    -0.0255727025    -0.0033811208    -0.0000000000
29 C    -0.0319981985    -0.0047293005     0.0000000000
30 C     0.0229125954    -0.0064287884    -0.0000000000
31 C     0.0191169068     0.0105737490    -0.0000000000
32 C     0.0161610700     0.0085926555    -0.0000000000
33 C    -0.0242091309    -0.0224217635     0.0000000000
34 N    -0.0118207443     0.0079964653     0.0000000000
35 C    -0.0008912984     0.0793070724     0.0000000000
36 C     0.0048034372     0.0209677725    -0.0000000000
37 C    -0.0238223504    -0.0177234579     0.0000000000
38 N    -0.0257420362    -0.0098132875     0.0000000000
39 C     0.0194914487    -0.0476641546     0.0000000000
40 N    -0.0005985052    -0.0271995715    -0.0000000000
41 C     0.0083069203    -0.0156637900     0.0000000000
42 C    -0.0102145836    -0.0173894800     0.0000000000
43 C     0.0192242771     0.0066320172     0.0000000000
44 C     0.0403490678     0.0012655550     0.0000000000
45 C     0.0067714413    -0.0243513336     0.0000000000
46 C    -0.0037941507    -0.0049404240     0.0000000000
47 C     0.0051874330     0.0063095400     0.0000000000
48 C     0.0090422219    -0.0088189581     0.0000000000
49 C    -0.0051264298    -0.0071268990     0.0000000000
50 C     0.0098809137     0.0058591146     0.0000000000
51 C     0.0187786182    -0.0029776101     0.0000000000
52 C     0.0090901616    -0.0260580960     0.0000000000
53 C    -0.0266284622     0.0010529865     0.0000000000
54 C     0.0173490887     0.0025186164     0.0000000000
55 C     0.0070171148    -0.0142501735    -0.0000000000
56 C    -0.0170657828     0.0072984577     0.0000000000
57 C    -0.0030844134    -0.0211795094    -0.0000000000
58 C    -0.0359081646     0.0026630089     0.0000000000
59 C    -0.0138169511     0.0064825183     0.0000000000
60 C     0.0091979088     0.0129992918     0.0000000000
61 C     0.0321540718    -0.0032850650    -0.0000000000
62 C    -0.0354221753     0.0036017157     0.0000000000
63 C    -0.0253017807    -0.0092888017    -0.0000000000
64 N    -0.0028387280    -0.0049681388     0.0000000000
65 C     0.0108426496     0.0038118138     0.0000000000
66 C    -0.0338717837    -0.0023910974     0.0000000000
67 C    -0.0093694782    -0.0051122245    -0.0000000000
68 C     0.0039308662     0.0172515581     0.0000000000
69 C     0.0139536797    -0.0088928474    -0.0000000000
70 C     0.0210926109     0.0095931291    -0.0000000000
71 C     0.0301584884    -0.0099038776    -0.0000000000
72 N    -0.0089286008    -0.0236117893     0.0000000000
73 C    -0.0096408398     0.0046274677     0.0000000000
74 C     0.0274482857     0.0074781671    -0.0000000000
75 C     0.0065089627    -0.0523171547    -0.0000000000
76 C    -0.0138859752    -0.0338230006     0.0000000000
77 C     0.0183256369     0.0049277155     0.0000000000
78 H     0.0078611989     0.0017451516     0.0000000000
79 H     0.0072480625    -0.0032212432    -0.0000000000
80 H     0.0121806698    -0.0016616075     0.0000000000
81 H     0.0029598137    -0.0078317681    -0.0000000000
82 H     0.0592708777     0.0248793646    -0.0000000000
83 H     0.0036935936    -0.0108774015    -0.0000000000
84 H    -0.0104618942    -0.0020867736     0.0000000000
85 H    -0.0052784967    -0.0070226714    -0.0000000000
86 H    -0.0050600986     0.0034210399     0.0000000000
87 H    -0.0052445951    -0.0033308451    -0.0000000000
88 H    -0.0058702690     0.0033053161    -0.0000000000
89 H    -0.0056988255    -0.0025736179    -0.0000000000
90 H     0.0007075831     0.0620536039     0.0000000000
91 H    -0.0000953352     0.0052569932    -0.0000000000
92 H     0.0000240086     0.0057553181    -0.0000000000
93 H    -0.0007688003     0.0062065576    -0.0000000000
94 H    -0.0092735762     0.0104966496    -0.0000000000
95 H     0.0093677509     0.0102001742    -0.0000000000
96 H     0.0005168861    -0.0048279616     0.0000000000
97 H     0.0022250616    -0.0610294449     0.0000000000
98 H    -0.0026374742    -0.0612305979    -0.0000000000
99 H    -0.0006249252    -0.0055090373     0.0000000000
100 H    -0.0024551419    -0.0082074310    -0.0000000000
101 H    -0.0008631784    -0.0094689585     0.0000000000
----------------------------------------------
cycle 1: E = -3134.10176011  dE = -3134.1  norm(grad) = 0.270513

Geometry optimization cycle 2
Cartesian coordinates (Angstrom)
 Atom        New coordinates             dX        dY        dZ
   C  -7.280186   4.970817   0.000000    0.058039 -0.071943  0.000000
   C  -7.336295   0.679568   0.000000    0.028933 -0.011571  0.000000
   C  -6.133441   2.858243  -0.000000    0.040201 -0.031170 -0.000000
   C  -4.848303   4.974233  -0.000000    0.061787 -0.045384 -0.000000
   C  -7.299587  -3.669100   0.000000    0.058464 -0.026464  0.000000
   C  -6.142944  -1.428547  -0.000000    0.030531  0.003238 -0.000000
   C  -4.911642   0.716623  -0.000000    0.028427 -0.000066 -0.000000
   C  -3.667358   2.842523  -0.000000    0.027487 -0.017789 -0.000000
   C  -2.428550   4.983128  -0.000000    0.028674 -0.022587 -0.000000
   C  -6.001657  -5.724856   0.000000    0.136859  0.002389  0.000000
   C  -4.889700  -3.541474  -0.000000    0.038514  0.038597 -0.000000
   C  -3.679879  -1.405355  -0.000000    0.018290  0.020216 -0.000000
   C  -2.446674   0.725775  -0.000000    0.025105  0.009236 -0.000000
   C  -1.215505   2.848593  -0.000000    0.015199 -0.003314 -0.000000
   C   0.019347   4.972910  -0.000000    0.019347 -0.030258 -0.000000
   N  -3.603410  -5.576924   0.000000    0.075556  0.117128  0.000000
   C  -2.438970  -3.493924  -0.000000    0.027045  0.066999 -0.000000
   C  -1.227511  -1.390606  -0.000000    0.004912  0.032601 -0.000000
   C   0.006925   0.720639  -0.000000    0.006925  0.004830 -0.000000
   C   1.236020   2.840574  -0.000000    0.005315 -0.011333 -0.000000
   C   2.467252   4.938562  -0.000000    0.010028 -0.067153 -0.000000
   N  -1.233499  -5.519174  -0.000000   -0.007164  0.165906 -0.000000
   C   0.008937  -3.500255  -0.000000    0.008937  0.056824 -0.000000
   C   1.216045  -1.405893  -0.000000   -0.016378  0.017314 -0.000000
   C   2.441326   0.708034  -0.000000   -0.030454 -0.008506 -0.000000
   N   3.662404   2.810014  -0.000000   -0.032441 -0.050298 -0.000000
   N   4.852611   4.861863   0.000000   -0.057479 -0.157754  0.000000
   C   1.201375  -5.639885  -0.000000   -0.024959  0.045195 -0.000000
   C   2.444526  -3.515292  -0.000000   -0.021489  0.045631 -0.000000
   C   3.669005  -1.407673  -0.000000   -0.029164  0.017898 -0.000000
   C   4.873674   0.697565  -0.000000   -0.066395 -0.019123 -0.000000
   C   6.118201   2.796476   0.000000   -0.055441 -0.092937  0.000000
   C   7.251105   4.876001   0.000000   -0.087121 -0.166759  0.000000
   C   3.656087  -5.593110  -0.000000   -0.022879  0.100943 -0.000000
   N   4.857094  -3.529072  -0.000000   -0.071121  0.050999 -0.000000
   C   6.118687  -1.429338  -0.000000   -0.054788  0.002447 -0.000000
   C   7.279343   0.670426   0.000000   -0.085884 -0.020713  0.000000
   C   6.111460  -5.621748   0.000000   -0.027056  0.105498  0.000000
   N   7.207397  -3.560405   0.000000   -0.150655  0.082230  0.000000
   C  -7.335876   3.616119   0.000000    0.022175 -0.026516  0.000000
   N  -6.082414   5.609733   0.000000    0.056101 -0.117513  0.000000
   C  -7.338326  -0.687627  -0.000000    0.026902  0.003512 -0.000000
   C  -6.139752   1.423235  -0.000000    0.033723 -0.008550 -0.000000
   C  -4.901285   3.545347  -0.000000    0.026929 -0.034724 -0.000000
   C  -3.663295   5.667078  -0.000000    0.015671 -0.026974 -0.000000
   C  -7.212697  -5.048513   0.000000    0.125529 -0.005753  0.000000
   C  -6.140413  -2.877241   0.000000    0.033229  0.012173  0.000000
   C  -4.920449  -0.711504  -0.000000    0.019620  0.005185 -0.000000
   C  -3.677056   1.424173  -0.000000    0.021113 -0.001398 -0.000000
   C  -2.444012   3.550599  -0.000000    0.022003 -0.010324 -0.000000
   C  -1.205853   5.652229  -0.000000    0.020481 -0.032851 -0.000000
   C  -4.846047  -4.957747   0.000000    0.064044  0.061870  0.000000
   C  -3.674706  -2.805981  -0.000000    0.020139  0.054331 -0.000000
   C  -2.446016  -0.696092  -0.000000    0.025763  0.020448 -0.000000
   C  -1.225528   1.427178  -0.000000    0.006895  0.003971 -0.000000
   C   0.007879   3.548158  -0.000000    0.007879 -0.008920 -0.000000
   C   1.261426   5.629304  -0.000000    0.035091 -0.055776 -0.000000
   C  -2.433347  -4.873165  -0.000000    0.023877  0.132550 -0.000000
   C  -1.194305  -2.803358  -0.000000    0.036399  0.048549 -0.000000
   C   0.005063  -0.699362  -0.000000    0.005063  0.016447 -0.000000
   C   1.219852   1.416688  -0.000000   -0.012571 -0.006519 -0.000000
   C   2.444355   3.522248  -0.000000   -0.021659 -0.038674 -0.000000
   C   3.708588   5.594220   0.000000    0.029622 -0.099833  0.000000
   C   0.022511  -4.918691  -0.000000    0.022511  0.084477 -0.000000
   N   1.226137  -2.810988  -0.000000   -0.004567  0.040919 -0.000000
   C   2.441580  -0.711654  -0.000000   -0.030199  0.004885 -0.000000
   C   3.670118   1.400119  -0.000000   -0.028051 -0.025452 -0.000000
   C   4.896215   3.474220   0.000000   -0.032000 -0.105851  0.000000
   C   6.056790   5.533870   0.000000   -0.081725 -0.193376  0.000000
   C   2.417007  -4.940851  -0.000000   -0.040217  0.064864 -0.000000
   C   3.638678  -2.826026  -0.000000   -0.056167  0.034286 -0.000000
   C   4.880894  -0.713249  -0.000000   -0.059175  0.003440 -0.000000
   N   6.100726   1.391729   0.000000   -0.072749 -0.040056  0.000000
   C   7.324655   3.492919   0.000000   -0.033396 -0.149716  0.000000
   C   4.867619  -4.946550   0.000000   -0.042472  0.073067  0.000000
   C   6.057156  -2.811896   0.000000   -0.116486  0.077518  0.000000
   C   7.324569  -0.682828   0.000000   -0.040658  0.008311  0.000000
   C   7.277327  -4.933720   0.000000   -0.060898  0.109040  0.000000
   H   8.166960   5.453841   0.000000   -0.115224 -0.137583  0.000000
   H   8.282324   2.991980   0.000000   -0.043417 -0.149126  0.000000
   H   8.205349   1.223307   0.000000   -0.121366  0.018645  0.000000
   H   8.297806  -1.157306   0.000000   -0.028909  0.047355  0.000000
   H   8.086252  -3.051021   0.000000   -0.239489  0.090085  0.000000
   H   8.247730  -5.411765   0.000000   -0.034454  0.179659  0.000000
   H  -8.184935   5.565215   0.000000    0.097249 -0.026210  0.000000
   H  -8.308040   3.143924   0.000000    0.017701  0.002818  0.000000
   H  -8.292445   1.188159   0.000000    0.034270 -0.016503  0.000000
   H  -8.294473  -1.195925   0.000000    0.032242  0.008737  0.000000
   H  -8.280286  -3.211645   0.000000    0.045454 -0.070539  0.000000
   H  -8.132833  -5.622710   0.000000    0.149351 -0.031285  0.000000
   H  -6.069381   6.629806   0.000000    0.047245 -0.189621  0.000000
   H  -3.675701   6.754270   0.000000   -0.002944 -0.033162  0.000000
   H  -1.203894   6.738840  -0.000000    0.021686 -0.039568 -0.000000
   H   1.284064   6.715154  -0.000000    0.058484 -0.063254 -0.000000
   H   3.792159   6.672070   0.000000    0.119402 -0.115362  0.000000
   H   5.994754   6.612834   0.000000   -0.121871 -0.206592  0.000000
   H  -5.942235  -6.809999   0.000000    0.174390  0.009428  0.000000
   H  -3.570574  -6.598551   0.000000    0.102183  0.188881  0.000000
   H  -1.248390  -6.540945  -0.000000   -0.022810  0.237463 -0.000000
   H   1.190168  -6.726726  -0.000000   -0.035412  0.051682 -0.000000
   H   3.669477  -6.676828   0.000000   -0.003280  0.110603  0.000000
   H   6.114185  -6.703102   0.000000   -0.002441  0.116324  0.000000
converged SCF energy = -3134.19535785226
--------------- ROKS_Scanner gradients ---------------
         x                y                z
0 C    -0.0013419643     0.0152796235     0.0000000000
1 C     0.0061057918     0.0068085923     0.0000000000
2 C    -0.0122979653     0.0092151133    -0.0000000000
3 C     0.0040346541    -0.0026244544    -0.0000000000
4 C     0.0008913023     0.0074403827     0.0000000000
5 C    -0.0049594330     0.0051994084    -0.0000000000
6 C     0.0016848448    -0.0021514336    -0.0000000000
7 C     0.0016040244     0.0060890190    -0.0000000000
8 C    -0.0101180753     0.0029963136     0.0000000000
9 C    -0.0105284314    -0.0070295736     0.0000000000
10 C     0.0018889059     0.0035048627    -0.0000000000
11 C     0.0087589797     0.0106811501    -0.0000000000
12 C    -0.0074527393    -0.0005198508    -0.0000000000
13 C     0.0014060743    -0.0001391983    -0.0000000000
14 C     0.0031126457     0.0057869261     0.0000000000
15 N    -0.0110442146     0.0126361320    -0.0000000000
16 C     0.0038527159     0.0164905417    -0.0000000000
17 C     0.0100122560    -0.0063443965    -0.0000000000
18 C    -0.0082592120     0.0000531349     0.0000000000
19 C    -0.0107663668    -0.0050298859     0.0000000000
20 C     0.0114172855     0.0018463006     0.0000000000
21 N     0.0103747776     0.0231604470    -0.0000000000
22 C     0.0027817340    -0.0019324330     0.0000000000
23 C    -0.0006880469     0.0047963852     0.0000000000
24 C     0.0040430582     0.0035368408     0.0000000000
25 N    -0.0041221144     0.0056708508     0.0000000000
26 N    -0.0075338867    -0.0010890999     0.0000000000
27 C     0.0090744202    -0.0035891406     0.0000000000
28 C    -0.0036756582     0.0000305649     0.0000000000
29 C    -0.0119039524    -0.0014398657     0.0000000000
30 C     0.0092082823    -0.0029869943    -0.0000000000
31 C     0.0057954518     0.0123301626    -0.0000000000
32 C    -0.0023715777    -0.0015019899    -0.0000000000
33 C    -0.0099093571    -0.0000749660     0.0000000000
34 N    -0.0081551437    -0.0021758669    -0.0000000000
35 C     0.0064007584     0.0334682162    -0.0000000000
36 C    -0.0035503340     0.0067225055    -0.0000000000
37 C    -0.0100099312     0.0042720340     0.0000000000
38 N    -0.0254511295    -0.0015999947    -0.0000000000
39 C     0.0082877036    -0.0129437786     0.0000000000
40 N    -0.0029192687    -0.0237957940     0.0000000000
41 C     0.0039685895    -0.0071171982     0.0000000000
42 C    -0.0067920097    -0.0087527656     0.0000000000
43 C     0.0031653580     0.0077003500     0.0000000000
44 C     0.0152222001    -0.0006382831    -0.0000000000
45 C     0.0127036459    -0.0046685161    -0.0000000000
46 C    -0.0054328021    -0.0067840447     0.0000000000
47 C     0.0007277526     0.0032186001     0.0000000000
48 C     0.0030451893    -0.0043085842     0.0000000000
49 C    -0.0042589165    -0.0037081483     0.0000000000
50 C     0.0054574640     0.0001196765    -0.0000000000
51 C     0.0013599709     0.0034211509    -0.0000000000
52 C     0.0017194802    -0.0127585089     0.0000000000
53 C    -0.0122805171     0.0021103979     0.0000000000
54 C     0.0081746112     0.0018883471    -0.0000000000
55 C     0.0017891902    -0.0067353201    -0.0000000000
56 C    -0.0057379378     0.0007295773    -0.0000000000
57 C    -0.0078101610    -0.0080244036     0.0000000000
58 C    -0.0103838424     0.0022686491     0.0000000000
59 C    -0.0052818779     0.0004963184    -0.0000000000
60 C     0.0020833720     0.0067831159    -0.0000000000
61 C     0.0090551869     0.0012204346    -0.0000000000
62 C    -0.0046557304     0.0091146427     0.0000000000
63 C     0.0008747354    -0.0066947741    -0.0000000000
64 N     0.0008012341    -0.0088734473     0.0000000000
65 C     0.0048140408    -0.0037508294    -0.0000000000
66 C    -0.0107631256    -0.0051377173     0.0000000000
67 C     0.0069583090    -0.0108938651    -0.0000000000
68 C    -0.0081587316    -0.0006295280    -0.0000000000
69 C    -0.0003320552     0.0006070947    -0.0000000000
70 C     0.0043707298     0.0074141166    -0.0000000000
71 C     0.0125410379    -0.0081503029     0.0000000000
72 N    -0.0071088242    -0.0070858907     0.0000000000
73 C     0.0010365782    -0.0032198882     0.0000000000
74 C     0.0159015988    -0.0025515424    -0.0000000000
75 C    -0.0016097438    -0.0102972329     0.0000000000
76 C    -0.0005651132    -0.0111168428     0.0000000000
77 C     0.0179455223    -0.0005687784    -0.0000000000
78 H     0.0018256823    -0.0017712668     0.0000000000
79 H     0.0037353723    -0.0037507075    -0.0000000000
80 H     0.0044697841    -0.0002337428     0.0000000000
81 H     0.0003597497    -0.0028896992    -0.0000000000
82 H     0.0129354084     0.0037177916     0.0000000000
83 H     0.0000865749    -0.0051047014     0.0000000000
84 H    -0.0039490011    -0.0037673386    -0.0000000000
85 H    -0.0018611382    -0.0008826630    -0.0000000000
86 H    -0.0014144135     0.0002616730    -0.0000000000
87 H    -0.0010064742     0.0002852084    -0.0000000000
88 H    -0.0010819948     0.0003872653    -0.0000000000
89 H    -0.0003143916     0.0000743414     0.0000000000
90 H     0.0009381158     0.0129613072    -0.0000000000
91 H    -0.0004732915     0.0014998294    -0.0000000000
92 H    -0.0000480934     0.0009634406     0.0000000000
93 H     0.0000815058     0.0010398156     0.0000000000
94 H    -0.0037951528     0.0036727354    -0.0000000000
95 H     0.0026116136     0.0020852117    -0.0000000000
96 H     0.0014962180    -0.0023212646    -0.0000000000
97 H     0.0019382390    -0.0145046922     0.0000000000
98 H    -0.0021118668    -0.0130226507     0.0000000000
99 H    -0.0008538516    -0.0025295274    -0.0000000000
100 H    -0.0008510648    -0.0005598889    -0.0000000000
101 H     0.0010834772    -0.0012907343     0.0000000000
----------------------------------------------
cycle 2: E = -3134.19535785  dE = -0.0935977  norm(grad) = 0.105926

Geometry optimization cycle 3
Cartesian coordinates (Angstrom)
 Atom        New coordinates             dX        dY        dZ
   C  -7.212574   4.980893   0.000000    0.067612  0.010077  0.000000
   C  -7.330089   0.669378   0.000000    0.006207 -0.010190  0.000000
   C  -6.124486   2.837368   0.000000    0.008955 -0.020876  0.000000
   C  -4.868508   4.946944  -0.000000   -0.020205 -0.027289 -0.000000
   C  -7.283084  -3.658451   0.000000    0.016504  0.010649  0.000000
   C  -6.123765  -1.436916   0.000000    0.019179 -0.008369  0.000000
   C  -4.902181   0.701905  -0.000000    0.009461 -0.014718  0.000000
   C  -3.664029   2.812415  -0.000000    0.003328 -0.030108 -0.000000
   C  -2.433592   4.951104  -0.000000   -0.005042 -0.032024 -0.000000
   C  -5.983663  -5.647029  -0.000000    0.017993  0.077827 -0.000000
   C  -4.864571  -3.540204  -0.000000    0.025129  0.001270 -0.000000
   C  -3.669239  -1.425822  -0.000000    0.010640 -0.020467 -0.000000
   C  -2.431885   0.705754  -0.000000    0.014789 -0.020021 -0.000000
   C  -1.217404   2.826119  -0.000000   -0.001899 -0.022474 -0.000000
   C   0.004308   4.946022  -0.000000   -0.015039 -0.026888 -0.000000
   N  -3.559575  -5.567658  -0.000000    0.043835  0.009266 -0.000000
   C  -2.417610  -3.516919  -0.000000    0.021360 -0.022995 -0.000000
   C  -1.220612  -1.395980  -0.000000    0.006899 -0.005374 -0.000000
   C   0.018505   0.703127  -0.000000    0.011580 -0.017513 -0.000000
   C   1.230758   2.819412  -0.000000   -0.005262 -0.021162 -0.000000
   C   2.443798   4.891674  -0.000000   -0.023454 -0.046888 -0.000000
   N  -1.226478  -5.549205  -0.000000    0.007020 -0.030031 -0.000000
   C   0.020473  -3.479568  -0.000000    0.011537  0.020686 -0.000000
   C   1.223080  -1.411984  -0.000000    0.007035 -0.006090 -0.000000
   C   2.440444   0.698031  -0.000000   -0.000882 -0.010002 -0.000000
   N   3.648856   2.797364  -0.000000   -0.013548 -0.012650 -0.000000
   N   4.882818   4.841057  -0.000000    0.030206 -0.020806 -0.000000
   C   1.171514  -5.590882  -0.000000   -0.029861  0.049003 -0.000000
   C   2.458231  -3.509042  -0.000000    0.013705  0.006250 -0.000000
   C   3.666303  -1.410795  -0.000000   -0.002702 -0.003123 -0.000000
   C   4.855637   0.704984  -0.000000   -0.018036  0.007418 -0.000000
   C   6.077898   2.789954  -0.000000   -0.040303 -0.006523 -0.000000
   C   7.266339   4.900095   0.000000    0.015234  0.024095 -0.000000
   C   3.644707  -5.591276  -0.000000   -0.011379  0.001834 -0.000000
   N   4.875348  -3.517819  -0.000000    0.018254  0.011253 -0.000000
   C   6.078947  -1.455135  -0.000000   -0.039740 -0.025797 -0.000000
   C   7.250523   0.679634   0.000000   -0.028821  0.009208 -0.000000
   C   6.069844  -5.617561   0.000000   -0.041615  0.004187  0.000000
   N   7.237158  -3.517535   0.000000    0.029761  0.042870  0.000000
   C  -7.313317   3.644955   0.000000    0.022560  0.028836  0.000000
   N  -6.046262   5.660832   0.000000    0.036152  0.051098  0.000000
   C  -7.322598  -0.689999   0.000000    0.015727 -0.002372  0.000000
   C  -6.125135   1.413947   0.000000    0.014617 -0.009288  0.000000
   C  -4.899871   3.510900  -0.000000    0.001414 -0.034446 -0.000000
   C  -3.689618   5.618146  -0.000000   -0.026323 -0.048932 -0.000000
   C  -7.236084  -5.028624   0.000000   -0.023387  0.019889 -0.000000
   C  -6.112178  -2.875421  -0.000000    0.028235  0.001819 -0.000000
   C  -4.905345  -0.727537  -0.000000    0.015104 -0.016033 -0.000000
   C  -3.667706   1.403155  -0.000000    0.009350 -0.021018 -0.000000
   C  -2.441562   3.525415  -0.000000    0.002449 -0.025184 -0.000000
   C  -1.222987   5.626449  -0.000000   -0.017133 -0.025780 -0.000000
   C  -4.801410  -4.943428  -0.000000    0.044637  0.014319 -0.000000
   C  -3.651826  -2.809996  -0.000000    0.022880 -0.004015 -0.000000
   C  -2.427006  -0.713188  -0.000000    0.019010 -0.017097 -0.000000
   C  -1.222157   1.405425  -0.000000    0.003370 -0.021753 -0.000000
   C   0.000049   3.530454  -0.000000   -0.007831 -0.017704 -0.000000
   C   1.254782   5.597241  -0.000000   -0.006644 -0.032063 -0.000000
   C  -2.394921  -4.878635  -0.000000    0.038426 -0.005470 -0.000000
   C  -1.175783  -2.806507  -0.000000    0.018522 -0.003149 -0.000000
   C   0.017650  -0.711469  -0.000000    0.012587 -0.012107 -0.000000
   C   1.220205   1.394917  -0.000000    0.000352 -0.021771 -0.000000
   C   2.419563   3.491070  -0.000000   -0.024793 -0.031178 -0.000000
   C   3.715507   5.503417  -0.000000    0.006919 -0.090803 -0.000000
   C  -0.002594  -4.885684  -0.000000   -0.025106  0.033007 -0.000000
   N   1.241312  -2.801484  -0.000000    0.015175  0.009505 -0.000000
   C   2.437633  -0.715473  -0.000000   -0.003947 -0.003819 -0.000000
   C   3.668816   1.399311  -0.000000   -0.001302 -0.000808 -0.000000
   C   4.869581   3.473715  -0.000000   -0.026634 -0.000505 -0.000000
   C   6.069729   5.532318  -0.000000    0.012939 -0.001552 -0.000000
   C   2.408908  -4.928703  -0.000000   -0.008098  0.012147 -0.000000
   C   3.648974  -2.831438  -0.000000    0.010296 -0.005412 -0.000000
   C   4.849017  -0.705830  -0.000000   -0.031877  0.007419 -0.000000
   N   6.082537   1.400384  -0.000000   -0.018188  0.008655 -0.000000
   C   7.270963   3.517349   0.000000   -0.053692  0.024430 -0.000000
   C   4.829674  -4.929486  -0.000000   -0.037945  0.017064 -0.000000
   C   6.071535  -2.803518  -0.000000    0.014379  0.008378 -0.000000
   C   7.269998  -0.661561   0.000000   -0.054572  0.021267  0.000000
   C   7.190331  -4.880008   0.000000   -0.086996  0.053712  0.000000
   H   8.178614   5.478936   0.000000    0.011654  0.025094 -0.000000
   H   8.218821   3.019327   0.000000   -0.063503  0.027347 -0.000000
   H   8.164094   1.237266   0.000000   -0.041255  0.013960  0.000000
   H   8.252247  -1.107760   0.000000   -0.045559  0.049546  0.000000
   H   8.088632  -3.029358   0.000000    0.002380  0.021663  0.000000
   H   8.163962  -5.338380   0.000000   -0.083768  0.073385  0.000000
   H  -8.090287   5.608313   0.000000    0.094648  0.043098  0.000000
   H  -8.297242   3.209998   0.000000    0.010798  0.066073  0.000000
   H  -8.282871   1.176889   0.000000    0.009574 -0.011270  0.000000
   H  -8.272864  -1.204056   0.000000    0.021609 -0.008131  0.000000
   H  -8.251597  -3.182997   0.000000    0.028689  0.028648  0.000000
   H  -8.147368  -5.613849   0.000000   -0.014534  0.008860  0.000000
   H  -6.022928   6.646693   0.000000    0.046452  0.016887  0.000000
   H  -3.701720   6.701757  -0.000000   -0.026019 -0.052513 -0.000000
   H  -1.225081   6.710306  -0.000000   -0.021188 -0.028534 -0.000000
   H   1.288866   6.679817  -0.000000    0.004802 -0.035337 -0.000000
   H   3.825626   6.571050  -0.000000    0.033467 -0.101019 -0.000000
   H   5.963185   6.602560  -0.000000   -0.031569 -0.010275 -0.000000
   H  -5.934466  -6.727660  -0.000000    0.007770  0.082338 -0.000000
   H  -3.543838  -6.553055  -0.000000    0.026736  0.045495 -0.000000
   H  -1.215162  -6.536934  -0.000000    0.033228  0.004010 -0.000000
   H   1.154984  -6.672257  -0.000000   -0.035184  0.054469 -0.000000
   H   3.672131  -6.672208  -0.000000    0.002654  0.004620 -0.000000
   H   6.086076  -6.694772   0.000000   -0.028109  0.008331  0.000000
converged SCF energy = -3134.19020372403
--------------- ROKS_Scanner gradients ---------------
         x                y                z
0 C     0.0181367775    -0.0139970549    -0.0000000000
1 C    -0.0013581195     0.0026102429    -0.0000000000
2 C    -0.0051657377     0.0034590906     0.0000000000
3 C    -0.0162567292    -0.0073721820     0.0000000000
4 C     0.0072420040    -0.0016960204    -0.0000000000
5 C    -0.0024360516     0.0008726693     0.0000000000
6 C    -0.0016536688    -0.0006624309     0.0000000000
7 C     0.0004124343    -0.0021480487     0.0000000000
8 C     0.0019253909     0.0005858911    -0.0000000000
9 C    -0.0009853600     0.0224111068    -0.0000000000
10 C    -0.0045677123    -0.0052661780     0.0000000000
11 C    -0.0011253710    -0.0018675186     0.0000000000
12 C    -0.0006870929     0.0004132605     0.0000000000
13 C     0.0000832300     0.0004364500     0.0000000000
14 C    -0.0008265695    -0.0007533058    -0.0000000000
15 N     0.0093163193    -0.0096798705    -0.0000000000
16 C    -0.0045288484    -0.0050830000     0.0000000000
17 C     0.0012199057     0.0005841289     0.0000000000
18 C     0.0014591759     0.0008185509     0.0000000000
19 C     0.0026170469     0.0018402075     0.0000000000
20 C    -0.0076651782    -0.0038825000     0.0000000000
21 N    -0.0024086991    -0.0223627625     0.0000000000
22 C     0.0049323492     0.0047259980     0.0000000000
23 C     0.0000225057     0.0006730608    -0.0000000000
24 C     0.0019847941     0.0019959573     0.0000000000
25 N     0.0009623969    -0.0055726449     0.0000000000
26 N     0.0136892222     0.0115390158    -0.0000000000
27 C    -0.0096252667     0.0043052660    -0.0000000000
28 C     0.0008899558     0.0038565297    -0.0000000000
29 C     0.0014839573    -0.0016923955    -0.0000000000
30 C    -0.0012216370     0.0040462206     0.0000000000
31 C    -0.0042074205    -0.0030477264    -0.0000000000
32 C     0.0074702104     0.0075304576     0.0000000000
33 C     0.0006869957    -0.0035433305    -0.0000000000
34 N     0.0047829090     0.0128973468     0.0000000000
35 C    -0.0066751559    -0.0172284074     0.0000000000
36 C     0.0044734633     0.0013447835     0.0000000000
37 C    -0.0014320452    -0.0129369306     0.0000000000
38 N     0.0313124678     0.0219274178     0.0000000000
39 C    -0.0029797533     0.0057732681    -0.0000000000
40 N     0.0010213791     0.0358960300     0.0000000000
41 C     0.0032446931    -0.0000243480     0.0000000000
42 C     0.0026738103    -0.0022673869     0.0000000000
43 C     0.0060474299    -0.0024664915    -0.0000000000
44 C    -0.0090921422    -0.0036664548    -0.0000000000
45 C    -0.0125465629    -0.0091107974     0.0000000000
46 C     0.0011096537     0.0002377639    -0.0000000000
47 C     0.0015848866     0.0000713770    -0.0000000000
48 C     0.0025743127    -0.0004816626    -0.0000000000
49 C    -0.0012984260    -0.0005413892    -0.0000000000
50 C    -0.0000762397    -0.0002774817     0.0000000000
51 C     0.0116794676    -0.0041856734    -0.0000000000
52 C     0.0028051024    -0.0010031015    -0.0000000000
53 C     0.0008267790    -0.0024167784    -0.0000000000
54 C     0.0007788785    -0.0003116401    -0.0000000000
55 C     0.0009182475    -0.0000585466     0.0000000000
56 C    -0.0003729203    -0.0011530246     0.0000000000
57 C     0.0088134866    -0.0010803956    -0.0000000000
58 C     0.0028554898    -0.0069502296    -0.0000000000
59 C     0.0011488509    -0.0011988305    -0.0000000000
60 C    -0.0000617103    -0.0006055701    -0.0000000000
61 C    -0.0012732612     0.0027045912    -0.0000000000
62 C     0.0053292425    -0.0218881870    -0.0000000000
63 C    -0.0117288598     0.0060811223    -0.0000000000
64 N     0.0021956181    -0.0000117832     0.0000000000
65 C    -0.0018736661    -0.0021229910     0.0000000000
66 C     0.0018438427    -0.0026901531    -0.0000000000
67 C    -0.0098285173     0.0091243734     0.0000000000
68 C     0.0008458595    -0.0104757499     0.0000000000
69 C     0.0104669903     0.0011334804     0.0000000000
70 C     0.0007179739    -0.0060027606     0.0000000000
71 C    -0.0036241629     0.0004793943    -0.0000000000
72 N     0.0009475427    -0.0035814911     0.0000000000
73 C    -0.0107829876     0.0045498096     0.0000000000
74 C    -0.0013131493     0.0014566502     0.0000000000
75 C     0.0094454744    -0.0063916643    -0.0000000000
76 C    -0.0062813982     0.0066791277    -0.0000000000
77 C    -0.0268627889     0.0123688273    -0.0000000000
78 H    -0.0002089112     0.0007789203     0.0000000000
79 H    -0.0032197098     0.0025278923    -0.0000000000
80 H    -0.0020688382    -0.0011522754     0.0000000000
81 H    -0.0023516959     0.0014571489     0.0000000000
82 H    -0.0158304085    -0.0076985303     0.0000000000
83 H    -0.0037772880     0.0036644939    -0.0000000000
84 H     0.0037932953    -0.0004271517     0.0000000000
85 H     0.0014865054     0.0009270298     0.0000000000
86 H     0.0007000801    -0.0014517898     0.0000000000
87 H     0.0006538776     0.0007980529     0.0000000000
88 H     0.0009610724    -0.0020854393    -0.0000000000
89 H    -0.0017510270     0.0006753300    -0.0000000000
90 H    -0.0004527531    -0.0157732035    -0.0000000000
91 H    -0.0009655598    -0.0016834200     0.0000000000
92 H    -0.0003526131    -0.0008167802    -0.0000000000
93 H     0.0001292195    -0.0008215603     0.0000000000
94 H     0.0022046913    -0.0044129484     0.0000000000
95 H     0.0017113029    -0.0020160985     0.0000000000
96 H     0.0004779285     0.0039432396     0.0000000000
97 H     0.0006894210     0.0190120961     0.0000000000
98 H    -0.0011891624     0.0159675924     0.0000000000
99 H    -0.0008107933     0.0023719866    -0.0000000000
100 H    -0.0004163584     0.0005986340     0.0000000000
101 H    -0.0015887288    -0.0000307019    -0.0000000000
----------------------------------------------
cycle 3: E = -3134.19020372  dE = 0.00515413  norm(grad) = 0.10503

Geometry optimization cycle 4
Cartesian coordinates (Angstrom)
 Atom        New coordinates             dX        dY        dZ
   C  -7.257079   4.974241   0.000000   -0.044505 -0.006653  0.000000
   C  -7.333228   0.672298   0.000000   -0.003140  0.002920  0.000000
   C  -6.123947   2.843166   0.000000    0.000539  0.005799  0.000000
   C  -4.859859   4.959467   0.000000    0.008650  0.012524  0.000000
   C  -7.292618  -3.657540   0.000000   -0.009534  0.000911  0.000000
   C  -6.130982  -1.432524   0.000000   -0.007218  0.004392  0.000000
   C  -4.905249   0.710432  -0.000000   -0.003068  0.008528  0.000000
   C  -3.664253   2.825651  -0.000000   -0.000223  0.013237  0.000000
   C  -2.431368   4.966800  -0.000000    0.002224  0.015696  0.000000
   C  -5.989398  -5.685653  -0.000000   -0.005735 -0.038624  0.000000
   C  -4.876112  -3.539428  -0.000000   -0.011540  0.000776  0.000000
   C  -3.675790  -1.417471  -0.000000   -0.006551  0.008351  0.000000
   C  -2.434143   0.716031  -0.000000   -0.002258  0.010277  0.000000
   C  -1.215109   2.837521  -0.000000    0.002295  0.011402  0.000000
   C   0.008068   4.958260  -0.000000    0.003760  0.012238  0.000000
   N  -3.579525  -5.573038  -0.000000   -0.019949 -0.005380  0.000000
   C  -2.428634  -3.509746  -0.000000   -0.011024  0.007172  0.000000
   C  -1.224773  -1.389405  -0.000000   -0.004161  0.006575  0.000000
   C   0.018826   0.711213  -0.000000    0.000321  0.008086  0.000000
   C   1.237641   2.830896  -0.000000    0.006883  0.011484  0.000000
   C   2.451268   4.914516  -0.000000    0.007470  0.022842  0.000000
   N  -1.233874  -5.541489  -0.000000   -0.007396  0.007716  0.000000
   C   0.011878  -3.485918  -0.000000   -0.008596 -0.006350  0.000000
   C   1.222778  -1.409558  -0.000000   -0.000302  0.002425  0.000000
   C   2.444074   0.703113  -0.000000    0.003630  0.005081  0.000000
   N   3.659971   2.806743  -0.000000    0.011115  0.009379  0.000000
   N   4.869879   4.849731  -0.000000   -0.012939  0.008675  0.000000
   C   1.179682  -5.608841  -0.000000    0.008168 -0.017959  0.000000
   C   2.450599  -3.514664  -0.000000   -0.007632 -0.005622  0.000000
   C   3.672056  -1.410071  -0.000000    0.005752  0.000724  0.000000
   C   4.864315   0.704345  -0.000000    0.008677 -0.000638  0.000000
   C   6.100158   2.790519  -0.000000    0.022260  0.000565  0.000000
   C   7.251449   4.896288   0.000000   -0.014889 -0.003807 -0.000000
   C   3.652555  -5.594754  -0.000000    0.007847 -0.003478  0.000000
   N   4.867484  -3.531036  -0.000000   -0.007864 -0.013217 -0.000000
   C   6.094236  -1.459770  -0.000000    0.015289 -0.004635 -0.000000
   C   7.260438   0.665918  -0.000000    0.009915 -0.013716 -0.000000
   C   6.096445  -5.621941   0.000000    0.026601 -0.004380 -0.000000
   N   7.225119  -3.555073   0.000000   -0.012039 -0.037537 -0.000000
   C  -7.326781   3.631914   0.000000   -0.013464 -0.013042  0.000000
   N  -6.069808   5.628163   0.000000   -0.023546 -0.032669  0.000000
   C  -7.332627  -0.688083   0.000000   -0.010029  0.001916  0.000000
   C  -6.129143   1.420211   0.000000   -0.004009  0.006264  0.000000
   C  -4.900982   3.523698  -0.000000   -0.001111  0.012798  0.000000
   C  -3.682371   5.643402  -0.000000    0.007247  0.025256  0.000000
   C  -7.222358  -5.029074   0.000000    0.013726 -0.000450  0.000000
   C  -6.122970  -2.872259  -0.000000   -0.010792  0.003162  0.000000
   C  -4.912593  -0.720044  -0.000000   -0.007249  0.007493  0.000000
   C  -3.670895   1.414417  -0.000000   -0.003189  0.011262  0.000000
   C  -2.439832   3.539070  -0.000000    0.001731  0.013655  0.000000
   C  -1.218781   5.639681  -0.000000    0.004206  0.013232  0.000000
   C  -4.823925  -4.950875  -0.000000   -0.022515 -0.007447  0.000000
   C  -3.663650  -2.804209  -0.000000   -0.011824  0.005786  0.000000
   C  -2.432089  -0.704180  -0.000000   -0.005083  0.009008  0.000000
   C  -1.222388   1.415429  -0.000000   -0.000231  0.010004  0.000000
   C   0.004745   3.541324  -0.000000    0.004696  0.010870  0.000000
   C   1.256996   5.612478  -0.000000    0.002214  0.015237  0.000000
   C  -2.412575  -4.875504  -0.000000   -0.017654  0.003130  0.000000
   C  -1.184206  -2.802242  -0.000000   -0.008423  0.004265  0.000000
   C   0.016093  -0.705474  -0.000000   -0.001557  0.005995  0.000000
   C   1.223552   1.403675  -0.000000    0.003348  0.008758  0.000000
   C   2.430766   3.506051  -0.000000    0.011204  0.014981  0.000000
   C   3.713488   5.543814  -0.000000   -0.002019  0.040397  0.000000
   C   0.004217  -4.897246  -0.000000    0.006811 -0.011562  0.000000
   N   1.233000  -2.802955  -0.000000   -0.008312 -0.001471  0.000000
   C   2.441798  -0.712483  -0.000000    0.004165  0.002991  0.000000
   C   3.675129   1.405226  -0.000000    0.006313  0.005915  0.000000
   C   4.886307   3.475676  -0.000000    0.016727  0.001961  0.000000
   C   6.058651   5.543618  -0.000000   -0.011078  0.011300  0.000000
   C   2.410084  -4.937285  -0.000000    0.001176 -0.008582  0.000000
   C   3.643510  -2.833843  -0.000000   -0.005464 -0.002405  0.000000
   C   4.862121  -0.708474  -0.000000    0.013104 -0.002644  0.000000
   N   6.095090   1.397404  -0.000000    0.012552 -0.002980 -0.000000
   C   7.297246   3.512898  -0.000000    0.026283 -0.004451 -0.000000
   C   4.845269  -4.941647  -0.000000    0.015596 -0.012161 -0.000000
   C   6.065040  -2.817440  -0.000000   -0.006495 -0.013923 -0.000000
   C   7.293750  -0.678528  -0.000000    0.023752 -0.016967 -0.000000
   C   7.242365  -4.920646   0.000000    0.052034 -0.040639 -0.000000
   H   8.159058   5.482826   0.000000   -0.019556  0.003890 -0.000000
   H   8.252933   3.025084   0.000000    0.034112  0.005757 -0.000000
   H   8.174827   1.225176   0.000000    0.010733 -0.012090 -0.000000
   H   8.277244  -1.126177   0.000000    0.024997 -0.018416 -0.000000
   H   8.080372  -3.049326   0.000000   -0.008260 -0.019968 -0.000000
   H   8.220775  -5.376011   0.000000    0.056813 -0.037631 -0.000000
   H  -8.137909   5.601056   0.000000   -0.047622 -0.007257  0.000000
   H  -8.302598   3.176173   0.000000   -0.005356 -0.033825  0.000000
   H  -8.285252   1.183210   0.000000   -0.002381  0.006320  0.000000
   H  -8.283800  -1.202138   0.000000   -0.010935  0.001917  0.000000
   H  -8.265534  -3.188265   0.000000   -0.013936 -0.005268  0.000000
   H  -8.135956  -5.610100   0.000000    0.011412  0.003749  0.000000
   H  -6.054136   6.625242   0.000000   -0.031207 -0.021451  0.000000
   H  -3.693191   6.728121  -0.000000    0.008529  0.026364  0.000000
   H  -1.218591   6.724224  -0.000000    0.006490  0.013918  0.000000
   H   1.285807   6.695909  -0.000000   -0.003059  0.016092  0.000000
   H   3.824651   6.613976  -0.000000   -0.000975  0.042926  0.000000
   H   5.955281   6.615769   0.000000   -0.007904  0.013209  0.000000
   H  -5.944270  -6.768721  -0.000000   -0.009805 -0.041060  0.000000
   H  -3.561841  -6.571115  -0.000000   -0.018003 -0.018060  0.000000
   H  -1.225945  -6.540398  -0.000000   -0.010783 -0.003464  0.000000
   H   1.167353  -6.691683  -0.000000    0.012369 -0.019426  0.000000
   H   3.679050  -6.676440  -0.000000    0.006919 -0.004232  0.000000
   H   6.101967  -6.699652   0.000000    0.015891 -0.004880 -0.000000
converged SCF energy = -3134.20320818317
