1721587602.7827075

Geometry optimization cycle 1
Cartesian coordinates (Angstrom)
 Atom        New coordinates             dX        dY        dZ
   C  -7.338226   5.042760   0.000000    0.000000  0.000000  0.000000
   C  -7.365228   0.691139   0.000000    0.000000  0.000000  0.000000
   C  -6.173642   2.889413   0.000000    0.000000  0.000000  0.000000
   C  -4.910090   5.019617   0.000000    0.000000  0.000000  0.000000
   C  -7.358051  -3.642635   0.000000    0.000000  0.000000  0.000000
   C  -6.173475  -1.431785   0.000000    0.000000  0.000000  0.000000
   C  -4.940069   0.716689   0.000000    0.000000  0.000000  0.000000
   C  -3.694845   2.860312   0.000000    0.000000  0.000000  0.000000
   C  -2.457224   5.005715   0.000000    0.000000  0.000000  0.000000
   C  -6.138515  -5.727246   0.000000    0.000000  0.000000  0.000000
   C  -4.928214  -3.580071   0.000000    0.000000  0.000000  0.000000
   C  -3.698169  -1.425571   0.000000    0.000000  0.000000  0.000000
   C  -2.471779   0.716540   0.000000    0.000000  0.000000  0.000000
   C  -1.230705   2.851907   0.000000    0.000000 -0.000000  0.000000
   C   0.000000   5.003169   0.000000    0.000000  0.000000  0.000000
   C  -3.678966  -5.694052   0.000000    0.000000  0.000000  0.000000
   C  -2.466015  -3.560923   0.000000    0.000000  0.000000  0.000000
   C  -1.232423  -1.423207   0.000000    0.000000  0.000000  0.000000
   C   0.000000   0.715809   0.000000    0.000000  0.000000  0.000000
   C   1.230705   2.851907   0.000000    0.000000 -0.000000  0.000000
   C   2.457224   5.005715   0.000000    0.000000  0.000000  0.000000
   C  -1.226334  -5.685080   0.000000    0.000000  0.000000  0.000000
   C   0.000000  -3.557079   0.000000    0.000000  0.000000  0.000000
   C   1.232423  -1.423207   0.000000    0.000000  0.000000  0.000000
   C   2.471779   0.716540   0.000000    0.000000  0.000000  0.000000
   C   3.694845   2.860312   0.000000    0.000000  0.000000  0.000000
   C   4.910090   5.019617   0.000000    0.000000  0.000000  0.000000
   C   1.226334  -5.685080   0.000000    0.000000  0.000000  0.000000
   C   2.466015  -3.560923   0.000000    0.000000  0.000000  0.000000
   C   3.698169  -1.425571   0.000000    0.000000  0.000000  0.000000
   C   4.940069   0.716689   0.000000    0.000000  0.000000  0.000000
   C   6.173642   2.889413   0.000000    0.000000  0.000000  0.000000
   C   7.338226   5.042760   0.000000    0.000000  0.000000  0.000000
   C   3.678966  -5.694052   0.000000    0.000000  0.000000  0.000000
   C   4.928214  -3.580071   0.000000    0.000000  0.000000  0.000000
   C   6.173475  -1.431785   0.000000   -0.000000  0.000000  0.000000
   C   7.365228   0.691139   0.000000    0.000000  0.000000  0.000000
   C   6.138515  -5.727246   0.000000    0.000000  0.000000  0.000000
   C   7.358051  -3.642635   0.000000   -0.000000  0.000000  0.000000
   C  -7.358051   3.642635   0.000000    0.000000  0.000000  0.000000
   C  -6.138515   5.727246   0.000000    0.000000  0.000000  0.000000
   C  -7.365228  -0.691139   0.000000    0.000000  0.000000  0.000000
   C  -6.173475   1.431785   0.000000    0.000000  0.000000  0.000000
   C  -4.928214   3.580071   0.000000    0.000000 -0.000000  0.000000
   C  -3.678966   5.694052   0.000000    0.000000  0.000000  0.000000
   C  -7.338226  -5.042760   0.000000    0.000000  0.000000  0.000000
   C  -6.173642  -2.889413   0.000000    0.000000  0.000000  0.000000
   C  -4.940069  -0.716689   0.000000    0.000000  0.000000  0.000000
   C  -3.698169   1.425571   0.000000    0.000000  0.000000  0.000000
   C  -2.466015   3.560923   0.000000    0.000000 -0.000000  0.000000
   C  -1.226334   5.685080   0.000000    0.000000  0.000000  0.000000
   C  -4.910090  -5.019617   0.000000    0.000000  0.000000  0.000000
   C  -3.694845  -2.860312   0.000000    0.000000  0.000000  0.000000
   C  -2.471779  -0.716540   0.000000    0.000000  0.000000  0.000000
   C  -1.232423   1.423207   0.000000    0.000000  0.000000  0.000000
   C   0.000000   3.557079   0.000000    0.000000  0.000000  0.000000
   C   1.226334   5.685080   0.000000    0.000000  0.000000  0.000000
   C  -2.457224  -5.005715   0.000000    0.000000  0.000000  0.000000
   C  -1.230705  -2.851907   0.000000    0.000000  0.000000  0.000000
   C   0.000000  -0.715809   0.000000    0.000000  0.000000  0.000000
   C   1.232423   1.423207   0.000000    0.000000  0.000000  0.000000
   C   2.466015   3.560923   0.000000    0.000000 -0.000000  0.000000
   C   3.678966   5.694052   0.000000    0.000000  0.000000  0.000000
   C   0.000000  -5.003169   0.000000    0.000000  0.000000  0.000000
   C   1.230705  -2.851907   0.000000    0.000000  0.000000  0.000000
   C   2.471779  -0.716540   0.000000    0.000000  0.000000  0.000000
   C   3.698169   1.425571   0.000000    0.000000  0.000000  0.000000
   C   4.928214   3.580071   0.000000    0.000000 -0.000000  0.000000
   C   6.138515   5.727246   0.000000    0.000000  0.000000  0.000000
   C   2.457224  -5.005715   0.000000    0.000000  0.000000  0.000000
   C   3.694845  -2.860312   0.000000    0.000000  0.000000  0.000000
   C   4.940069  -0.716689   0.000000    0.000000  0.000000  0.000000
   C   6.173475   1.431785   0.000000   -0.000000  0.000000  0.000000
   C   7.358051   3.642635   0.000000   -0.000000  0.000000  0.000000
   C   4.910090  -5.019617   0.000000    0.000000  0.000000  0.000000
   C   6.173642  -2.889413   0.000000    0.000000  0.000000  0.000000
   N   7.365228  -0.691139   0.000000    0.000000  0.000000  0.000000
   C   7.338226  -5.042760   0.000000    0.000000  0.000000  0.000000
   H   8.282184   5.591425   0.000000    0.000000 -0.000000  0.000000
   H   8.325741   3.141106   0.000000    0.000000  0.000000  0.000000
   H   8.326715   1.204661   0.000000    0.000000  0.000000  0.000000
   H   8.326715  -1.204661   0.000000    0.000000  0.000000  0.000000
   H   8.325741  -3.141106   0.000000    0.000000  0.000000  0.000000
   H   8.282184  -5.591425   0.000000    0.000000  0.000000  0.000000
   H  -8.282184   5.591425   0.000000    0.000000 -0.000000  0.000000
   H  -8.325741   3.141106   0.000000    0.000000  0.000000  0.000000
   H  -8.326715   1.204661   0.000000    0.000000  0.000000  0.000000
   H  -8.326715  -1.204661   0.000000    0.000000  0.000000  0.000000
   H  -8.325741  -3.141106   0.000000    0.000000  0.000000  0.000000
   H  -8.282184  -5.591425   0.000000    0.000000  0.000000  0.000000
   H  -6.116625   6.819427   0.000000    0.000000  0.000000  0.000000
   H  -3.672757   6.787431   0.000000    0.000000  0.000000  0.000000
   H  -1.225580   6.778408   0.000000    0.000000 -0.000000  0.000000
   H   1.225580   6.778408   0.000000    0.000000 -0.000000  0.000000
   H   3.672757   6.787431   0.000000    0.000000  0.000000  0.000000
   H   6.116625   6.819427   0.000000   -0.000000  0.000000  0.000000
   H  -6.116625  -6.819427   0.000000    0.000000  0.000000  0.000000
   H  -3.672757  -6.787431   0.000000    0.000000  0.000000  0.000000
   H  -1.225580  -6.778408   0.000000    0.000000  0.000000  0.000000
   H   1.225580  -6.778408   0.000000    0.000000  0.000000  0.000000
   H   3.672757  -6.787431   0.000000    0.000000  0.000000  0.000000
   H   6.116625  -6.819427   0.000000   -0.000000  0.000000  0.000000
SCF not converged.
SCF energy = -3001.26057449576
--------------- ROKS_Scanner gradients ---------------
         x                y                z
0 C    -0.0032828385     0.0000513397    -0.0000000000
1 C    -0.0025438539    -0.0001633781    -0.0000000000
2 C     0.0007834113    -0.0048295420    -0.0000000000
3 C     0.0040171213     0.0046388065     0.0000000000
4 C    -0.0024887866    -0.0033528454    -0.0000000000
5 C     0.0002264049    -0.0050035078    -0.0000000000
6 C     0.0024059497     0.0004129218     0.0000000000
7 C    -0.0025654436    -0.0009969620    -0.0000000000
8 C     0.0058519271     0.0029979035    -0.0000000000
9 C     0.0028962885    -0.0033151705     0.0000000000
10 C     0.0012804723    -0.0004375968    -0.0000000000
11 C    -0.0025461307    -0.0004088906    -0.0000000000
12 C     0.0025734066    -0.0020674070     0.0000000000
13 C     0.0007597047     0.0006711909    -0.0000000000
14 C    -0.0027833166     0.0006488611    -0.0000000000
15 C     0.0006910347    -0.0040251458     0.0000000000
16 C     0.0030918446    -0.0008283962     0.0000000000
17 C    -0.0006363456     0.0008176856     0.0000000000
18 C    -0.0005097384    -0.0000002673     0.0000000000
19 C     0.0055194536    -0.0017689415     0.0000000000
20 C    -0.0066123304     0.0005763301    -0.0000000000
21 C     0.0007224037    -0.0055937316     0.0000000000
22 C     0.0010692159     0.0021499589     0.0000000000
23 C     0.0007135470    -0.0008338799    -0.0000000000
24 C     0.0031503306     0.0035854237     0.0000000000
25 C     0.0019528971    -0.0072876708    -0.0000000000
26 C     0.0001748973     0.0020222168    -0.0000000000
27 C    -0.0030262928    -0.0071401855    -0.0000000000
28 C    -0.0004368061     0.0026673556    -0.0000000000
29 C    -0.0014333795     0.0049618005    -0.0000000000
30 C     0.0154164781    -0.0020375839    -0.0000000000
31 C    -0.0078554365    -0.0110299294    -0.0000000000
32 C     0.0043404178    -0.0017595297    -0.0000000000
33 C    -0.0092063595    -0.0058795953    -0.0000000000
34 C     0.0014846687    -0.0070425139     0.0000000000
35 C    -0.0086429391    -0.0021202070    -0.0000000000
36 C     0.0175868221     0.0078931730     0.0000000000
37 C    -0.0067110583    -0.0041620260     0.0000000000
38 C    -0.0067466723    -0.0039067671    -0.0000000000
39 C    -0.0039920965     0.0003413301     0.0000000000
40 C     0.0001250110     0.0022709926    -0.0000000000
41 C    -0.0027774939    -0.0004510952     0.0000000000
42 C    -0.0002698282     0.0052591000    -0.0000000000
43 C     0.0008801097    -0.0011708394    -0.0000000000
44 C    -0.0050972918     0.0008593992     0.0000000000
45 C    -0.0043222134     0.0012427498     0.0000000000
46 C     0.0010209853     0.0065632436     0.0000000000
47 C     0.0025147567    -0.0008771560     0.0000000000
48 C    -0.0029118399     0.0006759968    -0.0000000000
49 C     0.0012493174     0.0032414876     0.0000000000
50 C    -0.0024180914    -0.0007909062     0.0000000000
51 C    -0.0026133359    -0.0016270232    -0.0000000000
52 C    -0.0007555799     0.0024857697     0.0000000000
53 C     0.0016841643     0.0014437230    -0.0000000000
54 C    -0.0001635359    -0.0015880993    -0.0000000000
55 C    -0.0038753936     0.0049390176     0.0000000000
56 C     0.0043248239    -0.0001298305     0.0000000000
57 C    -0.0027902593     0.0032778430    -0.0000000000
58 C     0.0012973548    -0.0011582474    -0.0000000000
59 C    -0.0011237345     0.0005122872     0.0000000000
60 C     0.0001960903     0.0012429542    -0.0000000000
61 C    -0.0057837174     0.0017598663     0.0000000000
62 C     0.0032736893     0.0019790680     0.0000000000
63 C    -0.0018001745     0.0081790038    -0.0000000000
64 C     0.0008721447    -0.0020562725     0.0000000000
65 C     0.0004798763    -0.0023599244     0.0000000000
66 C    -0.0100759270     0.0062972556    -0.0000000000
67 C     0.0010506333     0.0010404469     0.0000000000
68 C    -0.0028376971     0.0035119021    -0.0000000000
69 C     0.0077334459     0.0096691957     0.0000000000
70 C    -0.0032621111    -0.0004411699     0.0000000000
71 C    -0.0066424816    -0.0008812691     0.0000000000
72 C    -0.0192915614     0.0155908091     0.0000000000
73 C     0.0056112865     0.0037523017     0.0000000000
74 C     0.0122562295     0.0060206609     0.0000000000
75 C    -0.0068653495    -0.0037226112     0.0000000000
76 N    -0.0107392458     0.0094661251     0.0000000000
77 C     0.0038602363    -0.0017025876     0.0000000000
78 H     0.0049395861     0.0028507039     0.0000000000
79 H     0.0041565395    -0.0033837251     0.0000000000
80 H     0.0042436355     0.0104764036    -0.0000000000
81 H     0.0539349590    -0.0244836618    -0.0000000000
82 H     0.0034607000     0.0037053089     0.0000000000
83 H     0.0052021677    -0.0033293030    -0.0000000000
84 H    -0.0048630298     0.0027048909    -0.0000000000
85 H    -0.0048159888    -0.0025352012    -0.0000000000
86 H    -0.0055175344     0.0031454180     0.0000000000
87 H    -0.0055538923    -0.0029196311    -0.0000000000
88 H    -0.0057518645     0.0031305771    -0.0000000000
89 H    -0.0050873594    -0.0029117844    -0.0000000000
90 H     0.0003695367     0.0051332993    -0.0000000000
91 H     0.0000229075     0.0039725870    -0.0000000000
92 H    -0.0000793149     0.0032774342     0.0000000000
93 H    -0.0000666741     0.0040788890    -0.0000000000
94 H    -0.0001590267     0.0053832443     0.0000000000
95 H    -0.0004550156     0.0058990290    -0.0000000000
96 H     0.0001800263    -0.0060704696    -0.0000000000
97 H    -0.0001529400    -0.0066616133    -0.0000000000
98 H    -0.0002123676    -0.0076919171    -0.0000000000
99 H    -0.0001165170    -0.0086074707    -0.0000000000
100 H    -0.0001416027    -0.0085582009    -0.0000000000
101 H    -0.0002523182    -0.0073738121    -0.0000000000
----------------------------------------------
cycle 1: E = -3001.2605745  dE = -3001.26  norm(grad) = 0.0901264
