1721598101.199693

Geometry optimization cycle 1
Cartesian coordinates (Angstrom)
 Atom        New coordinates             dX        dY        dZ
   C  -7.338226   5.042760   0.000000    0.000000  0.000000  0.000000
   C  -7.365228   0.691139   0.000000    0.000000  0.000000  0.000000
   C  -6.173642   2.889413   0.000000    0.000000  0.000000  0.000000
   C  -4.910090   5.019617   0.000000    0.000000  0.000000  0.000000
   C  -7.358051  -3.642635   0.000000    0.000000  0.000000  0.000000
   C  -6.173475  -1.431785   0.000000    0.000000  0.000000  0.000000
   C  -4.940069   0.716689   0.000000    0.000000  0.000000  0.000000
   C  -3.694845   2.860312   0.000000    0.000000  0.000000  0.000000
   C  -2.457224   5.005715   0.000000    0.000000  0.000000  0.000000
   C  -6.138515  -5.727246   0.000000    0.000000  0.000000  0.000000
   C  -4.928214  -3.580071   0.000000    0.000000  0.000000  0.000000
   C  -3.698169  -1.425571   0.000000    0.000000  0.000000  0.000000
   C  -2.471779   0.716540   0.000000    0.000000  0.000000  0.000000
   C  -1.230705   2.851907   0.000000    0.000000 -0.000000  0.000000
   C   0.000000   5.003169   0.000000    0.000000  0.000000  0.000000
   C  -3.678966  -5.694052   0.000000    0.000000  0.000000  0.000000
   C  -2.466015  -3.560923   0.000000    0.000000  0.000000  0.000000
   C  -1.232423  -1.423207   0.000000    0.000000  0.000000  0.000000
   C   0.000000   0.715809   0.000000    0.000000  0.000000  0.000000
   N   1.230705   2.851907   0.000000    0.000000 -0.000000  0.000000
   C   2.457224   5.005715   0.000000    0.000000  0.000000  0.000000
   C  -1.226334  -5.685080   0.000000    0.000000  0.000000  0.000000
   C   0.000000  -3.557079   0.000000    0.000000  0.000000  0.000000
   C   1.232423  -1.423207   0.000000    0.000000  0.000000  0.000000
   C   2.471779   0.716540   0.000000    0.000000  0.000000  0.000000
   C   3.694845   2.860312   0.000000    0.000000  0.000000  0.000000
   C   4.910090   5.019617   0.000000    0.000000  0.000000  0.000000
   C   1.226334  -5.685080   0.000000    0.000000  0.000000  0.000000
   C   2.466015  -3.560923   0.000000    0.000000  0.000000  0.000000
   C   3.698169  -1.425571   0.000000    0.000000  0.000000  0.000000
   C   4.940069   0.716689   0.000000    0.000000  0.000000  0.000000
   C   6.173642   2.889413   0.000000    0.000000  0.000000  0.000000
   C   7.338226   5.042760   0.000000    0.000000  0.000000  0.000000
   C   3.678966  -5.694052   0.000000    0.000000  0.000000  0.000000
   C   4.928214  -3.580071   0.000000    0.000000  0.000000  0.000000
   C   6.173475  -1.431785   0.000000   -0.000000  0.000000  0.000000
   C   7.365228   0.691139   0.000000    0.000000  0.000000  0.000000
   C   6.138515  -5.727246   0.000000    0.000000  0.000000  0.000000
   C   7.358051  -3.642635   0.000000   -0.000000  0.000000  0.000000
   C  -7.358051   3.642635   0.000000    0.000000  0.000000  0.000000
   C  -6.138515   5.727246   0.000000    0.000000  0.000000  0.000000
   C  -7.365228  -0.691139   0.000000    0.000000  0.000000  0.000000
   N  -6.173475   1.431785   0.000000    0.000000  0.000000  0.000000
   C  -4.928214   3.580071   0.000000    0.000000 -0.000000  0.000000
   C  -3.678966   5.694052   0.000000    0.000000  0.000000  0.000000
   C  -7.338226  -5.042760   0.000000    0.000000  0.000000  0.000000
   C  -6.173642  -2.889413   0.000000    0.000000  0.000000  0.000000
   C  -4.940069  -0.716689   0.000000    0.000000  0.000000  0.000000
   C  -3.698169   1.425571   0.000000    0.000000  0.000000  0.000000
   C  -2.466015   3.560923   0.000000    0.000000 -0.000000  0.000000
   C  -1.226334   5.685080   0.000000    0.000000  0.000000  0.000000
   C  -4.910090  -5.019617   0.000000    0.000000  0.000000  0.000000
   C  -3.694845  -2.860312   0.000000    0.000000  0.000000  0.000000
   C  -2.471779  -0.716540   0.000000    0.000000  0.000000  0.000000
   C  -1.232423   1.423207   0.000000    0.000000  0.000000  0.000000
   C   0.000000   3.557079   0.000000    0.000000  0.000000  0.000000
   C   1.226334   5.685080   0.000000    0.000000  0.000000  0.000000
   C  -2.457224  -5.005715   0.000000    0.000000  0.000000  0.000000
   N  -1.230705  -2.851907   0.000000    0.000000  0.000000  0.000000
   C   0.000000  -0.715809   0.000000    0.000000  0.000000  0.000000
   C   1.232423   1.423207   0.000000    0.000000  0.000000  0.000000
   C   2.466015   3.560923   0.000000    0.000000 -0.000000  0.000000
   C   3.678966   5.694052   0.000000    0.000000  0.000000  0.000000
   C   0.000000  -5.003169   0.000000    0.000000  0.000000  0.000000
   C   1.230705  -2.851907   0.000000    0.000000  0.000000  0.000000
   C   2.471779  -0.716540   0.000000    0.000000  0.000000  0.000000
   C   3.698169   1.425571   0.000000    0.000000  0.000000  0.000000
   C   4.928214   3.580071   0.000000    0.000000 -0.000000  0.000000
   C   6.138515   5.727246   0.000000    0.000000  0.000000  0.000000
   C   2.457224  -5.005715   0.000000    0.000000  0.000000  0.000000
   C   3.694845  -2.860312   0.000000    0.000000  0.000000  0.000000
   C   4.940069  -0.716689   0.000000    0.000000  0.000000  0.000000
   C   6.173475   1.431785   0.000000   -0.000000  0.000000  0.000000
   C   7.358051   3.642635   0.000000   -0.000000  0.000000  0.000000
   C   4.910090  -5.019617   0.000000    0.000000  0.000000  0.000000
   C   6.173642  -2.889413   0.000000    0.000000  0.000000  0.000000
   C   7.365228  -0.691139   0.000000    0.000000  0.000000  0.000000
   C   7.338226  -5.042760   0.000000    0.000000  0.000000  0.000000
   H   8.282184   5.591425   0.000000    0.000000 -0.000000  0.000000
   H   8.325741   3.141106   0.000000    0.000000  0.000000  0.000000
   H   8.326715   1.204661   0.000000    0.000000  0.000000  0.000000
   H   8.326715  -1.204661   0.000000    0.000000  0.000000  0.000000
   H   8.325741  -3.141106   0.000000    0.000000  0.000000  0.000000
   H   8.282184  -5.591425   0.000000    0.000000  0.000000  0.000000
   H  -8.282184   5.591425   0.000000    0.000000 -0.000000  0.000000
   H  -8.325741   3.141106   0.000000    0.000000  0.000000  0.000000
   H  -8.326715   1.204661   0.000000    0.000000  0.000000  0.000000
   H  -8.326715  -1.204661   0.000000    0.000000  0.000000  0.000000
   H  -8.325741  -3.141106   0.000000    0.000000  0.000000  0.000000
   H  -8.282184  -5.591425   0.000000    0.000000  0.000000  0.000000
   H  -6.116625   6.819427   0.000000    0.000000  0.000000  0.000000
   H  -3.672757   6.787431   0.000000    0.000000  0.000000  0.000000
   H  -1.225580   6.778408   0.000000    0.000000 -0.000000  0.000000
   H   1.225580   6.778408   0.000000    0.000000 -0.000000  0.000000
   H   3.672757   6.787431   0.000000    0.000000  0.000000  0.000000
   H   6.116625   6.819427   0.000000   -0.000000  0.000000  0.000000
   H  -6.116625  -6.819427   0.000000    0.000000  0.000000  0.000000
   H  -3.672757  -6.787431   0.000000    0.000000  0.000000  0.000000
   H  -1.225580  -6.778408   0.000000    0.000000  0.000000  0.000000
   H   1.225580  -6.778408   0.000000    0.000000  0.000000  0.000000
   H   3.672757  -6.787431   0.000000    0.000000  0.000000  0.000000
   H   6.116625  -6.819427   0.000000   -0.000000  0.000000  0.000000
SCF not converged.
SCF energy = -3034.45637104834
--------------- ROKS_Scanner gradients ---------------
         x                y                z
0 C    -0.0142858824    -0.0069009212    -0.0000000000
1 C    -0.0113486021     0.0142475422     0.0000000000
2 C     0.0080384534     0.0015334080    -0.0000000000
3 C    -0.0070809152    -0.0035948098    -0.0000000000
4 C     0.0032938412    -0.0037369007     0.0000000000
5 C    -0.0167299946     0.0107387341     0.0000000000
6 C    -0.0006047816    -0.0131799466     0.0000000000
7 C    -0.0002155965    -0.0039909371     0.0000000000
8 C    -0.0008842303    -0.0046257179     0.0000000000
9 C     0.0058140384    -0.0028805552    -0.0000000000
10 C    -0.0045589553     0.0023054190     0.0000000000
11 C    -0.0047162802    -0.0032421704    -0.0000000000
12 C    -0.0154697340     0.0042746267    -0.0000000000
13 C    -0.0125027395     0.0018305162    -0.0000000000
14 C    -0.0014642580    -0.0020717428    -0.0000000000
15 C     0.0053231779    -0.0083210948    -0.0000000000
16 C    -0.0117401603    -0.0046695109     0.0000000000
17 C    -0.0017837875     0.0095599174    -0.0000000000
18 C     0.0008510476    -0.0066521654    -0.0000000000
19 N    -0.0078378367     0.0035278398    -0.0000000000
20 C     0.0096612630    -0.0034984450    -0.0000000000
21 C     0.0003101263    -0.0074447083     0.0000000000
22 C     0.0145929959    -0.0042861926     0.0000000000
23 C    -0.0062522652     0.0004299654    -0.0000000000
24 C    -0.0025143360    -0.0126216043    -0.0000000000
25 C     0.0050328421     0.0043491651    -0.0000000000
26 C     0.0042083445    -0.0003192557    -0.0000000000
27 C    -0.0044179155    -0.0088734250    -0.0000000000
28 C     0.0024886875     0.0029383501    -0.0000000000
29 C     0.0004770326     0.0023990307    -0.0000000000
30 C    -0.0036528276     0.0002715556    -0.0000000000
31 C    -0.0020697168    -0.0054764620    -0.0000000000
32 C     0.0060203752    -0.0005093249    -0.0000000000
33 C    -0.0021774911    -0.0038129219    -0.0000000000
34 C    -0.0014161422    -0.0010414085    -0.0000000000
35 C     0.0024586238    -0.0021431073    -0.0000000000
36 C     0.0010300605     0.0024767561    -0.0000000000
37 C    -0.0028705718    -0.0030624750    -0.0000000000
38 C     0.0009189787    -0.0029091629    -0.0000000000
39 C     0.0011141878     0.0233474708     0.0000000000
40 C     0.0117355263     0.0029763197     0.0000000000
41 C     0.0040096018    -0.0284647522     0.0000000000
42 N    -0.0074225564     0.0023628612    -0.0000000000
43 C    -0.0033706980     0.0125929543     0.0000000000
44 C     0.0045259867     0.0062765073     0.0000000000
45 C    -0.0065945366    -0.0010283687     0.0000000000
46 C     0.0036634180    -0.0028374064    -0.0000000000
47 C     0.0127943943    -0.0006889624    -0.0000000000
48 C     0.0231845563     0.0005439873    -0.0000000000
49 C     0.0024191378    -0.0043299608    -0.0000000000
50 C    -0.0000465728     0.0091896008     0.0000000000
51 C    -0.0075961343     0.0024352772     0.0000000000
52 C    -0.0015914450    -0.0058886287    -0.0000000000
53 C     0.0014704237     0.0080325029     0.0000000000
54 C     0.0110026883     0.0052941099     0.0000000000
55 C    -0.0029935556     0.0055358338     0.0000000000
56 C    -0.0031403179     0.0058848413     0.0000000000
57 C    -0.0075639196     0.0024579892     0.0000000000
58 N    -0.0024108922     0.0017343491     0.0000000000
59 C    -0.0006982783     0.0071055267     0.0000000000
60 C     0.0003476353    -0.0129869272     0.0000000000
61 C     0.0128222632     0.0094699314     0.0000000000
62 C    -0.0044046725     0.0073230112     0.0000000000
63 C     0.0077614257     0.0019159699     0.0000000000
64 C     0.0026195058    -0.0071906755     0.0000000000
65 C     0.0066503476     0.0044032598     0.0000000000
66 C     0.0029604430     0.0007682554     0.0000000000
67 C     0.0005438174    -0.0030515747     0.0000000000
68 C    -0.0039336465     0.0030238453     0.0000000000
69 C     0.0035841914     0.0045655969     0.0000000000
70 C    -0.0016650093    -0.0024737420     0.0000000000
71 C    -0.0024794245    -0.0000194543     0.0000000000
72 C     0.0031162545     0.0028991622     0.0000000000
73 C     0.0014678850     0.0038915177     0.0000000000
74 C     0.0037444127    -0.0005537503     0.0000000000
75 C    -0.0006997886     0.0054246202     0.0000000000
76 C     0.0019034709    -0.0031697069     0.0000000000
77 C     0.0048388903     0.0000257631     0.0000000000
78 H     0.0049831822     0.0028580165     0.0000000000
79 H     0.0058038394    -0.0029279953    -0.0000000000
80 H     0.0059108294     0.0028621993     0.0000000000
81 H     0.0057841702    -0.0028944479     0.0000000000
82 H     0.0054837146     0.0030343222    -0.0000000000
83 H     0.0049452137    -0.0028778532    -0.0000000000
84 H    -0.0049057704     0.0038256530    -0.0000000000
85 H    -0.0055725342    -0.0035325088    -0.0000000000
86 H    -0.0127390843    -0.0029322004     0.0000000000
87 H    -0.0056679871    -0.0062797705    -0.0000000000
88 H    -0.0053628718     0.0030854769    -0.0000000000
89 H    -0.0048530876    -0.0029119588    -0.0000000000
90 H     0.0002221457     0.0064467849     0.0000000000
91 H     0.0003237513     0.0068284547    -0.0000000000
92 H    -0.0010774503     0.0072700521    -0.0000000000
93 H     0.0000130706     0.0072580770     0.0000000000
94 H     0.0011908177     0.0070977660     0.0000000000
95 H    -0.0001331641     0.0060801944     0.0000000000
96 H     0.0000675757    -0.0062092016     0.0000000000
97 H    -0.0011389847    -0.0072292790     0.0000000000
98 H     0.0000064105    -0.0072905624     0.0000000000
99 H     0.0011756241    -0.0071459804     0.0000000000
100 H     0.0001524515    -0.0062706773    -0.0000000000
101 H    -0.0001776398    -0.0059732993     0.0000000000
----------------------------------------------
cycle 1: E = -3034.45637105  dE = -3034.46  norm(grad) = 0.0925002
