1721669972.572694

Geometry optimization cycle 1
Cartesian coordinates (Angstrom)
 Atom        New coordinates             dX        dY        dZ
   C  -7.338226   5.042760   0.000000    0.000000  0.000000  0.000000
   C  -7.365228   0.691139   0.000000    0.000000  0.000000  0.000000
   C  -6.173642   2.889413   0.000000    0.000000  0.000000  0.000000
   C  -4.910090   5.019617   0.000000    0.000000  0.000000  0.000000
   C  -7.358051  -3.642635   0.000000    0.000000  0.000000  0.000000
   C  -6.173475  -1.431785   0.000000    0.000000  0.000000  0.000000
   C  -4.940069   0.716689   0.000000    0.000000  0.000000  0.000000
   C  -3.694845   2.860312   0.000000    0.000000  0.000000  0.000000
   C  -2.457224   5.005715   0.000000    0.000000  0.000000  0.000000
   C  -6.138515  -5.727246   0.000000    0.000000  0.000000  0.000000
   C  -4.928214  -3.580071   0.000000    0.000000  0.000000  0.000000
   C  -3.698169  -1.425571   0.000000    0.000000  0.000000  0.000000
   C  -2.471779   0.716540   0.000000    0.000000  0.000000  0.000000
   C  -1.230705   2.851907   0.000000    0.000000 -0.000000  0.000000
   C   0.000000   5.003169   0.000000    0.000000  0.000000  0.000000
   C  -3.678966  -5.694052   0.000000    0.000000  0.000000  0.000000
   C  -2.466015  -3.560923   0.000000    0.000000  0.000000  0.000000
   C  -1.232423  -1.423207   0.000000    0.000000  0.000000  0.000000
   C   0.000000   0.715809   0.000000    0.000000  0.000000  0.000000
   C   1.230705   2.851907   0.000000    0.000000 -0.000000  0.000000
   C   2.457224   5.005715   0.000000    0.000000  0.000000  0.000000
   C  -1.226334  -5.685080   0.000000    0.000000  0.000000  0.000000
   C   0.000000  -3.557079   0.000000    0.000000  0.000000  0.000000
   C   1.232423  -1.423207   0.000000    0.000000  0.000000  0.000000
   C   2.471779   0.716540   0.000000    0.000000  0.000000  0.000000
   C   3.694845   2.860312   0.000000    0.000000  0.000000  0.000000
   C   4.910090   5.019617   0.000000    0.000000  0.000000  0.000000
   C   1.226334  -5.685080   0.000000    0.000000  0.000000  0.000000
   C   2.466015  -3.560923   0.000000    0.000000  0.000000  0.000000
   C   3.698169  -1.425571   0.000000    0.000000  0.000000  0.000000
   C   4.940069   0.716689   0.000000    0.000000  0.000000  0.000000
   C   6.173642   2.889413   0.000000    0.000000  0.000000  0.000000
   C   7.338226   5.042760   0.000000    0.000000  0.000000  0.000000
   C   3.678966  -5.694052   0.000000    0.000000  0.000000  0.000000
   C   4.928214  -3.580071   0.000000    0.000000  0.000000  0.000000
   N   6.173475  -1.431785   0.000000   -0.000000  0.000000  0.000000
   C   7.365228   0.691139   0.000000    0.000000  0.000000  0.000000
   C   6.138515  -5.727246   0.000000    0.000000  0.000000  0.000000
   C   7.358051  -3.642635   0.000000   -0.000000  0.000000  0.000000
   C  -7.358051   3.642635   0.000000    0.000000  0.000000  0.000000
   C  -6.138515   5.727246   0.000000    0.000000  0.000000  0.000000
   N  -7.365228  -0.691139   0.000000    0.000000  0.000000  0.000000
   C  -6.173475   1.431785   0.000000    0.000000  0.000000  0.000000
   C  -4.928214   3.580071   0.000000    0.000000 -0.000000  0.000000
   C  -3.678966   5.694052   0.000000    0.000000  0.000000  0.000000
   C  -7.338226  -5.042760   0.000000    0.000000  0.000000  0.000000
   C  -6.173642  -2.889413   0.000000    0.000000  0.000000  0.000000
   C  -4.940069  -0.716689   0.000000    0.000000  0.000000  0.000000
   C  -3.698169   1.425571   0.000000    0.000000  0.000000  0.000000
   C  -2.466015   3.560923   0.000000    0.000000 -0.000000  0.000000
   C  -1.226334   5.685080   0.000000    0.000000  0.000000  0.000000
   C  -4.910090  -5.019617   0.000000    0.000000  0.000000  0.000000
   C  -3.694845  -2.860312   0.000000    0.000000  0.000000  0.000000
   C  -2.471779  -0.716540   0.000000    0.000000  0.000000  0.000000
   C  -1.232423   1.423207   0.000000    0.000000  0.000000  0.000000
   C   0.000000   3.557079   0.000000    0.000000  0.000000  0.000000
   C   1.226334   5.685080   0.000000    0.000000  0.000000  0.000000
   C  -2.457224  -5.005715   0.000000    0.000000  0.000000  0.000000
   C  -1.230705  -2.851907   0.000000    0.000000  0.000000  0.000000
   C   0.000000  -0.715809   0.000000    0.000000  0.000000  0.000000
   N   1.232423   1.423207   0.000000    0.000000  0.000000  0.000000
   C   2.466015   3.560923   0.000000    0.000000 -0.000000  0.000000
   C   3.678966   5.694052   0.000000    0.000000  0.000000  0.000000
   C   0.000000  -5.003169   0.000000    0.000000  0.000000  0.000000
   N   1.230705  -2.851907   0.000000    0.000000  0.000000  0.000000
   C   2.471779  -0.716540   0.000000    0.000000  0.000000  0.000000
   C   3.698169   1.425571   0.000000    0.000000  0.000000  0.000000
   C   4.928214   3.580071   0.000000    0.000000 -0.000000  0.000000
   N   6.138515   5.727246   0.000000    0.000000  0.000000  0.000000
   N   2.457224  -5.005715   0.000000    0.000000  0.000000  0.000000
   C   3.694845  -2.860312   0.000000    0.000000  0.000000  0.000000
   C   4.940069  -0.716689   0.000000    0.000000  0.000000  0.000000
   C   6.173475   1.431785   0.000000   -0.000000  0.000000  0.000000
   N   7.358051   3.642635   0.000000   -0.000000  0.000000  0.000000
   C   4.910090  -5.019617   0.000000    0.000000  0.000000  0.000000
   C   6.173642  -2.889413   0.000000    0.000000  0.000000  0.000000
   C   7.365228  -0.691139   0.000000    0.000000  0.000000  0.000000
   C   7.338226  -5.042760   0.000000    0.000000  0.000000  0.000000
   H   8.282184   5.591425   0.000000    0.000000 -0.000000  0.000000
   H   8.325741   3.141106   0.000000    0.000000  0.000000  0.000000
   H   8.326715   1.204661   0.000000    0.000000  0.000000  0.000000
   H   8.326715  -1.204661   0.000000    0.000000  0.000000  0.000000
   H   8.325741  -3.141106   0.000000    0.000000  0.000000  0.000000
   H   8.282184  -5.591425   0.000000    0.000000  0.000000  0.000000
   H  -8.282184   5.591425   0.000000    0.000000 -0.000000  0.000000
   H  -8.325741   3.141106   0.000000    0.000000  0.000000  0.000000
   H  -8.326715   1.204661   0.000000    0.000000  0.000000  0.000000
   H  -8.326715  -1.204661   0.000000    0.000000  0.000000  0.000000
   H  -8.325741  -3.141106   0.000000    0.000000  0.000000  0.000000
   H  -8.282184  -5.591425   0.000000    0.000000  0.000000  0.000000
   H  -6.116625   6.819427   0.000000    0.000000  0.000000  0.000000
   H  -3.672757   6.787431   0.000000    0.000000  0.000000  0.000000
   H  -1.225580   6.778408   0.000000    0.000000 -0.000000  0.000000
   H   1.225580   6.778408   0.000000    0.000000 -0.000000  0.000000
   H   3.672757   6.787431   0.000000    0.000000  0.000000  0.000000
   H   6.116625   6.819427   0.000000   -0.000000  0.000000  0.000000
   H  -6.116625  -6.819427   0.000000    0.000000  0.000000  0.000000
   H  -3.672757  -6.787431   0.000000    0.000000  0.000000  0.000000
   H  -1.225580  -6.778408   0.000000    0.000000  0.000000  0.000000
   H   1.225580  -6.778408   0.000000    0.000000  0.000000  0.000000
   H   3.672757  -6.787431   0.000000    0.000000  0.000000  0.000000
   H   6.116625  -6.819427   0.000000   -0.000000  0.000000  0.000000
SCF not converged.
SCF energy = -3100.82943942682
--------------- ROKS_Scanner gradients ---------------
         x                y                z
0 C    -0.0061336531    -0.0011438892    -0.0000000000
1 C    -0.0144882049     0.0127576590    -0.0000000000
2 C     0.0094876893    -0.0069684342    -0.0000000000
3 C    -0.0046384868    -0.0020262875     0.0000000000
4 C     0.0055439935     0.0011446812    -0.0000000000
5 C    -0.0009987695     0.0023550272     0.0000000000
6 C    -0.0168669384    -0.0040438890    -0.0000000000
7 C     0.0052430630    -0.0010542564    -0.0000000000
8 C     0.0043433902    -0.0050599438    -0.0000000000
9 C     0.0029715070    -0.0012355235     0.0000000000
10 C    -0.0048547137    -0.0027043013     0.0000000000
11 C     0.0130249569     0.0086027481     0.0000000000
12 C    -0.0113075682     0.0069330818    -0.0000000000
13 C     0.0066240686    -0.0054910633    -0.0000000000
14 C     0.0106584425    -0.0037972644    -0.0000000000
15 C    -0.0053138598    -0.0029964492    -0.0000000000
16 C    -0.0057898891     0.0069525746     0.0000000000
17 C     0.0212866422    -0.0041947856    -0.0000000000
18 C    -0.0066129881     0.0090280074    -0.0000000000
19 C    -0.0026601309     0.0031123668     0.0000000000
20 C     0.0325359632     0.0008654621    -0.0000000000
21 C    -0.0181290314    -0.0050662204    -0.0000000000
22 C     0.0104724415     0.0078748596     0.0000000000
23 C    -0.0017551722     0.0316283523     0.0000000000
24 C     0.0224372767     0.0062736506     0.0000000000
25 C    -0.0105578428    -0.0051681037    -0.0000000000
26 C     0.0310719653    -0.0239922172    -0.0000000000
27 C    -0.0371151575    -0.0111258626    -0.0000000000
28 C    -0.0143588599     0.0024731898     0.0000000000
29 C    -0.0312857091    -0.0098701004     0.0000000000
30 C     0.0072741875     0.0077654584    -0.0000000000
31 C     0.0105650287     0.0390814466    -0.0000000000
32 C     0.0141707999     0.0102594135     0.0000000000
33 C     0.0080507429    -0.0201064764     0.0000000000
34 C    -0.0079787537    -0.0049369753     0.0000000000
35 N    -0.0006516798     0.0169033596     0.0000000000
36 C    -0.0123538221     0.0408379351    -0.0000000000
37 C    -0.0036363112     0.0014590749    -0.0000000000
38 C    -0.0034512665    -0.0155418209     0.0000000000
39 C    -0.0022073826     0.0042447567     0.0000000000
40 C     0.0050454893     0.0024881718    -0.0000000000
41 N     0.0241816179     0.0028663647    -0.0000000000
42 C     0.0169512100     0.0139678519     0.0000000000
43 C    -0.0035374809     0.0038555731    -0.0000000000
44 C    -0.0014583844     0.0037763210     0.0000000000
45 C    -0.0037479406    -0.0044425847     0.0000000000
46 C     0.0090747487    -0.0131349218     0.0000000000
47 C     0.0069902237     0.0035569261    -0.0000000000
48 C     0.0153644024     0.0042606073     0.0000000000
49 C    -0.0065793695     0.0033009886     0.0000000000
50 C    -0.0093535928     0.0062328531     0.0000000000
51 C    -0.0012391280     0.0006262186    -0.0000000000
52 C     0.0036361340    -0.0078432582     0.0000000000
53 C    -0.0150724993    -0.0015126452     0.0000000000
54 C    -0.0032545515     0.0025681043     0.0000000000
55 C    -0.0043511959     0.0103397434    -0.0000000000
56 C    -0.0222237558     0.0042808405     0.0000000000
57 C     0.0118574086    -0.0027080331     0.0000000000
58 C    -0.0131374913     0.0005159161    -0.0000000000
59 C    -0.0129515782    -0.0108120444    -0.0000000000
60 N    -0.0101023929    -0.0036559084    -0.0000000000
61 C     0.0079082577     0.0082321824     0.0000000000
62 C    -0.0463159391     0.0047896162    -0.0000000000
63 C     0.0087934374    -0.0192758405     0.0000000000
64 N    -0.0034560902    -0.0198857321     0.0000000000
65 C     0.0118408939    -0.0161399367    -0.0000000000
66 C    -0.0014408599     0.0030635920    -0.0000000000
67 C    -0.0078604214     0.0045387779    -0.0000000000
68 N    -0.0044100141    -0.0102476933     0.0000000000
69 N     0.0260573118     0.0073083051     0.0000000000
70 C     0.0234328741     0.0186027872    -0.0000000000
71 C     0.0111721402     0.0087927433     0.0000000000
72 C     0.0050251887    -0.0508666055     0.0000000000
73 N    -0.0264494918    -0.0022267812     0.0000000000
74 C     0.0069885432    -0.0080620132    -0.0000000000
75 C     0.0000146836    -0.0137999272    -0.0000000000
76 C     0.0022785168    -0.0265298985     0.0000000000
77 C     0.0118889484     0.0003524319    -0.0000000000
78 H     0.0011541768     0.0007257845    -0.0000000000
79 H     0.0517276781    -0.0285306392     0.0000000000
80 H     0.0027502422     0.0081058802     0.0000000000
81 H     0.0127835314     0.0020105879     0.0000000000
82 H     0.0061037635     0.0036186423     0.0000000000
83 H     0.0054550989    -0.0036180101    -0.0000000000
84 H    -0.0048445710     0.0028091850     0.0000000000
85 H    -0.0045841085    -0.0031941534    -0.0000000000
86 H    -0.0061018088     0.0110544044     0.0000000000
87 H    -0.0567215576    -0.0267597492     0.0000000000
88 H    -0.0027947376     0.0031011885    -0.0000000000
89 H    -0.0048233107    -0.0029425976    -0.0000000000
90 H     0.0001669897     0.0061462380     0.0000000000
91 H    -0.0000021610     0.0064219421     0.0000000000
92 H    -0.0003612829     0.0068822953     0.0000000000
93 H     0.0001128566     0.0069769487    -0.0000000000
94 H     0.0004522760     0.0053887882     0.0000000000
95 H    -0.0038795213     0.0567354759    -0.0000000000
96 H     0.0002243060    -0.0064939548     0.0000000000
97 H     0.0001525989    -0.0063332529    -0.0000000000
98 H    -0.0007757872    -0.0064632013    -0.0000000000
99 H    -0.0088994331    -0.0099937690    -0.0000000000
100 H     0.0090663220    -0.0105951905    -0.0000000000
101 H    -0.0005686776    -0.0062741254     0.0000000000
----------------------------------------------
cycle 1: E = -3100.82943943  dE = -3100.83  norm(grad) = 0.201736
