1721598881.6902466

Geometry optimization cycle 1
Cartesian coordinates (Angstrom)
 Atom        New coordinates             dX        dY        dZ
   C  -7.338226   5.042760   0.000000    0.000000  0.000000  0.000000
   C  -7.365228   0.691139   0.000000    0.000000  0.000000  0.000000
   C  -6.173642   2.889413   0.000000    0.000000  0.000000  0.000000
   C  -4.910090   5.019617   0.000000    0.000000  0.000000  0.000000
   C  -7.358051  -3.642635   0.000000    0.000000  0.000000  0.000000
   C  -6.173475  -1.431785   0.000000    0.000000  0.000000  0.000000
   C  -4.940069   0.716689   0.000000    0.000000  0.000000  0.000000
   C  -3.694845   2.860312   0.000000    0.000000  0.000000  0.000000
   C  -2.457224   5.005715   0.000000    0.000000  0.000000  0.000000
   C  -6.138515  -5.727246   0.000000    0.000000  0.000000  0.000000
   C  -4.928214  -3.580071   0.000000    0.000000  0.000000  0.000000
   C  -3.698169  -1.425571   0.000000    0.000000  0.000000  0.000000
   C  -2.471779   0.716540   0.000000    0.000000  0.000000  0.000000
   C  -1.230705   2.851907   0.000000    0.000000 -0.000000  0.000000
   C   0.000000   5.003169   0.000000    0.000000  0.000000  0.000000
   C  -3.678966  -5.694052   0.000000    0.000000  0.000000  0.000000
   C  -2.466015  -3.560923   0.000000    0.000000  0.000000  0.000000
   C  -1.232423  -1.423207   0.000000    0.000000  0.000000  0.000000
   C   0.000000   0.715809   0.000000    0.000000  0.000000  0.000000
   N   1.230705   2.851907   0.000000    0.000000 -0.000000  0.000000
   C   2.457224   5.005715   0.000000    0.000000  0.000000  0.000000
   C  -1.226334  -5.685080   0.000000    0.000000  0.000000  0.000000
   C   0.000000  -3.557079   0.000000    0.000000  0.000000  0.000000
   C   1.232423  -1.423207   0.000000    0.000000  0.000000  0.000000
   C   2.471779   0.716540   0.000000    0.000000  0.000000  0.000000
   C   3.694845   2.860312   0.000000    0.000000  0.000000  0.000000
   C   4.910090   5.019617   0.000000    0.000000  0.000000  0.000000
   C   1.226334  -5.685080   0.000000    0.000000  0.000000  0.000000
   C   2.466015  -3.560923   0.000000    0.000000  0.000000  0.000000
   C   3.698169  -1.425571   0.000000    0.000000  0.000000  0.000000
   C   4.940069   0.716689   0.000000    0.000000  0.000000  0.000000
   C   6.173642   2.889413   0.000000    0.000000  0.000000  0.000000
   C   7.338226   5.042760   0.000000    0.000000  0.000000  0.000000
   C   3.678966  -5.694052   0.000000    0.000000  0.000000  0.000000
   C   4.928214  -3.580071   0.000000    0.000000  0.000000  0.000000
   C   6.173475  -1.431785   0.000000   -0.000000  0.000000  0.000000
   C   7.365228   0.691139   0.000000    0.000000  0.000000  0.000000
   C   6.138515  -5.727246   0.000000    0.000000  0.000000  0.000000
   C   7.358051  -3.642635   0.000000   -0.000000  0.000000  0.000000
   C  -7.358051   3.642635   0.000000    0.000000  0.000000  0.000000
   C  -6.138515   5.727246   0.000000    0.000000  0.000000  0.000000
   C  -7.365228  -0.691139   0.000000    0.000000  0.000000  0.000000
   N  -6.173475   1.431785   0.000000    0.000000  0.000000  0.000000
   C  -4.928214   3.580071   0.000000    0.000000 -0.000000  0.000000
   C  -3.678966   5.694052   0.000000    0.000000  0.000000  0.000000
   C  -7.338226  -5.042760   0.000000    0.000000  0.000000  0.000000
   C  -6.173642  -2.889413   0.000000    0.000000  0.000000  0.000000
   C  -4.940069  -0.716689   0.000000    0.000000  0.000000  0.000000
   C  -3.698169   1.425571   0.000000    0.000000  0.000000  0.000000
   C  -2.466015   3.560923   0.000000    0.000000 -0.000000  0.000000
   C  -1.226334   5.685080   0.000000    0.000000  0.000000  0.000000
   C  -4.910090  -5.019617   0.000000    0.000000  0.000000  0.000000
   C  -3.694845  -2.860312   0.000000    0.000000  0.000000  0.000000
   C  -2.471779  -0.716540   0.000000    0.000000  0.000000  0.000000
   C  -1.232423   1.423207   0.000000    0.000000  0.000000  0.000000
   C   0.000000   3.557079   0.000000    0.000000  0.000000  0.000000
   C   1.226334   5.685080   0.000000    0.000000  0.000000  0.000000
   C  -2.457224  -5.005715   0.000000    0.000000  0.000000  0.000000
   C  -1.230705  -2.851907   0.000000    0.000000  0.000000  0.000000
   C   0.000000  -0.715809   0.000000    0.000000  0.000000  0.000000
   C   1.232423   1.423207   0.000000    0.000000  0.000000  0.000000
   C   2.466015   3.560923   0.000000    0.000000 -0.000000  0.000000
   C   3.678966   5.694052   0.000000    0.000000  0.000000  0.000000
   C   0.000000  -5.003169   0.000000    0.000000  0.000000  0.000000
   C   1.230705  -2.851907   0.000000    0.000000  0.000000  0.000000
   C   2.471779  -0.716540   0.000000    0.000000  0.000000  0.000000
   C   3.698169   1.425571   0.000000    0.000000  0.000000  0.000000
   C   4.928214   3.580071   0.000000    0.000000 -0.000000  0.000000
   C   6.138515   5.727246   0.000000    0.000000  0.000000  0.000000
   C   2.457224  -5.005715   0.000000    0.000000  0.000000  0.000000
   N   3.694845  -2.860312   0.000000    0.000000  0.000000  0.000000
   C   4.940069  -0.716689   0.000000    0.000000  0.000000  0.000000
   C   6.173475   1.431785   0.000000   -0.000000  0.000000  0.000000
   C   7.358051   3.642635   0.000000   -0.000000  0.000000  0.000000
   N   4.910090  -5.019617   0.000000    0.000000  0.000000  0.000000
   C   6.173642  -2.889413   0.000000    0.000000  0.000000  0.000000
   C   7.365228  -0.691139   0.000000    0.000000  0.000000  0.000000
   N   7.338226  -5.042760   0.000000    0.000000  0.000000  0.000000
   H   8.282184   5.591425   0.000000    0.000000 -0.000000  0.000000
   H   8.325741   3.141106   0.000000    0.000000  0.000000  0.000000
   H   8.326715   1.204661   0.000000    0.000000  0.000000  0.000000
   H   8.326715  -1.204661   0.000000    0.000000  0.000000  0.000000
   H   8.325741  -3.141106   0.000000    0.000000  0.000000  0.000000
   H   8.282184  -5.591425   0.000000    0.000000  0.000000  0.000000
   H  -8.282184   5.591425   0.000000    0.000000 -0.000000  0.000000
   H  -8.325741   3.141106   0.000000    0.000000  0.000000  0.000000
   H  -8.326715   1.204661   0.000000    0.000000  0.000000  0.000000
   H  -8.326715  -1.204661   0.000000    0.000000  0.000000  0.000000
   H  -8.325741  -3.141106   0.000000    0.000000  0.000000  0.000000
   H  -8.282184  -5.591425   0.000000    0.000000  0.000000  0.000000
   H  -6.116625   6.819427   0.000000    0.000000  0.000000  0.000000
   H  -3.672757   6.787431   0.000000    0.000000  0.000000  0.000000
   H  -1.225580   6.778408   0.000000    0.000000 -0.000000  0.000000
   H   1.225580   6.778408   0.000000    0.000000 -0.000000  0.000000
   H   3.672757   6.787431   0.000000    0.000000  0.000000  0.000000
   H   6.116625   6.819427   0.000000   -0.000000  0.000000  0.000000
   H  -6.116625  -6.819427   0.000000    0.000000  0.000000  0.000000
   H  -3.672757  -6.787431   0.000000    0.000000  0.000000  0.000000
   H  -1.225580  -6.778408   0.000000    0.000000  0.000000  0.000000
   H   1.225580  -6.778408   0.000000    0.000000  0.000000  0.000000
   H   3.672757  -6.787431   0.000000    0.000000  0.000000  0.000000
   H   6.116625  -6.819427   0.000000   -0.000000  0.000000  0.000000
SCF not converged.
SCF energy = -3067.62138023581
--------------- ROKS_Scanner gradients ---------------
         x                y                z
0 C    -0.0137202490    -0.0062763426    -0.0000000000
1 C    -0.0117233879     0.0120404157    -0.0000000000
2 C     0.0067875201     0.0017725164    -0.0000000000
3 C    -0.0071655341    -0.0037437580    -0.0000000000
4 C     0.0041243721    -0.0003768754     0.0000000000
5 C    -0.0145287057     0.0100311812    -0.0000000000
6 C     0.0042252239    -0.0115126207    -0.0000000000
7 C     0.0003163545    -0.0028629946    -0.0000000000
8 C    -0.0025898620    -0.0056475224    -0.0000000000
9 C     0.0019354068    -0.0029858729    -0.0000000000
10 C    -0.0034388908    -0.0002851192    -0.0000000000
11 C    -0.0041180605    -0.0009227485    -0.0000000000
12 C    -0.0075864108     0.0049033839    -0.0000000000
13 C    -0.0086467664     0.0050157320    -0.0000000000
14 C    -0.0033651199    -0.0035327924     0.0000000000
15 C    -0.0047509748    -0.0042044450    -0.0000000000
16 C    -0.0057104219     0.0006768901    -0.0000000000
17 C     0.0058434763    -0.0002122750    -0.0000000000
18 C    -0.0041077392    -0.0062124348    -0.0000000000
19 N    -0.0051770594    -0.0001342865     0.0000000000
20 C     0.0090364604    -0.0042793424    -0.0000000000
21 C    -0.0151389140    -0.0044891975     0.0000000000
22 C    -0.0054925562     0.0033977964    -0.0000000000
23 C     0.0072433425    -0.0051071084    -0.0000000000
24 C    -0.0062944593    -0.0086840237    -0.0000000000
25 C     0.0035226363     0.0056852333    -0.0000000000
26 C     0.0066070903    -0.0022654137    -0.0000000000
27 C    -0.0243685509    -0.0066552470     0.0000000000
28 C     0.0084305477    -0.0093463657    -0.0000000000
29 C     0.0001695481     0.0081710504    -0.0000000000
30 C     0.0026283444    -0.0004162941    -0.0000000000
31 C    -0.0031012187    -0.0051214742     0.0000000000
32 C     0.0069677428    -0.0002657741    -0.0000000000
33 C    -0.0288722299    -0.0094390770    -0.0000000000
34 C     0.0261542959    -0.0276611055     0.0000000000
35 C     0.0003391452    -0.0047456543    -0.0000000000
36 C     0.0018279743     0.0015700363     0.0000000000
37 C     0.0199791956    -0.0296288962    -0.0000000000
38 C     0.0017195050     0.0044620045    -0.0000000000
39 C     0.0016229030     0.0225731046     0.0000000000
40 C     0.0111267668     0.0030913871     0.0000000000
41 C     0.0023913244    -0.0269230773     0.0000000000
42 N    -0.0071777990     0.0039831369    -0.0000000000
43 C    -0.0027126507     0.0127722342     0.0000000000
44 C     0.0049225256     0.0063462967     0.0000000000
45 C    -0.0041780339    -0.0036526660    -0.0000000000
46 C     0.0026244730    -0.0032112916    -0.0000000000
47 C     0.0109196650    -0.0010080848     0.0000000000
48 C     0.0177154656    -0.0022292717     0.0000000000
49 C     0.0011423162    -0.0037243291     0.0000000000
50 C     0.0016270048     0.0094745792     0.0000000000
51 C    -0.0018466840     0.0007763085     0.0000000000
52 C     0.0059185881    -0.0037259845     0.0000000000
53 C    -0.0024570940     0.0009544441     0.0000000000
54 C     0.0095211431     0.0020757887     0.0000000000
55 C    -0.0082522865     0.0061929861    -0.0000000000
56 C    -0.0020139497     0.0074522130    -0.0000000000
57 C     0.0099783661     0.0020827406     0.0000000000
58 C     0.0027915685    -0.0024864342     0.0000000000
59 C    -0.0091499232    -0.0002396587     0.0000000000
60 C     0.0038398215    -0.0105152732     0.0000000000
61 C     0.0140119257     0.0081687671     0.0000000000
62 C    -0.0053650261     0.0078457226     0.0000000000
63 C     0.0201216417    -0.0017708933     0.0000000000
64 C    -0.0112971903     0.0026419235     0.0000000000
65 C     0.0036238957     0.0120100522     0.0000000000
66 C     0.0007214498     0.0005134551     0.0000000000
67 C     0.0012168053    -0.0021214961    -0.0000000000
68 C    -0.0055868976     0.0031907764     0.0000000000
69 C     0.0084190023    -0.0080748710     0.0000000000
70 N    -0.0227457565     0.0219103800     0.0000000000
71 C    -0.0023935917     0.0123843150     0.0000000000
72 C     0.0003719839     0.0022776676    -0.0000000000
73 C    -0.0002637345     0.0046930158     0.0000000000
74 N    -0.0052169628     0.0325134433    -0.0000000000
75 C    -0.0026683662     0.0212364343     0.0000000000
76 C     0.0020696735     0.0012842426     0.0000000000
77 N    -0.0194942459     0.0045423988     0.0000000000
78 H     0.0048224005     0.0028127087     0.0000000000
79 H     0.0056151202    -0.0030037782     0.0000000000
80 H     0.0061127520     0.0028600672    -0.0000000000
81 H     0.0051580540    -0.0033132874     0.0000000000
82 H     0.0062376145     0.0106610539    -0.0000000000
83 H     0.0555552713    -0.0291083022    -0.0000000000
84 H    -0.0048340493     0.0038031150     0.0000000000
85 H    -0.0055619896    -0.0034833367    -0.0000000000
86 H    -0.0127822498    -0.0029573236     0.0000000000
87 H    -0.0054591025    -0.0063254962    -0.0000000000
88 H    -0.0051565518     0.0032143392     0.0000000000
89 H    -0.0047649896    -0.0029380352     0.0000000000
90 H     0.0002122207     0.0063429750    -0.0000000000
91 H     0.0003191630     0.0067233620    -0.0000000000
92 H    -0.0011064823     0.0072435747     0.0000000000
93 H    -0.0000170767     0.0073027189     0.0000000000
94 H     0.0011603742     0.0072319750    -0.0000000000
95 H    -0.0000572943     0.0061208337    -0.0000000000
96 H     0.0000924240    -0.0060678774     0.0000000000
97 H    -0.0000034297    -0.0063109257     0.0000000000
98 H     0.0000348070    -0.0061384205    -0.0000000000
99 H    -0.0007350588    -0.0062956484     0.0000000000
100 H    -0.0082304241    -0.0097472423    -0.0000000000
101 H     0.0015662772    -0.0126474414    -0.0000000000
----------------------------------------------
cycle 1: E = -3067.62138024  dE = -3067.62  norm(grad) = 0.140031
