1721587364.0268416

Geometry optimization cycle 1
Cartesian coordinates (Angstrom)
 Atom        New coordinates             dX        dY        dZ
   C  -7.338226   5.042760   0.000000    0.000000  0.000000  0.000000
   C  -7.365228   0.691139   0.000000    0.000000  0.000000  0.000000
   C  -6.173642   2.889413   0.000000    0.000000  0.000000  0.000000
   C  -4.910090   5.019617   0.000000    0.000000  0.000000  0.000000
   C  -7.358051  -3.642635   0.000000    0.000000  0.000000  0.000000
   C  -6.173475  -1.431785   0.000000    0.000000  0.000000  0.000000
   C  -4.940069   0.716689   0.000000    0.000000  0.000000  0.000000
   C  -3.694845   2.860312   0.000000    0.000000  0.000000  0.000000
   C  -2.457224   5.005715   0.000000    0.000000  0.000000  0.000000
   C  -6.138515  -5.727246   0.000000    0.000000  0.000000  0.000000
   C  -4.928214  -3.580071   0.000000    0.000000  0.000000  0.000000
   C  -3.698169  -1.425571   0.000000    0.000000  0.000000  0.000000
   C  -2.471779   0.716540   0.000000    0.000000  0.000000  0.000000
   C  -1.230705   2.851907   0.000000    0.000000 -0.000000  0.000000
   C   0.000000   5.003169   0.000000    0.000000  0.000000  0.000000
   C  -3.678966  -5.694052   0.000000    0.000000  0.000000  0.000000
   C  -2.466015  -3.560923   0.000000    0.000000  0.000000  0.000000
   C  -1.232423  -1.423207   0.000000    0.000000  0.000000  0.000000
   C   0.000000   0.715809   0.000000    0.000000  0.000000  0.000000
   C   1.230705   2.851907   0.000000    0.000000 -0.000000  0.000000
   C   2.457224   5.005715   0.000000    0.000000  0.000000  0.000000
   C  -1.226334  -5.685080   0.000000    0.000000  0.000000  0.000000
   C   0.000000  -3.557079   0.000000    0.000000  0.000000  0.000000
   C   1.232423  -1.423207   0.000000    0.000000  0.000000  0.000000
   C   2.471779   0.716540   0.000000    0.000000  0.000000  0.000000
   C   3.694845   2.860312   0.000000    0.000000  0.000000  0.000000
   C   4.910090   5.019617   0.000000    0.000000  0.000000  0.000000
   C   1.226334  -5.685080   0.000000    0.000000  0.000000  0.000000
   C   2.466015  -3.560923   0.000000    0.000000  0.000000  0.000000
   C   3.698169  -1.425571   0.000000    0.000000  0.000000  0.000000
   C   4.940069   0.716689   0.000000    0.000000  0.000000  0.000000
   C   6.173642   2.889413   0.000000    0.000000  0.000000  0.000000
   C   7.338226   5.042760   0.000000    0.000000  0.000000  0.000000
   C   3.678966  -5.694052   0.000000    0.000000  0.000000  0.000000
   C   4.928214  -3.580071   0.000000    0.000000  0.000000  0.000000
   C   6.173475  -1.431785   0.000000   -0.000000  0.000000  0.000000
   C   7.365228   0.691139   0.000000    0.000000  0.000000  0.000000
   C   6.138515  -5.727246   0.000000    0.000000  0.000000  0.000000
   C   7.358051  -3.642635   0.000000   -0.000000  0.000000  0.000000
   C  -7.358051   3.642635   0.000000    0.000000  0.000000  0.000000
   C  -6.138515   5.727246   0.000000    0.000000  0.000000  0.000000
   C  -7.365228  -0.691139   0.000000    0.000000  0.000000  0.000000
   C  -6.173475   1.431785   0.000000    0.000000  0.000000  0.000000
   C  -4.928214   3.580071   0.000000    0.000000 -0.000000  0.000000
   C  -3.678966   5.694052   0.000000    0.000000  0.000000  0.000000
   C  -7.338226  -5.042760   0.000000    0.000000  0.000000  0.000000
   C  -6.173642  -2.889413   0.000000    0.000000  0.000000  0.000000
   C  -4.940069  -0.716689   0.000000    0.000000  0.000000  0.000000
   C  -3.698169   1.425571   0.000000    0.000000  0.000000  0.000000
   C  -2.466015   3.560923   0.000000    0.000000 -0.000000  0.000000
   C  -1.226334   5.685080   0.000000    0.000000  0.000000  0.000000
   C  -4.910090  -5.019617   0.000000    0.000000  0.000000  0.000000
   C  -3.694845  -2.860312   0.000000    0.000000  0.000000  0.000000
   C  -2.471779  -0.716540   0.000000    0.000000  0.000000  0.000000
   C  -1.232423   1.423207   0.000000    0.000000  0.000000  0.000000
   C   0.000000   3.557079   0.000000    0.000000  0.000000  0.000000
   C   1.226334   5.685080   0.000000    0.000000  0.000000  0.000000
   C  -2.457224  -5.005715   0.000000    0.000000  0.000000  0.000000
   C  -1.230705  -2.851907   0.000000    0.000000  0.000000  0.000000
   C   0.000000  -0.715809   0.000000    0.000000  0.000000  0.000000
   C   1.232423   1.423207   0.000000    0.000000  0.000000  0.000000
   C   2.466015   3.560923   0.000000    0.000000 -0.000000  0.000000
   C   3.678966   5.694052   0.000000    0.000000  0.000000  0.000000
   C   0.000000  -5.003169   0.000000    0.000000  0.000000  0.000000
   C   1.230705  -2.851907   0.000000    0.000000  0.000000  0.000000
   C   2.471779  -0.716540   0.000000    0.000000  0.000000  0.000000
   C   3.698169   1.425571   0.000000    0.000000  0.000000  0.000000
   C   4.928214   3.580071   0.000000    0.000000 -0.000000  0.000000
   C   6.138515   5.727246   0.000000    0.000000  0.000000  0.000000
   C   2.457224  -5.005715   0.000000    0.000000  0.000000  0.000000
   C   3.694845  -2.860312   0.000000    0.000000  0.000000  0.000000
   C   4.940069  -0.716689   0.000000    0.000000  0.000000  0.000000
   N   6.173475   1.431785   0.000000   -0.000000  0.000000  0.000000
   C   7.358051   3.642635   0.000000   -0.000000  0.000000  0.000000
   C   4.910090  -5.019617   0.000000    0.000000  0.000000  0.000000
   C   6.173642  -2.889413   0.000000    0.000000  0.000000  0.000000
   C   7.365228  -0.691139   0.000000    0.000000  0.000000  0.000000
   C   7.338226  -5.042760   0.000000    0.000000  0.000000  0.000000
   H   8.282184   5.591425   0.000000    0.000000 -0.000000  0.000000
   H   8.325741   3.141106   0.000000    0.000000  0.000000  0.000000
   H   8.326715   1.204661   0.000000    0.000000  0.000000  0.000000
   H   8.326715  -1.204661   0.000000    0.000000  0.000000  0.000000
   H   8.325741  -3.141106   0.000000    0.000000  0.000000  0.000000
   H   8.282184  -5.591425   0.000000    0.000000  0.000000  0.000000
   H  -8.282184   5.591425   0.000000    0.000000 -0.000000  0.000000
   H  -8.325741   3.141106   0.000000    0.000000  0.000000  0.000000
   H  -8.326715   1.204661   0.000000    0.000000  0.000000  0.000000
   H  -8.326715  -1.204661   0.000000    0.000000  0.000000  0.000000
   H  -8.325741  -3.141106   0.000000    0.000000  0.000000  0.000000
   H  -8.282184  -5.591425   0.000000    0.000000  0.000000  0.000000
   H  -6.116625   6.819427   0.000000    0.000000  0.000000  0.000000
   H  -3.672757   6.787431   0.000000    0.000000  0.000000  0.000000
   H  -1.225580   6.778408   0.000000    0.000000 -0.000000  0.000000
   H   1.225580   6.778408   0.000000    0.000000 -0.000000  0.000000
   H   3.672757   6.787431   0.000000    0.000000  0.000000  0.000000
   H   6.116625   6.819427   0.000000   -0.000000  0.000000  0.000000
   H  -6.116625  -6.819427   0.000000    0.000000  0.000000  0.000000
   H  -3.672757  -6.787431   0.000000    0.000000  0.000000  0.000000
   H  -1.225580  -6.778408   0.000000    0.000000  0.000000  0.000000
   H   1.225580  -6.778408   0.000000    0.000000  0.000000  0.000000
   H   3.672757  -6.787431   0.000000    0.000000  0.000000  0.000000
   H   6.116625  -6.819427   0.000000   -0.000000  0.000000  0.000000
SCF not converged.
SCF energy = -3001.25746308026
--------------- ROKS_Scanner gradients ---------------
         x                y                z
0 C    -0.0049880171    -0.0028801785    -0.0000000000
1 C    -0.0026618512    -0.0002228474    -0.0000000000
2 C     0.0028683708    -0.0060390076    -0.0000000000
3 C    -0.0031400937     0.0013243082     0.0000000000
4 C    -0.0020696369    -0.0008970172    -0.0000000000
5 C    -0.0001078828    -0.0052246233    -0.0000000000
6 C     0.0018813070     0.0006647692     0.0000000000
7 C     0.0014352825    -0.0027947780    -0.0000000000
8 C    -0.0023656661    -0.0010239533    -0.0000000000
9 C     0.0001657900    -0.0029392413     0.0000000000
10 C     0.0020258477     0.0031503468    -0.0000000000
11 C    -0.0022829977    -0.0006495371    -0.0000000000
12 C     0.0028278021    -0.0016360037     0.0000000000
13 C     0.0027213987    -0.0006784837     0.0000000000
14 C    -0.0028128469    -0.0036952243    -0.0000000000
15 C    -0.0061677563    -0.0020433140     0.0000000000
16 C     0.0028176415     0.0006611771     0.0000000000
17 C     0.0006075592     0.0019239387     0.0000000000
18 C     0.0022400190    -0.0003386688    -0.0000000000
19 C     0.0032853233    -0.0013687197    -0.0000000000
20 C     0.0017602356    -0.0044663439    -0.0000000000
21 C    -0.0036551285     0.0005052891     0.0000000000
22 C    -0.0015209558    -0.0010119088    -0.0000000000
23 C     0.0028494748     0.0004893462    -0.0000000000
24 C     0.0057762436     0.0055505423    -0.0000000000
25 C    -0.0001181207    -0.0062858392    -0.0000000000
26 C     0.0065571165    -0.0040535051    -0.0000000000
27 C     0.0049875870     0.0000046741    -0.0000000000
28 C    -0.0019994959     0.0004067945    -0.0000000000
29 C     0.0035276774    -0.0032367438    -0.0000000000
30 C    -0.0006090671    -0.0118974191    -0.0000000000
31 C    -0.0074889212    -0.0003155666    -0.0000000000
32 C     0.0137695619    -0.0067902255    -0.0000000000
33 C     0.0050478111    -0.0019146278    -0.0000000000
34 C     0.0030419919     0.0010727439    -0.0000000000
35 C     0.0092368909     0.0065420570    -0.0000000000
36 C     0.0166637397     0.0064648490     0.0000000000
37 C     0.0006853159    -0.0034414805    -0.0000000000
38 C     0.0003843435     0.0001163323    -0.0000000000
39 C    -0.0045371322     0.0038456259     0.0000000000
40 C     0.0038636021     0.0024934682    -0.0000000000
41 C    -0.0029987825     0.0001166792     0.0000000000
42 C     0.0004386587     0.0054515167    -0.0000000000
43 C    -0.0019088299     0.0012537424    -0.0000000000
44 C     0.0016851124     0.0022294274    -0.0000000000
45 C    -0.0035471193    -0.0011721584     0.0000000000
46 C     0.0012928793     0.0059149148     0.0000000000
47 C     0.0016963181    -0.0000336636     0.0000000000
48 C    -0.0026552835     0.0015245256    -0.0000000000
49 C    -0.0004190218     0.0027918049    -0.0000000000
50 C     0.0014501858     0.0027453817     0.0000000000
51 C     0.0023435824    -0.0032461905    -0.0000000000
52 C    -0.0024359552     0.0004321248     0.0000000000
53 C     0.0016026220     0.0023343012    -0.0000000000
54 C    -0.0027142087     0.0005870029    -0.0000000000
55 C    -0.0016473319     0.0021071631     0.0000000000
56 C     0.0000416010     0.0039411558     0.0000000000
57 C     0.0068478917     0.0018423042    -0.0000000000
58 C    -0.0013345783    -0.0022614636    -0.0000000000
59 C    -0.0016384555     0.0009367559     0.0000000000
60 C    -0.0045943210     0.0025119914     0.0000000000
61 C    -0.0024734544     0.0003510894     0.0000000000
62 C    -0.0052656876     0.0058394143     0.0000000000
63 C    -0.0000465824     0.0026081023     0.0000000000
64 C     0.0018798741     0.0000657185     0.0000000000
65 C    -0.0013813395    -0.0013297213     0.0000000000
66 C    -0.0182226863     0.0008139514     0.0000000000
67 C     0.0034800540     0.0132304175     0.0000000000
68 C    -0.0118935548     0.0029657597     0.0000000000
69 C    -0.0058044604    -0.0024221746     0.0000000000
70 C    -0.0015655475     0.0022085210     0.0000000000
71 C    -0.0084677043    -0.0009846973     0.0000000000
72 N     0.0025170449     0.0059887280    -0.0000000000
73 C    -0.0018072677     0.0226972783     0.0000000000
74 C    -0.0016894360    -0.0049163752     0.0000000000
75 C     0.0005307833    -0.0017657252     0.0000000000
76 C    -0.0003950193    -0.0215238088     0.0000000000
77 C     0.0010323899    -0.0016340732     0.0000000000
78 H     0.0047993679     0.0037578178     0.0000000000
79 H     0.0051541017    -0.0034727955    -0.0000000000
80 H     0.0125153597    -0.0031666350    -0.0000000000
81 H     0.0051839069    -0.0066837082    -0.0000000000
82 H     0.0043918066     0.0029555513     0.0000000000
83 H     0.0049219054    -0.0029283983    -0.0000000000
84 H    -0.0050666433     0.0028218530     0.0000000000
85 H    -0.0054781091    -0.0028724850    -0.0000000000
86 H    -0.0055643230     0.0030769280     0.0000000000
87 H    -0.0055400164    -0.0029605806    -0.0000000000
88 H    -0.0060480143     0.0032177277     0.0000000000
89 H    -0.0051522823    -0.0029915116    -0.0000000000
90 H     0.0003314025     0.0058571040    -0.0000000000
91 H     0.0000131550     0.0058368047    -0.0000000000
92 H    -0.0000950575     0.0058438235     0.0000000000
93 H    -0.0001086950     0.0059395893    -0.0000000000
94 H    -0.0004396460     0.0062715720    -0.0000000000
95 H    -0.0002594516     0.0061520211    -0.0000000000
96 H     0.0001948430    -0.0063747398    -0.0000000000
97 H    -0.0000583858    -0.0072367613    -0.0000000000
98 H    -0.0000052732    -0.0075666244    -0.0000000000
99 H     0.0001151505    -0.0064674394    -0.0000000000
100 H     0.0000394469    -0.0053556561    -0.0000000000
101 H    -0.0003107638    -0.0052247540    -0.0000000000
----------------------------------------------
cycle 1: E = -3001.25746308  dE = -3001.26  norm(grad) = 0.0694808
