1721673856.1127355

Geometry optimization cycle 1
Cartesian coordinates (Angstrom)
 Atom        New coordinates             dX        dY        dZ
   C  -7.338226   5.042760   0.000000    0.000000  0.000000  0.000000
   C  -7.365228   0.691139   0.000000    0.000000  0.000000  0.000000
   C  -6.173642   2.889413   0.000000    0.000000  0.000000  0.000000
   C  -4.910090   5.019617   0.000000    0.000000  0.000000  0.000000
   C  -7.358051  -3.642635   0.000000    0.000000  0.000000  0.000000
   C  -6.173475  -1.431785   0.000000    0.000000  0.000000  0.000000
   C  -4.940069   0.716689   0.000000    0.000000  0.000000  0.000000
   C  -3.694845   2.860312   0.000000    0.000000  0.000000  0.000000
   C  -2.457224   5.005715   0.000000    0.000000  0.000000  0.000000
   C  -6.138515  -5.727246   0.000000    0.000000  0.000000  0.000000
   C  -4.928214  -3.580071   0.000000    0.000000  0.000000  0.000000
   C  -3.698169  -1.425571   0.000000    0.000000  0.000000  0.000000
   C  -2.471779   0.716540   0.000000    0.000000  0.000000  0.000000
   C  -1.230705   2.851907   0.000000    0.000000 -0.000000  0.000000
   C   0.000000   5.003169   0.000000    0.000000  0.000000  0.000000
   C  -3.678966  -5.694052   0.000000    0.000000  0.000000  0.000000
   C  -2.466015  -3.560923   0.000000    0.000000  0.000000  0.000000
   C  -1.232423  -1.423207   0.000000    0.000000  0.000000  0.000000
   C   0.000000   0.715809   0.000000    0.000000  0.000000  0.000000
   C   1.230705   2.851907   0.000000    0.000000 -0.000000  0.000000
   C   2.457224   5.005715   0.000000    0.000000  0.000000  0.000000
   C  -1.226334  -5.685080   0.000000    0.000000  0.000000  0.000000
   C   0.000000  -3.557079   0.000000    0.000000  0.000000  0.000000
   C   1.232423  -1.423207   0.000000    0.000000  0.000000  0.000000
   C   2.471779   0.716540   0.000000    0.000000  0.000000  0.000000
   C   3.694845   2.860312   0.000000    0.000000  0.000000  0.000000
   C   4.910090   5.019617   0.000000    0.000000  0.000000  0.000000
   N   1.226334  -5.685080   0.000000    0.000000  0.000000  0.000000
   C   2.466015  -3.560923   0.000000    0.000000  0.000000  0.000000
   C   3.698169  -1.425571   0.000000    0.000000  0.000000  0.000000
   C   4.940069   0.716689   0.000000    0.000000  0.000000  0.000000
   C   6.173642   2.889413   0.000000    0.000000  0.000000  0.000000
   C   7.338226   5.042760   0.000000    0.000000  0.000000  0.000000
   C   3.678966  -5.694052   0.000000    0.000000  0.000000  0.000000
   C   4.928214  -3.580071   0.000000    0.000000  0.000000  0.000000
   C   6.173475  -1.431785   0.000000   -0.000000  0.000000  0.000000
   C   7.365228   0.691139   0.000000    0.000000  0.000000  0.000000
   C   6.138515  -5.727246   0.000000    0.000000  0.000000  0.000000
   C   7.358051  -3.642635   0.000000   -0.000000  0.000000  0.000000
   C  -7.358051   3.642635   0.000000    0.000000  0.000000  0.000000
   C  -6.138515   5.727246   0.000000    0.000000  0.000000  0.000000
   C  -7.365228  -0.691139   0.000000    0.000000  0.000000  0.000000
   C  -6.173475   1.431785   0.000000    0.000000  0.000000  0.000000
   C  -4.928214   3.580071   0.000000    0.000000 -0.000000  0.000000
   C  -3.678966   5.694052   0.000000    0.000000  0.000000  0.000000
   C  -7.338226  -5.042760   0.000000    0.000000  0.000000  0.000000
   N  -6.173642  -2.889413   0.000000    0.000000  0.000000  0.000000
   C  -4.940069  -0.716689   0.000000    0.000000  0.000000  0.000000
   C  -3.698169   1.425571   0.000000    0.000000  0.000000  0.000000
   C  -2.466015   3.560923   0.000000    0.000000 -0.000000  0.000000
   C  -1.226334   5.685080   0.000000    0.000000  0.000000  0.000000
   N  -4.910090  -5.019617   0.000000    0.000000  0.000000  0.000000
   C  -3.694845  -2.860312   0.000000    0.000000  0.000000  0.000000
   C  -2.471779  -0.716540   0.000000    0.000000  0.000000  0.000000
   C  -1.232423   1.423207   0.000000    0.000000  0.000000  0.000000
   N   0.000000   3.557079   0.000000    0.000000  0.000000  0.000000
   C   1.226334   5.685080   0.000000    0.000000  0.000000  0.000000
   C  -2.457224  -5.005715   0.000000    0.000000  0.000000  0.000000
   C  -1.230705  -2.851907   0.000000    0.000000  0.000000  0.000000
   C   0.000000  -0.715809   0.000000    0.000000  0.000000  0.000000
   C   1.232423   1.423207   0.000000    0.000000  0.000000  0.000000
   C   2.466015   3.560923   0.000000    0.000000 -0.000000  0.000000
   C   3.678966   5.694052   0.000000    0.000000  0.000000  0.000000
   C   0.000000  -5.003169   0.000000    0.000000  0.000000  0.000000
   C   1.230705  -2.851907   0.000000    0.000000  0.000000  0.000000
   C   2.471779  -0.716540   0.000000    0.000000  0.000000  0.000000
   C   3.698169   1.425571   0.000000    0.000000  0.000000  0.000000
   C   4.928214   3.580071   0.000000    0.000000 -0.000000  0.000000
   C   6.138515   5.727246   0.000000    0.000000  0.000000  0.000000
   N   2.457224  -5.005715   0.000000    0.000000  0.000000  0.000000
   C   3.694845  -2.860312   0.000000    0.000000  0.000000  0.000000
   C   4.940069  -0.716689   0.000000    0.000000  0.000000  0.000000
   C   6.173475   1.431785   0.000000   -0.000000  0.000000  0.000000
   N   7.358051   3.642635   0.000000   -0.000000  0.000000  0.000000
   C   4.910090  -5.019617   0.000000    0.000000  0.000000  0.000000
   N   6.173642  -2.889413   0.000000    0.000000  0.000000  0.000000
   C   7.365228  -0.691139   0.000000    0.000000  0.000000  0.000000
   C   7.338226  -5.042760   0.000000    0.000000  0.000000  0.000000
   H   8.282184   5.591425   0.000000    0.000000 -0.000000  0.000000
   H   8.325741   3.141106   0.000000    0.000000  0.000000  0.000000
   H   8.326715   1.204661   0.000000    0.000000  0.000000  0.000000
   H   8.326715  -1.204661   0.000000    0.000000  0.000000  0.000000
   H   8.325741  -3.141106   0.000000    0.000000  0.000000  0.000000
   H   8.282184  -5.591425   0.000000    0.000000  0.000000  0.000000
   H  -8.282184   5.591425   0.000000    0.000000 -0.000000  0.000000
   H  -8.325741   3.141106   0.000000    0.000000  0.000000  0.000000
   H  -8.326715   1.204661   0.000000    0.000000  0.000000  0.000000
   H  -8.326715  -1.204661   0.000000    0.000000  0.000000  0.000000
   H  -8.325741  -3.141106   0.000000    0.000000  0.000000  0.000000
   H  -8.282184  -5.591425   0.000000    0.000000  0.000000  0.000000
   H  -6.116625   6.819427   0.000000    0.000000  0.000000  0.000000
   H  -3.672757   6.787431   0.000000    0.000000  0.000000  0.000000
   H  -1.225580   6.778408   0.000000    0.000000 -0.000000  0.000000
   H   1.225580   6.778408   0.000000    0.000000 -0.000000  0.000000
   H   3.672757   6.787431   0.000000    0.000000  0.000000  0.000000
   H   6.116625   6.819427   0.000000   -0.000000  0.000000  0.000000
   H  -6.116625  -6.819427   0.000000    0.000000  0.000000  0.000000
   H  -3.672757  -6.787431   0.000000    0.000000  0.000000  0.000000
   H  -1.225580  -6.778408   0.000000    0.000000  0.000000  0.000000
   H   1.225580  -6.778408   0.000000    0.000000  0.000000  0.000000
   H   3.672757  -6.787431   0.000000    0.000000  0.000000  0.000000
   H   6.116625  -6.819427   0.000000   -0.000000  0.000000  0.000000
SCF not converged.
SCF energy = -3100.83380210643
--------------- ROKS_Scanner gradients ---------------
         x                y                z
0 C    -0.0027662549     0.0064113270    -0.0000000000
1 C    -0.0015853363     0.0090070239    -0.0000000000
2 C     0.0015436689    -0.0008163339    -0.0000000000
3 C     0.0067757320     0.0016390845     0.0000000000
4 C    -0.0051969890    -0.0137956189     0.0000000000
5 C    -0.0098219204     0.0193688949    -0.0000000000
6 C     0.0096434274    -0.0012588617    -0.0000000000
7 C     0.0046375614     0.0118929546    -0.0000000000
8 C     0.0203007425    -0.0077797371    -0.0000000000
9 C    -0.0016782604    -0.0134664140    -0.0000000000
10 C    -0.0083007151    -0.0231067447     0.0000000000
11 C     0.0048110862    -0.0000628268    -0.0000000000
12 C     0.0025053301    -0.0004148875    -0.0000000000
13 C     0.0020327981    -0.0046103003    -0.0000000000
14 C     0.0228870718     0.0029384135    -0.0000000000
15 C    -0.0070936698    -0.0190089050     0.0000000000
16 C    -0.0215231716     0.0027316912     0.0000000000
17 C     0.0018541908    -0.0036591231     0.0000000000
18 C     0.0031818422     0.0176676918     0.0000000000
19 C     0.0045023240     0.0025937892     0.0000000000
20 C     0.0249555871    -0.0061349851     0.0000000000
21 C    -0.0363935232     0.0017885515     0.0000000000
22 C    -0.0058716968     0.0147127793     0.0000000000
23 C    -0.0123079228     0.0150877540     0.0000000000
24 C     0.0019287300     0.0059284451    -0.0000000000
25 C     0.0035027007     0.0147312499    -0.0000000000
26 C     0.0358046576    -0.0101231512    -0.0000000000
27 N     0.0020899900     0.0384694116     0.0000000000
28 C     0.0112680452     0.0486983430     0.0000000000
29 C     0.0038891935     0.0013511675    -0.0000000000
30 C     0.0040807815    -0.0018932604    -0.0000000000
31 C     0.0122252348     0.0015126064    -0.0000000000
32 C     0.0276639234     0.0013879807     0.0000000000
33 C     0.0156880393    -0.0097250143     0.0000000000
34 C    -0.0209478277    -0.0095759098     0.0000000000
35 C     0.0096141438     0.0221938261    -0.0000000000
36 C     0.0014734020     0.0059768831     0.0000000000
37 C    -0.0084569853     0.0110216225     0.0000000000
38 C    -0.0158910582     0.0112685064     0.0000000000
39 C     0.0021529436    -0.0017855236     0.0000000000
40 C    -0.0038552458     0.0033922728     0.0000000000
41 C     0.0088346248     0.0054764833     0.0000000000
42 C    -0.0076070154    -0.0011648452     0.0000000000
43 C     0.0000616726    -0.0022536597     0.0000000000
44 C    -0.0159356695     0.0055657223    -0.0000000000
45 C    -0.0213192282    -0.0012211756     0.0000000000
46 N     0.0026758825     0.0069211694    -0.0000000000
47 C    -0.0040628813     0.0118937719     0.0000000000
48 C    -0.0026910878    -0.0049307411     0.0000000000
49 C    -0.0195037777    -0.0016136454     0.0000000000
50 C    -0.0205044595     0.0153136638     0.0000000000
51 N     0.0131084963     0.0145699420    -0.0000000000
52 C     0.0326610661     0.0063626719     0.0000000000
53 C    -0.0066851851     0.0002582450     0.0000000000
54 C    -0.0050430027    -0.0084670619    -0.0000000000
55 N    -0.0045655040    -0.0017335929    -0.0000000000
56 C    -0.0228976997     0.0148322920    -0.0000000000
57 C     0.0279758857    -0.0065758223    -0.0000000000
58 C     0.0142353352     0.0108024068    -0.0000000000
59 C     0.0054911293    -0.0143207081    -0.0000000000
60 C    -0.0001990812    -0.0167250264    -0.0000000000
61 C     0.0087126286    -0.0017260190    -0.0000000000
62 C    -0.0295923795     0.0062514787     0.0000000000
63 C     0.0178183908    -0.0065672102    -0.0000000000
64 C     0.0022288307    -0.0090217243    -0.0000000000
65 C     0.0017740939    -0.0090412965     0.0000000000
66 C    -0.0058996418    -0.0049054265     0.0000000000
67 C    -0.0238804653     0.0072835549     0.0000000000
68 C    -0.0344263458     0.0121569852     0.0000000000
69 N    -0.0133833241    -0.0443576170     0.0000000000
70 C    -0.0152684567    -0.0012906480    -0.0000000000
71 C    -0.0016981549     0.0099087408     0.0000000000
72 C    -0.0074254200    -0.0180476141     0.0000000000
73 N    -0.0330827773     0.0109598880    -0.0000000000
74 C     0.0108868962    -0.0087145077    -0.0000000000
75 N     0.0289739413    -0.0111123880     0.0000000000
76 C    -0.0114024259     0.0043133066    -0.0000000000
77 C     0.0144951519    -0.0211953953    -0.0000000000
78 H     0.0030922373     0.0106256331     0.0000000000
79 H     0.0557642438    -0.0268829031     0.0000000000
80 H     0.0030180703     0.0047025500     0.0000000000
81 H     0.0061234885    -0.0033709268    -0.0000000000
82 H     0.0137541701    -0.0024990978     0.0000000000
83 H     0.0046827631    -0.0061947274     0.0000000000
84 H    -0.0046701565     0.0028504580     0.0000000000
85 H    -0.0053867783    -0.0030409798    -0.0000000000
86 H    -0.0057226617     0.0040186919     0.0000000000
87 H    -0.0056865706    -0.0036278207     0.0000000000
88 H    -0.0136177081    -0.0027574734    -0.0000000000
89 H    -0.0077269834    -0.0043483301    -0.0000000000
90 H    -0.0000152158     0.0059083358     0.0000000000
91 H    -0.0003287510     0.0062816915     0.0000000000
92 H    -0.0030803735     0.0083600128    -0.0000000000
93 H     0.0027669404     0.0084504456    -0.0000000000
94 H    -0.0002378424     0.0064283717    -0.0000000000
95 H    -0.0037322700     0.0076523472    -0.0000000000
96 H    -0.0077790856    -0.0096555852     0.0000000000
97 H     0.0090164642    -0.0097105628     0.0000000000
98 H     0.0001205464    -0.0048615459    -0.0000000000
99 H    -0.0083600331    -0.0640591354    -0.0000000000
100 H     0.0062569948    -0.0098307906     0.0000000000
101 H    -0.0004417321    -0.0068506063     0.0000000000
----------------------------------------------
cycle 1: E = -3100.83380211  dE = -3100.83  norm(grad) = 0.202877
