1721685878.8484032

Geometry optimization cycle 1
Cartesian coordinates (Angstrom)
 Atom        New coordinates             dX        dY        dZ
   C  -7.338226   5.042760   0.000000    0.000000  0.000000  0.000000
   C  -7.365228   0.691139   0.000000    0.000000  0.000000  0.000000
   C  -6.173642   2.889413   0.000000    0.000000  0.000000  0.000000
   C  -4.910090   5.019617   0.000000    0.000000  0.000000  0.000000
   C  -7.358051  -3.642635   0.000000    0.000000  0.000000  0.000000
   C  -6.173475  -1.431785   0.000000    0.000000  0.000000  0.000000
   C  -4.940069   0.716689   0.000000    0.000000  0.000000  0.000000
   C  -3.694845   2.860312   0.000000    0.000000  0.000000  0.000000
   C  -2.457224   5.005715   0.000000    0.000000  0.000000  0.000000
   C  -6.138515  -5.727246   0.000000    0.000000  0.000000  0.000000
   C  -4.928214  -3.580071   0.000000    0.000000  0.000000  0.000000
   N  -3.698169  -1.425571   0.000000    0.000000  0.000000  0.000000
   C  -2.471779   0.716540   0.000000    0.000000  0.000000  0.000000
   C  -1.230705   2.851907   0.000000    0.000000 -0.000000  0.000000
   C   0.000000   5.003169   0.000000    0.000000  0.000000  0.000000
   C  -3.678966  -5.694052   0.000000    0.000000  0.000000  0.000000
   C  -2.466015  -3.560923   0.000000    0.000000  0.000000  0.000000
   C  -1.232423  -1.423207   0.000000    0.000000  0.000000  0.000000
   C   0.000000   0.715809   0.000000    0.000000  0.000000  0.000000
   C   1.230705   2.851907   0.000000    0.000000 -0.000000  0.000000
   C   2.457224   5.005715   0.000000    0.000000  0.000000  0.000000
   C  -1.226334  -5.685080   0.000000    0.000000  0.000000  0.000000
   N   0.000000  -3.557079   0.000000    0.000000  0.000000  0.000000
   C   1.232423  -1.423207   0.000000    0.000000  0.000000  0.000000
   C   2.471779   0.716540   0.000000    0.000000  0.000000  0.000000
   C   3.694845   2.860312   0.000000    0.000000  0.000000  0.000000
   C   4.910090   5.019617   0.000000    0.000000  0.000000  0.000000
   C   1.226334  -5.685080   0.000000    0.000000  0.000000  0.000000
   C   2.466015  -3.560923   0.000000    0.000000  0.000000  0.000000
   C   3.698169  -1.425571   0.000000    0.000000  0.000000  0.000000
   C   4.940069   0.716689   0.000000    0.000000  0.000000  0.000000
   C   6.173642   2.889413   0.000000    0.000000  0.000000  0.000000
   C   7.338226   5.042760   0.000000    0.000000  0.000000  0.000000
   N   3.678966  -5.694052   0.000000    0.000000  0.000000  0.000000
   C   4.928214  -3.580071   0.000000    0.000000  0.000000  0.000000
   C   6.173475  -1.431785   0.000000   -0.000000  0.000000  0.000000
   N   7.365228   0.691139   0.000000    0.000000  0.000000  0.000000
   C   6.138515  -5.727246   0.000000    0.000000  0.000000  0.000000
   C   7.358051  -3.642635   0.000000   -0.000000  0.000000  0.000000
   C  -7.358051   3.642635   0.000000    0.000000  0.000000  0.000000
   C  -6.138515   5.727246   0.000000    0.000000  0.000000  0.000000
   N  -7.365228  -0.691139   0.000000    0.000000  0.000000  0.000000
   C  -6.173475   1.431785   0.000000    0.000000  0.000000  0.000000
   C  -4.928214   3.580071   0.000000    0.000000 -0.000000  0.000000
   C  -3.678966   5.694052   0.000000    0.000000  0.000000  0.000000
   C  -7.338226  -5.042760   0.000000    0.000000  0.000000  0.000000
   C  -6.173642  -2.889413   0.000000    0.000000  0.000000  0.000000
   C  -4.940069  -0.716689   0.000000    0.000000  0.000000  0.000000
   N  -3.698169   1.425571   0.000000    0.000000  0.000000  0.000000
   C  -2.466015   3.560923   0.000000    0.000000 -0.000000  0.000000
   C  -1.226334   5.685080   0.000000    0.000000  0.000000  0.000000
   C  -4.910090  -5.019617   0.000000    0.000000  0.000000  0.000000
   C  -3.694845  -2.860312   0.000000    0.000000  0.000000  0.000000
   C  -2.471779  -0.716540   0.000000    0.000000  0.000000  0.000000
   C  -1.232423   1.423207   0.000000    0.000000  0.000000  0.000000
   N   0.000000   3.557079   0.000000    0.000000  0.000000  0.000000
   C   1.226334   5.685080   0.000000    0.000000  0.000000  0.000000
   C  -2.457224  -5.005715   0.000000    0.000000  0.000000  0.000000
   C  -1.230705  -2.851907   0.000000    0.000000  0.000000  0.000000
   C   0.000000  -0.715809   0.000000    0.000000  0.000000  0.000000
   C   1.232423   1.423207   0.000000    0.000000  0.000000  0.000000
   C   2.466015   3.560923   0.000000    0.000000 -0.000000  0.000000
   C   3.678966   5.694052   0.000000    0.000000  0.000000  0.000000
   C   0.000000  -5.003169   0.000000    0.000000  0.000000  0.000000
   C   1.230705  -2.851907   0.000000    0.000000  0.000000  0.000000
   C   2.471779  -0.716540   0.000000    0.000000  0.000000  0.000000
   C   3.698169   1.425571   0.000000    0.000000  0.000000  0.000000
   C   4.928214   3.580071   0.000000    0.000000 -0.000000  0.000000
   C   6.138515   5.727246   0.000000    0.000000  0.000000  0.000000
   C   2.457224  -5.005715   0.000000    0.000000  0.000000  0.000000
   C   3.694845  -2.860312   0.000000    0.000000  0.000000  0.000000
   C   4.940069  -0.716689   0.000000    0.000000  0.000000  0.000000
   C   6.173475   1.431785   0.000000   -0.000000  0.000000  0.000000
   C   7.358051   3.642635   0.000000   -0.000000  0.000000  0.000000
   C   4.910090  -5.019617   0.000000    0.000000  0.000000  0.000000
   N   6.173642  -2.889413   0.000000    0.000000  0.000000  0.000000
   C   7.365228  -0.691139   0.000000    0.000000  0.000000  0.000000
   C   7.338226  -5.042760   0.000000    0.000000  0.000000  0.000000
   H   8.282184   5.591425   0.000000    0.000000 -0.000000  0.000000
   H   8.325741   3.141106   0.000000    0.000000  0.000000  0.000000
   H   8.326715   1.204661   0.000000    0.000000  0.000000  0.000000
   H   8.326715  -1.204661   0.000000    0.000000  0.000000  0.000000
   H   8.325741  -3.141106   0.000000    0.000000  0.000000  0.000000
   H   8.282184  -5.591425   0.000000    0.000000  0.000000  0.000000
   H  -8.282184   5.591425   0.000000    0.000000 -0.000000  0.000000
   H  -8.325741   3.141106   0.000000    0.000000  0.000000  0.000000
   H  -8.326715   1.204661   0.000000    0.000000  0.000000  0.000000
   H  -8.326715  -1.204661   0.000000    0.000000  0.000000  0.000000
   H  -8.325741  -3.141106   0.000000    0.000000  0.000000  0.000000
   H  -8.282184  -5.591425   0.000000    0.000000  0.000000  0.000000
   H  -6.116625   6.819427   0.000000    0.000000  0.000000  0.000000
   H  -3.672757   6.787431   0.000000    0.000000  0.000000  0.000000
   H  -1.225580   6.778408   0.000000    0.000000 -0.000000  0.000000
   H   1.225580   6.778408   0.000000    0.000000 -0.000000  0.000000
   H   3.672757   6.787431   0.000000    0.000000  0.000000  0.000000
   H   6.116625   6.819427   0.000000   -0.000000  0.000000  0.000000
   H  -6.116625  -6.819427   0.000000    0.000000  0.000000  0.000000
   H  -3.672757  -6.787431   0.000000    0.000000  0.000000  0.000000
   H  -1.225580  -6.778408   0.000000    0.000000  0.000000  0.000000
   H   1.225580  -6.778408   0.000000    0.000000  0.000000  0.000000
   H   3.672757  -6.787431   0.000000    0.000000  0.000000  0.000000
   H   6.116625  -6.819427   0.000000   -0.000000  0.000000  0.000000
SCF not converged.
SCF energy = -3117.47671824657
--------------- RKS_Scanner gradients ---------------
         x                y                z
0 C    -0.0106608377    -0.0080142449    -0.0000000000
1 C    -0.0124628781    -0.0058771654     0.0000000000
2 C     0.0132693869    -0.0151834969     0.0000000000
3 C    -0.0165561469    -0.0044103013    -0.0000000000
4 C     0.0000844115    -0.0034175567    -0.0000000000
5 C    -0.0050122993    -0.0087935045     0.0000000000
6 C    -0.0162154266    -0.0036971268    -0.0000000000
7 C    -0.0014944937     0.0205886107     0.0000000000
8 C    -0.0011503716    -0.0061827022    -0.0000000000
9 C    -0.0027148409    -0.0057566760    -0.0000000000
10 C    -0.0138980148    -0.0149510957    -0.0000000000
11 N     0.0382226231     0.0078789460     0.0000000000
12 C     0.0021879694     0.0283762077     0.0000000000
13 C    -0.0223821310    -0.0066915561     0.0000000000
14 C    -0.0076406368    -0.0061537284     0.0000000000
15 C    -0.0098012023    -0.0065707462    -0.0000000000
16 C     0.0079983499    -0.0021605153    -0.0000000000
17 C     0.0132119121     0.0137467951    -0.0000000000
18 C     0.0008797465     0.0166966264    -0.0000000000
19 C    -0.0015739882    -0.0028936691    -0.0000000000
20 C    -0.0080585195    -0.0094045260     0.0000000000
21 C    -0.0200584280    -0.0125826699     0.0000000000
22 N    -0.0101309567    -0.0013899549    -0.0000000000
23 C     0.0025989525    -0.0035325198    -0.0000000000
24 C     0.0001080941     0.0024712045    -0.0000000000
25 C    -0.0019910186     0.0058932294    -0.0000000000
26 C     0.0001072380     0.0000048775     0.0000000000
27 C    -0.0371361792    -0.0106470707    -0.0000000000
28 C     0.0170288656     0.0171605731    -0.0000000000
29 C    -0.0205755404    -0.0085571521    -0.0000000000
30 C    -0.0139149061    -0.0074350531     0.0000000000
31 C    -0.0058244894     0.0071564775     0.0000000000
32 C     0.0015984920     0.0051258384    -0.0000000000
33 N     0.0003056578     0.0169089234    -0.0000000000
34 C     0.0254940573    -0.0047830533    -0.0000000000
35 C    -0.0252340609     0.0095260662    -0.0000000000
36 N    -0.0123564840    -0.0314657896    -0.0000000000
37 C     0.0482217963     0.0095837942     0.0000000000
38 C    -0.0044335403     0.0286829209    -0.0000000000
39 C    -0.0062247643     0.0145387433     0.0000000000
40 C     0.0119525075     0.0046786899     0.0000000000
41 N     0.0147128364     0.0185650325     0.0000000000
42 C     0.0092956592     0.0234175868    -0.0000000000
43 C    -0.0017625637     0.0137798301    -0.0000000000
44 C     0.0064855766     0.0040973394    -0.0000000000
45 C     0.0004281558    -0.0037056214     0.0000000000
46 C     0.0109119657    -0.0038537037     0.0000000000
47 C    -0.0112163145     0.0102239664    -0.0000000000
48 N     0.0121669072    -0.0199774952     0.0000000000
49 C    -0.0012365406     0.0004396700    -0.0000000000
50 C     0.0049970192     0.0157797172     0.0000000000
51 C    -0.0001039655     0.0026037809     0.0000000000
52 C    -0.0041842262     0.0078481008     0.0000000000
53 C    -0.0105063091    -0.0334161166     0.0000000000
54 C     0.0052291727    -0.0100729168     0.0000000000
55 N     0.0170673377     0.0105810782     0.0000000000
56 C     0.0071256542     0.0166142454    -0.0000000000
57 C     0.0209815234     0.0002539270     0.0000000000
58 C    -0.0137968122    -0.0023800148     0.0000000000
59 C    -0.0052996098    -0.0160384912     0.0000000000
60 C     0.0028494797    -0.0114981504     0.0000000000
61 C     0.0136316310    -0.0024655998     0.0000000000
62 C     0.0063068350     0.0064658935    -0.0000000000
63 C     0.0242831491    -0.0113314831    -0.0000000000
64 C     0.0064792476     0.0245123475     0.0000000000
65 C     0.0106516048    -0.0005650413     0.0000000000
66 C    -0.0050283526    -0.0053610920     0.0000000000
67 C     0.0027781864     0.0032649036     0.0000000000
68 C     0.0004641803     0.0040134381     0.0000000000
69 C     0.0157739512     0.0068619320     0.0000000000
70 C    -0.0319006168     0.0047101675     0.0000000000
71 C     0.0249279995     0.0209844280     0.0000000000
72 C    -0.0095406466     0.0054902383    -0.0000000000
73 C    -0.0038584831     0.0002652051    -0.0000000000
74 C    -0.0212767149     0.0097318561     0.0000000000
75 N     0.0040924173    -0.0174615616     0.0000000000
76 C     0.0102684464     0.0214532745     0.0000000000
77 C    -0.0131535282    -0.0508990135    -0.0000000000
78 H     0.0047591822     0.0030036158     0.0000000000
79 H     0.0028474205    -0.0031023725     0.0000000000
80 H     0.0555666990     0.0267236362     0.0000000000
81 H     0.0052154176    -0.0106256606     0.0000000000
82 H     0.0119508449    -0.0017280674    -0.0000000000
83 H     0.0049239108    -0.0065831566     0.0000000000
84 H    -0.0049745985     0.0027958457     0.0000000000
85 H    -0.0052138876    -0.0030059738    -0.0000000000
86 H    -0.0059118905     0.0097153659    -0.0000000000
87 H    -0.0557002792    -0.0252528715    -0.0000000000
88 H    -0.0029037693     0.0031705456     0.0000000000
89 H    -0.0049372222    -0.0032085926    -0.0000000000
90 H    -0.0001009140     0.0064156204     0.0000000000
91 H    -0.0000714164     0.0067967480     0.0000000000
92 H    -0.0026441473     0.0090146144    -0.0000000000
93 H     0.0031511384     0.0087670002    -0.0000000000
94 H     0.0001595784     0.0065490632    -0.0000000000
95 H    -0.0002116826     0.0061575291    -0.0000000000
96 H    -0.0000579802    -0.0063521649     0.0000000000
97 H     0.0000467927    -0.0065069178     0.0000000000
98 H    -0.0025943717    -0.0085564415    -0.0000000000
99 H     0.0033235079    -0.0076666924    -0.0000000000
100 H    -0.0013667317    -0.0619599175    -0.0000000000
101 H    -0.0000923267    -0.0059171746    -0.0000000000
----------------------------------------------
cycle 1: E = -3117.47671825  dE = -3117.48  norm(grad) = 0.208903
