1721587346.7416437

Geometry optimization cycle 1
Cartesian coordinates (Angstrom)
 Atom        New coordinates             dX        dY        dZ
   C  -7.338226   5.042760   0.000000    0.000000  0.000000  0.000000
   C  -7.365228   0.691139   0.000000    0.000000  0.000000  0.000000
   C  -6.173642   2.889413   0.000000    0.000000  0.000000  0.000000
   C  -4.910090   5.019617   0.000000    0.000000  0.000000  0.000000
   C  -7.358051  -3.642635   0.000000    0.000000  0.000000  0.000000
   C  -6.173475  -1.431785   0.000000    0.000000  0.000000  0.000000
   C  -4.940069   0.716689   0.000000    0.000000  0.000000  0.000000
   C  -3.694845   2.860312   0.000000    0.000000  0.000000  0.000000
   C  -2.457224   5.005715   0.000000    0.000000  0.000000  0.000000
   C  -6.138515  -5.727246   0.000000    0.000000  0.000000  0.000000
   C  -4.928214  -3.580071   0.000000    0.000000  0.000000  0.000000
   C  -3.698169  -1.425571   0.000000    0.000000  0.000000  0.000000
   C  -2.471779   0.716540   0.000000    0.000000  0.000000  0.000000
   C  -1.230705   2.851907   0.000000    0.000000 -0.000000  0.000000
   C   0.000000   5.003169   0.000000    0.000000  0.000000  0.000000
   C  -3.678966  -5.694052   0.000000    0.000000  0.000000  0.000000
   C  -2.466015  -3.560923   0.000000    0.000000  0.000000  0.000000
   C  -1.232423  -1.423207   0.000000    0.000000  0.000000  0.000000
   C   0.000000   0.715809   0.000000    0.000000  0.000000  0.000000
   C   1.230705   2.851907   0.000000    0.000000 -0.000000  0.000000
   C   2.457224   5.005715   0.000000    0.000000  0.000000  0.000000
   C  -1.226334  -5.685080   0.000000    0.000000  0.000000  0.000000
   C   0.000000  -3.557079   0.000000    0.000000  0.000000  0.000000
   C   1.232423  -1.423207   0.000000    0.000000  0.000000  0.000000
   C   2.471779   0.716540   0.000000    0.000000  0.000000  0.000000
   C   3.694845   2.860312   0.000000    0.000000  0.000000  0.000000
   C   4.910090   5.019617   0.000000    0.000000  0.000000  0.000000
   C   1.226334  -5.685080   0.000000    0.000000  0.000000  0.000000
   C   2.466015  -3.560923   0.000000    0.000000  0.000000  0.000000
   C   3.698169  -1.425571   0.000000    0.000000  0.000000  0.000000
   C   4.940069   0.716689   0.000000    0.000000  0.000000  0.000000
   C   6.173642   2.889413   0.000000    0.000000  0.000000  0.000000
   C   7.338226   5.042760   0.000000    0.000000  0.000000  0.000000
   C   3.678966  -5.694052   0.000000    0.000000  0.000000  0.000000
   C   4.928214  -3.580071   0.000000    0.000000  0.000000  0.000000
   C   6.173475  -1.431785   0.000000   -0.000000  0.000000  0.000000
   C   7.365228   0.691139   0.000000    0.000000  0.000000  0.000000
   C   6.138515  -5.727246   0.000000    0.000000  0.000000  0.000000
   C   7.358051  -3.642635   0.000000   -0.000000  0.000000  0.000000
   C  -7.358051   3.642635   0.000000    0.000000  0.000000  0.000000
   C  -6.138515   5.727246   0.000000    0.000000  0.000000  0.000000
   C  -7.365228  -0.691139   0.000000    0.000000  0.000000  0.000000
   C  -6.173475   1.431785   0.000000    0.000000  0.000000  0.000000
   C  -4.928214   3.580071   0.000000    0.000000 -0.000000  0.000000
   C  -3.678966   5.694052   0.000000    0.000000  0.000000  0.000000
   C  -7.338226  -5.042760   0.000000    0.000000  0.000000  0.000000
   C  -6.173642  -2.889413   0.000000    0.000000  0.000000  0.000000
   C  -4.940069  -0.716689   0.000000    0.000000  0.000000  0.000000
   C  -3.698169   1.425571   0.000000    0.000000  0.000000  0.000000
   C  -2.466015   3.560923   0.000000    0.000000 -0.000000  0.000000
   C  -1.226334   5.685080   0.000000    0.000000  0.000000  0.000000
   C  -4.910090  -5.019617   0.000000    0.000000  0.000000  0.000000
   C  -3.694845  -2.860312   0.000000    0.000000  0.000000  0.000000
   C  -2.471779  -0.716540   0.000000    0.000000  0.000000  0.000000
   C  -1.232423   1.423207   0.000000    0.000000  0.000000  0.000000
   C   0.000000   3.557079   0.000000    0.000000  0.000000  0.000000
   C   1.226334   5.685080   0.000000    0.000000  0.000000  0.000000
   C  -2.457224  -5.005715   0.000000    0.000000  0.000000  0.000000
   C  -1.230705  -2.851907   0.000000    0.000000  0.000000  0.000000
   C   0.000000  -0.715809   0.000000    0.000000  0.000000  0.000000
   N   1.232423   1.423207   0.000000    0.000000  0.000000  0.000000
   C   2.466015   3.560923   0.000000    0.000000 -0.000000  0.000000
   C   3.678966   5.694052   0.000000    0.000000  0.000000  0.000000
   C   0.000000  -5.003169   0.000000    0.000000  0.000000  0.000000
   C   1.230705  -2.851907   0.000000    0.000000  0.000000  0.000000
   C   2.471779  -0.716540   0.000000    0.000000  0.000000  0.000000
   C   3.698169   1.425571   0.000000    0.000000  0.000000  0.000000
   C   4.928214   3.580071   0.000000    0.000000 -0.000000  0.000000
   C   6.138515   5.727246   0.000000    0.000000  0.000000  0.000000
   C   2.457224  -5.005715   0.000000    0.000000  0.000000  0.000000
   C   3.694845  -2.860312   0.000000    0.000000  0.000000  0.000000
   C   4.940069  -0.716689   0.000000    0.000000  0.000000  0.000000
   C   6.173475   1.431785   0.000000   -0.000000  0.000000  0.000000
   C   7.358051   3.642635   0.000000   -0.000000  0.000000  0.000000
   C   4.910090  -5.019617   0.000000    0.000000  0.000000  0.000000
   C   6.173642  -2.889413   0.000000    0.000000  0.000000  0.000000
   C   7.365228  -0.691139   0.000000    0.000000  0.000000  0.000000
   C   7.338226  -5.042760   0.000000    0.000000  0.000000  0.000000
   H   8.282184   5.591425   0.000000    0.000000 -0.000000  0.000000
   H   8.325741   3.141106   0.000000    0.000000  0.000000  0.000000
   H   8.326715   1.204661   0.000000    0.000000  0.000000  0.000000
   H   8.326715  -1.204661   0.000000    0.000000  0.000000  0.000000
   H   8.325741  -3.141106   0.000000    0.000000  0.000000  0.000000
   H   8.282184  -5.591425   0.000000    0.000000  0.000000  0.000000
   H  -8.282184   5.591425   0.000000    0.000000 -0.000000  0.000000
   H  -8.325741   3.141106   0.000000    0.000000  0.000000  0.000000
   H  -8.326715   1.204661   0.000000    0.000000  0.000000  0.000000
   H  -8.326715  -1.204661   0.000000    0.000000  0.000000  0.000000
   H  -8.325741  -3.141106   0.000000    0.000000  0.000000  0.000000
   H  -8.282184  -5.591425   0.000000    0.000000  0.000000  0.000000
   H  -6.116625   6.819427   0.000000    0.000000  0.000000  0.000000
   H  -3.672757   6.787431   0.000000    0.000000  0.000000  0.000000
   H  -1.225580   6.778408   0.000000    0.000000 -0.000000  0.000000
   H   1.225580   6.778408   0.000000    0.000000 -0.000000  0.000000
   H   3.672757   6.787431   0.000000    0.000000  0.000000  0.000000
   H   6.116625   6.819427   0.000000   -0.000000  0.000000  0.000000
   H  -6.116625  -6.819427   0.000000    0.000000  0.000000  0.000000
   H  -3.672757  -6.787431   0.000000    0.000000  0.000000  0.000000
   H  -1.225580  -6.778408   0.000000    0.000000  0.000000  0.000000
   H   1.225580  -6.778408   0.000000    0.000000  0.000000  0.000000
   H   3.672757  -6.787431   0.000000    0.000000  0.000000  0.000000
   H   6.116625  -6.819427   0.000000   -0.000000  0.000000  0.000000
SCF not converged.
SCF energy = -3001.2635702873
--------------- ROKS_Scanner gradients ---------------
         x                y                z
0 C    -0.0069108552    -0.0043706021    -0.0000000000
1 C    -0.0029683145     0.0002377127    -0.0000000000
2 C     0.0051643719    -0.0068352387    -0.0000000000
3 C    -0.0086897781    -0.0017842423    -0.0000000000
4 C    -0.0033827581    -0.0008940784     0.0000000000
5 C     0.0002703552    -0.0049601622    -0.0000000000
6 C     0.0016774725     0.0012836858    -0.0000000000
7 C     0.0067960979    -0.0026364670     0.0000000000
8 C    -0.0092647207    -0.0061146446     0.0000000000
9 C     0.0003217228    -0.0024529167    -0.0000000000
10 C     0.0010709856     0.0022054470     0.0000000000
11 C    -0.0016840362    -0.0007920417    -0.0000000000
12 C     0.0033475551     0.0033584732    -0.0000000000
13 C     0.0081161828    -0.0043147420    -0.0000000000
14 C    -0.0080578506    -0.0083455881     0.0000000000
15 C    -0.0051742712    -0.0014365837     0.0000000000
16 C     0.0030427794    -0.0011583101     0.0000000000
17 C     0.0017283230    -0.0024975079     0.0000000000
18 C    -0.0042324280    -0.0094468694     0.0000000000
19 C    -0.0005677548     0.0076897734     0.0000000000
20 C     0.0123058806    -0.0074281631     0.0000000000
21 C    -0.0026558803     0.0004184804     0.0000000000
22 C     0.0014777226    -0.0031471747     0.0000000000
23 C     0.0009993423     0.0037160402    -0.0000000000
24 C     0.0015627430    -0.0105823078     0.0000000000
25 C    -0.0102184803    -0.0079349520     0.0000000000
26 C     0.0125823514    -0.0039040476    -0.0000000000
27 C     0.0044628201    -0.0003735163     0.0000000000
28 C    -0.0039427413    -0.0013291430    -0.0000000000
29 C     0.0011128118    -0.0051084228    -0.0000000000
30 C    -0.0024997034     0.0052896574    -0.0000000000
31 C    -0.0083616741    -0.0084372592    -0.0000000000
32 C     0.0090769025    -0.0061023680    -0.0000000000
33 C     0.0051547035    -0.0018726259     0.0000000000
34 C    -0.0007388165     0.0014673967    -0.0000000000
35 C    -0.0001984949    -0.0052280895    -0.0000000000
36 C     0.0031141334     0.0005525509    -0.0000000000
37 C    -0.0010397625    -0.0024971664    -0.0000000000
38 C     0.0038462751    -0.0016574718    -0.0000000000
39 C    -0.0040246042     0.0071648077     0.0000000000
40 C     0.0067519239     0.0029494033     0.0000000000
41 C    -0.0031251005     0.0003892650     0.0000000000
42 C     0.0001443217     0.0045175257     0.0000000000
43 C    -0.0040908633     0.0037873310    -0.0000000000
44 C     0.0070866796     0.0037383083     0.0000000000
45 C    -0.0036130841    -0.0002757221     0.0000000000
46 C     0.0012450692     0.0053344049    -0.0000000000
47 C     0.0013750319    -0.0003188173    -0.0000000000
48 C    -0.0040960550     0.0011764848    -0.0000000000
49 C    -0.0049995925     0.0027339648    -0.0000000000
50 C     0.0068703551     0.0068258060    -0.0000000000
51 C     0.0028135117    -0.0039955574     0.0000000000
52 C    -0.0024550532     0.0015291560    -0.0000000000
53 C     0.0020552773     0.0011491995     0.0000000000
54 C    -0.0149221400     0.0000573721     0.0000000000
55 C    -0.0018870348     0.0086345319    -0.0000000000
56 C    -0.0020234179     0.0058381855    -0.0000000000
57 C     0.0060459760    -0.0011230282    -0.0000000000
58 C    -0.0030437157    -0.0001565355    -0.0000000000
59 C    -0.0063604184    -0.0031478015    -0.0000000000
60 N     0.0022191003     0.0029569480    -0.0000000000
61 C     0.0011721024     0.0096317884    -0.0000000000
62 C    -0.0102927947     0.0061305487     0.0000000000
63 C    -0.0007628386     0.0003994536     0.0000000000
64 C     0.0012966949    -0.0021057305     0.0000000000
65 C     0.0035220715    -0.0013865555     0.0000000000
66 C     0.0165096952     0.0018040457    -0.0000000000
67 C     0.0064583208     0.0051898833     0.0000000000
68 C    -0.0096104338     0.0031669788     0.0000000000
69 C    -0.0072934547    -0.0014624433     0.0000000000
70 C     0.0035046796     0.0025773757     0.0000000000
71 C    -0.0024453872    -0.0010644434     0.0000000000
72 C     0.0016272671     0.0044272032     0.0000000000
73 C     0.0041925826     0.0106337975     0.0000000000
74 C    -0.0023215210    -0.0038839699     0.0000000000
75 C    -0.0020066048     0.0057776359     0.0000000000
76 C     0.0034473535     0.0002610561     0.0000000000
77 C     0.0041124758     0.0003657292     0.0000000000
78 H     0.0050204620     0.0027927309     0.0000000000
79 H     0.0058294756    -0.0030069347    -0.0000000000
80 H     0.0060255130     0.0027016345     0.0000000000
81 H     0.0056074654    -0.0030395939    -0.0000000000
82 H     0.0054157901     0.0028508809     0.0000000000
83 H     0.0050373732    -0.0028336718    -0.0000000000
84 H    -0.0050741627     0.0028396017     0.0000000000
85 H    -0.0057037384    -0.0030393891    -0.0000000000
86 H    -0.0057335244     0.0029059570     0.0000000000
87 H    -0.0055465583    -0.0030523029    -0.0000000000
88 H    -0.0055376198     0.0029261690     0.0000000000
89 H    -0.0050622135    -0.0028660567    -0.0000000000
90 H     0.0002186602     0.0061321372     0.0000000000
91 H    -0.0001164077     0.0066538653     0.0000000000
92 H    -0.0004796415     0.0074380742    -0.0000000000
93 H     0.0000352482     0.0076081048    -0.0000000000
94 H     0.0004644728     0.0071556635     0.0000000000
95 H    -0.0001413036     0.0062489948    -0.0000000000
96 H     0.0003125136    -0.0058740372     0.0000000000
97 H    -0.0000231456    -0.0057552053     0.0000000000
98 H    -0.0000629804    -0.0053580402    -0.0000000000
99 H     0.0000616644    -0.0050317326     0.0000000000
100 H     0.0000331615    -0.0054421419     0.0000000000
101 H    -0.0002985512    -0.0057565196     0.0000000000
----------------------------------------------
cycle 1: E = -3001.26357029  dE = -3001.26  norm(grad) = 0.070372
