1721638302.6643922

Geometry optimization cycle 1
Cartesian coordinates (Angstrom)
 Atom        New coordinates             dX        dY        dZ
   C  -7.338226   5.042760   0.000000    0.000000  0.000000  0.000000
   C  -7.365228   0.691139   0.000000    0.000000  0.000000  0.000000
   C  -6.173642   2.889413   0.000000    0.000000  0.000000  0.000000
   C  -4.910090   5.019617   0.000000    0.000000  0.000000  0.000000
   C  -7.358051  -3.642635   0.000000    0.000000  0.000000  0.000000
   C  -6.173475  -1.431785   0.000000    0.000000  0.000000  0.000000
   C  -4.940069   0.716689   0.000000    0.000000  0.000000  0.000000
   C  -3.694845   2.860312   0.000000    0.000000  0.000000  0.000000
   C  -2.457224   5.005715   0.000000    0.000000  0.000000  0.000000
   C  -6.138515  -5.727246   0.000000    0.000000  0.000000  0.000000
   C  -4.928214  -3.580071   0.000000    0.000000  0.000000  0.000000
   C  -3.698169  -1.425571   0.000000    0.000000  0.000000  0.000000
   C  -2.471779   0.716540   0.000000    0.000000  0.000000  0.000000
   C  -1.230705   2.851907   0.000000    0.000000 -0.000000  0.000000
   C   0.000000   5.003169   0.000000    0.000000  0.000000  0.000000
   C  -3.678966  -5.694052   0.000000    0.000000  0.000000  0.000000
   C  -2.466015  -3.560923   0.000000    0.000000  0.000000  0.000000
   C  -1.232423  -1.423207   0.000000    0.000000  0.000000  0.000000
   C   0.000000   0.715809   0.000000    0.000000  0.000000  0.000000
   C   1.230705   2.851907   0.000000    0.000000 -0.000000  0.000000
   C   2.457224   5.005715   0.000000    0.000000  0.000000  0.000000
   C  -1.226334  -5.685080   0.000000    0.000000  0.000000  0.000000
   C   0.000000  -3.557079   0.000000    0.000000  0.000000  0.000000
   N   1.232423  -1.423207   0.000000    0.000000  0.000000  0.000000
   C   2.471779   0.716540   0.000000    0.000000  0.000000  0.000000
   C   3.694845   2.860312   0.000000    0.000000  0.000000  0.000000
   C   4.910090   5.019617   0.000000    0.000000  0.000000  0.000000
   C   1.226334  -5.685080   0.000000    0.000000  0.000000  0.000000
   C   2.466015  -3.560923   0.000000    0.000000  0.000000  0.000000
   N   3.698169  -1.425571   0.000000    0.000000  0.000000  0.000000
   C   4.940069   0.716689   0.000000    0.000000  0.000000  0.000000
   C   6.173642   2.889413   0.000000    0.000000  0.000000  0.000000
   C   7.338226   5.042760   0.000000    0.000000  0.000000  0.000000
   C   3.678966  -5.694052   0.000000    0.000000  0.000000  0.000000
   C   4.928214  -3.580071   0.000000    0.000000  0.000000  0.000000
   C   6.173475  -1.431785   0.000000   -0.000000  0.000000  0.000000
   C   7.365228   0.691139   0.000000    0.000000  0.000000  0.000000
   N   6.138515  -5.727246   0.000000    0.000000  0.000000  0.000000
   C   7.358051  -3.642635   0.000000   -0.000000  0.000000  0.000000
   C  -7.358051   3.642635   0.000000    0.000000  0.000000  0.000000
   C  -6.138515   5.727246   0.000000    0.000000  0.000000  0.000000
   C  -7.365228  -0.691139   0.000000    0.000000  0.000000  0.000000
   C  -6.173475   1.431785   0.000000    0.000000  0.000000  0.000000
   C  -4.928214   3.580071   0.000000    0.000000 -0.000000  0.000000
   C  -3.678966   5.694052   0.000000    0.000000  0.000000  0.000000
   C  -7.338226  -5.042760   0.000000    0.000000  0.000000  0.000000
   C  -6.173642  -2.889413   0.000000    0.000000  0.000000  0.000000
   C  -4.940069  -0.716689   0.000000    0.000000  0.000000  0.000000
   N  -3.698169   1.425571   0.000000    0.000000  0.000000  0.000000
   C  -2.466015   3.560923   0.000000    0.000000 -0.000000  0.000000
   C  -1.226334   5.685080   0.000000    0.000000  0.000000  0.000000
   C  -4.910090  -5.019617   0.000000    0.000000  0.000000  0.000000
   C  -3.694845  -2.860312   0.000000    0.000000  0.000000  0.000000
   C  -2.471779  -0.716540   0.000000    0.000000  0.000000  0.000000
   C  -1.232423   1.423207   0.000000    0.000000  0.000000  0.000000
   C   0.000000   3.557079   0.000000    0.000000  0.000000  0.000000
   C   1.226334   5.685080   0.000000    0.000000  0.000000  0.000000
   C  -2.457224  -5.005715   0.000000    0.000000  0.000000  0.000000
   C  -1.230705  -2.851907   0.000000    0.000000  0.000000  0.000000
   C   0.000000  -0.715809   0.000000    0.000000  0.000000  0.000000
   C   1.232423   1.423207   0.000000    0.000000  0.000000  0.000000
   C   2.466015   3.560923   0.000000    0.000000 -0.000000  0.000000
   C   3.678966   5.694052   0.000000    0.000000  0.000000  0.000000
   C   0.000000  -5.003169   0.000000    0.000000  0.000000  0.000000
   C   1.230705  -2.851907   0.000000    0.000000  0.000000  0.000000
   C   2.471779  -0.716540   0.000000    0.000000  0.000000  0.000000
   C   3.698169   1.425571   0.000000    0.000000  0.000000  0.000000
   C   4.928214   3.580071   0.000000    0.000000 -0.000000  0.000000
   C   6.138515   5.727246   0.000000    0.000000  0.000000  0.000000
   C   2.457224  -5.005715   0.000000    0.000000  0.000000  0.000000
   C   3.694845  -2.860312   0.000000    0.000000  0.000000  0.000000
   C   4.940069  -0.716689   0.000000    0.000000  0.000000  0.000000
   C   6.173475   1.431785   0.000000   -0.000000  0.000000  0.000000
   C   7.358051   3.642635   0.000000   -0.000000  0.000000  0.000000
   N   4.910090  -5.019617   0.000000    0.000000  0.000000  0.000000
   C   6.173642  -2.889413   0.000000    0.000000  0.000000  0.000000
   C   7.365228  -0.691139   0.000000    0.000000  0.000000  0.000000
   C   7.338226  -5.042760   0.000000    0.000000  0.000000  0.000000
   H   8.282184   5.591425   0.000000    0.000000 -0.000000  0.000000
   H   8.325741   3.141106   0.000000    0.000000  0.000000  0.000000
   H   8.326715   1.204661   0.000000    0.000000  0.000000  0.000000
   H   8.326715  -1.204661   0.000000    0.000000  0.000000  0.000000
   H   8.325741  -3.141106   0.000000    0.000000  0.000000  0.000000
   H   8.282184  -5.591425   0.000000    0.000000  0.000000  0.000000
   H  -8.282184   5.591425   0.000000    0.000000 -0.000000  0.000000
   H  -8.325741   3.141106   0.000000    0.000000  0.000000  0.000000
   H  -8.326715   1.204661   0.000000    0.000000  0.000000  0.000000
   H  -8.326715  -1.204661   0.000000    0.000000  0.000000  0.000000
   H  -8.325741  -3.141106   0.000000    0.000000  0.000000  0.000000
   H  -8.282184  -5.591425   0.000000    0.000000  0.000000  0.000000
   H  -6.116625   6.819427   0.000000    0.000000  0.000000  0.000000
   H  -3.672757   6.787431   0.000000    0.000000  0.000000  0.000000
   H  -1.225580   6.778408   0.000000    0.000000 -0.000000  0.000000
   H   1.225580   6.778408   0.000000    0.000000 -0.000000  0.000000
   H   3.672757   6.787431   0.000000    0.000000  0.000000  0.000000
   H   6.116625   6.819427   0.000000   -0.000000  0.000000  0.000000
   H  -6.116625  -6.819427   0.000000    0.000000  0.000000  0.000000
   H  -3.672757  -6.787431   0.000000    0.000000  0.000000  0.000000
   H  -1.225580  -6.778408   0.000000    0.000000  0.000000  0.000000
   H   1.225580  -6.778408   0.000000    0.000000  0.000000  0.000000
   H   3.672757  -6.787431   0.000000    0.000000  0.000000  0.000000
   H   6.116625  -6.819427   0.000000   -0.000000  0.000000  0.000000
SCF not converged.
SCF energy = -3067.60245243867
--------------- ROKS_Scanner gradients ---------------
         x                y                z
0 C    -0.0095074526    -0.0056867430    -0.0000000000
1 C    -0.0007611981     0.0107938887     0.0000000000
2 C     0.0105244980    -0.0099731174     0.0000000000
3 C    -0.0100986465    -0.0013049631    -0.0000000000
4 C     0.0017765170    -0.0013613829    -0.0000000000
5 C    -0.0045640755    -0.0043349306    -0.0000000000
6 C     0.0008120945    -0.0072033319     0.0000000000
7 C    -0.0000352942     0.0090085250    -0.0000000000
8 C     0.0101191716     0.0006989528     0.0000000000
9 C    -0.0008131732    -0.0041103187    -0.0000000000
10 C     0.0028395642     0.0005664170    -0.0000000000
11 C    -0.0043688499     0.0147976448    -0.0000000000
12 C    -0.0040868715    -0.0016354521     0.0000000000
13 C    -0.0160779460    -0.0072402506     0.0000000000
14 C     0.0089045262     0.0005893136     0.0000000000
15 C    -0.0089191929    -0.0053218543    -0.0000000000
16 C    -0.0175386944    -0.0021334935    -0.0000000000
17 C    -0.0189509988    -0.0058115285    -0.0000000000
18 C    -0.0040469697     0.0263404928     0.0000000000
19 C    -0.0113501390     0.0110315036    -0.0000000000
20 C    -0.0045877488     0.0014957761     0.0000000000
21 C    -0.0162724238    -0.0063045782     0.0000000000
22 C    -0.0175583851    -0.0129152925     0.0000000000
23 N    -0.0124125361    -0.0063191147     0.0000000000
24 C     0.0004072524     0.0213781713     0.0000000000
25 C     0.0019976654     0.0097133087    -0.0000000000
26 C    -0.0063202469     0.0050193896    -0.0000000000
27 C    -0.0256657856     0.0008910067     0.0000000000
28 C     0.0245681850    -0.0175965153     0.0000000000
29 N     0.0239359316    -0.0108728350    -0.0000000000
30 C     0.0003411875     0.0098875988     0.0000000000
31 C     0.0026140298     0.0010924781    -0.0000000000
32 C     0.0027372084     0.0040035516    -0.0000000000
33 C    -0.0511026219    -0.0175383520     0.0000000000
34 C     0.0191934847    -0.0162422982    -0.0000000000
35 C     0.0209633787     0.0232820882    -0.0000000000
36 C    -0.0012646132     0.0108711221    -0.0000000000
37 N     0.0274142447     0.0274447417    -0.0000000000
38 C    -0.0022010923     0.0344892060    -0.0000000000
39 C    -0.0054238841     0.0100310496     0.0000000000
40 C     0.0089893498     0.0035496697     0.0000000000
41 C     0.0028641710    -0.0072010152     0.0000000000
42 C    -0.0185102726     0.0033034933    -0.0000000000
43 C    -0.0028514927     0.0101567874    -0.0000000000
44 C     0.0005573118     0.0024953009    -0.0000000000
45 C    -0.0035782014    -0.0036150193     0.0000000000
46 C    -0.0005070674     0.0049908828     0.0000000000
47 C     0.0005611248    -0.0078477422     0.0000000000
48 N     0.0044206732    -0.0044745276    -0.0000000000
49 C     0.0065455610     0.0076168707    -0.0000000000
50 C    -0.0088869763     0.0028011080     0.0000000000
51 C     0.0022716624    -0.0013833525     0.0000000000
52 C     0.0086421977    -0.0130883400     0.0000000000
53 C     0.0052481712    -0.0172551197    -0.0000000000
54 C     0.0235594966     0.0057008050    -0.0000000000
55 C     0.0164521801     0.0020448099    -0.0000000000
56 C    -0.0010666052    -0.0017674600    -0.0000000000
57 C     0.0121346518     0.0072469931     0.0000000000
58 C     0.0176341772     0.0063256754     0.0000000000
59 C     0.0036584222    -0.0105257902    -0.0000000000
60 C    -0.0001207856    -0.0115736613    -0.0000000000
61 C     0.0052267101     0.0013673780     0.0000000000
62 C     0.0073058991     0.0011385607     0.0000000000
63 C     0.0198115781     0.0061566954    -0.0000000000
64 C    -0.0033703681     0.0187937507    -0.0000000000
65 C    -0.0115183428     0.0076625433    -0.0000000000
66 C    -0.0016280949    -0.0089390950    -0.0000000000
67 C    -0.0047808966    -0.0028603170     0.0000000000
68 C     0.0017439830     0.0013469126     0.0000000000
69 C     0.0217827690    -0.0134851188    -0.0000000000
70 C    -0.0318201785     0.0217449076    -0.0000000000
71 C     0.0005070984    -0.0032699518    -0.0000000000
72 C     0.0023498909    -0.0003162045     0.0000000000
73 C    -0.0007092904    -0.0028541523     0.0000000000
74 N     0.0262460028     0.0241943447     0.0000000000
75 C    -0.0071033755    -0.0101542442     0.0000000000
76 C    -0.0062591738    -0.0159966798     0.0000000000
77 C    -0.0103505458    -0.0415503873     0.0000000000
78 H     0.0048143113     0.0028069091     0.0000000000
79 H     0.0051619496    -0.0028301599    -0.0000000000
80 H     0.0057142858     0.0032997293     0.0000000000
81 H     0.0065010795    -0.0026815008    -0.0000000000
82 H     0.0058579725     0.0070803468     0.0000000000
83 H     0.0144247671     0.0042688546    -0.0000000000
84 H    -0.0049872815     0.0027438219     0.0000000000
85 H    -0.0059007787    -0.0027316976    -0.0000000000
86 H    -0.0066701411     0.0023464536     0.0000000000
87 H    -0.0060735630    -0.0029279424    -0.0000000000
88 H    -0.0054932677     0.0030266473     0.0000000000
89 H    -0.0047463830    -0.0029367385     0.0000000000
90 H    -0.0001260716     0.0062414673    -0.0000000000
91 H     0.0000299135     0.0063311429     0.0000000000
92 H     0.0003417761     0.0061437384     0.0000000000
93 H     0.0000407988     0.0058054442    -0.0000000000
94 H     0.0000587277     0.0053401754     0.0000000000
95 H    -0.0001427570     0.0055529604    -0.0000000000
96 H     0.0000444031    -0.0058907745     0.0000000000
97 H    -0.0001902474    -0.0062598633     0.0000000000
98 H    -0.0003353384    -0.0066037182    -0.0000000000
99 H     0.0003045501    -0.0062287724     0.0000000000
100 H    -0.0075698761    -0.0083679834    -0.0000000000
101 H     0.0082624202    -0.0634794740     0.0000000000
----------------------------------------------
cycle 1: E = -3067.60245244  dE = -3067.6  norm(grad) = 0.173805
