1721697969.2077646

Geometry optimization cycle 1
Cartesian coordinates (Angstrom)
 Atom        New coordinates             dX        dY        dZ
   C  -7.338226   5.042760   0.000000    0.000000  0.000000  0.000000
   C  -7.365228   0.691139   0.000000    0.000000  0.000000  0.000000
   C  -6.173642   2.889413   0.000000    0.000000  0.000000  0.000000
   C  -4.910090   5.019617   0.000000    0.000000  0.000000  0.000000
   C  -7.358051  -3.642635   0.000000    0.000000  0.000000  0.000000
   C  -6.173475  -1.431785   0.000000    0.000000  0.000000  0.000000
   C  -4.940069   0.716689   0.000000    0.000000  0.000000  0.000000
   C  -3.694845   2.860312   0.000000    0.000000  0.000000  0.000000
   C  -2.457224   5.005715   0.000000    0.000000  0.000000  0.000000
   C  -6.138515  -5.727246   0.000000    0.000000  0.000000  0.000000
   C  -4.928214  -3.580071   0.000000    0.000000  0.000000  0.000000
   C  -3.698169  -1.425571   0.000000    0.000000  0.000000  0.000000
   N  -2.471779   0.716540   0.000000    0.000000  0.000000  0.000000
   C  -1.230705   2.851907   0.000000    0.000000 -0.000000  0.000000
   N   0.000000   5.003169   0.000000    0.000000  0.000000  0.000000
   C  -3.678966  -5.694052   0.000000    0.000000  0.000000  0.000000
   C  -2.466015  -3.560923   0.000000    0.000000  0.000000  0.000000
   C  -1.232423  -1.423207   0.000000    0.000000  0.000000  0.000000
   C   0.000000   0.715809   0.000000    0.000000  0.000000  0.000000
   C   1.230705   2.851907   0.000000    0.000000 -0.000000  0.000000
   C   2.457224   5.005715   0.000000    0.000000  0.000000  0.000000
   N  -1.226334  -5.685080   0.000000    0.000000  0.000000  0.000000
   N   0.000000  -3.557079   0.000000    0.000000  0.000000  0.000000
   C   1.232423  -1.423207   0.000000    0.000000  0.000000  0.000000
   C   2.471779   0.716540   0.000000    0.000000  0.000000  0.000000
   C   3.694845   2.860312   0.000000    0.000000  0.000000  0.000000
   C   4.910090   5.019617   0.000000    0.000000  0.000000  0.000000
   C   1.226334  -5.685080   0.000000    0.000000  0.000000  0.000000
   C   2.466015  -3.560923   0.000000    0.000000  0.000000  0.000000
   C   3.698169  -1.425571   0.000000    0.000000  0.000000  0.000000
   C   4.940069   0.716689   0.000000    0.000000  0.000000  0.000000
   C   6.173642   2.889413   0.000000    0.000000  0.000000  0.000000
   C   7.338226   5.042760   0.000000    0.000000  0.000000  0.000000
   C   3.678966  -5.694052   0.000000    0.000000  0.000000  0.000000
   C   4.928214  -3.580071   0.000000    0.000000  0.000000  0.000000
   N   6.173475  -1.431785   0.000000   -0.000000  0.000000  0.000000
   N   7.365228   0.691139   0.000000    0.000000  0.000000  0.000000
   C   6.138515  -5.727246   0.000000    0.000000  0.000000  0.000000
   N   7.358051  -3.642635   0.000000   -0.000000  0.000000  0.000000
   C  -7.358051   3.642635   0.000000    0.000000  0.000000  0.000000
   C  -6.138515   5.727246   0.000000    0.000000  0.000000  0.000000
   C  -7.365228  -0.691139   0.000000    0.000000  0.000000  0.000000
   C  -6.173475   1.431785   0.000000    0.000000  0.000000  0.000000
   C  -4.928214   3.580071   0.000000    0.000000 -0.000000  0.000000
   C  -3.678966   5.694052   0.000000    0.000000  0.000000  0.000000
   C  -7.338226  -5.042760   0.000000    0.000000  0.000000  0.000000
   C  -6.173642  -2.889413   0.000000    0.000000  0.000000  0.000000
   C  -4.940069  -0.716689   0.000000    0.000000  0.000000  0.000000
   C  -3.698169   1.425571   0.000000    0.000000  0.000000  0.000000
   C  -2.466015   3.560923   0.000000    0.000000 -0.000000  0.000000
   C  -1.226334   5.685080   0.000000    0.000000  0.000000  0.000000
   C  -4.910090  -5.019617   0.000000    0.000000  0.000000  0.000000
   N  -3.694845  -2.860312   0.000000    0.000000  0.000000  0.000000
   C  -2.471779  -0.716540   0.000000    0.000000  0.000000  0.000000
   C  -1.232423   1.423207   0.000000    0.000000  0.000000  0.000000
   C   0.000000   3.557079   0.000000    0.000000  0.000000  0.000000
   C   1.226334   5.685080   0.000000    0.000000  0.000000  0.000000
   C  -2.457224  -5.005715   0.000000    0.000000  0.000000  0.000000
   C  -1.230705  -2.851907   0.000000    0.000000  0.000000  0.000000
   C   0.000000  -0.715809   0.000000    0.000000  0.000000  0.000000
   C   1.232423   1.423207   0.000000    0.000000  0.000000  0.000000
   C   2.466015   3.560923   0.000000    0.000000 -0.000000  0.000000
   C   3.678966   5.694052   0.000000    0.000000  0.000000  0.000000
   C   0.000000  -5.003169   0.000000    0.000000  0.000000  0.000000
   C   1.230705  -2.851907   0.000000    0.000000  0.000000  0.000000
   C   2.471779  -0.716540   0.000000    0.000000  0.000000  0.000000
   C   3.698169   1.425571   0.000000    0.000000  0.000000  0.000000
   C   4.928214   3.580071   0.000000    0.000000 -0.000000  0.000000
   C   6.138515   5.727246   0.000000    0.000000  0.000000  0.000000
   C   2.457224  -5.005715   0.000000    0.000000  0.000000  0.000000
   C   3.694845  -2.860312   0.000000    0.000000  0.000000  0.000000
   C   4.940069  -0.716689   0.000000    0.000000  0.000000  0.000000
   C   6.173475   1.431785   0.000000   -0.000000  0.000000  0.000000
   C   7.358051   3.642635   0.000000   -0.000000  0.000000  0.000000
   C   4.910090  -5.019617   0.000000    0.000000  0.000000  0.000000
   C   6.173642  -2.889413   0.000000    0.000000  0.000000  0.000000
   C   7.365228  -0.691139   0.000000    0.000000  0.000000  0.000000
   N   7.338226  -5.042760   0.000000    0.000000  0.000000  0.000000
   H   8.282184   5.591425   0.000000    0.000000 -0.000000  0.000000
   H   8.325741   3.141106   0.000000    0.000000  0.000000  0.000000
   H   8.326715   1.204661   0.000000    0.000000  0.000000  0.000000
   H   8.326715  -1.204661   0.000000    0.000000  0.000000  0.000000
   H   8.325741  -3.141106   0.000000    0.000000  0.000000  0.000000
   H   8.282184  -5.591425   0.000000    0.000000  0.000000  0.000000
   H  -8.282184   5.591425   0.000000    0.000000 -0.000000  0.000000
   H  -8.325741   3.141106   0.000000    0.000000  0.000000  0.000000
   H  -8.326715   1.204661   0.000000    0.000000  0.000000  0.000000
   H  -8.326715  -1.204661   0.000000    0.000000  0.000000  0.000000
   H  -8.325741  -3.141106   0.000000    0.000000  0.000000  0.000000
   H  -8.282184  -5.591425   0.000000    0.000000  0.000000  0.000000
   H  -6.116625   6.819427   0.000000    0.000000  0.000000  0.000000
   H  -3.672757   6.787431   0.000000    0.000000  0.000000  0.000000
   H  -1.225580   6.778408   0.000000    0.000000 -0.000000  0.000000
   H   1.225580   6.778408   0.000000    0.000000 -0.000000  0.000000
   H   3.672757   6.787431   0.000000    0.000000  0.000000  0.000000
   H   6.116625   6.819427   0.000000   -0.000000  0.000000  0.000000
   H  -6.116625  -6.819427   0.000000    0.000000  0.000000  0.000000
   H  -3.672757  -6.787431   0.000000    0.000000  0.000000  0.000000
   H  -1.225580  -6.778408   0.000000    0.000000  0.000000  0.000000
   H   1.225580  -6.778408   0.000000    0.000000  0.000000  0.000000
   H   3.672757  -6.787431   0.000000    0.000000  0.000000  0.000000
   H   6.116625  -6.819427   0.000000   -0.000000  0.000000  0.000000
SCF not converged.
SCF energy = -3134.0119351311
--------------- ROKS_Scanner gradients ---------------
         x                y                z
0 C    -0.0059573874     0.0015698138    -0.0000000000
1 C    -0.0088693876    -0.0025320343     0.0000000000
2 C     0.0032056281    -0.0037779060     0.0000000000
3 C    -0.0036827512     0.0012550096    -0.0000000000
4 C     0.0043838347     0.0111461964     0.0000000000
5 C    -0.0017883293    -0.0062599737     0.0000000000
6 C    -0.0254915124    -0.0054905568     0.0000000000
7 C    -0.0089049862     0.0054253928    -0.0000000000
8 C    -0.0002810943     0.0096193896     0.0000000000
9 C    -0.0101417730    -0.0073093343    -0.0000000000
10 C     0.0031866014    -0.0020413064     0.0000000000
11 C     0.0004474530     0.0153810810     0.0000000000
12 N     0.0084783106     0.0249401461    -0.0000000000
13 C     0.0037648983     0.0084210389    -0.0000000000
14 N    -0.0001511462    -0.0145899317     0.0000000000
15 C    -0.0388913943     0.0032101005    -0.0000000000
16 C    -0.0296088298     0.0153962782    -0.0000000000
17 C    -0.0003772872     0.0117585882    -0.0000000000
18 C     0.0090914059     0.0074888309    -0.0000000000
19 C    -0.0022525878    -0.0068507062    -0.0000000000
20 C    -0.0028514614     0.0064391968    -0.0000000000
21 N     0.0033204075     0.0108696277    -0.0000000000
22 N     0.0277167284     0.0138355536    -0.0000000000
23 C     0.0195417847    -0.0023971342     0.0000000000
24 C    -0.0035154027     0.0122170597    -0.0000000000
25 C    -0.0022675360    -0.0022386850    -0.0000000000
26 C     0.0000678967     0.0027284449    -0.0000000000
27 C     0.0528605313    -0.0139143535    -0.0000000000
28 C     0.0434577497    -0.0064610854    -0.0000000000
29 C    -0.0219931926    -0.0015627565    -0.0000000000
30 C    -0.0194221908     0.0020018883    -0.0000000000
31 C    -0.0104613528     0.0187620978    -0.0000000000
32 C     0.0043163017     0.0040436328    -0.0000000000
33 C     0.0356151513    -0.0074969771     0.0000000000
34 C     0.0100037841    -0.0352978238    -0.0000000000
35 N    -0.0257376362     0.0373397429     0.0000000000
36 N    -0.0176925726    -0.0119114752    -0.0000000000
37 C     0.0410475541    -0.0304531721    -0.0000000000
38 N    -0.0378430442    -0.0563216082    -0.0000000000
39 C     0.0001925501     0.0018217643    -0.0000000000
40 C     0.0030653799     0.0024924704    -0.0000000000
41 C     0.0014956087     0.0048511198    -0.0000000000
42 C     0.0079793815    -0.0014474411    -0.0000000000
43 C     0.0031939175     0.0025528102     0.0000000000
44 C    -0.0053738009     0.0002822578     0.0000000000
45 C     0.0020229042    -0.0129864662    -0.0000000000
46 C    -0.0176348858     0.0012838017    -0.0000000000
47 C     0.0070898796     0.0152157883    -0.0000000000
48 C     0.0095784654     0.0033612461    -0.0000000000
49 C     0.0098955779    -0.0102016993     0.0000000000
50 C    -0.0225238117     0.0162410858    -0.0000000000
51 C     0.0099851788    -0.0144500988     0.0000000000
52 N     0.0070094849    -0.0231738813    -0.0000000000
53 C     0.0021968234    -0.0140929363     0.0000000000
54 C    -0.0055425456    -0.0087250093     0.0000000000
55 C    -0.0014382860    -0.0098171785     0.0000000000
56 C     0.0246368716     0.0191314167     0.0000000000
57 C     0.0224475049     0.0018748014    -0.0000000000
58 C     0.0128240472    -0.0026096486     0.0000000000
59 C    -0.0213717574    -0.0019330872     0.0000000000
60 C     0.0082850164    -0.0082663201     0.0000000000
61 C    -0.0022002307    -0.0020546043     0.0000000000
62 C     0.0082517587     0.0017534899     0.0000000000
63 C    -0.0334718653     0.0093248369     0.0000000000
64 C    -0.0310137490     0.0147336798    -0.0000000000
65 C    -0.0011657740    -0.0098040988    -0.0000000000
66 C    -0.0022974695     0.0036195268     0.0000000000
67 C     0.0064057001    -0.0000238221     0.0000000000
68 C    -0.0025595432     0.0002813741     0.0000000000
69 C    -0.0437028990     0.0088345705    -0.0000000000
70 C    -0.0261506557    -0.0002159667     0.0000000000
71 C     0.0241003623     0.0100247594    -0.0000000000
72 C     0.0022415454    -0.0135273717     0.0000000000
73 C    -0.0037152675    -0.0009585247    -0.0000000000
74 C    -0.0527796137     0.0299667187    -0.0000000000
75 C     0.0124991713    -0.0261518734     0.0000000000
76 C     0.0047680783     0.0058554271     0.0000000000
77 N    -0.0458965654     0.0397675709     0.0000000000
78 H     0.0047031017     0.0027096710     0.0000000000
79 H     0.0023818346    -0.0028211769     0.0000000000
80 H     0.0547178311     0.0285231216     0.0000000000
81 H     0.0107381281    -0.0057235040    -0.0000000000
82 H     0.0555176785     0.0349233487     0.0000000000
83 H     0.0530491401    -0.0411084962    -0.0000000000
84 H    -0.0048044838     0.0027832877     0.0000000000
85 H    -0.0055240120    -0.0030425494     0.0000000000
86 H    -0.0061490409     0.0025585717    -0.0000000000
87 H    -0.0062988098    -0.0027404753     0.0000000000
88 H    -0.0069414134     0.0023389915    -0.0000000000
89 H    -0.0050243704    -0.0030952435     0.0000000000
90 H     0.0000111469     0.0060462523     0.0000000000
91 H     0.0002781210     0.0061455671    -0.0000000000
92 H    -0.0085100585     0.0098484180    -0.0000000000
93 H     0.0087454209     0.0097025646    -0.0000000000
94 H    -0.0004165534     0.0060442999    -0.0000000000
95 H    -0.0002915172     0.0061181915    -0.0000000000
96 H    -0.0009266415    -0.0065003423     0.0000000000
97 H     0.0001547659    -0.0062032384     0.0000000000
98 H    -0.0017592835    -0.0636711920     0.0000000000
99 H     0.0027980586    -0.0070891708     0.0000000000
100 H     0.0001756817    -0.0059733163    -0.0000000000
101 H    -0.0102915713    -0.0094834967     0.0000000000
----------------------------------------------
cycle 1: E = -3134.01193513  dE = -3134.01  norm(grad) = 0.252903
