1721673682.631738

Geometry optimization cycle 1
Cartesian coordinates (Angstrom)
 Atom        New coordinates             dX        dY        dZ
   C  -7.338226   5.042760   0.000000    0.000000  0.000000  0.000000
   C  -7.365228   0.691139   0.000000    0.000000  0.000000  0.000000
   C  -6.173642   2.889413   0.000000    0.000000  0.000000  0.000000
   C  -4.910090   5.019617   0.000000    0.000000  0.000000  0.000000
   C  -7.358051  -3.642635   0.000000    0.000000  0.000000  0.000000
   C  -6.173475  -1.431785   0.000000    0.000000  0.000000  0.000000
   C  -4.940069   0.716689   0.000000    0.000000  0.000000  0.000000
   C  -3.694845   2.860312   0.000000    0.000000  0.000000  0.000000
   C  -2.457224   5.005715   0.000000    0.000000  0.000000  0.000000
   C  -6.138515  -5.727246   0.000000    0.000000  0.000000  0.000000
   C  -4.928214  -3.580071   0.000000    0.000000  0.000000  0.000000
   C  -3.698169  -1.425571   0.000000    0.000000  0.000000  0.000000
   C  -2.471779   0.716540   0.000000    0.000000  0.000000  0.000000
   C  -1.230705   2.851907   0.000000    0.000000 -0.000000  0.000000
   C   0.000000   5.003169   0.000000    0.000000  0.000000  0.000000
   C  -3.678966  -5.694052   0.000000    0.000000  0.000000  0.000000
   C  -2.466015  -3.560923   0.000000    0.000000  0.000000  0.000000
   C  -1.232423  -1.423207   0.000000    0.000000  0.000000  0.000000
   N   0.000000   0.715809   0.000000    0.000000  0.000000  0.000000
   C   1.230705   2.851907   0.000000    0.000000 -0.000000  0.000000
   C   2.457224   5.005715   0.000000    0.000000  0.000000  0.000000
   C  -1.226334  -5.685080   0.000000    0.000000  0.000000  0.000000
   C   0.000000  -3.557079   0.000000    0.000000  0.000000  0.000000
   C   1.232423  -1.423207   0.000000    0.000000  0.000000  0.000000
   C   2.471779   0.716540   0.000000    0.000000  0.000000  0.000000
   C   3.694845   2.860312   0.000000    0.000000  0.000000  0.000000
   N   4.910090   5.019617   0.000000    0.000000  0.000000  0.000000
   C   1.226334  -5.685080   0.000000    0.000000  0.000000  0.000000
   C   2.466015  -3.560923   0.000000    0.000000  0.000000  0.000000
   C   3.698169  -1.425571   0.000000    0.000000  0.000000  0.000000
   C   4.940069   0.716689   0.000000    0.000000  0.000000  0.000000
   C   6.173642   2.889413   0.000000    0.000000  0.000000  0.000000
   C   7.338226   5.042760   0.000000    0.000000  0.000000  0.000000
   C   3.678966  -5.694052   0.000000    0.000000  0.000000  0.000000
   C   4.928214  -3.580071   0.000000    0.000000  0.000000  0.000000
   C   6.173475  -1.431785   0.000000   -0.000000  0.000000  0.000000
   C   7.365228   0.691139   0.000000    0.000000  0.000000  0.000000
   C   6.138515  -5.727246   0.000000    0.000000  0.000000  0.000000
   C   7.358051  -3.642635   0.000000   -0.000000  0.000000  0.000000
   C  -7.358051   3.642635   0.000000    0.000000  0.000000  0.000000
   C  -6.138515   5.727246   0.000000    0.000000  0.000000  0.000000
   N  -7.365228  -0.691139   0.000000    0.000000  0.000000  0.000000
   C  -6.173475   1.431785   0.000000    0.000000  0.000000  0.000000
   C  -4.928214   3.580071   0.000000    0.000000 -0.000000  0.000000
   N  -3.678966   5.694052   0.000000    0.000000  0.000000  0.000000
   C  -7.338226  -5.042760   0.000000    0.000000  0.000000  0.000000
   C  -6.173642  -2.889413   0.000000    0.000000  0.000000  0.000000
   C  -4.940069  -0.716689   0.000000    0.000000  0.000000  0.000000
   C  -3.698169   1.425571   0.000000    0.000000  0.000000  0.000000
   C  -2.466015   3.560923   0.000000    0.000000 -0.000000  0.000000
   N  -1.226334   5.685080   0.000000    0.000000  0.000000  0.000000
   C  -4.910090  -5.019617   0.000000    0.000000  0.000000  0.000000
   C  -3.694845  -2.860312   0.000000    0.000000  0.000000  0.000000
   C  -2.471779  -0.716540   0.000000    0.000000  0.000000  0.000000
   C  -1.232423   1.423207   0.000000    0.000000  0.000000  0.000000
   C   0.000000   3.557079   0.000000    0.000000  0.000000  0.000000
   C   1.226334   5.685080   0.000000    0.000000  0.000000  0.000000
   C  -2.457224  -5.005715   0.000000    0.000000  0.000000  0.000000
   C  -1.230705  -2.851907   0.000000    0.000000  0.000000  0.000000
   C   0.000000  -0.715809   0.000000    0.000000  0.000000  0.000000
   C   1.232423   1.423207   0.000000    0.000000  0.000000  0.000000
   C   2.466015   3.560923   0.000000    0.000000 -0.000000  0.000000
   C   3.678966   5.694052   0.000000    0.000000  0.000000  0.000000
   C   0.000000  -5.003169   0.000000    0.000000  0.000000  0.000000
   C   1.230705  -2.851907   0.000000    0.000000  0.000000  0.000000
   C   2.471779  -0.716540   0.000000    0.000000  0.000000  0.000000
   C   3.698169   1.425571   0.000000    0.000000  0.000000  0.000000
   C   4.928214   3.580071   0.000000    0.000000 -0.000000  0.000000
   C   6.138515   5.727246   0.000000    0.000000  0.000000  0.000000
   C   2.457224  -5.005715   0.000000    0.000000  0.000000  0.000000
   C   3.694845  -2.860312   0.000000    0.000000  0.000000  0.000000
   C   4.940069  -0.716689   0.000000    0.000000  0.000000  0.000000
   C   6.173475   1.431785   0.000000   -0.000000  0.000000  0.000000
   C   7.358051   3.642635   0.000000   -0.000000  0.000000  0.000000
   C   4.910090  -5.019617   0.000000    0.000000  0.000000  0.000000
   N   6.173642  -2.889413   0.000000    0.000000  0.000000  0.000000
   N   7.365228  -0.691139   0.000000    0.000000  0.000000  0.000000
   C   7.338226  -5.042760   0.000000    0.000000  0.000000  0.000000
   H   8.282184   5.591425   0.000000    0.000000 -0.000000  0.000000
   H   8.325741   3.141106   0.000000    0.000000  0.000000  0.000000
   H   8.326715   1.204661   0.000000    0.000000  0.000000  0.000000
   H   8.326715  -1.204661   0.000000    0.000000  0.000000  0.000000
   H   8.325741  -3.141106   0.000000    0.000000  0.000000  0.000000
   H   8.282184  -5.591425   0.000000    0.000000  0.000000  0.000000
   H  -8.282184   5.591425   0.000000    0.000000 -0.000000  0.000000
   H  -8.325741   3.141106   0.000000    0.000000  0.000000  0.000000
   H  -8.326715   1.204661   0.000000    0.000000  0.000000  0.000000
   H  -8.326715  -1.204661   0.000000    0.000000  0.000000  0.000000
   H  -8.325741  -3.141106   0.000000    0.000000  0.000000  0.000000
   H  -8.282184  -5.591425   0.000000    0.000000  0.000000  0.000000
   H  -6.116625   6.819427   0.000000    0.000000  0.000000  0.000000
   H  -3.672757   6.787431   0.000000    0.000000  0.000000  0.000000
   H  -1.225580   6.778408   0.000000    0.000000 -0.000000  0.000000
   H   1.225580   6.778408   0.000000    0.000000 -0.000000  0.000000
   H   3.672757   6.787431   0.000000    0.000000  0.000000  0.000000
   H   6.116625   6.819427   0.000000   -0.000000  0.000000  0.000000
   H  -6.116625  -6.819427   0.000000    0.000000  0.000000  0.000000
   H  -3.672757  -6.787431   0.000000    0.000000  0.000000  0.000000
   H  -1.225580  -6.778408   0.000000    0.000000  0.000000  0.000000
   H   1.225580  -6.778408   0.000000    0.000000  0.000000  0.000000
   H   3.672757  -6.787431   0.000000    0.000000  0.000000  0.000000
   H   6.116625  -6.819427   0.000000   -0.000000  0.000000  0.000000
SCF not converged.
SCF energy = -3100.8745104491
--------------- ROKS_Scanner gradients ---------------
         x                y                z
0 C     0.0083154414     0.0212366579    -0.0000000000
1 C    -0.0152552756    -0.0075502968    -0.0000000000
2 C    -0.0024161682    -0.0077001006    -0.0000000000
3 C     0.0190572862     0.0039615084     0.0000000000
4 C     0.0022119836    -0.0058566807    -0.0000000000
5 C    -0.0110931150    -0.0051778628     0.0000000000
6 C    -0.0208072225    -0.0125870411     0.0000000000
7 C     0.0034280560     0.0139280126     0.0000000000
8 C    -0.0065658349     0.0187020119    -0.0000000000
9 C     0.0087395968    -0.0025965813     0.0000000000
10 C    -0.0053314398    -0.0069524928    -0.0000000000
11 C    -0.0056909948     0.0000008220    -0.0000000000
12 C    -0.0351233171     0.0003175969    -0.0000000000
13 C    -0.0220243725    -0.0018973080     0.0000000000
14 C    -0.0115553014     0.0039606218     0.0000000000
15 C     0.0079088961    -0.0054374956     0.0000000000
16 C     0.0002368456    -0.0007627592    -0.0000000000
17 C     0.0008990794    -0.0100952243    -0.0000000000
18 N    -0.0068115276     0.0010224225    -0.0000000000
19 C    -0.0069005080     0.0036068351     0.0000000000
20 C    -0.0131841155     0.0064746713     0.0000000000
21 C     0.0001034330    -0.0067245622    -0.0000000000
22 C    -0.0026568185     0.0010294055    -0.0000000000
23 C     0.0065571964    -0.0110245840     0.0000000000
24 C     0.0252559947     0.0038265043    -0.0000000000
25 C     0.0034597550    -0.0110974451    -0.0000000000
26 N    -0.0010225472     0.0060617229    -0.0000000000
27 C    -0.0092575625    -0.0072238541     0.0000000000
28 C     0.0000407404     0.0047639633     0.0000000000
29 C     0.0045726230    -0.0011691356     0.0000000000
30 C     0.0348723524     0.0010586696     0.0000000000
31 C    -0.0060417836    -0.0138126071     0.0000000000
32 C     0.0142048580     0.0039298037    -0.0000000000
33 C    -0.0166679803    -0.0097149231     0.0000000000
34 C     0.0010544668    -0.0106513917     0.0000000000
35 C     0.0193468049     0.0360822160     0.0000000000
36 C     0.0279450854    -0.0092948091    -0.0000000000
37 C    -0.0155236908     0.0020520449     0.0000000000
38 C     0.0025764157    -0.0067395717    -0.0000000000
39 C     0.0030886627    -0.0143510077     0.0000000000
40 C    -0.0328471033    -0.0014180103    -0.0000000000
41 N     0.0300206377     0.0196819406    -0.0000000000
42 C     0.0236349617     0.0176036703     0.0000000000
43 C    -0.0005840270    -0.0101930112    -0.0000000000
44 N    -0.0221532453    -0.0366338376     0.0000000000
45 C    -0.0059007470     0.0019673658     0.0000000000
46 C     0.0094124974    -0.0076188861     0.0000000000
47 C     0.0222009289     0.0099796568    -0.0000000000
48 C     0.0248914399    -0.0155453867     0.0000000000
49 C     0.0030903392    -0.0360249237     0.0000000000
50 N     0.0224706572    -0.0239099354    -0.0000000000
51 C    -0.0113430532     0.0033645933    -0.0000000000
52 C     0.0037141389     0.0032673212     0.0000000000
53 C     0.0084182025     0.0043919592     0.0000000000
54 C     0.0145999390     0.0117492521    -0.0000000000
55 C     0.0236795532    -0.0146125682    -0.0000000000
56 C     0.0206221597    -0.0038716116    -0.0000000000
57 C    -0.0067389345     0.0052964293    -0.0000000000
58 C    -0.0032998548     0.0009209682     0.0000000000
59 C    -0.0029879741    -0.0070975001    -0.0000000000
60 C     0.0004526522     0.0062493518     0.0000000000
61 C     0.0010828433     0.0049626008    -0.0000000000
62 C    -0.0086637034     0.0160374269    -0.0000000000
63 C     0.0044221468     0.0054048793    -0.0000000000
64 C     0.0030887190     0.0032166429    -0.0000000000
65 C    -0.0070613678    -0.0014127051     0.0000000000
66 C    -0.0283140861     0.0046454020     0.0000000000
67 C    -0.0026327512    -0.0185560532     0.0000000000
68 C     0.0071183745     0.0159824456     0.0000000000
69 C     0.0160750201     0.0027174736    -0.0000000000
70 C    -0.0151221309     0.0005695878    -0.0000000000
71 C    -0.0125799020     0.0074180004    -0.0000000000
72 C    -0.0348957093     0.0137993904    -0.0000000000
73 C    -0.0008342183    -0.0011219093    -0.0000000000
74 C     0.0128578558     0.0028095641    -0.0000000000
75 N    -0.0073691135    -0.0351842511    -0.0000000000
76 N    -0.0430579274     0.0255215565    -0.0000000000
77 C     0.0166433936    -0.0044627259     0.0000000000
78 H     0.0075586746     0.0004916435     0.0000000000
79 H     0.0046626172    -0.0033512397    -0.0000000000
80 H     0.0023789658     0.0104050125     0.0000000000
81 H     0.0543625548    -0.0270937063     0.0000000000
82 H     0.0108618697    -0.0026633449    -0.0000000000
83 H     0.0042711928    -0.0061787172    -0.0000000000
84 H    -0.0062228752     0.0028429037     0.0000000000
85 H    -0.0052498763    -0.0034184881    -0.0000000000
86 H    -0.0072469775     0.0117350648     0.0000000000
87 H    -0.0588143142    -0.0274316111     0.0000000000
88 H    -0.0028903952     0.0029402768     0.0000000000
89 H    -0.0048737002    -0.0028712546    -0.0000000000
90 H     0.0006457261     0.0050713439     0.0000000000
91 H     0.0023800214     0.0617663724     0.0000000000
92 H    -0.0019525615     0.0603886658    -0.0000000000
93 H    -0.0002512812     0.0050723711     0.0000000000
94 H    -0.0085431875     0.0094158915     0.0000000000
95 H     0.0081681986     0.0082764964     0.0000000000
96 H     0.0002984549    -0.0063848616    -0.0000000000
97 H     0.0000312075    -0.0063292103    -0.0000000000
98 H    -0.0000516063    -0.0063004790    -0.0000000000
99 H    -0.0000302776    -0.0062689979    -0.0000000000
100 H    -0.0012513854    -0.0069236710    -0.0000000000
101 H    -0.0003454569    -0.0067806659    -0.0000000000
----------------------------------------------
cycle 1: E = -3100.87451045  dE = -3100.87  norm(grad) = 0.21882
