1721706777.081852

Geometry optimization cycle 1
Cartesian coordinates (Angstrom)
 Atom        New coordinates             dX        dY        dZ
   C  -7.338226   5.042760   0.000000    0.000000  0.000000  0.000000
   C  -7.365228   0.691139   0.000000    0.000000  0.000000  0.000000
   C  -6.173642   2.889413   0.000000    0.000000  0.000000  0.000000
   C  -4.910090   5.019617   0.000000    0.000000  0.000000  0.000000
   C  -7.358051  -3.642635   0.000000    0.000000  0.000000  0.000000
   C  -6.173475  -1.431785   0.000000    0.000000  0.000000  0.000000
   C  -4.940069   0.716689   0.000000    0.000000  0.000000  0.000000
   C  -3.694845   2.860312   0.000000    0.000000  0.000000  0.000000
   C  -2.457224   5.005715   0.000000    0.000000  0.000000  0.000000
   C  -6.138515  -5.727246   0.000000    0.000000  0.000000  0.000000
   C  -4.928214  -3.580071   0.000000    0.000000  0.000000  0.000000
   N  -3.698169  -1.425571   0.000000    0.000000  0.000000  0.000000
   C  -2.471779   0.716540   0.000000    0.000000  0.000000  0.000000
   C  -1.230705   2.851907   0.000000    0.000000 -0.000000  0.000000
   C   0.000000   5.003169   0.000000    0.000000  0.000000  0.000000
   C  -3.678966  -5.694052   0.000000    0.000000  0.000000  0.000000
   C  -2.466015  -3.560923   0.000000    0.000000  0.000000  0.000000
   C  -1.232423  -1.423207   0.000000    0.000000  0.000000  0.000000
   C   0.000000   0.715809   0.000000    0.000000  0.000000  0.000000
   C   1.230705   2.851907   0.000000    0.000000 -0.000000  0.000000
   C   2.457224   5.005715   0.000000    0.000000  0.000000  0.000000
   C  -1.226334  -5.685080   0.000000    0.000000  0.000000  0.000000
   N   0.000000  -3.557079   0.000000    0.000000  0.000000  0.000000
   C   1.232423  -1.423207   0.000000    0.000000  0.000000  0.000000
   C   2.471779   0.716540   0.000000    0.000000  0.000000  0.000000
   C   3.694845   2.860312   0.000000    0.000000  0.000000  0.000000
   C   4.910090   5.019617   0.000000    0.000000  0.000000  0.000000
   C   1.226334  -5.685080   0.000000    0.000000  0.000000  0.000000
   C   2.466015  -3.560923   0.000000    0.000000  0.000000  0.000000
   C   3.698169  -1.425571   0.000000    0.000000  0.000000  0.000000
   C   4.940069   0.716689   0.000000    0.000000  0.000000  0.000000
   C   6.173642   2.889413   0.000000    0.000000  0.000000  0.000000
   C   7.338226   5.042760   0.000000    0.000000  0.000000  0.000000
   C   3.678966  -5.694052   0.000000    0.000000  0.000000  0.000000
   C   4.928214  -3.580071   0.000000    0.000000  0.000000  0.000000
   C   6.173475  -1.431785   0.000000   -0.000000  0.000000  0.000000
   C   7.365228   0.691139   0.000000    0.000000  0.000000  0.000000
   N   6.138515  -5.727246   0.000000    0.000000  0.000000  0.000000
   C   7.358051  -3.642635   0.000000   -0.000000  0.000000  0.000000
   C  -7.358051   3.642635   0.000000    0.000000  0.000000  0.000000
   C  -6.138515   5.727246   0.000000    0.000000  0.000000  0.000000
   N  -7.365228  -0.691139   0.000000    0.000000  0.000000  0.000000
   N  -6.173475   1.431785   0.000000    0.000000  0.000000  0.000000
   C  -4.928214   3.580071   0.000000    0.000000 -0.000000  0.000000
   C  -3.678966   5.694052   0.000000    0.000000  0.000000  0.000000
   C  -7.338226  -5.042760   0.000000    0.000000  0.000000  0.000000
   C  -6.173642  -2.889413   0.000000    0.000000  0.000000  0.000000
   C  -4.940069  -0.716689   0.000000    0.000000  0.000000  0.000000
   C  -3.698169   1.425571   0.000000    0.000000  0.000000  0.000000
   C  -2.466015   3.560923   0.000000    0.000000 -0.000000  0.000000
   N  -1.226334   5.685080   0.000000    0.000000  0.000000  0.000000
   C  -4.910090  -5.019617   0.000000    0.000000  0.000000  0.000000
   C  -3.694845  -2.860312   0.000000    0.000000  0.000000  0.000000
   C  -2.471779  -0.716540   0.000000    0.000000  0.000000  0.000000
   C  -1.232423   1.423207   0.000000    0.000000  0.000000  0.000000
   C   0.000000   3.557079   0.000000    0.000000  0.000000  0.000000
   C   1.226334   5.685080   0.000000    0.000000  0.000000  0.000000
   N  -2.457224  -5.005715   0.000000    0.000000  0.000000  0.000000
   C  -1.230705  -2.851907   0.000000    0.000000  0.000000  0.000000
   C   0.000000  -0.715809   0.000000    0.000000  0.000000  0.000000
   C   1.232423   1.423207   0.000000    0.000000  0.000000  0.000000
   C   2.466015   3.560923   0.000000    0.000000 -0.000000  0.000000
   N   3.678966   5.694052   0.000000    0.000000  0.000000  0.000000
   C   0.000000  -5.003169   0.000000    0.000000  0.000000  0.000000
   C   1.230705  -2.851907   0.000000    0.000000  0.000000  0.000000
   C   2.471779  -0.716540   0.000000    0.000000  0.000000  0.000000
   C   3.698169   1.425571   0.000000    0.000000  0.000000  0.000000
   C   4.928214   3.580071   0.000000    0.000000 -0.000000  0.000000
   C   6.138515   5.727246   0.000000    0.000000  0.000000  0.000000
   C   2.457224  -5.005715   0.000000    0.000000  0.000000  0.000000
   C   3.694845  -2.860312   0.000000    0.000000  0.000000  0.000000
   N   4.940069  -0.716689   0.000000    0.000000  0.000000  0.000000
   C   6.173475   1.431785   0.000000   -0.000000  0.000000  0.000000
   N   7.358051   3.642635   0.000000   -0.000000  0.000000  0.000000
   C   4.910090  -5.019617   0.000000    0.000000  0.000000  0.000000
   C   6.173642  -2.889413   0.000000    0.000000  0.000000  0.000000
   C   7.365228  -0.691139   0.000000    0.000000  0.000000  0.000000
   C   7.338226  -5.042760   0.000000    0.000000  0.000000  0.000000
   H   8.282184   5.591425   0.000000    0.000000 -0.000000  0.000000
   H   8.325741   3.141106   0.000000    0.000000  0.000000  0.000000
   H   8.326715   1.204661   0.000000    0.000000  0.000000  0.000000
   H   8.326715  -1.204661   0.000000    0.000000  0.000000  0.000000
   H   8.325741  -3.141106   0.000000    0.000000  0.000000  0.000000
   H   8.282184  -5.591425   0.000000    0.000000  0.000000  0.000000
   H  -8.282184   5.591425   0.000000    0.000000 -0.000000  0.000000
   H  -8.325741   3.141106   0.000000    0.000000  0.000000  0.000000
   H  -8.326715   1.204661   0.000000    0.000000  0.000000  0.000000
   H  -8.326715  -1.204661   0.000000    0.000000  0.000000  0.000000
   H  -8.325741  -3.141106   0.000000    0.000000  0.000000  0.000000
   H  -8.282184  -5.591425   0.000000    0.000000  0.000000  0.000000
   H  -6.116625   6.819427   0.000000    0.000000  0.000000  0.000000
   H  -3.672757   6.787431   0.000000    0.000000  0.000000  0.000000
   H  -1.225580   6.778408   0.000000    0.000000 -0.000000  0.000000
   H   1.225580   6.778408   0.000000    0.000000 -0.000000  0.000000
   H   3.672757   6.787431   0.000000    0.000000  0.000000  0.000000
   H   6.116625   6.819427   0.000000   -0.000000  0.000000  0.000000
   H  -6.116625  -6.819427   0.000000    0.000000  0.000000  0.000000
   H  -3.672757  -6.787431   0.000000    0.000000  0.000000  0.000000
   H  -1.225580  -6.778408   0.000000    0.000000  0.000000  0.000000
   H   1.225580  -6.778408   0.000000    0.000000  0.000000  0.000000
   H   3.672757  -6.787431   0.000000    0.000000  0.000000  0.000000
   H   6.116625  -6.819427   0.000000   -0.000000  0.000000  0.000000
converged SCF energy = -3150.69783105729
--------------- RKS_Scanner gradients ---------------
         x                y                z
0 C    -0.0072656012     0.0013669338    -0.0000000000
1 C    -0.0205061800    -0.0128504282     0.0000000000
2 C    -0.0003346071     0.0029258442     0.0000000000
3 C     0.0132469078     0.0112767476    -0.0000000000
4 C     0.0024025294    -0.0016297131    -0.0000000000
5 C    -0.0241596509     0.0214492056     0.0000000000
6 C    -0.0321701604    -0.0170123897    -0.0000000000
7 C    -0.0081562064    -0.0014270343    -0.0000000000
8 C     0.0144316765    -0.0046213535    -0.0000000000
9 C     0.0040761353     0.0035471990     0.0000000000
10 C    -0.0169569058    -0.0131016830     0.0000000000
11 N     0.0325351506    -0.0074536060     0.0000000000
12 C    -0.0045923391     0.0251660362    -0.0000000000
13 C     0.0070999614     0.0149845572     0.0000000000
14 C    -0.0012266818     0.0120335298    -0.0000000000
15 C    -0.0202239064    -0.0235120008     0.0000000000
16 C    -0.0197933312     0.0113329431    -0.0000000000
17 C     0.0185198553     0.0169470621    -0.0000000000
18 C     0.0047493780     0.0260021664     0.0000000000
19 C    -0.0006611053    -0.0090802519     0.0000000000
20 C     0.0075940706     0.0093480035    -0.0000000000
21 C     0.0018787009    -0.0195300116     0.0000000000
22 N    -0.0227232374     0.0084853608     0.0000000000
23 C    -0.0047753538     0.0193761431     0.0000000000
24 C     0.0244733955     0.0012115187     0.0000000000
25 C    -0.0084789389     0.0264548960     0.0000000000
26 C     0.0232358613     0.0160636066     0.0000000000
27 C     0.0059473144    -0.0108408546    -0.0000000000
28 C     0.0138737453     0.0000260406     0.0000000000
29 C    -0.0060956906     0.0112602734    -0.0000000000
30 C     0.0032863394     0.0239660327     0.0000000000
31 C     0.0111727551     0.0374721710    -0.0000000000
32 C     0.0229310760     0.0102928795     0.0000000000
33 C    -0.0129097651     0.0003757426     0.0000000000
34 C    -0.0076256866     0.0307409524    -0.0000000000
35 C     0.0024849316     0.0515446084    -0.0000000000
36 C    -0.0260664797     0.0314422596    -0.0000000000
37 N     0.0029513005     0.0353889432     0.0000000000
38 C    -0.0203028097     0.0481508658    -0.0000000000
39 C     0.0027937034     0.0146603131     0.0000000000
40 C    -0.0002766778     0.0030152510     0.0000000000
41 N     0.0256162695    -0.0018017914     0.0000000000
42 N     0.0350859982     0.0208143947    -0.0000000000
43 C     0.0062476441     0.0057323107    -0.0000000000
44 C    -0.0320750762     0.0021870487     0.0000000000
45 C    -0.0058286773    -0.0005073357     0.0000000000
46 C     0.0138298865    -0.0220596277    -0.0000000000
47 C    -0.0008201211     0.0225301793    -0.0000000000
48 C     0.0333570977    -0.0040303625     0.0000000000
49 C    -0.0066812983    -0.0082777147     0.0000000000
50 N    -0.0045508137    -0.0264790491     0.0000000000
51 C    -0.0096415796    -0.0032600044    -0.0000000000
52 C     0.0129850507     0.0089785225    -0.0000000000
53 C    -0.0157632331    -0.0140957344     0.0000000000
54 C     0.0066754966    -0.0164807521     0.0000000000
55 C     0.0007011900    -0.0222997039    -0.0000000000
56 C    -0.0029442373    -0.0006991454     0.0000000000
57 N     0.0257434555    -0.0026809252    -0.0000000000
58 C     0.0055086263     0.0090310090     0.0000000000
59 C     0.0053578285    -0.0310605533     0.0000000000
60 C    -0.0200860944     0.0028828420    -0.0000000000
61 C     0.0006928685    -0.0210300083    -0.0000000000
62 N    -0.0126155500    -0.0247568583     0.0000000000
63 C     0.0058396698    -0.0118243653    -0.0000000000
64 C     0.0104730704     0.0050783457    -0.0000000000
65 C    -0.0073590851     0.0005262942    -0.0000000000
66 C    -0.0130552801    -0.0127074768    -0.0000000000
67 C    -0.0047671986    -0.0308368916    -0.0000000000
68 C    -0.0169802680     0.0051930383    -0.0000000000
69 C    -0.0023241616     0.0007159270     0.0000000000
70 C    -0.0035780042    -0.0220232121     0.0000000000
71 N     0.0094551837    -0.0363492505    -0.0000000000
72 C     0.0168573955    -0.0451174583     0.0000000000
73 N    -0.0422319596    -0.0010092385     0.0000000000
74 C     0.0047009907    -0.0124492562    -0.0000000000
75 C     0.0236120766    -0.0617418943     0.0000000000
76 C    -0.0027635240    -0.0307150495    -0.0000000000
77 C     0.0100167244    -0.0385206260    -0.0000000000
78 H     0.0040647303     0.0099198334    -0.0000000000
79 H     0.0558298853    -0.0265867287     0.0000000000
80 H     0.0031240659     0.0040571888    -0.0000000000
81 H     0.0080239267    -0.0018792310     0.0000000000
82 H     0.0051319881     0.0073844943     0.0000000000
83 H     0.0103775993     0.0017326795    -0.0000000000
84 H    -0.0048379078     0.0037867270     0.0000000000
85 H    -0.0050510155    -0.0035515511    -0.0000000000
86 H    -0.0120504980     0.0046987865    -0.0000000000
87 H    -0.0558856375    -0.0289245461    -0.0000000000
88 H    -0.0031378100     0.0028066825     0.0000000000
89 H    -0.0052243633    -0.0025249382    -0.0000000000
90 H     0.0004289347     0.0059408004     0.0000000000
91 H     0.0007465234     0.0054059006    -0.0000000000
92 H     0.0005976798     0.0620861326     0.0000000000
93 H    -0.0000761245     0.0044226293    -0.0000000000
94 H    -0.0003917249     0.0615204768    -0.0000000000
95 H    -0.0045761478     0.0068609067     0.0000000000
96 H     0.0003465448    -0.0061145196    -0.0000000000
97 H    -0.0081675382    -0.0094886479    -0.0000000000
98 H     0.0054036374    -0.0118229233    -0.0000000000
99 H     0.0024977812    -0.0080200412     0.0000000000
100 H     0.0006394742    -0.0054119393     0.0000000000
101 H    -0.0008811274    -0.0624323336    -0.0000000000
----------------------------------------------
cycle 1: E = -3150.69783106  dE = -3150.7  norm(grad) = 0.270597

Geometry optimization cycle 2
Cartesian coordinates (Angstrom)
 Atom        New coordinates             dX        dY        dZ
   C  -7.290536   4.890032   0.000000    0.047690 -0.152728  0.000000
   C  -7.281286   0.741234   0.000000    0.083942  0.050095  0.000000
   C  -6.122639   2.823185   0.000000    0.051002 -0.066229  0.000000
   C  -4.873409   4.948253   0.000000    0.036682 -0.071364  0.000000
   C  -7.312308  -3.578678   0.000000    0.045743  0.063957  0.000000
   C  -6.081853  -1.400109   0.000000    0.091622  0.031676  0.000000
   C  -4.873362   0.709227   0.000000    0.066706 -0.007462  0.000000
   C  -3.663286   2.828450  -0.000000    0.031559 -0.031862 -0.000000
   C  -2.447539   4.931173  -0.000000    0.009684 -0.074542 -0.000000
   C  -6.067992  -5.663879   0.000000    0.070523  0.063367  0.000000
   C  -4.889079  -3.504354   0.000000    0.039135  0.075716  0.000000
   N  -3.676129  -1.397838  -0.000000    0.022040  0.027733 -0.000000
   C  -2.457246   0.700555  -0.000000    0.014533 -0.015985 -0.000000
   C  -1.223322   2.815484  -0.000000    0.007383 -0.036423 -0.000000
   C   0.024353   4.940343  -0.000000    0.024353 -0.062826 -0.000000
   C  -3.625827  -5.566682   0.000000    0.053139  0.127371  0.000000
   C  -2.435347  -3.481961  -0.000000    0.030668  0.078961 -0.000000
   C  -1.236535  -1.413352  -0.000000   -0.004112  0.009855 -0.000000
   C  -0.007853   0.699461  -0.000000   -0.007853 -0.016348 -0.000000
   C   1.215859   2.820596  -0.000000   -0.014846 -0.031311 -0.000000
   C   2.420238   4.923486  -0.000000   -0.036985 -0.082229 -0.000000
   C  -1.249212  -5.532372  -0.000000   -0.022877  0.152708 -0.000000
   N   0.018937  -3.502604  -0.000000    0.018937  0.054474 -0.000000
   C   1.219904  -1.416392  -0.000000   -0.012519  0.006816 -0.000000
   C   2.443352   0.699901  -0.000000   -0.028427 -0.016638 -0.000000
   C   3.659091   2.801644  -0.000000   -0.035754 -0.058668 -0.000000
   C   4.866353   4.929709   0.000000   -0.043737 -0.089908  0.000000
   C   1.191049  -5.596841  -0.000000   -0.035285  0.088239 -0.000000
   C   2.443987  -3.518405  -0.000000   -0.022028  0.042518 -0.000000
   C   3.679289  -1.399197  -0.000000   -0.018880  0.026374 -0.000000
   C   4.916850   0.703364  -0.000000   -0.023218 -0.013324 -0.000000
   C   6.086518   2.816673   0.000000   -0.087124 -0.072741  0.000000
   C   7.243121   4.940162   0.000000   -0.095105 -0.102598  0.000000
   C   3.649300  -5.645480  -0.000000   -0.029666  0.048573 -0.000000
   C   4.890649  -3.514543  -0.000000   -0.037565  0.065527 -0.000000
   C   6.129389  -1.409306   0.000000   -0.044086  0.022479  0.000000
   C   7.371868   0.688420   0.000000    0.006640 -0.002719  0.000000
   N   6.045775  -5.592220   0.000000   -0.092741  0.135026  0.000000
   C   7.321070  -3.584457   0.000000   -0.036981  0.058179  0.000000
   C  -7.336130   3.496439   0.000000    0.021921 -0.146197  0.000000
   C  -6.117394   5.609359   0.000000    0.021121 -0.117887  0.000000
   N  -7.221315  -0.611469   0.000000    0.143912  0.079670  0.000000
   N  -6.104884   1.401200   0.000000    0.068591 -0.030585  0.000000
   C  -4.898471   3.524795   0.000000    0.029743 -0.055276  0.000000
   C  -3.635339   5.633482   0.000000    0.043627 -0.060571  0.000000
   C  -7.255650  -4.973700   0.000000    0.082575  0.069060  0.000000
   C  -6.135813  -2.820328   0.000000    0.037829  0.069085  0.000000
   C  -4.876131  -0.711366   0.000000    0.063937  0.005323  0.000000
   C  -3.677391   1.413688  -0.000000    0.020778 -0.011883 -0.000000
   C  -2.445780   3.515025  -0.000000    0.020234 -0.045897 -0.000000
   N  -1.211383   5.559553  -0.000000    0.014951 -0.125527 -0.000000
   C  -4.859905  -4.930924   0.000000    0.050185  0.088693  0.000000
   C  -3.668552  -2.808117  -0.000000    0.026293  0.052195 -0.000000
   C  -2.450346  -0.704325  -0.000000    0.021433  0.012215 -0.000000
   C  -1.232045   1.408965  -0.000000    0.000377 -0.014242 -0.000000
   C  -0.000044   3.525356  -0.000000   -0.000044 -0.031723 -0.000000
   C   1.228203   5.643507  -0.000000    0.001868 -0.041573 -0.000000
   N  -2.461183  -4.874998  -0.000000   -0.003959  0.130717 -0.000000
   C  -1.206742  -2.816548  -0.000000    0.023963  0.035359 -0.000000
   C  -0.011535  -0.701817  -0.000000   -0.011535  0.013991 -0.000000
   C   1.225869   1.400726  -0.000000   -0.006554 -0.022481 -0.000000
   C   2.440593   3.511007  -0.000000   -0.025422 -0.049915 -0.000000
   N   3.647889   5.560333   0.000000   -0.031077 -0.133719  0.000000
   C  -0.012488  -4.907294  -0.000000   -0.012488  0.095874 -0.000000
   C   1.224522  -2.821986  -0.000000   -0.006183  0.029921 -0.000000
   C   2.454735  -0.716075  -0.000000   -0.017044  0.000464 -0.000000
   C   3.679115   1.395096  -0.000000   -0.019054 -0.030475 -0.000000
   C   4.872887   3.525181   0.000000   -0.055327 -0.054890  0.000000
   C   6.087441   5.648570   0.000000   -0.051074 -0.078676  0.000000
   C   2.436294  -4.954825  -0.000000   -0.020930  0.050890 -0.000000
   C   3.664491  -2.806241  -0.000000   -0.030354  0.054070 -0.000000
   N   4.904056  -0.687892  -0.000000   -0.036012  0.028797 -0.000000
   C   6.146474   1.411182   0.000000   -0.027001 -0.020603  0.000000
   N   7.247770   3.573698   0.000000   -0.110281 -0.068937  0.000000
   C   4.831814  -4.919194   0.000000   -0.078277  0.100423  0.000000
   C   6.126071  -2.813800   0.000000   -0.047570  0.075613  0.000000
   C   7.320557  -0.666986   0.000000   -0.044671  0.024153  0.000000
   C   7.238192  -4.938136   0.000000   -0.100033  0.104624  0.000000
   H   8.202914   5.439072   0.000000   -0.079270 -0.152353  0.000000
   H   8.146713   3.098595   0.000000   -0.179028 -0.042511  0.000000
   H   8.336396   1.184234   0.000000    0.009681 -0.020427  0.000000
   H   8.259770  -1.201379   0.000000   -0.066945  0.003283  0.000000
   H   8.301051  -3.129314   0.000000   -0.024690  0.011792  0.000000
   H   8.140342  -5.535851   0.000000   -0.141842  0.055573  0.000000
   H  -8.233568   5.425778   0.000000    0.048616 -0.165647  0.000000
   H  -8.288584   2.981610   0.000000    0.037156 -0.159496  0.000000
   H  -8.226124   1.253601   0.000000    0.100591  0.048940  0.000000
   H  -8.116737  -1.090534   0.000000    0.209978  0.114128  0.000000
   H  -8.285721  -3.099176   0.000000    0.040019  0.041930  0.000000
   H  -8.187600  -5.529197   0.000000    0.094584  0.062227  0.000000
   H  -6.132638   6.694565   0.000000   -0.016013 -0.124862  0.000000
   H  -3.623269   6.720349   0.000000    0.049488 -0.067082  0.000000
   H  -1.217489   6.578715  -0.000000    0.008090 -0.199692 -0.000000
   H   1.237501   6.731513  -0.000000    0.011921 -0.046894 -0.000000
   H   3.647862   6.580244   0.000000   -0.024895 -0.207187  0.000000
   H   6.096817   6.732647   0.000000   -0.019809 -0.086779  0.000000
   H  -6.039206  -6.748606   0.000000    0.077419  0.070821  0.000000
   H  -3.558075  -6.646677   0.000000    0.114681  0.140754  0.000000
   H  -1.289057  -6.610841  -0.000000   -0.063477  0.167567 -0.000000
   H   1.157210  -6.680065  -0.000000   -0.068370  0.098342 -0.000000
   H   3.664730  -6.732307   0.000000   -0.008027  0.055124  0.000000
   H   6.023691  -6.609993   0.000000   -0.092935  0.209434  0.000000
converged SCF energy = -3150.79502108662
--------------- RKS_Scanner gradients ---------------
         x                y                z
0 C     0.0076872610    -0.0049208995     0.0000000000
1 C    -0.0272918604     0.0085366554     0.0000000000
2 C    -0.0033585409     0.0053468827     0.0000000000
3 C     0.0092798158     0.0028961478     0.0000000000
4 C    -0.0012941330    -0.0015479164    -0.0000000000
5 C    -0.0072600453     0.0049688363     0.0000000000
6 C    -0.0052428752    -0.0084702552     0.0000000000
7 C    -0.0024973430     0.0046423773     0.0000000000
8 C    -0.0022309893    -0.0003604620     0.0000000000
9 C     0.0011599764    -0.0041761398    -0.0000000000
10 C    -0.0092389059    -0.0024632632    -0.0000000000
11 N     0.0174546764    -0.0059668362    -0.0000000000
12 C    -0.0060862981     0.0111214016     0.0000000000
13 C     0.0042132476     0.0058598634     0.0000000000
14 C     0.0143896471     0.0110966998     0.0000000000
15 C    -0.0045533995    -0.0080918023    -0.0000000000
16 C    -0.0018618371     0.0109064997     0.0000000000
17 C     0.0026261289     0.0049276362    -0.0000000000
18 C     0.0015449995     0.0132475513     0.0000000000
19 C    -0.0000986831     0.0009886781     0.0000000000
20 C    -0.0055608890     0.0024392776     0.0000000000
21 C    -0.0053249417     0.0054191005    -0.0000000000
22 N    -0.0098507716     0.0066348923     0.0000000000
23 C    -0.0056969087     0.0037698049     0.0000000000
24 C     0.0101628416     0.0008381355     0.0000000000
25 C    -0.0039752836     0.0107818697    -0.0000000000
26 C     0.0203391143     0.0123625372    -0.0000000000
27 C    -0.0027286817     0.0018148450     0.0000000000
28 C     0.0010416890     0.0005415830     0.0000000000
29 C     0.0008700187     0.0082669755     0.0000000000
30 C     0.0020278505     0.0255441672    -0.0000000000
31 C    -0.0046766886     0.0191342962    -0.0000000000
32 C     0.0035819609     0.0046126864    -0.0000000000
33 C     0.0007210127    -0.0067224052     0.0000000000
34 C     0.0031445032     0.0176025151     0.0000000000
35 C     0.0030097507     0.0245786162    -0.0000000000
36 C    -0.0034608381     0.0153101195    -0.0000000000
37 N    -0.0015672234     0.0139145754    -0.0000000000
38 C    -0.0041685535     0.0154875814    -0.0000000000
39 C    -0.0076695623    -0.0064283565    -0.0000000000
40 C    -0.0018605423     0.0005148111    -0.0000000000
41 N     0.0281110153     0.0061780276    -0.0000000000
42 N     0.0170591810    -0.0042278420    -0.0000000000
43 C     0.0013370044     0.0004843872    -0.0000000000
44 C    -0.0071026117     0.0022732042    -0.0000000000
45 C     0.0045254774     0.0034321481     0.0000000000
46 C     0.0071775977    -0.0069952810     0.0000000000
47 C    -0.0110492599     0.0122227337     0.0000000000
48 C     0.0091258783    -0.0040505176    -0.0000000000
49 C     0.0013991774    -0.0027657480    -0.0000000000
50 N    -0.0045099042    -0.0202778596     0.0000000000
51 C    -0.0018423507     0.0025510407     0.0000000000
52 C     0.0061241413     0.0011873047     0.0000000000
53 C    -0.0090932637    -0.0080650474     0.0000000000
54 C     0.0008822213    -0.0090350811    -0.0000000000
55 C    -0.0077783923    -0.0050549923    -0.0000000000
56 C     0.0003684283     0.0035335876    -0.0000000000
57 N     0.0036473546    -0.0015014722     0.0000000000
58 C     0.0061963356    -0.0020362575    -0.0000000000
59 C     0.0002813595    -0.0142759825    -0.0000000000
60 C    -0.0081011155     0.0003650253    -0.0000000000
61 C     0.0054685691    -0.0077536971    -0.0000000000
62 N    -0.0109309601    -0.0165429847     0.0000000000
63 C     0.0053638041    -0.0112109346     0.0000000000
64 C     0.0093410250     0.0020415953    -0.0000000000
65 C     0.0023536537    -0.0023798507    -0.0000000000
66 C    -0.0021974179    -0.0124120648    -0.0000000000
67 C    -0.0036205232    -0.0152948484     0.0000000000
68 C    -0.0027367295    -0.0012145127    -0.0000000000
69 C     0.0064119571     0.0022948218    -0.0000000000
70 C    -0.0039705189    -0.0135875239    -0.0000000000
71 N     0.0029569137    -0.0226467217     0.0000000000
72 C     0.0133606624    -0.0288350710     0.0000000000
73 N    -0.0163400096    -0.0095083781     0.0000000000
74 C    -0.0120884710    -0.0011396318    -0.0000000000
75 C     0.0083072159    -0.0298378489     0.0000000000
76 C    -0.0116010533    -0.0130672865     0.0000000000
77 C    -0.0027963151    -0.0093715629    -0.0000000000
78 H    -0.0009972062     0.0031714515     0.0000000000
79 H     0.0113890308    -0.0049525549     0.0000000000
80 H     0.0016321191     0.0014369124     0.0000000000
81 H     0.0018192685     0.0016699536    -0.0000000000
82 H     0.0015519974     0.0018711531     0.0000000000
83 H     0.0027335382     0.0034911203     0.0000000000
84 H    -0.0002447198    -0.0007891226    -0.0000000000
85 H    -0.0027058080    -0.0062762183     0.0000000000
86 H    -0.0037615585     0.0052856707    -0.0000000000
87 H    -0.0102396515    -0.0032321107    -0.0000000000
88 H    -0.0008384479     0.0007292531     0.0000000000
89 H    -0.0001403118    -0.0002685138    -0.0000000000
90 H     0.0015681109     0.0011129317     0.0000000000
91 H     0.0012777166     0.0015237982     0.0000000000
92 H     0.0006186241     0.0115897282    -0.0000000000
93 H    -0.0000181589     0.0023788544     0.0000000000
94 H    -0.0000131202     0.0120261921    -0.0000000000
95 H    -0.0016875286     0.0022346702     0.0000000000
96 H     0.0004109659    -0.0019691014     0.0000000000
97 H    -0.0033749537    -0.0018952217     0.0000000000
98 H     0.0017216225    -0.0014203049    -0.0000000000
99 H     0.0009617410    -0.0010216893    -0.0000000000
100 H    -0.0000606500    -0.0024295085    -0.0000000000
101 H    -0.0013483171    -0.0126791345     0.0000000000
----------------------------------------------
cycle 2: E = -3150.79502109  dE = -0.09719  norm(grad) = 0.12343

Geometry optimization cycle 3
Cartesian coordinates (Angstrom)
 Atom        New coordinates             dX        dY        dZ
   C  -7.287363   4.996716   0.000000    0.003172  0.106684 -0.000000
   C  -7.167407   0.607735   0.000000    0.113878 -0.133499 -0.000000
   C  -6.119047   2.813289   0.000000    0.003593 -0.009895 -0.000000
   C  -4.883443   4.916802   0.000000   -0.010034 -0.031452  0.000000
   C  -7.297009  -3.584472  -0.000000    0.015300 -0.005794 -0.000000
   C  -6.039990  -1.431886  -0.000000    0.041863 -0.031777 -0.000000
   C  -4.850203   0.718679   0.000000    0.023159  0.009452  0.000000
   C  -3.647811   2.818236   0.000000    0.015475 -0.010213  0.000000
   C  -2.425300   4.919845   0.000000    0.022239 -0.011327  0.000000
   C  -6.049101  -5.622549  -0.000000    0.018892  0.041330 -0.000000
   C  -4.866364  -3.489970  -0.000000    0.022715  0.014384 -0.000000
   N  -3.679291  -1.386141  -0.000000   -0.003162  0.011697 -0.000000
   C  -2.452302   0.690006   0.000000    0.004944 -0.010549  0.000000
   C  -1.228370   2.796929   0.000000   -0.005048 -0.018555  0.000000
   C  -0.011208   4.893021  -0.000000   -0.035561 -0.047321  0.000000
   C  -3.587655  -5.518112  -0.000000    0.038172  0.048570 -0.000000
   C  -2.427152  -3.473007  -0.000000    0.008194  0.008954 -0.000000
   C  -1.243188  -1.414084  -0.000000   -0.006653 -0.000731  0.000000
   C  -0.016681   0.690835  -0.000000   -0.008828 -0.008626  0.000000
   C   1.217339   2.813197  -0.000000    0.001480 -0.007399  0.000000
   C   2.427436   4.910194  -0.000000    0.007198 -0.013292 -0.000000
   C  -1.239052  -5.508163  -0.000000    0.010159  0.024209 -0.000000
   N   0.021703  -3.486766  -0.000000    0.002766  0.015838 -0.000000
   C   1.209408  -1.408780  -0.000000   -0.010496  0.007612  0.000000
   C   2.415677   0.698401  -0.000000   -0.027675 -0.001500  0.000000
   C   3.651512   2.788294  -0.000000   -0.007579 -0.013350  0.000000
   C   4.817115   4.894982  -0.000000   -0.049238 -0.034727 -0.000000
   C   1.181199  -5.562332  -0.000000   -0.009850  0.034509 -0.000000
   C   2.426791  -3.486456  -0.000000   -0.017195  0.031949 -0.000000
   C   3.664064  -1.388251  -0.000000   -0.015225  0.010946  0.000000
   C   4.878659   0.691633   0.000000   -0.038191 -0.011731  0.000000
   C   6.073212   2.801388   0.000000   -0.013306 -0.015285 -0.000000
   C   7.203715   4.902284  -0.000000   -0.039406 -0.037877 -0.000000
   C   3.648037  -5.576699  -0.000000   -0.001263  0.068781 -0.000000
   C   4.871541  -3.514023   0.000000   -0.019108  0.000521  0.000000
   C   6.101933  -1.412773   0.000000   -0.027456 -0.003466  0.000000
   C   7.318483   0.668052   0.000000   -0.053385 -0.020369  0.000000
   N   6.059453  -5.586555   0.000000    0.013678  0.005665  0.000000
   C   7.286265  -3.586836   0.000000   -0.034806 -0.002380  0.000000
   C  -7.263425   3.604279   0.000000    0.072706  0.107840 -0.000000
   C  -6.083567   5.648822   0.000000    0.033828  0.039463  0.000000
   N  -7.227481  -0.730373  -0.000000   -0.006166 -0.118904 -0.000000
   N  -6.097685   1.384016   0.000000    0.007199 -0.017185 -0.000000
   C  -4.890349   3.495469   0.000000    0.008122 -0.029325  0.000000
   C  -3.625371   5.578345   0.000000    0.009968 -0.055137  0.000000
   C  -7.260882  -4.979156  -0.000000   -0.005232 -0.005456 -0.000000
   C  -6.122790  -2.824896  -0.000000    0.013023 -0.004568 -0.000000
   C  -4.857592  -0.713849  -0.000000    0.018540 -0.002482 -0.000000
   C  -3.671867   1.415109   0.000000    0.005524  0.001420  0.000000
   C  -2.436758   3.509367   0.000000    0.009022 -0.005658  0.000000
   N  -1.205365   5.570323  -0.000000    0.006018  0.010770  0.000000
   C  -4.829111  -4.907920  -0.000000    0.030794  0.023004 -0.000000
   C  -3.661957  -2.795411  -0.000000    0.006595  0.012706 -0.000000
   C  -2.443368  -0.699173  -0.000000    0.006978  0.005152  0.000000
   C  -1.236905   1.404651   0.000000   -0.004860 -0.004314  0.000000
   C  -0.002327   3.499049   0.000000   -0.002283 -0.026307  0.000000
   C   1.205278   5.573062  -0.000000   -0.022924 -0.070445 -0.000000
   N  -2.440334  -4.844452  -0.000000    0.020848  0.030547 -0.000000
   C  -1.208929  -2.809597  -0.000000   -0.002187  0.006951 -0.000000
   C  -0.022670  -0.690285  -0.000000   -0.011135  0.011532  0.000000
   C   1.217557   1.396521   0.000000   -0.008312 -0.004205  0.000000
   C   2.435998   3.509200  -0.000000   -0.004594 -0.001808  0.000000
   N   3.642541   5.567993  -0.000000   -0.005348  0.007660 -0.000000
   C  -0.018003  -4.870589  -0.000000   -0.005516  0.036705 -0.000000
   C   1.206271  -2.804617  -0.000000   -0.018251  0.017370  0.000000
   C   2.439079  -0.710935  -0.000000   -0.015656  0.005140  0.000000
   C   3.653254   1.396738  -0.000000   -0.025861  0.001643  0.000000
   C   4.861382   3.513833  -0.000000   -0.011505 -0.011347 -0.000000
   C   6.052136   5.602089  -0.000000   -0.035305 -0.046480 -0.000000
   C   2.419517  -4.915661  -0.000000   -0.016777  0.039164 -0.000000
   C   3.654767  -2.781208  -0.000000   -0.009724  0.025033  0.000000
   N   4.880395  -0.669815   0.000000   -0.023661  0.018077  0.000000
   C   6.093682   1.425533   0.000000   -0.052792  0.014352  0.000000
   N   7.235860   3.557681  -0.000000   -0.011910 -0.016017 -0.000000
   C   4.859336  -4.905350   0.000000    0.027523  0.013844  0.000000
   C   6.089443  -2.783190   0.000000   -0.036629  0.030610  0.000000
   C   7.304138  -0.672582   0.000000   -0.016419 -0.005596  0.000000
   C   7.234772  -4.922764   0.000000   -0.003420  0.015371  0.000000
   H   8.168300   5.384269  -0.000000   -0.034614 -0.054803 -0.000000
   H   8.102011   3.101965  -0.000000   -0.044701  0.003370 -0.000000
   H   8.279944   1.159356   0.000000   -0.056451 -0.024878  0.000000
   H   8.236484  -1.211840   0.000000   -0.023285 -0.010461  0.000000
   H   8.264849  -3.142739   0.000000   -0.036202 -0.013425  0.000000
   H   8.123200  -5.535549   0.000000   -0.017142  0.000303  0.000000
   H  -8.225534   5.537979   0.000000    0.008034  0.112201 -0.000000
   H  -8.232746   3.146033  -0.000000    0.055838  0.164423 -0.000000
   H  -8.116221   1.083941   0.000000    0.109903 -0.169660 -0.000000
   H  -8.089473  -1.196856  -0.000000    0.027264 -0.106322 -0.000000
   H  -8.266031  -3.102703   0.000000    0.019690 -0.003527 -0.000000
   H  -8.184806  -5.543879  -0.000000    0.002794 -0.014681 -0.000000
   H  -6.049811   6.730087   0.000000    0.082827  0.035522 -0.000000
   H  -3.629226   6.661161   0.000000   -0.005956 -0.059188  0.000000
   H  -1.200446   6.552306  -0.000000    0.017044 -0.026409 -0.000000
   H   1.199998   6.655888  -0.000000   -0.037503 -0.075625 -0.000000
   H   3.654949   6.550072  -0.000000    0.007087 -0.030172 -0.000000
   H   6.082734   6.680106  -0.000000   -0.014083 -0.052542 -0.000000
   H  -6.010970  -6.701954  -0.000000    0.028236  0.046652 -0.000000
   H  -3.479420  -6.589254  -0.000000    0.078656  0.057423 -0.000000
   H  -1.293840  -6.580287  -0.000000   -0.004783  0.030553 -0.000000
   H   1.138997  -6.641289  -0.000000   -0.018213  0.038776 -0.000000
   H   3.652243  -6.658049  -0.000000   -0.012487  0.074258 -0.000000
   H   6.045814  -6.565442   0.000000    0.022123  0.044550 -0.000000
converged SCF energy = -3150.78387050309
--------------- RKS_Scanner gradients ---------------
         x                y                z
0 C    -0.0149226243     0.0094782538     0.0000000000
1 C     0.0440044230    -0.0259666174    -0.0000000000
2 C    -0.0029449187    -0.0129147920     0.0000000000
3 C    -0.0066814506    -0.0030110164     0.0000000000
4 C     0.0029455252    -0.0091018904    -0.0000000000
5 C     0.0075958935     0.0105380342    -0.0000000000
6 C    -0.0005524178     0.0030239095     0.0000000000
7 C     0.0036710566    -0.0036461426     0.0000000000
8 C     0.0093854948    -0.0001442798     0.0000000000
9 C     0.0028365274     0.0100086692     0.0000000000
10 C    -0.0006916921     0.0040788655    -0.0000000000
11 N    -0.0058673238     0.0043250592     0.0000000000
12 C    -0.0034839178    -0.0018556983     0.0000000000
13 C     0.0016221240     0.0006301353     0.0000000000
14 C    -0.0128959108    -0.0064526974     0.0000000000
15 C     0.0115202803     0.0114591738     0.0000000000
16 C    -0.0005676798    -0.0024086297    -0.0000000000
17 C    -0.0029282903    -0.0018953816     0.0000000000
18 C     0.0018470363    -0.0034061363     0.0000000000
19 C     0.0020435792    -0.0001697467     0.0000000000
20 C     0.0134062253     0.0003528255     0.0000000000
21 C    -0.0044886194     0.0030841602     0.0000000000
22 N     0.0021009418     0.0001267217    -0.0000000000
23 C    -0.0019057729    -0.0039818313    -0.0000000000
24 C    -0.0027848946    -0.0020330306    -0.0000000000
25 C     0.0019974694     0.0057925115     0.0000000000
26 C    -0.0124232530    -0.0059686928     0.0000000000
27 C    -0.0050515011     0.0030638783    -0.0000000000
28 C    -0.0022747860     0.0005856491    -0.0000000000
29 C    -0.0014475512     0.0013945547    -0.0000000000
30 C    -0.0015470924     0.0049024753     0.0000000000
31 C    -0.0008197302     0.0016655438     0.0000000000
32 C    -0.0049369596    -0.0058110957    -0.0000000000
33 C     0.0013129675     0.0127156467    -0.0000000000
34 C    -0.0058064182    -0.0053610981     0.0000000000
35 C     0.0015411290     0.0002551265     0.0000000000
36 C    -0.0044241407    -0.0033240227     0.0000000000
37 N     0.0084171487    -0.0169220644    -0.0000000000
38 C    -0.0062206975    -0.0098146045    -0.0000000000
39 C     0.0231687865     0.0184041076    -0.0000000000
40 C    -0.0031751210    -0.0044525023    -0.0000000000
41 N    -0.0441143454    -0.0333168625     0.0000000000
42 N    -0.0045522816     0.0178243738    -0.0000000000
43 C     0.0001853001    -0.0032029581    -0.0000000000
44 C    -0.0001553464    -0.0100289156    -0.0000000000
45 C    -0.0108222535    -0.0015703116     0.0000000000
46 C    -0.0075010538     0.0140183095     0.0000000000
47 C     0.0028271467     0.0006959064    -0.0000000000
48 C    -0.0053178790     0.0024390340    -0.0000000000
49 C    -0.0070900198     0.0030807412    -0.0000000000
50 N     0.0027095779     0.0282087122    -0.0000000000
51 C     0.0032168130    -0.0003307730    -0.0000000000
52 C    -0.0000648750    -0.0019003050     0.0000000000
53 C    -0.0009409687    -0.0003728036    -0.0000000000
54 C     0.0002160063     0.0015639987    -0.0000000000
55 C     0.0050604532    -0.0011985825    -0.0000000000
56 C    -0.0054466742    -0.0109600523    -0.0000000000
57 N     0.0014895015    -0.0047243092    -0.0000000000
58 C     0.0022016366    -0.0060525047    -0.0000000000
59 C    -0.0014327646     0.0020635469    -0.0000000000
60 C    -0.0005408631     0.0003900948     0.0000000000
61 C    -0.0033709542     0.0035746419    -0.0000000000
62 N     0.0050140506     0.0252388208    -0.0000000000
63 C    -0.0028188113     0.0023254249     0.0000000000
64 C    -0.0007667143     0.0014941648     0.0000000000
65 C     0.0052986922     0.0008999307     0.0000000000
66 C     0.0019790743    -0.0009513535     0.0000000000
67 C     0.0075384692    -0.0056907890    -0.0000000000
68 C    -0.0000053353    -0.0050156194     0.0000000000
69 C    -0.0039304509    -0.0006634782     0.0000000000
70 C     0.0009856551     0.0062230670     0.0000000000
71 N     0.0001969748    -0.0027646470     0.0000000000
72 C    -0.0071933253     0.0061694399    -0.0000000000
73 N     0.0202209795    -0.0052431367     0.0000000000
74 C     0.0108091182    -0.0036799769     0.0000000000
75 C    -0.0009568230     0.0070510498    -0.0000000000
76 C     0.0021814983    -0.0047563637    -0.0000000000
77 C    -0.0022152504     0.0028100127     0.0000000000
78 H    -0.0016904973    -0.0022156847     0.0000000000
79 H    -0.0207866013     0.0114633564    -0.0000000000
80 H    -0.0017980137    -0.0023384268    -0.0000000000
81 H    -0.0006959652     0.0007307204     0.0000000000
82 H    -0.0023889875    -0.0021379194    -0.0000000000
83 H    -0.0017329977     0.0005470916    -0.0000000000
84 H    -0.0001464031     0.0025013583    -0.0000000000
85 H     0.0067182293     0.0081732201     0.0000000000
86 H     0.0094480426    -0.0093494965    -0.0000000000
87 H     0.0183960530     0.0077456524    -0.0000000000
88 H     0.0015247792    -0.0006610939     0.0000000000
89 H    -0.0004387434     0.0002800293     0.0000000000
90 H    -0.0021384737    -0.0016208488     0.0000000000
91 H     0.0008054088    -0.0025427617     0.0000000000
92 H    -0.0005543873    -0.0215818121    -0.0000000000
93 H     0.0001507208    -0.0030153786     0.0000000000
94 H    -0.0004275919    -0.0219329194     0.0000000000
95 H    -0.0001717838    -0.0020098471    -0.0000000000
96 H    -0.0003155208     0.0028961908    -0.0000000000
97 H     0.0014169207     0.0032304208     0.0000000000
98 H    -0.0000501514     0.0020727608     0.0000000000
99 H    -0.0001686578     0.0016612018     0.0000000000
100 H     0.0004607296     0.0033379515     0.0000000000
101 H     0.0011126233     0.0238968781     0.0000000000
----------------------------------------------
cycle 3: E = -3150.7838705  dE = 0.0111506  norm(grad) = 0.126864

Geometry optimization cycle 4
Cartesian coordinates (Angstrom)
 Atom        New coordinates             dX        dY        dZ
   C  -7.287347   4.941136   0.000000    0.000017 -0.055580 -0.000000
   C  -7.225803   0.685509   0.000000   -0.058396  0.077774 -0.000000
   C  -6.121148   2.817677   0.000000   -0.002101  0.004388 -0.000000
   C  -4.879306   4.932140   0.000000    0.004137  0.015339 -0.000000
   C  -7.305999  -3.575524  -0.000000   -0.008991  0.008948  0.000000
   C  -6.058345  -1.421636  -0.000000   -0.018355  0.010250  0.000000
   C  -4.861869   0.711925   0.000000   -0.011665 -0.006754 -0.000000
   C  -3.654797   2.822828   0.000000   -0.006986  0.004591 -0.000000
   C  -2.435029   4.929473   0.000000   -0.009729  0.009628 -0.000000
   C  -6.061187  -5.643605  -0.000000   -0.012086 -0.021056  0.000000
   C  -4.872508  -3.503049  -0.000000   -0.006144 -0.013080  0.000000
   N  -3.678831  -1.396404  -0.000000    0.000460 -0.010263  0.000000
   C  -2.451531   0.689424   0.000000    0.000771 -0.000582  0.000000
   C  -1.228644   2.803837   0.000000   -0.000275  0.006909 -0.000000
   C  -0.001227   4.911615  -0.000000    0.009981  0.018594  0.000000
   C  -3.601988  -5.545525  -0.000000   -0.014334 -0.027413  0.000000
   C  -2.429902  -3.487361  -0.000000   -0.002750 -0.014354  0.000000
   C  -1.238152  -1.418091  -0.000000    0.005036 -0.004008  0.000000
   C  -0.013282   0.692179  -0.000000    0.003399  0.001344  0.000000
   C   1.217413   2.818291  -0.000000    0.000073  0.005095  0.000000
   C   2.425229   4.919656  -0.000000   -0.002207  0.009462  0.000000
   C  -1.238297  -5.529936  -0.000000    0.000755 -0.021773 -0.000000
   N   0.022573  -3.499623  -0.000000    0.000870 -0.012857 -0.000000
   C   1.215626  -1.414086  -0.000000    0.006218 -0.005307 -0.000000
   C   2.424149   0.700013  -0.000000    0.008472  0.001612  0.000000
   C   3.657605   2.794723  -0.000000    0.006093  0.006429  0.000000
   C   4.834799   4.915147  -0.000000    0.017684  0.020165  0.000000
   C   1.187727  -5.582126  -0.000000    0.006528 -0.019794 -0.000000
   C   2.435472  -3.501091  -0.000000    0.008681 -0.014636 -0.000000
   C   3.671187  -1.394731  -0.000000    0.007123 -0.006480 -0.000000
   C   4.891538   0.692532   0.000000    0.012879  0.000899 -0.000000
   C   6.083340   2.813128   0.000000    0.010129  0.011740 -0.000000
   C   7.224257   4.926113  -0.000000    0.020543  0.023829  0.000000
   C   3.649680  -5.605377  -0.000000    0.001644 -0.028678 -0.000000
   C   4.883618  -3.521672   0.000000    0.012077 -0.007649 -0.000000
   C   6.112502  -1.414710   0.000000    0.010569 -0.001937 -0.000000
   C   7.336254   0.678479   0.000000    0.017771  0.010428 -0.000000
   N   6.054915  -5.600577   0.000000   -0.004538 -0.014022 -0.000000
   C   7.304766  -3.592589   0.000000    0.018501 -0.005752 -0.000000
   C  -7.302780   3.547888   0.000000   -0.039356 -0.056391 -0.000000
   C  -6.098582   5.630591   0.000000   -0.015015 -0.018232 -0.000000
   N  -7.219903  -0.657696  -0.000000    0.007578  0.072678 -0.000000
   N  -6.106547   1.393927   0.000000   -0.008862  0.009912 -0.000000
   C  -4.895094   3.509804   0.000000   -0.004745  0.014335 -0.000000
   C  -3.628086   5.607850   0.000000   -0.002715  0.029506 -0.000000
   C  -7.258103  -4.972662  -0.000000    0.002779  0.006493  0.000000
   C  -6.126883  -2.826456  -0.000000   -0.004093 -0.001560  0.000000
   C  -4.862049  -0.721632  -0.000000   -0.004457 -0.007783  0.000000
   C  -3.676063   1.412638   0.000000   -0.004196 -0.002471 -0.000000
   C  -2.440452   3.514481   0.000000   -0.003694  0.005114 -0.000000
   N  -1.208176   5.572949  -0.000000   -0.002811  0.002626 -0.000000
   C  -4.841535  -4.926576  -0.000000   -0.012424 -0.018657  0.000000
   C  -3.664730  -2.808167  -0.000000   -0.002773 -0.012756  0.000000
   C  -2.441708  -0.704028  -0.000000    0.001660 -0.004855  0.000000
   C  -1.235287   1.407327   0.000000    0.001619  0.002676  0.000000
   C  -0.001622   3.511229   0.000000    0.000705  0.012181  0.000000
   C   1.212840   5.601800  -0.000000    0.007561  0.028738  0.000000
   N  -2.446762  -4.865556  -0.000000   -0.006428 -0.021104  0.000000
   C  -1.209855  -2.817478  -0.000000   -0.000927 -0.007881  0.000000
   C  -0.016622  -0.693617  -0.000000    0.006049 -0.003332  0.000000
   C   1.222265   1.398976   0.000000    0.004708  0.002455  0.000000
   C   2.438459   3.514148  -0.000000    0.002461  0.004949  0.000000
   N   3.646435   5.573218  -0.000000    0.003894  0.005225  0.000000
   C  -0.014598  -4.889038  -0.000000    0.003405 -0.018449 -0.000000
   C   1.211792  -2.815708  -0.000000    0.005521 -0.011091 -0.000000
   C   2.444452  -0.713659  -0.000000    0.005373 -0.002723 -0.000000
   C   3.662900   1.399703  -0.000000    0.009645  0.002965 -0.000000
   C   4.867850   3.528883  -0.000000    0.006467  0.015050  0.000000
   C   6.069738   5.628312  -0.000000    0.017602  0.026222  0.000000
   C   2.425965  -4.934607  -0.000000    0.006448 -0.018946 -0.000000
   C   3.663695  -2.792348  -0.000000    0.008927 -0.011140 -0.000000
   N   4.889134  -0.672081   0.000000    0.008738 -0.002266 -0.000000
   C   6.108980   1.430944   0.000000    0.015299  0.005411 -0.000000
   N   7.246762   3.574929  -0.000000    0.010902  0.017248 -0.000000
   C   4.854108  -4.917171   0.000000   -0.005228 -0.011821 -0.000000
   C   6.105567  -2.791812   0.000000    0.016124 -0.008622 -0.000000
   C   7.312595  -0.664835   0.000000    0.008457  0.007747 -0.000000
   C   7.236014  -4.934856   0.000000    0.001242 -0.012092 -0.000000
   H   8.191289   5.407349  -0.000000    0.022989  0.023080  0.000000
   H   8.125651   3.109574  -0.000000    0.023640  0.007609 -0.000000
   H   8.298815   1.171071   0.000000    0.018871  0.011715 -0.000000
   H   8.245413  -1.205273   0.000000    0.008929  0.006567 -0.000000
   H   8.286568  -3.150780   0.000000    0.021719 -0.008041 -0.000000
   H   8.122046  -5.553623   0.000000   -0.001154 -0.018075 -0.000000
   H  -8.227044   5.479162   0.000000   -0.001510 -0.058818 -0.000000
   H  -8.268436   3.070485  -0.000000   -0.035690 -0.075548 -0.000000
   H  -8.174918   1.176698   0.000000   -0.058697  0.092757 -0.000000
   H  -8.095046  -1.129189  -0.000000   -0.005573  0.067667 -0.000000
   H  -8.276031  -3.093378   0.000000   -0.010000  0.009324  0.000000
   H  -8.185965  -5.531395  -0.000000   -0.001159  0.012483  0.000000
   H  -6.092319   6.713582   0.000000   -0.042508 -0.016505 -0.000000
   H  -3.631189   6.692272   0.000000   -0.001963  0.031111 -0.000000
   H  -1.206541   6.569751  -0.000000   -0.006095  0.017445 -0.000000
   H   1.211848   6.686361  -0.000000    0.011850  0.030473  0.000000
   H   3.654346   6.570270  -0.000000   -0.000603  0.020198  0.000000
   H   6.098404   6.707761  -0.000000    0.015670  0.027655  0.000000
   H  -6.034166  -6.725152  -0.000000   -0.023196 -0.023198  0.000000
   H  -3.499726  -6.619410  -0.000000   -0.020306 -0.030156 -0.000000
   H  -1.290630  -6.603991  -0.000000    0.003210 -0.023704 -0.000000
   H   1.146507  -6.662474  -0.000000    0.007510 -0.021184 -0.000000
   H   3.656099  -6.688672  -0.000000    0.003856 -0.030623 -0.000000
   H   6.039260  -6.595386   0.000000   -0.006553 -0.029943 -0.000000
converged SCF energy = -3150.80445333531
--------------- RKS_Scanner gradients ---------------
         x                y                z
0 C    -0.0041260996     0.0018268601     0.0000000000
1 C     0.0092475727    -0.0041359275    -0.0000000000
2 C    -0.0024860950    -0.0050862361     0.0000000000
3 C    -0.0018757654    -0.0010756915     0.0000000000
4 C    -0.0006470546    -0.0013357865     0.0000000000
5 C    -0.0001605309     0.0003690608    -0.0000000000
6 C    -0.0005089852     0.0005739241     0.0000000000
7 C     0.0009787322     0.0007778294    -0.0000000000
8 C     0.0034797514    -0.0002901183    -0.0000000000
9 C     0.0006353814     0.0024966398     0.0000000000
10 C    -0.0013610407     0.0008371431    -0.0000000000
11 N    -0.0010361458     0.0009853171    -0.0000000000
12 C    -0.0006552474    -0.0003727909     0.0000000000
13 C     0.0005280774     0.0006990243    -0.0000000000
14 C    -0.0055267980    -0.0023346159    -0.0000000000
15 C     0.0042971163     0.0041312504     0.0000000000
16 C    -0.0015160861    -0.0002714580    -0.0000000000
17 C    -0.0003539338     0.0004013872     0.0000000000
18 C     0.0009136465    -0.0011233390    -0.0000000000
19 C     0.0008436539    -0.0000741334    -0.0000000000
20 C     0.0059959310     0.0005635084    -0.0000000000
21 C    -0.0021570306     0.0000990842     0.0000000000
22 N    -0.0001490169     0.0003550534     0.0000000000
23 C    -0.0008974492    -0.0017557925    -0.0000000000
24 C    -0.0012933582    -0.0007001167    -0.0000000000
25 C     0.0008463846     0.0033602003    -0.0000000000
26 C    -0.0047751386    -0.0014032886     0.0000000000
27 C    -0.0022906031     0.0007183506    -0.0000000000
28 C    -0.0003017359     0.0002356331    -0.0000000000
29 C    -0.0003969859     0.0012680755    -0.0000000000
30 C    -0.0006041879     0.0043863246     0.0000000000
31 C     0.0001644260     0.0021274404     0.0000000000
32 C    -0.0007465251    -0.0016911485    -0.0000000000
33 C     0.0002943171     0.0055055745    -0.0000000000
34 C    -0.0022176730    -0.0016376631     0.0000000000
35 C     0.0005224097     0.0015690296     0.0000000000
36 C    -0.0021740880     0.0001029317     0.0000000000
37 N     0.0032782497    -0.0070113913     0.0000000000
38 C    -0.0020630798    -0.0023205971     0.0000000000
39 C     0.0060554077     0.0036610778    -0.0000000000
40 C    -0.0002465864     0.0002782215    -0.0000000000
41 N    -0.0099898954    -0.0067906549    -0.0000000000
42 N    -0.0019401681     0.0049832428     0.0000000000
43 C     0.0008136820    -0.0010198398    -0.0000000000
44 C     0.0001240764    -0.0028180330    -0.0000000000
45 C    -0.0023033048    -0.0002681422    -0.0000000000
46 C     0.0012198647     0.0017496167     0.0000000000
47 C     0.0015997194    -0.0001230979    -0.0000000000
48 C    -0.0016564028    -0.0006282796     0.0000000000
49 C    -0.0021589896     0.0009870139     0.0000000000
50 N     0.0008755858     0.0107692808     0.0000000000
51 C     0.0012395529     0.0002373987    -0.0000000000
52 C     0.0010599048    -0.0003220017     0.0000000000
53 C    -0.0013834344    -0.0015848624    -0.0000000000
54 C     0.0001047331    -0.0001957845     0.0000000000
55 C     0.0020128609    -0.0010592740     0.0000000000
56 C    -0.0026082244    -0.0044104339     0.0000000000
57 N     0.0018602751    -0.0027188598    -0.0000000000
58 C     0.0016643790    -0.0034786848     0.0000000000
59 C    -0.0005755908     0.0004343737    -0.0000000000
60 C    -0.0001115741     0.0000678402     0.0000000000
61 C    -0.0014219595     0.0011985245     0.0000000000
62 N     0.0015122154     0.0084682586     0.0000000000
63 C    -0.0010785057     0.0010468011    -0.0000000000
64 C    -0.0004402718     0.0014161451     0.0000000000
65 C     0.0025528745     0.0003923228     0.0000000000
66 C     0.0010315427    -0.0017233346     0.0000000000
67 C     0.0028467471    -0.0037812917    -0.0000000000
68 C    -0.0002948749    -0.0020886937    -0.0000000000
69 C    -0.0020523603    -0.0005964168     0.0000000000
70 C     0.0006976911     0.0021225436    -0.0000000000
71 N    -0.0001003384    -0.0032548620    -0.0000000000
72 C    -0.0044107554     0.0013799718    -0.0000000000
73 N     0.0068571149    -0.0012115676    -0.0000000000
74 C     0.0054068445    -0.0015632146    -0.0000000000
75 C     0.0004306585     0.0017955494    -0.0000000000
76 C     0.0005612072    -0.0036528366     0.0000000000
77 C    -0.0016817099     0.0011645110    -0.0000000000
78 H    -0.0005423127    -0.0009868762    -0.0000000000
79 H    -0.0067608573     0.0039182039    -0.0000000000
80 H    -0.0007956797    -0.0011768433     0.0000000000
81 H    -0.0003852647     0.0006802284    -0.0000000000
82 H    -0.0010440304    -0.0010136273     0.0000000000
83 H    -0.0009388174     0.0001455019    -0.0000000000
84 H     0.0004366625     0.0004562868    -0.0000000000
85 H     0.0016015106     0.0024092923    -0.0000000000
86 H     0.0023483591    -0.0024442908     0.0000000000
87 H     0.0066673399     0.0033081261     0.0000000000
88 H     0.0002910305    -0.0001489356    -0.0000000000
89 H     0.0001900113     0.0004099376     0.0000000000
90 H    -0.0004071438    -0.0005087109     0.0000000000
91 H     0.0005103574    -0.0007439337    -0.0000000000
92 H    -0.0002173894    -0.0071651842     0.0000000000
93 H     0.0001288504    -0.0011215820     0.0000000000
94 H     0.0000152294    -0.0073418902    -0.0000000000
95 H     0.0000222789    -0.0009082917    -0.0000000000
96 H    -0.0000134691     0.0009434904    -0.0000000000
97 H     0.0006892687     0.0013297998    -0.0000000000
98 H     0.0000858474     0.0007873066    -0.0000000000
99 H    -0.0000577435     0.0006368232    -0.0000000000
100 H     0.0001081379     0.0013145870     0.0000000000
101 H     0.0002918808     0.0075998817    -0.0000000000
----------------------------------------------
cycle 4: E = -3150.80445334  dE = -0.0205828  norm(grad) = 0.0389395

Geometry optimization cycle 5
Cartesian coordinates (Angstrom)
 Atom        New coordinates             dX        dY        dZ
   C  -7.298170   4.910015  -0.000000   -0.010823 -0.031121 -0.000000
   C  -7.236508   0.689006   0.000000   -0.010705  0.003497  0.000000
   C  -6.118063   2.817975  -0.000000    0.003085  0.000298 -0.000000
   C  -4.878675   4.940084  -0.000000    0.000631  0.007943 -0.000000
   C  -7.309206  -3.585311   0.000000   -0.003207 -0.009787  0.000000
   C  -6.065102  -1.415526   0.000000   -0.006757  0.006111  0.000000
   C  -4.860057   0.714946  -0.000000    0.001811  0.003021 -0.000000
   C  -3.655263   2.828467  -0.000000   -0.000465  0.005639 -0.000000
   C  -2.442999   4.936975  -0.000000   -0.007970  0.007501 -0.000000
   C  -6.072801  -5.658719   0.000000   -0.011614 -0.015114  0.000000
   C  -4.881400  -3.503170   0.000000   -0.008892 -0.000121  0.000000
   N  -3.679241  -1.390594  -0.000000   -0.000410  0.005810  0.000000
   C  -2.445765   0.699661  -0.000000    0.005766  0.010237 -0.000000
   C  -1.223234   2.817036  -0.000000    0.005410  0.013199 -0.000000
   C   0.018429   4.935150  -0.000000    0.019656  0.023535 -0.000000
   C  -3.620848  -5.556004   0.000000   -0.018860 -0.010479  0.000000
   C  -2.436315  -3.482314  -0.000000   -0.006413  0.005047  0.000000
   C  -1.235749  -1.411124  -0.000000    0.002402  0.006967 -0.000000
   C  -0.007477   0.700140  -0.000000    0.005805  0.007961 -0.000000
   C   1.219171   2.825933  -0.000000    0.001759  0.007642 -0.000000
   C   2.421848   4.925670   0.000000   -0.003381  0.006014  0.000000
   C  -1.247421  -5.524162  -0.000000   -0.009123  0.005774  0.000000
   N   0.020025  -3.500318  -0.000000   -0.002548 -0.000694 -0.000000
   C   1.219532  -1.413866  -0.000000    0.003906  0.000220 -0.000000
   C   2.435552   0.704279  -0.000000    0.011404  0.004267 -0.000000
   C   3.664001   2.797178   0.000000    0.006396  0.002455  0.000000
   C   4.852863   4.927663   0.000000    0.018064  0.012516  0.000000
   C   1.187836  -5.589650  -0.000000    0.000109 -0.007524 -0.000000
   C   2.438021  -3.512252  -0.000000    0.002549 -0.011161 -0.000000
   C   3.675352  -1.397703  -0.000000    0.004165 -0.002972 -0.000000
   C   4.910153   0.690426  -0.000000    0.018616 -0.002107 -0.000000
   C   6.088445   2.812113   0.000000    0.005104 -0.001015  0.000000
   C   7.233521   4.936035   0.000000    0.009263  0.009922  0.000000
   C   3.645902  -5.637159  -0.000000   -0.003779 -0.031782 -0.000000
   C   4.885592  -3.522579  -0.000000    0.001974 -0.000907 -0.000000
   C   6.120768  -1.417119  -0.000000    0.008267 -0.002409 -0.000000
   C   7.367615   0.682901   0.000000    0.031361  0.004422  0.000000
   N   6.041496  -5.592471  -0.000000   -0.013419  0.008106 -0.000000
   C   7.315164  -3.596090  -0.000000    0.010397 -0.003502 -0.000000
   C  -7.319363   3.516360  -0.000000   -0.016583 -0.031528 -0.000000
   C  -6.113992   5.610473  -0.000000   -0.015410 -0.020118 -0.000000
   N  -7.235119  -0.657580   0.000000   -0.015216  0.000116  0.000000
   N  -6.106828   1.392208   0.000000   -0.000280 -0.001719 -0.000000
   C  -4.895838   3.517601  -0.000000   -0.000744  0.007797 -0.000000
   C  -3.633065   5.627557  -0.000000   -0.004979  0.019707 -0.000000
   C  -7.267213  -4.983812   0.000000   -0.009110 -0.011150  0.000000
   C  -6.138087  -2.824776   0.000000   -0.011203  0.001680  0.000000
   C  -4.866323  -0.716706   0.000000   -0.004275  0.004925  0.000000
   C  -3.672369   1.418733  -0.000000    0.003693  0.006096 -0.000000
   C  -2.440293   3.521091  -0.000000    0.000159  0.006610 -0.000000
   N  -1.207220   5.568245  -0.000000    0.000956 -0.004704 -0.000000
   C  -4.858495  -4.931426   0.000000   -0.016960 -0.004850  0.000000
   C  -3.672793  -2.804376   0.000000   -0.008064  0.003791  0.000000
   C  -2.439508  -0.695181  -0.000000    0.002200  0.008847 -0.000000
   C  -1.228891   1.418470  -0.000000    0.006396  0.011143 -0.000000
   C   0.003761   3.529848  -0.000000    0.005383  0.018619 -0.000000
   C   1.227350   5.638681  -0.000000    0.014510  0.036882  0.000000
   N  -2.463923  -4.863556   0.000000   -0.017161  0.002000  0.000000
   C  -1.213401  -2.811237  -0.000000   -0.003546  0.006241 -0.000000
   C  -0.011527  -0.689278  -0.000000    0.005095  0.004339 -0.000000
   C   1.230229   1.404887  -0.000000    0.007964  0.005911 -0.000000
   C   2.443013   3.517253  -0.000000    0.004553  0.003105 -0.000000
   N   3.650958   5.568663   0.000000    0.004523 -0.004556  0.000000
   C  -0.015610  -4.892939  -0.000000   -0.001011 -0.003901  0.000000
   C   1.214694  -2.820523  -0.000000    0.002903 -0.004815 -0.000000
   C   2.448031  -0.712539  -0.000000    0.003578  0.001120 -0.000000
   C   3.677637   1.400932  -0.000000    0.014737  0.001229 -0.000000
   C   4.873794   3.537718   0.000000    0.005945  0.008835  0.000000
   C   6.084052   5.649712   0.000000    0.014315  0.021400  0.000000
   C   2.430427  -4.949932  -0.000000    0.004462 -0.015325 -0.000000
   C   3.663956  -2.798097  -0.000000    0.000261 -0.005749 -0.000000
   N   4.896968  -0.673655  -0.000000    0.007834 -0.001574 -0.000000
   C   6.134912   1.426303   0.000000    0.025932 -0.004641  0.000000
   N   7.249425   3.579594   0.000000    0.002663  0.004664  0.000000
   C   4.834208  -4.918935  -0.000000   -0.019900 -0.001764 -0.000000
   C   6.113361  -2.798259  -0.000000    0.007795 -0.006447 -0.000000
   C   7.321169  -0.661043   0.000000    0.008574  0.003792 -0.000000
   C   7.236310  -4.941818  -0.000000    0.000296 -0.006962 -0.000000
   H   8.203002   5.415540   0.000000    0.011713  0.008191  0.000000
   H   8.137367   3.107597   0.000000    0.011715 -0.001977  0.000000
   H   8.332263   1.175672   0.000000    0.033448  0.004601  0.000000
   H   8.250301  -1.210504   0.000000    0.004888 -0.005231  0.000000
   H   8.298584  -3.152551   0.000000    0.012016 -0.001771 -0.000000
   H   8.119264  -5.567556   0.000000   -0.002781 -0.013933 -0.000000
   H  -8.240963   5.444528  -0.000000   -0.013919 -0.034634 -0.000000
   H  -8.278756   3.020974  -0.000000   -0.010321 -0.049511  0.000000
   H  -8.184203   1.189928   0.000000   -0.009285  0.013230  0.000000
   H  -8.119371  -1.136476   0.000000   -0.024324 -0.007287  0.000000
   H  -8.280777  -3.105520   0.000000   -0.004745 -0.012141  0.000000
   H  -8.197324  -5.540841   0.000000   -0.011358 -0.009446  0.000000
   H  -6.124324   6.694202  -0.000000   -0.032005 -0.019380 -0.000000
   H  -3.639358   6.712942  -0.000000   -0.008169  0.020671 -0.000000
   H  -1.211315   6.575577  -0.000000   -0.004775  0.005826 -0.000000
   H   1.233830   6.724822   0.000000    0.021982  0.038461  0.000000
   H   3.654939   6.576523   0.000000    0.000593  0.006253  0.000000
   H   6.112782   6.730716   0.000000    0.014379  0.022955  0.000000
   H  -6.043537  -6.741517   0.000000   -0.009371 -0.016365  0.000000
   H  -3.522552  -6.632279   0.000000   -0.022826 -0.012869  0.000000
   H  -1.301746  -6.599562   0.000000   -0.011116  0.004429  0.000000
   H   1.142872  -6.670951  -0.000000   -0.003636 -0.008478  0.000000
   H   3.658267  -6.722331  -0.000000    0.002168 -0.033658 -0.000000
   H   6.022203  -6.597952  -0.000000   -0.017057 -0.002567 -0.000000
converged SCF energy = -3150.80515132951
--------------- RKS_Scanner gradients ---------------
         x                y                z
0 C    -0.0005487406     0.0010781426    -0.0000000000
1 C     0.0045738799    -0.0044664909    -0.0000000000
2 C     0.0026062387    -0.0003547922    -0.0000000000
3 C     0.0030619982     0.0007827474    -0.0000000000
4 C     0.0020177523    -0.0036965443    -0.0000000000
5 C     0.0022734769     0.0041988446    -0.0000000000
6 C     0.0003400983     0.0002207522     0.0000000000
7 C    -0.0002660073     0.0010282660     0.0000000000
8 C    -0.0023443501     0.0000978525    -0.0000000000
9 C     0.0015635726    -0.0005997623     0.0000000000
10 C    -0.0005479717     0.0004381708     0.0000000000
11 N     0.0014466945     0.0014440465     0.0000000000
12 C     0.0003527173     0.0010247466     0.0000000000
13 C     0.0009401104    -0.0013538411     0.0000000000
14 C     0.0060636403     0.0029756742     0.0000000000
15 C    -0.0002219582    -0.0027122150    -0.0000000000
16 C     0.0005953813     0.0018181001     0.0000000000
17 C     0.0004945405     0.0005439353     0.0000000000
18 C    -0.0000593300     0.0012061424     0.0000000000
19 C    -0.0008368514     0.0006379938     0.0000000000
20 C    -0.0048331319    -0.0009629236     0.0000000000
21 C    -0.0022431112     0.0025560098    -0.0000000000
22 N    -0.0031440004    -0.0003510593     0.0000000000
23 C    -0.0011274793    -0.0004051896     0.0000000000
24 C     0.0009993017     0.0006262939     0.0000000000
25 C    -0.0006984468    -0.0007902644     0.0000000000
26 C     0.0043273577     0.0025748200     0.0000000000
27 C    -0.0004194893     0.0004121048     0.0000000000
28 C    -0.0007145111    -0.0009248969    -0.0000000000
29 C     0.0009484652     0.0007138177     0.0000000000
30 C     0.0008211717     0.0036311011    -0.0000000000
31 C    -0.0017067973     0.0009499180     0.0000000000
32 C    -0.0011872706     0.0006624417    -0.0000000000
33 C     0.0004000537    -0.0048966896    -0.0000000000
34 C     0.0023821387     0.0011537917    -0.0000000000
35 C    -0.0002089695     0.0004403854    -0.0000000000
36 C     0.0026083608     0.0020905183     0.0000000000
37 N    -0.0024451956     0.0056899674     0.0000000000
38 C    -0.0008314707     0.0011824352     0.0000000000
39 C    -0.0003441036    -0.0019877083     0.0000000000
40 C    -0.0005063040    -0.0026029360     0.0000000000
41 N    -0.0041533451    -0.0055653457     0.0000000000
42 N     0.0001259998     0.0062573729    -0.0000000000
43 C    -0.0007540134     0.0013297313     0.0000000000
44 C    -0.0007210003     0.0013536949     0.0000000000
45 C    -0.0025654321     0.0003738227     0.0000000000
46 C    -0.0030017374     0.0024172846     0.0000000000
47 C     0.0004456359     0.0011420611     0.0000000000
48 C     0.0011912865    -0.0002536401    -0.0000000000
49 C     0.0007338785    -0.0000699185    -0.0000000000
50 N    -0.0005577693    -0.0073094529    -0.0000000000
51 C    -0.0027431472     0.0010379676    -0.0000000000
52 C    -0.0001353660     0.0001435915    -0.0000000000
53 C    -0.0012743503    -0.0005722193    -0.0000000000
54 C    -0.0006601370     0.0001064505    -0.0000000000
55 C    -0.0029535454     0.0008259667    -0.0000000000
56 C     0.0014065323     0.0042521868    -0.0000000000
57 N    -0.0016467111    -0.0002209500     0.0000000000
58 C     0.0015948071     0.0006552882    -0.0000000000
59 C     0.0005737444    -0.0005236430    -0.0000000000
60 C     0.0002752891    -0.0003554233    -0.0000000000
61 C     0.0023145463    -0.0006398318    -0.0000000000
62 N    -0.0020527008    -0.0056307500    -0.0000000000
63 C     0.0037201194    -0.0010964543     0.0000000000
64 C     0.0015164132     0.0008005427    -0.0000000000
65 C     0.0000248932    -0.0000563597    -0.0000000000
66 C     0.0008282959    -0.0022254795    -0.0000000000
67 C    -0.0016036034    -0.0000848996    -0.0000000000
68 C     0.0004153162     0.0019178596    -0.0000000000
69 C     0.0036617705     0.0005749942     0.0000000000
70 C    -0.0007632200    -0.0023048837    -0.0000000000
71 N    -0.0001495206    -0.0016868609     0.0000000000
72 C     0.0028022319    -0.0047971890    -0.0000000000
73 N    -0.0026474050    -0.0013993260     0.0000000000
74 C    -0.0060448791     0.0019555576     0.0000000000
75 C     0.0006464169    -0.0007494862    -0.0000000000
76 C    -0.0030415327     0.0002787737    -0.0000000000
77 C     0.0025083067    -0.0021846318    -0.0000000000
78 H    -0.0000624025     0.0002200442     0.0000000000
79 H     0.0021018733    -0.0014152006    -0.0000000000
80 H     0.0005649757     0.0003841523    -0.0000000000
81 H     0.0000637152     0.0004147180     0.0000000000
82 H     0.0004414725    -0.0000312398    -0.0000000000
83 H     0.0006374845     0.0001666113     0.0000000000
84 H    -0.0003186625    -0.0001611591     0.0000000000
85 H    -0.0006265229    -0.0004484477    -0.0000000000
86 H    -0.0002311174    -0.0002495323     0.0000000000
87 H    -0.0031377438    -0.0017923498    -0.0000000000
88 H     0.0004727261    -0.0001120496     0.0000000000
89 H    -0.0001627080    -0.0004509912     0.0000000000
90 H     0.0001563242    -0.0002704420    -0.0000000000
91 H     0.0000887321     0.0004097564    -0.0000000000
92 H     0.0001653441     0.0018131832    -0.0000000000
93 H    -0.0000477196     0.0009953206    -0.0000000000
94 H     0.0000497023     0.0021805556    -0.0000000000
95 H     0.0000027555     0.0005555112     0.0000000000
96 H    -0.0002731862    -0.0002463068    -0.0000000000
97 H    -0.0004698044    -0.0005419769     0.0000000000
98 H    -0.0000295674     0.0000622184     0.0000000000
99 H     0.0001894598    -0.0000734449    -0.0000000000
100 H    -0.0001403920    -0.0010916454    -0.0000000000
101 H    -0.0003219375    -0.0020722797    -0.0000000000
----------------------------------------------
cycle 5: E = -3150.80515133  dE = -0.000697994  norm(grad) = 0.0286613

Geometry optimization cycle 6
Cartesian coordinates (Angstrom)
 Atom        New coordinates             dX        dY        dZ
   C  -7.293951   4.924598  -0.000000    0.004219  0.014583 -0.000000
   C  -7.250664   0.714586   0.000000   -0.014156  0.025580  0.000000
   C  -6.124240   2.820885  -0.000000   -0.006176  0.002910 -0.000000
   C  -4.885574   4.937364  -0.000000   -0.006899 -0.002720 -0.000000
   C  -7.311385  -3.569250   0.000000   -0.002179  0.016061  0.000000
   C  -6.064952  -1.413774   0.000000    0.000150  0.001752  0.000000
   C  -4.864859   0.709262  -0.000000   -0.004802 -0.005684 -0.000000
   C  -3.659817   2.822562  -0.000000   -0.004554 -0.005905 -0.000000
   C  -2.444439   4.933280  -0.000000   -0.001439 -0.003695 -0.000000
   C  -6.070899  -5.653038   0.000000    0.001902  0.005681  0.000000
   C  -4.877316  -3.507673   0.000000    0.004084 -0.004503  0.000000
   N  -3.679302  -1.399445   0.000000   -0.000061 -0.008851  0.000000
   C  -2.450435   0.691576  -0.000000   -0.004670 -0.008085 -0.000000
   C  -1.229531   2.809346  -0.000000   -0.006297 -0.007689 -0.000000
   C   0.004662   4.922732  -0.000000   -0.013766 -0.012418  0.000000
   C  -3.614106  -5.560113   0.000000    0.006742 -0.004109  0.000000
   C  -2.431849  -3.493562   0.000000    0.004466 -0.011248  0.000000
   C  -1.236436  -1.419342  -0.000000   -0.000687 -0.008218 -0.000000
   C  -0.012170   0.693413  -0.000000   -0.004693 -0.006727 -0.000000
   C   1.216402   2.820771  -0.000000   -0.002770 -0.005162  0.000000
   C   2.422440   4.923879   0.000000    0.000592 -0.001791  0.000000
   C  -1.238106  -5.538635   0.000000    0.009315 -0.014473  0.000000
   N   0.024450  -3.505991  -0.000000    0.004426 -0.005673  0.000000
   C   1.219641  -1.417258  -0.000000    0.000109 -0.003392 -0.000000
   C   2.429979   0.700773  -0.000000   -0.005573 -0.003507  0.000000
   C   3.660492   2.795536   0.000000   -0.003509 -0.001642  0.000000
   C   4.843480   4.924264   0.000000   -0.009383 -0.003399  0.000000
   C   1.193246  -5.592977  -0.000000    0.005410 -0.003327  0.000000
   C   2.441036  -3.511133  -0.000000    0.003014  0.001119 -0.000000
   C   3.675553  -1.400000  -0.000000    0.000201 -0.002297 -0.000000
   C   4.902636   0.687327   0.000000   -0.007517 -0.003099  0.000000
   C   6.087156   2.813071   0.000000   -0.001289  0.000957  0.000000
   C   7.232195   4.936430   0.000000   -0.001326  0.000395  0.000000
   C   3.652143  -5.627004  -0.000000    0.006241  0.010156 -0.000000
   C   4.889662  -3.527373  -0.000000    0.004069 -0.004794 -0.000000
   C   6.121799  -1.418116  -0.000000    0.001030 -0.000998 -0.000000
   C   7.355671   0.680279   0.000000   -0.011944 -0.002623  0.000000
   N   6.055172  -5.603792  -0.000000    0.013675 -0.011321 -0.000000
   C   7.318861  -3.593407  -0.000000    0.003697  0.002683 -0.000000
   C  -7.319234   3.531309  -0.000000    0.000129  0.014949 -0.000000
   C  -6.110675   5.625346  -0.000000    0.003317  0.014873 -0.000000
   N  -7.219993  -0.630591   0.000000    0.015126  0.026988  0.000000
   N  -6.109529   1.393567   0.000000   -0.002702  0.001359 -0.000000
   C  -4.899851   3.514336  -0.000000   -0.004012 -0.003265 -0.000000
   C  -3.636615   5.618313  -0.000000   -0.003550 -0.009244 -0.000000
   C  -7.259225  -4.968063   0.000000    0.007988  0.015749  0.000000
   C  -6.132523  -2.823070   0.000000    0.005563  0.001706  0.000000
   C  -4.864560  -0.723170   0.000000    0.001764 -0.006463  0.000000
   C  -3.677317   1.412711  -0.000000   -0.004948 -0.006023 -0.000000
   C  -2.444610   3.516150  -0.000000   -0.004317 -0.004940 -0.000000
   N  -1.212253   5.571549  -0.000000   -0.005034  0.003305 -0.000000
   C  -4.850865  -4.935278   0.000000    0.007630 -0.003852  0.000000
   C  -3.668193  -2.813310   0.000000    0.004600 -0.008934  0.000000
   C  -2.439459  -0.702777  -0.000000    0.000049 -0.007596 -0.000000
   C  -1.234070   1.411268  -0.000000   -0.005179 -0.007201 -0.000000
   C  -0.001438   3.519594  -0.000000   -0.005199 -0.010254  0.000000
   C   1.217628   5.619172   0.000000   -0.009721 -0.019510  0.000000
   N  -2.453908  -4.874158   0.000000    0.010016 -0.010602  0.000000
   C  -1.211661  -2.819300  -0.000000    0.001740 -0.008063  0.000000
   C  -0.013337  -0.695112  -0.000000   -0.001810 -0.005834  0.000000
   C   1.224957   1.400090  -0.000000   -0.005272 -0.004797  0.000000
   C   2.439154   3.515375   0.000000   -0.003858 -0.001878  0.000000
   N   3.647925   5.575797   0.000000   -0.003033  0.007134  0.000000
   C  -0.012174  -4.898577  -0.000000    0.003436 -0.005638  0.000000
   C   1.216121  -2.823672  -0.000000    0.001426 -0.003149  0.000000
   C   2.446923  -0.715782  -0.000000   -0.001107 -0.003243  0.000000
   C   3.670610   1.400401  -0.000000   -0.007026 -0.000531  0.000000
   C   4.870359   3.536469   0.000000   -0.003435 -0.001249  0.000000
   C   6.077653   5.641834   0.000000   -0.006399 -0.007877  0.000000
   C   2.432168  -4.947397  -0.000000    0.001741  0.002535 -0.000000
   C   3.668317  -2.799579  -0.000000    0.004361 -0.001482 -0.000000
   N   4.896489  -0.674182  -0.000000   -0.000479 -0.000526  0.000000
   C   6.125084   1.428895   0.000000   -0.009828  0.002592  0.000000
   N   7.248912   3.581100   0.000000   -0.000513  0.001507  0.000000
   C   4.850191  -4.924773  -0.000000    0.015984 -0.005838 -0.000000
   C   6.114313  -2.797896  -0.000000    0.000952  0.000363 -0.000000
   C   7.324074  -0.662947   0.000000    0.002905 -0.001904  0.000000
   C   7.241224  -4.938373  -0.000000    0.004914  0.003445 -0.000000
   H   8.200285   5.419022   0.000000   -0.002716  0.003482  0.000000
   H   8.135879   3.110150   0.000000   -0.001488  0.002553  0.000000
   H   8.317984   1.176950   0.000000   -0.014279  0.001278  0.000000
   H   8.254581  -1.210672   0.000000    0.004280 -0.000168 -0.000000
   H   8.300990  -3.147138  -0.000000    0.002406  0.005414 -0.000000
   H   8.126820  -5.560081  -0.000000    0.007556  0.007475 -0.000000
   H  -8.235731   5.460857  -0.000000    0.005233  0.016329 -0.000000
   H  -8.281196   3.041999  -0.000000   -0.002440  0.021024 -0.000000
   H  -8.198109   1.216238   0.000000   -0.013906  0.026311 -0.000000
   H  -8.102069  -1.109128   0.000000    0.017301  0.027348  0.000000
   H  -8.282430  -3.087618   0.000000   -0.001654  0.017901  0.000000
   H  -8.189960  -5.523711   0.000000    0.007364  0.017130  0.000000
   H  -6.114348   6.709368  -0.000000    0.009976  0.015166 -0.000000
   H  -3.644081   6.703370  -0.000000   -0.004723 -0.009572 -0.000000
   H  -1.213111   6.578023  -0.000000   -0.001796  0.002446  0.000000
   H   1.219228   6.704631   0.000000   -0.014602 -0.020191  0.000000
   H   3.652599   6.582512   0.000000   -0.002340  0.005989  0.000000
   H   6.104996   6.722518   0.000000   -0.007786 -0.008198  0.000000
   H  -6.049621  -6.735905   0.000000   -0.006085  0.005612  0.000000
   H  -3.517056  -6.636294   0.000000    0.005496 -0.004015  0.000000
   H  -1.290501  -6.614234   0.000000    0.011246 -0.014672  0.000000
   H   1.151103  -6.674396  -0.000000    0.008231 -0.003444  0.000000
   H   3.661148  -6.711490  -0.000000    0.002881  0.010841 -0.000000
   H   6.041182  -6.608230  -0.000000    0.018978 -0.010277 -0.000000
converged SCF energy = -3150.80610238576
--------------- RKS_Scanner gradients ---------------
         x                y                z
0 C     0.0004304284    -0.0003310384     0.0000000000
1 C    -0.0059061527     0.0038953161    -0.0000000000
2 C    -0.0017383832    -0.0004073996     0.0000000000
3 C    -0.0018495233    -0.0004998422     0.0000000000
4 C    -0.0013802117     0.0013242204    -0.0000000000
5 C    -0.0013108370    -0.0010209123     0.0000000000
6 C     0.0006780176    -0.0004539580    -0.0000000000
7 C    -0.0004440525    -0.0002914478    -0.0000000000
8 C     0.0002433526     0.0001156180    -0.0000000000
9 C    -0.0001759618    -0.0010341698    -0.0000000000
10 C    -0.0007861449    -0.0006593584     0.0000000000
11 N    -0.0001800403    -0.0000484832     0.0000000000
12 C     0.0001106455     0.0001360485    -0.0000000000
13 C    -0.0001114643     0.0001674773    -0.0000000000
14 C    -0.0002098261    -0.0000413761     0.0000000000
15 C    -0.0004976776    -0.0004375142     0.0000000000
16 C    -0.0005521925     0.0005584582     0.0000000000
17 C    -0.0000216774    -0.0000256596    -0.0000000000
18 C    -0.0004306311    -0.0000878718    -0.0000000000
19 C    -0.0001173009    -0.0001456169     0.0000000000
20 C     0.0004834697     0.0001962848     0.0000000000
21 C     0.0001427952    -0.0004879249    -0.0000000000
22 N    -0.0002486863     0.0000335419    -0.0000000000
23 C     0.0001090287    -0.0002005392    -0.0000000000
24 C    -0.0001685072     0.0002189926    -0.0000000000
25 C    -0.0000737612     0.0000778858     0.0000000000
26 C    -0.0004655889     0.0001062366     0.0000000000
27 C    -0.0000991162    -0.0001625955     0.0000000000
28 C     0.0002062493    -0.0000426798    -0.0000000000
29 C    -0.0000035971     0.0001999595    -0.0000000000
30 C    -0.0002127966    -0.0000431359     0.0000000000
31 C    -0.0004135082    -0.0004647082     0.0000000000
32 C     0.0008080227     0.0006309623     0.0000000000
33 C    -0.0005511219    -0.0000480406    -0.0000000000
34 C    -0.0004070223    -0.0004642446     0.0000000000
35 C     0.0001881769     0.0002724605    -0.0000000000
36 C    -0.0001579614    -0.0001505048    -0.0000000000
37 N     0.0001121385    -0.0002281541    -0.0000000000
38 C     0.0009305661     0.0008467411    -0.0000000000
39 C     0.0000072686     0.0004944659    -0.0000000000
40 C     0.0001063612     0.0011641424    -0.0000000000
41 N     0.0062736707     0.0036319295    -0.0000000000
42 N     0.0022118393    -0.0038159472     0.0000000000
43 C     0.0011825166    -0.0003926562    -0.0000000000
44 C    -0.0005470063    -0.0003323035    -0.0000000000
45 C     0.0019886733     0.0009227118     0.0000000000
46 C     0.0013278826    -0.0011500083    -0.0000000000
47 C    -0.0002693894    -0.0002008535    -0.0000000000
48 C     0.0000299851    -0.0005089234     0.0000000000
49 C    -0.0000298775    -0.0002823363    -0.0000000000
50 N    -0.0000103904    -0.0009224823    -0.0000000000
51 C    -0.0000658324     0.0001655620     0.0000000000
52 C     0.0009742166    -0.0003156031    -0.0000000000
53 C    -0.0000013776    -0.0001486653     0.0000000000
54 C    -0.0000404741     0.0001302374     0.0000000000
55 C     0.0002388365    -0.0001268512    -0.0000000000
56 C    -0.0000546670    -0.0002553839    -0.0000000000
57 N     0.0003913837    -0.0002905500     0.0000000000
58 C     0.0002917199     0.0001452222     0.0000000000
59 C     0.0001361382     0.0000513201     0.0000000000
60 C     0.0000764527     0.0000365955     0.0000000000
61 C    -0.0002692961    -0.0001238944    -0.0000000000
62 N     0.0001638537    -0.0004488647     0.0000000000
63 C     0.0002790891     0.0002480365     0.0000000000
64 C     0.0003656394     0.0001229135    -0.0000000000
65 C    -0.0003086712    -0.0000580058     0.0000000000
66 C     0.0001752201     0.0000361825    -0.0000000000
67 C     0.0001086230     0.0000991154    -0.0000000000
68 C    -0.0002698538    -0.0003712492    -0.0000000000
69 C     0.0002493053     0.0000428748    -0.0000000000
70 C    -0.0000880777    -0.0000928843    -0.0000000000
71 N     0.0001334465    -0.0003705696    -0.0000000000
72 C     0.0005505435    -0.0004314009    -0.0000000000
73 N    -0.0015421992     0.0004542378    -0.0000000000
74 C     0.0005601622     0.0002894135     0.0000000000
75 C     0.0000477556    -0.0002254869    -0.0000000000
76 C     0.0004220636    -0.0000773627    -0.0000000000
77 C    -0.0009584404     0.0006034731     0.0000000000
78 H     0.0002047418     0.0001903057     0.0000000000
79 H     0.0010801301    -0.0006242955    -0.0000000000
80 H     0.0000975583     0.0000404847     0.0000000000
81 H     0.0002939169    -0.0002825793     0.0000000000
82 H     0.0003903260     0.0003407918     0.0000000000
83 H     0.0000263978    -0.0000191055     0.0000000000
84 H     0.0000005464     0.0001160036    -0.0000000000
85 H    -0.0000903355    -0.0004789279     0.0000000000
86 H    -0.0006568512     0.0008242752    -0.0000000000
87 H    -0.0008913889    -0.0000856881    -0.0000000000
88 H    -0.0002342088     0.0002550193     0.0000000000
89 H     0.0001102789     0.0000910904    -0.0000000000
90 H    -0.0001172322     0.0002938383     0.0000000000
91 H    -0.0001229521    -0.0000508128     0.0000000000
92 H    -0.0000227560     0.0014552376    -0.0000000000
93 H     0.0000057046    -0.0000503374     0.0000000000
94 H    -0.0000025170     0.0014762692    -0.0000000000
95 H     0.0000558656     0.0000641399     0.0000000000
96 H     0.0001286607    -0.0002105669    -0.0000000000
97 H    -0.0000596852    -0.0002284847     0.0000000000
98 H     0.0000825242    -0.0002439854     0.0000000000
99 H     0.0000128882    -0.0001312371    -0.0000000000
100 H     0.0000220978    -0.0000634018    -0.0000000000
101 H    -0.0000848875    -0.0013620641    -0.0000000000
----------------------------------------------
cycle 6: E = -3150.80610239  dE = -0.000951056  norm(grad) = 0.0132958

Geometry optimization cycle 7
Cartesian coordinates (Angstrom)
 Atom        New coordinates             dX        dY        dZ
   C  -7.286274   4.918026  -0.000000    0.007678 -0.006572  0.000000
   C  -7.241741   0.699359   0.000000    0.008923 -0.015227 -0.000000
   C  -6.120498   2.821473  -0.000000    0.003742  0.000589  0.000000
   C  -4.875616   4.940636   0.000000    0.009959  0.003272  0.000000
   C  -7.308641  -3.579159   0.000000    0.002744 -0.009909 -0.000000
   C  -6.065357  -1.419217   0.000000   -0.000404 -0.005443 -0.000000
   C  -4.865679   0.711574   0.000000   -0.000820  0.002312  0.000000
   C  -3.657180   2.826111   0.000000    0.002637  0.003549  0.000000
   C  -2.438921   4.936090   0.000000    0.005518  0.002810  0.000000
   C  -6.069050  -5.653668   0.000000    0.001849 -0.000630 -0.000000
   C  -4.876119  -3.507496   0.000000    0.001197  0.000177 -0.000000
   N  -3.680950  -1.397273  -0.000000   -0.001648  0.002172 -0.000000
   C  -2.451550   0.693788  -0.000000   -0.001115  0.002212  0.000000
   C  -1.227923   2.810717   0.000000    0.001608  0.001370  0.000000
   C   0.006963   4.922330   0.000000    0.002301 -0.000402  0.000000
   C  -3.612273  -5.556663   0.000000    0.001834  0.003450 -0.000000
   C  -2.432974  -3.490770   0.000000   -0.001125  0.002792  0.000000
   C  -1.238534  -1.416747  -0.000000   -0.002098  0.002595  0.000000
   C  -0.012734   0.695258  -0.000000   -0.000564  0.001845  0.000000
   C   1.218300   2.821707   0.000000    0.001898  0.000935  0.000000
   C   2.425013   4.923286   0.000000    0.002573 -0.000593  0.000000
   C  -1.239942  -5.535338   0.000000   -0.001836  0.003298  0.000000
   N   0.022038  -3.502662  -0.000000   -0.002412  0.003329  0.000000
   C   1.217246  -1.414297  -0.000000   -0.002395  0.002961  0.000000
   C   2.428472   0.702144  -0.000000   -0.001507  0.001372  0.000000
   C   3.662453   2.796692   0.000000    0.001961  0.001156  0.000000
   C   4.845891   4.923473   0.000000    0.002410 -0.000791 -0.000000
   C   1.189370  -5.589287  -0.000000   -0.003877  0.003690  0.000000
   C   2.437292  -3.506957  -0.000000   -0.003744  0.004177  0.000000
   C   3.672787  -1.397706  -0.000000   -0.002765  0.002294  0.000000
   C   4.899630   0.689202   0.000000   -0.003006  0.001874  0.000000
   C   6.090148   2.815216   0.000000    0.002993  0.002146 -0.000000
   C   7.233417   4.934803   0.000000    0.001222 -0.001627 -0.000000
   C   3.648112  -5.620697  -0.000000   -0.004031  0.006307  0.000000
   C   4.885732  -3.525068  -0.000000   -0.003929  0.002304  0.000000
   C   6.117405  -1.417516   0.000000   -0.004393  0.000601  0.000000
   C   7.349631   0.680941   0.000000   -0.006040  0.000662 -0.000000
   N   6.051402  -5.602482  -0.000000   -0.003770  0.001310  0.000000
   C   7.312072  -3.596586  -0.000000   -0.006789 -0.003178  0.000000
   C  -7.318952   3.525165  -0.000000    0.000282 -0.006144  0.000000
   C  -6.104264   5.621188  -0.000000    0.006411 -0.004158  0.000000
   N  -7.225880  -0.645474   0.000000   -0.005887 -0.014883 -0.000000
   N  -6.110967   1.394006   0.000000   -0.001438  0.000439  0.000000
   C  -4.896852   3.517682   0.000000    0.002999  0.003346  0.000000
   C  -3.628024   5.624162   0.000000    0.008591  0.005850  0.000000
   C  -7.262485  -4.978022   0.000000   -0.003260 -0.009959 -0.000000
   C  -6.132582  -2.827813   0.000000   -0.000059 -0.004743 -0.000000
   C  -4.867010  -0.722346   0.000000   -0.002450  0.000824 -0.000000
   C  -3.678087   1.415879   0.000000   -0.000770  0.003168  0.000000
   C  -2.441616   3.519101   0.000000    0.002994  0.002950  0.000000
   N  -1.207358   5.573954   0.000000    0.004895  0.002405  0.000000
   C  -4.849596  -4.934414   0.000000    0.001270  0.000865 -0.000000
   C  -3.669354  -2.810831   0.000000   -0.001161  0.002479 -0.000000
   C  -2.441483  -0.700370  -0.000000   -0.002024  0.002407  0.000000
   C  -1.234497   1.412803   0.000000   -0.000427  0.001534  0.000000
   C   0.000607   3.519847   0.000000    0.002045  0.000253  0.000000
   C   1.220060   5.617753   0.000000    0.002432 -0.001419  0.000000
   N  -2.454163  -4.870379   0.000000   -0.000255  0.003779 -0.000000
   C  -1.213715  -2.816602   0.000000   -0.002054  0.002698  0.000000
   C  -0.015574  -0.692571  -0.000000   -0.002237  0.002541  0.000000
   C   1.224373   1.401495   0.000000   -0.000584  0.001405  0.000000
   C   2.441144   3.515772   0.000000    0.001990  0.000397  0.000000
   N   3.650502   5.573907   0.000000    0.002577 -0.001889 -0.000000
   C  -0.015387  -4.894756   0.000000   -0.003213  0.003821  0.000000
   C   1.212646  -2.820023  -0.000000   -0.003474  0.003649  0.000000
   C   2.444946  -0.713665  -0.000000   -0.001977  0.002117  0.000000
   C   3.668663   1.401978   0.000000   -0.001947  0.001577  0.000000
   C   4.872971   3.536538   0.000000    0.002611  0.000069 -0.000000
   C   6.079824   5.641062   0.000000    0.002171 -0.000773 -0.000000
   C   2.427339  -4.942702  -0.000000   -0.004829  0.004695  0.000000
   C   3.665127  -2.796517  -0.000000   -0.003191  0.003063  0.000000
   N   4.893189  -0.672311   0.000000   -0.003300  0.001871  0.000000
   C   6.120684   1.431789   0.000000   -0.004400  0.002894 -0.000000
   N   7.253482   3.580580   0.000000    0.004569 -0.000520 -0.000000
   C   4.847594  -4.922123  -0.000000   -0.002597  0.002650  0.000000
   C   6.110135  -2.797098   0.000000   -0.004178  0.000799  0.000000
   C   7.318703  -0.662051   0.000000   -0.005371  0.000896  0.000000
   C   7.238680  -4.941062  -0.000000   -0.002544 -0.002688  0.000000
   H   8.201164   5.417161   0.000000    0.000878 -0.001861 -0.000000
   H   8.138807   3.111156   0.000000    0.002928  0.001006 -0.000000
   H   8.312148   1.176443   0.000000   -0.005836 -0.000507 -0.000000
   H   8.249321  -1.208376   0.000000   -0.005260  0.002296 -0.000000
   H   8.293908  -3.151573  -0.000000   -0.007081 -0.004436  0.000000
   H   8.123709  -5.563148  -0.000000   -0.003111 -0.003067  0.000000
   H  -8.227187   5.455113  -0.000000    0.008544 -0.005745  0.000000
   H  -8.281416   3.037379  -0.000000   -0.000219 -0.004620 -0.000000
   H  -8.189775   1.198027   0.000000    0.008334 -0.018211 -0.000000
   H  -8.106426  -1.122364   0.000000   -0.004356 -0.013237 -0.000000
   H  -8.279767  -3.098292   0.000000    0.002663 -0.010674 -0.000000
   H  -8.192265  -5.535106   0.000000   -0.002305 -0.011396 -0.000000
   H  -6.111067   6.704862  -0.000000    0.003281 -0.004506  0.000000
   H  -3.634051   6.709230   0.000000    0.010030  0.005860  0.000000
   H  -1.206882   6.578066   0.000000    0.006229  0.000043  0.000000
   H   1.221840   6.703081   0.000000    0.002611 -0.001550  0.000000
   H   3.655450   6.578178   0.000000    0.002851 -0.004334 -0.000000
   H   6.107541   6.721464   0.000000    0.002545 -0.001054 -0.000000
   H  -6.043336  -6.736129   0.000000    0.006286 -0.000223 -0.000000
   H  -3.512679  -6.632142   0.000000    0.004377  0.004152 -0.000000
   H  -1.292736  -6.610520   0.000000   -0.002235  0.003714 -0.000000
   H   1.147356  -6.670460  -0.000000   -0.003746  0.003935  0.000000
   H   3.656154  -6.704881  -0.000000   -0.004995  0.006609  0.000000
   H   6.035552  -6.604720  -0.000000   -0.005630  0.003510  0.000000
converged SCF energy = -3150.80624797028
