1721240769.9404142

Geometry optimization cycle 1
Cartesian coordinates (Angstrom)
 Atom        New coordinates             dX        dY        dZ
   C  -7.338226   5.042760   0.000000    0.000000  0.000000  0.000000
   C  -7.365228   0.691139   0.000000    0.000000  0.000000  0.000000
   C  -6.173642   2.889413   0.000000    0.000000  0.000000  0.000000
   C  -4.910090   5.019617   0.000000    0.000000  0.000000  0.000000
   C  -7.358051  -3.642635   0.000000    0.000000  0.000000  0.000000
   C  -6.173475  -1.431785   0.000000    0.000000  0.000000  0.000000
   C  -4.940069   0.716689   0.000000    0.000000  0.000000  0.000000
   C  -3.694845   2.860312   0.000000    0.000000  0.000000  0.000000
   C  -2.457224   5.005715   0.000000    0.000000  0.000000  0.000000
   C  -6.138515  -5.727246   0.000000    0.000000  0.000000  0.000000
   C  -4.928214  -3.580071   0.000000    0.000000  0.000000  0.000000
   C  -3.698169  -1.425571   0.000000    0.000000  0.000000  0.000000
   C  -2.471779   0.716540   0.000000    0.000000  0.000000  0.000000
   C  -1.230705   2.851907   0.000000    0.000000 -0.000000  0.000000
   C   0.000000   5.003169   0.000000    0.000000  0.000000  0.000000
   C  -3.678966  -5.694052   0.000000    0.000000  0.000000  0.000000
   N  -2.466015  -3.560923   0.000000    0.000000  0.000000  0.000000
   C  -1.232423  -1.423207   0.000000    0.000000  0.000000  0.000000
   C   0.000000   0.715809   0.000000    0.000000  0.000000  0.000000
   C   1.230705   2.851907   0.000000    0.000000 -0.000000  0.000000
   C   2.457224   5.005715   0.000000    0.000000  0.000000  0.000000
   C  -1.226334  -5.685080   0.000000    0.000000  0.000000  0.000000
   N   0.000000  -3.557079   0.000000    0.000000  0.000000  0.000000
   C   1.232423  -1.423207   0.000000    0.000000  0.000000  0.000000
   C   2.471779   0.716540   0.000000    0.000000  0.000000  0.000000
   C   3.694845   2.860312   0.000000    0.000000  0.000000  0.000000
   C   4.910090   5.019617   0.000000    0.000000  0.000000  0.000000
   C   1.226334  -5.685080   0.000000    0.000000  0.000000  0.000000
   C   2.466015  -3.560923   0.000000    0.000000  0.000000  0.000000
   C   3.698169  -1.425571   0.000000    0.000000  0.000000  0.000000
   C   4.940069   0.716689   0.000000    0.000000  0.000000  0.000000
   C   6.173642   2.889413   0.000000    0.000000  0.000000  0.000000
   C   7.338226   5.042760   0.000000    0.000000  0.000000  0.000000
   C   3.678966  -5.694052   0.000000    0.000000  0.000000  0.000000
   C   4.928214  -3.580071   0.000000    0.000000  0.000000  0.000000
   N   6.173475  -1.431785   0.000000   -0.000000  0.000000  0.000000
   C   7.365228   0.691139   0.000000    0.000000  0.000000  0.000000
   C   6.138515  -5.727246   0.000000    0.000000  0.000000  0.000000
   C   7.358051  -3.642635   0.000000   -0.000000  0.000000  0.000000
   C  -7.358051   3.642635   0.000000    0.000000  0.000000  0.000000
   N  -6.138515   5.727246   0.000000    0.000000  0.000000  0.000000
   C  -7.365228  -0.691139   0.000000    0.000000  0.000000  0.000000
   C  -6.173475   1.431785   0.000000    0.000000  0.000000  0.000000
   C  -4.928214   3.580071   0.000000    0.000000 -0.000000  0.000000
   C  -3.678966   5.694052   0.000000    0.000000  0.000000  0.000000
   C  -7.338226  -5.042760   0.000000    0.000000  0.000000  0.000000
   C  -6.173642  -2.889413   0.000000    0.000000  0.000000  0.000000
   C  -4.940069  -0.716689   0.000000    0.000000  0.000000  0.000000
   C  -3.698169   1.425571   0.000000    0.000000  0.000000  0.000000
   C  -2.466015   3.560923   0.000000    0.000000 -0.000000  0.000000
   C  -1.226334   5.685080   0.000000    0.000000  0.000000  0.000000
   C  -4.910090  -5.019617   0.000000    0.000000  0.000000  0.000000
   C  -3.694845  -2.860312   0.000000    0.000000  0.000000  0.000000
   C  -2.471779  -0.716540   0.000000    0.000000  0.000000  0.000000
   C  -1.232423   1.423207   0.000000    0.000000  0.000000  0.000000
   C   0.000000   3.557079   0.000000    0.000000  0.000000  0.000000
   C   1.226334   5.685080   0.000000    0.000000  0.000000  0.000000
   C  -2.457224  -5.005715   0.000000    0.000000  0.000000  0.000000
   C  -1.230705  -2.851907   0.000000    0.000000  0.000000  0.000000
   C   0.000000  -0.715809   0.000000    0.000000  0.000000  0.000000
   C   1.232423   1.423207   0.000000    0.000000  0.000000  0.000000
   C   2.466015   3.560923   0.000000    0.000000 -0.000000  0.000000
   N   3.678966   5.694052   0.000000    0.000000  0.000000  0.000000
   C   0.000000  -5.003169   0.000000    0.000000  0.000000  0.000000
   C   1.230705  -2.851907   0.000000    0.000000  0.000000  0.000000
   C   2.471779  -0.716540   0.000000    0.000000  0.000000  0.000000
   C   3.698169   1.425571   0.000000    0.000000  0.000000  0.000000
   C   4.928214   3.580071   0.000000    0.000000 -0.000000  0.000000
   C   6.138515   5.727246   0.000000    0.000000  0.000000  0.000000
   N   2.457224  -5.005715   0.000000    0.000000  0.000000  0.000000
   C   3.694845  -2.860312   0.000000    0.000000  0.000000  0.000000
   C   4.940069  -0.716689   0.000000    0.000000  0.000000  0.000000
   C   6.173475   1.431785   0.000000   -0.000000  0.000000  0.000000
   C   7.358051   3.642635   0.000000   -0.000000  0.000000  0.000000
   C   4.910090  -5.019617   0.000000    0.000000  0.000000  0.000000
   C   6.173642  -2.889413   0.000000    0.000000  0.000000  0.000000
   C   7.365228  -0.691139   0.000000    0.000000  0.000000  0.000000
   C   7.338226  -5.042760   0.000000    0.000000  0.000000  0.000000
   H   8.282184   5.591425   0.000000    0.000000 -0.000000  0.000000
   H   8.325741   3.141106   0.000000    0.000000  0.000000  0.000000
   H   8.326715   1.204661   0.000000    0.000000  0.000000  0.000000
   H   8.326715  -1.204661   0.000000    0.000000  0.000000  0.000000
   H   8.325741  -3.141106   0.000000    0.000000  0.000000  0.000000
   H   8.282184  -5.591425   0.000000    0.000000  0.000000  0.000000
   H  -8.282184   5.591425   0.000000    0.000000 -0.000000  0.000000
   H  -8.325741   3.141106   0.000000    0.000000  0.000000  0.000000
   H  -8.326715   1.204661   0.000000    0.000000  0.000000  0.000000
   H  -8.326715  -1.204661   0.000000    0.000000  0.000000  0.000000
   H  -8.325741  -3.141106   0.000000    0.000000  0.000000  0.000000
   H  -8.282184  -5.591425   0.000000    0.000000  0.000000  0.000000
   H  -6.116625   6.819427   0.000000    0.000000  0.000000  0.000000
   H  -3.672757   6.787431   0.000000    0.000000  0.000000  0.000000
   H  -1.225580   6.778408   0.000000    0.000000 -0.000000  0.000000
   H   1.225580   6.778408   0.000000    0.000000 -0.000000  0.000000
   H   3.672757   6.787431   0.000000    0.000000  0.000000  0.000000
   H   6.116625   6.819427   0.000000   -0.000000  0.000000  0.000000
   H  -6.116625  -6.819427   0.000000    0.000000  0.000000  0.000000
   H  -3.672757  -6.787431   0.000000    0.000000  0.000000  0.000000
   H  -1.225580  -6.778408   0.000000    0.000000  0.000000  0.000000
   H   1.225580  -6.778408   0.000000    0.000000  0.000000  0.000000
   H   3.672757  -6.787431   0.000000    0.000000  0.000000  0.000000
   H   6.116625  -6.819427   0.000000   -0.000000  0.000000  0.000000
converged SCF energy = -3084.33543172309
--------------- RKS_Scanner gradients ---------------
         x                y                z
0 C    -0.0111680471     0.0331124333     0.0000000000
1 C     0.0095314270     0.0164483473    -0.0000000000
2 C    -0.0295685718     0.0204172521    -0.0000000000
3 C    -0.0179753640    -0.0210991589     0.0000000000
4 C     0.0038504219     0.0081753065    -0.0000000000
5 C    -0.0121282586     0.0071836999    -0.0000000000
6 C    -0.0032615066    -0.0020579518     0.0000000000
7 C    -0.0014444650     0.0072404979     0.0000000000
8 C    -0.0172405653     0.0095564744     0.0000000000
9 C    -0.0132476606    -0.0038768385    -0.0000000000
10 C    -0.0133485683     0.0037255867    -0.0000000000
11 C    -0.0009552202     0.0260111018     0.0000000000
12 C    -0.0109076141     0.0081530392     0.0000000000
13 C     0.0024769212     0.0021606194     0.0000000000
14 C     0.0076233367     0.0129474253     0.0000000000
15 C    -0.0202310874    -0.0155658374     0.0000000000
16 N    -0.0204948581     0.0028476722    -0.0000000000
17 C     0.0085229922     0.0164934056    -0.0000000000
18 C    -0.0026158868     0.0133302057    -0.0000000000
19 C    -0.0015410659     0.0010238015    -0.0000000000
20 C     0.0145685123    -0.0086315395     0.0000000000
21 C    -0.0083132387    -0.0204702149    -0.0000000000
22 N     0.0346006570    -0.0116854723    -0.0000000000
23 C    -0.0055893355     0.0130157662    -0.0000000000
24 C     0.0093438260     0.0134801766    -0.0000000000
25 C    -0.0005279389     0.0151167665    -0.0000000000
26 C    -0.0063312099    -0.0042954338    -0.0000000000
27 C    -0.0009444293    -0.0272367332    -0.0000000000
28 C     0.0105042378     0.0256147801    -0.0000000000
29 C    -0.0258413426     0.0038682077    -0.0000000000
30 C    -0.0145884683     0.0042106197     0.0000000000
31 C     0.0029023929     0.0118180909     0.0000000000
32 C    -0.0042799140     0.0229127448    -0.0000000000
33 C     0.0103793033    -0.0204203329     0.0000000000
34 C     0.0002107427    -0.0099204956    -0.0000000000
35 N     0.0103999788     0.0169542397     0.0000000000
36 C    -0.0077723463     0.0370671217     0.0000000000
37 C    -0.0116373685     0.0035066582     0.0000000000
38 C    -0.0059604790    -0.0183428094    -0.0000000000
39 C     0.0182684424    -0.0453859567     0.0000000000
40 N    -0.0002153020    -0.0250406701    -0.0000000000
41 C     0.0085555307    -0.0171957650     0.0000000000
42 C    -0.0093477780    -0.0167206271     0.0000000000
43 C     0.0184495557     0.0058662617     0.0000000000
44 C     0.0377966028     0.0007909842    -0.0000000000
45 C     0.0019922261    -0.0124131756     0.0000000000
46 C    -0.0009419540    -0.0110850266     0.0000000000
47 C     0.0092462705     0.0054618735     0.0000000000
48 C     0.0093296694    -0.0090964761    -0.0000000000
49 C    -0.0041066126    -0.0070409304    -0.0000000000
50 C     0.0058992293     0.0052689165    -0.0000000000
51 C     0.0156714038     0.0015897602     0.0000000000
52 C     0.0074617903    -0.0179252019     0.0000000000
53 C    -0.0072133912    -0.0073161047    -0.0000000000
54 C     0.0092673506    -0.0027383644    -0.0000000000
55 C     0.0009565483    -0.0088706110    -0.0000000000
56 C    -0.0321011511     0.0016990243    -0.0000000000
57 C     0.0143930295     0.0072910562    -0.0000000000
58 C    -0.0101826366     0.0140523337     0.0000000000
59 C    -0.0043585278    -0.0123340437     0.0000000000
60 C    -0.0039003480    -0.0048328031     0.0000000000
61 C    -0.0011229767    -0.0098533055     0.0000000000
62 N    -0.0021227119    -0.0230663811     0.0000000000
63 C    -0.0118979468     0.0091681046     0.0000000000
64 C    -0.0002681802     0.0025657147     0.0000000000
65 C     0.0117902976    -0.0163948314     0.0000000000
66 C    -0.0007662351    -0.0116076605     0.0000000000
67 C     0.0025927781    -0.0137274072     0.0000000000
68 C     0.0287123416    -0.0018881286     0.0000000000
69 N    -0.0125565169    -0.0051478200     0.0000000000
70 C    -0.0012188117     0.0041354478     0.0000000000
71 C     0.0062352430     0.0088521209    -0.0000000000
72 C     0.0196042876    -0.0204009946    -0.0000000000
73 C    -0.0093277069    -0.0147173832    -0.0000000000
74 C     0.0132302240    -0.0026637474    -0.0000000000
75 C    -0.0032812772    -0.0165143193     0.0000000000
76 C     0.0000662474    -0.0231834407     0.0000000000
77 C     0.0160434072     0.0051122141     0.0000000000
78 H     0.0054831911     0.0026685218     0.0000000000
79 H     0.0053889613    -0.0035151787    -0.0000000000
80 H     0.0050619482     0.0068284057     0.0000000000
81 H     0.0126315675     0.0024012488    -0.0000000000
82 H     0.0062869245     0.0033311338     0.0000000000
83 H     0.0052921166    -0.0034445861     0.0000000000
84 H    -0.0105064560    -0.0021374954    -0.0000000000
85 H    -0.0053810080    -0.0070275674    -0.0000000000
86 H    -0.0050798812     0.0034353562     0.0000000000
87 H    -0.0056471144    -0.0031972935    -0.0000000000
88 H    -0.0060503285     0.0028415535     0.0000000000
89 H    -0.0048185953    -0.0029989123    -0.0000000000
90 H     0.0007854122     0.0616768916     0.0000000000
91 H    -0.0001332372     0.0053791048    -0.0000000000
92 H     0.0000373140     0.0059199618     0.0000000000
93 H     0.0001541775     0.0053737055     0.0000000000
94 H    -0.0002215765     0.0618723164    -0.0000000000
95 H    -0.0003246868     0.0052134325    -0.0000000000
96 H    -0.0001690749    -0.0059719265     0.0000000000
97 H    -0.0032234569    -0.0083365185    -0.0000000000
98 H     0.0003404356    -0.0103263256     0.0000000000
99 H    -0.0046860312    -0.0116093106     0.0000000000
100 H     0.0077815160    -0.0097166636    -0.0000000000
101 H    -0.0006537765    -0.0061594094    -0.0000000000
----------------------------------------------
cycle 1: E = -3084.33543172  dE = -3084.34  norm(grad) = 0.199043

Geometry optimization cycle 2
Cartesian coordinates (Angstrom)
 Atom        New coordinates             dX        dY        dZ
   C  -7.267234   4.940157   0.000000    0.070991 -0.102603  0.000000
   C  -7.340878   0.684383   0.000000    0.024350 -0.006756  0.000000
   C  -6.129284   2.842466   0.000000    0.044358 -0.046947  0.000000
   C  -4.828117   4.950533   0.000000    0.081973 -0.069084  0.000000
   C  -7.295069  -3.600293   0.000000    0.062983  0.042343  0.000000
   C  -6.137115  -1.416016   0.000000    0.036360  0.015769  0.000000
   C  -4.913420   0.706389   0.000000    0.026648 -0.010300  0.000000
   C  -3.669454   2.824803  -0.000000    0.025391 -0.035508 -0.000000
   C  -2.427885   4.961870  -0.000000    0.029339 -0.043845 -0.000000
   C  -6.039876  -5.662988   0.000000    0.098639  0.064258  0.000000
   C  -4.867840  -3.529035   0.000000    0.060374  0.051035  0.000000
   C  -3.676947  -1.418117  -0.000000    0.021222  0.007454 -0.000000
   C  -2.458283   0.708018  -0.000000    0.013497 -0.008521 -0.000000
   C  -1.225618   2.831925  -0.000000    0.005086 -0.019982 -0.000000
   C   0.023765   4.959548  -0.000000    0.023765 -0.043620 -0.000000
   C  -3.592121  -5.582749  -0.000000    0.086845  0.111304 -0.000000
   N  -2.426079  -3.492852  -0.000000    0.039936  0.068071 -0.000000
   C  -1.237537  -1.407100  -0.000000   -0.005114  0.016108 -0.000000
   C  -0.013139   0.705510  -0.000000   -0.013139 -0.010299 -0.000000
   C   1.214105   2.812983  -0.000000   -0.016600 -0.038924 -0.000000
   C   2.413765   4.896669  -0.000000   -0.043458 -0.109046 -0.000000
   C  -1.174096  -5.537149  -0.000000    0.052238  0.147931 -0.000000
   N  -0.030315  -3.477981  -0.000000   -0.030315  0.079098 -0.000000
   C   1.208257  -1.404403  -0.000000   -0.024166  0.018805 -0.000000
   C   2.436863   0.698699  -0.000000   -0.034917 -0.017841 -0.000000
   C   3.677416   2.792551  -0.000000   -0.017429 -0.067760 -0.000000
   C   4.876683   4.907791   0.000000   -0.033408 -0.111826  0.000000
   C   1.252065  -5.512413  -0.000000    0.025731  0.172667 -0.000000
   C   2.425883  -3.498470  -0.000000   -0.040132  0.062452 -0.000000
   C   3.656966  -1.407493  -0.000000   -0.041203  0.018078 -0.000000
   C   4.913311   0.695188   0.000000   -0.026757 -0.021501  0.000000
   C   6.162064   2.822388   0.000000   -0.011578 -0.067026  0.000000
   C   7.236792   4.952195   0.000000   -0.101434 -0.090565  0.000000
   C   3.630047  -5.557014  -0.000000   -0.048919  0.137038 -0.000000
   C   4.881550  -3.515080   0.000000   -0.046664  0.064991  0.000000
   N   6.057907  -1.440501   0.000000   -0.115568 -0.008716  0.000000
   C   7.309697   0.593548   0.000000   -0.055531 -0.097591  0.000000
   C   6.082803  -5.657425   0.000000   -0.055712  0.069821  0.000000
   C   7.320577  -3.515474   0.000000   -0.037474  0.127162  0.000000
   C  -7.337729   3.595434   0.000000    0.020323 -0.047201  0.000000
   N  -6.066302   5.555456   0.000000    0.072213 -0.171789  0.000000
   C  -7.334480  -0.676970   0.000000    0.030748  0.014169  0.000000
   C  -6.137964   1.415489   0.000000    0.035511 -0.016296  0.000000
   C  -4.900292   3.526553   0.000000    0.027922 -0.053518  0.000000
   C  -3.657552   5.654392  -0.000000    0.021414 -0.039661 -0.000000
   C  -7.240407  -4.982128   0.000000    0.097819  0.060632  0.000000
   C  -6.115966  -2.850054   0.000000    0.057676  0.039359  0.000000
   C  -4.916818  -0.716469   0.000000    0.023250  0.000220  0.000000
   C  -3.683991   1.411071  -0.000000    0.014178 -0.014500 -0.000000
   C  -2.449822   3.533809  -0.000000    0.016193 -0.027113 -0.000000
   C  -1.204120   5.625278  -0.000000    0.022215 -0.059802 -0.000000
   C  -4.840269  -4.950119   0.000000    0.069822  0.069498  0.000000
   C  -3.656270  -2.811550  -0.000000    0.038575  0.048762 -0.000000
   C  -2.459971  -0.705417  -0.000000    0.011808  0.011123 -0.000000
   C  -1.238261   1.414821  -0.000000   -0.005838 -0.008386 -0.000000
   C   0.000514   3.531651  -0.000000    0.000514 -0.025427 -0.000000
   C   1.260293   5.638752  -0.000000    0.033959 -0.046328 -0.000000
   C  -2.406863  -4.903833  -0.000000    0.050361  0.101882 -0.000000
   C  -1.222162  -2.803826  -0.000000    0.008543  0.048081 -0.000000
   C  -0.012591  -0.701141  -0.000000   -0.012591  0.014668 -0.000000
   C   1.212463   1.403698  -0.000000   -0.019960 -0.019510 -0.000000
   C   2.449952   3.485939  -0.000000   -0.016063 -0.074983 -0.000000
   N   3.641384   5.502172   0.000000   -0.037582 -0.191880  0.000000
   C   0.035067  -4.887493  -0.000000    0.035067  0.115676 -0.000000
   C   1.199583  -2.803560  -0.000000   -0.031121  0.048347 -0.000000
   C   2.430107  -0.703040  -0.000000   -0.041672  0.013500 -0.000000
   C   3.670848   1.388927  -0.000000   -0.027321 -0.036644 -0.000000
   C   4.913508   3.498139   0.000000   -0.014707 -0.081931  0.000000
   C   6.041294   5.655208   0.000000   -0.097222 -0.072037  0.000000
   N   2.457583  -4.878354  -0.000000    0.000360  0.127361 -0.000000
   C   3.652126  -2.818763  -0.000000   -0.042719  0.041549 -0.000000
   C   4.867406  -0.716375   0.000000   -0.072662  0.000314  0.000000
   C   6.138989   1.388330   0.000000   -0.034486 -0.043455  0.000000
   C   7.344380   3.578404   0.000000   -0.013671 -0.064231  0.000000
   C   4.864510  -4.937965   0.000000   -0.045580  0.081652  0.000000
   C   6.112679  -2.834043   0.000000   -0.060963  0.055370  0.000000
   C   7.249025  -0.748768   0.000000   -0.116203 -0.057629  0.000000
   C   7.227807  -4.912071   0.000000   -0.110418  0.130689  0.000000
   H   8.156921   5.522483   0.000000   -0.125263 -0.068942  0.000000
   H   8.321330   3.117525   0.000000   -0.004411 -0.023581  0.000000
   H   8.292398   1.037550   0.000000   -0.034317 -0.167112  0.000000
   H   8.148043  -1.337821   0.000000   -0.178672 -0.133159  0.000000
   H   8.278718  -3.019019   0.000000   -0.047023  0.122087  0.000000
   H   8.166273  -5.450965   0.000000   -0.115911  0.140460  0.000000
   H  -8.149585   5.562212   0.000000    0.132599 -0.029213  0.000000
   H  -8.313092   3.136925   0.000000    0.012649 -0.004181  0.000000
   H  -8.294940   1.192124   0.000000    0.031775 -0.012537  0.000000
   H  -8.285810  -1.188567   0.000000    0.040905  0.016095  0.000000
   H  -8.259215  -3.114133   0.000000    0.066525  0.026973  0.000000
   H  -8.169780  -5.538443   0.000000    0.112404  0.052982  0.000000
   H  -6.054966   6.553284   0.000000    0.061659 -0.266142  0.000000
   H  -3.672151   6.739422  -0.000000    0.000606 -0.048010 -0.000000
   H  -1.205287   6.709506  -0.000000    0.020292 -0.068901 -0.000000
   H   1.297789   6.723173  -0.000000    0.072210 -0.055234 -0.000000
   H   3.635952   6.500438   0.000000   -0.036805 -0.286993  0.000000
   H   6.002218   6.738908   0.000000   -0.114407 -0.080519  0.000000
   H  -6.007415  -6.745759   0.000000    0.109211  0.073668  0.000000
   H  -3.542026  -6.662197  -0.000000    0.130731  0.125235 -0.000000
   H  -1.167435  -6.614586  -0.000000    0.058145  0.163822 -0.000000
   H   1.290775  -6.587197  -0.000000    0.065195  0.191211 -0.000000
   H   3.543569  -6.632070  -0.000000   -0.129188  0.155362 -0.000000
   H   6.090661  -6.740341   0.000000   -0.025964  0.079085  0.000000
converged SCF energy = -3084.3910593869
--------------- RKS_Scanner gradients ---------------
         x                y                z
0 C    -0.0015985814     0.0099077149     0.0000000000
1 C     0.0021224405     0.0070423523     0.0000000000
2 C    -0.0061287370     0.0063238024     0.0000000000
3 C     0.0152725629     0.0051776639    -0.0000000000
4 C    -0.0019780971     0.0081951560    -0.0000000000
5 C    -0.0076380533     0.0027897294     0.0000000000
6 C    -0.0003409715    -0.0017356870     0.0000000000
7 C     0.0029369249     0.0061743548    -0.0000000000
8 C    -0.0071761935     0.0023372167     0.0000000000
9 C    -0.0054566848    -0.0022608673     0.0000000000
10 C     0.0003892701     0.0027321700     0.0000000000
11 C     0.0008397040     0.0041757579     0.0000000000
12 C    -0.0037352549     0.0031350906     0.0000000000
13 C     0.0024821218    -0.0001894680    -0.0000000000
14 C     0.0086372740     0.0024527156    -0.0000000000
15 C    -0.0040995370     0.0037308509     0.0000000000
16 N    -0.0055892170     0.0004845876     0.0000000000
17 C     0.0010023189    -0.0034262759    -0.0000000000
18 C    -0.0015380164     0.0041485638     0.0000000000
19 C    -0.0041278179     0.0057513366     0.0000000000
20 C    -0.0156441414    -0.0027520049    -0.0000000000
21 C    -0.0058879965     0.0109566016     0.0000000000
22 N     0.0007390681    -0.0102257570    -0.0000000000
23 C    -0.0039464343     0.0044130781    -0.0000000000
24 C     0.0022747112     0.0043981504     0.0000000000
25 C    -0.0014269120     0.0021955665     0.0000000000
26 C     0.0109011967     0.0029826448     0.0000000000
27 C    -0.0008723934     0.0108940411     0.0000000000
28 C    -0.0052620570     0.0053201290     0.0000000000
29 C    -0.0044900918    -0.0012513795     0.0000000000
30 C     0.0014028084     0.0009422091     0.0000000000
31 C     0.0055825493     0.0150414094     0.0000000000
32 C    -0.0181335911    -0.0044465408     0.0000000000
33 C    -0.0000681335     0.0049849246     0.0000000000
34 C    -0.0016115802     0.0055574677     0.0000000000
35 N    -0.0022971877     0.0013464586     0.0000000000
36 C    -0.0029679793     0.0047154928    -0.0000000000
37 C    -0.0000787227    -0.0136395846     0.0000000000
38 C     0.0127568229     0.0101789673     0.0000000000
39 C     0.0054975406    -0.0049503942    -0.0000000000
40 N    -0.0036917675    -0.0214579202     0.0000000000
41 C     0.0054996647    -0.0045851006    -0.0000000000
42 C    -0.0048226687    -0.0072044898    -0.0000000000
43 C    -0.0052879483     0.0076157165     0.0000000000
44 C     0.0079526146     0.0006969409    -0.0000000000
45 C     0.0079342449    -0.0016512044    -0.0000000000
46 C     0.0003004210    -0.0072908821    -0.0000000000
47 C     0.0030696970     0.0011152072    -0.0000000000
48 C     0.0012450917    -0.0039017026    -0.0000000000
49 C    -0.0032930902    -0.0033054526    -0.0000000000
50 C     0.0023658910    -0.0029255975     0.0000000000
51 C     0.0058359212     0.0018518653    -0.0000000000
52 C     0.0024138488    -0.0060264585    -0.0000000000
53 C    -0.0051929522    -0.0037836727    -0.0000000000
54 C     0.0009632956     0.0000154507    -0.0000000000
55 C    -0.0026094413    -0.0028837409    -0.0000000000
56 C     0.0012809016     0.0084030749     0.0000000000
57 C     0.0054390256    -0.0040881911    -0.0000000000
58 C    -0.0010305808     0.0111058906    -0.0000000000
59 C     0.0007508339    -0.0052154075     0.0000000000
60 C     0.0004841607    -0.0027580678    -0.0000000000
61 C     0.0108018813    -0.0025688164    -0.0000000000
62 N    -0.0054671030    -0.0118066887     0.0000000000
63 C     0.0084748384    -0.0045592039    -0.0000000000
64 C     0.0021601204    -0.0018747137     0.0000000000
65 C     0.0030144708    -0.0050245338    -0.0000000000
66 C    -0.0015362438    -0.0047525299    -0.0000000000
67 C    -0.0029744725    -0.0005013245    -0.0000000000
68 C     0.0049317925     0.0070635409    -0.0000000000
69 N     0.0035837568    -0.0105222698     0.0000000000
70 C    -0.0011704592    -0.0036616665    -0.0000000000
71 C    -0.0035031799     0.0073118851    -0.0000000000
72 C     0.0048865486    -0.0093984354     0.0000000000
73 C     0.0089320340    -0.0090513407    -0.0000000000
74 C     0.0098956016     0.0021201885     0.0000000000
75 C     0.0059868699    -0.0184057571    -0.0000000000
76 C    -0.0076327779    -0.0083425130    -0.0000000000
77 C    -0.0198343750     0.0132774238    -0.0000000000
78 H    -0.0016132806    -0.0018622367    -0.0000000000
79 H     0.0006249996     0.0002569641     0.0000000000
80 H    -0.0008260705    -0.0016129421    -0.0000000000
81 H     0.0021926837    -0.0026720893     0.0000000000
82 H     0.0020668152     0.0070008922    -0.0000000000
83 H    -0.0028218101     0.0017440372    -0.0000000000
84 H    -0.0013598406    -0.0034044586     0.0000000000
85 H    -0.0009751712     0.0012574204     0.0000000000
86 H    -0.0005969712    -0.0003456383     0.0000000000
87 H    -0.0000100660     0.0007390224     0.0000000000
88 H    -0.0004514615     0.0001341807     0.0000000000
89 H     0.0004989756     0.0009884734     0.0000000000
90 H     0.0014645745    -0.0078874144    -0.0000000000
91 H    -0.0003940686     0.0005864726     0.0000000000
92 H     0.0001963551    -0.0008318814    -0.0000000000
93 H     0.0006509224     0.0012228564     0.0000000000
94 H    -0.0005810918    -0.0076935180    -0.0000000000
95 H    -0.0019425679     0.0012698413     0.0000000000
96 H     0.0007491172    -0.0000154819    -0.0000000000
97 H    -0.0000780191     0.0010792752     0.0000000000
98 H     0.0009744720     0.0019414137    -0.0000000000
99 H     0.0009253130     0.0019710818    -0.0000000000
100 H     0.0014207183     0.0011545845    -0.0000000000
101 H    -0.0010159216    -0.0016569795    -0.0000000000
----------------------------------------------
cycle 2: E = -3084.39105939  dE = -0.0556277  norm(grad) = 0.0834268

Geometry optimization cycle 3
Cartesian coordinates (Angstrom)
 Atom        New coordinates             dX        dY        dZ
   C  -7.204151   4.980217   0.000000    0.063083  0.040060 -0.000000
   C  -7.324732   0.657250   0.000000    0.016146 -0.027133 -0.000000
   C  -6.128045   2.831116   0.000000    0.001239 -0.011350 -0.000000
   C  -4.872302   4.937756  -0.000000   -0.044185 -0.012777 -0.000000
   C  -7.267246  -3.641557   0.000000    0.027823 -0.041265  0.000000
   C  -6.118257  -1.433266   0.000000    0.018859 -0.017250  0.000000
   C  -4.903094   0.696463   0.000000    0.010326 -0.009925  0.000000
   C  -3.669651   2.806595  -0.000000   -0.000197 -0.018208  0.000000
   C  -2.436445   4.944020  -0.000000   -0.008560 -0.017850  0.000000
   C  -6.026698  -5.671316   0.000000    0.013178 -0.008328  0.000000
   C  -4.851599  -3.540698   0.000000    0.016241 -0.011662  0.000000
   C  -3.662540  -1.431454   0.000000    0.014407 -0.013338  0.000000
   C  -2.446873   0.693985  -0.000000    0.011410 -0.014033  0.000000
   C  -1.231203   2.817897  -0.000000   -0.005585 -0.014028  0.000000
   C  -0.003498   4.938563  -0.000000   -0.027263 -0.020985  0.000000
   C  -3.578976  -5.593039   0.000000    0.013145 -0.010290  0.000000
   N  -2.410928  -3.501074  -0.000000    0.015151 -0.008222  0.000000
   C  -1.224681  -1.412875  -0.000000    0.012856 -0.005776  0.000000
   C  -0.004677   0.701592  -0.000000    0.008463 -0.003918  0.000000
   C   1.214680   2.819090  -0.000000    0.000575  0.006107  0.000000
   C   2.450833   4.931680   0.000000    0.037068  0.035011  0.000000
   C  -1.172532  -5.554308  -0.000000    0.001565 -0.017159  0.000000
   N  -0.032732  -3.465544  -0.000000   -0.002417  0.012437  0.000000
   C   1.223602  -1.397890  -0.000000    0.015346  0.006512  0.000000
   C   2.434291   0.704386  -0.000000   -0.002572  0.005687  0.000000
   C   3.654737   2.800299   0.000000   -0.022679  0.007748  0.000000
   C   4.859226   4.915602   0.000000   -0.017457  0.007811  0.000000
   C   1.232209  -5.500945  -0.000000   -0.019857  0.011468 -0.000000
   C   2.418601  -3.481200  -0.000000   -0.007281  0.017270  0.000000
   C   3.679597  -1.388112  -0.000000    0.022631  0.019381  0.000000
   C   4.909255   0.699295   0.000000   -0.004056  0.004107  0.000000
   C   6.124532   2.831573   0.000000   -0.037532  0.009185  0.000000
   C   7.289630   4.985355   0.000000    0.052838  0.033161  0.000000
   C   3.584607  -5.537250  -0.000000   -0.045440  0.019764 -0.000000
   C   4.857941  -3.492490  -0.000000   -0.023609  0.022590 -0.000000
   N   6.092993  -1.427784   0.000000    0.035086  0.012717 -0.000000
   C   7.305991   0.619463   0.000000   -0.003706  0.025915 -0.000000
   C   6.044077  -5.622230   0.000000   -0.038726  0.035195 -0.000000
   C   7.254028  -3.598517   0.000000   -0.066549 -0.083043 -0.000000
   C  -7.310700   3.643131   0.000000    0.027029  0.047696 -0.000000
   N  -6.041713   5.660482  -0.000000    0.024589  0.105026 -0.000000
   C  -7.324585  -0.698815   0.000000    0.009895 -0.021845  0.000000
   C  -6.127100   1.407690   0.000000    0.010864 -0.007799 -0.000000
   C  -4.903224   3.504132  -0.000000   -0.002932 -0.022421 -0.000000
   C  -3.691004   5.607299  -0.000000   -0.033453 -0.047093 -0.000000
   C  -7.245660  -5.019019   0.000000   -0.005253 -0.036891  0.000000
   C  -6.101598  -2.864287   0.000000    0.014368 -0.014233  0.000000
   C  -4.904866  -0.729722   0.000000    0.011952 -0.013254  0.000000
   C  -3.675440   1.398397  -0.000000    0.008551 -0.012674  0.000000
   C  -2.451500   3.520338  -0.000000   -0.001678 -0.013471  0.000000
   C  -1.223563   5.623114  -0.000000   -0.019444 -0.002164  0.000000
   C  -4.831379  -4.961533   0.000000    0.008890 -0.011413  0.000000
   C  -3.643639  -2.818052   0.000000    0.012631 -0.006503  0.000000
   C  -2.444057  -0.714609  -0.000000    0.015914 -0.009192  0.000000
   C  -1.233839   1.403372  -0.000000    0.004422 -0.011448  0.000000
   C  -0.008833   3.519857  -0.000000   -0.009346 -0.011794  0.000000
   C   1.251413   5.594112   0.000000   -0.008880 -0.044640  0.000000
   C  -2.402555  -4.910889  -0.000000    0.004308 -0.007057  0.000000
   C  -1.216101  -2.810475  -0.000000    0.006061 -0.006649  0.000000
   C  -0.000607  -0.699670  -0.000000    0.011985  0.001471  0.000000
   C   1.214122   1.410979  -0.000000    0.001659  0.007281  0.000000
   C   2.438502   3.514817   0.000000   -0.011450  0.028878  0.000000
   N   3.662555   5.575037   0.000000    0.021171  0.072865  0.000000
   C   0.016837  -4.876652  -0.000000   -0.018230  0.010840  0.000000
   C   1.195309  -2.791055  -0.000000   -0.004274  0.012506  0.000000
   C   2.442264  -0.690558  -0.000000    0.012157  0.012481  0.000000
   C   3.666011   1.398408   0.000000   -0.004837  0.009481  0.000000
   C   4.882663   3.509575   0.000000   -0.030845  0.011436  0.000000
   C   6.049243   5.617908   0.000000    0.007950 -0.037300  0.000000
   N   2.425470  -4.848983  -0.000000   -0.032114  0.029371 -0.000000
   C   3.640484  -2.794181  -0.000000   -0.011642  0.024581 -0.000000
   C   4.896371  -0.715872   0.000000    0.028964  0.000502  0.000000
   C   6.121787   1.407569   0.000000   -0.017203  0.019238  0.000000
   C   7.296272   3.612465   0.000000   -0.048109  0.034061  0.000000
   C   4.815163  -4.912523  -0.000000   -0.049348  0.025443 -0.000000
   C   6.094943  -2.824130   0.000000   -0.017736  0.009913 -0.000000
   C   7.278337  -0.717115   0.000000    0.029312  0.031653 -0.000000
   C   7.257388  -5.000731   0.000000    0.029580 -0.088659 -0.000000
   H   8.212014   5.554004   0.000000    0.055092  0.031521  0.000000
   H   8.257320   3.124629   0.000000   -0.064010  0.007104  0.000000
   H   8.280032   1.080874   0.000000   -0.012366  0.043324 -0.000000
   H   8.179893  -1.289471   0.000000    0.031850  0.048350 -0.000000
   H   8.219257  -3.134574   0.000000   -0.059461 -0.115555 -0.000000
   H   8.188067  -5.557177   0.000000    0.021794 -0.106213 -0.000000
   H  -8.077585   5.612455   0.000000    0.071999  0.050243 -0.000000
   H  -8.297962   3.217793   0.000000    0.015130  0.080868 -0.000000
   H  -8.278013   1.161703   0.000000    0.016927 -0.030421 -0.000000
   H  -8.272612  -1.213382   0.000000    0.013198 -0.024815  0.000000
   H  -8.228189  -3.154647   0.000000    0.031026 -0.040514  0.000000
   H  -8.172823  -5.577964   0.000000   -0.003042 -0.039520  0.000000
   H  -6.015778   6.649335  -0.000000    0.039188  0.096051 -0.000000
   H  -3.703678   6.690034  -0.000000   -0.031527 -0.049388 -0.000000
   H  -1.225398   6.706597  -0.000000   -0.020110 -0.002909  0.000000
   H   1.260264   6.676033   0.000000   -0.037525 -0.047141  0.000000
   H   3.672412   6.564265   0.000000    0.036460  0.063827  0.000000
   H   6.008776   6.698383   0.000000    0.006558 -0.040525  0.000000
   H  -5.984916  -6.751953   0.000000    0.022499 -0.006194  0.000000
   H  -3.520404  -6.670906   0.000000    0.021622 -0.008710  0.000000
   H  -1.162265  -6.631009  -0.000000    0.005170 -0.016423  0.000000
   H   1.280197  -6.574265  -0.000000   -0.010577  0.012932 -0.000000
   H   3.477265  -6.609085  -0.000000   -0.066304  0.022985 -0.000000
   H   6.007568  -6.700725   0.000000   -0.083093  0.039616 -0.000000
converged SCF energy = -3084.38972378691
--------------- RKS_Scanner gradients ---------------
         x                y                z
0 C     0.0199206876    -0.0152247462    -0.0000000000
1 C     0.0028494768    -0.0004682697     0.0000000000
2 C    -0.0044152147     0.0043595271     0.0000000000
3 C    -0.0188153458    -0.0088935785     0.0000000000
4 C     0.0083418490    -0.0023056627     0.0000000000
5 C     0.0008227659     0.0030236821     0.0000000000
6 C    -0.0004316545    -0.0003733827     0.0000000000
7 C     0.0012935681    -0.0029543756     0.0000000000
8 C     0.0040210849     0.0003799891    -0.0000000000
9 C    -0.0018828838     0.0063195821    -0.0000000000
10 C     0.0025032012     0.0017031572     0.0000000000
11 C     0.0017253218    -0.0016217387    -0.0000000000
12 C    -0.0003018514     0.0003374313    -0.0000000000
13 C    -0.0000043537     0.0008280656    -0.0000000000
14 C    -0.0061556859    -0.0000962222    -0.0000000000
15 C     0.0011022377     0.0029446032    -0.0000000000
16 N     0.0005374809     0.0010902572    -0.0000000000
17 C     0.0007191257    -0.0053744647    -0.0000000000
18 C     0.0007599289    -0.0017317965    -0.0000000000
19 C    -0.0002715998    -0.0024083546     0.0000000000
20 C     0.0112090349     0.0056923747     0.0000000000
21 C    -0.0025748091     0.0009058239     0.0000000000
22 N    -0.0035219081     0.0004208891     0.0000000000
23 C     0.0009113082     0.0017393478    -0.0000000000
24 C    -0.0011353674     0.0005425295    -0.0000000000
25 C    -0.0040366721     0.0012842405     0.0000000000
26 C    -0.0122993987    -0.0005292057     0.0000000000
27 C    -0.0010024940     0.0049378405     0.0000000000
28 C     0.0000772163    -0.0027059950     0.0000000000
29 C     0.0048168203     0.0008496807    -0.0000000000
30 C    -0.0019752113    -0.0029718447     0.0000000000
31 C    -0.0002783118    -0.0043361797     0.0000000000
32 C     0.0173560606     0.0105248118     0.0000000000
33 C    -0.0050460196     0.0042120013    -0.0000000000
34 C     0.0031737228     0.0043931226     0.0000000000
35 N     0.0031109595     0.0063693387    -0.0000000000
36 C    -0.0039234820    -0.0038831305     0.0000000000
37 C     0.0010217511     0.0209599500     0.0000000000
38 C    -0.0169403455    -0.0094688330    -0.0000000000
39 C    -0.0029152085     0.0054353684     0.0000000000
40 N     0.0007842036     0.0359339427    -0.0000000000
41 C    -0.0004352109    -0.0019086189    -0.0000000000
42 C     0.0021667813    -0.0016690688    -0.0000000000
43 C     0.0067566571    -0.0030735565    -0.0000000000
44 C    -0.0103592274    -0.0047579306    -0.0000000000
45 C    -0.0053652319    -0.0054976541     0.0000000000
46 C    -0.0044416118     0.0016549128    -0.0000000000
47 C     0.0003928214     0.0000091199    -0.0000000000
48 C     0.0017448682     0.0000645396     0.0000000000
49 C    -0.0026151894    -0.0003137208     0.0000000000
50 C     0.0001639686     0.0015550326     0.0000000000
51 C     0.0035351830    -0.0003342615    -0.0000000000
52 C     0.0005650498    -0.0005653930     0.0000000000
53 C    -0.0009902865    -0.0018096272     0.0000000000
54 C     0.0005429522    -0.0001144331     0.0000000000
55 C     0.0023383252    -0.0009887642     0.0000000000
56 C     0.0017668452    -0.0130025188     0.0000000000
57 C     0.0026153486    -0.0017258454    -0.0000000000
58 C     0.0020910224     0.0011654168     0.0000000000
59 C     0.0009321117    -0.0013039352     0.0000000000
60 C    -0.0011255356    -0.0002936301     0.0000000000
61 C    -0.0049039654     0.0047881799    -0.0000000000
62 N     0.0071558187     0.0173873652     0.0000000000
63 C     0.0015426989     0.0008291570    -0.0000000000
64 C     0.0001480729    -0.0009656346    -0.0000000000
65 C     0.0012229090    -0.0018525148     0.0000000000
66 C     0.0012942297    -0.0009151089    -0.0000000000
67 C     0.0016506490     0.0018806080    -0.0000000000
68 C    -0.0029676769    -0.0171815777    -0.0000000000
69 N    -0.0024107579     0.0017637404    -0.0000000000
70 C    -0.0015547212     0.0008005682    -0.0000000000
71 C     0.0043791696    -0.0015142841     0.0000000000
72 C     0.0003842872    -0.0015265539    -0.0000000000
73 C    -0.0156937432     0.0057558777    -0.0000000000
74 C    -0.0126477350    -0.0017432213    -0.0000000000
75 C    -0.0045930035     0.0068927423    -0.0000000000
76 C     0.0009746288     0.0004677122    -0.0000000000
77 C     0.0230454633    -0.0148062645     0.0000000000
78 H     0.0015986032     0.0005706970     0.0000000000
79 H    -0.0024563523     0.0035133236     0.0000000000
80 H    -0.0012317230    -0.0018212179    -0.0000000000
81 H    -0.0035121509     0.0035656956     0.0000000000
82 H    -0.0049205819    -0.0054489582    -0.0000000000
83 H     0.0019888771    -0.0017485461     0.0000000000
84 H     0.0048267828     0.0000423089    -0.0000000000
85 H     0.0018935373     0.0016290869     0.0000000000
86 H     0.0015198777    -0.0025422774    -0.0000000000
87 H     0.0007876839     0.0010816248     0.0000000000
88 H     0.0020926947    -0.0019989259    -0.0000000000
89 H     0.0000072033     0.0001031624     0.0000000000
90 H    -0.0005412143    -0.0128894534     0.0000000000
91 H    -0.0008845257    -0.0022721898     0.0000000000
92 H    -0.0002440064    -0.0007330302    -0.0000000000
93 H     0.0009786018    -0.0033011319    -0.0000000000
94 H     0.0001282270    -0.0148561873    -0.0000000000
95 H     0.0006284494    -0.0036029150    -0.0000000000
96 H    -0.0002123177     0.0019783613     0.0000000000
97 H     0.0004184928     0.0018219361    -0.0000000000
98 H    -0.0000568596     0.0015925148    -0.0000000000
99 H     0.0003446324     0.0020903317    -0.0000000000
100 H    -0.0013887550     0.0018955472     0.0000000000
101 H     0.0017914950     0.0043342186     0.0000000000
----------------------------------------------
cycle 3: E = -3084.38972379  dE = 0.0013356  norm(grad) = 0.0875761

Geometry optimization cycle 4
Cartesian coordinates (Angstrom)
 Atom        New coordinates             dX        dY        dZ
   C  -7.261836   4.973239   0.000000   -0.057685 -0.006978 -0.000000
   C  -7.332889   0.671375   0.000000   -0.008157  0.014124 -0.000000
   C  -6.127679   2.838647   0.000000    0.000366  0.007531 -0.000000
   C  -4.864453   4.953500  -0.000000    0.007849  0.015744 -0.000000
   C  -7.286860  -3.621839   0.000000   -0.019614  0.019719 -0.000000
   C  -6.124852  -1.426562   0.000000   -0.006595  0.006704 -0.000000
   C  -4.905894   0.703749   0.000000   -0.002800  0.007286  0.000000
   C  -3.670375   2.819353  -0.000000   -0.000724  0.012757  0.000000
   C  -2.437327   4.958627  -0.000000   -0.000882  0.014607  0.000000
   C  -6.042404  -5.675862   0.000000   -0.015707 -0.004546 -0.000000
   C  -4.862811  -3.544020   0.000000   -0.011212 -0.003322  0.000000
   C  -3.666809  -1.428537   0.000000   -0.004269  0.002917  0.000000
   C  -2.447209   0.700838  -0.000000   -0.000336  0.006853  0.000000
   C  -1.227406   2.827744  -0.000000    0.003798  0.009847  0.000000
   C   0.002431   4.953201  -0.000000    0.005929  0.014638  0.000000
   C  -3.592208  -5.605555   0.000000   -0.013232 -0.012517  0.000000
   N  -2.416446  -3.507990  -0.000000   -0.005517 -0.006916  0.000000
   C  -1.225692  -1.412908  -0.000000   -0.001011 -0.000033  0.000000
   C  -0.001839   0.704627  -0.000000    0.002837  0.003035  0.000000
   C   1.220982   2.823572  -0.000000    0.006302  0.004482  0.000000
   C   2.442629   4.936503   0.000000   -0.008204  0.004823  0.000000
   C  -1.177293  -5.569822  -0.000000   -0.004761 -0.015514  0.000000
   N  -0.027148  -3.478216  -0.000000    0.005583 -0.012671  0.000000
   C   1.224873  -1.406088  -0.000000    0.001271 -0.008198  0.000000
   C   2.441244   0.703479  -0.000000    0.006953 -0.000907  0.000000
   C   3.669160   2.806854   0.000000    0.014424  0.006555  0.000000
   C   4.868440   4.932985   0.000000    0.009215  0.017383 -0.000000
   C   1.236953  -5.529824  -0.000000    0.004745 -0.028879  0.000000
   C   2.430043  -3.500297  -0.000000    0.011442 -0.019097  0.000000
   C   3.680567  -1.400743  -0.000000    0.000970 -0.012632  0.000000
   C   4.916664   0.699807   0.000000    0.007409  0.000513  0.000000
   C   6.139597   2.835271   0.000000    0.015065  0.003698 -0.000000
   C   7.271451   4.977210   0.000000   -0.018179 -0.008145 -0.000000
   C   3.603840  -5.567248  -0.000000    0.019233 -0.029998 -0.000000
   C   4.877345  -3.515508  -0.000000    0.019404 -0.023018 -0.000000
   N   6.097596  -1.432881   0.000000    0.004602 -0.005097 -0.000000
   C   7.318820   0.625564   0.000000    0.012829  0.006101 -0.000000
   C   6.057309  -5.663237   0.000000    0.013232 -0.041007 -0.000000
   C   7.286360  -3.582633   0.000000    0.032332  0.015884 -0.000000
   C  -7.327458   3.627314   0.000000   -0.016759 -0.015816 -0.000000
   N  -6.073460   5.623537  -0.000000   -0.031747 -0.036945 -0.000000
   C  -7.330302  -0.686750   0.000000   -0.005718  0.012065 -0.000000
   C  -6.130427   1.416002   0.000000   -0.003327  0.008312 -0.000000
   C  -4.904296   3.519290  -0.000000   -0.001072  0.015159  0.000000
   C  -3.683651   5.637820  -0.000000    0.007353  0.030521  0.000000
   C  -7.251376  -5.000443   0.000000   -0.005715  0.018576 -0.000000
   C  -6.109781  -2.859026   0.000000   -0.008183  0.005262 -0.000000
   C  -4.909056  -0.724086   0.000000   -0.004190  0.005636  0.000000
   C  -3.677118   1.407719  -0.000000   -0.001678  0.009322  0.000000
   C  -2.449229   3.532367  -0.000000    0.002271  0.012028  0.000000
   C  -1.221056   5.632840  -0.000000    0.002508  0.009726  0.000000
   C  -4.844534  -4.968148   0.000000   -0.013155 -0.006616 -0.000000
   C  -3.650559  -2.820477   0.000000   -0.006920 -0.002425  0.000000
   C  -2.445613  -0.710704  -0.000000   -0.001556  0.003904  0.000000
   C  -1.231447   1.410243  -0.000000    0.002393  0.006871  0.000000
   C  -0.002542   3.530289  -0.000000    0.006290  0.010432  0.000000
   C   1.250603   5.620775   0.000000   -0.000810  0.026663  0.000000
   C  -2.411114  -4.921778  -0.000000   -0.008558 -0.010889  0.000000
   C  -1.216038  -2.817637  -0.000000    0.000063 -0.007162  0.000000
   C   0.000500  -0.700594  -0.000000    0.001107 -0.000924  0.000000
   C   1.219853   1.412900  -0.000000    0.005731  0.001921  0.000000
   C   2.447159   3.516422   0.000000    0.008657  0.001605  0.000000
   N   3.657586   5.579470   0.000000   -0.004969  0.004433 -0.000000
   C   0.018600  -4.895378  -0.000000    0.001763 -0.018725  0.000000
   C   1.203939  -2.804132  -0.000000    0.008630 -0.013077  0.000000
   C   2.444517  -0.696313  -0.000000    0.002253 -0.005755  0.000000
   C   3.673729   1.401394   0.000000    0.007718  0.002987  0.000000
   C   4.897942   3.519955   0.000000    0.015279  0.010380  0.000000
   C   6.052406   5.651630   0.000000    0.003162  0.033722 -0.000000
   N   2.437653  -4.876391  -0.000000    0.012183 -0.027408  0.000000
   C   3.655203  -2.813607  -0.000000    0.014719 -0.019426  0.000000
   C   4.897316  -0.720031   0.000000    0.000945 -0.004159  0.000000
   C   6.131297   1.410250   0.000000    0.009511  0.002681  0.000000
   C   7.320194   3.603052   0.000000    0.023922 -0.009413 -0.000000
   C   4.837051  -4.941710  -0.000000    0.021888 -0.029187 -0.000000
   C   6.112863  -2.831577   0.000000    0.017920 -0.007447 -0.000000
   C   7.284352  -0.715449   0.000000    0.006015  0.001666 -0.000000
   C   7.241284  -4.984418   0.000000   -0.016104  0.016312 -0.000000
   H   8.194004   5.545030   0.000000   -0.018010 -0.008974 -0.000000
   H   8.286414   3.119264   0.000000    0.029094 -0.005365 -0.000000
   H   8.293429   1.090293   0.000000    0.013397  0.009419 -0.000000
   H   8.188526  -1.290092   0.000000    0.008634 -0.000620 -0.000000
   H   8.257226  -3.120739   0.000000    0.037970  0.013834 -0.000000
   H   8.175263  -5.533828   0.000000   -0.012805  0.023349 -0.000000
   H  -8.142218   5.601204   0.000000   -0.064633 -0.011251 -0.000000
   H  -8.304139   3.173286   0.000000   -0.006177 -0.044507 -0.000000
   H  -8.285385   1.181575   0.000000   -0.007372  0.019871 -0.000000
   H  -8.279219  -1.202394   0.000000   -0.006607  0.010987 -0.000000
   H  -8.248249  -3.130977   0.000000   -0.020060  0.023669 -0.000000
   H  -8.181060  -5.556331   0.000000   -0.008237  0.021633 -0.000000
   H  -6.056814   6.626390  -0.000000   -0.041036 -0.022945 -0.000000
   H  -3.692709   6.722362  -0.000000    0.010969  0.032329 -0.000000
   H  -1.222450   6.717344  -0.000000    0.002948  0.010746 -0.000000
   H   1.260868   6.705025   0.000000    0.000604  0.028992 -0.000000
   H   3.661368   6.583788   0.000000   -0.011044  0.019523 -0.000000
   H   6.023050   6.734985   0.000000    0.014274  0.036602 -0.000000
   H  -6.011645  -6.758574   0.000000   -0.026729 -0.006621 -0.000000
   H  -3.537855  -6.685549   0.000000   -0.017451 -0.014643 -0.000000
   H  -1.170475  -6.648581  -0.000000   -0.008209 -0.017572  0.000000
   H   1.278661  -6.605841  -0.000000   -0.001537 -0.031576 -0.000000
   H   3.501422  -6.641573  -0.000000    0.024157 -0.032488 -0.000000
   H   6.037524  -6.745209   0.000000    0.029956 -0.044483 -0.000000
converged SCF energy = -3084.40097003887
--------------- RKS_Scanner gradients ---------------
         x                y                z
0 C     0.0005021809     0.0008343521    -0.0000000000
1 C     0.0011879916     0.0015513525     0.0000000000
2 C    -0.0017348482     0.0000444246     0.0000000000
3 C    -0.0023824908    -0.0030043314     0.0000000000
4 C     0.0016475752     0.0015065240     0.0000000000
5 C    -0.0008171756     0.0013394670    -0.0000000000
6 C    -0.0002918822    -0.0003153922     0.0000000000
7 C     0.0005583947     0.0000067385     0.0000000000
8 C     0.0004163796     0.0004755286     0.0000000000
9 C    -0.0015098258     0.0002538933    -0.0000000000
10 C     0.0006409920     0.0006386036     0.0000000000
11 C     0.0010347144     0.0008191356    -0.0000000000
12 C    -0.0004666071     0.0005632924    -0.0000000000
13 C    -0.0000117803     0.0001170654    -0.0000000000
14 C    -0.0029201696     0.0007268239    -0.0000000000
15 C    -0.0011867781    -0.0005033169     0.0000000000
16 N    -0.0006903331     0.0010042982    -0.0000000000
17 C     0.0005291733    -0.0018592214    -0.0000000000
18 C     0.0003728815    -0.0003098421     0.0000000000
19 C    -0.0000857461    -0.0010143926     0.0000000000
20 C     0.0051775461     0.0017075973    -0.0000000000
21 C    -0.0017051157    -0.0018168715     0.0000000000
22 N     0.0007183091     0.0005634119    -0.0000000000
23 C    -0.0000169639     0.0012076809     0.0000000000
24 C    -0.0003170730     0.0007139384     0.0000000000
25 C    -0.0017723411     0.0008598430     0.0000000000
26 C    -0.0042034262    -0.0015994989    -0.0000000000
27 C    -0.0006487146    -0.0006162963     0.0000000000
28 C     0.0007611402     0.0009079196     0.0000000000
29 C     0.0004082328    -0.0000212871    -0.0000000000
30 C    -0.0014019435    -0.0011015174     0.0000000000
31 C     0.0005845729    -0.0004024125     0.0000000000
32 C     0.0027338477     0.0029337847     0.0000000000
33 C    -0.0009305694    -0.0004108816     0.0000000000
34 C     0.0020407503     0.0019674296     0.0000000000
35 N     0.0028095481     0.0034343086     0.0000000000
36 C    -0.0012783864     0.0012054779     0.0000000000
37 C    -0.0002128167     0.0033335074     0.0000000000
38 C    -0.0034383487    -0.0020788782    -0.0000000000
39 C     0.0027509153     0.0002054779    -0.0000000000
40 N    -0.0016774260     0.0034595699     0.0000000000
41 C     0.0003553139    -0.0017575407     0.0000000000
42 C     0.0004001291    -0.0006677837    -0.0000000000
43 C     0.0012729832    -0.0007663030    -0.0000000000
44 C    -0.0003572646    -0.0004055730    -0.0000000000
45 C     0.0003136456    -0.0017964882     0.0000000000
46 C    -0.0018266542    -0.0007080212    -0.0000000000
47 C     0.0002760052     0.0001540035     0.0000000000
48 C     0.0011130086    -0.0005036337     0.0000000000
49 C    -0.0006942053    -0.0003783981     0.0000000000
50 C     0.0002089970     0.0006923301    -0.0000000000
51 C     0.0018459143     0.0001177008    -0.0000000000
52 C     0.0007578695    -0.0017580619     0.0000000000
53 C    -0.0008122996    -0.0006935037     0.0000000000
54 C     0.0007081742     0.0001436144     0.0000000000
55 C     0.0013718718    -0.0009805235     0.0000000000
56 C    -0.0004904735    -0.0044457593     0.0000000000
57 C     0.0015701320     0.0001189248     0.0000000000
58 C     0.0003570376     0.0008225457     0.0000000000
59 C     0.0003382690    -0.0004061322    -0.0000000000
60 C    -0.0005267755    -0.0000627742    -0.0000000000
61 C    -0.0013975531     0.0009243490    -0.0000000000
62 N     0.0023909393     0.0049425032     0.0000000000
63 C    -0.0002295500     0.0016933238    -0.0000000000
64 C     0.0003791409    -0.0012970378    -0.0000000000
65 C     0.0003938877    -0.0010520905    -0.0000000000
66 C     0.0001447142    -0.0004931514    -0.0000000000
67 C     0.0010653491    -0.0001094253    -0.0000000000
68 C    -0.0000896427    -0.0026225063     0.0000000000
69 N    -0.0009783595     0.0006947172    -0.0000000000
70 C    -0.0006120141     0.0000752310     0.0000000000
71 C     0.0029236481    -0.0007696395     0.0000000000
72 C     0.0015584029    -0.0008563298    -0.0000000000
73 C    -0.0038131843    -0.0008777231     0.0000000000
74 C    -0.0032688890    -0.0008398124    -0.0000000000
75 C    -0.0021612870     0.0008030178     0.0000000000
76 C    -0.0004553860    -0.0004392131    -0.0000000000
77 C     0.0047835626    -0.0028991310     0.0000000000
78 H     0.0001149617    -0.0002336153    -0.0000000000
79 H    -0.0001736504     0.0006024020    -0.0000000000
80 H    -0.0000353765    -0.0003952819    -0.0000000000
81 H    -0.0013010017     0.0019363792     0.0000000000
82 H    -0.0014302001    -0.0016216191     0.0000000000
83 H    -0.0000295225    -0.0004759344     0.0000000000
84 H     0.0002973758     0.0002744866     0.0000000000
85 H     0.0004513205     0.0011362449     0.0000000000
86 H     0.0001185102    -0.0007831179    -0.0000000000
87 H     0.0001232508     0.0004106695    -0.0000000000
88 H     0.0002805886    -0.0003669111    -0.0000000000
89 H     0.0001921996     0.0003211584    -0.0000000000
90 H    -0.0002906558    -0.0011299874    -0.0000000000
91 H    -0.0004707743    -0.0004108284    -0.0000000000
92 H    -0.0002457857    -0.0001799141     0.0000000000
93 H     0.0003903251    -0.0008725751    -0.0000000000
94 H     0.0000750519    -0.0006255415    -0.0000000000
95 H    -0.0002115102    -0.0004223003     0.0000000000
96 H     0.0002323025     0.0002929908     0.0000000000
97 H     0.0002130123     0.0003497374     0.0000000000
98 H    -0.0000098776     0.0001664167    -0.0000000000
99 H     0.0000469650     0.0002251533    -0.0000000000
100 H    -0.0006725019     0.0003498170     0.0000000000
101 H     0.0003369482     0.0005172685     0.0000000000
----------------------------------------------
cycle 4: E = -3084.40097004  dE = -0.0112463  norm(grad) = 0.0203804

Geometry optimization cycle 5
Cartesian coordinates (Angstrom)
 Atom        New coordinates             dX        dY        dZ
   C  -7.249418   4.951647   0.000000    0.012418 -0.021592 -0.000000
   C  -7.340769   0.675724   0.000000   -0.007881  0.004349 -0.000000
   C  -6.128374   2.842475   0.000000   -0.000695  0.003828 -0.000000
   C  -4.857466   4.966225   0.000000    0.006987  0.012724  0.000000
   C  -7.296288  -3.621562   0.000000   -0.009429  0.000277 -0.000000
   C  -6.132447  -1.423845   0.000000   -0.007596  0.002717 -0.000000
   C  -4.912257   0.708546   0.000000   -0.006363  0.004797  0.000000
   C  -3.674278   2.827485   0.000000   -0.003904  0.008132  0.000000
   C  -2.433957   4.964479   0.000000    0.003370  0.005852  0.000000
   C  -6.051682  -5.671106   0.000000   -0.009278  0.004756 -0.000000
   C  -4.871422  -3.541512   0.000000   -0.008611  0.002508 -0.000000
   C  -3.675115  -1.424546   0.000000   -0.008306  0.003992  0.000000
   C  -2.453614   0.706209   0.000000   -0.006405  0.005371  0.000000
   C  -1.228173   2.834131   0.000000   -0.000768  0.006387  0.000000
   C   0.012834   4.962805   0.000000    0.010404  0.009604  0.000000
   C  -3.597806  -5.602483   0.000000   -0.005597  0.003072  0.000000
   N  -2.423565  -3.506728   0.000000   -0.007119  0.001262  0.000000
   C  -1.233718  -1.410565   0.000000   -0.008026  0.002343  0.000000
   C  -0.007931   0.706320   0.000000   -0.006091  0.001693  0.000000
   C   1.218230   2.822901   0.000000   -0.002752 -0.000671  0.000000
   C   2.429374   4.926297   0.000000   -0.013255 -0.010206  0.000000
   C  -1.176094  -5.564669  -0.000000    0.001199  0.005153  0.000000
   N  -0.030982  -3.483111   0.000000   -0.003834 -0.004896  0.000000
   C   1.216410  -1.410123   0.000000   -0.008463 -0.004034  0.000000
   C   2.437988   0.701718   0.000000   -0.003256 -0.001761  0.000000
   C   3.674464   2.804412   0.000000    0.005304 -0.002442  0.000000
   C   4.880095   4.931115   0.000000    0.011655 -0.001870 -0.000000
   C   1.247522  -5.535493  -0.000000    0.010568 -0.005669  0.000000
   C   2.429249  -3.509818  -0.000000   -0.000794 -0.009522  0.000000
   C   3.668582  -1.406561   0.000000   -0.011986 -0.005818  0.000000
   C   4.914380   0.699064   0.000000   -0.002284 -0.000743  0.000000
   C   6.146723   2.831111   0.000000    0.007125 -0.004160 -0.000000
   C   7.274991   4.970938   0.000000    0.003540 -0.006272 -0.000000
   C   3.626257  -5.573331  -0.000000    0.022417 -0.006083  0.000000
   C   4.880394  -3.523683  -0.000000    0.003049 -0.008175  0.000000
   N   6.079469  -1.439319   0.000000   -0.018127 -0.006438 -0.000000
   C   7.316282   0.612015   0.000000   -0.002537 -0.013549 -0.000000
   C   6.085937  -5.661100  -0.000000    0.028628  0.002138 -0.000000
   C   7.303149  -3.556913   0.000000    0.016788  0.025719 -0.000000
   C  -7.343221   3.606887   0.000000   -0.015762 -0.020428 -0.000000
   N  -6.070762   5.625949  -0.000000    0.002698  0.002412  0.000000
   C  -7.338373  -0.682245   0.000000   -0.008071  0.004505 -0.000000
   C  -6.136733   1.420159   0.000000   -0.006306  0.004157 -0.000000
   C  -4.907161   3.530907   0.000000   -0.002865  0.011617  0.000000
   C  -3.675993   5.650619   0.000000    0.007658  0.012799  0.000000
   C  -7.264417  -4.999694   0.000000   -0.013041  0.000749 -0.000000
   C  -6.117960  -2.856632   0.000000   -0.008179  0.002394 -0.000000
   C  -4.917022  -0.719982   0.000000   -0.007966  0.004104 -0.000000
   C  -3.684117   1.414686   0.000000   -0.006999  0.006967  0.000000
   C  -2.450304   3.538584   0.000000   -0.001075  0.006217  0.000000
   C  -1.215045   5.634379   0.000000    0.006011  0.001539  0.000000
   C  -4.852501  -4.965749   0.000000   -0.007967  0.002399 -0.000000
   C  -3.658706  -2.816603   0.000000   -0.008146  0.003874  0.000000
   C  -2.452820  -0.706084   0.000000   -0.007207  0.004620  0.000000
   C  -1.236731   1.415204   0.000000   -0.005284  0.004961  0.000000
   C  -0.001935   3.537769   0.000000    0.000607  0.007480  0.000000
   C   1.254933   5.641525   0.000000    0.004330  0.020750  0.000000
   C  -2.414826  -4.920386   0.000000   -0.003712  0.001392  0.000000
   C  -1.221209  -2.818340   0.000000   -0.005172 -0.000703  0.000000
   C  -0.006962  -0.700077   0.000000   -0.007463  0.000516  0.000000
   C   1.216089   1.412005   0.000000   -0.003763 -0.000895  0.000000
   C   2.447397   3.508134   0.000000    0.000238 -0.008288  0.000000
   N   3.653119   5.552107   0.000000   -0.004468 -0.027363 -0.000000
   C   0.026061  -4.901219  -0.000000    0.007461 -0.005841  0.000000
   C   1.201169  -2.809238  -0.000000   -0.002770 -0.005106  0.000000
   C   2.434994  -0.698681   0.000000   -0.009522 -0.002367  0.000000
   C   3.671965   1.399759   0.000000   -0.001764 -0.001636  0.000000
   C   4.904756   3.517323   0.000000    0.006815 -0.002632 -0.000000
   C   6.061260   5.656133   0.000000    0.008854  0.004502 -0.000000
   N   2.452978  -4.887518  -0.000000    0.015325 -0.011127  0.000000
   C   3.654726  -2.821737  -0.000000   -0.000476 -0.008129  0.000000
   C   4.881483  -0.720881   0.000000   -0.015833 -0.000850  0.000000
   C   6.131808   1.404754   0.000000    0.000511 -0.005496 -0.000000
   C   7.331069   3.597059   0.000000    0.010875 -0.005992 -0.000000
   C   4.860544  -4.948552  -0.000000    0.023493 -0.006841  0.000000
   C   6.113759  -2.832492   0.000000    0.000896 -0.000914 -0.000000
   C   7.272811  -0.729653   0.000000   -0.011541 -0.014204 -0.000000
   C   7.256747  -4.958123  -0.000000    0.015463  0.026295 -0.000000
   H   8.198018   5.539086   0.000000    0.004014 -0.005944 -0.000000
   H   8.297421   3.112554   0.000000    0.011007 -0.006710 -0.000000
   H   8.293147   1.072940   0.000000   -0.000282 -0.017352 -0.000000
   H   8.172933  -1.316935   0.000000   -0.015593 -0.026843 -0.000000
   H   8.269683  -3.079811   0.000000    0.012457  0.040928 -0.000000
   H   8.197724  -5.496086  -0.000000    0.022462  0.037743 -0.000000
   H  -8.129954   5.579216   0.000000    0.012264 -0.021987 -0.000000
   H  -8.318645   3.146535   0.000000   -0.014506 -0.026751 -0.000000
   H  -8.291797   1.190135   0.000000   -0.006412  0.008561 -0.000000
   H  -8.287138  -1.199474   0.000000   -0.007918  0.002920 -0.000000
   H  -8.257361  -3.128800   0.000000   -0.009112  0.002177 -0.000000
   H  -8.193720  -5.557823   0.000000   -0.012660 -0.001493 -0.000000
   H  -6.066022   6.631588  -0.000000   -0.009208  0.005198  0.000000
   H  -3.678738   6.735789  -0.000000    0.013971  0.013427  0.000000
   H  -1.216232   6.719345   0.000000    0.006218  0.002002  0.000000
   H   1.271991   6.726956   0.000000    0.011122  0.021931  0.000000
   H   3.652669   6.557878   0.000000   -0.008699 -0.025910 -0.000000
   H   6.036230   6.739980   0.000000    0.013180  0.004995 -0.000000
   H  -6.022066  -6.754301   0.000000   -0.010421  0.004274 -0.000000
   H  -3.545615  -6.683275   0.000000   -0.007760  0.002274 -0.000000
   H  -1.172056  -6.643945  -0.000000   -0.001581  0.004636  0.000000
   H   1.286296  -6.612203  -0.000000    0.007635 -0.006362  0.000000
   H   3.531829  -6.649044  -0.000000    0.030407 -0.007471  0.000000
   H   6.079769  -6.743726  -0.000000    0.042245  0.001482 -0.000000
converged SCF energy = -3084.40064171531
--------------- RKS_Scanner gradients ---------------
         x                y                z
0 C     0.0095664834    -0.0066060421     0.0000000000
1 C     0.0005946304     0.0005282960     0.0000000000
2 C     0.0014025646     0.0039618510     0.0000000000
3 C    -0.0013634801    -0.0016602635     0.0000000000
4 C     0.0020081806    -0.0003053951     0.0000000000
5 C    -0.0001402473     0.0004125728     0.0000000000
6 C     0.0001329709     0.0001125381     0.0000000000
7 C     0.0004511604     0.0006098156    -0.0000000000
8 C    -0.0009640193     0.0005557478    -0.0000000000
9 C    -0.0009401807     0.0019472557    -0.0000000000
10 C    -0.0002499025     0.0000972678     0.0000000000
11 C     0.0001351876     0.0007040589     0.0000000000
12 C    -0.0003946605    -0.0000238947     0.0000000000
13 C     0.0003682100    -0.0004617641     0.0000000000
14 C     0.0027969839     0.0004845184     0.0000000000
15 C    -0.0011293651     0.0005871742    -0.0000000000
16 N    -0.0013088743    -0.0002756244     0.0000000000
17 C    -0.0004341344    -0.0003064085     0.0000000000
18 C    -0.0002935850     0.0004241196    -0.0000000000
19 C    -0.0006545894     0.0012146092     0.0000000000
20 C    -0.0055456187    -0.0010941167     0.0000000000
21 C    -0.0007020482     0.0020318792    -0.0000000000
22 N    -0.0005460130    -0.0018161861    -0.0000000000
23 C    -0.0009110041     0.0000309922    -0.0000000000
24 C     0.0006046150     0.0002057261    -0.0000000000
25 C     0.0007690217    -0.0008918271     0.0000000000
26 C     0.0039670152     0.0020321909    -0.0000000000
27 C    -0.0001587197     0.0013283370     0.0000000000
28 C    -0.0023595288    -0.0002551028    -0.0000000000
29 C    -0.0013329121    -0.0005048608    -0.0000000000
30 C     0.0007608862     0.0005226677     0.0000000000
31 C     0.0008328908     0.0012368335     0.0000000000
32 C    -0.0003897341     0.0008726823    -0.0000000000
33 C     0.0013178182     0.0012251483    -0.0000000000
34 C    -0.0017817957    -0.0003509937    -0.0000000000
35 N    -0.0016409555    -0.0012708125    -0.0000000000
36 C    -0.0005567734     0.0010916960     0.0000000000
37 C     0.0000958315    -0.0006567898    -0.0000000000
38 C     0.0006551366     0.0014992507    -0.0000000000
39 C    -0.0079548527    -0.0061515683    -0.0000000000
40 N    -0.0000963553     0.0076060059    -0.0000000000
41 C     0.0002779482    -0.0009280249    -0.0000000000
42 C    -0.0026499231     0.0000053335    -0.0000000000
43 C    -0.0003506979     0.0011001451    -0.0000000000
44 C     0.0009511073     0.0006765595    -0.0000000000
45 C    -0.0017859584    -0.0020224620     0.0000000000
46 C    -0.0008184443     0.0000902183    -0.0000000000
47 C    -0.0002224523     0.0003968318    -0.0000000000
48 C     0.0000587994    -0.0000775403    -0.0000000000
49 C    -0.0002398930    -0.0000746372     0.0000000000
50 C     0.0004653502    -0.0013413071     0.0000000000
51 C     0.0011772822    -0.0004738994     0.0000000000
52 C     0.0001474701    -0.0004365736    -0.0000000000
53 C    -0.0005585919     0.0001608843    -0.0000000000
54 C    -0.0004938307     0.0003506281    -0.0000000000
55 C    -0.0010520320     0.0002046545    -0.0000000000
56 C     0.0004940186     0.0042439549    -0.0000000000
57 C     0.0008072142    -0.0005386343    -0.0000000000
58 C     0.0000823001     0.0014521636     0.0000000000
59 C     0.0002907930     0.0002719626     0.0000000000
60 C     0.0004536661    -0.0002410014     0.0000000000
61 C     0.0027795467    -0.0011948162    -0.0000000000
62 N    -0.0026380801    -0.0059808938    -0.0000000000
63 C     0.0021293423    -0.0008519569     0.0000000000
64 C     0.0004335195     0.0000283585     0.0000000000
65 C    -0.0003248926     0.0003030246     0.0000000000
66 C    -0.0007028453    -0.0001196096    -0.0000000000
67 C    -0.0019115027     0.0008660761    -0.0000000000
68 C     0.0019193369     0.0002941726     0.0000000000
69 N     0.0018303739    -0.0017776860    -0.0000000000
70 C     0.0004931230    -0.0002988761     0.0000000000
71 C    -0.0015284477     0.0014051913     0.0000000000
72 C     0.0002160269    -0.0003650666    -0.0000000000
73 C    -0.0002590907    -0.0006866845    -0.0000000000
74 C     0.0027281164    -0.0011549024     0.0000000000
75 C     0.0015544272    -0.0015766606     0.0000000000
76 C    -0.0008096406    -0.0020230195     0.0000000000
77 C    -0.0009060718     0.0005106597     0.0000000000
78 H     0.0000968049    -0.0000463062     0.0000000000
79 H     0.0001560540     0.0001367002     0.0000000000
80 H     0.0000977652    -0.0001972498    -0.0000000000
81 H     0.0010618878    -0.0012469857    -0.0000000000
82 H     0.0008544800     0.0013461505     0.0000000000
83 H    -0.0000607140     0.0001695119    -0.0000000000
84 H     0.0008818006    -0.0005603133     0.0000000000
85 H    -0.0010460591    -0.0011630086    -0.0000000000
86 H    -0.0001835432     0.0002685534    -0.0000000000
87 H    -0.0001397257     0.0000405784     0.0000000000
88 H     0.0000005039    -0.0002938617    -0.0000000000
89 H    -0.0004115529    -0.0001320817     0.0000000000
90 H     0.0009303784     0.0015561243    -0.0000000000
91 H    -0.0000101738     0.0001496820     0.0000000000
92 H     0.0000954320    -0.0001202141    -0.0000000000
93 H     0.0000005781     0.0009656838     0.0000000000
94 H    -0.0000188553    -0.0000004552     0.0000000000
95 H    -0.0000661771     0.0002469411    -0.0000000000
96 H    -0.0000105926     0.0001202097     0.0000000000
97 H     0.0000932985    -0.0000586227     0.0000000000
98 H     0.0002864311     0.0001560702    -0.0000000000
99 H     0.0003266553     0.0000202916    -0.0000000000
100 H     0.0004105149    -0.0000058122     0.0000000000
101 H     0.0000131751    -0.0002431527     0.0000000000
----------------------------------------------
cycle 5: E = -3084.40064172  dE = 0.000328324  norm(grad) = 0.0243408

Geometry optimization cycle 6
Cartesian coordinates (Angstrom)
 Atom        New coordinates             dX        dY        dZ
   C  -7.271077   4.974639   0.000000   -0.021659  0.022992  0.000000
   C  -7.338604   0.675278   0.000000    0.002166 -0.000446 -0.000000
   C  -6.128921   2.842911   0.000000   -0.000546  0.000436  0.000000
   C  -4.859788   4.959881   0.000000   -0.002322 -0.006343  0.000000
   C  -7.295179  -3.618207   0.000000    0.001110  0.003355 -0.000000
   C  -6.129033  -1.424913   0.000000    0.003414 -0.001068 -0.000000
   C  -4.910081   0.706440   0.000000    0.002175 -0.002106  0.000000
   C  -3.673036   2.822355   0.000000    0.001242 -0.005130  0.000000
   C  -2.435468   4.960593   0.000000   -0.001511 -0.003886  0.000000
   C  -6.047687  -5.674440   0.000000    0.003996 -0.003334 -0.000000
   C  -4.868594  -3.543503   0.000000    0.002827 -0.001991 -0.000000
   C  -3.672098  -1.427385   0.000000    0.003017 -0.002839  0.000000
   C  -2.450819   0.702545   0.000000    0.002795 -0.003664  0.000000
   C  -1.228113   2.830270   0.000000    0.000060 -0.003861  0.000000
   C   0.007859   4.957184   0.000000   -0.004975 -0.005621  0.000000
   C  -3.595290  -5.604265   0.000000    0.002515 -0.001782 -0.000000
   N  -2.420356  -3.508471   0.000000    0.003209 -0.001743  0.000000
   C  -1.230038  -1.411917   0.000000    0.003680 -0.001352  0.000000
   C  -0.005023   0.704740   0.000000    0.002907 -0.001581  0.000000
   C   1.219722   2.822424   0.000000    0.001492 -0.000477  0.000000
   C   2.433911   4.929684   0.000000    0.004536  0.003387  0.000000
   C  -1.175827  -5.567690  -0.000000    0.000267 -0.003021  0.000000
   N  -0.029515  -3.481682   0.000000    0.001468  0.001429  0.000000
   C   1.220936  -1.409131   0.000000    0.004526  0.000992  0.000000
   C   2.440252   0.702079   0.000000    0.002264  0.000362  0.000000
   C   3.673681   2.805258   0.000000   -0.000783  0.000846  0.000000
   C   4.874359   4.930877   0.000000   -0.005736 -0.000238 -0.000000
   C   1.243739  -5.533996  -0.000000   -0.003783  0.001497  0.000000
   C   2.430502  -3.506159   0.000000    0.001253  0.003660  0.000000
   C   3.674284  -1.403851   0.000000    0.005702  0.002710  0.000000
   C   4.916587   0.699480   0.000000    0.002206  0.000416  0.000000
   C   6.145739   2.831445   0.000000   -0.000983  0.000335 -0.000000
   C   7.271845   4.970884   0.000000   -0.003146 -0.000055 -0.000000
   C   3.617490  -5.570491  -0.000000   -0.008767  0.002840  0.000000
   C   4.880329  -3.519963   0.000000   -0.000065  0.003721  0.000000
   N   6.086528  -1.437654   0.000000    0.007059  0.001666  0.000000
   C   7.319196   0.614704   0.000000    0.002914  0.002688 -0.000000
   C   6.074409  -5.659962  -0.000000   -0.011527  0.001138  0.000000
   C   7.300136  -3.564263   0.000000   -0.003013 -0.007350  0.000000
   C  -7.332039   3.629166   0.000000    0.011181  0.022279  0.000000
   N  -6.075090   5.615819   0.000000   -0.004328 -0.010130  0.000000
   C  -7.334825  -0.682031   0.000000    0.003548  0.000214 -0.000000
   C  -6.133986   1.419851   0.000000    0.002747 -0.000308  0.000000
   C  -4.905514   3.524931   0.000000    0.001647 -0.005976  0.000000
   C  -3.679533   5.644629   0.000000   -0.003539 -0.005989  0.000000
   C  -7.256674  -4.995484   0.000000    0.007743  0.004210 -0.000000
   C  -6.114168  -2.856954   0.000000    0.003792 -0.000322 -0.000000
   C  -4.913718  -0.722184   0.000000    0.003304 -0.002203  0.000000
   C  -3.681631   1.410702   0.000000    0.002486 -0.003984  0.000000
   C  -2.449873   3.534700   0.000000    0.000431 -0.003884  0.000000
   C  -1.218042   5.633036   0.000000   -0.002997 -0.001344  0.000000
   C  -4.850350  -4.967712   0.000000    0.002151 -0.001962 -0.000000
   C  -3.655926  -2.818567   0.000000    0.002779 -0.001964  0.000000
   C  -2.449330  -0.709021   0.000000    0.003490 -0.002937  0.000000
   C  -1.234623   1.411748   0.000000    0.002108 -0.003456  0.000000
   C  -0.002494   3.533661   0.000000   -0.000559 -0.004108  0.000000
   C   1.252001   5.632062   0.000000   -0.002932 -0.009463  0.000000
   C  -2.413640  -4.921890   0.000000    0.001186 -0.001504  0.000000
   C  -1.219172  -2.819557   0.000000    0.002037 -0.001217  0.000000
   C  -0.003411  -0.701021   0.000000    0.003551 -0.000944  0.000000
   C   1.218225   1.411735   0.000000    0.002136 -0.000270  0.000000
   C   2.447346   3.510953   0.000000   -0.000051  0.002818  0.000000
   N   3.654013   5.562858   0.000000    0.000895  0.010751 -0.000000
   C   0.023033  -4.899978   0.000000   -0.003027  0.001241  0.000000
   C   1.202361  -2.807182   0.000000    0.001193  0.002056  0.000000
   C   2.439580  -0.697597   0.000000    0.004586  0.001084  0.000000
   C   3.673947   1.400553   0.000000    0.001982  0.000794  0.000000
   C   4.903737   3.517302   0.000000   -0.001019 -0.000021 -0.000000
   C   6.056058   5.653091   0.000000   -0.005202 -0.003042 -0.000000
   N   2.446734  -4.882761  -0.000000   -0.006244  0.004757  0.000000
   C   3.655929  -2.818157   0.000000    0.001203  0.003580  0.000000
   C   4.887760  -0.720527   0.000000    0.006278  0.000354  0.000000
   C   6.132877   1.405991   0.000000    0.001069  0.001237 -0.000000
   C   7.330188   3.598027   0.000000   -0.000881  0.000967 -0.000000
   C   4.850965  -4.944198   0.000000   -0.009579  0.004353  0.000000
   C   6.115385  -2.831409   0.000000    0.001626  0.001083  0.000000
   C   7.279421  -0.726127   0.000000    0.006610  0.003527 -0.000000
   C   7.249734  -4.965170   0.000000   -0.007014 -0.007047  0.000000
   H   8.193288   5.541682   0.000000   -0.004731  0.002596 -0.000000
   H   8.296435   3.113716   0.000000   -0.000986  0.001161 -0.000000
   H   8.294582   1.078548   0.000000    0.001435  0.005608 -0.000000
   H   8.179981  -1.311509   0.000000    0.007047  0.005426 -0.000000
   H   8.269328  -3.094188   0.000000   -0.000355 -0.014377 -0.000000
   H   8.188378  -5.507497  -0.000000   -0.009347 -0.011412  0.000000
   H  -8.150635   5.604338   0.000000   -0.020681  0.025121  0.000000
   H  -8.305269   3.166163   0.000000    0.013376  0.019628  0.000000
   H  -8.289485   1.189480   0.000000    0.002312 -0.000655 -0.000000
   H  -8.283084  -1.200006   0.000000    0.004054 -0.000532 -0.000000
   H  -8.256207  -3.125336   0.000000    0.001154  0.003464 -0.000000
   H  -8.185809  -5.553503   0.000000    0.007912  0.004321 -0.000000
   H  -6.060266   6.619475   0.000000    0.005756 -0.012114  0.000000
   H  -3.682988   6.729653   0.000000   -0.004250 -0.006136  0.000000
   H  -1.218480   6.718062   0.000000   -0.002249 -0.001284  0.000000
   H   1.264330   6.716974   0.000000   -0.007661 -0.009981  0.000000
   H   3.655277   6.567472   0.000000    0.002608  0.009594 -0.000000
   H   6.031613   6.736653   0.000000   -0.004618 -0.003327 -0.000000
   H  -6.021048  -6.757723   0.000000    0.001018 -0.003422 -0.000000
   H  -3.543004  -6.684970   0.000000    0.002611 -0.001695 -0.000000
   H  -1.171371  -6.646967  -0.000000    0.000685 -0.003021  0.000000
   H   1.283215  -6.610564  -0.000000   -0.003081  0.001639  0.000000
   H   3.521655  -6.646027  -0.000000   -0.010174  0.003017  0.000000
   H   6.063004  -6.742232  -0.000000   -0.016765  0.001495  0.000000
converged SCF energy = -3084.40155112785
--------------- RKS_Scanner gradients ---------------
         x                y                z
0 C    -0.0035985217     0.0026750822     0.0000000000
1 C    -0.0001006520     0.0001642137    -0.0000000000
2 C    -0.0007916197    -0.0011009126    -0.0000000000
3 C     0.0014367161     0.0008312201     0.0000000000
4 C    -0.0003824098     0.0005523347    -0.0000000000
5 C    -0.0002772257    -0.0000342992    -0.0000000000
6 C    -0.0000122945    -0.0003241080     0.0000000000
7 C    -0.0000587646    -0.0001062951     0.0000000000
8 C     0.0000631142     0.0001069117     0.0000000000
9 C    -0.0004334078    -0.0003574746     0.0000000000
10 C     0.0001414064    -0.0000510163    -0.0000000000
11 C    -0.0000069434     0.0000114693     0.0000000000
12 C    -0.0001281502    -0.0000186335     0.0000000000
13 C     0.0000494530    -0.0001714373     0.0000000000
14 C     0.0005374961    -0.0000474397    -0.0000000000
15 C    -0.0003971171     0.0003604647     0.0000000000
16 N    -0.0004180866    -0.0002085525     0.0000000000
17 C    -0.0000822858    -0.0000472782     0.0000000000
18 C    -0.0000542858    -0.0000342084     0.0000000000
19 C    -0.0001836740     0.0002965258     0.0000000000
20 C    -0.0012347193    -0.0002368344     0.0000000000
21 C    -0.0001127313     0.0006440524    -0.0000000000
22 N    -0.0004504195    -0.0005196712    -0.0000000000
23 C     0.0000851015     0.0000810561     0.0000000000
24 C     0.0002820673    -0.0000338568     0.0000000000
25 C     0.0002828262    -0.0001130199    -0.0000000000
26 C     0.0004740648     0.0002499437     0.0000000000
27 C    -0.0002222163     0.0003041398    -0.0000000000
28 C    -0.0006320690    -0.0002399441     0.0000000000
29 C     0.0000375847     0.0000044997     0.0000000000
30 C     0.0003478339     0.0001802799    -0.0000000000
31 C     0.0001472962     0.0003268218    -0.0000000000
32 C    -0.0000867670     0.0002489146     0.0000000000
33 C     0.0003903271     0.0003522073    -0.0000000000
34 C    -0.0004712872     0.0000747835    -0.0000000000
35 N    -0.0007852202    -0.0005532845    -0.0000000000
36 C    -0.0004927186    -0.0000145777    -0.0000000000
37 C    -0.0000147635     0.0005063466    -0.0000000000
38 C     0.0002283218     0.0004665314     0.0000000000
39 C     0.0033723412     0.0019529072    -0.0000000000
40 N    -0.0001220829    -0.0034307381    -0.0000000000
41 C     0.0004023569     0.0000532261     0.0000000000
42 C     0.0005083253    -0.0003013089     0.0000000000
43 C    -0.0005205009     0.0003192490    -0.0000000000
44 C    -0.0000085606    -0.0004136369    -0.0000000000
45 C     0.0008198616     0.0000407471    -0.0000000000
46 C     0.0000534052    -0.0004146802     0.0000000000
47 C     0.0001074706    -0.0000332613     0.0000000000
48 C     0.0000174146    -0.0000450607    -0.0000000000
49 C    -0.0002187113    -0.0000279527    -0.0000000000
50 C     0.0002071182    -0.0001554183     0.0000000000
51 C     0.0000584763     0.0001091379    -0.0000000000
52 C     0.0000743022    -0.0000143777     0.0000000000
53 C    -0.0001045307    -0.0000515883    -0.0000000000
54 C    -0.0002035142     0.0000581352    -0.0000000000
55 C    -0.0002372584     0.0001458459    -0.0000000000
56 C     0.0000514982     0.0008829218    -0.0000000000
57 C     0.0003244899    -0.0002026636     0.0000000000
58 C     0.0000722657     0.0002434804     0.0000000000
59 C     0.0001605074     0.0001036424    -0.0000000000
60 C     0.0001039817    -0.0000812629    -0.0000000000
61 C     0.0005464103    -0.0002328809    -0.0000000000
62 N    -0.0006306214    -0.0005460495     0.0000000000
63 C     0.0006739930    -0.0003100128     0.0000000000
64 C    -0.0000378244     0.0000909181    -0.0000000000
65 C    -0.0001452863     0.0001803459    -0.0000000000
66 C    -0.0001193676     0.0000557398    -0.0000000000
67 C    -0.0001802090     0.0002819220     0.0000000000
68 C     0.0004196493    -0.0003437938    -0.0000000000
69 N     0.0002858894    -0.0000450243    -0.0000000000
70 C     0.0001338193    -0.0000295609    -0.0000000000
71 C    -0.0008079897     0.0004845585    -0.0000000000
72 C     0.0000184045     0.0000044017     0.0000000000
73 C     0.0001263393    -0.0000646541    -0.0000000000
74 C     0.0001436173    -0.0002159200     0.0000000000
75 C     0.0006905329    -0.0004349511    -0.0000000000
76 C     0.0000369212    -0.0008508633     0.0000000000
77 C     0.0000429208    -0.0000653695    -0.0000000000
78 H     0.0001171654    -0.0000086260    -0.0000000000
79 H     0.0000382574     0.0001151279     0.0000000000
80 H     0.0000173221    -0.0001396488    -0.0000000000
81 H     0.0005252066    -0.0005778643     0.0000000000
82 H     0.0003431278     0.0004251846    -0.0000000000
83 H     0.0001319704     0.0000659456     0.0000000000
84 H    -0.0004617706     0.0001312222    -0.0000000000
85 H     0.0001976632     0.0004410061    -0.0000000000
86 H    -0.0000255840    -0.0000666008     0.0000000000
87 H    -0.0000374021    -0.0000017293    -0.0000000000
88 H    -0.0001328766     0.0000490454     0.0000000000
89 H    -0.0000262787     0.0000559689     0.0000000000
90 H    -0.0001911399    -0.0008274310     0.0000000000
91 H    -0.0000268737     0.0000137986     0.0000000000
92 H     0.0000348581     0.0000639576    -0.0000000000
93 H    -0.0000121194     0.0001958505     0.0000000000
94 H    -0.0000390130    -0.0007293724     0.0000000000
95 H    -0.0000411519    -0.0000659734     0.0000000000
96 H     0.0000835973    -0.0001045017    -0.0000000000
97 H     0.0000598842    -0.0000251872    -0.0000000000
98 H     0.0000912022     0.0000221773     0.0000000000
99 H     0.0000596343    -0.0000103844     0.0000000000
100 H     0.0000947684    -0.0000506453    -0.0000000000
101 H     0.0000019324     0.0001035086     0.0000000000
----------------------------------------------
cycle 6: E = -3084.40155113  dE = -0.000909413  norm(grad) = 0.00839241

Geometry optimization cycle 7
Cartesian coordinates (Angstrom)
 Atom        New coordinates             dX        dY        dZ
   C  -7.260582   4.960349   0.000000    0.010495 -0.014290  0.000000
   C  -7.335576   0.673522   0.000000    0.003027 -0.001755  0.000000
   C  -6.125594   2.839812   0.000000    0.003327 -0.003100  0.000000
   C  -4.859669   4.960150   0.000000    0.000119  0.000269  0.000000
   C  -7.292223  -3.617456   0.000000    0.002956  0.000750 -0.000000
   C  -6.125861  -1.424700   0.000000    0.003172  0.000213  0.000000
   C  -4.906593   0.706361   0.000000    0.003489 -0.000079  0.000000
   C  -3.670717   2.823019   0.000000    0.002320  0.000664  0.000000
   C  -2.435441   4.961149   0.000000    0.000027  0.000556 -0.000000
   C  -6.045742  -5.673666   0.000000    0.001945  0.000773 -0.000000
   C  -4.865833  -3.543020   0.000000    0.002762  0.000483 -0.000000
   C  -3.668853  -1.426898   0.000000    0.003245  0.000487 -0.000000
   C  -2.447641   0.703235   0.000000    0.003178  0.000690 -0.000000
   C  -1.226503   2.830186   0.000000    0.001611 -0.000084 -0.000000
   C   0.005552   4.955069   0.000000   -0.002308 -0.002115 -0.000000
   C  -3.594304  -5.605130   0.000000    0.000987 -0.000865 -0.000000
   N  -2.417643  -3.507259   0.000000    0.002713  0.001212 -0.000000
   C  -1.226753  -1.410524   0.000000    0.003285  0.001393 -0.000000
   C  -0.001744   0.705837   0.000000    0.003279  0.001098 -0.000000
   C   1.222482   2.823999   0.000000    0.002760  0.001575  0.000000
   C   2.440387   4.935189   0.000000    0.006477  0.005505 -0.000000
   C  -1.178093  -5.569092  -0.000000   -0.002266 -0.001402 -0.000000
   N  -0.027797  -3.478229   0.000000    0.001717  0.003453 -0.000000
   C   1.224786  -1.407014   0.000000    0.003850  0.002116  0.000000
   C   2.442572   0.703184   0.000000    0.002320  0.001105  0.000000
   C   3.673421   2.807408   0.000000   -0.000260  0.002150  0.000000
   C   4.871207   4.934380   0.000000   -0.003152  0.003503  0.000000
   C   1.237440  -5.531941  -0.000000   -0.006299  0.002055 -0.000000
   C   2.431699  -3.502647   0.000000    0.001198  0.003511 -0.000000
   C   3.679954  -1.402383   0.000000    0.005671  0.001468  0.000000
   C   4.918515   0.699732   0.000000    0.001928  0.000252  0.000000
   C   6.143934   2.833289   0.000000   -0.001805  0.001843  0.000000
   C   7.266049   4.970645   0.000000   -0.005796 -0.000239  0.000000
   C   3.606242  -5.569892  -0.000000   -0.011248  0.000598  0.000000
   C   4.880453  -3.519209   0.000000    0.000124  0.000753  0.000000
   N   6.095315  -1.434919   0.000000    0.008787  0.002735  0.000000
   C   7.323021   0.622845   0.000000    0.003825  0.008141  0.000000
   C   6.057986  -5.669775   0.000000   -0.016424 -0.009813  0.000000
   C   7.294423  -3.574774   0.000000   -0.005712 -0.010511  0.000000
   C  -7.335240   3.615500   0.000000   -0.003201 -0.013666  0.000000
   N  -6.073631   5.618235   0.000000    0.001459  0.002416  0.000000
   C  -7.332822  -0.683609   0.000000    0.002004 -0.001579  0.000000
   C  -6.130960   1.418003   0.000000    0.003026 -0.001848  0.000000
   C  -4.903760   3.524701   0.000000    0.001753 -0.000230  0.000000
   C  -3.679564   5.645450   0.000000   -0.000032  0.000820  0.000000
   C  -7.254687  -4.994522   0.000000    0.001987  0.000962 -0.000000
   C  -6.111258  -2.856371   0.000000    0.002910  0.000583 -0.000000
   C  -4.910610  -0.721996   0.000000    0.003108  0.000188  0.000000
   C  -3.678568   1.411284   0.000000    0.003063  0.000582  0.000000
   C  -2.447835   3.535259   0.000000    0.002037  0.000559  0.000000
   C  -1.218669   5.634322   0.000000   -0.000627  0.001287 -0.000000
   C  -4.848542  -4.967329   0.000000    0.001808  0.000383 -0.000000
   C  -3.653253  -2.817991   0.000000    0.002674  0.000576 -0.000000
   C  -2.446178  -0.708189   0.000000    0.003153  0.000831  0.000000
   C  -1.231521   1.412050   0.000000    0.003102  0.000301  0.000000
   C  -0.001047   3.532498   0.000000    0.001448 -0.001163 -0.000000
   C   1.251781   5.625990   0.000000   -0.000220 -0.006072 -0.000000
   C  -2.414181  -4.920997   0.000000   -0.000541  0.000893 -0.000000
   C  -1.217134  -2.817761   0.000000    0.002038  0.001797 -0.000000
   C   0.000033  -0.699677   0.000000    0.003444  0.001344 -0.000000
   C   1.221020   1.413304   0.000000    0.002795  0.001569  0.000000
   C   2.448796   3.515504   0.000000    0.001451  0.004551  0.000000
   N   3.656808   5.575828   0.000000    0.002794  0.012970 -0.000000
   C   0.017969  -4.896772  -0.000000   -0.005065  0.003206 -0.000000
   C   1.204253  -2.804520   0.000000    0.001892  0.002662 -0.000000
   C   2.444383  -0.696553   0.000000    0.004803  0.001044  0.000000
   C   3.675932   1.401905   0.000000    0.001985  0.001352  0.000000
   C   4.902782   3.520057   0.000000   -0.000954  0.002755  0.000000
   C   6.052323   5.656522   0.000000   -0.003735  0.003432  0.000000
   N   2.438960  -4.878917  -0.000000   -0.007774  0.003844 -0.000000
   C   3.657651  -2.816315   0.000000    0.001722  0.001842  0.000000
   C   4.895025  -0.720770   0.000000    0.007265 -0.000243  0.000000
   C   6.133463   1.408788   0.000000    0.000586  0.002797  0.000000
   C   7.328649   3.598321   0.000000   -0.001538  0.000294  0.000000
   C   4.840267  -4.944675   0.000000   -0.010698 -0.000476  0.000000
   C   6.116087  -2.831403   0.000000    0.000702  0.000006  0.000000
   C   7.284927  -0.717480   0.000000    0.005506  0.008647  0.000000
   C   7.232969  -4.975330   0.000000   -0.016764 -0.010160  0.000000
   H   8.187039   5.541581   0.000000   -0.006249 -0.000101 -0.000000
   H   8.295041   3.114194   0.000000   -0.001394  0.000479  0.000000
   H   8.296811   1.090065   0.000000    0.002228  0.011517  0.000000
   H   8.186902  -1.297911   0.000000    0.006922  0.013598  0.000000
   H   8.267423  -3.114861   0.000000   -0.001905 -0.020673  0.000000
   H   8.168664  -5.522188   0.000000   -0.019713 -0.014691  0.000000
   H  -8.140611   5.588772   0.000000    0.010024 -0.015566  0.000000
   H  -8.308668   3.152626   0.000000   -0.003399 -0.013537  0.000000
   H  -8.286150   1.188153   0.000000    0.003335 -0.001327  0.000000
   H  -8.280764  -1.201873   0.000000    0.002320 -0.001867  0.000000
   H  -8.252755  -3.124029   0.000000    0.003452  0.001307 -0.000000
   H  -8.183765  -5.552264   0.000000    0.002043  0.001239 -0.000000
   H  -6.064618   6.622508   0.000000   -0.004352  0.003034  0.000000
   H  -3.683223   6.730404   0.000000   -0.000235  0.000751  0.000000
   H  -1.218459   6.719204   0.000000    0.000022  0.001142 -0.000000
   H   1.260750   6.710479   0.000000   -0.003580 -0.006495 -0.000000
   H   3.659293   6.581285   0.000000    0.004016  0.013813 -0.000000
   H   6.029298   6.740216   0.000000   -0.002315  0.003563 -0.000000
   H  -6.019433  -6.756807   0.000000    0.001615  0.000916 -0.000000
   H  -3.541840  -6.685696   0.000000    0.001164 -0.000726 -0.000000
   H  -1.173306  -6.648331  -0.000000   -0.001935 -0.001364 -0.000000
   H   1.276818  -6.608411  -0.000000   -0.006396  0.002154 -0.000000
   H   3.506727  -6.644951  -0.000000   -0.014928  0.001077  0.000000
   H   6.042193  -6.752148  -0.000000   -0.020810 -0.009916  0.000000
converged SCF energy = -3084.40145707016
