1721292802.8543935

Geometry optimization cycle 1
Cartesian coordinates (Angstrom)
 Atom        New coordinates             dX        dY        dZ
   C  -7.338226   5.042760   0.000000    0.000000  0.000000  0.000000
   C  -7.365228   0.691139   0.000000    0.000000  0.000000  0.000000
   C  -6.173642   2.889413   0.000000    0.000000  0.000000  0.000000
   C  -4.910090   5.019617   0.000000    0.000000  0.000000  0.000000
   C  -7.358051  -3.642635   0.000000    0.000000  0.000000  0.000000
   C  -6.173475  -1.431785   0.000000    0.000000  0.000000  0.000000
   C  -4.940069   0.716689   0.000000    0.000000  0.000000  0.000000
   C  -3.694845   2.860312   0.000000    0.000000  0.000000  0.000000
   C  -2.457224   5.005715   0.000000    0.000000  0.000000  0.000000
   C  -6.138515  -5.727246   0.000000    0.000000  0.000000  0.000000
   C  -4.928214  -3.580071   0.000000    0.000000  0.000000  0.000000
   C  -3.698169  -1.425571   0.000000    0.000000  0.000000  0.000000
   C  -2.471779   0.716540   0.000000    0.000000  0.000000  0.000000
   C  -1.230705   2.851907   0.000000    0.000000 -0.000000  0.000000
   C   0.000000   5.003169   0.000000    0.000000  0.000000  0.000000
   C  -3.678966  -5.694052   0.000000    0.000000  0.000000  0.000000
   C  -2.466015  -3.560923   0.000000    0.000000  0.000000  0.000000
   C  -1.232423  -1.423207   0.000000    0.000000  0.000000  0.000000
   C   0.000000   0.715809   0.000000    0.000000  0.000000  0.000000
   C   1.230705   2.851907   0.000000    0.000000 -0.000000  0.000000
   C   2.457224   5.005715   0.000000    0.000000  0.000000  0.000000
   C  -1.226334  -5.685080   0.000000    0.000000  0.000000  0.000000
   C   0.000000  -3.557079   0.000000    0.000000  0.000000  0.000000
   C   1.232423  -1.423207   0.000000    0.000000  0.000000  0.000000
   C   2.471779   0.716540   0.000000    0.000000  0.000000  0.000000
   C   3.694845   2.860312   0.000000    0.000000  0.000000  0.000000
   C   4.910090   5.019617   0.000000    0.000000  0.000000  0.000000
   C   1.226334  -5.685080   0.000000    0.000000  0.000000  0.000000
   N   2.466015  -3.560923   0.000000    0.000000  0.000000  0.000000
   C   3.698169  -1.425571   0.000000    0.000000  0.000000  0.000000
   C   4.940069   0.716689   0.000000    0.000000  0.000000  0.000000
   C   6.173642   2.889413   0.000000    0.000000  0.000000  0.000000
   C   7.338226   5.042760   0.000000    0.000000  0.000000  0.000000
   C   3.678966  -5.694052   0.000000    0.000000  0.000000  0.000000
   C   4.928214  -3.580071   0.000000    0.000000  0.000000  0.000000
   C   6.173475  -1.431785   0.000000   -0.000000  0.000000  0.000000
   C   7.365228   0.691139   0.000000    0.000000  0.000000  0.000000
   C   6.138515  -5.727246   0.000000    0.000000  0.000000  0.000000
   C   7.358051  -3.642635   0.000000   -0.000000  0.000000  0.000000
   C  -7.358051   3.642635   0.000000    0.000000  0.000000  0.000000
   C  -6.138515   5.727246   0.000000    0.000000  0.000000  0.000000
   C  -7.365228  -0.691139   0.000000    0.000000  0.000000  0.000000
   C  -6.173475   1.431785   0.000000    0.000000  0.000000  0.000000
   C  -4.928214   3.580071   0.000000    0.000000 -0.000000  0.000000
   C  -3.678966   5.694052   0.000000    0.000000  0.000000  0.000000
   C  -7.338226  -5.042760   0.000000    0.000000  0.000000  0.000000
   C  -6.173642  -2.889413   0.000000    0.000000  0.000000  0.000000
   C  -4.940069  -0.716689   0.000000    0.000000  0.000000  0.000000
   C  -3.698169   1.425571   0.000000    0.000000  0.000000  0.000000
   C  -2.466015   3.560923   0.000000    0.000000 -0.000000  0.000000
   C  -1.226334   5.685080   0.000000    0.000000  0.000000  0.000000
   C  -4.910090  -5.019617   0.000000    0.000000  0.000000  0.000000
   C  -3.694845  -2.860312   0.000000    0.000000  0.000000  0.000000
   C  -2.471779  -0.716540   0.000000    0.000000  0.000000  0.000000
   C  -1.232423   1.423207   0.000000    0.000000  0.000000  0.000000
   C   0.000000   3.557079   0.000000    0.000000  0.000000  0.000000
   C   1.226334   5.685080   0.000000    0.000000  0.000000  0.000000
   C  -2.457224  -5.005715   0.000000    0.000000  0.000000  0.000000
   C  -1.230705  -2.851907   0.000000    0.000000  0.000000  0.000000
   C   0.000000  -0.715809   0.000000    0.000000  0.000000  0.000000
   C   1.232423   1.423207   0.000000    0.000000  0.000000  0.000000
   C   2.466015   3.560923   0.000000    0.000000 -0.000000  0.000000
   C   3.678966   5.694052   0.000000    0.000000  0.000000  0.000000
   C   0.000000  -5.003169   0.000000    0.000000  0.000000  0.000000
   N   1.230705  -2.851907   0.000000    0.000000  0.000000  0.000000
   C   2.471779  -0.716540   0.000000    0.000000  0.000000  0.000000
   C   3.698169   1.425571   0.000000    0.000000  0.000000  0.000000
   C   4.928214   3.580071   0.000000    0.000000 -0.000000  0.000000
   C   6.138515   5.727246   0.000000    0.000000  0.000000  0.000000
   C   2.457224  -5.005715   0.000000    0.000000  0.000000  0.000000
   C   3.694845  -2.860312   0.000000    0.000000  0.000000  0.000000
   C   4.940069  -0.716689   0.000000    0.000000  0.000000  0.000000
   C   6.173475   1.431785   0.000000   -0.000000  0.000000  0.000000
   C   7.358051   3.642635   0.000000   -0.000000  0.000000  0.000000
   C   4.910090  -5.019617   0.000000    0.000000  0.000000  0.000000
   C   6.173642  -2.889413   0.000000    0.000000  0.000000  0.000000
   C   7.365228  -0.691139   0.000000    0.000000  0.000000  0.000000
   C   7.338226  -5.042760   0.000000    0.000000  0.000000  0.000000
   H   8.282184   5.591425   0.000000    0.000000 -0.000000  0.000000
   H   8.325741   3.141106   0.000000    0.000000  0.000000  0.000000
   H   8.326715   1.204661   0.000000    0.000000  0.000000  0.000000
   H   8.326715  -1.204661   0.000000    0.000000  0.000000  0.000000
   H   8.325741  -3.141106   0.000000    0.000000  0.000000  0.000000
   H   8.282184  -5.591425   0.000000    0.000000  0.000000  0.000000
   H  -8.282184   5.591425   0.000000    0.000000 -0.000000  0.000000
   H  -8.325741   3.141106   0.000000    0.000000  0.000000  0.000000
   H  -8.326715   1.204661   0.000000    0.000000  0.000000  0.000000
   H  -8.326715  -1.204661   0.000000    0.000000  0.000000  0.000000
   H  -8.325741  -3.141106   0.000000    0.000000  0.000000  0.000000
   H  -8.282184  -5.591425   0.000000    0.000000  0.000000  0.000000
   H  -6.116625   6.819427   0.000000    0.000000  0.000000  0.000000
   H  -3.672757   6.787431   0.000000    0.000000  0.000000  0.000000
   H  -1.225580   6.778408   0.000000    0.000000 -0.000000  0.000000
   H   1.225580   6.778408   0.000000    0.000000 -0.000000  0.000000
   H   3.672757   6.787431   0.000000    0.000000  0.000000  0.000000
   H   6.116625   6.819427   0.000000   -0.000000  0.000000  0.000000
   H  -6.116625  -6.819427   0.000000    0.000000  0.000000  0.000000
   H  -3.672757  -6.787431   0.000000    0.000000  0.000000  0.000000
   H  -1.225580  -6.778408   0.000000    0.000000  0.000000  0.000000
   H   1.225580  -6.778408   0.000000    0.000000  0.000000  0.000000
   H   3.672757  -6.787431   0.000000    0.000000  0.000000  0.000000
   H   6.116625  -6.819427   0.000000   -0.000000  0.000000  0.000000
converged SCF energy = -3017.81187466892
--------------- RKS_Scanner gradients ---------------
         x                y                z
0 C    -0.0037397428     0.0003689469    -0.0000000000
1 C    -0.0009768128     0.0029729143    -0.0000000000
2 C    -0.0023028371    -0.0065289948     0.0000000000
3 C    -0.0038679331     0.0008551951    -0.0000000000
4 C    -0.0021553395    -0.0004198094    -0.0000000000
5 C    -0.0021921658    -0.0033165308    -0.0000000000
6 C     0.0039312414     0.0016159147     0.0000000000
7 C    -0.0008966671    -0.0000365401     0.0000000000
8 C    -0.0076361646    -0.0049544233     0.0000000000
9 C    -0.0018557535    -0.0031453373    -0.0000000000
10 C     0.0022430707     0.0027907477    -0.0000000000
11 C    -0.0017475202     0.0039345378    -0.0000000000
12 C    -0.0008364168    -0.0031547998     0.0000000000
13 C     0.0027234588     0.0033398164     0.0000000000
14 C    -0.0042499533    -0.0058204237     0.0000000000
15 C    -0.0103419878    -0.0050698285    -0.0000000000
16 C     0.0003726998     0.0059833304    -0.0000000000
17 C     0.0055815908     0.0014865703    -0.0000000000
18 C    -0.0073192612    -0.0005008432     0.0000000000
19 C    -0.0008164740     0.0022928533     0.0000000000
20 C     0.0060324889    -0.0043763693     0.0000000000
21 C    -0.0131589173    -0.0123059073    -0.0000000000
22 C    -0.0225394317    -0.0023470803    -0.0000000000
23 C    -0.0064184597     0.0128770276     0.0000000000
24 C     0.0077456064     0.0064547086     0.0000000000
25 C    -0.0040487534     0.0035513576     0.0000000000
26 C     0.0066399202    -0.0007544558    -0.0000000000
27 C    -0.0183649837    -0.0131935892     0.0000000000
28 N    -0.0129922330     0.0033219174     0.0000000000
29 C     0.0015575899     0.0106485741     0.0000000000
30 C    -0.0009605360     0.0008198692     0.0000000000
31 C     0.0019910422    -0.0049031892     0.0000000000
32 C     0.0043447052     0.0009308982    -0.0000000000
33 C    -0.0087241825    -0.0175361418     0.0000000000
34 C     0.0181963264     0.0018956187     0.0000000000
35 C     0.0042247430    -0.0011027327     0.0000000000
36 C    -0.0012772314     0.0050550329     0.0000000000
37 C    -0.0032042803    -0.0021056576     0.0000000000
38 C     0.0030688139    -0.0049829916    -0.0000000000
39 C     0.0001346613     0.0022452312     0.0000000000
40 C     0.0023461370     0.0034437883     0.0000000000
41 C    -0.0016454775    -0.0021972993     0.0000000000
42 C    -0.0026042204     0.0023522200     0.0000000000
43 C     0.0047650736     0.0016619742    -0.0000000000
44 C     0.0037966866     0.0041428669     0.0000000000
45 C    -0.0028407746    -0.0021110789     0.0000000000
46 C     0.0002088841     0.0044344376     0.0000000000
47 C     0.0042723900    -0.0007204403     0.0000000000
48 C    -0.0040579408    -0.0029613686    -0.0000000000
49 C     0.0028310940     0.0013699922    -0.0000000000
50 C     0.0059987603     0.0061705273    -0.0000000000
51 C     0.0047511156    -0.0051115898     0.0000000000
52 C    -0.0017037069    -0.0021344512     0.0000000000
53 C    -0.0011873942     0.0011635875     0.0000000000
54 C     0.0028972333    -0.0002140790    -0.0000000000
55 C    -0.0005380258    -0.0037426611    -0.0000000000
56 C    -0.0004682034     0.0075743626    -0.0000000000
57 C     0.0117308342     0.0008229993     0.0000000000
58 C    -0.0054063273    -0.0090494086     0.0000000000
59 C    -0.0019038583     0.0080559782    -0.0000000000
60 C     0.0028764125     0.0003392851    -0.0000000000
61 C     0.0009988883    -0.0025877661    -0.0000000000
62 C    -0.0060888083     0.0048722766     0.0000000000
63 C     0.0100759682     0.0074772187    -0.0000000000
64 N     0.0214962183    -0.0011881665    -0.0000000000
65 C     0.0014994895     0.0010568324    -0.0000000000
66 C    -0.0020657917    -0.0052339674    -0.0000000000
67 C    -0.0036372401     0.0024790890    -0.0000000000
68 C    -0.0034829788     0.0036105604     0.0000000000
69 C     0.0238842978     0.0056208332     0.0000000000
70 C     0.0037800740    -0.0059631924    -0.0000000000
71 C    -0.0052019281     0.0050408076    -0.0000000000
72 C     0.0033110019    -0.0004948114    -0.0000000000
73 C    -0.0021683497     0.0025508806    -0.0000000000
74 C     0.0053963863     0.0074424014    -0.0000000000
75 C    -0.0074147147    -0.0038230432    -0.0000000000
76 C     0.0009131257    -0.0048856664     0.0000000000
77 C     0.0077592634     0.0007163403     0.0000000000
78 H     0.0048587375     0.0029267441     0.0000000000
79 H     0.0054073798    -0.0030859396     0.0000000000
80 H     0.0060449881     0.0028593924     0.0000000000
81 H     0.0057164299    -0.0029611376    -0.0000000000
82 H     0.0064298658     0.0026857240     0.0000000000
83 H     0.0050714844    -0.0027966160    -0.0000000000
84 H    -0.0049478464     0.0029188310     0.0000000000
85 H    -0.0053900737    -0.0030698248    -0.0000000000
86 H    -0.0058182104     0.0028871279     0.0000000000
87 H    -0.0056054322    -0.0030169041    -0.0000000000
88 H    -0.0056419216     0.0029879546     0.0000000000
89 H    -0.0050546245    -0.0029332731    -0.0000000000
90 H     0.0002044653     0.0059358015    -0.0000000000
91 H    -0.0001233373     0.0062271223    -0.0000000000
92 H    -0.0001043162     0.0065639418    -0.0000000000
93 H     0.0000436076     0.0066577373    -0.0000000000
94 H     0.0001386118     0.0064053667    -0.0000000000
95 H    -0.0001307482     0.0059840228    -0.0000000000
96 H     0.0002255736    -0.0059404648     0.0000000000
97 H    -0.0002286055    -0.0061364670    -0.0000000000
98 H    -0.0014790346    -0.0071709772     0.0000000000
99 H    -0.0029822497    -0.0094222244     0.0000000000
100 H     0.0040077005    -0.0090195993    -0.0000000000
101 H     0.0000223504    -0.0063239203    -0.0000000000
----------------------------------------------
cycle 1: E = -3017.81187467  dE = -3017.81  norm(grad) = 0.084096

Geometry optimization cycle 2
Cartesian coordinates (Angstrom)
 Atom        New coordinates             dX        dY        dZ
   C  -7.301336   4.969000   0.000000    0.036890 -0.073760  0.000000
   C  -7.311725   0.672464   0.000000    0.053503 -0.018675  0.000000
   C  -6.136190   2.856090   0.000000    0.037452 -0.033324  0.000000
   C  -4.881967   4.968182   0.000000    0.028124 -0.051435  0.000000
   C  -7.293914  -3.616725   0.000000    0.064137  0.025910  0.000000
   C  -6.122926  -1.425886   0.000000    0.050549  0.005899  0.000000
   C  -4.903984   0.707610  -0.000000    0.036085 -0.009079 -0.000000
   C  -3.674090   2.838820  -0.000000    0.020755 -0.021491 -0.000000
   C  -2.435325   4.971559  -0.000000    0.021898 -0.034156 -0.000000
   C  -6.067711  -5.683280   0.000000    0.070804  0.043966  0.000000
   C  -4.880406  -3.552567   0.000000    0.047808  0.027503  0.000000
   C  -3.668060  -1.413974  -0.000000    0.030109  0.011597 -0.000000
   C  -2.451894   0.718276  -0.000000    0.019885  0.001736 -0.000000
   C  -1.225456   2.833668  -0.000000    0.005249 -0.018239 -0.000000
   C   0.011446   4.977203  -0.000000    0.011446 -0.025966 -0.000000
   C  -3.624133  -5.640045   0.000000    0.054833  0.054007  0.000000
   C  -2.434454  -3.523616  -0.000000    0.031560  0.037307 -0.000000
   C  -1.226977  -1.406548  -0.000000    0.005446  0.016659 -0.000000
   C   0.001889   0.709184  -0.000000    0.001889 -0.006625 -0.000000
   C   1.224173   2.834794  -0.000000   -0.006532 -0.017113 -0.000000
   C   2.452784   4.969732  -0.000000   -0.004440 -0.035983 -0.000000
   C  -1.192033  -5.603425  -0.000000    0.034302  0.081655 -0.000000
   C   0.017112  -3.514540  -0.000000    0.017112  0.042538 -0.000000
   C   1.222792  -1.414450  -0.000000   -0.009631  0.008757 -0.000000
   C   2.439863   0.705963  -0.000000   -0.031916 -0.010576 -0.000000
   C   3.680051   2.832955  -0.000000   -0.014794 -0.027357 -0.000000
   C   4.892469   4.960575  -0.000000   -0.017621 -0.059042 -0.000000
   C   1.230844  -5.610466  -0.000000    0.004510  0.074613 -0.000000
   N   2.434141  -3.496906  -0.000000   -0.031874  0.064017 -0.000000
   C   3.662694  -1.410404  -0.000000   -0.035475  0.015167 -0.000000
   C   4.896318   0.705602  -0.000000   -0.043750 -0.011087 -0.000000
   C   6.148201   2.852625   0.000000   -0.025441 -0.036788  0.000000
   C   7.311279   4.962288   0.000000   -0.026946 -0.080472  0.000000
   C   3.612216  -5.569344   0.000000   -0.066750  0.124709  0.000000
   C   4.849223  -3.539648   0.000000   -0.078991  0.040423  0.000000
   C   6.115325  -1.415585   0.000000   -0.058150  0.016200  0.000000
   C   7.308378   0.675262   0.000000   -0.056850 -0.015877  0.000000
   C   6.056941  -5.687352   0.000000   -0.081575  0.039894  0.000000
   C   7.265051  -3.596967   0.000000   -0.093000  0.045668  0.000000
   C  -7.327627   3.578073   0.000000    0.030424 -0.064562  0.000000
   C  -6.113026   5.653690   0.000000    0.025489 -0.073556  0.000000
   C  -7.310617  -0.698623   0.000000    0.054611 -0.007484  0.000000
   C  -6.128957   1.409740   0.000000    0.044518 -0.022045  0.000000
   C  -4.905209   3.543809  -0.000000    0.023005 -0.036262 -0.000000
   C  -3.661201   5.638259  -0.000000    0.017765 -0.055793 -0.000000
   C  -7.261103  -5.006170   0.000000    0.077122  0.036589  0.000000
   C  -6.117939  -2.873002   0.000000    0.055703  0.016412  0.000000
   C  -4.904423  -0.713033  -0.000000    0.035645  0.003656 -0.000000
   C  -3.670296   1.417600  -0.000000    0.027873 -0.007971 -0.000000
   C  -2.455059   3.536651  -0.000000    0.010956 -0.024272 -0.000000
   C  -1.216126   5.640983  -0.000000    0.010208 -0.044097 -0.000000
   C  -4.854310  -4.975483   0.000000    0.055780  0.044134  0.000000
   C  -3.657052  -2.834134  -0.000000    0.037793  0.026178 -0.000000
   C  -2.454016  -0.704687  -0.000000    0.017763  0.011853 -0.000000
   C  -1.222815   1.415291  -0.000000    0.009608 -0.007916 -0.000000
   C   0.000074   3.540601  -0.000000    0.000074 -0.016477 -0.000000
   C   1.232702   5.641711  -0.000000    0.006367 -0.043369 -0.000000
   C  -2.427045  -4.949449  -0.000000    0.030179  0.056266 -0.000000
   C  -1.206851  -2.816739  -0.000000    0.023854  0.035168 -0.000000
   C   0.001221  -0.715051  -0.000000    0.001221  0.000758 -0.000000
   C   1.216626   1.415330  -0.000000   -0.015797 -0.007877 -0.000000
   C   2.456898   3.535245  -0.000000   -0.009117 -0.025677 -0.000000
   C   3.678117   5.637655  -0.000000   -0.000849 -0.056397 -0.000000
   C   0.014295  -4.943269  -0.000000    0.014295  0.059899 -0.000000
   N   1.205132  -2.811916  -0.000000   -0.025573  0.039991 -0.000000
   C   2.446267  -0.713007  -0.000000   -0.025512  0.003533 -0.000000
   C   3.664042   1.412497  -0.000000   -0.034127 -0.013074 -0.000000
   C   4.913341   3.535052  -0.000000   -0.014873 -0.045019 -0.000000
   C   6.123492   5.647660   0.000000   -0.015023 -0.079586  0.000000
   C   2.398895  -4.909356  -0.000000   -0.058329  0.096359 -0.000000
   C   3.643583  -2.814995  -0.000000   -0.051262  0.045317 -0.000000
   C   4.897555  -0.714109  -0.000000   -0.042514  0.002580 -0.000000
   C   6.122825   1.410801   0.000000   -0.050650 -0.020984  0.000000
   C   7.342628   3.571987   0.000000   -0.015423 -0.070649  0.000000
   C   4.850187  -4.965640   0.000000   -0.059903  0.053977  0.000000
   C   6.093938  -2.852890   0.000000   -0.079704  0.036523  0.000000
   C   7.306138  -0.692610   0.000000   -0.059090 -0.001471  0.000000
   C   7.233287  -4.989305   0.000000   -0.104938  0.053455  0.000000
   H   8.247092   5.507706   0.000000   -0.035092 -0.083719  0.000000
   H   8.298742   3.068716   0.000000   -0.026999 -0.072390  0.000000
   H   8.260063   1.185583   0.000000   -0.066652 -0.019079  0.000000
   H   8.255640  -1.207751   0.000000   -0.071075 -0.003089  0.000000
   H   8.223578  -3.100695   0.000000   -0.102162  0.040411  0.000000
   H   8.171420  -5.530359   0.000000   -0.110764  0.061066  0.000000
   H  -8.237695   5.513257   0.000000    0.044489 -0.078167  0.000000
   H  -8.283518   3.074305   0.000000    0.042223 -0.066801  0.000000
   H  -8.264418   1.181502   0.000000    0.062297 -0.023160  0.000000
   H  -8.261738  -1.210998   0.000000    0.064977 -0.006336  0.000000
   H  -8.254889  -3.123342   0.000000    0.070852  0.017764  0.000000
   H  -8.194083  -5.555900   0.000000    0.088101  0.035525  0.000000
   H  -6.102091   6.736936   0.000000    0.014534 -0.082491  0.000000
   H  -3.662494   6.722084   0.000000    0.010263 -0.065348  0.000000
   H  -1.219812   6.724217  -0.000000    0.005768 -0.054191 -0.000000
   H   1.236097   6.724802  -0.000000    0.010517 -0.053606 -0.000000
   H   3.682372   6.721198  -0.000000    0.009615 -0.066233 -0.000000
   H   6.111835   6.730827   0.000000   -0.004790 -0.088600  0.000000
   H  -6.042507  -6.766279   0.000000    0.074119  0.053148  0.000000
   H  -3.607436  -6.723882   0.000000    0.065321  0.063550  0.000000
   H  -1.175193  -6.685602  -0.000000    0.050387  0.092806 -0.000000
   H   1.273533  -6.688465  -0.000000    0.047953  0.089943 -0.000000
   H   3.560240  -6.647657   0.000000   -0.112517  0.139774  0.000000
   H   6.034585  -6.769834   0.000000   -0.082040  0.049593  0.000000
converged SCF energy = -3017.82927856114
