1721292802.8104494

Geometry optimization cycle 1
Cartesian coordinates (Angstrom)
 Atom        New coordinates             dX        dY        dZ
   C  -7.338226   5.042760   0.000000    0.000000  0.000000  0.000000
   C  -7.365228   0.691139   0.000000    0.000000  0.000000  0.000000
   C  -6.173642   2.889413   0.000000    0.000000  0.000000  0.000000
   C  -4.910090   5.019617   0.000000    0.000000  0.000000  0.000000
   C  -7.358051  -3.642635   0.000000    0.000000  0.000000  0.000000
   C  -6.173475  -1.431785   0.000000    0.000000  0.000000  0.000000
   C  -4.940069   0.716689   0.000000    0.000000  0.000000  0.000000
   C  -3.694845   2.860312   0.000000    0.000000  0.000000  0.000000
   C  -2.457224   5.005715   0.000000    0.000000  0.000000  0.000000
   C  -6.138515  -5.727246   0.000000    0.000000  0.000000  0.000000
   C  -4.928214  -3.580071   0.000000    0.000000  0.000000  0.000000
   C  -3.698169  -1.425571   0.000000    0.000000  0.000000  0.000000
   C  -2.471779   0.716540   0.000000    0.000000  0.000000  0.000000
   C  -1.230705   2.851907   0.000000    0.000000 -0.000000  0.000000
   C   0.000000   5.003169   0.000000    0.000000  0.000000  0.000000
   C  -3.678966  -5.694052   0.000000    0.000000  0.000000  0.000000
   C  -2.466015  -3.560923   0.000000    0.000000  0.000000  0.000000
   C  -1.232423  -1.423207   0.000000    0.000000  0.000000  0.000000
   C   0.000000   0.715809   0.000000    0.000000  0.000000  0.000000
   C   1.230705   2.851907   0.000000    0.000000 -0.000000  0.000000
   C   2.457224   5.005715   0.000000    0.000000  0.000000  0.000000
   C  -1.226334  -5.685080   0.000000    0.000000  0.000000  0.000000
   C   0.000000  -3.557079   0.000000    0.000000  0.000000  0.000000
   C   1.232423  -1.423207   0.000000    0.000000  0.000000  0.000000
   C   2.471779   0.716540   0.000000    0.000000  0.000000  0.000000
   C   3.694845   2.860312   0.000000    0.000000  0.000000  0.000000
   C   4.910090   5.019617   0.000000    0.000000  0.000000  0.000000
   C   1.226334  -5.685080   0.000000    0.000000  0.000000  0.000000
   C   2.466015  -3.560923   0.000000    0.000000  0.000000  0.000000
   C   3.698169  -1.425571   0.000000    0.000000  0.000000  0.000000
   C   4.940069   0.716689   0.000000    0.000000  0.000000  0.000000
   C   6.173642   2.889413   0.000000    0.000000  0.000000  0.000000
   C   7.338226   5.042760   0.000000    0.000000  0.000000  0.000000
   C   3.678966  -5.694052   0.000000    0.000000  0.000000  0.000000
   C   4.928214  -3.580071   0.000000    0.000000  0.000000  0.000000
   C   6.173475  -1.431785   0.000000   -0.000000  0.000000  0.000000
   C   7.365228   0.691139   0.000000    0.000000  0.000000  0.000000
   C   6.138515  -5.727246   0.000000    0.000000  0.000000  0.000000
   C   7.358051  -3.642635   0.000000   -0.000000  0.000000  0.000000
   C  -7.358051   3.642635   0.000000    0.000000  0.000000  0.000000
   C  -6.138515   5.727246   0.000000    0.000000  0.000000  0.000000
   C  -7.365228  -0.691139   0.000000    0.000000  0.000000  0.000000
   C  -6.173475   1.431785   0.000000    0.000000  0.000000  0.000000
   C  -4.928214   3.580071   0.000000    0.000000 -0.000000  0.000000
   C  -3.678966   5.694052   0.000000    0.000000  0.000000  0.000000
   C  -7.338226  -5.042760   0.000000    0.000000  0.000000  0.000000
   C  -6.173642  -2.889413   0.000000    0.000000  0.000000  0.000000
   C  -4.940069  -0.716689   0.000000    0.000000  0.000000  0.000000
   C  -3.698169   1.425571   0.000000    0.000000  0.000000  0.000000
   C  -2.466015   3.560923   0.000000    0.000000 -0.000000  0.000000
   C  -1.226334   5.685080   0.000000    0.000000  0.000000  0.000000
   C  -4.910090  -5.019617   0.000000    0.000000  0.000000  0.000000
   C  -3.694845  -2.860312   0.000000    0.000000  0.000000  0.000000
   C  -2.471779  -0.716540   0.000000    0.000000  0.000000  0.000000
   C  -1.232423   1.423207   0.000000    0.000000  0.000000  0.000000
   C   0.000000   3.557079   0.000000    0.000000  0.000000  0.000000
   N   1.226334   5.685080   0.000000    0.000000  0.000000  0.000000
   C  -2.457224  -5.005715   0.000000    0.000000  0.000000  0.000000
   C  -1.230705  -2.851907   0.000000    0.000000  0.000000  0.000000
   C   0.000000  -0.715809   0.000000    0.000000  0.000000  0.000000
   C   1.232423   1.423207   0.000000    0.000000  0.000000  0.000000
   C   2.466015   3.560923   0.000000    0.000000 -0.000000  0.000000
   C   3.678966   5.694052   0.000000    0.000000  0.000000  0.000000
   C   0.000000  -5.003169   0.000000    0.000000  0.000000  0.000000
   C   1.230705  -2.851907   0.000000    0.000000  0.000000  0.000000
   C   2.471779  -0.716540   0.000000    0.000000  0.000000  0.000000
   C   3.698169   1.425571   0.000000    0.000000  0.000000  0.000000
   C   4.928214   3.580071   0.000000    0.000000 -0.000000  0.000000
   C   6.138515   5.727246   0.000000    0.000000  0.000000  0.000000
   C   2.457224  -5.005715   0.000000    0.000000  0.000000  0.000000
   C   3.694845  -2.860312   0.000000    0.000000  0.000000  0.000000
   C   4.940069  -0.716689   0.000000    0.000000  0.000000  0.000000
   N   6.173475   1.431785   0.000000   -0.000000  0.000000  0.000000
   C   7.358051   3.642635   0.000000   -0.000000  0.000000  0.000000
   C   4.910090  -5.019617   0.000000    0.000000  0.000000  0.000000
   C   6.173642  -2.889413   0.000000    0.000000  0.000000  0.000000
   C   7.365228  -0.691139   0.000000    0.000000  0.000000  0.000000
   C   7.338226  -5.042760   0.000000    0.000000  0.000000  0.000000
   H   8.282184   5.591425   0.000000    0.000000 -0.000000  0.000000
   H   8.325741   3.141106   0.000000    0.000000  0.000000  0.000000
   H   8.326715   1.204661   0.000000    0.000000  0.000000  0.000000
   H   8.326715  -1.204661   0.000000    0.000000  0.000000  0.000000
   H   8.325741  -3.141106   0.000000    0.000000  0.000000  0.000000
   H   8.282184  -5.591425   0.000000    0.000000  0.000000  0.000000
   H  -8.282184   5.591425   0.000000    0.000000 -0.000000  0.000000
   H  -8.325741   3.141106   0.000000    0.000000  0.000000  0.000000
   H  -8.326715   1.204661   0.000000    0.000000  0.000000  0.000000
   H  -8.326715  -1.204661   0.000000    0.000000  0.000000  0.000000
   H  -8.325741  -3.141106   0.000000    0.000000  0.000000  0.000000
   H  -8.282184  -5.591425   0.000000    0.000000  0.000000  0.000000
   H  -6.116625   6.819427   0.000000    0.000000  0.000000  0.000000
   H  -3.672757   6.787431   0.000000    0.000000  0.000000  0.000000
   H  -1.225580   6.778408   0.000000    0.000000 -0.000000  0.000000
   H   1.225580   6.778408   0.000000    0.000000 -0.000000  0.000000
   H   3.672757   6.787431   0.000000    0.000000  0.000000  0.000000
   H   6.116625   6.819427   0.000000   -0.000000  0.000000  0.000000
   H  -6.116625  -6.819427   0.000000    0.000000  0.000000  0.000000
   H  -3.672757  -6.787431   0.000000    0.000000  0.000000  0.000000
   H  -1.225580  -6.778408   0.000000    0.000000  0.000000  0.000000
   H   1.225580  -6.778408   0.000000    0.000000  0.000000  0.000000
   H   3.672757  -6.787431   0.000000    0.000000  0.000000  0.000000
   H   6.116625  -6.819427   0.000000   -0.000000  0.000000  0.000000
converged SCF energy = -3017.91220711744
--------------- RKS_Scanner gradients ---------------
         x                y                z
0 C    -0.0044878855     0.0000653176    -0.0000000000
1 C    -0.0028519501     0.0006075595    -0.0000000000
2 C     0.0044504245    -0.0057469547    -0.0000000000
3 C     0.0029617099     0.0044112992    -0.0000000000
4 C    -0.0027272273    -0.0024556154     0.0000000000
5 C     0.0003461448    -0.0046169560     0.0000000000
6 C     0.0027097482     0.0004049531    -0.0000000000
7 C     0.0028479334    -0.0005139579     0.0000000000
8 C     0.0185702907     0.0050681375    -0.0000000000
9 C     0.0024752623    -0.0028751069    -0.0000000000
10 C     0.0019029696    -0.0008800412    -0.0000000000
11 C    -0.0017877223     0.0004982221    -0.0000000000
12 C     0.0042369193    -0.0022157486    -0.0000000000
13 C     0.0051582881    -0.0011999989    -0.0000000000
14 C     0.0204300235    -0.0154588737    -0.0000000000
15 C     0.0017702292    -0.0030666121     0.0000000000
16 C     0.0032256443    -0.0024601250    -0.0000000000
17 C     0.0005221092     0.0012429005    -0.0000000000
18 C     0.0031687388     0.0014330366    -0.0000000000
19 C     0.0097332028     0.0045652582    -0.0000000000
20 C    -0.0068765632    -0.0124927511     0.0000000000
21 C     0.0050288811    -0.0043074458    -0.0000000000
22 C     0.0017072350     0.0007591970    -0.0000000000
23 C     0.0019618769    -0.0012990105    -0.0000000000
24 C     0.0008972690     0.0084579113    -0.0000000000
25 C     0.0043342471    -0.0099395821    -0.0000000000
26 C    -0.0088959458     0.0085144514    -0.0000000000
27 C     0.0032190034    -0.0065006064    -0.0000000000
28 C     0.0026299266     0.0031341544    -0.0000000000
29 C     0.0029637965    -0.0020398417    -0.0000000000
30 C    -0.0028894336    -0.0105217439    -0.0000000000
31 C    -0.0053813250     0.0018345887    -0.0000000000
32 C     0.0089935736    -0.0006331724    -0.0000000000
33 C    -0.0052548726    -0.0058286460     0.0000000000
34 C     0.0041878733    -0.0026005906    -0.0000000000
35 C     0.0116766621     0.0141039870     0.0000000000
36 C     0.0164057415     0.0097182541    -0.0000000000
37 C    -0.0056701017    -0.0035284941     0.0000000000
38 C    -0.0064944475    -0.0021338100    -0.0000000000
39 C    -0.0036499976     0.0027564357     0.0000000000
40 C     0.0006376877     0.0031692200     0.0000000000
41 C    -0.0023183792    -0.0003178909     0.0000000000
42 C    -0.0008870030     0.0049903335     0.0000000000
43 C    -0.0019431774    -0.0021455106    -0.0000000000
44 C    -0.0121581140     0.0040396901     0.0000000000
45 C    -0.0039512086     0.0011759129     0.0000000000
46 C    -0.0001866356     0.0061696059    -0.0000000000
47 C     0.0022386827    -0.0011362018     0.0000000000
48 C    -0.0038506098     0.0008946291     0.0000000000
49 C    -0.0011229590    -0.0022877127     0.0000000000
50 C    -0.0392218373     0.0028789482     0.0000000000
51 C    -0.0022769894    -0.0019129369     0.0000000000
52 C    -0.0016453956     0.0023060413     0.0000000000
53 C     0.0004838525     0.0011673120     0.0000000000
54 C    -0.0030853222    -0.0016690996     0.0000000000
55 C    -0.0122951564    -0.0035638531     0.0000000000
56 N    -0.0071472893    -0.0214229539    -0.0000000000
57 C    -0.0048818055     0.0024040946    -0.0000000000
58 C     0.0015377430    -0.0008719483     0.0000000000
59 C    -0.0021651868    -0.0001300668     0.0000000000
60 C    -0.0016591604    -0.0051528455     0.0000000000
61 C    -0.0050220412    -0.0075737653     0.0000000000
62 C     0.0277672543     0.0029291178     0.0000000000
63 C    -0.0075343744     0.0057627921     0.0000000000
64 C     0.0003194939    -0.0015769379     0.0000000000
65 C     0.0009402850    -0.0029143287     0.0000000000
66 C    -0.0156436175    -0.0004677947     0.0000000000
67 C    -0.0003406655     0.0056774757     0.0000000000
68 C    -0.0006885660     0.0035983523     0.0000000000
69 C     0.0010197157     0.0055608064     0.0000000000
70 C    -0.0078882080    -0.0008547702     0.0000000000
71 C    -0.0057508736    -0.0034599220    -0.0000000000
72 N     0.0012800577     0.0052534570     0.0000000000
73 C     0.0006902423     0.0169347407     0.0000000000
74 C     0.0098826729     0.0036097917     0.0000000000
75 C    -0.0024370863    -0.0037346685     0.0000000000
76 C    -0.0024609855    -0.0247616175    -0.0000000000
77 C     0.0048230984    -0.0022928860     0.0000000000
78 H     0.0051082721     0.0039301890     0.0000000000
79 H     0.0054925600    -0.0037431562    -0.0000000000
80 H     0.0123691620    -0.0027924838     0.0000000000
81 H     0.0056753916    -0.0061009834    -0.0000000000
82 H     0.0049560989     0.0032766600     0.0000000000
83 H     0.0047740988    -0.0029948387    -0.0000000000
84 H    -0.0049594763     0.0028268879     0.0000000000
85 H    -0.0055579426    -0.0029449412    -0.0000000000
86 H    -0.0055656290     0.0029698440     0.0000000000
87 H    -0.0055804848    -0.0029888915    -0.0000000000
88 H    -0.0054937547     0.0029485347    -0.0000000000
89 H    -0.0050291461    -0.0028623032    -0.0000000000
90 H     0.0002409151     0.0058576762    -0.0000000000
91 H     0.0000261196     0.0059551171    -0.0000000000
92 H     0.0001061893     0.0054325970    -0.0000000000
93 H    -0.0000064091     0.0617823463    -0.0000000000
94 H    -0.0006604805     0.0059509963    -0.0000000000
95 H    -0.0004494317     0.0062652569    -0.0000000000
96 H     0.0002772743    -0.0058643047     0.0000000000
97 H    -0.0000613136    -0.0059798867    -0.0000000000
98 H    -0.0001376986    -0.0062633882     0.0000000000
99 H    -0.0000727939    -0.0065558367     0.0000000000
100 H     0.0000070477    -0.0065538206    -0.0000000000
101 H    -0.0000986499    -0.0061459072     0.0000000000
----------------------------------------------
cycle 1: E = -3017.91220712  dE = -3017.91  norm(grad) = 0.114745

Geometry optimization cycle 2
Cartesian coordinates (Angstrom)
 Atom        New coordinates             dX        dY        dZ
   C  -7.247564   5.031347   0.000000    0.090662 -0.011413  0.000000
   C  -7.315781   0.703222  -0.000000    0.049446  0.012083 -0.000000
   C  -6.126656   2.890222  -0.000000    0.046986  0.000808 -0.000000
   C  -4.838982   4.998684   0.000000    0.071109 -0.020933  0.000000
   C  -7.314168  -3.600769   0.000000    0.043883  0.041866  0.000000
   C  -6.140149  -1.409352  -0.000000    0.033326  0.022433 -0.000000
   C  -4.915138   0.721702  -0.000000    0.024931  0.005013 -0.000000
   C  -3.670610   2.850610   0.000000    0.024235 -0.009702  0.000000
   C  -2.401789   4.980783   0.000000    0.055434 -0.024932  0.000000
   C  -6.100242  -5.673397   0.000000    0.038274  0.053849  0.000000
   C  -4.901934  -3.547400   0.000000    0.026280  0.032670  0.000000
   C  -3.685368  -1.415509  -0.000000    0.012801  0.010062 -0.000000
   C  -2.473779   0.708323  -0.000000   -0.002000 -0.008216 -0.000000
   C  -1.239213   2.820766   0.000000   -0.008508 -0.031141  0.000000
   C  -0.012225   4.923165   0.000000   -0.012225 -0.080003  0.000000
   C  -3.654408  -5.643563   0.000000    0.024558  0.050490  0.000000
   C  -2.457109  -3.540116   0.000000    0.008906  0.020806  0.000000
   C  -1.240225  -1.426828  -0.000000   -0.007802 -0.003621 -0.000000
   C  -0.026010   0.693254   0.000000   -0.026010 -0.022555  0.000000
   C   1.203286   2.807392   0.000000   -0.027419 -0.044515  0.000000
   C   2.458443   4.938936   0.000000    0.001219 -0.066779  0.000000
   C  -1.209091  -5.645684   0.000000    0.017244  0.039395  0.000000
   C  -0.001646  -3.551504   0.000000   -0.001646  0.005575  0.000000
   C   1.203735  -1.431334   0.000000   -0.028688 -0.008127  0.000000
   C   2.421521   0.691310   0.000000   -0.050258 -0.025230  0.000000
   C   3.639961   2.830968   0.000000   -0.054884 -0.029344  0.000000
   C   4.857673   4.948991   0.000000   -0.052417 -0.070626  0.000000
   C   1.246343  -5.653524   0.000000    0.020009  0.031556  0.000000
   C   2.460675  -3.550096   0.000000   -0.005339  0.010826  0.000000
   C   3.648625  -1.419729   0.000000   -0.049544  0.005842  0.000000
   C   4.839220   0.708205  -0.000000   -0.100849 -0.008483 -0.000000
   C   6.089071   2.834972   0.000000   -0.084571 -0.054442  0.000000
   C   7.251300   4.887724   0.000000   -0.086926 -0.155036  0.000000
   C   3.704672  -5.644511   0.000000    0.025706  0.049542  0.000000
   C   4.924608  -3.527426   0.000000   -0.003606  0.052645  0.000000
   C   6.103267  -1.398533  -0.000000   -0.070208  0.033252 -0.000000
   C   7.193164   0.736617  -0.000000   -0.172064  0.045478 -0.000000
   C   6.159519  -5.618856   0.000000    0.021003  0.108389  0.000000
   C   7.377303  -3.527180   0.000000    0.019252  0.115455  0.000000
   C  -7.296024   3.640216   0.000000    0.062027 -0.002419  0.000000
   C  -6.054414   5.706483   0.000000    0.084101 -0.020763  0.000000
   C  -7.320141  -0.670356  -0.000000    0.045087  0.020783 -0.000000
   C  -6.133204   1.437687  -0.000000    0.040271  0.005901 -0.000000
   C  -4.885746   3.573181   0.000000    0.042468 -0.006889  0.000000
   C  -3.604879   5.660892   0.000000    0.074087 -0.033160  0.000000
   C  -7.289843  -4.993123   0.000000    0.048383  0.049637  0.000000
   C  -6.136169  -2.860367  -0.000000    0.037473  0.029047 -0.000000
   C  -4.916279  -0.702100  -0.000000    0.023790  0.014589 -0.000000
   C  -3.680490   1.423462  -0.000000    0.017679 -0.002109 -0.000000
   C  -2.448153   3.546477   0.000000    0.017861 -0.014446  0.000000
   C  -1.157649   5.657815   0.000000    0.068686 -0.027264  0.000000
   C  -4.877267  -4.973834   0.000000    0.032823  0.045783  0.000000
   C  -3.674844  -2.840389  -0.000000    0.020001  0.019922 -0.000000
   C  -2.467761  -0.716823  -0.000000    0.004019 -0.000284 -0.000000
   C  -1.242078   1.404207  -0.000000   -0.009655 -0.019000 -0.000000
   C  -0.009042   3.502739   0.000000   -0.009042 -0.054339  0.000000
   N   1.222831   5.525716   0.000000   -0.003504 -0.159363  0.000000
   C  -2.431680  -4.973991   0.000000    0.025544  0.031724  0.000000
   C  -1.227017  -2.844904  -0.000000    0.003688  0.007003 -0.000000
   C  -0.017075  -0.727210  -0.000000   -0.017075 -0.011401 -0.000000
   C   1.197084   1.395477  -0.000000   -0.035339 -0.027730 -0.000000
   C   2.432073   3.520512   0.000000   -0.033942 -0.040410  0.000000
   C   3.634398   5.644126   0.000000   -0.044568 -0.049927  0.000000
   C   0.024197  -4.988689   0.000000    0.024197  0.014480  0.000000
   C   1.223164  -2.850519  -0.000000   -0.007540  0.001388 -0.000000
   C   2.428233  -0.724540  -0.000000   -0.043546 -0.008000 -0.000000
   C   3.631176   1.409680   0.000000   -0.066993 -0.015891  0.000000
   C   4.865724   3.528196   0.000000   -0.062490 -0.051875  0.000000
   C   6.091888   5.619125   0.000000   -0.046627 -0.108121  0.000000
   C   2.474243  -4.986090   0.000000    0.017019  0.019625  0.000000
   C   3.683714  -2.841379   0.000000   -0.011131  0.018933  0.000000
   C   4.873712  -0.707177  -0.000000   -0.066357  0.009512 -0.000000
   N   6.023784   1.425382  -0.000000   -0.149691 -0.006404 -0.000000
   C   7.301585   3.495400   0.000000   -0.056467 -0.147235  0.000000
   C   4.912898  -4.954943   0.000000    0.002808  0.064674  0.000000
   C   6.165023  -2.831141   0.000000   -0.008619  0.058273  0.000000
   C   7.264925  -0.611059  -0.000000   -0.100303  0.080080 -0.000000
   C   7.338978  -4.916728   0.000000    0.000753  0.126031  0.000000
   H   8.195674   5.415926   0.000000   -0.086510 -0.175499  0.000000
   H   8.251397   2.981542  -0.000000   -0.074343 -0.159564 -0.000000
   H   8.091318   1.328136  -0.000000   -0.235397  0.123474 -0.000000
   H   8.246317  -1.057219  -0.000000   -0.080398  0.147442 -0.000000
   H   8.331054  -3.018437   0.000000    0.005313  0.122669  0.000000
   H   8.277525  -5.457548   0.000000   -0.004659  0.133877  0.000000
   H  -8.177145   5.587209   0.000000    0.105039 -0.004216  0.000000
   H  -8.261426   3.155231   0.000000    0.064315  0.014125  0.000000
   H  -8.267920   1.213889  -0.000000    0.058795  0.009227 -0.000000
   H  -8.274845  -1.176140  -0.000000    0.051870  0.028521 -0.000000
   H  -8.273239  -3.103202   0.000000    0.052501  0.037904  0.000000
   H  -8.225333  -5.538747   0.000000    0.056851  0.052678  0.000000
   H  -6.029091   6.789605   0.000000    0.087535 -0.029821  0.000000
   H  -3.593185   6.745070   0.000000    0.079572 -0.042361  0.000000
   H  -1.120319   6.742151   0.000000    0.105261 -0.036257  0.000000
   H   1.218221   6.524078   0.000000   -0.007358 -0.254330  0.000000
   H   3.626382   6.728338   0.000000   -0.046375 -0.059094  0.000000
   H   6.110077   6.701760   0.000000   -0.006548 -0.117667  0.000000
   H  -6.081826  -6.756649   0.000000    0.034799  0.062778  0.000000
   H  -3.654072  -6.727768   0.000000    0.018685  0.059663  0.000000
   H  -1.216056  -6.729365   0.000000    0.009524  0.049043  0.000000
   H   1.247599  -6.736776   0.000000    0.022019  0.041631  0.000000
   H   3.719431  -6.727733   0.000000    0.046674  0.059698  0.000000
   H   6.165654  -6.701822   0.000000    0.049029  0.117604  0.000000
converged SCF energy = -3017.93574169176
