1721240657.5787463

Geometry optimization cycle 1
Cartesian coordinates (Angstrom)
 Atom        New coordinates             dX        dY        dZ
   C  -7.338226   5.042760   0.000000    0.000000  0.000000  0.000000
   C  -7.365228   0.691139   0.000000    0.000000  0.000000  0.000000
   C  -6.173642   2.889413   0.000000    0.000000  0.000000  0.000000
   C  -4.910090   5.019617   0.000000    0.000000  0.000000  0.000000
   C  -7.358051  -3.642635   0.000000    0.000000  0.000000  0.000000
   C  -6.173475  -1.431785   0.000000    0.000000  0.000000  0.000000
   C  -4.940069   0.716689   0.000000    0.000000  0.000000  0.000000
   C  -3.694845   2.860312   0.000000    0.000000  0.000000  0.000000
   C  -2.457224   5.005715   0.000000    0.000000  0.000000  0.000000
   C  -6.138515  -5.727246   0.000000    0.000000  0.000000  0.000000
   C  -4.928214  -3.580071   0.000000    0.000000  0.000000  0.000000
   C  -3.698169  -1.425571   0.000000    0.000000  0.000000  0.000000
   C  -2.471779   0.716540   0.000000    0.000000  0.000000  0.000000
   C  -1.230705   2.851907   0.000000    0.000000 -0.000000  0.000000
   C   0.000000   5.003169   0.000000    0.000000  0.000000  0.000000
   C  -3.678966  -5.694052   0.000000    0.000000  0.000000  0.000000
   N  -2.466015  -3.560923   0.000000    0.000000  0.000000  0.000000
   C  -1.232423  -1.423207   0.000000    0.000000  0.000000  0.000000
   C   0.000000   0.715809   0.000000    0.000000  0.000000  0.000000
   C   1.230705   2.851907   0.000000    0.000000 -0.000000  0.000000
   N   2.457224   5.005715   0.000000    0.000000  0.000000  0.000000
   C  -1.226334  -5.685080   0.000000    0.000000  0.000000  0.000000
   C   0.000000  -3.557079   0.000000    0.000000  0.000000  0.000000
   C   1.232423  -1.423207   0.000000    0.000000  0.000000  0.000000
   C   2.471779   0.716540   0.000000    0.000000  0.000000  0.000000
   C   3.694845   2.860312   0.000000    0.000000  0.000000  0.000000
   C   4.910090   5.019617   0.000000    0.000000  0.000000  0.000000
   C   1.226334  -5.685080   0.000000    0.000000  0.000000  0.000000
   C   2.466015  -3.560923   0.000000    0.000000  0.000000  0.000000
   C   3.698169  -1.425571   0.000000    0.000000  0.000000  0.000000
   N   4.940069   0.716689   0.000000    0.000000  0.000000  0.000000
   C   6.173642   2.889413   0.000000    0.000000  0.000000  0.000000
   C   7.338226   5.042760   0.000000    0.000000  0.000000  0.000000
   C   3.678966  -5.694052   0.000000    0.000000  0.000000  0.000000
   C   4.928214  -3.580071   0.000000    0.000000  0.000000  0.000000
   C   6.173475  -1.431785   0.000000   -0.000000  0.000000  0.000000
   C   7.365228   0.691139   0.000000    0.000000  0.000000  0.000000
   C   6.138515  -5.727246   0.000000    0.000000  0.000000  0.000000
   N   7.358051  -3.642635   0.000000   -0.000000  0.000000  0.000000
   C  -7.358051   3.642635   0.000000    0.000000  0.000000  0.000000
   C  -6.138515   5.727246   0.000000    0.000000  0.000000  0.000000
   C  -7.365228  -0.691139   0.000000    0.000000  0.000000  0.000000
   C  -6.173475   1.431785   0.000000    0.000000  0.000000  0.000000
   C  -4.928214   3.580071   0.000000    0.000000 -0.000000  0.000000
   C  -3.678966   5.694052   0.000000    0.000000  0.000000  0.000000
   C  -7.338226  -5.042760   0.000000    0.000000  0.000000  0.000000
   C  -6.173642  -2.889413   0.000000    0.000000  0.000000  0.000000
   C  -4.940069  -0.716689   0.000000    0.000000  0.000000  0.000000
   C  -3.698169   1.425571   0.000000    0.000000  0.000000  0.000000
   C  -2.466015   3.560923   0.000000    0.000000 -0.000000  0.000000
   C  -1.226334   5.685080   0.000000    0.000000  0.000000  0.000000
   C  -4.910090  -5.019617   0.000000    0.000000  0.000000  0.000000
   C  -3.694845  -2.860312   0.000000    0.000000  0.000000  0.000000
   N  -2.471779  -0.716540   0.000000    0.000000  0.000000  0.000000
   C  -1.232423   1.423207   0.000000    0.000000  0.000000  0.000000
   C   0.000000   3.557079   0.000000    0.000000  0.000000  0.000000
   C   1.226334   5.685080   0.000000    0.000000  0.000000  0.000000
   C  -2.457224  -5.005715   0.000000    0.000000  0.000000  0.000000
   C  -1.230705  -2.851907   0.000000    0.000000  0.000000  0.000000
   C   0.000000  -0.715809   0.000000    0.000000  0.000000  0.000000
   C   1.232423   1.423207   0.000000    0.000000  0.000000  0.000000
   C   2.466015   3.560923   0.000000    0.000000 -0.000000  0.000000
   C   3.678966   5.694052   0.000000    0.000000  0.000000  0.000000
   C   0.000000  -5.003169   0.000000    0.000000  0.000000  0.000000
   C   1.230705  -2.851907   0.000000    0.000000  0.000000  0.000000
   C   2.471779  -0.716540   0.000000    0.000000  0.000000  0.000000
   C   3.698169   1.425571   0.000000    0.000000  0.000000  0.000000
   C   4.928214   3.580071   0.000000    0.000000 -0.000000  0.000000
   C   6.138515   5.727246   0.000000    0.000000  0.000000  0.000000
   C   2.457224  -5.005715   0.000000    0.000000  0.000000  0.000000
   C   3.694845  -2.860312   0.000000    0.000000  0.000000  0.000000
   C   4.940069  -0.716689   0.000000    0.000000  0.000000  0.000000
   C   6.173475   1.431785   0.000000   -0.000000  0.000000  0.000000
   N   7.358051   3.642635   0.000000   -0.000000  0.000000  0.000000
   C   4.910090  -5.019617   0.000000    0.000000  0.000000  0.000000
   C   6.173642  -2.889413   0.000000    0.000000  0.000000  0.000000
   C   7.365228  -0.691139   0.000000    0.000000  0.000000  0.000000
   C   7.338226  -5.042760   0.000000    0.000000  0.000000  0.000000
   H   8.282184   5.591425   0.000000    0.000000 -0.000000  0.000000
   H   8.325741   3.141106   0.000000    0.000000  0.000000  0.000000
   H   8.326715   1.204661   0.000000    0.000000  0.000000  0.000000
   H   8.326715  -1.204661   0.000000    0.000000  0.000000  0.000000
   H   8.325741  -3.141106   0.000000    0.000000  0.000000  0.000000
   H   8.282184  -5.591425   0.000000    0.000000  0.000000  0.000000
   H  -8.282184   5.591425   0.000000    0.000000 -0.000000  0.000000
   H  -8.325741   3.141106   0.000000    0.000000  0.000000  0.000000
   H  -8.326715   1.204661   0.000000    0.000000  0.000000  0.000000
   H  -8.326715  -1.204661   0.000000    0.000000  0.000000  0.000000
   H  -8.325741  -3.141106   0.000000    0.000000  0.000000  0.000000
   H  -8.282184  -5.591425   0.000000    0.000000  0.000000  0.000000
   H  -6.116625   6.819427   0.000000    0.000000  0.000000  0.000000
   H  -3.672757   6.787431   0.000000    0.000000  0.000000  0.000000
   H  -1.225580   6.778408   0.000000    0.000000 -0.000000  0.000000
   H   1.225580   6.778408   0.000000    0.000000 -0.000000  0.000000
   H   3.672757   6.787431   0.000000    0.000000  0.000000  0.000000
   H   6.116625   6.819427   0.000000   -0.000000  0.000000  0.000000
   H  -6.116625  -6.819427   0.000000    0.000000  0.000000  0.000000
   H  -3.672757  -6.787431   0.000000    0.000000  0.000000  0.000000
   H  -1.225580  -6.778408   0.000000    0.000000  0.000000  0.000000
   H   1.225580  -6.778408   0.000000    0.000000  0.000000  0.000000
   H   3.672757  -6.787431   0.000000    0.000000  0.000000  0.000000
   H   6.116625  -6.819427   0.000000   -0.000000  0.000000  0.000000
converged SCF energy = -3084.30018831556
--------------- RKS_Scanner gradients ---------------
         x                y                z
0 C    -0.0051739152     0.0018334943    -0.0000000000
1 C     0.0076455309     0.0146297884    -0.0000000000
2 C     0.0020468643    -0.0045984460    -0.0000000000
3 C     0.0019855772     0.0024925862    -0.0000000000
4 C     0.0063923923     0.0081849641    -0.0000000000
5 C    -0.0119809672     0.0084561069    -0.0000000000
6 C     0.0208607075    -0.0002318397     0.0000000000
7 C    -0.0028659224     0.0045705697    -0.0000000000
8 C     0.0155423639     0.0000798734    -0.0000000000
9 C    -0.0097497878    -0.0041028411    -0.0000000000
10 C    -0.0040911919     0.0020753999    -0.0000000000
11 C    -0.0038526037     0.0330305104    -0.0000000000
12 C     0.0085664707     0.0134436640     0.0000000000
13 C     0.0091843571     0.0013476292    -0.0000000000
14 C     0.0183404074     0.0004113076    -0.0000000000
15 C    -0.0163613266    -0.0117906498    -0.0000000000
16 N    -0.0193859262     0.0088501355     0.0000000000
17 C     0.0063105528    -0.0044163400    -0.0000000000
18 C    -0.0073016428    -0.0076355181    -0.0000000000
19 C     0.0137577374    -0.0079813775    -0.0000000000
20 N     0.0286319845    -0.0013393833    -0.0000000000
21 C    -0.0094540673    -0.0151049287    -0.0000000000
22 C     0.0108433001    -0.0054257570    -0.0000000000
23 C    -0.0081553564     0.0053253804    -0.0000000000
24 C    -0.0172295482     0.0044441593    -0.0000000000
25 C    -0.0101478666    -0.0080945076    -0.0000000000
26 C     0.0434197447     0.0103708364     0.0000000000
27 C    -0.0123738225    -0.0074821776     0.0000000000
28 C    -0.0003130366     0.0005112178    -0.0000000000
29 C    -0.0047075445    -0.0057633070    -0.0000000000
30 N     0.0149194092     0.0092461475    -0.0000000000
31 C     0.0120582396     0.0415587538    -0.0000000000
32 C     0.0317450941     0.0053207325     0.0000000000
33 C    -0.0280929367    -0.0073661668     0.0000000000
34 C    -0.0170359451    -0.0026626513    -0.0000000000
35 C     0.0123324679     0.0272942124    -0.0000000000
36 C    -0.0075962857     0.0316402850     0.0000000000
37 C    -0.0380941015    -0.0119142654     0.0000000000
38 N    -0.0348469192    -0.0152709950    -0.0000000000
39 C    -0.0001879100     0.0023485586     0.0000000000
40 C     0.0008051482     0.0030972853     0.0000000000
41 C     0.0056199801    -0.0156407185     0.0000000000
42 C    -0.0185258337     0.0047189215    -0.0000000000
43 C     0.0020023781    -0.0012553867     0.0000000000
44 C    -0.0104063138     0.0037472438     0.0000000000
45 C     0.0004277294    -0.0124179878     0.0000000000
46 C    -0.0031622052    -0.0068406524     0.0000000000
47 C    -0.0001847401    -0.0004937331    -0.0000000000
48 C    -0.0169537620     0.0031759701    -0.0000000000
49 C    -0.0031944727    -0.0036744144     0.0000000000
50 C    -0.0220502180     0.0017457507    -0.0000000000
51 C     0.0114881840     0.0013838265     0.0000000000
52 C    -0.0011089931    -0.0323063531     0.0000000000
53 N    -0.0134596717    -0.0181439768     0.0000000000
54 C    -0.0009859657     0.0061538394     0.0000000000
55 C    -0.0098842834     0.0039441613     0.0000000000
56 C    -0.0382948459     0.0194109114     0.0000000000
57 C     0.0134142082     0.0004365088    -0.0000000000
58 C     0.0139441793     0.0041396446     0.0000000000
59 C     0.0179760534     0.0065743837     0.0000000000
60 C     0.0064729858    -0.0026998395     0.0000000000
61 C    -0.0076335647    -0.0158024931     0.0000000000
62 C    -0.0145744828     0.0187904876     0.0000000000
63 C     0.0102883627     0.0112381637     0.0000000000
64 C    -0.0034054070    -0.0067472411     0.0000000000
65 C     0.0095602024    -0.0019686099     0.0000000000
66 C    -0.0016083032     0.0138826745     0.0000000000
67 C    -0.0098173706    -0.0078592389     0.0000000000
68 C    -0.0371119146     0.0043403449     0.0000000000
69 C     0.0213886800     0.0009603622    -0.0000000000
70 C    -0.0035557352    -0.0050859302     0.0000000000
71 C     0.0025795718    -0.0114893912     0.0000000000
72 C     0.0033104900    -0.0493177866    -0.0000000000
73 N    -0.0434251289     0.0050223291     0.0000000000
74 C     0.0362637881     0.0054013273    -0.0000000000
75 C     0.0128884699    -0.0139976739     0.0000000000
76 C    -0.0202459536    -0.0308008530     0.0000000000
77 C     0.0295775136     0.0033465625     0.0000000000
78 H     0.0034600143     0.0104261257     0.0000000000
79 H     0.0560982729    -0.0276969136    -0.0000000000
80 H     0.0061964648     0.0024409149    -0.0000000000
81 H     0.0036489322    -0.0042698629    -0.0000000000
82 H     0.0559411414     0.0273438763     0.0000000000
83 H     0.0031515278    -0.0107249792     0.0000000000
84 H    -0.0047463963     0.0027733202     0.0000000000
85 H    -0.0057180300    -0.0028024067    -0.0000000000
86 H    -0.0057204865     0.0030307297     0.0000000000
87 H    -0.0060927799    -0.0027472887    -0.0000000000
88 H    -0.0060049418     0.0028646858     0.0000000000
89 H    -0.0046194245    -0.0029511772    -0.0000000000
90 H     0.0000462208     0.0058549002    -0.0000000000
91 H    -0.0001012561     0.0060848651    -0.0000000000
92 H     0.0001397842     0.0059970666    -0.0000000000
93 H    -0.0087219774     0.0093751798    -0.0000000000
94 H     0.0079502174     0.0096853608    -0.0000000000
95 H    -0.0042506844     0.0076869865    -0.0000000000
96 H    -0.0003656127    -0.0060275524     0.0000000000
97 H    -0.0031944686    -0.0085204566    -0.0000000000
98 H     0.0027559957    -0.0085934940     0.0000000000
99 H     0.0001900192    -0.0065565160    -0.0000000000
100 H    -0.0002830121    -0.0062751003    -0.0000000000
101 H    -0.0037838480    -0.0076527970    -0.0000000000
----------------------------------------------
cycle 1: E = -3084.30018832  dE = -3084.3  norm(grad) = 0.213304

Geometry optimization cycle 2
Cartesian coordinates (Angstrom)
 Atom        New coordinates             dX        dY        dZ
   C  -7.253206   4.973301   0.000000    0.085019 -0.069459  0.000000
   C  -7.317700   0.689204   0.000000    0.047528 -0.001935  0.000000
   C  -6.115837   2.856053   0.000000    0.057805 -0.033360  0.000000
   C  -4.840799   4.971478   0.000000    0.069292 -0.048139  0.000000
   C  -7.312660  -3.565407   0.000000    0.045391  0.077229  0.000000
   C  -6.110252  -1.408231   0.000000    0.063223  0.023554  0.000000
   C  -4.905355   0.701182  -0.000000    0.034713 -0.015506 -0.000000
   C  -3.657392   2.824274  -0.000000    0.037453 -0.036037 -0.000000
   C  -2.406012   4.968442  -0.000000    0.051212 -0.037273 -0.000000
   C  -6.075908  -5.633898   0.000000    0.062607  0.093347  0.000000
   C  -4.875997  -3.517608  -0.000000    0.052217  0.062462 -0.000000
   C  -3.653535  -1.419043  -0.000000    0.044634  0.006528 -0.000000
   C  -2.456511   0.691521  -0.000000    0.015268 -0.025018 -0.000000
   C  -1.239228   2.806400  -0.000000   -0.008523 -0.045507 -0.000000
   C   0.014690   4.926370  -0.000000    0.014690 -0.076799 -0.000000
   C  -3.625970  -5.592311  -0.000000    0.052996  0.101741 -0.000000
   N  -2.436588  -3.509503  -0.000000    0.029426  0.051420 -0.000000
   C  -1.240453  -1.410065  -0.000000   -0.008030  0.013143 -0.000000
   C  -0.005869   0.697571  -0.000000   -0.005869 -0.018238 -0.000000
   C   1.196052   2.797137  -0.000000   -0.034652 -0.054770 -0.000000
   N   2.417742   4.863276  -0.000000   -0.039481 -0.142439 -0.000000
   C  -1.211723  -5.586195  -0.000000    0.014612  0.098885 -0.000000
   C  -0.019537  -3.522332  -0.000000   -0.019537  0.034747 -0.000000
   C   1.203469  -1.421224  -0.000000   -0.028954  0.001983 -0.000000
   C   2.447078   0.689265  -0.000000   -0.024701 -0.027275 -0.000000
   C   3.655149   2.793959  -0.000000   -0.039696 -0.066353 -0.000000
   C   4.831060   4.910579  -0.000000   -0.079030 -0.109037 -0.000000
   C   1.240729  -5.632946  -0.000000    0.014395  0.052134 -0.000000
   C   2.433407  -3.528208  -0.000000   -0.032607  0.032715 -0.000000
   C   3.654916  -1.397041  -0.000000   -0.043253  0.028530 -0.000000
   N   4.875277   0.695214  -0.000000   -0.064791 -0.021475 -0.000000
   C   6.059213   2.780580   0.000000   -0.114428 -0.108833  0.000000
   C   7.197318   4.881235   0.000000   -0.140908 -0.161525  0.000000
   C   3.695917  -5.628537  -0.000000    0.016951  0.065515 -0.000000
   C   4.864297  -3.515985   0.000000   -0.063917  0.064085  0.000000
   C   6.120236  -1.378993   0.000000   -0.053239  0.052792  0.000000
   C   7.309310   0.678426   0.000000   -0.055918 -0.012713  0.000000
   C   6.162452  -5.595712   0.000000    0.023937  0.131534  0.000000
   N   7.216348  -3.493675   0.000000   -0.141703  0.148960  0.000000
   C  -7.301446   3.583445   0.000000    0.056605 -0.059190  0.000000
   C  -6.066631   5.661545   0.000000    0.071885 -0.065701  0.000000
   C  -7.304564  -0.672069   0.000000    0.060664  0.019070  0.000000
   C  -6.113351   1.409359   0.000000    0.060124 -0.022426  0.000000
   C  -4.880016   3.543951   0.000000    0.048198 -0.036120  0.000000
   C  -3.613014   5.644812   0.000000    0.065952 -0.049241  0.000000
   C  -7.270837  -4.946513   0.000000    0.067388  0.096247  0.000000
   C  -6.116820  -2.838851   0.000000    0.056822  0.050562  0.000000
   C  -4.885672  -0.714946  -0.000000    0.054397  0.001743 -0.000000
   C  -3.658233   1.398878  -0.000000    0.039936 -0.026693 -0.000000
   C  -2.444537   3.532705  -0.000000    0.021477 -0.028217 -0.000000
   C  -1.164790   5.639028  -0.000000    0.061544 -0.046052 -0.000000
   C  -4.862083  -4.939839   0.000000    0.048007  0.079778  0.000000
   C  -3.650791  -2.803740  -0.000000    0.044054  0.056572 -0.000000
   N  -2.446047  -0.704736  -0.000000    0.025733  0.011804 -0.000000
   C  -1.229909   1.388678  -0.000000    0.002514 -0.034529 -0.000000
   C  -0.010821   3.497112  -0.000000   -0.010821 -0.059967 -0.000000
   C   1.268235   5.551353  -0.000000    0.041900 -0.133727 -0.000000
   C  -2.431613  -4.920645  -0.000000    0.025610  0.085070 -0.000000
   C  -1.234022  -2.819660  -0.000000   -0.003318  0.032247 -0.000000
   C  -0.027296  -0.721846  -0.000000   -0.027296 -0.006037 -0.000000
   C   1.211516   1.388488  -0.000000   -0.020907 -0.034719 -0.000000
   C   2.436446   3.471962  -0.000000   -0.029569 -0.088961 -0.000000
   C   3.615479   5.536699  -0.000000   -0.063487 -0.157353 -0.000000
   C   0.015072  -4.959151  -0.000000    0.015072  0.044017 -0.000000
   C   1.206436  -2.827621  -0.000000   -0.024268  0.024286 -0.000000
   C   2.425457  -0.717570  -0.000000   -0.046323 -0.001031 -0.000000
   C   3.655671   1.377175  -0.000000   -0.042498 -0.048396 -0.000000
   C   4.863511   3.497947  -0.000000   -0.064703 -0.082123 -0.000000
   C   6.075835   5.621033   0.000000   -0.062681 -0.106213  0.000000
   C   2.452591  -4.962436  -0.000000   -0.004632  0.043279 -0.000000
   C   3.641760  -2.814733  -0.000000   -0.053085  0.045578 -0.000000
   C   4.884956  -0.695982  -0.000000   -0.055112  0.020707 -0.000000
   C   6.102138   1.401269   0.000000   -0.071337 -0.030516  0.000000
   N   7.223478   3.519920   0.000000   -0.134573 -0.122716  0.000000
   C   4.887415  -4.945787   0.000000   -0.022675  0.073830  0.000000
   C   6.045737  -2.782357   0.000000   -0.127905  0.107057  0.000000
   C   7.350094  -0.668458   0.000000   -0.015134  0.022681  0.000000
   C   7.281721  -4.858159   0.000000   -0.056504  0.184601  0.000000
   H   8.169211   5.350473   0.000000   -0.112973 -0.240951  0.000000
   H   8.104157   3.057130   0.000000   -0.221584 -0.083976  0.000000
   H   8.247129   1.213994   0.000000   -0.079586  0.009333  0.000000
   H   8.310730  -1.166526   0.000000   -0.015985  0.038136  0.000000
   H   8.075726  -2.991528   0.000000   -0.250014  0.149578  0.000000
   H   8.270023  -5.292218   0.000000   -0.012161  0.299207  0.000000
   H  -8.186270   5.523933   0.000000    0.095914 -0.067492  0.000000
   H  -8.261182   3.087597   0.000000    0.064559 -0.053509  0.000000
   H  -8.268522   1.201788   0.000000    0.058193 -0.002874  0.000000
   H  -8.252212  -1.189881   0.000000    0.074503  0.014781  0.000000
   H  -8.269588  -3.065089   0.000000    0.056153  0.076017  0.000000
   H  -8.204930  -5.495459   0.000000    0.077254  0.095966  0.000000
   H  -6.053646   6.744897   0.000000    0.062980 -0.074530  0.000000
   H  -3.607407   6.728841   0.000000    0.065350 -0.058591  0.000000
   H  -1.140593   6.722869   0.000000    0.084987 -0.055539  0.000000
   H   1.371216   6.625337  -0.000000    0.145636 -0.153071 -0.000000
   H   3.540370   6.612658  -0.000000   -0.132387 -0.174773 -0.000000
   H   6.119802   6.700632   0.000000    0.003177 -0.118794  0.000000
   H  -6.054458  -6.716864   0.000000    0.062168  0.102563  0.000000
   H  -3.589278  -6.672014   0.000000    0.083479  0.115417  0.000000
   H  -1.246404  -6.665756  -0.000000   -0.020824  0.112652 -0.000000
   H   1.241804  -6.716197  -0.000000    0.016224  0.062211 -0.000000
   H   3.713396  -6.712144   0.000000    0.040639  0.075288  0.000000
   H   6.228400  -6.674258   0.000000    0.111775  0.145168  0.000000
converged SCF energy = -3084.36020295543
--------------- RKS_Scanner gradients ---------------
         x                y                z
0 C     0.0057742548    -0.0024380293     0.0000000000
1 C     0.0002039044     0.0072146896     0.0000000000
2 C     0.0020149808     0.0012015894     0.0000000000
3 C     0.0047483276     0.0024549297     0.0000000000
4 C    -0.0022302288     0.0084306246     0.0000000000
5 C    -0.0056663689     0.0032708662     0.0000000000
6 C     0.0033467204    -0.0033958635    -0.0000000000
7 C    -0.0000645370     0.0010801905    -0.0000000000
8 C     0.0117020857     0.0004303370     0.0000000000
9 C    -0.0045940948    -0.0005987303    -0.0000000000
10 C     0.0033546224     0.0023546432     0.0000000000
11 C     0.0007234229     0.0065787219     0.0000000000
12 C     0.0012004068     0.0075597175    -0.0000000000
13 C    -0.0005358077    -0.0002191649    -0.0000000000
14 C     0.0079240043    -0.0049748807     0.0000000000
15 C    -0.0026600372     0.0035680584     0.0000000000
16 N    -0.0067261747     0.0043879331     0.0000000000
17 C    -0.0017796166    -0.0059512522    -0.0000000000
18 C    -0.0015302693    -0.0006850435     0.0000000000
19 C     0.0015048688     0.0003460049     0.0000000000
20 N     0.0023815922     0.0006589883    -0.0000000000
21 C    -0.0094291511     0.0085386412     0.0000000000
22 C    -0.0044894744    -0.0048385598     0.0000000000
23 C    -0.0041511483    -0.0000060209     0.0000000000
24 C    -0.0009702259    -0.0003180079     0.0000000000
25 C     0.0001933445    -0.0030207882     0.0000000000
26 C     0.0136381639    -0.0025225663     0.0000000000
27 C    -0.0054334563     0.0009796631     0.0000000000
28 C    -0.0022171947    -0.0022272156    -0.0000000000
29 C     0.0013906361     0.0034625457    -0.0000000000
30 N     0.0077553337     0.0082285636    -0.0000000000
31 C    -0.0089492968     0.0099144788     0.0000000000
32 C    -0.0100416588    -0.0049681749    -0.0000000000
33 C    -0.0073320951     0.0000907281     0.0000000000
34 C    -0.0025491804    -0.0043378757    -0.0000000000
35 C     0.0175198379     0.0129186346    -0.0000000000
36 C    -0.0104269933     0.0085755534    -0.0000000000
37 C    -0.0028069290     0.0025854639    -0.0000000000
38 N    -0.0080483345     0.0045606941    -0.0000000000
39 C    -0.0050784120    -0.0035546140     0.0000000000
40 C    -0.0016299902    -0.0003902736    -0.0000000000
41 C     0.0058996540    -0.0050349562    -0.0000000000
42 C    -0.0056384426    -0.0013759861    -0.0000000000
43 C    -0.0016693892     0.0002307880     0.0000000000
44 C    -0.0036901623    -0.0014380659    -0.0000000000
45 C     0.0071232548    -0.0018402561     0.0000000000
46 C    -0.0009332002    -0.0054471504    -0.0000000000
47 C     0.0052631319    -0.0019001693    -0.0000000000
48 C    -0.0019703133    -0.0033419633     0.0000000000
49 C    -0.0057935131     0.0007668117     0.0000000000
50 C    -0.0058847497     0.0040724735    -0.0000000000
51 C     0.0045012728     0.0013297491    -0.0000000000
52 C     0.0010246063    -0.0065734056    -0.0000000000
53 N    -0.0025391607    -0.0074968879     0.0000000000
54 C     0.0003006429    -0.0039856417    -0.0000000000
55 C    -0.0047937874     0.0024671858    -0.0000000000
56 C    -0.0054998609     0.0022236384    -0.0000000000
57 C     0.0064242364    -0.0070219282    -0.0000000000
58 C     0.0051828053     0.0066284731     0.0000000000
59 C     0.0018352792     0.0038197135    -0.0000000000
60 C     0.0050355549    -0.0023498759    -0.0000000000
61 C     0.0021970590    -0.0044052759    -0.0000000000
62 C    -0.0115875485    -0.0052620915    -0.0000000000
63 C     0.0125073291    -0.0016101582    -0.0000000000
64 C    -0.0007808264    -0.0010431654    -0.0000000000
65 C    -0.0001763380     0.0007545708     0.0000000000
66 C    -0.0038747594     0.0054740642    -0.0000000000
67 C     0.0037307968    -0.0026115335    -0.0000000000
68 C    -0.0013759502     0.0058197847     0.0000000000
69 C     0.0103665642    -0.0008665841    -0.0000000000
70 C    -0.0017729592     0.0024975398     0.0000000000
71 C    -0.0040493559    -0.0115050742     0.0000000000
72 C     0.0105576967    -0.0123606821     0.0000000000
73 N     0.0041504921    -0.0114248660     0.0000000000
74 C     0.0113505082     0.0025637032     0.0000000000
75 C    -0.0105055487     0.0052969169     0.0000000000
76 C     0.0013348304    -0.0092467055     0.0000000000
77 C     0.0038291440    -0.0002600004     0.0000000000
78 H    -0.0026522722    -0.0002652154    -0.0000000000
79 H    -0.0050298380     0.0015957877     0.0000000000
80 H    -0.0000695977    -0.0010246618    -0.0000000000
81 H     0.0009050799    -0.0008212686     0.0000000000
82 H    -0.0048627154    -0.0025907945    -0.0000000000
83 H    -0.0016851394    -0.0010088097     0.0000000000
84 H     0.0005744811    -0.0009751413    -0.0000000000
85 H    -0.0005398793    -0.0011951806     0.0000000000
86 H    -0.0005827962     0.0002941543    -0.0000000000
87 H    -0.0003659812     0.0004195881     0.0000000000
88 H    -0.0009612730     0.0007015940    -0.0000000000
89 H     0.0003963571     0.0011806148    -0.0000000000
90 H     0.0007006946    -0.0003368113     0.0000000000
91 H     0.0008642961    -0.0004924494    -0.0000000000
92 H     0.0009954692     0.0003060098     0.0000000000
93 H     0.0004240768    -0.0006644695     0.0000000000
94 H     0.0012314418    -0.0008433426     0.0000000000
95 H    -0.0002588665     0.0009835363     0.0000000000
96 H     0.0005972451     0.0001719566     0.0000000000
97 H    -0.0001921151     0.0008728264    -0.0000000000
98 H     0.0015736205     0.0017523380    -0.0000000000
99 H     0.0010546378     0.0005850559    -0.0000000000
100 H     0.0011291956     0.0004705665    -0.0000000000
101 H     0.0006435000     0.0004072736    -0.0000000000
----------------------------------------------
cycle 2: E = -3084.36020296  dE = -0.0600146  norm(grad) = 0.0700175

Geometry optimization cycle 3
Cartesian coordinates (Angstrom)
 Atom        New coordinates             dX        dY        dZ
   C  -7.271301   5.024070   0.000000   -0.018095  0.050769 -0.000000
   C  -7.303333   0.661190   0.000000    0.014367 -0.028015  0.000000
   C  -6.116618   2.861749   0.000000   -0.000782  0.005696  0.000000
   C  -4.855545   4.967596   0.000000   -0.014746 -0.003882  0.000000
   C  -7.290541  -3.633964   0.000000    0.022119 -0.068557  0.000000
   C  -6.108741  -1.429145   0.000000    0.001510 -0.020914  0.000000
   C  -4.906464   0.701727   0.000000   -0.001108  0.000545  0.000000
   C  -3.651292   2.819677   0.000000    0.006100 -0.004597  0.000000
   C  -2.426043   4.959149   0.000000   -0.020031 -0.009293  0.000000
   C  -6.066445  -5.665936   0.000000    0.009463 -0.032037 -0.000000
   C  -4.873998  -3.531288   0.000000    0.001999 -0.013680  0.000000
   C  -3.655372  -1.424753   0.000000   -0.001837 -0.005710  0.000000
   C  -2.455943   0.689021  -0.000000    0.000568 -0.002501  0.000000
   C  -1.229263   2.810372  -0.000000    0.009964  0.003972  0.000000
   C   0.016243   4.932594  -0.000000    0.001552  0.006224  0.000000
   C  -3.624539  -5.604421   0.000000    0.001431 -0.012109  0.000000
   N  -2.432273  -3.512777  -0.000000    0.004315 -0.003274  0.000000
   C  -1.241947  -1.400371  -0.000000   -0.001494  0.009693  0.000000
   C  -0.004850   0.707436  -0.000000    0.001020  0.009865  0.000000
   C   1.205651   2.814980  -0.000000    0.009599  0.017843  0.000000
   N   2.439234   4.888220  -0.000000    0.021492  0.024943  0.000000
   C  -1.223691  -5.603259  -0.000000   -0.011968 -0.017064  0.000000
   C  -0.018755  -3.502096  -0.000000    0.000782  0.020236  0.000000
   C   1.205698  -1.409566  -0.000000    0.002229  0.011658  0.000000
   C   2.444596   0.700773  -0.000000   -0.002482  0.011508  0.000000
   C   3.660792   2.809754   0.000000    0.005643  0.015795  0.000000
   C   4.832504   4.921577   0.000000    0.001443  0.010998  0.000000
   C   1.209616  -5.612699  -0.000000   -0.031113  0.020247  0.000000
   C   2.442217  -3.509440  -0.000000    0.008809  0.018768  0.000000
   C   3.647608  -1.395447   0.000000   -0.007307  0.001594  0.000000
   N   4.863026   0.700442   0.000000   -0.012251  0.005228  0.000000
   C   6.078415   2.803301   0.000000    0.019202  0.022721  0.000000
   C   7.265699   4.920030   0.000000    0.068381  0.038795 -0.000000
   C   3.660849  -5.619364  -0.000000   -0.035068  0.009173 -0.000000
   C   4.891317  -3.516547   0.000000    0.027019 -0.000562  0.000000
   C   6.084820  -1.407483   0.000000   -0.035416 -0.028490  0.000000
   C   7.292240   0.687804   0.000000   -0.017070  0.009378  0.000000
   C   6.127197  -5.611973   0.000000   -0.035256 -0.016261 -0.000000
   N   7.276153  -3.521246   0.000000    0.059806 -0.027571 -0.000000
   C  -7.275756   3.633260   0.000000    0.025690  0.049815 -0.000000
   C  -6.068425   5.681297   0.000000   -0.001794  0.019752 -0.000000
   C  -7.309880  -0.696004   0.000000   -0.005316 -0.023934  0.000000
   C  -6.110444   1.408926   0.000000    0.002907 -0.000433  0.000000
   C  -4.875273   3.538625   0.000000    0.004743 -0.005325  0.000000
   C  -3.626041   5.642507   0.000000   -0.013027 -0.002305  0.000000
   C  -7.281722  -5.011815   0.000000   -0.010884 -0.065303 -0.000000
   C  -6.117851  -2.861954   0.000000   -0.001031 -0.023102  0.000000
   C  -4.892707  -0.719853   0.000000   -0.007035 -0.004907  0.000000
   C  -3.654894   1.397107   0.000000    0.003339 -0.001771  0.000000
   C  -2.437793   3.526069   0.000000    0.006744 -0.006636  0.000000
   C  -1.173978   5.621790  -0.000000   -0.009188 -0.017238  0.000000
   C  -4.864958  -4.956254   0.000000   -0.002875 -0.016415  0.000000
   C  -3.650707  -2.805655   0.000000    0.000085 -0.001916  0.000000
   N  -2.447560  -0.699347  -0.000000   -0.001514  0.005389  0.000000
   C  -1.230399   1.394172  -0.000000   -0.000490  0.005494  0.000000
   C  -0.001268   3.503595  -0.000000    0.009553  0.006483  0.000000
   C   1.280596   5.552090  -0.000000    0.012361  0.000737  0.000000
   C  -2.440097  -4.922107  -0.000000   -0.008484 -0.001461  0.000000
   C  -1.239750  -2.814100  -0.000000   -0.005727  0.005559  0.000000
   C  -0.029065  -0.714610  -0.000000   -0.001768  0.007235  0.000000
   C   1.208183   1.405352  -0.000000   -0.003333  0.016863  0.000000
   C   2.445496   3.497388  -0.000000    0.009051  0.025427  0.000000
   C   3.637745   5.574265  -0.000000    0.022266  0.037565  0.000000
   C  -0.020368  -4.942204  -0.000000   -0.035440  0.016947  0.000000
   C   1.213129  -2.812196  -0.000000    0.006693  0.015425  0.000000
   C   2.423290  -0.707315  -0.000000   -0.002166  0.010256  0.000000
   C   3.652727   1.385899   0.000000   -0.002943  0.008724  0.000000
   C   4.870346   3.511655   0.000000    0.006835  0.013707  0.000000
   C   6.106150   5.597506   0.000000    0.030316 -0.023527 -0.000000
   C   2.417575  -4.942536  -0.000000   -0.035017  0.019899  0.000000
   C   3.664206  -2.814084  -0.000000    0.022445  0.000649  0.000000
   C   4.870587  -0.689878   0.000000   -0.014369  0.006104  0.000000
   C   6.085237   1.428586   0.000000   -0.016901  0.027317  0.000000
   N   7.240687   3.561916   0.000000    0.017209  0.041997 -0.000000
   C   4.852969  -4.947303   0.000000   -0.034446 -0.001516 -0.000000
   C   6.095799  -2.815423   0.000000    0.050062 -0.033066  0.000000
   C   7.296659  -0.653418   0.000000   -0.053435  0.015041  0.000000
   C   7.253553  -4.885603   0.000000   -0.028168 -0.027445 -0.000000
   H   8.240216   5.388363   0.000000    0.071004  0.037889 -0.000000
   H   8.114276   3.093139   0.000000    0.010119  0.036009 -0.000000
   H   8.236990   1.210347   0.000000   -0.010139 -0.003647  0.000000
   H   8.258126  -1.144557   0.000000   -0.052604  0.021969  0.000000
   H   8.146989  -3.045449   0.000000    0.071262 -0.053921 -0.000000
   H   8.231823  -5.342216   0.000000   -0.038200 -0.049998 -0.000000
   H  -8.204675   5.574977   0.000000   -0.018405  0.051044 -0.000000
   H  -8.236865   3.145389   0.000000    0.024317  0.057793 -0.000000
   H  -8.254058   1.169866   0.000000    0.014464 -0.031922 -0.000000
   H  -8.257306  -1.211587   0.000000   -0.005094 -0.021706 -0.000000
   H  -8.248588  -3.141581   0.000000    0.021000 -0.076493  0.000000
   H  -8.212474  -5.567076   0.000000   -0.007543 -0.071617 -0.000000
   H  -6.035455   6.763687   0.000000    0.018191  0.018791 -0.000000
   H  -3.622056   6.726180   0.000000   -0.014649 -0.002661  0.000000
   H  -1.161337   6.704385   0.000000   -0.020744 -0.018483 -0.000000
   H   1.380657   6.625612  -0.000000    0.009440  0.000275 -0.000000
   H   3.558590   6.649564  -0.000000    0.018220  0.036906 -0.000000
   H   6.142161   6.674805  -0.000000    0.022359 -0.025827 -0.000000
   H  -6.025351  -6.747544   0.000000    0.029107 -0.030681 -0.000000
   H  -3.576597  -6.683439   0.000000    0.012681 -0.011425 -0.000000
   H  -1.259434  -6.683764  -0.000000   -0.013030 -0.018008 -0.000000
   H   1.206714  -6.695633  -0.000000   -0.035090  0.020564 -0.000000
   H   3.664219  -6.702664  -0.000000   -0.049177  0.009480 -0.000000
   H   6.181450  -6.690373   0.000000   -0.046950 -0.016115 -0.000000
converged SCF energy = -3084.36043500272
--------------- RKS_Scanner gradients ---------------
         x                y                z
0 C    -0.0083436671     0.0041450248     0.0000000000
1 C     0.0050641703    -0.0034844260    -0.0000000000
2 C    -0.0017014227    -0.0038781186     0.0000000000
3 C    -0.0012169817    -0.0001665045     0.0000000000
4 C     0.0101273248    -0.0055972710    -0.0000000000
5 C     0.0024652468     0.0026720568    -0.0000000000
6 C     0.0002057583    -0.0004203902     0.0000000000
7 C     0.0003349761     0.0005914061     0.0000000000
8 C    -0.0011539941    -0.0006088604     0.0000000000
9 C    -0.0015143667     0.0047571461    -0.0000000000
10 C     0.0023370375     0.0022689046    -0.0000000000
11 C     0.0015066038     0.0000694689    -0.0000000000
12 C     0.0008867990     0.0013395543     0.0000000000
13 C     0.0012906887     0.0010914571     0.0000000000
14 C     0.0043183842    -0.0000840194     0.0000000000
15 C    -0.0003724211     0.0002093733     0.0000000000
16 N    -0.0005003027     0.0026762248    -0.0000000000
17 C    -0.0004627453    -0.0017055319    -0.0000000000
18 C    -0.0001614476    -0.0005659079     0.0000000000
19 C     0.0012758820     0.0014512061     0.0000000000
20 N     0.0068686402     0.0040608125     0.0000000000
21 C    -0.0043406011    -0.0040641011     0.0000000000
22 C     0.0037515548     0.0022031196    -0.0000000000
23 C     0.0003515282    -0.0011170615    -0.0000000000
24 C     0.0000932430    -0.0014544043     0.0000000000
25 C    -0.0000921163     0.0006165144     0.0000000000
26 C    -0.0092328065     0.0001767819    -0.0000000000
27 C    -0.0056856432    -0.0006079345     0.0000000000
28 C     0.0033324618     0.0034051436    -0.0000000000
29 C    -0.0008361598    -0.0002923094    -0.0000000000
30 N    -0.0016548693    -0.0002425720     0.0000000000
31 C     0.0016117742    -0.0023611100     0.0000000000
32 C     0.0173433146     0.0063132732     0.0000000000
33 C    -0.0034495336    -0.0011273258    -0.0000000000
34 C     0.0040195710     0.0045409622    -0.0000000000
35 C    -0.0070795313    -0.0052622523     0.0000000000
36 C     0.0008688187     0.0035937928    -0.0000000000
37 C     0.0006328425    -0.0035189927     0.0000000000
38 N     0.0184322791     0.0028626015     0.0000000000
39 C     0.0100161381     0.0081461256    -0.0000000000
40 C     0.0001566669    -0.0035089531    -0.0000000000
41 C    -0.0027890261    -0.0023349498     0.0000000000
42 C     0.0012459573     0.0009222065     0.0000000000
43 C     0.0012756007    -0.0023720732    -0.0000000000
44 C    -0.0023754148     0.0007933013    -0.0000000000
45 C    -0.0070423717    -0.0057250077    -0.0000000000
46 C    -0.0059873674     0.0031651110     0.0000000000
47 C     0.0010001501     0.0004974525     0.0000000000
48 C     0.0011372062    -0.0011779131    -0.0000000000
49 C     0.0017440953    -0.0021229085    -0.0000000000
50 C    -0.0035481562    -0.0033026142    -0.0000000000
51 C     0.0017301363     0.0003977492    -0.0000000000
52 C     0.0003415801    -0.0004590042     0.0000000000
53 N    -0.0007670864    -0.0018380306    -0.0000000000
54 C    -0.0013859820    -0.0019123084    -0.0000000000
55 C    -0.0010625489     0.0002706363    -0.0000000000
56 C     0.0006804271    -0.0071674024    -0.0000000000
57 C     0.0028486929    -0.0003663385     0.0000000000
58 C    -0.0022216606     0.0012278430     0.0000000000
59 C    -0.0001958661     0.0017015619     0.0000000000
60 C    -0.0010743008     0.0014397439    -0.0000000000
61 C    -0.0031858095     0.0015732912    -0.0000000000
62 C    -0.0026206907     0.0008565167     0.0000000000
63 C    -0.0024302837     0.0027471563     0.0000000000
64 C    -0.0009727398    -0.0001698184     0.0000000000
65 C     0.0002893096     0.0024577375     0.0000000000
66 C     0.0004213660     0.0013350364    -0.0000000000
67 C     0.0057368376    -0.0029631948    -0.0000000000
68 C    -0.0007839187    -0.0170778050     0.0000000000
69 C     0.0007203590     0.0027645718     0.0000000000
70 C     0.0024205705    -0.0039534536     0.0000000000
71 C    -0.0020597175     0.0007934684     0.0000000000
72 C    -0.0036023176    -0.0003321297     0.0000000000
73 N    -0.0069037365     0.0075278227    -0.0000000000
74 C    -0.0003516733     0.0048434530     0.0000000000
75 C     0.0076550398    -0.0088262003    -0.0000000000
76 C    -0.0057486472     0.0013246270    -0.0000000000
77 C    -0.0117079595     0.0070077448    -0.0000000000
78 H     0.0007657130     0.0004308426    -0.0000000000
79 H    -0.0080113396     0.0061484202     0.0000000000
80 H    -0.0002261008    -0.0005150687     0.0000000000
81 H    -0.0014346990     0.0018137429    -0.0000000000
82 H    -0.0068716462    -0.0037711164    -0.0000000000
83 H    -0.0013668720     0.0020780158     0.0000000000
84 H    -0.0002615116     0.0009979430    -0.0000000000
85 H     0.0024152518     0.0025454165    -0.0000000000
86 H     0.0015724379    -0.0022195445     0.0000000000
87 H     0.0005111238     0.0007667129    -0.0000000000
88 H     0.0020918871    -0.0023213008     0.0000000000
89 H    -0.0004134599    -0.0006082317     0.0000000000
90 H    -0.0009583958    -0.0009747186     0.0000000000
91 H     0.0000083640    -0.0004767382    -0.0000000000
92 H     0.0003816469    -0.0014015922    -0.0000000000
93 H     0.0015560406    -0.0019821682    -0.0000000000
94 H     0.0005732761    -0.0005651194    -0.0000000000
95 H     0.0012312996    -0.0028777271     0.0000000000
96 H    -0.0006019310     0.0011926394     0.0000000000
97 H     0.0000629298     0.0007972001     0.0000000000
98 H    -0.0001944576    -0.0000150817    -0.0000000000
99 H    -0.0002057051     0.0007900999    -0.0000000000
100 H     0.0000139207     0.0007713635     0.0000000000
101 H    -0.0005645113     0.0007416275     0.0000000000
----------------------------------------------
cycle 3: E = -3084.360435  dE = -0.000232047  norm(grad) = 0.0555776

Geometry optimization cycle 4
Cartesian coordinates (Angstrom)
 Atom        New coordinates             dX        dY        dZ
   C  -7.269092   4.996538   0.000000    0.002209 -0.027532 -0.000000
   C  -7.318445   0.677570   0.000000   -0.015112  0.016380 -0.000000
   C  -6.121924   2.862471   0.000000   -0.005306  0.000721 -0.000000
   C  -4.859097   4.974978   0.000000   -0.003552  0.007382 -0.000000
   C  -7.309787  -3.601070   0.000000   -0.019245  0.032894 -0.000000
   C  -6.115557  -1.421814   0.000000   -0.006816  0.007331 -0.000000
   C  -4.911771   0.705762   0.000000   -0.005307  0.004035  0.000000
   C  -3.656233   2.827329   0.000000   -0.004942  0.007651  0.000000
   C  -2.429448   4.969501   0.000000   -0.003404  0.010352 -0.000000
   C  -6.074214  -5.661455   0.000000   -0.007770  0.004481 -0.000000
   C  -4.880820  -3.534544   0.000000   -0.006822 -0.003256  0.000000
   C  -3.659641  -1.424906   0.000000   -0.004269 -0.000153  0.000000
   C  -2.458866   0.691853  -0.000000   -0.002923  0.002833  0.000000
   C  -1.231565   2.816026  -0.000000   -0.002302  0.005654  0.000000
   C   0.008894   4.942011  -0.000000   -0.007348  0.009418 -0.000000
   C  -3.626401  -5.612375   0.000000   -0.001862 -0.007954 -0.000000
   N  -2.434168  -3.518930  -0.000000   -0.001895 -0.006153  0.000000
   C  -1.241183  -1.402498  -0.000000    0.000764 -0.002127  0.000000
   C  -0.004174   0.706970  -0.000000    0.000676 -0.000466  0.000000
   C   1.205347   2.815564  -0.000000   -0.000304  0.000584  0.000000
   N   2.428118   4.891743  -0.000000   -0.011116  0.003523 -0.000000
   C  -1.217326  -5.607632  -0.000000    0.006364 -0.004373  0.000000
   C  -0.017759  -3.511543  -0.000000    0.000996 -0.009448  0.000000
   C   1.210309  -1.414228  -0.000000    0.004611 -0.004662  0.000000
   C   2.449843   0.699403  -0.000000    0.005247 -0.001370  0.000000
   C   3.666206   2.813459   0.000000    0.005413  0.003705  0.000000
   C   4.834272   4.935802  -0.000000    0.001769  0.014225 -0.000000
   C   1.222609  -5.625860  -0.000000    0.012993 -0.013161  0.000000
   C   2.441969  -3.521617  -0.000000   -0.000248 -0.012177  0.000000
   C   3.656110  -1.399993   0.000000    0.008501 -0.004546  0.000000
   N   4.872299   0.697891   0.000000    0.009273 -0.002551  0.000000
   C   6.088875   2.803383   0.000000    0.010461  0.000083 -0.000000
   C   7.234837   4.915115   0.000000   -0.030862 -0.004915 -0.000000
   C   3.676611  -5.633077  -0.000000    0.015762 -0.013713 -0.000000
   C   4.887092  -3.529332   0.000000   -0.004225 -0.012785 -0.000000
   C   6.098136  -1.411523   0.000000    0.013316 -0.004040 -0.000000
   C   7.304003   0.676950   0.000000    0.011763 -0.010853 -0.000000
   C   6.149837  -5.620881   0.000000    0.022640 -0.008908 -0.000000
   N   7.266138  -3.537604   0.000000   -0.010015 -0.016358 -0.000000
   C  -7.299068   3.604949   0.000000   -0.023312 -0.028312 -0.000000
   C  -6.077736   5.678725   0.000000   -0.009311 -0.002572 -0.000000
   C  -7.314447  -0.680633   0.000000   -0.004568  0.015371 -0.000000
   C  -6.116688   1.412452   0.000000   -0.006244  0.003526 -0.000000
   C  -4.882400   3.546514   0.000000   -0.007128  0.007888 -0.000000
   C  -3.629626   5.652227   0.000000   -0.003585  0.009720 -0.000000
   C  -7.277041  -4.979190   0.000000    0.004680  0.032626 -0.000000
   C  -6.120465  -2.854290   0.000000   -0.002614  0.007664 -0.000000
   C  -4.897589  -0.716498   0.000000   -0.004882  0.003355  0.000000
   C  -3.659443   1.402944   0.000000   -0.004549  0.005837  0.000000
   C  -2.441023   3.534674   0.000000   -0.003230  0.008605  0.000000
   C  -1.178077   5.635594  -0.000000   -0.004099  0.013804 -0.000000
   C  -4.867797  -4.960829   0.000000   -0.002839 -0.004575 -0.000000
   C  -3.654547  -2.808962   0.000000   -0.003840 -0.003307  0.000000
   N  -2.448870  -0.698474  -0.000000   -0.001310  0.000873  0.000000
   C  -1.230822   1.398004  -0.000000   -0.000423  0.003832  0.000000
   C  -0.001609   3.508829  -0.000000   -0.000341  0.005234  0.000000
   C   1.271700   5.568066  -0.000000   -0.008896  0.015976 -0.000000
   C  -2.440026  -4.928848  -0.000000    0.000071 -0.006741  0.000000
   C  -1.239236  -2.820428  -0.000000    0.000514 -0.006327  0.000000
   C  -0.025965  -0.717957  -0.000000    0.003099 -0.003347  0.000000
   C   1.210933   1.404165  -0.000000    0.002750 -0.001186  0.000000
   C   2.446374   3.498416  -0.000000    0.000877  0.001028  0.000000
   C   3.631457   5.576867  -0.000000   -0.006288  0.002603 -0.000000
   C  -0.009940  -4.953477  -0.000000    0.010429 -0.011273  0.000000
   C   1.214273  -2.819676  -0.000000    0.001144 -0.007480  0.000000
   C   2.429957  -0.711872  -0.000000    0.006667 -0.004557  0.000000
   C   3.660252   1.385586   0.000000    0.007525 -0.000313  0.000000
   C   4.876830   3.520265   0.000000    0.006485  0.008611 -0.000000
   C   6.096554   5.631939   0.000000   -0.009597  0.034433 -0.000000
   C   2.430009  -4.957127  -0.000000    0.012434 -0.014591  0.000000
   C   3.662028  -2.820992  -0.000000   -0.002177 -0.006908  0.000000
   C   4.882751  -0.693496   0.000000    0.012164 -0.003617  0.000000
   C   6.096685   1.424914   0.000000    0.011448 -0.003672 -0.000000
   N   7.258440   3.552893   0.000000    0.017753 -0.009024 -0.000000
   C   4.869103  -4.962899   0.000000    0.016134 -0.015596 -0.000000
   C   6.089210  -2.821591   0.000000   -0.006590 -0.006167 -0.000000
   C   7.317040  -0.665697   0.000000    0.020381 -0.012279 -0.000000
   C   7.286179  -4.905860   0.000000    0.032626 -0.020257 -0.000000
   H   8.208871   5.384948   0.000000   -0.031345 -0.003415 -0.000000
   H   8.146142   3.089123   0.000000    0.031866 -0.004016 -0.000000
   H   8.248111   1.202022   0.000000    0.011121 -0.008325 -0.000000
   H   8.278389  -1.160104   0.000000    0.020262 -0.015547 -0.000000
   H   8.139063  -3.047537   0.000000   -0.007926 -0.002088 -0.000000
   H   8.269509  -5.356230   0.000000    0.037686 -0.014014 -0.000000
   H  -8.203534   5.545450   0.000000    0.001141 -0.029527 -0.000000
   H  -8.259662   3.111079   0.000000   -0.022798 -0.034310 -0.000000
   H  -8.268488   1.191230   0.000000   -0.014431  0.021364 -0.000000
   H  -8.261375  -1.198757   0.000000   -0.004069  0.012830 -0.000000
   H  -8.267424  -3.103555   0.000000   -0.018836  0.038026 -0.000000
   H  -8.209155  -5.532049   0.000000    0.003319  0.035027 -0.000000
   H  -6.058251   6.762413   0.000000   -0.022796 -0.001274 -0.000000
   H  -3.627347   6.736560   0.000000   -0.005291  0.010380 -0.000000
   H  -1.166224   6.719314   0.000000   -0.004888  0.014929 -0.000000
   H   1.368524   6.643620  -0.000000   -0.012133  0.018008 -0.000000
   H   3.546916   6.652725  -0.000000   -0.011674  0.003162 -0.000000
   H   6.138360   6.711061  -0.000000   -0.003801  0.036255 -0.000000
   H  -6.048242  -6.744619   0.000000   -0.022891  0.002925 -0.000000
   H  -3.579921  -6.692499   0.000000   -0.003324 -0.009060 -0.000000
   H  -1.254485  -6.688763  -0.000000    0.004949 -0.004999 -0.000000
   H   1.218933  -6.709697  -0.000000    0.012219 -0.014064 -0.000000
   H   3.679281  -6.717234  -0.000000    0.015063 -0.014570 -0.000000
   H   6.201778  -6.700285   0.000000    0.020328 -0.009912 -0.000000
converged SCF energy = -3084.36557917714
--------------- RKS_Scanner gradients ---------------
         x                y                z
0 C     0.0002852501    -0.0003815997     0.0000000000
1 C     0.0005628781     0.0004585445    -0.0000000000
2 C    -0.0001044649     0.0001877821     0.0000000000
3 C    -0.0004728499    -0.0005192272     0.0000000000
4 C     0.0003263144     0.0014427738    -0.0000000000
5 C    -0.0011411487    -0.0000207682    -0.0000000000
6 C     0.0000521682     0.0000358311     0.0000000000
7 C     0.0001790995     0.0011180541     0.0000000000
8 C    -0.0010932609    -0.0004397439     0.0000000000
9 C    -0.0009385055    -0.0011272330     0.0000000000
10 C     0.0004288505     0.0002703905    -0.0000000000
11 C     0.0007211576     0.0010298606    -0.0000000000
12 C     0.0002034241     0.0006197785     0.0000000000
13 C     0.0009209131     0.0009944995     0.0000000000
14 C     0.0013416555    -0.0001762895    -0.0000000000
15 C    -0.0009608581    -0.0012806068    -0.0000000000
16 N    -0.0002252748     0.0011330225    -0.0000000000
17 C    -0.0001262666    -0.0004373275     0.0000000000
18 C    -0.0003789415    -0.0006544382    -0.0000000000
19 C     0.0006589379     0.0009317453     0.0000000000
20 N     0.0021918029     0.0009510319     0.0000000000
21 C    -0.0019332940    -0.0024490729    -0.0000000000
22 C     0.0023019682     0.0006358142    -0.0000000000
23 C     0.0004751180    -0.0002328397    -0.0000000000
24 C    -0.0007125116    -0.0013200991     0.0000000000
25 C    -0.0014965646    -0.0003587398     0.0000000000
26 C    -0.0013992796     0.0003908369    -0.0000000000
27 C    -0.0027913426     0.0000117784    -0.0000000000
28 C     0.0011849069     0.0008679290    -0.0000000000
29 C     0.0001531911     0.0002353309     0.0000000000
30 N    -0.0010528702    -0.0004058502     0.0000000000
31 C     0.0025570810     0.0034138941     0.0000000000
32 C    -0.0011466347    -0.0007362085    -0.0000000000
33 C    -0.0020375498     0.0005630665    -0.0000000000
34 C     0.0004494472     0.0010350166     0.0000000000
35 C    -0.0042313856    -0.0022951381     0.0000000000
36 C     0.0001319446     0.0018081079    -0.0000000000
37 C    -0.0007714103     0.0017208264    -0.0000000000
38 N     0.0014573988    -0.0031974016     0.0000000000
39 C     0.0001000649    -0.0002069205    -0.0000000000
40 C     0.0002079969     0.0016405047    -0.0000000000
41 C     0.0003521861    -0.0002549862     0.0000000000
42 C    -0.0005377344     0.0001543910    -0.0000000000
43 C     0.0006768954    -0.0007961709    -0.0000000000
44 C    -0.0012092227     0.0013077701    -0.0000000000
45 C     0.0012622149    -0.0004696242    -0.0000000000
46 C    -0.0011960650    -0.0007232469     0.0000000000
47 C    -0.0003204615     0.0002710399     0.0000000000
48 C     0.0004696350    -0.0003890310    -0.0000000000
49 C     0.0014772387    -0.0010963430    -0.0000000000
50 C    -0.0019603641    -0.0010358780     0.0000000000
51 C     0.0013847208     0.0002370295    -0.0000000000
52 C     0.0004105532    -0.0017067294     0.0000000000
53 N    -0.0007887225    -0.0010551021    -0.0000000000
54 C    -0.0007199328    -0.0003833886    -0.0000000000
55 C    -0.0000683893    -0.0003404935    -0.0000000000
56 C    -0.0010393522    -0.0006323319     0.0000000000
57 C     0.0014642606     0.0002551186     0.0000000000
58 C    -0.0013747412     0.0005320578     0.0000000000
59 C     0.0007999798     0.0006535826    -0.0000000000
60 C    -0.0000594944     0.0009563998    -0.0000000000
61 C    -0.0003466161    -0.0002598066    -0.0000000000
62 C    -0.0012136270     0.0006934287     0.0000000000
63 C    -0.0007391146     0.0009881643     0.0000000000
64 C    -0.0007832092     0.0001476934     0.0000000000
65 C     0.0001907030     0.0009355669    -0.0000000000
66 C     0.0012870020     0.0010286257    -0.0000000000
67 C     0.0022320485    -0.0013738608     0.0000000000
68 C    -0.0006617000     0.0002965416     0.0000000000
69 C     0.0007248292     0.0005859325     0.0000000000
70 C     0.0005689893    -0.0014602686    -0.0000000000
71 C    -0.0004557466     0.0008720480    -0.0000000000
72 C    -0.0022177547    -0.0012755758    -0.0000000000
73 N     0.0018411879     0.0004989586    -0.0000000000
74 C    -0.0005119829     0.0004778131     0.0000000000
75 C     0.0040374033    -0.0020746938    -0.0000000000
76 C    -0.0021442205    -0.0003335900     0.0000000000
77 C     0.0019525959     0.0001599623     0.0000000000
78 H    -0.0001296326    -0.0005344642    -0.0000000000
79 H     0.0006546319    -0.0002367741     0.0000000000
80 H    -0.0000400001    -0.0004130243    -0.0000000000
81 H    -0.0004614494     0.0007648148    -0.0000000000
82 H     0.0001106140    -0.0003969524     0.0000000000
83 H     0.0003500032     0.0001276301     0.0000000000
84 H     0.0003124320    -0.0000455590     0.0000000000
85 H     0.0000265213     0.0000162261    -0.0000000000
86 H     0.0000553774    -0.0002922277     0.0000000000
87 H     0.0002447393     0.0003698966    -0.0000000000
88 H     0.0000633099    -0.0002164836     0.0000000000
89 H     0.0002402716     0.0002819704     0.0000000000
90 H    -0.0000422326     0.0001067137     0.0000000000
91 H     0.0000127573    -0.0000064210     0.0000000000
92 H     0.0001583200    -0.0004330410    -0.0000000000
93 H     0.0005284556    -0.0002978572    -0.0000000000
94 H     0.0002622440    -0.0000839329    -0.0000000000
95 H     0.0000530253    -0.0001156629    -0.0000000000
96 H     0.0002504904    -0.0000436102     0.0000000000
97 H     0.0001197766     0.0000120805     0.0000000000
98 H     0.0000306216    -0.0002403613    -0.0000000000
99 H     0.0000949992     0.0001803958    -0.0000000000
100 H     0.0002976688     0.0002627568     0.0000000000
101 H     0.0001492958     0.0005943124     0.0000000000
----------------------------------------------
cycle 4: E = -3084.36557918  dE = -0.00514417  norm(grad) = 0.0151065

Geometry optimization cycle 5
Cartesian coordinates (Angstrom)
 Atom        New coordinates             dX        dY        dZ
   C  -7.276746   4.992873   0.000000   -0.007654 -0.003665  0.000000
   C  -7.322253   0.678501   0.000000   -0.003808  0.000931  0.000000
   C  -6.125349   2.861659   0.000000   -0.003425 -0.000812  0.000000
   C  -4.856164   4.974018   0.000000    0.002933 -0.000960  0.000000
   C  -7.314855  -3.594331   0.000000   -0.005069  0.006740  0.000000
   C  -6.115448  -1.417649   0.000000    0.000109  0.004165  0.000000
   C  -4.912537   0.707140   0.000000   -0.000766  0.001378  0.000000
   C  -3.659137   2.828699   0.000000   -0.002904  0.001370  0.000000
   C  -2.420742   4.975603   0.000000    0.008705  0.006101  0.000000
   C  -6.084069  -5.648239   0.000000   -0.009855  0.013216  0.000000
   C  -4.884126  -3.529536   0.000000   -0.003306  0.005008  0.000000
   C  -3.659714  -1.422678   0.000000   -0.000074  0.002227  0.000000
   C  -2.459138   0.692191   0.000000   -0.000272  0.000337  0.000000
   C  -1.236663   2.815677   0.000000   -0.005098 -0.000349  0.000000
   C   0.008760   4.943683  -0.000000   -0.000135  0.001672  0.000000
   C  -3.630353  -5.606037   0.000000   -0.003952  0.006338  0.000000
   N  -2.436136  -3.518647  -0.000000   -0.001968  0.000283  0.000000
   C  -1.240218  -1.405887  -0.000000    0.000965 -0.003389  0.000000
   C  -0.003892   0.703031  -0.000000    0.000282 -0.003939  0.000000
   C   1.199359   2.809110  -0.000000   -0.005988 -0.006453  0.000000
   N   2.424332   4.885885  -0.000000   -0.003786 -0.005858  0.000000
   C  -1.212355  -5.600470  -0.000000    0.004972  0.007162 -0.000000
   C  -0.018441  -3.521338  -0.000000   -0.000682 -0.009794 -0.000000
   C   1.211525  -1.420809  -0.000000    0.001216 -0.006580  0.000000
   C   2.452391   0.694159  -0.000000    0.002548 -0.005244 -0.000000
   C   3.660447   2.807999   0.000000   -0.005759 -0.005460  0.000000
   C   4.840166   4.933395   0.000000    0.005894 -0.002407  0.000000
   C   1.236574  -5.639515  -0.000000    0.013966 -0.013655 -0.000000
   C   2.438936  -3.532484  -0.000000   -0.003033 -0.010867 -0.000000
   C   3.662315  -1.402265   0.000000    0.006205 -0.002272 -0.000000
   N   4.879654   0.696101   0.000000    0.007356 -0.001790  0.000000
   C   6.074810   2.794188   0.000000   -0.014066 -0.009195  0.000000
   C   7.241551   4.914132   0.000000    0.006714 -0.000982  0.000000
   C   3.689967  -5.643732  -0.000000    0.013357 -0.010655 -0.000000
   C   4.877920  -3.531906   0.000000   -0.009172 -0.002574 -0.000000
   C   6.116033  -1.397001   0.000000    0.017898  0.014523 -0.000000
   C   7.319553   0.675496   0.000000    0.015550 -0.001455  0.000000
   C   6.158512  -5.626950   0.000000    0.008676 -0.006069 -0.000000
   N   7.244504  -3.514674   0.000000   -0.021634  0.022930 -0.000000
   C  -7.304856   3.601225   0.000000   -0.005788 -0.003723  0.000000
   C  -6.080705   5.667595   0.000000   -0.002969 -0.011130  0.000000
   C  -7.317245  -0.680134   0.000000   -0.002798  0.000499  0.000000
   C  -6.118839   1.411976   0.000000   -0.002151 -0.000476  0.000000
   C  -4.886026   3.547042   0.000000   -0.003626  0.000528  0.000000
   C  -3.625110   5.649874   0.000000    0.004516 -0.002353  0.000000
   C  -7.291551  -4.972387   0.000000   -0.014509  0.006803  0.000000
   C  -6.122836  -2.849276   0.000000   -0.002371  0.005014  0.000000
   C  -4.897017  -0.714237   0.000000    0.000572  0.002261  0.000000
   C  -3.660530   1.404363   0.000000   -0.001087  0.001419  0.000000
   C  -2.444459   3.539526   0.000000   -0.003436  0.004852  0.000000
   C  -1.171291   5.646554   0.000000    0.006786  0.010960  0.000000
   C  -4.873432  -4.954677   0.000000   -0.005635  0.006153  0.000000
   C  -3.656250  -2.805853   0.000000   -0.001703  0.003110  0.000000
   N  -2.447145  -0.698409   0.000000    0.001725  0.000066  0.000000
   C  -1.230152   1.397109  -0.000000    0.000670 -0.000895  0.000000
   C  -0.005742   3.508412  -0.000000   -0.004133 -0.000417  0.000000
   C   1.271639   5.569643  -0.000000   -0.000061  0.001577  0.000000
   C  -2.440451  -4.927126  -0.000000   -0.000425  0.001722 -0.000000
   C  -1.237414  -2.825073  -0.000000    0.001822 -0.004645  0.000000
   C  -0.024783  -0.722917  -0.000000    0.001182 -0.004960  0.000000
   C   1.212095   1.397335  -0.000000    0.001162 -0.006830  0.000000
   C   2.440344   3.492349   0.000000   -0.006029 -0.006067  0.000000
   C   3.632437   5.566694  -0.000000    0.000979 -0.010173  0.000000
   C   0.003766  -4.963329  -0.000000    0.013706 -0.009851 -0.000000
   C   1.212913  -2.827958  -0.000000   -0.001360 -0.008282 -0.000000
   C   2.433012  -0.718295  -0.000000    0.003055 -0.006423  0.000000
   C   3.662876   1.379965   0.000000    0.002624 -0.005621  0.000000
   C   4.866951   3.517806   0.000000   -0.009879 -0.002459  0.000000
   C   6.102521   5.629992   0.000000    0.005968 -0.001948  0.000000
   C   2.441564  -4.969521  -0.000000    0.011555 -0.012393 -0.000000
   C   3.654356  -2.823626  -0.000000   -0.007673 -0.002634 -0.000000
   C   4.892415  -0.693413   0.000000    0.009664  0.000082 -0.000000
   C   6.106878   1.417688   0.000000    0.010193 -0.007226  0.000000
   N   7.239602   3.550136   0.000000   -0.018838 -0.002756  0.000000
   C   4.878598  -4.968753  -0.000000    0.009495 -0.005853 -0.000000
   C   6.068084  -2.803981   0.000000   -0.021126  0.017610 -0.000000
   C   7.345887  -0.667439   0.000000    0.028847 -0.001742  0.000000
   C   7.276281  -4.884478   0.000000   -0.009897  0.021382 -0.000000
   H   8.218668   5.379174   0.000000    0.009797 -0.005774  0.000000
   H   8.124816   3.079764   0.000000   -0.021327 -0.009359  0.000000
   H   8.259006   1.209977   0.000000    0.010895  0.007955  0.000000
   H   8.305900  -1.167495   0.000000    0.027511 -0.007391  0.000000
   H   8.115184  -3.016534   0.000000   -0.023880  0.031003 -0.000000
   H   8.265641  -5.321081   0.000000   -0.003868  0.035148 -0.000000
   H  -8.210743   5.543676   0.000000   -0.007209 -0.001774  0.000000
   H  -8.264726   3.105210   0.000000   -0.005063 -0.005869  0.000000
   H  -8.271841   1.194165   0.000000   -0.003353  0.002935  0.000000
   H  -8.263207  -1.201726   0.000000   -0.001832 -0.002969  0.000000
   H  -8.270221  -3.091323   0.000000   -0.002797  0.012233  0.000000
   H  -8.224159  -5.525721   0.000000   -0.015004  0.006327  0.000000
   H  -6.061904   6.751317   0.000000   -0.003653 -0.011096 -0.000000
   H  -3.625762   6.734397   0.000000    0.001585 -0.002163  0.000000
   H  -1.157873   6.731150   0.000000    0.008351  0.011836  0.000000
   H   1.367079   6.646023  -0.000000   -0.001445  0.002402  0.000000
   H   3.545951   6.642838  -0.000000   -0.000966 -0.009888  0.000000
   H   6.142822   6.709666   0.000000    0.004462 -0.001394  0.000000
   H  -6.059971  -6.731571   0.000000   -0.011730  0.013048  0.000000
   H  -3.587027  -6.686551  -0.000000   -0.007105  0.005948 -0.000000
   H  -1.253943  -6.681274  -0.000000    0.000542  0.007489 -0.000000
   H   1.232034  -6.723831  -0.000000    0.013101 -0.014134 -0.000000
   H   3.693960  -6.728489  -0.000000    0.014679 -0.011255 -0.000000
   H   6.222011  -6.706891   0.000000    0.020233 -0.006606 -0.000000
converged SCF energy = -3084.36523614856
--------------- RKS_Scanner gradients ---------------
         x                y                z
0 C    -0.0016393439     0.0011684213     0.0000000000
1 C     0.0001241790     0.0009560251    -0.0000000000
2 C     0.0001406074    -0.0003443214    -0.0000000000
3 C     0.0020217414     0.0015861562    -0.0000000000
4 C     0.0016447039     0.0003125670     0.0000000000
5 C     0.0002154560     0.0005223848     0.0000000000
6 C     0.0003901528    -0.0002316115     0.0000000000
7 C    -0.0002937856    -0.0001496079     0.0000000000
8 C     0.0032424454     0.0008873008    -0.0000000000
9 C    -0.0009211661     0.0023978541    -0.0000000000
10 C    -0.0000614808     0.0001510435    -0.0000000000
11 C    -0.0000190485     0.0011257572     0.0000000000
12 C    -0.0004312604     0.0007896507     0.0000000000
13 C    -0.0006573603    -0.0001876458    -0.0000000000
14 C    -0.0005390557    -0.0004390398     0.0000000000
15 C    -0.0013412268     0.0009195505    -0.0000000000
16 N    -0.0008609205    -0.0001604027     0.0000000000
17 C    -0.0008494992    -0.0002731018    -0.0000000000
18 C    -0.0004425662    -0.0000789379     0.0000000000
19 C    -0.0004898321    -0.0010467647    -0.0000000000
20 N    -0.0010796234    -0.0002381215     0.0000000000
21 C    -0.0007730128     0.0031795556     0.0000000000
22 C    -0.0016060096    -0.0017606054     0.0000000000
23 C    -0.0006041828     0.0001862528     0.0000000000
24 C    -0.0006172455    -0.0001912141    -0.0000000000
25 C    -0.0005169152    -0.0017880874    -0.0000000000
26 C     0.0024905893     0.0020760680     0.0000000000
27 C     0.0004061159    -0.0000571918     0.0000000000
28 C    -0.0007859660    -0.0019048253     0.0000000000
29 C     0.0013915161     0.0010008041     0.0000000000
30 N     0.0022295457     0.0015047320    -0.0000000000
31 C    -0.0030955752    -0.0020030387     0.0000000000
32 C     0.0044247156     0.0023710652     0.0000000000
33 C    -0.0000715219    -0.0003098436     0.0000000000
34 C    -0.0015583894    -0.0025451586     0.0000000000
35 C     0.0063657437     0.0031068570     0.0000000000
36 C    -0.0013970513     0.0003741880    -0.0000000000
37 C     0.0003630659    -0.0040644548    -0.0000000000
38 N    -0.0021566314     0.0029040095    -0.0000000000
39 C     0.0003437165    -0.0001990008     0.0000000000
40 C    -0.0003123580    -0.0029184730     0.0000000000
41 C     0.0000358991    -0.0011839424    -0.0000000000
42 C    -0.0004192058    -0.0000726692     0.0000000000
43 C    -0.0008445567     0.0006031365     0.0000000000
44 C    -0.0000463981    -0.0016215195     0.0000000000
45 C    -0.0019339694    -0.0020878016     0.0000000000
46 C    -0.0007036361     0.0001897429     0.0000000000
47 C     0.0002265678    -0.0000073712    -0.0000000000
48 C    -0.0003652951    -0.0001186539    -0.0000000000
49 C    -0.0016277990     0.0011242336     0.0000000000
50 C     0.0002062177     0.0016941967    -0.0000000000
51 C     0.0013517494    -0.0006991091     0.0000000000
52 C    -0.0001471401    -0.0006952640    -0.0000000000
53 N     0.0003027287    -0.0004298802     0.0000000000
54 C     0.0005156969    -0.0002536622    -0.0000000000
55 C    -0.0002201465     0.0004442883     0.0000000000
56 C    -0.0014031718     0.0015397206    -0.0000000000
57 C     0.0010704725    -0.0010878345     0.0000000000
58 C     0.0010227609     0.0008361702     0.0000000000
59 C     0.0008253739     0.0001160740     0.0000000000
60 C     0.0012635037    -0.0006365473     0.0000000000
61 C     0.0002134713    -0.0000009662     0.0000000000
62 C    -0.0004959110    -0.0024415353    -0.0000000000
63 C     0.0041666352    -0.0014303593    -0.0000000000
64 C    -0.0002730906     0.0000256535    -0.0000000000
65 C    -0.0001248699    -0.0005285754    -0.0000000000
66 C     0.0004247904     0.0000828439     0.0000000000
67 C    -0.0015336038     0.0018791136    -0.0000000000
68 C    -0.0003777851    -0.0017488714     0.0000000000
69 C     0.0017244695    -0.0005925663    -0.0000000000
70 C    -0.0015275725     0.0015715656    -0.0000000000
71 C    -0.0006049384    -0.0020284440    -0.0000000000
72 C     0.0023985678    -0.0021824319     0.0000000000
73 N    -0.0059081136     0.0006244729    -0.0000000000
74 C     0.0021611110     0.0001455756    -0.0000000000
75 C    -0.0043432315     0.0028704625    -0.0000000000
76 C     0.0022135238    -0.0016910132     0.0000000000
77 C    -0.0035249182     0.0006544640     0.0000000000
78 H     0.0003023911     0.0006464153    -0.0000000000
79 H     0.0010818420    -0.0005002564     0.0000000000
80 H     0.0001486960    -0.0002520000     0.0000000000
81 H     0.0006328532    -0.0006570480    -0.0000000000
82 H     0.0015422545     0.0016631260     0.0000000000
83 H    -0.0003268151    -0.0000991997    -0.0000000000
84 H    -0.0004038416    -0.0000057698    -0.0000000000
85 H    -0.0002427975    -0.0000807152    -0.0000000000
86 H    -0.0003161031     0.0001048414     0.0000000000
87 H    -0.0003656077    -0.0001839269     0.0000000000
88 H    -0.0002310606    -0.0000112238    -0.0000000000
89 H    -0.0004664604    -0.0000824000     0.0000000000
90 H     0.0000843310    -0.0002914423    -0.0000000000
91 H     0.0002518912    -0.0001369775    -0.0000000000
92 H     0.0001925027     0.0004941722     0.0000000000
93 H    -0.0000684992     0.0004115917    -0.0000000000
94 H     0.0002673950     0.0000106740    -0.0000000000
95 H     0.0003891695     0.0001623169    -0.0000000000
96 H    -0.0000079510     0.0001773467     0.0000000000
97 H     0.0000148079    -0.0000089863     0.0000000000
98 H     0.0004071004     0.0004103487    -0.0000000000
99 H     0.0003831715    -0.0002239192     0.0000000000
100 H     0.0002909043    -0.0002603276     0.0000000000
101 H     0.0000725129    -0.0007701892     0.0000000000
----------------------------------------------
cycle 5: E = -3084.36523615  dE = 0.000343029  norm(grad) = 0.0205031

Geometry optimization cycle 6
Cartesian coordinates (Angstrom)
 Atom        New coordinates             dX        dY        dZ
   C  -7.269926   4.996798   0.000000    0.006820  0.003925  0.000000
   C  -7.320163   0.676820   0.000000    0.002090 -0.001681 -0.000000
   C  -6.123648   2.861794   0.000000    0.001701  0.000135  0.000000
   C  -4.857060   4.973791   0.000000   -0.000896 -0.000227  0.000000
   C  -7.312365  -3.598556   0.000000    0.002490 -0.004225 -0.000000
   C  -6.114620  -1.420297   0.000000    0.000828 -0.002648 -0.000000
   C  -4.912052   0.705697   0.000000    0.000485 -0.001443  0.000000
   C  -3.657794   2.826513   0.000000    0.001343 -0.002185  0.000000
   C  -2.424304   4.971095   0.000000   -0.003562 -0.004507  0.000000
   C  -6.078435  -5.656663   0.000000    0.005635 -0.008424 -0.000000
   C  -4.882546  -3.532316   0.000000    0.001579 -0.002780 -0.000000
   C  -3.659593  -1.424685   0.000000    0.000121 -0.002006  0.000000
   C  -2.458826   0.690918   0.000000    0.000312 -0.001273  0.000000
   C  -1.234403   2.814628   0.000000    0.002260 -0.001049  0.000000
   C   0.009679   4.941941   0.000000    0.000920 -0.001742  0.000000
   C  -3.628338  -5.608249   0.000000    0.002015 -0.002213 -0.000000
   N  -2.434991  -3.519071  -0.000000    0.001145 -0.000424  0.000000
   C  -1.240817  -1.404611  -0.000000   -0.000599  0.001276  0.000000
   C  -0.004056   0.704765  -0.000000   -0.000165  0.001734  0.000000
   C   1.202289   2.811837  -0.000000    0.002931  0.002727  0.000000
   N   2.426928   4.888127   0.000000    0.002596  0.002242  0.000000
   C  -1.214577  -5.603842  -0.000000   -0.002223 -0.003372  0.000000
   C  -0.018626  -3.516321  -0.000000   -0.000185  0.005016  0.000000
   C   1.209998  -1.417489  -0.000000   -0.001527  0.003319  0.000000
   C   2.450826   0.697331   0.000000   -0.001565  0.003172  0.000000
   C   3.663934   2.810973   0.000000    0.003487  0.002974  0.000000
   C   4.836540   4.932833   0.000000   -0.003626 -0.000562  0.000000
   C   1.229902  -5.632568  -0.000000   -0.006672  0.006947  0.000000
   C   2.439624  -3.526607  -0.000000    0.000688  0.005877  0.000000
   C   3.657859  -1.400784   0.000000   -0.004456  0.001481  0.000000
   N   4.875197   0.697224   0.000000   -0.004457  0.001123  0.000000
   C   6.081516   2.796750   0.000000    0.006707  0.002562  0.000000
   C   7.235236   4.911542   0.000000   -0.006315 -0.002590 -0.000000
   C   3.683522  -5.638295  -0.000000   -0.006445  0.005438  0.000000
   C   4.881314  -3.528920   0.000000    0.003394  0.002986  0.000000
   C   6.106608  -1.402256   0.000000   -0.009426 -0.005256  0.000000
   C   7.312819   0.676282   0.000000   -0.006734  0.000786 -0.000000
   C   6.153971  -5.620682   0.000000   -0.004542  0.006268 -0.000000
   N   7.252919  -3.523618   0.000000    0.008415 -0.008943 -0.000000
   C  -7.300523   3.605305   0.000000    0.004332  0.004080 -0.000000
   C  -6.076662   5.675442   0.000000    0.004043  0.007848  0.000000
   C  -7.315577  -0.681233   0.000000    0.001668 -0.001099 -0.000000
   C  -6.117419   1.411508   0.000000    0.001420 -0.000468  0.000000
   C  -4.884031   3.545992   0.000000    0.001996 -0.001049  0.000000
   C  -3.626025   5.649460   0.000000   -0.000915 -0.000415  0.000000
   C  -7.283074  -4.975989   0.000000    0.008476 -0.003602 -0.000000
   C  -6.121131  -2.852123   0.000000    0.001704 -0.002847 -0.000000
   C  -4.896809  -0.716121   0.000000    0.000208 -0.001884  0.000000
   C  -3.659878   1.402600   0.000000    0.000652 -0.001762  0.000000
   C  -2.442992   3.535841   0.000000    0.001467 -0.003685  0.000000
   C  -1.173379   5.639829   0.000000   -0.002088 -0.006725  0.000000
   C  -4.871695  -4.957902   0.000000    0.001737 -0.003225 -0.000000
   C  -3.655412  -2.807278   0.000000    0.000838 -0.001425  0.000000
   N  -2.447831  -0.698821   0.000000   -0.000686 -0.000413  0.000000
   C  -1.230426   1.396851   0.000000   -0.000275 -0.000258  0.000000
   C  -0.003769   3.507786  -0.000000    0.001973 -0.000625  0.000000
   C   1.272956   5.567633  -0.000000    0.001317 -0.002010  0.000000
   C  -2.440768  -4.927664  -0.000000   -0.000317 -0.000539  0.000000
   C  -1.238259  -2.823367  -0.000000   -0.000845  0.001706  0.000000
   C  -0.026409  -0.720778  -0.000000   -0.001626  0.002139  0.000000
   C   1.210952   1.400452  -0.000000   -0.001143  0.003117  0.000000
   C   2.443696   3.495059   0.000000    0.003351  0.002709  0.000000
   C   3.632639   5.572104   0.000000    0.000202  0.005410  0.000000
   C  -0.003635  -4.958265  -0.000000   -0.007402  0.005064  0.000000
   C   1.213211  -2.823672  -0.000000    0.000298  0.004286  0.000000
   C   2.430307  -0.714819  -0.000000   -0.002705  0.003476  0.000000
   C   3.660650   1.382819   0.000000   -0.002226  0.002854  0.000000
   C   4.871937   3.517876   0.000000    0.004986  0.000070  0.000000
   C   6.098298   5.629930   0.000000   -0.004223 -0.000062  0.000000
   C   2.435271  -4.963043  -0.000000   -0.006293  0.006478  0.000000
   C   3.657080  -2.821437  -0.000000    0.002724  0.002189  0.000000
   C   4.886711  -0.692623   0.000000   -0.005704  0.000790  0.000000
   C   6.102042   1.421089   0.000000   -0.004836  0.003401  0.000000
   N   7.249079   3.548696   0.000000    0.009477 -0.001440  0.000000
   C   4.872870  -4.964144  -0.000000   -0.005727  0.004608  0.000000
   C   6.076296  -2.810497   0.000000    0.008212 -0.006516 -0.000000
   C   7.332301  -0.665811   0.000000   -0.013586  0.001628 -0.000000
   C   7.281384  -4.892646   0.000000    0.005103 -0.008169 -0.000000
   H   8.210479   5.379699   0.000000   -0.008188  0.000524 -0.000000
   H   8.134728   3.082585   0.000000    0.009912  0.002821 -0.000000
   H   8.253763   1.207998   0.000000   -0.005243 -0.001979 -0.000000
   H   8.292228  -1.164697   0.000000   -0.013671  0.002798 -0.000000
   H   8.123320  -3.029242   0.000000    0.008136 -0.012708 -0.000000
   H   8.267790  -5.335950   0.000000    0.002150 -0.014869 -0.000000
   H  -8.203926   5.547150   0.000000    0.006817  0.003474 -0.000000
   H  -8.261403   3.111942   0.000000    0.003323  0.006732 -0.000000
   H  -8.269564   1.192136   0.000000    0.002277 -0.002030 -0.000000
   H  -8.261593  -1.202048   0.000000    0.001614 -0.000322 -0.000000
   H  -8.268741  -3.098067   0.000000    0.001480 -0.006744 -0.000000
   H  -8.215106  -5.529736   0.000000    0.009053 -0.004014 -0.000000
   H  -6.056389   6.759226   0.000000    0.005515  0.007909  0.000000
   H  -3.625357   6.733994   0.000000    0.000405 -0.000403  0.000000
   H  -1.161795   6.724056   0.000000   -0.003921 -0.007094  0.000000
   H   1.367297   6.643736  -0.000000    0.000218 -0.002286  0.000000
   H   3.546331   6.648164  -0.000000    0.000381  0.005326  0.000000
   H   6.138990   6.709316   0.000000   -0.003832 -0.000351  0.000000
   H  -6.054116  -6.740002   0.000000    0.005855 -0.008431 -0.000000
   H  -3.583490  -6.688596  -0.000000    0.003536 -0.002044 -0.000000
   H  -1.254756  -6.684882  -0.000000   -0.000813 -0.003608  0.000000
   H   1.224892  -6.716672  -0.000000   -0.007142  0.007159  0.000000
   H   3.685892  -6.722827  -0.000000   -0.008068  0.005662  0.000000
   H   6.211192  -6.700430  -0.000000   -0.010819  0.006462 -0.000000
converged SCF energy = -3084.36598656802
--------------- RKS_Scanner gradients ---------------
         x                y                z
0 C    -0.0001182497     0.0001259196     0.0000000000
1 C     0.0001774320     0.0001593684    -0.0000000000
2 C    -0.0001593744    -0.0001442282    -0.0000000000
3 C    -0.0000311856     0.0002355632     0.0000000000
4 C     0.0003647645     0.0003455726    -0.0000000000
5 C     0.0000962464     0.0002486862    -0.0000000000
6 C     0.0000353954    -0.0001084306    -0.0000000000
7 C    -0.0001218536    -0.0001245257     0.0000000000
8 C     0.0007265206     0.0002122383    -0.0000000000
9 C    -0.0004458491    -0.0000264152    -0.0000000000
10 C     0.0003017049     0.0001869276    -0.0000000000
11 C     0.0000991677     0.0002025612     0.0000000000
12 C    -0.0000283831     0.0002554058     0.0000000000
13 C    -0.0001122247    -0.0000531506    -0.0000000000
14 C     0.0002360413    -0.0000893264    -0.0000000000
15 C    -0.0006095035     0.0003223237     0.0000000000
16 N    -0.0002000110     0.0001281591     0.0000000000
17 C    -0.0002435473    -0.0002537544    -0.0000000000
18 C    -0.0000879082    -0.0000883256    -0.0000000000
19 C     0.0000117406    -0.0002218167    -0.0000000000
20 N     0.0003894928    -0.0000590686     0.0000000000
21 C    -0.0005496522     0.0005639014    -0.0000000000
22 C    -0.0000312844    -0.0002780268     0.0000000000
23 C    -0.0001889258    -0.0000763823    -0.0000000000
24 C    -0.0001953995    -0.0001933222    -0.0000000000
25 C     0.0000050764    -0.0003001840    -0.0000000000
26 C     0.0001743365     0.0001825784     0.0000000000
27 C    -0.0004404010    -0.0000364249     0.0000000000
28 C     0.0000190840    -0.0004067528     0.0000000000
29 C     0.0004066859     0.0002543524     0.0000000000
30 N     0.0003827340     0.0005566066     0.0000000000
31 C    -0.0006292196    -0.0002642616     0.0000000000
32 C     0.0000980579     0.0001066655     0.0000000000
33 C    -0.0003902815    -0.0002686663    -0.0000000000
34 C    -0.0000868359    -0.0005830531     0.0000000000
35 C     0.0013871745     0.0005627518     0.0000000000
36 C    -0.0004230358     0.0003571847     0.0000000000
37 C    -0.0001020591    -0.0004518653     0.0000000000
38 N    -0.0002516470     0.0003064082    -0.0000000000
39 C     0.0002155653     0.0002324961     0.0000000000
40 C    -0.0000557308    -0.0000866590    -0.0000000000
41 C     0.0000107433    -0.0003567511     0.0000000000
42 C    -0.0000014825    -0.0000643919     0.0000000000
43 C    -0.0000148097    -0.0000890008    -0.0000000000
44 C    -0.0002493324    -0.0004415092    -0.0000000000
45 C     0.0001491708    -0.0004597865     0.0000000000
46 C    -0.0004778560    -0.0001745243     0.0000000000
47 C     0.0001043952    -0.0000351224    -0.0000000000
48 C     0.0000349623    -0.0000971905    -0.0000000000
49 C    -0.0003490268     0.0001384847    -0.0000000000
50 C    -0.0002218162     0.0001873490     0.0000000000
51 C     0.0001168789     0.0000360600    -0.0000000000
52 C    -0.0000815419    -0.0001697982    -0.0000000000
53 N     0.0000413162    -0.0001764675    -0.0000000000
54 C     0.0000841781    -0.0001784046    -0.0000000000
55 C    -0.0001648515     0.0001196496     0.0000000000
56 C    -0.0004300219     0.0001775826     0.0000000000
57 C     0.0005413322    -0.0003581455     0.0000000000
58 C     0.0001188526     0.0002243485    -0.0000000000
59 C     0.0001596965     0.0002030706     0.0000000000
60 C     0.0002372570    -0.0000299568     0.0000000000
61 C    -0.0000681532     0.0000350902     0.0000000000
62 C    -0.0002680844    -0.0000919103    -0.0000000000
63 C     0.0009799363    -0.0001976103     0.0000000000
64 C    -0.0002500549     0.0000533253     0.0000000000
65 C    -0.0002221853     0.0000944347     0.0000000000
66 C     0.0001491146     0.0002175867     0.0000000000
67 C     0.0002185025     0.0001226100    -0.0000000000
68 C    -0.0001885581    -0.0000096186     0.0000000000
69 C     0.0006549072     0.0001389576    -0.0000000000
70 C    -0.0002857173     0.0001693518    -0.0000000000
71 C    -0.0005189470    -0.0004898720    -0.0000000000
72 C     0.0005987293    -0.0004526152    -0.0000000000
73 N    -0.0003056767    -0.0004110959    -0.0000000000
74 C     0.0001951990     0.0003674719    -0.0000000000
75 C    -0.0009638628     0.0008574842    -0.0000000000
76 C     0.0003191174    -0.0003645331    -0.0000000000
77 C    -0.0001509327     0.0000660722    -0.0000000000
78 H    -0.0000223513     0.0000546931    -0.0000000000
79 H    -0.0000637759    -0.0000218883     0.0000000000
80 H     0.0001118210    -0.0000657376    -0.0000000000
81 H     0.0001331027    -0.0000780002    -0.0000000000
82 H    -0.0000431765     0.0001202005     0.0000000000
83 H    -0.0000051592    -0.0000668055     0.0000000000
84 H    -0.0000137032     0.0000366132    -0.0000000000
85 H     0.0000428518     0.0000508091    -0.0000000000
86 H    -0.0000345942    -0.0001043898    -0.0000000000
87 H    -0.0000921177    -0.0000140548    -0.0000000000
88 H    -0.0000635973    -0.0000145408     0.0000000000
89 H    -0.0000373334     0.0000272797    -0.0000000000
90 H    -0.0000029670     0.0000458920     0.0000000000
91 H     0.0000914384    -0.0000193077    -0.0000000000
92 H     0.0001170358     0.0000649235     0.0000000000
93 H     0.0000690444     0.0000445701    -0.0000000000
94 H     0.0001259572     0.0001041745     0.0000000000
95 H     0.0000646665     0.0000791771    -0.0000000000
96 H     0.0000435914    -0.0000670295    -0.0000000000
97 H     0.0000289355     0.0000146053     0.0000000000
98 H     0.0001324709     0.0000273948     0.0000000000
99 H     0.0001374584    -0.0000436797     0.0000000000
100 H     0.0001110030    -0.0000883670     0.0000000000
101 H     0.0000466953    -0.0000703493     0.0000000000
----------------------------------------------
cycle 6: E = -3084.36598657  dE = -0.000750419  norm(grad) = 0.00404704

Geometry optimization cycle 7
Cartesian coordinates (Angstrom)
 Atom        New coordinates             dX        dY        dZ
   C  -7.271008   4.991483   0.000000   -0.001082 -0.005316  0.000000
   C  -7.320590   0.678695   0.000000   -0.000427  0.001874  0.000000
   C  -6.122448   2.861529   0.000000    0.001200 -0.000265  0.000000
   C  -4.856308   4.974160   0.000000    0.000752  0.000369  0.000000
   C  -7.312723  -3.596088   0.000000   -0.000358  0.002468  0.000000
   C  -6.114593  -1.419716   0.000000    0.000027  0.000581  0.000000
   C  -4.911836   0.706037   0.000000    0.000217  0.000340  0.000000
   C  -3.657151   2.827201   0.000000    0.000643  0.000688  0.000000
   C  -2.425866   4.971454   0.000000   -0.001562  0.000358  0.000000
   C  -6.078126  -5.653428   0.000000    0.000308  0.003235 -0.000000
   C  -4.881977  -3.532526   0.000000    0.000570 -0.000211  0.000000
   C  -3.659557  -1.424647   0.000000    0.000036  0.000038  0.000000
   C  -2.458919   0.691291   0.000000   -0.000093  0.000373  0.000000
   C  -1.233914   2.815242   0.000000    0.000490  0.000614  0.000000
   C   0.009089   4.942087   0.000000   -0.000591  0.000146  0.000000
   C  -3.626876  -5.609870  -0.000000    0.001462 -0.001621 -0.000000
   N  -2.434405  -3.519058   0.000000    0.000586  0.000013  0.000000
   C  -1.240660  -1.403789   0.000000    0.000157  0.000823  0.000000
   C  -0.004297   0.705286   0.000000   -0.000241  0.000521  0.000000
   C   1.202431   2.812114   0.000000    0.000141  0.000277  0.000000
   N   2.426043   4.887511   0.000000   -0.000886 -0.000617  0.000000
   C  -1.214577  -5.604549  -0.000000    0.000000 -0.000708  0.000000
   C  -0.018412  -3.514936  -0.000000    0.000214  0.001385  0.000000
   C   1.210307  -1.416842   0.000000    0.000309  0.000648  0.000000
   C   2.450507   0.697421   0.000000   -0.000319  0.000090  0.000000
   C   3.664277   2.810918   0.000000    0.000342 -0.000055  0.000000
   C   4.836845   4.932662   0.000000    0.000304 -0.000170  0.000000
   C   1.228897  -5.630865  -0.000000   -0.001005  0.001703 -0.000000
   C   2.440459  -3.525488  -0.000000    0.000835  0.001119  0.000000
   C   3.657383  -1.401577   0.000000   -0.000476 -0.000793  0.000000
   N   4.874044   0.696376   0.000000   -0.001154 -0.000848  0.000000
   C   6.082984   2.798108   0.000000    0.001468  0.001358  0.000000
   C   7.237025   4.913537   0.000000    0.001789  0.001995 -0.000000
   C   3.682937  -5.636753  -0.000000   -0.000585  0.001542 -0.000000
   C   4.883616  -3.529886   0.000000    0.002302 -0.000966  0.000000
   C   6.104009  -1.405578   0.000000   -0.002599 -0.003321  0.000000
   C   7.310357   0.675546   0.000000   -0.002461 -0.000736  0.000000
   C   6.154380  -5.622064  -0.000000    0.000410 -0.001382 -0.000000
   N   7.257455  -3.527119   0.000000    0.004536 -0.003502  0.000000
   C  -7.302215   3.600093   0.000000   -0.001691 -0.005211  0.000000
   C  -6.078343   5.671500   0.000000   -0.001681 -0.003942  0.000000
   C  -7.314929  -0.679167   0.000000    0.000648  0.002066  0.000000
   C  -6.116892   1.411792   0.000000    0.000527  0.000284  0.000000
   C  -4.883346   3.546661   0.000000    0.000685  0.000669  0.000000
   C  -3.626290   5.652092   0.000000   -0.000265  0.002632  0.000000
   C  -7.283326  -4.973099   0.000000   -0.000252  0.002890  0.000000
   C  -6.120070  -2.851427   0.000000    0.001061  0.000697  0.000000
   C  -4.896744  -0.715800   0.000000    0.000066  0.000321  0.000000
   C  -3.659780   1.403239   0.000000    0.000098  0.000639  0.000000
   C  -2.442444   3.536238   0.000000    0.000547  0.000397  0.000000
   C  -1.174271   5.639369   0.000000   -0.000892 -0.000460  0.000000
   C  -4.869835  -4.958082   0.000000    0.001860 -0.000180  0.000000
   C  -3.654888  -2.807181   0.000000    0.000524  0.000097  0.000000
   N  -2.447862  -0.698248   0.000000   -0.000032  0.000573  0.000000
   C  -1.230593   1.397549   0.000000   -0.000167  0.000697  0.000000
   C  -0.003315   3.508019   0.000000    0.000454  0.000233  0.000000
   C   1.272720   5.567573   0.000000   -0.000237 -0.000060  0.000000
   C  -2.440697  -4.927683  -0.000000    0.000071 -0.000019  0.000000
   C  -1.238200  -2.822704   0.000000    0.000059  0.000663  0.000000
   C  -0.026301  -0.720328   0.000000    0.000109  0.000450  0.000000
   C   1.210622   1.400794   0.000000   -0.000330  0.000343  0.000000
   C   2.443934   3.494739   0.000000    0.000238 -0.000320  0.000000
   C   3.632349   5.570723   0.000000   -0.000290 -0.001381  0.000000
   C  -0.005170  -4.956941  -0.000000   -0.001535  0.001324  0.000000
   C   1.214016  -2.822801  -0.000000    0.000804  0.000872  0.000000
   C   2.430544  -0.714789   0.000000    0.000237  0.000030  0.000000
   C   3.660080   1.382491   0.000000   -0.000570 -0.000328  0.000000
   C   4.872302   3.517946   0.000000    0.000365  0.000070  0.000000
   C   6.098879   5.629899   0.000000    0.000580 -0.000031 -0.000000
   C   2.434178  -4.961784  -0.000000   -0.001093  0.001258  0.000000
   C   3.659094  -2.822065   0.000000    0.002014 -0.000627  0.000000
   C   4.885954  -0.693544   0.000000   -0.000758 -0.000921  0.000000
   C   6.100238   1.422016   0.000000   -0.001804  0.000927  0.000000
   N   7.250556   3.550895   0.000000    0.001477  0.002200 -0.000000
   C   4.873420  -4.965046  -0.000000    0.000550 -0.000902 -0.000000
   C   6.080317  -2.814372   0.000000    0.004021 -0.003875  0.000000
   C   7.328125  -0.666337   0.000000   -0.004176 -0.000526  0.000000
   C   7.283015  -4.896054   0.000000    0.001631 -0.003408 -0.000000
   H   8.212113   5.382074   0.000000    0.001634  0.002375 -0.000000
   H   8.136460   3.085152   0.000000    0.001733  0.002567 -0.000000
   H   8.251481   1.206667   0.000000   -0.002282 -0.001331  0.000000
   H   8.288085  -1.164723   0.000000   -0.004143 -0.000027  0.000000
   H   8.128544  -3.033923   0.000000    0.005224 -0.004681 -0.000000
   H   8.268712  -5.340757   0.000000    0.000921 -0.004807 -0.000000
   H  -8.205310   5.541238   0.000000   -0.001384 -0.005913 -0.000000
   H  -8.262198   3.104728   0.000000   -0.000795 -0.007214  0.000000
   H  -8.269491   1.195034   0.000000    0.000073  0.002899  0.000000
   H  -8.260777  -1.200001   0.000000    0.000816  0.002046  0.000000
   H  -8.268502  -3.094641   0.000000    0.000238  0.003426  0.000000
   H  -8.215084  -5.527281   0.000000    0.000021  0.002454 -0.000000
   H  -6.060469   6.755202   0.000000   -0.004080 -0.004024  0.000000
   H  -3.626156   6.736625   0.000000   -0.000799  0.002631  0.000000
   H  -1.163416   6.723517   0.000000   -0.001621 -0.000539  0.000000
   H   1.367045   6.643607   0.000000   -0.000252 -0.000129  0.000000
   H   3.544802   6.646486   0.000000   -0.001529 -0.001678  0.000000
   H   6.138385   6.709184   0.000000   -0.000605 -0.000132 -0.000000
   H  -6.055334  -6.736648   0.000000   -0.001219  0.003355 -0.000000
   H  -3.581917  -6.690211  -0.000000    0.001573 -0.001616 -0.000000
   H  -1.254916  -6.685574  -0.000000   -0.000160 -0.000692 -0.000000
   H   1.223089  -6.714893  -0.000000   -0.001803  0.001779 -0.000000
   H   3.683705  -6.721140  -0.000000   -0.002187  0.001688 -0.000000
   H   6.210227  -6.701805  -0.000000   -0.000965 -0.001376 -0.000000
converged SCF energy = -3084.36598451331
