1721293054.1827059

Geometry optimization cycle 1
Cartesian coordinates (Angstrom)
 Atom        New coordinates             dX        dY        dZ
   C  -7.338226   5.042760   0.000000    0.000000  0.000000  0.000000
   C  -7.365228   0.691139   0.000000    0.000000  0.000000  0.000000
   C  -6.173642   2.889413   0.000000    0.000000  0.000000  0.000000
   C  -4.910090   5.019617   0.000000    0.000000  0.000000  0.000000
   C  -7.358051  -3.642635   0.000000    0.000000  0.000000  0.000000
   C  -6.173475  -1.431785   0.000000    0.000000  0.000000  0.000000
   C  -4.940069   0.716689   0.000000    0.000000  0.000000  0.000000
   C  -3.694845   2.860312   0.000000    0.000000  0.000000  0.000000
   C  -2.457224   5.005715   0.000000    0.000000  0.000000  0.000000
   C  -6.138515  -5.727246   0.000000    0.000000  0.000000  0.000000
   C  -4.928214  -3.580071   0.000000    0.000000  0.000000  0.000000
   C  -3.698169  -1.425571   0.000000    0.000000  0.000000  0.000000
   C  -2.471779   0.716540   0.000000    0.000000  0.000000  0.000000
   C  -1.230705   2.851907   0.000000    0.000000 -0.000000  0.000000
   C   0.000000   5.003169   0.000000    0.000000  0.000000  0.000000
   C  -3.678966  -5.694052   0.000000    0.000000  0.000000  0.000000
   C  -2.466015  -3.560923   0.000000    0.000000  0.000000  0.000000
   C  -1.232423  -1.423207   0.000000    0.000000  0.000000  0.000000
   C   0.000000   0.715809   0.000000    0.000000  0.000000  0.000000
   C   1.230705   2.851907   0.000000    0.000000 -0.000000  0.000000
   C   2.457224   5.005715   0.000000    0.000000  0.000000  0.000000
   C  -1.226334  -5.685080   0.000000    0.000000  0.000000  0.000000
   C   0.000000  -3.557079   0.000000    0.000000  0.000000  0.000000
   C   1.232423  -1.423207   0.000000    0.000000  0.000000  0.000000
   C   2.471779   0.716540   0.000000    0.000000  0.000000  0.000000
   C   3.694845   2.860312   0.000000    0.000000  0.000000  0.000000
   N   4.910090   5.019617   0.000000    0.000000  0.000000  0.000000
   C   1.226334  -5.685080   0.000000    0.000000  0.000000  0.000000
   C   2.466015  -3.560923   0.000000    0.000000  0.000000  0.000000
   C   3.698169  -1.425571   0.000000    0.000000  0.000000  0.000000
   C   4.940069   0.716689   0.000000    0.000000  0.000000  0.000000
   C   6.173642   2.889413   0.000000    0.000000  0.000000  0.000000
   C   7.338226   5.042760   0.000000    0.000000  0.000000  0.000000
   C   3.678966  -5.694052   0.000000    0.000000  0.000000  0.000000
   C   4.928214  -3.580071   0.000000    0.000000  0.000000  0.000000
   C   6.173475  -1.431785   0.000000   -0.000000  0.000000  0.000000
   C   7.365228   0.691139   0.000000    0.000000  0.000000  0.000000
   C   6.138515  -5.727246   0.000000    0.000000  0.000000  0.000000
   C   7.358051  -3.642635   0.000000   -0.000000  0.000000  0.000000
   C  -7.358051   3.642635   0.000000    0.000000  0.000000  0.000000
   C  -6.138515   5.727246   0.000000    0.000000  0.000000  0.000000
   N  -7.365228  -0.691139   0.000000    0.000000  0.000000  0.000000
   C  -6.173475   1.431785   0.000000    0.000000  0.000000  0.000000
   C  -4.928214   3.580071   0.000000    0.000000 -0.000000  0.000000
   N  -3.678966   5.694052   0.000000    0.000000  0.000000  0.000000
   C  -7.338226  -5.042760   0.000000    0.000000  0.000000  0.000000
   C  -6.173642  -2.889413   0.000000    0.000000  0.000000  0.000000
   C  -4.940069  -0.716689   0.000000    0.000000  0.000000  0.000000
   C  -3.698169   1.425571   0.000000    0.000000  0.000000  0.000000
   C  -2.466015   3.560923   0.000000    0.000000 -0.000000  0.000000
   C  -1.226334   5.685080   0.000000    0.000000  0.000000  0.000000
   C  -4.910090  -5.019617   0.000000    0.000000  0.000000  0.000000
   C  -3.694845  -2.860312   0.000000    0.000000  0.000000  0.000000
   C  -2.471779  -0.716540   0.000000    0.000000  0.000000  0.000000
   C  -1.232423   1.423207   0.000000    0.000000  0.000000  0.000000
   C   0.000000   3.557079   0.000000    0.000000  0.000000  0.000000
   C   1.226334   5.685080   0.000000    0.000000  0.000000  0.000000
   C  -2.457224  -5.005715   0.000000    0.000000  0.000000  0.000000
   C  -1.230705  -2.851907   0.000000    0.000000  0.000000  0.000000
   C   0.000000  -0.715809   0.000000    0.000000  0.000000  0.000000
   C   1.232423   1.423207   0.000000    0.000000  0.000000  0.000000
   C   2.466015   3.560923   0.000000    0.000000 -0.000000  0.000000
   C   3.678966   5.694052   0.000000    0.000000  0.000000  0.000000
   C   0.000000  -5.003169   0.000000    0.000000  0.000000  0.000000
   C   1.230705  -2.851907   0.000000    0.000000  0.000000  0.000000
   C   2.471779  -0.716540   0.000000    0.000000  0.000000  0.000000
   C   3.698169   1.425571   0.000000    0.000000  0.000000  0.000000
   C   4.928214   3.580071   0.000000    0.000000 -0.000000  0.000000
   C   6.138515   5.727246   0.000000    0.000000  0.000000  0.000000
   C   2.457224  -5.005715   0.000000    0.000000  0.000000  0.000000
   C   3.694845  -2.860312   0.000000    0.000000  0.000000  0.000000
   C   4.940069  -0.716689   0.000000    0.000000  0.000000  0.000000
   C   6.173475   1.431785   0.000000   -0.000000  0.000000  0.000000
   C   7.358051   3.642635   0.000000   -0.000000  0.000000  0.000000
   C   4.910090  -5.019617   0.000000    0.000000  0.000000  0.000000
   C   6.173642  -2.889413   0.000000    0.000000  0.000000  0.000000
   N   7.365228  -0.691139   0.000000    0.000000  0.000000  0.000000
   C   7.338226  -5.042760   0.000000    0.000000  0.000000  0.000000
   H   8.282184   5.591425   0.000000    0.000000 -0.000000  0.000000
   H   8.325741   3.141106   0.000000    0.000000  0.000000  0.000000
   H   8.326715   1.204661   0.000000    0.000000  0.000000  0.000000
   H   8.326715  -1.204661   0.000000    0.000000  0.000000  0.000000
   H   8.325741  -3.141106   0.000000    0.000000  0.000000  0.000000
   H   8.282184  -5.591425   0.000000    0.000000  0.000000  0.000000
   H  -8.282184   5.591425   0.000000    0.000000 -0.000000  0.000000
   H  -8.325741   3.141106   0.000000    0.000000  0.000000  0.000000
   H  -8.326715   1.204661   0.000000    0.000000  0.000000  0.000000
   H  -8.326715  -1.204661   0.000000    0.000000  0.000000  0.000000
   H  -8.325741  -3.141106   0.000000    0.000000  0.000000  0.000000
   H  -8.282184  -5.591425   0.000000    0.000000  0.000000  0.000000
   H  -6.116625   6.819427   0.000000    0.000000  0.000000  0.000000
   H  -3.672757   6.787431   0.000000    0.000000  0.000000  0.000000
   H  -1.225580   6.778408   0.000000    0.000000 -0.000000  0.000000
   H   1.225580   6.778408   0.000000    0.000000 -0.000000  0.000000
   H   3.672757   6.787431   0.000000    0.000000  0.000000  0.000000
   H   6.116625   6.819427   0.000000   -0.000000  0.000000  0.000000
   H  -6.116625  -6.819427   0.000000    0.000000  0.000000  0.000000
   H  -3.672757  -6.787431   0.000000    0.000000  0.000000  0.000000
   H  -1.225580  -6.778408   0.000000    0.000000  0.000000  0.000000
   H   1.225580  -6.778408   0.000000    0.000000  0.000000  0.000000
   H   3.672757  -6.787431   0.000000    0.000000  0.000000  0.000000
   H   6.116625  -6.819427   0.000000   -0.000000  0.000000  0.000000
converged SCF energy = -3051.11684449042
--------------- RKS_Scanner gradients ---------------
         x                y                z
0 C     0.0044569002     0.0196149588    -0.0000000000
1 C    -0.0082600014     0.0184900871    -0.0000000000
2 C     0.0005330740    -0.0067553936    -0.0000000000
3 C     0.0068459388    -0.0043722421    -0.0000000000
4 C     0.0047910669    -0.0049890505    -0.0000000000
5 C     0.0105888583     0.0006556260    -0.0000000000
6 C    -0.0054704833     0.0009298668    -0.0000000000
7 C    -0.0037019602     0.0123174560    -0.0000000000
8 C    -0.0155565617    -0.0102241586     0.0000000000
9 C     0.0091969506    -0.0034473299    -0.0000000000
10 C    -0.0030480120    -0.0065966829    -0.0000000000
11 C     0.0067788729     0.0041379544    -0.0000000000
12 C    -0.0108292773     0.0082746594    -0.0000000000
13 C     0.0001223401    -0.0010983879    -0.0000000000
14 C    -0.0093125060     0.0121971868     0.0000000000
15 C     0.0067081090    -0.0054815325     0.0000000000
16 C     0.0008705600     0.0005999174    -0.0000000000
17 C     0.0024187483     0.0003983796    -0.0000000000
18 C    -0.0012718071     0.0061594808    -0.0000000000
19 C    -0.0035961596     0.0015501226    -0.0000000000
20 C     0.0057371251     0.0076442841    -0.0000000000
21 C     0.0007312550    -0.0067991606     0.0000000000
22 C    -0.0009458844    -0.0008703864    -0.0000000000
23 C    -0.0026792069    -0.0002175311    -0.0000000000
24 C     0.0098414746     0.0071330195    -0.0000000000
25 C    -0.0000296005    -0.0039669741    -0.0000000000
26 N     0.0119325965    -0.0068907789    -0.0000000000
27 C    -0.0009833931    -0.0067569450     0.0000000000
28 C    -0.0019472148     0.0005122662    -0.0000000000
29 C    -0.0087462944     0.0024161937    -0.0000000000
30 C     0.0105914234     0.0002729687    -0.0000000000
31 C     0.0011166960    -0.0076140378    -0.0000000000
32 C     0.0109240229     0.0141167149    -0.0000000000
33 C    -0.0066485547    -0.0055577648     0.0000000000
34 C     0.0036454923    -0.0064505019    -0.0000000000
35 C    -0.0116019241     0.0017201863    -0.0000000000
36 C     0.0052666498     0.0188843191    -0.0000000000
37 C    -0.0094691883    -0.0031758821     0.0000000000
38 C    -0.0044212804    -0.0048846810    -0.0000000000
39 C     0.0046541975    -0.0108816236     0.0000000000
40 C    -0.0274889608     0.0004399046     0.0000000000
41 N     0.0103248841    -0.0004465102     0.0000000000
42 C     0.0082955865     0.0086572476     0.0000000000
43 C     0.0025084419    -0.0113748897     0.0000000000
44 N     0.0024038456    -0.0231628513    -0.0000000000
45 C    -0.0058210659     0.0005294445     0.0000000000
46 C     0.0104583829    -0.0047629021     0.0000000000
47 C     0.0000023540    -0.0029643516     0.0000000000
48 C     0.0086468813    -0.0120011479     0.0000000000
49 C     0.0057257580    -0.0074276106     0.0000000000
50 C     0.0320243523     0.0024732551    -0.0000000000
51 C    -0.0111820115     0.0048570343     0.0000000000
52 C     0.0012030388    -0.0013124410     0.0000000000
53 C    -0.0029778278    -0.0070689025     0.0000000000
54 C     0.0050768776    -0.0008741868     0.0000000000
55 C     0.0005070912    -0.0090782236     0.0000000000
56 C    -0.0043377602     0.0016538626     0.0000000000
57 C    -0.0032103460     0.0050518669    -0.0000000000
58 C    -0.0015875927    -0.0005062866     0.0000000000
59 C     0.0001016838    -0.0075888543     0.0000000000
60 C    -0.0033796641     0.0004753426     0.0000000000
61 C     0.0039505907    -0.0032209736     0.0000000000
62 C    -0.0284439719     0.0164017102    -0.0000000000
63 C     0.0002854272     0.0044337128     0.0000000000
64 C     0.0028035247     0.0001289786     0.0000000000
65 C     0.0034626124    -0.0074059994     0.0000000000
66 C    -0.0142850363    -0.0039040577     0.0000000000
67 C    -0.0049169932    -0.0117561133     0.0000000000
68 C     0.0108061936     0.0136258316     0.0000000000
69 C     0.0034477765     0.0046273671    -0.0000000000
70 C    -0.0007760435     0.0001729358     0.0000000000
71 C     0.0022666677    -0.0025788271     0.0000000000
72 C    -0.0049854401     0.0044464996     0.0000000000
73 C    -0.0093863354    -0.0077084052     0.0000000000
74 C     0.0109023196     0.0046182305    -0.0000000000
75 C    -0.0110902314    -0.0053965082     0.0000000000
76 N    -0.0098872984    -0.0016988718     0.0000000000
77 C     0.0060202006     0.0007759304     0.0000000000
78 H     0.0078954201     0.0009319962     0.0000000000
79 H     0.0054965591    -0.0040652379    -0.0000000000
80 H     0.0040361776     0.0107058370     0.0000000000
81 H     0.0532688462    -0.0244232411     0.0000000000
82 H     0.0020065107     0.0028779447     0.0000000000
83 H     0.0047020207    -0.0028720713    -0.0000000000
84 H    -0.0056545078     0.0027385396     0.0000000000
85 H    -0.0047310797    -0.0039260394    -0.0000000000
86 H    -0.0040949725     0.0104927404     0.0000000000
87 H    -0.0532934890    -0.0242929289     0.0000000000
88 H    -0.0020388029     0.0028874604     0.0000000000
89 H    -0.0046937280    -0.0028925000    -0.0000000000
90 H     0.0005083618     0.0053041523    -0.0000000000
91 H     0.0002742405     0.0618019445     0.0000000000
92 H    -0.0001372275     0.0053801422    -0.0000000000
93 H     0.0001213397     0.0059132531    -0.0000000000
94 H    -0.0088131732     0.0095516298    -0.0000000000
95 H     0.0084395307     0.0096959823     0.0000000000
96 H     0.0002855660    -0.0062401242     0.0000000000
97 H     0.0001912837    -0.0064719248    -0.0000000000
98 H     0.0000443330    -0.0062958860     0.0000000000
99 H    -0.0000386447    -0.0062829369    -0.0000000000
100 H    -0.0001969812    -0.0064565178    -0.0000000000
101 H    -0.0002917132    -0.0062479945     0.0000000000
----------------------------------------------
cycle 1: E = -3051.11684449  dE = -3051.12  norm(grad) = 0.150132

Geometry optimization cycle 2
Cartesian coordinates (Angstrom)
 Atom        New coordinates             dX        dY        dZ
   C  -7.226923   5.019094   0.000000    0.111302 -0.023665  0.000000
   C  -7.300323   0.674318   0.000000    0.064905 -0.016821  0.000000
   C  -6.157417   2.865038   0.000000    0.016225 -0.024375  0.000000
   C  -4.879472   4.929267   0.000000    0.030618 -0.090350  0.000000
   C  -7.375075  -3.503271   0.000000   -0.017024  0.139365  0.000000
   C  -6.079058  -1.405182   0.000000    0.094417  0.026603  0.000000
   C  -4.895732   0.711549  -0.000000    0.044336 -0.005140 -0.000000
   C  -3.672451   2.814485  -0.000000    0.022394 -0.045827 -0.000000
   C  -2.407537   4.930666  -0.000000    0.049686 -0.075049 -0.000000
   C  -6.161379  -5.599785   0.000000   -0.022864  0.127461  0.000000
   C  -4.915366  -3.533514  -0.000000    0.012849  0.046556 -0.000000
   C  -3.658735  -1.421179  -0.000000    0.039434  0.004392 -0.000000
   C  -2.444796   0.696907  -0.000000    0.026983 -0.019632 -0.000000
   C  -1.221571   2.818823  -0.000000    0.009133 -0.033084 -0.000000
   C   0.003101   4.956852  -0.000000    0.003101 -0.046317 -0.000000
   C  -3.682693  -5.644065  -0.000000   -0.003727  0.049988 -0.000000
   C  -2.456662  -3.549663  -0.000000    0.009352  0.011260 -0.000000
   C  -1.224245  -1.429500  -0.000000    0.008178 -0.006293 -0.000000
   C  -0.004449   0.693850  -0.000000   -0.004449 -0.021959 -0.000000
   C   1.217146   2.815271  -0.000000   -0.013559 -0.036636 -0.000000
   C   2.428700   4.931880  -0.000000   -0.028524 -0.073835 -0.000000
   C  -1.215855  -5.647888  -0.000000    0.010480  0.037192 -0.000000
   C   0.005007  -3.550042  -0.000000    0.005007  0.007037 -0.000000
   C   1.211823  -1.429690  -0.000000   -0.020600 -0.006483 -0.000000
   C   2.436904   0.698557  -0.000000   -0.034875 -0.017983 -0.000000
   C   3.671380   2.822626  -0.000000   -0.023465 -0.037686 -0.000000
   N   4.823948   4.895313   0.000000   -0.086142 -0.124304  0.000000
   C   1.246023  -5.645798  -0.000000    0.019689  0.039282 -0.000000
   C   2.467103  -3.549137  -0.000000    0.001089  0.011786 -0.000000
   C   3.640352  -1.424265  -0.000000   -0.057817  0.001306 -0.000000
   C   4.881988   0.716757  -0.000000   -0.058080  0.000068 -0.000000
   C   6.169817   2.864483   0.000000   -0.003824 -0.024930  0.000000
   C   7.203205   4.979084   0.000000   -0.135020 -0.063676  0.000000
   C   3.712747  -5.644031   0.000000    0.033781  0.050022  0.000000
   C   4.931089  -3.529977   0.000000    0.002874  0.050093  0.000000
   C   6.039916  -1.423142   0.000000   -0.133559  0.008643  0.000000
   C   7.280298   0.670000   0.000000   -0.084930 -0.021138  0.000000
   C   6.179975  -5.615554   0.000000    0.041460  0.111692  0.000000
   C   7.400959  -3.516285   0.000000    0.042907  0.126350  0.000000
   C  -7.321852   3.642419   0.000000    0.036199 -0.000216  0.000000
   C  -6.024336   5.704870   0.000000    0.114179 -0.022375  0.000000
   N  -7.203965  -0.658478   0.000000    0.161263  0.032661  0.000000
   C  -6.134027   1.415355   0.000000    0.039448 -0.016430  0.000000
   C  -4.908259   3.524402   0.000000    0.019955 -0.055668  0.000000
   N  -3.644781   5.521398   0.000000    0.034185 -0.172654  0.000000
   C  -7.337797  -4.894988   0.000000    0.000428  0.147772  0.000000
   C  -6.150416  -2.829026   0.000000    0.023226  0.060388  0.000000
   C  -4.869568  -0.706470  -0.000000    0.070501  0.010219 -0.000000
   C  -3.668543   1.407776  -0.000000    0.029626 -0.017795 -0.000000
   C  -2.450665   3.513021  -0.000000    0.015350 -0.047902 -0.000000
   C  -1.231710   5.636729  -0.000000   -0.005375 -0.048351 -0.000000
   C  -4.896702  -4.962272   0.000000    0.013388  0.057345  0.000000
   C  -3.674523  -2.841661  -0.000000    0.020322  0.018651 -0.000000
   C  -2.442663  -0.719354  -0.000000    0.029116 -0.002814 -0.000000
   C  -1.224622   1.401214  -0.000000    0.007801 -0.021993 -0.000000
   C  -0.001853   3.526882  -0.000000   -0.001853 -0.030197 -0.000000
   C   1.224818   5.633845  -0.000000   -0.001516 -0.051234 -0.000000
   C  -2.447077  -4.985526  -0.000000    0.010147  0.020189 -0.000000
   C  -1.220818  -2.849868  -0.000000    0.009887  0.002039 -0.000000
   C  -0.006308  -0.721778  -0.000000   -0.006308 -0.005969 -0.000000
   C   1.214827   1.398780  -0.000000   -0.017596 -0.024427 -0.000000
   C   2.443412   3.510201  -0.000000   -0.022603 -0.050721 -0.000000
   C   3.663248   5.578332   0.000000   -0.015718 -0.115720  0.000000
   C   0.014686  -4.985815  -0.000000    0.014686  0.017354 -0.000000
   C   1.228996  -2.850408  -0.000000   -0.001709  0.001499 -0.000000
   C   2.427667  -0.716938  -0.000000   -0.044112 -0.000398 -0.000000
   C   3.660239   1.408783  -0.000000   -0.037930 -0.016788 -0.000000
   C   4.911802   3.506536   0.000000   -0.016412 -0.073534  0.000000
   C   5.990944   5.607335   0.000000   -0.147572 -0.119911  0.000000
   C   2.478419  -4.984516  -0.000000    0.021196  0.021199 -0.000000
   C   3.685691  -2.844527  -0.000000   -0.009154  0.015785 -0.000000
   C   4.841297  -0.700627  -0.000000   -0.098771  0.016062 -0.000000
   C   6.118847   1.420635  -0.000000   -0.054628 -0.011151 -0.000000
   C   7.357805   3.607258   0.000000   -0.000247 -0.035378  0.000000
   C   4.925178  -4.958709   0.000000    0.015087  0.060908  0.000000
   C   6.175834  -2.842617   0.000000    0.002192  0.046796  0.000000
   N   7.154688  -0.659090   0.000000   -0.210540  0.032049  0.000000
   C   7.356231  -4.909202   0.000000    0.018006  0.133557  0.000000
   H   8.085185   5.603556   0.000000   -0.196999  0.012131  0.000000
   H   8.340979   3.161092   0.000000    0.015238  0.019986  0.000000
   H   8.277993   1.075491   0.000000   -0.048722 -0.129171  0.000000
   H   8.014304  -1.172193   0.000000   -0.312411  0.032469  0.000000
   H   8.358208  -3.005051   0.000000    0.032468  0.136055  0.000000
   H   8.294515  -5.450858   0.000000    0.012331  0.140567  0.000000
   H  -8.145577   5.591228   0.000000    0.136608 -0.000197  0.000000
   H  -8.303685   3.190597   0.000000    0.022055  0.049491  0.000000
   H  -8.291353   1.096025   0.000000    0.035362 -0.108637  0.000000
   H  -8.065062  -1.169212   0.000000    0.261654  0.035450  0.000000
   H  -8.331032  -2.989730   0.000000   -0.005291  0.151376  0.000000
   H  -8.277310  -5.434500   0.000000    0.004874  0.156925  0.000000
   H  -5.965853   6.787550   0.000000    0.150772 -0.031877  0.000000
   H  -3.645425   6.519786   0.000000    0.027332 -0.267645  0.000000
   H  -1.252019   6.721597   0.000000   -0.026440 -0.056810  0.000000
   H   1.236761   6.718019   0.000000    0.011182 -0.060389  0.000000
   H   3.751149   6.653380   0.000000    0.078393 -0.134051  0.000000
   H   5.874224   6.678802   0.000000   -0.242402 -0.140625  0.000000
   H  -6.182480  -6.682413   0.000000   -0.065855  0.137014  0.000000
   H  -3.696010  -6.727430   0.000000   -0.023254  0.060001  0.000000
   H  -1.217070  -6.731540  -0.000000    0.008510  0.046867 -0.000000
   H   1.247477  -6.729470  -0.000000    0.021897  0.048938 -0.000000
   H   3.727037  -6.727407   0.000000    0.054280  0.060024  0.000000
   H   6.193380  -6.698292   0.000000    0.076755  0.121135  0.000000
converged SCF energy = -3051.16037256692
