1721293001.7151191

Geometry optimization cycle 1
Cartesian coordinates (Angstrom)
 Atom        New coordinates             dX        dY        dZ
   C  -7.338226   5.042760   0.000000    0.000000  0.000000  0.000000
   C  -7.365228   0.691139   0.000000    0.000000  0.000000  0.000000
   C  -6.173642   2.889413   0.000000    0.000000  0.000000  0.000000
   C  -4.910090   5.019617   0.000000    0.000000  0.000000  0.000000
   C  -7.358051  -3.642635   0.000000    0.000000  0.000000  0.000000
   C  -6.173475  -1.431785   0.000000    0.000000  0.000000  0.000000
   C  -4.940069   0.716689   0.000000    0.000000  0.000000  0.000000
   C  -3.694845   2.860312   0.000000    0.000000  0.000000  0.000000
   C  -2.457224   5.005715   0.000000    0.000000  0.000000  0.000000
   C  -6.138515  -5.727246   0.000000    0.000000  0.000000  0.000000
   C  -4.928214  -3.580071   0.000000    0.000000  0.000000  0.000000
   C  -3.698169  -1.425571   0.000000    0.000000  0.000000  0.000000
   C  -2.471779   0.716540   0.000000    0.000000  0.000000  0.000000
   C  -1.230705   2.851907   0.000000    0.000000 -0.000000  0.000000
   C   0.000000   5.003169   0.000000    0.000000  0.000000  0.000000
   C  -3.678966  -5.694052   0.000000    0.000000  0.000000  0.000000
   C  -2.466015  -3.560923   0.000000    0.000000  0.000000  0.000000
   C  -1.232423  -1.423207   0.000000    0.000000  0.000000  0.000000
   C   0.000000   0.715809   0.000000    0.000000  0.000000  0.000000
   C   1.230705   2.851907   0.000000    0.000000 -0.000000  0.000000
   C   2.457224   5.005715   0.000000    0.000000  0.000000  0.000000
   C  -1.226334  -5.685080   0.000000    0.000000  0.000000  0.000000
   C   0.000000  -3.557079   0.000000    0.000000  0.000000  0.000000
   C   1.232423  -1.423207   0.000000    0.000000  0.000000  0.000000
   C   2.471779   0.716540   0.000000    0.000000  0.000000  0.000000
   C   3.694845   2.860312   0.000000    0.000000  0.000000  0.000000
   C   4.910090   5.019617   0.000000    0.000000  0.000000  0.000000
   N   1.226334  -5.685080   0.000000    0.000000  0.000000  0.000000
   C   2.466015  -3.560923   0.000000    0.000000  0.000000  0.000000
   C   3.698169  -1.425571   0.000000    0.000000  0.000000  0.000000
   C   4.940069   0.716689   0.000000    0.000000  0.000000  0.000000
   C   6.173642   2.889413   0.000000    0.000000  0.000000  0.000000
   C   7.338226   5.042760   0.000000    0.000000  0.000000  0.000000
   C   3.678966  -5.694052   0.000000    0.000000  0.000000  0.000000
   C   4.928214  -3.580071   0.000000    0.000000  0.000000  0.000000
   C   6.173475  -1.431785   0.000000   -0.000000  0.000000  0.000000
   C   7.365228   0.691139   0.000000    0.000000  0.000000  0.000000
   C   6.138515  -5.727246   0.000000    0.000000  0.000000  0.000000
   C   7.358051  -3.642635   0.000000   -0.000000  0.000000  0.000000
   C  -7.358051   3.642635   0.000000    0.000000  0.000000  0.000000
   N  -6.138515   5.727246   0.000000    0.000000  0.000000  0.000000
   C  -7.365228  -0.691139   0.000000    0.000000  0.000000  0.000000
   C  -6.173475   1.431785   0.000000    0.000000  0.000000  0.000000
   C  -4.928214   3.580071   0.000000    0.000000 -0.000000  0.000000
   C  -3.678966   5.694052   0.000000    0.000000  0.000000  0.000000
   C  -7.338226  -5.042760   0.000000    0.000000  0.000000  0.000000
   C  -6.173642  -2.889413   0.000000    0.000000  0.000000  0.000000
   C  -4.940069  -0.716689   0.000000    0.000000  0.000000  0.000000
   C  -3.698169   1.425571   0.000000    0.000000  0.000000  0.000000
   C  -2.466015   3.560923   0.000000    0.000000 -0.000000  0.000000
   C  -1.226334   5.685080   0.000000    0.000000  0.000000  0.000000
   C  -4.910090  -5.019617   0.000000    0.000000  0.000000  0.000000
   C  -3.694845  -2.860312   0.000000    0.000000  0.000000  0.000000
   C  -2.471779  -0.716540   0.000000    0.000000  0.000000  0.000000
   C  -1.232423   1.423207   0.000000    0.000000  0.000000  0.000000
   C   0.000000   3.557079   0.000000    0.000000  0.000000  0.000000
   C   1.226334   5.685080   0.000000    0.000000  0.000000  0.000000
   C  -2.457224  -5.005715   0.000000    0.000000  0.000000  0.000000
   C  -1.230705  -2.851907   0.000000    0.000000  0.000000  0.000000
   C   0.000000  -0.715809   0.000000    0.000000  0.000000  0.000000
   N   1.232423   1.423207   0.000000    0.000000  0.000000  0.000000
   C   2.466015   3.560923   0.000000    0.000000 -0.000000  0.000000
   C   3.678966   5.694052   0.000000    0.000000  0.000000  0.000000
   C   0.000000  -5.003169   0.000000    0.000000  0.000000  0.000000
   C   1.230705  -2.851907   0.000000    0.000000  0.000000  0.000000
   C   2.471779  -0.716540   0.000000    0.000000  0.000000  0.000000
   N   3.698169   1.425571   0.000000    0.000000  0.000000  0.000000
   C   4.928214   3.580071   0.000000    0.000000 -0.000000  0.000000
   C   6.138515   5.727246   0.000000    0.000000  0.000000  0.000000
   C   2.457224  -5.005715   0.000000    0.000000  0.000000  0.000000
   C   3.694845  -2.860312   0.000000    0.000000  0.000000  0.000000
   C   4.940069  -0.716689   0.000000    0.000000  0.000000  0.000000
   C   6.173475   1.431785   0.000000   -0.000000  0.000000  0.000000
   C   7.358051   3.642635   0.000000   -0.000000  0.000000  0.000000
   C   4.910090  -5.019617   0.000000    0.000000  0.000000  0.000000
   C   6.173642  -2.889413   0.000000    0.000000  0.000000  0.000000
   C   7.365228  -0.691139   0.000000    0.000000  0.000000  0.000000
   C   7.338226  -5.042760   0.000000    0.000000  0.000000  0.000000
   H   8.282184   5.591425   0.000000    0.000000 -0.000000  0.000000
   H   8.325741   3.141106   0.000000    0.000000  0.000000  0.000000
   H   8.326715   1.204661   0.000000    0.000000  0.000000  0.000000
   H   8.326715  -1.204661   0.000000    0.000000  0.000000  0.000000
   H   8.325741  -3.141106   0.000000    0.000000  0.000000  0.000000
   H   8.282184  -5.591425   0.000000    0.000000  0.000000  0.000000
   H  -8.282184   5.591425   0.000000    0.000000 -0.000000  0.000000
   H  -8.325741   3.141106   0.000000    0.000000  0.000000  0.000000
   H  -8.326715   1.204661   0.000000    0.000000  0.000000  0.000000
   H  -8.326715  -1.204661   0.000000    0.000000  0.000000  0.000000
   H  -8.325741  -3.141106   0.000000    0.000000  0.000000  0.000000
   H  -8.282184  -5.591425   0.000000    0.000000  0.000000  0.000000
   H  -6.116625   6.819427   0.000000    0.000000  0.000000  0.000000
   H  -3.672757   6.787431   0.000000    0.000000  0.000000  0.000000
   H  -1.225580   6.778408   0.000000    0.000000 -0.000000  0.000000
   H   1.225580   6.778408   0.000000    0.000000 -0.000000  0.000000
   H   3.672757   6.787431   0.000000    0.000000  0.000000  0.000000
   H   6.116625   6.819427   0.000000   -0.000000  0.000000  0.000000
   H  -6.116625  -6.819427   0.000000    0.000000  0.000000  0.000000
   H  -3.672757  -6.787431   0.000000    0.000000  0.000000  0.000000
   H  -1.225580  -6.778408   0.000000    0.000000  0.000000  0.000000
   H   1.225580  -6.778408   0.000000    0.000000  0.000000  0.000000
   H   3.672757  -6.787431   0.000000    0.000000  0.000000  0.000000
   H   6.116625  -6.819427   0.000000   -0.000000  0.000000  0.000000
converged SCF energy = -3051.14297589059
--------------- RKS_Scanner gradients ---------------
         x                y                z
0 C    -0.0102194710     0.0323441314     0.0000000000
1 C     0.0059024990     0.0080892931    -0.0000000000
2 C    -0.0303314077     0.0139857960    -0.0000000000
3 C    -0.0167201735    -0.0241566485    -0.0000000000
4 C    -0.0003030242    -0.0017911892    -0.0000000000
5 C    -0.0072992401    -0.0014500335    -0.0000000000
6 C    -0.0006702076     0.0005504738    -0.0000000000
7 C     0.0006961596     0.0066636879    -0.0000000000
8 C    -0.0244292071    -0.0030618847    -0.0000000000
9 C     0.0009407728    -0.0031689386    -0.0000000000
10 C    -0.0011419045     0.0013857156    -0.0000000000
11 C    -0.0036171539     0.0016933045    -0.0000000000
12 C    -0.0097106125     0.0039373770    -0.0000000000
13 C     0.0199776589     0.0019564359    -0.0000000000
14 C    -0.0151681695    -0.0020208431     0.0000000000
15 C    -0.0103895400    -0.0041736956     0.0000000000
16 C    -0.0023241828     0.0020276960    -0.0000000000
17 C     0.0032405876    -0.0005212925    -0.0000000000
18 C    -0.0078002315     0.0071927207    -0.0000000000
19 C     0.0151577460    -0.0048894788    -0.0000000000
20 C     0.0026812692    -0.0003914380    -0.0000000000
21 C    -0.0368931802    -0.0030894641    -0.0000000000
22 C    -0.0072735143     0.0066468051    -0.0000000000
23 C     0.0017044662     0.0063495488    -0.0000000000
24 C     0.0153820922    -0.0084412677    -0.0000000000
25 C    -0.0108414258    -0.0005509774     0.0000000000
26 C     0.0184488130    -0.0059579305    -0.0000000000
27 N    -0.0040508847     0.0225583802    -0.0000000000
28 C     0.0021225410     0.0098751347    -0.0000000000
29 C    -0.0001917511     0.0073476512    -0.0000000000
30 C    -0.0095288668     0.0002776034     0.0000000000
31 C    -0.0170757489    -0.0111213079    -0.0000000000
32 C     0.0125043182    -0.0113173209    -0.0000000000
33 C     0.0293786457    -0.0015791235    -0.0000000000
34 C    -0.0042890904     0.0041788308    -0.0000000000
35 C     0.0044875208    -0.0067742966    -0.0000000000
36 C    -0.0015760746     0.0116848532     0.0000000000
37 C     0.0037192171    -0.0034013981    -0.0000000000
38 C     0.0000618653    -0.0004733877    -0.0000000000
39 C     0.0168548164    -0.0438570927     0.0000000000
40 N    -0.0029141395    -0.0227128979    -0.0000000000
41 C     0.0021485181    -0.0094687827     0.0000000000
42 C    -0.0054241509    -0.0105751046     0.0000000000
43 C     0.0197059329     0.0092622051     0.0000000000
44 C     0.0383546448     0.0003952959     0.0000000000
45 C    -0.0045747887    -0.0018393558     0.0000000000
46 C     0.0033219636     0.0033824932     0.0000000000
47 C     0.0048394953     0.0004746092     0.0000000000
48 C     0.0047109591    -0.0100384425     0.0000000000
49 C    -0.0128081349     0.0047774127     0.0000000000
50 C     0.0200864827     0.0065251181     0.0000000000
51 C     0.0013141595    -0.0026485497     0.0000000000
52 C     0.0035436921    -0.0030870489     0.0000000000
53 C     0.0026142330     0.0019808336     0.0000000000
54 C    -0.0016827109    -0.0079108009     0.0000000000
55 C    -0.0200350953     0.0108575901    -0.0000000000
56 C     0.0058298591     0.0070210028    -0.0000000000
57 C     0.0167465035    -0.0039946902     0.0000000000
58 C     0.0030068175     0.0017422370     0.0000000000
59 C    -0.0042117405    -0.0138549354     0.0000000000
60 N    -0.0272793772     0.0118516478    -0.0000000000
61 C    -0.0032448368     0.0166632402     0.0000000000
62 C    -0.0107157230     0.0045943317     0.0000000000
63 C     0.0179658109     0.0117109082     0.0000000000
64 C     0.0032575400    -0.0064545145     0.0000000000
65 C    -0.0013290186    -0.0159886285     0.0000000000
66 N     0.0162611730    -0.0043741949    -0.0000000000
67 C     0.0116442396     0.0158827663    -0.0000000000
68 C    -0.0145875191     0.0036300019     0.0000000000
69 C    -0.0089268948     0.0100683115     0.0000000000
70 C     0.0002772173    -0.0049300543     0.0000000000
71 C    -0.0005987663    -0.0070252803     0.0000000000
72 C     0.0224606682     0.0039697390    -0.0000000000
73 C     0.0087065018     0.0164776871     0.0000000000
74 C    -0.0081622786    -0.0090346818     0.0000000000
75 C    -0.0003283584     0.0053916751     0.0000000000
76 C    -0.0020075223    -0.0081343837     0.0000000000
77 C     0.0032796871    -0.0045994880     0.0000000000
78 H     0.0051004241     0.0026934319     0.0000000000
79 H     0.0060932873    -0.0026282768    -0.0000000000
80 H     0.0069198007     0.0022949563    -0.0000000000
81 H     0.0058733269    -0.0030821747    -0.0000000000
82 H     0.0055566325     0.0030702409     0.0000000000
83 H     0.0049566641    -0.0028977965    -0.0000000000
84 H    -0.0106029339    -0.0021684469    -0.0000000000
85 H    -0.0054639701    -0.0069594210    -0.0000000000
86 H    -0.0051633177     0.0032632602     0.0000000000
87 H    -0.0056694005    -0.0030110333     0.0000000000
88 H    -0.0054554103     0.0029773879     0.0000000000
89 H    -0.0047848135    -0.0027977845    -0.0000000000
90 H     0.0007277818     0.0614162376     0.0000000000
91 H    -0.0002705868     0.0056262479    -0.0000000000
92 H    -0.0004317727     0.0065586252    -0.0000000000
93 H    -0.0003427328     0.0067961304    -0.0000000000
94 H     0.0002899692     0.0068467266     0.0000000000
95 H     0.0001214086     0.0063802798    -0.0000000000
96 H     0.0001371897    -0.0058698809     0.0000000000
97 H    -0.0000018036    -0.0060736569    -0.0000000000
98 H     0.0001163110    -0.0054919396     0.0000000000
99 H     0.0000336080    -0.0620361958     0.0000000000
100 H    -0.0001847105    -0.0055815000    -0.0000000000
101 H    -0.0002199608    -0.0059029267    -0.0000000000
----------------------------------------------
cycle 1: E = -3051.14297589  dE = -3051.14  norm(grad) = 0.173454

Geometry optimization cycle 2
