1721240657.559052

Geometry optimization cycle 1
Cartesian coordinates (Angstrom)
 Atom        New coordinates             dX        dY        dZ
   C  -7.338226   5.042760   0.000000    0.000000  0.000000  0.000000
   C  -7.365228   0.691139   0.000000    0.000000  0.000000  0.000000
   C  -6.173642   2.889413   0.000000    0.000000  0.000000  0.000000
   C  -4.910090   5.019617   0.000000    0.000000  0.000000  0.000000
   C  -7.358051  -3.642635   0.000000    0.000000  0.000000  0.000000
   C  -6.173475  -1.431785   0.000000    0.000000  0.000000  0.000000
   C  -4.940069   0.716689   0.000000    0.000000  0.000000  0.000000
   C  -3.694845   2.860312   0.000000    0.000000  0.000000  0.000000
   C  -2.457224   5.005715   0.000000    0.000000  0.000000  0.000000
   C  -6.138515  -5.727246   0.000000    0.000000  0.000000  0.000000
   C  -4.928214  -3.580071   0.000000    0.000000  0.000000  0.000000
   C  -3.698169  -1.425571   0.000000    0.000000  0.000000  0.000000
   C  -2.471779   0.716540   0.000000    0.000000  0.000000  0.000000
   C  -1.230705   2.851907   0.000000    0.000000 -0.000000  0.000000
   C   0.000000   5.003169   0.000000    0.000000  0.000000  0.000000
   C  -3.678966  -5.694052   0.000000    0.000000  0.000000  0.000000
   C  -2.466015  -3.560923   0.000000    0.000000  0.000000  0.000000
   C  -1.232423  -1.423207   0.000000    0.000000  0.000000  0.000000
   C   0.000000   0.715809   0.000000    0.000000  0.000000  0.000000
   N   1.230705   2.851907   0.000000    0.000000 -0.000000  0.000000
   N   2.457224   5.005715   0.000000    0.000000  0.000000  0.000000
   C  -1.226334  -5.685080   0.000000    0.000000  0.000000  0.000000
   C   0.000000  -3.557079   0.000000    0.000000  0.000000  0.000000
   C   1.232423  -1.423207   0.000000    0.000000  0.000000  0.000000
   C   2.471779   0.716540   0.000000    0.000000  0.000000  0.000000
   C   3.694845   2.860312   0.000000    0.000000  0.000000  0.000000
   C   4.910090   5.019617   0.000000    0.000000  0.000000  0.000000
   C   1.226334  -5.685080   0.000000    0.000000  0.000000  0.000000
   N   2.466015  -3.560923   0.000000    0.000000  0.000000  0.000000
   C   3.698169  -1.425571   0.000000    0.000000  0.000000  0.000000
   C   4.940069   0.716689   0.000000    0.000000  0.000000  0.000000
   C   6.173642   2.889413   0.000000    0.000000  0.000000  0.000000
   C   7.338226   5.042760   0.000000    0.000000  0.000000  0.000000
   C   3.678966  -5.694052   0.000000    0.000000  0.000000  0.000000
   C   4.928214  -3.580071   0.000000    0.000000  0.000000  0.000000
   C   6.173475  -1.431785   0.000000   -0.000000  0.000000  0.000000
   N   7.365228   0.691139   0.000000    0.000000  0.000000  0.000000
   C   6.138515  -5.727246   0.000000    0.000000  0.000000  0.000000
   C   7.358051  -3.642635   0.000000   -0.000000  0.000000  0.000000
   C  -7.358051   3.642635   0.000000    0.000000  0.000000  0.000000
   C  -6.138515   5.727246   0.000000    0.000000  0.000000  0.000000
   C  -7.365228  -0.691139   0.000000    0.000000  0.000000  0.000000
   C  -6.173475   1.431785   0.000000    0.000000  0.000000  0.000000
   C  -4.928214   3.580071   0.000000    0.000000 -0.000000  0.000000
   C  -3.678966   5.694052   0.000000    0.000000  0.000000  0.000000
   C  -7.338226  -5.042760   0.000000    0.000000  0.000000  0.000000
   C  -6.173642  -2.889413   0.000000    0.000000  0.000000  0.000000
   C  -4.940069  -0.716689   0.000000    0.000000  0.000000  0.000000
   C  -3.698169   1.425571   0.000000    0.000000  0.000000  0.000000
   C  -2.466015   3.560923   0.000000    0.000000 -0.000000  0.000000
   C  -1.226334   5.685080   0.000000    0.000000  0.000000  0.000000
   C  -4.910090  -5.019617   0.000000    0.000000  0.000000  0.000000
   C  -3.694845  -2.860312   0.000000    0.000000  0.000000  0.000000
   C  -2.471779  -0.716540   0.000000    0.000000  0.000000  0.000000
   C  -1.232423   1.423207   0.000000    0.000000  0.000000  0.000000
   C   0.000000   3.557079   0.000000    0.000000  0.000000  0.000000
   C   1.226334   5.685080   0.000000    0.000000  0.000000  0.000000
   N  -2.457224  -5.005715   0.000000    0.000000  0.000000  0.000000
   C  -1.230705  -2.851907   0.000000    0.000000  0.000000  0.000000
   C   0.000000  -0.715809   0.000000    0.000000  0.000000  0.000000
   C   1.232423   1.423207   0.000000    0.000000  0.000000  0.000000
   C   2.466015   3.560923   0.000000    0.000000 -0.000000  0.000000
   C   3.678966   5.694052   0.000000    0.000000  0.000000  0.000000
   C   0.000000  -5.003169   0.000000    0.000000  0.000000  0.000000
   C   1.230705  -2.851907   0.000000    0.000000  0.000000  0.000000
   C   2.471779  -0.716540   0.000000    0.000000  0.000000  0.000000
   C   3.698169   1.425571   0.000000    0.000000  0.000000  0.000000
   C   4.928214   3.580071   0.000000    0.000000 -0.000000  0.000000
   C   6.138515   5.727246   0.000000    0.000000  0.000000  0.000000
   N   2.457224  -5.005715   0.000000    0.000000  0.000000  0.000000
   C   3.694845  -2.860312   0.000000    0.000000  0.000000  0.000000
   C   4.940069  -0.716689   0.000000    0.000000  0.000000  0.000000
   C   6.173475   1.431785   0.000000   -0.000000  0.000000  0.000000
   C   7.358051   3.642635   0.000000   -0.000000  0.000000  0.000000
   C   4.910090  -5.019617   0.000000    0.000000  0.000000  0.000000
   C   6.173642  -2.889413   0.000000    0.000000  0.000000  0.000000
   C   7.365228  -0.691139   0.000000    0.000000  0.000000  0.000000
   C   7.338226  -5.042760   0.000000    0.000000  0.000000  0.000000
   H   8.282184   5.591425   0.000000    0.000000 -0.000000  0.000000
   H   8.325741   3.141106   0.000000    0.000000  0.000000  0.000000
   H   8.326715   1.204661   0.000000    0.000000  0.000000  0.000000
   H   8.326715  -1.204661   0.000000    0.000000  0.000000  0.000000
   H   8.325741  -3.141106   0.000000    0.000000  0.000000  0.000000
   H   8.282184  -5.591425   0.000000    0.000000  0.000000  0.000000
   H  -8.282184   5.591425   0.000000    0.000000 -0.000000  0.000000
   H  -8.325741   3.141106   0.000000    0.000000  0.000000  0.000000
   H  -8.326715   1.204661   0.000000    0.000000  0.000000  0.000000
   H  -8.326715  -1.204661   0.000000    0.000000  0.000000  0.000000
   H  -8.325741  -3.141106   0.000000    0.000000  0.000000  0.000000
   H  -8.282184  -5.591425   0.000000    0.000000  0.000000  0.000000
   H  -6.116625   6.819427   0.000000    0.000000  0.000000  0.000000
   H  -3.672757   6.787431   0.000000    0.000000  0.000000  0.000000
   H  -1.225580   6.778408   0.000000    0.000000 -0.000000  0.000000
   H   1.225580   6.778408   0.000000    0.000000 -0.000000  0.000000
   H   3.672757   6.787431   0.000000    0.000000  0.000000  0.000000
   H   6.116625   6.819427   0.000000   -0.000000  0.000000  0.000000
   H  -6.116625  -6.819427   0.000000    0.000000  0.000000  0.000000
   H  -3.672757  -6.787431   0.000000    0.000000  0.000000  0.000000
   H  -1.225580  -6.778408   0.000000    0.000000  0.000000  0.000000
   H   1.225580  -6.778408   0.000000    0.000000  0.000000  0.000000
   H   3.672757  -6.787431   0.000000    0.000000  0.000000  0.000000
   H   6.116625  -6.819427   0.000000   -0.000000  0.000000  0.000000
converged SCF energy = -3084.19190563138
--------------- RKS_Scanner gradients ---------------
         x                y                z
0 C    -0.0026812986     0.0043704739    -0.0000000000
1 C     0.0018031564     0.0071620505    -0.0000000000
2 C    -0.0002681745    -0.0022095558    -0.0000000000
3 C     0.0048982978     0.0034229056    -0.0000000000
4 C     0.0072516887     0.0039196742    -0.0000000000
5 C    -0.0092152357    -0.0009258206     0.0000000000
6 C     0.0056586564     0.0003922267     0.0000000000
7 C     0.0026937174     0.0077700109     0.0000000000
8 C     0.0137445244    -0.0011317667    -0.0000000000
9 C    -0.0030076175     0.0011994320    -0.0000000000
10 C     0.0121052224     0.0014696076    -0.0000000000
11 C    -0.0063797718     0.0090817658     0.0000000000
12 C    -0.0044443333     0.0002581042     0.0000000000
13 C     0.0009519026     0.0070673079     0.0000000000
14 C     0.0057413026     0.0032737388    -0.0000000000
15 C    -0.0116163623    -0.0125150341     0.0000000000
16 C    -0.0038368442     0.0163354453     0.0000000000
17 C     0.0119670433     0.0027421767    -0.0000000000
18 C    -0.0001843002     0.0021912593    -0.0000000000
19 N     0.0145335999    -0.0074768030    -0.0000000000
20 N     0.0154787982     0.0015183577     0.0000000000
21 C     0.0114100843    -0.0193202934    -0.0000000000
22 C    -0.0234647168     0.0035341286    -0.0000000000
23 C    -0.0105367370     0.0161299020    -0.0000000000
24 C     0.0070599134     0.0142126436     0.0000000000
25 C     0.0054638797     0.0065569897    -0.0000000000
26 C     0.0014764744     0.0070406334     0.0000000000
27 C    -0.0251988776    -0.0294359303     0.0000000000
28 N    -0.0270649739    -0.0010832388    -0.0000000000
29 C    -0.0116120929     0.0155314731     0.0000000000
30 C    -0.0126405799    -0.0073613014    -0.0000000000
31 C    -0.0026942351     0.0198056070    -0.0000000000
32 C     0.0014576456     0.0121805039    -0.0000000000
33 C     0.0061940761    -0.0219465436    -0.0000000000
34 C    -0.0060855919    -0.0026868311     0.0000000000
35 C    -0.0201642494    -0.0082810778     0.0000000000
36 N    -0.0313065816    -0.0020432270    -0.0000000000
37 C     0.0101506835    -0.0003801430     0.0000000000
38 C    -0.0073117838     0.0051110168    -0.0000000000
39 C     0.0006486847    -0.0011840391     0.0000000000
40 C    -0.0025102304     0.0030307858     0.0000000000
41 C     0.0025932055    -0.0071509255     0.0000000000
42 C    -0.0061945916     0.0009430511     0.0000000000
43 C     0.0018201834    -0.0022559168    -0.0000000000
44 C    -0.0113440593     0.0043347971     0.0000000000
45 C    -0.0044269209    -0.0085010422     0.0000000000
46 C    -0.0060357608     0.0033083155     0.0000000000
47 C     0.0082009509     0.0012490878    -0.0000000000
48 C    -0.0004154503    -0.0083513343    -0.0000000000
49 C    -0.0065549497    -0.0046365182    -0.0000000000
50 C    -0.0178026366     0.0071662394     0.0000000000
51 C    -0.0071778913    -0.0047259569     0.0000000000
52 C    -0.0015938610    -0.0008355011    -0.0000000000
53 C    -0.0047067460     0.0008754957    -0.0000000000
54 C     0.0066445313    -0.0008391298    -0.0000000000
55 C    -0.0183659307     0.0085706277     0.0000000000
56 C    -0.0306955505     0.0124595040     0.0000000000
57 N    -0.0052283883     0.0041988129    -0.0000000000
58 C     0.0039233551     0.0021292117     0.0000000000
59 C    -0.0053570811    -0.0055817140     0.0000000000
60 C    -0.0071747044    -0.0189695747     0.0000000000
61 C     0.0038875116    -0.0194931525    -0.0000000000
62 C     0.0172007992     0.0184487714    -0.0000000000
63 C     0.0135368598    -0.0098266053     0.0000000000
64 C     0.0255702887     0.0007750375     0.0000000000
65 C     0.0190001095    -0.0259376147    -0.0000000000
66 C    -0.0097559707    -0.0158024882     0.0000000000
67 C     0.0004781437    -0.0014234737     0.0000000000
68 C     0.0062514527    -0.0024458417     0.0000000000
69 N     0.0195247206     0.0237896770    -0.0000000000
70 C     0.0116734236     0.0051637440    -0.0000000000
71 C     0.0143565820     0.0127618788     0.0000000000
72 C     0.0096889147    -0.0075659740     0.0000000000
73 C    -0.0090818331    -0.0076166894     0.0000000000
74 C     0.0041139330     0.0010775615    -0.0000000000
75 C     0.0058694674    -0.0021706683    -0.0000000000
76 C     0.0136128988    -0.0091642196    -0.0000000000
77 C     0.0011566423    -0.0116471912     0.0000000000
78 H     0.0051792249     0.0028135696     0.0000000000
79 H     0.0032557713    -0.0032653581    -0.0000000000
80 H     0.0546860587     0.0264053835    -0.0000000000
81 H     0.0044571265    -0.0098501965    -0.0000000000
82 H     0.0054239568     0.0033304632     0.0000000000
83 H     0.0052088575    -0.0028059232    -0.0000000000
84 H    -0.0048121740     0.0028651950     0.0000000000
85 H    -0.0056121665    -0.0029343078    -0.0000000000
86 H    -0.0056309712     0.0029707284     0.0000000000
87 H    -0.0057874918    -0.0028108053    -0.0000000000
88 H    -0.0058438955     0.0030701409     0.0000000000
89 H    -0.0050274451    -0.0026569774    -0.0000000000
90 H     0.0001011925     0.0058476463    -0.0000000000
91 H    -0.0001654489     0.0061093290    -0.0000000000
92 H    -0.0009696632     0.0067827162    -0.0000000000
93 H    -0.0085545199     0.0104320400    -0.0000000000
94 H     0.0094476130     0.0103863674     0.0000000000
95 H    -0.0005231042     0.0061378288     0.0000000000
96 H     0.0003753145    -0.0057573160     0.0000000000
97 H    -0.0083318180    -0.0098230966    -0.0000000000
98 H     0.0086955106    -0.0094426401     0.0000000000
99 H    -0.0115845612    -0.0104216979     0.0000000000
100 H     0.0106982555    -0.0110271474     0.0000000000
101 H    -0.0003542145    -0.0059710796    -0.0000000000
----------------------------------------------
cycle 1: E = -3084.19190563  dE = -3084.19  norm(grad) = 0.154826

Geometry optimization cycle 2
Cartesian coordinates (Angstrom)
 Atom        New coordinates             dX        dY        dZ
   C  -7.255037   4.990007   0.000000    0.083188 -0.052753  0.000000
   C  -7.321269   0.669448   0.000000    0.043959 -0.021691  0.000000
   C  -6.126489   2.861847   0.000000    0.047153 -0.027567  0.000000
   C  -4.842250   4.975317   0.000000    0.067841 -0.044300  0.000000
   C  -7.308227  -3.638816   0.000000    0.049824  0.003819  0.000000
   C  -6.130674  -1.435896   0.000000    0.042801 -0.004111  0.000000
   C  -4.917684   0.703677  -0.000000    0.022385 -0.013012 -0.000000
   C  -3.665407   2.833692  -0.000000    0.029438 -0.026620 -0.000000
   C  -2.401698   4.958034  -0.000000    0.055526 -0.047681 -0.000000
   C  -6.012581  -5.713765   0.000000    0.125934  0.013480  0.000000
   C  -4.892772  -3.561985   0.000000    0.035443  0.018085  0.000000
   C  -3.675896  -1.420011  -0.000000    0.022273  0.005560 -0.000000
   C  -2.466783   0.712474  -0.000000    0.004996 -0.004065 -0.000000
   C  -1.217541   2.817047  -0.000000    0.013163 -0.034860 -0.000000
   C   0.046072   4.929598  -0.000000    0.046072 -0.073570 -0.000000
   C  -3.569898  -5.605174  -0.000000    0.109068  0.088878 -0.000000
   C  -2.434641  -3.504077  -0.000000    0.031373  0.056846 -0.000000
   C  -1.238879  -1.391193  -0.000000   -0.006456  0.032015 -0.000000
   C  -0.012703   0.721648  -0.000000   -0.012703  0.005840 -0.000000
   N   1.207899   2.815062  -0.000000   -0.022806 -0.036845 -0.000000
   N   2.405595   4.860746  -0.000000   -0.051628 -0.144969 -0.000000
   C  -1.214923  -5.549432  -0.000000    0.011411  0.135648 -0.000000
   C   0.018508  -3.468186  -0.000000    0.018508  0.088892 -0.000000
   C   1.216968  -1.385464  -0.000000   -0.015455  0.037743 -0.000000
   C   2.432134   0.718597  -0.000000   -0.039645  0.002057 -0.000000
   C   3.661731   2.802406  -0.000000   -0.033114 -0.057906 -0.000000
   C   4.843870   4.907524   0.000000   -0.066220 -0.112093  0.000000
   C   1.228358  -5.506578  -0.000000    0.002024  0.178502 -0.000000
   N   2.467923  -3.449619  -0.000000    0.001909  0.111304 -0.000000
   C   3.661242  -1.403939  -0.000000   -0.036927  0.021632 -0.000000
   C   4.877574   0.694318   0.000000   -0.062495 -0.022371  0.000000
   C   6.147628   2.824827   0.000000   -0.026014 -0.064587  0.000000
   C   7.233703   4.940903   0.000000   -0.104522 -0.101857  0.000000
   C   3.575093  -5.521295   0.000000   -0.103873  0.172757  0.000000
   C   4.913115  -3.509029   0.000000   -0.015099  0.071041  0.000000
   C   6.147378  -1.415596   0.000000   -0.026097  0.016189  0.000000
   N   7.225523   0.666082   0.000000   -0.139705 -0.025057  0.000000
   C   6.010959  -5.673446   0.000000   -0.127556  0.053800  0.000000
   C   7.336769  -3.614064   0.000000   -0.021283  0.028571  0.000000
   C  -7.307128   3.602179   0.000000    0.050924 -0.040457  0.000000
   C  -6.062095   5.672145   0.000000    0.076420 -0.055101  0.000000
   C  -7.320369  -0.700293   0.000000    0.044858 -0.009154  0.000000
   C  -6.136449   1.412815   0.000000    0.037026 -0.018970  0.000000
   C  -4.888431   3.550115   0.000000    0.039784 -0.029955  0.000000
   C  -3.606699   5.638979  -0.000000    0.072267 -0.055074 -0.000000
   C  -7.202347  -5.022529   0.000000    0.135879  0.020231  0.000000
   C  -6.129914  -2.884718   0.000000    0.043728  0.004695  0.000000
   C  -4.916119  -0.721021  -0.000000    0.023950 -0.004333 -0.000000
   C  -3.684581   1.416779  -0.000000    0.013588 -0.008791 -0.000000
   C  -2.435738   3.528485  -0.000000    0.030277 -0.032437 -0.000000
   C  -1.154522   5.608093  -0.000000    0.071813 -0.076987 -0.000000
   C  -4.812318  -4.982203   0.000000    0.097773  0.037414  0.000000
   C  -3.669224  -2.835236  -0.000000    0.025621  0.025076 -0.000000
   C  -2.465677  -0.704912  -0.000000    0.006102  0.011628 -0.000000
   C  -1.241160   1.410327  -0.000000   -0.008737 -0.012880 -0.000000
   C   0.014242   3.504467  -0.000000    0.014242 -0.052612 -0.000000
   C   1.275562   5.586119  -0.000000    0.049228 -0.098961 -0.000000
   N  -2.407408  -4.900979  -0.000000    0.049815  0.104736 -0.000000
   C  -1.218330  -2.797704  -0.000000    0.012375  0.054203 -0.000000
   C  -0.009188  -0.689772  -0.000000   -0.009188  0.026037 -0.000000
   C   1.210666   1.424231  -0.000000   -0.021757  0.001024 -0.000000
   C   2.437334   3.480865  -0.000000   -0.028680 -0.080057 -0.000000
   C   3.590880   5.512786   0.000000   -0.088086 -0.181266  0.000000
   C  -0.008158  -4.875091  -0.000000   -0.008158  0.128078 -0.000000
   C   1.219206  -2.779184  -0.000000   -0.011499  0.072723 -0.000000
   C   2.432830  -0.679446  -0.000000   -0.038949  0.037093 -0.000000
   C   3.659157   1.404675  -0.000000   -0.039012 -0.020896 -0.000000
   C   4.898352   3.494051   0.000000   -0.029862 -0.086019  0.000000
   C   6.043197   5.639259   0.000000   -0.095318 -0.087987  0.000000
   N   2.397683  -4.848676  -0.000000   -0.059541  0.157039 -0.000000
   C   3.685401  -2.804392  -0.000000   -0.009443  0.055920 -0.000000
   C   4.897440  -0.729027   0.000000   -0.042628 -0.012339  0.000000
   C   6.071027   1.409314   0.000000   -0.102447 -0.022471  0.000000
   C   7.344559   3.559440   0.000000   -0.013493 -0.083196  0.000000
   C   4.827415  -4.927351   0.000000   -0.082676  0.092266  0.000000
   C   6.161531  -2.854384   0.000000   -0.012110  0.035029  0.000000
   C   7.305435  -0.675040   0.000000   -0.059793  0.016099  0.000000
   C   7.212626  -4.994737   0.000000   -0.125600  0.048022  0.000000
   H   8.154249   5.511072   0.000000   -0.127935 -0.080353  0.000000
   H   8.322705   3.093957   0.000000   -0.003036 -0.047149  0.000000
   H   8.087299   1.168994   0.000000   -0.239416 -0.035668  0.000000
   H   8.292339  -1.106251   0.000000   -0.034376  0.098411  0.000000
   H   8.317024  -3.160064   0.000000   -0.008717 -0.018958  0.000000
   H   8.125582  -5.576918   0.000000   -0.156602  0.014506  0.000000
   H  -8.185646   5.544470   0.000000    0.096538 -0.046955  0.000000
   H  -8.270536   3.113393   0.000000    0.055205 -0.027713  0.000000
   H  -8.275364   1.176263   0.000000    0.051351 -0.028399  0.000000
   H  -8.271673  -1.212126   0.000000    0.055042 -0.007464  0.000000
   H  -8.282778  -3.173588   0.000000    0.042963 -0.032482  0.000000
   H  -8.122810  -5.593440   0.000000    0.159374 -0.002015  0.000000
   H  -6.042750   6.755411   0.000000    0.073876 -0.064015  0.000000
   H  -3.593974   6.722911   0.000000    0.078782 -0.064521  0.000000
   H  -1.130317   6.690727  -0.000000    0.095263 -0.087680 -0.000000
   H   1.379011   6.658427  -0.000000    0.153432 -0.119981 -0.000000
   H   3.496639   6.586170   0.000000   -0.176118 -0.201261  0.000000
   H   6.017156   6.721927   0.000000   -0.099469 -0.097499  0.000000
   H  -5.983524  -6.796944   0.000000    0.133102  0.022482  0.000000
   H  -3.468880  -6.678801   0.000000    0.203877  0.108630  0.000000
   H  -1.270168  -6.626823  -0.000000   -0.044588  0.151585 -0.000000
   H   1.331404  -6.578937  -0.000000    0.105824  0.199471 -0.000000
   H   3.459811  -6.591643   0.000000   -0.212946  0.195788  0.000000
   H   5.966970  -6.755794   0.000000   -0.149655  0.063632  0.000000
converged SCF energy = -3084.24370767243
--------------- RKS_Scanner gradients ---------------
         x                y                z
0 C     0.0055735868    -0.0011444093     0.0000000000
1 C     0.0033188940     0.0015972241     0.0000000000
2 C     0.0022699632     0.0025185915     0.0000000000
3 C     0.0058893072     0.0022427260    -0.0000000000
4 C    -0.0073389129     0.0065722998    -0.0000000000
5 C    -0.0045990119     0.0012203402    -0.0000000000
6 C     0.0024920654    -0.0009227739     0.0000000000
7 C     0.0022039690     0.0040301369    -0.0000000000
8 C     0.0080953481     0.0005922382    -0.0000000000
9 C    -0.0026771430    -0.0057908587     0.0000000000
10 C    -0.0003188658    -0.0029466740     0.0000000000
11 C     0.0005313778     0.0042060093     0.0000000000
12 C    -0.0003320602    -0.0000525322     0.0000000000
13 C     0.0048823116     0.0002755487     0.0000000000
14 C     0.0124065552    -0.0048637698     0.0000000000
15 C     0.0032502594    -0.0009597105     0.0000000000
16 C    -0.0005759053     0.0071847660    -0.0000000000
17 C     0.0025550459    -0.0007998649     0.0000000000
18 C    -0.0008005671     0.0055737809     0.0000000000
19 N     0.0034635999     0.0077657294     0.0000000000
20 N    -0.0145551887     0.0018984145    -0.0000000000
21 C    -0.0059259415    -0.0011182991     0.0000000000
22 C     0.0011828202     0.0064107466     0.0000000000
23 C    -0.0015798226     0.0048372780     0.0000000000
24 C     0.0021356818     0.0086427112     0.0000000000
25 C    -0.0026406721     0.0054310162     0.0000000000
26 C     0.0062588455    -0.0027284762    -0.0000000000
27 C    -0.0047233894    -0.0012973561     0.0000000000
28 N     0.0028814002     0.0129510423    -0.0000000000
29 C    -0.0129923715    -0.0005810945    -0.0000000000
30 C    -0.0004983234    -0.0042329828     0.0000000000
31 C     0.0085582962     0.0133946139    -0.0000000000
32 C    -0.0142295656    -0.0067774200    -0.0000000000
33 C    -0.0019261580     0.0062266815    -0.0000000000
34 C    -0.0005085139     0.0037915600    -0.0000000000
35 C    -0.0034348118     0.0068626192    -0.0000000000
36 N    -0.0138390538     0.0020252769    -0.0000000000
37 C     0.0036752216    -0.0068045752     0.0000000000
38 C     0.0103022740     0.0077572198     0.0000000000
39 C    -0.0038462225    -0.0038675852    -0.0000000000
40 C    -0.0027028644    -0.0009396543    -0.0000000000
41 C     0.0022845050    -0.0029514105     0.0000000000
42 C    -0.0054939623    -0.0000799377    -0.0000000000
43 C    -0.0023349367    -0.0004727469     0.0000000000
44 C    -0.0040863460    -0.0019898812     0.0000000000
45 C     0.0138220473     0.0045857737    -0.0000000000
46 C    -0.0017405090    -0.0035663146     0.0000000000
47 C     0.0017646629    -0.0002581504    -0.0000000000
48 C    -0.0026995675    -0.0026391086     0.0000000000
49 C    -0.0051127103    -0.0007515464     0.0000000000
50 C    -0.0033633610    -0.0019234922    -0.0000000000
51 C     0.0024999307     0.0022968174    -0.0000000000
52 C    -0.0006494910    -0.0059634183     0.0000000000
53 C    -0.0036912002    -0.0007869242    -0.0000000000
54 C     0.0000011210     0.0005500761    -0.0000000000
55 C    -0.0103228448     0.0032069678     0.0000000000
56 C     0.0058456392     0.0087693518     0.0000000000
57 N    -0.0009765921    -0.0032096215    -0.0000000000
58 C     0.0015330955    -0.0045381345    -0.0000000000
59 C    -0.0019200575    -0.0055405695    -0.0000000000
60 C    -0.0001259332    -0.0078166827    -0.0000000000
61 C     0.0107204678    -0.0112933237    -0.0000000000
62 C    -0.0101814842    -0.0107433697     0.0000000000
63 C     0.0056442457     0.0026339792    -0.0000000000
64 C     0.0006305160    -0.0090747061    -0.0000000000
65 C     0.0039706039    -0.0078773188    -0.0000000000
66 C    -0.0023404012    -0.0006395704    -0.0000000000
67 C    -0.0007415555    -0.0056632512     0.0000000000
68 C     0.0011794446     0.0071248766     0.0000000000
69 N    -0.0081677888     0.0001431599    -0.0000000000
70 C     0.0122439682    -0.0033555091     0.0000000000
71 C     0.0083970774    -0.0007883114    -0.0000000000
72 C    -0.0063442681     0.0050328343     0.0000000000
73 C     0.0113288435    -0.0062839283     0.0000000000
74 C     0.0006653531     0.0016484652     0.0000000000
75 C     0.0055547616    -0.0090581188     0.0000000000
76 C     0.0132226712    -0.0060191343     0.0000000000
77 C    -0.0149351200     0.0043920249    -0.0000000000
78 H    -0.0015098605    -0.0018681224    -0.0000000000
79 H     0.0010115133    -0.0013303168    -0.0000000000
80 H    -0.0054273975    -0.0048204511    -0.0000000000
81 H    -0.0011049853    -0.0006651143    -0.0000000000
82 H     0.0006834198     0.0002219826    -0.0000000000
83 H    -0.0013563233     0.0017338911     0.0000000000
84 H     0.0004671378    -0.0009234391    -0.0000000000
85 H    -0.0002293365    -0.0003009675     0.0000000000
86 H     0.0004413233    -0.0002798524    -0.0000000000
87 H     0.0002736266     0.0003953635    -0.0000000000
88 H    -0.0005868759     0.0008634821     0.0000000000
89 H     0.0015100087     0.0015297686     0.0000000000
90 H     0.0008077906    -0.0003874315    -0.0000000000
91 H     0.0008775451    -0.0005871007     0.0000000000
92 H     0.0007587140    -0.0008267861     0.0000000000
93 H    -0.0002229406     0.0007937915    -0.0000000000
94 H    -0.0008127979    -0.0014057048    -0.0000000000
95 H    -0.0015738422     0.0008685988    -0.0000000000
96 H     0.0013928973    -0.0006436564    -0.0000000000
97 H    -0.0003103209     0.0004426359     0.0000000000
98 H     0.0002185853     0.0005319337    -0.0000000000
99 H    -0.0013296399     0.0007664364     0.0000000000
100 H    -0.0003063761     0.0013197019    -0.0000000000
101 H    -0.0016008879    -0.0007092313     0.0000000000
----------------------------------------------
cycle 2: E = -3084.24370767  dE = -0.051802  norm(grad) = 0.0736716

Geometry optimization cycle 3
Cartesian coordinates (Angstrom)
 Atom        New coordinates             dX        dY        dZ
   C  -7.268489   5.027208   0.000000   -0.013452  0.037202 -0.000000
   C  -7.320361   0.676321   0.000000    0.000909  0.006872 -0.000000
   C  -6.128440   2.867209   0.000000   -0.001952  0.005363 -0.000000
   C  -4.854820   4.970211  -0.000000   -0.012570 -0.005105 -0.000000
   C  -7.287486  -3.679083   0.000000    0.020741 -0.040267 -0.000000
   C  -6.126314  -1.434067   0.000000    0.004360  0.001829  0.000000
   C  -4.915580   0.704373  -0.000000    0.002104  0.000695  0.000000
   C  -3.666117   2.824807  -0.000000   -0.000710 -0.008885  0.000000
   C  -2.416381   4.947873  -0.000000   -0.014683 -0.010161 -0.000000
   C  -6.031563  -5.686326   0.000000   -0.018982  0.027439 -0.000000
   C  -4.892451  -3.546779   0.000000    0.000321  0.015206  0.000000
   C  -3.671353  -1.420727  -0.000000    0.004543 -0.000716  0.000000
   C  -2.462200   0.705091  -0.000000    0.004583 -0.007383  0.000000
   C  -1.222486   2.799259  -0.000000   -0.004945 -0.017788  0.000000
   C   0.022528   4.901089  -0.000000   -0.023544 -0.028510  0.000000
   C  -3.576592  -5.581722   0.000000   -0.006694  0.023453  0.000000
   C  -2.435807  -3.509068  -0.000000   -0.001166 -0.004991  0.000000
   C  -1.238059  -1.396214  -0.000000    0.000820 -0.005022  0.000000
   C  -0.004748   0.712521  -0.000000    0.007955 -0.009127  0.000000
   N   1.205530   2.809668  -0.000000   -0.002369 -0.005395  0.000000
   N   2.443928   4.873268  -0.000000    0.038332  0.012522  0.000000
   C  -1.211318  -5.546386  -0.000000    0.003605  0.003046  0.000000
   C   0.010558  -3.485269  -0.000000   -0.007950 -0.017083  0.000000
   C   1.213702  -1.400206  -0.000000   -0.003266 -0.014742  0.000000
   C   2.434395   0.714412  -0.000000    0.002261 -0.004185  0.000000
   C   3.640998   2.800318  -0.000000   -0.020732 -0.002088  0.000000
   C   4.850332   4.912748   0.000000    0.006461  0.005224  0.000000
   C   1.253635  -5.505884  -0.000000    0.025277  0.000694  0.000000
   N   2.448247  -3.482086  -0.000000   -0.019677 -0.032467  0.000000
   C   3.646264  -1.406152  -0.000000   -0.014978 -0.002213  0.000000
   C   4.893165   0.701678   0.000000    0.015591  0.007360  0.000000
   C   6.108792   2.810595   0.000000   -0.038836 -0.014231  0.000000
   C   7.294769   4.967456   0.000000    0.061065  0.026553 -0.000000
   C   3.603312  -5.555173   0.000000    0.028219 -0.033878 -0.000000
   C   4.872023  -3.511864   0.000000   -0.041092 -0.002835 -0.000000
   C   6.115787  -1.406924   0.000000   -0.031591  0.008672  0.000000
   N   7.277541   0.686533   0.000000    0.052018  0.020451 -0.000000
   C   6.047692  -5.633036   0.000000    0.036733  0.040411 -0.000000
   C   7.275437  -3.617882   0.000000   -0.061332 -0.003818 -0.000000
   C  -7.289335   3.639733   0.000000    0.017792  0.037554 -0.000000
   C  -6.062664   5.686008   0.000000   -0.000569  0.013863 -0.000000
   C  -7.315368  -0.691506   0.000000    0.005001  0.008787 -0.000000
   C  -6.130546   1.416710   0.000000    0.005903  0.003895 -0.000000
   C  -4.886729   3.545263  -0.000000    0.001701 -0.004853 -0.000000
   C  -3.615701   5.632655  -0.000000   -0.009002 -0.006323 -0.000000
   C  -7.260742  -5.064443   0.000000   -0.058395 -0.041914 -0.000000
   C  -6.131212  -2.884149   0.000000   -0.001298  0.000569  0.000000
   C  -4.913346  -0.720716   0.000000    0.002773  0.000305  0.000000
   C  -3.678519   1.412431  -0.000000    0.006061 -0.004349  0.000000
   C  -2.434823   3.517883  -0.000000    0.000915 -0.010602  0.000000
   C  -1.164476   5.598160  -0.000000   -0.009954 -0.009933 -0.000000
   C  -4.823365  -4.964328   0.000000   -0.011047  0.017875  0.000000
   C  -3.665279  -2.829442  -0.000000    0.003945  0.005794  0.000000
   C  -2.459583  -0.709134  -0.000000    0.006094 -0.004222  0.000000
   C  -1.236831   1.395814  -0.000000    0.004329 -0.014513  0.000000
   C   0.012198   3.479966  -0.000000   -0.002044 -0.024501  0.000000
   C   1.271366   5.525362  -0.000000   -0.004196 -0.060757  0.000000
   N  -2.402552  -4.897197  -0.000000    0.004857  0.003783  0.000000
   C  -1.221902  -2.802906  -0.000000   -0.003572 -0.005202  0.000000
   C  -0.006004  -0.696052  -0.000000    0.003184 -0.006280  0.000000
   C   1.215661   1.424850  -0.000000    0.004995  0.000619  0.000000
   C   2.424419   3.498480  -0.000000   -0.012916  0.017615  0.000000
   C   3.618137   5.553470   0.000000    0.027257  0.040684  0.000000
   C   0.001802  -4.889106  -0.000000    0.009960 -0.014015  0.000000
   C   1.205493  -2.793399  -0.000000   -0.013713 -0.014215  0.000000
   C   2.418042  -0.677932  -0.000000   -0.014788  0.001515  0.000000
   C   3.666609   1.403583  -0.000000    0.007452 -0.001091  0.000000
   C   4.871244   3.497762   0.000000   -0.027109  0.003711  0.000000
   C   6.072942   5.609075   0.000000    0.029744 -0.030184 -0.000000
   N   2.430237  -4.879583  -0.000000    0.032554 -0.030907  0.000000
   C   3.642467  -2.808651  -0.000000   -0.042934 -0.004259  0.000000
   C   4.869079  -0.722617   0.000000   -0.028362  0.006411  0.000000
   C   6.100553   1.398320   0.000000    0.029526 -0.010994  0.000000
   C   7.285009   3.584095   0.000000   -0.059550  0.024655 -0.000000
   C   4.837898  -4.930389   0.000000    0.010483 -0.003037 -0.000000
   C   6.107703  -2.842274   0.000000   -0.053829  0.012111 -0.000000
   C   7.260325  -0.651097   0.000000   -0.045110  0.023943 -0.000000
   C   7.276375  -5.000564   0.000000    0.063749 -0.005827 -0.000000
   H   8.225326   5.523691   0.000000    0.071077  0.012619 -0.000000
   H   8.249826   3.098085   0.000000   -0.072879  0.004128 -0.000000
   H   8.139874   1.175218   0.000000    0.052575  0.006224 -0.000000
   H   8.238908  -1.097864   0.000000   -0.053431  0.008386 -0.000000
   H   8.235080  -3.127237   0.000000   -0.081944  0.032827 -0.000000
   H   8.202711  -5.563268   0.000000    0.077129  0.013650 -0.000000
   H  -8.198098   5.582674   0.000000   -0.012452  0.038205 -0.000000
   H  -8.252480   3.154917   0.000000    0.018056  0.041523 -0.000000
   H  -8.273295   1.183246   0.000000    0.002068  0.006983 -0.000000
   H  -8.265363  -1.203443   0.000000    0.006310  0.008683 -0.000000
   H  -8.255175  -3.206052   0.000000    0.027603 -0.032464 -0.000000
   H  -8.180288  -5.638989   0.000000   -0.057477 -0.045549 -0.000000
   H  -6.028751   6.767885   0.000000    0.013999  0.012474 -0.000000
   H  -3.604252   6.715755  -0.000000   -0.010277 -0.007156 -0.000000
   H  -1.133765   6.679900  -0.000000   -0.003448 -0.010828 -0.000000
   H   1.366591   6.594784  -0.000000   -0.012420 -0.063643 -0.000000
   H   3.522131   6.625701   0.000000    0.025492  0.039531 -0.000000
   H   6.047027   6.689048   0.000000    0.029871 -0.032879 -0.000000
   H  -5.983998  -6.766529   0.000000   -0.000475  0.030415 -0.000000
   H  -3.470916  -6.652969   0.000000   -0.002035  0.025831  0.000000
   H  -1.285098  -6.620917  -0.000000   -0.014930  0.005906  0.000000
   H   1.371978  -6.575089  -0.000000    0.040574  0.003848  0.000000
   H   3.490065  -6.624515   0.000000    0.030254 -0.032872 -0.000000
   H   6.011542  -6.713184   0.000000    0.044571  0.042610 -0.000000
converged SCF energy = -3084.24130998412
--------------- RKS_Scanner gradients ---------------
         x                y                z
0 C    -0.0053122308     0.0031609910    -0.0000000000
1 C    -0.0002865826     0.0010856773    -0.0000000000
2 C    -0.0032760487    -0.0025809513    -0.0000000000
3 C    -0.0007892594    -0.0004108587    -0.0000000000
4 C     0.0149589539    -0.0084834919     0.0000000000
5 C     0.0033129526     0.0011041227     0.0000000000
6 C     0.0007831935    -0.0004102693    -0.0000000000
7 C    -0.0009764184     0.0001327198    -0.0000000000
8 C     0.0001045952    -0.0011673958     0.0000000000
9 C    -0.0021785714     0.0147144899     0.0000000000
10 C    -0.0017496816     0.0001071339     0.0000000000
11 C     0.0012029620     0.0010239916    -0.0000000000
12 C     0.0004134398     0.0001874362    -0.0000000000
13 C     0.0002178906    -0.0008635224    -0.0000000000
14 C    -0.0050421145    -0.0016501862     0.0000000000
15 C     0.0014219572     0.0077959001     0.0000000000
16 C    -0.0028887084    -0.0006198452     0.0000000000
17 C     0.0002584855    -0.0004666322    -0.0000000000
18 C     0.0002022045     0.0016352638    -0.0000000000
19 N     0.0018768350    -0.0038573750     0.0000000000
20 N     0.0130823855     0.0082883705     0.0000000000
21 C    -0.0053743686     0.0071374160     0.0000000000
22 C     0.0024086723    -0.0001811364     0.0000000000
23 C    -0.0005212334    -0.0009449728    -0.0000000000
24 C     0.0016360723     0.0046285417    -0.0000000000
25 C    -0.0035711473     0.0009363766     0.0000000000
26 C    -0.0090488965     0.0005758901    -0.0000000000
27 C     0.0027692342     0.0140454612     0.0000000000
28 N    -0.0076702050    -0.0020239576     0.0000000000
29 C    -0.0026345631    -0.0023128169     0.0000000000
30 C     0.0031540012     0.0028842966     0.0000000000
31 C    -0.0033153591    -0.0109278924     0.0000000000
32 C     0.0180313212     0.0126485419     0.0000000000
33 C     0.0009852059     0.0028538787    -0.0000000000
34 C    -0.0045458900    -0.0003522167     0.0000000000
35 C    -0.0009615592    -0.0032267433     0.0000000000
36 N     0.0220188028     0.0066734654     0.0000000000
37 C     0.0023241914     0.0155426033     0.0000000000
38 C    -0.0164126120    -0.0043089768     0.0000000000
39 C     0.0075783206     0.0051903228     0.0000000000
40 C    -0.0004153967    -0.0026972269     0.0000000000
41 C     0.0019554650     0.0001398373    -0.0000000000
42 C     0.0019410649    -0.0014858878     0.0000000000
43 C     0.0012198018    -0.0016915929     0.0000000000
44 C    -0.0011511825    -0.0002277046    -0.0000000000
45 C    -0.0157614361    -0.0108287415     0.0000000000
46 C    -0.0035346638     0.0052229071    -0.0000000000
47 C     0.0002138539     0.0005502954     0.0000000000
48 C    -0.0000513262    -0.0001208791     0.0000000000
49 C     0.0001237825    -0.0006764534     0.0000000000
50 C    -0.0006192893     0.0004647596    -0.0000000000
51 C     0.0054936430    -0.0017703522    -0.0000000000
52 C     0.0011366627    -0.0021834122     0.0000000000
53 C    -0.0003467878    -0.0004315909     0.0000000000
54 C     0.0013140140    -0.0006490465     0.0000000000
55 C     0.0023851490    -0.0001688353     0.0000000000
56 C     0.0009454544    -0.0175011347     0.0000000000
57 N     0.0060848878    -0.0066107727    -0.0000000000
58 C    -0.0001476174    -0.0013100440    -0.0000000000
59 C    -0.0003953741    -0.0012943858     0.0000000000
60 C    -0.0009209589    -0.0005091553     0.0000000000
61 C    -0.0095588158     0.0078623949    -0.0000000000
62 C    -0.0001038446    -0.0000628294     0.0000000000
63 C     0.0029933681    -0.0016225154    -0.0000000000
64 C    -0.0031126400    -0.0004609674    -0.0000000000
65 C    -0.0010838950    -0.0005519204     0.0000000000
66 C     0.0011032038    -0.0037221795    -0.0000000000
67 C    -0.0002559696     0.0011242047    -0.0000000000
68 C     0.0020129080    -0.0157207173    -0.0000000000
69 N     0.0068849886    -0.0120739376     0.0000000000
70 C     0.0017403847     0.0015388212    -0.0000000000
71 C     0.0005836241     0.0017688563    -0.0000000000
72 C     0.0054401554    -0.0082571774    -0.0000000000
73 C    -0.0171453254     0.0061437726    -0.0000000000
74 C    -0.0095360376    -0.0046353541     0.0000000000
75 C    -0.0017525688     0.0073188064    -0.0000000000
76 C    -0.0145439954     0.0104929300    -0.0000000000
77 C     0.0165585440    -0.0129053172     0.0000000000
78 H     0.0016094494     0.0010661240    -0.0000000000
79 H    -0.0028291960     0.0030544789     0.0000000000
80 H    -0.0102140755    -0.0055630541    -0.0000000000
81 H    -0.0022378327     0.0036568526     0.0000000000
82 H    -0.0024189842    -0.0033504713    -0.0000000000
83 H     0.0015825852    -0.0008792217     0.0000000000
84 H     0.0002860172     0.0003264160     0.0000000000
85 H     0.0021302663     0.0017860045    -0.0000000000
86 H     0.0009265887    -0.0010003053     0.0000000000
87 H     0.0011910378     0.0014494312    -0.0000000000
88 H     0.0028021703    -0.0032483465    -0.0000000000
89 H    -0.0013938707    -0.0009651591     0.0000000000
90 H    -0.0005702183    -0.0012365637     0.0000000000
91 H     0.0001301352    -0.0010034732    -0.0000000000
92 H     0.0001084084    -0.0009279110     0.0000000000
93 H     0.0021898697    -0.0042627624    -0.0000000000
94 H     0.0004806699    -0.0011942579     0.0000000000
95 H     0.0012949029    -0.0032143575     0.0000000000
96 H    -0.0010157197     0.0028586108    -0.0000000000
97 H     0.0011035120     0.0025217818    -0.0000000000
98 H    -0.0006306976     0.0021787416    -0.0000000000
99 H     0.0025587532     0.0031369037     0.0000000000
100 H    -0.0001432015     0.0017288418     0.0000000000
101 H     0.0011630725     0.0030752182     0.0000000000
----------------------------------------------
cycle 3: E = -3084.24130998  dE = 0.00239769  norm(grad) = 0.0804176

Geometry optimization cycle 4
Cartesian coordinates (Angstrom)
 Atom        New coordinates             dX        dY        dZ
   C  -7.272332   5.008138   0.000000   -0.003843 -0.019070 -0.000000
   C  -7.324448   0.674101   0.000000   -0.004088 -0.002219 -0.000000
   C  -6.130614   2.864870   0.000000   -0.002174 -0.002340 -0.000000
   C  -4.859935   4.975235  -0.000000   -0.005115  0.005024  0.000000
   C  -7.303014  -3.650856   0.000000   -0.015528  0.028227 -0.000000
   C  -6.128753  -1.433150   0.000000   -0.002439  0.000917 -0.000000
   C  -4.916281   0.705510  -0.000000   -0.000701  0.001137  0.000000
   C  -3.666896   2.830601  -0.000000   -0.000779  0.005794  0.000000
   C  -2.421052   4.958627  -0.000000   -0.004671  0.010754  0.000000
   C  -6.036218  -5.699817   0.000000   -0.004655 -0.013490 -0.000000
   C  -4.893874  -3.552916   0.000000   -0.001423 -0.006137  0.000000
   C  -3.671187  -1.422065  -0.000000    0.000167 -0.001337  0.000000
   C  -2.460919   0.708826  -0.000000    0.001281  0.003735  0.000000
   C  -1.220268   2.810782  -0.000000    0.002218  0.011522  0.000000
   C   0.023482   4.923262  -0.000000    0.000955  0.022173  0.000000
   C  -3.585567  -5.599225   0.000000   -0.008976 -0.017503  0.000000
   C  -2.434988  -3.514451  -0.000000    0.000819 -0.005383  0.000000
   C  -1.233570  -1.396364  -0.000000    0.004488 -0.000150  0.000000
   C  -0.002168   0.716302  -0.000000    0.002581  0.003781  0.000000
   N   1.209473   2.819160  -0.000000    0.003943  0.009492  0.000000
   N   2.433129   4.884650  -0.000000   -0.010799  0.011382  0.000000
   C  -1.215561  -5.562478  -0.000000   -0.004242 -0.016092  0.000000
   C   0.013581  -3.492119  -0.000000    0.003023 -0.006849  0.000000
   C   1.222297  -1.400766  -0.000000    0.008595 -0.000560  0.000000
   C   2.438208   0.715165  -0.000000    0.003813  0.000753  0.000000
   C   3.653687   2.808863   0.000000    0.012689  0.008545  0.000000
   C   4.852119   4.928061   0.000000    0.001787  0.015313 -0.000000
   C   1.246111  -5.529421  -0.000000   -0.007524 -0.023537  0.000000
   N   2.457286  -3.486282  -0.000000    0.009040 -0.004196  0.000000
   C   3.661551  -1.408952  -0.000000    0.015286 -0.002800  0.000000
   C   4.894897   0.700968   0.000000    0.001732 -0.000710  0.000000
   C   6.124492   2.818367   0.000000    0.015700  0.007772 -0.000000
   C   7.270422   4.962343   0.000000   -0.024346 -0.005113 -0.000000
   C   3.598784  -5.563053   0.000000   -0.004528 -0.007880 -0.000000
   C   4.889173  -3.521245   0.000000    0.017150 -0.009381 -0.000000
   C   6.136182  -1.413688   0.000000    0.020395 -0.006764 -0.000000
   N   7.274211   0.677844   0.000000   -0.003330 -0.008689 -0.000000
   C   6.039057  -5.662187   0.000000   -0.008635 -0.029152 -0.000000
   C   7.300771  -3.619223   0.000000    0.025334 -0.001340 -0.000000
   C  -7.303622   3.619668   0.000000   -0.014286 -0.020064 -0.000000
   C  -6.073164   5.682993   0.000000   -0.010499 -0.003015 -0.000000
   C  -7.321598  -0.694586   0.000000   -0.006229 -0.003080 -0.000000
   C  -6.133480   1.415174   0.000000   -0.002934 -0.001536 -0.000000
   C  -4.890582   3.549469  -0.000000   -0.003853  0.004206  0.000000
   C  -3.622170   5.642447  -0.000000   -0.006469  0.009792  0.000000
   C  -7.245841  -5.036546   0.000000    0.014900  0.027897 -0.000000
   C  -6.130450  -2.881835   0.000000    0.000761  0.002314 -0.000000
   C  -4.914137  -0.720352   0.000000   -0.000791  0.000364  0.000000
   C  -3.678683   1.416113  -0.000000   -0.000164  0.003682  0.000000
   C  -2.435721   3.527049  -0.000000   -0.000898  0.009166  0.000000
   C  -1.170032   5.612195  -0.000000   -0.005556  0.014036  0.000000
   C  -4.830497  -4.974815   0.000000   -0.007132 -0.010487 -0.000000
   C  -3.665569  -2.833306  -0.000000   -0.000289 -0.003864  0.000000
   C  -2.457311  -0.708288  -0.000000    0.002272  0.000846  0.000000
   C  -1.235058   1.403238  -0.000000    0.001773  0.007424  0.000000
   C   0.015275   3.495973  -0.000000    0.003077  0.016007  0.000000
   C   1.266765   5.561829  -0.000000   -0.004601  0.036467  0.000000
   N  -2.410398  -4.907367  -0.000000   -0.007847 -0.010170  0.000000
   C  -1.219154  -2.806314  -0.000000    0.002748 -0.003408  0.000000
   C   0.000263  -0.694682  -0.000000    0.006267  0.001370  0.000000
   C   1.218927   1.430212  -0.000000    0.003266  0.005362  0.000000
   C   2.432445   3.504393  -0.000000    0.008026  0.005912  0.000000
   C   3.613700   5.562696   0.000000   -0.004437  0.009225 -0.000000
   C  -0.002926  -4.901471  -0.000000   -0.004728 -0.012365  0.000000
   C   1.213132  -2.797071  -0.000000    0.007639 -0.003672  0.000000
   C   2.430259  -0.679864  -0.000000    0.012217 -0.001932  0.000000
   C   3.670062   1.408718  -0.000000    0.003453  0.005135  0.000000
   C   4.885346   3.508849   0.000000    0.014102  0.011087  0.000000
   C   6.065437   5.638301   0.000000   -0.007505  0.029226 -0.000000
   N   2.422008  -4.885586  -0.000000   -0.008229 -0.006002  0.000000
   C   3.656412  -2.815301  -0.000000    0.013945 -0.006650  0.000000
   C   4.885852  -0.726453   0.000000    0.016773 -0.003836  0.000000
   C   6.100766   1.402206   0.000000    0.000213  0.003886 -0.000000
   C   7.308905   3.578602   0.000000    0.023896 -0.005493 -0.000000
   C   4.839992  -4.942809   0.000000    0.002094 -0.012421 -0.000000
   C   6.128255  -2.850872   0.000000    0.020552 -0.008598 -0.000000
   C   7.287973  -0.665012   0.000000    0.027649 -0.013915 -0.000000
   C   7.254360  -5.001317   0.000000   -0.022014 -0.000753 -0.000000
   H   8.198486   5.521663   0.000000   -0.026840 -0.002028 -0.000000
   H   8.280373   3.100780   0.000000    0.030547  0.002695 -0.000000
   H   8.142461   1.177529   0.000000    0.002588  0.002311 -0.000000
   H   8.270341  -1.109610   0.000000    0.031433 -0.011746 -0.000000
   H   8.267820  -3.138018   0.000000    0.032740 -0.010781 -0.000000
   H   8.176848  -5.569357   0.000000   -0.025863 -0.006089 -0.000000
   H  -8.204015   5.560980   0.000000   -0.005917 -0.021694 -0.000000
   H  -8.266012   3.129275   0.000000   -0.013532 -0.025642 -0.000000
   H  -8.277608   1.183006   0.000000   -0.004312 -0.000240 -0.000000
   H  -8.271623  -1.209362   0.000000   -0.006260 -0.005919 -0.000000
   H  -8.271759  -3.174283   0.000000   -0.016584  0.031769 -0.000000
   H  -8.168244  -5.605646   0.000000    0.012044  0.033342 -0.000000
   H  -6.049046   6.766206   0.000000   -0.020295 -0.001679 -0.000000
   H  -3.613784   6.726540  -0.000000   -0.009533  0.010785  0.000000
   H  -1.145243   6.695069  -0.000000   -0.011478  0.015169  0.000000
   H   1.360491   6.634209  -0.000000   -0.006101  0.039425 -0.000000
   H   3.517654   6.636332   0.000000   -0.004477  0.010631 -0.000000
   H   6.046266   6.720514   0.000000   -0.000762  0.031466 -0.000000
   H  -6.003832  -6.782485   0.000000   -0.019834 -0.015955 -0.000000
   H  -3.483882  -6.672823   0.000000   -0.012966 -0.019854 -0.000000
   H  -1.286649  -6.638984  -0.000000   -0.001551 -0.018067  0.000000
   H   1.360064  -6.601392  -0.000000   -0.011914 -0.026303 -0.000000
   H   3.485288  -6.634080   0.000000   -0.004777 -0.009565 -0.000000
   H   6.005978  -6.744461   0.000000   -0.005563 -0.031277 -0.000000
converged SCF energy = -3084.25069780221
--------------- RKS_Scanner gradients ---------------
         x                y                z
0 C    -0.0011353989     0.0008197762    -0.0000000000
1 C     0.0000727868     0.0012558365    -0.0000000000
2 C    -0.0011570463    -0.0004416557    -0.0000000000
3 C    -0.0000878515    -0.0003537703    -0.0000000000
4 C     0.0035885492    -0.0001335252     0.0000000000
5 C     0.0001704887     0.0003154565    -0.0000000000
6 C     0.0005584012    -0.0001459998    -0.0000000000
7 C    -0.0004077763     0.0007698949     0.0000000000
8 C    -0.0000542204    -0.0008624464     0.0000000000
9 C    -0.0005689356     0.0025558143     0.0000000000
10 C    -0.0000690384     0.0004684033    -0.0000000000
11 C     0.0007420167     0.0009883433    -0.0000000000
12 C    -0.0000337400     0.0001636707     0.0000000000
13 C     0.0001202279    -0.0000179369     0.0000000000
14 C    -0.0021502318    -0.0007899214    -0.0000000000
15 C    -0.0003344066     0.0021662146     0.0000000000
16 C    -0.0011495253     0.0013172359     0.0000000000
17 C     0.0008577452     0.0000746803    -0.0000000000
18 C     0.0001038201     0.0009173533    -0.0000000000
19 N     0.0016173800    -0.0014669542    -0.0000000000
20 N     0.0061312304     0.0035611523    -0.0000000000
21 C    -0.0023789360     0.0022855955     0.0000000000
22 C     0.0005046550     0.0003832035     0.0000000000
23 C    -0.0000213945     0.0002832945    -0.0000000000
24 C     0.0005270289     0.0021533347    -0.0000000000
25 C    -0.0018255907     0.0011196329     0.0000000000
26 C    -0.0026439178    -0.0001822413     0.0000000000
27 C     0.0001924859     0.0038053139     0.0000000000
28 N    -0.0031678942    -0.0003066383     0.0000000000
29 C    -0.0011881528    -0.0002160234    -0.0000000000
30 C     0.0011048454     0.0010265305    -0.0000000000
31 C    -0.0013294681    -0.0034168593     0.0000000000
32 C     0.0044950583     0.0037422771     0.0000000000
33 C     0.0009851295     0.0001960182     0.0000000000
34 C    -0.0022502969    -0.0000658037    -0.0000000000
35 C     0.0002123126    -0.0013901463    -0.0000000000
36 N     0.0066226693     0.0015770950     0.0000000000
37 C     0.0011396525     0.0040260904    -0.0000000000
38 C    -0.0053831791     0.0004861507    -0.0000000000
39 C     0.0019535961     0.0005478656     0.0000000000
40 C    -0.0001659310     0.0002012331     0.0000000000
41 C     0.0006629605    -0.0009630992     0.0000000000
42 C     0.0000048088    -0.0004047487     0.0000000000
43 C     0.0007807164    -0.0007480402    -0.0000000000
44 C    -0.0010853490     0.0007183444    -0.0000000000
45 C    -0.0033464678    -0.0029597159    -0.0000000000
46 C    -0.0012458349     0.0005673895     0.0000000000
47 C     0.0000585574     0.0002759928     0.0000000000
48 C     0.0000867064    -0.0003820615     0.0000000000
49 C     0.0002257448    -0.0004016002    -0.0000000000
50 C    -0.0009954385     0.0007016256     0.0000000000
51 C     0.0009567756    -0.0000784714    -0.0000000000
52 C     0.0010855257    -0.0019084400     0.0000000000
53 C    -0.0004258178    -0.0001785489     0.0000000000
54 C     0.0007120035    -0.0004151635    -0.0000000000
55 C     0.0006134527     0.0000524889     0.0000000000
56 C    -0.0012169762    -0.0056385347     0.0000000000
57 N     0.0022634754    -0.0032892552    -0.0000000000
58 C    -0.0004858066    -0.0004420266    -0.0000000000
59 C     0.0000193073    -0.0010313653     0.0000000000
60 C    -0.0004189024    -0.0004543040     0.0000000000
61 C    -0.0033222119     0.0013098560    -0.0000000000
62 C     0.0001203274     0.0015774280    -0.0000000000
63 C     0.0021400925    -0.0013459978    -0.0000000000
64 C    -0.0004679161    -0.0005292736    -0.0000000000
65 C     0.0004653665    -0.0013700470     0.0000000000
66 C     0.0000791015    -0.0019263117     0.0000000000
67 C     0.0002766763     0.0003798138    -0.0000000000
68 C     0.0004925504    -0.0033334252     0.0000000000
69 N     0.0022455326    -0.0046884395     0.0000000000
70 C     0.0005888389     0.0016108578     0.0000000000
71 C     0.0009854184     0.0006381161     0.0000000000
72 C     0.0029069589    -0.0034657780     0.0000000000
73 C    -0.0052809307     0.0004969931    -0.0000000000
74 C    -0.0036721473    -0.0021187817     0.0000000000
75 C     0.0001674870     0.0027598672     0.0000000000
76 C    -0.0049639488     0.0033599393     0.0000000000
77 C     0.0040997006    -0.0043553305     0.0000000000
78 H     0.0000793390     0.0000846926    -0.0000000000
79 H    -0.0006518946     0.0006296072     0.0000000000
80 H    -0.0017223243    -0.0009455286    -0.0000000000
81 H    -0.0004933239     0.0012408703    -0.0000000000
82 H    -0.0004323078    -0.0009477715     0.0000000000
83 H     0.0001849316     0.0000187118    -0.0000000000
84 H     0.0002752918    -0.0000531852     0.0000000000
85 H     0.0004237138     0.0003490475    -0.0000000000
86 H     0.0001862679    -0.0003322434     0.0000000000
87 H     0.0001827267     0.0003717333    -0.0000000000
88 H     0.0003228983    -0.0005689807    -0.0000000000
89 H    -0.0000515669     0.0000660644     0.0000000000
90 H    -0.0000857625    -0.0002834787    -0.0000000000
91 H     0.0000916742    -0.0002748850    -0.0000000000
92 H     0.0000561531    -0.0003407956     0.0000000000
93 H     0.0008973353    -0.0013191145    -0.0000000000
94 H     0.0001688608    -0.0002603628     0.0000000000
95 H     0.0001779221    -0.0005777190    -0.0000000000
96 H    -0.0000836660     0.0004249272    -0.0000000000
97 H     0.0004548023     0.0007684692    -0.0000000000
98 H    -0.0003109377     0.0006888012    -0.0000000000
99 H     0.0011977523     0.0007642476    -0.0000000000
100 H    -0.0003020112     0.0004863614    -0.0000000000
101 H     0.0001292663     0.0005826566     0.0000000000
----------------------------------------------
cycle 4: E = -3084.2506978  dE = -0.00938782  norm(grad) = 0.0250409

Geometry optimization cycle 5
Cartesian coordinates (Angstrom)
 Atom        New coordinates             dX        dY        dZ
   C  -7.276951   5.006852   0.000000   -0.004619 -0.001286 -0.000000
   C  -7.327626   0.670941   0.000000   -0.003178 -0.003160 -0.000000
   C  -6.133323   2.865364   0.000000   -0.002709  0.000494 -0.000000
   C  -4.859280   4.977124   0.000000    0.000655  0.001889  0.000000
   C  -7.304275  -3.659510   0.000000   -0.001260 -0.008654 -0.000000
   C  -6.131992  -1.436986   0.000000   -0.003239 -0.003836 -0.000000
   C  -4.920229   0.705647   0.000000   -0.003948  0.000137  0.000000
   C  -3.668286   2.833686  -0.000000   -0.001391  0.003084  0.000000
   C  -2.416799   4.965728  -0.000000    0.004253  0.007101  0.000000
   C  -6.035560  -5.704486   0.000000    0.000659 -0.004669 -0.000000
   C  -4.894853  -3.558001   0.000000   -0.000980 -0.005086 -0.000000
   C  -3.675192  -1.422560   0.000000   -0.004006 -0.000495  0.000000
   C  -2.464487   0.712449  -0.000000   -0.003568  0.003623  0.000000
   C  -1.220335   2.819807  -0.000000   -0.000067  0.009025  0.000000
   C   0.032957   4.939399  -0.000000    0.009475  0.016137  0.000000
   C  -3.584963  -5.608814   0.000000    0.000604 -0.009589 -0.000000
   C  -2.435788  -3.515676  -0.000000   -0.000800 -0.001225  0.000000
   C  -1.237453  -1.393974   0.000000   -0.003883  0.002390  0.000000
   C  -0.007276   0.720716   0.000000   -0.005108  0.004414  0.000000
   N   1.207352   2.824824   0.000000   -0.002121  0.005665  0.000000
   N   2.423613   4.883332   0.000000   -0.009516 -0.001318  0.000000
   C  -1.215289  -5.566894  -0.000000    0.000271 -0.004416  0.000000
   C   0.014107  -3.488942  -0.000000    0.000526  0.003176  0.000000
   C   1.220020  -1.397437   0.000000   -0.002277  0.003329  0.000000
   C   2.432657   0.716255   0.000000   -0.005551  0.001090  0.000000
   C   3.659884   2.810800   0.000000    0.006197  0.001937  0.000000
   C   4.857906   4.928956   0.000000    0.005787  0.000895 -0.000000
   C   1.241069  -5.529762  -0.000000   -0.005042 -0.000341  0.000000
   N   2.462716  -3.481554  -0.000000    0.005430  0.004728  0.000000
   C   3.662838  -1.410289   0.000000    0.001288 -0.001337  0.000000
   C   4.884748   0.699747   0.000000   -0.010149 -0.001221  0.000000
   C   6.135288   2.824682   0.000000    0.010796  0.006315 -0.000000
   C   7.272303   4.959873   0.000000    0.001881 -0.002470 -0.000000
   C   3.597225  -5.555294  -0.000000   -0.001559  0.007759 -0.000000
   C   4.901626  -3.523592   0.000000    0.012453 -0.002347 -0.000000
   C   6.139830  -1.419178   0.000000    0.003648 -0.005490 -0.000000
   N   7.252386   0.670146   0.000000   -0.021825 -0.007698 -0.000000
   C   6.039692  -5.671262   0.000000    0.000635 -0.009074 -0.000000
   C   7.319170  -3.623628   0.000000    0.018400 -0.004405 -0.000000
   C  -7.308766   3.618364   0.000000   -0.005144 -0.001305 -0.000000
   C  -6.075767   5.679240   0.000000   -0.002604 -0.003754 -0.000000
   C  -7.325241  -0.697397   0.000000   -0.003643 -0.002811 -0.000000
   C  -6.137431   1.414992   0.000000   -0.003951 -0.000182 -0.000000
   C  -4.893405   3.551641   0.000000   -0.002823  0.002172  0.000000
   C  -3.620466   5.644390  -0.000000    0.001704  0.001943  0.000000
   C  -7.247135  -5.044417   0.000000   -0.001294 -0.007871 -0.000000
   C  -6.132297  -2.886979   0.000000   -0.001847 -0.005144 -0.000000
   C  -4.918359  -0.721457   0.000000   -0.004222 -0.001105  0.000000
   C  -3.682798   1.418730   0.000000   -0.004115  0.002617  0.000000
   C  -2.437228   3.533715  -0.000000   -0.001507  0.006666  0.000000
   C  -1.165187   5.619724  -0.000000    0.004845  0.007529  0.000000
   C  -4.829093  -4.981429   0.000000    0.001404 -0.006614 -0.000000
   C  -3.668400  -2.833879   0.000000   -0.002831 -0.000574  0.000000
   C  -2.461389  -0.705924   0.000000   -0.004078  0.002364  0.000000
   C  -1.239451   1.410368   0.000000   -0.004393  0.007130  0.000000
   C   0.016021   3.508371   0.000000    0.000746  0.012398  0.000000
   C   1.271883   5.587798  -0.000000    0.005118  0.025968  0.000000
   N  -2.412629  -4.909445  -0.000000   -0.002231 -0.002078  0.000000
   C  -1.219894  -2.804729   0.000000   -0.000741  0.001584  0.000000
   C  -0.003435  -0.690447   0.000000   -0.003697  0.004235  0.000000
   C   1.214212   1.434512   0.000000   -0.004715  0.004300  0.000000
   C   2.435157   3.503431   0.000000    0.002712 -0.000962  0.000000
   C   3.612055   5.551140   0.000000   -0.001646 -0.011556  0.000000
   C  -0.007585  -4.898550  -0.000000   -0.004659  0.002921  0.000000
   C   1.215876  -2.793654   0.000000    0.002744  0.003417  0.000000
   C   2.429653  -0.678465   0.000000   -0.000607  0.001399  0.000000
   C   3.663855   1.411378   0.000000   -0.006207  0.002660  0.000000
   C   4.893200   3.510557   0.000000    0.007854  0.001707  0.000000
   C   6.069477   5.641799   0.000000    0.004040  0.003498 -0.000000
   N   2.417279  -4.878680  -0.000000   -0.004729  0.006905  0.000000
   C   3.665853  -2.817812   0.000000    0.009441 -0.002511  0.000000
   C   4.887124  -0.729233   0.000000    0.001272 -0.002780  0.000000
   C   6.086211   1.407479   0.000000   -0.014555  0.005273 -0.000000
   C   7.326894   3.576805   0.000000    0.017989 -0.001798 -0.000000
   C   4.845892  -4.943787   0.000000    0.005900 -0.000978 -0.000000
   C   6.142525  -2.857985   0.000000    0.014270 -0.007113 -0.000000
   C   7.294899  -0.674620   0.000000    0.006925 -0.009608 -0.000000
   C   7.253083  -5.004265   0.000000   -0.001277 -0.002947 -0.000000
   H   8.198962   5.522717   0.000000    0.000476  0.001054 -0.000000
   H   8.299843   3.100551   0.000000    0.019470 -0.000230 -0.000000
   H   8.120216   1.175468   0.000000   -0.022246 -0.002061 -0.000000
   H   8.280119  -1.115638   0.000000    0.009778 -0.006028 -0.000000
   H   8.288230  -3.144948   0.000000    0.020410 -0.006930 -0.000000
   H   8.172735  -5.577844   0.000000   -0.004114 -0.008487 -0.000000
   H  -8.208558   5.561221   0.000000   -0.004543  0.000241 -0.000000
   H  -8.271153   3.127004   0.000000   -0.005141 -0.002271 -0.000000
   H  -8.281119   1.180208   0.000000   -0.003511 -0.002799 -0.000000
   H  -8.275339  -1.212792   0.000000   -0.003716 -0.003430 -0.000000
   H  -8.273437  -3.183660   0.000000   -0.001678 -0.009377 -0.000000
   H  -8.168919  -5.615937   0.000000   -0.000675 -0.010290 -0.000000
   H  -6.053160   6.762871   0.000000   -0.004114 -0.003336 -0.000000
   H  -3.614846   6.728957  -0.000000   -0.001062  0.002417  0.000000
   H  -1.144770   6.703331  -0.000000    0.000473  0.008262  0.000000
   H   1.368209   6.661525  -0.000000    0.007718  0.027316  0.000000
   H   3.515864   6.625303   0.000000   -0.001790 -0.011029  0.000000
   H   6.052168   6.724385   0.000000    0.005903  0.003870 -0.000000
   H  -6.003436  -6.787289   0.000000    0.000396 -0.004805 -0.000000
   H  -3.484631  -6.683592   0.000000   -0.000749 -0.010769 -0.000000
   H  -1.280462  -6.644787  -0.000000    0.006187 -0.005803 -0.000000
   H   1.348547  -6.603163  -0.000000   -0.011517 -0.001771 -0.000000
   H   3.484139  -6.627140  -0.000000   -0.001149  0.006940 -0.000000
   H   6.006208  -6.753915  -0.000000    0.000230 -0.009453 -0.000000
converged SCF energy = -3084.25118113541
--------------- RKS_Scanner gradients ---------------
         x                y                z
0 C    -0.0016239887     0.0011736123     0.0000000000
1 C     0.0004028054     0.0000760378     0.0000000000
2 C    -0.0001206206    -0.0004562537    -0.0000000000
3 C     0.0010658675     0.0008574916     0.0000000000
4 C     0.0036544811    -0.0016474409     0.0000000000
5 C     0.0002704222     0.0001107101     0.0000000000
6 C     0.0005082829    -0.0003027229    -0.0000000000
7 C     0.0003612312     0.0002208524    -0.0000000000
8 C     0.0014666826     0.0007638644    -0.0000000000
9 C    -0.0004456863     0.0036113015    -0.0000000000
10 C    -0.0004658317     0.0000996239     0.0000000000
11 C     0.0002368149     0.0004225869    -0.0000000000
12 C     0.0000730563    -0.0000225970    -0.0000000000
13 C     0.0007866845    -0.0000350433    -0.0000000000
14 C     0.0026028657    -0.0001068990     0.0000000000
15 C    -0.0002253028    -0.0007353348     0.0000000000
16 C    -0.0002334459     0.0012188243    -0.0000000000
17 C     0.0002696543    -0.0001438929    -0.0000000000
18 C    -0.0001389596     0.0004722353    -0.0000000000
19 N    -0.0000017564     0.0017983482     0.0000000000
20 N    -0.0043420693    -0.0005580589     0.0000000000
21 C    -0.0005669516    -0.0008699030     0.0000000000
22 C     0.0007520588     0.0008890177    -0.0000000000
23 C    -0.0003806401     0.0005188165    -0.0000000000
24 C    -0.0002390020     0.0001218764    -0.0000000000
25 C     0.0005523871     0.0003894828     0.0000000000
26 C     0.0020086275     0.0006204949     0.0000000000
27 C    -0.0015608392    -0.0000220392    -0.0000000000
28 N     0.0006305152     0.0015410788    -0.0000000000
29 C    -0.0015371140     0.0003075784     0.0000000000
30 C    -0.0002413779    -0.0008488810     0.0000000000
31 C     0.0020503852     0.0016512274     0.0000000000
32 C     0.0010925318     0.0007861415     0.0000000000
33 C     0.0009880143     0.0014041802    -0.0000000000
34 C    -0.0003889051     0.0003487050     0.0000000000
35 C    -0.0010217839     0.0007926079     0.0000000000
36 N    -0.0039614082    -0.0005021996    -0.0000000000
37 C     0.0009359873     0.0003755604     0.0000000000
38 C     0.0000662171     0.0006920500     0.0000000000
39 C     0.0011857383     0.0005869836    -0.0000000000
40 C    -0.0003142249    -0.0019508597    -0.0000000000
41 C     0.0003507792    -0.0001378727    -0.0000000000
42 C    -0.0004146540     0.0000019798     0.0000000000
43 C    -0.0004219907     0.0000081426     0.0000000000
44 C    -0.0003873897    -0.0011358313    -0.0000000000
45 C    -0.0037761983    -0.0028877195     0.0000000000
46 C    -0.0010573640     0.0011950324    -0.0000000000
47 C    -0.0000972461     0.0002808896    -0.0000000000
48 C    -0.0005084008    -0.0002414547     0.0000000000
49 C    -0.0009896830     0.0003187185     0.0000000000
50 C     0.0000240328    -0.0007101188    -0.0000000000
51 C     0.0020449433    -0.0007271533    -0.0000000000
52 C    -0.0001922231    -0.0006980438    -0.0000000000
53 C    -0.0008336180     0.0000383220     0.0000000000
54 C    -0.0006628769     0.0001445638     0.0000000000
55 C    -0.0014673768     0.0003994646    -0.0000000000
56 C     0.0009915841     0.0034079132    -0.0000000000
57 N     0.0006765480     0.0000134122    -0.0000000000
58 C    -0.0001541751    -0.0003029092     0.0000000000
59 C    -0.0001615880    -0.0001639004     0.0000000000
60 C     0.0001564391    -0.0005412459     0.0000000000
61 C     0.0019452683    -0.0024021576    -0.0000000000
62 C    -0.0012089168    -0.0027748477    -0.0000000000
63 C    -0.0002368653     0.0001960089    -0.0000000000
64 C     0.0003367419    -0.0010479675     0.0000000000
65 C     0.0004775704    -0.0007273216    -0.0000000000
66 C    -0.0007092883     0.0005886018    -0.0000000000
67 C    -0.0008586869    -0.0000766349    -0.0000000000
68 C     0.0000338418    -0.0011614909    -0.0000000000
69 N    -0.0011083542     0.0002014424    -0.0000000000
70 C     0.0014639535    -0.0009888349     0.0000000000
71 C     0.0001375851    -0.0001465558    -0.0000000000
72 C    -0.0026254537     0.0021114958    -0.0000000000
73 C    -0.0000990659     0.0003265607     0.0000000000
74 C     0.0003651453    -0.0003678755    -0.0000000000
75 C     0.0018721664    -0.0014350794    -0.0000000000
76 C     0.0028943657    -0.0021400203    -0.0000000000
77 C    -0.0002487501    -0.0008230885    -0.0000000000
78 H     0.0002122387    -0.0000219978    -0.0000000000
79 H     0.0001592774     0.0001969809    -0.0000000000
80 H    -0.0001940122    -0.0002550752     0.0000000000
81 H     0.0002713587    -0.0004418315     0.0000000000
82 H     0.0001765347    -0.0001010457    -0.0000000000
83 H     0.0000892717     0.0000754688     0.0000000000
84 H    -0.0002895074     0.0001062369    -0.0000000000
85 H     0.0000846219     0.0002698470    -0.0000000000
86 H     0.0000176505    -0.0000907912     0.0000000000
87 H     0.0000612595     0.0001890687     0.0000000000
88 H     0.0003719699    -0.0006817022    -0.0000000000
89 H    -0.0005058621    -0.0003099305    -0.0000000000
90 H    -0.0000175231    -0.0002086835     0.0000000000
91 H     0.0001930395    -0.0001152040     0.0000000000
92 H     0.0002283701    -0.0000721179    -0.0000000000
93 H    -0.0000680549     0.0006549631    -0.0000000000
94 H    -0.0001871251    -0.0002167646     0.0000000000
95 H    -0.0000074487    -0.0000910810     0.0000000000
96 H    -0.0001899889     0.0004502102     0.0000000000
97 H     0.0000180000    -0.0002257962    -0.0000000000
98 H     0.0000649597    -0.0002545149    -0.0000000000
99 H    -0.0000555741    -0.0001091105     0.0000000000
100 H    -0.0000411965     0.0000537039     0.0000000000
101 H    -0.0000745405    -0.0000403000    -0.0000000000
----------------------------------------------
cycle 5: E = -3084.25118114  dE = -0.000483333  norm(grad) = 0.0154238

Geometry optimization cycle 6
Cartesian coordinates (Angstrom)
 Atom        New coordinates             dX        dY        dZ
   C  -7.270128   5.001837   0.000000    0.006822 -0.005015  0.000000
   C  -7.328251   0.672130   0.000000   -0.000625  0.001189 -0.000000
   C  -6.132834   2.864620   0.000000    0.000489 -0.000744  0.000000
   C  -4.860465   4.977580   0.000000   -0.001184  0.000456  0.000000
   C  -7.311387  -3.644252   0.000000   -0.007113  0.015257 -0.000000
   C  -6.131754  -1.434945   0.000000    0.000238  0.002041 -0.000000
   C  -4.919761   0.705368   0.000000    0.000468 -0.000279  0.000000
   C  -3.668814   2.832112   0.000000   -0.000528 -0.001574  0.000000
   C  -2.420348   4.963307   0.000000   -0.003549 -0.002421  0.000000
   C  -6.032780  -5.711181   0.000000    0.002780 -0.006695 -0.000000
   C  -4.895921  -3.558870   0.000000   -0.001068 -0.000869  0.000000
   C  -3.674975  -1.424048   0.000000    0.000217 -0.001488  0.000000
   C  -2.463439   0.710128   0.000000    0.001048 -0.002321  0.000000
   C  -1.221391   2.815601   0.000000   -0.001056 -0.004205  0.000000
   C   0.026460   4.933021   0.000000   -0.006498 -0.006378  0.000000
   C  -3.585216  -5.607913   0.000000   -0.000253  0.000901  0.000000
   C  -2.435886  -3.517540   0.000000   -0.000098 -0.001863  0.000000
   C  -1.236672  -1.395982   0.000000    0.000781 -0.002007  0.000000
   C  -0.004729   0.718018   0.000000    0.002546 -0.002698  0.000000
   N   1.207986   2.822419   0.000000    0.000633 -0.002406  0.000000
   N   2.426637   4.884614   0.000000    0.003024  0.001282  0.000000
   C  -1.214241  -5.566995   0.000000    0.001048 -0.000101  0.000000
   C   0.013685  -3.491775   0.000000   -0.000422 -0.002833  0.000000
   C   1.221424  -1.399386   0.000000    0.001404 -0.001950  0.000000
   C   2.436299   0.715416   0.000000    0.003642 -0.000839  0.000000
   C   3.659279   2.810373   0.000000   -0.000605 -0.000426  0.000000
   C   4.852914   4.930467   0.000000   -0.004991  0.001511  0.000000
   C   1.243043  -5.532971   0.000000    0.001974 -0.003210  0.000000
   N   2.461729  -3.484754   0.000000   -0.000987 -0.003200  0.000000
   C   3.664176  -1.410535   0.000000    0.001338 -0.000246  0.000000
   C   4.890733   0.700776   0.000000    0.005985  0.001029  0.000000
   C   6.133081   2.822632   0.000000   -0.002207 -0.002050 -0.000000
   C   7.263049   4.957330   0.000000   -0.009254 -0.002543 -0.000000
   C   3.596714  -5.559693   0.000000   -0.000511 -0.004399  0.000000
   C   4.899553  -3.523374   0.000000   -0.002073  0.000218  0.000000
   C   6.139701  -1.416858   0.000000   -0.000129  0.002319 -0.000000
   N   7.265428   0.674545   0.000000    0.013042  0.004399 -0.000000
   C   6.036604  -5.670952   0.000000   -0.003088  0.000309  0.000000
   C   7.316121  -3.621069   0.000000   -0.003050  0.002559 -0.000000
   C  -7.310667   3.613714   0.000000   -0.001901 -0.004650  0.000000
   C  -6.074173   5.683623   0.000000    0.001594  0.004384  0.000000
   C  -7.325862  -0.695844   0.000000   -0.000621  0.001553 -0.000000
   C  -6.136575   1.414642   0.000000    0.000856 -0.000350  0.000000
   C  -4.893468   3.551732   0.000000   -0.000063  0.000092  0.000000
   C  -3.621649   5.645190   0.000000   -0.001183  0.000801  0.000000
   C  -7.231827  -5.027685   0.000000    0.015308  0.016733 -0.000000
   C  -6.131515  -2.883990   0.000000    0.000782  0.002989 -0.000000
   C  -4.917542  -0.721514   0.000000    0.000817 -0.000057  0.000000
   C  -3.681595   1.417449   0.000000    0.001203 -0.001280  0.000000
   C  -2.437337   3.531007   0.000000   -0.000109 -0.002709  0.000000
   C  -1.168870   5.617862   0.000000   -0.003683 -0.001862  0.000000
   C  -4.830548  -4.982645   0.000000   -0.001456 -0.001217 -0.000000
   C  -3.668783  -2.834837   0.000000   -0.000383 -0.000958  0.000000
   C  -2.460187  -0.708091   0.000000    0.001202 -0.002166  0.000000
   C  -1.237763   1.406629   0.000000    0.001688 -0.003739  0.000000
   C   0.015359   3.502732   0.000000   -0.000662 -0.005639  0.000000
   C   1.267407   5.577040   0.000000   -0.004476 -0.010758  0.000000
   N  -2.412559  -4.909793   0.000000    0.000070 -0.000348  0.000000
   C  -1.219753  -2.806674   0.000000    0.000142 -0.001944  0.000000
   C  -0.002088  -0.692562   0.000000    0.001347 -0.002115  0.000000
   C   1.216895   1.432662   0.000000    0.002683 -0.001850  0.000000
   C   2.434718   3.505042   0.000000   -0.000440  0.001611  0.000000
   C   3.611445   5.559718   0.000000   -0.000609  0.008578  0.000000
   C  -0.005983  -4.900915   0.000000    0.001602 -0.002365  0.000000
   C   1.215174  -2.795402   0.000000   -0.000702 -0.001748  0.000000
   C   2.430438  -0.678668   0.000000    0.000785 -0.000203  0.000000
   C   3.668325   1.410892   0.000000    0.004469 -0.000486  0.000000
   C   4.891865   3.510964   0.000000   -0.001335  0.000408  0.000000
   C   6.063479   5.644472   0.000000   -0.005997  0.002672 -0.000000
   N   2.418373  -4.881458   0.000000    0.001094 -0.002777  0.000000
   C   3.663102  -2.818370   0.000000   -0.002751 -0.000558  0.000000
   C   4.887243  -0.728062   0.000000    0.000119  0.001171  0.000000
   C   6.094760   1.405813   0.000000    0.008548 -0.001666 -0.000000
   C   7.324244   3.575178   0.000000   -0.002650 -0.001626 -0.000000
   C   4.843491  -4.943574   0.000000   -0.002401  0.000213  0.000000
   C   6.138822  -2.855518   0.000000   -0.003702  0.002467  0.000000
   C   7.293494  -0.670250   0.000000   -0.001405  0.004370 -0.000000
   C   7.248733  -5.000779   0.000000   -0.004350  0.003486  0.000000
   H   8.189273   5.520893   0.000000   -0.009689 -0.001824 -0.000000
   H   8.297998   3.100605   0.000000   -0.001845  0.000054 -0.000000
   H   8.134336   1.178240   0.000000    0.014120  0.002772 -0.000000
   H   8.276655  -1.115254   0.000000   -0.003464  0.000385 -0.000000
   H   8.284583  -3.141336   0.000000   -0.003647  0.003612 -0.000000
   H   8.168422  -5.574475   0.000000   -0.004313  0.003369  0.000000
   H  -8.201876   5.555667   0.000000    0.006682 -0.005554  0.000000
   H  -8.273562   3.122941   0.000000   -0.002409 -0.004063 -0.000000
   H  -8.281138   1.182729  -0.000000   -0.000018  0.002522 -0.000000
   H  -8.275475  -1.212421   0.000000   -0.000136  0.000370 -0.000000
   H  -8.281449  -3.169168   0.000000   -0.008012  0.014493 -0.000000
   H  -8.153963  -5.597906   0.000000    0.014956  0.018031 -0.000000
   H  -6.054052   6.767528   0.000000   -0.000892  0.004657  0.000000
   H  -3.615753   6.729912   0.000000   -0.000906  0.000955  0.000000
   H  -1.147780   6.701616   0.000000   -0.003010 -0.001715  0.000000
   H   1.359367   6.650742   0.000000   -0.008842 -0.010783  0.000000
   H   3.515752   6.634140   0.000000   -0.000112  0.008837  0.000000
   H   6.048430   6.727126   0.000000   -0.003738  0.002742 -0.000000
   H  -6.008092  -6.794529   0.000000   -0.004656 -0.007240 -0.000000
   H  -3.484853  -6.682603   0.000000   -0.000223  0.000989  0.000000
   H  -1.280113  -6.644736   0.000000    0.000349  0.000050  0.000000
   H   1.349481  -6.606424   0.000000    0.000934 -0.003261  0.000000
   H   3.485365  -6.631838   0.000000    0.001226 -0.004698  0.000000
   H   6.005135  -6.753591   0.000000   -0.001074  0.000323  0.000000
converged SCF energy = -3084.25140423218
--------------- RKS_Scanner gradients ---------------
         x                y                z
0 C     0.0019645377    -0.0010539777    -0.0000000000
1 C     0.0000008424     0.0001023994     0.0000000000
2 C     0.0002549890     0.0006066756     0.0000000000
3 C    -0.0004951061    -0.0003610168     0.0000000000
4 C    -0.0037546332     0.0020103051    -0.0000000000
5 C    -0.0008350081    -0.0000223830     0.0000000000
6 C    -0.0001129641    -0.0000435782     0.0000000000
7 C    -0.0001028493    -0.0001830153    -0.0000000000
8 C    -0.0000769378    -0.0000238672    -0.0000000000
9 C    -0.0001637307    -0.0037690952    -0.0000000000
10 C     0.0001705240    -0.0002918757    -0.0000000000
11 C     0.0000615582    -0.0000329670    -0.0000000000
12 C     0.0000096736     0.0000701511    -0.0000000000
13 C    -0.0001794575    -0.0000567140    -0.0000000000
14 C    -0.0003351394     0.0000816973     0.0000000000
15 C    -0.0003245048    -0.0003330306    -0.0000000000
16 C    -0.0001657473     0.0000222492    -0.0000000000
17 C    -0.0000825088    -0.0002382064    -0.0000000000
18 C     0.0000550512    -0.0001210280    -0.0000000000
19 N    -0.0001214878     0.0000002567    -0.0000000000
20 N     0.0005354652    -0.0001837583     0.0000000000
21 C     0.0002401622    -0.0001149476    -0.0000000000
22 C     0.0001561704    -0.0001927307    -0.0000000000
23 C    -0.0001314814    -0.0001678451    -0.0000000000
24 C     0.0001847066    -0.0000260549    -0.0000000000
25 C     0.0001440057     0.0000259442     0.0000000000
26 C    -0.0000739951    -0.0004998609     0.0000000000
27 C    -0.0002297697    -0.0003724242    -0.0000000000
28 N     0.0003313887     0.0002364109    -0.0000000000
29 C    -0.0000448203    -0.0000732062     0.0000000000
30 C    -0.0000149681     0.0001474932     0.0000000000
31 C     0.0002124435     0.0005639459     0.0000000000
32 C    -0.0014577925    -0.0009774819     0.0000000000
33 C     0.0003777880    -0.0003029666    -0.0000000000
34 C     0.0003327246     0.0001606311     0.0000000000
35 C    -0.0003086388    -0.0004963619     0.0000000000
36 N     0.0007846395     0.0006189396    -0.0000000000
37 C     0.0001938645    -0.0005571734     0.0000000000
38 C     0.0008223056     0.0002686867    -0.0000000000
39 C    -0.0014876005    -0.0007923658     0.0000000000
40 C    -0.0000730604     0.0015342324    -0.0000000000
41 C     0.0001532374     0.0000917084     0.0000000000
42 C    -0.0003461798     0.0000157944    -0.0000000000
43 C     0.0001067685     0.0001492035    -0.0000000000
44 C     0.0000497378     0.0000780806     0.0000000000
45 C     0.0049288384     0.0028715973     0.0000000000
46 C     0.0007243829    -0.0017522714     0.0000000000
47 C     0.0000292019    -0.0000918142    -0.0000000000
48 C     0.0000897641    -0.0000402851     0.0000000000
49 C     0.0000227944     0.0000470008     0.0000000000
50 C     0.0000700306     0.0001868520     0.0000000000
51 C    -0.0012247142     0.0008143662     0.0000000000
52 C    -0.0000222506     0.0001371277     0.0000000000
53 C    -0.0001091634     0.0000219000     0.0000000000
54 C     0.0000518282    -0.0000842893     0.0000000000
55 C     0.0002172328    -0.0000593894    -0.0000000000
56 C    -0.0003472531    -0.0002221277    -0.0000000000
57 N     0.0000042336     0.0002385254    -0.0000000000
58 C    -0.0000050342     0.0000875903     0.0000000000
59 C    -0.0002019686     0.0002837865     0.0000000000
60 C     0.0000700303    -0.0001225452     0.0000000000
61 C    -0.0002144406     0.0000116043     0.0000000000
62 C     0.0001446257     0.0005049970    -0.0000000000
63 C    -0.0000876424     0.0001573992     0.0000000000
64 C    -0.0000604532    -0.0000137949     0.0000000000
65 C    -0.0001182442     0.0002481226     0.0000000000
66 C     0.0000416009    -0.0000346258    -0.0000000000
67 C     0.0002376536    -0.0000591864    -0.0000000000
68 C    -0.0001399370     0.0007827626    -0.0000000000
69 N    -0.0003580904     0.0007349962     0.0000000000
70 C     0.0000738890    -0.0005711632    -0.0000000000
71 C    -0.0003156152     0.0002419292    -0.0000000000
72 C     0.0000005152    -0.0000273805     0.0000000000
73 C     0.0012731263    -0.0003260661     0.0000000000
74 C    -0.0000920801     0.0005085508     0.0000000000
75 C     0.0001090138    -0.0006846946    -0.0000000000
76 C    -0.0006838243     0.0000116792     0.0000000000
77 C    -0.0009980509     0.0004823070    -0.0000000000
78 H    -0.0000424035    -0.0000967846    -0.0000000000
79 H     0.0001835621    -0.0001380189    -0.0000000000
80 H     0.0001162615     0.0001338064    -0.0000000000
81 H     0.0000064459     0.0000029224    -0.0000000000
82 H     0.0001109048     0.0000758158     0.0000000000
83 H     0.0000187579     0.0000221923     0.0000000000
84 H     0.0001597247    -0.0001018890    -0.0000000000
85 H    -0.0001820089    -0.0002372768    -0.0000000000
86 H    -0.0000713183     0.0000724785     0.0000000000
87 H    -0.0000433773    -0.0000954150    -0.0000000000
88 H    -0.0003800957     0.0005148658    -0.0000000000
89 H     0.0005058288     0.0003643234    -0.0000000000
90 H     0.0001063563     0.0002680431     0.0000000000
91 H     0.0000091191     0.0000955171    -0.0000000000
92 H    -0.0000010374     0.0001476321    -0.0000000000
93 H    -0.0000463170     0.0000332747    -0.0000000000
94 H     0.0000662568     0.0001963275     0.0000000000
95 H    -0.0000787510     0.0000795266     0.0000000000
96 H     0.0002734797    -0.0004862469     0.0000000000
97 H    -0.0000062040    -0.0001146498     0.0000000000
98 H     0.0001276698    -0.0001286284     0.0000000000
99 H    -0.0001114542    -0.0001334245    -0.0000000000
100 H     0.0000208944    -0.0001824151     0.0000000000
101 H    -0.0000614498    -0.0000636182    -0.0000000000
----------------------------------------------
cycle 6: E = -3084.25140423  dE = -0.000223097  norm(grad) = 0.00996658

Geometry optimization cycle 7
Cartesian coordinates (Angstrom)
 Atom        New coordinates             dX        dY        dZ
   C  -7.275614   5.002706   0.000000   -0.005486  0.000869  0.000000
   C  -7.326301   0.671017   0.000000    0.001949 -0.001113  0.000000
   C  -6.131838   2.863865   0.000000    0.000996 -0.000755  0.000000
   C  -4.860752   4.976105   0.000000   -0.000287 -0.001475  0.000000
   C  -7.306805  -3.650364   0.000000    0.004583 -0.006112 -0.000000
   C  -6.129747  -1.434679   0.000000    0.002008  0.000266  0.000000
   C  -4.917809   0.705497   0.000000    0.001951  0.000130  0.000000
   C  -3.667613   2.831698   0.000000    0.001201 -0.000414  0.000000
   C  -2.421626   4.962482   0.000000   -0.001278 -0.000825  0.000000
   C  -6.036982  -5.702862   0.000000   -0.004202  0.008319 -0.000000
   C  -4.894426  -3.555875   0.000000    0.001495  0.002995 -0.000000
   C  -3.672595  -1.422818   0.000000    0.002379  0.001230  0.000000
   C  -2.461485   0.710276   0.000000    0.001954  0.000149  0.000000
   C  -1.220370   2.815249   0.000000    0.001021 -0.000352  0.000000
   C   0.025689   4.932100   0.000000   -0.000770 -0.000922  0.000000
   C  -3.586349  -5.605383   0.000000   -0.001133  0.002531  0.000000
   C  -2.434750  -3.516224   0.000000    0.001136  0.001315  0.000000
   C  -1.234024  -1.395379   0.000000    0.002648  0.000603  0.000000
   C  -0.002867   0.717956   0.000000    0.001862 -0.000062  0.000000
   N   1.208750   2.822313   0.000000    0.000765 -0.000106  0.000000
   N   2.426955   4.885352   0.000000    0.000318  0.000738  0.000000
   C  -1.215230  -5.565400   0.000000   -0.000989  0.001595  0.000000
   C   0.014164  -3.491901   0.000000    0.000479 -0.000126  0.000000
   C   1.224119  -1.399322   0.000000    0.002695  0.000064  0.000000
   C   2.437788   0.715412   0.000000    0.001489 -0.000004  0.000000
   C   3.658368   2.810475   0.000000   -0.000911  0.000101  0.000000
   C   4.852310   4.931580   0.000000   -0.000605  0.001113  0.000000
   C   1.243413  -5.533717   0.000000    0.000370 -0.000746  0.000000
   N   2.461193  -3.485266   0.000000   -0.000537 -0.000512  0.000000
   C   3.666985  -1.409819   0.000000    0.002808  0.000716  0.000000
   C   4.892492   0.700399   0.000000    0.001759 -0.000378  0.000000
   C   6.130269   2.821301   0.000000   -0.002811 -0.001331 -0.000000
   C   7.261537   4.957953   0.000000   -0.001513  0.000623 -0.000000
   C   3.595389  -5.560686   0.000000   -0.001325 -0.000994  0.000000
   C   4.897576  -3.523173   0.000000   -0.001977  0.000201  0.000000
   C   6.143599  -1.415559   0.000000    0.003898  0.001300  0.000000
   N   7.267668   0.673737   0.000000    0.002241 -0.000808  0.000000
   C   6.034202  -5.671866   0.000000   -0.002402 -0.000914  0.000000
   C   7.312447  -3.620928   0.000000   -0.003674  0.000140  0.000000
   C  -7.308681   3.614432   0.000000    0.001986  0.000718  0.000000
   C  -6.076514   5.678975   0.000000   -0.002341 -0.004648  0.000000
   C  -7.324668  -0.697028   0.000000    0.001195 -0.001183  0.000000
   C  -6.134930   1.414023   0.000000    0.001646 -0.000619  0.000000
   C  -4.892429   3.550480   0.000000    0.001039 -0.001252  0.000000
   C  -3.622765   5.645221   0.000000   -0.001116  0.000030  0.000000
   C  -7.244857  -5.034832  -0.000000   -0.013030 -0.007147 -0.000000
   C  -6.130824  -2.883527   0.000000    0.000691  0.000463 -0.000000
   C  -4.915546  -0.721067   0.000000    0.001996  0.000447  0.000000
   C  -3.679743   1.417324   0.000000    0.001852 -0.000125  0.000000
   C  -2.436456   3.530342   0.000000    0.000880 -0.000665  0.000000
   C  -1.170048   5.616686   0.000000   -0.001178 -0.001176  0.000000
   C  -4.831244  -4.979053   0.000000   -0.000695  0.003593 -0.000000
   C  -3.666936  -2.833225   0.000000    0.001846  0.001612  0.000000
   C  -2.457551  -0.707595   0.000000    0.002635  0.000495  0.000000
   C  -1.235885   1.406496   0.000000    0.001878 -0.000133  0.000000
   C   0.015970   3.502182   0.000000    0.000611 -0.000550  0.000000
   C   1.266801   5.575947   0.000000   -0.000606 -0.001092  0.000000
   N  -2.413118  -4.908363   0.000000   -0.000559  0.001431  0.000000
   C  -1.218549  -2.806054   0.000000    0.001204  0.000619  0.000000
   C   0.000789  -0.692721   0.000000    0.002876 -0.000159  0.000000
   C   1.218445   1.432740   0.000000    0.001550  0.000078  0.000000
   C   2.434588   3.505681   0.000000   -0.000130  0.000640  0.000000
   C   3.611028   5.561123   0.000000   -0.000418  0.001404  0.000000
   C  -0.005438  -4.901319   0.000000    0.000545 -0.000403  0.000000
   C   1.215462  -2.795411   0.000000    0.000288 -0.000009  0.000000
   C   2.433140  -0.678785   0.000000    0.002701 -0.000116  0.000000
   C   3.669746   1.410725   0.000000    0.001422 -0.000167  0.000000
   C   4.890281   3.511500   0.000000   -0.001585  0.000536  0.000000
   C   6.062723   5.646213   0.000000   -0.000756  0.001741 -0.000000
   N   2.418061  -4.882346   0.000000   -0.000311 -0.000888  0.000000
   C   3.661970  -2.817381   0.000000   -0.001132  0.000989  0.000000
   C   4.890739  -0.728129   0.000000    0.003497 -0.000067  0.000000
   C   6.096697   1.404414   0.000000    0.001937 -0.001400  0.000000
   C   7.319919   3.575466   0.000000   -0.004325  0.000287 -0.000000
   C   4.841554  -4.944035   0.000000   -0.001937 -0.000461  0.000000
   C   6.136590  -2.853931   0.000000   -0.002232  0.001587  0.000000
   C   7.298406  -0.670525   0.000000    0.004912 -0.000275  0.000000
   C   7.245654  -5.000676   0.000000   -0.003078  0.000102  0.000000
   H   8.188282   5.520312  -0.000000   -0.000992 -0.000581 -0.000000
   H   8.293276   3.100360  -0.000000   -0.004722 -0.000244 -0.000000
   H   8.136001   1.178323   0.000000    0.001665  0.000083  0.000000
   H   8.281784  -1.114816   0.000000    0.005129  0.000437  0.000000
   H   8.281057  -3.141652   0.000000   -0.003526 -0.000317  0.000000
   H   8.165510  -5.573692   0.000000   -0.002912  0.000783  0.000000
   H  -8.207601   5.556138   0.000000   -0.005726  0.000470  0.000000
   H  -8.270526   3.121969   0.000000    0.003036 -0.000972  0.000000
   H  -8.279128   1.181499   0.000000    0.002009 -0.001231  0.000000
   H  -8.274158  -1.213749   0.000000    0.001317 -0.001327 -0.000000
   H  -8.275157  -3.172368   0.000000    0.006292 -0.003200 -0.000000
   H  -8.167171  -5.605274  -0.000000   -0.013208 -0.007368 -0.000000
   H  -6.055581   6.762625   0.000000   -0.001529 -0.004903  0.000000
   H  -3.617279   6.729832   0.000000   -0.001526 -0.000080  0.000000
   H  -1.149064   6.700232   0.000000   -0.001284 -0.001384  0.000000
   H   1.358644   6.649466   0.000000   -0.000723 -0.001277  0.000000
   H   3.514667   6.635280   0.000000   -0.001085  0.001140  0.000000
   H   6.047828   6.728921   0.000000   -0.000602  0.001795 -0.000000
   H  -6.008155  -6.785831  -0.000000   -0.000063  0.008697 -0.000000
   H  -3.486619  -6.679915   0.000000   -0.001766  0.002689 -0.000000
   H  -1.283044  -6.642785   0.000000   -0.002931  0.001951  0.000000
   H   1.350938  -6.606926   0.000000    0.001457 -0.000502  0.000000
   H   3.483352  -6.632525   0.000000   -0.002013 -0.000687  0.000000
   H   6.002791  -6.754536   0.000000   -0.002343 -0.000944  0.000000
converged SCF energy = -3084.2515075777
