1721240657.5761423

Geometry optimization cycle 1
Cartesian coordinates (Angstrom)
 Atom        New coordinates             dX        dY        dZ
   C  -7.338226   5.042760   0.000000    0.000000  0.000000  0.000000
   C  -7.365228   0.691139   0.000000    0.000000  0.000000  0.000000
   C  -6.173642   2.889413   0.000000    0.000000  0.000000  0.000000
   C  -4.910090   5.019617   0.000000    0.000000  0.000000  0.000000
   C  -7.358051  -3.642635   0.000000    0.000000  0.000000  0.000000
   C  -6.173475  -1.431785   0.000000    0.000000  0.000000  0.000000
   C  -4.940069   0.716689   0.000000    0.000000  0.000000  0.000000
   C  -3.694845   2.860312   0.000000    0.000000  0.000000  0.000000
   C  -2.457224   5.005715   0.000000    0.000000  0.000000  0.000000
   C  -6.138515  -5.727246   0.000000    0.000000  0.000000  0.000000
   C  -4.928214  -3.580071   0.000000    0.000000  0.000000  0.000000
   C  -3.698169  -1.425571   0.000000    0.000000  0.000000  0.000000
   C  -2.471779   0.716540   0.000000    0.000000  0.000000  0.000000
   C  -1.230705   2.851907   0.000000    0.000000 -0.000000  0.000000
   C   0.000000   5.003169   0.000000    0.000000  0.000000  0.000000
   C  -3.678966  -5.694052   0.000000    0.000000  0.000000  0.000000
   N  -2.466015  -3.560923   0.000000    0.000000  0.000000  0.000000
   C  -1.232423  -1.423207   0.000000    0.000000  0.000000  0.000000
   C   0.000000   0.715809   0.000000    0.000000  0.000000  0.000000
   C   1.230705   2.851907   0.000000    0.000000 -0.000000  0.000000
   C   2.457224   5.005715   0.000000    0.000000  0.000000  0.000000
   N  -1.226334  -5.685080   0.000000    0.000000  0.000000  0.000000
   C   0.000000  -3.557079   0.000000    0.000000  0.000000  0.000000
   C   1.232423  -1.423207   0.000000    0.000000  0.000000  0.000000
   N   2.471779   0.716540   0.000000    0.000000  0.000000  0.000000
   C   3.694845   2.860312   0.000000    0.000000  0.000000  0.000000
   C   4.910090   5.019617   0.000000    0.000000  0.000000  0.000000
   C   1.226334  -5.685080   0.000000    0.000000  0.000000  0.000000
   C   2.466015  -3.560923   0.000000    0.000000  0.000000  0.000000
   C   3.698169  -1.425571   0.000000    0.000000  0.000000  0.000000
   C   4.940069   0.716689   0.000000    0.000000  0.000000  0.000000
   C   6.173642   2.889413   0.000000    0.000000  0.000000  0.000000
   C   7.338226   5.042760   0.000000    0.000000  0.000000  0.000000
   C   3.678966  -5.694052   0.000000    0.000000  0.000000  0.000000
   C   4.928214  -3.580071   0.000000    0.000000  0.000000  0.000000
   C   6.173475  -1.431785   0.000000   -0.000000  0.000000  0.000000
   C   7.365228   0.691139   0.000000    0.000000  0.000000  0.000000
   C   6.138515  -5.727246   0.000000    0.000000  0.000000  0.000000
   C   7.358051  -3.642635   0.000000   -0.000000  0.000000  0.000000
   C  -7.358051   3.642635   0.000000    0.000000  0.000000  0.000000
   C  -6.138515   5.727246   0.000000    0.000000  0.000000  0.000000
   C  -7.365228  -0.691139   0.000000    0.000000  0.000000  0.000000
   C  -6.173475   1.431785   0.000000    0.000000  0.000000  0.000000
   C  -4.928214   3.580071   0.000000    0.000000 -0.000000  0.000000
   C  -3.678966   5.694052   0.000000    0.000000  0.000000  0.000000
   C  -7.338226  -5.042760   0.000000    0.000000  0.000000  0.000000
   C  -6.173642  -2.889413   0.000000    0.000000  0.000000  0.000000
   N  -4.940069  -0.716689   0.000000    0.000000  0.000000  0.000000
   C  -3.698169   1.425571   0.000000    0.000000  0.000000  0.000000
   C  -2.466015   3.560923   0.000000    0.000000 -0.000000  0.000000
   C  -1.226334   5.685080   0.000000    0.000000  0.000000  0.000000
   C  -4.910090  -5.019617   0.000000    0.000000  0.000000  0.000000
   C  -3.694845  -2.860312   0.000000    0.000000  0.000000  0.000000
   C  -2.471779  -0.716540   0.000000    0.000000  0.000000  0.000000
   C  -1.232423   1.423207   0.000000    0.000000  0.000000  0.000000
   C   0.000000   3.557079   0.000000    0.000000  0.000000  0.000000
   C   1.226334   5.685080   0.000000    0.000000  0.000000  0.000000
   C  -2.457224  -5.005715   0.000000    0.000000  0.000000  0.000000
   C  -1.230705  -2.851907   0.000000    0.000000  0.000000  0.000000
   C   0.000000  -0.715809   0.000000    0.000000  0.000000  0.000000
   C   1.232423   1.423207   0.000000    0.000000  0.000000  0.000000
   C   2.466015   3.560923   0.000000    0.000000 -0.000000  0.000000
   C   3.678966   5.694052   0.000000    0.000000  0.000000  0.000000
   C   0.000000  -5.003169   0.000000    0.000000  0.000000  0.000000
   C   1.230705  -2.851907   0.000000    0.000000  0.000000  0.000000
   C   2.471779  -0.716540   0.000000    0.000000  0.000000  0.000000
   C   3.698169   1.425571   0.000000    0.000000  0.000000  0.000000
   C   4.928214   3.580071   0.000000    0.000000 -0.000000  0.000000
   C   6.138515   5.727246   0.000000    0.000000  0.000000  0.000000
   C   2.457224  -5.005715   0.000000    0.000000  0.000000  0.000000
   N   3.694845  -2.860312   0.000000    0.000000  0.000000  0.000000
   C   4.940069  -0.716689   0.000000    0.000000  0.000000  0.000000
   N   6.173475   1.431785   0.000000   -0.000000  0.000000  0.000000
   C   7.358051   3.642635   0.000000   -0.000000  0.000000  0.000000
   C   4.910090  -5.019617   0.000000    0.000000  0.000000  0.000000
   C   6.173642  -2.889413   0.000000    0.000000  0.000000  0.000000
   C   7.365228  -0.691139   0.000000    0.000000  0.000000  0.000000
   C   7.338226  -5.042760   0.000000    0.000000  0.000000  0.000000
   H   8.282184   5.591425   0.000000    0.000000 -0.000000  0.000000
   H   8.325741   3.141106   0.000000    0.000000  0.000000  0.000000
   H   8.326715   1.204661   0.000000    0.000000  0.000000  0.000000
   H   8.326715  -1.204661   0.000000    0.000000  0.000000  0.000000
   H   8.325741  -3.141106   0.000000    0.000000  0.000000  0.000000
   H   8.282184  -5.591425   0.000000    0.000000  0.000000  0.000000
   H  -8.282184   5.591425   0.000000    0.000000 -0.000000  0.000000
   H  -8.325741   3.141106   0.000000    0.000000  0.000000  0.000000
   H  -8.326715   1.204661   0.000000    0.000000  0.000000  0.000000
   H  -8.326715  -1.204661   0.000000    0.000000  0.000000  0.000000
   H  -8.325741  -3.141106   0.000000    0.000000  0.000000  0.000000
   H  -8.282184  -5.591425   0.000000    0.000000  0.000000  0.000000
   H  -6.116625   6.819427   0.000000    0.000000  0.000000  0.000000
   H  -3.672757   6.787431   0.000000    0.000000  0.000000  0.000000
   H  -1.225580   6.778408   0.000000    0.000000 -0.000000  0.000000
   H   1.225580   6.778408   0.000000    0.000000 -0.000000  0.000000
   H   3.672757   6.787431   0.000000    0.000000  0.000000  0.000000
   H   6.116625   6.819427   0.000000   -0.000000  0.000000  0.000000
   H  -6.116625  -6.819427   0.000000    0.000000  0.000000  0.000000
   H  -3.672757  -6.787431   0.000000    0.000000  0.000000  0.000000
   H  -1.225580  -6.778408   0.000000    0.000000  0.000000  0.000000
   H   1.225580  -6.778408   0.000000    0.000000  0.000000  0.000000
   H   3.672757  -6.787431   0.000000    0.000000  0.000000  0.000000
   H   6.116625  -6.819427   0.000000   -0.000000  0.000000  0.000000
converged SCF energy = -3084.2546745617
--------------- RKS_Scanner gradients ---------------
         x                y                z
0 C    -0.0080129795    -0.0038214470    -0.0000000000
1 C    -0.0024930661     0.0097595289    -0.0000000000
2 C     0.0012906692    -0.0078945655    -0.0000000000
3 C    -0.0104410273    -0.0024810938     0.0000000000
4 C     0.0101713393     0.0146494812    -0.0000000000
5 C    -0.0161234077     0.0011381744    -0.0000000000
6 C    -0.0019669490     0.0097328390    -0.0000000000
7 C     0.0057272484    -0.0045481145     0.0000000000
8 C    -0.0042663974    -0.0035854060     0.0000000000
9 C    -0.0273251374    -0.0050363484    -0.0000000000
10 C    -0.0141246607     0.0044783233    -0.0000000000
11 C     0.0027867029     0.0178847591     0.0000000000
12 C    -0.0026155071     0.0066240408     0.0000000000
13 C     0.0030966482     0.0040807520     0.0000000000
14 C     0.0030805390    -0.0085627853     0.0000000000
15 C    -0.0529768005    -0.0096026902     0.0000000000
16 N    -0.0280512375     0.0195657618     0.0000000000
17 C     0.0070406772     0.0168383307    -0.0000000000
18 C    -0.0189080947    -0.0019731526    -0.0000000000
19 C    -0.0007219140     0.0112410788    -0.0000000000
20 C     0.0119218038    -0.0044756114     0.0000000000
21 N     0.0026790863     0.0114367640    -0.0000000000
22 C     0.0287955070     0.0096272767    -0.0000000000
23 C     0.0080072222    -0.0028315079    -0.0000000000
24 N    -0.0043087305     0.0262419316    -0.0000000000
25 C     0.0118668342    -0.0065179208     0.0000000000
26 C     0.0125911260    -0.0048733868    -0.0000000000
27 C     0.0460928004    -0.0061222793    -0.0000000000
28 C     0.0014089056    -0.0015404717    -0.0000000000
29 C     0.0123658785     0.0056307493     0.0000000000
30 C     0.0299130357    -0.0143134634     0.0000000000
31 C    -0.0092435503     0.0034208820    -0.0000000000
32 C     0.0163476887    -0.0106592896    -0.0000000000
33 C     0.0165526087    -0.0043968029    -0.0000000000
34 C     0.0071439118    -0.0013029396     0.0000000000
35 C     0.0343760174     0.0114613022    -0.0000000000
36 C     0.0087935281     0.0259486394    -0.0000000000
37 C    -0.0010878355    -0.0038678059    -0.0000000000
38 C    -0.0036975064     0.0071482685     0.0000000000
39 C    -0.0003274644     0.0089149282     0.0000000000
40 C     0.0087696725     0.0037017403    -0.0000000000
41 C    -0.0001719831    -0.0111155648     0.0000000000
42 C    -0.0029612572     0.0084067233     0.0000000000
43 C    -0.0009747218     0.0029665280     0.0000000000
44 C     0.0059474016     0.0046864504     0.0000000000
45 C     0.0101749158    -0.0227973761     0.0000000000
46 C    -0.0135217341    -0.0151333265     0.0000000000
47 N     0.0091374674     0.0066690580     0.0000000000
48 C    -0.0025481700     0.0099518153    -0.0000000000
49 C     0.0029999909    -0.0006102158    -0.0000000000
50 C    -0.0003183209     0.0067567979    -0.0000000000
51 C     0.0344333948    -0.0053305785     0.0000000000
52 C     0.0272705549    -0.0171868432    -0.0000000000
53 C     0.0072488546    -0.0155335376     0.0000000000
54 C     0.0032955741    -0.0061143349     0.0000000000
55 C    -0.0022545877     0.0046993863    -0.0000000000
56 C    -0.0070906610     0.0060950353    -0.0000000000
57 C     0.0269847994     0.0061409872    -0.0000000000
58 C    -0.0065803831    -0.0028695562     0.0000000000
59 C    -0.0029797586     0.0092345860     0.0000000000
60 C     0.0113539107     0.0007630328     0.0000000000
61 C    -0.0115541683    -0.0019098624     0.0000000000
62 C    -0.0118007470     0.0071187959    -0.0000000000
63 C    -0.0246466824     0.0153276410     0.0000000000
64 C    -0.0276652455    -0.0083671845     0.0000000000
65 C    -0.0069393182    -0.0148829435     0.0000000000
66 C    -0.0262550022     0.0143253468    -0.0000000000
67 C    -0.0005296170     0.0176806423     0.0000000000
68 C    -0.0161915916     0.0028109315    -0.0000000000
69 C    -0.0296089842    -0.0119135085     0.0000000000
70 N    -0.0018673633    -0.0058708388     0.0000000000
71 C    -0.0288402250     0.0142779200    -0.0000000000
72 N     0.0011706231    -0.0105592324     0.0000000000
73 C    -0.0000383747     0.0260588413     0.0000000000
74 C    -0.0001830697    -0.0099928412     0.0000000000
75 C     0.0092181141    -0.0122697098     0.0000000000
76 C    -0.0157372079    -0.0394190312     0.0000000000
77 C     0.0037473292    -0.0064412966    -0.0000000000
78 H     0.0048312089     0.0036767146     0.0000000000
79 H     0.0054484508    -0.0033993986    -0.0000000000
80 H     0.0127371536    -0.0027645567     0.0000000000
81 H     0.0056989933    -0.0067704454    -0.0000000000
82 H     0.0068325221     0.0024209171    -0.0000000000
83 H     0.0050822582    -0.0030017844     0.0000000000
84 H    -0.0047588785     0.0029245358    -0.0000000000
85 H    -0.0048792055    -0.0032444969    -0.0000000000
86 H    -0.0062025413     0.0027075668     0.0000000000
87 H    -0.0091177524    -0.0013057022    -0.0000000000
88 H    -0.0059807932     0.0034546153     0.0000000000
89 H    -0.0050397959    -0.0037483682    -0.0000000000
90 H     0.0001681096     0.0060281163     0.0000000000
91 H    -0.0000074199     0.0063194621    -0.0000000000
92 H    -0.0002029540     0.0065889074    -0.0000000000
93 H    -0.0000681645     0.0066452737     0.0000000000
94 H    -0.0003430876     0.0067193408     0.0000000000
95 H    -0.0001169646     0.0064237780     0.0000000000
96 H    -0.0001391498    -0.0060284590     0.0000000000
97 H    -0.0025761594    -0.0075561948    -0.0000000000
98 H     0.0030072348    -0.0628565459    -0.0000000000
99 H    -0.0011212700    -0.0062742084     0.0000000000
100 H    -0.0000683041    -0.0068827500     0.0000000000
101 H     0.0009524826    -0.0067837316     0.0000000000
----------------------------------------------
cycle 1: E = -3084.25467456  dE = -3084.25  norm(grad) = 0.189111

Geometry optimization cycle 2
Cartesian coordinates (Angstrom)
 Atom        New coordinates             dX        dY        dZ
   C  -7.306880   4.926288   0.000000    0.031346 -0.116472  0.000000
   C  -7.302411   0.643918   0.000000    0.062817 -0.047221  0.000000
   C  -6.135643   2.825747   0.000000    0.037999 -0.063667  0.000000
   C  -4.882826   4.961306   0.000000    0.027264 -0.058310  0.000000
   C  -7.293649  -3.585634   0.000000    0.064402  0.057001  0.000000
   C  -6.094020  -1.431078   0.000000    0.079455  0.000707  0.000000
   C  -4.889985   0.682382  -0.000000    0.050083 -0.034307 -0.000000
   C  -3.680925   2.827760  -0.000000    0.013920 -0.032552 -0.000000
   C  -2.440467   4.971695  -0.000000    0.016756 -0.034020 -0.000000
   C  -6.041856  -5.650917   0.000000    0.096660  0.076328  0.000000
   C  -4.861637  -3.544186   0.000000    0.066577  0.035884  0.000000
   C  -3.668605  -1.410402  -0.000000    0.029564  0.015169 -0.000000
   C  -2.443799   0.716411  -0.000000    0.027980 -0.000128 -0.000000
   C  -1.229505   2.834667  -0.000000    0.001199 -0.017240 -0.000000
   C   0.014094   4.971869  -0.000000    0.014094 -0.031300 -0.000000
   C  -3.577318  -5.615630   0.000000    0.101648  0.078423  0.000000
   N  -2.426012  -3.475656  -0.000000    0.040002  0.085267 -0.000000
   C  -1.233517  -1.397653  -0.000000   -0.001094  0.025554 -0.000000
   C   0.006291   0.716668  -0.000000    0.006291  0.000859 -0.000000
   C   1.221835   2.819108  -0.000000   -0.008869 -0.032799 -0.000000
   C   2.459351   4.960829  -0.000000    0.002127 -0.044886 -0.000000
   N  -1.224186  -5.474067  -0.000000    0.002148  0.211012 -0.000000
   C   0.003385  -3.487435  -0.000000    0.003385  0.069643 -0.000000
   C   1.215624  -1.391285  -0.000000   -0.016799  0.031922 -0.000000
   N   2.438775   0.690225  -0.000000   -0.033004 -0.026315 -0.000000
   C   3.652827   2.813923  -0.000000   -0.042018 -0.046389 -0.000000
   C   4.901827   4.931058   0.000000   -0.008263 -0.088559  0.000000
   C   1.187994  -5.605927  -0.000000   -0.038341  0.079152 -0.000000
   C   2.448295  -3.501654  -0.000000   -0.017720  0.059268 -0.000000
   C   3.654393  -1.407903   0.000000   -0.043776  0.017668  0.000000
   C   4.838099   0.687566   0.000000   -0.101969 -0.029123  0.000000
   C   6.118330   2.807716   0.000000   -0.055312 -0.081697  0.000000
   C   7.305678   4.867966   0.000000   -0.032548 -0.174794  0.000000
   C   3.621291  -5.618269   0.000000   -0.057675  0.075784  0.000000
   C   4.870621  -3.515711   0.000000   -0.057593  0.064359  0.000000
   C   6.113357  -1.406375   0.000000   -0.060117  0.025410  0.000000
   C   7.223431   0.695981   0.000000   -0.141797  0.004842  0.000000
   C   6.060597  -5.635986   0.000000   -0.077918  0.091260  0.000000
   C   7.289000  -3.581355   0.000000   -0.069051  0.061280  0.000000
   C  -7.335145   3.530737   0.000000    0.022907 -0.111898  0.000000
   C  -6.129918   5.627943   0.000000    0.008597 -0.099303  0.000000
   C  -7.288618  -0.719562   0.000000    0.076609 -0.028423  0.000000
   C  -6.118121   1.376414   0.000000    0.055354 -0.055371  0.000000
   C  -4.908209   3.531250  -0.000000    0.020005 -0.048821 -0.000000
   C  -3.667158   5.641059  -0.000000    0.011808 -0.052994 -0.000000
   C  -7.249255  -4.962939   0.000000    0.088971  0.079821  0.000000
   C  -6.093360  -2.858871   0.000000    0.080282  0.030543  0.000000
   N  -4.894048  -0.725625  -0.000000    0.046021 -0.008936 -0.000000
   C  -3.666314   1.398174  -0.000000    0.031855 -0.027397 -0.000000
   C  -2.462813   3.535926  -0.000000    0.003201 -0.024996 -0.000000
   C  -1.211302   5.637402  -0.000000    0.015033 -0.047678 -0.000000
   C  -4.833127  -4.963399   0.000000    0.076963  0.056217  0.000000
   C  -3.667998  -2.807833  -0.000000    0.026847  0.052479 -0.000000
   C  -2.462121  -0.692001  -0.000000    0.009658  0.024538 -0.000000
   C  -1.219946   1.421185  -0.000000    0.012477 -0.002022 -0.000000
   C   0.001150   3.529096  -0.000000    0.001150 -0.027982 -0.000000
   C   1.243023   5.639669  -0.000000    0.016689 -0.045411 -0.000000
   C  -2.449924  -4.869779  -0.000000    0.007300  0.135936 -0.000000
   C  -1.205256  -2.793363  -0.000000    0.025448  0.058544 -0.000000
   C  -0.006582  -0.701524  -0.000000   -0.006582  0.014285 -0.000000
   C   1.217786   1.405373  -0.000000   -0.014637 -0.017834 -0.000000
   C   2.451634   3.525821  -0.000000   -0.014381 -0.035102 -0.000000
   C   3.695515   5.618293  -0.000000    0.016549 -0.075759 -0.000000
   C   0.023633  -4.903262  -0.000000    0.023633  0.099907 -0.000000
   C   1.239432  -2.796126  -0.000000    0.008728  0.055781 -0.000000
   C   2.447298  -0.702494  -0.000000   -0.024481  0.014046 -0.000000
   C   3.648087   1.389800   0.000000   -0.050082 -0.035771  0.000000
   C   4.891737   3.499992   0.000000   -0.036477 -0.080078  0.000000
   C   6.151762   5.597496   0.000000    0.013247 -0.129750  0.000000
   C   2.430039  -4.927644   0.000000   -0.027184  0.078071  0.000000
   N   3.656574  -2.811789   0.000000   -0.038271  0.048522  0.000000
   C   4.899124  -0.727815   0.000000   -0.040945 -0.011127  0.000000
   N   6.044720   1.401985   0.000000   -0.128755 -0.029800  0.000000
   C   7.333123   3.467060   0.000000   -0.024929 -0.175575  0.000000
   C   4.840472  -4.935308   0.000000   -0.069618  0.084309  0.000000
   C   6.106826  -2.835524   0.000000   -0.066816  0.053890  0.000000
   C   7.305460  -0.644029   0.000000   -0.059768  0.047110  0.000000
   C   7.258568  -4.966840   0.000000   -0.079657  0.075919  0.000000
   H   8.255400   5.390656   0.000000   -0.026785 -0.200768  0.000000
   H   8.278409   2.941186   0.000000   -0.047332 -0.199920  0.000000
   H   8.131487   1.275600   0.000000   -0.195228  0.070939  0.000000
   H   8.282846  -1.102278   0.000000   -0.043869  0.102384  0.000000
   H   8.247274  -3.081694   0.000000   -0.078467  0.059412  0.000000
   H   8.191415  -5.519393   0.000000   -0.090769  0.072032  0.000000
   H  -8.248476   5.464624   0.000000    0.033708 -0.126801  0.000000
   H  -8.290368   3.021562   0.000000    0.035372 -0.119544  0.000000
   H  -8.257037   1.151899   0.000000    0.069678 -0.052762  0.000000
   H  -8.225193  -1.255175   0.000000    0.101522 -0.050513  0.000000
   H  -8.253220  -3.087685   0.000000    0.072521  0.053421  0.000000
   H  -8.182940  -5.513214   0.000000    0.099245  0.078211  0.000000
   H  -6.135982   6.712533   0.000000   -0.019357 -0.106893  0.000000
   H  -3.672851   6.726251   0.000000   -0.000094 -0.061180  0.000000
   H  -1.210590   6.722193  -0.000000    0.014990 -0.056215 -0.000000
   H   1.250424   6.724362  -0.000000    0.024844 -0.054046 -0.000000
   H   3.713084   6.702837  -0.000000    0.040327 -0.084594 -0.000000
   H   6.172301   6.681398   0.000000    0.055675 -0.138028  0.000000
   H  -6.021483  -6.735339   0.000000    0.095143  0.084088  0.000000
   H  -3.507451  -6.696997   0.000000    0.165305  0.090435  0.000000
   H  -1.253583  -6.485516  -0.000000   -0.028004  0.292891 -0.000000
   H   1.171145  -6.690993   0.000000   -0.054435  0.087415  0.000000
   H   3.613727  -6.702718   0.000000   -0.059030  0.084714  0.000000
   H   6.029255  -6.719191   0.000000   -0.087370  0.100236  0.000000
converged SCF energy = -3084.30845745273
--------------- RKS_Scanner gradients ---------------
         x                y                z
0 C     0.0025979256    -0.0038579397    -0.0000000000
1 C     0.0008328898     0.0049810031    -0.0000000000
2 C     0.0036081781    -0.0004919228     0.0000000000
3 C     0.0003052662     0.0010171634     0.0000000000
4 C     0.0000520784     0.0122076167    -0.0000000000
5 C    -0.0095216547     0.0016867284    -0.0000000000
6 C     0.0036714724     0.0036299176     0.0000000000
7 C     0.0013742185    -0.0015629083     0.0000000000
8 C     0.0012215732     0.0014336836     0.0000000000
9 C    -0.0115390526    -0.0003546291    -0.0000000000
10 C    -0.0055770051     0.0005740982     0.0000000000
11 C     0.0043490437     0.0044218346    -0.0000000000
12 C     0.0029073745     0.0034718932    -0.0000000000
13 C     0.0010116111     0.0013393929     0.0000000000
14 C     0.0039679049    -0.0008757349     0.0000000000
15 C    -0.0040931260    -0.0068963447     0.0000000000
16 N     0.0019268492     0.0136614955    -0.0000000000
17 C    -0.0019664445    -0.0010048852    -0.0000000000
18 C    -0.0050550190    -0.0010354571     0.0000000000
19 C     0.0012162641     0.0025757843     0.0000000000
20 C     0.0071749737    -0.0009915211     0.0000000000
21 N    -0.0068441934     0.0233140458    -0.0000000000
22 C     0.0002934707    -0.0028498492    -0.0000000000
23 C     0.0011554798     0.0001651285    -0.0000000000
24 N    -0.0023070268     0.0099929650    -0.0000000000
25 C     0.0021963140    -0.0047755009     0.0000000000
26 C     0.0089131077    -0.0035950583     0.0000000000
27 C     0.0138142956     0.0000583876     0.0000000000
28 C     0.0001211845     0.0019799948    -0.0000000000
29 C     0.0020956166     0.0081841742    -0.0000000000
30 C     0.0016834961    -0.0153280317    -0.0000000000
31 C     0.0029833022     0.0085397569    -0.0000000000
32 C    -0.0052780201    -0.0103907163    -0.0000000000
33 C     0.0069053018    -0.0020160537     0.0000000000
34 C     0.0062592774     0.0013352749     0.0000000000
35 C     0.0144593671     0.0080938354     0.0000000000
36 C    -0.0087566776     0.0053540813     0.0000000000
37 C    -0.0003324340     0.0019701367     0.0000000000
38 C    -0.0017153037     0.0027227656    -0.0000000000
39 C    -0.0049414666    -0.0008071835    -0.0000000000
40 C     0.0019949145    -0.0016033735    -0.0000000000
41 C     0.0054970562    -0.0081220160     0.0000000000
42 C    -0.0046042823    -0.0010525336    -0.0000000000
43 C    -0.0030977777     0.0026200585    -0.0000000000
44 C     0.0021199667    -0.0008134020    -0.0000000000
45 C     0.0101630035    -0.0068845664     0.0000000000
46 C    -0.0033476485    -0.0090932919     0.0000000000
47 N     0.0029930933     0.0003619039     0.0000000000
48 C    -0.0015601773    -0.0012048104    -0.0000000000
49 C    -0.0015360944     0.0012229414    -0.0000000000
50 C    -0.0009066804    -0.0007756720     0.0000000000
51 C     0.0196504340     0.0055194294     0.0000000000
52 C     0.0044812037    -0.0100571182    -0.0000000000
53 C    -0.0031212651    -0.0016666579     0.0000000000
54 C     0.0012017367    -0.0041561403    -0.0000000000
55 C    -0.0036017619     0.0019863015    -0.0000000000
56 C    -0.0027479989     0.0007178751    -0.0000000000
57 C    -0.0153634733    -0.0062804548    -0.0000000000
58 C     0.0012589041     0.0032333137     0.0000000000
59 C     0.0002928944     0.0051377949     0.0000000000
60 C     0.0046847362    -0.0005619903    -0.0000000000
61 C    -0.0063235436    -0.0008341263    -0.0000000000
62 C    -0.0053627442     0.0011063105    -0.0000000000
63 C     0.0091267778    -0.0040907614     0.0000000000
64 C    -0.0044120359    -0.0059652386     0.0000000000
65 C     0.0006297295    -0.0129642315     0.0000000000
66 C    -0.0054915493     0.0070688443     0.0000000000
67 C    -0.0018373321     0.0010965030    -0.0000000000
68 C    -0.0058504690     0.0051745171     0.0000000000
69 C    -0.0112058531    -0.0002168181     0.0000000000
70 N     0.0005371621    -0.0029380287    -0.0000000000
71 C    -0.0060987372     0.0030669686     0.0000000000
72 N    -0.0077303098     0.0055857861    -0.0000000000
73 C     0.0067568383     0.0003083679     0.0000000000
74 C    -0.0067839635    -0.0011019207    -0.0000000000
75 C     0.0002626878    -0.0039056921    -0.0000000000
76 C    -0.0016148876    -0.0088257260    -0.0000000000
77 C    -0.0009582838    -0.0013356017     0.0000000000
78 H    -0.0005740420    -0.0004440335     0.0000000000
79 H     0.0024320129    -0.0071341632    -0.0000000000
80 H     0.0042349810     0.0012570872     0.0000000000
81 H     0.0013193764    -0.0007253196     0.0000000000
82 H     0.0014330235    -0.0006288187     0.0000000000
83 H     0.0006711377     0.0000355015    -0.0000000000
84 H    -0.0003114741    -0.0004838211    -0.0000000000
85 H    -0.0013712257    -0.0022723634    -0.0000000000
86 H    -0.0014155743     0.0005013638     0.0000000000
87 H    -0.0024112051    -0.0004977158    -0.0000000000
88 H    -0.0018674989     0.0020317235     0.0000000000
89 H    -0.0007062863     0.0007415042     0.0000000000
90 H     0.0006236302     0.0004008865    -0.0000000000
91 H     0.0002671815     0.0004522975    -0.0000000000
92 H     0.0001514669     0.0002406676    -0.0000000000
93 H     0.0003031747     0.0005104521     0.0000000000
94 H     0.0003305205     0.0003684685    -0.0000000000
95 H    -0.0004033004     0.0011768344    -0.0000000000
96 H     0.0012681341    -0.0006656159     0.0000000000
97 H    -0.0001260619    -0.0020061991    -0.0000000000
98 H     0.0010915605    -0.0053123254     0.0000000000
99 H    -0.0016704407    -0.0013451660    -0.0000000000
100 H    -0.0007638838    -0.0012310728    -0.0000000000
101 H     0.0002214216    -0.0005861735    -0.0000000000
----------------------------------------------
cycle 2: E = -3084.30845745  dE = -0.0537829  norm(grad) = 0.0740438

Geometry optimization cycle 3
Cartesian coordinates (Angstrom)
 Atom        New coordinates             dX        dY        dZ
   C  -7.295988   4.982417   0.000000    0.010892  0.056129  0.000000
   C  -7.280503   0.653154   0.000000    0.021909  0.009236  0.000000
   C  -6.124137   2.834136   0.000000    0.011507  0.008389  0.000000
   C  -4.880688   4.952666   0.000000    0.002138 -0.008641  0.000000
   C  -7.260057  -3.629554  -0.000000    0.033593 -0.043919 -0.000000
   C  -6.072949  -1.427961  -0.000000    0.021071  0.003117 -0.000000
   C  -4.879127   0.671418  -0.000000    0.010858 -0.010964 -0.000000
   C  -3.672249   2.811686  -0.000000    0.008676 -0.016074  0.000000
   C  -2.443740   4.946970   0.000000   -0.003272 -0.024725  0.000000
   C  -6.026638  -5.665239  -0.000000    0.015217 -0.014321 -0.000000
   C  -4.852683  -3.533201  -0.000000    0.008954  0.010985 -0.000000
   C  -3.662818  -1.423217  -0.000000    0.005788 -0.012815 -0.000000
   C  -2.435845   0.698623  -0.000000    0.007954 -0.017789 -0.000000
   C  -1.223026   2.812059  -0.000000    0.006479 -0.022608 -0.000000
   C   0.001826   4.944631  -0.000000   -0.012268 -0.027238 -0.000000
   C  -3.565109  -5.559916  -0.000000    0.012209  0.055714 -0.000000
   N  -2.416493  -3.501789  -0.000000    0.009520 -0.026134 -0.000000
   C  -1.232748  -1.410891  -0.000000    0.000769 -0.013238  0.000000
   C   0.019732   0.702824  -0.000000    0.013441 -0.013844 -0.000000
   C   1.229309   2.795117  -0.000000    0.007474 -0.023992 -0.000000
   C   2.439618   4.939730  -0.000000   -0.019733 -0.021099 -0.000000
   N  -1.206613  -5.535689  -0.000000    0.017573 -0.061621 -0.000000
   C  -0.004353  -3.478411  -0.000000   -0.007738  0.009024 -0.000000
   C   1.213818  -1.386088  -0.000000   -0.001807  0.005198  0.000000
   N   2.458112   0.680098  -0.000000    0.019337 -0.010127 -0.000000
   C   3.652913   2.800277  -0.000000    0.000086 -0.013646 -0.000000
   C   4.877821   4.915483  -0.000000   -0.024006 -0.015575 -0.000000
   C   1.157305  -5.569834  -0.000000   -0.030689  0.036094 -0.000000
   C   2.434029  -3.490643   0.000000   -0.014266  0.011011  0.000000
   C   3.637317  -1.406454   0.000000   -0.017076  0.001449  0.000000
   C   4.862996   0.700107  -0.000000    0.024896  0.012542 -0.000000
   C   6.116985   2.798824  -0.000000   -0.001344 -0.008893 -0.000000
   C   7.310617   4.926788  -0.000000    0.004939  0.058822 -0.000000
   C   3.600112  -5.600569   0.000000   -0.021180  0.017700  0.000000
   C   4.834895  -3.515662   0.000000   -0.035726  0.000049  0.000000
   C   6.068418  -1.416048   0.000000   -0.044940 -0.009673  0.000000
   C   7.255795   0.679209   0.000000    0.032364 -0.016772 -0.000000
   C   6.047396  -5.632063   0.000000   -0.013201  0.003923  0.000000
   C   7.252480  -3.574994   0.000000   -0.036521  0.006361  0.000000
   C  -7.293273   3.585852   0.000000    0.041871  0.055115  0.000000
   C  -6.109340   5.656496   0.000000    0.020578  0.028553  0.000000
   C  -7.262631  -0.702114   0.000000    0.025988  0.017448 -0.000000
   C  -6.096133   1.381018   0.000000    0.021988  0.004604  0.000000
   C  -4.891547   3.521423   0.000000    0.016662 -0.009827  0.000000
   C  -3.665804   5.622689   0.000000    0.001354 -0.018369  0.000000
   C  -7.252210  -4.997569  -0.000000   -0.002956 -0.034631 -0.000000
   C  -6.082540  -2.851603  -0.000000    0.010820  0.007268 -0.000000
   N  -4.880825  -0.733193  -0.000000    0.013223 -0.007568 -0.000000
   C  -3.654406   1.382355  -0.000000    0.011908 -0.015819  0.000000
   C  -2.454110   3.513144  -0.000000    0.008704 -0.022783  0.000000
   C  -1.218037   5.613226  -0.000000   -0.006735 -0.024176 -0.000000
   C  -4.849741  -4.947546  -0.000000   -0.016614  0.015853 -0.000000
   C  -3.658317  -2.811817  -0.000000    0.009681 -0.003984 -0.000000
   C  -2.457007  -0.704133  -0.000000    0.005115 -0.012131 -0.000000
   C  -1.211470   1.404118  -0.000000    0.008476 -0.017066  0.000000
   C   0.008995   3.501105  -0.000000    0.007846 -0.027991 -0.000000
   C   1.227795   5.614985  -0.000000   -0.015228 -0.024684 -0.000000
   C  -2.403441  -4.885296  -0.000000    0.046483 -0.015517 -0.000000
   C  -1.211166  -2.802462  -0.000000   -0.005910 -0.009099 -0.000000
   C  -0.008301  -0.713917  -0.000000   -0.001719 -0.012393 -0.000000
   C   1.229124   1.386494  -0.000000    0.011338 -0.018879 -0.000000
   C   2.456041   3.507232  -0.000000    0.004407 -0.018588 -0.000000
   C   3.676442   5.597737  -0.000000   -0.019073 -0.020556 -0.000000
   C  -0.006079  -4.891761  -0.000000   -0.029711  0.011501 -0.000000
   C   1.235166  -2.783404  -0.000000   -0.004266  0.012722 -0.000000
   C   2.441259  -0.692842  -0.000000   -0.006039  0.009652  0.000000
   C   3.671952   1.376874  -0.000000    0.023865 -0.012926 -0.000000
   C   4.887352   3.481740  -0.000000   -0.004385 -0.018252 -0.000000
   C   6.127897   5.590934  -0.000000   -0.023866 -0.006561 -0.000000
   C   2.419482  -4.909604  -0.000000   -0.010558  0.018040 -0.000000
   N   3.634260  -2.802776   0.000000   -0.022314  0.009013  0.000000
   C   4.881789  -0.722550   0.000000   -0.017335  0.005266 -0.000000
   N   6.084768   1.390771  -0.000000    0.040048 -0.011214 -0.000000
   C   7.295588   3.521682  -0.000000   -0.037535  0.054621 -0.000000
   C   4.828834  -4.931211   0.000000   -0.011638  0.004098  0.000000
   C   6.066597  -2.834905   0.000000   -0.040229  0.000618  0.000000
   C   7.271305  -0.651764   0.000000   -0.034155 -0.007735  0.000000
   C   7.240244  -4.956961   0.000000   -0.018324  0.009880  0.000000
   H   8.254203   5.459572  -0.000000   -0.001197  0.068916 -0.000000
   H   8.253643   3.040364  -0.000000   -0.024765  0.099178 -0.000000
   H   8.163966   1.242710   0.000000    0.032479 -0.032890 -0.000000
   H   8.234386  -1.130106   0.000000   -0.048460 -0.027828  0.000000
   H   8.199227  -3.060383   0.000000   -0.048047  0.021311  0.000000
   H   8.175078  -5.501688   0.000000   -0.016337  0.017704  0.000000
   H  -8.234886   5.522622   0.000000    0.013590  0.057998  0.000000
   H  -8.253197   3.095793   0.000000    0.037171  0.074230  0.000000
   H  -8.230926   1.161012   0.000000    0.026111  0.009113  0.000000
   H  -8.192481  -1.238485   0.000000    0.032713  0.016690 -0.000000
   H  -8.220921  -3.145969  -0.000000    0.032299 -0.058284 -0.000000
   H  -8.183389  -5.548427  -0.000000   -0.000449 -0.035214 -0.000000
   H  -6.092295   6.738918   0.000000    0.043687  0.026384  0.000000
   H  -3.667013   6.705690   0.000000    0.005838 -0.020561  0.000000
   H  -1.216855   6.696049  -0.000000   -0.006266 -0.026145  0.000000
   H   1.231510   6.697321  -0.000000   -0.018915 -0.027040 -0.000000
   H   3.691364   6.680127  -0.000000   -0.021720 -0.022710 -0.000000
   H   6.119967   6.671742  -0.000000   -0.052333 -0.009656 -0.000000
   H  -5.987434  -6.746670  -0.000000    0.034048 -0.011330 -0.000000
   H  -3.504256  -6.637082  -0.000000    0.003195  0.059915 -0.000000
   H  -1.233362  -6.524111  -0.000000    0.020222 -0.038595 -0.000000
   H   1.150961  -6.651486  -0.000000   -0.020184  0.039507 -0.000000
   H   3.588909  -6.681505   0.000000   -0.024818  0.021212  0.000000
   H   6.016155  -6.712776   0.000000   -0.013100  0.006415  0.000000
converged SCF energy = -3084.30718104874
--------------- RKS_Scanner gradients ---------------
         x                y                z
0 C    -0.0066552743     0.0023681656    -0.0000000000
1 C    -0.0005098911     0.0002465834     0.0000000000
2 C    -0.0035385599    -0.0041718526    -0.0000000000
3 C    -0.0039106530    -0.0013185431    -0.0000000000
4 C     0.0099747773    -0.0067779101    -0.0000000000
5 C     0.0039742738     0.0013830969     0.0000000000
6 C    -0.0015853273    -0.0023305062     0.0000000000
7 C    -0.0009964273    -0.0010513299    -0.0000000000
8 C    -0.0003971614     0.0002233002    -0.0000000000
9 C    -0.0016942973     0.0018553897    -0.0000000000
10 C     0.0032297720     0.0008088493    -0.0000000000
11 C    -0.0035730764    -0.0039093763    -0.0000000000
12 C     0.0012709425     0.0000787347    -0.0000000000
13 C    -0.0004256811     0.0003422148    -0.0000000000
14 C    -0.0007710408    -0.0004540497    -0.0000000000
15 C     0.0031156483     0.0164676482    -0.0000000000
16 N    -0.0101895150    -0.0070392323     0.0000000000
17 C    -0.0011313944    -0.0052735070    -0.0000000000
18 C     0.0028979518     0.0003061680    -0.0000000000
19 C     0.0011679891    -0.0004505322    -0.0000000000
20 C    -0.0003427481    -0.0008323046    -0.0000000000
21 N     0.0024941552    -0.0235773004     0.0000000000
22 C     0.0033699280     0.0004926673    -0.0000000000
23 C     0.0011743026     0.0010155469    -0.0000000000
24 N     0.0027793716     0.0025869238     0.0000000000
25 C    -0.0016888552    -0.0042510630     0.0000000000
26 C    -0.0042979853     0.0019252230     0.0000000000
27 C    -0.0091169752     0.0071720909    -0.0000000000
28 C    -0.0005801163     0.0006305585    -0.0000000000
29 C    -0.0013769166     0.0016070338    -0.0000000000
30 C     0.0012683616     0.0014173699    -0.0000000000
31 C    -0.0042123060    -0.0058159441     0.0000000000
32 C     0.0123596226     0.0065157410    -0.0000000000
33 C     0.0001927016     0.0039057105    -0.0000000000
34 C    -0.0030932521    -0.0016453215     0.0000000000
35 C    -0.0037482642    -0.0027943269    -0.0000000000
36 C     0.0062975749     0.0004235118    -0.0000000000
37 C     0.0021235404     0.0008028875    -0.0000000000
38 C    -0.0020379337    -0.0000402599     0.0000000000
39 C     0.0090523064     0.0090606514     0.0000000000
40 C     0.0009329810    -0.0011346960     0.0000000000
41 C     0.0044417621     0.0023499540    -0.0000000000
42 C     0.0037654072    -0.0033162427    -0.0000000000
43 C     0.0015269623    -0.0016748233     0.0000000000
44 C    -0.0011181850    -0.0005612812     0.0000000000
45 C    -0.0056778635    -0.0036128199     0.0000000000
46 C    -0.0035902059     0.0031946199     0.0000000000
47 N     0.0017831189    -0.0000016642    -0.0000000000
48 C     0.0010867678    -0.0021230960     0.0000000000
49 C     0.0006214787    -0.0014065499     0.0000000000
50 C    -0.0011602151     0.0005023664    -0.0000000000
51 C    -0.0075356303     0.0040097425     0.0000000000
52 C     0.0007758078     0.0053700125     0.0000000000
53 C    -0.0012834960     0.0004240224     0.0000000000
54 C    -0.0006715552    -0.0013617446     0.0000000000
55 C     0.0012806703    -0.0019062967     0.0000000000
56 C    -0.0013010863     0.0002707062    -0.0000000000
57 C     0.0174619822    -0.0055457245     0.0000000000
58 C     0.0012120444    -0.0011936991    -0.0000000000
59 C     0.0020834274     0.0010324571     0.0000000000
60 C     0.0012817612    -0.0037089948     0.0000000000
61 C     0.0012855498     0.0000399684     0.0000000000
62 C    -0.0015646961    -0.0007068018    -0.0000000000
63 C    -0.0095556050     0.0041281413     0.0000000000
64 C     0.0018177137     0.0025783731     0.0000000000
65 C    -0.0022766748    -0.0004001240     0.0000000000
66 C     0.0039234837    -0.0032146189    -0.0000000000
67 C     0.0035438905    -0.0014681758    -0.0000000000
68 C    -0.0005118828    -0.0118713322     0.0000000000
69 C     0.0032554905     0.0000134117     0.0000000000
70 N    -0.0017540049     0.0008404621     0.0000000000
71 C    -0.0012845454     0.0016855681     0.0000000000
72 N     0.0057678274    -0.0070371650     0.0000000000
73 C    -0.0090880330     0.0079545876    -0.0000000000
74 C     0.0017668914    -0.0000040617     0.0000000000
75 C    -0.0023400911     0.0010394206    -0.0000000000
76 C    -0.0087974826     0.0078368078     0.0000000000
77 C    -0.0002471306    -0.0006593616     0.0000000000
78 H     0.0006250413     0.0011277415     0.0000000000
79 H    -0.0040116576     0.0039811693     0.0000000000
80 H    -0.0024734017    -0.0033911708    -0.0000000000
81 H    -0.0014722984     0.0016375026    -0.0000000000
82 H    -0.0007854128    -0.0005688742    -0.0000000000
83 H    -0.0007531879     0.0004964867     0.0000000000
84 H     0.0004167568     0.0009009162     0.0000000000
85 H     0.0026780678     0.0021461730    -0.0000000000
86 H     0.0012616372    -0.0014247403    -0.0000000000
87 H     0.0017979523     0.0024921240     0.0000000000
88 H     0.0027714938    -0.0030033218     0.0000000000
89 H     0.0000637397    -0.0002452449    -0.0000000000
90 H    -0.0011416896    -0.0009179666     0.0000000000
91 H    -0.0004568415    -0.0010430945    -0.0000000000
92 H    -0.0002654077    -0.0009813448     0.0000000000
93 H    -0.0001359295    -0.0011244723     0.0000000000
94 H    -0.0000821237    -0.0012104146     0.0000000000
95 H     0.0012182967    -0.0026505941     0.0000000000
96 H    -0.0003149173     0.0009686437     0.0000000000
97 H     0.0008761615     0.0037222939     0.0000000000
98 H     0.0003475695     0.0143804414    -0.0000000000
99 H    -0.0011025480     0.0018618618    -0.0000000000
100 H    -0.0001208158     0.0015827324     0.0000000000
101 H     0.0003267662     0.0010284292     0.0000000000
----------------------------------------------
cycle 3: E = -3084.30718105  dE = 0.0012764  norm(grad) = 0.0612066

Geometry optimization cycle 4
Cartesian coordinates (Angstrom)
 Atom        New coordinates             dX        dY        dZ
   C  -7.296052   4.954087   0.000000   -0.000064 -0.028330  0.000000
   C  -7.290766   0.647275   0.000000   -0.010264 -0.005879  0.000000
   C  -6.128610   2.833847   0.000000   -0.004474 -0.000289  0.000000
   C  -4.879111   4.961784   0.000000    0.001576  0.009119  0.000000
   C  -7.283738  -3.599680  -0.000000   -0.023682  0.029874 -0.000000
   C  -6.082666  -1.428958  -0.000000   -0.009717 -0.000997  0.000000
   C  -4.886761   0.676894  -0.000000   -0.007634  0.005476  0.000000
   C  -3.675588   2.822622   0.000000   -0.003340  0.010937  0.000000
   C  -2.442316   4.959974   0.000000    0.001424  0.013004  0.000000
   C  -6.041035  -5.659317  -0.000000   -0.014397  0.005922 -0.000000
   C  -4.858151  -3.545295  -0.000000   -0.005468 -0.012094  0.000000
   C  -3.667156  -1.420962  -0.000000   -0.004338  0.002255  0.000000
   C  -2.442698   0.704847  -0.000000   -0.006853  0.006225  0.000000
   C  -1.224661   2.822466  -0.000000   -0.001635  0.010407  0.000000
   C   0.005879   4.957629  -0.000000    0.004052  0.012997  0.000000
   C  -3.572586  -5.596767  -0.000000   -0.007477 -0.036852  0.000000
   N  -2.419369  -3.500219  -0.000000   -0.002877  0.001571  0.000000
   C  -1.231942  -1.407999  -0.000000    0.000806  0.002892  0.000000
   C   0.013933   0.707458  -0.000000   -0.005798  0.004634  0.000000
   C   1.229097   2.805955  -0.000000   -0.000212  0.010838  0.000000
   C   2.445607   4.953328  -0.000000    0.005989  0.013598  0.000000
   N  -1.214238  -5.526096  -0.000000   -0.007625  0.009593  0.000000
   C  -0.001615  -3.487296  -0.000000    0.002738 -0.008885  0.000000
   C   1.217039  -1.389624  -0.000000    0.003221 -0.003536  0.000000
   N   2.453002   0.682858  -0.000000   -0.005111  0.002760  0.000000
   C   3.657645   2.813886  -0.000000    0.004732  0.013609  0.000000
   C   4.887239   4.932306  -0.000000    0.009418  0.016823  0.000000
   C   1.170218  -5.594285  -0.000000    0.012914 -0.024451  0.000000
   C   2.442202  -3.500342   0.000000    0.008172 -0.009699  0.000000
   C   3.647844  -1.410471   0.000000    0.010526 -0.004017  0.000000
   C   4.858462   0.701439  -0.000000   -0.004533  0.001331 -0.000000
   C   6.124289   2.804631  -0.000000    0.007303  0.005807 -0.000000
   C   7.297603   4.916147  -0.000000   -0.013013 -0.010641 -0.000000
   C   3.609749  -5.613659   0.000000    0.009637 -0.013090  0.000000
   C   4.850825  -3.520460   0.000000    0.015930 -0.004797  0.000000
   C   6.089081  -1.417930   0.000000    0.020664 -0.001883 -0.000000
   C   7.250147   0.678397   0.000000   -0.005648 -0.000813 -0.000000
   C   6.054683  -5.641437   0.000000    0.007287 -0.009374  0.000000
   C   7.271429  -3.583908   0.000000    0.018949 -0.008914  0.000000
   C  -7.315557   3.556292   0.000000   -0.022284 -0.029561  0.000000
   C  -6.118077   5.648124   0.000000   -0.008736 -0.008372  0.000000
   C  -7.279913  -0.710726   0.000000   -0.017283 -0.008612  0.000000
   C  -6.107298   1.381846   0.000000   -0.011165  0.000827  0.000000
   C  -4.897545   3.530340   0.000000   -0.005998  0.008918  0.000000
   C  -3.664806   5.636813   0.000000    0.000999  0.014124  0.000000
   C  -7.256609  -4.968821  -0.000000   -0.004399  0.028748 -0.000000
   C  -6.086148  -2.853064  -0.000000   -0.003607 -0.001461  0.000000
   N  -4.889152  -0.730048  -0.000000   -0.008327  0.003144  0.000000
   C  -3.661882   1.391707  -0.000000   -0.007476  0.009351  0.000000
   C  -2.456158   3.525059   0.000000   -0.002048  0.011915  0.000000
   C  -1.214686   5.625969  -0.000000    0.003351  0.012743  0.000000
   C  -4.848998  -4.965746  -0.000000    0.000742 -0.018199  0.000000
   C  -3.664256  -2.815310  -0.000000   -0.005938 -0.003493  0.000000
   C  -2.458689  -0.701136  -0.000000   -0.001683  0.002997  0.000000
   C  -1.216889   1.412315  -0.000000   -0.005419  0.008197  0.000000
   C   0.008400   3.513180  -0.000000   -0.000596  0.012075  0.000000
   C   1.233134   5.628282  -0.000000    0.005339  0.013298  0.000000
   C  -2.423423  -4.887667  -0.000000   -0.019982 -0.002371  0.000000
   C  -1.209843  -2.804126  -0.000000    0.001324 -0.001664  0.000000
   C  -0.006854  -0.712726  -0.000000    0.001448  0.001190  0.000000
   C   1.223959   1.394681  -0.000000   -0.005164  0.008187  0.000000
   C   2.458161   3.519396  -0.000000    0.002120  0.012164  0.000000
   C   3.683581   5.612143  -0.000000    0.007139  0.014406  0.000000
   C   0.004784  -4.905536  -0.000000    0.010863 -0.013776  0.000000
   C   1.239252  -2.791267  -0.000000    0.004086 -0.007863  0.000000
   C   2.447463  -0.694849  -0.000000    0.006204 -0.002008  0.000000
   C   3.666197   1.385744  -0.000000   -0.005755  0.008870  0.000000
   C   4.895051   3.495907  -0.000000    0.007700  0.014167 -0.000000
   C   6.133292   5.615438  -0.000000    0.005395  0.024504 -0.000000
   C   2.426605  -4.923220   0.000000    0.007123 -0.013616  0.000000
   N   3.645837  -2.809728   0.000000    0.011578 -0.006952  0.000000
   C   4.894722  -0.725262   0.000000    0.012933 -0.002712 -0.000000
   N   6.078533   1.395740  -0.000000   -0.006235  0.004970 -0.000000
   C   7.313416   3.509757  -0.000000    0.017829 -0.011925 -0.000000
   C   4.836910  -4.938413   0.000000    0.008077 -0.007202  0.000000
   C   6.086053  -2.840291   0.000000    0.019456 -0.005385  0.000000
   C   7.295393  -0.656953   0.000000    0.024088 -0.005188 -0.000000
   C   7.250132  -4.967289   0.000000    0.009887 -0.010328  0.000000
   H   8.243531   5.444233  -0.000000   -0.010672 -0.015339 -0.000000
   H   8.275067   3.028419  -0.000000    0.021423 -0.011946 -0.000000
   H   8.153957   1.253790  -0.000000   -0.010009  0.011079 -0.000000
   H   8.263440  -1.128912   0.000000    0.029055  0.001194 -0.000000
   H   8.221041  -3.072611   0.000000    0.021815 -0.012228  0.000000
   H   8.183387  -5.516438   0.000000    0.008309 -0.014750  0.000000
   H  -8.236143   5.492779   0.000000   -0.001257 -0.029843  0.000000
   H  -8.274788   3.059974   0.000000   -0.021590 -0.035818  0.000000
   H  -8.241552   1.157394   0.000000   -0.010625 -0.003618  0.000000
   H  -8.209719  -1.251283   0.000000   -0.017238 -0.012798 -0.000000
   H  -8.242602  -3.106494  -0.000000   -0.021681  0.039475 -0.000000
   H  -8.189107  -5.518058  -0.000000   -0.005719  0.030370 -0.000000
   H  -6.115093   6.731595   0.000000   -0.022798 -0.007323  0.000000
   H  -3.666630   6.720815   0.000000    0.000383  0.015125  0.000000
   H  -1.212783   6.709790   0.000000    0.004072  0.013742  0.000000
   H   1.236941   6.711686  -0.000000    0.005431  0.014365  0.000000
   H   3.697168   6.695691  -0.000000    0.005804  0.015564  0.000000
   H   6.135385   6.698231  -0.000000    0.015418  0.026489 -0.000000
   H  -6.022447  -6.742217  -0.000000   -0.035013  0.004453 -0.000000
   H  -3.507609  -6.676285  -0.000000   -0.003352 -0.039204  0.000000
   H  -1.245853  -6.526806  -0.000000   -0.012491 -0.002695  0.000000
   H   1.168051  -6.677378  -0.000000    0.017090 -0.025891  0.000000
   H   3.602047  -6.695926   0.000000    0.013138 -0.014421  0.000000
   H   6.021168  -6.723092   0.000000    0.005013 -0.010317  0.000000
converged SCF energy = -3084.31350497777
--------------- RKS_Scanner gradients ---------------
         x                y                z
0 C     0.0000887397    -0.0009336320    -0.0000000000
1 C     0.0010930737     0.0004630454     0.0000000000
2 C     0.0003476616     0.0000863819     0.0000000000
3 C    -0.0007764982    -0.0005614504    -0.0000000000
4 C     0.0009721066     0.0014959179    -0.0000000000
5 C    -0.0003947717     0.0015200131    -0.0000000000
6 C    -0.0000810294    -0.0010424709     0.0000000000
7 C     0.0000156159     0.0003789696     0.0000000000
8 C    -0.0003667588    -0.0000341274    -0.0000000000
9 C    -0.0014780933    -0.0003094220     0.0000000000
10 C     0.0002393906    -0.0005378618    -0.0000000000
11 C    -0.0014012915    -0.0006978014     0.0000000000
12 C     0.0003543701    -0.0002833196     0.0000000000
13 C     0.0000873083     0.0006736243    -0.0000000000
14 C    -0.0001274605    -0.0001211591    -0.0000000000
15 C     0.0003728901     0.0028955451    -0.0000000000
16 N    -0.0025799940    -0.0006766643     0.0000000000
17 C     0.0000778993    -0.0017643403     0.0000000000
18 C     0.0004653075    -0.0003722866    -0.0000000000
19 C     0.0006445895     0.0003089880    -0.0000000000
20 C     0.0003191226    -0.0002719582     0.0000000000
21 N    -0.0000160348    -0.0065791408     0.0000000000
22 C     0.0013711757    -0.0000006021     0.0000000000
23 C     0.0005703300     0.0010618854     0.0000000000
24 N     0.0002888676     0.0017923552     0.0000000000
25 C    -0.0002923350    -0.0015948064     0.0000000000
26 C     0.0000979353     0.0003690684     0.0000000000
27 C    -0.0009982661     0.0012392621     0.0000000000
28 C     0.0003428265     0.0001112500     0.0000000000
29 C    -0.0006271661     0.0009492390    -0.0000000000
30 C     0.0014106006     0.0001206378     0.0000000000
31 C    -0.0019376317    -0.0015381446    -0.0000000000
32 C     0.0012369110    -0.0004325408    -0.0000000000
33 C     0.0004025557     0.0011601261    -0.0000000000
34 C    -0.0010282444    -0.0004290440     0.0000000000
35 C    -0.0000384347    -0.0010570925    -0.0000000000
36 C     0.0007059252    -0.0001872557    -0.0000000000
37 C     0.0007767628    -0.0003182666     0.0000000000
38 C    -0.0002077035     0.0005351278     0.0000000000
39 C     0.0000475816     0.0006680576    -0.0000000000
40 C     0.0006801438     0.0012762288     0.0000000000
41 C     0.0008317631    -0.0014818210    -0.0000000000
42 C    -0.0009737748     0.0000921383    -0.0000000000
43 C     0.0003414192    -0.0000314252    -0.0000000000
44 C     0.0000207039     0.0006597989     0.0000000000
45 C     0.0010808718    -0.0009300399     0.0000000000
46 C    -0.0013122026    -0.0009824359     0.0000000000
47 N     0.0005185772     0.0001093409     0.0000000000
48 C    -0.0006096652    -0.0002428276    -0.0000000000
49 C     0.0003091963    -0.0006751977     0.0000000000
50 C    -0.0004906204     0.0004235222     0.0000000000
51 C    -0.0009441117     0.0013223993     0.0000000000
52 C     0.0015339336     0.0005857170     0.0000000000
53 C     0.0000244471     0.0001122016    -0.0000000000
54 C    -0.0006329347    -0.0002839962     0.0000000000
55 C     0.0003516017    -0.0008966779     0.0000000000
56 C    -0.0008415658     0.0002302368    -0.0000000000
57 C     0.0049670087    -0.0015179357     0.0000000000
58 C    -0.0005277869     0.0004590528    -0.0000000000
59 C     0.0008195352     0.0003844448    -0.0000000000
60 C     0.0009118104    -0.0014735044     0.0000000000
61 C     0.0005042972     0.0001197385     0.0000000000
62 C    -0.0008513637    -0.0000180579    -0.0000000000
63 C    -0.0033437571     0.0020888224    -0.0000000000
64 C     0.0002891516     0.0006975596    -0.0000000000
65 C    -0.0006073076    -0.0013538097     0.0000000000
66 C    -0.0003412252     0.0001795413    -0.0000000000
67 C     0.0016878325    -0.0003533128    -0.0000000000
68 C    -0.0007846748    -0.0003108574     0.0000000000
69 C     0.0004693251    -0.0002745656     0.0000000000
70 N    -0.0003429600     0.0002172245     0.0000000000
71 C    -0.0009521403     0.0011235486     0.0000000000
72 N     0.0025910455    -0.0014006100     0.0000000000
73 C    -0.0004993552     0.0023433122     0.0000000000
74 C     0.0003027556    -0.0000557681    -0.0000000000
75 C    -0.0003613404     0.0001566696    -0.0000000000
76 C    -0.0017320767     0.0006261934     0.0000000000
77 C    -0.0003742571    -0.0002692305    -0.0000000000
78 H    -0.0005340342     0.0003216988     0.0000000000
79 H    -0.0013960984     0.0010988019    -0.0000000000
80 H    -0.0010860033    -0.0018686585     0.0000000000
81 H    -0.0002378547     0.0003943966    -0.0000000000
82 H    -0.0002182330    -0.0002079228    -0.0000000000
83 H    -0.0003041134     0.0002309620     0.0000000000
84 H     0.0005173370    -0.0000581869     0.0000000000
85 H     0.0003180120     0.0000572807     0.0000000000
86 H     0.0004987337    -0.0005349459    -0.0000000000
87 H     0.0001946313     0.0003597599    -0.0000000000
88 H     0.0002442255    -0.0003179881     0.0000000000
89 H     0.0001967919     0.0005329336    -0.0000000000
90 H    -0.0001559986    -0.0001525554    -0.0000000000
91 H    -0.0001745110    -0.0002503169    -0.0000000000
92 H    -0.0001037401    -0.0003085246     0.0000000000
93 H     0.0000068300    -0.0003981692     0.0000000000
94 H     0.0000174153    -0.0004375397     0.0000000000
95 H     0.0003437237    -0.0002431930    -0.0000000000
96 H     0.0004602667     0.0002591790    -0.0000000000
97 H     0.0003095772     0.0007251156    -0.0000000000
98 H     0.0000807873     0.0028629132    -0.0000000000
99 H    -0.0005610657     0.0004144758     0.0000000000
100 H    -0.0001880379     0.0005189247     0.0000000000
101 H     0.0000724438     0.0002837160     0.0000000000
----------------------------------------------
cycle 4: E = -3084.31350498  dE = -0.00632393  norm(grad) = 0.0150009

Geometry optimization cycle 5
Cartesian coordinates (Angstrom)
 Atom        New coordinates             dX        dY        dZ
   C  -7.311875   4.962374   0.000000   -0.015823  0.008287  0.000000
   C  -7.300262   0.653099   0.000000   -0.009496  0.005824  0.000000
   C  -6.136036   2.835694   0.000000   -0.007425  0.001847  0.000000
   C  -4.883348   4.961863   0.000000   -0.004237  0.000079  0.000000
   C  -7.285491  -3.613660  -0.000000   -0.001753 -0.013980 -0.000000
   C  -6.088481  -1.431252  -0.000000   -0.005815 -0.002294 -0.000000
   C  -4.891158   0.678877   0.000000   -0.004397  0.001983  0.000000
   C  -3.679668   2.824220   0.000000   -0.004080  0.001597  0.000000
   C  -2.441743   4.963736   0.000000    0.000573  0.003762  0.000000
   C  -6.045863  -5.663481  -0.000000   -0.004828 -0.004164 -0.000000
   C  -4.861514  -3.548603  -0.000000   -0.003363 -0.003308 -0.000000
   C  -3.669522  -1.418391  -0.000000   -0.002366  0.002570 -0.000000
   C  -2.445563   0.707370  -0.000000   -0.002865  0.002523  0.000000
   C  -1.227850   2.826165   0.000000   -0.003190  0.003699  0.000000
   C   0.009830   4.964457   0.000000    0.003952  0.006829  0.000000
   C  -3.577758  -5.608767  -0.000000   -0.005172 -0.012000 -0.000000
   N  -2.422435  -3.495310  -0.000000   -0.003066  0.004909 -0.000000
   C  -1.233078  -1.406828  -0.000000   -0.001136  0.001171 -0.000000
   C   0.009731   0.708895   0.000000   -0.004202  0.001436  0.000000
   C   1.224933   2.810546   0.000000   -0.004164  0.004591  0.000000
   C   2.452160   4.960129   0.000000    0.006553  0.006800  0.000000
   N  -1.218617  -5.509212  -0.000000   -0.004378  0.016883 -0.000000
   C  -0.000245  -3.493398  -0.000000    0.001370 -0.006101 -0.000000
   C   1.216371  -1.394318   0.000000   -0.000668 -0.004695  0.000000
   N   2.446459   0.681075   0.000000   -0.006543 -0.001782  0.000000
   C   3.653944   2.817361  -0.000000   -0.003701  0.003476  0.000000
   C   4.895583   4.933742  -0.000000    0.008344  0.001436  0.000000
   C   1.179556  -5.608979   0.000000    0.009338 -0.014694  0.000000
   C   2.446327  -3.506903   0.000000    0.004126 -0.006561  0.000000
   C   3.651505  -1.414213   0.000000    0.003661 -0.003741  0.000000
   C   4.849102   0.699479   0.000000   -0.009361 -0.001960  0.000000
   C   6.122067   2.806411  -0.000000   -0.002222  0.001780 -0.000000
   C   7.314013   4.902907  -0.000000    0.016410 -0.013240 -0.000000
   C   3.618146  -5.620647   0.000000    0.008397 -0.006988  0.000000
   C   4.860713  -3.519461   0.000000    0.009888  0.000999  0.000000
   C   6.099523  -1.412524   0.000000    0.010441  0.005406  0.000000
   C   7.243420   0.691603  -0.000000   -0.006727  0.013207 -0.000000
   C   6.061663  -5.638804   0.000000    0.006980  0.002633  0.000000
   C   7.281907  -3.583158   0.000000    0.010478  0.000750  0.000000
   C  -7.320569   3.563717   0.000000   -0.005012  0.007425  0.000000
   C  -6.126017   5.643408   0.000000   -0.007940 -0.004715  0.000000
   C  -7.284206  -0.705420   0.000000   -0.004292  0.005306 -0.000000
   C  -6.112288   1.383478   0.000000   -0.004989  0.001632  0.000000
   C  -4.903191   3.530626   0.000000   -0.005647  0.000286  0.000000
   C  -3.667495   5.636087   0.000000   -0.002689 -0.000726  0.000000
   C  -7.267945  -4.982984  -0.000000   -0.011335 -0.014163 -0.000000
   C  -6.091058  -2.857580  -0.000000   -0.004911 -0.004516 -0.000000
   N  -4.894150  -0.729675  -0.000000   -0.004999  0.000374 -0.000000
   C  -3.665021   1.393561   0.000000   -0.003138  0.001854  0.000000
   C  -2.460057   3.528738   0.000000   -0.003899  0.003679  0.000000
   C  -1.212704   5.629930   0.000000    0.001981  0.003961  0.000000
   C  -4.851540  -4.972539  -0.000000   -0.002542 -0.006793 -0.000000
   C  -3.669593  -2.813683  -0.000000   -0.005337  0.001627 -0.000000
   C  -2.460252  -0.699362  -0.000000   -0.001562  0.001774  0.000000
   C  -1.219706   1.415379   0.000000   -0.002817  0.003064  0.000000
   C   0.004983   3.519704   0.000000   -0.003417  0.006524  0.000000
   C   1.239060   5.634438   0.000000    0.005926  0.006156  0.000000
   C  -2.436737  -4.882067  -0.000000   -0.013313  0.005600 -0.000000
   C  -1.208292  -2.805260  -0.000000    0.001551 -0.001134 -0.000000
   C  -0.007746  -0.713200  -0.000000   -0.000893 -0.000473  0.000000
   C   1.218538   1.398095   0.000000   -0.005421  0.003414  0.000000
   C   2.455050   3.524837   0.000000   -0.003111  0.005441  0.000000
   C   3.693289   5.617305  -0.000000    0.009708  0.005162  0.000000
   C   0.015180  -4.913417  -0.000000    0.010395 -0.007881  0.000000
   C   1.241094  -2.797652   0.000000    0.001842 -0.006385  0.000000
   C   2.448254  -0.698066   0.000000    0.000791 -0.003216  0.000000
   C   3.658451   1.386676   0.000000   -0.007746  0.000932  0.000000
   C   4.892357   3.499027  -0.000000   -0.002695  0.003119  0.000000
   C   6.149624   5.604604  -0.000000    0.016332 -0.010834 -0.000000
   C   2.432650  -4.931582   0.000000    0.006045 -0.008362  0.000000
   N   3.651330  -2.813994   0.000000    0.005493 -0.004266  0.000000
   C   4.898970  -0.727754   0.000000    0.004248 -0.002492  0.000000
   N   6.065191   1.400122  -0.000000   -0.013343  0.004381 -0.000000
   C   7.320275   3.495368  -0.000000    0.006859 -0.014388 -0.000000
   C   4.842637  -4.938223   0.000000    0.005727  0.000190  0.000000
   C   6.096825  -2.837490   0.000000    0.010772  0.002801  0.000000
   C   7.303709  -0.645450   0.000000    0.008316  0.011503 -0.000000
   C   7.259641  -4.967092   0.000000    0.009509  0.000197  0.000000
   H   8.264717   5.424123  -0.000000    0.021186 -0.020110 -0.000000
   H   8.278530   3.001468  -0.000000    0.003463 -0.026951 -0.000000
   H   8.141173   1.282337  -0.000000   -0.012783  0.028547 -0.000000
   H   8.275256  -1.111751   0.000000    0.011815  0.017161 -0.000000
   H   8.232387  -3.072184   0.000000    0.011346  0.000427  0.000000
   H   8.192508  -5.518362   0.000000    0.009121 -0.001923  0.000000
   H  -8.252430   5.502317   0.000000   -0.016287  0.009538  0.000000
   H  -8.279772   3.066632   0.000000   -0.004985  0.006658  0.000000
   H  -8.251362   1.165208   0.000000   -0.009810  0.007813  0.000000
   H  -8.214623  -1.246009   0.000000   -0.004905  0.005273 -0.000000
   H  -8.244480  -3.119839  -0.000000   -0.001878 -0.013345 -0.000000
   H  -8.199277  -5.536105  -0.000000   -0.010169 -0.018047 -0.000000
   H  -6.118806   6.727199   0.000000   -0.003712 -0.004397  0.000000
   H  -3.669787   6.720597   0.000000   -0.003157 -0.000218  0.000000
   H  -1.211322   6.714382   0.000000    0.001461  0.004592  0.000000
   H   1.242969   6.718617   0.000000    0.006028  0.006931  0.000000
   H   3.709300   6.701658  -0.000000    0.012132  0.005966  0.000000
   H   6.156130   6.687688  -0.000000    0.020745 -0.010543 -0.000000
   H  -6.027949  -6.746901  -0.000000   -0.005502 -0.004684 -0.000000
   H  -3.509607  -6.689147  -0.000000   -0.001999 -0.012862 -0.000000
   H  -1.255400  -6.515019  -0.000000   -0.009547  0.011787 -0.000000
   H   1.181137  -6.692780   0.000000    0.013086 -0.015402  0.000000
   H   3.615726  -6.703883   0.000000    0.013679 -0.007957  0.000000
   H   6.027674  -6.721030   0.000000    0.006506  0.002062  0.000000
converged SCF energy = -3084.31336338805
--------------- RKS_Scanner gradients ---------------
         x                y                z
0 C    -0.0044578625     0.0021991526     0.0000000000
1 C    -0.0014619981     0.0020647525    -0.0000000000
2 C    -0.0011597001    -0.0018161119    -0.0000000000
3 C     0.0005318265     0.0011406547     0.0000000000
4 C     0.0040772778    -0.0016589952     0.0000000000
5 C    -0.0001324740    -0.0001238366     0.0000000000
6 C     0.0010798255    -0.0001573107    -0.0000000000
7 C     0.0002030060    -0.0002572858    -0.0000000000
8 C     0.0009063810     0.0007892122     0.0000000000
9 C    -0.0011056054     0.0023819996    -0.0000000000
10 C    -0.0008476658    -0.0001782556    -0.0000000000
11 C     0.0005465011    -0.0000061716    -0.0000000000
12 C     0.0002219974    -0.0003583653     0.0000000000
13 C     0.0001800614    -0.0000328224    -0.0000000000
14 C     0.0010501820     0.0006022598    -0.0000000000
15 C    -0.0009527900    -0.0022752974    -0.0000000000
16 N     0.0016120196     0.0014245131     0.0000000000
17 C    -0.0006737109     0.0001794323     0.0000000000
18 C    -0.0007485883    -0.0003250990    -0.0000000000
19 C    -0.0000815390    -0.0001013876    -0.0000000000
20 C     0.0010898373     0.0005147519    -0.0000000000
21 N    -0.0013851956     0.0064798210     0.0000000000
22 C    -0.0016250366    -0.0011586074    -0.0000000000
23 C    -0.0004928060     0.0002337550    -0.0000000000
24 N    -0.0008816816     0.0004528454     0.0000000000
25 C    -0.0000176460    -0.0001071075     0.0000000000
26 C     0.0005945352     0.0006686132     0.0000000000
27 C     0.0024619831    -0.0011569487    -0.0000000000
28 C     0.0000365513     0.0000185066    -0.0000000000
29 C     0.0000755641     0.0004746311     0.0000000000
30 C    -0.0008420844    -0.0017971155     0.0000000000
31 C     0.0007209720    -0.0002091483     0.0000000000
32 C     0.0025261019     0.0006420919     0.0000000000
33 C     0.0006331081    -0.0009125710     0.0000000000
34 C     0.0009372636     0.0003434037     0.0000000000
35 C     0.0012662599     0.0002226642     0.0000000000
36 C    -0.0008925374     0.0017155381    -0.0000000000
37 C    -0.0002134548     0.0005500118     0.0000000000
38 C    -0.0000762125     0.0000144874    -0.0000000000
39 C     0.0031545526     0.0024995905    -0.0000000000
40 C     0.0002784814    -0.0035910519    -0.0000000000
41 C     0.0019286604     0.0006112851    -0.0000000000
42 C     0.0006528292    -0.0010035480     0.0000000000
43 C    -0.0004594373    -0.0001073873     0.0000000000
44 C     0.0000686631    -0.0011671758    -0.0000000000
45 C    -0.0031534209    -0.0030825247    -0.0000000000
46 C    -0.0008570236     0.0003665918    -0.0000000000
47 N    -0.0002767577     0.0000683814    -0.0000000000
48 C    -0.0004647294    -0.0000264385     0.0000000000
49 C    -0.0007397735     0.0002346613     0.0000000000
50 C    -0.0000146304    -0.0006777600     0.0000000000
51 C     0.0020222275     0.0001865184     0.0000000000
52 C     0.0001712308    -0.0001996564     0.0000000000
53 C     0.0005125519     0.0007500845    -0.0000000000
54 C     0.0000579611    -0.0000120456     0.0000000000
55 C    -0.0009634020     0.0004613500     0.0000000000
56 C    -0.0001572156    -0.0004999010     0.0000000000
57 C    -0.0034221621     0.0000442132    -0.0000000000
58 C     0.0001614416     0.0008945341    -0.0000000000
59 C     0.0000425671     0.0003756136     0.0000000000
60 C     0.0003708598     0.0003355354     0.0000000000
61 C    -0.0011013133     0.0003733567     0.0000000000
62 C    -0.0004397744    -0.0002641118     0.0000000000
63 C     0.0036298468    -0.0015110170     0.0000000000
64 C     0.0000376577    -0.0009671617     0.0000000000
65 C     0.0006764043    -0.0013313220    -0.0000000000
66 C    -0.0007171095     0.0006885929    -0.0000000000
67 C    -0.0008942159     0.0003083080    -0.0000000000
68 C    -0.0009290577    -0.0020090649    -0.0000000000
69 C    -0.0009806393    -0.0000207952     0.0000000000
70 N     0.0003788173    -0.0006894866     0.0000000000
71 C     0.0002452600    -0.0000749975    -0.0000000000
72 N    -0.0014859207     0.0017821271    -0.0000000000
73 C    -0.0008505637     0.0002938192    -0.0000000000
74 C    -0.0015149545     0.0000755213     0.0000000000
75 C    -0.0000490767     0.0001552070    -0.0000000000
76 C     0.0001967582    -0.0010390964     0.0000000000
77 C     0.0005472199    -0.0004323679     0.0000000000
78 H     0.0004060839     0.0001080703    -0.0000000000
79 H     0.0005450213    -0.0010821210     0.0000000000
80 H     0.0009917023     0.0011022684    -0.0000000000
81 H     0.0001620800     0.0001360092    -0.0000000000
82 H     0.0000671399    -0.0001982360     0.0000000000
83 H     0.0001971480    -0.0000660033    -0.0000000000
84 H    -0.0006108644     0.0004332393    -0.0000000000
85 H     0.0002897831     0.0004355124     0.0000000000
86 H    -0.0003780850     0.0001621425     0.0000000000
87 H     0.0001235823     0.0006721194     0.0000000000
88 H     0.0003157806    -0.0008458807    -0.0000000000
89 H    -0.0005222053    -0.0003565612     0.0000000000
90 H    -0.0002753818    -0.0003586588    -0.0000000000
91 H     0.0000325227    -0.0000585715    -0.0000000000
92 H     0.0001236787     0.0000330449    -0.0000000000
93 H     0.0001791680     0.0000849294    -0.0000000000
94 H     0.0002029863     0.0001273777    -0.0000000000
95 H     0.0001469959    -0.0002076007    -0.0000000000
96 H    -0.0001653635     0.0001792548     0.0000000000
97 H    -0.0000941775    -0.0005150777     0.0000000000
98 H     0.0000987383    -0.0013871908    -0.0000000000
99 H    -0.0000249204    -0.0003528328     0.0000000000
100 H    -0.0001294626    -0.0002860248    -0.0000000000
101 H    -0.0000581172    -0.0000194793    -0.0000000000
----------------------------------------------
cycle 5: E = -3084.31336339  dE = 0.00014159  norm(grad) = 0.0168821

Geometry optimization cycle 6
Cartesian coordinates (Angstrom)
 Atom        New coordinates             dX        dY        dZ
   C  -7.298823   4.951985   0.000000    0.013052 -0.010389  0.000000
   C  -7.296160   0.646649   0.000000    0.004102 -0.006450  0.000000
   C  -6.132947   2.833016   0.000000    0.003088 -0.002678  0.000000
   C  -4.881526   4.962000   0.000000    0.001823  0.000136  0.000000
   C  -7.290201  -3.600476  -0.000000   -0.004710  0.013184 -0.000000
   C  -6.086171  -1.430541  -0.000000    0.002310  0.000712  0.000000
   C  -4.888943   0.678381   0.000000    0.002215 -0.000496  0.000000
   C  -3.677936   2.823623   0.000000    0.001732 -0.000597  0.000000
   C  -2.441998   4.962042   0.000000   -0.000256 -0.001694  0.000000
   C  -6.044541  -5.662907  -0.000000    0.001322  0.000575 -0.000000
   C  -4.861222  -3.548149  -0.000000    0.000292  0.000454  0.000000
   C  -3.668725  -1.419770  -0.000000    0.000797 -0.001379  0.000000
   C  -2.443835   0.706372   0.000000    0.001728 -0.000998  0.000000
   C  -1.226196   2.824386   0.000000    0.001654 -0.001779  0.000000
   C   0.007834   4.961967   0.000000   -0.001996 -0.002491  0.000000
   C  -3.576307  -5.604656  -0.000000    0.001451  0.004110 -0.000000
   N  -2.421712  -3.499095  -0.000000    0.000723 -0.003785  0.000000
   C  -1.232710  -1.407733  -0.000000    0.000368 -0.000905  0.000000
   C   0.012264   0.708302   0.000000    0.002532 -0.000593  0.000000
   C   1.226926   2.808758   0.000000    0.001993 -0.001788  0.000000
   C   2.448460   4.957555   0.000000   -0.003701 -0.002574  0.000000
   N  -1.216731  -5.519281  -0.000000    0.001885 -0.010068  0.000000
   C  -0.000949  -3.491506  -0.000000   -0.000705  0.001892  0.000000
   C   1.216812  -1.393060   0.000000    0.000441  0.001258  0.000000
   N   2.450279   0.681316   0.000000    0.003820  0.000240  0.000000
   C   3.656600   2.816700  -0.000000    0.002655 -0.000661 -0.000000
   C   4.891192   4.933444  -0.000000   -0.004391 -0.000297 -0.000000
   C   1.175095  -5.603032   0.000000   -0.004462  0.005947  0.000000
   C   2.444578  -3.504611   0.000000   -0.001749  0.002291  0.000000
   C   3.650742  -1.413383   0.000000   -0.000763  0.000829  0.000000
   C   4.853708   0.700676  -0.000000    0.004606  0.001197 -0.000000
   C   6.125053   2.805948  -0.000000    0.002986 -0.000463 -0.000000
   C   7.304292   4.906993  -0.000000   -0.009721  0.004086 -0.000000
   C   3.614958  -5.618067   0.000000   -0.003187  0.002580  0.000000
   C   4.857435  -3.520000   0.000000   -0.003278 -0.000539  0.000000
   C   6.096229  -1.414000   0.000000   -0.003294 -0.001476 -0.000000
   C   7.248155   0.687170  -0.000000    0.004735 -0.004433 -0.000000
   C   6.059524  -5.640352   0.000000   -0.002138 -0.001548  0.000000
   C   7.278602  -3.583311   0.000000   -0.003305 -0.000153  0.000000
   C  -7.321393   3.553345   0.000000   -0.000824 -0.010372  0.000000
   C  -6.121696   5.647385   0.000000    0.004321  0.003977  0.000000
   C  -7.285770  -0.711171   0.000000   -0.001564 -0.005752  0.000000
   C  -6.110242   1.381063   0.000000    0.002046 -0.002415  0.000000
   C  -4.901242   3.530331   0.000000    0.001950 -0.000295  0.000000
   C  -3.666268   5.636465   0.000000    0.001227  0.000378  0.000000
   C  -7.259972  -4.968872  -0.000000    0.007972  0.014112 -0.000000
   C  -6.089186  -2.854586  -0.000000    0.001872  0.002994 -0.000000
   N  -4.892422  -0.729663  -0.000000    0.001728  0.000012  0.000000
   C  -3.662777   1.392987   0.000000    0.002243 -0.000575  0.000000
   C  -2.458110   3.527247   0.000000    0.001947 -0.001491  0.000000
   C  -1.213601   5.628834   0.000000   -0.000897 -0.001096  0.000000
   C  -4.851820  -4.971485  -0.000000   -0.000280  0.001054 -0.000000
   C  -3.668717  -2.815215  -0.000000    0.000876 -0.001532  0.000000
   C  -2.459794  -0.700523   0.000000    0.000457 -0.001162  0.000000
   C  -1.217613   1.414018   0.000000    0.002092 -0.001361  0.000000
   C   0.006802   3.517314   0.000000    0.001820 -0.002390  0.000000
   C   1.236338   5.632917   0.000000   -0.002722 -0.001521  0.000000
   C  -2.431442  -4.885833  -0.000000    0.005294 -0.003766  0.000000
   C  -1.209226  -2.806206  -0.000000   -0.000934 -0.000945  0.000000
   C  -0.007546  -0.713628   0.000000    0.000200 -0.000429  0.000000
   C   1.221168   1.396946   0.000000    0.002630 -0.001149  0.000000
   C   2.457012   3.522613   0.000000    0.001961 -0.002224  0.000000
   C   3.688747   5.615814  -0.000000   -0.004542 -0.001491 -0.000000
   C   0.009980  -4.911396  -0.000000   -0.005200  0.002021  0.000000
   C   1.240237  -2.795481   0.000000   -0.000857  0.002170  0.000000
   C   2.448419  -0.696285   0.000000    0.000165  0.001781  0.000000
   C   3.663066   1.386161   0.000000    0.004614 -0.000515  0.000000
   C   4.894597   3.498079  -0.000000    0.002241 -0.000947 -0.000000
   C   6.141978   5.610481  -0.000000   -0.007646  0.005877 -0.000000
   C   2.430308  -4.928461   0.000000   -0.002342  0.003121  0.000000
   N   3.649416  -2.812657   0.000000   -0.001914  0.001337  0.000000
   C   4.898244  -0.727051   0.000000   -0.000726  0.000703  0.000000
   N   6.071410   1.398338  -0.000000    0.006219 -0.001783 -0.000000
   C   7.320455   3.499317  -0.000000    0.000180  0.003949 -0.000000
   C   4.841316  -4.938618   0.000000   -0.001321 -0.000395  0.000000
   C   6.093296  -2.838344   0.000000   -0.003528 -0.000854  0.000000
   C   7.302278  -0.649219   0.000000   -0.001432 -0.003769 -0.000000
   C   7.256374  -4.966928   0.000000   -0.003267  0.000163  0.000000
   H   8.253699   5.430203  -0.000000   -0.011018  0.006080 -0.000000
   H   8.282094   3.013257  -0.000000    0.003564  0.011789 -0.000000
   H   8.146975   1.274933  -0.000000    0.005802 -0.007404 -0.000000
   H   8.271842  -1.119291   0.000000   -0.003414 -0.007540 -0.000000
   H   8.228472  -3.071258   0.000000   -0.003915  0.000925  0.000000
   H   8.189420  -5.517639   0.000000   -0.003088  0.000723  0.000000
   H  -8.239806   5.490357   0.000000    0.012624 -0.011960  0.000000
   H  -8.281515   3.057714   0.000000   -0.001742 -0.008918  0.000000
   H  -8.246616   1.159448   0.000000    0.004746 -0.005760  0.000000
   H  -8.215004  -1.254073   0.000000   -0.000381 -0.008063  0.000000
   H  -8.248805  -3.105320  -0.000000   -0.004324  0.014519 -0.000000
   H  -8.191120  -5.521603  -0.000000    0.008157  0.014501 -0.000000
   H  -6.118597   6.731379   0.000000    0.000209  0.004180  0.000000
   H  -3.667725   6.720977   0.000000    0.002062  0.000380  0.000000
   H  -1.212145   6.713249   0.000000   -0.000823 -0.001133  0.000000
   H   1.239699   6.717039   0.000000   -0.003270 -0.001578  0.000000
   H   3.703096   6.700114  -0.000000   -0.006204 -0.001544 -0.000000
   H   6.146149   6.693589  -0.000000   -0.009980  0.005901 -0.000000
   H  -6.032387  -6.746489  -0.000000   -0.004438  0.000413 -0.000000
   H  -3.510145  -6.684756  -0.000000   -0.000537  0.004391 -0.000000
   H  -1.251631  -6.523748  -0.000000    0.003769 -0.008729  0.000000
   H   1.177870  -6.686542   0.000000   -0.003267  0.006238  0.000000
   H   3.611605  -6.701100   0.000000   -0.004121  0.002784  0.000000
   H   6.025851  -6.722536   0.000000   -0.001823 -0.001506  0.000000
converged SCF energy = -3084.31383185641
--------------- RKS_Scanner gradients ---------------
         x                y                z
0 C     0.0012567891    -0.0007950987     0.0000000000
1 C     0.0005629943     0.0004729901     0.0000000000
2 C     0.0001089497     0.0003782259    -0.0000000000
3 C    -0.0006058735    -0.0002254498    -0.0000000000
4 C    -0.0006878411     0.0010091593     0.0000000000
5 C    -0.0002844434     0.0006919525     0.0000000000
6 C     0.0008695928    -0.0000160764    -0.0000000000
7 C     0.0000777065    -0.0000129001    -0.0000000000
8 C     0.0001652837     0.0001456364     0.0000000000
9 C    -0.0004337590    -0.0010596170    -0.0000000000
10 C    -0.0000288873    -0.0002575607    -0.0000000000
11 C     0.0000692159    -0.0002978148    -0.0000000000
12 C     0.0001975988    -0.0002562766    -0.0000000000
13 C     0.0000895517    -0.0001376664     0.0000000000
14 C     0.0002588361     0.0000828529     0.0000000000
15 C    -0.0002301888     0.0000156910     0.0000000000
16 N     0.0000191736     0.0000069679    -0.0000000000
17 C    -0.0000561876    -0.0000032830    -0.0000000000
18 C    -0.0000593347     0.0000439620     0.0000000000
19 C    -0.0001468225    -0.0001236022     0.0000000000
20 C     0.0000187497    -0.0000652044     0.0000000000
21 N     0.0000841711     0.0006046701     0.0000000000
22 C     0.0000249003    -0.0002039394    -0.0000000000
23 C     0.0000038203    -0.0000715109    -0.0000000000
24 N     0.0000018163     0.0001723940    -0.0000000000
25 C    -0.0000984248     0.0000944268     0.0000000000
26 C    -0.0000229485    -0.0000331632     0.0000000000
27 C     0.0001652269     0.0000489871    -0.0000000000
28 C    -0.0001958685     0.0000310065    -0.0000000000
29 C    -0.0000061198    -0.0000261083     0.0000000000
30 C    -0.0004899117    -0.0003334179     0.0000000000
31 C     0.0002222593     0.0000832929     0.0000000000
32 C     0.0000533598    -0.0002990614     0.0000000000
33 C     0.0001857265    -0.0001377538     0.0000000000
34 C     0.0000712319     0.0000219294    -0.0000000000
35 C     0.0000587061    -0.0000995884     0.0000000000
36 C     0.0000591194     0.0007257463    -0.0000000000
37 C     0.0000097216     0.0000295663     0.0000000000
38 C     0.0000389102    -0.0000116085    -0.0000000000
39 C    -0.0009333918    -0.0004590491     0.0000000000
40 C    -0.0000038953     0.0012137382     0.0000000000
41 C    -0.0001097024    -0.0009503281    -0.0000000000
42 C    -0.0007429946     0.0000273796     0.0000000000
43 C     0.0001100637    -0.0000116246     0.0000000000
44 C    -0.0001183646    -0.0001890223     0.0000000000
45 C     0.0015160103     0.0002539361    -0.0000000000
46 C    -0.0001011117    -0.0009986830    -0.0000000000
47 N    -0.0002432599     0.0002091256    -0.0000000000
48 C    -0.0002124475    -0.0001242527     0.0000000000
49 C    -0.0003147391     0.0000067340    -0.0000000000
50 C    -0.0000213217    -0.0000411263    -0.0000000000
51 C    -0.0005094707     0.0005080898    -0.0000000000
52 C    -0.0000240126     0.0004584593     0.0000000000
53 C     0.0001176384     0.0005554256     0.0000000000
54 C     0.0002026062     0.0000252457    -0.0000000000
55 C    -0.0002339127     0.0000166264    -0.0000000000
56 C    -0.0001129927     0.0001091501     0.0000000000
57 C    -0.0001270423    -0.0000669137    -0.0000000000
58 C    -0.0001212572    -0.0001262082     0.0000000000
59 C    -0.0001636113     0.0001337245     0.0000000000
60 C     0.0001843270     0.0001019181    -0.0000000000
61 C     0.0000089561     0.0000166856    -0.0000000000
62 C    -0.0001914630     0.0001016980     0.0000000000
63 C     0.0002420775    -0.0000403801     0.0000000000
64 C     0.0000018061    -0.0000894842     0.0000000000
65 C    -0.0000128415    -0.0001851113     0.0000000000
66 C     0.0002050423    -0.0001794070    -0.0000000000
67 C    -0.0000304474    -0.0000793386    -0.0000000000
68 C    -0.0003451197    -0.0002141893    -0.0000000000
69 C    -0.0001577463    -0.0000911991    -0.0000000000
70 N     0.0001445848    -0.0001592982     0.0000000000
71 C     0.0002302086    -0.0000174145    -0.0000000000
72 N    -0.0001307627     0.0004054130    -0.0000000000
73 C     0.0004238698    -0.0000989396     0.0000000000
74 C    -0.0001647537    -0.0000128269    -0.0000000000
75 C    -0.0001256015     0.0001483821     0.0000000000
76 C    -0.0002665975    -0.0000295797    -0.0000000000
77 C     0.0000393569    -0.0000253909     0.0000000000
78 H     0.0000845012    -0.0000165536    -0.0000000000
79 H     0.0002646511    -0.0004068073    -0.0000000000
80 H     0.0004003489     0.0004511604     0.0000000000
81 H     0.0000423847     0.0000908338     0.0000000000
82 H     0.0000382729    -0.0000004915     0.0000000000
83 H     0.0000632654    -0.0000268334    -0.0000000000
84 H     0.0001326807    -0.0000324773    -0.0000000000
85 H    -0.0001066797    -0.0001730981    -0.0000000000
86 H    -0.0001027807    -0.0000173281    -0.0000000000
87 H    -0.0001452918    -0.0001184237     0.0000000000
88 H    -0.0001898236     0.0001898326    -0.0000000000
89 H     0.0000800704     0.0000953838     0.0000000000
90 H     0.0000352251     0.0002134954    -0.0000000000
91 H     0.0000046316     0.0000173110    -0.0000000000
92 H     0.0000306842     0.0000615397    -0.0000000000
93 H     0.0000292245     0.0000973766    -0.0000000000
94 H     0.0000302152     0.0000964858    -0.0000000000
95 H    -0.0000016744    -0.0000298988    -0.0000000000
96 H     0.0001010051    -0.0002184569     0.0000000000
97 H    -0.0000010635    -0.0000072626     0.0000000000
98 H     0.0000253147    -0.0004079317    -0.0000000000
99 H    -0.0000004315    -0.0000145990     0.0000000000
100 H    -0.0000215112    -0.0000759369    -0.0000000000
101 H    -0.0000354152    -0.0000416700    -0.0000000000
----------------------------------------------
cycle 6: E = -3084.31383186  dE = -0.000468468  norm(grad) = 0.00456176

Geometry optimization cycle 7
