1721293054.1672277

Geometry optimization cycle 1
Cartesian coordinates (Angstrom)
 Atom        New coordinates             dX        dY        dZ
   C  -7.338226   5.042760   0.000000    0.000000  0.000000  0.000000
   C  -7.365228   0.691139   0.000000    0.000000  0.000000  0.000000
   C  -6.173642   2.889413   0.000000    0.000000  0.000000  0.000000
   C  -4.910090   5.019617   0.000000    0.000000  0.000000  0.000000
   C  -7.358051  -3.642635   0.000000    0.000000  0.000000  0.000000
   C  -6.173475  -1.431785   0.000000    0.000000  0.000000  0.000000
   C  -4.940069   0.716689   0.000000    0.000000  0.000000  0.000000
   C  -3.694845   2.860312   0.000000    0.000000  0.000000  0.000000
   C  -2.457224   5.005715   0.000000    0.000000  0.000000  0.000000
   C  -6.138515  -5.727246   0.000000    0.000000  0.000000  0.000000
   C  -4.928214  -3.580071   0.000000    0.000000  0.000000  0.000000
   C  -3.698169  -1.425571   0.000000    0.000000  0.000000  0.000000
   C  -2.471779   0.716540   0.000000    0.000000  0.000000  0.000000
   C  -1.230705   2.851907   0.000000    0.000000 -0.000000  0.000000
   C   0.000000   5.003169   0.000000    0.000000  0.000000  0.000000
   C  -3.678966  -5.694052   0.000000    0.000000  0.000000  0.000000
   C  -2.466015  -3.560923   0.000000    0.000000  0.000000  0.000000
   C  -1.232423  -1.423207   0.000000    0.000000  0.000000  0.000000
   C   0.000000   0.715809   0.000000    0.000000  0.000000  0.000000
   N   1.230705   2.851907   0.000000    0.000000 -0.000000  0.000000
   C   2.457224   5.005715   0.000000    0.000000  0.000000  0.000000
   C  -1.226334  -5.685080   0.000000    0.000000  0.000000  0.000000
   C   0.000000  -3.557079   0.000000    0.000000  0.000000  0.000000
   C   1.232423  -1.423207   0.000000    0.000000  0.000000  0.000000
   C   2.471779   0.716540   0.000000    0.000000  0.000000  0.000000
   C   3.694845   2.860312   0.000000    0.000000  0.000000  0.000000
   C   4.910090   5.019617   0.000000    0.000000  0.000000  0.000000
   C   1.226334  -5.685080   0.000000    0.000000  0.000000  0.000000
   C   2.466015  -3.560923   0.000000    0.000000  0.000000  0.000000
   C   3.698169  -1.425571   0.000000    0.000000  0.000000  0.000000
   C   4.940069   0.716689   0.000000    0.000000  0.000000  0.000000
   C   6.173642   2.889413   0.000000    0.000000  0.000000  0.000000
   C   7.338226   5.042760   0.000000    0.000000  0.000000  0.000000
   C   3.678966  -5.694052   0.000000    0.000000  0.000000  0.000000
   C   4.928214  -3.580071   0.000000    0.000000  0.000000  0.000000
   C   6.173475  -1.431785   0.000000   -0.000000  0.000000  0.000000
   C   7.365228   0.691139   0.000000    0.000000  0.000000  0.000000
   C   6.138515  -5.727246   0.000000    0.000000  0.000000  0.000000
   C   7.358051  -3.642635   0.000000   -0.000000  0.000000  0.000000
   C  -7.358051   3.642635   0.000000    0.000000  0.000000  0.000000
   C  -6.138515   5.727246   0.000000    0.000000  0.000000  0.000000
   C  -7.365228  -0.691139   0.000000    0.000000  0.000000  0.000000
   C  -6.173475   1.431785   0.000000    0.000000  0.000000  0.000000
   C  -4.928214   3.580071   0.000000    0.000000 -0.000000  0.000000
   C  -3.678966   5.694052   0.000000    0.000000  0.000000  0.000000
   C  -7.338226  -5.042760   0.000000    0.000000  0.000000  0.000000
   C  -6.173642  -2.889413   0.000000    0.000000  0.000000  0.000000
   N  -4.940069  -0.716689   0.000000    0.000000  0.000000  0.000000
   C  -3.698169   1.425571   0.000000    0.000000  0.000000  0.000000
   C  -2.466015   3.560923   0.000000    0.000000 -0.000000  0.000000
   N  -1.226334   5.685080   0.000000    0.000000  0.000000  0.000000
   C  -4.910090  -5.019617   0.000000    0.000000  0.000000  0.000000
   C  -3.694845  -2.860312   0.000000    0.000000  0.000000  0.000000
   C  -2.471779  -0.716540   0.000000    0.000000  0.000000  0.000000
   C  -1.232423   1.423207   0.000000    0.000000  0.000000  0.000000
   C   0.000000   3.557079   0.000000    0.000000  0.000000  0.000000
   C   1.226334   5.685080   0.000000    0.000000  0.000000  0.000000
   C  -2.457224  -5.005715   0.000000    0.000000  0.000000  0.000000
   C  -1.230705  -2.851907   0.000000    0.000000  0.000000  0.000000
   C   0.000000  -0.715809   0.000000    0.000000  0.000000  0.000000
   C   1.232423   1.423207   0.000000    0.000000  0.000000  0.000000
   C   2.466015   3.560923   0.000000    0.000000 -0.000000  0.000000
   C   3.678966   5.694052   0.000000    0.000000  0.000000  0.000000
   C   0.000000  -5.003169   0.000000    0.000000  0.000000  0.000000
   C   1.230705  -2.851907   0.000000    0.000000  0.000000  0.000000
   C   2.471779  -0.716540   0.000000    0.000000  0.000000  0.000000
   C   3.698169   1.425571   0.000000    0.000000  0.000000  0.000000
   C   4.928214   3.580071   0.000000    0.000000 -0.000000  0.000000
   N   6.138515   5.727246   0.000000    0.000000  0.000000  0.000000
   C   2.457224  -5.005715   0.000000    0.000000  0.000000  0.000000
   C   3.694845  -2.860312   0.000000    0.000000  0.000000  0.000000
   C   4.940069  -0.716689   0.000000    0.000000  0.000000  0.000000
   C   6.173475   1.431785   0.000000   -0.000000  0.000000  0.000000
   C   7.358051   3.642635   0.000000   -0.000000  0.000000  0.000000
   C   4.910090  -5.019617   0.000000    0.000000  0.000000  0.000000
   C   6.173642  -2.889413   0.000000    0.000000  0.000000  0.000000
   C   7.365228  -0.691139   0.000000    0.000000  0.000000  0.000000
   C   7.338226  -5.042760   0.000000    0.000000  0.000000  0.000000
   H   8.282184   5.591425   0.000000    0.000000 -0.000000  0.000000
   H   8.325741   3.141106   0.000000    0.000000  0.000000  0.000000
   H   8.326715   1.204661   0.000000    0.000000  0.000000  0.000000
   H   8.326715  -1.204661   0.000000    0.000000  0.000000  0.000000
   H   8.325741  -3.141106   0.000000    0.000000  0.000000  0.000000
   H   8.282184  -5.591425   0.000000    0.000000  0.000000  0.000000
   H  -8.282184   5.591425   0.000000    0.000000 -0.000000  0.000000
   H  -8.325741   3.141106   0.000000    0.000000  0.000000  0.000000
   H  -8.326715   1.204661   0.000000    0.000000  0.000000  0.000000
   H  -8.326715  -1.204661   0.000000    0.000000  0.000000  0.000000
   H  -8.325741  -3.141106   0.000000    0.000000  0.000000  0.000000
   H  -8.282184  -5.591425   0.000000    0.000000  0.000000  0.000000
   H  -6.116625   6.819427   0.000000    0.000000  0.000000  0.000000
   H  -3.672757   6.787431   0.000000    0.000000  0.000000  0.000000
   H  -1.225580   6.778408   0.000000    0.000000 -0.000000  0.000000
   H   1.225580   6.778408   0.000000    0.000000 -0.000000  0.000000
   H   3.672757   6.787431   0.000000    0.000000  0.000000  0.000000
   H   6.116625   6.819427   0.000000   -0.000000  0.000000  0.000000
   H  -6.116625  -6.819427   0.000000    0.000000  0.000000  0.000000
   H  -3.672757  -6.787431   0.000000    0.000000  0.000000  0.000000
   H  -1.225580  -6.778408   0.000000    0.000000  0.000000  0.000000
   H   1.225580  -6.778408   0.000000    0.000000  0.000000  0.000000
   H   3.672757  -6.787431   0.000000    0.000000  0.000000  0.000000
   H   6.116625  -6.819427   0.000000   -0.000000  0.000000  0.000000
converged SCF energy = -3051.10688557245
--------------- RKS_Scanner gradients ---------------
         x                y                z
0 C    -0.0010196808     0.0081592870    -0.0000000000
1 C     0.0014902422     0.0082034282    -0.0000000000
2 C    -0.0029830591    -0.0031066503    -0.0000000000
3 C     0.0137384960     0.0092476977    -0.0000000000
4 C     0.0058978230    -0.0106429395    -0.0000000000
5 C    -0.0192797384    -0.0085524615    -0.0000000000
6 C     0.0039299766     0.0098110186     0.0000000000
7 C     0.0076265764     0.0032199890    -0.0000000000
8 C     0.0190070646    -0.0117233280    -0.0000000000
9 C     0.0107416639    -0.0042513330    -0.0000000000
10 C     0.0029768812    -0.0022692919    -0.0000000000
11 C     0.0082755940    -0.0048069563    -0.0000000000
12 C    -0.0079253493     0.0001111504    -0.0000000000
13 C     0.0034650225     0.0137952853    -0.0000000000
14 C    -0.0099885560     0.0071858762    -0.0000000000
15 C     0.0085637365    -0.0046015192    -0.0000000000
16 C     0.0021642587    -0.0033220068    -0.0000000000
17 C     0.0062058378     0.0015162857    -0.0000000000
18 C    -0.0062647240    -0.0017661991    -0.0000000000
19 N    -0.0079310186    -0.0025776105    -0.0000000000
20 C     0.0126812770     0.0172455111    -0.0000000000
21 C     0.0029659160    -0.0066455166     0.0000000000
22 C     0.0043764903    -0.0008608379    -0.0000000000
23 C     0.0011397726     0.0020018324    -0.0000000000
24 C     0.0049835903    -0.0070480849    -0.0000000000
25 C     0.0081452018     0.0075711174    -0.0000000000
26 C     0.0061469059    -0.0146955381     0.0000000000
27 C     0.0039366503    -0.0062047754    -0.0000000000
28 C     0.0004069902    -0.0010982488    -0.0000000000
29 C     0.0026735074    -0.0009794774    -0.0000000000
30 C     0.0038940012    -0.0002855914    -0.0000000000
31 C     0.0269263974     0.0191862073     0.0000000000
32 C     0.0037429864     0.0363923635    -0.0000000000
33 C     0.0011882981    -0.0044487854     0.0000000000
34 C    -0.0006469677    -0.0008322034    -0.0000000000
35 C     0.0062515209     0.0000989034    -0.0000000000
36 C    -0.0062167186     0.0060256919    -0.0000000000
37 C    -0.0047629819    -0.0026062431     0.0000000000
38 C    -0.0014616698    -0.0032630350    -0.0000000000
39 C     0.0019677490    -0.0021050001     0.0000000000
40 C    -0.0080803360     0.0036950628     0.0000000000
41 C    -0.0041753704    -0.0109339527     0.0000000000
42 C    -0.0064646269     0.0078607120     0.0000000000
43 C     0.0019386870    -0.0052482959     0.0000000000
44 C    -0.0359561582     0.0017763251     0.0000000000
45 C    -0.0090382329     0.0027405789     0.0000000000
46 C    -0.0068027355     0.0038090500     0.0000000000
47 N     0.0068397289     0.0028099606     0.0000000000
48 C     0.0009399465     0.0019345870     0.0000000000
49 C    -0.0129367702    -0.0084776682     0.0000000000
50 N    -0.0034569479    -0.0200081563     0.0000000000
51 C    -0.0138568637     0.0040058744     0.0000000000
52 C     0.0065358679    -0.0029932910     0.0000000000
53 C     0.0041073611    -0.0056754446     0.0000000000
54 C     0.0096306437    -0.0071402801     0.0000000000
55 C    -0.0081850600    -0.0152457459    -0.0000000000
56 C     0.0164629437     0.0027935052    -0.0000000000
57 C    -0.0041899758     0.0051421958     0.0000000000
58 C    -0.0068919601     0.0012756792     0.0000000000
59 C    -0.0053066531    -0.0074974236     0.0000000000
60 C     0.0004358869    -0.0112545802     0.0000000000
61 C     0.0147726955    -0.0005171432     0.0000000000
62 C    -0.0278245333     0.0021276363     0.0000000000
63 C    -0.0026933349     0.0039602398     0.0000000000
64 C    -0.0011249489    -0.0011414276     0.0000000000
65 C     0.0004307404    -0.0002608795     0.0000000000
66 C    -0.0076078458    -0.0053542730    -0.0000000000
67 C    -0.0155928179    -0.0032120188    -0.0000000000
68 N     0.0117326814    -0.0248540620     0.0000000000
69 C    -0.0039156050     0.0045564602     0.0000000000
70 C    -0.0002271363    -0.0016068594     0.0000000000
71 C    -0.0023168493     0.0014066178     0.0000000000
72 C     0.0023498059    -0.0139169869     0.0000000000
73 C    -0.0148443207    -0.0465885126    -0.0000000000
74 C     0.0036192645     0.0017378295    -0.0000000000
75 C    -0.0041244967     0.0042832832     0.0000000000
76 C     0.0002153116    -0.0082234600     0.0000000000
77 C     0.0067340315    -0.0007430247     0.0000000000
78 H     0.0108393375    -0.0021240162     0.0000000000
79 H     0.0056613115    -0.0067753599     0.0000000000
80 H     0.0052391765     0.0032347487    -0.0000000000
81 H     0.0058396477    -0.0027561359    -0.0000000000
82 H     0.0053382556     0.0029764169     0.0000000000
83 H     0.0046372842    -0.0027115373    -0.0000000000
84 H    -0.0050037867     0.0031208724     0.0000000000
85 H    -0.0053958165    -0.0033363118    -0.0000000000
86 H    -0.0061404850     0.0030197323     0.0000000000
87 H    -0.0093563424    -0.0007865231    -0.0000000000
88 H    -0.0054364977     0.0032912199     0.0000000000
89 H    -0.0048066652    -0.0032698648    -0.0000000000
90 H     0.0002460214     0.0059438682     0.0000000000
91 H     0.0002257806     0.0055489665    -0.0000000000
92 H    -0.0006310254     0.0622164741    -0.0000000000
93 H    -0.0002768035     0.0060972446     0.0000000000
94 H     0.0012015302     0.0062986066     0.0000000000
95 H    -0.0008809646     0.0615743532    -0.0000000000
96 H     0.0000939762    -0.0062149420     0.0000000000
97 H     0.0001097419    -0.0065984916    -0.0000000000
98 H     0.0002300632    -0.0064579265    -0.0000000000
99 H     0.0000611191    -0.0062666595    -0.0000000000
100 H     0.0000805200    -0.0062728667    -0.0000000000
101 H    -0.0000198884    -0.0059594470    -0.0000000000
----------------------------------------------
cycle 1: E = -3051.10688557  dE = -3051.11  norm(grad) = 0.154092

Geometry optimization cycle 2
