1721292772.1880305

Geometry optimization cycle 1
Cartesian coordinates (Angstrom)
 Atom        New coordinates             dX        dY        dZ
   C  -7.338226   5.042760   0.000000    0.000000  0.000000  0.000000
   C  -7.365228   0.691139   0.000000    0.000000  0.000000  0.000000
   C  -6.173642   2.889413   0.000000    0.000000  0.000000  0.000000
   C  -4.910090   5.019617   0.000000    0.000000  0.000000  0.000000
   C  -7.358051  -3.642635   0.000000    0.000000  0.000000  0.000000
   C  -6.173475  -1.431785   0.000000    0.000000  0.000000  0.000000
   C  -4.940069   0.716689   0.000000    0.000000  0.000000  0.000000
   C  -3.694845   2.860312   0.000000    0.000000  0.000000  0.000000
   C  -2.457224   5.005715   0.000000    0.000000  0.000000  0.000000
   C  -6.138515  -5.727246   0.000000    0.000000  0.000000  0.000000
   C  -4.928214  -3.580071   0.000000    0.000000  0.000000  0.000000
   C  -3.698169  -1.425571   0.000000    0.000000  0.000000  0.000000
   C  -2.471779   0.716540   0.000000    0.000000  0.000000  0.000000
   C  -1.230705   2.851907   0.000000    0.000000 -0.000000  0.000000
   C   0.000000   5.003169   0.000000    0.000000  0.000000  0.000000
   C  -3.678966  -5.694052   0.000000    0.000000  0.000000  0.000000
   C  -2.466015  -3.560923   0.000000    0.000000  0.000000  0.000000
   C  -1.232423  -1.423207   0.000000    0.000000  0.000000  0.000000
   C   0.000000   0.715809   0.000000    0.000000  0.000000  0.000000
   C   1.230705   2.851907   0.000000    0.000000 -0.000000  0.000000
   C   2.457224   5.005715   0.000000    0.000000  0.000000  0.000000
   C  -1.226334  -5.685080   0.000000    0.000000  0.000000  0.000000
   C   0.000000  -3.557079   0.000000    0.000000  0.000000  0.000000
   C   1.232423  -1.423207   0.000000    0.000000  0.000000  0.000000
   C   2.471779   0.716540   0.000000    0.000000  0.000000  0.000000
   C   3.694845   2.860312   0.000000    0.000000  0.000000  0.000000
   C   4.910090   5.019617   0.000000    0.000000  0.000000  0.000000
   C   1.226334  -5.685080   0.000000    0.000000  0.000000  0.000000
   C   2.466015  -3.560923   0.000000    0.000000  0.000000  0.000000
   C   3.698169  -1.425571   0.000000    0.000000  0.000000  0.000000
   C   4.940069   0.716689   0.000000    0.000000  0.000000  0.000000
   C   6.173642   2.889413   0.000000    0.000000  0.000000  0.000000
   C   7.338226   5.042760   0.000000    0.000000  0.000000  0.000000
   C   3.678966  -5.694052   0.000000    0.000000  0.000000  0.000000
   C   4.928214  -3.580071   0.000000    0.000000  0.000000  0.000000
   C   6.173475  -1.431785   0.000000   -0.000000  0.000000  0.000000
   C   7.365228   0.691139   0.000000    0.000000  0.000000  0.000000
   N   6.138515  -5.727246   0.000000    0.000000  0.000000  0.000000
   C   7.358051  -3.642635   0.000000   -0.000000  0.000000  0.000000
   C  -7.358051   3.642635   0.000000    0.000000  0.000000  0.000000
   C  -6.138515   5.727246   0.000000    0.000000  0.000000  0.000000
   C  -7.365228  -0.691139   0.000000    0.000000  0.000000  0.000000
   C  -6.173475   1.431785   0.000000    0.000000  0.000000  0.000000
   C  -4.928214   3.580071   0.000000    0.000000 -0.000000  0.000000
   C  -3.678966   5.694052   0.000000    0.000000  0.000000  0.000000
   C  -7.338226  -5.042760   0.000000    0.000000  0.000000  0.000000
   C  -6.173642  -2.889413   0.000000    0.000000  0.000000  0.000000
   C  -4.940069  -0.716689   0.000000    0.000000  0.000000  0.000000
   C  -3.698169   1.425571   0.000000    0.000000  0.000000  0.000000
   C  -2.466015   3.560923   0.000000    0.000000 -0.000000  0.000000
   C  -1.226334   5.685080   0.000000    0.000000  0.000000  0.000000
   C  -4.910090  -5.019617   0.000000    0.000000  0.000000  0.000000
   C  -3.694845  -2.860312   0.000000    0.000000  0.000000  0.000000
   C  -2.471779  -0.716540   0.000000    0.000000  0.000000  0.000000
   C  -1.232423   1.423207   0.000000    0.000000  0.000000  0.000000
   C   0.000000   3.557079   0.000000    0.000000  0.000000  0.000000
   C   1.226334   5.685080   0.000000    0.000000  0.000000  0.000000
   C  -2.457224  -5.005715   0.000000    0.000000  0.000000  0.000000
   C  -1.230705  -2.851907   0.000000    0.000000  0.000000  0.000000
   C   0.000000  -0.715809   0.000000    0.000000  0.000000  0.000000
   C   1.232423   1.423207   0.000000    0.000000  0.000000  0.000000
   C   2.466015   3.560923   0.000000    0.000000 -0.000000  0.000000
   C   3.678966   5.694052   0.000000    0.000000  0.000000  0.000000
   C   0.000000  -5.003169   0.000000    0.000000  0.000000  0.000000
   C   1.230705  -2.851907   0.000000    0.000000  0.000000  0.000000
   C   2.471779  -0.716540   0.000000    0.000000  0.000000  0.000000
   C   3.698169   1.425571   0.000000    0.000000  0.000000  0.000000
   C   4.928214   3.580071   0.000000    0.000000 -0.000000  0.000000
   N   6.138515   5.727246   0.000000    0.000000  0.000000  0.000000
   C   2.457224  -5.005715   0.000000    0.000000  0.000000  0.000000
   C   3.694845  -2.860312   0.000000    0.000000  0.000000  0.000000
   C   4.940069  -0.716689   0.000000    0.000000  0.000000  0.000000
   C   6.173475   1.431785   0.000000   -0.000000  0.000000  0.000000
   C   7.358051   3.642635   0.000000   -0.000000  0.000000  0.000000
   C   4.910090  -5.019617   0.000000    0.000000  0.000000  0.000000
   C   6.173642  -2.889413   0.000000    0.000000  0.000000  0.000000
   C   7.365228  -0.691139   0.000000    0.000000  0.000000  0.000000
   C   7.338226  -5.042760   0.000000    0.000000  0.000000  0.000000
   H   8.282184   5.591425   0.000000    0.000000 -0.000000  0.000000
   H   8.325741   3.141106   0.000000    0.000000  0.000000  0.000000
   H   8.326715   1.204661   0.000000    0.000000  0.000000  0.000000
   H   8.326715  -1.204661   0.000000    0.000000  0.000000  0.000000
   H   8.325741  -3.141106   0.000000    0.000000  0.000000  0.000000
   H   8.282184  -5.591425   0.000000    0.000000  0.000000  0.000000
   H  -8.282184   5.591425   0.000000    0.000000 -0.000000  0.000000
   H  -8.325741   3.141106   0.000000    0.000000  0.000000  0.000000
   H  -8.326715   1.204661   0.000000    0.000000  0.000000  0.000000
   H  -8.326715  -1.204661   0.000000    0.000000  0.000000  0.000000
   H  -8.325741  -3.141106   0.000000    0.000000  0.000000  0.000000
   H  -8.282184  -5.591425   0.000000    0.000000  0.000000  0.000000
   H  -6.116625   6.819427   0.000000    0.000000  0.000000  0.000000
   H  -3.672757   6.787431   0.000000    0.000000  0.000000  0.000000
   H  -1.225580   6.778408   0.000000    0.000000 -0.000000  0.000000
   H   1.225580   6.778408   0.000000    0.000000 -0.000000  0.000000
   H   3.672757   6.787431   0.000000    0.000000  0.000000  0.000000
   H   6.116625   6.819427   0.000000   -0.000000  0.000000  0.000000
   H  -6.116625  -6.819427   0.000000    0.000000  0.000000  0.000000
   H  -3.672757  -6.787431   0.000000    0.000000  0.000000  0.000000
   H  -1.225580  -6.778408   0.000000    0.000000  0.000000  0.000000
   H   1.225580  -6.778408   0.000000    0.000000  0.000000  0.000000
   H   3.672757  -6.787431   0.000000    0.000000  0.000000  0.000000
   H   6.116625  -6.819427   0.000000   -0.000000  0.000000  0.000000
converged SCF energy = -3017.93016758244
--------------- RKS_Scanner gradients ---------------
         x                y                z
0 C    -0.0049572974    -0.0019742662    -0.0000000000
1 C    -0.0028373283     0.0000489867    -0.0000000000
2 C     0.0032633721    -0.0057201925    -0.0000000000
3 C    -0.0018022638     0.0017726722    -0.0000000000
4 C    -0.0038866616    -0.0033810033    -0.0000000000
5 C     0.0002725892    -0.0051362087    -0.0000000000
6 C     0.0015490270     0.0002920422    -0.0000000000
7 C     0.0019566758    -0.0017479621     0.0000000000
8 C     0.0036436848     0.0007170032    -0.0000000000
9 C     0.0033086702    -0.0026960363    -0.0000000000
10 C    -0.0019315213    -0.0001420968    -0.0000000000
11 C    -0.0021005164    -0.0011055026    -0.0000000000
12 C     0.0021765043    -0.0017092808    -0.0000000000
13 C     0.0020775791    -0.0002596885     0.0000000000
14 C     0.0116219964     0.0005411282    -0.0000000000
15 C    -0.0014077103    -0.0027925458     0.0000000000
16 C    -0.0008532625    -0.0004332614    -0.0000000000
17 C    -0.0016143638    -0.0000260731    -0.0000000000
18 C     0.0019685759    -0.0002173499    -0.0000000000
19 C     0.0020292107    -0.0002289905    -0.0000000000
20 C     0.0247917865     0.0001437564     0.0000000000
21 C    -0.0080757801    -0.0039279614     0.0000000000
22 C    -0.0007207455     0.0009532647    -0.0000000000
23 C    -0.0025249825    -0.0007077496    -0.0000000000
24 C     0.0038995357     0.0005967356    -0.0000000000
25 C     0.0069507720     0.0001173577    -0.0000000000
26 C     0.0201628071    -0.0239686580     0.0000000000
27 C    -0.0196704475    -0.0051610470    -0.0000000000
28 C    -0.0015196438     0.0002653142    -0.0000000000
29 C    -0.0042591223     0.0019156505    -0.0000000000
30 C     0.0032876708    -0.0009533602    -0.0000000000
31 C     0.0321850888     0.0142040585    -0.0000000000
32 C     0.0110086511     0.0328410281    -0.0000000000
33 C    -0.0412340322    -0.0012675701     0.0000000000
34 C    -0.0223506496    -0.0082449766    -0.0000000000
35 C     0.0056602534     0.0115938173    -0.0000000000
36 C    -0.0056167050     0.0094858019    -0.0000000000
37 N    -0.0004385540     0.0244755836    -0.0000000000
38 C    -0.0184923490     0.0452370384    -0.0000000000
39 C    -0.0038866610     0.0033810036     0.0000000000
40 C     0.0033086700     0.0026960366    -0.0000000000
41 C    -0.0028373284    -0.0000489861     0.0000000000
42 C     0.0002725893     0.0051362094     0.0000000000
43 C    -0.0019315215     0.0001420987    -0.0000000000
44 C    -0.0014077099     0.0027925464     0.0000000000
45 C    -0.0049572984     0.0019742667     0.0000000000
46 C     0.0032633730     0.0057201930     0.0000000000
47 C     0.0015490282    -0.0002920415     0.0000000000
48 C    -0.0021005160     0.0011055036    -0.0000000000
49 C    -0.0008532624     0.0004332643    -0.0000000000
50 C    -0.0080757799     0.0039279621     0.0000000000
51 C    -0.0018022649    -0.0017726719     0.0000000000
52 C     0.0019566762     0.0017479617     0.0000000000
53 C     0.0021765050     0.0017092815     0.0000000000
54 C    -0.0016143636     0.0000260747     0.0000000000
55 C    -0.0007207454    -0.0009532618    -0.0000000000
56 C    -0.0196704474     0.0051610475    -0.0000000000
57 C     0.0036436849    -0.0007170026    -0.0000000000
58 C     0.0020775796     0.0002596875     0.0000000000
59 C     0.0019685762     0.0002173502     0.0000000000
60 C    -0.0025249822     0.0007077510     0.0000000000
61 C    -0.0015196436    -0.0002653126     0.0000000000
62 C    -0.0412340320     0.0012675702     0.0000000000
63 C     0.0116219978    -0.0005411279     0.0000000000
64 C     0.0020292113     0.0002289899     0.0000000000
65 C     0.0038995358    -0.0005967355     0.0000000000
66 C    -0.0042591221    -0.0019156500     0.0000000000
67 C    -0.0223506494     0.0082449763     0.0000000000
68 N    -0.0004385539    -0.0244755827     0.0000000000
69 C     0.0247917884    -0.0001437562     0.0000000000
70 C     0.0069507729    -0.0001173581     0.0000000000
71 C     0.0032876710     0.0009533603     0.0000000000
72 C     0.0056602533    -0.0115938172     0.0000000000
73 C    -0.0184923487    -0.0452370381     0.0000000000
74 C     0.0201628085     0.0239686580    -0.0000000000
75 C     0.0321850896    -0.0142040588     0.0000000000
76 C    -0.0056167051    -0.0094858020     0.0000000000
77 C     0.0110086505    -0.0328410283    -0.0000000000
78 H     0.0105237240    -0.0021134270     0.0000000000
79 H     0.0053256731    -0.0071188414    -0.0000000000
80 H     0.0051752967     0.0033349100     0.0000000000
81 H     0.0051752966    -0.0033349100    -0.0000000000
82 H     0.0053256729     0.0071188413     0.0000000000
83 H     0.0105237239     0.0021134270     0.0000000000
84 H    -0.0049861704     0.0028015925     0.0000000000
85 H    -0.0055337774    -0.0029022196    -0.0000000000
86 H    -0.0055104606     0.0029890418     0.0000000000
87 H    -0.0055104613    -0.0029890423    -0.0000000000
88 H    -0.0055337793     0.0029022204    -0.0000000000
89 H    -0.0049861721    -0.0028015936    -0.0000000000
90 H     0.0002692794     0.0058433216     0.0000000000
91 H    -0.0000072874     0.0059178377    -0.0000000000
92 H    -0.0000978243     0.0059656848    -0.0000000000
93 H    -0.0000535484     0.0060499952     0.0000000000
94 H     0.0001592702     0.0055046806    -0.0000000000
95 H    -0.0007833812     0.0616343945    -0.0000000000
96 H     0.0002692795    -0.0058433251     0.0000000000
97 H    -0.0000072873    -0.0059178428    -0.0000000000
98 H    -0.0000978244    -0.0059656898    -0.0000000000
99 H    -0.0000535485    -0.0060499985     0.0000000000
100 H     0.0001592700    -0.0055046821     0.0000000000
101 H    -0.0007833813    -0.0616343949     0.0000000000
----------------------------------------------
cycle 1: E = -3017.93016758  dE = -3017.93  norm(grad) = 0.172358

Geometry optimization cycle 2
Cartesian coordinates (Angstrom)
 Atom        New coordinates             dX        dY        dZ
   C  -7.272756   5.012527   0.000000    0.065470 -0.030233  0.000000
   C  -7.312477   0.686781   0.000000    0.052750 -0.004358  0.000000
   C  -6.128465   2.873701   0.000000    0.045177 -0.015713  0.000000
   C  -4.863949   4.986582   0.000000    0.046142 -0.033035  0.000000
   C  -7.301276  -3.619571   0.000000    0.056775  0.023064  0.000000
   C  -6.130843  -1.422102  -0.000000    0.042632  0.009683 -0.000000
   C  -4.908467   0.711538  -0.000000    0.031602 -0.005151 -0.000000
   C  -3.669850   2.842747   0.000000    0.024995 -0.017564  0.000000
   C  -2.428949   4.972440   0.000000    0.028275 -0.033275  0.000000
   C  -6.083816  -5.691891   0.000000    0.054699  0.035355  0.000000
   C  -4.890200  -3.558533  -0.000000    0.038014  0.021538 -0.000000
   C  -3.675512  -1.416933  -0.000000    0.022657  0.008638 -0.000000
   C  -2.460786   0.712518  -0.000000    0.010993 -0.004021 -0.000000
   C  -1.225573   2.834784  -0.000000    0.005131 -0.017123 -0.000000
   C   0.011619   4.972735   0.000000    0.011619 -0.030433  0.000000
   C  -3.640297  -5.655102  -0.000000    0.038669  0.038950 -0.000000
   C  -2.448999  -3.538793  -0.000000    0.017015  0.022129 -0.000000
   C  -1.230288  -1.415580  -0.000000    0.002135  0.007627 -0.000000
   C  -0.009894   0.711558  -0.000000   -0.009894 -0.004251 -0.000000
   C   1.216114   2.837485  -0.000000   -0.014591 -0.014422 -0.000000
   C   2.451449   4.981386  -0.000000   -0.005775 -0.024329 -0.000000
   C  -1.200584  -5.645310  -0.000000    0.025750  0.039769 -0.000000
   C  -0.003321  -3.538318  -0.000000   -0.003321  0.018761 -0.000000
   C   1.213525  -1.416739  -0.000000   -0.018898  0.006469 -0.000000
   C   2.437876   0.710351  -0.000000   -0.033903 -0.006189 -0.000000
   C   3.653468   2.827724  -0.000000   -0.041377 -0.032588 -0.000000
   C   4.825379   4.935534  -0.000000   -0.084711 -0.084083 -0.000000
   C   1.242806  -5.647151  -0.000000    0.016472  0.037929 -0.000000
   C   2.444973  -3.542818  -0.000000   -0.021042  0.018105 -0.000000
   C   3.660133  -1.409260  -0.000000   -0.038036  0.016311 -0.000000
   C   4.893749   0.710427  -0.000000   -0.046319 -0.006262 -0.000000
   C   6.126629   2.848850  -0.000000   -0.047013 -0.040564 -0.000000
   C   7.251144   4.961753  -0.000000   -0.087082 -0.081007 -0.000000
   C   3.682660  -5.673414   0.000000    0.003694  0.020638  0.000000
   C   4.895124  -3.513443   0.000000   -0.033090  0.066627  0.000000
   C   6.123421  -1.416984   0.000000   -0.050054  0.014801  0.000000
   C   7.318467   0.683121   0.000000   -0.046761 -0.008018  0.000000
   N   6.047402  -5.572071   0.000000   -0.091113  0.155175  0.000000
   C   7.327264  -3.616255   0.000000   -0.030787  0.026380  0.000000
   C  -7.301276   3.619571   0.000000    0.056775 -0.023064  0.000000
   C  -6.083816   5.691891   0.000000    0.054699 -0.035355  0.000000
   C  -7.312477  -0.686781   0.000000    0.052750  0.004358  0.000000
   C  -6.130843   1.422102   0.000000    0.042632 -0.009683  0.000000
   C  -4.890200   3.558533   0.000000    0.038014 -0.021538  0.000000
   C  -3.640297   5.655102   0.000000    0.038669 -0.038950  0.000000
   C  -7.272756  -5.012527   0.000000    0.065470  0.030233  0.000000
   C  -6.128465  -2.873701   0.000000    0.045177  0.015713  0.000000
   C  -4.908467  -0.711538  -0.000000    0.031602  0.005151 -0.000000
   C  -3.675512   1.416933  -0.000000    0.022657 -0.008638 -0.000000
   C  -2.448999   3.538793   0.000000    0.017015 -0.022129  0.000000
   C  -1.200584   5.645311   0.000000    0.025750 -0.039769  0.000000
   C  -4.863949  -4.986582  -0.000000    0.046142  0.033035 -0.000000
   C  -3.669850  -2.842747  -0.000000    0.024995  0.017564 -0.000000
   C  -2.460786  -0.712518  -0.000000    0.010993  0.004021 -0.000000
   C  -1.230288   1.415580  -0.000000    0.002135 -0.007627 -0.000000
   C  -0.003321   3.538318  -0.000000   -0.003321 -0.018761 -0.000000
   C   1.242806   5.647151   0.000000    0.016472 -0.037929  0.000000
   C  -2.428949  -4.972440  -0.000000    0.028275  0.033275 -0.000000
   C  -1.225573  -2.834784  -0.000000    0.005131  0.017123 -0.000000
   C  -0.009894  -0.711558  -0.000000   -0.009894  0.004251 -0.000000
   C   1.213525   1.416739  -0.000000   -0.018898 -0.006469 -0.000000
   C   2.444973   3.542818  -0.000000   -0.021042 -0.018105 -0.000000
   C   3.682660   5.673414  -0.000000    0.003694 -0.020638 -0.000000
   C   0.011619  -4.972735  -0.000000    0.011619  0.030433 -0.000000
   C   1.216114  -2.837485  -0.000000   -0.014591  0.014422 -0.000000
   C   2.437876  -0.710351  -0.000000   -0.033903  0.006189 -0.000000
   C   3.660133   1.409260  -0.000000   -0.038036 -0.016311 -0.000000
   C   4.895124   3.513443  -0.000000   -0.033090 -0.066627 -0.000000
   N   6.047402   5.572071  -0.000000   -0.091113 -0.155175 -0.000000
   C   2.451449  -4.981386  -0.000000   -0.005775  0.024329 -0.000000
   C   3.653468  -2.827724  -0.000000   -0.041377  0.032588 -0.000000
   C   4.893749  -0.710427   0.000000   -0.046319  0.006262  0.000000
   C   6.123421   1.416984   0.000000   -0.050054 -0.014801  0.000000
   C   7.327264   3.616255  -0.000000   -0.030787 -0.026380 -0.000000
   C   4.825379  -4.935534   0.000000   -0.084711  0.084083  0.000000
   C   6.126629  -2.848850   0.000000   -0.047013  0.040564  0.000000
   C   7.318467  -0.683121   0.000000   -0.046761  0.008018  0.000000
   C   7.251144  -4.961753   0.000000   -0.087082  0.081007  0.000000
   H   8.130896   5.587405  -0.000000   -0.151288 -0.004020 -0.000000
   H   8.306501   3.166053  -0.000000   -0.019240  0.024947 -0.000000
   H   8.272014   1.191708   0.000000   -0.054701 -0.012953  0.000000
   H   8.272014  -1.191708   0.000000   -0.054701  0.012953  0.000000
   H   8.306501  -3.166053   0.000000   -0.019240 -0.024947  0.000000
   H   8.130896  -5.587405   0.000000   -0.151288  0.004020  0.000000
   H  -8.207314   5.559950   0.000000    0.074871 -0.031475  0.000000
   H  -8.262199   3.125636   0.000000    0.063542 -0.015470  0.000000
   H  -8.265841   1.195285   0.000000    0.060874 -0.009376  0.000000
   H  -8.265841  -1.195285   0.000000    0.060874  0.009376  0.000000
   H  -8.262199  -3.125636   0.000000    0.063542  0.015470  0.000000
   H  -8.207314  -5.559950   0.000000    0.074871  0.031475  0.000000
   H  -6.062651   6.775125   0.000000    0.053974 -0.044302  0.000000
   H  -3.633171   6.739378   0.000000    0.039586 -0.048053  0.000000
   H  -1.197899   6.729467   0.000000    0.027681 -0.048941  0.000000
   H   1.245390   6.731177   0.000000    0.019810 -0.047230  0.000000
   H   3.714872   6.757872  -0.000000    0.042115 -0.029560 -0.000000
   H   6.021089   6.569682  -0.000000   -0.095536 -0.249745 -0.000000
   H  -6.062651  -6.775125   0.000000    0.053974  0.044302  0.000000
   H  -3.633171  -6.739378  -0.000000    0.039586  0.048053 -0.000000
   H  -1.197899  -6.729467  -0.000000    0.027681  0.048941 -0.000000
   H   1.245390  -6.731177  -0.000000    0.019810  0.047230 -0.000000
   H   3.714872  -6.757872   0.000000    0.042115  0.029560  0.000000
   H   6.021089  -6.569682   0.000000   -0.095536  0.249745  0.000000
converged SCF energy = -3017.96351048557
