1721293085.427003

Geometry optimization cycle 1
Cartesian coordinates (Angstrom)
 Atom        New coordinates             dX        dY        dZ
   C  -7.338226   5.042760   0.000000    0.000000  0.000000  0.000000
   C  -7.365228   0.691139   0.000000    0.000000  0.000000  0.000000
   C  -6.173642   2.889413   0.000000    0.000000  0.000000  0.000000
   C  -4.910090   5.019617   0.000000    0.000000  0.000000  0.000000
   C  -7.358051  -3.642635   0.000000    0.000000  0.000000  0.000000
   C  -6.173475  -1.431785   0.000000    0.000000  0.000000  0.000000
   C  -4.940069   0.716689   0.000000    0.000000  0.000000  0.000000
   C  -3.694845   2.860312   0.000000    0.000000  0.000000  0.000000
   C  -2.457224   5.005715   0.000000    0.000000  0.000000  0.000000
   C  -6.138515  -5.727246   0.000000    0.000000  0.000000  0.000000
   C  -4.928214  -3.580071   0.000000    0.000000  0.000000  0.000000
   C  -3.698169  -1.425571   0.000000    0.000000  0.000000  0.000000
   C  -2.471779   0.716540   0.000000    0.000000  0.000000  0.000000
   C  -1.230705   2.851907   0.000000    0.000000 -0.000000  0.000000
   C   0.000000   5.003169   0.000000    0.000000  0.000000  0.000000
   C  -3.678966  -5.694052   0.000000    0.000000  0.000000  0.000000
   C  -2.466015  -3.560923   0.000000    0.000000  0.000000  0.000000
   C  -1.232423  -1.423207   0.000000    0.000000  0.000000  0.000000
   C   0.000000   0.715809   0.000000    0.000000  0.000000  0.000000
   C   1.230705   2.851907   0.000000    0.000000 -0.000000  0.000000
   C   2.457224   5.005715   0.000000    0.000000  0.000000  0.000000
   C  -1.226334  -5.685080   0.000000    0.000000  0.000000  0.000000
   C   0.000000  -3.557079   0.000000    0.000000  0.000000  0.000000
   C   1.232423  -1.423207   0.000000    0.000000  0.000000  0.000000
   C   2.471779   0.716540   0.000000    0.000000  0.000000  0.000000
   C   3.694845   2.860312   0.000000    0.000000  0.000000  0.000000
   C   4.910090   5.019617   0.000000    0.000000  0.000000  0.000000
   C   1.226334  -5.685080   0.000000    0.000000  0.000000  0.000000
   C   2.466015  -3.560923   0.000000    0.000000  0.000000  0.000000
   C   3.698169  -1.425571   0.000000    0.000000  0.000000  0.000000
   C   4.940069   0.716689   0.000000    0.000000  0.000000  0.000000
   N   6.173642   2.889413   0.000000    0.000000  0.000000  0.000000
   C   7.338226   5.042760   0.000000    0.000000  0.000000  0.000000
   C   3.678966  -5.694052   0.000000    0.000000  0.000000  0.000000
   C   4.928214  -3.580071   0.000000    0.000000  0.000000  0.000000
   C   6.173475  -1.431785   0.000000   -0.000000  0.000000  0.000000
   C   7.365228   0.691139   0.000000    0.000000  0.000000  0.000000
   N   6.138515  -5.727246   0.000000    0.000000  0.000000  0.000000
   C   7.358051  -3.642635   0.000000   -0.000000  0.000000  0.000000
   C  -7.358051   3.642635   0.000000    0.000000  0.000000  0.000000
   C  -6.138515   5.727246   0.000000    0.000000  0.000000  0.000000
   C  -7.365228  -0.691139   0.000000    0.000000  0.000000  0.000000
   C  -6.173475   1.431785   0.000000    0.000000  0.000000  0.000000
   C  -4.928214   3.580071   0.000000    0.000000 -0.000000  0.000000
   C  -3.678966   5.694052   0.000000    0.000000  0.000000  0.000000
   N  -7.338226  -5.042760   0.000000    0.000000  0.000000  0.000000
   C  -6.173642  -2.889413   0.000000    0.000000  0.000000  0.000000
   C  -4.940069  -0.716689   0.000000    0.000000  0.000000  0.000000
   C  -3.698169   1.425571   0.000000    0.000000  0.000000  0.000000
   C  -2.466015   3.560923   0.000000    0.000000 -0.000000  0.000000
   C  -1.226334   5.685080   0.000000    0.000000  0.000000  0.000000
   C  -4.910090  -5.019617   0.000000    0.000000  0.000000  0.000000
   N  -3.694845  -2.860312   0.000000    0.000000  0.000000  0.000000
   C  -2.471779  -0.716540   0.000000    0.000000  0.000000  0.000000
   C  -1.232423   1.423207   0.000000    0.000000  0.000000  0.000000
   C   0.000000   3.557079   0.000000    0.000000  0.000000  0.000000
   C   1.226334   5.685080   0.000000    0.000000  0.000000  0.000000
   C  -2.457224  -5.005715   0.000000    0.000000  0.000000  0.000000
   C  -1.230705  -2.851907   0.000000    0.000000  0.000000  0.000000
   C   0.000000  -0.715809   0.000000    0.000000  0.000000  0.000000
   C   1.232423   1.423207   0.000000    0.000000  0.000000  0.000000
   C   2.466015   3.560923   0.000000    0.000000 -0.000000  0.000000
   C   3.678966   5.694052   0.000000    0.000000  0.000000  0.000000
   C   0.000000  -5.003169   0.000000    0.000000  0.000000  0.000000
   C   1.230705  -2.851907   0.000000    0.000000  0.000000  0.000000
   C   2.471779  -0.716540   0.000000    0.000000  0.000000  0.000000
   C   3.698169   1.425571   0.000000    0.000000  0.000000  0.000000
   C   4.928214   3.580071   0.000000    0.000000 -0.000000  0.000000
   C   6.138515   5.727246   0.000000    0.000000  0.000000  0.000000
   C   2.457224  -5.005715   0.000000    0.000000  0.000000  0.000000
   C   3.694845  -2.860312   0.000000    0.000000  0.000000  0.000000
   C   4.940069  -0.716689   0.000000    0.000000  0.000000  0.000000
   C   6.173475   1.431785   0.000000   -0.000000  0.000000  0.000000
   C   7.358051   3.642635   0.000000   -0.000000  0.000000  0.000000
   C   4.910090  -5.019617   0.000000    0.000000  0.000000  0.000000
   C   6.173642  -2.889413   0.000000    0.000000  0.000000  0.000000
   C   7.365228  -0.691139   0.000000    0.000000  0.000000  0.000000
   C   7.338226  -5.042760   0.000000    0.000000  0.000000  0.000000
   H   8.282184   5.591425   0.000000    0.000000 -0.000000  0.000000
   H   8.325741   3.141106   0.000000    0.000000  0.000000  0.000000
   H   8.326715   1.204661   0.000000    0.000000  0.000000  0.000000
   H   8.326715  -1.204661   0.000000    0.000000  0.000000  0.000000
   H   8.325741  -3.141106   0.000000    0.000000  0.000000  0.000000
   H   8.282184  -5.591425   0.000000    0.000000  0.000000  0.000000
   H  -8.282184   5.591425   0.000000    0.000000 -0.000000  0.000000
   H  -8.325741   3.141106   0.000000    0.000000  0.000000  0.000000
   H  -8.326715   1.204661   0.000000    0.000000  0.000000  0.000000
   H  -8.326715  -1.204661   0.000000    0.000000  0.000000  0.000000
   H  -8.325741  -3.141106   0.000000    0.000000  0.000000  0.000000
   H  -8.282184  -5.591425   0.000000    0.000000  0.000000  0.000000
   H  -6.116625   6.819427   0.000000    0.000000  0.000000  0.000000
   H  -3.672757   6.787431   0.000000    0.000000  0.000000  0.000000
   H  -1.225580   6.778408   0.000000    0.000000 -0.000000  0.000000
   H   1.225580   6.778408   0.000000    0.000000 -0.000000  0.000000
   H   3.672757   6.787431   0.000000    0.000000  0.000000  0.000000
   H   6.116625   6.819427   0.000000   -0.000000  0.000000  0.000000
   H  -6.116625  -6.819427   0.000000    0.000000  0.000000  0.000000
   H  -3.672757  -6.787431   0.000000    0.000000  0.000000  0.000000
   H  -1.225580  -6.778408   0.000000    0.000000  0.000000  0.000000
   H   1.225580  -6.778408   0.000000    0.000000  0.000000  0.000000
   H   3.672757  -6.787431   0.000000    0.000000  0.000000  0.000000
   H   6.116625  -6.819427   0.000000   -0.000000  0.000000  0.000000
converged SCF energy = -3051.09032879965
--------------- RKS_Scanner gradients ---------------
         x                y                z
0 C    -0.0065540882    -0.0016073482    -0.0000000000
1 C    -0.0048558095    -0.0015527122     0.0000000000
2 C     0.0045159186    -0.0068798318     0.0000000000
3 C    -0.0052997983    -0.0010697584    -0.0000000000
4 C     0.0112676129     0.0358708557    -0.0000000000
5 C     0.0067809194    -0.0041746160    -0.0000000000
6 C    -0.0068413768    -0.0012150616    -0.0000000000
7 C     0.0018882418    -0.0026334362     0.0000000000
8 C     0.0019111365    -0.0029714273     0.0000000000
9 C     0.0269025510    -0.0154469716    -0.0000000000
10 C    -0.0032088726    -0.0203228440    -0.0000000000
11 C    -0.0019380079     0.0088189007    -0.0000000000
12 C     0.0053563048    -0.0004151521    -0.0000000000
13 C     0.0002378062    -0.0003673452    -0.0000000000
14 C     0.0080611128    -0.0035615319     0.0000000000
15 C     0.0262967153     0.0018962534     0.0000000000
16 C    -0.0107749701     0.0018734676    -0.0000000000
17 C    -0.0118646365    -0.0059419177    -0.0000000000
18 C     0.0016546678    -0.0005055854    -0.0000000000
19 C     0.0016942108     0.0009619252    -0.0000000000
20 C     0.0167910890    -0.0056277405     0.0000000000
21 C     0.0093387145    -0.0105038353    -0.0000000000
22 C    -0.0014917531     0.0122010126    -0.0000000000
23 C    -0.0120726307     0.0012610481    -0.0000000000
24 C    -0.0014431072    -0.0007761359    -0.0000000000
25 C    -0.0060138704     0.0068305272    -0.0000000000
26 C     0.0161843357    -0.0076138047     0.0000000000
27 C    -0.0120168148    -0.0061160902     0.0000000000
28 C     0.0039814545     0.0035322143    -0.0000000000
29 C    -0.0072773830     0.0050334024    -0.0000000000
30 C    -0.0008171780    -0.0127135347    -0.0000000000
31 N     0.0081164578    -0.0086345672     0.0000000000
32 C     0.0158256290     0.0045501258    -0.0000000000
33 C    -0.0391187572    -0.0011254702     0.0000000000
34 C    -0.0188979410    -0.0076705098    -0.0000000000
35 C     0.0054722463     0.0152197680    -0.0000000000
36 C    -0.0071736037    -0.0023855669    -0.0000000000
37 N     0.0015952890     0.0254800686    -0.0000000000
38 C    -0.0183467363     0.0461142183    -0.0000000000
39 C    -0.0013981953     0.0048664809    -0.0000000000
40 C     0.0057375521     0.0031475096     0.0000000000
41 C    -0.0024046008     0.0043482050    -0.0000000000
42 C     0.0040337470     0.0042215025    -0.0000000000
43 C    -0.0013557002     0.0015742303    -0.0000000000
44 C     0.0008334253     0.0043372761     0.0000000000
45 N     0.0038050676    -0.0088143524     0.0000000000
46 C    -0.0252410318     0.0049796686     0.0000000000
47 C    -0.0002890149     0.0117175999     0.0000000000
48 C     0.0005585289     0.0025511192     0.0000000000
49 C     0.0009324363     0.0005352687    -0.0000000000
50 C    -0.0056491038     0.0061027553    -0.0000000000
51 C    -0.0252059269     0.0055900302     0.0000000000
52 N     0.0168013597     0.0006666301     0.0000000000
53 C     0.0042866718     0.0086005760     0.0000000000
54 C    -0.0023667659     0.0013036286     0.0000000000
55 C    -0.0002765231    -0.0004770242     0.0000000000
56 C    -0.0118894646     0.0071644165    -0.0000000000
57 C    -0.0129014322    -0.0087989584     0.0000000000
58 C     0.0183871361     0.0021029714     0.0000000000
59 C     0.0126966458     0.0015276915     0.0000000000
60 C    -0.0005584442    -0.0002043964     0.0000000000
61 C    -0.0032445781    -0.0052794832     0.0000000000
62 C    -0.0172191252     0.0088637633    -0.0000000000
63 C    -0.0008214117    -0.0093441918    -0.0000000000
64 C    -0.0014657133    -0.0012022004     0.0000000000
65 C     0.0109257424     0.0019832440     0.0000000000
66 C     0.0033513456     0.0021075107     0.0000000000
67 C    -0.0200534829     0.0155531636     0.0000000000
68 C    -0.0149652148     0.0019913481     0.0000000000
69 C     0.0205062050    -0.0056175801    -0.0000000000
70 C     0.0014321954    -0.0043742139     0.0000000000
71 C     0.0007532922     0.0025287158     0.0000000000
72 C     0.0088656077    -0.0112341644     0.0000000000
73 C     0.0083729622     0.0085780065    -0.0000000000
74 C     0.0184391864     0.0226716771     0.0000000000
75 C     0.0298727035    -0.0179191257     0.0000000000
76 C    -0.0035331341    -0.0099527144     0.0000000000
77 C     0.0091529717    -0.0342331005    -0.0000000000
78 H     0.0044234856     0.0063330711     0.0000000000
79 H     0.0132583895     0.0029404705     0.0000000000
80 H     0.0055587319     0.0037411715     0.0000000000
81 H     0.0052496288    -0.0043916762    -0.0000000000
82 H     0.0051999433     0.0072001436     0.0000000000
83 H     0.0105497562     0.0020671463     0.0000000000
84 H    -0.0047455646     0.0027458452    -0.0000000000
85 H    -0.0052417652    -0.0030210889     0.0000000000
86 H    -0.0058875714     0.0027815175    -0.0000000000
87 H    -0.0048210998    -0.0033138173     0.0000000000
88 H    -0.0056007622     0.0109185603     0.0000000000
89 H    -0.0514303527    -0.0302390306     0.0000000000
90 H     0.0001314307     0.0059181676    -0.0000000000
91 H    -0.0000433270     0.0061654476    -0.0000000000
92 H    -0.0000889209     0.0062203969    -0.0000000000
93 H    -0.0001688072     0.0063494547     0.0000000000
94 H    -0.0012318104     0.0071099970    -0.0000000000
95 H    -0.0001857866     0.0067963660    -0.0000000000
96 H     0.0077249460    -0.0094515490    -0.0000000000
97 H    -0.0000021524    -0.0069582308     0.0000000000
98 H     0.0011636793    -0.0066696786     0.0000000000
99 H     0.0000294017    -0.0059564475    -0.0000000000
100 H     0.0001291643    -0.0054348467    -0.0000000000
101 H    -0.0007680408    -0.0617790523     0.0000000000
----------------------------------------------
cycle 1: E = -3051.0903288  dE = -3051.09  norm(grad) = 0.171458

Geometry optimization cycle 2
Cartesian coordinates (Angstrom)
 Atom        New coordinates             dX        dY        dZ
   C  -7.301692   4.962045   0.000000    0.036534 -0.080715  0.000000
   C  -7.313062   0.662436   0.000000    0.052165 -0.028703  0.000000
   C  -6.148610   2.847009   0.000000    0.025032 -0.042405  0.000000
   C  -4.885869   4.969366   0.000000    0.024222 -0.050251  0.000000
   C  -7.294113  -3.527470   0.000000    0.063938  0.115165  0.000000
   C  -6.121828  -1.423483   0.000000    0.051646  0.008302  0.000000
   C  -4.904283   0.693136   0.000000    0.035786 -0.023552  0.000000
   C  -3.687021   2.830638   0.000000    0.007824 -0.029674  0.000000
   C  -2.447829   4.967540   0.000000    0.009395 -0.038175  0.000000
   C  -6.073562  -5.597807   0.000000    0.064953  0.129439  0.000000
   C  -4.854285  -3.542056   0.000000    0.073929  0.038014  0.000000
   C  -3.667275  -1.435318  -0.000000    0.030894 -0.009747 -0.000000
   C  -2.472465   0.695892  -0.000000   -0.000686 -0.020647 -0.000000
   C  -1.240731   2.829055  -0.000000   -0.010026 -0.022852 -0.000000
   C   0.001802   4.972264   0.000000    0.001802 -0.030904  0.000000
   C  -3.636019  -5.679111  -0.000000    0.042948  0.014941 -0.000000
   C  -2.437338  -3.534348  -0.000000    0.028676  0.026574 -0.000000
   C  -1.218982  -1.416886  -0.000000    0.013441  0.006321 -0.000000
   C  -0.023270   0.707080  -0.000000   -0.023270 -0.008729 -0.000000
   C   1.202289   2.835867  -0.000000   -0.028416 -0.016040 -0.000000
   C   2.451738   4.974547  -0.000000   -0.005486 -0.031168 -0.000000
   C  -1.209141  -5.606471  -0.000000    0.017194  0.078609 -0.000000
   C   0.002902  -3.537192  -0.000000    0.002902  0.019887 -0.000000
   C   1.219663  -1.418593  -0.000000   -0.012760  0.004614 -0.000000
   C   2.418575   0.706896  -0.000000   -0.053204 -0.009643 -0.000000
   C   3.642321   2.826246  -0.000000   -0.052524 -0.034065 -0.000000
   C   4.902708   4.954219   0.000000   -0.007382 -0.065398  0.000000
   C   1.250003  -5.634386  -0.000000    0.023668  0.050693 -0.000000
   C   2.454649  -3.534231  -0.000000   -0.011366  0.026692 -0.000000
   C   3.663977  -1.405619  -0.000000   -0.034192  0.019952 -0.000000
   C   4.858935   0.712222   0.000000   -0.081133 -0.004467  0.000000
   N   6.050154   2.816060   0.000000   -0.123488 -0.073353  0.000000
   C   7.285850   4.838682   0.000000   -0.052376 -0.204078  0.000000
   C   3.698015  -5.653609   0.000000    0.019049  0.040443  0.000000
   C   4.912939  -3.491696   0.000000   -0.015275  0.088374  0.000000
   C   6.132666  -1.390957   0.000000   -0.040809  0.040828  0.000000
   C   7.293113   0.742164   0.000000   -0.072115  0.051025  0.000000
   N   6.065166  -5.546994   0.000000   -0.073349  0.180252  0.000000
   C   7.348080  -3.587935   0.000000   -0.009971  0.054700  0.000000
   C  -7.336816   3.569395   0.000000    0.021235 -0.073240  0.000000
   C  -6.119835   5.653431   0.000000    0.018680 -0.073815  0.000000
   C  -7.315652  -0.711314   0.000000    0.049575 -0.020175  0.000000
   C  -6.134672   1.397173   0.000000    0.038803 -0.034612  0.000000
   C  -4.913080   3.540356   0.000000    0.015134 -0.039715  0.000000
   C  -3.665752   5.641753   0.000000    0.013214 -0.052299  0.000000
   N  -7.174704  -4.851969   0.000000    0.163521  0.190791  0.000000
   C  -6.072546  -2.853637   0.000000    0.101096  0.035777  0.000000
   C  -4.896902  -0.730926   0.000000    0.043166 -0.014237  0.000000
   C  -3.683645   1.403410   0.000000    0.014524 -0.022161  0.000000
   C  -2.468574   3.532004   0.000000   -0.002559 -0.028918  0.000000
   C  -1.218056   5.635576   0.000000    0.008278 -0.049504  0.000000
   C  -4.812299  -4.972991   0.000000    0.097791  0.046626  0.000000
   N  -3.656098  -2.842424  -0.000000    0.038747  0.017888 -0.000000
   C  -2.457237  -0.731105  -0.000000    0.014542 -0.014566 -0.000000
   C  -1.245068   1.407047  -0.000000   -0.012645 -0.016160 -0.000000
   C  -0.018779   3.536090  -0.000000   -0.018779 -0.020989 -0.000000
   C   1.234509   5.639506  -0.000000    0.008175 -0.045574 -0.000000
   C  -2.431428  -4.957023  -0.000000    0.025796  0.048692 -0.000000
   C  -1.226481  -2.834432  -0.000000    0.004224  0.017475 -0.000000
   C  -0.010837  -0.714987  -0.000000   -0.010837  0.000822 -0.000000
   C   1.195153   1.415833  -0.000000   -0.037270 -0.007374 -0.000000
   C   2.432897   3.541294  -0.000000   -0.033118 -0.019629 -0.000000
   C   3.695862   5.626649  -0.000000    0.016896 -0.067404 -0.000000
   C   0.025869  -4.957698  -0.000000    0.025869  0.045471 -0.000000
   C   1.224970  -2.835216  -0.000000   -0.005735  0.016691 -0.000000
   C   2.434621  -0.713399  -0.000000   -0.037159  0.003141 -0.000000
   C   3.629035   1.408878  -0.000000   -0.069134 -0.016693 -0.000000
   C   4.869472   3.525054   0.000000   -0.058742 -0.055016  0.000000
   C   6.159802   5.609755   0.000000    0.021287 -0.117490  0.000000
   C   2.464189  -4.966943  -0.000000    0.006965  0.038772 -0.000000
   C   3.667738  -2.816975  -0.000000   -0.027107  0.043336 -0.000000
   C   4.892945  -0.705574   0.000000   -0.047124  0.011114  0.000000
   C   6.070343   1.414834   0.000000   -0.103132 -0.016951  0.000000
   C   7.245662   3.459151   0.000000   -0.112389 -0.183485  0.000000
   C   4.842273  -4.912846   0.000000   -0.067817  0.106771  0.000000
   C   6.146609  -2.821231   0.000000   -0.027033  0.068183  0.000000
   C   7.309478  -0.625544   0.000000   -0.055750  0.065595  0.000000
   C   7.269932  -4.933106   0.000000   -0.068294  0.109654  0.000000
   H   8.262634   5.302038   0.000000   -0.019550 -0.289387  0.000000
   H   8.136784   2.859493   0.000000   -0.188956 -0.281613  0.000000
   H   8.230955   1.277540   0.000000   -0.095760  0.072878  0.000000
   H   8.274548  -1.110003   0.000000   -0.052167  0.094658  0.000000
   H   8.327970  -3.138884   0.000000    0.002229  0.002222  0.000000
   H   8.149895  -5.558340   0.000000   -0.132289  0.033085  0.000000
   H  -8.238307   5.506660   0.000000    0.043877 -0.084765  0.000000
   H  -8.294944   3.069387   0.000000    0.030796 -0.071719  0.000000
   H  -8.264672   1.173462   0.000000    0.062043 -0.031200  0.000000
   H  -8.267321  -1.224442   0.000000    0.059394 -0.019781  0.000000
   H  -8.272955  -3.083694   0.000000    0.052786  0.057412  0.000000
   H  -8.041026  -5.352633   0.000000    0.241158  0.238792  0.000000
   H  -6.112993   6.736740   0.000000    0.003632 -0.082687  0.000000
   H  -3.664474   6.725672   0.000000    0.008283 -0.061759  0.000000
   H  -1.218146   6.719345   0.000000    0.007434 -0.059063  0.000000
   H   1.238710   6.723068   0.000000    0.013130 -0.055340  0.000000
   H   3.718316   6.708873   0.000000    0.045559 -0.078558  0.000000
   H   6.205471   6.690776   0.000000    0.088845 -0.128651  0.000000
   H  -6.179361  -6.670286   0.000000   -0.062735  0.149141  0.000000
   H  -3.636363  -6.761811   0.000000    0.036394  0.025620  0.000000
   H  -1.220754  -6.689484  -0.000000    0.004825  0.088923 -0.000000
   H   1.249450  -6.718559  -0.000000    0.023871  0.059849 -0.000000
   H   3.733365  -6.738075   0.000000    0.060609  0.049356  0.000000
   H   6.040660  -6.544428   0.000000   -0.075965  0.274998  0.000000
converged SCF energy = -3051.1310284849
