1721293085.3893824

Geometry optimization cycle 1
Cartesian coordinates (Angstrom)
 Atom        New coordinates             dX        dY        dZ
   C  -7.338226   5.042760   0.000000    0.000000  0.000000  0.000000
   C  -7.365228   0.691139   0.000000    0.000000  0.000000  0.000000
   C  -6.173642   2.889413   0.000000    0.000000  0.000000  0.000000
   C  -4.910090   5.019617   0.000000    0.000000  0.000000  0.000000
   C  -7.358051  -3.642635   0.000000    0.000000  0.000000  0.000000
   C  -6.173475  -1.431785   0.000000    0.000000  0.000000  0.000000
   C  -4.940069   0.716689   0.000000    0.000000  0.000000  0.000000
   N  -3.694845   2.860312   0.000000    0.000000  0.000000  0.000000
   C  -2.457224   5.005715   0.000000    0.000000  0.000000  0.000000
   C  -6.138515  -5.727246   0.000000    0.000000  0.000000  0.000000
   C  -4.928214  -3.580071   0.000000    0.000000  0.000000  0.000000
   C  -3.698169  -1.425571   0.000000    0.000000  0.000000  0.000000
   C  -2.471779   0.716540   0.000000    0.000000  0.000000  0.000000
   C  -1.230705   2.851907   0.000000    0.000000 -0.000000  0.000000
   C   0.000000   5.003169   0.000000    0.000000  0.000000  0.000000
   C  -3.678966  -5.694052   0.000000    0.000000  0.000000  0.000000
   C  -2.466015  -3.560923   0.000000    0.000000  0.000000  0.000000
   C  -1.232423  -1.423207   0.000000    0.000000  0.000000  0.000000
   C   0.000000   0.715809   0.000000    0.000000  0.000000  0.000000
   C   1.230705   2.851907   0.000000    0.000000 -0.000000  0.000000
   C   2.457224   5.005715   0.000000    0.000000  0.000000  0.000000
   C  -1.226334  -5.685080   0.000000    0.000000  0.000000  0.000000
   C   0.000000  -3.557079   0.000000    0.000000  0.000000  0.000000
   C   1.232423  -1.423207   0.000000    0.000000  0.000000  0.000000
   C   2.471779   0.716540   0.000000    0.000000  0.000000  0.000000
   C   3.694845   2.860312   0.000000    0.000000  0.000000  0.000000
   C   4.910090   5.019617   0.000000    0.000000  0.000000  0.000000
   C   1.226334  -5.685080   0.000000    0.000000  0.000000  0.000000
   C   2.466015  -3.560923   0.000000    0.000000  0.000000  0.000000
   C   3.698169  -1.425571   0.000000    0.000000  0.000000  0.000000
   C   4.940069   0.716689   0.000000    0.000000  0.000000  0.000000
   C   6.173642   2.889413   0.000000    0.000000  0.000000  0.000000
   C   7.338226   5.042760   0.000000    0.000000  0.000000  0.000000
   C   3.678966  -5.694052   0.000000    0.000000  0.000000  0.000000
   C   4.928214  -3.580071   0.000000    0.000000  0.000000  0.000000
   C   6.173475  -1.431785   0.000000   -0.000000  0.000000  0.000000
   N   7.365228   0.691139   0.000000    0.000000  0.000000  0.000000
   C   6.138515  -5.727246   0.000000    0.000000  0.000000  0.000000
   C   7.358051  -3.642635   0.000000   -0.000000  0.000000  0.000000
   C  -7.358051   3.642635   0.000000    0.000000  0.000000  0.000000
   C  -6.138515   5.727246   0.000000    0.000000  0.000000  0.000000
   C  -7.365228  -0.691139   0.000000    0.000000  0.000000  0.000000
   C  -6.173475   1.431785   0.000000    0.000000  0.000000  0.000000
   C  -4.928214   3.580071   0.000000    0.000000 -0.000000  0.000000
   C  -3.678966   5.694052   0.000000    0.000000  0.000000  0.000000
   C  -7.338226  -5.042760   0.000000    0.000000  0.000000  0.000000
   C  -6.173642  -2.889413   0.000000    0.000000  0.000000  0.000000
   C  -4.940069  -0.716689   0.000000    0.000000  0.000000  0.000000
   C  -3.698169   1.425571   0.000000    0.000000  0.000000  0.000000
   C  -2.466015   3.560923   0.000000    0.000000 -0.000000  0.000000
   C  -1.226334   5.685080   0.000000    0.000000  0.000000  0.000000
   N  -4.910090  -5.019617   0.000000    0.000000  0.000000  0.000000
   C  -3.694845  -2.860312   0.000000    0.000000  0.000000  0.000000
   C  -2.471779  -0.716540   0.000000    0.000000  0.000000  0.000000
   C  -1.232423   1.423207   0.000000    0.000000  0.000000  0.000000
   C   0.000000   3.557079   0.000000    0.000000  0.000000  0.000000
   C   1.226334   5.685080   0.000000    0.000000  0.000000  0.000000
   C  -2.457224  -5.005715   0.000000    0.000000  0.000000  0.000000
   C  -1.230705  -2.851907   0.000000    0.000000  0.000000  0.000000
   C   0.000000  -0.715809   0.000000    0.000000  0.000000  0.000000
   C   1.232423   1.423207   0.000000    0.000000  0.000000  0.000000
   C   2.466015   3.560923   0.000000    0.000000 -0.000000  0.000000
   C   3.678966   5.694052   0.000000    0.000000  0.000000  0.000000
   C   0.000000  -5.003169   0.000000    0.000000  0.000000  0.000000
   C   1.230705  -2.851907   0.000000    0.000000  0.000000  0.000000
   C   2.471779  -0.716540   0.000000    0.000000  0.000000  0.000000
   C   3.698169   1.425571   0.000000    0.000000  0.000000  0.000000
   C   4.928214   3.580071   0.000000    0.000000 -0.000000  0.000000
   C   6.138515   5.727246   0.000000    0.000000  0.000000  0.000000
   C   2.457224  -5.005715   0.000000    0.000000  0.000000  0.000000
   C   3.694845  -2.860312   0.000000    0.000000  0.000000  0.000000
   C   4.940069  -0.716689   0.000000    0.000000  0.000000  0.000000
   C   6.173475   1.431785   0.000000   -0.000000  0.000000  0.000000
   C   7.358051   3.642635   0.000000   -0.000000  0.000000  0.000000
   C   4.910090  -5.019617   0.000000    0.000000  0.000000  0.000000
   C   6.173642  -2.889413   0.000000    0.000000  0.000000  0.000000
   C   7.365228  -0.691139   0.000000    0.000000  0.000000  0.000000
   N   7.338226  -5.042760   0.000000    0.000000  0.000000  0.000000
   H   8.282184   5.591425   0.000000    0.000000 -0.000000  0.000000
   H   8.325741   3.141106   0.000000    0.000000  0.000000  0.000000
   H   8.326715   1.204661   0.000000    0.000000  0.000000  0.000000
   H   8.326715  -1.204661   0.000000    0.000000  0.000000  0.000000
   H   8.325741  -3.141106   0.000000    0.000000  0.000000  0.000000
   H   8.282184  -5.591425   0.000000    0.000000  0.000000  0.000000
   H  -8.282184   5.591425   0.000000    0.000000 -0.000000  0.000000
   H  -8.325741   3.141106   0.000000    0.000000  0.000000  0.000000
   H  -8.326715   1.204661   0.000000    0.000000  0.000000  0.000000
   H  -8.326715  -1.204661   0.000000    0.000000  0.000000  0.000000
   H  -8.325741  -3.141106   0.000000    0.000000  0.000000  0.000000
   H  -8.282184  -5.591425   0.000000    0.000000  0.000000  0.000000
   H  -6.116625   6.819427   0.000000    0.000000  0.000000  0.000000
   H  -3.672757   6.787431   0.000000    0.000000  0.000000  0.000000
   H  -1.225580   6.778408   0.000000    0.000000 -0.000000  0.000000
   H   1.225580   6.778408   0.000000    0.000000 -0.000000  0.000000
   H   3.672757   6.787431   0.000000    0.000000  0.000000  0.000000
   H   6.116625   6.819427   0.000000   -0.000000  0.000000  0.000000
   H  -6.116625  -6.819427   0.000000    0.000000  0.000000  0.000000
   H  -3.672757  -6.787431   0.000000    0.000000  0.000000  0.000000
   H  -1.225580  -6.778408   0.000000    0.000000  0.000000  0.000000
   H   1.225580  -6.778408   0.000000    0.000000  0.000000  0.000000
   H   3.672757  -6.787431   0.000000    0.000000  0.000000  0.000000
   H   6.116625  -6.819427   0.000000   -0.000000  0.000000  0.000000
converged SCF energy = -3051.07266149231
--------------- RKS_Scanner gradients ---------------
         x                y                z
0 C    -0.0085351255    -0.0012990860    -0.0000000000
1 C     0.0009798815     0.0051341827    -0.0000000000
2 C    -0.0057088354    -0.0013563321     0.0000000000
3 C    -0.0191965490    -0.0009883035    -0.0000000000
4 C     0.0089436747     0.0060044238    -0.0000000000
5 C    -0.0086142664    -0.0012376849    -0.0000000000
6 C     0.0076333235    -0.0114758322    -0.0000000000
7 N    -0.0030559014     0.0023115073     0.0000000000
8 C    -0.0059589382    -0.0034080455     0.0000000000
9 C    -0.0114807419    -0.0153648279    -0.0000000000
10 C     0.0091593416     0.0126693996    -0.0000000000
11 C     0.0057748027     0.0084936851    -0.0000000000
12 C    -0.0019052862    -0.0095361936    -0.0000000000
13 C     0.0059651226     0.0048202248    -0.0000000000
14 C    -0.0055994451    -0.0047838644    -0.0000000000
15 C     0.0300158914    -0.0156859051     0.0000000000
16 C    -0.0053447254    -0.0006576510    -0.0000000000
17 C     0.0062219255    -0.0005034230    -0.0000000000
18 C     0.0003359526     0.0054951588    -0.0000000000
19 C     0.0001749757     0.0008799894    -0.0000000000
20 C     0.0021470248    -0.0041284997     0.0000000000
21 C     0.0128343807    -0.0024368045     0.0000000000
22 C    -0.0049040342     0.0058708095    -0.0000000000
23 C    -0.0003305888    -0.0022280661    -0.0000000000
24 C     0.0033567934     0.0073518713    -0.0000000000
25 C    -0.0026006200     0.0000370763    -0.0000000000
26 C     0.0094981595    -0.0037712531     0.0000000000
27 C    -0.0064193483    -0.0057053946     0.0000000000
28 C     0.0015404497     0.0046512563     0.0000000000
29 C    -0.0132780060    -0.0017652111    -0.0000000000
30 C     0.0005724344     0.0029961168    -0.0000000000
31 C    -0.0113703090     0.0062612585     0.0000000000
32 C     0.0053887452    -0.0004039590     0.0000000000
33 C    -0.0216237279     0.0000351579     0.0000000000
34 C     0.0003605563    -0.0113052728     0.0000000000
35 C    -0.0150844884     0.0002976303    -0.0000000000
36 N    -0.0124136163     0.0040011383     0.0000000000
37 C    -0.0264984158    -0.0127062604     0.0000000000
38 C    -0.0099160279     0.0269690185    -0.0000000000
39 C     0.0005351700     0.0018932816     0.0000000000
40 C     0.0110485233     0.0055644359     0.0000000000
41 C     0.0025745304    -0.0042104613     0.0000000000
42 C    -0.0057251302     0.0054914716     0.0000000000
43 C    -0.0055552152     0.0087653958     0.0000000000
44 C     0.0121360690     0.0052613017     0.0000000000
45 C    -0.0120228745    -0.0130662236     0.0000000000
46 C    -0.0058168837     0.0094978965     0.0000000000
47 C    -0.0004250205     0.0022709826     0.0000000000
48 C    -0.0028891421    -0.0155282144     0.0000000000
49 C     0.0140978602     0.0072492835    -0.0000000000
50 C     0.0054893902     0.0104025649     0.0000000000
51 N    -0.0119674960     0.0082220227     0.0000000000
52 C    -0.0031072441    -0.0004236905     0.0000000000
53 C    -0.0036878352     0.0017294035     0.0000000000
54 C     0.0011069422     0.0021461028     0.0000000000
55 C     0.0013815040    -0.0049958204     0.0000000000
56 C     0.0021903618     0.0071817922    -0.0000000000
57 C    -0.0104050228    -0.0029835982    -0.0000000000
58 C     0.0063915818    -0.0013763717     0.0000000000
59 C    -0.0033590507    -0.0045330947     0.0000000000
60 C    -0.0019237701    -0.0009050072     0.0000000000
61 C    -0.0000286566    -0.0008834701     0.0000000000
62 C    -0.0050270987     0.0055240072    -0.0000000000
63 C    -0.0024812745    -0.0047102225     0.0000000000
64 C     0.0012659309     0.0018332967     0.0000000000
65 C     0.0076523104    -0.0082446079     0.0000000000
66 C    -0.0082819986    -0.0030533771     0.0000000000
67 C     0.0044981080     0.0062876285    -0.0000000000
68 C    -0.0079935436     0.0032312795     0.0000000000
69 C     0.0148189311    -0.0014595432    -0.0000000000
70 C    -0.0063054375     0.0011414242    -0.0000000000
71 C     0.0171028069     0.0001054358     0.0000000000
72 C    -0.0104416493    -0.0027033856     0.0000000000
73 C    -0.0032579787     0.0042761900    -0.0000000000
74 C     0.0142177470     0.0072250488    -0.0000000000
75 C     0.0038152011     0.0024003082     0.0000000000
76 C     0.0068433072    -0.0221653335     0.0000000000
77 N     0.0003286933    -0.0025698996     0.0000000000
78 H     0.0047075815     0.0028576476     0.0000000000
79 H     0.0019673431    -0.0029189139     0.0000000000
80 H     0.0533475872     0.0244988053    -0.0000000000
81 H     0.0033835602    -0.0114021314    -0.0000000000
82 H     0.0037849791     0.0128632249     0.0000000000
83 H     0.0515992131    -0.0299458608     0.0000000000
84 H    -0.0048996320     0.0028030423     0.0000000000
85 H    -0.0067934372    -0.0023000243    -0.0000000000
86 H    -0.0061334643     0.0029199957     0.0000000000
87 H    -0.0054569825    -0.0032644602    -0.0000000000
88 H    -0.0064125917     0.0034064879     0.0000000000
89 H    -0.0078335899    -0.0008963267    -0.0000000000
90 H    -0.0009564512     0.0067388556    -0.0000000000
91 H    -0.0000089275     0.0071653941    -0.0000000000
92 H     0.0011738537     0.0071461719    -0.0000000000
93 H     0.0000769847     0.0063943374     0.0000000000
94 H    -0.0001518349     0.0064255491     0.0000000000
95 H    -0.0003041718     0.0062160827    -0.0000000000
96 H    -0.0085258628    -0.0095677221    -0.0000000000
97 H     0.0086814029    -0.0095870166    -0.0000000000
98 H    -0.0002158385    -0.0060074315    -0.0000000000
99 H    -0.0000711631    -0.0061190956     0.0000000000
100 H     0.0000762718    -0.0061247968    -0.0000000000
101 H    -0.0088991536    -0.0086953323     0.0000000000
----------------------------------------------
cycle 1: E = -3051.07266149  dE = -3051.07  norm(grad) = 0.139012

Geometry optimization cycle 2
Cartesian coordinates (Angstrom)
 Atom        New coordinates             dX        dY        dZ
   C  -7.291604   4.931462   0.000000    0.046622 -0.111298  0.000000
   C  -7.314743   0.669330   0.000000    0.050485 -0.021809  0.000000
   C  -6.110463   2.835883  -0.000000    0.063179 -0.053531 -0.000000
   C  -4.857616   4.945438  -0.000000    0.052474 -0.074179 -0.000000
   C  -7.329623  -3.575432   0.000000    0.028428  0.067204  0.000000
   C  -6.123500  -1.409412   0.000000    0.049975  0.022373  0.000000
   C  -4.901314   0.721020  -0.000000    0.038754  0.004332 -0.000000
   N  -3.664285   2.826813  -0.000000    0.030560 -0.033498 -0.000000
   C  -2.446411   4.949221  -0.000000    0.010813 -0.056494 -0.000000
   C  -6.022454  -5.606975   0.000000    0.116061  0.120271  0.000000
   C  -4.893639  -3.517038   0.000000    0.034575  0.063033  0.000000
   C  -3.677124  -1.406541  -0.000000    0.021045  0.019030 -0.000000
   C  -2.455511   0.725647  -0.000000    0.016268  0.009107 -0.000000
   C  -1.232479   2.825749  -0.000000   -0.001774 -0.026158 -0.000000
   C   0.015981   4.969499  -0.000000    0.015981 -0.033669 -0.000000
   C  -3.679698  -5.569296   0.000000   -0.000732  0.124756  0.000000
   C  -2.439245  -3.512870  -0.000000    0.026770  0.048053 -0.000000
   C  -1.233220  -1.403107  -0.000000   -0.000797  0.020100 -0.000000
   C  -0.008999   0.708268  -0.000000   -0.008999 -0.007541 -0.000000
   C   1.219488   2.839208  -0.000000   -0.011217 -0.012699 -0.000000
   C   2.465101   4.977219  -0.000000    0.007878 -0.028496 -0.000000
   C  -1.234397  -5.637315  -0.000000   -0.008063  0.047765 -0.000000
   C   0.002818  -3.532597  -0.000000    0.002818  0.024482 -0.000000
   C   1.213194  -1.416463  -0.000000   -0.019229  0.006745 -0.000000
   C   2.424124   0.708143  -0.000000   -0.047655 -0.008397 -0.000000
   C   3.675476   2.840920  -0.000000   -0.019369 -0.019392 -0.000000
   C   4.908427   4.959670   0.000000   -0.001663 -0.059947  0.000000
   C   1.216849  -5.640617  -0.000000   -0.009485  0.044463 -0.000000
   C   2.454824  -3.544272  -0.000000   -0.011191  0.016651 -0.000000
   C   3.660468  -1.416194  -0.000000   -0.037701  0.009377 -0.000000
   C   4.839861   0.702765  -0.000000   -0.100208 -0.013924 -0.000000
   C   6.163015   2.850004   0.000000   -0.010627 -0.039410  0.000000
   C   7.338637   4.924239   0.000000    0.000412 -0.118521  0.000000
   C   3.665138  -5.666915  -0.000000   -0.013828  0.027137 -0.000000
   C   4.909044  -3.527705  -0.000000   -0.019170  0.052366 -0.000000
   C   6.128405  -1.403118  -0.000000   -0.045070  0.028667 -0.000000
   N   7.160647   0.678403   0.000000   -0.204581 -0.012736  0.000000
   C   6.079766  -5.651226  -0.000000   -0.058749  0.076020 -0.000000
   C   7.344856  -3.564194  -0.000000   -0.013195  0.078442 -0.000000
   C  -7.308452   3.542086   0.000000    0.049599 -0.100549  0.000000
   C  -6.105298   5.607716   0.000000    0.033217 -0.119530  0.000000
   C  -7.324989  -0.698594   0.000000    0.040239 -0.007455  0.000000
   C  -6.125829   1.400169  -0.000000    0.047646 -0.031616 -0.000000
   C  -4.879563   3.521774  -0.000000    0.048651 -0.058297 -0.000000
   C  -3.660877   5.632918  -0.000000    0.018089 -0.061134 -0.000000
   C  -7.218499  -4.951947   0.000000    0.119727  0.090813  0.000000
   C  -6.132739  -2.851257   0.000000    0.040902  0.038156  0.000000
   C  -4.903802  -0.700584  -0.000000    0.036266  0.016105 -0.000000
   C  -3.669472   1.427308  -0.000000    0.028697  0.001737 -0.000000
   C  -2.463517   3.518899  -0.000000    0.002498 -0.042024 -0.000000
   C  -1.223713   5.607218  -0.000000    0.002622 -0.077862 -0.000000
   N  -4.851440  -4.907304   0.000000    0.058650  0.112313  0.000000
   C  -3.660972  -2.819862  -0.000000    0.033873  0.040450 -0.000000
   C  -2.459189  -0.699334  -0.000000    0.012590  0.017205 -0.000000
   C  -1.226997   1.412050  -0.000000    0.005426 -0.011157 -0.000000
   C  -0.008059   3.537394  -0.000000   -0.008059 -0.019684 -0.000000
   C   1.235268   5.640191  -0.000000    0.008934 -0.044888 -0.000000
   C  -2.434116  -4.940029  -0.000000    0.023108  0.065686 -0.000000
   C  -1.218295  -2.819558  -0.000000    0.012410  0.032349 -0.000000
   C  -0.005143  -0.707281  -0.000000   -0.005143  0.008528 -0.000000
   C   1.206594   1.419187  -0.000000   -0.025829 -0.004021 -0.000000
   C   2.454163   3.542150  -0.000000   -0.011852 -0.018773 -0.000000
   C   3.694438   5.641185   0.000000    0.015472 -0.052867  0.000000
   C  -0.004913  -4.964563  -0.000000   -0.004913  0.038605 -0.000000
   C   1.226239  -2.838817  -0.000000   -0.004466  0.013090 -0.000000
   C   2.435411  -0.708998  -0.000000   -0.036368  0.007541 -0.000000
   C   3.634769   1.420636  -0.000000   -0.063400 -0.004935 -0.000000
   C   4.916497   3.531803   0.000000   -0.011717 -0.048267  0.000000
   C   6.158050   5.623517   0.000000    0.019535 -0.103729  0.000000
   C   2.439646  -4.978344  -0.000000   -0.017578  0.027371 -0.000000
   C   3.676328  -2.838573  -0.000000   -0.018517  0.021738 -0.000000
   C   4.877543  -0.714658  -0.000000   -0.062525  0.002030 -0.000000
   C   6.036539   1.431137   0.000000   -0.136936 -0.000648  0.000000
   C   7.382937   3.531882   0.000000    0.024886 -0.110753  0.000000
   C   4.853430  -4.964440  -0.000000   -0.056661  0.055177 -0.000000
   C   6.150913  -2.841281  -0.000000   -0.022729  0.048132 -0.000000
   C   7.287134  -0.647425   0.000000   -0.078094  0.043714  0.000000
   N   7.169334  -4.892423  -0.000000   -0.168892  0.150336 -0.000000
   H   8.275309   5.468684   0.000000   -0.006875 -0.122741  0.000000
   H   8.342080   3.024156   0.000000    0.016339 -0.116950  0.000000
   H   8.017213   1.196273   0.000000   -0.309502 -0.008388  0.000000
   H   8.288568  -1.044615   0.000000   -0.038147  0.160046  0.000000
   H   8.348564  -3.176917   0.000000    0.022823 -0.035811  0.000000
   H   8.027315  -5.407254   0.000000   -0.254869  0.184171  0.000000
   H  -8.228414   5.475247   0.000000    0.053770 -0.116178  0.000000
   H  -8.253926   3.021834   0.000000    0.071815 -0.119272  0.000000
   H  -8.262921   1.185800   0.000000    0.063794 -0.018862  0.000000
   H  -8.275310  -1.212498   0.000000    0.051405 -0.007836  0.000000
   H  -8.298450  -3.100671   0.000000    0.027291  0.040435  0.000000
   H  -8.117283  -5.552179   0.000000    0.164901  0.039246  0.000000
   H  -6.094531   6.689769   0.000000    0.022094 -0.129658  0.000000
   H  -3.665531   6.715290  -0.000000    0.007226 -0.072141 -0.000000
   H  -1.242901   6.689392  -0.000000   -0.017321 -0.089016 -0.000000
   H   1.231068   6.723684   0.000000    0.005488 -0.054724  0.000000
   H   3.704391   6.724657   0.000000    0.031634 -0.062774  0.000000
   H   6.164982   6.706363   0.000000    0.048357 -0.113064  0.000000
   H  -5.922390  -6.680325   0.000000    0.194235  0.139101  0.000000
   H  -3.765043  -6.644497   0.000000   -0.092286  0.142935  0.000000
   H  -1.247813  -6.721327  -0.000000   -0.022233  0.057081 -0.000000
   H   1.213385  -6.724535  -0.000000   -0.012195  0.053873 -0.000000
   H   3.676572  -6.750836  -0.000000    0.003816  0.036595 -0.000000
   H   6.173728  -6.725933  -0.000000    0.057103  0.093494 -0.000000
converged SCF energy = -3051.11109593305
