1721280190.0258074

Geometry optimization cycle 1
Cartesian coordinates (Angstrom)
 Atom        New coordinates             dX        dY        dZ
   C  -7.338226   5.042760   0.000000    0.000000  0.000000  0.000000
   C  -7.365228   0.691139   0.000000    0.000000  0.000000  0.000000
   C  -6.173642   2.889413   0.000000    0.000000  0.000000  0.000000
   C  -4.910090   5.019617   0.000000    0.000000  0.000000  0.000000
   C  -7.358051  -3.642635   0.000000    0.000000  0.000000  0.000000
   C  -6.173475  -1.431785   0.000000    0.000000  0.000000  0.000000
   C  -4.940069   0.716689   0.000000    0.000000  0.000000  0.000000
   C  -3.694845   2.860312   0.000000    0.000000  0.000000  0.000000
   C  -2.457224   5.005715   0.000000    0.000000  0.000000  0.000000
   C  -6.138515  -5.727246   0.000000    0.000000  0.000000  0.000000
   C  -4.928214  -3.580071   0.000000    0.000000  0.000000  0.000000
   C  -3.698169  -1.425571   0.000000    0.000000  0.000000  0.000000
   C  -2.471779   0.716540   0.000000    0.000000  0.000000  0.000000
   C  -1.230705   2.851907   0.000000    0.000000 -0.000000  0.000000
   C   0.000000   5.003169   0.000000    0.000000  0.000000  0.000000
   C  -3.678966  -5.694052   0.000000    0.000000  0.000000  0.000000
   C  -2.466015  -3.560923   0.000000    0.000000  0.000000  0.000000
   C  -1.232423  -1.423207   0.000000    0.000000  0.000000  0.000000
   C   0.000000   0.715809   0.000000    0.000000  0.000000  0.000000
   C   1.230705   2.851907   0.000000    0.000000 -0.000000  0.000000
   C   2.457224   5.005715   0.000000    0.000000  0.000000  0.000000
   C  -1.226334  -5.685080   0.000000    0.000000  0.000000  0.000000
   C   0.000000  -3.557079   0.000000    0.000000  0.000000  0.000000
   C   1.232423  -1.423207   0.000000    0.000000  0.000000  0.000000
   C   2.471779   0.716540   0.000000    0.000000  0.000000  0.000000
   C   3.694845   2.860312   0.000000    0.000000  0.000000  0.000000
   N   4.910090   5.019617   0.000000    0.000000  0.000000  0.000000
   C   1.226334  -5.685080   0.000000    0.000000  0.000000  0.000000
   C   2.466015  -3.560923   0.000000    0.000000  0.000000  0.000000
   N   3.698169  -1.425571   0.000000    0.000000  0.000000  0.000000
   C   4.940069   0.716689   0.000000    0.000000  0.000000  0.000000
   C   6.173642   2.889413   0.000000    0.000000  0.000000  0.000000
   C   7.338226   5.042760   0.000000    0.000000  0.000000  0.000000
   C   3.678966  -5.694052   0.000000    0.000000  0.000000  0.000000
   C   4.928214  -3.580071   0.000000    0.000000  0.000000  0.000000
   C   6.173475  -1.431785   0.000000   -0.000000  0.000000  0.000000
   N   7.365228   0.691139   0.000000    0.000000  0.000000  0.000000
   C   6.138515  -5.727246   0.000000    0.000000  0.000000  0.000000
   C   7.358051  -3.642635   0.000000   -0.000000  0.000000  0.000000
   C  -7.358051   3.642635   0.000000    0.000000  0.000000  0.000000
   C  -6.138515   5.727246   0.000000    0.000000  0.000000  0.000000
   C  -7.365228  -0.691139   0.000000    0.000000  0.000000  0.000000
   C  -6.173475   1.431785   0.000000    0.000000  0.000000  0.000000
   C  -4.928214   3.580071   0.000000    0.000000 -0.000000  0.000000
   C  -3.678966   5.694052   0.000000    0.000000  0.000000  0.000000
   N  -7.338226  -5.042760   0.000000    0.000000  0.000000  0.000000
   C  -6.173642  -2.889413   0.000000    0.000000  0.000000  0.000000
   C  -4.940069  -0.716689   0.000000    0.000000  0.000000  0.000000
   C  -3.698169   1.425571   0.000000    0.000000  0.000000  0.000000
   C  -2.466015   3.560923   0.000000    0.000000 -0.000000  0.000000
   C  -1.226334   5.685080   0.000000    0.000000  0.000000  0.000000
   C  -4.910090  -5.019617   0.000000    0.000000  0.000000  0.000000
   C  -3.694845  -2.860312   0.000000    0.000000  0.000000  0.000000
   C  -2.471779  -0.716540   0.000000    0.000000  0.000000  0.000000
   C  -1.232423   1.423207   0.000000    0.000000  0.000000  0.000000
   C   0.000000   3.557079   0.000000    0.000000  0.000000  0.000000
   C   1.226334   5.685080   0.000000    0.000000  0.000000  0.000000
   C  -2.457224  -5.005715   0.000000    0.000000  0.000000  0.000000
   C  -1.230705  -2.851907   0.000000    0.000000  0.000000  0.000000
   C   0.000000  -0.715809   0.000000    0.000000  0.000000  0.000000
   C   1.232423   1.423207   0.000000    0.000000  0.000000  0.000000
   C   2.466015   3.560923   0.000000    0.000000 -0.000000  0.000000
   C   3.678966   5.694052   0.000000    0.000000  0.000000  0.000000
   C   0.000000  -5.003169   0.000000    0.000000  0.000000  0.000000
   C   1.230705  -2.851907   0.000000    0.000000  0.000000  0.000000
   C   2.471779  -0.716540   0.000000    0.000000  0.000000  0.000000
   C   3.698169   1.425571   0.000000    0.000000  0.000000  0.000000
   N   4.928214   3.580071   0.000000    0.000000 -0.000000  0.000000
   C   6.138515   5.727246   0.000000    0.000000  0.000000  0.000000
   N   2.457224  -5.005715   0.000000    0.000000  0.000000  0.000000
   C   3.694845  -2.860312   0.000000    0.000000  0.000000  0.000000
   C   4.940069  -0.716689   0.000000    0.000000  0.000000  0.000000
   C   6.173475   1.431785   0.000000   -0.000000  0.000000  0.000000
   C   7.358051   3.642635   0.000000   -0.000000  0.000000  0.000000
   C   4.910090  -5.019617   0.000000    0.000000  0.000000  0.000000
   C   6.173642  -2.889413   0.000000    0.000000  0.000000  0.000000
   C   7.365228  -0.691139   0.000000    0.000000  0.000000  0.000000
   C   7.338226  -5.042760   0.000000    0.000000  0.000000  0.000000
   H   8.282184   5.591425   0.000000    0.000000 -0.000000  0.000000
   H   8.325741   3.141106   0.000000    0.000000  0.000000  0.000000
   H   8.326715   1.204661   0.000000    0.000000  0.000000  0.000000
   H   8.326715  -1.204661   0.000000    0.000000  0.000000  0.000000
   H   8.325741  -3.141106   0.000000    0.000000  0.000000  0.000000
   H   8.282184  -5.591425   0.000000    0.000000  0.000000  0.000000
   H  -8.282184   5.591425   0.000000    0.000000 -0.000000  0.000000
   H  -8.325741   3.141106   0.000000    0.000000  0.000000  0.000000
   H  -8.326715   1.204661   0.000000    0.000000  0.000000  0.000000
   H  -8.326715  -1.204661   0.000000    0.000000  0.000000  0.000000
   H  -8.325741  -3.141106   0.000000    0.000000  0.000000  0.000000
   H  -8.282184  -5.591425   0.000000    0.000000  0.000000  0.000000
   H  -6.116625   6.819427   0.000000    0.000000  0.000000  0.000000
   H  -3.672757   6.787431   0.000000    0.000000  0.000000  0.000000
   H  -1.225580   6.778408   0.000000    0.000000 -0.000000  0.000000
   H   1.225580   6.778408   0.000000    0.000000 -0.000000  0.000000
   H   3.672757   6.787431   0.000000    0.000000  0.000000  0.000000
   H   6.116625   6.819427   0.000000   -0.000000  0.000000  0.000000
   H  -6.116625  -6.819427   0.000000    0.000000  0.000000  0.000000
   H  -3.672757  -6.787431   0.000000    0.000000  0.000000  0.000000
   H  -1.225580  -6.778408   0.000000    0.000000  0.000000  0.000000
   H   1.225580  -6.778408   0.000000    0.000000  0.000000  0.000000
   H   3.672757  -6.787431   0.000000    0.000000  0.000000  0.000000
   H   6.116625  -6.819427   0.000000   -0.000000  0.000000  0.000000
converged SCF energy = -3084.21169059224
--------------- RKS_Scanner gradients ---------------
         x                y                z
0 C    -0.0050254666     0.0019982583    -0.0000000000
1 C     0.0010394345     0.0065635165    -0.0000000000
2 C     0.0030444920    -0.0043209755     0.0000000000
3 C    -0.0003612402     0.0004484839    -0.0000000000
4 C     0.0067369048     0.0295282992    -0.0000000000
5 C     0.0003734159     0.0022750254    -0.0000000000
6 C     0.0035869814    -0.0004190728    -0.0000000000
7 C     0.0026575240     0.0030077463    -0.0000000000
8 C     0.0121913842    -0.0021500388    -0.0000000000
9 C     0.0178256929    -0.0137393855    -0.0000000000
10 C     0.0017907978    -0.0063161080    -0.0000000000
11 C     0.0020207977     0.0050335347    -0.0000000000
12 C     0.0013548446    -0.0010266084    -0.0000000000
13 C     0.0024471416     0.0024974132    -0.0000000000
14 C     0.0230117236    -0.0007633084     0.0000000000
15 C     0.0108427984     0.0004937371    -0.0000000000
16 C    -0.0089549924     0.0027898766    -0.0000000000
17 C     0.0028497448     0.0032677586    -0.0000000000
18 C     0.0020031494     0.0070560927    -0.0000000000
19 C     0.0019720630     0.0012088758    -0.0000000000
20 C     0.0201075013    -0.0026732187    -0.0000000000
21 C    -0.0027240347    -0.0022626012     0.0000000000
22 C    -0.0121958224     0.0012377783    -0.0000000000
23 C    -0.0181656831     0.0004373581    -0.0000000000
24 C     0.0033037088     0.0125523572    -0.0000000000
25 C     0.0040116942    -0.0068256637    -0.0000000000
26 N     0.0074498773    -0.0365691748     0.0000000000
27 C    -0.0229333806    -0.0205284815    -0.0000000000
28 C    -0.0078466376     0.0089607942    -0.0000000000
29 N    -0.0022947859     0.0193790606    -0.0000000000
30 C     0.0017959665     0.0352324743    -0.0000000000
31 C    -0.0119279169     0.0452176281    -0.0000000000
32 C    -0.0028794176     0.0230045222    -0.0000000000
33 C     0.0099501212    -0.0130006495     0.0000000000
34 C    -0.0152145239    -0.0056723391    -0.0000000000
35 C    -0.0355456991    -0.0113673498    -0.0000000000
36 N    -0.0438170999    -0.0118111863    -0.0000000000
37 C    -0.0033498067     0.0005293507    -0.0000000000
38 C     0.0032787028    -0.0054758625    -0.0000000000
39 C     0.0008210669     0.0017235572    -0.0000000000
40 C     0.0020303566     0.0031694714     0.0000000000
41 C     0.0019180693    -0.0050481512     0.0000000000
42 C    -0.0053673915     0.0015419060     0.0000000000
43 C     0.0000995925    -0.0007441706     0.0000000000
44 C    -0.0065005398     0.0043244765     0.0000000000
45 N     0.0046333354    -0.0075104261    -0.0000000000
46 C    -0.0074864043     0.0040290499     0.0000000000
47 C     0.0008478078     0.0014483576     0.0000000000
48 C    -0.0033739704    -0.0012672755     0.0000000000
49 C    -0.0032110919    -0.0009679559     0.0000000000
50 C    -0.0181150004     0.0049507833    -0.0000000000
51 C    -0.0051022974     0.0047365618     0.0000000000
52 C     0.0065083617    -0.0050126180     0.0000000000
53 C    -0.0031006149    -0.0008334680     0.0000000000
54 C     0.0014589406    -0.0011957068     0.0000000000
55 C    -0.0066648276     0.0004108992     0.0000000000
56 C    -0.0289025023     0.0031624382    -0.0000000000
57 C    -0.0058627552     0.0004700824     0.0000000000
58 C     0.0108312736    -0.0026003373     0.0000000000
59 C     0.0003951024    -0.0092144743     0.0000000000
60 C    -0.0005205270     0.0039869761     0.0000000000
61 C    -0.0135522384     0.0042970379     0.0000000000
62 C    -0.0329320238     0.0293821691     0.0000000000
63 C     0.0005400533    -0.0059396302     0.0000000000
64 C     0.0150578700     0.0120202411     0.0000000000
65 C     0.0041120303    -0.0040022683     0.0000000000
66 C    -0.0167586125    -0.0277088474     0.0000000000
67 N     0.0219959738    -0.0038320270     0.0000000000
68 C     0.0246499410     0.0200399248    -0.0000000000
69 N     0.0051504240     0.0047343317    -0.0000000000
70 C     0.0073044955    -0.0171018921    -0.0000000000
71 C     0.0240136446    -0.0238304892     0.0000000000
72 C     0.0102778330    -0.0483422745     0.0000000000
73 C    -0.0041042197    -0.0156381555     0.0000000000
74 C     0.0151622665    -0.0084216870    -0.0000000000
75 C    -0.0052203535     0.0112956537     0.0000000000
76 C     0.0285596945     0.0088001504     0.0000000000
77 C     0.0084811376     0.0003203651     0.0000000000
78 H     0.0081965623     0.0013600265     0.0000000000
79 H     0.0066790096    -0.0023715973    -0.0000000000
80 H     0.0562497811     0.0281204400     0.0000000000
81 H     0.0055600722    -0.0094432382    -0.0000000000
82 H     0.0055127328     0.0031018959     0.0000000000
83 H     0.0053083771    -0.0025436434    -0.0000000000
84 H    -0.0046393238     0.0027384223     0.0000000000
85 H    -0.0053377977    -0.0029618119     0.0000000000
86 H    -0.0057359870     0.0028260503     0.0000000000
87 H    -0.0043230667    -0.0035446303    -0.0000000000
88 H    -0.0044102522     0.0115187612     0.0000000000
89 H    -0.0515220325    -0.0302262419     0.0000000000
90 H     0.0000653072     0.0058454435    -0.0000000000
91 H    -0.0000794032     0.0061052763     0.0000000000
92 H    -0.0000614932     0.0060411189    -0.0000000000
93 H     0.0001142054     0.0057256128    -0.0000000000
94 H    -0.0111142285     0.0102171533     0.0000000000
95 H     0.0111211788     0.0108025669     0.0000000000
96 H     0.0087577751    -0.0086948039     0.0000000000
97 H    -0.0002143941    -0.0061490647     0.0000000000
98 H     0.0002739222    -0.0060742923    -0.0000000000
99 H    -0.0089770959    -0.0096767966     0.0000000000
100 H     0.0083801098    -0.0099977207    -0.0000000000
101 H    -0.0002867206    -0.0061391367     0.0000000000
----------------------------------------------
cycle 1: E = -3084.21169059  dE = -3084.21  norm(grad) = 0.191634

Geometry optimization cycle 2
