1721280189.972185

Geometry optimization cycle 1
Cartesian coordinates (Angstrom)
 Atom        New coordinates             dX        dY        dZ
   C  -7.338226   5.042760   0.000000    0.000000  0.000000  0.000000
   C  -7.365228   0.691139   0.000000    0.000000  0.000000  0.000000
   C  -6.173642   2.889413   0.000000    0.000000  0.000000  0.000000
   C  -4.910090   5.019617   0.000000    0.000000  0.000000  0.000000
   C  -7.358051  -3.642635   0.000000    0.000000  0.000000  0.000000
   C  -6.173475  -1.431785   0.000000    0.000000  0.000000  0.000000
   C  -4.940069   0.716689   0.000000    0.000000  0.000000  0.000000
   C  -3.694845   2.860312   0.000000    0.000000  0.000000  0.000000
   C  -2.457224   5.005715   0.000000    0.000000  0.000000  0.000000
   C  -6.138515  -5.727246   0.000000    0.000000  0.000000  0.000000
   C  -4.928214  -3.580071   0.000000    0.000000  0.000000  0.000000
   C  -3.698169  -1.425571   0.000000    0.000000  0.000000  0.000000
   C  -2.471779   0.716540   0.000000    0.000000  0.000000  0.000000
   C  -1.230705   2.851907   0.000000    0.000000 -0.000000  0.000000
   C   0.000000   5.003169   0.000000    0.000000  0.000000  0.000000
   C  -3.678966  -5.694052   0.000000    0.000000  0.000000  0.000000
   C  -2.466015  -3.560923   0.000000    0.000000  0.000000  0.000000
   C  -1.232423  -1.423207   0.000000    0.000000  0.000000  0.000000
   C   0.000000   0.715809   0.000000    0.000000  0.000000  0.000000
   C   1.230705   2.851907   0.000000    0.000000 -0.000000  0.000000
   C   2.457224   5.005715   0.000000    0.000000  0.000000  0.000000
   C  -1.226334  -5.685080   0.000000    0.000000  0.000000  0.000000
   C   0.000000  -3.557079   0.000000    0.000000  0.000000  0.000000
   C   1.232423  -1.423207   0.000000    0.000000  0.000000  0.000000
   C   2.471779   0.716540   0.000000    0.000000  0.000000  0.000000
   C   3.694845   2.860312   0.000000    0.000000  0.000000  0.000000
   C   4.910090   5.019617   0.000000    0.000000  0.000000  0.000000
   N   1.226334  -5.685080   0.000000    0.000000  0.000000  0.000000
   C   2.466015  -3.560923   0.000000    0.000000  0.000000  0.000000
   C   3.698169  -1.425571   0.000000    0.000000  0.000000  0.000000
   C   4.940069   0.716689   0.000000    0.000000  0.000000  0.000000
   C   6.173642   2.889413   0.000000    0.000000  0.000000  0.000000
   C   7.338226   5.042760   0.000000    0.000000  0.000000  0.000000
   C   3.678966  -5.694052   0.000000    0.000000  0.000000  0.000000
   N   4.928214  -3.580071   0.000000    0.000000  0.000000  0.000000
   C   6.173475  -1.431785   0.000000   -0.000000  0.000000  0.000000
   C   7.365228   0.691139   0.000000    0.000000  0.000000  0.000000
   C   6.138515  -5.727246   0.000000    0.000000  0.000000  0.000000
   C   7.358051  -3.642635   0.000000   -0.000000  0.000000  0.000000
   C  -7.358051   3.642635   0.000000    0.000000  0.000000  0.000000
   C  -6.138515   5.727246   0.000000    0.000000  0.000000  0.000000
   C  -7.365228  -0.691139   0.000000    0.000000  0.000000  0.000000
   C  -6.173475   1.431785   0.000000    0.000000  0.000000  0.000000
   N  -4.928214   3.580071   0.000000    0.000000 -0.000000  0.000000
   C  -3.678966   5.694052   0.000000    0.000000  0.000000  0.000000
   C  -7.338226  -5.042760   0.000000    0.000000  0.000000  0.000000
   C  -6.173642  -2.889413   0.000000    0.000000  0.000000  0.000000
   N  -4.940069  -0.716689   0.000000    0.000000  0.000000  0.000000
   C  -3.698169   1.425571   0.000000    0.000000  0.000000  0.000000
   C  -2.466015   3.560923   0.000000    0.000000 -0.000000  0.000000
   C  -1.226334   5.685080   0.000000    0.000000  0.000000  0.000000
   C  -4.910090  -5.019617   0.000000    0.000000  0.000000  0.000000
   C  -3.694845  -2.860312   0.000000    0.000000  0.000000  0.000000
   C  -2.471779  -0.716540   0.000000    0.000000  0.000000  0.000000
   C  -1.232423   1.423207   0.000000    0.000000  0.000000  0.000000
   C   0.000000   3.557079   0.000000    0.000000  0.000000  0.000000
   C   1.226334   5.685080   0.000000    0.000000  0.000000  0.000000
   C  -2.457224  -5.005715   0.000000    0.000000  0.000000  0.000000
   C  -1.230705  -2.851907   0.000000    0.000000  0.000000  0.000000
   C   0.000000  -0.715809   0.000000    0.000000  0.000000  0.000000
   C   1.232423   1.423207   0.000000    0.000000  0.000000  0.000000
   C   2.466015   3.560923   0.000000    0.000000 -0.000000  0.000000
   C   3.678966   5.694052   0.000000    0.000000  0.000000  0.000000
   C   0.000000  -5.003169   0.000000    0.000000  0.000000  0.000000
   C   1.230705  -2.851907   0.000000    0.000000  0.000000  0.000000
   C   2.471779  -0.716540   0.000000    0.000000  0.000000  0.000000
   C   3.698169   1.425571   0.000000    0.000000  0.000000  0.000000
   N   4.928214   3.580071   0.000000    0.000000 -0.000000  0.000000
   C   6.138515   5.727246   0.000000    0.000000  0.000000  0.000000
   C   2.457224  -5.005715   0.000000    0.000000  0.000000  0.000000
   C   3.694845  -2.860312   0.000000    0.000000  0.000000  0.000000
   C   4.940069  -0.716689   0.000000    0.000000  0.000000  0.000000
   C   6.173475   1.431785   0.000000   -0.000000  0.000000  0.000000
   C   7.358051   3.642635   0.000000   -0.000000  0.000000  0.000000
   C   4.910090  -5.019617   0.000000    0.000000  0.000000  0.000000
   C   6.173642  -2.889413   0.000000    0.000000  0.000000  0.000000
   N   7.365228  -0.691139   0.000000    0.000000  0.000000  0.000000
   C   7.338226  -5.042760   0.000000    0.000000  0.000000  0.000000
   H   8.282184   5.591425   0.000000    0.000000 -0.000000  0.000000
   H   8.325741   3.141106   0.000000    0.000000  0.000000  0.000000
   H   8.326715   1.204661   0.000000    0.000000  0.000000  0.000000
   H   8.326715  -1.204661   0.000000    0.000000  0.000000  0.000000
   H   8.325741  -3.141106   0.000000    0.000000  0.000000  0.000000
   H   8.282184  -5.591425   0.000000    0.000000  0.000000  0.000000
   H  -8.282184   5.591425   0.000000    0.000000 -0.000000  0.000000
   H  -8.325741   3.141106   0.000000    0.000000  0.000000  0.000000
   H  -8.326715   1.204661   0.000000    0.000000  0.000000  0.000000
   H  -8.326715  -1.204661   0.000000    0.000000  0.000000  0.000000
   H  -8.325741  -3.141106   0.000000    0.000000  0.000000  0.000000
   H  -8.282184  -5.591425   0.000000    0.000000  0.000000  0.000000
   H  -6.116625   6.819427   0.000000    0.000000  0.000000  0.000000
   H  -3.672757   6.787431   0.000000    0.000000  0.000000  0.000000
   H  -1.225580   6.778408   0.000000    0.000000 -0.000000  0.000000
   H   1.225580   6.778408   0.000000    0.000000 -0.000000  0.000000
   H   3.672757   6.787431   0.000000    0.000000  0.000000  0.000000
   H   6.116625   6.819427   0.000000   -0.000000  0.000000  0.000000
   H  -6.116625  -6.819427   0.000000    0.000000  0.000000  0.000000
   H  -3.672757  -6.787431   0.000000    0.000000  0.000000  0.000000
   H  -1.225580  -6.778408   0.000000    0.000000  0.000000  0.000000
   H   1.225580  -6.778408   0.000000    0.000000  0.000000  0.000000
   H   3.672757  -6.787431   0.000000    0.000000  0.000000  0.000000
   H   6.116625  -6.819427   0.000000   -0.000000  0.000000  0.000000
converged SCF energy = -3084.30307056976
--------------- RKS_Scanner gradients ---------------
         x                y                z
0 C    -0.0170455859    -0.0142200410    -0.0000000000
1 C     0.0086758264     0.0123070676    -0.0000000000
2 C    -0.0022151860    -0.0136523394    -0.0000000000
3 C    -0.0330650776     0.0003685095     0.0000000000
4 C     0.0066799332    -0.0041112665    -0.0000000000
5 C    -0.0198136201    -0.0014414424    -0.0000000000
6 C     0.0034477156     0.0095376827     0.0000000000
7 C     0.0127833341     0.0009766435     0.0000000000
8 C    -0.0237276929     0.0021577165    -0.0000000000
9 C     0.0044399480    -0.0027495289    -0.0000000000
10 C    -0.0024241008     0.0014750990    -0.0000000000
11 C     0.0170010263     0.0000949383    -0.0000000000
12 C    -0.0159774899     0.0090279024    -0.0000000000
13 C    -0.0020982297     0.0036823515    -0.0000000000
14 C     0.0003822079     0.0070545516     0.0000000000
15 C    -0.0079690814    -0.0041362040     0.0000000000
16 C    -0.0068763775     0.0030003468    -0.0000000000
17 C     0.0020040133     0.0025467451    -0.0000000000
18 C     0.0015470507     0.0122468394    -0.0000000000
19 C    -0.0006357781     0.0128028304    -0.0000000000
20 C     0.0216436637    -0.0050585546    -0.0000000000
21 C    -0.0370676861    -0.0030011126    -0.0000000000
22 C    -0.0054180315     0.0097652038    -0.0000000000
23 C    -0.0037568143     0.0115838222    -0.0000000000
24 C     0.0072001686     0.0017131249    -0.0000000000
25 C     0.0066072261     0.0024224166     0.0000000000
26 C     0.0234837593     0.0043596273     0.0000000000
27 N    -0.0151553226     0.0190054253    -0.0000000000
28 C    -0.0011881105     0.0073091302    -0.0000000000
29 C    -0.0092854192     0.0160769401    -0.0000000000
30 C     0.0304357875     0.0317216582     0.0000000000
31 C    -0.0066118698    -0.0111481266    -0.0000000000
32 C     0.0125386535    -0.0095190991    -0.0000000000
33 C     0.0307904312    -0.0093581589     0.0000000000
34 N     0.0182354957     0.0126047397     0.0000000000
35 C     0.0180426539     0.0588326363     0.0000000000
36 C     0.0257920895    -0.0001734638    -0.0000000000
37 C     0.0267609886    -0.0020358417     0.0000000000
38 C    -0.0111661129     0.0321267382    -0.0000000000
39 C    -0.0087171660     0.0153073729     0.0000000000
40 C     0.0260009465     0.0097255101    -0.0000000000
41 C    -0.0006810704    -0.0184563400     0.0000000000
42 C    -0.0199072008     0.0034172433     0.0000000000
43 N     0.0029935393     0.0060196012     0.0000000000
44 C     0.0295876433     0.0129449561     0.0000000000
45 C    -0.0069621126    -0.0029860755     0.0000000000
46 C    -0.0046142741    -0.0043691265     0.0000000000
47 N     0.0007376444     0.0016451198     0.0000000000
48 C     0.0155846546    -0.0063698922    -0.0000000000
49 C     0.0085618739    -0.0097794955    -0.0000000000
50 C     0.0125764563     0.0080226440     0.0000000000
51 C    -0.0021314665    -0.0001289331    -0.0000000000
52 C     0.0129172813    -0.0094928644     0.0000000000
53 C     0.0005514353    -0.0172088111     0.0000000000
54 C     0.0051836636     0.0008848152     0.0000000000
55 C     0.0043710208    -0.0072425538     0.0000000000
56 C    -0.0121945559     0.0067534346    -0.0000000000
57 C     0.0167855744    -0.0071908841    -0.0000000000
58 C     0.0024518206     0.0032059718     0.0000000000
59 C     0.0056689059    -0.0116533079     0.0000000000
60 C    -0.0049042334    -0.0078741734     0.0000000000
61 C    -0.0164860231    -0.0004298407     0.0000000000
62 C    -0.0228747263     0.0126877367     0.0000000000
63 C     0.0223459414     0.0064740599     0.0000000000
64 C    -0.0016816106    -0.0136925919     0.0000000000
65 C     0.0035095797    -0.0036786311     0.0000000000
66 C    -0.0185138237    -0.0079297878     0.0000000000
67 N    -0.0135277588    -0.0027695601     0.0000000000
68 C    -0.0162271623     0.0094305959     0.0000000000
69 C    -0.0016740828     0.0175213787    -0.0000000000
70 C    -0.0136723240     0.0052260148     0.0000000000
71 C    -0.0070628394    -0.0308506731    -0.0000000000
72 C    -0.0364980131     0.0015787874     0.0000000000
73 C     0.0142474696     0.0091629712     0.0000000000
74 C    -0.0218988820    -0.0133875115    -0.0000000000
75 C     0.0059760289    -0.0584659784     0.0000000000
76 N    -0.0491071785    -0.0035769807    -0.0000000000
77 C    -0.0123219523    -0.0320188804     0.0000000000
78 H     0.0052657782     0.0026850094     0.0000000000
79 H     0.0082519018    -0.0015437810    -0.0000000000
80 H     0.0040397988     0.0102446078     0.0000000000
81 H     0.0555567017    -0.0283792746     0.0000000000
82 H     0.0062285684     0.0021168184     0.0000000000
83 H     0.0049629921    -0.0033606848    -0.0000000000
84 H    -0.0053214616     0.0028365822     0.0000000000
85 H    -0.0089586370    -0.0013784860    -0.0000000000
86 H    -0.0061878544     0.0034089539     0.0000000000
87 H    -0.0091810838    -0.0015358949    -0.0000000000
88 H    -0.0055913140     0.0033677424     0.0000000000
89 H    -0.0047909735    -0.0032876441     0.0000000000
90 H    -0.0025064517     0.0083736685     0.0000000000
91 H     0.0033084110     0.0084521338    -0.0000000000
92 H     0.0003534188     0.0062395004    -0.0000000000
93 H    -0.0002355154     0.0062290817    -0.0000000000
94 H    -0.0031590425     0.0082927618    -0.0000000000
95 H     0.0024573114     0.0082099402    -0.0000000000
96 H     0.0000518899    -0.0062088844     0.0000000000
97 H     0.0002772534    -0.0063576110    -0.0000000000
98 H     0.0004376040    -0.0054100637    -0.0000000000
99 H    -0.0002078077    -0.0614248633    -0.0000000000
100 H    -0.0033294736    -0.0078747759    -0.0000000000
101 H     0.0029069695    -0.0083339548    -0.0000000000
----------------------------------------------
cycle 1: E = -3084.30307057  dE = -3084.3  norm(grad) = 0.214784

Geometry optimization cycle 2
