1721280189.9388103

Geometry optimization cycle 1
Cartesian coordinates (Angstrom)
 Atom        New coordinates             dX        dY        dZ
   C  -7.338226   5.042760   0.000000    0.000000  0.000000  0.000000
   C  -7.365228   0.691139   0.000000    0.000000  0.000000  0.000000
   C  -6.173642   2.889413   0.000000    0.000000  0.000000  0.000000
   C  -4.910090   5.019617   0.000000    0.000000  0.000000  0.000000
   C  -7.358051  -3.642635   0.000000    0.000000  0.000000  0.000000
   C  -6.173475  -1.431785   0.000000    0.000000  0.000000  0.000000
   C  -4.940069   0.716689   0.000000    0.000000  0.000000  0.000000
   C  -3.694845   2.860312   0.000000    0.000000  0.000000  0.000000
   C  -2.457224   5.005715   0.000000    0.000000  0.000000  0.000000
   C  -6.138515  -5.727246   0.000000    0.000000  0.000000  0.000000
   C  -4.928214  -3.580071   0.000000    0.000000  0.000000  0.000000
   C  -3.698169  -1.425571   0.000000    0.000000  0.000000  0.000000
   C  -2.471779   0.716540   0.000000    0.000000  0.000000  0.000000
   C  -1.230705   2.851907   0.000000    0.000000 -0.000000  0.000000
   C   0.000000   5.003169   0.000000    0.000000  0.000000  0.000000
   C  -3.678966  -5.694052   0.000000    0.000000  0.000000  0.000000
   C  -2.466015  -3.560923   0.000000    0.000000  0.000000  0.000000
   C  -1.232423  -1.423207   0.000000    0.000000  0.000000  0.000000
   C   0.000000   0.715809   0.000000    0.000000  0.000000  0.000000
   C   1.230705   2.851907   0.000000    0.000000 -0.000000  0.000000
   C   2.457224   5.005715   0.000000    0.000000  0.000000  0.000000
   C  -1.226334  -5.685080   0.000000    0.000000  0.000000  0.000000
   C   0.000000  -3.557079   0.000000    0.000000  0.000000  0.000000
   C   1.232423  -1.423207   0.000000    0.000000  0.000000  0.000000
   C   2.471779   0.716540   0.000000    0.000000  0.000000  0.000000
   C   3.694845   2.860312   0.000000    0.000000  0.000000  0.000000
   C   4.910090   5.019617   0.000000    0.000000  0.000000  0.000000
   N   1.226334  -5.685080   0.000000    0.000000  0.000000  0.000000
   C   2.466015  -3.560923   0.000000    0.000000  0.000000  0.000000
   C   3.698169  -1.425571   0.000000    0.000000  0.000000  0.000000
   C   4.940069   0.716689   0.000000    0.000000  0.000000  0.000000
   C   6.173642   2.889413   0.000000    0.000000  0.000000  0.000000
   C   7.338226   5.042760   0.000000    0.000000  0.000000  0.000000
   C   3.678966  -5.694052   0.000000    0.000000  0.000000  0.000000
   C   4.928214  -3.580071   0.000000    0.000000  0.000000  0.000000
   C   6.173475  -1.431785   0.000000   -0.000000  0.000000  0.000000
   C   7.365228   0.691139   0.000000    0.000000  0.000000  0.000000
   C   6.138515  -5.727246   0.000000    0.000000  0.000000  0.000000
   C   7.358051  -3.642635   0.000000   -0.000000  0.000000  0.000000
   C  -7.358051   3.642635   0.000000    0.000000  0.000000  0.000000
   C  -6.138515   5.727246   0.000000    0.000000  0.000000  0.000000
   C  -7.365228  -0.691139   0.000000    0.000000  0.000000  0.000000
   N  -6.173475   1.431785   0.000000    0.000000  0.000000  0.000000
   C  -4.928214   3.580071   0.000000    0.000000 -0.000000  0.000000
   C  -3.678966   5.694052   0.000000    0.000000  0.000000  0.000000
   C  -7.338226  -5.042760   0.000000    0.000000  0.000000  0.000000
   C  -6.173642  -2.889413   0.000000    0.000000  0.000000  0.000000
   C  -4.940069  -0.716689   0.000000    0.000000  0.000000  0.000000
   C  -3.698169   1.425571   0.000000    0.000000  0.000000  0.000000
   C  -2.466015   3.560923   0.000000    0.000000 -0.000000  0.000000
   C  -1.226334   5.685080   0.000000    0.000000  0.000000  0.000000
   C  -4.910090  -5.019617   0.000000    0.000000  0.000000  0.000000
   C  -3.694845  -2.860312   0.000000    0.000000  0.000000  0.000000
   C  -2.471779  -0.716540   0.000000    0.000000  0.000000  0.000000
   C  -1.232423   1.423207   0.000000    0.000000  0.000000  0.000000
   C   0.000000   3.557079   0.000000    0.000000  0.000000  0.000000
   C   1.226334   5.685080   0.000000    0.000000  0.000000  0.000000
   C  -2.457224  -5.005715   0.000000    0.000000  0.000000  0.000000
   C  -1.230705  -2.851907   0.000000    0.000000  0.000000  0.000000
   C   0.000000  -0.715809   0.000000    0.000000  0.000000  0.000000
   C   1.232423   1.423207   0.000000    0.000000  0.000000  0.000000
   N   2.466015   3.560923   0.000000    0.000000 -0.000000  0.000000
   C   3.678966   5.694052   0.000000    0.000000  0.000000  0.000000
   N   0.000000  -5.003169   0.000000    0.000000  0.000000  0.000000
   N   1.230705  -2.851907   0.000000    0.000000  0.000000  0.000000
   C   2.471779  -0.716540   0.000000    0.000000  0.000000  0.000000
   C   3.698169   1.425571   0.000000    0.000000  0.000000  0.000000
   C   4.928214   3.580071   0.000000    0.000000 -0.000000  0.000000
   C   6.138515   5.727246   0.000000    0.000000  0.000000  0.000000
   C   2.457224  -5.005715   0.000000    0.000000  0.000000  0.000000
   C   3.694845  -2.860312   0.000000    0.000000  0.000000  0.000000
   N   4.940069  -0.716689   0.000000    0.000000  0.000000  0.000000
   C   6.173475   1.431785   0.000000   -0.000000  0.000000  0.000000
   C   7.358051   3.642635   0.000000   -0.000000  0.000000  0.000000
   C   4.910090  -5.019617   0.000000    0.000000  0.000000  0.000000
   C   6.173642  -2.889413   0.000000    0.000000  0.000000  0.000000
   C   7.365228  -0.691139   0.000000    0.000000  0.000000  0.000000
   C   7.338226  -5.042760   0.000000    0.000000  0.000000  0.000000
   H   8.282184   5.591425   0.000000    0.000000 -0.000000  0.000000
   H   8.325741   3.141106   0.000000    0.000000  0.000000  0.000000
   H   8.326715   1.204661   0.000000    0.000000  0.000000  0.000000
   H   8.326715  -1.204661   0.000000    0.000000  0.000000  0.000000
   H   8.325741  -3.141106   0.000000    0.000000  0.000000  0.000000
   H   8.282184  -5.591425   0.000000    0.000000  0.000000  0.000000
   H  -8.282184   5.591425   0.000000    0.000000 -0.000000  0.000000
   H  -8.325741   3.141106   0.000000    0.000000  0.000000  0.000000
   H  -8.326715   1.204661   0.000000    0.000000  0.000000  0.000000
   H  -8.326715  -1.204661   0.000000    0.000000  0.000000  0.000000
   H  -8.325741  -3.141106   0.000000    0.000000  0.000000  0.000000
   H  -8.282184  -5.591425   0.000000    0.000000  0.000000  0.000000
   H  -6.116625   6.819427   0.000000    0.000000  0.000000  0.000000
   H  -3.672757   6.787431   0.000000    0.000000  0.000000  0.000000
   H  -1.225580   6.778408   0.000000    0.000000 -0.000000  0.000000
   H   1.225580   6.778408   0.000000    0.000000 -0.000000  0.000000
   H   3.672757   6.787431   0.000000    0.000000  0.000000  0.000000
   H   6.116625   6.819427   0.000000   -0.000000  0.000000  0.000000
   H  -6.116625  -6.819427   0.000000    0.000000  0.000000  0.000000
   H  -3.672757  -6.787431   0.000000    0.000000  0.000000  0.000000
   H  -1.225580  -6.778408   0.000000    0.000000  0.000000  0.000000
   H   1.225580  -6.778408   0.000000    0.000000  0.000000  0.000000
   H   3.672757  -6.787431   0.000000    0.000000  0.000000  0.000000
   H   6.116625  -6.819427   0.000000   -0.000000  0.000000  0.000000
converged SCF energy = -3084.23853019042
--------------- RKS_Scanner gradients ---------------
         x                y                z
0 C    -0.0121565037    -0.0047114127    -0.0000000000
1 C    -0.0128880670     0.0114326791     0.0000000000
2 C     0.0053861280    -0.0001283531     0.0000000000
3 C    -0.0041298120    -0.0025014013     0.0000000000
4 C     0.0056875868     0.0010927093    -0.0000000000
5 C    -0.0143941203     0.0093486591     0.0000000000
6 C     0.0062947214    -0.0126192964     0.0000000000
7 C    -0.0010709881    -0.0036144931     0.0000000000
8 C     0.0009187227    -0.0065093661     0.0000000000
9 C    -0.0001726648    -0.0026868314    -0.0000000000
10 C    -0.0018036672     0.0015390871     0.0000000000
11 C    -0.0011830880     0.0014663434     0.0000000000
12 C    -0.0058843586     0.0041086093     0.0000000000
13 C     0.0002875186     0.0057653631     0.0000000000
14 C     0.0082494937    -0.0127552998     0.0000000000
15 C    -0.0079341796     0.0009040425     0.0000000000
16 C    -0.0092485331     0.0005184095     0.0000000000
17 C     0.0080439576    -0.0000325873    -0.0000000000
18 C    -0.0032812482     0.0061728519    -0.0000000000
19 C    -0.0071177941    -0.0118310976     0.0000000000
20 C     0.0052137067    -0.0031685360     0.0000000000
21 C    -0.0271348436    -0.0079748237     0.0000000000
22 C    -0.0215630517     0.0350105664     0.0000000000
23 C    -0.0052336163     0.0043222941    -0.0000000000
24 C     0.0156371844     0.0120734978    -0.0000000000
25 C    -0.0029344083     0.0062074738    -0.0000000000
26 C     0.0032778220    -0.0068233467     0.0000000000
27 N    -0.0014464662     0.0447596174     0.0000000000
28 C    -0.0090944570     0.0206021380     0.0000000000
29 C    -0.0417616611    -0.0030302653     0.0000000000
30 C    -0.0165316645     0.0037779388     0.0000000000
31 C     0.0024185136     0.0036996201     0.0000000000
32 C     0.0059096426     0.0043586473    -0.0000000000
33 C     0.0307970517    -0.0001338934     0.0000000000
34 C    -0.0023884898     0.0102727752    -0.0000000000
35 C     0.0125439074    -0.0074822091    -0.0000000000
36 C    -0.0129859315     0.0149618452     0.0000000000
37 C    -0.0002358254    -0.0012210939     0.0000000000
38 C    -0.0031950865    -0.0018543145    -0.0000000000
39 C     0.0016906830     0.0215200683    -0.0000000000
40 C     0.0084236718     0.0038320045    -0.0000000000
41 C     0.0021329740    -0.0257508374    -0.0000000000
42 N    -0.0075956093     0.0067915350    -0.0000000000
43 C    -0.0009821311     0.0128435307    -0.0000000000
44 C     0.0004908695     0.0069499479    -0.0000000000
45 C    -0.0040577405    -0.0062081258     0.0000000000
46 C     0.0022739983    -0.0028908996    -0.0000000000
47 C     0.0100806681     0.0006299813     0.0000000000
48 C     0.0159690904    -0.0022187114    -0.0000000000
49 C     0.0026699947     0.0018282864    -0.0000000000
50 C    -0.0066143223     0.0077296468     0.0000000000
51 C    -0.0006255556     0.0009717709    -0.0000000000
52 C     0.0054987790    -0.0073887098    -0.0000000000
53 C    -0.0071516328     0.0037562577    -0.0000000000
54 C     0.0079538025     0.0006049140    -0.0000000000
55 C    -0.0132896736     0.0000300289    -0.0000000000
56 C    -0.0056528821     0.0163411751     0.0000000000
57 C     0.0030924266    -0.0002851572    -0.0000000000
58 C     0.0040202741     0.0081618734    -0.0000000000
59 C    -0.0113829398    -0.0021332924     0.0000000000
60 C    -0.0107328492    -0.0029762976    -0.0000000000
61 N     0.0086471091     0.0032269249    -0.0000000000
62 C    -0.0024008284     0.0138811073     0.0000000000
63 N     0.0187991264    -0.0464827031     0.0000000000
64 N     0.0205486911    -0.0051845123    -0.0000000000
65 C     0.0185972840    -0.0087318669     0.0000000000
66 C     0.0059476339    -0.0118514418     0.0000000000
67 C     0.0106172468    -0.0001155420    -0.0000000000
68 C    -0.0009953822     0.0032316029     0.0000000000
69 C    -0.0065961266    -0.0245417841    -0.0000000000
70 C     0.0078833900    -0.0048741419     0.0000000000
71 N     0.0141524114     0.0134789830     0.0000000000
72 C     0.0179595989     0.0058792349    -0.0000000000
73 C    -0.0048394599     0.0025486273    -0.0000000000
74 C    -0.0069418530    -0.0107041787    -0.0000000000
75 C     0.0071578196    -0.0031378938     0.0000000000
76 C     0.0052403822    -0.0168948301     0.0000000000
77 C     0.0062289927    -0.0039754247     0.0000000000
78 H     0.0047672658     0.0029979724     0.0000000000
79 H     0.0059734095    -0.0029217054     0.0000000000
80 H     0.0065842485     0.0030900760    -0.0000000000
81 H     0.0087264545    -0.0014010866     0.0000000000
82 H     0.0059817095     0.0032866529     0.0000000000
83 H     0.0050726140    -0.0031819434    -0.0000000000
84 H    -0.0048531034     0.0038910015     0.0000000000
85 H    -0.0054246512    -0.0035986117     0.0000000000
86 H    -0.0127362289    -0.0030025894     0.0000000000
87 H    -0.0055273105    -0.0062869632    -0.0000000000
88 H    -0.0052662127     0.0032501489     0.0000000000
89 H    -0.0048150010    -0.0029449930    -0.0000000000
90 H     0.0002134141     0.0063541494    -0.0000000000
91 H     0.0002728320     0.0067175140    -0.0000000000
92 H    -0.0002317763     0.0066982253    -0.0000000000
93 H    -0.0029877030     0.0087798151    -0.0000000000
94 H     0.0030079413     0.0087766401    -0.0000000000
95 H     0.0001688006     0.0062630386    -0.0000000000
96 H     0.0000893578    -0.0061080330     0.0000000000
97 H     0.0003964901    -0.0063386993    -0.0000000000
98 H    -0.0087184937    -0.0093845672    -0.0000000000
99 H     0.0084256756    -0.0641796050    -0.0000000000
100 H     0.0001011653    -0.0058713091    -0.0000000000
101 H    -0.0003097093    -0.0060862933    -0.0000000000
----------------------------------------------
cycle 1: E = -3084.23853019  dE = -3084.24  norm(grad) = 0.161174

Geometry optimization cycle 2
