1721283136.4815106

Geometry optimization cycle 1
Cartesian coordinates (Angstrom)
 Atom        New coordinates             dX        dY        dZ
   C  -7.338226   5.042760   0.000000    0.000000  0.000000  0.000000
   C  -7.365228   0.691139   0.000000    0.000000  0.000000  0.000000
   C  -6.173642   2.889413   0.000000    0.000000  0.000000  0.000000
   C  -4.910090   5.019617   0.000000    0.000000  0.000000  0.000000
   C  -7.358051  -3.642635   0.000000    0.000000  0.000000  0.000000
   C  -6.173475  -1.431785   0.000000    0.000000  0.000000  0.000000
   C  -4.940069   0.716689   0.000000    0.000000  0.000000  0.000000
   C  -3.694845   2.860312   0.000000    0.000000  0.000000  0.000000
   C  -2.457224   5.005715   0.000000    0.000000  0.000000  0.000000
   C  -6.138515  -5.727246   0.000000    0.000000  0.000000  0.000000
   C  -4.928214  -3.580071   0.000000    0.000000  0.000000  0.000000
   C  -3.698169  -1.425571   0.000000    0.000000  0.000000  0.000000
   C  -2.471779   0.716540   0.000000    0.000000  0.000000  0.000000
   C  -1.230705   2.851907   0.000000    0.000000 -0.000000  0.000000
   C   0.000000   5.003169   0.000000    0.000000  0.000000  0.000000
   C  -3.678966  -5.694052   0.000000    0.000000  0.000000  0.000000
   C  -2.466015  -3.560923   0.000000    0.000000  0.000000  0.000000
   C  -1.232423  -1.423207   0.000000    0.000000  0.000000  0.000000
   C   0.000000   0.715809   0.000000    0.000000  0.000000  0.000000
   C   1.230705   2.851907   0.000000    0.000000 -0.000000  0.000000
   C   2.457224   5.005715   0.000000    0.000000  0.000000  0.000000
   C  -1.226334  -5.685080   0.000000    0.000000  0.000000  0.000000
   C   0.000000  -3.557079   0.000000    0.000000  0.000000  0.000000
   C   1.232423  -1.423207   0.000000    0.000000  0.000000  0.000000
   C   2.471779   0.716540   0.000000    0.000000  0.000000  0.000000
   C   3.694845   2.860312   0.000000    0.000000  0.000000  0.000000
   C   4.910090   5.019617   0.000000    0.000000  0.000000  0.000000
   C   1.226334  -5.685080   0.000000    0.000000  0.000000  0.000000
   C   2.466015  -3.560923   0.000000    0.000000  0.000000  0.000000
   C   3.698169  -1.425571   0.000000    0.000000  0.000000  0.000000
   C   4.940069   0.716689   0.000000    0.000000  0.000000  0.000000
   C   6.173642   2.889413   0.000000    0.000000  0.000000  0.000000
   C   7.338226   5.042760   0.000000    0.000000  0.000000  0.000000
   C   3.678966  -5.694052   0.000000    0.000000  0.000000  0.000000
   C   4.928214  -3.580071   0.000000    0.000000  0.000000  0.000000
   C   6.173475  -1.431785   0.000000   -0.000000  0.000000  0.000000
   C   7.365228   0.691139   0.000000    0.000000  0.000000  0.000000
   C   6.138515  -5.727246   0.000000    0.000000  0.000000  0.000000
   C   7.358051  -3.642635   0.000000   -0.000000  0.000000  0.000000
   C  -7.358051   3.642635   0.000000    0.000000  0.000000  0.000000
   C  -6.138515   5.727246   0.000000    0.000000  0.000000  0.000000
   C  -7.365228  -0.691139   0.000000    0.000000  0.000000  0.000000
   C  -6.173475   1.431785   0.000000    0.000000  0.000000  0.000000
   C  -4.928214   3.580071   0.000000    0.000000 -0.000000  0.000000
   C  -3.678966   5.694052   0.000000    0.000000  0.000000  0.000000
   C  -7.338226  -5.042760   0.000000    0.000000  0.000000  0.000000
   C  -6.173642  -2.889413   0.000000    0.000000  0.000000  0.000000
   C  -4.940069  -0.716689   0.000000    0.000000  0.000000  0.000000
   C  -3.698169   1.425571   0.000000    0.000000  0.000000  0.000000
   C  -2.466015   3.560923   0.000000    0.000000 -0.000000  0.000000
   C  -1.226334   5.685080   0.000000    0.000000  0.000000  0.000000
   C  -4.910090  -5.019617   0.000000    0.000000  0.000000  0.000000
   C  -3.694845  -2.860312   0.000000    0.000000  0.000000  0.000000
   C  -2.471779  -0.716540   0.000000    0.000000  0.000000  0.000000
   C  -1.232423   1.423207   0.000000    0.000000  0.000000  0.000000
   C   0.000000   3.557079   0.000000    0.000000  0.000000  0.000000
   C   1.226334   5.685080   0.000000    0.000000  0.000000  0.000000
   C  -2.457224  -5.005715   0.000000    0.000000  0.000000  0.000000
   C  -1.230705  -2.851907   0.000000    0.000000  0.000000  0.000000
   C   0.000000  -0.715809   0.000000    0.000000  0.000000  0.000000
   C   1.232423   1.423207   0.000000    0.000000  0.000000  0.000000
   C   2.466015   3.560923   0.000000    0.000000 -0.000000  0.000000
   C   3.678966   5.694052   0.000000    0.000000  0.000000  0.000000
   C   0.000000  -5.003169   0.000000    0.000000  0.000000  0.000000
   C   1.230705  -2.851907   0.000000    0.000000  0.000000  0.000000
   C   2.471779  -0.716540   0.000000    0.000000  0.000000  0.000000
   C   3.698169   1.425571   0.000000    0.000000  0.000000  0.000000
   C   4.928214   3.580071   0.000000    0.000000 -0.000000  0.000000
   C   6.138515   5.727246   0.000000    0.000000  0.000000  0.000000
   C   2.457224  -5.005715   0.000000    0.000000  0.000000  0.000000
   C   3.694845  -2.860312   0.000000    0.000000  0.000000  0.000000
   N   4.940069  -0.716689   0.000000    0.000000  0.000000  0.000000
   C   6.173475   1.431785   0.000000   -0.000000  0.000000  0.000000
   C   7.358051   3.642635   0.000000   -0.000000  0.000000  0.000000
   C   4.910090  -5.019617   0.000000    0.000000  0.000000  0.000000
   C   6.173642  -2.889413   0.000000    0.000000  0.000000  0.000000
   C   7.365228  -0.691139   0.000000    0.000000  0.000000  0.000000
   C   7.338226  -5.042760   0.000000    0.000000  0.000000  0.000000
   H   8.282184   5.591425   0.000000    0.000000 -0.000000  0.000000
   H   8.325741   3.141106   0.000000    0.000000  0.000000  0.000000
   H   8.326715   1.204661   0.000000    0.000000  0.000000  0.000000
   H   8.326715  -1.204661   0.000000    0.000000  0.000000  0.000000
   H   8.325741  -3.141106   0.000000    0.000000  0.000000  0.000000
   H   8.282184  -5.591425   0.000000    0.000000  0.000000  0.000000
   H  -8.282184   5.591425   0.000000    0.000000 -0.000000  0.000000
   H  -8.325741   3.141106   0.000000    0.000000  0.000000  0.000000
   H  -8.326715   1.204661   0.000000    0.000000  0.000000  0.000000
   H  -8.326715  -1.204661   0.000000    0.000000  0.000000  0.000000
   H  -8.325741  -3.141106   0.000000    0.000000  0.000000  0.000000
   H  -8.282184  -5.591425   0.000000    0.000000  0.000000  0.000000
   H  -6.116625   6.819427   0.000000    0.000000  0.000000  0.000000
   H  -3.672757   6.787431   0.000000    0.000000  0.000000  0.000000
   H  -1.225580   6.778408   0.000000    0.000000 -0.000000  0.000000
   H   1.225580   6.778408   0.000000    0.000000 -0.000000  0.000000
   H   3.672757   6.787431   0.000000    0.000000  0.000000  0.000000
   H   6.116625   6.819427   0.000000   -0.000000  0.000000  0.000000
   H  -6.116625  -6.819427   0.000000    0.000000  0.000000  0.000000
   H  -3.672757  -6.787431   0.000000    0.000000  0.000000  0.000000
   H  -1.225580  -6.778408   0.000000    0.000000  0.000000  0.000000
   H   1.225580  -6.778408   0.000000    0.000000  0.000000  0.000000
   H   3.672757  -6.787431   0.000000    0.000000  0.000000  0.000000
   H   6.116625  -6.819427   0.000000   -0.000000  0.000000  0.000000
SCF not converged.
SCF energy = -3001.19102647982
--------------- ROKS_Scanner gradients ---------------
         x                y                z
0 C    -0.0045046558     0.0000570240     0.0000000000
1 C    -0.0035441846     0.0008596139    -0.0000000000
2 C     0.0017969163    -0.0072370427    -0.0000000000
3 C    -0.0032580687     0.0007451695    -0.0000000000
4 C    -0.0054529404    -0.0011241665    -0.0000000000
5 C     0.0004315082    -0.0051576030     0.0000000000
6 C     0.0022171806     0.0005355373    -0.0000000000
7 C    -0.0006778306    -0.0013283779     0.0000000000
8 C    -0.0011256314    -0.0084369524     0.0000000000
9 C     0.0016366983    -0.0017043530    -0.0000000000
10 C    -0.0005781530    -0.0005654035     0.0000000000
11 C    -0.0022704840    -0.0008463263     0.0000000000
12 C     0.0025073371    -0.0013406654    -0.0000000000
13 C     0.0006270501     0.0029339032     0.0000000000
14 C     0.0009102564    -0.0152434724     0.0000000000
15 C    -0.0011494750    -0.0004001961    -0.0000000000
16 C     0.0009519839    -0.0039099538     0.0000000000
17 C    -0.0014176853     0.0003511743    -0.0000000000
18 C     0.0009276176    -0.0000977787    -0.0000000000
19 C     0.0027751176     0.0015597341    -0.0000000000
20 C     0.0052497150    -0.0125105336    -0.0000000000
21 C    -0.0004667643     0.0003070680    -0.0000000000
22 C     0.0002563879    -0.0044704872    -0.0000000000
23 C    -0.0017540848     0.0034536032    -0.0000000000
24 C     0.0032568499    -0.0029183101    -0.0000000000
25 C    -0.0034894517    -0.0037666873     0.0000000000
26 C     0.0085222321    -0.0027085608    -0.0000000000
27 C     0.0005698451    -0.0004514598    -0.0000000000
28 C     0.0021248715    -0.0066195278    -0.0000000000
29 C    -0.0104709597    -0.0063812372     0.0000000000
30 C     0.0035946562     0.0074796370    -0.0000000000
31 C     0.0016057430    -0.0096380845     0.0000000000
32 C     0.0057119658     0.0000312457     0.0000000000
33 C    -0.0005686999    -0.0020510534    -0.0000000000
34 C    -0.0004642714    -0.0011430926    -0.0000000000
35 C     0.0096866898    -0.0117167544    -0.0000000000
36 C     0.0051890615     0.0008788807     0.0000000000
37 C    -0.0045720100    -0.0031392837    -0.0000000000
38 C    -0.0003005813    -0.0048826537    -0.0000000000
39 C    -0.0006106910     0.0039634650     0.0000000000
40 C     0.0028566169     0.0041078802     0.0000000000
41 C    -0.0021109314     0.0009539636    -0.0000000000
42 C    -0.0002649718     0.0049992153     0.0000000000
43 C     0.0021438165    -0.0012055318     0.0000000000
44 C    -0.0009091746     0.0055662732     0.0000000000
45 C    -0.0038013208     0.0020014405    -0.0000000000
46 C     0.0008029789     0.0044488983     0.0000000000
47 C     0.0018445917    -0.0008015478    -0.0000000000
48 C    -0.0029333078     0.0009668086     0.0000000000
49 C     0.0035570320    -0.0022957874    -0.0000000000
50 C    -0.0016683995     0.0065586884    -0.0000000000
51 C     0.0017748450    -0.0042234038    -0.0000000000
52 C    -0.0013263021     0.0023333014    -0.0000000000
53 C     0.0021844233     0.0010825073     0.0000000000
54 C    -0.0014042709    -0.0004600509     0.0000000000
55 C    -0.0015260356    -0.0039849702    -0.0000000000
56 C    -0.0022909455     0.0070543464     0.0000000000
57 C     0.0025972208    -0.0051162433     0.0000000000
58 C     0.0003934780     0.0015659638     0.0000000000
59 C     0.0002815246    -0.0006719355    -0.0000000000
60 C    -0.0018221727     0.0022745477     0.0000000000
61 C    -0.0049120006    -0.0019466216     0.0000000000
62 C    -0.0043858257     0.0061506139    -0.0000000000
63 C    -0.0004301902    -0.0043825441     0.0000000000
64 C     0.0013052329     0.0015317949     0.0000000000
65 C    -0.0066796574    -0.0050528206     0.0000000000
66 C    -0.0012718939     0.0122955495    -0.0000000000
67 C    -0.0030863402     0.0001237133    -0.0000000000
68 C    -0.0055719638     0.0049489221     0.0000000000
69 C    -0.0023436364    -0.0029946612     0.0000000000
70 C    -0.0068033125    -0.0013608616    -0.0000000000
71 N    -0.0007908748     0.0041788808     0.0000000000
72 C    -0.0016011260     0.0111175454    -0.0000000000
73 C    -0.0030363818     0.0070485104    -0.0000000000
74 C     0.0016785168    -0.0024298179     0.0000000000
75 C     0.0069561019     0.0024140635     0.0000000000
76 C     0.0100343137    -0.0016675422     0.0000000000
77 C     0.0053997264     0.0009556998     0.0000000000
78 H     0.0054186342     0.0034893212    -0.0000000000
79 H     0.0067699581    -0.0043002787    -0.0000000000
80 H     0.0062546783     0.0024461681     0.0000000000
81 H     0.0091849800    -0.0013712969    -0.0000000000
82 H     0.0036091244     0.0024331472    -0.0000000000
83 H     0.0045197108    -0.0029778079    -0.0000000000
84 H    -0.0052359376     0.0031123299     0.0000000000
85 H    -0.0064945359    -0.0035923674     0.0000000000
86 H    -0.0055578389     0.0027471927    -0.0000000000
87 H    -0.0055345627    -0.0032658627    -0.0000000000
88 H    -0.0042920642     0.0021748653     0.0000000000
89 H    -0.0047456101    -0.0025847275     0.0000000000
90 H    -0.0000563117     0.0068133011     0.0000000000
91 H    -0.0003318245     0.0091305131    -0.0000000000
92 H    -0.0002742754     0.0122237524    -0.0000000000
93 H    -0.0000499972     0.0130523327     0.0000000000
94 H     0.0002077936     0.0106477757    -0.0000000000
95 H     0.0000988307     0.0076081202    -0.0000000000
96 H     0.0005523135    -0.0047729670     0.0000000000
97 H     0.0001586741    -0.0029316994     0.0000000000
98 H    -0.0000569075    -0.0013298500     0.0000000000
99 H    -0.0002415147    -0.0012137819     0.0000000000
100 H    -0.0002137549    -0.0025686347     0.0000000000
101 H    -0.0004206125    -0.0044347319     0.0000000000
----------------------------------------------
cycle 1: E = -3001.19102648  dE = -3001.19  norm(grad) = 0.0634234
