1721280189.9409788

Geometry optimization cycle 1
Cartesian coordinates (Angstrom)
 Atom        New coordinates             dX        dY        dZ
   C  -7.338226   5.042760   0.000000    0.000000  0.000000  0.000000
   C  -7.365228   0.691139   0.000000    0.000000  0.000000  0.000000
   C  -6.173642   2.889413   0.000000    0.000000  0.000000  0.000000
   C  -4.910090   5.019617   0.000000    0.000000  0.000000  0.000000
   C  -7.358051  -3.642635   0.000000    0.000000  0.000000  0.000000
   C  -6.173475  -1.431785   0.000000    0.000000  0.000000  0.000000
   C  -4.940069   0.716689   0.000000    0.000000  0.000000  0.000000
   C  -3.694845   2.860312   0.000000    0.000000  0.000000  0.000000
   C  -2.457224   5.005715   0.000000    0.000000  0.000000  0.000000
   C  -6.138515  -5.727246   0.000000    0.000000  0.000000  0.000000
   C  -4.928214  -3.580071   0.000000    0.000000  0.000000  0.000000
   C  -3.698169  -1.425571   0.000000    0.000000  0.000000  0.000000
   C  -2.471779   0.716540   0.000000    0.000000  0.000000  0.000000
   C  -1.230705   2.851907   0.000000    0.000000 -0.000000  0.000000
   C   0.000000   5.003169   0.000000    0.000000  0.000000  0.000000
   C  -3.678966  -5.694052   0.000000    0.000000  0.000000  0.000000
   C  -2.466015  -3.560923   0.000000    0.000000  0.000000  0.000000
   C  -1.232423  -1.423207   0.000000    0.000000  0.000000  0.000000
   C   0.000000   0.715809   0.000000    0.000000  0.000000  0.000000
   C   1.230705   2.851907   0.000000    0.000000 -0.000000  0.000000
   C   2.457224   5.005715   0.000000    0.000000  0.000000  0.000000
   C  -1.226334  -5.685080   0.000000    0.000000  0.000000  0.000000
   C   0.000000  -3.557079   0.000000    0.000000  0.000000  0.000000
   C   1.232423  -1.423207   0.000000    0.000000  0.000000  0.000000
   C   2.471779   0.716540   0.000000    0.000000  0.000000  0.000000
   C   3.694845   2.860312   0.000000    0.000000  0.000000  0.000000
   N   4.910090   5.019617   0.000000    0.000000  0.000000  0.000000
   N   1.226334  -5.685080   0.000000    0.000000  0.000000  0.000000
   C   2.466015  -3.560923   0.000000    0.000000  0.000000  0.000000
   C   3.698169  -1.425571   0.000000    0.000000  0.000000  0.000000
   C   4.940069   0.716689   0.000000    0.000000  0.000000  0.000000
   C   6.173642   2.889413   0.000000    0.000000  0.000000  0.000000
   C   7.338226   5.042760   0.000000    0.000000  0.000000  0.000000
   C   3.678966  -5.694052   0.000000    0.000000  0.000000  0.000000
   C   4.928214  -3.580071   0.000000    0.000000  0.000000  0.000000
   C   6.173475  -1.431785   0.000000   -0.000000  0.000000  0.000000
   C   7.365228   0.691139   0.000000    0.000000  0.000000  0.000000
   N   6.138515  -5.727246   0.000000    0.000000  0.000000  0.000000
   C   7.358051  -3.642635   0.000000   -0.000000  0.000000  0.000000
   C  -7.358051   3.642635   0.000000    0.000000  0.000000  0.000000
   C  -6.138515   5.727246   0.000000    0.000000  0.000000  0.000000
   C  -7.365228  -0.691139   0.000000    0.000000  0.000000  0.000000
   N  -6.173475   1.431785   0.000000    0.000000  0.000000  0.000000
   C  -4.928214   3.580071   0.000000    0.000000 -0.000000  0.000000
   C  -3.678966   5.694052   0.000000    0.000000  0.000000  0.000000
   C  -7.338226  -5.042760   0.000000    0.000000  0.000000  0.000000
   C  -6.173642  -2.889413   0.000000    0.000000  0.000000  0.000000
   C  -4.940069  -0.716689   0.000000    0.000000  0.000000  0.000000
   C  -3.698169   1.425571   0.000000    0.000000  0.000000  0.000000
   C  -2.466015   3.560923   0.000000    0.000000 -0.000000  0.000000
   C  -1.226334   5.685080   0.000000    0.000000  0.000000  0.000000
   C  -4.910090  -5.019617   0.000000    0.000000  0.000000  0.000000
   C  -3.694845  -2.860312   0.000000    0.000000  0.000000  0.000000
   C  -2.471779  -0.716540   0.000000    0.000000  0.000000  0.000000
   C  -1.232423   1.423207   0.000000    0.000000  0.000000  0.000000
   C   0.000000   3.557079   0.000000    0.000000  0.000000  0.000000
   C   1.226334   5.685080   0.000000    0.000000  0.000000  0.000000
   C  -2.457224  -5.005715   0.000000    0.000000  0.000000  0.000000
   N  -1.230705  -2.851907   0.000000    0.000000  0.000000  0.000000
   C   0.000000  -0.715809   0.000000    0.000000  0.000000  0.000000
   C   1.232423   1.423207   0.000000    0.000000  0.000000  0.000000
   C   2.466015   3.560923   0.000000    0.000000 -0.000000  0.000000
   C   3.678966   5.694052   0.000000    0.000000  0.000000  0.000000
   C   0.000000  -5.003169   0.000000    0.000000  0.000000  0.000000
   C   1.230705  -2.851907   0.000000    0.000000  0.000000  0.000000
   C   2.471779  -0.716540   0.000000    0.000000  0.000000  0.000000
   C   3.698169   1.425571   0.000000    0.000000  0.000000  0.000000
   C   4.928214   3.580071   0.000000    0.000000 -0.000000  0.000000
   C   6.138515   5.727246   0.000000    0.000000  0.000000  0.000000
   C   2.457224  -5.005715   0.000000    0.000000  0.000000  0.000000
   C   3.694845  -2.860312   0.000000    0.000000  0.000000  0.000000
   N   4.940069  -0.716689   0.000000    0.000000  0.000000  0.000000
   C   6.173475   1.431785   0.000000   -0.000000  0.000000  0.000000
   C   7.358051   3.642635   0.000000   -0.000000  0.000000  0.000000
   C   4.910090  -5.019617   0.000000    0.000000  0.000000  0.000000
   C   6.173642  -2.889413   0.000000    0.000000  0.000000  0.000000
   C   7.365228  -0.691139   0.000000    0.000000  0.000000  0.000000
   C   7.338226  -5.042760   0.000000    0.000000  0.000000  0.000000
   H   8.282184   5.591425   0.000000    0.000000 -0.000000  0.000000
   H   8.325741   3.141106   0.000000    0.000000  0.000000  0.000000
   H   8.326715   1.204661   0.000000    0.000000  0.000000  0.000000
   H   8.326715  -1.204661   0.000000    0.000000  0.000000  0.000000
   H   8.325741  -3.141106   0.000000    0.000000  0.000000  0.000000
   H   8.282184  -5.591425   0.000000    0.000000  0.000000  0.000000
   H  -8.282184   5.591425   0.000000    0.000000 -0.000000  0.000000
   H  -8.325741   3.141106   0.000000    0.000000  0.000000  0.000000
   H  -8.326715   1.204661   0.000000    0.000000  0.000000  0.000000
   H  -8.326715  -1.204661   0.000000    0.000000  0.000000  0.000000
   H  -8.325741  -3.141106   0.000000    0.000000  0.000000  0.000000
   H  -8.282184  -5.591425   0.000000    0.000000  0.000000  0.000000
   H  -6.116625   6.819427   0.000000    0.000000  0.000000  0.000000
   H  -3.672757   6.787431   0.000000    0.000000  0.000000  0.000000
   H  -1.225580   6.778408   0.000000    0.000000 -0.000000  0.000000
   H   1.225580   6.778408   0.000000    0.000000 -0.000000  0.000000
   H   3.672757   6.787431   0.000000    0.000000  0.000000  0.000000
   H   6.116625   6.819427   0.000000   -0.000000  0.000000  0.000000
   H  -6.116625  -6.819427   0.000000    0.000000  0.000000  0.000000
   H  -3.672757  -6.787431   0.000000    0.000000  0.000000  0.000000
   H  -1.225580  -6.778408   0.000000    0.000000  0.000000  0.000000
   H   1.225580  -6.778408   0.000000    0.000000  0.000000  0.000000
   H   3.672757  -6.787431   0.000000    0.000000  0.000000  0.000000
   H   6.116625  -6.819427   0.000000   -0.000000  0.000000  0.000000
converged SCF energy = -3084.30625938317
--------------- RKS_Scanner gradients ---------------
         x                y                z
0 C    -0.0139584536    -0.0062049843    -0.0000000000
1 C    -0.0045977927     0.0189584968     0.0000000000
2 C     0.0081318368     0.0062660460    -0.0000000000
3 C    -0.0055772750    -0.0036356276    -0.0000000000
4 C     0.0056957221     0.0048300588    -0.0000000000
5 C    -0.0161675846     0.0150819246    -0.0000000000
6 C    -0.0012362892    -0.0141067841    -0.0000000000
7 C     0.0030315080    -0.0036801564     0.0000000000
8 C     0.0017992890    -0.0022721867    -0.0000000000
9 C    -0.0028875601    -0.0014757394    -0.0000000000
10 C    -0.0045604727     0.0063917240    -0.0000000000
11 C     0.0047607182     0.0025345838    -0.0000000000
12 C    -0.0137439186     0.0113379174    -0.0000000000
13 C    -0.0005657777    -0.0044168960    -0.0000000000
14 C     0.0127152058    -0.0016874487     0.0000000000
15 C    -0.0135614787    -0.0071040904    -0.0000000000
16 C    -0.0130346269     0.0003032458     0.0000000000
17 C     0.0001187846     0.0120864100    -0.0000000000
18 C     0.0117731993     0.0102669239    -0.0000000000
19 C    -0.0035709145    -0.0002482224    -0.0000000000
20 C     0.0152843478    -0.0007623036     0.0000000000
21 C    -0.0413371010    -0.0039734246     0.0000000000
22 C     0.0083793990    -0.0022490558     0.0000000000
23 C    -0.0094594135     0.0172268086    -0.0000000000
24 C     0.0134548174    -0.0093716705    -0.0000000000
25 C     0.0001928684    -0.0037113967    -0.0000000000
26 N     0.0172093405    -0.0076437816    -0.0000000000
27 N    -0.0052569861     0.0218104250     0.0000000000
28 C     0.0084453640     0.0203513620    -0.0000000000
29 C    -0.0086049074    -0.0024858571    -0.0000000000
30 C    -0.0119482000     0.0037672820    -0.0000000000
31 C     0.0082738511    -0.0008853481    -0.0000000000
32 C     0.0145647640     0.0120135541    -0.0000000000
33 C     0.0057875822     0.0009258948    -0.0000000000
34 C     0.0009583978     0.0302256213    -0.0000000000
35 C     0.0105410303     0.0525709290    -0.0000000000
36 C    -0.0203567857     0.0304610195    -0.0000000000
37 N     0.0111706395     0.0413864589    -0.0000000000
38 C    -0.0214234240     0.0533202585    -0.0000000000
39 C     0.0017225181     0.0219458921    -0.0000000000
40 C     0.0110122804     0.0025942819     0.0000000000
41 C     0.0047677782    -0.0318550092     0.0000000000
42 N    -0.0123088795    -0.0031511429     0.0000000000
43 C    -0.0054229104     0.0129331158     0.0000000000
44 C     0.0025624400     0.0059606603     0.0000000000
45 C    -0.0030328847    -0.0084758834     0.0000000000
46 C     0.0013442822    -0.0103138854     0.0000000000
47 C     0.0099720989     0.0017829248     0.0000000000
48 C     0.0246469721     0.0003771461    -0.0000000000
49 C    -0.0009081925    -0.0003040385    -0.0000000000
50 C    -0.0077190740     0.0058106881    -0.0000000000
51 C     0.0064105559    -0.0017735572     0.0000000000
52 C    -0.0013057628    -0.0119262122    -0.0000000000
53 C    -0.0057637609     0.0012550658     0.0000000000
54 C     0.0023391418     0.0059112398     0.0000000000
55 C     0.0031151270    -0.0011281201    -0.0000000000
56 C    -0.0198640190     0.0019430931    -0.0000000000
57 C     0.0166531586    -0.0097986468    -0.0000000000
58 N    -0.0011001485     0.0063441615     0.0000000000
59 C     0.0047543340    -0.0026113747     0.0000000000
60 C    -0.0170778472     0.0027257224     0.0000000000
61 C     0.0032276459     0.0043303373     0.0000000000
62 C    -0.0338965322     0.0168190156     0.0000000000
63 C     0.0274572455     0.0093867358    -0.0000000000
64 C     0.0119599626    -0.0191746010     0.0000000000
65 C    -0.0088650311     0.0024979173     0.0000000000
66 C    -0.0046907674     0.0029401923     0.0000000000
67 C    -0.0068596019    -0.0146704716     0.0000000000
68 C     0.0077655605     0.0130479398    -0.0000000000
69 C    -0.0060472995    -0.0062599100     0.0000000000
70 C    -0.0106914424    -0.0051531346     0.0000000000
71 N     0.0140153568    -0.0093339231    -0.0000000000
72 C     0.0339667042    -0.0044396768     0.0000000000
73 C    -0.0111454727    -0.0039799590     0.0000000000
74 C    -0.0012445642    -0.0181393108     0.0000000000
75 C     0.0195337682    -0.0674140095     0.0000000000
76 C    -0.0072644717    -0.0338018348     0.0000000000
77 C     0.0020547065    -0.0457925104     0.0000000000
78 H     0.0078131779     0.0009039712     0.0000000000
79 H     0.0063408420    -0.0035024269    -0.0000000000
80 H     0.0058115650     0.0036871007     0.0000000000
81 H     0.0082953286    -0.0021034979    -0.0000000000
82 H     0.0052714754     0.0074920394     0.0000000000
83 H     0.0106812666     0.0015772003    -0.0000000000
84 H    -0.0047799266     0.0037375848     0.0000000000
85 H    -0.0056466355    -0.0033769006    -0.0000000000
86 H    -0.0128011261    -0.0027285711     0.0000000000
87 H    -0.0053650559    -0.0064693051    -0.0000000000
88 H    -0.0055031923     0.0030790953     0.0000000000
89 H    -0.0047045957    -0.0028864210    -0.0000000000
90 H     0.0001865636     0.0062772383     0.0000000000
91 H     0.0003837735     0.0065360766    -0.0000000000
92 H    -0.0000043606     0.0062606961    -0.0000000000
93 H     0.0001584582     0.0061602606     0.0000000000
94 H    -0.0086491247     0.0095613083    -0.0000000000
95 H     0.0085261211     0.0096799626     0.0000000000
96 H    -0.0000059297    -0.0060250104     0.0000000000
97 H    -0.0009885976    -0.0068390536     0.0000000000
98 H     0.0002344864    -0.0060595395    -0.0000000000
99 H     0.0014023073    -0.0625234331     0.0000000000
100 H     0.0001643645    -0.0048382224     0.0000000000
101 H    -0.0013219387    -0.0628605860     0.0000000000
----------------------------------------------
cycle 1: E = -3084.30625938  dE = -3084.31  norm(grad) = 0.213407

Geometry optimization cycle 2
