1721240769.9213326

Geometry optimization cycle 1
Cartesian coordinates (Angstrom)
 Atom        New coordinates             dX        dY        dZ
   C  -7.338226   5.042760   0.000000    0.000000  0.000000  0.000000
   C  -7.365228   0.691139   0.000000    0.000000  0.000000  0.000000
   C  -6.173642   2.889413   0.000000    0.000000  0.000000  0.000000
   C  -4.910090   5.019617   0.000000    0.000000  0.000000  0.000000
   C  -7.358051  -3.642635   0.000000    0.000000  0.000000  0.000000
   C  -6.173475  -1.431785   0.000000    0.000000  0.000000  0.000000
   C  -4.940069   0.716689   0.000000    0.000000  0.000000  0.000000
   C  -3.694845   2.860312   0.000000    0.000000  0.000000  0.000000
   C  -2.457224   5.005715   0.000000    0.000000  0.000000  0.000000
   C  -6.138515  -5.727246   0.000000    0.000000  0.000000  0.000000
   C  -4.928214  -3.580071   0.000000    0.000000  0.000000  0.000000
   C  -3.698169  -1.425571   0.000000    0.000000  0.000000  0.000000
   C  -2.471779   0.716540   0.000000    0.000000  0.000000  0.000000
   C  -1.230705   2.851907   0.000000    0.000000 -0.000000  0.000000
   C   0.000000   5.003169   0.000000    0.000000  0.000000  0.000000
   C  -3.678966  -5.694052   0.000000    0.000000  0.000000  0.000000
   C  -2.466015  -3.560923   0.000000    0.000000  0.000000  0.000000
   C  -1.232423  -1.423207   0.000000    0.000000  0.000000  0.000000
   C   0.000000   0.715809   0.000000    0.000000  0.000000  0.000000
   C   1.230705   2.851907   0.000000    0.000000 -0.000000  0.000000
   C   2.457224   5.005715   0.000000    0.000000  0.000000  0.000000
   N  -1.226334  -5.685080   0.000000    0.000000  0.000000  0.000000
   C   0.000000  -3.557079   0.000000    0.000000  0.000000  0.000000
   C   1.232423  -1.423207   0.000000    0.000000  0.000000  0.000000
   C   2.471779   0.716540   0.000000    0.000000  0.000000  0.000000
   C   3.694845   2.860312   0.000000    0.000000  0.000000  0.000000
   N   4.910090   5.019617   0.000000    0.000000  0.000000  0.000000
   C   1.226334  -5.685080   0.000000    0.000000  0.000000  0.000000
   C   2.466015  -3.560923   0.000000    0.000000  0.000000  0.000000
   C   3.698169  -1.425571   0.000000    0.000000  0.000000  0.000000
   C   4.940069   0.716689   0.000000    0.000000  0.000000  0.000000
   C   6.173642   2.889413   0.000000    0.000000  0.000000  0.000000
   C   7.338226   5.042760   0.000000    0.000000  0.000000  0.000000
   C   3.678966  -5.694052   0.000000    0.000000  0.000000  0.000000
   C   4.928214  -3.580071   0.000000    0.000000  0.000000  0.000000
   C   6.173475  -1.431785   0.000000   -0.000000  0.000000  0.000000
   C   7.365228   0.691139   0.000000    0.000000  0.000000  0.000000
   C   6.138515  -5.727246   0.000000    0.000000  0.000000  0.000000
   C   7.358051  -3.642635   0.000000   -0.000000  0.000000  0.000000
   C  -7.358051   3.642635   0.000000    0.000000  0.000000  0.000000
   C  -6.138515   5.727246   0.000000    0.000000  0.000000  0.000000
   C  -7.365228  -0.691139   0.000000    0.000000  0.000000  0.000000
   C  -6.173475   1.431785   0.000000    0.000000  0.000000  0.000000
   N  -4.928214   3.580071   0.000000    0.000000 -0.000000  0.000000
   C  -3.678966   5.694052   0.000000    0.000000  0.000000  0.000000
   C  -7.338226  -5.042760   0.000000    0.000000  0.000000  0.000000
   N  -6.173642  -2.889413   0.000000    0.000000  0.000000  0.000000
   C  -4.940069  -0.716689   0.000000    0.000000  0.000000  0.000000
   C  -3.698169   1.425571   0.000000    0.000000  0.000000  0.000000
   C  -2.466015   3.560923   0.000000    0.000000 -0.000000  0.000000
   C  -1.226334   5.685080   0.000000    0.000000  0.000000  0.000000
   C  -4.910090  -5.019617   0.000000    0.000000  0.000000  0.000000
   C  -3.694845  -2.860312   0.000000    0.000000  0.000000  0.000000
   C  -2.471779  -0.716540   0.000000    0.000000  0.000000  0.000000
   C  -1.232423   1.423207   0.000000    0.000000  0.000000  0.000000
   C   0.000000   3.557079   0.000000    0.000000  0.000000  0.000000
   C   1.226334   5.685080   0.000000    0.000000  0.000000  0.000000
   N  -2.457224  -5.005715   0.000000    0.000000  0.000000  0.000000
   C  -1.230705  -2.851907   0.000000    0.000000  0.000000  0.000000
   C   0.000000  -0.715809   0.000000    0.000000  0.000000  0.000000
   C   1.232423   1.423207   0.000000    0.000000  0.000000  0.000000
   C   2.466015   3.560923   0.000000    0.000000 -0.000000  0.000000
   C   3.678966   5.694052   0.000000    0.000000  0.000000  0.000000
   C   0.000000  -5.003169   0.000000    0.000000  0.000000  0.000000
   C   1.230705  -2.851907   0.000000    0.000000  0.000000  0.000000
   C   2.471779  -0.716540   0.000000    0.000000  0.000000  0.000000
   C   3.698169   1.425571   0.000000    0.000000  0.000000  0.000000
   C   4.928214   3.580071   0.000000    0.000000 -0.000000  0.000000
   N   6.138515   5.727246   0.000000    0.000000  0.000000  0.000000
   C   2.457224  -5.005715   0.000000    0.000000  0.000000  0.000000
   C   3.694845  -2.860312   0.000000    0.000000  0.000000  0.000000
   C   4.940069  -0.716689   0.000000    0.000000  0.000000  0.000000
   C   6.173475   1.431785   0.000000   -0.000000  0.000000  0.000000
   C   7.358051   3.642635   0.000000   -0.000000  0.000000  0.000000
   C   4.910090  -5.019617   0.000000    0.000000  0.000000  0.000000
   C   6.173642  -2.889413   0.000000    0.000000  0.000000  0.000000
   C   7.365228  -0.691139   0.000000    0.000000  0.000000  0.000000
   C   7.338226  -5.042760   0.000000    0.000000  0.000000  0.000000
   H   8.282184   5.591425   0.000000    0.000000 -0.000000  0.000000
   H   8.325741   3.141106   0.000000    0.000000  0.000000  0.000000
   H   8.326715   1.204661   0.000000    0.000000  0.000000  0.000000
   H   8.326715  -1.204661   0.000000    0.000000  0.000000  0.000000
   H   8.325741  -3.141106   0.000000    0.000000  0.000000  0.000000
   H   8.282184  -5.591425   0.000000    0.000000  0.000000  0.000000
   H  -8.282184   5.591425   0.000000    0.000000 -0.000000  0.000000
   H  -8.325741   3.141106   0.000000    0.000000  0.000000  0.000000
   H  -8.326715   1.204661   0.000000    0.000000  0.000000  0.000000
   H  -8.326715  -1.204661   0.000000    0.000000  0.000000  0.000000
   H  -8.325741  -3.141106   0.000000    0.000000  0.000000  0.000000
   H  -8.282184  -5.591425   0.000000    0.000000  0.000000  0.000000
   H  -6.116625   6.819427   0.000000    0.000000  0.000000  0.000000
   H  -3.672757   6.787431   0.000000    0.000000  0.000000  0.000000
   H  -1.225580   6.778408   0.000000    0.000000 -0.000000  0.000000
   H   1.225580   6.778408   0.000000    0.000000 -0.000000  0.000000
   H   3.672757   6.787431   0.000000    0.000000  0.000000  0.000000
   H   6.116625   6.819427   0.000000   -0.000000  0.000000  0.000000
   H  -6.116625  -6.819427   0.000000    0.000000  0.000000  0.000000
   H  -3.672757  -6.787431   0.000000    0.000000  0.000000  0.000000
   H  -1.225580  -6.778408   0.000000    0.000000  0.000000  0.000000
   H   1.225580  -6.778408   0.000000    0.000000  0.000000  0.000000
   H   3.672757  -6.787431   0.000000    0.000000  0.000000  0.000000
   H   6.116625  -6.819427   0.000000   -0.000000  0.000000  0.000000
converged SCF energy = -3084.21951261511
--------------- RKS_Scanner gradients ---------------
         x                y                z
0 C    -0.0147239527    -0.0124488999     0.0000000000
1 C    -0.0055666588    -0.0033449491    -0.0000000000
2 C     0.0015736829    -0.0152367668     0.0000000000
3 C    -0.0287064525     0.0018701830    -0.0000000000
4 C     0.0178740837     0.0184433562    -0.0000000000
5 C    -0.0051139981     0.0200990785    -0.0000000000
6 C     0.0003203762     0.0008289703    -0.0000000000
7 C    -0.0027938537    -0.0053803492     0.0000000000
8 C    -0.0283533520    -0.0075233114     0.0000000000
9 C    -0.0026453403     0.0112607968     0.0000000000
10 C     0.0179379280    -0.0084074169     0.0000000000
11 C    -0.0053487869     0.0014519705    -0.0000000000
12 C    -0.0040034566     0.0042876507    -0.0000000000
13 C    -0.0014154975     0.0073653141     0.0000000000
14 C    -0.0125367289     0.0003633419     0.0000000000
15 C    -0.0251547197    -0.0098378442     0.0000000000
16 C    -0.0086584959     0.0516525298     0.0000000000
17 C     0.0038461403     0.0099434958    -0.0000000000
18 C     0.0016054699     0.0047288189    -0.0000000000
19 C    -0.0006298352     0.0007049845     0.0000000000
20 C    -0.0030642335     0.0056454266    -0.0000000000
21 N     0.0062933331     0.0321017072    -0.0000000000
22 C     0.0101824092     0.0064878488     0.0000000000
23 C     0.0021853247     0.0017692855    -0.0000000000
24 C     0.0090022881     0.0008838566    -0.0000000000
25 C     0.0088346383    -0.0056628989    -0.0000000000
26 N     0.0390351857     0.0047997700     0.0000000000
27 C     0.0458098559    -0.0006040259     0.0000000000
28 C     0.0028703921     0.0036725414    -0.0000000000
29 C     0.0023146873     0.0015449718    -0.0000000000
30 C     0.0048009828     0.0010145525    -0.0000000000
31 C     0.0415711571     0.0209762303    -0.0000000000
32 C    -0.0007643017     0.0632372242    -0.0000000000
33 C     0.0157984807    -0.0043012743     0.0000000000
34 C     0.0013492498     0.0027405735    -0.0000000000
35 C     0.0065312688     0.0015597176    -0.0000000000
36 C    -0.0093445955     0.0094229599    -0.0000000000
37 C     0.0012378567    -0.0020363205     0.0000000000
38 C    -0.0000970976     0.0009814142    -0.0000000000
39 C    -0.0126217737     0.0131527061     0.0000000000
40 C     0.0204235990     0.0107541730     0.0000000000
41 C     0.0074364880     0.0110982834     0.0000000000
42 C    -0.0037650266    -0.0009310397     0.0000000000
43 N     0.0102681678     0.0024027924     0.0000000000
44 C     0.0271983641     0.0131547943     0.0000000000
45 C    -0.0085936942    -0.0298496950     0.0000000000
46 N    -0.0319844004    -0.0126896453    -0.0000000000
47 C     0.0000595520     0.0101379513     0.0000000000
48 C     0.0109410748    -0.0065135370     0.0000000000
49 C     0.0183073047    -0.0015073800    -0.0000000000
50 C     0.0214700347     0.0064431473    -0.0000000000
51 C     0.0007302186    -0.0111104126    -0.0000000000
52 C     0.0177241190     0.0011558825    -0.0000000000
53 C     0.0032482528    -0.0078885893     0.0000000000
54 C    -0.0008930626    -0.0034330163    -0.0000000000
55 C     0.0003002983    -0.0041997937    -0.0000000000
56 C     0.0028577064     0.0017474680    -0.0000000000
57 N     0.0119555737    -0.0378921974    -0.0000000000
58 C    -0.0108511120    -0.0026970368    -0.0000000000
59 C    -0.0027696699    -0.0031769879     0.0000000000
60 C    -0.0058918573     0.0016606555     0.0000000000
61 C    -0.0009360467     0.0000916990     0.0000000000
62 C    -0.0350164718     0.0173708663     0.0000000000
63 C    -0.0234351414     0.0029181219    -0.0000000000
64 C    -0.0057243862     0.0026725132     0.0000000000
65 C    -0.0026296800    -0.0017897539     0.0000000000
66 C    -0.0105227095    -0.0040130319     0.0000000000
67 C    -0.0285067810    -0.0068517312     0.0000000000
68 N     0.0072127808    -0.0495258524    -0.0000000000
69 C    -0.0229796469    -0.0067817197    -0.0000000000
70 C    -0.0028968399    -0.0023622798     0.0000000000
71 C    -0.0050627333     0.0011998881     0.0000000000
72 C     0.0080835579    -0.0225467878     0.0000000000
73 C    -0.0278258327    -0.0638490542     0.0000000000
74 C    -0.0057566913    -0.0035938539    -0.0000000000
75 C    -0.0036089837    -0.0002554678     0.0000000000
76 C    -0.0003152376    -0.0106099713     0.0000000000
77 C     0.0041734023    -0.0039174392     0.0000000000
78 H     0.0129487043    -0.0040525765     0.0000000000
79 H     0.0057174865    -0.0072766902    -0.0000000000
80 H     0.0051608526     0.0032842904     0.0000000000
81 H     0.0054799227    -0.0030770114    -0.0000000000
82 H     0.0055211178     0.0029220566     0.0000000000
83 H     0.0046994997    -0.0027175806    -0.0000000000
84 H    -0.0052879633     0.0027072607    -0.0000000000
85 H    -0.0089969423    -0.0011696912    -0.0000000000
86 H    -0.0056522456     0.0042494578     0.0000000000
87 H    -0.0062472459    -0.0036485221    -0.0000000000
88 H    -0.0137659119    -0.0024482413     0.0000000000
89 H    -0.0046693497    -0.0063878010    -0.0000000000
90 H    -0.0024906049     0.0081883915    -0.0000000000
91 H     0.0031851248     0.0083459337    -0.0000000000
92 H     0.0004292318     0.0063026294    -0.0000000000
93 H     0.0006779073     0.0058321937    -0.0000000000
94 H    -0.0075387024     0.0081079220    -0.0000000000
95 H     0.0075323326     0.0646041164     0.0000000000
96 H     0.0002972423    -0.0068677353    -0.0000000000
97 H    -0.0065597945    -0.0098596418     0.0000000000
98 H     0.0083140567    -0.0633900610     0.0000000000
99 H    -0.0004203296    -0.0050442201     0.0000000000
100 H    -0.0000572056    -0.0058651167    -0.0000000000
101 H    -0.0000927454    -0.0057866613    -0.0000000000
----------------------------------------------
cycle 1: E = -3084.21951262  dE = -3084.22  norm(grad) = 0.221525

Geometry optimization cycle 2
Cartesian coordinates (Angstrom)
 Atom        New coordinates             dX        dY        dZ
   C  -7.313177   4.937222   0.000000    0.025049 -0.105538  0.000000
   C  -7.292929   0.628137   0.000000    0.072299 -0.063002  0.000000
   C  -6.125411   2.831359   0.000000    0.048231 -0.058054  0.000000
   C  -4.885764   4.933270   0.000000    0.024326 -0.086347  0.000000
   C  -7.286529  -3.501962   0.000000    0.071522  0.140673  0.000000
   C  -6.089516  -1.428918   0.000000    0.083959  0.002867  0.000000
   C  -4.892391   0.703627   0.000000    0.047677 -0.013062  0.000000
   C  -3.672972   2.841597   0.000000    0.021873 -0.018715  0.000000
   C  -2.433673   4.982504   0.000000    0.023551 -0.023211  0.000000
   C  -6.075948  -5.640688   0.000000    0.062567  0.086558  0.000000
   C  -4.873625  -3.522193   0.000000    0.054590  0.057877  0.000000
   C  -3.643933  -1.392326   0.000000    0.054236  0.033245  0.000000
   C  -2.442889   0.730555   0.000000    0.028890  0.014015  0.000000
   C  -1.227854   2.844241   0.000000    0.002851 -0.007666  0.000000
   C   0.005342   4.986151   0.000000    0.005342 -0.017018  0.000000
   C  -3.605493  -5.579981   0.000000    0.073473  0.114071  0.000000
   C  -2.429622  -3.484700   0.000000    0.036393  0.076222  0.000000
   C  -1.206131  -1.393321   0.000000    0.026292  0.029886  0.000000
   C   0.010374   0.717276   0.000000    0.010374  0.001467  0.000000
   C   1.217565   2.828811   0.000000   -0.013139 -0.023096  0.000000
   C   2.430670   4.947311   0.000000   -0.026553 -0.058404  0.000000
   N  -1.254775  -5.509350   0.000000   -0.028440  0.175730  0.000000
   C   0.015241  -3.507833   0.000000    0.015241  0.049245  0.000000
   C   1.242245  -1.411077   0.000000    0.009822  0.012130  0.000000
   C   2.464831   0.701593   0.000000   -0.006948 -0.014947  0.000000
   C   3.666035   2.810138   0.000000   -0.028810 -0.050173  0.000000
   N   4.786549   4.878760   0.000000   -0.123541 -0.140857  0.000000
   C   1.164194  -5.649766   0.000000   -0.062140  0.035314  0.000000
   C   2.459046  -3.542602   0.000000   -0.006968  0.018321  0.000000
   C   3.694039  -1.426431   0.000000   -0.004130 -0.000860  0.000000
   C   4.930230   0.699452   0.000000   -0.009838 -0.017237  0.000000
   C   6.151026   2.851771   0.000000   -0.022616 -0.037642  0.000000
   C   7.193715   4.987906   0.000000   -0.144510 -0.054854  0.000000
   C   3.617630  -5.663296   0.000000   -0.061336  0.030756  0.000000
   C   4.908281  -3.569143   0.000000   -0.019933  0.010928  0.000000
   C   6.155228  -1.435735   0.000000   -0.018247 -0.003950  0.000000
   C   7.354443   0.685141   0.000000   -0.010785 -0.005998  0.000000
   C   6.068284  -5.713561   0.000000   -0.070231  0.013685  0.000000
   C   7.326134  -3.645098   0.000000   -0.031917 -0.002463  0.000000
   C  -7.305875   3.540161   0.000000    0.052177 -0.102474  0.000000
   C  -6.129040   5.604365   0.000000    0.009475 -0.122881  0.000000
   C  -7.308231  -0.750864   0.000000    0.056997 -0.059725  0.000000
   C  -6.122527   1.389104   0.000000    0.050948 -0.042681  0.000000
   N  -4.906594   3.522003   0.000000    0.021620 -0.058068  0.000000
   C  -3.690732   5.608405   0.000000   -0.011766 -0.085647  0.000000
   C  -7.226922  -4.871956   0.000000    0.111304  0.170804  0.000000
   N  -6.069228  -2.832867   0.000000    0.104414  0.056546  0.000000
   C  -4.879630  -0.712401   0.000000    0.060439  0.004287  0.000000
   C  -3.673039   1.424200   0.000000    0.025130 -0.001371  0.000000
   C  -2.465124   3.548955   0.000000    0.000890 -0.011968  0.000000
   C  -1.228433   5.660768   0.000000   -0.002099 -0.024312  0.000000
   C  -4.847755  -4.940447   0.000000    0.062336  0.079170  0.000000
   C  -3.660122  -2.806549   0.000000    0.034723  0.053763  0.000000
   C  -2.434343  -0.685256   0.000000    0.037436  0.031284  0.000000
   C  -1.212716   1.428442   0.000000    0.019706  0.005235  0.000000
   C  -0.002256   3.547172   0.000000   -0.002256 -0.009906  0.000000
   C   1.224385   5.656962   0.000000   -0.001949 -0.028118  0.000000
   N  -2.455244  -4.847579   0.000000    0.001979  0.158136  0.000000
   C  -1.193700  -2.800997   0.000000    0.037005  0.050910  0.000000
   C   0.021332  -0.700178  -0.000000    0.021332  0.015631 -0.000000
   C   1.238071   1.410011   0.000000    0.005648 -0.013196  0.000000
   C   2.448889   3.517423   0.000000   -0.017126 -0.043500  0.000000
   C   3.653311   5.601337   0.000000   -0.025655 -0.092715  0.000000
   C   0.002184  -4.927848   0.000000    0.002184  0.075321  0.000000
   C   1.244540  -2.827879  -0.000000    0.013835  0.024028 -0.000000
   C   2.476686  -0.718386  -0.000000    0.004907 -0.001847 -0.000000
   C   3.692227   1.394604   0.000000   -0.005942 -0.030967  0.000000
   C   4.907748   3.489264   0.000000   -0.020466 -0.090807  0.000000
   N   5.967300   5.599372   0.000000   -0.171215 -0.127874  0.000000
   C   2.415896  -4.975891   0.000000   -0.041328  0.029824  0.000000
   C   3.686812  -2.851554  -0.000000   -0.008033  0.008757 -0.000000
   C   4.932875  -0.725905   0.000000   -0.007194 -0.009216  0.000000
   C   6.156703   1.420932   0.000000   -0.016772 -0.010853  0.000000
   C   7.336246   3.653186   0.000000   -0.021805  0.010551  0.000000
   C   4.856065  -4.998461   0.000000   -0.054026  0.021156  0.000000
   C   6.154993  -2.887737   0.000000   -0.018649  0.001676  0.000000
   C   7.338452  -0.685680   0.000000   -0.026776  0.005459  0.000000
   C   7.264243  -5.035448   0.000000   -0.073983  0.007312  0.000000
   H   8.057485   5.636805   0.000000   -0.224699  0.045381  0.000000
   H   8.329922   3.231541   0.000000    0.004182  0.090435  0.000000
   H   8.311898   1.190040   0.000000   -0.014817 -0.014621  0.000000
   H   8.292624  -1.196272   0.000000   -0.034091  0.008389  0.000000
   H   8.296297  -3.165693   0.000000   -0.029444 -0.024587  0.000000
   H   8.193168  -5.596149   0.000000   -0.089016 -0.004724  0.000000
   H  -8.253750   5.476886   0.000000    0.028434 -0.114538  0.000000
   H  -8.245606   3.009307   0.000000    0.080134 -0.131799  0.000000
   H  -8.251478   1.128567   0.000000    0.075237 -0.076094  0.000000
   H  -8.252749  -1.276677   0.000000    0.073966 -0.072016  0.000000
   H  -8.213639  -2.955641   0.000000    0.112102  0.185465  0.000000
   H  -8.181184  -5.383552   0.000000    0.101000  0.207873  0.000000
   H  -6.106850   6.686328   0.000000    0.009775 -0.133099  0.000000
   H  -3.734172   6.690407   0.000000   -0.061415 -0.097024  0.000000
   H  -1.238039   6.746125   0.000000   -0.012459 -0.032283  0.000000
   H   1.237706   6.742873   0.000000    0.012126 -0.035535  0.000000
   H   3.730407   6.681731   0.000000    0.057650 -0.105700  0.000000
   H   5.867091   6.605939   0.000000   -0.249535 -0.213488  0.000000
   H  -6.095527  -6.724289   0.000000    0.021098  0.095138  0.000000
   H  -3.525113  -6.658027   0.000000    0.147644  0.129404  0.000000
   H  -1.327978  -6.520285   0.000000   -0.102398  0.258123  0.000000
   H   1.133426  -6.736314   0.000000   -0.092153  0.042094  0.000000
   H   3.603435  -6.749221   0.000000   -0.069322  0.038211  0.000000
   H   6.039368  -6.798314   0.000000   -0.077257  0.021113  0.000000
converged SCF energy = -3084.28313680472
--------------- RKS_Scanner gradients ---------------
         x                y                z
0 C    -0.0068660034    -0.0044998685    -0.0000000000
1 C     0.0042454514    -0.0066462806     0.0000000000
2 C     0.0039726075    -0.0067828230    -0.0000000000
3 C    -0.0081618765     0.0077727195     0.0000000000
4 C    -0.0045024740     0.0301119487    -0.0000000000
5 C    -0.0023734576     0.0135399921     0.0000000000
6 C    -0.0008104007    -0.0012576887     0.0000000000
7 C     0.0013826190    -0.0028091385     0.0000000000
8 C    -0.0052499445     0.0007488630    -0.0000000000
9 C    -0.0077753364    -0.0085845014    -0.0000000000
10 C     0.0034835551    -0.0082309756     0.0000000000
11 C     0.0015484728     0.0035214073     0.0000000000
12 C    -0.0005480545     0.0039452898     0.0000000000
13 C    -0.0027255085     0.0038135556    -0.0000000000
14 C    -0.0041569451     0.0007722806    -0.0000000000
15 C    -0.0023740907    -0.0080572518     0.0000000000
16 C     0.0058907304     0.0283128543    -0.0000000000
17 C    -0.0017537413     0.0045178622     0.0000000000
18 C    -0.0021883504     0.0022491471    -0.0000000000
19 C    -0.0024749408     0.0007643605    -0.0000000000
20 C     0.0022759935    -0.0037120318     0.0000000000
21 N    -0.0007586439     0.0233157607    -0.0000000000
22 C     0.0004908310    -0.0016713216    -0.0000000000
23 C    -0.0008217947     0.0011873875    -0.0000000000
24 C     0.0008555038     0.0020741680     0.0000000000
25 C    -0.0012527293     0.0038971273     0.0000000000
26 N    -0.0128498378    -0.0096398695     0.0000000000
27 C     0.0151533539    -0.0015093339    -0.0000000000
28 C     0.0032293537     0.0037256873    -0.0000000000
29 C     0.0015691666     0.0005009877     0.0000000000
30 C     0.0019913334     0.0010346452     0.0000000000
31 C     0.0155133715     0.0174169272     0.0000000000
32 C    -0.0105289455     0.0122725997     0.0000000000
33 C     0.0069066372    -0.0015176882    -0.0000000000
34 C     0.0026841657     0.0037345341    -0.0000000000
35 C     0.0028872849     0.0014905144    -0.0000000000
36 C    -0.0013266842     0.0054519350     0.0000000000
37 C     0.0012472505    -0.0019910204     0.0000000000
38 C     0.0034141481     0.0018855887    -0.0000000000
39 C    -0.0008268283     0.0038825133     0.0000000000
40 C     0.0099787900    -0.0070177778    -0.0000000000
41 C    -0.0035907159    -0.0063797949    -0.0000000000
42 C    -0.0014618574     0.0055971129    -0.0000000000
43 N     0.0016281170     0.0024683091     0.0000000000
44 C     0.0074639024    -0.0062449824    -0.0000000000
45 C     0.0199128435    -0.0001183103     0.0000000000
46 N    -0.0094784697    -0.0199026613     0.0000000000
47 C     0.0002864902    -0.0014981034    -0.0000000000
48 C     0.0002552279    -0.0001716618    -0.0000000000
49 C     0.0018054111     0.0035513596    -0.0000000000
50 C     0.0107049952     0.0014127800     0.0000000000
51 C     0.0053825281     0.0080858577    -0.0000000000
52 C     0.0050563716    -0.0041025017    -0.0000000000
53 C     0.0015212980    -0.0033038585    -0.0000000000
54 C     0.0007913482    -0.0030967978    -0.0000000000
55 C    -0.0007880244    -0.0010436764     0.0000000000
56 C     0.0038811899     0.0057708943    -0.0000000000
57 N    -0.0134352690    -0.0150539196     0.0000000000
58 C    -0.0039683600    -0.0042624932     0.0000000000
59 C     0.0011207553    -0.0013913744     0.0000000000
60 C     0.0014143769    -0.0003565315     0.0000000000
61 C     0.0013059006    -0.0031759674    -0.0000000000
62 C    -0.0046216539     0.0189039095     0.0000000000
63 C     0.0015952608    -0.0035909028     0.0000000000
64 C     0.0000309299    -0.0039962591     0.0000000000
65 C     0.0013425276    -0.0025790693    -0.0000000000
66 C     0.0007690617    -0.0022783161    -0.0000000000
67 C     0.0079585826    -0.0127104735    -0.0000000000
68 N    -0.0052126787    -0.0142305302    -0.0000000000
69 C    -0.0136944889     0.0004306380    -0.0000000000
70 C    -0.0005708255    -0.0029157354    -0.0000000000
71 C    -0.0015675235     0.0000217668     0.0000000000
72 C     0.0016899512    -0.0117638522    -0.0000000000
73 C    -0.0025515723    -0.0159490934    -0.0000000000
74 C    -0.0051919211    -0.0003122086     0.0000000000
75 C    -0.0012627559    -0.0039056359     0.0000000000
76 C    -0.0036742951    -0.0021686830     0.0000000000
77 C    -0.0044340308     0.0015406125    -0.0000000000
78 H     0.0037962550    -0.0052574134    -0.0000000000
79 H     0.0018749627    -0.0000995982     0.0000000000
80 H     0.0011499891    -0.0001452482    -0.0000000000
81 H     0.0002810452     0.0004280098    -0.0000000000
82 H     0.0009549736     0.0005476416     0.0000000000
83 H     0.0002076676     0.0001262301     0.0000000000
84 H    -0.0012733405     0.0002591432     0.0000000000
85 H    -0.0021527264     0.0001280007     0.0000000000
86 H    -0.0000890410     0.0004612463    -0.0000000000
87 H    -0.0031622617    -0.0067484186    -0.0000000000
88 H    -0.0068318837     0.0035201174     0.0000000000
89 H     0.0015541639     0.0007456585    -0.0000000000
90 H    -0.0014602141     0.0002164609     0.0000000000
91 H     0.0015102871     0.0001210287     0.0000000000
92 H    -0.0001839778     0.0008094431    -0.0000000000
93 H    -0.0001738529     0.0013577106    -0.0000000000
94 H    -0.0032576897     0.0021240043    -0.0000000000
95 H     0.0006726286     0.0099986946     0.0000000000
96 H     0.0014033257    -0.0028784962    -0.0000000000
97 H    -0.0028974531    -0.0021917677    -0.0000000000
98 H     0.0027267675    -0.0092980534     0.0000000000
99 H    -0.0015962570    -0.0017298992    -0.0000000000
100 H    -0.0011092675    -0.0007810424     0.0000000000
101 H    -0.0006919632    -0.0010318212    -0.0000000000
----------------------------------------------
cycle 2: E = -3084.2831368  dE = -0.0636242  norm(grad) = 0.0937233

Geometry optimization cycle 3
Cartesian coordinates (Angstrom)
 Atom        New coordinates             dX        dY        dZ
   C  -7.260599   4.972263  -0.000000    0.052578  0.035041 -0.000000
   C  -7.293212   0.693396   0.000000   -0.000283  0.065259 -0.000000
   C  -6.113278   2.848581  -0.000000    0.012132  0.017221 -0.000000
   C  -4.870834   4.920151  -0.000000    0.014931 -0.013119 -0.000000
   C  -7.198815  -3.658083   0.000000    0.087714 -0.156120  0.000000
   C  -6.089564  -1.443417   0.000000   -0.000047 -0.014500  0.000000
   C  -4.894713   0.693216   0.000000   -0.002322 -0.010411  0.000000
   C  -3.679350   2.826808  -0.000000   -0.006378 -0.014789 -0.000000
   C  -2.439023   4.954942   0.000000   -0.005351 -0.027563 -0.000000
   C  -6.039106  -5.654432   0.000000    0.036842 -0.013744  0.000000
   C  -4.870216  -3.495814   0.000000    0.003409  0.026380  0.000000
   C  -3.645959  -1.399541   0.000000   -0.002026 -0.007215  0.000000
   C  -2.451105   0.717527   0.000000   -0.008216 -0.013028  0.000000
   C  -1.235806   2.821255   0.000000   -0.007952 -0.022986  0.000000
   C   0.004471   4.959696   0.000000   -0.000871 -0.026455  0.000000
   C  -3.573149  -5.497093   0.000000    0.032344  0.082888  0.000000
   C  -2.427237  -3.497492   0.000000    0.002384 -0.012792  0.000000
   C  -1.217724  -1.399657   0.000000   -0.011593 -0.006335  0.000000
   C  -0.003741   0.705072   0.000000   -0.014115 -0.012204  0.000000
   C   1.204243   2.813894   0.000000   -0.013322 -0.014917  0.000000
   C   2.442582   4.921828   0.000000    0.011912 -0.025482  0.000000
   N  -1.255123  -5.518190   0.000000   -0.000348 -0.008840  0.000000
   C   0.002452  -3.492993   0.000000   -0.012789  0.014841  0.000000
   C   1.225852  -1.407704   0.000000   -0.016394  0.003374  0.000000
   C   2.440327   0.702026   0.000000   -0.024504  0.000434  0.000000
   C   3.645837   2.812974   0.000000   -0.020198  0.002836  0.000000
   N   4.846418   4.877717   0.000000    0.059869 -0.001042  0.000000
   C   1.128781  -5.611894   0.000000   -0.035413  0.037872  0.000000
   C   2.437251  -3.535619   0.000000   -0.021795  0.006983  0.000000
   C   3.667544  -1.416732   0.000000   -0.026495  0.009699  0.000000
   C   4.892240   0.706924   0.000000   -0.037990  0.007472  0.000000
   C   6.099661   2.848390   0.000000   -0.051365 -0.003382  0.000000
   C   7.235027   4.981702   0.000000    0.041312 -0.006204  0.000000
   C   3.603102  -5.645191   0.000000   -0.014527  0.018105  0.000000
   C   4.877595  -3.557015  -0.000000   -0.030686  0.012128 -0.000000
   C   6.123715  -1.421166  -0.000000   -0.031512  0.014569 -0.000000
   C   7.310821   0.694599   0.000000   -0.043623  0.009458  0.000000
   C   6.063399  -5.682747  -0.000000   -0.004885  0.030813 -0.000000
   C   7.284623  -3.629964  -0.000000   -0.041511  0.015134 -0.000000
   C  -7.270033   3.571970  -0.000000    0.035842  0.031809 -0.000000
   C  -6.091882   5.637979  -0.000000    0.037158  0.033613 -0.000000
   C  -7.264596  -0.683189   0.000000    0.043635  0.067675  0.000000
   C  -6.105157   1.406770   0.000000    0.017370  0.017666 -0.000000
   N  -4.898813   3.516892  -0.000000    0.007780 -0.005111 -0.000000
   C  -3.694172   5.593004  -0.000000   -0.003440 -0.015401 -0.000000
   C  -7.263504  -5.007857   0.000000   -0.036582 -0.135901  0.000000
   N  -6.060772  -2.839239   0.000000    0.008457 -0.006371  0.000000
   C  -4.880203  -0.727058   0.000000   -0.000573 -0.014657  0.000000
   C  -3.679914   1.411925   0.000000   -0.006876 -0.012274  0.000000
   C  -2.474942   3.523751   0.000000   -0.009818 -0.025204  0.000000
   C  -1.243351   5.621405   0.000000   -0.014918 -0.039363  0.000000
   C  -4.840681  -4.910503   0.000000    0.007074  0.029944  0.000000
   C  -3.658153  -2.803800   0.000000    0.001969  0.002749  0.000000
   C  -2.443534  -0.690058   0.000000   -0.009192 -0.004802  0.000000
   C  -1.223969   1.413856   0.000000   -0.011253 -0.014586  0.000000
   C  -0.013623   3.527058   0.000000   -0.011367 -0.020115  0.000000
   C   1.227127   5.617013   0.000000    0.002741 -0.039949  0.000000
   N  -2.415489  -4.813460   0.000000    0.039755  0.034118  0.000000
   C  -1.200515  -2.797277   0.000000   -0.006815  0.003720  0.000000
   C   0.005490  -0.704887   0.000000   -0.015842 -0.004710  0.000000
   C   1.217532   1.400930   0.000000   -0.020539 -0.009081  0.000000
   C   2.428429   3.505662   0.000000   -0.020460 -0.011761  0.000000
   C   3.696034   5.519097   0.000000    0.042723 -0.082240  0.000000
   C  -0.020747  -4.904464   0.000000   -0.022931  0.023384  0.000000
   C   1.229903  -2.817967   0.000000   -0.014637  0.009912  0.000000
   C   2.453353  -0.711219   0.000000   -0.023333  0.007167  0.000000
   C   3.662329   1.402374   0.000000   -0.029898  0.007770  0.000000
   C   4.883207   3.504093   0.000000   -0.024542  0.014829  0.000000
   N   6.017227   5.602194   0.000000    0.049927  0.002822  0.000000
   C   2.409062  -4.963278   0.000000   -0.006834  0.012613  0.000000
   C   3.660088  -2.838422   0.000000   -0.026725  0.013133  0.000000
   C   4.904495  -0.715862   0.000000   -0.028380  0.010042  0.000000
   C   6.111493   1.436015   0.000000   -0.045210  0.015083  0.000000
   C   7.301721   3.667015   0.000000   -0.034525  0.013829  0.000000
   C   4.846636  -4.981948  -0.000000   -0.009429  0.016513 -0.000000
   C   6.119528  -2.868944  -0.000000   -0.035465  0.018793 -0.000000
   C   7.308565  -0.670901  -0.000000   -0.029887  0.014779 -0.000000
   C   7.264155  -5.017858  -0.000000   -0.000087  0.017590 -0.000000
   H   8.081194   5.647458   0.000000    0.023709  0.010652  0.000000
   H   8.279348   3.223916   0.000000   -0.050574 -0.007625  0.000000
   H   8.261294   1.204262   0.000000   -0.050605  0.014222  0.000000
   H   8.261305  -1.178443  -0.000000   -0.031319  0.017829 -0.000000
   H   8.245173  -3.140774  -0.000000   -0.051123  0.024920 -0.000000
   H   8.195698  -5.569404  -0.000000    0.002531  0.026745 -0.000000
   H  -8.193880   5.515963  -0.000000    0.059870  0.039076 -0.000000
   H  -8.206075   3.047181  -0.000000    0.039531  0.037874 -0.000000
   H  -8.249760   1.190409  -0.000000    0.001718  0.061842 -0.000000
   H  -8.220891  -1.161521   0.000000    0.031858  0.115156  0.000000
   H  -8.111998  -3.119111   0.000000    0.101640 -0.163470  0.000000
   H  -8.217019  -5.519676   0.000000   -0.035835 -0.136125  0.000000
   H  -6.038687   6.715150  -0.000000    0.068163  0.028822 -0.000000
   H  -3.750850   6.670759  -0.000000   -0.016678 -0.019648 -0.000000
   H  -1.257163   6.702864   0.000000   -0.019124 -0.043261  0.000000
   H   1.239200   6.698491   0.000000    0.001493 -0.044382  0.000000
   H   3.800438   6.590960   0.000000    0.070031 -0.090771  0.000000
   H   5.900322   6.565082   0.000000    0.033232 -0.040857  0.000000
   H  -5.992788  -6.730160   0.000000    0.102739 -0.005872  0.000000
   H  -3.458181  -6.564927   0.000000    0.066932  0.093101  0.000000
   H  -1.363085  -6.485687   0.000000   -0.035107  0.034598  0.000000
   H   1.097847  -6.693710   0.000000   -0.035580  0.042603  0.000000
   H   3.595154  -6.727536   0.000000   -0.008280  0.021685  0.000000
   H   6.039095  -6.763642  -0.000000   -0.000273  0.034672 -0.000000
converged SCF energy = -3084.27307846577
--------------- RKS_Scanner gradients ---------------
         x                y                z
0 C     0.0065136089    -0.0027526797     0.0000000000
1 C    -0.0119836255     0.0077742763     0.0000000000
2 C    -0.0040279413     0.0005265579     0.0000000000
3 C    -0.0025990868     0.0011858872     0.0000000000
4 C     0.0402376777    -0.0279401488     0.0000000000
5 C     0.0066347211    -0.0079040198     0.0000000000
6 C    -0.0005651298    -0.0013017581     0.0000000000
7 C    -0.0005855518    -0.0017333982    -0.0000000000
8 C     0.0008503971     0.0021074138    -0.0000000000
9 C    -0.0132814000     0.0198041128     0.0000000000
10 C    -0.0122351974     0.0021386011     0.0000000000
11 C    -0.0017772133    -0.0037630253    -0.0000000000
12 C     0.0019572598    -0.0006152904     0.0000000000
13 C     0.0000018365    -0.0018043887    -0.0000000000
14 C     0.0005009881     0.0025878817     0.0000000000
15 C     0.0034356846     0.0201960235    -0.0000000000
16 C    -0.0072835265    -0.0178621355     0.0000000000
17 C    -0.0029208393    -0.0009660301     0.0000000000
18 C    -0.0002839053    -0.0011664196     0.0000000000
19 C     0.0017441763    -0.0002160050     0.0000000000
20 C     0.0011880919     0.0035227821     0.0000000000
21 N    -0.0035782183    -0.0289999005    -0.0000000000
22 C     0.0041773227    -0.0019219662     0.0000000000
23 C    -0.0009303840     0.0007993294     0.0000000000
24 C    -0.0010479975    -0.0002226598     0.0000000000
25 C     0.0000898187    -0.0006875576     0.0000000000
26 N     0.0047884392     0.0123173455     0.0000000000
27 C    -0.0099904222     0.0078027348     0.0000000000
28 C    -0.0022113570    -0.0009694041     0.0000000000
29 C    -0.0003261624     0.0015271393     0.0000000000
30 C    -0.0015820001     0.0006752179     0.0000000000
31 C    -0.0070519850     0.0015069878     0.0000000000
32 C     0.0026900540    -0.0075324024    -0.0000000000
33 C     0.0004790641     0.0029565165     0.0000000000
34 C    -0.0015666047    -0.0003672434     0.0000000000
35 C     0.0006363189     0.0022156988     0.0000000000
36 C    -0.0010339291     0.0005387255     0.0000000000
37 C     0.0018239077     0.0057046759    -0.0000000000
38 C    -0.0061540100    -0.0020438699     0.0000000000
39 C     0.0046146536     0.0008648696     0.0000000000
40 C     0.0017099155     0.0026096547    -0.0000000000
41 C     0.0122398568     0.0125132126    -0.0000000000
42 C     0.0058506144    -0.0041634302    -0.0000000000
43 N    -0.0007434516    -0.0027444482     0.0000000000
44 C    -0.0075276383    -0.0051941693    -0.0000000000
45 C    -0.0279850635    -0.0157693416    -0.0000000000
46 N    -0.0007826467     0.0123081537    -0.0000000000
47 C    -0.0002829877    -0.0034793732    -0.0000000000
48 C    -0.0026378597     0.0018559632    -0.0000000000
49 C    -0.0023205832     0.0010267349     0.0000000000
50 C    -0.0038214668    -0.0059434178    -0.0000000000
51 C     0.0083173042     0.0058585583    -0.0000000000
52 C     0.0018021832     0.0045234125     0.0000000000
53 C     0.0006803977     0.0001113894    -0.0000000000
54 C    -0.0006001841    -0.0011222430     0.0000000000
55 C    -0.0015783072     0.0009671189    -0.0000000000
56 C     0.0004094597    -0.0054734991    -0.0000000000
57 N     0.0134477808     0.0097700200    -0.0000000000
58 C    -0.0014054043    -0.0070894879    -0.0000000000
59 C     0.0013201420     0.0005486819    -0.0000000000
60 C     0.0003293854    -0.0006068390    -0.0000000000
61 C    -0.0027638523     0.0018901179    -0.0000000000
62 C     0.0103875192    -0.0270147240    -0.0000000000
63 C    -0.0047474441     0.0025513760    -0.0000000000
64 C     0.0000805068    -0.0007902618    -0.0000000000
65 C    -0.0006670852    -0.0004603571    -0.0000000000
66 C    -0.0017631905     0.0013358358    -0.0000000000
67 C    -0.0061480166     0.0058030999    -0.0000000000
68 N     0.0042048310     0.0198921428     0.0000000000
69 C     0.0035571083    -0.0014224389    -0.0000000000
70 C     0.0001868648    -0.0004900305    -0.0000000000
71 C     0.0005761805    -0.0004764320    -0.0000000000
72 C    -0.0036549652     0.0017201083    -0.0000000000
73 C    -0.0079851549     0.0202758326    -0.0000000000
74 C    -0.0004518553    -0.0021146213    -0.0000000000
75 C    -0.0002688003     0.0008034736    -0.0000000000
76 C     0.0004505879    -0.0003430338    -0.0000000000
77 C     0.0046295734    -0.0036107137    -0.0000000000
78 H    -0.0016828743    -0.0014488252     0.0000000000
79 H    -0.0023531557     0.0038451913     0.0000000000
80 H    -0.0015332117    -0.0013357247    -0.0000000000
81 H    -0.0013394419     0.0008998680     0.0000000000
82 H    -0.0022967943    -0.0016290639    -0.0000000000
83 H    -0.0004919545     0.0002791615    -0.0000000000
84 H     0.0026108716    -0.0002984603     0.0000000000
85 H     0.0027254627    -0.0000857131     0.0000000000
86 H     0.0008678273     0.0014539389    -0.0000000000
87 H     0.0062358933     0.0074113779     0.0000000000
88 H     0.0095547823    -0.0100768120    -0.0000000000
89 H    -0.0015859586    -0.0022103704     0.0000000000
90 H    -0.0005394622    -0.0014221650     0.0000000000
91 H    -0.0009906056    -0.0021110526     0.0000000000
92 H    -0.0004577800    -0.0023896314     0.0000000000
93 H     0.0001944243    -0.0024296654     0.0000000000
94 H     0.0033595411    -0.0056600245     0.0000000000
95 H     0.0046074270    -0.0314427629    -0.0000000000
96 H    -0.0026312724     0.0041566273    -0.0000000000
97 H     0.0020757549     0.0049081128    -0.0000000000
98 H     0.0032692851     0.0288982499    -0.0000000000
99 H    -0.0009495783     0.0022968573    -0.0000000000
100 H    -0.0003899117     0.0019778340    -0.0000000000
101 H     0.0003832399     0.0023713612     0.0000000000
----------------------------------------------
cycle 3: E = -3084.27307847  dE = 0.0100583  norm(grad) = 0.110902

Geometry optimization cycle 4
Cartesian coordinates (Angstrom)
 Atom        New coordinates             dX        dY        dZ
   C  -7.282696   4.973888  -0.000000   -0.022097  0.001625  0.000000
   C  -7.293010   0.659308   0.000000    0.000202 -0.034088  0.000000
   C  -6.122870   2.850375  -0.000000   -0.009592  0.001794  0.000000
   C  -4.873350   4.932066  -0.000000   -0.002516  0.011915  0.000000
   C  -7.259212  -3.581536   0.000000   -0.060397  0.076546 -0.000000
   C  -6.098979  -1.444171   0.000000   -0.009416 -0.000753  0.000000
   C  -4.898214   0.699063   0.000000   -0.003501  0.005847  0.000000
   C  -3.679345   2.834863   0.000000    0.000005  0.008054  0.000000
   C  -2.439608   4.967152   0.000000   -0.000585  0.012210  0.000000
   C  -6.051781  -5.660538   0.000000   -0.012675 -0.006106 -0.000000
   C  -4.877333  -3.518906   0.000000   -0.007117 -0.023092  0.000000
   C  -3.652783  -1.404344   0.000000   -0.006824 -0.004804  0.000000
   C  -2.451257   0.718914   0.000000   -0.000152  0.001387  0.000000
   C  -1.231171   2.828120   0.000000    0.004635  0.006865  0.000000
   C   0.001792   4.968624   0.000000   -0.002679  0.008928  0.000000
   C  -3.583152  -5.552837   0.000000   -0.010003 -0.055744  0.000000
   C  -2.431120  -3.510310   0.000000   -0.003882 -0.012818  0.000000
   C  -1.216230  -1.402686   0.000000    0.001494 -0.003029  0.000000
   C   0.001927   0.708342   0.000000    0.005668  0.003271  0.000000
   C   1.213578   2.822188   0.000000    0.009334  0.008294  0.000000
   C   2.439774   4.940060   0.000000   -0.002808  0.018232  0.000000
   N  -1.253811  -5.540430   0.000000    0.001312 -0.022240  0.000000
   C   0.003320  -3.504342   0.000000    0.000868 -0.011349  0.000000
   C   1.230906  -1.410334   0.000000    0.005054 -0.002630  0.000000
   C   2.451295   0.704820   0.000000    0.010968  0.002794  0.000000
   C   3.658604   2.820032   0.000000    0.012767  0.007058  0.000000
   N   4.837259   4.894043   0.000000   -0.009159  0.016326 -0.000000
   C   1.144057  -5.632803   0.000000    0.015275 -0.020909  0.000000
   C   2.444387  -3.541997   0.000000    0.007136 -0.006378  0.000000
   C   3.676119  -1.420093   0.000000    0.008575 -0.003361  0.000000
   C   4.908007   0.706455   0.000000    0.015767 -0.000469  0.000000
   C   6.119224   2.848425   0.000000    0.019562  0.000035 -0.000000
   C   7.229320   4.986609   0.000000   -0.005707  0.004907 -0.000000
   C   3.612681  -5.655614   0.000000    0.009579 -0.010423  0.000000
   C   4.889769  -3.563662   0.000000    0.012174 -0.006647  0.000000
   C   6.134757  -1.427205   0.000000    0.011041 -0.006039  0.000000
   C   7.330022   0.688290   0.000000    0.019202 -0.006309 -0.000000
   C   6.070433  -5.697078  -0.000000    0.007034 -0.014331  0.000000
   C   7.303296  -3.632875  -0.000000    0.018673 -0.002911  0.000000
   C  -7.288337   3.571531  -0.000000   -0.018305 -0.000440  0.000000
   C  -6.106783   5.636975  -0.000000   -0.014901 -0.001004  0.000000
   C  -7.294815  -0.719488   0.000000   -0.030219 -0.036300  0.000000
   C  -6.117867   1.402904   0.000000   -0.012711 -0.003866  0.000000
   N  -4.903467   3.524879  -0.000000   -0.004653  0.007987  0.000000
   C  -3.692147   5.612895  -0.000000    0.002026  0.019891  0.000000
   C  -7.241268  -4.938287   0.000000    0.022236  0.069570 -0.000000
   N  -6.069590  -2.838960   0.000000   -0.008818  0.000279 -0.000000
   C  -4.888620  -0.722763   0.000000   -0.008417  0.004295  0.000000
   C  -3.679836   1.416781   0.000000    0.000078  0.004856  0.000000
   C  -2.471188   3.532316   0.000000    0.003754  0.008565  0.000000
   C  -1.241953   5.638161   0.000000    0.001399  0.016756  0.000000
   C  -4.843474  -4.942295   0.000000   -0.002793 -0.031793 -0.000000
   C  -3.664964  -2.817723   0.000000   -0.006811 -0.013923  0.000000
   C  -2.445996  -0.693096   0.000000   -0.002462 -0.003037  0.000000
   C  -1.221072   1.417627   0.000000    0.002897  0.003771  0.000000
   C  -0.007134   3.533654   0.000000    0.006489  0.006596  0.000000
   C   1.221491   5.632447   0.000000   -0.005635  0.015434  0.000000
   N  -2.428351  -4.844976   0.000000   -0.012861 -0.031516  0.000000
   C  -1.201928  -2.804391   0.000000   -0.001414 -0.007113  0.000000
   C   0.008489  -0.705491   0.000000    0.002998 -0.000603  0.000000
   C   1.225756   1.406063   0.000000    0.008224  0.005133  0.000000
   C   2.439744   3.516932   0.000000    0.011315  0.011270  0.000000
   C   3.684430   5.560671   0.000000   -0.011604  0.041574 -0.000000
   C  -0.013908  -4.923791   0.000000    0.006839 -0.019327  0.000000
   C   1.232817  -2.823962   0.000000    0.002914 -0.005995  0.000000
   C   2.460799  -0.711811   0.000000    0.007446 -0.000592  0.000000
   C   3.676170   1.405241   0.000000    0.013841  0.002867  0.000000
   C   4.897014   3.510977   0.000000    0.013807  0.006884 -0.000000
   N   6.011376   5.620813   0.000000   -0.005851  0.018619 -0.000000
   C   2.416670  -4.972804   0.000000    0.007608 -0.009526  0.000000
   C   3.669374  -2.843896   0.000000    0.009287 -0.005474  0.000000
   C   4.914929  -0.718410   0.000000    0.010434 -0.002548  0.000000
   C   6.131517   1.432325   0.000000    0.020023 -0.003690  0.000000
   C   7.322831   3.659388   0.000000    0.021110 -0.007627 -0.000000
   C   4.855702  -4.990688  -0.000000    0.009066 -0.008740  0.000000
   C   6.133754  -2.875347  -0.000000    0.014226 -0.006403  0.000000
   C   7.322319  -0.678842  -0.000000    0.013755 -0.007941  0.000000
   C   7.267787  -5.022121  -0.000000    0.003632 -0.004263  0.000000
   H   8.074466   5.657325   0.000000   -0.006728  0.009867 -0.000000
   H   8.303896   3.216918   0.000000    0.024547 -0.006998 -0.000000
   H   8.282963   1.196966   0.000000    0.021670 -0.007296 -0.000000
   H   8.274672  -1.190481  -0.000000    0.013367 -0.012038  0.000000
   H   8.267132  -3.145394  -0.000000    0.021958 -0.004621  0.000000
   H   8.199223  -5.575655  -0.000000    0.003524 -0.006251  0.000000
   H  -8.218160   5.517634  -0.000000   -0.024280  0.001672  0.000000
   H  -8.225830   3.045004  -0.000000   -0.019755 -0.002177  0.000000
   H  -8.251925   1.153547  -0.000000   -0.002165 -0.036862  0.000000
   H  -8.251350  -1.208985   0.000000   -0.030458 -0.047464 -0.000000
   H  -8.175846  -3.032683   0.000000   -0.063848  0.086428 -0.000000
   H  -8.194698  -5.449434   0.000000    0.022321  0.070242 -0.000000
   H  -6.057377   6.716040  -0.000000   -0.018690  0.000890  0.000000
   H  -3.745102   6.692930  -0.000000    0.005748  0.022170  0.000000
   H  -1.252517   6.721634   0.000000    0.004646  0.018770  0.000000
   H   1.229174   6.715872   0.000000   -0.010026  0.017381  0.000000
   H   3.779473   6.637144   0.000000   -0.020965  0.046184 -0.000000
   H   5.896806   6.608284   0.000000   -0.003517  0.043202 -0.000000
   H  -6.043849  -6.740159   0.000000   -0.051061 -0.009999 -0.000000
   H  -3.474400  -6.624890   0.000000   -0.016219 -0.059963  0.000000
   H  -1.357139  -6.531198   0.000000    0.005945 -0.045511  0.000000
   H   1.121571  -6.716526   0.000000    0.023724 -0.022816  0.000000
   H   3.606473  -6.739673   0.000000    0.011318 -0.012137  0.000000
   H   6.047512  -6.779898  -0.000000    0.008418 -0.016256  0.000000
converged SCF energy = -3084.29177786769
--------------- RKS_Scanner gradients ---------------
         x                y                z
0 C     0.0010282335    -0.0017718400    -0.0000000000
1 C    -0.0027433093    -0.0005813836     0.0000000000
2 C     0.0005410584    -0.0005648723    -0.0000000000
3 C    -0.0008655456     0.0004773545    -0.0000000000
4 C     0.0070777860     0.0005632819     0.0000000000
5 C     0.0001093214    -0.0014348424    -0.0000000000
6 C    -0.0003259231     0.0000672654    -0.0000000000
7 C    -0.0008620511    -0.0009025170    -0.0000000000
8 C    -0.0016314099     0.0000897310     0.0000000000
9 C    -0.0044064873     0.0008018253    -0.0000000000
10 C    -0.0048617842    -0.0014632940     0.0000000000
11 C    -0.0007075482    -0.0013049896    -0.0000000000
12 C     0.0009912765     0.0001203689    -0.0000000000
13 C     0.0002213977    -0.0003228098     0.0000000000
14 C    -0.0012523569     0.0011322220    -0.0000000000
15 C     0.0013087068     0.0045309983    -0.0000000000
16 C    -0.0028984248    -0.0025025607     0.0000000000
17 C    -0.0006010603    -0.0000589428     0.0000000000
18 C     0.0003150179    -0.0005329882     0.0000000000
19 C     0.0012085340     0.0001589053     0.0000000000
20 C    -0.0000698745     0.0021632521     0.0000000000
21 N    -0.0015944517    -0.0088412653     0.0000000000
22 C     0.0022857403    -0.0002946535     0.0000000000
23 C    -0.0000397033     0.0005534624     0.0000000000
24 C     0.0001499616     0.0000881414     0.0000000000
25 C     0.0007118789    -0.0000161908     0.0000000000
26 N     0.0054713585     0.0053026446     0.0000000000
27 C    -0.0020325489     0.0025012779     0.0000000000
28 C    -0.0010052239    -0.0006526641    -0.0000000000
29 C    -0.0001655138     0.0006756371    -0.0000000000
30 C    -0.0000994291     0.0006622771     0.0000000000
31 C    -0.0020096780     0.0010231960     0.0000000000
32 C    -0.0012434279    -0.0008158593     0.0000000000
33 C     0.0010428591     0.0012967696    -0.0000000000
34 C    -0.0007442105    -0.0000399695    -0.0000000000
35 C     0.0005985949     0.0007912645     0.0000000000
36 C    -0.0008545708     0.0008332546     0.0000000000
37 C     0.0009209457     0.0012842781     0.0000000000
38 C    -0.0017782212    -0.0000276038     0.0000000000
39 C     0.0003436611     0.0017759936     0.0000000000
40 C     0.0017971213     0.0010989765     0.0000000000
41 C     0.0019417757     0.0029612416     0.0000000000
42 C     0.0017979307     0.0007777309    -0.0000000000
43 N    -0.0006203232    -0.0008369336    -0.0000000000
44 C    -0.0009172903     0.0004096038    -0.0000000000
45 C    -0.0025058766    -0.0032313088    -0.0000000000
46 N    -0.0011259451     0.0004755815     0.0000000000
47 C    -0.0012798028    -0.0015707268     0.0000000000
48 C    -0.0009169744     0.0011729138     0.0000000000
49 C     0.0006479097    -0.0000374203     0.0000000000
50 C    -0.0009290856    -0.0018366683     0.0000000000
51 C     0.0045647286     0.0025196558     0.0000000000
52 C     0.0023985097     0.0010407286    -0.0000000000
53 C     0.0007185292     0.0000330394    -0.0000000000
54 C    -0.0003867447    -0.0005678551    -0.0000000000
55 C     0.0002045483    -0.0001544744    -0.0000000000
56 C    -0.0000810955    -0.0029057228    -0.0000000000
57 N     0.0055892935     0.0008235120    -0.0000000000
58 C    -0.0014375463    -0.0027269754    -0.0000000000
59 C     0.0002374968     0.0003524537    -0.0000000000
60 C    -0.0002949895    -0.0000343899    -0.0000000000
61 C    -0.0013479171     0.0004804630    -0.0000000000
62 C     0.0026133962    -0.0091347893    -0.0000000000
63 C    -0.0038821356     0.0022378741    -0.0000000000
64 C    -0.0003708201     0.0003727445     0.0000000000
65 C    -0.0007220614    -0.0000127562    -0.0000000000
66 C    -0.0011469454     0.0006510444    -0.0000000000
67 C    -0.0032661424     0.0009322212    -0.0000000000
68 N     0.0018508917     0.0058719982    -0.0000000000
69 C     0.0010002747    -0.0013111457     0.0000000000
70 C    -0.0000015688    -0.0000217672     0.0000000000
71 C     0.0000194918     0.0000284293    -0.0000000000
72 C    -0.0004010547    -0.0004568730    -0.0000000000
73 C    -0.0017410798     0.0018416497     0.0000000000
74 C    -0.0001389788    -0.0012226349     0.0000000000
75 C     0.0001316254    -0.0000478403    -0.0000000000
76 C     0.0002796172    -0.0010161448    -0.0000000000
77 C     0.0010463577    -0.0011888317     0.0000000000
78 H    -0.0007890925    -0.0006196067    -0.0000000000
79 H    -0.0005585867     0.0012844734     0.0000000000
80 H    -0.0005356382    -0.0005914517    -0.0000000000
81 H    -0.0003397685     0.0002247906     0.0000000000
82 H    -0.0006624012    -0.0003770885     0.0000000000
83 H    -0.0003227364     0.0001986284    -0.0000000000
84 H     0.0009463901     0.0000500657    -0.0000000000
85 H     0.0011658855     0.0003218528    -0.0000000000
86 H     0.0010261155    -0.0001150832     0.0000000000
87 H     0.0016151924     0.0017716687    -0.0000000000
88 H     0.0012615688    -0.0025219252    -0.0000000000
89 H     0.0003409155     0.0002890677    -0.0000000000
90 H    -0.0003808040    -0.0005902333     0.0000000000
91 H    -0.0004946408    -0.0003579127     0.0000000000
92 H    -0.0004152395    -0.0007098951     0.0000000000
93 H     0.0000160921    -0.0009640241     0.0000000000
94 H     0.0013728454    -0.0017552880     0.0000000000
95 H     0.0008627272    -0.0060483022    -0.0000000000
96 H     0.0002509436     0.0007123161     0.0000000000
97 H     0.0009328127     0.0013489282     0.0000000000
98 H     0.0006270961     0.0057242396    -0.0000000000
99 H    -0.0005358245     0.0007918556    -0.0000000000
100 H    -0.0002519371     0.0007012319    -0.0000000000
101 H     0.0000638284     0.0006688157     0.0000000000
----------------------------------------------
cycle 4: E = -3084.29177787  dE = -0.0186994  norm(grad) = 0.0276997

Geometry optimization cycle 5
Cartesian coordinates (Angstrom)
 Atom        New coordinates             dX        dY        dZ
   C  -7.302103   4.962976  -0.000000   -0.019407 -0.010912 -0.000000
   C  -7.296513   0.652472   0.000000   -0.003502 -0.006836 -0.000000
   C  -6.129268   2.847495  -0.000000   -0.006398 -0.002880 -0.000000
   C  -4.878914   4.932992  -0.000000   -0.005564  0.000926 -0.000000
   C  -7.271875  -3.571461   0.000000   -0.012663  0.010075 -0.000000
   C  -6.096228  -1.439028   0.000000    0.002751  0.005143 -0.000000
   C  -4.895805   0.704359   0.000000    0.002409  0.005295 -0.000000
   C  -3.677017   2.842355  -0.000000    0.002328  0.007493 -0.000000
   C  -2.432413   4.979682  -0.000000    0.007195  0.012530 -0.000000
   C  -6.073882  -5.643592   0.000000   -0.022102  0.016946 -0.000000
   C  -4.876157  -3.514261   0.000000    0.001176  0.004645 -0.000000
   C  -3.648482  -1.396310   0.000000    0.004301  0.008034 -0.000000
   C  -2.447003   0.725418   0.000000    0.004254  0.006504 -0.000000
   C  -1.228032   2.838080   0.000000    0.003139  0.009961 -0.000000
   C   0.006088   4.981270   0.000000    0.004296  0.012646 -0.000000
   C  -3.603130  -5.566245   0.000000   -0.019978 -0.013408 -0.000000
   C  -2.431312  -3.502579   0.000000   -0.000192  0.007731 -0.000000
   C  -1.209314  -1.399051   0.000000    0.006916  0.003636 -0.000000
   C   0.007681   0.713251   0.000000    0.005755  0.004908 -0.000000
   C   1.217034   2.827794   0.000000    0.003456  0.005606 -0.000000
   C   2.434043   4.949845   0.000000   -0.005732  0.009784 -0.000000
   N  -1.259420  -5.523461   0.000000   -0.005609  0.016970 -0.000000
   C   0.008206  -3.510388   0.000000    0.004886 -0.006047 -0.000000
   C   1.238252  -1.413231   0.000000    0.007347 -0.002897 -0.000000
   C   2.459284   0.702496   0.000000    0.007989 -0.002324  0.000000
   C   3.662128   2.815371   0.000000    0.003524 -0.004661  0.000000
   N   4.805034   4.884829   0.000000   -0.032225 -0.009214 -0.000000
   C   1.155074  -5.653185  -0.000000    0.011018 -0.020382 -0.000000
   C   2.453547  -3.546424  -0.000000    0.009160 -0.004426 -0.000000
   C   3.686635  -1.425321   0.000000    0.010516 -0.005228  0.000000
   C   4.921584   0.702014   0.000000    0.013577 -0.004441  0.000000
   C   6.133398   2.847899   0.000000    0.014175 -0.000526  0.000000
   C   7.222426   4.993187   0.000000   -0.006894  0.006579 -0.000000
   C   3.615738  -5.663461  -0.000000    0.003057 -0.007846 -0.000000
   C   4.902424  -3.568344  -0.000000    0.012655 -0.004682 -0.000000
   C   6.146801  -1.433084   0.000000    0.012044 -0.005879  0.000000
   C   7.346651   0.686597   0.000000    0.016629 -0.001692  0.000000
   C   6.070237  -5.707279  -0.000000   -0.000196 -0.010201 -0.000000
   C   7.319820  -3.640742  -0.000000    0.016524 -0.007867 -0.000000
   C  -7.303013   3.558553  -0.000000   -0.014676 -0.012978 -0.000000
   C  -6.122922   5.625582  -0.000000   -0.016140 -0.011393 -0.000000
   C  -7.301047  -0.728732   0.000000   -0.006232 -0.009244 -0.000000
   C  -6.122109   1.399307  -0.000000   -0.004242 -0.003597 -0.000000
   N  -4.907297   3.526182  -0.000000   -0.003830  0.001303 -0.000000
   C  -3.692810   5.613561  -0.000000   -0.000664  0.000666 -0.000000
   C  -7.270186  -4.929097   0.000000   -0.028918  0.009190 -0.000000
   N  -6.072576  -2.835281   0.000000   -0.002987  0.003679 -0.000000
   C  -4.884939  -0.715353   0.000000    0.003681  0.007410 -0.000000
   C  -3.676125   1.422631   0.000000    0.003712  0.005850 -0.000000
   C  -2.468701   3.543434  -0.000000    0.002486  0.011118 -0.000000
   C  -1.234759   5.656458  -0.000000    0.007194  0.018297 -0.000000
   C  -4.859043  -4.941162   0.000000   -0.015570  0.001133 -0.000000
   C  -3.665550  -2.811020   0.000000   -0.000586  0.006704 -0.000000
   C  -2.439952  -0.687678   0.000000    0.006044  0.005418 -0.000000
   C  -1.215785   1.425562   0.000000    0.005287  0.007935 -0.000000
   C  -0.002933   3.543929   0.000000    0.004201  0.010276 -0.000000
   C   1.221646   5.652284   0.000000    0.000154  0.019836 -0.000000
   N  -2.448749  -4.842700   0.000000   -0.020398  0.002276 -0.000000
   C  -1.195486  -2.802292   0.000000    0.006443  0.002099 -0.000000
   C   0.016391  -0.703351   0.000000    0.007902  0.002139 -0.000000
   C   1.233580   1.409210   0.000000    0.007824  0.003147  0.000000
   C   2.445930   3.521288   0.000000    0.006186  0.004357 -0.000000
   C   3.667596   5.591382   0.000000   -0.016834  0.030711 -0.000000
   C  -0.001619  -4.934316   0.000000    0.012288 -0.010525 -0.000000
   C   1.239760  -2.828904   0.000000    0.006943 -0.004942 -0.000000
   C   2.470521  -0.715822   0.000000    0.009723 -0.004011 -0.000000
   C   3.687028   1.399494   0.000000    0.010858 -0.005746  0.000000
   C   4.901586   3.502020   0.000000    0.004572 -0.008957 -0.000000
   N   5.987008   5.602023   0.000000   -0.024368 -0.018790 -0.000000
   C   2.419494  -4.978939  -0.000000    0.002825 -0.006135 -0.000000
   C   3.680405  -2.849466  -0.000000    0.011031 -0.005570 -0.000000
   C   4.926436  -0.723728   0.000000    0.011506 -0.005318  0.000000
   C   6.146494   1.429702   0.000000    0.014977 -0.002623  0.000000
   C   7.333608   3.662727   0.000000    0.010777  0.003339 -0.000000
   C   4.858271  -4.995643  -0.000000    0.002569 -0.004955 -0.000000
   C   6.148959  -2.882216  -0.000000    0.015205 -0.006869 -0.000000
   C   7.333485  -0.681090   0.000000    0.011166 -0.002248  0.000000
   C   7.268090  -5.030305  -0.000000    0.000302 -0.008184 -0.000000
   H   8.059109   5.677579   0.000000   -0.015356  0.020254 -0.000000
   H   8.317528   3.222303   0.000000    0.013633  0.005385  0.000000
   H   8.300710   1.196162   0.000000    0.017746 -0.000804  0.000000
   H   8.286145  -1.193904   0.000000    0.011473 -0.003423  0.000000
   H   8.287694  -3.158436  -0.000000    0.020562 -0.013042 -0.000000
   H   8.197371  -5.589246  -0.000000   -0.001852 -0.013591 -0.000000
   H  -8.240981   5.503628  -0.000000   -0.022821 -0.014007 -0.000000
   H  -8.239958   3.026415  -0.000000   -0.014127 -0.018589  0.000000
   H  -8.257915   1.146641  -0.000000   -0.005990 -0.006906 -0.000000
   H  -8.256095  -1.227779   0.000000   -0.004745 -0.018794 -0.000000
   H  -8.181913  -3.006492   0.000000   -0.006067  0.026190  0.000000
   H  -8.225004  -5.441158   0.000000   -0.030306  0.008276  0.000000
   H  -6.076973   6.706150  -0.000000   -0.019596 -0.009890 -0.000000
   H  -3.746185   6.694315  -0.000000   -0.001083  0.001385 -0.000000
   H  -1.241784   6.741225  -0.000000    0.010733  0.019591 -0.000000
   H   1.230760   6.737419   0.000000    0.001586  0.021547 -0.000000
   H   3.760060   6.670659   0.000000   -0.019414  0.033515 -0.000000
   H   5.866087   6.598321   0.000000   -0.030719 -0.009963 -0.000000
   H  -6.072935  -6.724249   0.000000   -0.029086  0.015910 -0.000000
   H  -3.502452  -6.641186   0.000000   -0.028052 -0.016296 -0.000000
   H  -1.366297  -6.523213   0.000000   -0.009157  0.007985 -0.000000
   H   1.138448  -6.738390  -0.000000    0.016878 -0.021863 -0.000000
   H   3.611627  -6.748834  -0.000000    0.005155 -0.009161 -0.000000
   H   6.045447  -6.791230  -0.000000   -0.002066 -0.011333 -0.000000
converged SCF energy = -3084.29162816786
--------------- RKS_Scanner gradients ---------------
         x                y                z
0 C    -0.0016062785    -0.0002993651     0.0000000000
1 C    -0.0006631561     0.0001116000    -0.0000000000
2 C     0.0006034887    -0.0003063109     0.0000000000
3 C    -0.0007074405     0.0010770684    -0.0000000000
4 C     0.0074669909    -0.0016869707     0.0000000000
5 C     0.0026347843     0.0013426081    -0.0000000000
6 C     0.0009565317    -0.0001437660    -0.0000000000
7 C     0.0004443143    -0.0001353207    -0.0000000000
8 C     0.0012668640     0.0005922025    -0.0000000000
9 C    -0.0020536894     0.0054809063     0.0000000000
10 C     0.0001154792     0.0004087679    -0.0000000000
11 C     0.0005883977     0.0003349703     0.0000000000
12 C    -0.0001651101     0.0002043468    -0.0000000000
13 C    -0.0002830472     0.0006764541    -0.0000000000
14 C    -0.0000232485    -0.0002890402    -0.0000000000
15 C    -0.0021782592    -0.0027589562     0.0000000000
16 C     0.0023913508     0.0037441102     0.0000000000
17 C    -0.0007463679     0.0004505504    -0.0000000000
18 C    -0.0007076168     0.0001053908    -0.0000000000
19 C    -0.0008118638     0.0000734232    -0.0000000000
20 C    -0.0002628056    -0.0019590314    -0.0000000000
21 N     0.0001921372     0.0097925380    -0.0000000000
22 C    -0.0022899938    -0.0009545085     0.0000000000
23 C    -0.0004042812     0.0002420750     0.0000000000
24 C    -0.0006294495     0.0003039275     0.0000000000
25 C    -0.0012819691     0.0012589797     0.0000000000
26 N    -0.0093853439    -0.0035099816     0.0000000000
27 C     0.0036516846    -0.0025348043    -0.0000000000
28 C     0.0011371895     0.0005229778     0.0000000000
29 C     0.0002968940    -0.0003500148     0.0000000000
30 C     0.0003737814    -0.0000787720     0.0000000000
31 C     0.0015521796     0.0001688368     0.0000000000
32 C     0.0025445932     0.0046312438     0.0000000000
33 C     0.0006610921    -0.0007663930     0.0000000000
34 C     0.0008648731     0.0008766942     0.0000000000
35 C     0.0000508860    -0.0002310159     0.0000000000
36 C     0.0005491006     0.0008735977     0.0000000000
37 C    -0.0000976200    -0.0009634018    -0.0000000000
38 C     0.0016692289     0.0007380387     0.0000000000
39 C    -0.0012881588    -0.0002695030    -0.0000000000
40 C     0.0007182641    -0.0015599236    -0.0000000000
41 C    -0.0003552028    -0.0012356789     0.0000000000
42 C    -0.0000097531     0.0002273014     0.0000000000
43 N     0.0001007636     0.0004009229    -0.0000000000
44 C     0.0016960324    -0.0017969907     0.0000000000
45 C    -0.0067511861    -0.0064467844    -0.0000000000
46 N    -0.0026588151     0.0013730086    -0.0000000000
47 C    -0.0003403852     0.0000761081     0.0000000000
48 C    -0.0002651708    -0.0000846778     0.0000000000
49 C    -0.0006080331     0.0007109679     0.0000000000
50 C     0.0022998481     0.0013369674    -0.0000000000
51 C     0.0027216677     0.0000960505    -0.0000000000
52 C     0.0009871092    -0.0005314584    -0.0000000000
53 C     0.0009605022     0.0001349917     0.0000000000
54 C     0.0000882681    -0.0002161524     0.0000000000
55 C     0.0000601275     0.0000203390     0.0000000000
56 C     0.0007956670     0.0028461322     0.0000000000
57 N    -0.0045697172    -0.0016454443    -0.0000000000
58 C     0.0001542548     0.0014367103    -0.0000000000
59 C     0.0006924673     0.0000156762     0.0000000000
60 C     0.0008551638    -0.0000318080     0.0000000000
61 C     0.0011052267    -0.0012063491     0.0000000000
62 C    -0.0001331876     0.0090842468    -0.0000000000
63 C     0.0044229556    -0.0027113572     0.0000000000
64 C     0.0002275564    -0.0009979500    -0.0000000000
65 C     0.0008138882    -0.0003420759    -0.0000000000
66 C     0.0018315351    -0.0004347837    -0.0000000000
67 C     0.0055538435    -0.0035375233    -0.0000000000
68 N    -0.0017824418    -0.0088829002    -0.0000000000
69 C    -0.0027545750     0.0006569566    -0.0000000000
70 C     0.0002024221    -0.0003539364    -0.0000000000
71 C    -0.0001755742    -0.0000570816    -0.0000000000
72 C     0.0004170458    -0.0013060287    -0.0000000000
73 C    -0.0016594372    -0.0020866550     0.0000000000
74 C    -0.0014262600     0.0004681136    -0.0000000000
75 C     0.0002642457    -0.0009815401    -0.0000000000
76 C    -0.0008848992     0.0000355084    -0.0000000000
77 C    -0.0015123079     0.0007671698    -0.0000000000
78 H     0.0010312321    -0.0002269932     0.0000000000
79 H     0.0004460021     0.0002531348    -0.0000000000
80 H     0.0003186531     0.0000973429    -0.0000000000
81 H     0.0000371329     0.0001343900     0.0000000000
82 H     0.0003282826     0.0001663974    -0.0000000000
83 H    -0.0000179221     0.0000722293     0.0000000000
84 H    -0.0003803450     0.0000439183     0.0000000000
85 H    -0.0006097229    -0.0004098981     0.0000000000
86 H    -0.0004530389     0.0003823713    -0.0000000000
87 H    -0.0006767535    -0.0006078545     0.0000000000
88 H    -0.0005249767    -0.0003754642    -0.0000000000
89 H    -0.0009976629    -0.0005765743     0.0000000000
90 H    -0.0001128283     0.0000384067    -0.0000000000
91 H     0.0001993104    -0.0001490756    -0.0000000000
92 H     0.0000068276     0.0004079514     0.0000000000
93 H    -0.0001366185     0.0006564755    -0.0000000000
94 H    -0.0008315025     0.0014853392    -0.0000000000
95 H    -0.0010832272     0.0026355345     0.0000000000
96 H    -0.0003408793     0.0004389928    -0.0000000000
97 H    -0.0006779765    -0.0007482261     0.0000000000
98 H    -0.0003741165    -0.0023527543     0.0000000000
99 H    -0.0001400390    -0.0007484213     0.0000000000
100 H    -0.0002261242    -0.0003423643     0.0000000000
101 H    -0.0002196710    -0.0003186157     0.0000000000
----------------------------------------------
cycle 5: E = -3084.29162817  dE = 0.0001497  norm(grad) = 0.0294923

Geometry optimization cycle 6
Cartesian coordinates (Angstrom)
 Atom        New coordinates             dX        dY        dZ
   C  -7.296371   4.971344  -0.000000    0.005732  0.008368  0.000000
   C  -7.297635   0.655826   0.000000   -0.001122  0.003354  0.000000
   C  -6.130183   2.849493  -0.000000   -0.000915  0.001998  0.000000
   C  -4.879180   4.932624  -0.000000   -0.000266 -0.000368  0.000000
   C  -7.277403  -3.561497   0.000000   -0.005528  0.009964  0.000000
   C  -6.099266  -1.440176   0.000000   -0.003038 -0.001149  0.000000
   C  -4.898970   0.702248   0.000000   -0.003164 -0.002111  0.000000
   C  -3.679700   2.838762  -0.000000   -0.002683 -0.003594  0.000000
   C  -2.436533   4.973732  -0.000000   -0.004120 -0.005950  0.000000
   C  -6.065404  -5.653652   0.000000    0.008478 -0.010059  0.000000
   C  -4.877540  -3.518226   0.000000   -0.001383 -0.003965  0.000000
   C  -3.652167  -1.401534   0.000000   -0.003686 -0.005224  0.000000
   C  -2.450755   0.720609   0.000000   -0.003752 -0.004809  0.000000
   C  -1.230973   2.832614   0.000000   -0.002942 -0.005466  0.000000
   C   0.004154   4.975164   0.000000   -0.001934 -0.006107 -0.000000
   C  -3.597942  -5.564898   0.000000    0.005188  0.001347  0.000000
   C  -2.432129  -3.510764   0.000000   -0.000817 -0.008186  0.000000
   C  -1.213235  -1.403151   0.000000   -0.003921 -0.004100  0.000000
   C   0.003869   0.709807   0.000000   -0.003812 -0.003444  0.000000
   C   1.214281   2.824581   0.000000   -0.002753 -0.003213 -0.000000
   C   2.435630   4.945301   0.000000    0.001587 -0.004543 -0.000000
   N  -1.256524  -5.537629   0.000000    0.002896 -0.014169  0.000000
   C   0.005962  -3.509795   0.000000   -0.002243  0.000593  0.000000
   C   1.234689  -1.413541   0.000000   -0.003563 -0.000311 -0.000000
   C   2.455038   0.702888   0.000000   -0.004247  0.000391 -0.000000
   C   3.661005   2.818512   0.000000   -0.001124  0.003141 -0.000000
   N   4.822353   4.894026   0.000000    0.017319  0.009196 -0.000000
   C   1.151682  -5.645141  -0.000000   -0.003392  0.008045  0.000000
   C   2.450582  -3.544919  -0.000000   -0.002965  0.001504  0.000000
   C   3.682233  -1.423345   0.000000   -0.004402  0.001976 -0.000000
   C   4.914713   0.704379   0.000000   -0.006871  0.002365 -0.000000
   C   6.127663   2.850198   0.000000   -0.005735  0.002299 -0.000000
   C   7.226912   4.988465   0.000000    0.004486 -0.004723 -0.000000
   C   3.616244  -5.660955  -0.000000    0.000506  0.002505  0.000000
   C   4.898154  -3.566473  -0.000000   -0.004269  0.001871 -0.000000
   C   6.142055  -1.429838   0.000000   -0.004746  0.003246 -0.000000
   C   7.338384   0.688855   0.000000   -0.008267  0.002258 -0.000000
   C   6.073024  -5.702684  -0.000000    0.002787  0.004595  0.000000
   C   7.313907  -3.637500  -0.000000   -0.005913  0.003242 -0.000000
   C  -7.299123   3.566523  -0.000000    0.003889  0.007971  0.000000
   C  -6.118598   5.633692  -0.000000    0.004324  0.008110  0.000000
   C  -7.301385  -0.725133   0.000000   -0.000338  0.003599  0.000000
   C  -6.123305   1.400601   0.000000   -0.001196  0.001293  0.000000
   N  -4.907839   3.525490  -0.000000   -0.000542 -0.000692  0.000000
   C  -3.694444   5.612742  -0.000000   -0.001633 -0.000819  0.000000
   C  -7.249470  -4.917156   0.000000    0.020715  0.011941  0.000000
   N  -6.071715  -2.835258   0.000000    0.000861  0.000023  0.000000
   C  -4.887405  -0.717960   0.000000   -0.002466 -0.002607  0.000000
   C  -3.678969   1.419024   0.000000   -0.002845 -0.003607  0.000000
   C  -2.471429   3.537822  -0.000000   -0.002728 -0.005612  0.000000
   C  -1.238666   5.648093  -0.000000   -0.003907 -0.008365  0.000000
   C  -4.856678  -4.945303   0.000000    0.002365 -0.004141  0.000000
   C  -3.667097  -2.816943   0.000000   -0.001547 -0.005923  0.000000
   C  -2.444391  -0.692377   0.000000   -0.004439 -0.004700  0.000000
   C  -1.219630   1.420878   0.000000   -0.003844 -0.004684 -0.000000
   C  -0.006217   3.538784   0.000000   -0.003285 -0.005145 -0.000000
   C   1.220890   5.644272   0.000000   -0.000756 -0.008012 -0.000000
   N  -2.441167  -4.849271   0.000000    0.007582 -0.006571  0.000000
   C  -1.198663  -2.805867   0.000000   -0.003177 -0.003575  0.000000
   C   0.011794  -0.706175   0.000000   -0.004597 -0.002823 -0.000000
   C   1.228873   1.406883   0.000000   -0.004707 -0.002327 -0.000000
   C   2.442661   3.519247   0.000000   -0.003269 -0.002041 -0.000000
   C   3.673423   5.579167   0.000000    0.005827 -0.012215 -0.000000
   C  -0.007120  -4.932777   0.000000   -0.005501  0.001538  0.000000
   C   1.236943  -2.828183   0.000000   -0.002817  0.000721  0.000000
   C   2.465966  -0.714821   0.000000   -0.004555  0.001001 -0.000000
   C   3.681339   1.402404   0.000000   -0.005689  0.002909 -0.000000
   C   4.899624   3.510454   0.000000   -0.001962  0.008435 -0.000000
   N   6.001898   5.617018   0.000000    0.014889  0.014995 -0.000000
   C   2.420269  -4.976607  -0.000000    0.000775  0.002332  0.000000
   C   3.676455  -2.847236  -0.000000   -0.003950  0.002230 -0.000000
   C   4.921550  -0.721182   0.000000   -0.004886  0.002546 -0.000000
   C   6.138512   1.433092   0.000000   -0.007982  0.003390 -0.000000
   C   7.332665   3.659609   0.000000   -0.000943 -0.003117 -0.000000
   C   4.859564  -4.993569  -0.000000    0.001293  0.002074  0.000000
   C   6.143336  -2.878603  -0.000000   -0.005622  0.003612 -0.000000
   C   7.329168  -0.678396   0.000000   -0.004316  0.002693 -0.000000
   C   7.271510  -5.027112  -0.000000    0.003421  0.003193  0.000000
   H   8.067837   5.667022   0.000000    0.008727 -0.010556 -0.000000
   H   8.313683   3.213329   0.000000   -0.003845 -0.008973 -0.000000
   H   8.291492   1.199754   0.000000   -0.009217  0.003592 -0.000000
   H   8.282208  -1.190459   0.000000   -0.003937  0.003444 -0.000000
   H   8.280012  -3.152262  -0.000000   -0.007682  0.006174  0.000000
   H   8.202289  -5.583623  -0.000000    0.004918  0.005623  0.000000
   H  -8.234769   5.512352  -0.000000    0.006212  0.008724  0.000000
   H  -8.237476   3.037783  -0.000000    0.002482  0.011368  0.000000
   H  -8.258964   1.149597  -0.000000   -0.001050  0.002956  0.000000
   H  -8.257087  -1.221653   0.000000   -0.000992  0.006126  0.000000
   H  -8.188429  -2.998863   0.000000   -0.006516  0.007629  0.000000
   H  -8.203389  -5.429521   0.000000    0.021615  0.011637  0.000000
   H  -6.068167   6.714021  -0.000000    0.008805  0.007871  0.000000
   H  -3.746207   6.693567  -0.000000   -0.000022 -0.000748  0.000000
   H  -1.245538   6.732567  -0.000000   -0.003754 -0.008658  0.000000
   H   1.229640   6.729008   0.000000   -0.001120 -0.008412 -0.000000
   H   3.761679   6.657901   0.000000    0.001620 -0.012758 -0.000000
   H   5.888145   6.611483   0.000000    0.022059  0.013162 -0.000000
   H  -6.070957  -6.734447   0.000000    0.001978 -0.010198  0.000000
   H  -3.496176  -6.639229   0.000000    0.006276  0.001956  0.000000
   H  -1.360574  -6.535295   0.000000    0.005722 -0.012082  0.000000
   H   1.136163  -6.729842  -0.000000   -0.002286  0.008547  0.000000
   H   3.612869  -6.746103  -0.000000    0.001241  0.002731  0.000000
   H   6.049427  -6.786418  -0.000000    0.003980  0.004813  0.000000
converged SCF energy = -3084.29286055456
--------------- RKS_Scanner gradients ---------------
         x                y                z
0 C    -0.0003477010    -0.0002929658    -0.0000000000
1 C    -0.0008148530     0.0004095938    -0.0000000000
2 C    -0.0002132158    -0.0002027455     0.0000000000
3 C    -0.0010470568     0.0002217874    -0.0000000000
4 C    -0.0007910162     0.0025124938     0.0000000000
5 C     0.0000120144     0.0003072109    -0.0000000000
6 C    -0.0000198535    -0.0000921999    -0.0000000000
7 C     0.0000575130    -0.0002783523     0.0000000000
8 C     0.0003453452     0.0002004650    -0.0000000000
9 C    -0.0007303968    -0.0012347054     0.0000000000
10 C     0.0007855054    -0.0000816686     0.0000000000
11 C    -0.0000012314    -0.0001152103    -0.0000000000
12 C    -0.0000451251    -0.0001559966    -0.0000000000
13 C    -0.0001173212     0.0000317912    -0.0000000000
14 C     0.0002021683    -0.0001177479    -0.0000000000
15 C    -0.0013445103    -0.0002209708     0.0000000000
16 C     0.0000383532     0.0003242215    -0.0000000000
17 C    -0.0002581229    -0.0000537136    -0.0000000000
18 C    -0.0001259903    -0.0000333645    -0.0000000000
19 C    -0.0002649165    -0.0000164101    -0.0000000000
20 C    -0.0008143518    -0.0003281844    -0.0000000000
21 N     0.0002716914     0.0013887064    -0.0000000000
22 C    -0.0002052290    -0.0000892619    -0.0000000000
23 C    -0.0001007053    -0.0000516575     0.0000000000
24 C    -0.0001212667    -0.0001814836     0.0000000000
25 C    -0.0001159705    -0.0000311307    -0.0000000000
26 N    -0.0000617326    -0.0003119482    -0.0000000000
27 C     0.0007846570    -0.0002571275    -0.0000000000
28 C     0.0002266264     0.0001288033     0.0000000000
29 C     0.0000518095    -0.0000527203     0.0000000000
30 C    -0.0000304463    -0.0001913105     0.0000000000
31 C     0.0008131961     0.0005854480    -0.0000000000
32 C    -0.0004705530    -0.0000504692    -0.0000000000
33 C     0.0002829056    -0.0001644795    -0.0000000000
34 C     0.0001212345     0.0001536411     0.0000000000
35 C     0.0001016286     0.0000972833     0.0000000000
36 C    -0.0001249568     0.0002742914     0.0000000000
37 C     0.0000804548     0.0002401744     0.0000000000
38 C    -0.0001463680    -0.0000801295     0.0000000000
39 C    -0.0001679315     0.0003221116    -0.0000000000
40 C     0.0003402546     0.0001208460     0.0000000000
41 C     0.0003923688     0.0001680446    -0.0000000000
42 C     0.0004869786    -0.0002632376     0.0000000000
43 N     0.0002212099    -0.0001928443    -0.0000000000
44 C     0.0003386584    -0.0008156613     0.0000000000
45 C     0.0024005421     0.0001984905    -0.0000000000
46 N    -0.0002130434    -0.0022844054     0.0000000000
47 C     0.0001005595    -0.0002482684    -0.0000000000
48 C     0.0000457659    -0.0000546869     0.0000000000
49 C    -0.0002247885     0.0002029477     0.0000000000
50 C     0.0007239520     0.0001159161    -0.0000000000
51 C    -0.0008551344     0.0007939459    -0.0000000000
52 C     0.0003373496     0.0002250502     0.0000000000
53 C     0.0003033969     0.0000987398     0.0000000000
54 C    -0.0001019844    -0.0000217552     0.0000000000
55 C    -0.0002848220     0.0001809961     0.0000000000
56 C     0.0004843930     0.0007493547     0.0000000000
57 N    -0.0001116604    -0.0002715954     0.0000000000
58 C     0.0001904370     0.0002848989     0.0000000000
59 C     0.0002410970     0.0000473302     0.0000000000
60 C     0.0001742086    -0.0000000228     0.0000000000
61 C     0.0003406407    -0.0001639554     0.0000000000
62 C    -0.0006015227     0.0008344652    -0.0000000000
63 C     0.0006161151    -0.0004375867     0.0000000000
64 C     0.0001132198    -0.0001279189    -0.0000000000
65 C     0.0001577630    -0.0001147719    -0.0000000000
66 C     0.0000279338    -0.0000645307    -0.0000000000
67 C    -0.0000773694    -0.0003626840     0.0000000000
68 N     0.0002643468    -0.0001531175    -0.0000000000
69 C    -0.0005758477     0.0001360052    -0.0000000000
70 C     0.0001037145    -0.0000813523    -0.0000000000
71 C    -0.0000667439    -0.0000679330    -0.0000000000
72 C    -0.0001523472    -0.0000698222    -0.0000000000
73 C     0.0003123700    -0.0006079305     0.0000000000
74 C    -0.0004501448     0.0000558925     0.0000000000
75 C    -0.0000074354    -0.0000323622    -0.0000000000
76 C    -0.0001412888    -0.0001093965    -0.0000000000
77 C     0.0002880329    -0.0002536120    -0.0000000000
78 H     0.0001883992    -0.0000944589     0.0000000000
79 H     0.0002892051    -0.0000645688    -0.0000000000
80 H     0.0001169731     0.0001179058     0.0000000000
81 H     0.0000674388     0.0000292332     0.0000000000
82 H     0.0000450452    -0.0000532721    -0.0000000000
83 H     0.0001480317    -0.0000829376     0.0000000000
84 H    -0.0000813408     0.0001144120    -0.0000000000
85 H    -0.0001653948    -0.0001871938     0.0000000000
86 H    -0.0002821875     0.0002308668    -0.0000000000
87 H    -0.0002325224    -0.0003692781     0.0000000000
88 H    -0.0005432259     0.0002744081    -0.0000000000
89 H     0.0001340752     0.0002151380     0.0000000000
90 H    -0.0001043912     0.0001750896    -0.0000000000
91 H     0.0000017869    -0.0000310568     0.0000000000
92 H     0.0000162010     0.0001036311     0.0000000000
93 H    -0.0000081015     0.0002424465    -0.0000000000
94 H    -0.0001746954     0.0002205124     0.0000000000
95 H    -0.0000761556     0.0004486583     0.0000000000
96 H     0.0001862513    -0.0003045643     0.0000000000
97 H    -0.0001758499    -0.0001284018     0.0000000000
98 H     0.0000182587    -0.0005078470     0.0000000000
99 H    -0.0000673891    -0.0001124232     0.0000000000
100 H    -0.0000598038    -0.0001452258     0.0000000000
101 H    -0.0000129503    -0.0000500992     0.0000000000
----------------------------------------------
cycle 6: E = -3084.29286055  dE = -0.00123239  norm(grad) = 0.00642744

Geometry optimization cycle 7
