1721280293.3883781

Geometry optimization cycle 1
Cartesian coordinates (Angstrom)
 Atom        New coordinates             dX        dY        dZ
   C  -7.338226   5.042760   0.000000    0.000000  0.000000  0.000000
   C  -7.365228   0.691139   0.000000    0.000000  0.000000  0.000000
   C  -6.173642   2.889413   0.000000    0.000000  0.000000  0.000000
   C  -4.910090   5.019617   0.000000    0.000000  0.000000  0.000000
   C  -7.358051  -3.642635   0.000000    0.000000  0.000000  0.000000
   C  -6.173475  -1.431785   0.000000    0.000000  0.000000  0.000000
   C  -4.940069   0.716689   0.000000    0.000000  0.000000  0.000000
   C  -3.694845   2.860312   0.000000    0.000000  0.000000  0.000000
   C  -2.457224   5.005715   0.000000    0.000000  0.000000  0.000000
   C  -6.138515  -5.727246   0.000000    0.000000  0.000000  0.000000
   C  -4.928214  -3.580071   0.000000    0.000000  0.000000  0.000000
   C  -3.698169  -1.425571   0.000000    0.000000  0.000000  0.000000
   C  -2.471779   0.716540   0.000000    0.000000  0.000000  0.000000
   C  -1.230705   2.851907   0.000000    0.000000 -0.000000  0.000000
   C   0.000000   5.003169   0.000000    0.000000  0.000000  0.000000
   C  -3.678966  -5.694052   0.000000    0.000000  0.000000  0.000000
   C  -2.466015  -3.560923   0.000000    0.000000  0.000000  0.000000
   N  -1.232423  -1.423207   0.000000    0.000000  0.000000  0.000000
   C   0.000000   0.715809   0.000000    0.000000  0.000000  0.000000
   C   1.230705   2.851907   0.000000    0.000000 -0.000000  0.000000
   C   2.457224   5.005715   0.000000    0.000000  0.000000  0.000000
   C  -1.226334  -5.685080   0.000000    0.000000  0.000000  0.000000
   C   0.000000  -3.557079   0.000000    0.000000  0.000000  0.000000
   N   1.232423  -1.423207   0.000000    0.000000  0.000000  0.000000
   C   2.471779   0.716540   0.000000    0.000000  0.000000  0.000000
   C   3.694845   2.860312   0.000000    0.000000  0.000000  0.000000
   C   4.910090   5.019617   0.000000    0.000000  0.000000  0.000000
   C   1.226334  -5.685080   0.000000    0.000000  0.000000  0.000000
   C   2.466015  -3.560923   0.000000    0.000000  0.000000  0.000000
   N   3.698169  -1.425571   0.000000    0.000000  0.000000  0.000000
   C   4.940069   0.716689   0.000000    0.000000  0.000000  0.000000
   C   6.173642   2.889413   0.000000    0.000000  0.000000  0.000000
   C   7.338226   5.042760   0.000000    0.000000  0.000000  0.000000
   C   3.678966  -5.694052   0.000000    0.000000  0.000000  0.000000
   C   4.928214  -3.580071   0.000000    0.000000  0.000000  0.000000
   C   6.173475  -1.431785   0.000000   -0.000000  0.000000  0.000000
   C   7.365228   0.691139   0.000000    0.000000  0.000000  0.000000
   C   6.138515  -5.727246   0.000000    0.000000  0.000000  0.000000
   C   7.358051  -3.642635   0.000000   -0.000000  0.000000  0.000000
   C  -7.358051   3.642635   0.000000    0.000000  0.000000  0.000000
   C  -6.138515   5.727246   0.000000    0.000000  0.000000  0.000000
   N  -7.365228  -0.691139   0.000000    0.000000  0.000000  0.000000
   C  -6.173475   1.431785   0.000000    0.000000  0.000000  0.000000
   C  -4.928214   3.580071   0.000000    0.000000 -0.000000  0.000000
   C  -3.678966   5.694052   0.000000    0.000000  0.000000  0.000000
   C  -7.338226  -5.042760   0.000000    0.000000  0.000000  0.000000
   N  -6.173642  -2.889413   0.000000    0.000000  0.000000  0.000000
   C  -4.940069  -0.716689   0.000000    0.000000  0.000000  0.000000
   C  -3.698169   1.425571   0.000000    0.000000  0.000000  0.000000
   N  -2.466015   3.560923   0.000000    0.000000 -0.000000  0.000000
   C  -1.226334   5.685080   0.000000    0.000000  0.000000  0.000000
   C  -4.910090  -5.019617   0.000000    0.000000  0.000000  0.000000
   C  -3.694845  -2.860312   0.000000    0.000000  0.000000  0.000000
   C  -2.471779  -0.716540   0.000000    0.000000  0.000000  0.000000
   N  -1.232423   1.423207   0.000000    0.000000  0.000000  0.000000
   C   0.000000   3.557079   0.000000    0.000000  0.000000  0.000000
   C   1.226334   5.685080   0.000000    0.000000  0.000000  0.000000
   C  -2.457224  -5.005715   0.000000    0.000000  0.000000  0.000000
   C  -1.230705  -2.851907   0.000000    0.000000  0.000000  0.000000
   C   0.000000  -0.715809   0.000000    0.000000  0.000000  0.000000
   C   1.232423   1.423207   0.000000    0.000000  0.000000  0.000000
   C   2.466015   3.560923   0.000000    0.000000 -0.000000  0.000000
   C   3.678966   5.694052   0.000000    0.000000  0.000000  0.000000
   C   0.000000  -5.003169   0.000000    0.000000  0.000000  0.000000
   C   1.230705  -2.851907   0.000000    0.000000  0.000000  0.000000
   C   2.471779  -0.716540   0.000000    0.000000  0.000000  0.000000
   C   3.698169   1.425571   0.000000    0.000000  0.000000  0.000000
   C   4.928214   3.580071   0.000000    0.000000 -0.000000  0.000000
   C   6.138515   5.727246   0.000000    0.000000  0.000000  0.000000
   N   2.457224  -5.005715   0.000000    0.000000  0.000000  0.000000
   C   3.694845  -2.860312   0.000000    0.000000  0.000000  0.000000
   C   4.940069  -0.716689   0.000000    0.000000  0.000000  0.000000
   C   6.173475   1.431785   0.000000   -0.000000  0.000000  0.000000
   C   7.358051   3.642635   0.000000   -0.000000  0.000000  0.000000
   C   4.910090  -5.019617   0.000000    0.000000  0.000000  0.000000
   C   6.173642  -2.889413   0.000000    0.000000  0.000000  0.000000
   C   7.365228  -0.691139   0.000000    0.000000  0.000000  0.000000
   C   7.338226  -5.042760   0.000000    0.000000  0.000000  0.000000
   H   8.282184   5.591425   0.000000    0.000000 -0.000000  0.000000
   H   8.325741   3.141106   0.000000    0.000000  0.000000  0.000000
   H   8.326715   1.204661   0.000000    0.000000  0.000000  0.000000
   H   8.326715  -1.204661   0.000000    0.000000  0.000000  0.000000
   H   8.325741  -3.141106   0.000000    0.000000  0.000000  0.000000
   H   8.282184  -5.591425   0.000000    0.000000  0.000000  0.000000
   H  -8.282184   5.591425   0.000000    0.000000 -0.000000  0.000000
   H  -8.325741   3.141106   0.000000    0.000000  0.000000  0.000000
   H  -8.326715   1.204661   0.000000    0.000000  0.000000  0.000000
   H  -8.326715  -1.204661   0.000000    0.000000  0.000000  0.000000
   H  -8.325741  -3.141106   0.000000    0.000000  0.000000  0.000000
   H  -8.282184  -5.591425   0.000000    0.000000  0.000000  0.000000
   H  -6.116625   6.819427   0.000000    0.000000  0.000000  0.000000
   H  -3.672757   6.787431   0.000000    0.000000  0.000000  0.000000
   H  -1.225580   6.778408   0.000000    0.000000 -0.000000  0.000000
   H   1.225580   6.778408   0.000000    0.000000 -0.000000  0.000000
   H   3.672757   6.787431   0.000000    0.000000  0.000000  0.000000
   H   6.116625   6.819427   0.000000   -0.000000  0.000000  0.000000
   H  -6.116625  -6.819427   0.000000    0.000000  0.000000  0.000000
   H  -3.672757  -6.787431   0.000000    0.000000  0.000000  0.000000
   H  -1.225580  -6.778408   0.000000    0.000000  0.000000  0.000000
   H   1.225580  -6.778408   0.000000    0.000000  0.000000  0.000000
   H   3.672757  -6.787431   0.000000    0.000000  0.000000  0.000000
   H   6.116625  -6.819427   0.000000   -0.000000  0.000000  0.000000
converged SCF energy = -3117.39368564719
--------------- RKS_Scanner gradients ---------------
         x                y                z
0 C    -0.0028617208     0.0051110495     0.0000000000
1 C    -0.0070302328     0.0105933969    -0.0000000000
2 C     0.0099619757     0.0078573159     0.0000000000
3 C     0.0003121072    -0.0115331082     0.0000000000
4 C    -0.0051615907     0.0008007059    -0.0000000000
5 C     0.0136707291     0.0204018515     0.0000000000
6 C    -0.0068795400    -0.0046622062     0.0000000000
7 C     0.0157860174    -0.0080546328     0.0000000000
8 C    -0.0129177004    -0.0070308532     0.0000000000
9 C     0.0009608332    -0.0003506572    -0.0000000000
10 C    -0.0104284785    -0.0206176239     0.0000000000
11 C     0.0122690190    -0.0119149086     0.0000000000
12 C    -0.0031094109     0.0459909078     0.0000000000
13 C    -0.0065491469    -0.0085737075     0.0000000000
14 C    -0.0112105696    -0.0132710782     0.0000000000
15 C     0.0024637825    -0.0099051135     0.0000000000
16 C    -0.0004656745    -0.0005282800    -0.0000000000
17 N    -0.0146755130     0.0048649267     0.0000000000
18 C     0.0028291489     0.0258097075     0.0000000000
19 C    -0.0197018408     0.0100596820     0.0000000000
20 C    -0.0098255140    -0.0086223291     0.0000000000
21 C    -0.0119661407    -0.0029009822     0.0000000000
22 C     0.0110808037    -0.0291191408    -0.0000000000
23 N    -0.0185937958    -0.0367534468    -0.0000000000
24 C    -0.0001285650     0.0241961551    -0.0000000000
25 C    -0.0062901577     0.0153444140    -0.0000000000
26 C    -0.0000279012     0.0007759378     0.0000000000
27 C    -0.0201123274    -0.0186678682    -0.0000000000
28 C     0.0118049089    -0.0131521831     0.0000000000
29 N     0.0221438432    -0.0038949758     0.0000000000
30 C     0.0010154994     0.0099311744    -0.0000000000
31 C     0.0005301427    -0.0050285662    -0.0000000000
32 C     0.0046939808     0.0035671170    -0.0000000000
33 C     0.0165499906    -0.0219347212     0.0000000000
34 C     0.0084528892    -0.0162201692    -0.0000000000
35 C     0.0192752056    -0.0051538990    -0.0000000000
36 C    -0.0010038982     0.0046238634    -0.0000000000
37 C    -0.0015965889    -0.0022969109     0.0000000000
38 C     0.0075113253    -0.0090171943    -0.0000000000
39 C     0.0010561457    -0.0008303471    -0.0000000000
40 C    -0.0021884387     0.0026660564    -0.0000000000
41 N     0.0168008365     0.0234676449    -0.0000000000
42 C     0.0090526099     0.0013524110    -0.0000000000
43 C    -0.0244349425     0.0079367448    -0.0000000000
44 C     0.0035577155     0.0153050053    -0.0000000000
45 C    -0.0077787118    -0.0133928996     0.0000000000
46 N     0.0089359574    -0.0205969666    -0.0000000000
47 C    -0.0178736064     0.0100148740    -0.0000000000
48 C    -0.0032787044    -0.0031390829    -0.0000000000
49 N    -0.0154645226     0.0154076333     0.0000000000
50 C     0.0119183524     0.0160991104    -0.0000000000
51 C     0.0020858962     0.0082078942    -0.0000000000
52 C     0.0199047145     0.0164996841    -0.0000000000
53 C    -0.0157089147    -0.0411368377    -0.0000000000
54 N    -0.0011647800    -0.0255956918    -0.0000000000
55 C     0.0394717906     0.0090387101    -0.0000000000
56 C     0.0136480890     0.0093707930    -0.0000000000
57 C     0.0000531963    -0.0056736051     0.0000000000
58 C    -0.0037609043     0.0109375705     0.0000000000
59 C     0.0068090969    -0.0176174054     0.0000000000
60 C     0.0105194604    -0.0047744432    -0.0000000000
61 C     0.0145754964     0.0032226768     0.0000000000
62 C     0.0072946658     0.0058343684    -0.0000000000
63 C     0.0066341526    -0.0004696809     0.0000000000
64 C    -0.0061980847     0.0431345153     0.0000000000
65 C     0.0119478083     0.0064407858    -0.0000000000
66 C    -0.0017296072    -0.0135304969     0.0000000000
67 C    -0.0044857148    -0.0000533196     0.0000000000
68 C    -0.0001967734     0.0038835895     0.0000000000
69 N    -0.0055869697     0.0109480043    -0.0000000000
70 C    -0.0156190002     0.0205530665    -0.0000000000
71 C    -0.0070205298    -0.0003907823    -0.0000000000
72 C     0.0012326840     0.0041075137     0.0000000000
73 C    -0.0024054661     0.0022761534     0.0000000000
74 C     0.0096057054    -0.0023327701    -0.0000000000
75 C    -0.0113888904     0.0137280611     0.0000000000
76 C     0.0018992169    -0.0091592507     0.0000000000
77 C     0.0053523833     0.0047447348    -0.0000000000
78 H     0.0047266377     0.0029201351     0.0000000000
79 H     0.0055515599    -0.0030310998    -0.0000000000
80 H     0.0062116501     0.0028174666     0.0000000000
81 H     0.0068448522    -0.0022511830    -0.0000000000
82 H     0.0059543639     0.0028139581     0.0000000000
83 H     0.0055366179    -0.0027151527     0.0000000000
84 H    -0.0048329083     0.0028789984    -0.0000000000
85 H    -0.0049876359    -0.0032023433     0.0000000000
86 H    -0.0046387136     0.0114048724     0.0000000000
87 H    -0.0537143506    -0.0270416896     0.0000000000
88 H    -0.0105592253    -0.0023976306     0.0000000000
89 H    -0.0044019354    -0.0065172540    -0.0000000000
90 H    -0.0001322188     0.0062647444    -0.0000000000
91 H    -0.0032896692     0.0088225101     0.0000000000
92 H     0.0028836067     0.0088687123     0.0000000000
93 H     0.0005544470     0.0069921444    -0.0000000000
94 H     0.0003251510     0.0065507170     0.0000000000
95 H     0.0000240249     0.0060356301    -0.0000000000
96 H     0.0002426849    -0.0069199532     0.0000000000
97 H     0.0011092050    -0.0071479859     0.0000000000
98 H    -0.0001235094    -0.0064500100    -0.0000000000
99 H    -0.0085384259    -0.0101572839     0.0000000000
100 H     0.0087305831    -0.0097700444    -0.0000000000
101 H    -0.0002837273    -0.0059461904    -0.0000000000
----------------------------------------------
cycle 1: E = -3117.39368565  dE = -3117.39  norm(grad) = 0.181336

Geometry optimization cycle 2
Cartesian coordinates (Angstrom)
 Atom        New coordinates             dX        dY        dZ
   C  -7.300102   4.934004   0.000000    0.038123 -0.108756  0.000000
   C  -7.275019   0.594654   0.000000    0.090209 -0.096485  0.000000
   C  -6.139051   2.805804   0.000000    0.034591 -0.083609  0.000000
   C  -4.893181   4.929831   0.000000    0.016909 -0.089786  0.000000
   C  -7.272076  -3.483482   0.000000    0.085976  0.159154  0.000000
   C  -6.033545  -1.430942   0.000000    0.139930  0.000843  0.000000
   C  -4.865858   0.692286  -0.000000    0.074211 -0.024403 -0.000000
   C  -3.666385   2.806636  -0.000000    0.028460 -0.053676 -0.000000
   C  -2.448080   4.917308  -0.000000    0.009144 -0.088407 -0.000000
   C  -6.118104  -5.608250   0.000000    0.020411  0.118996  0.000000
   C  -4.856726  -3.519965   0.000000    0.071489  0.060106  0.000000
   C  -3.607704  -1.398499  -0.000000    0.090465  0.027072 -0.000000
   C  -2.422444   0.693528  -0.000000    0.049335 -0.023012 -0.000000
   C  -1.219063   2.820885  -0.000000    0.011642 -0.031022 -0.000000
   C  -0.011780   4.958049  -0.000000   -0.011780 -0.045120 -0.000000
   C  -3.648819  -5.619929   0.000000    0.030147  0.074124  0.000000
   C  -2.428226  -3.519986  -0.000000    0.037789  0.040936 -0.000000
   N  -1.179439  -1.391989  -0.000000    0.052984  0.031218 -0.000000
   C   0.000258   0.712538  -0.000000    0.000258 -0.003271 -0.000000
   C   1.216542   2.823454  -0.000000   -0.014163 -0.028453 -0.000000
   C   2.431547   4.967721  -0.000000   -0.025677 -0.037994 -0.000000
   C  -1.191840  -5.624273  -0.000000    0.034494  0.060807 -0.000000
   C  -0.000300  -3.476257  -0.000000   -0.000300  0.080821 -0.000000
   N   1.235999  -1.367690  -0.000000    0.003576  0.055517 -0.000000
   C   2.446574   0.707390  -0.000000   -0.025206 -0.009150 -0.000000
   C   3.667806   2.828098  -0.000000   -0.027039 -0.032214 -0.000000
   C   4.869381   4.968286   0.000000   -0.040710 -0.051331  0.000000
   C   1.229412  -5.553640  -0.000000    0.003078  0.131439 -0.000000
   C   2.440774  -3.473293  -0.000000   -0.025240  0.087630 -0.000000
   N   3.642194  -1.403453  -0.000000   -0.055975  0.022118 -0.000000
   C   4.893722   0.702700  -0.000000   -0.046346 -0.013988 -0.000000
   C   6.136652   2.854342   0.000000   -0.036990 -0.035071  0.000000
   C   7.285195   4.976861   0.000000   -0.053030 -0.065899  0.000000
   C   3.585487  -5.568858  -0.000000   -0.093479  0.125195 -0.000000
   C   4.882061  -3.526323  -0.000000   -0.046153  0.053748 -0.000000
   C   6.089456  -1.429580   0.000000   -0.084019  0.002205  0.000000
   C   7.307239   0.674237   0.000000   -0.057989 -0.016902  0.000000
   C   6.025647  -5.688131   0.000000   -0.112869  0.039114  0.000000
   C   7.294519  -3.633135   0.000000   -0.063532  0.009501  0.000000
   C  -7.325167   3.543114   0.000000    0.032884 -0.099522  0.000000
   C  -6.113610   5.629929   0.000000    0.024906 -0.097317  0.000000
   N  -7.213337  -0.758184   0.000000    0.151891 -0.067045  0.000000
   C  -6.117521   1.366005   0.000000    0.055954 -0.065780  0.000000
   C  -4.891631   3.499474  -0.000000    0.036583 -0.080597 -0.000000
   C  -3.667359   5.580329  -0.000000    0.011607 -0.113723 -0.000000
   C  -7.277748  -4.864610   0.000000    0.060478  0.178150  0.000000
   N  -6.068023  -2.821820   0.000000    0.105619  0.067593  0.000000
   C  -4.825079  -0.720397  -0.000000    0.114990 -0.003708 -0.000000
   C  -3.642811   1.393457  -0.000000    0.055358 -0.032114 -0.000000
   N  -2.442500   3.492505  -0.000000    0.023515 -0.068417 -0.000000
   C  -1.248016   5.597692  -0.000000   -0.021682 -0.087388 -0.000000
   C  -4.869748  -4.948256   0.000000    0.040342  0.071361  0.000000
   C  -3.641870  -2.825494  -0.000000    0.052975  0.034817 -0.000000
   C  -2.393875  -0.690390  -0.000000    0.077904  0.026150 -0.000000
   N  -1.213482   1.420950  -0.000000    0.018941 -0.002257 -0.000000
   C  -0.024210   3.520968  -0.000000   -0.024210 -0.036110 -0.000000
   C   1.196817   5.632980  -0.000000   -0.029517 -0.052099 -0.000000
   C  -2.420377  -4.950829  -0.000000    0.036847  0.054886 -0.000000
   C  -1.210763  -2.803308  -0.000000    0.019941  0.048599 -0.000000
   C   0.018498  -0.681558  -0.000000    0.018498  0.034251 -0.000000
   C   1.215108   1.412313  -0.000000   -0.017315 -0.010894 -0.000000
   C   2.437366   3.527808  -0.000000   -0.028649 -0.033115 -0.000000
   C   3.644201   5.643945  -0.000000   -0.034765 -0.050107 -0.000000
   C  -0.002902  -4.908998  -0.000000   -0.002902  0.094170 -0.000000
   C   1.223087  -2.795927  -0.000000   -0.007618  0.055980 -0.000000
   C   2.444957  -0.695345  -0.000000   -0.026822  0.021195 -0.000000
   C   3.665100   1.413822  -0.000000   -0.033069 -0.011749 -0.000000
   C   4.898264   3.539646  -0.000000   -0.029950 -0.040425 -0.000000
   C   6.094377   5.663564   0.000000   -0.044138 -0.063682  0.000000
   N   2.415045  -4.881600  -0.000000   -0.042179  0.124115 -0.000000
   C   3.671692  -2.819392  -0.000000   -0.023153  0.040919 -0.000000
   C   4.879117  -0.711875  -0.000000   -0.060952  0.004814 -0.000000
   C   6.122832   1.407110   0.000000   -0.050643 -0.024675  0.000000
   C   7.324455   3.585820   0.000000   -0.033596 -0.056815  0.000000
   C   4.825379  -4.949398  -0.000000   -0.084711  0.070219 -0.000000
   C   6.130253  -2.877856   0.000000   -0.043389  0.011558  0.000000
   C   7.275019  -0.693285   0.000000   -0.090209 -0.002146  0.000000
   C   7.230596  -5.030447   0.000000   -0.107630  0.012313  0.000000
   H   8.221411   5.526268   0.000000   -0.060773 -0.065157  0.000000
   H   8.285945   3.087876   0.000000   -0.039796 -0.053230  0.000000
   H   8.266571   1.175353   0.000000   -0.060144 -0.029309  0.000000
   H   8.220885  -1.218695   0.000000   -0.105830 -0.014033  0.000000
   H   8.265084  -3.153775   0.000000   -0.060656 -0.012669  0.000000
   H   8.153563  -5.600540   0.000000   -0.128621 -0.009115  0.000000
   H  -8.240862   5.475429   0.000000    0.041322 -0.115995  0.000000
   H  -8.286337   3.043516   0.000000    0.039404 -0.097590  0.000000
   H  -8.259262   1.037594   0.000000    0.067453 -0.167067  0.000000
   H  -8.091181  -1.281516   0.000000    0.235534 -0.076855  0.000000
   H  -8.196100  -2.923283   0.000000    0.129641  0.217823  0.000000
   H  -8.239615  -5.364003   0.000000    0.042570  0.227422  0.000000
   H  -6.098310   6.715095   0.000000    0.018316 -0.104331  0.000000
   H  -3.648774   6.663522  -0.000000    0.023983 -0.123909 -0.000000
   H  -1.281228   6.680392  -0.000000   -0.055648 -0.098016 -0.000000
   H   1.187341   6.718292  -0.000000   -0.038238 -0.060116 -0.000000
   H   3.640488   6.729864   0.000000   -0.032269 -0.057567  0.000000
   H   6.078008   6.748974   0.000000   -0.038618 -0.070453  0.000000
   H  -6.144510  -6.692449   0.000000   -0.027884  0.126978  0.000000
   H  -3.655680  -6.705141   0.000000    0.017077  0.082290  0.000000
   H  -1.170481  -6.710033  -0.000000    0.055099  0.068375 -0.000000
   H   1.282681  -6.634062  -0.000000    0.057101  0.144346 -0.000000
   H   3.514117  -6.648808  -0.000000   -0.158640  0.138624 -0.000000
   H   5.978540  -6.772736   0.000000   -0.138085  0.046691  0.000000
converged SCF energy = -3117.45938987473
--------------- RKS_Scanner gradients ---------------
         x                y                z
0 C     0.0016751723    -0.0017055168    -0.0000000000
1 C    -0.0037134389    -0.0027456261     0.0000000000
2 C     0.0049044414     0.0045591905     0.0000000000
3 C    -0.0038557095    -0.0071688732     0.0000000000
4 C    -0.0041142383     0.0108992579     0.0000000000
5 C     0.0104326513     0.0177169949     0.0000000000
6 C    -0.0027911978    -0.0043796382     0.0000000000
7 C     0.0048874932    -0.0057267277     0.0000000000
8 C    -0.0072451085     0.0020845885    -0.0000000000
9 C     0.0015697392    -0.0027317744     0.0000000000
10 C    -0.0020270683    -0.0081524558    -0.0000000000
11 C     0.0100064204     0.0016680504     0.0000000000
12 C    -0.0032238612     0.0166406910     0.0000000000
13 C     0.0013151873    -0.0007679472    -0.0000000000
14 C    -0.0043935292    -0.0030200475     0.0000000000
15 C     0.0023212225    -0.0021727688    -0.0000000000
16 C    -0.0012767201     0.0006415672    -0.0000000000
17 N    -0.0020400843     0.0080876496    -0.0000000000
18 C     0.0020236898     0.0110973941    -0.0000000000
19 C    -0.0105497154     0.0045036012    -0.0000000000
20 C    -0.0045977465    -0.0031841509     0.0000000000
21 C    -0.0016934482    -0.0044505161     0.0000000000
22 C     0.0046382013    -0.0103348587    -0.0000000000
23 N    -0.0059480509    -0.0182970300    -0.0000000000
24 C    -0.0012033904     0.0068692983    -0.0000000000
25 C    -0.0014553331     0.0083246344    -0.0000000000
26 C    -0.0032206626    -0.0000924763    -0.0000000000
27 C    -0.0027393648    -0.0050863617     0.0000000000
28 C     0.0120273941    -0.0033913435    -0.0000000000
29 N     0.0065826990    -0.0090670448     0.0000000000
30 C    -0.0010831980     0.0038468305    -0.0000000000
31 C     0.0031716514     0.0005752001     0.0000000000
32 C    -0.0036176582     0.0003762402    -0.0000000000
33 C     0.0004346201    -0.0016766646     0.0000000000
34 C     0.0051816159    -0.0029740777     0.0000000000
35 C     0.0029751994    -0.0057346502     0.0000000000
36 C     0.0008154333     0.0028364142     0.0000000000
37 C    -0.0004615522    -0.0021168475    -0.0000000000
38 C     0.0050912253    -0.0025468823    -0.0000000000
39 C    -0.0020869908     0.0006216017    -0.0000000000
40 C     0.0011876145     0.0025405359    -0.0000000000
41 N     0.0039128051    -0.0012315073    -0.0000000000
42 C     0.0032688702    -0.0005045989    -0.0000000000
43 C    -0.0083625290     0.0048171683    -0.0000000000
44 C     0.0055173295     0.0004825532     0.0000000000
45 C     0.0036907350     0.0029300227    -0.0000000000
46 N     0.0010983564    -0.0171030189     0.0000000000
47 C    -0.0088777737    -0.0012935869    -0.0000000000
48 C     0.0037019474    -0.0006807119    -0.0000000000
49 N    -0.0031874037     0.0033338707     0.0000000000
50 C     0.0033261025    -0.0011484331     0.0000000000
51 C    -0.0014056747     0.0063272665     0.0000000000
52 C     0.0047881119     0.0065367628    -0.0000000000
53 C    -0.0068757751    -0.0185397464    -0.0000000000
54 N    -0.0017064998    -0.0137039593     0.0000000000
55 C     0.0123285804     0.0029517924    -0.0000000000
56 C     0.0065374895     0.0014902473    -0.0000000000
57 C     0.0023327781    -0.0025943008     0.0000000000
58 C    -0.0033449547     0.0015338085     0.0000000000
59 C     0.0055798815    -0.0062533365     0.0000000000
60 C    -0.0001237688    -0.0043012273     0.0000000000
61 C     0.0057618012     0.0009728769     0.0000000000
62 C     0.0052247250     0.0023169445     0.0000000000
63 C    -0.0024645900     0.0051096546    -0.0000000000
64 C    -0.0050734729     0.0236113607     0.0000000000
65 C     0.0030805152     0.0099471989     0.0000000000
66 C    -0.0021370064    -0.0090363758     0.0000000000
67 C    -0.0018576309    -0.0026254259     0.0000000000
68 C     0.0015355048     0.0014313349     0.0000000000
69 N    -0.0063468845     0.0061313609    -0.0000000000
70 C    -0.0039562087     0.0038688635    -0.0000000000
71 C    -0.0031864567     0.0028504881    -0.0000000000
72 C     0.0007263184    -0.0010029775    -0.0000000000
73 C     0.0011473228    -0.0018358760     0.0000000000
74 C     0.0021304947     0.0013707240     0.0000000000
75 C    -0.0021893004     0.0008143310    -0.0000000000
76 C    -0.0059387082    -0.0018962550    -0.0000000000
77 C    -0.0024353599     0.0038214742     0.0000000000
78 H     0.0007996941     0.0000941006    -0.0000000000
79 H     0.0018259955    -0.0014339360     0.0000000000
80 H     0.0019405925     0.0009473922    -0.0000000000
81 H     0.0015275280     0.0006588515     0.0000000000
82 H     0.0014169242     0.0010188874     0.0000000000
83 H     0.0009547442    -0.0005003132     0.0000000000
84 H    -0.0007987736     0.0002462630     0.0000000000
85 H    -0.0014100285    -0.0003870040     0.0000000000
86 H    -0.0002023182     0.0035960850    -0.0000000000
87 H    -0.0146784770    -0.0097935286     0.0000000000
88 H    -0.0043955407     0.0039774791    -0.0000000000
89 H    -0.0002695039    -0.0009158967    -0.0000000000
90 H     0.0000904252     0.0017127252    -0.0000000000
91 H    -0.0020691326     0.0012759175    -0.0000000000
92 H     0.0015167509     0.0013005904    -0.0000000000
93 H     0.0000917012     0.0012246105     0.0000000000
94 H    -0.0001648731     0.0013808742    -0.0000000000
95 H    -0.0004448503     0.0013405105    -0.0000000000
96 H     0.0007054065    -0.0020320424    -0.0000000000
97 H     0.0002292244    -0.0010889440     0.0000000000
98 H    -0.0001598475    -0.0021058068    -0.0000000000
99 H    -0.0035642956    -0.0022057866     0.0000000000
100 H     0.0033816244    -0.0020065738    -0.0000000000
101 H    -0.0004165484    -0.0015563972     0.0000000000
----------------------------------------------
cycle 2: E = -3117.45938987  dE = -0.0657042  norm(grad) = 0.0774717

Geometry optimization cycle 3
