1721293054.1904566

Geometry optimization cycle 1
Cartesian coordinates (Angstrom)
 Atom        New coordinates             dX        dY        dZ
   C  -7.338226   5.042760   0.000000    0.000000  0.000000  0.000000
   C  -7.365228   0.691139   0.000000    0.000000  0.000000  0.000000
   C  -6.173642   2.889413   0.000000    0.000000  0.000000  0.000000
   C  -4.910090   5.019617   0.000000    0.000000  0.000000  0.000000
   C  -7.358051  -3.642635   0.000000    0.000000  0.000000  0.000000
   C  -6.173475  -1.431785   0.000000    0.000000  0.000000  0.000000
   C  -4.940069   0.716689   0.000000    0.000000  0.000000  0.000000
   C  -3.694845   2.860312   0.000000    0.000000  0.000000  0.000000
   C  -2.457224   5.005715   0.000000    0.000000  0.000000  0.000000
   C  -6.138515  -5.727246   0.000000    0.000000  0.000000  0.000000
   C  -4.928214  -3.580071   0.000000    0.000000  0.000000  0.000000
   C  -3.698169  -1.425571   0.000000    0.000000  0.000000  0.000000
   C  -2.471779   0.716540   0.000000    0.000000  0.000000  0.000000
   C  -1.230705   2.851907   0.000000    0.000000 -0.000000  0.000000
   N   0.000000   5.003169   0.000000    0.000000  0.000000  0.000000
   C  -3.678966  -5.694052   0.000000    0.000000  0.000000  0.000000
   C  -2.466015  -3.560923   0.000000    0.000000  0.000000  0.000000
   C  -1.232423  -1.423207   0.000000    0.000000  0.000000  0.000000
   C   0.000000   0.715809   0.000000    0.000000  0.000000  0.000000
   C   1.230705   2.851907   0.000000    0.000000 -0.000000  0.000000
   C   2.457224   5.005715   0.000000    0.000000  0.000000  0.000000
   C  -1.226334  -5.685080   0.000000    0.000000  0.000000  0.000000
   C   0.000000  -3.557079   0.000000    0.000000  0.000000  0.000000
   C   1.232423  -1.423207   0.000000    0.000000  0.000000  0.000000
   C   2.471779   0.716540   0.000000    0.000000  0.000000  0.000000
   N   3.694845   2.860312   0.000000    0.000000  0.000000  0.000000
   C   4.910090   5.019617   0.000000    0.000000  0.000000  0.000000
   C   1.226334  -5.685080   0.000000    0.000000  0.000000  0.000000
   C   2.466015  -3.560923   0.000000    0.000000  0.000000  0.000000
   C   3.698169  -1.425571   0.000000    0.000000  0.000000  0.000000
   C   4.940069   0.716689   0.000000    0.000000  0.000000  0.000000
   C   6.173642   2.889413   0.000000    0.000000  0.000000  0.000000
   C   7.338226   5.042760   0.000000    0.000000  0.000000  0.000000
   C   3.678966  -5.694052   0.000000    0.000000  0.000000  0.000000
   C   4.928214  -3.580071   0.000000    0.000000  0.000000  0.000000
   C   6.173475  -1.431785   0.000000   -0.000000  0.000000  0.000000
   C   7.365228   0.691139   0.000000    0.000000  0.000000  0.000000
   C   6.138515  -5.727246   0.000000    0.000000  0.000000  0.000000
   C   7.358051  -3.642635   0.000000   -0.000000  0.000000  0.000000
   N  -7.358051   3.642635   0.000000    0.000000  0.000000  0.000000
   C  -6.138515   5.727246   0.000000    0.000000  0.000000  0.000000
   C  -7.365228  -0.691139   0.000000    0.000000  0.000000  0.000000
   C  -6.173475   1.431785   0.000000    0.000000  0.000000  0.000000
   C  -4.928214   3.580071   0.000000    0.000000 -0.000000  0.000000
   C  -3.678966   5.694052   0.000000    0.000000  0.000000  0.000000
   C  -7.338226  -5.042760   0.000000    0.000000  0.000000  0.000000
   C  -6.173642  -2.889413   0.000000    0.000000  0.000000  0.000000
   C  -4.940069  -0.716689   0.000000    0.000000  0.000000  0.000000
   C  -3.698169   1.425571   0.000000    0.000000  0.000000  0.000000
   C  -2.466015   3.560923   0.000000    0.000000 -0.000000  0.000000
   C  -1.226334   5.685080   0.000000    0.000000  0.000000  0.000000
   C  -4.910090  -5.019617   0.000000    0.000000  0.000000  0.000000
   C  -3.694845  -2.860312   0.000000    0.000000  0.000000  0.000000
   C  -2.471779  -0.716540   0.000000    0.000000  0.000000  0.000000
   C  -1.232423   1.423207   0.000000    0.000000  0.000000  0.000000
   C   0.000000   3.557079   0.000000    0.000000  0.000000  0.000000
   C   1.226334   5.685080   0.000000    0.000000  0.000000  0.000000
   C  -2.457224  -5.005715   0.000000    0.000000  0.000000  0.000000
   C  -1.230705  -2.851907   0.000000    0.000000  0.000000  0.000000
   C   0.000000  -0.715809   0.000000    0.000000  0.000000  0.000000
   C   1.232423   1.423207   0.000000    0.000000  0.000000  0.000000
   C   2.466015   3.560923   0.000000    0.000000 -0.000000  0.000000
   C   3.678966   5.694052   0.000000    0.000000  0.000000  0.000000
   C   0.000000  -5.003169   0.000000    0.000000  0.000000  0.000000
   C   1.230705  -2.851907   0.000000    0.000000  0.000000  0.000000
   C   2.471779  -0.716540   0.000000    0.000000  0.000000  0.000000
   N   3.698169   1.425571   0.000000    0.000000  0.000000  0.000000
   C   4.928214   3.580071   0.000000    0.000000 -0.000000  0.000000
   C   6.138515   5.727246   0.000000    0.000000  0.000000  0.000000
   C   2.457224  -5.005715   0.000000    0.000000  0.000000  0.000000
   C   3.694845  -2.860312   0.000000    0.000000  0.000000  0.000000
   C   4.940069  -0.716689   0.000000    0.000000  0.000000  0.000000
   C   6.173475   1.431785   0.000000   -0.000000  0.000000  0.000000
   C   7.358051   3.642635   0.000000   -0.000000  0.000000  0.000000
   C   4.910090  -5.019617   0.000000    0.000000  0.000000  0.000000
   C   6.173642  -2.889413   0.000000    0.000000  0.000000  0.000000
   C   7.365228  -0.691139   0.000000    0.000000  0.000000  0.000000
   C   7.338226  -5.042760   0.000000    0.000000  0.000000  0.000000
   H   8.282184   5.591425   0.000000    0.000000 -0.000000  0.000000
   H   8.325741   3.141106   0.000000    0.000000  0.000000  0.000000
   H   8.326715   1.204661   0.000000    0.000000  0.000000  0.000000
   H   8.326715  -1.204661   0.000000    0.000000  0.000000  0.000000
   H   8.325741  -3.141106   0.000000    0.000000  0.000000  0.000000
   H   8.282184  -5.591425   0.000000    0.000000  0.000000  0.000000
   H  -8.282184   5.591425   0.000000    0.000000 -0.000000  0.000000
   H  -8.325741   3.141106   0.000000    0.000000  0.000000  0.000000
   H  -8.326715   1.204661   0.000000    0.000000  0.000000  0.000000
   H  -8.326715  -1.204661   0.000000    0.000000  0.000000  0.000000
   H  -8.325741  -3.141106   0.000000    0.000000  0.000000  0.000000
   H  -8.282184  -5.591425   0.000000    0.000000  0.000000  0.000000
   H  -6.116625   6.819427   0.000000    0.000000  0.000000  0.000000
   H  -3.672757   6.787431   0.000000    0.000000  0.000000  0.000000
   H  -1.225580   6.778408   0.000000    0.000000 -0.000000  0.000000
   H   1.225580   6.778408   0.000000    0.000000 -0.000000  0.000000
   H   3.672757   6.787431   0.000000    0.000000  0.000000  0.000000
   H   6.116625   6.819427   0.000000   -0.000000  0.000000  0.000000
   H  -6.116625  -6.819427   0.000000    0.000000  0.000000  0.000000
   H  -3.672757  -6.787431   0.000000    0.000000  0.000000  0.000000
   H  -1.225580  -6.778408   0.000000    0.000000  0.000000  0.000000
   H   1.225580  -6.778408   0.000000    0.000000  0.000000  0.000000
   H   3.672757  -6.787431   0.000000    0.000000  0.000000  0.000000
   H   6.116625  -6.819427   0.000000   -0.000000  0.000000  0.000000
converged SCF energy = -3051.03203937807
--------------- RKS_Scanner gradients ---------------
         x                y                z
0 C    -0.0272590996     0.0050736583    -0.0000000000
1 C     0.0053003792     0.0096394459    -0.0000000000
2 C    -0.0116970752     0.0021892825    -0.0000000000
3 C    -0.0344749448    -0.0071528119     0.0000000000
4 C     0.0014299461    -0.0022376516    -0.0000000000
5 C    -0.0103941249    -0.0004912807     0.0000000000
6 C    -0.0039392886    -0.0036645661    -0.0000000000
7 C     0.0007148710     0.0154969951     0.0000000000
8 C    -0.0253962164     0.0077472857     0.0000000000
9 C     0.0032450983    -0.0031801865    -0.0000000000
10 C     0.0034696270    -0.0020024043    -0.0000000000
11 C    -0.0075350733     0.0024328991    -0.0000000000
12 C    -0.0139931420    -0.0035192900    -0.0000000000
13 C     0.0071261513    -0.0065967888     0.0000000000
14 N    -0.0031384561     0.0083078012    -0.0000000000
15 C     0.0036461502    -0.0041528988    -0.0000000000
16 C     0.0009464632    -0.0014431385    -0.0000000000
17 C     0.0015283543     0.0025157936    -0.0000000000
18 C    -0.0188227588     0.0082422331    -0.0000000000
19 C    -0.0245357518    -0.0229590966    -0.0000000000
20 C    -0.0114907931     0.0070345395    -0.0000000000
21 C     0.0055676670    -0.0063691263     0.0000000000
22 C    -0.0028970716     0.0024355425    -0.0000000000
23 C     0.0046088052    -0.0054465190    -0.0000000000
24 C    -0.0059920857    -0.0105147956    -0.0000000000
25 N     0.0109819527    -0.0081108326    -0.0000000000
26 C     0.0074871863     0.0098045002    -0.0000000000
27 C     0.0006790164    -0.0076713085    -0.0000000000
28 C     0.0018157498     0.0028947997    -0.0000000000
29 C    -0.0058913316     0.0089435769    -0.0000000000
30 C    -0.0047982860    -0.0160543323    -0.0000000000
31 C     0.0169436582    -0.0136876804    -0.0000000000
32 C     0.0026216404     0.0054953291    -0.0000000000
33 C    -0.0076133490    -0.0053950601     0.0000000000
34 C    -0.0049875590    -0.0025190515    -0.0000000000
35 C    -0.0067967661    -0.0054418476    -0.0000000000
36 C     0.0066000513     0.0007136589    -0.0000000000
37 C    -0.0058857637    -0.0036094268     0.0000000000
38 C    -0.0015895041    -0.0050360433    -0.0000000000
39 N     0.0330246178     0.0075663703     0.0000000000
40 C     0.0329452867     0.0111646545    -0.0000000000
41 C     0.0055044056    -0.0118831148    -0.0000000000
42 C     0.0013383620    -0.0174566678     0.0000000000
43 C     0.0228447559     0.0051100870    -0.0000000000
44 C     0.0255377514     0.0015518010    -0.0000000000
45 C    -0.0043380987    -0.0006215535     0.0000000000
46 C    -0.0010049677     0.0043775259     0.0000000000
47 C     0.0094723537    -0.0002944845     0.0000000000
48 C     0.0060622875    -0.0105989369    -0.0000000000
49 C    -0.0030850425    -0.0034822043    -0.0000000000
50 C    -0.0033459742     0.0197973369    -0.0000000000
51 C    -0.0046465204     0.0002707121     0.0000000000
52 C    -0.0000006739    -0.0015344396     0.0000000000
53 C     0.0023607111     0.0026372434     0.0000000000
54 C     0.0137647094    -0.0021411758     0.0000000000
55 C     0.0004974522    -0.0318997943    -0.0000000000
56 C     0.0236465594     0.0222051118    -0.0000000000
57 C    -0.0065086931     0.0048887312     0.0000000000
58 C     0.0044454695    -0.0031822946     0.0000000000
59 C    -0.0024991089    -0.0030279445     0.0000000000
60 C     0.0036734414     0.0116903056     0.0000000000
61 C     0.0082907469     0.0181910227    -0.0000000000
62 C     0.0079558204    -0.0031408171     0.0000000000
63 C    -0.0055066711     0.0057474632     0.0000000000
64 C     0.0008472169    -0.0005179481     0.0000000000
65 C    -0.0030828527    -0.0125123086     0.0000000000
66 N     0.0046448679     0.0108381993     0.0000000000
67 C    -0.0216796973     0.0079927394     0.0000000000
68 C    -0.0009669485     0.0086271229     0.0000000000
69 C     0.0062738703     0.0045970905    -0.0000000000
70 C    -0.0047898001    -0.0054569278     0.0000000000
71 C     0.0126414850    -0.0051732989     0.0000000000
72 C     0.0100856680     0.0091767452     0.0000000000
73 C    -0.0016956348    -0.0031218619     0.0000000000
74 C     0.0083726876     0.0017073038    -0.0000000000
75 C     0.0014430095     0.0079173480     0.0000000000
76 C     0.0034076429     0.0023516800     0.0000000000
77 C     0.0062675352     0.0005490915     0.0000000000
78 H     0.0050164179     0.0030672248     0.0000000000
79 H     0.0068625059    -0.0024027776     0.0000000000
80 H     0.0070672760     0.0019459637    -0.0000000000
81 H     0.0063574144    -0.0027231927    -0.0000000000
82 H     0.0053790581     0.0030820967     0.0000000000
83 H     0.0047760425    -0.0029092769    -0.0000000000
84 H    -0.0031308351     0.0105726861     0.0000000000
85 H    -0.0555277988    -0.0263288522    -0.0000000000
86 H    -0.0028473435     0.0035498077     0.0000000000
87 H    -0.0058120943    -0.0030023269     0.0000000000
88 H    -0.0052775731     0.0030718785     0.0000000000
89 H    -0.0048502380    -0.0028544338    -0.0000000000
90 H     0.0038153436     0.0076846035     0.0000000000
91 H     0.0007241483     0.0062276165    -0.0000000000
92 H    -0.0084089830     0.0095391058     0.0000000000
93 H     0.0069988837     0.0105063377    -0.0000000000
94 H    -0.0001531631     0.0073016450    -0.0000000000
95 H     0.0012377148     0.0068147311    -0.0000000000
96 H     0.0001651835    -0.0059494494     0.0000000000
97 H    -0.0000795597    -0.0062267192    -0.0000000000
98 H    -0.0001073685    -0.0064818668    -0.0000000000
99 H    -0.0000301293    -0.0066441915     0.0000000000
100 H     0.0001199260    -0.0064750153    -0.0000000000
101 H    -0.0000821418    -0.0060175776     0.0000000000
----------------------------------------------
cycle 1: E = -3051.03203938  dE = -3051.03  norm(grad) = 0.148465

Geometry optimization cycle 2
