1721240769.9918702

Geometry optimization cycle 1
Cartesian coordinates (Angstrom)
 Atom        New coordinates             dX        dY        dZ
   C  -7.338226   5.042760   0.000000    0.000000  0.000000  0.000000
   C  -7.365228   0.691139   0.000000    0.000000  0.000000  0.000000
   C  -6.173642   2.889413   0.000000    0.000000  0.000000  0.000000
   C  -4.910090   5.019617   0.000000    0.000000  0.000000  0.000000
   C  -7.358051  -3.642635   0.000000    0.000000  0.000000  0.000000
   C  -6.173475  -1.431785   0.000000    0.000000  0.000000  0.000000
   C  -4.940069   0.716689   0.000000    0.000000  0.000000  0.000000
   C  -3.694845   2.860312   0.000000    0.000000  0.000000  0.000000
   C  -2.457224   5.005715   0.000000    0.000000  0.000000  0.000000
   C  -6.138515  -5.727246   0.000000    0.000000  0.000000  0.000000
   C  -4.928214  -3.580071   0.000000    0.000000  0.000000  0.000000
   C  -3.698169  -1.425571   0.000000    0.000000  0.000000  0.000000
   C  -2.471779   0.716540   0.000000    0.000000  0.000000  0.000000
   C  -1.230705   2.851907   0.000000    0.000000 -0.000000  0.000000
   C   0.000000   5.003169   0.000000    0.000000  0.000000  0.000000
   C  -3.678966  -5.694052   0.000000    0.000000  0.000000  0.000000
   C  -2.466015  -3.560923   0.000000    0.000000  0.000000  0.000000
   C  -1.232423  -1.423207   0.000000    0.000000  0.000000  0.000000
   C   0.000000   0.715809   0.000000    0.000000  0.000000  0.000000
   C   1.230705   2.851907   0.000000    0.000000 -0.000000  0.000000
   N   2.457224   5.005715   0.000000    0.000000  0.000000  0.000000
   C  -1.226334  -5.685080   0.000000    0.000000  0.000000  0.000000
   C   0.000000  -3.557079   0.000000    0.000000  0.000000  0.000000
   C   1.232423  -1.423207   0.000000    0.000000  0.000000  0.000000
   C   2.471779   0.716540   0.000000    0.000000  0.000000  0.000000
   N   3.694845   2.860312   0.000000    0.000000  0.000000  0.000000
   C   4.910090   5.019617   0.000000    0.000000  0.000000  0.000000
   C   1.226334  -5.685080   0.000000    0.000000  0.000000  0.000000
   C   2.466015  -3.560923   0.000000    0.000000  0.000000  0.000000
   C   3.698169  -1.425571   0.000000    0.000000  0.000000  0.000000
   C   4.940069   0.716689   0.000000    0.000000  0.000000  0.000000
   C   6.173642   2.889413   0.000000    0.000000  0.000000  0.000000
   C   7.338226   5.042760   0.000000    0.000000  0.000000  0.000000
   C   3.678966  -5.694052   0.000000    0.000000  0.000000  0.000000
   C   4.928214  -3.580071   0.000000    0.000000  0.000000  0.000000
   C   6.173475  -1.431785   0.000000   -0.000000  0.000000  0.000000
   C   7.365228   0.691139   0.000000    0.000000  0.000000  0.000000
   C   6.138515  -5.727246   0.000000    0.000000  0.000000  0.000000
   C   7.358051  -3.642635   0.000000   -0.000000  0.000000  0.000000
   C  -7.358051   3.642635   0.000000    0.000000  0.000000  0.000000
   C  -6.138515   5.727246   0.000000    0.000000  0.000000  0.000000
   C  -7.365228  -0.691139   0.000000    0.000000  0.000000  0.000000
   C  -6.173475   1.431785   0.000000    0.000000  0.000000  0.000000
   C  -4.928214   3.580071   0.000000    0.000000 -0.000000  0.000000
   C  -3.678966   5.694052   0.000000    0.000000  0.000000  0.000000
   C  -7.338226  -5.042760   0.000000    0.000000  0.000000  0.000000
   N  -6.173642  -2.889413   0.000000    0.000000  0.000000  0.000000
   C  -4.940069  -0.716689   0.000000    0.000000  0.000000  0.000000
   C  -3.698169   1.425571   0.000000    0.000000  0.000000  0.000000
   C  -2.466015   3.560923   0.000000    0.000000 -0.000000  0.000000
   C  -1.226334   5.685080   0.000000    0.000000  0.000000  0.000000
   N  -4.910090  -5.019617   0.000000    0.000000  0.000000  0.000000
   C  -3.694845  -2.860312   0.000000    0.000000  0.000000  0.000000
   C  -2.471779  -0.716540   0.000000    0.000000  0.000000  0.000000
   C  -1.232423   1.423207   0.000000    0.000000  0.000000  0.000000
   C   0.000000   3.557079   0.000000    0.000000  0.000000  0.000000
   C   1.226334   5.685080   0.000000    0.000000  0.000000  0.000000
   C  -2.457224  -5.005715   0.000000    0.000000  0.000000  0.000000
   N  -1.230705  -2.851907   0.000000    0.000000  0.000000  0.000000
   C   0.000000  -0.715809   0.000000    0.000000  0.000000  0.000000
   C   1.232423   1.423207   0.000000    0.000000  0.000000  0.000000
   C   2.466015   3.560923   0.000000    0.000000 -0.000000  0.000000
   C   3.678966   5.694052   0.000000    0.000000  0.000000  0.000000
   C   0.000000  -5.003169   0.000000    0.000000  0.000000  0.000000
   C   1.230705  -2.851907   0.000000    0.000000  0.000000  0.000000
   C   2.471779  -0.716540   0.000000    0.000000  0.000000  0.000000
   N   3.698169   1.425571   0.000000    0.000000  0.000000  0.000000
   C   4.928214   3.580071   0.000000    0.000000 -0.000000  0.000000
   C   6.138515   5.727246   0.000000    0.000000  0.000000  0.000000
   C   2.457224  -5.005715   0.000000    0.000000  0.000000  0.000000
   C   3.694845  -2.860312   0.000000    0.000000  0.000000  0.000000
   C   4.940069  -0.716689   0.000000    0.000000  0.000000  0.000000
   C   6.173475   1.431785   0.000000   -0.000000  0.000000  0.000000
   C   7.358051   3.642635   0.000000   -0.000000  0.000000  0.000000
   C   4.910090  -5.019617   0.000000    0.000000  0.000000  0.000000
   C   6.173642  -2.889413   0.000000    0.000000  0.000000  0.000000
   C   7.365228  -0.691139   0.000000    0.000000  0.000000  0.000000
   C   7.338226  -5.042760   0.000000    0.000000  0.000000  0.000000
   H   8.282184   5.591425   0.000000    0.000000 -0.000000  0.000000
   H   8.325741   3.141106   0.000000    0.000000  0.000000  0.000000
   H   8.326715   1.204661   0.000000    0.000000  0.000000  0.000000
   H   8.326715  -1.204661   0.000000    0.000000  0.000000  0.000000
   H   8.325741  -3.141106   0.000000    0.000000  0.000000  0.000000
   H   8.282184  -5.591425   0.000000    0.000000  0.000000  0.000000
   H  -8.282184   5.591425   0.000000    0.000000 -0.000000  0.000000
   H  -8.325741   3.141106   0.000000    0.000000  0.000000  0.000000
   H  -8.326715   1.204661   0.000000    0.000000  0.000000  0.000000
   H  -8.326715  -1.204661   0.000000    0.000000  0.000000  0.000000
   H  -8.325741  -3.141106   0.000000    0.000000  0.000000  0.000000
   H  -8.282184  -5.591425   0.000000    0.000000  0.000000  0.000000
   H  -6.116625   6.819427   0.000000    0.000000  0.000000  0.000000
   H  -3.672757   6.787431   0.000000    0.000000  0.000000  0.000000
   H  -1.225580   6.778408   0.000000    0.000000 -0.000000  0.000000
   H   1.225580   6.778408   0.000000    0.000000 -0.000000  0.000000
   H   3.672757   6.787431   0.000000    0.000000  0.000000  0.000000
   H   6.116625   6.819427   0.000000   -0.000000  0.000000  0.000000
   H  -6.116625  -6.819427   0.000000    0.000000  0.000000  0.000000
   H  -3.672757  -6.787431   0.000000    0.000000  0.000000  0.000000
   H  -1.225580  -6.778408   0.000000    0.000000  0.000000  0.000000
   H   1.225580  -6.778408   0.000000    0.000000  0.000000  0.000000
   H   3.672757  -6.787431   0.000000    0.000000  0.000000  0.000000
   H   6.116625  -6.819427   0.000000   -0.000000  0.000000  0.000000
converged SCF energy = -3084.15378442647
--------------- RKS_Scanner gradients ---------------
         x                y                z
0 C    -0.0039065197     0.0033604275    -0.0000000000
1 C    -0.0053839356     0.0049214026    -0.0000000000
2 C     0.0015410401    -0.0041404559     0.0000000000
3 C     0.0006645708     0.0011547423     0.0000000000
4 C     0.0099557867     0.0256000728     0.0000000000
5 C    -0.0063614837     0.0241644414    -0.0000000000
6 C     0.0065191144     0.0019378451    -0.0000000000
7 C     0.0045970846     0.0055620558    -0.0000000000
8 C     0.0097687290    -0.0052622819     0.0000000000
9 C    -0.0290083216    -0.0017782424     0.0000000000
10 C    -0.0095528942     0.0037632026    -0.0000000000
11 C    -0.0035380936    -0.0027909114    -0.0000000000
12 C    -0.0087260011    -0.0025033143    -0.0000000000
13 C     0.0103296803     0.0078617601    -0.0000000000
14 C     0.0132905947     0.0006467365     0.0000000000
15 C     0.0356812240    -0.0226367237     0.0000000000
16 C    -0.0195589510    -0.0012044177     0.0000000000
17 C    -0.0081573934     0.0159969478    -0.0000000000
18 C    -0.0130284231    -0.0004052661    -0.0000000000
19 C    -0.0039019184    -0.0214997993    -0.0000000000
20 N     0.0033021614     0.0125242228     0.0000000000
21 C     0.0268782366    -0.0016158574    -0.0000000000
22 C     0.0189386745    -0.0066008832    -0.0000000000
23 C     0.0000147569    -0.0011403278    -0.0000000000
24 C    -0.0112841670    -0.0061921462    -0.0000000000
25 N    -0.0162654047     0.0037202771    -0.0000000000
26 C     0.0144388661     0.0124427811    -0.0000000000
27 C     0.0146997727    -0.0093105277     0.0000000000
28 C     0.0058403079     0.0068948030    -0.0000000000
29 C    -0.0040068354     0.0117608159    -0.0000000000
30 C    -0.0111059461    -0.0140993297     0.0000000000
31 C     0.0176714040    -0.0116800046     0.0000000000
32 C     0.0014899750     0.0084970661    -0.0000000000
33 C     0.0061296886    -0.0046394871     0.0000000000
34 C    -0.0029275981     0.0013202525     0.0000000000
35 C    -0.0031353042    -0.0061769015     0.0000000000
36 C     0.0019384210     0.0044804266     0.0000000000
37 C    -0.0014936432    -0.0034178569     0.0000000000
38 C    -0.0006974874    -0.0024890292    -0.0000000000
39 C     0.0012503081     0.0012306400     0.0000000000
40 C    -0.0002170750     0.0037162881     0.0000000000
41 C     0.0066111421     0.0091647976     0.0000000000
42 C    -0.0031822115    -0.0007792086     0.0000000000
43 C     0.0019969970    -0.0005402746    -0.0000000000
44 C    -0.0077430445     0.0048761777    -0.0000000000
45 C    -0.0033413814    -0.0447087704    -0.0000000000
46 N    -0.0067101181    -0.0155321193     0.0000000000
47 C     0.0023625248     0.0072566547     0.0000000000
48 C    -0.0022596268    -0.0019121187     0.0000000000
49 C    -0.0073763853     0.0003405367     0.0000000000
50 C    -0.0171465227     0.0014910797    -0.0000000000
51 N    -0.0011820983     0.0103259358    -0.0000000000
52 C     0.0168090937     0.0050328042    -0.0000000000
53 C     0.0109568138     0.0109313908     0.0000000000
54 C     0.0121140803    -0.0046238236     0.0000000000
55 C    -0.0149960951    -0.0002542372    -0.0000000000
56 C    -0.0294004142     0.0218652413    -0.0000000000
57 C    -0.0274075256    -0.0098810153    -0.0000000000
58 N    -0.0022944904    -0.0008491338     0.0000000000
59 C     0.0041931582     0.0093788108     0.0000000000
60 C     0.0048633239     0.0086822726     0.0000000000
61 C     0.0208136891    -0.0194040275     0.0000000000
62 C     0.0142958719     0.0036286737    -0.0000000000
63 C    -0.0151440643    -0.0000147226    -0.0000000000
64 C    -0.0002903120    -0.0099721027     0.0000000000
65 C    -0.0074838859    -0.0139852194     0.0000000000
66 N     0.0145558733    -0.0020312625    -0.0000000000
67 C    -0.0174188887     0.0140236832     0.0000000000
68 C     0.0027943349     0.0057787364     0.0000000000
69 C    -0.0107771617     0.0014628453    -0.0000000000
70 C    -0.0032170314    -0.0097126093     0.0000000000
71 C     0.0101327772    -0.0053480193    -0.0000000000
72 C     0.0155384791     0.0069338639    -0.0000000000
73 C    -0.0044406321    -0.0058344256     0.0000000000
74 C    -0.0000121777    -0.0015917095    -0.0000000000
75 C    -0.0000945129     0.0056173449     0.0000000000
76 C     0.0022119477    -0.0015588179    -0.0000000000
77 C     0.0050186035    -0.0020958642     0.0000000000
78 H     0.0053155087     0.0029563679     0.0000000000
79 H     0.0068867846    -0.0025116798    -0.0000000000
80 H     0.0071358400     0.0020624149    -0.0000000000
81 H     0.0060974124    -0.0029077976    -0.0000000000
82 H     0.0055024934     0.0030738741     0.0000000000
83 H     0.0048020757    -0.0029252601    -0.0000000000
84 H    -0.0047313002     0.0028658681     0.0000000000
85 H    -0.0051786316    -0.0031412403     0.0000000000
86 H    -0.0057890040     0.0038502229     0.0000000000
87 H    -0.0057053336    -0.0036161006    -0.0000000000
88 H    -0.0132932186    -0.0019210475    -0.0000000000
89 H    -0.0072889125    -0.0048264940     0.0000000000
90 H     0.0000748248     0.0059543446     0.0000000000
91 H    -0.0001197211     0.0062939981     0.0000000000
92 H     0.0002145448     0.0062891452    -0.0000000000
93 H    -0.0099828179     0.0101279807    -0.0000000000
94 H     0.0084790977     0.0108834939    -0.0000000000
95 H     0.0009489256     0.0066592311    -0.0000000000
96 H    -0.0089423354    -0.0104675047    -0.0000000000
97 H     0.0086258768    -0.0105466758    -0.0000000000
98 H    -0.0002921859    -0.0068508957     0.0000000000
99 H     0.0011654867    -0.0070929678     0.0000000000
100 H     0.0001543078    -0.0063525813     0.0000000000
101 H    -0.0000794080    -0.0059947352    -0.0000000000
----------------------------------------------
cycle 1: E = -3084.15378443  dE = -3084.15  norm(grad) = 0.145649

Geometry optimization cycle 2
Cartesian coordinates (Angstrom)
 Atom        New coordinates             dX        dY        dZ
   C  -7.284822   4.955726   0.000000    0.053404 -0.087034  0.000000
   C  -7.295367   0.608158   0.000000    0.069860 -0.082981  0.000000
   C  -6.142163   2.839672   0.000000    0.031478 -0.049742  0.000000
   C  -4.863961   4.961820   0.000000    0.046129 -0.057797  0.000000
   C  -7.281722  -3.499428   0.000000    0.076330  0.143208  0.000000
   C  -6.099467  -1.429444   0.000000    0.074008  0.002341  0.000000
   C  -4.903725   0.702485  -0.000000    0.036344 -0.014204 -0.000000
   C  -3.674717   2.826463  -0.000000    0.020128 -0.033848 -0.000000
   C  -2.415459   4.969902  -0.000000    0.041765 -0.035813 -0.000000
   C  -6.032753  -5.586692   0.000000    0.105762  0.140554  0.000000
   C  -4.851428  -3.489216   0.000000    0.076786  0.090855  0.000000
   C  -3.654248  -1.400795  -0.000000    0.043921  0.024776 -0.000000
   C  -2.447732   0.701513  -0.000000    0.024047 -0.015027 -0.000000
   C  -1.234417   2.808274  -0.000000   -0.003712 -0.043633 -0.000000
   C   0.002818   4.922996  -0.000000    0.002818 -0.080172 -0.000000
   C  -3.682143  -5.519811   0.000000   -0.003177  0.174241  0.000000
   C  -2.408122  -3.493319  -0.000000    0.057892  0.067604 -0.000000
   C  -1.203469  -1.417582  -0.000000    0.028954  0.005626 -0.000000
   C   0.006563   0.696486  -0.000000    0.006563 -0.019323 -0.000000
   C   1.215811   2.806536  -0.000000   -0.014894 -0.045371 -0.000000
   N   2.418829   4.860118  -0.000000   -0.038395 -0.145597 -0.000000
   C  -1.244379  -5.625934  -0.000000   -0.018044  0.059145 -0.000000
   C  -0.001942  -3.505315  -0.000000   -0.001942  0.051764 -0.000000
   C   1.243086  -1.400445  -0.000000    0.010663  0.022762 -0.000000
   C   2.461293   0.707838  -0.000000   -0.010486 -0.008702 -0.000000
   N   3.673085   2.799455  -0.000000   -0.021760 -0.060857 -0.000000
   C   4.794259   4.901490   0.000000   -0.115832 -0.118127  0.000000
   C   1.191857  -5.605890  -0.000000   -0.034478  0.079190 -0.000000
   C   2.447848  -3.528829  -0.000000   -0.018166  0.032093 -0.000000
   C   3.681235  -1.417504  -0.000000   -0.016934  0.008067 -0.000000
   C   4.897959   0.717350  -0.000000   -0.042109  0.000661 -0.000000
   C   6.125857   2.857352   0.000000   -0.047785 -0.032062  0.000000
   C   7.220632   4.990370   0.000000   -0.117594 -0.052389  0.000000
   C   3.646217  -5.645343  -0.000000   -0.032749  0.048709 -0.000000
   C   4.903399  -3.546300   0.000000   -0.024815  0.033770  0.000000
   C   6.129120  -1.408299   0.000000   -0.044354  0.023486  0.000000
   C   7.291698   0.688650   0.000000   -0.073530 -0.002489  0.000000
   C   6.096580  -5.670029   0.000000   -0.041935  0.057217  0.000000
   C   7.324609  -3.589850   0.000000   -0.033442  0.052785  0.000000
   C  -7.331696   3.566130   0.000000    0.026355 -0.076506  0.000000
   C  -6.095294   5.643601   0.000000    0.043221 -0.083645  0.000000
   C  -7.323226  -0.766499   0.000000    0.042002 -0.075360  0.000000
   C  -6.135879   1.390320   0.000000    0.037596 -0.041465  0.000000
   C  -4.904802   3.534663   0.000000    0.023412 -0.045408  0.000000
   C  -3.634850   5.633468   0.000000    0.044116 -0.060585  0.000000
   C  -7.208315  -4.855037   0.000000    0.129911  0.187723  0.000000
   N  -6.076813  -2.821246   0.000000    0.096829  0.068167  0.000000
   C  -4.891238  -0.712434  -0.000000    0.048830  0.004255 -0.000000
   C  -3.668393   1.405432  -0.000000    0.029776 -0.020139 -0.000000
   C  -2.448581   3.529106  -0.000000    0.017434 -0.031816 -0.000000
   C  -1.179222   5.642726  -0.000000    0.047113 -0.042353 -0.000000
   N  -4.864349  -4.876986   0.000000    0.045741  0.142631  0.000000
   C  -3.636335  -2.808635  -0.000000    0.058510  0.051676 -0.000000
   C  -2.440207  -0.719159  -0.000000    0.031572 -0.002620 -0.000000
   C  -1.226970   1.398195  -0.000000    0.005453 -0.025012 -0.000000
   C  -0.000341   3.498188  -0.000000   -0.000341 -0.058891 -0.000000
   C   1.252102   5.537942  -0.000000    0.025768 -0.147137 -0.000000
   C  -2.419960  -4.910473  -0.000000    0.037264  0.095242 -0.000000
   N  -1.198445  -2.809817  -0.000000    0.032260  0.042090 -0.000000
   C   0.013094  -0.720514  -0.000000    0.013094 -0.004705 -0.000000
   C   1.223232   1.391454  -0.000000   -0.009191 -0.031753 -0.000000
   C   2.438740   3.476669  -0.000000   -0.027275 -0.084253 -0.000000
   C   3.577823   5.569648  -0.000000   -0.101143 -0.124404 -0.000000
   C  -0.018054  -4.938797  -0.000000   -0.018054  0.064371 -0.000000
   C   1.227172  -2.811569  -0.000000   -0.003533  0.040338 -0.000000
   C   2.473864  -0.701749  -0.000000    0.002084  0.014790 -0.000000
   N   3.661294   1.401490  -0.000000   -0.036875 -0.024081 -0.000000
   C   4.892451   3.492940   0.000000   -0.035764 -0.087130  0.000000
   C   5.999006   5.622465   0.000000   -0.139509 -0.104781  0.000000
   C   2.438573  -4.960417  -0.000000   -0.018651  0.045298 -0.000000
   C   3.676983  -2.833538  -0.000000   -0.017862  0.026773 -0.000000
   C   4.899224  -0.701877  -0.000000   -0.040844  0.014812 -0.000000
   C   6.106488   1.417958   0.000000   -0.066987 -0.013827  0.000000
   C   7.302890   3.608044   0.000000   -0.055161 -0.034591  0.000000
   C   4.872967  -4.973396   0.000000   -0.037124  0.046221  0.000000
   C   6.139358  -2.857883   0.000000   -0.034284  0.031531  0.000000
   C   7.312889  -0.680041   0.000000   -0.052339  0.011098  0.000000
   C   7.283441  -4.980528   0.000000   -0.054785  0.062232  0.000000
   H   8.132708   5.575285   0.000000   -0.149476 -0.016140  0.000000
   H   8.270828   3.128871   0.000000   -0.054913 -0.012235  0.000000
   H   8.235231   1.214453   0.000000   -0.091484  0.009791  0.000000
   H   8.268260  -1.185521   0.000000   -0.058455  0.019140  0.000000
   H   8.285753  -3.094306   0.000000   -0.039987  0.046800  0.000000
   H   8.218999  -5.528343   0.000000   -0.063185  0.063082  0.000000
   H  -8.218759   5.506543   0.000000    0.063425 -0.084882  0.000000
   H  -8.293467   3.071043   0.000000    0.032273 -0.070063  0.000000
   H  -8.254591   1.105780   0.000000    0.072124 -0.098881  0.000000
   H  -8.267790  -1.291929   0.000000    0.058925 -0.087268  0.000000
   H  -8.211948  -2.960446   0.000000    0.113793  0.180660  0.000000
   H  -8.142916  -5.396057   0.000000    0.139268  0.195368  0.000000
   H  -6.085655   6.727804   0.000000    0.030970 -0.091622  0.000000
   H  -3.635231   6.718221   0.000000    0.037526 -0.069210  0.000000
   H  -1.155048   6.727150  -0.000000    0.070532 -0.051258 -0.000000
   H   1.345441   6.613312  -0.000000    0.119861 -0.165096 -0.000000
   H   3.505480   6.645736   0.000000   -0.167276 -0.141696  0.000000
   H   5.940086   6.704171   0.000000   -0.176540 -0.115256  0.000000
   H  -5.968625  -6.663099   0.000000    0.148000  0.156328  0.000000
   H  -3.755895  -6.596132   0.000000   -0.083138  0.191299  0.000000
   H  -1.263189  -6.709693  -0.000000   -0.037609  0.068715 -0.000000
   H   1.172141  -6.689301  -0.000000   -0.053439  0.089107 -0.000000
   H   3.637425  -6.729981   0.000000   -0.035332  0.057450  0.000000
   H   6.081608  -6.754117   0.000000   -0.035017  0.065310  0.000000
converged SCF energy = -3084.20194322952
--------------- RKS_Scanner gradients ---------------
         x                y                z
0 C     0.0047847486    -0.0010792728     0.0000000000
1 C     0.0114414750    -0.0056167124     0.0000000000
2 C     0.0051782834     0.0021388432     0.0000000000
3 C     0.0055307647     0.0034421557     0.0000000000
4 C    -0.0071900878     0.0281496551    -0.0000000000
5 C    -0.0025767860     0.0192707320     0.0000000000
6 C     0.0013945272     0.0005699048     0.0000000000
7 C     0.0001282770     0.0016436891     0.0000000000
8 C     0.0107956190    -0.0011976316    -0.0000000000
9 C     0.0011804880    -0.0127154972     0.0000000000
10 C     0.0092291652     0.0017987133    -0.0000000000
11 C    -0.0022490747    -0.0031929789     0.0000000000
12 C    -0.0046068487    -0.0002983304     0.0000000000
13 C     0.0022924203     0.0034941872     0.0000000000
14 C     0.0024558560    -0.0061677569     0.0000000000
15 C     0.0048235759     0.0074909368    -0.0000000000
16 C    -0.0070159634    -0.0000047608    -0.0000000000
17 C    -0.0036177487     0.0040271433     0.0000000000
18 C    -0.0072525049    -0.0023385549     0.0000000000
19 C     0.0005359971    -0.0034223679     0.0000000000
20 N     0.0017965432     0.0057382117    -0.0000000000
21 C     0.0092222192    -0.0026284687    -0.0000000000
22 C     0.0086027525    -0.0010106959    -0.0000000000
23 C     0.0014113338     0.0024259360    -0.0000000000
24 C    -0.0083395479    -0.0029388249    -0.0000000000
25 N    -0.0028391227     0.0131499190    -0.0000000000
26 C    -0.0065120866    -0.0080851871    -0.0000000000
27 C     0.0033406234     0.0030860159     0.0000000000
28 C    -0.0007951819     0.0022691102    -0.0000000000
29 C    -0.0015592766     0.0051287972    -0.0000000000
30 C     0.0008333402    -0.0028332601    -0.0000000000
31 C     0.0058479581     0.0010171394    -0.0000000000
32 C    -0.0023729283     0.0003502795     0.0000000000
33 C     0.0034935831    -0.0014285044     0.0000000000
34 C    -0.0002031710     0.0021343710    -0.0000000000
35 C    -0.0001534632    -0.0000015349    -0.0000000000
36 C    -0.0050650260     0.0008445225     0.0000000000
37 C     0.0004006109    -0.0016680174    -0.0000000000
38 C     0.0031007443     0.0012894075    -0.0000000000
39 C    -0.0044553602    -0.0031914459    -0.0000000000
40 C    -0.0023202867    -0.0019235525    -0.0000000000
41 C    -0.0068863692    -0.0140632161    -0.0000000000
42 C    -0.0064420177     0.0034295016    -0.0000000000
43 C    -0.0018022279     0.0019001692    -0.0000000000
44 C    -0.0036481840    -0.0019783944    -0.0000000000
45 C     0.0214887026     0.0022324805    -0.0000000000
46 N    -0.0070118891    -0.0238647078     0.0000000000
47 C     0.0000265502    -0.0013540479    -0.0000000000
48 C    -0.0011888316    -0.0017334944    -0.0000000000
49 C    -0.0065856074     0.0014378922    -0.0000000000
50 C    -0.0031784885     0.0057996739     0.0000000000
51 N    -0.0165823179     0.0080876755     0.0000000000
52 C     0.0073488222     0.0013964229    -0.0000000000
53 C     0.0049825962     0.0006541163    -0.0000000000
54 C     0.0057542801    -0.0035898233    -0.0000000000
55 C    -0.0042315328     0.0002530798    -0.0000000000
56 C    -0.0016797651     0.0005763502    -0.0000000000
57 C    -0.0027317299    -0.0036279630     0.0000000000
58 N     0.0012172715    -0.0019945179     0.0000000000
59 C     0.0039437930     0.0010119215     0.0000000000
60 C     0.0073785016     0.0047958103    -0.0000000000
61 C     0.0057018018    -0.0110767463    -0.0000000000
62 C    -0.0086105529     0.0034669383     0.0000000000
63 C    -0.0125132299     0.0024465297     0.0000000000
64 C    -0.0038433184    -0.0007288946     0.0000000000
65 C     0.0005787390    -0.0036847223     0.0000000000
66 N     0.0042730278    -0.0033290324     0.0000000000
67 C     0.0072945015    -0.0027484206     0.0000000000
68 C    -0.0029888667    -0.0031890684    -0.0000000000
69 C    -0.0007453829    -0.0017262055     0.0000000000
70 C     0.0006614428    -0.0042971072     0.0000000000
71 C    -0.0010781394    -0.0000200573     0.0000000000
72 C     0.0009506943     0.0048208976     0.0000000000
73 C     0.0010721430    -0.0026805491     0.0000000000
74 C    -0.0017162966     0.0005641276     0.0000000000
75 C     0.0010605751    -0.0007787097     0.0000000000
76 C     0.0010901875    -0.0012282889    -0.0000000000
77 C    -0.0044404220     0.0019062333     0.0000000000
78 H     0.0005482543    -0.0007015761    -0.0000000000
79 H     0.0014359034    -0.0000362787     0.0000000000
80 H     0.0008647007    -0.0006453958    -0.0000000000
81 H     0.0007787454    -0.0005244578     0.0000000000
82 H     0.0008571031     0.0011221086     0.0000000000
83 H    -0.0000605561     0.0003854093     0.0000000000
84 H    -0.0001493874    -0.0007440294    -0.0000000000
85 H    -0.0009348910    -0.0004099148     0.0000000000
86 H     0.0009101249    -0.0015481122    -0.0000000000
87 H    -0.0029472220    -0.0074523219     0.0000000000
88 H    -0.0058977332     0.0035162032    -0.0000000000
89 H     0.0008690581     0.0021494058    -0.0000000000
90 H     0.0008344611     0.0000882844     0.0000000000
91 H     0.0008120051    -0.0000789953     0.0000000000
92 H     0.0005545404     0.0012263750    -0.0000000000
93 H    -0.0018595434     0.0005456493     0.0000000000
94 H     0.0013892835     0.0020148199     0.0000000000
95 H    -0.0006530668    -0.0000765161     0.0000000000
96 H    -0.0013426974    -0.0023613850     0.0000000000
97 H     0.0003345094     0.0005580707     0.0000000000
98 H    -0.0011012363    -0.0013531960     0.0000000000
99 H    -0.0000567512     0.0003960594    -0.0000000000
100 H    -0.0002651156    -0.0004200393     0.0000000000
101 H    -0.0005235373    -0.0004793244    -0.0000000000
----------------------------------------------
cycle 2: E = -3084.20194323  dE = -0.0481588  norm(grad) = 0.0765499

Geometry optimization cycle 3
Cartesian coordinates (Angstrom)
 Atom        New coordinates             dX        dY        dZ
   C  -7.279280   5.004017   0.000000    0.005542  0.048291 -0.000000
   C  -7.312544   0.696394   0.000000   -0.017177  0.088236  0.000000
   C  -6.136756   2.854806   0.000000    0.005408  0.015135  0.000000
   C  -4.863355   4.952811  -0.000000    0.000606 -0.009009 -0.000000
   C  -7.207240  -3.644301   0.000000    0.074482 -0.144873  0.000000
   C  -6.103308  -1.449438   0.000000   -0.003841 -0.019994  0.000000
   C  -4.906453   0.688266   0.000000   -0.002728 -0.014219  0.000000
   C  -3.672618   2.805894  -0.000000    0.002099 -0.020569  0.000000
   C  -2.425988   4.944170  -0.000000   -0.010530 -0.025732 -0.000000
   C  -5.991468  -5.565335   0.000000    0.041285  0.021357  0.000000
   C  -4.842611  -3.487973   0.000000    0.008816  0.001242  0.000000
   C  -3.655673  -1.404512  -0.000000   -0.001425 -0.003717  0.000000
   C  -2.445037   0.688714  -0.000000    0.002695 -0.012799  0.000000
   C  -1.235620   2.791328  -0.000000   -0.001204 -0.016946 -0.000000
   C   0.014426   4.908402  -0.000000    0.011608 -0.014594 -0.000000
   C  -3.669514  -5.516761   0.000000    0.012629  0.003050 -0.000000
   C  -2.402191  -3.476596  -0.000000    0.005931  0.016723 -0.000000
   C  -1.206140  -1.423259  -0.000000   -0.002671 -0.005677 -0.000000
   C   0.004090   0.691651  -0.000000   -0.002473 -0.004835 -0.000000
   C   1.205149   2.801793  -0.000000   -0.010662 -0.004744  0.000000
   N   2.427930   4.827524  -0.000000    0.009101 -0.032594  0.000000
   C  -1.251589  -5.590017  -0.000000   -0.007211  0.035918 -0.000000
   C  -0.013647  -3.496666  -0.000000   -0.011706  0.008649 -0.000000
   C   1.233785  -1.394146  -0.000000   -0.009301  0.006299 -0.000000
   C   2.454306   0.715268  -0.000000   -0.006987  0.007430  0.000000
   N   3.653830   2.790704   0.000000   -0.019255 -0.008751  0.000000
   C   4.817888   4.906275   0.000000    0.023629  0.004785  0.000000
   C   1.188654  -5.605119  -0.000000   -0.003202  0.000771 -0.000000
   C   2.433814  -3.520734  -0.000000   -0.014035  0.008095 -0.000000
   C   3.664721  -1.412767  -0.000000   -0.016514  0.004736 -0.000000
   C   4.872203   0.723830   0.000000   -0.025756  0.006480  0.000000
   C   6.076362   2.852068   0.000000   -0.049495 -0.005284  0.000000
   C   7.232755   4.978031   0.000000    0.012123 -0.012339  0.000000
   C   3.636722  -5.622311  -0.000000   -0.009495  0.023032 -0.000000
   C   4.884362  -3.534706  -0.000000   -0.019037  0.011594 -0.000000
   C   6.105338  -1.395020   0.000000   -0.023782  0.013278  0.000000
   C   7.267493   0.700527   0.000000   -0.024204  0.011877  0.000000
   C   6.093892  -5.645120  -0.000000   -0.002688  0.024909 -0.000000
   C   7.294555  -3.581003   0.000000   -0.030054  0.008847 -0.000000
   C  -7.302024   3.616329   0.000000    0.029672  0.050200 -0.000000
   C  -6.076138   5.663330  -0.000000    0.019156  0.019730 -0.000000
   C  -7.269145  -0.673337   0.000000    0.054081  0.093162  0.000000
   C  -6.117562   1.409682   0.000000    0.018317  0.019362  0.000000
   C  -4.893726   3.526807  -0.000000    0.011076 -0.007856 -0.000000
   C  -3.631599   5.620557  -0.000000    0.003251 -0.012911 -0.000000
   C  -7.246860  -4.982037   0.000000   -0.038545 -0.127000  0.000000
   N  -6.071538  -2.837716   0.000000    0.005275 -0.016470  0.000000
   C  -4.894167  -0.730551   0.000000   -0.002929 -0.018117  0.000000
   C  -3.666540   1.387215  -0.000000    0.001853 -0.018217  0.000000
   C  -2.445341   3.505229  -0.000000    0.003240 -0.023877 -0.000000
   C  -1.176991   5.600657  -0.000000    0.002231 -0.042070 -0.000000
   N  -4.827685  -4.870184   0.000000    0.036664  0.006802  0.000000
   C  -3.640729  -2.805104   0.000000   -0.004394  0.003531  0.000000
   C  -2.446016  -0.729231  -0.000000   -0.005808 -0.010072  0.000000
   C  -1.233701   1.388660  -0.000000   -0.006731 -0.009535  0.000000
   C  -0.002617   3.487388  -0.000000   -0.002275 -0.010800  0.000000
   C   1.276386   5.503800  -0.000000    0.024284 -0.034142  0.000000
   C  -2.417437  -4.884122  -0.000000    0.002523  0.026351 -0.000000
   N  -1.200360  -2.802010  -0.000000   -0.001915  0.007808 -0.000000
   C   0.002438  -0.723519  -0.000000   -0.010657 -0.003005 -0.000000
   C   1.210816   1.386179  -0.000000   -0.012416 -0.005275  0.000000
   C   2.419817   3.468589  -0.000000   -0.018923 -0.008080  0.000000
   C   3.585764   5.529317   0.000000    0.007941 -0.040331  0.000000
   C  -0.006892  -4.929639  -0.000000    0.011162  0.009158 -0.000000
   C   1.216792  -2.801368  -0.000000   -0.010380  0.010201 -0.000000
   C   2.462400  -0.689845  -0.000000   -0.011464  0.011904 -0.000000
   N   3.640492   1.406320  -0.000000   -0.020802  0.004830  0.000000
   C   4.861551   3.496532   0.000000   -0.030900  0.003592  0.000000
   C   6.023417   5.627336   0.000000    0.024411  0.004872  0.000000
   C   2.429411  -4.948241  -0.000000   -0.009161  0.012176 -0.000000
   C   3.660091  -2.821614  -0.000000   -0.016893  0.011925 -0.000000
   C   4.875576  -0.692840   0.000000   -0.023649  0.009038  0.000000
   C   6.074267   1.415042   0.000000   -0.032221 -0.002916  0.000000
   C   7.255806   3.598250   0.000000   -0.047084 -0.009794  0.000000
   C   4.866779  -4.957575  -0.000000   -0.006187  0.015820 -0.000000
   C   6.114453  -2.844671   0.000000   -0.024905  0.013211 -0.000000
   C   7.284084  -0.664428   0.000000   -0.028805  0.015613  0.000000
   C   7.286655  -4.970166   0.000000    0.003214  0.010362 -0.000000
   H   8.156497   5.539711   0.000000    0.023789 -0.035574  0.000000
   H   8.206046   3.094301   0.000000   -0.064782 -0.034570  0.000000
   H   8.201697   1.236093   0.000000   -0.033534  0.021641  0.000000
   H   8.236166  -1.168067   0.000000   -0.032095  0.017454  0.000000
   H   8.249116  -3.081567   0.000000   -0.036637  0.012739  0.000000
   H   8.223264  -5.512590   0.000000    0.004266  0.015753 -0.000000
   H  -8.208023   5.560115   0.000000    0.010736  0.053572 -0.000000
   H  -8.263960   3.129514   0.000000    0.029508  0.058471 -0.000000
   H  -8.268254   1.199419   0.000000   -0.013663  0.093639  0.000000
   H  -8.228371  -1.147888   0.000000    0.039419  0.144042  0.000000
   H  -8.125684  -3.111166   0.000000    0.086264 -0.150720  0.000000
   H  -8.166262  -5.546799   0.000000   -0.023346 -0.150742  0.000000
   H  -6.045866   6.744765  -0.000000    0.039789  0.016961 -0.000000
   H  -3.627784   6.703012  -0.000000    0.007447 -0.015209 -0.000000
   H  -1.159686   6.681171  -0.000000   -0.004638 -0.045978 -0.000000
   H   1.408132   6.570741  -0.000000    0.062691 -0.042570 -0.000000
   H   3.475206   6.595444   0.000000   -0.030275 -0.050292  0.000000
   H   5.975128   6.707099   0.000000    0.035042  0.002929  0.000000
   H  -5.843305  -6.626437   0.000000    0.125321  0.036662  0.000000
   H  -3.755034  -6.588935   0.000000    0.000860  0.007197 -0.000000
   H  -1.274553  -6.669265  -0.000000   -0.011364  0.040429 -0.000000
   H   1.166770  -6.686312  -0.000000   -0.005371  0.002989 -0.000000
   H   3.629777  -6.703983  -0.000000   -0.007648  0.025998 -0.000000
   H   6.079554  -6.726296  -0.000000   -0.002054  0.027821 -0.000000
converged SCF energy = -3084.19313331707
--------------- RKS_Scanner gradients ---------------
         x                y                z
0 C    -0.0042662364     0.0032248821    -0.0000000000
1 C    -0.0170510357     0.0109695473    -0.0000000000
2 C    -0.0091022566    -0.0036999784    -0.0000000000
3 C    -0.0012116629    -0.0003538346    -0.0000000000
4 C     0.0346048640    -0.0339277673    -0.0000000000
5 C    -0.0014827208    -0.0114754715     0.0000000000
6 C    -0.0001319519    -0.0014085241    -0.0000000000
7 C    -0.0023379010    -0.0004412687    -0.0000000000
8 C    -0.0013606489     0.0005988065     0.0000000000
9 C    -0.0014956442     0.0339989991    -0.0000000000
10 C    -0.0095896739    -0.0060251955     0.0000000000
11 C    -0.0045738650    -0.0057085805     0.0000000000
12 C     0.0010068048    -0.0004577311    -0.0000000000
13 C     0.0007653008    -0.0007992495    -0.0000000000
14 C     0.0049416113    -0.0010283370     0.0000000000
15 C    -0.0132638890     0.0064371364     0.0000000000
16 C     0.0014148897    -0.0007816002    -0.0000000000
17 C    -0.0032180794    -0.0051707738     0.0000000000
18 C    -0.0013407759    -0.0013426776    -0.0000000000
19 C     0.0052773933     0.0054210644    -0.0000000000
20 N    -0.0012110154     0.0044800609     0.0000000000
21 C    -0.0052897441     0.0059117101     0.0000000000
22 C    -0.0052814649    -0.0005561359     0.0000000000
23 C    -0.0007545203     0.0013932409     0.0000000000
24 C    -0.0004555903     0.0022469300    -0.0000000000
25 N     0.0032776816     0.0017655203     0.0000000000
26 C     0.0065261077    -0.0015635123     0.0000000000
27 C    -0.0002985578     0.0010471581     0.0000000000
28 C    -0.0000628976    -0.0007004579     0.0000000000
29 C     0.0006633035     0.0002770124     0.0000000000
30 C     0.0015063281     0.0036698117     0.0000000000
31 C    -0.0066745392    -0.0000544377     0.0000000000
32 C     0.0032561703     0.0015702604    -0.0000000000
33 C    -0.0008033779     0.0034048291     0.0000000000
34 C    -0.0007383009    -0.0003975499     0.0000000000
35 C     0.0015488633     0.0013318399     0.0000000000
36 C    -0.0009501946     0.0009099067    -0.0000000000
37 C     0.0011700356     0.0051631368     0.0000000000
38 C    -0.0045162033    -0.0018686156     0.0000000000
39 C     0.0076399695     0.0049091931     0.0000000000
40 C    -0.0009203306    -0.0023709235     0.0000000000
41 C     0.0191036124     0.0167230484    -0.0000000000
42 C     0.0074662809    -0.0094020110     0.0000000000
43 C     0.0022417008    -0.0033195969     0.0000000000
44 C    -0.0024616788    -0.0002597941    -0.0000000000
45 C    -0.0301671703    -0.0111743553     0.0000000000
46 N     0.0017765713     0.0157259895    -0.0000000000
47 C     0.0021546532    -0.0049540537     0.0000000000
48 C     0.0014193218    -0.0024643239     0.0000000000
49 C     0.0020283035    -0.0014989584     0.0000000000
50 C    -0.0013206173    -0.0045856573    -0.0000000000
51 N     0.0214672589    -0.0048405399    -0.0000000000
52 C     0.0006501261     0.0034579717    -0.0000000000
53 C     0.0020894756    -0.0010403585     0.0000000000
54 C    -0.0007861989    -0.0018212647     0.0000000000
55 C    -0.0028858291     0.0024462315     0.0000000000
56 C     0.0105093856    -0.0110224439     0.0000000000
57 C     0.0017237297     0.0031027073     0.0000000000
58 N     0.0038551232     0.0046675309    -0.0000000000
59 C     0.0015580516    -0.0003626636     0.0000000000
60 C     0.0038146915    -0.0001969389     0.0000000000
61 C    -0.0089264096     0.0043933960    -0.0000000000
62 C    -0.0086912765    -0.0108961956    -0.0000000000
63 C     0.0044338465    -0.0013331338    -0.0000000000
64 C    -0.0030930343     0.0012271719    -0.0000000000
65 C     0.0013069748     0.0022845494    -0.0000000000
66 N    -0.0030628953    -0.0040168719     0.0000000000
67 C    -0.0003829307     0.0028363460    -0.0000000000
68 C     0.0014921949    -0.0027712979    -0.0000000000
69 C    -0.0007140103    -0.0006879690    -0.0000000000
70 C     0.0012054487     0.0009567972    -0.0000000000
71 C    -0.0032270924     0.0016041038    -0.0000000000
72 C    -0.0021197803    -0.0020360370    -0.0000000000
73 C    -0.0063738799     0.0022779409     0.0000000000
74 C    -0.0000643063    -0.0014348574    -0.0000000000
75 C    -0.0005789772     0.0001879107    -0.0000000000
76 C    -0.0023279492    -0.0001034343    -0.0000000000
77 C     0.0038354961    -0.0028312790    -0.0000000000
78 H    -0.0009443902    -0.0004798796     0.0000000000
79 H    -0.0019166773     0.0008609749    -0.0000000000
80 H    -0.0011047863    -0.0002673015     0.0000000000
81 H    -0.0017628963     0.0011326220    -0.0000000000
82 H    -0.0020305164    -0.0013986759    -0.0000000000
83 H    -0.0005133100     0.0003322496     0.0000000000
84 H     0.0006905575     0.0001589903     0.0000000000
85 H     0.0023674179     0.0011486315    -0.0000000000
86 H    -0.0004005672     0.0018677613     0.0000000000
87 H     0.0065259867     0.0082656433    -0.0000000000
88 H     0.0081514501    -0.0099876876    -0.0000000000
89 H    -0.0016786997    -0.0013162314     0.0000000000
90 H    -0.0006713701    -0.0015617380     0.0000000000
91 H     0.0000078367    -0.0014439781     0.0000000000
92 H     0.0005002503    -0.0025249609     0.0000000000
93 H     0.0023753031    -0.0031791780    -0.0000000000
94 H    -0.0004173169    -0.0036870444    -0.0000000000
95 H     0.0007414823    -0.0014872031    -0.0000000000
96 H     0.0005428862     0.0058328983     0.0000000000
97 H    -0.0021398135     0.0021916637    -0.0000000000
98 H    -0.0004789913     0.0024588913    -0.0000000000
99 H    -0.0002137067     0.0015122814    -0.0000000000
100 H    -0.0001218755     0.0020138679    -0.0000000000
101 H     0.0003279545     0.0021324839     0.0000000000
----------------------------------------------
cycle 3: E = -3084.19313332  dE = 0.00880991  norm(grad) = 0.0948943

Geometry optimization cycle 4
Cartesian coordinates (Angstrom)
 Atom        New coordinates             dX        dY        dZ
   C  -7.285035   4.988427   0.000000   -0.005754 -0.015590 -0.000000
   C  -7.306906   0.655750   0.000000    0.005639 -0.040644 -0.000000
   C  -6.140237   2.852639   0.000000   -0.003481 -0.002167 -0.000000
   C  -4.869622   4.961421  -0.000000   -0.006267  0.008611  0.000000
   C  -7.258422  -3.582192   0.000000   -0.051182  0.062109 -0.000000
   C  -6.109391  -1.449318   0.000000   -0.006083  0.000121 -0.000000
   C  -4.909013   0.696438   0.000000   -0.002560  0.008172 -0.000000
   C  -3.673028   2.818275  -0.000000   -0.000410  0.012381 -0.000000
   C  -2.430332   4.959939  -0.000000   -0.004344  0.015770  0.000000
   C  -6.011447  -5.598073   0.000000   -0.019979 -0.032738 -0.000000
   C  -4.857286  -3.505895   0.000000   -0.014674 -0.017922 -0.000000
   C  -3.661631  -1.404192  -0.000000   -0.005958  0.000319 -0.000000
   C  -2.446799   0.696997  -0.000000   -0.001762  0.008284 -0.000000
   C  -1.233569   2.804837  -0.000000    0.002051  0.013509  0.000000
   C   0.009321   4.928450  -0.000000   -0.005105  0.020048  0.000000
   C  -3.669190  -5.548003  -0.000000    0.000324 -0.031242 -0.000000
   C  -2.410530  -3.489960  -0.000000   -0.008339 -0.013364 -0.000000
   C  -1.208401  -1.422062  -0.000000   -0.002261  0.001197 -0.000000
   C   0.006303   0.698137  -0.000000    0.002213  0.006485 -0.000000
   C   1.210482   2.812112  -0.000000    0.005333  0.010319 -0.000000
   N   2.431971   4.853874  -0.000000    0.004041  0.026350  0.000000
   C  -1.247423  -5.607603  -0.000000    0.004166 -0.017587 -0.000000
   C  -0.012025  -3.502905  -0.000000    0.001622 -0.006240 -0.000000
   C   1.236059  -1.396908  -0.000000    0.002274 -0.002762 -0.000000
   C   2.461529   0.717627  -0.000000    0.007223  0.002360 -0.000000
   N   3.663594   2.799080   0.000000    0.009764  0.008376 -0.000000
   C   4.824514   4.922114   0.000000    0.006626  0.015839 -0.000000
   C   1.191532  -5.614669  -0.000000    0.002878 -0.009550 -0.000000
   C   2.439814  -3.527127  -0.000000    0.006001 -0.006393 -0.000000
   C   3.672661  -1.416311  -0.000000    0.007940 -0.003544 -0.000000
   C   4.885681   0.722767   0.000000    0.013478 -0.001063 -0.000000
   C   6.096525   2.856978   0.000000    0.020163  0.004911 -0.000000
   C   7.240008   4.985280   0.000000    0.007253  0.007249 -0.000000
   C   3.639967  -5.635614  -0.000000    0.003244 -0.013302 -0.000000
   C   4.892971  -3.543288  -0.000000    0.008609 -0.008582 -0.000000
   C   6.118375  -1.402056   0.000000    0.013037 -0.007036 -0.000000
   C   7.286228   0.695807   0.000000    0.018735 -0.004720 -0.000000
   C   6.095197  -5.662788  -0.000000    0.001305 -0.017669 -0.000000
   C   7.307245  -3.590520   0.000000    0.012689 -0.009517 -0.000000
   C  -7.316667   3.599258   0.000000   -0.014643 -0.017072 -0.000000
   C  -6.088061   5.663956  -0.000000   -0.011923  0.000626  0.000000
   C  -7.301720  -0.716676   0.000000   -0.032576 -0.043339 -0.000000
   C  -6.128375   1.404838   0.000000   -0.010813 -0.004844 -0.000000
   C  -4.899068   3.534245  -0.000000   -0.005341  0.007438 -0.000000
   C  -3.638624   5.634295  -0.000000   -0.007025  0.013738  0.000000
   C  -7.229553  -4.929548   0.000000    0.017307  0.052489 -0.000000
   N  -6.083148  -2.836285   0.000000   -0.011610  0.001431 -0.000000
   C  -4.901751  -0.723134   0.000000   -0.007584  0.007417 -0.000000
   C  -3.669161   1.398356  -0.000000   -0.002621  0.011141 -0.000000
   C  -2.445764   3.519495  -0.000000   -0.000423  0.014266  0.000000
   C  -1.183695   5.622278  -0.000000   -0.006705  0.021621  0.000000
   N  -4.841470  -4.899504   0.000000   -0.013785 -0.029320 -0.000000
   C  -3.651490  -2.815465  -0.000000   -0.010761 -0.010361 -0.000000
   C  -2.449992  -0.725074  -0.000000   -0.003976  0.004157 -0.000000
   C  -1.232345   1.398697  -0.000000    0.001356  0.010037 -0.000000
   C   0.001107   3.501558  -0.000000    0.003724  0.014170  0.000000
   C   1.268586   5.534738  -0.000000   -0.007800  0.030938  0.000000
   C  -2.420931  -4.904163  -0.000000   -0.003494 -0.020041 -0.000000
   N  -1.205820  -2.808517  -0.000000   -0.005460 -0.006507 -0.000000
   C   0.003004  -0.721107  -0.000000    0.000567  0.002412 -0.000000
   C   1.215417   1.392924  -0.000000    0.004601  0.006745 -0.000000
   C   2.429986   3.483458  -0.000000    0.010169  0.014869 -0.000000
   C   3.597634   5.560382   0.000000    0.011870  0.031064  0.000000
   C  -0.006848  -4.938611  -0.000000    0.000044 -0.008972 -0.000000
   C   1.221247  -2.807197  -0.000000    0.004456 -0.005829 -0.000000
   C   2.467361  -0.691921  -0.000000    0.004961 -0.002075 -0.000000
   N   3.652504   1.410484  -0.000000    0.012012  0.004164 -0.000000
   C   4.874948   3.505969   0.000000    0.013397  0.009437 -0.000000
   C   6.032426   5.641805   0.000000    0.009008  0.014469 -0.000000
   C   2.432990  -4.956890  -0.000000    0.003578 -0.008649 -0.000000
   C   3.667235  -2.828049  -0.000000    0.007144 -0.006435 -0.000000
   C   4.888369  -0.697257  -0.000000    0.012793 -0.004417 -0.000000
   C   6.092870   1.415607   0.000000    0.018603  0.000565 -0.000000
   C   7.278402   3.603346   0.000000    0.022596  0.005096 -0.000000
   C   4.870358  -4.969027  -0.000000    0.003578 -0.011452 -0.000000
   C   6.125909  -2.853116   0.000000    0.011456 -0.008445 -0.000000
   C   7.300245  -0.671322   0.000000    0.016161 -0.006894 -0.000000
   C   7.286222  -4.981144   0.000000   -0.000433 -0.010978 -0.000000
   H   8.163050   5.550326   0.000000    0.006554  0.010616 -0.000000
   H   8.232882   3.103774   0.000000    0.026836  0.009472 -0.000000
   H   8.223236   1.228998   0.000000    0.021540 -0.007095 -0.000000
   H   8.252974  -1.177343   0.000000    0.016808 -0.009275 -0.000000
   H   8.265616  -3.094502   0.000000    0.016499 -0.012935 -0.000000
   H   8.222287  -5.526306   0.000000   -0.000977 -0.013716 -0.000000
   H  -8.216512   5.541584   0.000000   -0.008489 -0.018530 -0.000000
   H  -8.278564   3.108185   0.000000   -0.014605 -0.021330 -0.000000
   H  -8.263758   1.156975   0.000000    0.004496 -0.042444 -0.000000
   H  -8.260688  -1.203210   0.000000   -0.032317 -0.055322 -0.000000
   H  -8.179835  -3.040590   0.000000   -0.054151  0.070576 -0.000000
   H  -8.153282  -5.487028   0.000000    0.012979  0.059772 -0.000000
   H  -6.067448   6.747039  -0.000000   -0.021582  0.002274  0.000000
   H  -3.638191   6.718158  -0.000000   -0.010407  0.015146  0.000000
   H  -1.169563   6.704692  -0.000000   -0.009877  0.023521  0.000000
   H   1.388687   6.605565  -0.000000   -0.019445  0.034824  0.000000
   H   3.496301   6.630273   0.000000    0.021095  0.034829  0.000000
   H   5.987167   6.723170   0.000000    0.012039  0.016070 -0.000000
   H  -5.903031  -6.667832   0.000000   -0.059726 -0.041395 -0.000000
   H  -3.742047  -6.623294   0.000000    0.012988 -0.034359 -0.000000
   H  -1.263243  -6.688841  -0.000000    0.011310 -0.019577 -0.000000
   H   1.170921  -6.697430  -0.000000    0.004151 -0.011118 -0.000000
   H   3.632287  -6.718945  -0.000000    0.002510 -0.014962 -0.000000
   H   6.080604  -6.745647  -0.000000    0.001049 -0.019351 -0.000000
converged SCF energy = -3084.20808442773
--------------- RKS_Scanner gradients ---------------
         x                y                z
0 C    -0.0008565947     0.0009046936    -0.0000000000
1 C    -0.0047032127     0.0022846541    -0.0000000000
2 C    -0.0023283899    -0.0003829377    -0.0000000000
3 C    -0.0000522222    -0.0002558801    -0.0000000000
4 C     0.0075727182    -0.0033853676    -0.0000000000
5 C    -0.0025536006    -0.0025293725     0.0000000000
6 C     0.0007659664     0.0003037935     0.0000000000
7 C    -0.0007362123     0.0005454339     0.0000000000
8 C    -0.0006668729     0.0000412477     0.0000000000
9 C     0.0005241150     0.0054413985    -0.0000000000
10 C    -0.0058173821    -0.0030740977     0.0000000000
11 C    -0.0014286821    -0.0010068512    -0.0000000000
12 C     0.0006945457     0.0002112804    -0.0000000000
13 C     0.0012291773     0.0004096165     0.0000000000
14 C     0.0028145811    -0.0003660009     0.0000000000
15 C    -0.0012711992    -0.0021630480     0.0000000000
16 C     0.0010500701    -0.0005706242     0.0000000000
17 C    -0.0014083366    -0.0018672276    -0.0000000000
18 C    -0.0009407598    -0.0004379016    -0.0000000000
19 C     0.0031335347     0.0023276719    -0.0000000000
20 N     0.0011262425     0.0033128773     0.0000000000
21 C    -0.0010504320     0.0026224122     0.0000000000
22 C    -0.0020087366    -0.0007397682     0.0000000000
23 C    -0.0002878444     0.0003341104     0.0000000000
24 C    -0.0002417248     0.0018057239    -0.0000000000
25 N     0.0010594135     0.0011128692    -0.0000000000
26 C     0.0048655706     0.0000014524    -0.0000000000
27 C     0.0006779125    -0.0003190045     0.0000000000
28 C     0.0004260829     0.0000063328     0.0000000000
29 C     0.0003594116     0.0001160528     0.0000000000
30 C    -0.0003681695     0.0015487249    -0.0000000000
31 C    -0.0023077377    -0.0007919866    -0.0000000000
32 C     0.0008528921     0.0002193865    -0.0000000000
33 C    -0.0000691136     0.0012740005    -0.0000000000
34 C    -0.0003761425    -0.0000199087     0.0000000000
35 C     0.0009129776     0.0001270739     0.0000000000
36 C     0.0004321877     0.0006690420     0.0000000000
37 C     0.0004341357     0.0014169969    -0.0000000000
38 C    -0.0014705176    -0.0005156021     0.0000000000
39 C     0.0021216479     0.0007747743     0.0000000000
40 C    -0.0003838197     0.0004508723     0.0000000000
41 C     0.0054856352     0.0036712367     0.0000000000
42 C     0.0017759067    -0.0019369340     0.0000000000
43 C     0.0015623675    -0.0015360380    -0.0000000000
44 C    -0.0019276884     0.0008562802    -0.0000000000
45 C    -0.0062092281    -0.0025936732     0.0000000000
46 N     0.0001402351     0.0023675350     0.0000000000
47 C    -0.0001910147    -0.0023061669     0.0000000000
48 C     0.0000971030    -0.0008869048    -0.0000000000
49 C     0.0013920464    -0.0009628208    -0.0000000000
50 C    -0.0020235276    -0.0022582051    -0.0000000000
51 N     0.0069676353    -0.0003108424    -0.0000000000
52 C     0.0004667010     0.0010637493    -0.0000000000
53 C     0.0010580306     0.0001390443     0.0000000000
54 C    -0.0002179605    -0.0010692714     0.0000000000
55 C    -0.0025146363     0.0009815724    -0.0000000000
56 C     0.0018481440    -0.0031115833     0.0000000000
57 C    -0.0019543318     0.0013351932    -0.0000000000
58 N     0.0011263384     0.0027164504    -0.0000000000
59 C     0.0005014498     0.0006166828     0.0000000000
60 C     0.0019284519    -0.0003214005     0.0000000000
61 C    -0.0041455601    -0.0006058258    -0.0000000000
62 C    -0.0028298077    -0.0039223308     0.0000000000
63 C     0.0016604331    -0.0010369592    -0.0000000000
64 C    -0.0010142623     0.0001116399    -0.0000000000
65 C     0.0000859286     0.0005336290    -0.0000000000
66 N    -0.0005121362    -0.0029486460     0.0000000000
67 C    -0.0020490645     0.0020870252     0.0000000000
68 C     0.0002934851     0.0005067148     0.0000000000
69 C    -0.0011710914    -0.0002399853    -0.0000000000
70 C     0.0004751493     0.0001320556    -0.0000000000
71 C    -0.0008716805     0.0006090149    -0.0000000000
72 C     0.0001966332    -0.0012159920     0.0000000000
73 C    -0.0019517053     0.0005771284     0.0000000000
74 C    -0.0000932747    -0.0008327388     0.0000000000
75 C    -0.0002186512     0.0001978035    -0.0000000000
76 C    -0.0010084381    -0.0002052780    -0.0000000000
77 C     0.0013452615    -0.0010144632    -0.0000000000
78 H    -0.0005179473    -0.0002637822     0.0000000000
79 H    -0.0006908172     0.0002093400    -0.0000000000
80 H    -0.0003687422    -0.0000705657     0.0000000000
81 H    -0.0007010846     0.0005338779     0.0000000000
82 H    -0.0007688992    -0.0004899704    -0.0000000000
83 H    -0.0002760227     0.0001536439     0.0000000000
84 H     0.0004181279    -0.0000414669     0.0000000000
85 H     0.0007049533     0.0004331573     0.0000000000
86 H     0.0003746574     0.0003084185     0.0000000000
87 H     0.0017685730     0.0024437963    -0.0000000000
88 H     0.0014797608    -0.0028142126    -0.0000000000
89 H     0.0001153194     0.0004003677    -0.0000000000
90 H    -0.0001735691    -0.0003891050    -0.0000000000
91 H     0.0000462105    -0.0003995940    -0.0000000000
92 H     0.0002634375    -0.0010505560     0.0000000000
93 H     0.0009468629    -0.0010616473     0.0000000000
94 H     0.0000730650    -0.0013507176    -0.0000000000
95 H     0.0003298878    -0.0002875985    -0.0000000000
96 H     0.0009968828     0.0013675883    -0.0000000000
97 H    -0.0007563201     0.0005552845    -0.0000000000
98 H    -0.0003151382     0.0010170346    -0.0000000000
99 H    -0.0001467722     0.0003921120    -0.0000000000
100 H    -0.0001129949     0.0007075434     0.0000000000
101 H     0.0000885046     0.0006603378     0.0000000000
----------------------------------------------
cycle 4: E = -3084.20808443  dE = -0.0149511  norm(grad) = 0.0253807

Geometry optimization cycle 5
Cartesian coordinates (Angstrom)
 Atom        New coordinates             dX        dY        dZ
   C  -7.294589   4.974601  -0.000000   -0.009554 -0.013826 -0.000000
   C  -7.303428   0.636669   0.000000    0.003477 -0.019081 -0.000000
   C  -6.144533   2.849689   0.000000   -0.004296 -0.002950  0.000000
   C  -4.872240   4.964347   0.000000   -0.002618  0.002925  0.000000
   C  -7.270090  -3.560803   0.000000   -0.011668  0.021389 -0.000000
   C  -6.102718  -1.441509   0.000000    0.006672  0.007808 -0.000000
   C  -4.907713   0.703465   0.000000    0.001300  0.007028  0.000000
   C  -3.674201   2.827352   0.000000   -0.001174  0.009076  0.000000
   C  -2.426260   4.973900   0.000000    0.004072  0.013961  0.000000
   C  -6.036313  -5.588902   0.000000   -0.024866  0.009170 -0.000000
   C  -4.855370  -3.494274   0.000000    0.001916  0.011621  0.000000
   C  -3.655651  -1.398226   0.000000    0.005980  0.005966  0.000000
   C  -2.445970   0.703194   0.000000    0.000829  0.006197  0.000000
   C  -1.235057   2.812587   0.000000   -0.001488  0.007750  0.000000
   C   0.001458   4.937559   0.000000   -0.007862  0.009108  0.000000
   C  -3.680550  -5.531226  -0.000000   -0.011359  0.016777 -0.000000
   C  -2.407948  -3.493928   0.000000    0.002582 -0.003969  0.000000
   C  -1.202951  -1.421082   0.000000    0.005450  0.000981  0.000000
   C   0.008708   0.699599   0.000000    0.002405  0.001463  0.000000
   C   1.211980   2.813078   0.000000    0.001498  0.000966  0.000000
   N   2.424108   4.860185   0.000000   -0.007864  0.006311  0.000000
   C  -1.244802  -5.625630  -0.000000    0.002621 -0.018027  0.000000
   C  -0.005454  -3.505719   0.000000    0.006571 -0.002814  0.000000
   C   1.242957  -1.401082   0.000000    0.006898 -0.004174  0.000000
   C   2.466345   0.713571   0.000000    0.004816 -0.004056  0.000000
   N   3.670101   2.797037   0.000000    0.006507 -0.002043  0.000000
   C   4.805795   4.916413   0.000000   -0.018719 -0.005700 -0.000000
   C   1.192584  -5.614768  -0.000000    0.001052 -0.000099  0.000000
   C   2.448251  -3.533915  -0.000000    0.008437 -0.006789  0.000000
   C   3.681721  -1.421676   0.000000    0.009060 -0.005365  0.000000
   C   4.895047   0.719247   0.000000    0.009366 -0.003520  0.000000
   C   6.115792   2.859632   0.000000    0.019267  0.002654  0.000000
   C   7.232119   4.992054  -0.000000   -0.007889  0.006774 -0.000000
   C   3.645679  -5.648994  -0.000000    0.005712 -0.013381 -0.000000
   C   4.903262  -3.550605  -0.000000    0.010291 -0.007317  0.000000
   C   6.129435  -1.408572   0.000000    0.011060 -0.006516  0.000000
   C   7.294085   0.689593   0.000000    0.007857 -0.006214 -0.000000
   C   6.098573  -5.674445  -0.000000    0.003377 -0.011657 -0.000000
   C   7.321695  -3.596099  -0.000000    0.014451 -0.005578 -0.000000
   C  -7.329417   3.585033  -0.000000   -0.012750 -0.014225 -0.000000
   C  -6.098130   5.654090  -0.000000   -0.010069 -0.009866  0.000000
   C  -7.312897  -0.737130   0.000000   -0.011176 -0.020455 -0.000000
   C  -6.132749   1.401692   0.000000   -0.004374 -0.003146  0.000000
   C  -4.905277   3.538291   0.000000   -0.006210  0.004047  0.000000
   C  -3.639889   5.638488   0.000000   -0.001265  0.004193  0.000000
   C  -7.249359  -4.910852   0.000000   -0.019806  0.018697 -0.000000
   N  -6.083401  -2.826958   0.000000   -0.000253  0.009327 -0.000000
   C  -4.895913  -0.713663   0.000000    0.005838  0.009471  0.000000
   C  -3.668468   1.407209   0.000000    0.000694  0.008853  0.000000
   C  -2.447309   3.531958   0.000000   -0.001545  0.012463  0.000000
   C  -1.183172   5.645147   0.000000    0.000523  0.022869  0.000000
   N  -4.861847  -4.888997   0.000000   -0.020377  0.010507 -0.000000
   C  -3.645564  -2.811832   0.000000    0.005926  0.003633  0.000000
   C  -2.444272  -0.720379   0.000000    0.005720  0.004695  0.000000
   C  -1.230075   1.404809   0.000000    0.002270  0.006111  0.000000
   C   0.003057   3.506789   0.000000    0.001950  0.005231  0.000000
   C   1.258953   5.547814   0.000000   -0.009632  0.013076  0.000000
   C  -2.416571  -4.911606  -0.000000    0.004361 -0.007443  0.000000
   N  -1.201701  -2.812094   0.000000    0.004119 -0.003577  0.000000
   C   0.009550  -0.721996   0.000000    0.006546 -0.000889  0.000000
   C   1.218502   1.392802   0.000000    0.003085 -0.000122  0.000000
   C   2.436667   3.485461   0.000000    0.006682  0.002003  0.000000
   C   3.589267   5.575431   0.000000   -0.008366  0.015049 -0.000000
   C  -0.009832  -4.942486  -0.000000   -0.002984 -0.003875  0.000000
   C   1.230027  -2.812503   0.000000    0.008780 -0.005305  0.000000
   C   2.475212  -0.697282   0.000000    0.007852 -0.005362  0.000000
   N   3.659489   1.408652   0.000000    0.006985 -0.001832  0.000000
   C   4.885161   3.499614   0.000000    0.010213 -0.006355  0.000000
   C   6.015234   5.633871  -0.000000   -0.017192 -0.007934 -0.000000
   C   2.440147  -4.964735  -0.000000    0.007157 -0.007845  0.000000
   C   3.676317  -2.834874   0.000000    0.009082 -0.006825  0.000000
   C   4.899386  -0.702704   0.000000    0.011017 -0.005447  0.000000
   C   6.103219   1.415953   0.000000    0.010349  0.000345  0.000000
   C   7.297113   3.609712   0.000000    0.018711  0.006366 -0.000000
   C   4.874949  -4.977719  -0.000000    0.004592 -0.008692 -0.000000
   C   6.138145  -2.860369   0.000000    0.012235 -0.007253  0.000000
   C   7.313493  -0.678422   0.000000    0.013249 -0.007101  0.000000
   C   7.287632  -4.987236  -0.000000    0.001411 -0.006091 -0.000000
   H   8.147257   5.572051  -0.000000   -0.015793  0.021725 -0.000000
   H   8.258612   3.121016   0.000000    0.025729  0.017243 -0.000000
   H   8.232568   1.221850   0.000000    0.009331 -0.007148 -0.000000
   H   8.267829  -1.184679   0.000000    0.014856 -0.007336 -0.000000
   H   8.283072  -3.102660   0.000000    0.017456 -0.008158 -0.000000
   H   8.223007  -5.535112  -0.000000    0.000720 -0.008806 -0.000000
   H  -8.227428   5.527260  -0.000000   -0.010916 -0.014325 -0.000000
   H  -8.290198   3.089008  -0.000000   -0.011634 -0.019176 -0.000000
   H  -8.262539   1.135837   0.000000    0.001219 -0.021138 -0.000000
   H  -8.268577  -1.236977   0.000000   -0.007889 -0.033768 -0.000000
   H  -8.185626  -3.003894   0.000000   -0.005792  0.036695 -0.000000
   H  -8.176865  -5.465164   0.000000   -0.023583  0.021864 -0.000000
   H  -6.084030   6.737974  -0.000000   -0.016582 -0.009065 -0.000000
   H  -3.644369   6.723107   0.000000   -0.006178  0.004950  0.000000
   H  -1.167952   6.729302   0.000000    0.001611  0.024609  0.000000
   H   1.371957   6.621115   0.000000   -0.016730  0.015550  0.000000
   H   3.494914   6.648296  -0.000000   -0.001388  0.018023 -0.000000
   H   5.962498   6.715473  -0.000000   -0.024669 -0.007697 -0.000000
   H  -5.942200  -6.661612   0.000000   -0.039168  0.006220 -0.000000
   H  -3.755013  -6.607474  -0.000000   -0.012967  0.015820 -0.000000
   H  -1.256756  -6.708656  -0.000000    0.006487 -0.019815  0.000000
   H   1.171548  -6.698294  -0.000000    0.000627 -0.000865  0.000000
   H   3.638501  -6.733552  -0.000000    0.006214 -0.014607 -0.000000
   H   6.084727  -6.758395  -0.000000    0.004123 -0.012748 -0.000000
converged SCF energy = -3084.20838602385
--------------- RKS_Scanner gradients ---------------
         x                y                z
0 C    -0.0000290644     0.0005338508    -0.0000000000
1 C     0.0020738906    -0.0010537200     0.0000000000
2 C     0.0007905648     0.0004193159    -0.0000000000
3 C     0.0019839561     0.0013570507    -0.0000000000
4 C     0.0054237431    -0.0008213659     0.0000000000
5 C     0.0028968931     0.0023124711     0.0000000000
6 C     0.0002683831     0.0002216559     0.0000000000
7 C    -0.0003164186     0.0002491284     0.0000000000
8 C     0.0032962284     0.0002034361    -0.0000000000
9 C    -0.0022704447     0.0025677321    -0.0000000000
10 C     0.0022021364     0.0011152368     0.0000000000
11 C    -0.0008914835     0.0000537235     0.0000000000
12 C    -0.0006217000     0.0001021365     0.0000000000
13 C    -0.0001737064     0.0011897193    -0.0000000000
14 C    -0.0016813375    -0.0017603541    -0.0000000000
15 C     0.0008213427     0.0047522872    -0.0000000000
16 C    -0.0027690308    -0.0003189304    -0.0000000000
17 C    -0.0012161908     0.0002696366     0.0000000000
18 C    -0.0012956470    -0.0003313433     0.0000000000
19 C     0.0005210238     0.0002771047    -0.0000000000
20 N     0.0005758291    -0.0007510964    -0.0000000000
21 C     0.0022024909    -0.0026541967    -0.0000000000
22 C     0.0018980395     0.0004567273    -0.0000000000
23 C    -0.0002952528    -0.0000331219    -0.0000000000
24 C    -0.0011655871     0.0001392466     0.0000000000
25 N    -0.0003256309     0.0029021071    -0.0000000000
26 C    -0.0037239340    -0.0022774232     0.0000000000
27 C    -0.0001713240     0.0011755688     0.0000000000
28 C    -0.0004313721     0.0000752950    -0.0000000000
29 C     0.0000355064     0.0002342169    -0.0000000000
30 C    -0.0006138131    -0.0005189960     0.0000000000
31 C     0.0015303433     0.0008508270     0.0000000000
32 C     0.0002323207    -0.0004115047    -0.0000000000
33 C     0.0007557945    -0.0011791187    -0.0000000000
34 C     0.0003803316     0.0004648362     0.0000000000
35 C     0.0001713767     0.0000611938    -0.0000000000
36 C    -0.0011495312    -0.0002306733    -0.0000000000
37 C    -0.0001329670    -0.0012302397     0.0000000000
38 C     0.0015400559     0.0006388288    -0.0000000000
39 C    -0.0008512509    -0.0011440400     0.0000000000
40 C    -0.0005973198    -0.0016505899     0.0000000000
41 C    -0.0023920709    -0.0036993203    -0.0000000000
42 C    -0.0007051128     0.0010483819    -0.0000000000
43 C    -0.0004561224     0.0005325191     0.0000000000
44 C    -0.0004447153    -0.0011508158     0.0000000000
45 C    -0.0047246918    -0.0044242151    -0.0000000000
46 N    -0.0031988414     0.0012023068    -0.0000000000
47 C     0.0005242003     0.0005407201    -0.0000000000
48 C    -0.0006571662    -0.0000135009    -0.0000000000
49 C    -0.0012344334     0.0008035837     0.0000000000
50 C     0.0000842787     0.0029375695     0.0000000000
51 N    -0.0027548524     0.0005273136     0.0000000000
52 C     0.0021004659     0.0011390945     0.0000000000
53 C     0.0015011473    -0.0001453309    -0.0000000000
54 C     0.0008412023    -0.0006242928    -0.0000000000
55 C     0.0000148127    -0.0004585644     0.0000000000
56 C    -0.0011958321     0.0024535542     0.0000000000
57 C     0.0034712246    -0.0016024265     0.0000000000
58 N     0.0003719995    -0.0009278801     0.0000000000
59 C     0.0013338912     0.0005136854    -0.0000000000
60 C     0.0010750872    -0.0002412394    -0.0000000000
61 C     0.0010468977    -0.0027706230     0.0000000000
62 C    -0.0018348259     0.0037871469    -0.0000000000
63 C    -0.0030322867     0.0008130903     0.0000000000
64 C     0.0005023306    -0.0001054443     0.0000000000
65 C     0.0003471827    -0.0007183544     0.0000000000
66 N     0.0014305012    -0.0009110147    -0.0000000000
67 C     0.0026749076    -0.0026619919    -0.0000000000
68 C    -0.0020011029    -0.0013119383    -0.0000000000
69 C     0.0010836049    -0.0002948945    -0.0000000000
70 C    -0.0000608666    -0.0007012618     0.0000000000
71 C     0.0001265507    -0.0002348994    -0.0000000000
72 C    -0.0002816558     0.0010848254    -0.0000000000
73 C     0.0019674099     0.0001462900    -0.0000000000
74 C    -0.0005926680     0.0005398541    -0.0000000000
75 C     0.0003434829    -0.0003597509     0.0000000000
76 C     0.0009101166    -0.0006756891     0.0000000000
77 C    -0.0016371725     0.0009290809    -0.0000000000
78 H     0.0002470975    -0.0001403325    -0.0000000000
79 H     0.0003243592     0.0001275653    -0.0000000000
80 H    -0.0000304720    -0.0002823865     0.0000000000
81 H     0.0002987927    -0.0002272345    -0.0000000000
82 H     0.0003302012     0.0003179482     0.0000000000
83 H    -0.0000770169     0.0000981680     0.0000000000
84 H    -0.0002678849    -0.0001252875    -0.0000000000
85 H    -0.0003691453    -0.0001142752    -0.0000000000
86 H     0.0000147268    -0.0002391856    -0.0000000000
87 H    -0.0010053922    -0.0011733940     0.0000000000
88 H    -0.0007046654     0.0002358599    -0.0000000000
89 H    -0.0006375727    -0.0003743450     0.0000000000
90 H     0.0001916582    -0.0001135685    -0.0000000000
91 H     0.0002337584    -0.0000812008    -0.0000000000
92 H     0.0000324218     0.0006709033    -0.0000000000
93 H    -0.0003125857     0.0004706663    -0.0000000000
94 H    -0.0000985276     0.0008383131    -0.0000000000
95 H    -0.0003189821    -0.0001883653     0.0000000000
96 H    -0.0005365556    -0.0000954782     0.0000000000
97 H    -0.0002676029     0.0004079537     0.0000000000
98 H    -0.0001245826    -0.0006801877    -0.0000000000
99 H    -0.0000919024     0.0000797354     0.0000000000
100 H    -0.0000726877    -0.0003533942    -0.0000000000
101 H    -0.0001683115    -0.0003062800    -0.0000000000
----------------------------------------------
cycle 5: E = -3084.20838602  dE = -0.000301596  norm(grad) = 0.0201226

Geometry optimization cycle 6
Cartesian coordinates (Angstrom)
 Atom        New coordinates             dX        dY        dZ
   C  -7.291126   4.982556  -0.000000    0.003463  0.007955  0.000000
   C  -7.309228   0.647933   0.000000   -0.005799  0.011264  0.000000
   C  -6.145985   2.851159   0.000000   -0.001451  0.001470  0.000000
   C  -4.874407   4.963005   0.000000   -0.002167 -0.001342  0.000000
   C  -7.276369  -3.552296   0.000000   -0.006279  0.008507  0.000000
   C  -6.106410  -1.444547   0.000000   -0.003692 -0.003038  0.000000
   C  -4.911322   0.699482   0.000000   -0.003609 -0.003984  0.000000
   C  -3.676454   2.822047   0.000000   -0.002252 -0.005304  0.000000
   C  -2.430818   4.966374   0.000000   -0.004558 -0.007526  0.000000
   C  -6.027063  -5.599182   0.000000    0.009251 -0.010280  0.000000
   C  -4.856034  -3.504234   0.000000   -0.000664 -0.009960  0.000000
   C  -3.659040  -1.403887   0.000000   -0.003389 -0.005661  0.000000
   C  -2.448669   0.698273   0.000000   -0.002699 -0.004921  0.000000
   C  -1.236705   2.807740   0.000000   -0.001648 -0.004847  0.000000
   C   0.004292   4.934478   0.000000    0.002833 -0.003080  0.000000
   C  -3.676667  -5.546989  -0.000000    0.003883 -0.015763 -0.000000
   C  -2.409563  -3.495895   0.000000   -0.001615 -0.001967 -0.000000
   C  -1.205637  -1.424038   0.000000   -0.002686 -0.002956 -0.000000
   C   0.006437   0.697569   0.000000   -0.002271 -0.002030 -0.000000
   C   1.209373   2.811781   0.000000   -0.002606 -0.001297  0.000000
   N   2.428501   4.858845   0.000000    0.004393 -0.001340  0.000000
   C  -1.246516  -5.620042  -0.000000   -0.001714  0.005588 -0.000000
   C  -0.008031  -3.507441  -0.000000   -0.002577 -0.001722 -0.000000
   C   1.239552  -1.401061   0.000000   -0.003405  0.000021 -0.000000
   C   2.463736   0.714743   0.000000   -0.002610  0.001172 -0.000000
   N   3.667301   2.798646   0.000000   -0.002800  0.001609  0.000000
   C   4.818497   4.923419   0.000000    0.012702  0.007006  0.000000
   C   1.193600  -5.618940  -0.000000    0.001016 -0.004172 -0.000000
   C   2.444849  -3.532705  -0.000000   -0.003402  0.001210 -0.000000
   C   3.677230  -1.419762   0.000000   -0.004492  0.001914 -0.000000
   C   4.891091   0.721737   0.000000   -0.003956  0.002490  0.000000
   C   6.108088   2.860420   0.000000   -0.007704  0.000788  0.000000
   C   7.240797   4.991001   0.000000    0.008678 -0.001053  0.000000
   C   3.645407  -5.643966  -0.000000   -0.000272  0.005029 -0.000000
   C   4.899203  -3.547834  -0.000000   -0.004059  0.002771 -0.000000
   C   6.123995  -1.405026   0.000000   -0.005440  0.003546  0.000000
   C   7.291832   0.694031   0.000000   -0.002253  0.004438  0.000000
   C   6.100995  -5.668546  -0.000000    0.002421  0.005899 -0.000000
   C   7.316121  -3.593450   0.000000   -0.005574  0.002648  0.000000
   C  -7.326695   3.593290   0.000000    0.002722  0.008258  0.000000
   C  -6.094759   5.661818   0.000000    0.003371  0.007728  0.000000
   C  -7.309233  -0.725305   0.000000    0.003664  0.011826  0.000000
   C  -6.133527   1.403308   0.000000   -0.000778  0.001616  0.000000
   C  -4.905953   3.536478   0.000000   -0.000676 -0.001813  0.000000
   C  -3.640908   5.635823   0.000000   -0.001018 -0.002665  0.000000
   C  -7.228346  -4.900005   0.000000    0.021013  0.010847  0.000000
   N  -6.081776  -2.830538   0.000000    0.001624 -0.003580  0.000000
   C  -4.898930  -0.718219   0.000000   -0.003017 -0.004556  0.000000
   C  -3.670978   1.402118   0.000000   -0.002510 -0.005091  0.000000
   C  -2.449339   3.525139   0.000000   -0.002030 -0.006819  0.000000
   C  -1.184795   5.633521   0.000000   -0.001623 -0.011626  0.000000
   N  -4.854543  -4.900956   0.000000    0.007304 -0.011959  0.000000
   C  -3.649416  -2.818070   0.000000   -0.003853 -0.006238  0.000000
   C  -2.448554  -0.725244   0.000000   -0.004282 -0.004865  0.000000
   C  -1.233356   1.400995   0.000000   -0.003281 -0.003814  0.000000
   C   0.001336   3.503998   0.000000   -0.001721 -0.002790  0.000000
   C   1.262817   5.543820   0.000000    0.003864 -0.003994  0.000000
   C  -2.420736  -4.912488  -0.000000   -0.004166 -0.000881 -0.000000
   N  -1.204212  -2.814410   0.000000   -0.002511 -0.002316 -0.000000
   C   0.005402  -0.723941   0.000000   -0.004148 -0.001945 -0.000000
   C   1.214678   1.391956   0.000000   -0.003824 -0.000846  0.000000
   C   2.433968   3.486584   0.000000   -0.002699  0.001123  0.000000
   C   3.597062   5.570586   0.000000    0.007795 -0.004845  0.000000
   C  -0.007096  -4.944206  -0.000000    0.002736 -0.001720 -0.000000
   C   1.226376  -2.812205  -0.000000   -0.003651  0.000297 -0.000000
   C   2.471002  -0.695607   0.000000   -0.004211  0.001675 -0.000000
   N   3.655472   1.411560   0.000000   -0.004017  0.002908  0.000000
   C   4.881163   3.505302   0.000000   -0.003997  0.005688  0.000000
   C   6.029150   5.640960  -0.000000    0.013916  0.007089  0.000000
   C   2.438210  -4.963291  -0.000000   -0.001937  0.001445 -0.000000
   C   3.672134  -2.832409   0.000000   -0.004184  0.002466 -0.000000
   C   4.894146  -0.699911   0.000000   -0.005240  0.002793  0.000000
   C   6.099089   1.417319   0.000000   -0.004130  0.001367  0.000000
   C   7.290339   3.608033   0.000000   -0.006774 -0.001679  0.000000
   C   4.875725  -4.974362  -0.000000    0.000776  0.003357 -0.000000
   C   6.133026  -2.856862   0.000000   -0.005118  0.003507  0.000000
   C   7.307382  -0.673695   0.000000   -0.006111  0.004728  0.000000
   C   7.291961  -4.984747  -0.000000    0.004328  0.002488  0.000000
   H   8.160618   5.563551  -0.000000    0.013361 -0.008500  0.000000
   H   8.248085   3.112344   0.000000   -0.010527 -0.008673  0.000000
   H   8.229991   1.227096   0.000000   -0.002577  0.005246  0.000000
   H   8.261093  -1.180777   0.000000   -0.006737  0.003902  0.000000
   H   8.275948  -3.097514   0.000000   -0.007124  0.005146  0.000000
   H   8.228523  -5.530866  -0.000000    0.005516  0.004246  0.000000
   H  -8.223312   5.536192  -0.000000    0.004117  0.008933  0.000000
   H  -8.288640   3.100014  -0.000000    0.001559  0.011006  0.000000
   H  -8.268153   1.147956   0.000000   -0.005614  0.012119  0.000000
   H  -8.266042  -1.221086   0.000000    0.002536  0.015891  0.000000
   H  -8.192472  -2.997319   0.000000   -0.006846  0.006576  0.000000
   H  -8.154231  -5.456235   0.000000    0.022634  0.008929  0.000000
   H  -6.077222   6.745742  -0.000000    0.006808  0.007768  0.000000
   H  -3.643522   6.720528   0.000000    0.000847 -0.002580  0.000000
   H  -1.172080   6.717336   0.000000   -0.004128 -0.011966  0.000000
   H   1.376171   6.616818   0.000000    0.004214 -0.004297  0.000000
   H   3.498816   6.642560   0.000000    0.003903 -0.005736  0.000000
   H   5.981230   6.722883  -0.000000    0.018733  0.007410  0.000000
   H  -5.941567  -6.672572   0.000000    0.000633 -0.010959  0.000000
   H  -3.745150  -6.623946  -0.000000    0.009863 -0.016472 -0.000000
   H  -1.257836  -6.702668  -0.000000   -0.001080  0.005988 -0.000000
   H   1.174394  -6.702567  -0.000000    0.002846 -0.004273 -0.000000
   H   3.639535  -6.728330  -0.000000    0.001034  0.005223 -0.000000
   H   6.087415  -6.752309  -0.000000    0.002688  0.006085 -0.000000
converged SCF energy = -3084.20898480611
