1721292802.8290849

Geometry optimization cycle 1
Cartesian coordinates (Angstrom)
 Atom        New coordinates             dX        dY        dZ
   C  -7.338226   5.042760   0.000000    0.000000  0.000000  0.000000
   C  -7.365228   0.691139   0.000000    0.000000  0.000000  0.000000
   C  -6.173642   2.889413   0.000000    0.000000  0.000000  0.000000
   C  -4.910090   5.019617   0.000000    0.000000  0.000000  0.000000
   C  -7.358051  -3.642635   0.000000    0.000000  0.000000  0.000000
   C  -6.173475  -1.431785   0.000000    0.000000  0.000000  0.000000
   C  -4.940069   0.716689   0.000000    0.000000  0.000000  0.000000
   C  -3.694845   2.860312   0.000000    0.000000  0.000000  0.000000
   C  -2.457224   5.005715   0.000000    0.000000  0.000000  0.000000
   C  -6.138515  -5.727246   0.000000    0.000000  0.000000  0.000000
   C  -4.928214  -3.580071   0.000000    0.000000  0.000000  0.000000
   C  -3.698169  -1.425571   0.000000    0.000000  0.000000  0.000000
   C  -2.471779   0.716540   0.000000    0.000000  0.000000  0.000000
   C  -1.230705   2.851907   0.000000    0.000000 -0.000000  0.000000
   C   0.000000   5.003169   0.000000    0.000000  0.000000  0.000000
   C  -3.678966  -5.694052   0.000000    0.000000  0.000000  0.000000
   C  -2.466015  -3.560923   0.000000    0.000000  0.000000  0.000000
   C  -1.232423  -1.423207   0.000000    0.000000  0.000000  0.000000
   C   0.000000   0.715809   0.000000    0.000000  0.000000  0.000000
   C   1.230705   2.851907   0.000000    0.000000 -0.000000  0.000000
   C   2.457224   5.005715   0.000000    0.000000  0.000000  0.000000
   C  -1.226334  -5.685080   0.000000    0.000000  0.000000  0.000000
   C   0.000000  -3.557079   0.000000    0.000000  0.000000  0.000000
   C   1.232423  -1.423207   0.000000    0.000000  0.000000  0.000000
   C   2.471779   0.716540   0.000000    0.000000  0.000000  0.000000
   C   3.694845   2.860312   0.000000    0.000000  0.000000  0.000000
   C   4.910090   5.019617   0.000000    0.000000  0.000000  0.000000
   C   1.226334  -5.685080   0.000000    0.000000  0.000000  0.000000
   C   2.466015  -3.560923   0.000000    0.000000  0.000000  0.000000
   C   3.698169  -1.425571   0.000000    0.000000  0.000000  0.000000
   C   4.940069   0.716689   0.000000    0.000000  0.000000  0.000000
   C   6.173642   2.889413   0.000000    0.000000  0.000000  0.000000
   C   7.338226   5.042760   0.000000    0.000000  0.000000  0.000000
   C   3.678966  -5.694052   0.000000    0.000000  0.000000  0.000000
   C   4.928214  -3.580071   0.000000    0.000000  0.000000  0.000000
   C   6.173475  -1.431785   0.000000   -0.000000  0.000000  0.000000
   C   7.365228   0.691139   0.000000    0.000000  0.000000  0.000000
   C   6.138515  -5.727246   0.000000    0.000000  0.000000  0.000000
   C   7.358051  -3.642635   0.000000   -0.000000  0.000000  0.000000
   C  -7.358051   3.642635   0.000000    0.000000  0.000000  0.000000
   C  -6.138515   5.727246   0.000000    0.000000  0.000000  0.000000
   C  -7.365228  -0.691139   0.000000    0.000000  0.000000  0.000000
   C  -6.173475   1.431785   0.000000    0.000000  0.000000  0.000000
   C  -4.928214   3.580071   0.000000    0.000000 -0.000000  0.000000
   C  -3.678966   5.694052   0.000000    0.000000  0.000000  0.000000
   C  -7.338226  -5.042760   0.000000    0.000000  0.000000  0.000000
   C  -6.173642  -2.889413   0.000000    0.000000  0.000000  0.000000
   C  -4.940069  -0.716689   0.000000    0.000000  0.000000  0.000000
   C  -3.698169   1.425571   0.000000    0.000000  0.000000  0.000000
   C  -2.466015   3.560923   0.000000    0.000000 -0.000000  0.000000
   C  -1.226334   5.685080   0.000000    0.000000  0.000000  0.000000
   C  -4.910090  -5.019617   0.000000    0.000000  0.000000  0.000000
   C  -3.694845  -2.860312   0.000000    0.000000  0.000000  0.000000
   C  -2.471779  -0.716540   0.000000    0.000000  0.000000  0.000000
   C  -1.232423   1.423207   0.000000    0.000000  0.000000  0.000000
   C   0.000000   3.557079   0.000000    0.000000  0.000000  0.000000
   C   1.226334   5.685080   0.000000    0.000000  0.000000  0.000000
   C  -2.457224  -5.005715   0.000000    0.000000  0.000000  0.000000
   C  -1.230705  -2.851907   0.000000    0.000000  0.000000  0.000000
   C   0.000000  -0.715809   0.000000    0.000000  0.000000  0.000000
   C   1.232423   1.423207   0.000000    0.000000  0.000000  0.000000
   C   2.466015   3.560923   0.000000    0.000000 -0.000000  0.000000
   N   3.678966   5.694052   0.000000    0.000000  0.000000  0.000000
   C   0.000000  -5.003169   0.000000    0.000000  0.000000  0.000000
   C   1.230705  -2.851907   0.000000    0.000000  0.000000  0.000000
   C   2.471779  -0.716540   0.000000    0.000000  0.000000  0.000000
   C   3.698169   1.425571   0.000000    0.000000  0.000000  0.000000
   C   4.928214   3.580071   0.000000    0.000000 -0.000000  0.000000
   C   6.138515   5.727246   0.000000    0.000000  0.000000  0.000000
   C   2.457224  -5.005715   0.000000    0.000000  0.000000  0.000000
   N   3.694845  -2.860312   0.000000    0.000000  0.000000  0.000000
   C   4.940069  -0.716689   0.000000    0.000000  0.000000  0.000000
   C   6.173475   1.431785   0.000000   -0.000000  0.000000  0.000000
   C   7.358051   3.642635   0.000000   -0.000000  0.000000  0.000000
   C   4.910090  -5.019617   0.000000    0.000000  0.000000  0.000000
   C   6.173642  -2.889413   0.000000    0.000000  0.000000  0.000000
   C   7.365228  -0.691139   0.000000    0.000000  0.000000  0.000000
   C   7.338226  -5.042760   0.000000    0.000000  0.000000  0.000000
   H   8.282184   5.591425   0.000000    0.000000 -0.000000  0.000000
   H   8.325741   3.141106   0.000000    0.000000  0.000000  0.000000
   H   8.326715   1.204661   0.000000    0.000000  0.000000  0.000000
   H   8.326715  -1.204661   0.000000    0.000000  0.000000  0.000000
   H   8.325741  -3.141106   0.000000    0.000000  0.000000  0.000000
   H   8.282184  -5.591425   0.000000    0.000000  0.000000  0.000000
   H  -8.282184   5.591425   0.000000    0.000000 -0.000000  0.000000
   H  -8.325741   3.141106   0.000000    0.000000  0.000000  0.000000
   H  -8.326715   1.204661   0.000000    0.000000  0.000000  0.000000
   H  -8.326715  -1.204661   0.000000    0.000000  0.000000  0.000000
   H  -8.325741  -3.141106   0.000000    0.000000  0.000000  0.000000
   H  -8.282184  -5.591425   0.000000    0.000000  0.000000  0.000000
   H  -6.116625   6.819427   0.000000    0.000000  0.000000  0.000000
   H  -3.672757   6.787431   0.000000    0.000000  0.000000  0.000000
   H  -1.225580   6.778408   0.000000    0.000000 -0.000000  0.000000
   H   1.225580   6.778408   0.000000    0.000000 -0.000000  0.000000
   H   3.672757   6.787431   0.000000    0.000000  0.000000  0.000000
   H   6.116625   6.819427   0.000000   -0.000000  0.000000  0.000000
   H  -6.116625  -6.819427   0.000000    0.000000  0.000000  0.000000
   H  -3.672757  -6.787431   0.000000    0.000000  0.000000  0.000000
   H  -1.225580  -6.778408   0.000000    0.000000  0.000000  0.000000
   H   1.225580  -6.778408   0.000000    0.000000  0.000000  0.000000
   H   3.672757  -6.787431   0.000000    0.000000  0.000000  0.000000
   H   6.116625  -6.819427   0.000000   -0.000000  0.000000  0.000000
converged SCF energy = -3017.91544571101
--------------- RKS_Scanner gradients ---------------
         x                y                z
0 C    -0.0052571461    -0.0020867075    -0.0000000000
1 C    -0.0030228453     0.0004419679    -0.0000000000
2 C     0.0045826299    -0.0057767639    -0.0000000000
3 C    -0.0009534952     0.0023154697    -0.0000000000
4 C    -0.0028735346    -0.0034710358     0.0000000000
5 C     0.0002968425    -0.0043790475     0.0000000000
6 C     0.0023738072     0.0005587336     0.0000000000
7 C     0.0030603809    -0.0019502139    -0.0000000000
8 C     0.0080937966     0.0021700942    -0.0000000000
9 C     0.0031472593    -0.0030673311    -0.0000000000
10 C     0.0003643509    -0.0007858198    -0.0000000000
11 C    -0.0021312576     0.0004554179     0.0000000000
12 C     0.0039870437    -0.0020475500     0.0000000000
13 C     0.0024355443    -0.0006303280     0.0000000000
14 C     0.0218322227     0.0036914714     0.0000000000
15 C     0.0005886621    -0.0037665474     0.0000000000
16 C     0.0014742433    -0.0002210188    -0.0000000000
17 C     0.0000342018     0.0014808204    -0.0000000000
18 C     0.0034877922    -0.0024106108    -0.0000000000
19 C     0.0042703634    -0.0029418209     0.0000000000
20 C     0.0206099900    -0.0195380214     0.0000000000
21 C    -0.0015338489    -0.0057437363    -0.0000000000
22 C    -0.0005177844     0.0070990194    -0.0000000000
23 C     0.0037378189    -0.0033672098    -0.0000000000
24 C     0.0003769912    -0.0026723088    -0.0000000000
25 C     0.0128339032     0.0075351544    -0.0000000000
26 C    -0.0047794958    -0.0025138239    -0.0000000000
27 C    -0.0056200532    -0.0103449251     0.0000000000
28 C    -0.0151546763    -0.0069993919     0.0000000000
29 C     0.0043288953     0.0099045765    -0.0000000000
30 C     0.0002114641    -0.0012090453    -0.0000000000
31 C     0.0039857884    -0.0093410695    -0.0000000000
32 C    -0.0022144089     0.0174334860    -0.0000000000
33 C    -0.0132308717    -0.0054577749    -0.0000000000
34 C     0.0035294506    -0.0077871551    -0.0000000000
35 C    -0.0001078838    -0.0074449992    -0.0000000000
36 C     0.0025956100    -0.0007282029    -0.0000000000
37 C    -0.0105140688    -0.0059043503     0.0000000000
38 C     0.0011018692    -0.0023289435    -0.0000000000
39 C    -0.0044812853     0.0039099865     0.0000000000
40 C     0.0031688009     0.0027179379    -0.0000000000
41 C    -0.0025550443    -0.0003338715     0.0000000000
42 C    -0.0004283958     0.0051619664     0.0000000000
43 C    -0.0031067271    -0.0002878501     0.0000000000
44 C    -0.0039412553     0.0032030882     0.0000000000
45 C    -0.0047270752     0.0014361401     0.0000000000
46 C     0.0016276453     0.0063565736    -0.0000000000
47 C     0.0019305845    -0.0009671332    -0.0000000000
48 C    -0.0037843623     0.0016419094    -0.0000000000
49 C    -0.0015641036    -0.0007986554    -0.0000000000
50 C    -0.0159983989     0.0046034595    -0.0000000000
51 C    -0.0028656770    -0.0016486191     0.0000000000
52 C     0.0007140948     0.0018096308     0.0000000000
53 C     0.0010644984     0.0015743704     0.0000000000
54 C    -0.0036657300     0.0006077910    -0.0000000000
55 C    -0.0007857358    -0.0015125251    -0.0000000000
56 C    -0.0412427127     0.0032993431    -0.0000000000
57 C    -0.0014411394     0.0020362033    -0.0000000000
58 C     0.0018210354    -0.0017319187     0.0000000000
59 C    -0.0029558851     0.0017337798     0.0000000000
60 C    -0.0034054446     0.0016170536     0.0000000000
61 C    -0.0117574141    -0.0001056363     0.0000000000
62 N    -0.0042968625    -0.0228642762    -0.0000000000
63 C     0.0034563264     0.0051628509     0.0000000000
64 C    -0.0072514302    -0.0052928760     0.0000000000
65 C    -0.0016570053     0.0115167492     0.0000000000
66 C     0.0005353085    -0.0067477323     0.0000000000
67 C    -0.0070583338    -0.0152717689     0.0000000000
68 C     0.0252332999     0.0006753758     0.0000000000
69 C     0.0074460335     0.0036354083    -0.0000000000
70 N     0.0052993533     0.0029080628     0.0000000000
71 C    -0.0046610169     0.0102976960     0.0000000000
72 C     0.0017418759     0.0056348246     0.0000000000
73 C    -0.0042255697    -0.0084346542     0.0000000000
74 C     0.0187488039    -0.0004563292     0.0000000000
75 C     0.0065021911     0.0036077190     0.0000000000
76 C     0.0028143017     0.0013605874     0.0000000000
77 C     0.0080283983     0.0019689806     0.0000000000
78 H     0.0056828595     0.0026902281     0.0000000000
79 H     0.0057273401    -0.0034169257    -0.0000000000
80 H     0.0057238129     0.0030367957     0.0000000000
81 H     0.0061618422    -0.0027932509    -0.0000000000
82 H     0.0068300840     0.0023467022     0.0000000000
83 H     0.0050543345    -0.0028766471    -0.0000000000
84 H    -0.0050202664     0.0028126534     0.0000000000
85 H    -0.0055659722    -0.0029199356    -0.0000000000
86 H    -0.0055328666     0.0029949683     0.0000000000
87 H    -0.0056424303    -0.0029467093     0.0000000000
88 H    -0.0054964016     0.0029516573    -0.0000000000
89 H    -0.0049759162    -0.0028404736    -0.0000000000
90 H     0.0002748563     0.0058820577    -0.0000000000
91 H    -0.0000127958     0.0059567165    -0.0000000000
92 H    -0.0000630421     0.0059959507    -0.0000000000
93 H     0.0000838883     0.0055398081     0.0000000000
94 H    -0.0001303623     0.0617973925     0.0000000000
95 H    -0.0004646661     0.0052691657    -0.0000000000
96 H     0.0002401425    -0.0058879468     0.0000000000
97 H    -0.0001001201    -0.0060802864    -0.0000000000
98 H    -0.0002208948    -0.0064182178    -0.0000000000
99 H    -0.0011935688    -0.0073283209     0.0000000000
100 H     0.0000493884    -0.0072378545     0.0000000000
101 H     0.0008839340    -0.0067703460    -0.0000000000
----------------------------------------------
cycle 1: E = -3017.91544571  dE = -3017.92  norm(grad) = 0.114908

Geometry optimization cycle 2
Cartesian coordinates (Angstrom)
 Atom        New coordinates             dX        dY        dZ
   C  -7.255532   5.020974   0.000000    0.082693 -0.021785  0.000000
   C  -7.306915   0.693986   0.000000    0.058313  0.002847  0.000000
   C  -6.120487   2.879006   0.000000    0.053155 -0.010408  0.000000
   C  -4.848414   4.990031   0.000000    0.061676 -0.029586  0.000000
   C  -7.309098  -3.602287   0.000000    0.048953  0.040348  0.000000
   C  -6.129783  -1.416393   0.000000    0.043692  0.015392  0.000000
   C  -4.904206   0.713380   0.000000    0.035862 -0.003308  0.000000
   C  -3.663984   2.842443   0.000000    0.030861 -0.017868  0.000000
   C  -2.415521   4.969644   0.000000    0.041702 -0.036071  0.000000
   C  -6.094249  -5.676846   0.000000    0.044266  0.050400  0.000000
   C  -4.894079  -3.553449   0.000000    0.034135  0.026622  0.000000
   C  -3.674170  -1.419772  -0.000000    0.023999  0.005799 -0.000000
   C  -2.458822   0.707980  -0.000000    0.012957 -0.008560 -0.000000
   C  -1.223363   2.829229   0.000000    0.007342 -0.022678  0.000000
   C   0.023546   4.966261   0.000000    0.023546 -0.036907  0.000000
   C  -3.647869  -5.650050  -0.000000    0.031097  0.044003 -0.000000
   C  -2.448992  -3.543978  -0.000000    0.017023  0.016944 -0.000000
   C  -1.229654  -1.424801  -0.000000    0.002769 -0.001594 -0.000000
   C  -0.011943   0.699538  -0.000000   -0.011943 -0.016271 -0.000000
   C   1.206464   2.810656   0.000000   -0.024241 -0.041251  0.000000
   C   2.407468   4.918127   0.000000   -0.049756 -0.087588  0.000000
   C  -1.205410  -5.649365  -0.000000    0.020924  0.035715 -0.000000
   C   0.005933  -3.545131  -0.000000    0.005933  0.011947 -0.000000
   C   1.211817  -1.424391  -0.000000   -0.020606 -0.001184 -0.000000
   C   2.440815   0.690272  -0.000000   -0.030964 -0.026267 -0.000000
   C   3.655347   2.811805   0.000000   -0.039498 -0.048507  0.000000
   C   4.862295   4.941659   0.000000   -0.047795 -0.077958  0.000000
   C   1.239927  -5.629000  -0.000000    0.013593  0.056080 -0.000000
   C   2.463051  -3.531416  -0.000000   -0.002963  0.029506 -0.000000
   C   3.658970  -1.431219  -0.000000   -0.039199 -0.005648 -0.000000
   C   4.887224   0.700984   0.000000   -0.052845 -0.015705  0.000000
   C   6.126144   2.869645   0.000000   -0.047498 -0.019769  0.000000
   C   7.224135   4.994263   0.000000   -0.114091 -0.048496  0.000000
   C   3.671221  -5.644342  -0.000000   -0.007745  0.049710 -0.000000
   C   4.878742  -3.525906   0.000000   -0.049472  0.054165  0.000000
   C   6.118940  -1.402657   0.000000   -0.054534  0.029128  0.000000
   C   7.294698   0.695410   0.000000   -0.070530  0.004271  0.000000
   C   6.096314  -5.627308   0.000000   -0.042201  0.099938  0.000000
   C   7.290845  -3.566617   0.000000   -0.067206  0.076018  0.000000
   C  -7.290158   3.627977   0.000000    0.067893 -0.014659  0.000000
   C  -6.065839   5.698691   0.000000    0.072676 -0.028554  0.000000
   C  -7.310277  -0.679215   0.000000    0.054951  0.011924  0.000000
   C  -6.124043   1.427161   0.000000    0.049432 -0.004624  0.000000
   C  -4.880588   3.562173   0.000000    0.047626 -0.017898  0.000000
   C  -3.622050   5.655760   0.000000    0.056916 -0.038292  0.000000
   C  -7.282234  -4.994766   0.000000    0.055991  0.047994  0.000000
   C  -6.129426  -2.866365   0.000000    0.044216  0.023048  0.000000
   C  -4.905682  -0.709483   0.000000    0.034387  0.007206  0.000000
   C  -3.669737   1.415964   0.000000    0.028432 -0.009607  0.000000
   C  -2.442688   3.537476   0.000000    0.023326 -0.023447  0.000000
   C  -1.181049   5.639067   0.000000    0.045285 -0.046013  0.000000
   C  -4.869669  -4.979812   0.000000    0.040421  0.039805  0.000000
   C  -3.668493  -2.844781  -0.000000    0.026352  0.015530 -0.000000
   C  -2.457782  -0.717756  -0.000000    0.013998 -0.001217 -0.000000
   C  -1.227231   1.409106  -0.000000    0.005192 -0.014101 -0.000000
   C  -0.001079   3.529867   0.000000   -0.001079 -0.027212  0.000000
   C   1.260391   5.649595   0.000000    0.034057 -0.035484  0.000000
   C  -2.429103  -4.977648  -0.000000    0.028121  0.028067 -0.000000
   C  -1.220758  -2.842818  -0.000000    0.009947  0.009089 -0.000000
   C  -0.007558  -0.721862  -0.000000   -0.007558 -0.006053 -0.000000
   C   1.214158   1.393094  -0.000000   -0.018265 -0.030113 -0.000000
   C   2.439223   3.496295   0.000000   -0.026792 -0.064628  0.000000
   N   3.630113   5.533462   0.000000   -0.048853 -0.160590  0.000000
   C   0.010776  -4.976749  -0.000000    0.010776  0.026419 -0.000000
   C   1.230939  -2.838290  -0.000000    0.000235  0.013617 -0.000000
   C   2.443533  -0.735430  -0.000000   -0.028246 -0.018890 -0.000000
   C   3.654540   1.398402  -0.000000   -0.043629 -0.027169 -0.000000
   C   4.887496   3.535609   0.000000   -0.040718 -0.044461  0.000000
   C   6.028555   5.687598   0.000000   -0.109961 -0.039648  0.000000
   C   2.455931  -4.963219  -0.000000   -0.001293  0.042496 -0.000000
   N   3.659882  -2.836493  -0.000000   -0.034963  0.023819 -0.000000
   C   4.890586  -0.722394  -0.000000   -0.049482 -0.005705 -0.000000
   C   6.107484   1.419520   0.000000   -0.065990 -0.012265  0.000000
   C   7.306472   3.616001   0.000000   -0.051579 -0.026634  0.000000
   C   4.859775  -4.947037   0.000000   -0.050316  0.072580  0.000000
   C   6.105901  -2.840119   0.000000   -0.067741  0.049294  0.000000
   C   7.302364  -0.676188   0.000000   -0.062864  0.014951  0.000000
   C   7.284416  -4.956199   0.000000   -0.053809  0.086560  0.000000
   H   8.147255   5.559161   0.000000   -0.134929 -0.032264  0.000000
   H   8.276839   3.142300   0.000000   -0.048902  0.001194  0.000000
   H   8.243863   1.211037   0.000000   -0.082852  0.006375  0.000000
   H   8.253376  -1.187530   0.000000   -0.073339  0.017131  0.000000
   H   8.238878  -3.051217   0.000000   -0.086862  0.089889  0.000000
   H   8.221919  -5.498268   0.000000   -0.060265  0.093156  0.000000
   H  -8.188453   5.571076   0.000000    0.093731 -0.020349  0.000000
   H  -8.252874   3.137668   0.000000    0.072867 -0.003438  0.000000
   H  -8.259154   1.204520   0.000000    0.067561 -0.000142  0.000000
   H  -8.264204  -1.186348   0.000000    0.062511  0.018313  0.000000
   H  -8.267783  -3.103988   0.000000    0.057958  0.037118  0.000000
   H  -8.217803  -5.540428   0.000000    0.064381  0.050997  0.000000
   H  -6.042408   6.781819   0.000000    0.074217 -0.037608  0.000000
   H  -3.611326   6.739946   0.000000    0.061431 -0.047485  0.000000
   H  -1.174776   6.723161   0.000000    0.050803 -0.055246  0.000000
   H   1.294865   6.733861   0.000000    0.069285 -0.044547  0.000000
   H   3.619726   6.531805   0.000000   -0.053031 -0.255626  0.000000
   H   5.988004   6.771152   0.000000   -0.128621 -0.048275  0.000000
   H  -6.077658  -6.760092   0.000000    0.038967  0.059334  0.000000
   H  -3.645921  -6.734099   0.000000    0.026835  0.053332  0.000000
   H  -1.203084  -6.732827  -0.000000    0.022496  0.045580 -0.000000
   H   1.256259  -6.710942  -0.000000    0.030679  0.067466 -0.000000
   H   3.681561  -6.726564  -0.000000    0.008804  0.060867 -0.000000
   H   6.075828  -6.709171   0.000000   -0.040797  0.110256  0.000000
converged SCF energy = -3017.93847991481
