1721280189.9262462

Geometry optimization cycle 1
Cartesian coordinates (Angstrom)
 Atom        New coordinates             dX        dY        dZ
   C  -7.338226   5.042760   0.000000    0.000000  0.000000  0.000000
   C  -7.365228   0.691139   0.000000    0.000000  0.000000  0.000000
   C  -6.173642   2.889413   0.000000    0.000000  0.000000  0.000000
   C  -4.910090   5.019617   0.000000    0.000000  0.000000  0.000000
   C  -7.358051  -3.642635   0.000000    0.000000  0.000000  0.000000
   C  -6.173475  -1.431785   0.000000    0.000000  0.000000  0.000000
   C  -4.940069   0.716689   0.000000    0.000000  0.000000  0.000000
   C  -3.694845   2.860312   0.000000    0.000000  0.000000  0.000000
   C  -2.457224   5.005715   0.000000    0.000000  0.000000  0.000000
   C  -6.138515  -5.727246   0.000000    0.000000  0.000000  0.000000
   C  -4.928214  -3.580071   0.000000    0.000000  0.000000  0.000000
   C  -3.698169  -1.425571   0.000000    0.000000  0.000000  0.000000
   C  -2.471779   0.716540   0.000000    0.000000  0.000000  0.000000
   N  -1.230705   2.851907   0.000000    0.000000 -0.000000  0.000000
   C   0.000000   5.003169   0.000000    0.000000  0.000000  0.000000
   C  -3.678966  -5.694052   0.000000    0.000000  0.000000  0.000000
   C  -2.466015  -3.560923   0.000000    0.000000  0.000000  0.000000
   C  -1.232423  -1.423207   0.000000    0.000000  0.000000  0.000000
   C   0.000000   0.715809   0.000000    0.000000  0.000000  0.000000
   C   1.230705   2.851907   0.000000    0.000000 -0.000000  0.000000
   C   2.457224   5.005715   0.000000    0.000000  0.000000  0.000000
   C  -1.226334  -5.685080   0.000000    0.000000  0.000000  0.000000
   C   0.000000  -3.557079   0.000000    0.000000  0.000000  0.000000
   N   1.232423  -1.423207   0.000000    0.000000  0.000000  0.000000
   C   2.471779   0.716540   0.000000    0.000000  0.000000  0.000000
   C   3.694845   2.860312   0.000000    0.000000  0.000000  0.000000
   N   4.910090   5.019617   0.000000    0.000000  0.000000  0.000000
   C   1.226334  -5.685080   0.000000    0.000000  0.000000  0.000000
   C   2.466015  -3.560923   0.000000    0.000000  0.000000  0.000000
   C   3.698169  -1.425571   0.000000    0.000000  0.000000  0.000000
   N   4.940069   0.716689   0.000000    0.000000  0.000000  0.000000
   C   6.173642   2.889413   0.000000    0.000000  0.000000  0.000000
   C   7.338226   5.042760   0.000000    0.000000  0.000000  0.000000
   C   3.678966  -5.694052   0.000000    0.000000  0.000000  0.000000
   C   4.928214  -3.580071   0.000000    0.000000  0.000000  0.000000
   C   6.173475  -1.431785   0.000000   -0.000000  0.000000  0.000000
   C   7.365228   0.691139   0.000000    0.000000  0.000000  0.000000
   C   6.138515  -5.727246   0.000000    0.000000  0.000000  0.000000
   C   7.358051  -3.642635   0.000000   -0.000000  0.000000  0.000000
   N  -7.358051   3.642635   0.000000    0.000000  0.000000  0.000000
   C  -6.138515   5.727246   0.000000    0.000000  0.000000  0.000000
   C  -7.365228  -0.691139   0.000000    0.000000  0.000000  0.000000
   C  -6.173475   1.431785   0.000000    0.000000  0.000000  0.000000
   C  -4.928214   3.580071   0.000000    0.000000 -0.000000  0.000000
   C  -3.678966   5.694052   0.000000    0.000000  0.000000  0.000000
   C  -7.338226  -5.042760   0.000000    0.000000  0.000000  0.000000
   C  -6.173642  -2.889413   0.000000    0.000000  0.000000  0.000000
   C  -4.940069  -0.716689   0.000000    0.000000  0.000000  0.000000
   C  -3.698169   1.425571   0.000000    0.000000  0.000000  0.000000
   C  -2.466015   3.560923   0.000000    0.000000 -0.000000  0.000000
   C  -1.226334   5.685080   0.000000    0.000000  0.000000  0.000000
   C  -4.910090  -5.019617   0.000000    0.000000  0.000000  0.000000
   C  -3.694845  -2.860312   0.000000    0.000000  0.000000  0.000000
   C  -2.471779  -0.716540   0.000000    0.000000  0.000000  0.000000
   C  -1.232423   1.423207   0.000000    0.000000  0.000000  0.000000
   C   0.000000   3.557079   0.000000    0.000000  0.000000  0.000000
   C   1.226334   5.685080   0.000000    0.000000  0.000000  0.000000
   C  -2.457224  -5.005715   0.000000    0.000000  0.000000  0.000000
   C  -1.230705  -2.851907   0.000000    0.000000  0.000000  0.000000
   C   0.000000  -0.715809   0.000000    0.000000  0.000000  0.000000
   C   1.232423   1.423207   0.000000    0.000000  0.000000  0.000000
   C   2.466015   3.560923   0.000000    0.000000 -0.000000  0.000000
   C   3.678966   5.694052   0.000000    0.000000  0.000000  0.000000
   C   0.000000  -5.003169   0.000000    0.000000  0.000000  0.000000
   C   1.230705  -2.851907   0.000000    0.000000  0.000000  0.000000
   C   2.471779  -0.716540   0.000000    0.000000  0.000000  0.000000
   C   3.698169   1.425571   0.000000    0.000000  0.000000  0.000000
   C   4.928214   3.580071   0.000000    0.000000 -0.000000  0.000000
   N   6.138515   5.727246   0.000000    0.000000  0.000000  0.000000
   C   2.457224  -5.005715   0.000000    0.000000  0.000000  0.000000
   C   3.694845  -2.860312   0.000000    0.000000  0.000000  0.000000
   C   4.940069  -0.716689   0.000000    0.000000  0.000000  0.000000
   C   6.173475   1.431785   0.000000   -0.000000  0.000000  0.000000
   C   7.358051   3.642635   0.000000   -0.000000  0.000000  0.000000
   C   4.910090  -5.019617   0.000000    0.000000  0.000000  0.000000
   C   6.173642  -2.889413   0.000000    0.000000  0.000000  0.000000
   C   7.365228  -0.691139   0.000000    0.000000  0.000000  0.000000
   C   7.338226  -5.042760   0.000000    0.000000  0.000000  0.000000
   H   8.282184   5.591425   0.000000    0.000000 -0.000000  0.000000
   H   8.325741   3.141106   0.000000    0.000000  0.000000  0.000000
   H   8.326715   1.204661   0.000000    0.000000  0.000000  0.000000
   H   8.326715  -1.204661   0.000000    0.000000  0.000000  0.000000
   H   8.325741  -3.141106   0.000000    0.000000  0.000000  0.000000
   H   8.282184  -5.591425   0.000000    0.000000  0.000000  0.000000
   H  -8.282184   5.591425   0.000000    0.000000 -0.000000  0.000000
   H  -8.325741   3.141106   0.000000    0.000000  0.000000  0.000000
   H  -8.326715   1.204661   0.000000    0.000000  0.000000  0.000000
   H  -8.326715  -1.204661   0.000000    0.000000  0.000000  0.000000
   H  -8.325741  -3.141106   0.000000    0.000000  0.000000  0.000000
   H  -8.282184  -5.591425   0.000000    0.000000  0.000000  0.000000
   H  -6.116625   6.819427   0.000000    0.000000  0.000000  0.000000
   H  -3.672757   6.787431   0.000000    0.000000  0.000000  0.000000
   H  -1.225580   6.778408   0.000000    0.000000 -0.000000  0.000000
   H   1.225580   6.778408   0.000000    0.000000 -0.000000  0.000000
   H   3.672757   6.787431   0.000000    0.000000  0.000000  0.000000
   H   6.116625   6.819427   0.000000   -0.000000  0.000000  0.000000
   H  -6.116625  -6.819427   0.000000    0.000000  0.000000  0.000000
   H  -3.672757  -6.787431   0.000000    0.000000  0.000000  0.000000
   H  -1.225580  -6.778408   0.000000    0.000000  0.000000  0.000000
   H   1.225580  -6.778408   0.000000    0.000000  0.000000  0.000000
   H   3.672757  -6.787431   0.000000    0.000000  0.000000  0.000000
   H   6.116625  -6.819427   0.000000   -0.000000  0.000000  0.000000
converged SCF energy = -3084.23069731019
--------------- RKS_Scanner gradients ---------------
         x                y                z
0 C    -0.0275909421     0.0046784442    -0.0000000000
1 C     0.0055477066     0.0084491645     0.0000000000
2 C    -0.0126583671     0.0042268934     0.0000000000
3 C    -0.0352550484    -0.0080995294     0.0000000000
4 C     0.0008793761    -0.0053807678    -0.0000000000
5 C    -0.0090299519     0.0010703416     0.0000000000
6 C    -0.0068605042    -0.0045290670     0.0000000000
7 C    -0.0084515002     0.0178342270     0.0000000000
8 C    -0.0296132701     0.0061223143    -0.0000000000
9 C     0.0059517738    -0.0031604722    -0.0000000000
10 C    -0.0040217779    -0.0045406914     0.0000000000
11 C    -0.0043355539     0.0015218157     0.0000000000
12 C    -0.0122219897    -0.0072603957    -0.0000000000
13 N    -0.0057300000    -0.0044571318    -0.0000000000
14 C    -0.0016861072     0.0130637090     0.0000000000
15 C     0.0037315940    -0.0050121854     0.0000000000
16 C    -0.0121287239    -0.0041793576     0.0000000000
17 C    -0.0141024793     0.0013686757    -0.0000000000
18 C    -0.0041611226     0.0099903096    -0.0000000000
19 C    -0.0067689876     0.0132110906    -0.0000000000
20 C    -0.0040060772     0.0015528421     0.0000000000
21 C     0.0001081180    -0.0079045760     0.0000000000
22 C    -0.0137761967    -0.0116849317     0.0000000000
23 N    -0.0125250952    -0.0119775635     0.0000000000
24 C     0.0070075252    -0.0007968892    -0.0000000000
25 C    -0.0027339925     0.0093954405     0.0000000000
26 N     0.0230327899     0.0463228814    -0.0000000000
27 C    -0.0065806061    -0.0057880664     0.0000000000
28 C    -0.0016155142    -0.0122694330     0.0000000000
29 C     0.0180791219    -0.0158091007     0.0000000000
30 N     0.0107029375     0.0071795321    -0.0000000000
31 C     0.0350511195     0.0513881422    -0.0000000000
32 C     0.0052908916     0.0620819900     0.0000000000
33 C    -0.0144231179    -0.0063657196    -0.0000000000
34 C     0.0106283280    -0.0073398840    -0.0000000000
35 C     0.0246556879    -0.0064942181     0.0000000000
36 C    -0.0040210402     0.0217275120    -0.0000000000
37 C    -0.0126203688    -0.0027405034    -0.0000000000
38 C     0.0035315517    -0.0138437266    -0.0000000000
39 N     0.0330305469     0.0073119824     0.0000000000
40 C     0.0341867474     0.0112262592    -0.0000000000
41 C     0.0042457655    -0.0115450811    -0.0000000000
42 C     0.0035388454    -0.0187500402    -0.0000000000
43 C     0.0212065870     0.0022606120    -0.0000000000
44 C     0.0320070426     0.0081425791    -0.0000000000
45 C    -0.0070342014     0.0008408309     0.0000000000
46 C     0.0053931227     0.0031707243    -0.0000000000
47 C     0.0055613087     0.0007091356    -0.0000000000
48 C     0.0116655058    -0.0089452423    -0.0000000000
49 C    -0.0086794662     0.0026531680    -0.0000000000
50 C     0.0159965719     0.0073020433    -0.0000000000
51 C    -0.0081096349     0.0042494577    -0.0000000000
52 C     0.0096162211    -0.0035655156    -0.0000000000
53 C    -0.0013870106    -0.0046380016     0.0000000000
54 C     0.0111714486    -0.0070318483     0.0000000000
55 C     0.0278922899    -0.0068954469    -0.0000000000
56 C    -0.0048276848     0.0049258770    -0.0000000000
57 C    -0.0027095101     0.0086282663    -0.0000000000
58 C     0.0148510028     0.0035923693     0.0000000000
59 C     0.0042586003    -0.0033526690     0.0000000000
60 C    -0.0137406567    -0.0109851156     0.0000000000
61 C     0.0134763152    -0.0014078793    -0.0000000000
62 C    -0.0231905591     0.0024592002    -0.0000000000
63 C    -0.0007271427     0.0080299891    -0.0000000000
64 C     0.0081499022     0.0033389914    -0.0000000000
65 C     0.0061177903     0.0206090644    -0.0000000000
66 C    -0.0196381538    -0.0012880932    -0.0000000000
67 C    -0.0186885896    -0.0446762054    -0.0000000000
68 N     0.0034716979    -0.0538602041    -0.0000000000
69 C     0.0163570917     0.0062263537     0.0000000000
70 C    -0.0137628685     0.0146819486    -0.0000000000
71 C    -0.0125047261    -0.0058682047    -0.0000000000
72 C     0.0141354394    -0.0425330436     0.0000000000
73 C    -0.0296953409    -0.0618552351     0.0000000000
74 C     0.0155575579     0.0060924574     0.0000000000
75 C    -0.0068872148     0.0055285752     0.0000000000
76 C    -0.0087309145    -0.0221485404    -0.0000000000
77 C     0.0108605927     0.0083943801     0.0000000000
78 H     0.0127133018    -0.0035228810    -0.0000000000
79 H     0.0057517882    -0.0077669002    -0.0000000000
80 H     0.0084754867     0.0017596301     0.0000000000
81 H     0.0063184575    -0.0030651952     0.0000000000
82 H     0.0052726217     0.0029668457     0.0000000000
83 H     0.0048694132    -0.0027821613    -0.0000000000
84 H    -0.0030934929     0.0105761019     0.0000000000
85 H    -0.0557626145    -0.0260299523    -0.0000000000
86 H    -0.0028675000     0.0033797869    -0.0000000000
87 H    -0.0059316881    -0.0028165812    -0.0000000000
88 H    -0.0052599555     0.0029748105     0.0000000000
89 H    -0.0046458350    -0.0027136491    -0.0000000000
90 H     0.0037364446     0.0076970495     0.0000000000
91 H    -0.0006901445     0.0070215612     0.0000000000
92 H     0.0001588632     0.0068966156     0.0000000000
93 H     0.0012760762     0.0071055723    -0.0000000000
94 H    -0.0076605073     0.0093024165    -0.0000000000
95 H     0.0079929287     0.0649714665     0.0000000000
96 H     0.0000423823    -0.0059641350     0.0000000000
97 H    -0.0001253870    -0.0063650192    -0.0000000000
98 H    -0.0004185095    -0.0067463398     0.0000000000
99 H    -0.0000634887    -0.0067767861     0.0000000000
100 H     0.0003416102    -0.0066285392     0.0000000000
101 H    -0.0001628958    -0.0060847948     0.0000000000
----------------------------------------------
cycle 1: E = -3084.23069731  dE = -3084.23  norm(grad) = 0.227063

Geometry optimization cycle 2
