1721292852.8726428

Geometry optimization cycle 1
Cartesian coordinates (Angstrom)
 Atom        New coordinates             dX        dY        dZ
   C  -7.338226   5.042760   0.000000    0.000000  0.000000  0.000000
   C  -7.365228   0.691139   0.000000    0.000000  0.000000  0.000000
   C  -6.173642   2.889413   0.000000    0.000000  0.000000  0.000000
   C  -4.910090   5.019617   0.000000    0.000000  0.000000  0.000000
   C  -7.358051  -3.642635   0.000000    0.000000  0.000000  0.000000
   C  -6.173475  -1.431785   0.000000    0.000000  0.000000  0.000000
   C  -4.940069   0.716689   0.000000    0.000000  0.000000  0.000000
   C  -3.694845   2.860312   0.000000    0.000000  0.000000  0.000000
   C  -2.457224   5.005715   0.000000    0.000000  0.000000  0.000000
   C  -6.138515  -5.727246   0.000000    0.000000  0.000000  0.000000
   C  -4.928214  -3.580071   0.000000    0.000000  0.000000  0.000000
   C  -3.698169  -1.425571   0.000000    0.000000  0.000000  0.000000
   C  -2.471779   0.716540   0.000000    0.000000  0.000000  0.000000
   C  -1.230705   2.851907   0.000000    0.000000 -0.000000  0.000000
   C   0.000000   5.003169   0.000000    0.000000  0.000000  0.000000
   C  -3.678966  -5.694052   0.000000    0.000000  0.000000  0.000000
   C  -2.466015  -3.560923   0.000000    0.000000  0.000000  0.000000
   C  -1.232423  -1.423207   0.000000    0.000000  0.000000  0.000000
   C   0.000000   0.715809   0.000000    0.000000  0.000000  0.000000
   C   1.230705   2.851907   0.000000    0.000000 -0.000000  0.000000
   C   2.457224   5.005715   0.000000    0.000000  0.000000  0.000000
   C  -1.226334  -5.685080   0.000000    0.000000  0.000000  0.000000
   C   0.000000  -3.557079   0.000000    0.000000  0.000000  0.000000
   C   1.232423  -1.423207   0.000000    0.000000  0.000000  0.000000
   C   2.471779   0.716540   0.000000    0.000000  0.000000  0.000000
   C   3.694845   2.860312   0.000000    0.000000  0.000000  0.000000
   C   4.910090   5.019617   0.000000    0.000000  0.000000  0.000000
   C   1.226334  -5.685080   0.000000    0.000000  0.000000  0.000000
   C   2.466015  -3.560923   0.000000    0.000000  0.000000  0.000000
   C   3.698169  -1.425571   0.000000    0.000000  0.000000  0.000000
   C   4.940069   0.716689   0.000000    0.000000  0.000000  0.000000
   C   6.173642   2.889413   0.000000    0.000000  0.000000  0.000000
   C   7.338226   5.042760   0.000000    0.000000  0.000000  0.000000
   C   3.678966  -5.694052   0.000000    0.000000  0.000000  0.000000
   C   4.928214  -3.580071   0.000000    0.000000  0.000000  0.000000
   C   6.173475  -1.431785   0.000000   -0.000000  0.000000  0.000000
   C   7.365228   0.691139   0.000000    0.000000  0.000000  0.000000
   C   6.138515  -5.727246   0.000000    0.000000  0.000000  0.000000
   C   7.358051  -3.642635   0.000000   -0.000000  0.000000  0.000000
   C  -7.358051   3.642635   0.000000    0.000000  0.000000  0.000000
   C  -6.138515   5.727246   0.000000    0.000000  0.000000  0.000000
   C  -7.365228  -0.691139   0.000000    0.000000  0.000000  0.000000
   C  -6.173475   1.431785   0.000000    0.000000  0.000000  0.000000
   C  -4.928214   3.580071   0.000000    0.000000 -0.000000  0.000000
   C  -3.678966   5.694052   0.000000    0.000000  0.000000  0.000000
   C  -7.338226  -5.042760   0.000000    0.000000  0.000000  0.000000
   C  -6.173642  -2.889413   0.000000    0.000000  0.000000  0.000000
   C  -4.940069  -0.716689   0.000000    0.000000  0.000000  0.000000
   C  -3.698169   1.425571   0.000000    0.000000  0.000000  0.000000
   C  -2.466015   3.560923   0.000000    0.000000 -0.000000  0.000000
   C  -1.226334   5.685080   0.000000    0.000000  0.000000  0.000000
   C  -4.910090  -5.019617   0.000000    0.000000  0.000000  0.000000
   C  -3.694845  -2.860312   0.000000    0.000000  0.000000  0.000000
   C  -2.471779  -0.716540   0.000000    0.000000  0.000000  0.000000
   N  -1.232423   1.423207   0.000000    0.000000  0.000000  0.000000
   C   0.000000   3.557079   0.000000    0.000000  0.000000  0.000000
   C   1.226334   5.685080   0.000000    0.000000  0.000000  0.000000
   C  -2.457224  -5.005715   0.000000    0.000000  0.000000  0.000000
   C  -1.230705  -2.851907   0.000000    0.000000  0.000000  0.000000
   C   0.000000  -0.715809   0.000000    0.000000  0.000000  0.000000
   C   1.232423   1.423207   0.000000    0.000000  0.000000  0.000000
   C   2.466015   3.560923   0.000000    0.000000 -0.000000  0.000000
   C   3.678966   5.694052   0.000000    0.000000  0.000000  0.000000
   C   0.000000  -5.003169   0.000000    0.000000  0.000000  0.000000
   C   1.230705  -2.851907   0.000000    0.000000  0.000000  0.000000
   C   2.471779  -0.716540   0.000000    0.000000  0.000000  0.000000
   C   3.698169   1.425571   0.000000    0.000000  0.000000  0.000000
   C   4.928214   3.580071   0.000000    0.000000 -0.000000  0.000000
   N   6.138515   5.727246   0.000000    0.000000  0.000000  0.000000
   C   2.457224  -5.005715   0.000000    0.000000  0.000000  0.000000
   C   3.694845  -2.860312   0.000000    0.000000  0.000000  0.000000
   C   4.940069  -0.716689   0.000000    0.000000  0.000000  0.000000
   C   6.173475   1.431785   0.000000   -0.000000  0.000000  0.000000
   C   7.358051   3.642635   0.000000   -0.000000  0.000000  0.000000
   C   4.910090  -5.019617   0.000000    0.000000  0.000000  0.000000
   C   6.173642  -2.889413   0.000000    0.000000  0.000000  0.000000
   C   7.365228  -0.691139   0.000000    0.000000  0.000000  0.000000
   C   7.338226  -5.042760   0.000000    0.000000  0.000000  0.000000
   H   8.282184   5.591425   0.000000    0.000000 -0.000000  0.000000
   H   8.325741   3.141106   0.000000    0.000000  0.000000  0.000000
   H   8.326715   1.204661   0.000000    0.000000  0.000000  0.000000
   H   8.326715  -1.204661   0.000000    0.000000  0.000000  0.000000
   H   8.325741  -3.141106   0.000000    0.000000  0.000000  0.000000
   H   8.282184  -5.591425   0.000000    0.000000  0.000000  0.000000
   H  -8.282184   5.591425   0.000000    0.000000 -0.000000  0.000000
   H  -8.325741   3.141106   0.000000    0.000000  0.000000  0.000000
   H  -8.326715   1.204661   0.000000    0.000000  0.000000  0.000000
   H  -8.326715  -1.204661   0.000000    0.000000  0.000000  0.000000
   H  -8.325741  -3.141106   0.000000    0.000000  0.000000  0.000000
   H  -8.282184  -5.591425   0.000000    0.000000  0.000000  0.000000
   H  -6.116625   6.819427   0.000000    0.000000  0.000000  0.000000
   H  -3.672757   6.787431   0.000000    0.000000  0.000000  0.000000
   H  -1.225580   6.778408   0.000000    0.000000 -0.000000  0.000000
   H   1.225580   6.778408   0.000000    0.000000 -0.000000  0.000000
   H   3.672757   6.787431   0.000000    0.000000  0.000000  0.000000
   H   6.116625   6.819427   0.000000   -0.000000  0.000000  0.000000
   H  -6.116625  -6.819427   0.000000    0.000000  0.000000  0.000000
   H  -3.672757  -6.787431   0.000000    0.000000  0.000000  0.000000
   H  -1.225580  -6.778408   0.000000    0.000000  0.000000  0.000000
   H   1.225580  -6.778408   0.000000    0.000000  0.000000  0.000000
   H   3.672757  -6.787431   0.000000    0.000000  0.000000  0.000000
   H   6.116625  -6.819427   0.000000   -0.000000  0.000000  0.000000
converged SCF energy = -3017.88845666928
--------------- RKS_Scanner gradients ---------------
         x                y                z
0 C    -0.0081076408    -0.0045656582    -0.0000000000
1 C    -0.0035385438     0.0011916666    -0.0000000000
2 C     0.0085988399    -0.0063704308    -0.0000000000
3 C    -0.0067797243    -0.0012962295    -0.0000000000
4 C    -0.0002256894    -0.0030999401    -0.0000000000
5 C     0.0004214002    -0.0026500199    -0.0000000000
6 C     0.0027659460     0.0046063099     0.0000000000
7 C     0.0091029703    -0.0060732811     0.0000000000
8 C    -0.0024429584    -0.0025604057    -0.0000000000
9 C     0.0035829037    -0.0034208179    -0.0000000000
10 C     0.0039836788    -0.0021283248    -0.0000000000
11 C     0.0010717132    -0.0009472327    -0.0000000000
12 C    -0.0009163107    -0.0092183732     0.0000000000
13 C     0.0007983036     0.0069246503    -0.0000000000
14 C     0.0174041226    -0.0024159508    -0.0000000000
15 C     0.0047624038    -0.0043826529     0.0000000000
16 C     0.0041624116    -0.0008702918    -0.0000000000
17 C     0.0037479315     0.0055452418    -0.0000000000
18 C     0.0131276491    -0.0015373200    -0.0000000000
19 C    -0.0043914864    -0.0023288006    -0.0000000000
20 C     0.0271297984    -0.0020846376     0.0000000000
21 C     0.0060512260    -0.0070521805     0.0000000000
22 C    -0.0019499122     0.0045909661    -0.0000000000
23 C    -0.0028198142    -0.0033636029    -0.0000000000
24 C     0.0055383925     0.0069071484    -0.0000000000
25 C     0.0054520687     0.0036288594    -0.0000000000
26 C     0.0207126441    -0.0243464792     0.0000000000
27 C    -0.0028635866    -0.0074444881     0.0000000000
28 C    -0.0000385399     0.0014651277    -0.0000000000
29 C     0.0013145866     0.0042286418    -0.0000000000
30 C     0.0027658365    -0.0001583050     0.0000000000
31 C     0.0312305261     0.0135050024    -0.0000000000
32 C     0.0136200572     0.0310002879    -0.0000000000
33 C    -0.0069268180    -0.0048211547     0.0000000000
34 C    -0.0025484555    -0.0028198170    -0.0000000000
35 C     0.0053337501     0.0016100994    -0.0000000000
36 C    -0.0029724400     0.0069903145    -0.0000000000
37 C    -0.0035515243    -0.0036956581     0.0000000000
38 C    -0.0024641790    -0.0023288620    -0.0000000000
39 C    -0.0052765048     0.0079311656     0.0000000000
40 C     0.0067788862     0.0024267493     0.0000000000
41 C    -0.0022886480    -0.0009691916     0.0000000000
42 C    -0.0023087940     0.0047278028     0.0000000000
43 C    -0.0074251264     0.0026392010     0.0000000000
44 C     0.0029634910     0.0050154680     0.0000000000
45 C    -0.0046316207     0.0003293944     0.0000000000
46 C    -0.0010031490     0.0069356209     0.0000000000
47 C     0.0015173370    -0.0018284267    -0.0000000000
48 C    -0.0153838452     0.0005773551    -0.0000000000
49 C    -0.0025317603     0.0095257490     0.0000000000
50 C    -0.0080753614     0.0054613018     0.0000000000
51 C    -0.0053803832    -0.0002408217     0.0000000000
52 C    -0.0014178571     0.0011228439     0.0000000000
53 C    -0.0086297719    -0.0019577013     0.0000000000
54 N    -0.0048985107     0.0022699161     0.0000000000
55 C     0.0025901683     0.0083634635     0.0000000000
56 C    -0.0223529585     0.0069185801    -0.0000000000
57 C    -0.0073480417     0.0050400259     0.0000000000
58 C     0.0037996011    -0.0059669466     0.0000000000
59 C     0.0036216718    -0.0090138692     0.0000000000
60 C     0.0047109115    -0.0041562546     0.0000000000
61 C     0.0029690511     0.0014957545     0.0000000000
62 C    -0.0415851553     0.0008441311    -0.0000000000
63 C    -0.0038129770     0.0053782911     0.0000000000
64 C    -0.0009782147    -0.0025441358     0.0000000000
65 C     0.0020358410    -0.0017020677     0.0000000000
66 C    -0.0052233851    -0.0052278362     0.0000000000
67 C    -0.0222427794     0.0083251206     0.0000000000
68 N    -0.0016181279    -0.0230627101    -0.0000000000
69 C     0.0084558363     0.0052777597     0.0000000000
70 C    -0.0038461178    -0.0015996746     0.0000000000
71 C    -0.0023953151    -0.0016332469    -0.0000000000
72 C     0.0046512807    -0.0100421748     0.0000000000
73 C    -0.0176009518    -0.0430971445     0.0000000000
74 C     0.0074549160     0.0010854620     0.0000000000
75 C     0.0019633538     0.0039211590     0.0000000000
76 C    -0.0033594554    -0.0081594929     0.0000000000
77 C     0.0040219670    -0.0009051054     0.0000000000
78 H     0.0105027279    -0.0021779055     0.0000000000
79 H     0.0054914169    -0.0070752988    -0.0000000000
80 H     0.0051082765     0.0032602213     0.0000000000
81 H     0.0059732123    -0.0029467609    -0.0000000000
82 H     0.0053456163     0.0030941561     0.0000000000
83 H     0.0048481546    -0.0029170540     0.0000000000
84 H    -0.0050225686     0.0027586206     0.0000000000
85 H    -0.0057555571    -0.0028755381    -0.0000000000
86 H    -0.0058000449     0.0028352957     0.0000000000
87 H    -0.0058904514    -0.0028257304    -0.0000000000
88 H    -0.0054368531     0.0030323794    -0.0000000000
89 H    -0.0049014679    -0.0028785378    -0.0000000000
90 H     0.0001935511     0.0060502553    -0.0000000000
91 H    -0.0004234321     0.0065290912     0.0000000000
92 H    -0.0000810491     0.0066095281     0.0000000000
93 H     0.0003839541     0.0066100980     0.0000000000
94 H     0.0002569627     0.0056949485     0.0000000000
95 H    -0.0008524882     0.0612816117     0.0000000000
96 H     0.0001624926    -0.0059457226     0.0000000000
97 H    -0.0001421807    -0.0062765048    -0.0000000000
98 H    -0.0000939467    -0.0066066699    -0.0000000000
99 H     0.0000886282    -0.0066749539    -0.0000000000
100 H     0.0001357496    -0.0063758704    -0.0000000000
101 H    -0.0001525275    -0.0059601801     0.0000000000
----------------------------------------------
cycle 1: E = -3017.88845667  dE = -3017.89  norm(grad) = 0.134061

Geometry optimization cycle 2
Cartesian coordinates (Angstrom)
 Atom        New coordinates             dX        dY        dZ
   C  -7.249431   5.004431   0.000000    0.088795 -0.038328  0.000000
   C  -7.291133   0.695942   0.000000    0.074095  0.004803  0.000000
   C  -6.116406   2.869337   0.000000    0.057236 -0.020077  0.000000
   C  -4.848389   4.981421   0.000000    0.061701 -0.038196  0.000000
   C  -7.328372  -3.575441   0.000000    0.029679  0.067194  0.000000
   C  -6.125561  -1.409560   0.000000    0.047914  0.022225  0.000000
   C  -4.883978   0.710948   0.000000    0.056091 -0.005740  0.000000
   C  -3.665164   2.833082   0.000000    0.029681 -0.027230  0.000000
   C  -2.419302   4.949233   0.000000    0.037922 -0.056482  0.000000
   C  -6.115347  -5.652259   0.000000    0.023168  0.074987  0.000000
   C  -4.905336  -3.542150   0.000000    0.022878  0.037920  0.000000
   C  -3.668298  -1.410690  -0.000000    0.029871  0.014881 -0.000000
   C  -2.440437   0.709421  -0.000000    0.031342 -0.007119 -0.000000
   C  -1.223444   2.802001  -0.000000    0.007260 -0.049906 -0.000000
   C  -0.006757   4.940496   0.000000   -0.006757 -0.062673  0.000000
   C  -3.664925  -5.640287   0.000000    0.014041  0.053766  0.000000
   C  -2.460339  -3.538627  -0.000000    0.005676  0.022296 -0.000000
   C  -1.230222  -1.425582  -0.000000    0.002201 -0.002375 -0.000000
   C  -0.018990   0.700618  -0.000000   -0.018990 -0.015191 -0.000000
   C   1.216478   2.822139  -0.000000   -0.014226 -0.029768 -0.000000
   C   2.434174   4.968790   0.000000   -0.023050 -0.036925  0.000000
   C  -1.218854  -5.639109  -0.000000    0.007480  0.045970 -0.000000
   C  -0.000237  -3.545664  -0.000000   -0.000237  0.011415 -0.000000
   C   1.213509  -1.417150  -0.000000   -0.018914  0.006058 -0.000000
   C   2.425774   0.695550  -0.000000   -0.046005 -0.020990 -0.000000
   C   3.642883   2.818006  -0.000000   -0.051962 -0.042305 -0.000000
   C   4.799713   4.934717   0.000000   -0.110377 -0.084900  0.000000
   C   1.233625  -5.649390  -0.000000    0.007291  0.035689 -0.000000
   C   2.455446  -3.539478  -0.000000   -0.010569  0.021444 -0.000000
   C   3.663478  -1.421046  -0.000000   -0.034690  0.004525 -0.000000
   C   4.884053   0.709476  -0.000000   -0.056016 -0.007213 -0.000000
   C   6.111108   2.854426   0.000000   -0.062533 -0.034987  0.000000
   C   7.220717   4.968949   0.000000   -0.117508 -0.073811  0.000000
   C   3.678083  -5.640726   0.000000   -0.000883  0.053326  0.000000
   C   4.913597  -3.537701  -0.000000   -0.014617  0.042369 -0.000000
   C   6.123489  -1.408428   0.000000   -0.049986  0.023357  0.000000
   C   7.304273   0.700193   0.000000   -0.060955  0.009054  0.000000
   C   6.124898  -5.647844   0.000000   -0.013617  0.079401  0.000000
   C   7.343059  -3.570501   0.000000   -0.014992  0.072134  0.000000
   C  -7.288430   3.609149   0.000000    0.069621 -0.033486  0.000000
   C  -6.067436   5.690940   0.000000    0.071079 -0.036306  0.000000
   C  -7.306701  -0.675423   0.000000    0.058527  0.015716  0.000000
   C  -6.104468   1.421020   0.000000    0.069007 -0.010765  0.000000
   C  -4.876826   3.553320   0.000000    0.051388 -0.026751  0.000000
   C  -3.626368   5.638378   0.000000    0.052598 -0.055674  0.000000
   C  -7.302152  -4.966793   0.000000    0.036074  0.075967  0.000000
   C  -6.136813  -2.855243   0.000000    0.036828  0.034170  0.000000
   C  -4.898659  -0.705913  -0.000000    0.041409  0.010776 -0.000000
   C  -3.645781   1.411107   0.000000    0.052388 -0.014464  0.000000
   C  -2.439425   3.511581   0.000000    0.026590 -0.049342  0.000000
   C  -1.202328   5.626842   0.000000    0.024007 -0.058237  0.000000
   C  -4.882944  -4.967716   0.000000    0.027146  0.051901  0.000000
   C  -3.675513  -2.835131  -0.000000    0.019332  0.025180 -0.000000
   C  -2.445292  -0.712267  -0.000000    0.026487  0.004273 -0.000000
   N  -1.221324   1.397972  -0.000000    0.011099 -0.025236 -0.000000
   C  -0.009103   3.503629   0.000000   -0.009103 -0.053450  0.000000
   C   1.221725   5.617370   0.000000   -0.004609 -0.067709  0.000000
   C  -2.439799  -4.972741  -0.000000    0.017425  0.032974 -0.000000
   C  -1.228346  -2.840105  -0.000000    0.002359  0.011802 -0.000000
   C  -0.013046  -0.714207  -0.000000   -0.013046  0.001602 -0.000000
   C   1.199859   1.406588  -0.000000   -0.032564 -0.016619 -0.000000
   C   2.434484   3.530300  -0.000000   -0.031531 -0.030622 -0.000000
   C   3.657936   5.672112   0.000000   -0.021030 -0.021941  0.000000
   C   0.012434  -4.981903  -0.000000    0.012434  0.021265 -0.000000
   C   1.222272  -2.837482  -0.000000   -0.008432  0.014425 -0.000000
   C   2.441321  -0.721168  -0.000000   -0.030458 -0.004629 -0.000000
   C   3.647449   1.402373  -0.000000   -0.050720 -0.023197 -0.000000
   C   4.878137   3.512468   0.000000   -0.050077 -0.067603  0.000000
   N   6.018105   5.575925   0.000000   -0.120410 -0.151321  0.000000
   C   2.450354  -4.974848  -0.000000   -0.006869  0.030867 -0.000000
   C   3.679439  -2.840635  -0.000000   -0.015406  0.019676 -0.000000
   C   4.894104  -0.709536  -0.000000   -0.045965  0.007153 -0.000000
   C   6.107924   1.424058   0.000000   -0.065551 -0.007727  0.000000
   C   7.308327   3.623003   0.000000   -0.049724 -0.019632  0.000000
   C   4.892193  -4.963140   0.000000   -0.017898  0.056477  0.000000
   C   6.147981  -2.851000   0.000000   -0.025661  0.038413  0.000000
   C   7.308632  -0.666190   0.000000   -0.056596  0.024949  0.000000
   C   7.312327  -4.961051   0.000000   -0.025899  0.081709  0.000000
   H   8.097112   5.599427   0.000000   -0.185072  0.008002  0.000000
   H   8.289401   3.177283   0.000000   -0.036340  0.036177  0.000000
   H   8.255340   1.213705   0.000000   -0.071375  0.009044  0.000000
   H   8.262177  -1.173098   0.000000   -0.064538  0.031563  0.000000
   H   8.299207  -3.067130   0.000000   -0.026534  0.073976  0.000000
   H   8.248547  -5.505812   0.000000   -0.033637  0.085612  0.000000
   H  -8.183666   5.552373   0.000000    0.098518 -0.039051  0.000000
   H  -8.249712   3.116528   0.000000    0.076029 -0.024578  0.000000
   H  -8.238337   1.215251   0.000000    0.088378  0.010589  0.000000
   H  -8.261405  -1.180568   0.000000    0.065310  0.024093  0.000000
   H  -8.283750  -3.070780   0.000000    0.041990  0.070326  0.000000
   H  -8.238849  -5.510652   0.000000    0.043335  0.080772  0.000000
   H  -6.047982   6.773891   0.000000    0.068644 -0.045536  0.000000
   H  -3.609634   6.721612   0.000000    0.063123 -0.065819  0.000000
   H  -1.195599   6.709991   0.000000    0.029981 -0.068417  0.000000
   H   1.213259   6.700506   0.000000   -0.012320 -0.077902  0.000000
   H   3.684309   6.756434   0.000000    0.011552 -0.030997  0.000000
   H   5.989246   6.574003   0.000000   -0.127380 -0.245424  0.000000
   H  -6.105257  -6.735499   0.000000    0.011368  0.083927  0.000000
   H  -3.667025  -6.724035   0.000000    0.005732  0.063397  0.000000
   H  -1.224174  -6.722272   0.000000    0.001406  0.056136  0.000000
   H   1.237176  -6.732455  -0.000000    0.011596  0.045953 -0.000000
   H   3.683717  -6.724309   0.000000    0.010961  0.063122  0.000000
   H   6.115064  -6.731066   0.000000   -0.001561  0.088360  0.000000
converged SCF energy = -3017.91389026676
--------------- RKS_Scanner gradients ---------------
         x                y                z
0 C     0.0031795013    -0.0051133238     0.0000000000
1 C     0.0013209296     0.0003542929    -0.0000000000
2 C     0.0032807605    -0.0011479947    -0.0000000000
3 C    -0.0021915183    -0.0008529949    -0.0000000000
4 C    -0.0028956389     0.0019283365    -0.0000000000
5 C    -0.0000927679     0.0000083521    -0.0000000000
6 C     0.0024109392     0.0025862923    -0.0000000000
7 C     0.0010971792    -0.0039816114    -0.0000000000
8 C     0.0011716036     0.0000315876    -0.0000000000
9 C     0.0000521432     0.0022600576     0.0000000000
10 C     0.0000417406    -0.0014705748     0.0000000000
11 C     0.0002884482     0.0010753105    -0.0000000000
12 C     0.0004789647    -0.0024757704    -0.0000000000
13 C    -0.0018218474     0.0008141790    -0.0000000000
14 C     0.0034381595    -0.0002313732    -0.0000000000
15 C     0.0005496339     0.0029987951     0.0000000000
16 C    -0.0017376298    -0.0014237294     0.0000000000
17 C    -0.0008994798     0.0022661423     0.0000000000
18 C     0.0037666774    -0.0020227066    -0.0000000000
19 C    -0.0008135205    -0.0004555993    -0.0000000000
20 C     0.0169093649    -0.0035754758     0.0000000000
21 C     0.0008338326     0.0031804844     0.0000000000
22 C    -0.0031592742     0.0003003843     0.0000000000
23 C    -0.0015116861     0.0005638585    -0.0000000000
24 C    -0.0007302245     0.0015530940    -0.0000000000
25 C    -0.0014260045     0.0071885693     0.0000000000
26 C    -0.0176156334    -0.0124626839     0.0000000000
27 C     0.0001000815    -0.0000075287     0.0000000000
28 C    -0.0000679646     0.0008363670    -0.0000000000
29 C    -0.0013187816     0.0009481307    -0.0000000000
30 C    -0.0003357838    -0.0007398876    -0.0000000000
31 C     0.0101741147     0.0055815897    -0.0000000000
32 C     0.0003531264     0.0070025520     0.0000000000
33 C    -0.0013574827     0.0001040214     0.0000000000
34 C     0.0002548065     0.0007117826    -0.0000000000
35 C     0.0008311824    -0.0002203230    -0.0000000000
36 C    -0.0014398137     0.0029039504     0.0000000000
37 C    -0.0006768273     0.0006662956     0.0000000000
38 C     0.0029080470     0.0017488560    -0.0000000000
39 C    -0.0036573078     0.0019172500    -0.0000000000
40 C     0.0024309533     0.0025165852     0.0000000000
41 C    -0.0007169798    -0.0012030648     0.0000000000
42 C    -0.0001095966    -0.0000373784     0.0000000000
43 C    -0.0026457036     0.0020935467     0.0000000000
44 C     0.0013517781    -0.0000642130     0.0000000000
45 C     0.0025438173     0.0013581500    -0.0000000000
46 C     0.0012058860    -0.0005350739    -0.0000000000
47 C    -0.0000180453    -0.0002772392     0.0000000000
48 C     0.0000402983     0.0003416080     0.0000000000
49 C    -0.0008551102    -0.0003655630     0.0000000000
50 C    -0.0024392173     0.0018412065     0.0000000000
51 C     0.0002645717    -0.0013027254    -0.0000000000
52 C    -0.0012024608     0.0002097649    -0.0000000000
53 C     0.0002279767     0.0010684686     0.0000000000
54 N     0.0000371826     0.0007409199     0.0000000000
55 C     0.0017675991    -0.0020426296     0.0000000000
56 C    -0.0076060961    -0.0017660038    -0.0000000000
57 C     0.0006034173    -0.0011688010    -0.0000000000
58 C     0.0017546400    -0.0011488101    -0.0000000000
59 C    -0.0013299517    -0.0015261221     0.0000000000
60 C    -0.0052432131     0.0018702326     0.0000000000
61 C    -0.0019442457     0.0011674761    -0.0000000000
62 C    -0.0016811865     0.0133229962    -0.0000000000
63 C     0.0031306138    -0.0016773164    -0.0000000000
64 C     0.0005211080    -0.0010686117     0.0000000000
65 C     0.0027173176    -0.0011522274     0.0000000000
66 C     0.0000090549    -0.0024939319     0.0000000000
67 C     0.0042945092     0.0009653687    -0.0000000000
68 N    -0.0045786832    -0.0094515331     0.0000000000
69 C     0.0020156398     0.0005063685    -0.0000000000
70 C     0.0008382260    -0.0030708374     0.0000000000
71 C    -0.0016126548     0.0003571892     0.0000000000
72 C     0.0003275138    -0.0027735317     0.0000000000
73 C    -0.0049177838    -0.0030416277     0.0000000000
74 C     0.0001000820     0.0011916186    -0.0000000000
75 C     0.0021926990    -0.0024047128     0.0000000000
76 C    -0.0028162685    -0.0022511520     0.0000000000
77 C    -0.0032840441     0.0012367658    -0.0000000000
78 H     0.0007854200    -0.0029152404     0.0000000000
79 H     0.0007907523     0.0013823007    -0.0000000000
80 H     0.0003744732    -0.0005673665     0.0000000000
81 H     0.0001407242     0.0001655017    -0.0000000000
82 H     0.0006035791     0.0007113140     0.0000000000
83 H    -0.0003243001     0.0007837452     0.0000000000
84 H     0.0007979028    -0.0003324707     0.0000000000
85 H     0.0001322629    -0.0008782015     0.0000000000
86 H     0.0001403702    -0.0000921358     0.0000000000
87 H    -0.0000850870    -0.0004022057    -0.0000000000
88 H    -0.0004317161     0.0007637681     0.0000000000
89 H     0.0002583741     0.0007066371     0.0000000000
90 H     0.0001347777    -0.0000091112    -0.0000000000
91 H    -0.0002288992    -0.0004518014    -0.0000000000
92 H     0.0003571321    -0.0001223885    -0.0000000000
93 H     0.0012209557    -0.0008481059     0.0000000000
94 H     0.0008004827     0.0016178665     0.0000000000
95 H    -0.0009626001    -0.0068547188    -0.0000000000
96 H     0.0003276484     0.0005346352    -0.0000000000
97 H     0.0001203568     0.0007321162     0.0000000000
98 H     0.0001188020     0.0010275586     0.0000000000
99 H     0.0001949936     0.0006327985    -0.0000000000
100 H     0.0000667516     0.0005721624    -0.0000000000
101 H    -0.0004098688     0.0004860140    -0.0000000000
----------------------------------------------
cycle 2: E = -3017.91389027  dE = -0.0254336  norm(grad) = 0.0438228

Geometry optimization cycle 3
