1721293054.1500998

Geometry optimization cycle 1
Cartesian coordinates (Angstrom)
 Atom        New coordinates             dX        dY        dZ
   C  -7.338226   5.042760   0.000000    0.000000  0.000000  0.000000
   C  -7.365228   0.691139   0.000000    0.000000  0.000000  0.000000
   C  -6.173642   2.889413   0.000000    0.000000  0.000000  0.000000
   C  -4.910090   5.019617   0.000000    0.000000  0.000000  0.000000
   C  -7.358051  -3.642635   0.000000    0.000000  0.000000  0.000000
   C  -6.173475  -1.431785   0.000000    0.000000  0.000000  0.000000
   C  -4.940069   0.716689   0.000000    0.000000  0.000000  0.000000
   C  -3.694845   2.860312   0.000000    0.000000  0.000000  0.000000
   C  -2.457224   5.005715   0.000000    0.000000  0.000000  0.000000
   C  -6.138515  -5.727246   0.000000    0.000000  0.000000  0.000000
   C  -4.928214  -3.580071   0.000000    0.000000  0.000000  0.000000
   C  -3.698169  -1.425571   0.000000    0.000000  0.000000  0.000000
   C  -2.471779   0.716540   0.000000    0.000000  0.000000  0.000000
   C  -1.230705   2.851907   0.000000    0.000000 -0.000000  0.000000
   C   0.000000   5.003169   0.000000    0.000000  0.000000  0.000000
   C  -3.678966  -5.694052   0.000000    0.000000  0.000000  0.000000
   C  -2.466015  -3.560923   0.000000    0.000000  0.000000  0.000000
   C  -1.232423  -1.423207   0.000000    0.000000  0.000000  0.000000
   C   0.000000   0.715809   0.000000    0.000000  0.000000  0.000000
   C   1.230705   2.851907   0.000000    0.000000 -0.000000  0.000000
   C   2.457224   5.005715   0.000000    0.000000  0.000000  0.000000
   C  -1.226334  -5.685080   0.000000    0.000000  0.000000  0.000000
   C   0.000000  -3.557079   0.000000    0.000000  0.000000  0.000000
   C   1.232423  -1.423207   0.000000    0.000000  0.000000  0.000000
   C   2.471779   0.716540   0.000000    0.000000  0.000000  0.000000
   N   3.694845   2.860312   0.000000    0.000000  0.000000  0.000000
   C   4.910090   5.019617   0.000000    0.000000  0.000000  0.000000
   C   1.226334  -5.685080   0.000000    0.000000  0.000000  0.000000
   C   2.466015  -3.560923   0.000000    0.000000  0.000000  0.000000
   C   3.698169  -1.425571   0.000000    0.000000  0.000000  0.000000
   C   4.940069   0.716689   0.000000    0.000000  0.000000  0.000000
   C   6.173642   2.889413   0.000000    0.000000  0.000000  0.000000
   C   7.338226   5.042760   0.000000    0.000000  0.000000  0.000000
   C   3.678966  -5.694052   0.000000    0.000000  0.000000  0.000000
   C   4.928214  -3.580071   0.000000    0.000000  0.000000  0.000000
   C   6.173475  -1.431785   0.000000   -0.000000  0.000000  0.000000
   C   7.365228   0.691139   0.000000    0.000000  0.000000  0.000000
   C   6.138515  -5.727246   0.000000    0.000000  0.000000  0.000000
   C   7.358051  -3.642635   0.000000   -0.000000  0.000000  0.000000
   C  -7.358051   3.642635   0.000000    0.000000  0.000000  0.000000
   C  -6.138515   5.727246   0.000000    0.000000  0.000000  0.000000
   C  -7.365228  -0.691139   0.000000    0.000000  0.000000  0.000000
   C  -6.173475   1.431785   0.000000    0.000000  0.000000  0.000000
   C  -4.928214   3.580071   0.000000    0.000000 -0.000000  0.000000
   C  -3.678966   5.694052   0.000000    0.000000  0.000000  0.000000
   C  -7.338226  -5.042760   0.000000    0.000000  0.000000  0.000000
   C  -6.173642  -2.889413   0.000000    0.000000  0.000000  0.000000
   C  -4.940069  -0.716689   0.000000    0.000000  0.000000  0.000000
   C  -3.698169   1.425571   0.000000    0.000000  0.000000  0.000000
   C  -2.466015   3.560923   0.000000    0.000000 -0.000000  0.000000
   C  -1.226334   5.685080   0.000000    0.000000  0.000000  0.000000
   C  -4.910090  -5.019617   0.000000    0.000000  0.000000  0.000000
   C  -3.694845  -2.860312   0.000000    0.000000  0.000000  0.000000
   C  -2.471779  -0.716540   0.000000    0.000000  0.000000  0.000000
   N  -1.232423   1.423207   0.000000    0.000000  0.000000  0.000000
   C   0.000000   3.557079   0.000000    0.000000  0.000000  0.000000
   C   1.226334   5.685080   0.000000    0.000000  0.000000  0.000000
   N  -2.457224  -5.005715   0.000000    0.000000  0.000000  0.000000
   C  -1.230705  -2.851907   0.000000    0.000000  0.000000  0.000000
   C   0.000000  -0.715809   0.000000    0.000000  0.000000  0.000000
   N   1.232423   1.423207   0.000000    0.000000  0.000000  0.000000
   C   2.466015   3.560923   0.000000    0.000000 -0.000000  0.000000
   C   3.678966   5.694052   0.000000    0.000000  0.000000  0.000000
   C   0.000000  -5.003169   0.000000    0.000000  0.000000  0.000000
   C   1.230705  -2.851907   0.000000    0.000000  0.000000  0.000000
   C   2.471779  -0.716540   0.000000    0.000000  0.000000  0.000000
   C   3.698169   1.425571   0.000000    0.000000  0.000000  0.000000
   C   4.928214   3.580071   0.000000    0.000000 -0.000000  0.000000
   C   6.138515   5.727246   0.000000    0.000000  0.000000  0.000000
   C   2.457224  -5.005715   0.000000    0.000000  0.000000  0.000000
   C   3.694845  -2.860312   0.000000    0.000000  0.000000  0.000000
   C   4.940069  -0.716689   0.000000    0.000000  0.000000  0.000000
   C   6.173475   1.431785   0.000000   -0.000000  0.000000  0.000000
   C   7.358051   3.642635   0.000000   -0.000000  0.000000  0.000000
   C   4.910090  -5.019617   0.000000    0.000000  0.000000  0.000000
   C   6.173642  -2.889413   0.000000    0.000000  0.000000  0.000000
   C   7.365228  -0.691139   0.000000    0.000000  0.000000  0.000000
   C   7.338226  -5.042760   0.000000    0.000000  0.000000  0.000000
   H   8.282184   5.591425   0.000000    0.000000 -0.000000  0.000000
   H   8.325741   3.141106   0.000000    0.000000  0.000000  0.000000
   H   8.326715   1.204661   0.000000    0.000000  0.000000  0.000000
   H   8.326715  -1.204661   0.000000    0.000000  0.000000  0.000000
   H   8.325741  -3.141106   0.000000    0.000000  0.000000  0.000000
   H   8.282184  -5.591425   0.000000    0.000000  0.000000  0.000000
   H  -8.282184   5.591425   0.000000    0.000000 -0.000000  0.000000
   H  -8.325741   3.141106   0.000000    0.000000  0.000000  0.000000
   H  -8.326715   1.204661   0.000000    0.000000  0.000000  0.000000
   H  -8.326715  -1.204661   0.000000    0.000000  0.000000  0.000000
   H  -8.325741  -3.141106   0.000000    0.000000  0.000000  0.000000
   H  -8.282184  -5.591425   0.000000    0.000000  0.000000  0.000000
   H  -6.116625   6.819427   0.000000    0.000000  0.000000  0.000000
   H  -3.672757   6.787431   0.000000    0.000000  0.000000  0.000000
   H  -1.225580   6.778408   0.000000    0.000000 -0.000000  0.000000
   H   1.225580   6.778408   0.000000    0.000000 -0.000000  0.000000
   H   3.672757   6.787431   0.000000    0.000000  0.000000  0.000000
   H   6.116625   6.819427   0.000000   -0.000000  0.000000  0.000000
   H  -6.116625  -6.819427   0.000000    0.000000  0.000000  0.000000
   H  -3.672757  -6.787431   0.000000    0.000000  0.000000  0.000000
   H  -1.225580  -6.778408   0.000000    0.000000  0.000000  0.000000
   H   1.225580  -6.778408   0.000000    0.000000  0.000000  0.000000
   H   3.672757  -6.787431   0.000000    0.000000  0.000000  0.000000
   H   6.116625  -6.819427   0.000000   -0.000000  0.000000  0.000000
converged SCF energy = -3051.04732466443
--------------- RKS_Scanner gradients ---------------
         x                y                z
0 C    -0.0100589177    -0.0091115735    -0.0000000000
1 C    -0.0016137607     0.0036561541    -0.0000000000
2 C     0.0127891861    -0.0066265150    -0.0000000000
3 C    -0.0128144452    -0.0048769081    -0.0000000000
4 C     0.0016430776     0.0002482940    -0.0000000000
5 C    -0.0037266918    -0.0046505210     0.0000000000
6 C     0.0056182015     0.0059383289     0.0000000000
7 C     0.0159700085    -0.0077669332     0.0000000000
8 C    -0.0122882513    -0.0044216677    -0.0000000000
9 C    -0.0023541046     0.0003502258    -0.0000000000
10 C     0.0088705220     0.0015070131     0.0000000000
11 C    -0.0051598786    -0.0021507463     0.0000000000
12 C     0.0031042174    -0.0077087612     0.0000000000
13 C    -0.0007185964    -0.0049726586    -0.0000000000
14 C     0.0006396042    -0.0006101132    -0.0000000000
15 C    -0.0160878892    -0.0171713951     0.0000000000
16 C     0.0060705276     0.0108146725     0.0000000000
17 C     0.0115698171     0.0042736788     0.0000000000
18 C    -0.0155238227    -0.0036660732    -0.0000000000
19 C    -0.0389635617    -0.0036999601    -0.0000000000
20 C     0.0034718500    -0.0054953058    -0.0000000000
21 C     0.0296992530    -0.0180336188     0.0000000000
22 C    -0.0001944196     0.0022611275    -0.0000000000
23 C    -0.0039599949    -0.0001562205     0.0000000000
24 C     0.0002242464    -0.0134055109    -0.0000000000
25 N    -0.0212680337     0.0064752900    -0.0000000000
26 C     0.0098163953     0.0018782606    -0.0000000000
27 C     0.0144254148    -0.0027843636     0.0000000000
28 C    -0.0010153514     0.0002852952     0.0000000000
29 C    -0.0008654280    -0.0026389837     0.0000000000
30 C    -0.0057074276    -0.0050150321    -0.0000000000
31 C     0.0066561377    -0.0036917594     0.0000000000
32 C     0.0053848524     0.0003327235    -0.0000000000
33 C     0.0045680846    -0.0036841508     0.0000000000
34 C     0.0007608660     0.0000262438     0.0000000000
35 C    -0.0002412380    -0.0050658568    -0.0000000000
36 C     0.0017400118    -0.0011615734    -0.0000000000
37 C    -0.0037202067    -0.0030831043     0.0000000000
38 C     0.0018581636    -0.0043807019    -0.0000000000
39 C    -0.0079359057     0.0121959417     0.0000000000
40 C     0.0110827846     0.0021900062     0.0000000000
41 C    -0.0002071079    -0.0023570410    -0.0000000000
42 C    -0.0051198277     0.0060213502    -0.0000000000
43 C    -0.0140813463     0.0067675897    -0.0000000000
44 C     0.0112848547     0.0039583922     0.0000000000
45 C    -0.0050114106    -0.0047376011     0.0000000000
46 C    -0.0017336376     0.0060041627     0.0000000000
47 C     0.0070198693    -0.0006116477    -0.0000000000
48 C    -0.0200871896     0.0048981907    -0.0000000000
49 C    -0.0100668864     0.0131961780    -0.0000000000
50 C     0.0037047446     0.0041605595     0.0000000000
51 C    -0.0064288082    -0.0081549817     0.0000000000
52 C    -0.0039954550     0.0086231283    -0.0000000000
53 C    -0.0063076365    -0.0017008656    -0.0000000000
54 N    -0.0035169515     0.0011792670     0.0000000000
55 C     0.0159064659     0.0143745413     0.0000000000
56 C    -0.0033019014     0.0061196504     0.0000000000
57 N    -0.0085181309     0.0149724126    -0.0000000000
58 C    -0.0052234636     0.0039797016     0.0000000000
59 C    -0.0024847843    -0.0221863190    -0.0000000000
60 N     0.0293513111     0.0123802394     0.0000000000
61 C     0.0208923733     0.0258256781    -0.0000000000
62 C    -0.0024471700     0.0033809278     0.0000000000
63 C    -0.0088536450    -0.0049256682    -0.0000000000
64 C    -0.0008541825    -0.0019481353    -0.0000000000
65 C     0.0013405920    -0.0032039108    -0.0000000000
66 C     0.0172575989    -0.0203212075     0.0000000000
67 C     0.0090822637     0.0097064732    -0.0000000000
68 C    -0.0058822164     0.0060981248     0.0000000000
69 C    -0.0086156289     0.0012947255    -0.0000000000
70 C    -0.0007692646     0.0002321187    -0.0000000000
71 C     0.0023439559     0.0008143738     0.0000000000
72 C     0.0026435809     0.0068848996     0.0000000000
73 C     0.0013821716    -0.0006474907     0.0000000000
74 C     0.0022243637    -0.0007534251    -0.0000000000
75 C    -0.0044921618     0.0066696749     0.0000000000
76 C     0.0041044196    -0.0007449422     0.0000000000
77 C     0.0063191577     0.0004981942     0.0000000000
78 H     0.0050738134     0.0029234468     0.0000000000
79 H     0.0068894111    -0.0022698173    -0.0000000000
80 H     0.0062429356     0.0026704659     0.0000000000
81 H     0.0058581540    -0.0028581327    -0.0000000000
82 H     0.0055036541     0.0030133192     0.0000000000
83 H     0.0048491074    -0.0028107974    -0.0000000000
84 H    -0.0051080971     0.0026949855     0.0000000000
85 H    -0.0057321370    -0.0028034568    -0.0000000000
86 H    -0.0057862776     0.0029603097     0.0000000000
87 H    -0.0057788177    -0.0029619195    -0.0000000000
88 H    -0.0058702661     0.0030598283     0.0000000000
89 H    -0.0052898395    -0.0027026750    -0.0000000000
90 H     0.0002626086     0.0060724594     0.0000000000
91 H    -0.0003275414     0.0065237437    -0.0000000000
92 H    -0.0003219145     0.0067800030    -0.0000000000
93 H    -0.0007119423     0.0074517912    -0.0000000000
94 H     0.0004204564     0.0072814212    -0.0000000000
95 H     0.0009106354     0.0066766844    -0.0000000000
96 H     0.0004830960    -0.0058766611     0.0000000000
97 H    -0.0085653738    -0.0098012374    -0.0000000000
98 H     0.0086397905    -0.0097577871     0.0000000000
99 H    -0.0002112782    -0.0061741381     0.0000000000
100 H     0.0000905603    -0.0062724384    -0.0000000000
101 H    -0.0001203159    -0.0059832475    -0.0000000000
----------------------------------------------
cycle 1: E = -3051.04732466  dE = -3051.05  norm(grad) = 0.120702

Geometry optimization cycle 2
Cartesian coordinates (Angstrom)
 Atom        New coordinates             dX        dY        dZ
   C  -7.239168   5.000719   0.000000    0.099057 -0.042041  0.000000
   C  -7.290374   0.679474   0.000000    0.074854 -0.011665  0.000000
   C  -6.107049   2.859650   0.000000    0.066593 -0.029764  0.000000
   C  -4.837670   4.977164  -0.000000    0.072420 -0.042453 -0.000000
   C  -7.298823  -3.626184   0.000000    0.059228  0.016451  0.000000
   C  -6.124106  -1.419684   0.000000    0.049369  0.012101  0.000000
   C  -4.883193   0.703381  -0.000000    0.056875 -0.013308 -0.000000
   C  -3.655979   2.827424  -0.000000    0.038866 -0.032888 -0.000000
   C  -2.410473   4.944197  -0.000000    0.046750 -0.061518 -0.000000
   C  -6.021996  -5.697435   0.000000    0.116519  0.029810  0.000000
   C  -4.892403  -3.539227   0.000000    0.035811  0.040843  0.000000
   C  -3.663385  -1.400551  -0.000000    0.034784  0.025020 -0.000000
   C  -2.434933   0.714881  -0.000000    0.036846 -0.001659 -0.000000
   C  -1.210931   2.802670  -0.000000    0.019774 -0.049237 -0.000000
   C  -0.005075   4.910912  -0.000000   -0.005075 -0.092257 -0.000000
   C  -3.591117  -5.581570   0.000000    0.087849  0.112482  0.000000
   C  -2.444818  -3.494027  -0.000000    0.021197  0.066896 -0.000000
   C  -1.227395  -1.395702  -0.000000    0.005028  0.027505 -0.000000
   C   0.002082   0.711723  -0.000000    0.002082 -0.004086 -0.000000
   C   1.245592   2.798145  -0.000000    0.014887 -0.053762 -0.000000
   C   2.421029   4.915828  -0.000000   -0.036195 -0.089887 -0.000000
   C  -1.255932  -5.551853  -0.000000   -0.029598  0.133227 -0.000000
   C   0.006280  -3.498123  -0.000000    0.006280  0.058956 -0.000000
   C   1.218972  -1.388736  -0.000000   -0.013451  0.034472 -0.000000
   C   2.424717   0.728042  -0.000000   -0.047062  0.011503 -0.000000
   N   3.671356   2.819858  -0.000000   -0.023489 -0.040454 -0.000000
   C   4.833794   4.944560   0.000000   -0.076296 -0.075057  0.000000
   C   1.182963  -5.621436  -0.000000   -0.043371  0.063644 -0.000000
   C   2.443453  -3.518253  -0.000000   -0.022562  0.042670 -0.000000
   C   3.652402  -1.398741  -0.000000   -0.045766  0.026830 -0.000000
   C   4.867212   0.720998  -0.000000   -0.072857  0.004309 -0.000000
   C   6.096967   2.853694   0.000000   -0.076675 -0.035720  0.000000
   C   7.255284   4.980663   0.000000   -0.082942 -0.062096  0.000000
   C   3.625014  -5.641169  -0.000000   -0.053952  0.052883 -0.000000
   C   4.883187  -3.539690  -0.000000   -0.045027  0.040380 -0.000000
   C   6.102123  -1.409110  -0.000000   -0.071352  0.022675 -0.000000
   C   7.280061   0.695372   0.000000   -0.085167  0.004233  0.000000
   C   6.069586  -5.668687   0.000000   -0.068929  0.058559  0.000000
   C   7.303780  -3.591576   0.000000   -0.054271  0.051060  0.000000
   C  -7.274114   3.601545   0.000000    0.083938 -0.041091  0.000000
   C  -6.060302   5.686950   0.000000    0.078214 -0.040296  0.000000
   C  -7.311080  -0.690906   0.000000    0.054147  0.000233  0.000000
   C  -6.102730   1.409598   0.000000    0.070745 -0.022187  0.000000
   C  -4.862828   3.544175  -0.000000    0.065386 -0.035895 -0.000000
   C  -3.622616   5.636733  -0.000000    0.056350 -0.057320 -0.000000
   C  -7.212671  -5.013546   0.000000    0.125555  0.029214  0.000000
   C  -6.130124  -2.867222   0.000000    0.043517  0.022191  0.000000
   C  -4.903366  -0.710507  -0.000000    0.036702  0.006182 -0.000000
   C  -3.640762   1.404608  -0.000000    0.057407 -0.020963 -0.000000
   C  -2.424127   3.505451  -0.000000    0.041888 -0.055472 -0.000000
   C  -1.199669   5.615627  -0.000000    0.026665 -0.069452 -0.000000
   C  -4.829145  -4.955611   0.000000    0.080945  0.064006  0.000000
   C  -3.668325  -2.820882  -0.000000    0.026520  0.039429 -0.000000
   C  -2.446644  -0.698111  -0.000000    0.025135  0.018428 -0.000000
   N  -1.210867   1.401213  -0.000000    0.021555 -0.021994 -0.000000
   C   0.006020   3.476987  -0.000000    0.006020 -0.080092 -0.000000
   C   1.208463   5.582719  -0.000000   -0.017872 -0.102360 -0.000000
   N  -2.429338  -4.893796   0.000000    0.027886  0.111919  0.000000
   C  -1.212849  -2.806138  -0.000000    0.017856  0.045769 -0.000000
   C  -0.003346  -0.684710  -0.000000   -0.003346  0.031099 -0.000000
   N   1.191929   1.399985  -0.000000   -0.040494 -0.023222 -0.000000
   C   2.443656   3.480367  -0.000000   -0.022359 -0.080556 -0.000000
   C   3.620541   5.614968   0.000000   -0.058425 -0.079084  0.000000
   C  -0.010543  -4.922389  -0.000000   -0.010543  0.080779 -0.000000
   C   1.225806  -2.804417  -0.000000   -0.004898  0.047490 -0.000000
   C   2.440223  -0.688831  -0.000000   -0.031557  0.027709 -0.000000
   C   3.631528   1.430702  -0.000000   -0.066641  0.005131 -0.000000
   C   4.868075   3.524893   0.000000   -0.060139 -0.055177  0.000000
   C   6.057435   5.641280   0.000000   -0.081081 -0.085966  0.000000
   C   2.419509  -4.954413  -0.000000   -0.037715  0.051302 -0.000000
   C   3.661661  -2.824055  -0.000000   -0.033184  0.036257 -0.000000
   C   4.878116  -0.699135  -0.000000   -0.061952  0.017553 -0.000000
   C   6.092021   1.414943   0.000000   -0.081454 -0.016842  0.000000
   C   7.275781   3.592014   0.000000   -0.082271 -0.050621  0.000000
   C   4.847715  -4.967776  -0.000000   -0.062375  0.051841 -0.000000
   C   6.123214  -2.858488  -0.000000   -0.050428  0.030926 -0.000000
   C   7.281521  -0.675093   0.000000   -0.083706  0.016046  0.000000
   C   7.255606  -4.983226   0.000000   -0.082620  0.059534  0.000000
   H   8.187291   5.532005   0.000000   -0.094893 -0.059419  0.000000
   H   8.228504   3.085390   0.000000   -0.097237 -0.055716  0.000000
   H   8.227322   1.213585   0.000000   -0.099393  0.008924  0.000000
   H   8.233926  -1.184601   0.000000   -0.092789  0.020060  0.000000
   H   8.265859  -3.099977   0.000000   -0.059882  0.041129  0.000000
   H   8.188056  -5.534574   0.000000   -0.094129  0.056851  0.000000
   H  -8.174084   5.547373   0.000000    0.108100 -0.044051  0.000000
   H  -8.235353   3.108661   0.000000    0.090388 -0.032445  0.000000
   H  -8.237637   1.198526   0.000000    0.089078 -0.006135  0.000000
   H  -8.265956  -1.195836   0.000000    0.060759  0.008825  0.000000
   H  -8.271488  -3.157092   0.000000    0.054252 -0.015986  0.000000
   H  -8.135141  -5.580480   0.000000    0.147043  0.010945  0.000000
   H  -6.042461   6.769892   0.000000    0.074165 -0.049534  0.000000
   H  -3.608583   6.720012  -0.000000    0.064174 -0.067419 -0.000000
   H  -1.183914   6.698421  -0.000000    0.041666 -0.079987 -0.000000
   H   1.212864   6.664585  -0.000000   -0.012716 -0.113823 -0.000000
   H   3.605221   6.697066   0.000000   -0.067536 -0.090365  0.000000
   H   6.023342   6.722943   0.000000   -0.093284 -0.096484  0.000000
   H  -5.986129  -6.780225   0.000000    0.130496  0.039202  0.000000
   H  -3.495711  -6.655746   0.000000    0.177045  0.131685  0.000000
   H  -1.340157  -6.626881   0.000000   -0.114577  0.151527  0.000000
   H   1.166324  -6.705147  -0.000000   -0.059256  0.073261 -0.000000
   H   3.616618  -6.724892  -0.000000   -0.056139  0.062539 -0.000000
   H   6.051880  -6.751773   0.000000   -0.064745  0.067654  0.000000
converged SCF energy = -3051.07981469206
