1721292772.231877

Geometry optimization cycle 1
Cartesian coordinates (Angstrom)
 Atom        New coordinates             dX        dY        dZ
   C  -7.338226   5.042760   0.000000    0.000000  0.000000  0.000000
   C  -7.365228   0.691139   0.000000    0.000000  0.000000  0.000000
   C  -6.173642   2.889413   0.000000    0.000000  0.000000  0.000000
   C  -4.910090   5.019617   0.000000    0.000000  0.000000  0.000000
   C  -7.358051  -3.642635   0.000000    0.000000  0.000000  0.000000
   C  -6.173475  -1.431785   0.000000    0.000000  0.000000  0.000000
   C  -4.940069   0.716689   0.000000    0.000000  0.000000  0.000000
   C  -3.694845   2.860312   0.000000    0.000000  0.000000  0.000000
   C  -2.457224   5.005715   0.000000    0.000000  0.000000  0.000000
   C  -6.138515  -5.727246   0.000000    0.000000  0.000000  0.000000
   C  -4.928214  -3.580071   0.000000    0.000000  0.000000  0.000000
   C  -3.698169  -1.425571   0.000000    0.000000  0.000000  0.000000
   C  -2.471779   0.716540   0.000000    0.000000  0.000000  0.000000
   C  -1.230705   2.851907   0.000000    0.000000 -0.000000  0.000000
   C   0.000000   5.003169   0.000000    0.000000  0.000000  0.000000
   C  -3.678966  -5.694052   0.000000    0.000000  0.000000  0.000000
   C  -2.466015  -3.560923   0.000000    0.000000  0.000000  0.000000
   C  -1.232423  -1.423207   0.000000    0.000000  0.000000  0.000000
   C   0.000000   0.715809   0.000000    0.000000  0.000000  0.000000
   C   1.230705   2.851907   0.000000    0.000000 -0.000000  0.000000
   C   2.457224   5.005715   0.000000    0.000000  0.000000  0.000000
   C  -1.226334  -5.685080   0.000000    0.000000  0.000000  0.000000
   C   0.000000  -3.557079   0.000000    0.000000  0.000000  0.000000
   C   1.232423  -1.423207   0.000000    0.000000  0.000000  0.000000
   C   2.471779   0.716540   0.000000    0.000000  0.000000  0.000000
   C   3.694845   2.860312   0.000000    0.000000  0.000000  0.000000
   C   4.910090   5.019617   0.000000    0.000000  0.000000  0.000000
   C   1.226334  -5.685080   0.000000    0.000000  0.000000  0.000000
   C   2.466015  -3.560923   0.000000    0.000000  0.000000  0.000000
   N   3.698169  -1.425571   0.000000    0.000000  0.000000  0.000000
   C   4.940069   0.716689   0.000000    0.000000  0.000000  0.000000
   C   6.173642   2.889413   0.000000    0.000000  0.000000  0.000000
   C   7.338226   5.042760   0.000000    0.000000  0.000000  0.000000
   C   3.678966  -5.694052   0.000000    0.000000  0.000000  0.000000
   C   4.928214  -3.580071   0.000000    0.000000  0.000000  0.000000
   C   6.173475  -1.431785   0.000000   -0.000000  0.000000  0.000000
   C   7.365228   0.691139   0.000000    0.000000  0.000000  0.000000
   C   6.138515  -5.727246   0.000000    0.000000  0.000000  0.000000
   C   7.358051  -3.642635   0.000000   -0.000000  0.000000  0.000000
   C  -7.358051   3.642635   0.000000    0.000000  0.000000  0.000000
   C  -6.138515   5.727246   0.000000    0.000000  0.000000  0.000000
   C  -7.365228  -0.691139   0.000000    0.000000  0.000000  0.000000
   C  -6.173475   1.431785   0.000000    0.000000  0.000000  0.000000
   C  -4.928214   3.580071   0.000000    0.000000 -0.000000  0.000000
   C  -3.678966   5.694052   0.000000    0.000000  0.000000  0.000000
   C  -7.338226  -5.042760   0.000000    0.000000  0.000000  0.000000
   C  -6.173642  -2.889413   0.000000    0.000000  0.000000  0.000000
   C  -4.940069  -0.716689   0.000000    0.000000  0.000000  0.000000
   C  -3.698169   1.425571   0.000000    0.000000  0.000000  0.000000
   C  -2.466015   3.560923   0.000000    0.000000 -0.000000  0.000000
   C  -1.226334   5.685080   0.000000    0.000000  0.000000  0.000000
   C  -4.910090  -5.019617   0.000000    0.000000  0.000000  0.000000
   C  -3.694845  -2.860312   0.000000    0.000000  0.000000  0.000000
   C  -2.471779  -0.716540   0.000000    0.000000  0.000000  0.000000
   C  -1.232423   1.423207   0.000000    0.000000  0.000000  0.000000
   C   0.000000   3.557079   0.000000    0.000000  0.000000  0.000000
   C   1.226334   5.685080   0.000000    0.000000  0.000000  0.000000
   C  -2.457224  -5.005715   0.000000    0.000000  0.000000  0.000000
   C  -1.230705  -2.851907   0.000000    0.000000  0.000000  0.000000
   C   0.000000  -0.715809   0.000000    0.000000  0.000000  0.000000
   C   1.232423   1.423207   0.000000    0.000000  0.000000  0.000000
   C   2.466015   3.560923   0.000000    0.000000 -0.000000  0.000000
   C   3.678966   5.694052   0.000000    0.000000  0.000000  0.000000
   C   0.000000  -5.003169   0.000000    0.000000  0.000000  0.000000
   N   1.230705  -2.851907   0.000000    0.000000  0.000000  0.000000
   C   2.471779  -0.716540   0.000000    0.000000  0.000000  0.000000
   C   3.698169   1.425571   0.000000    0.000000  0.000000  0.000000
   C   4.928214   3.580071   0.000000    0.000000 -0.000000  0.000000
   C   6.138515   5.727246   0.000000    0.000000  0.000000  0.000000
   C   2.457224  -5.005715   0.000000    0.000000  0.000000  0.000000
   C   3.694845  -2.860312   0.000000    0.000000  0.000000  0.000000
   C   4.940069  -0.716689   0.000000    0.000000  0.000000  0.000000
   C   6.173475   1.431785   0.000000   -0.000000  0.000000  0.000000
   C   7.358051   3.642635   0.000000   -0.000000  0.000000  0.000000
   C   4.910090  -5.019617   0.000000    0.000000  0.000000  0.000000
   C   6.173642  -2.889413   0.000000    0.000000  0.000000  0.000000
   C   7.365228  -0.691139   0.000000    0.000000  0.000000  0.000000
   C   7.338226  -5.042760   0.000000    0.000000  0.000000  0.000000
   H   8.282184   5.591425   0.000000    0.000000 -0.000000  0.000000
   H   8.325741   3.141106   0.000000    0.000000  0.000000  0.000000
   H   8.326715   1.204661   0.000000    0.000000  0.000000  0.000000
   H   8.326715  -1.204661   0.000000    0.000000  0.000000  0.000000
   H   8.325741  -3.141106   0.000000    0.000000  0.000000  0.000000
   H   8.282184  -5.591425   0.000000    0.000000  0.000000  0.000000
   H  -8.282184   5.591425   0.000000    0.000000 -0.000000  0.000000
   H  -8.325741   3.141106   0.000000    0.000000  0.000000  0.000000
   H  -8.326715   1.204661   0.000000    0.000000  0.000000  0.000000
   H  -8.326715  -1.204661   0.000000    0.000000  0.000000  0.000000
   H  -8.325741  -3.141106   0.000000    0.000000  0.000000  0.000000
   H  -8.282184  -5.591425   0.000000    0.000000  0.000000  0.000000
   H  -6.116625   6.819427   0.000000    0.000000  0.000000  0.000000
   H  -3.672757   6.787431   0.000000    0.000000  0.000000  0.000000
   H  -1.225580   6.778408   0.000000    0.000000 -0.000000  0.000000
   H   1.225580   6.778408   0.000000    0.000000 -0.000000  0.000000
   H   3.672757   6.787431   0.000000    0.000000  0.000000  0.000000
   H   6.116625   6.819427   0.000000   -0.000000  0.000000  0.000000
   H  -6.116625  -6.819427   0.000000    0.000000  0.000000  0.000000
   H  -3.672757  -6.787431   0.000000    0.000000  0.000000  0.000000
   H  -1.225580  -6.778408   0.000000    0.000000  0.000000  0.000000
   H   1.225580  -6.778408   0.000000    0.000000  0.000000  0.000000
   H   3.672757  -6.787431   0.000000    0.000000  0.000000  0.000000
   H   6.116625  -6.819427   0.000000   -0.000000  0.000000  0.000000
converged SCF energy = -3017.84843533338
--------------- RKS_Scanner gradients ---------------
         x                y                z
0 C    -0.0033295336     0.0003324034    -0.0000000000
1 C    -0.0011025329     0.0031390391    -0.0000000000
2 C    -0.0026709154    -0.0058355200    -0.0000000000
3 C    -0.0027720067     0.0016379409    -0.0000000000
4 C    -0.0019659367    -0.0037893639    -0.0000000000
5 C    -0.0030842472    -0.0024903601    -0.0000000000
6 C     0.0040311384     0.0013939297     0.0000000000
7 C    -0.0015240639     0.0002209481     0.0000000000
8 C    -0.0082461485    -0.0041370664     0.0000000000
9 C     0.0025827888    -0.0032001560    -0.0000000000
10 C    -0.0015069561    -0.0005719359     0.0000000000
11 C    -0.0028490151     0.0037608664     0.0000000000
12 C    -0.0019638163    -0.0025146845     0.0000000000
13 C     0.0034619267     0.0029689452     0.0000000000
14 C    -0.0077910089    -0.0053539884     0.0000000000
15 C    -0.0008465467    -0.0046473241     0.0000000000
16 C    -0.0079570374     0.0040952821    -0.0000000000
17 C     0.0027710844    -0.0006712251    -0.0000000000
18 C    -0.0067236492     0.0021870065    -0.0000000000
19 C    -0.0026735029     0.0019052881    -0.0000000000
20 C     0.0056507301    -0.0043056639    -0.0000000000
21 C    -0.0020728542    -0.0094901168     0.0000000000
22 C    -0.0263879546    -0.0090437035    -0.0000000000
23 C    -0.0135354914     0.0082372153    -0.0000000000
24 C     0.0018839555     0.0110199117    -0.0000000000
25 C    -0.0058417632     0.0077859300    -0.0000000000
26 C     0.0072189315    -0.0009819979    -0.0000000000
27 C    -0.0076382455    -0.0082908834    -0.0000000000
28 C     0.0000674208    -0.0151843791     0.0000000000
29 N    -0.0000723040    -0.0067605535     0.0000000000
30 C     0.0034858242     0.0067093960    -0.0000000000
31 C     0.0022427951    -0.0064585631     0.0000000000
32 C     0.0052164789     0.0004607109     0.0000000000
33 C    -0.0101933961    -0.0067670257     0.0000000000
34 C     0.0051594480    -0.0091273554     0.0000000000
35 C     0.0160902379    -0.0039530117     0.0000000000
36 C    -0.0006243550     0.0040645742     0.0000000000
37 C    -0.0122165215    -0.0038562231     0.0000000000
38 C     0.0069743938    -0.0135475281    -0.0000000000
39 C    -0.0005774403     0.0015686863     0.0000000000
40 C     0.0016728588     0.0031405214     0.0000000000
41 C    -0.0012464233    -0.0030790015     0.0000000000
42 C    -0.0025184955     0.0026095143     0.0000000000
43 C     0.0046674855     0.0012436638     0.0000000000
44 C     0.0033268863     0.0036174861     0.0000000000
45 C    -0.0052372870     0.0003465988     0.0000000000
46 C     0.0032302314     0.0051684264    -0.0000000000
47 C     0.0040343380    -0.0010228653     0.0000000000
48 C    -0.0027233736    -0.0036316838    -0.0000000000
49 C     0.0026972842     0.0019438332    -0.0000000000
50 C     0.0078683644     0.0055716387     0.0000000000
51 C    -0.0029087914    -0.0005887850     0.0000000000
52 C     0.0062709203    -0.0030518325    -0.0000000000
53 C    -0.0016300076     0.0013189295     0.0000000000
54 C     0.0045799024    -0.0011975365    -0.0000000000
55 C     0.0006224272    -0.0038605392    -0.0000000000
56 C     0.0013933479     0.0076546362    -0.0000000000
57 C     0.0015733357     0.0056703166    -0.0000000000
58 C     0.0028468291    -0.0066001130     0.0000000000
59 C    -0.0003883790     0.0003238666     0.0000000000
60 C     0.0044280692     0.0038132339     0.0000000000
61 C     0.0043339418    -0.0036554252     0.0000000000
62 C    -0.0066567310     0.0051779674     0.0000000000
63 C     0.0024352598     0.0052458053    -0.0000000000
64 N     0.0179021291     0.0109375236     0.0000000000
65 C    -0.0049334440     0.0121901053     0.0000000000
66 C    -0.0012212814    -0.0101346806     0.0000000000
67 C    -0.0051245667     0.0023014069     0.0000000000
68 C    -0.0043318342     0.0037389651     0.0000000000
69 C     0.0087798294     0.0023678018    -0.0000000000
70 C     0.0076667411    -0.0058670520    -0.0000000000
71 C    -0.0005542513     0.0073338940    -0.0000000000
72 C     0.0005419334     0.0031100320    -0.0000000000
73 C    -0.0021476577     0.0039289718    -0.0000000000
74 C     0.0155673905     0.0040296510    -0.0000000000
75 C    -0.0120728351     0.0116292335     0.0000000000
76 C     0.0034597248    -0.0078118002    -0.0000000000
77 C     0.0113345985     0.0082914386    -0.0000000000
78 H     0.0048657465     0.0029707795    -0.0000000000
79 H     0.0054303328    -0.0031248115     0.0000000000
80 H     0.0062704980     0.0028255451     0.0000000000
81 H     0.0068555283    -0.0021945812    -0.0000000000
82 H     0.0061221797     0.0027456039     0.0000000000
83 H     0.0051210849    -0.0027805777     0.0000000000
84 H    -0.0050158623     0.0029292263     0.0000000000
85 H    -0.0054478086    -0.0030503926    -0.0000000000
86 H    -0.0056992496     0.0029520559     0.0000000000
87 H    -0.0057620475    -0.0029234165    -0.0000000000
88 H    -0.0055919705     0.0030009809    -0.0000000000
89 H    -0.0049616907    -0.0028665484    -0.0000000000
90 H     0.0002451917     0.0059197909     0.0000000000
91 H    -0.0001135329     0.0061432024    -0.0000000000
92 H    -0.0001462188     0.0065314321    -0.0000000000
93 H    -0.0000059623     0.0067367155    -0.0000000000
94 H     0.0001416752     0.0065237574    -0.0000000000
95 H    -0.0001060683     0.0060542911    -0.0000000000
96 H     0.0001742258    -0.0060009319     0.0000000000
97 H    -0.0001884821    -0.0063700258    -0.0000000000
98 H    -0.0012542331    -0.0073387579    -0.0000000000
99 H    -0.0003147378    -0.0075481878     0.0000000000
100 H     0.0010288221    -0.0073823913     0.0000000000
101 H     0.0001418234    -0.0064530647    -0.0000000000
----------------------------------------------
cycle 1: E = -3017.84843533  dE = -3017.85  norm(grad) = 0.0839255

Geometry optimization cycle 2
