1721292853.0235958

Geometry optimization cycle 1
Cartesian coordinates (Angstrom)
 Atom        New coordinates             dX        dY        dZ
   C  -7.338226   5.042760   0.000000    0.000000  0.000000  0.000000
   C  -7.365228   0.691139   0.000000    0.000000  0.000000  0.000000
   C  -6.173642   2.889413   0.000000    0.000000  0.000000  0.000000
   C  -4.910090   5.019617   0.000000    0.000000  0.000000  0.000000
   C  -7.358051  -3.642635   0.000000    0.000000  0.000000  0.000000
   C  -6.173475  -1.431785   0.000000    0.000000  0.000000  0.000000
   C  -4.940069   0.716689   0.000000    0.000000  0.000000  0.000000
   C  -3.694845   2.860312   0.000000    0.000000  0.000000  0.000000
   C  -2.457224   5.005715   0.000000    0.000000  0.000000  0.000000
   C  -6.138515  -5.727246   0.000000    0.000000  0.000000  0.000000
   C  -4.928214  -3.580071   0.000000    0.000000  0.000000  0.000000
   C  -3.698169  -1.425571   0.000000    0.000000  0.000000  0.000000
   C  -2.471779   0.716540   0.000000    0.000000  0.000000  0.000000
   C  -1.230705   2.851907   0.000000    0.000000 -0.000000  0.000000
   C   0.000000   5.003169   0.000000    0.000000  0.000000  0.000000
   C  -3.678966  -5.694052   0.000000    0.000000  0.000000  0.000000
   C  -2.466015  -3.560923   0.000000    0.000000  0.000000  0.000000
   C  -1.232423  -1.423207   0.000000    0.000000  0.000000  0.000000
   C   0.000000   0.715809   0.000000    0.000000  0.000000  0.000000
   C   1.230705   2.851907   0.000000    0.000000 -0.000000  0.000000
   C   2.457224   5.005715   0.000000    0.000000  0.000000  0.000000
   C  -1.226334  -5.685080   0.000000    0.000000  0.000000  0.000000
   C   0.000000  -3.557079   0.000000    0.000000  0.000000  0.000000
   C   1.232423  -1.423207   0.000000    0.000000  0.000000  0.000000
   C   2.471779   0.716540   0.000000    0.000000  0.000000  0.000000
   C   3.694845   2.860312   0.000000    0.000000  0.000000  0.000000
   C   4.910090   5.019617   0.000000    0.000000  0.000000  0.000000
   C   1.226334  -5.685080   0.000000    0.000000  0.000000  0.000000
   C   2.466015  -3.560923   0.000000    0.000000  0.000000  0.000000
   C   3.698169  -1.425571   0.000000    0.000000  0.000000  0.000000
   C   4.940069   0.716689   0.000000    0.000000  0.000000  0.000000
   C   6.173642   2.889413   0.000000    0.000000  0.000000  0.000000
   C   7.338226   5.042760   0.000000    0.000000  0.000000  0.000000
   C   3.678966  -5.694052   0.000000    0.000000  0.000000  0.000000
   C   4.928214  -3.580071   0.000000    0.000000  0.000000  0.000000
   C   6.173475  -1.431785   0.000000   -0.000000  0.000000  0.000000
   C   7.365228   0.691139   0.000000    0.000000  0.000000  0.000000
   C   6.138515  -5.727246   0.000000    0.000000  0.000000  0.000000
   C   7.358051  -3.642635   0.000000   -0.000000  0.000000  0.000000
   C  -7.358051   3.642635   0.000000    0.000000  0.000000  0.000000
   C  -6.138515   5.727246   0.000000    0.000000  0.000000  0.000000
   C  -7.365228  -0.691139   0.000000    0.000000  0.000000  0.000000
   C  -6.173475   1.431785   0.000000    0.000000  0.000000  0.000000
   C  -4.928214   3.580071   0.000000    0.000000 -0.000000  0.000000
   C  -3.678966   5.694052   0.000000    0.000000  0.000000  0.000000
   C  -7.338226  -5.042760   0.000000    0.000000  0.000000  0.000000
   C  -6.173642  -2.889413   0.000000    0.000000  0.000000  0.000000
   C  -4.940069  -0.716689   0.000000    0.000000  0.000000  0.000000
   C  -3.698169   1.425571   0.000000    0.000000  0.000000  0.000000
   C  -2.466015   3.560923   0.000000    0.000000 -0.000000  0.000000
   C  -1.226334   5.685080   0.000000    0.000000  0.000000  0.000000
   C  -4.910090  -5.019617   0.000000    0.000000  0.000000  0.000000
   C  -3.694845  -2.860312   0.000000    0.000000  0.000000  0.000000
   C  -2.471779  -0.716540   0.000000    0.000000  0.000000  0.000000
   C  -1.232423   1.423207   0.000000    0.000000  0.000000  0.000000
   C   0.000000   3.557079   0.000000    0.000000  0.000000  0.000000
   C   1.226334   5.685080   0.000000    0.000000  0.000000  0.000000
   C  -2.457224  -5.005715   0.000000    0.000000  0.000000  0.000000
   C  -1.230705  -2.851907   0.000000    0.000000  0.000000  0.000000
   C   0.000000  -0.715809   0.000000    0.000000  0.000000  0.000000
   N   1.232423   1.423207   0.000000    0.000000  0.000000  0.000000
   C   2.466015   3.560923   0.000000    0.000000 -0.000000  0.000000
   C   3.678966   5.694052   0.000000    0.000000  0.000000  0.000000
   C   0.000000  -5.003169   0.000000    0.000000  0.000000  0.000000
   C   1.230705  -2.851907   0.000000    0.000000  0.000000  0.000000
   N   2.471779  -0.716540   0.000000    0.000000  0.000000  0.000000
   C   3.698169   1.425571   0.000000    0.000000  0.000000  0.000000
   C   4.928214   3.580071   0.000000    0.000000 -0.000000  0.000000
   C   6.138515   5.727246   0.000000    0.000000  0.000000  0.000000
   C   2.457224  -5.005715   0.000000    0.000000  0.000000  0.000000
   C   3.694845  -2.860312   0.000000    0.000000  0.000000  0.000000
   C   4.940069  -0.716689   0.000000    0.000000  0.000000  0.000000
   C   6.173475   1.431785   0.000000   -0.000000  0.000000  0.000000
   C   7.358051   3.642635   0.000000   -0.000000  0.000000  0.000000
   C   4.910090  -5.019617   0.000000    0.000000  0.000000  0.000000
   C   6.173642  -2.889413   0.000000    0.000000  0.000000  0.000000
   C   7.365228  -0.691139   0.000000    0.000000  0.000000  0.000000
   C   7.338226  -5.042760   0.000000    0.000000  0.000000  0.000000
   H   8.282184   5.591425   0.000000    0.000000 -0.000000  0.000000
   H   8.325741   3.141106   0.000000    0.000000  0.000000  0.000000
   H   8.326715   1.204661   0.000000    0.000000  0.000000  0.000000
   H   8.326715  -1.204661   0.000000    0.000000  0.000000  0.000000
   H   8.325741  -3.141106   0.000000    0.000000  0.000000  0.000000
   H   8.282184  -5.591425   0.000000    0.000000  0.000000  0.000000
   H  -8.282184   5.591425   0.000000    0.000000 -0.000000  0.000000
   H  -8.325741   3.141106   0.000000    0.000000  0.000000  0.000000
   H  -8.326715   1.204661   0.000000    0.000000  0.000000  0.000000
   H  -8.326715  -1.204661   0.000000    0.000000  0.000000  0.000000
   H  -8.325741  -3.141106   0.000000    0.000000  0.000000  0.000000
   H  -8.282184  -5.591425   0.000000    0.000000  0.000000  0.000000
   H  -6.116625   6.819427   0.000000    0.000000  0.000000  0.000000
   H  -3.672757   6.787431   0.000000    0.000000  0.000000  0.000000
   H  -1.225580   6.778408   0.000000    0.000000 -0.000000  0.000000
   H   1.225580   6.778408   0.000000    0.000000 -0.000000  0.000000
   H   3.672757   6.787431   0.000000    0.000000  0.000000  0.000000
   H   6.116625   6.819427   0.000000   -0.000000  0.000000  0.000000
   H  -6.116625  -6.819427   0.000000    0.000000  0.000000  0.000000
   H  -3.672757  -6.787431   0.000000    0.000000  0.000000  0.000000
   H  -1.225580  -6.778408   0.000000    0.000000  0.000000  0.000000
   H   1.225580  -6.778408   0.000000    0.000000  0.000000  0.000000
   H   3.672757  -6.787431   0.000000    0.000000  0.000000  0.000000
   H   6.116625  -6.819427   0.000000   -0.000000  0.000000  0.000000
converged SCF energy = -3017.83795056341
--------------- RKS_Scanner gradients ---------------
         x                y                z
0 C    -0.0075697986    -0.0053124471    -0.0000000000
1 C    -0.0031228177     0.0006664557    -0.0000000000
2 C     0.0072646780    -0.0060801041     0.0000000000
3 C    -0.0086958498    -0.0022223465    -0.0000000000
4 C    -0.0029870095    -0.0043414043     0.0000000000
5 C     0.0005947756    -0.0038047719     0.0000000000
6 C     0.0022767225     0.0012850862     0.0000000000
7 C     0.0098764478    -0.0025368525     0.0000000000
8 C    -0.0077630302    -0.0051259794    -0.0000000000
9 C     0.0044275495    -0.0028667446    -0.0000000000
10 C    -0.0001686560    -0.0019103272     0.0000000000
11 C    -0.0016989951     0.0007925490     0.0000000000
12 C     0.0060818932     0.0037759653     0.0000000000
13 C     0.0114877623    -0.0070538458     0.0000000000
14 C    -0.0068188878    -0.0065912502    -0.0000000000
15 C     0.0040611206    -0.0035603155     0.0000000000
16 C     0.0017677210    -0.0015548575    -0.0000000000
17 C    -0.0003866873     0.0005270321    -0.0000000000
18 C     0.0067720790    -0.0098703866    -0.0000000000
19 C    -0.0026424925     0.0018504850    -0.0000000000
20 C     0.0151210485    -0.0063059166    -0.0000000000
21 C     0.0045517830    -0.0060422907     0.0000000000
22 C     0.0051113433     0.0002785235    -0.0000000000
23 C    -0.0069012147    -0.0005119810    -0.0000000000
24 C    -0.0067138051    -0.0062182043     0.0000000000
25 C    -0.0090317302    -0.0120385785    -0.0000000000
26 C     0.0148892635    -0.0047004652    -0.0000000000
27 C    -0.0000434478    -0.0073080903     0.0000000000
28 C     0.0003154366     0.0065677607    -0.0000000000
29 C     0.0125893006    -0.0055259505     0.0000000000
30 C    -0.0116471514     0.0038070334    -0.0000000000
31 C    -0.0109621561    -0.0099816850    -0.0000000000
32 C     0.0102473896    -0.0090870030    -0.0000000000
33 C    -0.0115122473    -0.0057641364     0.0000000000
34 C    -0.0052979938    -0.0062956669    -0.0000000000
35 C     0.0043666108     0.0042444384    -0.0000000000
36 C     0.0016264897     0.0061357391    -0.0000000000
37 C    -0.0072348092    -0.0038594305    -0.0000000000
38 C    -0.0008986188    -0.0058724575    -0.0000000000
39 C    -0.0052704281     0.0078950914     0.0000000000
40 C     0.0073190736     0.0025292197     0.0000000000
41 C    -0.0028495199    -0.0004191621    -0.0000000000
42 C    -0.0005218655     0.0044857318    -0.0000000000
43 C    -0.0071411061     0.0044000390    -0.0000000000
44 C     0.0068483528     0.0031748388     0.0000000000
45 C    -0.0053466575     0.0023264383    -0.0000000000
46 C     0.0019061661     0.0063325538    -0.0000000000
47 C     0.0012173921    -0.0013014252    -0.0000000000
48 C    -0.0054150478     0.0016958415    -0.0000000000
49 C    -0.0093732460     0.0036210081    -0.0000000000
50 C     0.0056786387     0.0065428127     0.0000000000
51 C    -0.0051228795    -0.0005717374    -0.0000000000
52 C     0.0015692795     0.0022937202    -0.0000000000
53 C     0.0008341149    -0.0005244848     0.0000000000
54 C    -0.0202174055     0.0031262098    -0.0000000000
55 C    -0.0037559319     0.0104372688     0.0000000000
56 C    -0.0040556840     0.0048650537     0.0000000000
57 C    -0.0061865161     0.0030585049    -0.0000000000
58 C     0.0014529880    -0.0000019327     0.0000000000
59 C    -0.0148367516    -0.0089907171     0.0000000000
60 N    -0.0023312453     0.0160526898     0.0000000000
61 C     0.0018262806     0.0101223334     0.0000000000
62 C    -0.0134125514     0.0062461667     0.0000000000
63 C    -0.0049365203     0.0054160650     0.0000000000
64 C    -0.0068316742    -0.0096044404     0.0000000000
65 N     0.0048268688    -0.0016672932     0.0000000000
66 C     0.0263679031     0.0154609949    -0.0000000000
67 C     0.0088227603     0.0080277120     0.0000000000
68 C    -0.0119631370     0.0032329080     0.0000000000
69 C     0.0085215268     0.0032885645     0.0000000000
70 C     0.0018206140    -0.0062511454     0.0000000000
71 C     0.0040795194    -0.0073936195     0.0000000000
72 C     0.0091399213     0.0048820766     0.0000000000
73 C     0.0065706695     0.0135897351     0.0000000000
74 C     0.0120630556     0.0022079633     0.0000000000
75 C    -0.0013196714     0.0068068922     0.0000000000
76 C     0.0009678245    -0.0052439697     0.0000000000
77 C     0.0067460248     0.0017452552     0.0000000000
78 H     0.0050862286     0.0027798299     0.0000000000
79 H     0.0055837095    -0.0029469220    -0.0000000000
80 H     0.0061082112     0.0027345930     0.0000000000
81 H     0.0065468112    -0.0024920097    -0.0000000000
82 H     0.0055798430     0.0030807732     0.0000000000
83 H     0.0049492614    -0.0029251688    -0.0000000000
84 H    -0.0050445046     0.0027715776     0.0000000000
85 H    -0.0055973069    -0.0029123685    -0.0000000000
86 H    -0.0056825869     0.0029352879     0.0000000000
87 H    -0.0057012796    -0.0029358904     0.0000000000
88 H    -0.0055178092     0.0029763619    -0.0000000000
89 H    -0.0050200847    -0.0028479788    -0.0000000000
90 H     0.0002560266     0.0059997526    -0.0000000000
91 H    -0.0000830866     0.0062518824    -0.0000000000
92 H    -0.0005386610     0.0067834036    -0.0000000000
93 H    -0.0000445180     0.0069735596    -0.0000000000
94 H     0.0004077897     0.0067538962    -0.0000000000
95 H    -0.0001885244     0.0061702970    -0.0000000000
96 H     0.0002516550    -0.0059434095     0.0000000000
97 H    -0.0001135525    -0.0061767692    -0.0000000000
98 H    -0.0003280110    -0.0066070400    -0.0000000000
99 H    -0.0001455134    -0.0069492421     0.0000000000
100 H     0.0002019434    -0.0067637424    -0.0000000000
101 H     0.0000052311    -0.0062136850    -0.0000000000
----------------------------------------------
cycle 1: E = -3017.83795056  dE = -3017.84  norm(grad) = 0.092968

Geometry optimization cycle 2
Cartesian coordinates (Angstrom)
 Atom        New coordinates             dX        dY        dZ
   C  -7.256569   5.003844   0.000000    0.081657 -0.038916  0.000000
   C  -7.296354   0.689853   0.000000    0.068873 -0.001286  0.000000
   C  -6.114973   2.869492   0.000000    0.058669 -0.019921  0.000000
   C  -4.848387   4.985247   0.000000    0.061703 -0.034370  0.000000
   C  -7.305700  -3.600184   0.000000    0.052351  0.042451  0.000000
   C  -6.120377  -1.416651   0.000000    0.053098  0.015134  0.000000
   C  -4.890977   0.710207  -0.000000    0.049092 -0.006482 -0.000000
   C  -3.661133   2.836528  -0.000000    0.033712 -0.023783 -0.000000
   C  -2.419847   4.965699   0.000000    0.037377 -0.040016  0.000000
   C  -6.092444  -5.675697   0.000000    0.046071  0.051549  0.000000
   C  -4.890977  -3.549900   0.000000    0.037237  0.030170  0.000000
   C  -3.662763  -1.415226  -0.000000    0.035406  0.010345 -0.000000
   C  -2.441875   0.706584  -0.000000    0.029905 -0.009955 -0.000000
   C  -1.222122   2.824698  -0.000000    0.008583 -0.027209 -0.000000
   C   0.017639   4.950489  -0.000000    0.017639 -0.052680 -0.000000
   C  -3.647971  -5.644302   0.000000    0.030995  0.049750  0.000000
   C  -2.448451  -3.530704  -0.000000    0.017564  0.030218 -0.000000
   C  -1.211347  -1.407129  -0.000000    0.021076  0.016078 -0.000000
   C   0.001145   0.708240  -0.000000    0.001145 -0.007569 -0.000000
   C   1.219268   2.797806  -0.000000   -0.011437 -0.054101 -0.000000
   C   2.418547   4.943405  -0.000000   -0.038676 -0.062310 -0.000000
   C  -1.211535  -5.631411  -0.000000    0.014799  0.053669 -0.000000
   C  -0.002023  -3.527423  -0.000000   -0.002023  0.029655 -0.000000
   C   1.222723  -1.412289  -0.000000   -0.009700  0.010918 -0.000000
   C   2.435184   0.698366  -0.000000   -0.036595 -0.018173 -0.000000
   C   3.658655   2.825656  -0.000000   -0.036190 -0.034656 -0.000000
   C   4.853794   4.961582  -0.000000   -0.056296 -0.058035 -0.000000
   C   1.226096  -5.637976  -0.000000   -0.000238  0.047104 -0.000000
   C   2.443764  -3.538716  -0.000000   -0.022250  0.022206 -0.000000
   C   3.626520  -1.406989  -0.000000   -0.071649  0.018582 -0.000000
   C   4.867696   0.705238  -0.000000   -0.072372 -0.011451 -0.000000
   C   6.117809   2.857752   0.000000   -0.055832 -0.031661  0.000000
   C   7.261360   4.979352   0.000000   -0.076866 -0.063408  0.000000
   C   3.671985  -5.638685  -0.000000   -0.006981  0.055368 -0.000000
   C   4.891084  -3.527274  -0.000000   -0.037130  0.052797 -0.000000
   C   6.072778  -1.421712   0.000000   -0.100697  0.010073  0.000000
   C   7.261998   0.676394   0.000000   -0.103229 -0.014745  0.000000
   C   6.110476  -5.636516   0.000000   -0.028039  0.090730  0.000000
   C   7.326194  -3.561874   0.000000   -0.031857  0.080761  0.000000
   C  -7.288558   3.608161   0.000000    0.069493 -0.034474  0.000000
   C  -6.072999   5.687314   0.000000    0.065516 -0.039932  0.000000
   C  -7.301762  -0.682509   0.000000    0.063466  0.008630  0.000000
   C  -6.112554   1.420480   0.000000    0.060921 -0.011305  0.000000
   C  -4.874649   3.553678   0.000000    0.053565 -0.026392  0.000000
   C  -3.632519   5.654194   0.000000    0.046447 -0.039858  0.000000
   C  -7.279360  -4.993341   0.000000    0.058866  0.049419  0.000000
   C  -6.125992  -2.864896   0.000000    0.047650  0.024518  0.000000
   C  -4.895198  -0.710032  -0.000000    0.044870  0.006657 -0.000000
   C  -3.655130   1.411062  -0.000000    0.043039 -0.014509 -0.000000
   C  -2.436172   3.530926  -0.000000    0.029842 -0.029997 -0.000000
   C  -1.199864   5.624652   0.000000    0.026471 -0.060428  0.000000
   C  -4.867887  -4.976702   0.000000    0.042204  0.042915  0.000000
   C  -3.668060  -2.837953  -0.000000    0.026785  0.022359 -0.000000
   C  -2.444503  -0.712538  -0.000000    0.027276  0.004001 -0.000000
   C  -1.204707   1.407395  -0.000000    0.027716 -0.015812 -0.000000
   C   0.008305   3.507341  -0.000000    0.008305 -0.049738 -0.000000
   C   1.222247   5.636316  -0.000000   -0.004087 -0.048764 -0.000000
   C  -2.431085  -4.964241  -0.000000    0.026139  0.041474 -0.000000
   C  -1.222785  -2.825059  -0.000000    0.007920  0.026848 -0.000000
   C   0.014847  -0.703671  -0.000000    0.014847  0.012138 -0.000000
   N   1.219597   1.385087  -0.000000   -0.012826 -0.038121 -0.000000
   C   2.435792   3.504320  -0.000000   -0.030222 -0.056602 -0.000000
   C   3.640410   5.620029  -0.000000   -0.038556 -0.074023 -0.000000
   C   0.011246  -4.964787  -0.000000    0.011246  0.038381 -0.000000
   C   1.224705  -2.824810  -0.000000   -0.005999  0.027097 -0.000000
   N   2.426546  -0.707906  -0.000000   -0.045233  0.008633 -0.000000
   C   3.626837   1.397629  -0.000000   -0.071332 -0.027942 -0.000000
   C   4.875485   3.532435  -0.000000   -0.052730 -0.047635 -0.000000
   C   6.081347   5.663903   0.000000   -0.057168 -0.063343  0.000000
   C   2.445760  -4.970791  -0.000000   -0.011464  0.034924 -0.000000
   C   3.654332  -2.826498  -0.000000   -0.040513  0.033814 -0.000000
   C   4.853422  -0.704572  -0.000000   -0.086646  0.012117 -0.000000
   C   6.081956   1.413292   0.000000   -0.091519 -0.018493  0.000000
   C   7.296959   3.580512   0.000000   -0.061092 -0.062123  0.000000
   C   4.874787  -4.953614   0.000000   -0.035303  0.066003  0.000000
   C   6.127263  -2.855902   0.000000   -0.046379  0.033512  0.000000
   C   7.254913  -0.688912   0.000000   -0.110314  0.002227  0.000000
   C   7.296343  -4.953637   0.000000   -0.041883  0.089123  0.000000
   H   8.196005   5.526395   0.000000   -0.086179 -0.065030  0.000000
   H   8.254970   3.081165   0.000000   -0.070771 -0.059941  0.000000
   H   8.214877   1.184490   0.000000   -0.111838 -0.020171  0.000000
   H   8.202534  -1.205885   0.000000   -0.124181 -0.001223  0.000000
   H   8.279045  -3.052939   0.000000   -0.046696  0.088167  0.000000
   H   8.231949  -5.499174   0.000000   -0.050235  0.092251  0.000000
   H  -8.191463   5.550584   0.000000    0.090721 -0.040841  0.000000
   H  -8.248781   3.113068   0.000000    0.076960 -0.028038  0.000000
   H  -8.247179   1.202684   0.000000    0.079536 -0.001977  0.000000
   H  -8.255328  -1.190170   0.000000    0.071387  0.014491  0.000000
   H  -8.264187  -3.101604   0.000000    0.061554  0.039502  0.000000
   H  -8.215076  -5.538622   0.000000    0.067108  0.052803  0.000000
   H  -6.056180   6.770385   0.000000    0.060445 -0.049042  0.000000
   H  -3.624733   6.737952   0.000000    0.048023 -0.049479  0.000000
   H  -1.191362   6.707521   0.000000    0.034218 -0.070887  0.000000
   H   1.227506   6.718913   0.000000    0.001926 -0.059494  0.000000
   H   3.632963   6.703021  -0.000000   -0.039794 -0.084410 -0.000000
   H   6.065590   6.746730   0.000000   -0.051035 -0.072697  0.000000
   H  -6.075572  -6.758854   0.000000    0.041054  0.060573  0.000000
   H  -3.642415  -6.728191   0.000000    0.030342  0.059241  0.000000
   H  -1.210962  -6.714585  -0.000000    0.014618  0.063823 -0.000000
   H   1.225088  -6.720624  -0.000000   -0.000492  0.057784 -0.000000
   H   3.680886  -6.721649   0.000000    0.008129  0.065782  0.000000
   H   6.099638  -6.719344   0.000000   -0.016987  0.100083  0.000000
converged SCF energy = -3017.8561837313
--------------- RKS_Scanner gradients ---------------
         x                y                z
0 C     0.0015925716    -0.0046396588     0.0000000000
1 C     0.0006406090    -0.0005208251    -0.0000000000
2 C     0.0042250021    -0.0010255346    -0.0000000000
3 C    -0.0027828735    -0.0011940372     0.0000000000
4 C    -0.0018477278    -0.0004698122     0.0000000000
5 C     0.0001710486    -0.0004315099    -0.0000000000
6 C     0.0006945473     0.0009227970    -0.0000000000
7 C     0.0029500713    -0.0018255821     0.0000000000
8 C    -0.0026766439    -0.0006640211     0.0000000000
9 C     0.0012253030     0.0005399747     0.0000000000
10 C    -0.0005879311    -0.0010657379    -0.0000000000
11 C    -0.0000039318     0.0003724131    -0.0000000000
12 C     0.0031313176     0.0014709732     0.0000000000
13 C     0.0018436441    -0.0045752236    -0.0000000000
14 C     0.0018114069    -0.0005636825     0.0000000000
15 C     0.0011023217     0.0013926929     0.0000000000
16 C    -0.0003894544    -0.0011660333    -0.0000000000
17 C     0.0012229691     0.0021566563     0.0000000000
18 C     0.0002285936    -0.0043729770    -0.0000000000
19 C    -0.0026579246     0.0003659803    -0.0000000000
20 C    -0.0006193770    -0.0031652922    -0.0000000000
21 C     0.0002793879     0.0022661656    -0.0000000000
22 C    -0.0004954134    -0.0001490899    -0.0000000000
23 C    -0.0024189024    -0.0015414606    -0.0000000000
24 C     0.0014222946    -0.0044738216    -0.0000000000
25 C    -0.0015109045    -0.0028248855     0.0000000000
26 C     0.0064040654    -0.0022551117     0.0000000000
27 C    -0.0008874693     0.0006406337     0.0000000000
28 C    -0.0029119788     0.0023384244    -0.0000000000
29 C     0.0018307570    -0.0036829525    -0.0000000000
30 C    -0.0036058997    -0.0006756472     0.0000000000
31 C    -0.0016306155     0.0005119845     0.0000000000
32 C    -0.0018834748    -0.0068656102    -0.0000000000
33 C    -0.0020774256    -0.0010167785     0.0000000000
34 C    -0.0004605964     0.0018853818    -0.0000000000
35 C    -0.0043898165    -0.0031676200    -0.0000000000
36 C    -0.0023179380     0.0020980886     0.0000000000
37 C    -0.0023874604     0.0011201486     0.0000000000
38 C     0.0035851044     0.0009807932    -0.0000000000
39 C    -0.0030655563     0.0023017775    -0.0000000000
40 C     0.0030223671     0.0006695998    -0.0000000000
41 C    -0.0001186759     0.0001868404     0.0000000000
42 C    -0.0003646280     0.0007208570     0.0000000000
43 C    -0.0035484152     0.0023255133     0.0000000000
44 C     0.0035811495     0.0004642982    -0.0000000000
45 C     0.0016427273     0.0023902548    -0.0000000000
46 C     0.0017872825     0.0005033788     0.0000000000
47 C    -0.0000832303    -0.0006781715     0.0000000000
48 C    -0.0010887259     0.0001180514    -0.0000000000
49 C    -0.0031175441     0.0022111854    -0.0000000000
50 C     0.0021122147    -0.0007567181    -0.0000000000
51 C    -0.0010476063    -0.0002638540    -0.0000000000
52 C    -0.0000378221     0.0008589140     0.0000000000
53 C     0.0004643295    -0.0006327110    -0.0000000000
54 C    -0.0018350462     0.0017248964     0.0000000000
55 C    -0.0011372530     0.0004459704     0.0000000000
56 C    -0.0006098888     0.0043479068     0.0000000000
57 C    -0.0007731396    -0.0007616159     0.0000000000
58 C    -0.0016692548     0.0014718672     0.0000000000
59 C     0.0025319357     0.0014168255    -0.0000000000
60 N     0.0020010394     0.0004232425     0.0000000000
61 C     0.0022414687    -0.0024696125     0.0000000000
62 C    -0.0060462477    -0.0009439930    -0.0000000000
63 C     0.0019664990    -0.0012750280     0.0000000000
64 C     0.0004996973    -0.0013142707     0.0000000000
65 N    -0.0027556884     0.0051565721     0.0000000000
66 C     0.0013495376     0.0045636829    -0.0000000000
67 C     0.0035204627     0.0011591739    -0.0000000000
68 C    -0.0049952130     0.0019106671     0.0000000000
69 C     0.0049641101     0.0005854439     0.0000000000
70 C     0.0003662762    -0.0029794255     0.0000000000
71 C    -0.0036787246     0.0027880083    -0.0000000000
72 C    -0.0001273459     0.0030569705    -0.0000000000
73 C     0.0055159584     0.0038564809    -0.0000000000
74 C     0.0014306093     0.0020670624    -0.0000000000
75 C     0.0051024699    -0.0026722458     0.0000000000
76 C    -0.0037227802    -0.0029038172     0.0000000000
77 C    -0.0026750182     0.0020227732    -0.0000000000
78 H    -0.0007217316    -0.0003846699     0.0000000000
79 H     0.0001639392    -0.0010089198     0.0000000000
80 H    -0.0000408845    -0.0001087388    -0.0000000000
81 H     0.0003017062    -0.0004926549     0.0000000000
82 H     0.0008464438     0.0013501571     0.0000000000
83 H    -0.0003555274     0.0007906775     0.0000000000
84 H     0.0006048401    -0.0003008946    -0.0000000000
85 H     0.0001352455    -0.0006152577    -0.0000000000
86 H     0.0002445498    -0.0000014016     0.0000000000
87 H     0.0001706732    -0.0001062644    -0.0000000000
88 H     0.0000250872     0.0004325918    -0.0000000000
89 H     0.0004078811     0.0003583827     0.0000000000
90 H     0.0000728548    -0.0002178236     0.0000000000
91 H    -0.0001587040    -0.0002710180    -0.0000000000
92 H    -0.0003550511    -0.0007052937     0.0000000000
93 H     0.0001192240     0.0001728087     0.0000000000
94 H     0.0005851112    -0.0007317570     0.0000000000
95 H     0.0000102892    -0.0001874161    -0.0000000000
96 H     0.0001317899     0.0003206967     0.0000000000
97 H    -0.0000629653     0.0004715863     0.0000000000
98 H    -0.0000345028     0.0007707175    -0.0000000000
99 H     0.0002566365     0.0006618537    -0.0000000000
100 H     0.0003821413     0.0004278365     0.0000000000
101 H    -0.0001534500     0.0005255553    -0.0000000000
----------------------------------------------
cycle 2: E = -3017.85618373  dE = -0.0182332  norm(grad) = 0.0302506

Geometry optimization cycle 3
