1721292772.2308297

Geometry optimization cycle 1
Cartesian coordinates (Angstrom)
 Atom        New coordinates             dX        dY        dZ
   C  -7.338226   5.042760   0.000000    0.000000  0.000000  0.000000
   C  -7.365228   0.691139   0.000000    0.000000  0.000000  0.000000
   C  -6.173642   2.889413   0.000000    0.000000  0.000000  0.000000
   C  -4.910090   5.019617   0.000000    0.000000  0.000000  0.000000
   C  -7.358051  -3.642635   0.000000    0.000000  0.000000  0.000000
   C  -6.173475  -1.431785   0.000000    0.000000  0.000000  0.000000
   C  -4.940069   0.716689   0.000000    0.000000  0.000000  0.000000
   C  -3.694845   2.860312   0.000000    0.000000  0.000000  0.000000
   C  -2.457224   5.005715   0.000000    0.000000  0.000000  0.000000
   C  -6.138515  -5.727246   0.000000    0.000000  0.000000  0.000000
   C  -4.928214  -3.580071   0.000000    0.000000  0.000000  0.000000
   C  -3.698169  -1.425571   0.000000    0.000000  0.000000  0.000000
   C  -2.471779   0.716540   0.000000    0.000000  0.000000  0.000000
   C  -1.230705   2.851907   0.000000    0.000000 -0.000000  0.000000
   C   0.000000   5.003169   0.000000    0.000000  0.000000  0.000000
   C  -3.678966  -5.694052   0.000000    0.000000  0.000000  0.000000
   C  -2.466015  -3.560923   0.000000    0.000000  0.000000  0.000000
   C  -1.232423  -1.423207   0.000000    0.000000  0.000000  0.000000
   C   0.000000   0.715809   0.000000    0.000000  0.000000  0.000000
   C   1.230705   2.851907   0.000000    0.000000 -0.000000  0.000000
   C   2.457224   5.005715   0.000000    0.000000  0.000000  0.000000
   C  -1.226334  -5.685080   0.000000    0.000000  0.000000  0.000000
   C   0.000000  -3.557079   0.000000    0.000000  0.000000  0.000000
   C   1.232423  -1.423207   0.000000    0.000000  0.000000  0.000000
   C   2.471779   0.716540   0.000000    0.000000  0.000000  0.000000
   C   3.694845   2.860312   0.000000    0.000000  0.000000  0.000000
   C   4.910090   5.019617   0.000000    0.000000  0.000000  0.000000
   C   1.226334  -5.685080   0.000000    0.000000  0.000000  0.000000
   C   2.466015  -3.560923   0.000000    0.000000  0.000000  0.000000
   C   3.698169  -1.425571   0.000000    0.000000  0.000000  0.000000
   C   4.940069   0.716689   0.000000    0.000000  0.000000  0.000000
   C   6.173642   2.889413   0.000000    0.000000  0.000000  0.000000
   C   7.338226   5.042760   0.000000    0.000000  0.000000  0.000000
   C   3.678966  -5.694052   0.000000    0.000000  0.000000  0.000000
   C   4.928214  -3.580071   0.000000    0.000000  0.000000  0.000000
   C   6.173475  -1.431785   0.000000   -0.000000  0.000000  0.000000
   C   7.365228   0.691139   0.000000    0.000000  0.000000  0.000000
   C   6.138515  -5.727246   0.000000    0.000000  0.000000  0.000000
   N   7.358051  -3.642635   0.000000   -0.000000  0.000000  0.000000
   C  -7.358051   3.642635   0.000000    0.000000  0.000000  0.000000
   C  -6.138515   5.727246   0.000000    0.000000  0.000000  0.000000
   C  -7.365228  -0.691139   0.000000    0.000000  0.000000  0.000000
   C  -6.173475   1.431785   0.000000    0.000000  0.000000  0.000000
   C  -4.928214   3.580071   0.000000    0.000000 -0.000000  0.000000
   C  -3.678966   5.694052   0.000000    0.000000  0.000000  0.000000
   C  -7.338226  -5.042760   0.000000    0.000000  0.000000  0.000000
   C  -6.173642  -2.889413   0.000000    0.000000  0.000000  0.000000
   C  -4.940069  -0.716689   0.000000    0.000000  0.000000  0.000000
   C  -3.698169   1.425571   0.000000    0.000000  0.000000  0.000000
   C  -2.466015   3.560923   0.000000    0.000000 -0.000000  0.000000
   C  -1.226334   5.685080   0.000000    0.000000  0.000000  0.000000
   C  -4.910090  -5.019617   0.000000    0.000000  0.000000  0.000000
   C  -3.694845  -2.860312   0.000000    0.000000  0.000000  0.000000
   C  -2.471779  -0.716540   0.000000    0.000000  0.000000  0.000000
   C  -1.232423   1.423207   0.000000    0.000000  0.000000  0.000000
   C   0.000000   3.557079   0.000000    0.000000  0.000000  0.000000
   C   1.226334   5.685080   0.000000    0.000000  0.000000  0.000000
   C  -2.457224  -5.005715   0.000000    0.000000  0.000000  0.000000
   C  -1.230705  -2.851907   0.000000    0.000000  0.000000  0.000000
   C   0.000000  -0.715809   0.000000    0.000000  0.000000  0.000000
   N   1.232423   1.423207   0.000000    0.000000  0.000000  0.000000
   C   2.466015   3.560923   0.000000    0.000000 -0.000000  0.000000
   C   3.678966   5.694052   0.000000    0.000000  0.000000  0.000000
   C   0.000000  -5.003169   0.000000    0.000000  0.000000  0.000000
   C   1.230705  -2.851907   0.000000    0.000000  0.000000  0.000000
   C   2.471779  -0.716540   0.000000    0.000000  0.000000  0.000000
   C   3.698169   1.425571   0.000000    0.000000  0.000000  0.000000
   C   4.928214   3.580071   0.000000    0.000000 -0.000000  0.000000
   C   6.138515   5.727246   0.000000    0.000000  0.000000  0.000000
   C   2.457224  -5.005715   0.000000    0.000000  0.000000  0.000000
   C   3.694845  -2.860312   0.000000    0.000000  0.000000  0.000000
   C   4.940069  -0.716689   0.000000    0.000000  0.000000  0.000000
   C   6.173475   1.431785   0.000000   -0.000000  0.000000  0.000000
   C   7.358051   3.642635   0.000000   -0.000000  0.000000  0.000000
   C   4.910090  -5.019617   0.000000    0.000000  0.000000  0.000000
   C   6.173642  -2.889413   0.000000    0.000000  0.000000  0.000000
   C   7.365228  -0.691139   0.000000    0.000000  0.000000  0.000000
   C   7.338226  -5.042760   0.000000    0.000000  0.000000  0.000000
   H   8.282184   5.591425   0.000000    0.000000 -0.000000  0.000000
   H   8.325741   3.141106   0.000000    0.000000  0.000000  0.000000
   H   8.326715   1.204661   0.000000    0.000000  0.000000  0.000000
   H   8.326715  -1.204661   0.000000    0.000000  0.000000  0.000000
   H   8.325741  -3.141106   0.000000    0.000000  0.000000  0.000000
   H   8.282184  -5.591425   0.000000    0.000000  0.000000  0.000000
   H  -8.282184   5.591425   0.000000    0.000000 -0.000000  0.000000
   H  -8.325741   3.141106   0.000000    0.000000  0.000000  0.000000
   H  -8.326715   1.204661   0.000000    0.000000  0.000000  0.000000
   H  -8.326715  -1.204661   0.000000    0.000000  0.000000  0.000000
   H  -8.325741  -3.141106   0.000000    0.000000  0.000000  0.000000
   H  -8.282184  -5.591425   0.000000    0.000000  0.000000  0.000000
   H  -6.116625   6.819427   0.000000    0.000000  0.000000  0.000000
   H  -3.672757   6.787431   0.000000    0.000000  0.000000  0.000000
   H  -1.225580   6.778408   0.000000    0.000000 -0.000000  0.000000
   H   1.225580   6.778408   0.000000    0.000000 -0.000000  0.000000
   H   3.672757   6.787431   0.000000    0.000000  0.000000  0.000000
   H   6.116625   6.819427   0.000000   -0.000000  0.000000  0.000000
   H  -6.116625  -6.819427   0.000000    0.000000  0.000000  0.000000
   H  -3.672757  -6.787431   0.000000    0.000000  0.000000  0.000000
   H  -1.225580  -6.778408   0.000000    0.000000  0.000000  0.000000
   H   1.225580  -6.778408   0.000000    0.000000  0.000000  0.000000
   H   3.672757  -6.787431   0.000000    0.000000  0.000000  0.000000
   H   6.116625  -6.819427   0.000000   -0.000000  0.000000  0.000000
converged SCF energy = -3017.89538096337
--------------- RKS_Scanner gradients ---------------
         x                y                z
0 C    -0.0066945642    -0.0040459349    -0.0000000000
1 C    -0.0028190574     0.0005095876    -0.0000000000
2 C     0.0047485756    -0.0061138925    -0.0000000000
3 C    -0.0079777660    -0.0015195620    -0.0000000000
4 C    -0.0040242347    -0.0037795325     0.0000000000
5 C     0.0001647915    -0.0044740889     0.0000000000
6 C     0.0013806842     0.0010922325    -0.0000000000
7 C     0.0070052088    -0.0016040418     0.0000000000
8 C    -0.0088092178    -0.0053046404    -0.0000000000
9 C     0.0035311193    -0.0026426451    -0.0000000000
10 C    -0.0025215763    -0.0003184293     0.0000000000
11 C    -0.0015297766    -0.0006524355    -0.0000000000
12 C     0.0019282476     0.0037067300    -0.0000000000
13 C     0.0094938816    -0.0039964416     0.0000000000
14 C    -0.0081206956    -0.0069805518     0.0000000000
15 C    -0.0012934536    -0.0030964777     0.0000000000
16 C    -0.0013017087    -0.0002383261    -0.0000000000
17 C     0.0003075912    -0.0040652997    -0.0000000000
18 C    -0.0046873689    -0.0068664454    -0.0000000000
19 C     0.0002815283     0.0071355211     0.0000000000
20 C     0.0128662285    -0.0064637624     0.0000000000
21 C    -0.0089270165    -0.0047838827     0.0000000000
22 C     0.0007011065     0.0012447056    -0.0000000000
23 C    -0.0053813753     0.0028083194    -0.0000000000
24 C     0.0018139901    -0.0095594814    -0.0000000000
25 C    -0.0111515527    -0.0073080692     0.0000000000
26 C     0.0136421982    -0.0042743401     0.0000000000
27 C    -0.0213799998    -0.0064308926    -0.0000000000
28 C    -0.0056113603    -0.0008845391    -0.0000000000
29 C    -0.0050229453    -0.0007466213    -0.0000000000
30 C    -0.0042865681     0.0053341905    -0.0000000000
31 C    -0.0083585312    -0.0069880635    -0.0000000000
32 C     0.0089603520    -0.0061666993    -0.0000000000
33 C    -0.0345862797    -0.0060875850    -0.0000000000
34 C    -0.0271757101    -0.0096135856    -0.0000000000
35 C    -0.0057857869     0.0118274166     0.0000000000
36 C    -0.0015211638     0.0055818541     0.0000000000
37 C    -0.0363805240    -0.0127785378     0.0000000000
38 N    -0.0319815478    -0.0138200902    -0.0000000000
39 C    -0.0039424209     0.0064662173     0.0000000000
40 C     0.0063056310     0.0027601533     0.0000000000
41 C    -0.0030192579    -0.0003359804     0.0000000000
42 C     0.0000975977     0.0040820352     0.0000000000
43 C    -0.0040614831     0.0037462236    -0.0000000000
44 C     0.0066861463     0.0033872719     0.0000000000
45 C    -0.0052451710     0.0021106299    -0.0000000000
46 C     0.0038086789     0.0055619169    -0.0000000000
47 C     0.0012605264    -0.0004692602     0.0000000000
48 C    -0.0029623010     0.0000514633    -0.0000000000
49 C    -0.0061858327     0.0031296895    -0.0000000000
50 C     0.0068268456     0.0065067584     0.0000000000
51 C    -0.0021598932    -0.0016807585     0.0000000000
52 C     0.0030674558     0.0015987031     0.0000000000
53 C     0.0020945845     0.0006972452     0.0000000000
54 C    -0.0133064649    -0.0006331953     0.0000000000
55 C    -0.0030932203     0.0085834082     0.0000000000
56 C    -0.0022839442     0.0057676831    -0.0000000000
57 C     0.0038238280    -0.0005850335    -0.0000000000
58 C     0.0011145269     0.0007218019     0.0000000000
59 C    -0.0023983306    -0.0059914861     0.0000000000
60 N     0.0015690754     0.0032100787     0.0000000000
61 C     0.0016530335     0.0091401620    -0.0000000000
62 C    -0.0115656403     0.0059328916    -0.0000000000
63 C     0.0138550827     0.0001872763     0.0000000000
64 C     0.0011009314    -0.0029716625     0.0000000000
65 C     0.0117946294    -0.0031692800     0.0000000000
66 C     0.0174151862     0.0016875538     0.0000000000
67 C     0.0072655989     0.0057544885     0.0000000000
68 C    -0.0101735888     0.0031934774     0.0000000000
69 C     0.0270926681     0.0037927233     0.0000000000
70 C     0.0073254892    -0.0066879485     0.0000000000
71 C     0.0053349096     0.0023398657     0.0000000000
72 C     0.0051795222     0.0023438625    -0.0000000000
73 C     0.0034542857     0.0104844887     0.0000000000
74 C     0.0391206767     0.0129866003     0.0000000000
75 C     0.0136779534     0.0059267000     0.0000000000
76 C    -0.0001877167    -0.0034452069    -0.0000000000
77 C     0.0284497482     0.0009662311     0.0000000000
78 H     0.0049367035     0.0027472769     0.0000000000
79 H     0.0054793066    -0.0029452356     0.0000000000
80 H     0.0061072428     0.0028094734    -0.0000000000
81 H     0.0031255565    -0.0034742341     0.0000000000
82 H     0.0557176084     0.0266783191    -0.0000000000
83 H     0.0031481233    -0.0106900403    -0.0000000000
84 H    -0.0049967601     0.0027897935     0.0000000000
85 H    -0.0055431047    -0.0029293090    -0.0000000000
86 H    -0.0056955539     0.0029212269     0.0000000000
87 H    -0.0055774320    -0.0029901503    -0.0000000000
88 H    -0.0055652742     0.0029411998    -0.0000000000
89 H    -0.0050356940    -0.0028271361    -0.0000000000
90 H     0.0002410461     0.0059592932     0.0000000000
91 H    -0.0000932809     0.0062194280    -0.0000000000
92 H    -0.0004764532     0.0067549628    -0.0000000000
93 H     0.0000026702     0.0069061358    -0.0000000000
94 H     0.0004176999     0.0067145457     0.0000000000
95 H    -0.0001768640     0.0060807927    -0.0000000000
96 H     0.0002685134    -0.0059122006     0.0000000000
97 H    -0.0000593963    -0.0060360147    -0.0000000000
98 H    -0.0001836837    -0.0061470139    -0.0000000000
99 H    -0.0002137454    -0.0062756694     0.0000000000
100 H    -0.0003741155    -0.0064065335    -0.0000000000
101 H    -0.0037351777    -0.0076758060    -0.0000000000
----------------------------------------------
cycle 1: E = -3017.89538096  dE = -3017.9  norm(grad) = 0.134183

Geometry optimization cycle 2
Cartesian coordinates (Angstrom)
 Atom        New coordinates             dX        dY        dZ
   C  -7.267225   4.999935   0.000000    0.071000 -0.042825  0.000000
   C  -7.303926   0.687418  -0.000000    0.061302 -0.003721 -0.000000
   C  -6.121867   2.869385  -0.000000    0.051775 -0.020028 -0.000000
   C  -4.855593   4.984575   0.000000    0.054498 -0.035042  0.000000
   C  -7.302257  -3.616212   0.000000    0.055795  0.026424  0.000000
   C  -6.128031  -1.420392  -0.000000    0.045444  0.011393 -0.000000
   C  -4.897941   0.711840  -0.000000    0.042127 -0.004849 -0.000000
   C  -3.665361   2.840881  -0.000000    0.029484 -0.019430 -0.000000
   C  -2.420397   4.972913  -0.000000    0.036827 -0.032802 -0.000000
   C  -6.083999  -5.689280   0.000000    0.054517  0.037966  0.000000
   C  -4.891586  -3.555201  -0.000000    0.036628  0.024869 -0.000000
   C  -3.673945  -1.413279  -0.000000    0.024224  0.012292 -0.000000
   C  -2.446116   0.714240  -0.000000    0.025663 -0.002299 -0.000000
   C  -1.223263   2.834435  -0.000000    0.007442 -0.017472 -0.000000
   C   0.023009   4.965403  -0.000000    0.023009 -0.037765 -0.000000
   C  -3.641096  -5.649563   0.000000    0.037870  0.044490  0.000000
   C  -2.451727  -3.531036  -0.000000    0.014288  0.029886 -0.000000
   C  -1.229899  -1.401426  -0.000000    0.002523  0.021781 -0.000000
   C   0.002887   0.720104  -0.000000    0.002887  0.004295 -0.000000
   C   1.221044   2.817414  -0.000000   -0.009660 -0.034493 -0.000000
   C   2.435730   4.954843  -0.000000   -0.021494 -0.050872 -0.000000
   C  -1.203986  -5.637591  -0.000000    0.022349  0.047489 -0.000000
   C  -0.013350  -3.531245  -0.000000   -0.013350  0.025833 -0.000000
   C   1.204285  -1.413036  -0.000000   -0.028137  0.010171 -0.000000
   C   2.426981   0.718233  -0.000000   -0.044798  0.001693 -0.000000
   C   3.674618   2.834719  -0.000000   -0.020227 -0.025592 -0.000000
   C   4.876080   4.959901   0.000000   -0.034010 -0.059716  0.000000
   C   1.239567  -5.639611   0.000000    0.013233  0.045469  0.000000
   C   2.428498  -3.541630  -0.000000   -0.037517  0.019293 -0.000000
   C   3.636487  -1.408464  -0.000000   -0.061681  0.017107 -0.000000
   C   4.868792   0.697703  -0.000000   -0.071277 -0.018986 -0.000000
   C   6.134729   2.842061  -0.000000   -0.038913 -0.047353 -0.000000
   C   7.285055   4.957369   0.000000   -0.053170 -0.085391  0.000000
   C   3.688026  -5.662337   0.000000    0.009060  0.031715  0.000000
   C   4.854494  -3.546047  -0.000000   -0.073720  0.034023 -0.000000
   C   6.096974  -1.419603  -0.000000   -0.076501  0.012182 -0.000000
   C   7.282911   0.655493  -0.000000   -0.082316 -0.035646 -0.000000
   C   6.145995  -5.634574   0.000000    0.007480  0.092672  0.000000
   N   7.208107  -3.548528   0.000000   -0.149945  0.094107  0.000000
   C  -7.299115   3.605324   0.000000    0.058936 -0.037311  0.000000
   C  -6.081984   5.682716   0.000000    0.056531 -0.044530  0.000000
   C  -7.309171  -0.685423  -0.000000    0.056056  0.005716 -0.000000
   C  -6.121095   1.420441  -0.000000    0.052380 -0.011344 -0.000000
   C  -4.883406   3.554545  -0.000000    0.044808 -0.025526 -0.000000
   C  -3.638376   5.653702  -0.000000    0.040590 -0.040350 -0.000000
   C  -7.272257  -5.009236   0.000000    0.065969  0.033524  0.000000
   C  -6.129602  -2.870882  -0.000000    0.044040  0.018531 -0.000000
   C  -4.905509  -0.709699  -0.000000    0.034559  0.006989 -0.000000
   C  -3.663211   1.416181  -0.000000    0.034958 -0.009390 -0.000000
   C  -2.441831   3.537975  -0.000000    0.024184 -0.022947 -0.000000
   C  -1.200107   5.633835  -0.000000    0.026228 -0.051245 -0.000000
   C  -4.864803  -4.982866   0.000000    0.045287  0.036751  0.000000
   C  -3.673055  -2.837805  -0.000000    0.021790  0.022506 -0.000000
   C  -2.459953  -0.705939  -0.000000    0.011827  0.010601 -0.000000
   C  -1.211352   1.417926  -0.000000    0.021071 -0.005281 -0.000000
   C   0.006818   3.523616  -0.000000    0.006818 -0.033463 -0.000000
   C   1.232914   5.643624  -0.000000    0.006580 -0.041455 -0.000000
   C  -2.431599  -4.964765  -0.000000    0.025625  0.040950 -0.000000
   C  -1.230766  -2.822958  -0.000000   -0.000061  0.028949 -0.000000
   C  -0.008263  -0.697370  -0.000000   -0.008263  0.018439 -0.000000
   N   1.212522   1.412537  -0.000000   -0.019901 -0.010670 -0.000000
   C   2.447912   3.516207  -0.000000   -0.018103 -0.044716 -0.000000
   C   3.661994   5.624873  -0.000000   -0.016972 -0.069180 -0.000000
   C   0.006265  -4.966013  -0.000000    0.006265  0.037156 -0.000000
   C   1.205267  -2.830673  -0.000000   -0.025438  0.021234 -0.000000
   C   2.417322  -0.701662  -0.000000   -0.054457  0.014878 -0.000000
   C   3.636051   1.413403  -0.000000   -0.062118 -0.012168 -0.000000
   C   4.897703   3.531341  -0.000000   -0.030511 -0.048730 -0.000000
   C   6.108368   5.652454   0.000000   -0.030147 -0.074792  0.000000
   C   2.449492  -4.980288  -0.000000   -0.007732  0.025427 -0.000000
   C   3.628679  -2.829278  -0.000000   -0.066166  0.031034 -0.000000
   C   4.868522  -0.717023  -0.000000   -0.071546 -0.000334 -0.000000
   C   6.098978   1.396203  -0.000000   -0.074497 -0.035583 -0.000000
   C   7.321029   3.560332   0.000000   -0.037022 -0.082303  0.000000
   C   4.873658  -4.982340   0.000000   -0.036432  0.037277  0.000000
   C   6.040452  -2.839078   0.000000   -0.133189  0.050335  0.000000
   C   7.300219  -0.712536  -0.000000   -0.065009 -0.021397 -0.000000
   C   7.274448  -4.909927   0.000000   -0.063777  0.132833  0.000000
   H   8.222127   5.500691   0.000000   -0.060057 -0.090734  0.000000
   H   8.278027   3.058740   0.000000   -0.047714 -0.082366  0.000000
   H   8.231611   1.171240   0.000000   -0.095104 -0.033422  0.000000
   H   8.257940  -1.218912   0.000000   -0.068775 -0.014250  0.000000
   H   8.066347  -3.042925   0.000000   -0.259393  0.098181  0.000000
   H   8.260299  -5.349603   0.000000   -0.021886  0.241822  0.000000
   H  -8.202030   5.546925   0.000000    0.080154 -0.044499  0.000000
   H  -8.258746   3.108952   0.000000    0.066995 -0.032154  0.000000
   H  -8.255182   1.199432  -0.000000    0.071533 -0.005229 -0.000000
   H  -8.263318  -1.192264  -0.000000    0.063397  0.012398 -0.000000
   H  -8.263377  -3.122814   0.000000    0.062364  0.018292  0.000000
   H  -8.206626  -5.556812   0.000000    0.075558  0.034613  0.000000
   H  -6.066145   6.765864   0.000000    0.050480 -0.053563  0.000000
   H  -3.633948   6.737530   0.000000    0.038809 -0.049902  0.000000
   H  -1.195662   6.716773  -0.000000    0.029918 -0.061635 -0.000000
   H   1.238777   6.726322  -0.000000    0.013197 -0.052085 -0.000000
   H   3.659653   6.707948   0.000000   -0.013104 -0.079483  0.000000
   H   6.100961   6.735508   0.000000   -0.015664 -0.083919  0.000000
   H  -6.062691  -6.772405   0.000000    0.053934  0.047022  0.000000
   H  -3.631888  -6.733642   0.000000    0.040869  0.053789  0.000000
   H  -1.200795  -6.721467   0.000000    0.024785  0.056941  0.000000
   H   1.241475  -6.723292   0.000000    0.015895  0.055116  0.000000
   H   3.700091  -6.745815   0.000000    0.027334  0.041616  0.000000
   H   6.203994  -6.713543   0.000000    0.087369  0.105884  0.000000
converged SCF energy = -3017.92155714432
