1721292802.8812006

Geometry optimization cycle 1
Cartesian coordinates (Angstrom)
 Atom        New coordinates             dX        dY        dZ
   C  -7.338226   5.042760   0.000000    0.000000  0.000000  0.000000
   C  -7.365228   0.691139   0.000000    0.000000  0.000000  0.000000
   C  -6.173642   2.889413   0.000000    0.000000  0.000000  0.000000
   C  -4.910090   5.019617   0.000000    0.000000  0.000000  0.000000
   C  -7.358051  -3.642635   0.000000    0.000000  0.000000  0.000000
   C  -6.173475  -1.431785   0.000000    0.000000  0.000000  0.000000
   C  -4.940069   0.716689   0.000000    0.000000  0.000000  0.000000
   C  -3.694845   2.860312   0.000000    0.000000  0.000000  0.000000
   C  -2.457224   5.005715   0.000000    0.000000  0.000000  0.000000
   C  -6.138515  -5.727246   0.000000    0.000000  0.000000  0.000000
   C  -4.928214  -3.580071   0.000000    0.000000  0.000000  0.000000
   C  -3.698169  -1.425571   0.000000    0.000000  0.000000  0.000000
   C  -2.471779   0.716540   0.000000    0.000000  0.000000  0.000000
   C  -1.230705   2.851907   0.000000    0.000000 -0.000000  0.000000
   C   0.000000   5.003169   0.000000    0.000000  0.000000  0.000000
   C  -3.678966  -5.694052   0.000000    0.000000  0.000000  0.000000
   C  -2.466015  -3.560923   0.000000    0.000000  0.000000  0.000000
   C  -1.232423  -1.423207   0.000000    0.000000  0.000000  0.000000
   C   0.000000   0.715809   0.000000    0.000000  0.000000  0.000000
   C   1.230705   2.851907   0.000000    0.000000 -0.000000  0.000000
   C   2.457224   5.005715   0.000000    0.000000  0.000000  0.000000
   C  -1.226334  -5.685080   0.000000    0.000000  0.000000  0.000000
   C   0.000000  -3.557079   0.000000    0.000000  0.000000  0.000000
   C   1.232423  -1.423207   0.000000    0.000000  0.000000  0.000000
   C   2.471779   0.716540   0.000000    0.000000  0.000000  0.000000
   C   3.694845   2.860312   0.000000    0.000000  0.000000  0.000000
   C   4.910090   5.019617   0.000000    0.000000  0.000000  0.000000
   C   1.226334  -5.685080   0.000000    0.000000  0.000000  0.000000
   C   2.466015  -3.560923   0.000000    0.000000  0.000000  0.000000
   C   3.698169  -1.425571   0.000000    0.000000  0.000000  0.000000
   C   4.940069   0.716689   0.000000    0.000000  0.000000  0.000000
   C   6.173642   2.889413   0.000000    0.000000  0.000000  0.000000
   C   7.338226   5.042760   0.000000    0.000000  0.000000  0.000000
   C   3.678966  -5.694052   0.000000    0.000000  0.000000  0.000000
   C   4.928214  -3.580071   0.000000    0.000000  0.000000  0.000000
   N   6.173475  -1.431785   0.000000   -0.000000  0.000000  0.000000
   C   7.365228   0.691139   0.000000    0.000000  0.000000  0.000000
   C   6.138515  -5.727246   0.000000    0.000000  0.000000  0.000000
   C   7.358051  -3.642635   0.000000   -0.000000  0.000000  0.000000
   C  -7.358051   3.642635   0.000000    0.000000  0.000000  0.000000
   C  -6.138515   5.727246   0.000000    0.000000  0.000000  0.000000
   C  -7.365228  -0.691139   0.000000    0.000000  0.000000  0.000000
   C  -6.173475   1.431785   0.000000    0.000000  0.000000  0.000000
   C  -4.928214   3.580071   0.000000    0.000000 -0.000000  0.000000
   C  -3.678966   5.694052   0.000000    0.000000  0.000000  0.000000
   C  -7.338226  -5.042760   0.000000    0.000000  0.000000  0.000000
   C  -6.173642  -2.889413   0.000000    0.000000  0.000000  0.000000
   C  -4.940069  -0.716689   0.000000    0.000000  0.000000  0.000000
   C  -3.698169   1.425571   0.000000    0.000000  0.000000  0.000000
   C  -2.466015   3.560923   0.000000    0.000000 -0.000000  0.000000
   C  -1.226334   5.685080   0.000000    0.000000  0.000000  0.000000
   C  -4.910090  -5.019617   0.000000    0.000000  0.000000  0.000000
   C  -3.694845  -2.860312   0.000000    0.000000  0.000000  0.000000
   C  -2.471779  -0.716540   0.000000    0.000000  0.000000  0.000000
   C  -1.232423   1.423207   0.000000    0.000000  0.000000  0.000000
   C   0.000000   3.557079   0.000000    0.000000  0.000000  0.000000
   C   1.226334   5.685080   0.000000    0.000000  0.000000  0.000000
   C  -2.457224  -5.005715   0.000000    0.000000  0.000000  0.000000
   C  -1.230705  -2.851907   0.000000    0.000000  0.000000  0.000000
   C   0.000000  -0.715809   0.000000    0.000000  0.000000  0.000000
   C   1.232423   1.423207   0.000000    0.000000  0.000000  0.000000
   C   2.466015   3.560923   0.000000    0.000000 -0.000000  0.000000
   C   3.678966   5.694052   0.000000    0.000000  0.000000  0.000000
   C   0.000000  -5.003169   0.000000    0.000000  0.000000  0.000000
   C   1.230705  -2.851907   0.000000    0.000000  0.000000  0.000000
   C   2.471779  -0.716540   0.000000    0.000000  0.000000  0.000000
   C   3.698169   1.425571   0.000000    0.000000  0.000000  0.000000
   C   4.928214   3.580071   0.000000    0.000000 -0.000000  0.000000
   C   6.138515   5.727246   0.000000    0.000000  0.000000  0.000000
   C   2.457224  -5.005715   0.000000    0.000000  0.000000  0.000000
   C   3.694845  -2.860312   0.000000    0.000000  0.000000  0.000000
   N   4.940069  -0.716689   0.000000    0.000000  0.000000  0.000000
   C   6.173475   1.431785   0.000000   -0.000000  0.000000  0.000000
   C   7.358051   3.642635   0.000000   -0.000000  0.000000  0.000000
   C   4.910090  -5.019617   0.000000    0.000000  0.000000  0.000000
   C   6.173642  -2.889413   0.000000    0.000000  0.000000  0.000000
   C   7.365228  -0.691139   0.000000    0.000000  0.000000  0.000000
   C   7.338226  -5.042760   0.000000    0.000000  0.000000  0.000000
   H   8.282184   5.591425   0.000000    0.000000 -0.000000  0.000000
   H   8.325741   3.141106   0.000000    0.000000  0.000000  0.000000
   H   8.326715   1.204661   0.000000    0.000000  0.000000  0.000000
   H   8.326715  -1.204661   0.000000    0.000000  0.000000  0.000000
   H   8.325741  -3.141106   0.000000    0.000000  0.000000  0.000000
   H   8.282184  -5.591425   0.000000    0.000000  0.000000  0.000000
   H  -8.282184   5.591425   0.000000    0.000000 -0.000000  0.000000
   H  -8.325741   3.141106   0.000000    0.000000  0.000000  0.000000
   H  -8.326715   1.204661   0.000000    0.000000  0.000000  0.000000
   H  -8.326715  -1.204661   0.000000    0.000000  0.000000  0.000000
   H  -8.325741  -3.141106   0.000000    0.000000  0.000000  0.000000
   H  -8.282184  -5.591425   0.000000    0.000000  0.000000  0.000000
   H  -6.116625   6.819427   0.000000    0.000000  0.000000  0.000000
   H  -3.672757   6.787431   0.000000    0.000000  0.000000  0.000000
   H  -1.225580   6.778408   0.000000    0.000000 -0.000000  0.000000
   H   1.225580   6.778408   0.000000    0.000000 -0.000000  0.000000
   H   3.672757   6.787431   0.000000    0.000000  0.000000  0.000000
   H   6.116625   6.819427   0.000000   -0.000000  0.000000  0.000000
   H  -6.116625  -6.819427   0.000000    0.000000  0.000000  0.000000
   H  -3.672757  -6.787431   0.000000    0.000000  0.000000  0.000000
   H  -1.225580  -6.778408   0.000000    0.000000  0.000000  0.000000
   H   1.225580  -6.778408   0.000000    0.000000  0.000000  0.000000
   H   3.672757  -6.787431   0.000000    0.000000  0.000000  0.000000
   H   6.116625  -6.819427   0.000000   -0.000000  0.000000  0.000000
converged SCF energy = -3017.79731604093
--------------- RKS_Scanner gradients ---------------
         x                y                z
0 C    -0.0056913324    -0.0018208102    -0.0000000000
1 C    -0.0030642010    -0.0000650994    -0.0000000000
2 C     0.0028927231    -0.0063462337    -0.0000000000
3 C    -0.0033808638     0.0004653909    -0.0000000000
4 C    -0.0036773825    -0.0028221124    -0.0000000000
5 C    -0.0000530261    -0.0055439750    -0.0000000000
6 C     0.0020163751     0.0001681174    -0.0000000000
7 C    -0.0001201721    -0.0019297616    -0.0000000000
8 C    -0.0000352089    -0.0019658013    -0.0000000000
9 C     0.0029055350    -0.0024506744     0.0000000000
10 C    -0.0003091099    -0.0000625686    -0.0000000000
11 C    -0.0031453126    -0.0012883778    -0.0000000000
12 C     0.0041224182    -0.0026686966    -0.0000000000
13 C    -0.0018236452    -0.0009156437    -0.0000000000
14 C     0.0003150160    -0.0005729027     0.0000000000
15 C    -0.0001661190    -0.0021920886     0.0000000000
16 C     0.0006707422    -0.0019083597    -0.0000000000
17 C    -0.0020190615     0.0011397302    -0.0000000000
18 C     0.0033512837    -0.0023584446    -0.0000000000
19 C    -0.0028091075    -0.0039709399    -0.0000000000
20 C    -0.0007988917     0.0030283580    -0.0000000000
21 C    -0.0006942165    -0.0022152888     0.0000000000
22 C    -0.0029369493    -0.0027151054    -0.0000000000
23 C    -0.0004795208     0.0041259689    -0.0000000000
24 C     0.0016949254    -0.0055960558    -0.0000000000
25 C    -0.0085630847    -0.0037020923    -0.0000000000
26 C     0.0006036750     0.0037150451    -0.0000000000
27 C    -0.0004093103    -0.0029415975    -0.0000000000
28 C    -0.0041624253    -0.0058301942    -0.0000000000
29 C    -0.0224236263    -0.0095128274    -0.0000000000
30 C    -0.0257237524    -0.0005825011    -0.0000000000
31 C     0.0049405304     0.0127705403    -0.0000000000
32 C     0.0030239709     0.0018169334    -0.0000000000
33 C    -0.0014967138    -0.0058818175     0.0000000000
34 C    -0.0019242505    -0.0044202114     0.0000000000
35 N    -0.0094800405     0.0290514418     0.0000000000
36 C    -0.0205544745     0.0492571203    -0.0000000000
37 C    -0.0121421925    -0.0003662163     0.0000000000
38 C    -0.0009443606    -0.0230390893    -0.0000000000
39 C    -0.0028670569     0.0036297563     0.0000000000
40 C     0.0042480782     0.0023566028    -0.0000000000
41 C    -0.0024363466     0.0004086693     0.0000000000
42 C    -0.0006355956     0.0056399273     0.0000000000
43 C    -0.0003349868     0.0001140633     0.0000000000
44 C     0.0012440003     0.0015554813     0.0000000000
45 C    -0.0046210694     0.0017119334     0.0000000000
46 C     0.0018830165     0.0058069172     0.0000000000
47 C     0.0026585751    -0.0007120356     0.0000000000
48 C    -0.0040829836     0.0031985923     0.0000000000
49 C     0.0007227426     0.0013149636     0.0000000000
50 C     0.0002386818     0.0005310285     0.0000000000
51 C    -0.0015978150    -0.0018096331    -0.0000000000
52 C    -0.0002302927     0.0023003013     0.0000000000
53 C     0.0026710762     0.0016408635     0.0000000000
54 C    -0.0031866006     0.0019281776     0.0000000000
55 C     0.0000295854     0.0018728265     0.0000000000
56 C     0.0011261719     0.0005816625    -0.0000000000
57 C     0.0002835473     0.0010286726    -0.0000000000
58 C     0.0020155700    -0.0007841423     0.0000000000
59 C    -0.0013930652     0.0026113579     0.0000000000
60 C    -0.0025479766     0.0021304999     0.0000000000
61 C     0.0037050613     0.0019499377     0.0000000000
62 C     0.0004265817     0.0011649053     0.0000000000
63 C     0.0002571916     0.0036201381     0.0000000000
64 C     0.0059944830    -0.0007973832     0.0000000000
65 C    -0.0095471773    -0.0006772186     0.0000000000
66 C     0.0051260112     0.0118223194     0.0000000000
67 C     0.0053324012    -0.0020137491     0.0000000000
68 C    -0.0007776393     0.0002849741    -0.0000000000
69 C     0.0006787580     0.0028300315     0.0000000000
70 C    -0.0005879212     0.0007261947     0.0000000000
71 N     0.0377720866    -0.0050203278    -0.0000000000
72 C     0.0378284319    -0.0100399613     0.0000000000
73 C    -0.0013491586    -0.0011730265     0.0000000000
74 C     0.0012161428    -0.0028677891    -0.0000000000
75 C     0.0014068096    -0.0133967977    -0.0000000000
76 C     0.0080404572    -0.0405023175     0.0000000000
77 C     0.0158238530     0.0079929777     0.0000000000
78 H     0.0050829700     0.0030183653     0.0000000000
79 H     0.0052507249    -0.0031630030    -0.0000000000
80 H     0.0053972332     0.0073105864     0.0000000000
81 H     0.0144711241     0.0040021670    -0.0000000000
82 H     0.0058571444     0.0036115107     0.0000000000
83 H     0.0050024213    -0.0040043768    -0.0000000000
84 H    -0.0049802404     0.0027938468     0.0000000000
85 H    -0.0055731887    -0.0029297515    -0.0000000000
86 H    -0.0055803893     0.0029532859     0.0000000000
87 H    -0.0055291044    -0.0030267105    -0.0000000000
88 H    -0.0056050862     0.0029022865     0.0000000000
89 H    -0.0050697301    -0.0028376039    -0.0000000000
90 H     0.0002398364     0.0059183289     0.0000000000
91 H     0.0000081636     0.0060765303    -0.0000000000
92 H     0.0000143913     0.0060638329     0.0000000000
93 H     0.0000057882     0.0059514429    -0.0000000000
94 H    -0.0000495578     0.0058853033    -0.0000000000
95 H    -0.0003167184     0.0059748562    -0.0000000000
96 H     0.0002903355    -0.0058928391    -0.0000000000
97 H    -0.0000131818    -0.0059824559    -0.0000000000
98 H    -0.0000973340    -0.0061187006    -0.0000000000
99 H    -0.0001897244    -0.0063347063     0.0000000000
100 H    -0.0004133111    -0.0065318879    -0.0000000000
101 H    -0.0002831796    -0.0064536471    -0.0000000000
----------------------------------------------
cycle 1: E = -3017.79731604  dE = -3017.8  norm(grad) = 0.116017

Geometry optimization cycle 2
