1721706856.5389853

Geometry optimization cycle 1
Cartesian coordinates (Angstrom)
 Atom        New coordinates             dX        dY        dZ
   C  -7.338226   5.042760   0.000000    0.000000  0.000000  0.000000
   C  -7.365228   0.691139   0.000000    0.000000  0.000000  0.000000
   C  -6.173642   2.889413   0.000000    0.000000  0.000000  0.000000
   C  -4.910090   5.019617   0.000000    0.000000  0.000000  0.000000
   C  -7.358051  -3.642635   0.000000    0.000000  0.000000  0.000000
   C  -6.173475  -1.431785   0.000000    0.000000  0.000000  0.000000
   C  -4.940069   0.716689   0.000000    0.000000  0.000000  0.000000
   C  -3.694845   2.860312   0.000000    0.000000  0.000000  0.000000
   C  -2.457224   5.005715   0.000000    0.000000  0.000000  0.000000
   C  -6.138515  -5.727246   0.000000    0.000000  0.000000  0.000000
   C  -4.928214  -3.580071   0.000000    0.000000  0.000000  0.000000
   C  -3.698169  -1.425571   0.000000    0.000000  0.000000  0.000000
   C  -2.471779   0.716540   0.000000    0.000000  0.000000  0.000000
   C  -1.230705   2.851907   0.000000    0.000000 -0.000000  0.000000
   C   0.000000   5.003169   0.000000    0.000000  0.000000  0.000000
   C  -3.678966  -5.694052   0.000000    0.000000  0.000000  0.000000
   C  -2.466015  -3.560923   0.000000    0.000000  0.000000  0.000000
   C  -1.232423  -1.423207   0.000000    0.000000  0.000000  0.000000
   C   0.000000   0.715809   0.000000    0.000000  0.000000  0.000000
   C   1.230705   2.851907   0.000000    0.000000 -0.000000  0.000000
   C   2.457224   5.005715   0.000000    0.000000  0.000000  0.000000
   C  -1.226334  -5.685080   0.000000    0.000000  0.000000  0.000000
   C   0.000000  -3.557079   0.000000    0.000000  0.000000  0.000000
   C   1.232423  -1.423207   0.000000    0.000000  0.000000  0.000000
   N   2.471779   0.716540   0.000000    0.000000  0.000000  0.000000
   C   3.694845   2.860312   0.000000    0.000000  0.000000  0.000000
   N   4.910090   5.019617   0.000000    0.000000  0.000000  0.000000
   C   1.226334  -5.685080   0.000000    0.000000  0.000000  0.000000
   C   2.466015  -3.560923   0.000000    0.000000  0.000000  0.000000
   N   3.698169  -1.425571   0.000000    0.000000  0.000000  0.000000
   C   4.940069   0.716689   0.000000    0.000000  0.000000  0.000000
   C   6.173642   2.889413   0.000000    0.000000  0.000000  0.000000
   C   7.338226   5.042760   0.000000    0.000000  0.000000  0.000000
   C   3.678966  -5.694052   0.000000    0.000000  0.000000  0.000000
   C   4.928214  -3.580071   0.000000    0.000000  0.000000  0.000000
   C   6.173475  -1.431785   0.000000   -0.000000  0.000000  0.000000
   C   7.365228   0.691139   0.000000    0.000000  0.000000  0.000000
   C   6.138515  -5.727246   0.000000    0.000000  0.000000  0.000000
   C   7.358051  -3.642635   0.000000   -0.000000  0.000000  0.000000
   C  -7.358051   3.642635   0.000000    0.000000  0.000000  0.000000
   C  -6.138515   5.727246   0.000000    0.000000  0.000000  0.000000
   N  -7.365228  -0.691139   0.000000    0.000000  0.000000  0.000000
   C  -6.173475   1.431785   0.000000    0.000000  0.000000  0.000000
   C  -4.928214   3.580071   0.000000    0.000000 -0.000000  0.000000
   C  -3.678966   5.694052   0.000000    0.000000  0.000000  0.000000
   C  -7.338226  -5.042760   0.000000    0.000000  0.000000  0.000000
   C  -6.173642  -2.889413   0.000000    0.000000  0.000000  0.000000
   N  -4.940069  -0.716689   0.000000    0.000000  0.000000  0.000000
   C  -3.698169   1.425571   0.000000    0.000000  0.000000  0.000000
   N  -2.466015   3.560923   0.000000    0.000000 -0.000000  0.000000
   C  -1.226334   5.685080   0.000000    0.000000  0.000000  0.000000
   N  -4.910090  -5.019617   0.000000    0.000000  0.000000  0.000000
   C  -3.694845  -2.860312   0.000000    0.000000  0.000000  0.000000
   C  -2.471779  -0.716540   0.000000    0.000000  0.000000  0.000000
   C  -1.232423   1.423207   0.000000    0.000000  0.000000  0.000000
   C   0.000000   3.557079   0.000000    0.000000  0.000000  0.000000
   C   1.226334   5.685080   0.000000    0.000000  0.000000  0.000000
   C  -2.457224  -5.005715   0.000000    0.000000  0.000000  0.000000
   C  -1.230705  -2.851907   0.000000    0.000000  0.000000  0.000000
   N   0.000000  -0.715809   0.000000    0.000000  0.000000  0.000000
   C   1.232423   1.423207   0.000000    0.000000  0.000000  0.000000
   C   2.466015   3.560923   0.000000    0.000000 -0.000000  0.000000
   C   3.678966   5.694052   0.000000    0.000000  0.000000  0.000000
   C   0.000000  -5.003169   0.000000    0.000000  0.000000  0.000000
   C   1.230705  -2.851907   0.000000    0.000000  0.000000  0.000000
   N   2.471779  -0.716540   0.000000    0.000000  0.000000  0.000000
   C   3.698169   1.425571   0.000000    0.000000  0.000000  0.000000
   C   4.928214   3.580071   0.000000    0.000000 -0.000000  0.000000
   C   6.138515   5.727246   0.000000    0.000000  0.000000  0.000000
   C   2.457224  -5.005715   0.000000    0.000000  0.000000  0.000000
   N   3.694845  -2.860312   0.000000    0.000000  0.000000  0.000000
   C   4.940069  -0.716689   0.000000    0.000000  0.000000  0.000000
   C   6.173475   1.431785   0.000000   -0.000000  0.000000  0.000000
   C   7.358051   3.642635   0.000000   -0.000000  0.000000  0.000000
   C   4.910090  -5.019617   0.000000    0.000000  0.000000  0.000000
   C   6.173642  -2.889413   0.000000    0.000000  0.000000  0.000000
   C   7.365228  -0.691139   0.000000    0.000000  0.000000  0.000000
   C   7.338226  -5.042760   0.000000    0.000000  0.000000  0.000000
   H   8.282184   5.591425   0.000000    0.000000 -0.000000  0.000000
   H   8.325741   3.141106   0.000000    0.000000  0.000000  0.000000
   H   8.326715   1.204661   0.000000    0.000000  0.000000  0.000000
   H   8.326715  -1.204661   0.000000    0.000000  0.000000  0.000000
   H   8.325741  -3.141106   0.000000    0.000000  0.000000  0.000000
   H   8.282184  -5.591425   0.000000    0.000000  0.000000  0.000000
   H  -8.282184   5.591425   0.000000    0.000000 -0.000000  0.000000
   H  -8.325741   3.141106   0.000000    0.000000  0.000000  0.000000
   H  -8.326715   1.204661   0.000000    0.000000  0.000000  0.000000
   H  -8.326715  -1.204661   0.000000    0.000000  0.000000  0.000000
   H  -8.325741  -3.141106   0.000000    0.000000  0.000000  0.000000
   H  -8.282184  -5.591425   0.000000    0.000000  0.000000  0.000000
   H  -6.116625   6.819427   0.000000    0.000000  0.000000  0.000000
   H  -3.672757   6.787431   0.000000    0.000000  0.000000  0.000000
   H  -1.225580   6.778408   0.000000    0.000000 -0.000000  0.000000
   H   1.225580   6.778408   0.000000    0.000000 -0.000000  0.000000
   H   3.672757   6.787431   0.000000    0.000000  0.000000  0.000000
   H   6.116625   6.819427   0.000000   -0.000000  0.000000  0.000000
   H  -6.116625  -6.819427   0.000000    0.000000  0.000000  0.000000
   H  -3.672757  -6.787431   0.000000    0.000000  0.000000  0.000000
   H  -1.225580  -6.778408   0.000000    0.000000  0.000000  0.000000
   H   1.225580  -6.778408   0.000000    0.000000  0.000000  0.000000
   H   3.672757  -6.787431   0.000000    0.000000  0.000000  0.000000
   H   6.116625  -6.819427   0.000000   -0.000000  0.000000  0.000000
converged SCF energy = -3150.46139965301
--------------- RKS_Scanner gradients ---------------
         x                y                z
0 C    -0.0060377180     0.0030664648    -0.0000000000
1 C    -0.0043487825    -0.0019342369    -0.0000000000
2 C     0.0066741960     0.0070540016     0.0000000000
3 C    -0.0022972571    -0.0074207325     0.0000000000
4 C     0.0160271666     0.0062614139    -0.0000000000
5 C    -0.0030027724     0.0113935494    -0.0000000000
6 C    -0.0202782782    -0.0277022801     0.0000000000
7 C     0.0006535848    -0.0135321220     0.0000000000
8 C    -0.0061572961     0.0004363312     0.0000000000
9 C    -0.0043519732    -0.0082740798    -0.0000000000
10 C    -0.0028028424     0.0151756674    -0.0000000000
11 C     0.0297780234    -0.0042159912    -0.0000000000
12 C    -0.0174986160    -0.0054060935     0.0000000000
13 C    -0.0053453656    -0.0056346217     0.0000000000
14 C    -0.0083685922    -0.0084940190    -0.0000000000
15 C     0.0291480737    -0.0197830231    -0.0000000000
16 C    -0.0034533096    -0.0044407026    -0.0000000000
17 C     0.0041517196    -0.0059888694    -0.0000000000
18 C    -0.0322880199    -0.0240977117     0.0000000000
19 C    -0.0163636991     0.0109502517     0.0000000000
20 C     0.0001662616     0.0161703870     0.0000000000
21 C     0.0147135633    -0.0032133622     0.0000000000
22 C     0.0083900177    -0.0005118674     0.0000000000
23 C     0.0046331843    -0.0286730119     0.0000000000
24 N    -0.0176559253    -0.0051987464    -0.0000000000
25 C     0.0037355327     0.0214938163     0.0000000000
26 N     0.0082736247    -0.0057004436    -0.0000000000
27 C     0.0055188301    -0.0089751362    -0.0000000000
28 C    -0.0009613643    -0.0147159800     0.0000000000
29 N    -0.0364033407    -0.0054410470     0.0000000000
30 C     0.0266486155     0.0001679865     0.0000000000
31 C     0.0042160299    -0.0024819416     0.0000000000
32 C     0.0104087625     0.0150508523    -0.0000000000
33 C     0.0024060930    -0.0026307446    -0.0000000000
34 C    -0.0083104178    -0.0182446279    -0.0000000000
35 C     0.0233911076    -0.0117513070     0.0000000000
36 C    -0.0010271200     0.0003029372     0.0000000000
37 C    -0.0068879657    -0.0086608184     0.0000000000
38 C     0.0028735236    -0.0012296789     0.0000000000
39 C    -0.0002110700     0.0020514183     0.0000000000
40 C     0.0007017178     0.0018723078     0.0000000000
41 N     0.0130200487     0.0139552469    -0.0000000000
42 C     0.0124853839     0.0186505911     0.0000000000
43 C    -0.0181102852     0.0015510760    -0.0000000000
44 C     0.0029654702     0.0141124963    -0.0000000000
45 C    -0.0138456229    -0.0141087521    -0.0000000000
46 C    -0.0022821462    -0.0240097510     0.0000000000
47 N    -0.0102145549     0.0254208348     0.0000000000
48 C     0.0184723816     0.0158999057    -0.0000000000
49 N     0.0084288383     0.0042942896    -0.0000000000
50 C     0.0052851752     0.0149856093     0.0000000000
51 N    -0.0156131608     0.0011339158    -0.0000000000
52 C     0.0063935365     0.0051569668     0.0000000000
53 C    -0.0166000326    -0.0087610649     0.0000000000
54 C     0.0220908174     0.0055725614    -0.0000000000
55 C     0.0212160942     0.0047542722    -0.0000000000
56 C    -0.0001338555     0.0024998526     0.0000000000
57 C    -0.0096325318    -0.0045998224     0.0000000000
58 C    -0.0093731360     0.0026754347     0.0000000000
59 N    -0.0222939390     0.0290934036     0.0000000000
60 C     0.0287097926     0.0289105399    -0.0000000000
61 C     0.0137954966    -0.0151272367    -0.0000000000
62 C    -0.0226724464     0.0133568480    -0.0000000000
63 C    -0.0072265228     0.0028719497    -0.0000000000
64 C    -0.0199600438    -0.0043892722    -0.0000000000
65 N     0.0581480658     0.0082106355    -0.0000000000
66 C    -0.0188633784    -0.0076798753    -0.0000000000
67 C    -0.0084376994    -0.0095882108    -0.0000000000
68 C     0.0135180315     0.0151540141     0.0000000000
69 C    -0.0091418928    -0.0036060921     0.0000000000
70 N     0.0160056127     0.0160593076    -0.0000000000
71 C    -0.0027586218     0.0166422160    -0.0000000000
72 C    -0.0023457614    -0.0041716321    -0.0000000000
73 C    -0.0101773936    -0.0090074388     0.0000000000
74 C     0.0120106283    -0.0068548211     0.0000000000
75 C     0.0097898619     0.0130344360     0.0000000000
76 C    -0.0009194353    -0.0082260863    -0.0000000000
77 C     0.0045342031     0.0009483510    -0.0000000000
78 H     0.0078092003     0.0009688962     0.0000000000
79 H     0.0064924479    -0.0033608141    -0.0000000000
80 H     0.0059493613     0.0031453716     0.0000000000
81 H     0.0071863606    -0.0022781443     0.0000000000
82 H     0.0068974109     0.0021391288    -0.0000000000
83 H     0.0050639454    -0.0029530443     0.0000000000
84 H    -0.0048507200     0.0028784574     0.0000000000
85 H    -0.0054933898    -0.0030495191    -0.0000000000
86 H    -0.0050903630     0.0108738777     0.0000000000
87 H    -0.0575702832    -0.0248894436    -0.0000000000
88 H    -0.0041480018     0.0039469862     0.0000000000
89 H    -0.0078830093    -0.0011921409    -0.0000000000
90 H    -0.0000631671     0.0062720996     0.0000000000
91 H    -0.0028898438     0.0085937737     0.0000000000
92 H     0.0029061040     0.0086938379    -0.0000000000
93 H     0.0006484708     0.0062905063    -0.0000000000
94 H    -0.0086020032     0.0096959178     0.0000000000
95 H     0.0087192709     0.0096611543    -0.0000000000
96 H    -0.0084194354    -0.0100375354     0.0000000000
97 H     0.0087354239    -0.0096030758     0.0000000000
98 H    -0.0003968469    -0.0064469392    -0.0000000000
99 H    -0.0012229352    -0.0073293524    -0.0000000000
100 H     0.0002045974    -0.0071823130    -0.0000000000
101 H     0.0012965793    -0.0067808827     0.0000000000
----------------------------------------------
cycle 1: E = -3150.46139965  dE = -3150.46  norm(grad) = 0.189111

Geometry optimization cycle 2
Cartesian coordinates (Angstrom)
 Atom        New coordinates             dX        dY        dZ
   C  -7.269699   4.953996   0.000000    0.068527 -0.088764  0.000000
   C  -7.288922   0.667312   0.000000    0.076305 -0.023827  0.000000
   C  -6.124603   2.825263   0.000000    0.049039 -0.064151  0.000000
   C  -4.869916   4.949920  -0.000000    0.040175 -0.069697 -0.000000
   C  -7.324905  -3.520652   0.000000    0.033146  0.121983  0.000000
   C  -6.040213  -1.406027   0.000000    0.133262  0.025758  0.000000
   C  -4.861659   0.708879  -0.000000    0.078409 -0.007810 -0.000000
   C  -3.664141   2.817662  -0.000000    0.030704 -0.042650 -0.000000
   C  -2.433653   4.913554  -0.000000    0.023570 -0.092161 -0.000000
   C  -6.062638  -5.595014   0.000000    0.075877  0.132232  0.000000
   C  -4.881506  -3.506815   0.000000    0.046708  0.073256  0.000000
   C  -3.636072  -1.401618  -0.000000    0.062097  0.023953 -0.000000
   C  -2.422657   0.708491  -0.000000    0.049122 -0.008048 -0.000000
   C  -1.222716   2.805116  -0.000000    0.007988 -0.046791 -0.000000
   C   0.018463   4.936529  -0.000000    0.018463 -0.066639 -0.000000
   C  -3.686345  -5.564789   0.000000   -0.007379  0.129263  0.000000
   C  -2.430797  -3.505185  -0.000000    0.035217  0.055737 -0.000000
   C  -1.198334  -1.406310  -0.000000    0.034088  0.016898 -0.000000
   C   0.023571   0.698977  -0.000000    0.023571 -0.016832 -0.000000
   C   1.214468   2.783852  -0.000000   -0.016237 -0.068055 -0.000000
   C   2.430791   4.912683  -0.000000   -0.026432 -0.093032 -0.000000
   C  -1.240441  -5.629931  -0.000000   -0.014107  0.055148 -0.000000
   C   0.005469  -3.517912  -0.000000    0.005469  0.039167 -0.000000
   C   1.216068  -1.403299  -0.000000   -0.016355  0.019908 -0.000000
   N   2.464487   0.700745  -0.000000   -0.007292 -0.015795 -0.000000
   C   3.657965   2.790817  -0.000000   -0.036880 -0.069495 -0.000000
   N   4.825103   4.893026   0.000000   -0.084987 -0.126591  0.000000
   C   1.207543  -5.612738  -0.000000   -0.018791  0.072342 -0.000000
   C   2.440752  -3.505359  -0.000000   -0.025263  0.055564 -0.000000
   N   3.657806  -1.398098  -0.000000   -0.040363  0.027473 -0.000000
   C   4.891956   0.705161  -0.000000   -0.048113 -0.011528 -0.000000
   C   6.145862   2.850614   0.000000   -0.027780 -0.038799  0.000000
   C   7.216511   4.977957   0.000000   -0.121714 -0.064802  0.000000
   C   3.632311  -5.623222  -0.000000   -0.046655  0.070831 -0.000000
   C   4.865576  -3.503918  -0.000000   -0.062638  0.076153 -0.000000
   C   6.085569  -1.398014   0.000000   -0.087906  0.033771  0.000000
   C   7.316423   0.694659   0.000000   -0.048805  0.003520  0.000000
   C   6.064189  -5.612813   0.000000   -0.074327  0.114433  0.000000
   C   7.277133  -3.570377   0.000000   -0.080918  0.072259  0.000000
   C  -7.307253   3.561964   0.000000    0.050798 -0.080672  0.000000
   C  -6.088372   5.654760   0.000000    0.050144 -0.072486  0.000000
   N  -7.191296  -0.683957   0.000000    0.173932  0.007182  0.000000
   C  -6.107914   1.385334   0.000000    0.065561 -0.046451  0.000000
   C  -4.883457   3.522092  -0.000000    0.044757 -0.057979 -0.000000
   C  -3.641594   5.594259  -0.000000    0.037372 -0.099793 -0.000000
   C  -7.242611  -4.903462   0.000000    0.095615  0.139297  0.000000
   C  -6.109932  -2.811794   0.000000    0.063710  0.077620  0.000000
   N  -4.836457  -0.714771  -0.000000    0.103612  0.001918 -0.000000
   C  -3.650593   1.398785  -0.000000    0.047576 -0.026786 -0.000000
   N  -2.450272   3.496199  -0.000000    0.015742 -0.064724 -0.000000
   C  -1.217340   5.574562  -0.000000    0.008994 -0.110517 -0.000000
   N  -4.867367  -4.900512   0.000000    0.042723  0.119105  0.000000
   C  -3.651070  -2.815481  -0.000000    0.043775  0.044831 -0.000000
   C  -2.412494  -0.702170  -0.000000    0.059285  0.014370 -0.000000
   C  -1.210504   1.395772  -0.000000    0.021919 -0.027436 -0.000000
   C  -0.010102   3.498171  -0.000000   -0.010102 -0.058908 -0.000000
   C   1.229043   5.618766  -0.000000    0.002708 -0.066314 -0.000000
   C  -2.441969  -4.931581  -0.000000    0.015254  0.074134 -0.000000
   C  -1.201253  -2.817080  -0.000000    0.029452  0.034827 -0.000000
   N   0.022250  -0.723179  -0.000000    0.022250 -0.007370 -0.000000
   C   1.223446   1.371796  -0.000000   -0.008977 -0.051411 -0.000000
   C   2.431200   3.492066  -0.000000   -0.034814 -0.068857 -0.000000
   C   3.652741   5.575704  -0.000000   -0.026225 -0.118348 -0.000000
   C  -0.012351  -4.952198  -0.000000   -0.012351  0.050970 -0.000000
   C   1.229355  -2.813323  -0.000000   -0.001350  0.038584 -0.000000
   N   2.412371  -0.709530  -0.000000   -0.059409  0.007010 -0.000000
   C   3.679721   1.393246  -0.000000   -0.018448 -0.032325 -0.000000
   C   4.892156   3.494271   0.000000   -0.036058 -0.085799  0.000000
   C   6.000410   5.604103   0.000000   -0.138106 -0.123142  0.000000
   C   2.429847  -4.935332  -0.000000   -0.027377  0.070383 -0.000000
   N   3.640181  -2.814680  -0.000000   -0.054664  0.045631 -0.000000
   C   4.878387  -0.706889  -0.000000   -0.061682  0.009799 -0.000000
   C   6.126736   1.414990   0.000000   -0.046739 -0.016795  0.000000
   C   7.328843   3.600618   0.000000   -0.029209 -0.042018  0.000000
   C   4.833592  -4.924374   0.000000   -0.076498  0.095243  0.000000
   C   6.094068  -2.838632   0.000000   -0.079574  0.050781  0.000000
   C   7.279236  -0.672411   0.000000   -0.085992  0.018728  0.000000
   C   7.267692  -4.960183   0.000000   -0.070534  0.082577  0.000000
   H   8.113970   5.584329   0.000000   -0.168214 -0.007096  0.000000
   H   8.304593   3.134964   0.000000   -0.021148 -0.006142  0.000000
   H   8.274673   1.197042   0.000000   -0.052042 -0.007620  0.000000
   H   8.220313  -1.204608   0.000000   -0.106402  0.000053  0.000000
   H   8.229619  -3.058307   0.000000   -0.096121  0.082799  0.000000
   H   8.201663  -5.511920   0.000000   -0.080521  0.079505  0.000000
   H  -8.209014   5.497117   0.000000    0.073170 -0.094308  0.000000
   H  -8.269484   3.066277   0.000000    0.056256 -0.074829  0.000000
   H  -8.269190   1.117015   0.000000    0.057525 -0.087646  0.000000
   H  -8.059010  -1.210654   0.000000    0.267705 -0.005992  0.000000
   H  -8.291674  -3.031795   0.000000    0.034067  0.109311  0.000000
   H  -8.162803  -5.474344   0.000000    0.119381  0.117081  0.000000
   H  -6.073992   6.739497   0.000000    0.042633 -0.079929  0.000000
   H  -3.612628   6.676889  -0.000000    0.060129 -0.110542 -0.000000
   H  -1.242599   6.657075  -0.000000   -0.017020 -0.121333 -0.000000
   H   1.236894   6.704456  -0.000000    0.011315 -0.073952 -0.000000
   H   3.707067   6.655944   0.000000    0.034310 -0.131487  0.000000
   H   5.904741   6.680815   0.000000   -0.211884 -0.138612  0.000000
   H  -6.007296  -6.674088   0.000000    0.109330  0.145339  0.000000
   H  -3.747467  -6.644778   0.000000   -0.074710  0.142653  0.000000
   H  -1.251689  -6.715402  -0.000000   -0.026110  0.063005 -0.000000
   H   1.219208  -6.697135  -0.000000   -0.006372  0.081272 -0.000000
   H   3.635465  -6.707925  -0.000000   -0.037291  0.079507 -0.000000
   H   6.031242  -6.696562   0.000000   -0.085384  0.122865  0.000000
converged SCF energy = -3150.53437289017
--------------- RKS_Scanner gradients ---------------
         x                y                z
0 C     0.0035981477    -0.0029066223     0.0000000000
1 C    -0.0162499270    -0.0000963417     0.0000000000
2 C    -0.0000523059     0.0037030537     0.0000000000
3 C    -0.0029448425    -0.0052581885     0.0000000000
4 C    -0.0021828703     0.0062868101     0.0000000000
5 C    -0.0027156123     0.0005885206     0.0000000000
6 C    -0.0068078528    -0.0117576826     0.0000000000
7 C    -0.0023207088    -0.0083372611     0.0000000000
8 C    -0.0049620281     0.0055520512    -0.0000000000
9 C     0.0054578283    -0.0044035427    -0.0000000000
10 C     0.0009294931     0.0064158197     0.0000000000
11 C     0.0155030491    -0.0027514620     0.0000000000
12 C    -0.0057405620    -0.0012643724    -0.0000000000
13 C    -0.0036653100    -0.0048112236     0.0000000000
14 C     0.0029378366    -0.0012192251     0.0000000000
15 C     0.0075282972     0.0006165936    -0.0000000000
16 C     0.0004825597     0.0007969185     0.0000000000
17 C     0.0043460374    -0.0042438126     0.0000000000
18 C    -0.0098350471    -0.0086209277     0.0000000000
19 C    -0.0084800468     0.0008834312     0.0000000000
20 C    -0.0003556950     0.0031628186    -0.0000000000
21 C     0.0063927841    -0.0022258104     0.0000000000
22 C     0.0063571772     0.0018852291     0.0000000000
23 C     0.0012978336    -0.0194646378     0.0000000000
24 N     0.0015950873     0.0041106823    -0.0000000000
25 C    -0.0019279188     0.0078981797     0.0000000000
26 N    -0.0067852772    -0.0069258133    -0.0000000000
27 C     0.0038397914    -0.0016038997     0.0000000000
28 C    -0.0021080107    -0.0081923225     0.0000000000
29 N    -0.0096790562    -0.0001854860     0.0000000000
30 C     0.0063978067    -0.0010877219     0.0000000000
31 C     0.0063221929     0.0067252994     0.0000000000
32 C    -0.0057958967     0.0028398957     0.0000000000
33 C     0.0021546961    -0.0030886861     0.0000000000
34 C     0.0031188492    -0.0038876480     0.0000000000
35 C     0.0052710343    -0.0065496645     0.0000000000
36 C     0.0017293568     0.0037901826     0.0000000000
37 C    -0.0033625671     0.0047980953    -0.0000000000
38 C    -0.0030660224    -0.0005945294    -0.0000000000
39 C    -0.0034194412    -0.0008328761    -0.0000000000
40 C     0.0011030188     0.0035295054    -0.0000000000
41 N     0.0185140291     0.0038583242    -0.0000000000
42 C     0.0101753621    -0.0021961059    -0.0000000000
43 C    -0.0059672264     0.0020616674    -0.0000000000
44 C     0.0038051587     0.0000028572     0.0000000000
45 C     0.0090242221     0.0000402778    -0.0000000000
46 C    -0.0028789535    -0.0105305530    -0.0000000000
47 N    -0.0055213786     0.0112764622    -0.0000000000
48 C     0.0103090107     0.0078608079    -0.0000000000
49 N     0.0043801670     0.0017368113     0.0000000000
50 C    -0.0000153333    -0.0041399186     0.0000000000
51 N    -0.0140305683    -0.0005657047    -0.0000000000
52 C     0.0003530262     0.0014521375    -0.0000000000
53 C    -0.0084235865    -0.0017406147    -0.0000000000
54 C     0.0092849975     0.0007633713    -0.0000000000
55 C     0.0018946091     0.0022943379    -0.0000000000
56 C     0.0030471215     0.0038977835    -0.0000000000
57 C    -0.0043752455    -0.0023502341    -0.0000000000
58 C    -0.0035681120     0.0006993989    -0.0000000000
59 N    -0.0079321643     0.0150369242    -0.0000000000
60 C     0.0072355516     0.0056177392    -0.0000000000
61 C     0.0054372414    -0.0070320854    -0.0000000000
62 C    -0.0018019401     0.0072769130     0.0000000000
63 C    -0.0046869816     0.0033932153    -0.0000000000
64 C    -0.0063706617     0.0015149081    -0.0000000000
65 N     0.0124285577     0.0032503618    -0.0000000000
66 C    -0.0007123672    -0.0048148703    -0.0000000000
67 C     0.0038725409    -0.0080945512    -0.0000000000
68 C    -0.0023222358     0.0001320439     0.0000000000
69 C    -0.0024673721     0.0019408914    -0.0000000000
70 N     0.0010337813     0.0064096360     0.0000000000
71 C     0.0016825922     0.0089966999    -0.0000000000
72 C    -0.0020250690    -0.0038853623    -0.0000000000
73 C     0.0021533384    -0.0058789411    -0.0000000000
74 C    -0.0058977350     0.0006237725    -0.0000000000
75 C     0.0019431385     0.0059530805    -0.0000000000
76 C    -0.0081174232    -0.0014077910    -0.0000000000
77 C     0.0031795265    -0.0017756346     0.0000000000
78 H     0.0016470347    -0.0017955541     0.0000000000
79 H     0.0025479836    -0.0008539139     0.0000000000
80 H     0.0019042976     0.0008698595    -0.0000000000
81 H     0.0018581088     0.0000867833     0.0000000000
82 H     0.0019552739     0.0004467361     0.0000000000
83 H     0.0014903143    -0.0004567648    -0.0000000000
84 H    -0.0002213163     0.0000068872     0.0000000000
85 H    -0.0012595967    -0.0012861771     0.0000000000
86 H    -0.0009460573     0.0048321036    -0.0000000000
87 H    -0.0111100159    -0.0026043305    -0.0000000000
88 H    -0.0016981283     0.0031144397    -0.0000000000
89 H    -0.0008622506     0.0019751924     0.0000000000
90 H     0.0003116889     0.0015881260     0.0000000000
91 H    -0.0015995525     0.0009928950     0.0000000000
92 H     0.0016994806     0.0004745675     0.0000000000
93 H     0.0004303797     0.0018223891     0.0000000000
94 H    -0.0032130940     0.0023705289    -0.0000000000
95 H     0.0019830634     0.0018146575    -0.0000000000
96 H    -0.0027398991    -0.0025146565     0.0000000000
97 H     0.0027126065    -0.0011690771    -0.0000000000
98 H    -0.0008317698    -0.0014823302    -0.0000000000
99 H    -0.0011849595    -0.0009362336    -0.0000000000
100 H    -0.0001911715    -0.0019551871     0.0000000000
101 H     0.0007711070    -0.0003240377     0.0000000000
----------------------------------------------
cycle 2: E = -3150.53437289  dE = -0.0729732  norm(grad) = 0.0752804

Geometry optimization cycle 3
Cartesian coordinates (Angstrom)
 Atom        New coordinates             dX        dY        dZ
   C  -7.275460   4.969501  -0.000000   -0.005761  0.015506 -0.000000
   C  -7.230303   0.603775  -0.000000    0.058619 -0.063537 -0.000000
   C  -6.105383   2.825438  -0.000000    0.019220  0.000176 -0.000000
   C  -4.850554   4.952626  -0.000000    0.019362  0.002706 -0.000000
   C  -7.296621  -3.568253   0.000000    0.028284 -0.047601 -0.000000
   C  -6.017045  -1.417889  -0.000000    0.023167 -0.011862 -0.000000
   C  -4.849841   0.726700  -0.000000    0.011818  0.017821 -0.000000
   C  -3.649032   2.829546  -0.000000    0.015108  0.011883 -0.000000
   C  -2.416494   4.910798  -0.000000    0.017160 -0.002757  0.000000
   C  -6.046081  -5.549105   0.000000    0.016557  0.045908 -0.000000
   C  -4.868868  -3.494080   0.000000    0.012639  0.012735  0.000000
   C  -3.643424  -1.383456  -0.000000   -0.007352  0.018162  0.000000
   C  -2.423204   0.721321  -0.000000   -0.000547  0.012830  0.000000
   C  -1.220134   2.812245  -0.000000    0.002583  0.007130  0.000000
   C   0.013977   4.928845   0.000000   -0.004486 -0.007685  0.000000
   C  -3.687570  -5.542845   0.000000   -0.001225  0.021945  0.000000
   C  -2.429262  -3.479164   0.000000    0.001536  0.026022  0.000000
   C  -1.202921  -1.388132  -0.000000   -0.004586  0.018178  0.000000
   C   0.015384   0.709123  -0.000000   -0.008187  0.010146  0.000000
   C   1.211731   2.776677   0.000000   -0.002737 -0.007174  0.000000
   C   2.443646   4.896054   0.000000    0.012855 -0.016629  0.000000
   C  -1.248936  -5.592936   0.000000   -0.008495  0.036995  0.000000
   C   0.000503  -3.496722   0.000000   -0.004966  0.021190  0.000000
   C   1.204040  -1.376609  -0.000000   -0.012028  0.026690  0.000000
   N   2.438637   0.696467   0.000000   -0.025850 -0.004278  0.000000
   C   3.636349   2.783443   0.000000   -0.021616 -0.007374  0.000000
   N   4.865092   4.891638   0.000000    0.039989 -0.001387  0.000000
   C   1.205576  -5.582218   0.000000   -0.001967  0.030520  0.000000
   C   2.434536  -3.473722   0.000000   -0.006216  0.031637  0.000000
   N   3.645199  -1.397863  -0.000000   -0.012607  0.000235  0.000000
   C   4.845565   0.697224  -0.000000   -0.046391 -0.007937  0.000000
   C   6.097024   2.837816  -0.000000   -0.048838 -0.012798 -0.000000
   C   7.253838   4.968379  -0.000000    0.037326 -0.009579 -0.000000
   C   3.625342  -5.579470  -0.000000   -0.006968  0.043752  0.000000
   C   4.853871  -3.499342  -0.000000   -0.011705  0.004576 -0.000000
   C   6.062769  -1.392104  -0.000000   -0.022800  0.005910 -0.000000
   C   7.266058   0.684409  -0.000000   -0.050365 -0.010250 -0.000000
   C   6.063938  -5.629034  -0.000000   -0.000251 -0.016221 -0.000000
   C   7.259530  -3.557079  -0.000000   -0.017602  0.013298 -0.000000
   C  -7.275586   3.578430  -0.000000    0.031667  0.016466 -0.000000
   C  -6.078967   5.638719  -0.000000    0.009405 -0.016041 -0.000000
   N  -7.184911  -0.742605  -0.000000    0.006385 -0.058648 -0.000000
   C  -6.103659   1.385973  -0.000000    0.004256  0.000639 -0.000000
   C  -4.861628   3.524290  -0.000000    0.021829  0.002198 -0.000000
   C  -3.624341   5.590673  -0.000000    0.017253 -0.003586 -0.000000
   C  -7.270325  -4.947798   0.000000   -0.027714 -0.044336 -0.000000
   C  -6.100001  -2.812088   0.000000    0.009931 -0.000295 -0.000000
   N  -4.829818  -0.708019  -0.000000    0.006638  0.006752 -0.000000
   C  -3.652587   1.408751  -0.000000   -0.001994  0.009966  0.000000
   N  -2.442081   3.500576  -0.000000    0.008191  0.004377  0.000000
   C  -1.211370   5.584070  -0.000000    0.005970  0.009508  0.000000
   N  -4.843536  -4.872150   0.000000    0.023831  0.028362  0.000000
   C  -3.649466  -2.795613   0.000000    0.001604  0.019867  0.000000
   C  -2.410372  -0.684555  -0.000000    0.002123  0.017615  0.000000
   C  -1.222491   1.406335  -0.000000   -0.011987  0.010563  0.000000
   C  -0.011785   3.492352   0.000000   -0.001683 -0.005819  0.000000
   C   1.232881   5.588440   0.000000    0.003839 -0.030326  0.000000
   C  -2.445163  -4.900917   0.000000   -0.003194  0.030664  0.000000
   C  -1.199861  -2.796211   0.000000    0.001393  0.020869  0.000000
   N   0.020397  -0.717271  -0.000000   -0.001854  0.005908  0.000000
   C   1.203506   1.367393   0.000000   -0.019940 -0.004403  0.000000
   C   2.415118   3.488917   0.000000   -0.016082 -0.003148  0.000000
   C   3.682651   5.532406   0.000000    0.029910 -0.043298  0.000000
   C  -0.011820  -4.929626   0.000000    0.000531  0.022572  0.000000
   C   1.226977  -2.786743   0.000000   -0.002378  0.026580  0.000000
   N   2.390216  -0.706548  -0.000000   -0.022155  0.002982  0.000000
   C   3.648004   1.393549   0.000000   -0.031718  0.000304  0.000000
   C   4.862837   3.500319   0.000000   -0.029320  0.006048  0.000000
   C   6.039245   5.591236   0.000000    0.038835 -0.012868 -0.000000
   C   2.423879  -4.900108   0.000000   -0.005968  0.035225  0.000000
   N   3.634024  -2.810054  -0.000000   -0.006157  0.004626  0.000000
   C   4.855912  -0.715036  -0.000000   -0.022474 -0.008146  0.000000
   C   6.080048   1.407809  -0.000000   -0.046688 -0.007181 -0.000000
   C   7.281237   3.591790  -0.000000   -0.047606 -0.008828 -0.000000
   C   4.845396  -4.919256  -0.000000    0.011803  0.005118 -0.000000
   C   6.073533  -2.834797  -0.000000   -0.020535  0.003835 -0.000000
   C   7.265882  -0.677905  -0.000000   -0.013354 -0.005494 -0.000000
   C   7.244807  -4.944573  -0.000000   -0.022885  0.015610 -0.000000
   H   8.157186   5.562905  -0.000000    0.043216 -0.021423 -0.000000
   H   8.236756   3.097636  -0.000000   -0.067837 -0.037329 -0.000000
   H   8.213977   1.196819  -0.000000   -0.060696 -0.000223 -0.000000
   H   8.204271  -1.207402  -0.000000   -0.016042 -0.002793 -0.000000
   H   8.205382  -3.041588  -0.000000   -0.024238  0.016719 -0.000000
   H   8.181229  -5.485454  -0.000000   -0.020434  0.026466 -0.000000
   H  -8.213784   5.512014  -0.000000   -0.004769  0.014898 -0.000000
   H  -8.233446   3.082378  -0.000000    0.036039  0.016102 -0.000000
   H  -8.222667   1.010251  -0.000000    0.046524 -0.106765 -0.000000
   H  -8.017199  -1.275139  -0.000000    0.041812 -0.064485 -0.000000
   H  -8.264169  -3.093463   0.000000    0.027505 -0.061668 -0.000000
   H  -8.171026  -5.547875   0.000000   -0.008223 -0.073531 -0.000000
   H  -6.061108   6.719851  -0.000000    0.012885 -0.019646 -0.000000
   H  -3.580581   6.669952  -0.000000    0.032047 -0.006937 -0.000000
   H  -1.249046   6.664200  -0.000000   -0.006447  0.007125  0.000000
   H   1.240252   6.670183   0.000000    0.003357 -0.034272  0.000000
   H   3.760688   6.606083   0.000000    0.053621 -0.049861  0.000000
   H   5.927058   6.662230   0.000000    0.022316 -0.018585 -0.000000
   H  -5.934079  -6.618380   0.000000    0.073217  0.055708 -0.000000
   H  -3.776686  -6.617757   0.000000   -0.029219  0.027021  0.000000
   H  -1.259348  -6.674994   0.000000   -0.007659  0.040408  0.000000
   H   1.231246  -6.663754   0.000000    0.012038  0.033381  0.000000
   H   3.615856  -6.659839  -0.000000   -0.019609  0.048085 -0.000000
   H   6.030568  -6.711265  -0.000000   -0.000674 -0.014704 -0.000000
converged SCF energy = -3150.53047634219
--------------- RKS_Scanner gradients ---------------
         x                y                z
0 C    -0.0101270061     0.0030158255     0.0000000000
1 C     0.0167570744    -0.0149830696     0.0000000000
2 C     0.0052635159    -0.0036060120     0.0000000000
3 C     0.0023443697     0.0016419688    -0.0000000000
4 C     0.0151285702    -0.0130108623    -0.0000000000
5 C     0.0040054724     0.0075917402    -0.0000000000
6 C    -0.0023665164    -0.0013792609     0.0000000000
7 C     0.0002083718    -0.0027235164     0.0000000000
8 C    -0.0001671667     0.0016410986    -0.0000000000
9 C     0.0023587427     0.0248352996    -0.0000000000
10 C    -0.0014489741    -0.0001828664    -0.0000000000
11 C    -0.0013376835     0.0007926729     0.0000000000
12 C    -0.0011819452    -0.0001493720     0.0000000000
13 C     0.0001368203     0.0023340151    -0.0000000000
14 C    -0.0065925714    -0.0000981996    -0.0000000000
15 C    -0.0051923313     0.0025507862     0.0000000000
16 C     0.0028001466     0.0017945630     0.0000000000
17 C     0.0025922845     0.0003772587     0.0000000000
18 C     0.0018368182    -0.0017073820     0.0000000000
19 C     0.0015042005    -0.0039537864    -0.0000000000
20 C     0.0003277765     0.0031038289     0.0000000000
21 C    -0.0014533238     0.0029984178     0.0000000000
22 C    -0.0001700206     0.0007002386     0.0000000000
23 C    -0.0002627613     0.0010055463    -0.0000000000
24 N    -0.0008059875    -0.0005805568    -0.0000000000
25 C    -0.0003626177    -0.0048695762     0.0000000000
26 N     0.0105034137     0.0108856366     0.0000000000
27 C     0.0007125616     0.0008933965    -0.0000000000
28 C    -0.0005034560    -0.0003358818     0.0000000000
29 N    -0.0021465870     0.0017318029    -0.0000000000
30 C    -0.0059374415    -0.0018596413    -0.0000000000
31 C    -0.0008976720    -0.0009454222     0.0000000000
32 C     0.0075260874     0.0079477116    -0.0000000000
33 C    -0.0004829990     0.0062720585     0.0000000000
34 C    -0.0037937475    -0.0011454049     0.0000000000
35 C    -0.0005076341     0.0019151787    -0.0000000000
36 C    -0.0059630785    -0.0012294543    -0.0000000000
37 C     0.0025087331    -0.0059686684     0.0000000000
38 C     0.0019303535     0.0018700719     0.0000000000
39 C     0.0064189105     0.0067167791    -0.0000000000
40 C     0.0020003440    -0.0094282389     0.0000000000
41 N    -0.0190804915    -0.0205015200     0.0000000000
42 C    -0.0006546886     0.0091987739    -0.0000000000
43 C    -0.0008793349     0.0013699597    -0.0000000000
44 C     0.0048806549    -0.0027741547     0.0000000000
45 C    -0.0195584565    -0.0125277674    -0.0000000000
46 C    -0.0085831058     0.0116752222     0.0000000000
47 N     0.0014540429     0.0040644090     0.0000000000
48 C     0.0000109969     0.0058765604    -0.0000000000
49 N     0.0013439901    -0.0004350949    -0.0000000000
50 C     0.0008037065     0.0010005189    -0.0000000000
51 N     0.0111065011    -0.0065363116     0.0000000000
52 C    -0.0025816870    -0.0015082900    -0.0000000000
53 C    -0.0018021554     0.0015814524     0.0000000000
54 C    -0.0003605556     0.0007688824    -0.0000000000
55 C    -0.0000258634    -0.0016273386     0.0000000000
56 C    -0.0001993651    -0.0059881607    -0.0000000000
57 C    -0.0030735116     0.0009768365    -0.0000000000
58 C    -0.0001720988     0.0007519629    -0.0000000000
59 N     0.0011504431     0.0001889883    -0.0000000000
60 C    -0.0033232758    -0.0009289302     0.0000000000
61 C    -0.0027856301     0.0026902897     0.0000000000
62 C     0.0052894135    -0.0152777491    -0.0000000000
63 C     0.0022567261    -0.0013634852    -0.0000000000
64 C     0.0002984059     0.0020277648    -0.0000000000
65 N    -0.0017628674    -0.0022119954     0.0000000000
66 C    -0.0005753876     0.0025999548    -0.0000000000
67 C    -0.0100604612     0.0064162186    -0.0000000000
68 C     0.0013738511    -0.0090023304     0.0000000000
69 C    -0.0014399474     0.0004545944    -0.0000000000
70 N     0.0038806528     0.0030428582    -0.0000000000
71 C     0.0031223189    -0.0024428364     0.0000000000
72 C    -0.0008423036     0.0008126200     0.0000000000
73 C    -0.0114451724     0.0029713216    -0.0000000000
74 C     0.0073689605    -0.0007663623     0.0000000000
75 C    -0.0009418774    -0.0016613544    -0.0000000000
76 C     0.0039598138    -0.0029098369     0.0000000000
77 C    -0.0067062254     0.0033888465    -0.0000000000
78 H     0.0003155090     0.0005229250    -0.0000000000
79 H    -0.0017827551     0.0016271261     0.0000000000
80 H    -0.0012245586    -0.0010790452    -0.0000000000
81 H     0.0000180960    -0.0001634635    -0.0000000000
82 H    -0.0005917501     0.0004756781     0.0000000000
83 H    -0.0016645775     0.0006201854     0.0000000000
84 H    -0.0007256718     0.0003321694    -0.0000000000
85 H     0.0016922925     0.0028130759     0.0000000000
86 H     0.0035990931    -0.0036974052    -0.0000000000
87 H     0.0112472677     0.0062005609     0.0000000000
88 H     0.0026346664    -0.0029098600    -0.0000000000
89 H    -0.0016809642    -0.0008775519     0.0000000000
90 H    -0.0004653247    -0.0020657417    -0.0000000000
91 H    -0.0001207400    -0.0012105128    -0.0000000000
92 H     0.0000789877    -0.0003213948    -0.0000000000
93 H     0.0001131511    -0.0017128771     0.0000000000
94 H     0.0017377238    -0.0029296310     0.0000000000
95 H     0.0013069181    -0.0016917538    -0.0000000000
96 H    -0.0003851642     0.0034028440    -0.0000000000
97 H    -0.0007709816     0.0008134571     0.0000000000
98 H    -0.0003070675     0.0012719394    -0.0000000000
99 H    -0.0002837373     0.0009940520    -0.0000000000
100 H     0.0003890607     0.0020083808    -0.0000000000
101 H     0.0002543743    -0.0003308007    -0.0000000000
----------------------------------------------
cycle 3: E = -3150.53047634  dE = 0.00389655  norm(grad) = 0.075915

Geometry optimization cycle 4
Cartesian coordinates (Angstrom)
 Atom        New coordinates             dX        dY        dZ
   C  -7.267603   4.966764  -0.000000    0.007857 -0.002738 -0.000000
   C  -7.259091   0.650222  -0.000000   -0.028788  0.046447 -0.000000
   C  -6.112317   2.831301  -0.000000   -0.006934  0.005863 -0.000000
   C  -4.858362   4.959322  -0.000000   -0.007809  0.006696  0.000000
   C  -7.309940  -3.540605   0.000000   -0.013319  0.027648  0.000000
   C  -6.030119  -1.410710  -0.000000   -0.013074  0.007179 -0.000000
   C  -4.857187   0.722407  -0.000000   -0.007346 -0.004293 -0.000000
   C  -3.654792   2.827325  -0.000000   -0.005759 -0.002220 -0.000000
   C  -2.424811   4.908547  -0.000000   -0.008318 -0.002251  0.000000
   C  -6.045310  -5.581523   0.000000    0.000771 -0.032418  0.000000
   C  -4.872687  -3.505369   0.000000   -0.003819 -0.011289 -0.000000
   C  -3.646758  -1.394277  -0.000000   -0.003334 -0.010821 -0.000000
   C  -2.424223   0.714160  -0.000000   -0.001020 -0.007161 -0.000000
   C  -1.220218   2.809967  -0.000000   -0.000084 -0.002278 -0.000000
   C   0.011230   4.932063   0.000000   -0.002747  0.003218  0.000000
   C  -3.684922  -5.557108   0.000000    0.002648 -0.014263  0.000000
   C  -2.429211  -3.494375   0.000000    0.000051 -0.015212 -0.000000
   C  -1.203059  -1.397480  -0.000000   -0.000139 -0.009348 -0.000000
   C   0.019037   0.706936  -0.000000    0.003653 -0.002187 -0.000000
   C   1.216819   2.780473   0.000000    0.005088  0.003796 -0.000000
   C   2.434912   4.903716   0.000000   -0.008734  0.007661 -0.000000
   C  -1.243328  -5.611370   0.000000    0.005608 -0.018434 -0.000000
   C   0.002699  -3.507869   0.000000    0.002195 -0.011147 -0.000000
   C   1.208577  -1.382145  -0.000000    0.004537 -0.005536 -0.000000
   N   2.447658   0.696033   0.000000    0.009021 -0.000433 -0.000000
   C   3.646007   2.786303   0.000000    0.009658  0.002860 -0.000000
   N   4.844263   4.893836   0.000000   -0.020829  0.002198 -0.000000
   C   1.209387  -5.594004   0.000000    0.003811 -0.011786 -0.000000
   C   2.439324  -3.483896  -0.000000    0.004788 -0.010174 -0.000000
   N   3.652243  -1.402031  -0.000000    0.007044 -0.004168 -0.000000
   C   4.862717   0.698851  -0.000000    0.017152  0.001627 -0.000000
   C   6.114120   2.839492  -0.000000    0.017096  0.001676 -0.000000
   C   7.227995   4.970149  -0.000000   -0.025843  0.001770 -0.000000
   C   3.630060  -5.597206  -0.000000    0.004718 -0.017737 -0.000000
   C   4.859837  -3.503726  -0.000000    0.005966 -0.004384 -0.000000
   C   6.071003  -1.395409  -0.000000    0.008234 -0.003305 -0.000000
   C   7.288429   0.685548  -0.000000    0.022371  0.001138 -0.000000
   C   6.067261  -5.627929  -0.000000    0.003324  0.001105 -0.000000
   C   7.267457  -3.568783  -0.000000    0.007927 -0.011705 -0.000000
   C  -7.287890   3.574061  -0.000000   -0.012304 -0.004369 -0.000000
   C  -6.081953   5.655694  -0.000000   -0.002986  0.016975 -0.000000
   N  -7.185373  -0.697586  -0.000000   -0.000462  0.045019 -0.000000
   C  -6.108864   1.394004  -0.000000   -0.005205  0.008031 -0.000000
   C  -4.867158   3.528362  -0.000000   -0.005530  0.004072 -0.000000
   C  -3.631502   5.595754  -0.000000   -0.007161  0.005081  0.000000
   C  -7.241296  -4.921206   0.000000    0.029028  0.026592  0.000000
   C  -6.099881  -2.810023   0.000000    0.000120  0.002066 -0.000000
   N  -4.834472  -0.714377  -0.000000   -0.004654 -0.006358 -0.000000
   C  -3.656466   1.401848  -0.000000   -0.003879 -0.006903 -0.000000
   N  -2.446001   3.497209  -0.000000   -0.003920 -0.003367 -0.000000
   C  -1.218577   5.581792  -0.000000   -0.007206 -0.002278  0.000000
   N  -4.848230  -4.888703   0.000000   -0.004694 -0.016553  0.000000
   C  -3.649786  -2.808713   0.000000   -0.000320 -0.013099 -0.000000
   C  -2.411610  -0.694214  -0.000000   -0.001238 -0.009660 -0.000000
   C  -1.221974   1.402034  -0.000000    0.000517 -0.004300 -0.000000
   C  -0.010135   3.493890   0.000000    0.001650  0.001538 -0.000000
   C   1.225407   5.599775   0.000000   -0.007474  0.011335  0.000000
   C  -2.439950  -4.917787   0.000000    0.005213 -0.016870 -0.000000
   C  -1.199507  -2.807908   0.000000    0.000353 -0.011697 -0.000000
   N   0.021868  -0.723000  -0.000000    0.001471 -0.005730 -0.000000
   C   1.210338   1.368312   0.000000    0.006832  0.000919 -0.000000
   C   2.422063   3.492783   0.000000    0.006945  0.003866 -0.000000
   C   3.666435   5.552854   0.000000   -0.016216  0.020448 -0.000000
   C  -0.009268  -4.942029   0.000000    0.002552 -0.012402 -0.000000
   C   1.230200  -2.795957   0.000000    0.003224 -0.009214 -0.000000
   N   2.396966  -0.709116  -0.000000    0.006750 -0.002568 -0.000000
   C   3.660080   1.393620   0.000000    0.012077  0.000070 -0.000000
   C   4.874768   3.499147   0.000000    0.011932 -0.001172 -0.000000
   C   6.015105   5.602274   0.000000   -0.024140  0.011038 -0.000000
   C   2.429612  -4.913408  -0.000000    0.005733 -0.013301 -0.000000
   N   3.638156  -2.816501  -0.000000    0.004132 -0.006447 -0.000000
   C   4.863475  -0.715919  -0.000000    0.007562 -0.000884 -0.000000
   C   6.100242   1.408340  -0.000000    0.020194  0.000531 -0.000000
   C   7.298551   3.594499  -0.000000    0.017314  0.002710 -0.000000
   C   4.844673  -4.924259  -0.000000   -0.000723 -0.005003 -0.000000
   C   6.082478  -2.840791  -0.000000    0.008945 -0.005994 -0.000000
   C   7.273557  -0.677496  -0.000000    0.007676  0.000409 -0.000000
   C   7.257978  -4.957351  -0.000000    0.013171 -0.012778 -0.000000
   H   8.123804   5.575918  -0.000000   -0.033382  0.013013 -0.000000
   H   8.262403   3.113930  -0.000000    0.025647  0.016295 -0.000000
   H   8.239265   1.194465  -0.000000    0.025289 -0.002355 -0.000000
   H   8.209805  -1.210925  -0.000000    0.005534 -0.003523 -0.000000
   H   8.214115  -3.054288  -0.000000    0.008734 -0.012700 -0.000000
   H   8.193156  -5.502451  -0.000000    0.011928 -0.016997 -0.000000
   H  -8.206169   5.508424  -0.000000    0.007615 -0.003590 -0.000000
   H  -8.247371   3.077639  -0.000000   -0.013925 -0.004740 -0.000000
   H  -8.250368   1.066321  -0.000000   -0.027701  0.056071 -0.000000
   H  -8.027221  -1.230908  -0.000000   -0.010023  0.044231 -0.000000
   H  -8.280738  -3.068149   0.000000   -0.016569  0.025314  0.000000
   H  -8.146079  -5.513869   0.000000    0.024947  0.034006  0.000000
   H  -6.067950   6.738113  -0.000000   -0.006842  0.018262  0.000000
   H  -3.583861   6.675805  -0.000000   -0.003279  0.005854  0.000000
   H  -1.259244   6.662324  -0.000000   -0.010198 -0.001876  0.000000
   H   1.230268   6.682535   0.000000   -0.009983  0.012352  0.000000
   H   3.742999   6.628353   0.000000   -0.017689  0.022270  0.000000
   H   5.900803   6.674277   0.000000   -0.026255  0.012047 -0.000000
   H  -5.952147  -6.654655   0.000000   -0.018068 -0.036275  0.000000
   H  -3.771786  -6.632923   0.000000    0.004900 -0.015166  0.000000
   H  -1.250714  -6.694258   0.000000    0.008635 -0.019264 -0.000000
   H   1.235478  -6.676296   0.000000    0.004232 -0.012542 -0.000000
   H   3.623656  -6.678793  -0.000000    0.007800 -0.018953 -0.000000
   H   6.029340  -6.710092  -0.000000   -0.001228  0.001174 -0.000000
converged SCF energy = -3150.53895429126
--------------- RKS_Scanner gradients ---------------
         x                y                z
0 C    -0.0024458856    -0.0002073512     0.0000000000
1 C     0.0020493638    -0.0042613608    -0.0000000000
2 C     0.0016008992    -0.0014528259    -0.0000000000
3 C    -0.0007794939    -0.0002015455     0.0000000000
4 C     0.0015576186    -0.0008869891    -0.0000000000
5 C    -0.0013596025     0.0003734619    -0.0000000000
6 C    -0.0021961125    -0.0007495025    -0.0000000000
7 C     0.0002204990    -0.0016509678    -0.0000000000
8 C    -0.0015260469     0.0004724299    -0.0000000000
9 C     0.0031446915     0.0030929699     0.0000000000
10 C    -0.0002900057     0.0001651102    -0.0000000000
11 C    -0.0001760666    -0.0011683746     0.0000000000
12 C     0.0001469981    -0.0006893787     0.0000000000
13 C     0.0000857003     0.0020585214     0.0000000000
14 C    -0.0034567949    -0.0000557577     0.0000000000
15 C    -0.0019400634     0.0001979494    -0.0000000000
16 C     0.0014160548     0.0004457015    -0.0000000000
17 C     0.0023633919     0.0000066561     0.0000000000
18 C     0.0009159483    -0.0018065915     0.0000000000
19 C     0.0015498318    -0.0014798776     0.0000000000
20 C    -0.0000172431     0.0013617266     0.0000000000
21 C    -0.0002053830     0.0011886238    -0.0000000000
22 C     0.0005573402    -0.0000817079    -0.0000000000
23 C     0.0000567611     0.0008166264    -0.0000000000
24 N    -0.0006447664    -0.0003482533    -0.0000000000
25 C     0.0000585395    -0.0011308055     0.0000000000
26 N     0.0040725089     0.0036096119     0.0000000000
27 C     0.0006255593     0.0004685559    -0.0000000000
28 C    -0.0000909060    -0.0008173857    -0.0000000000
29 N    -0.0014365241     0.0003061600     0.0000000000
30 C    -0.0024280735    -0.0007013156    -0.0000000000
31 C    -0.0004886522    -0.0000445328     0.0000000000
32 C     0.0011859518     0.0018104762    -0.0000000000
33 C     0.0000701038     0.0023295223    -0.0000000000
34 C    -0.0020267059    -0.0002704730     0.0000000000
35 C    -0.0004347196     0.0007979223    -0.0000000000
36 C    -0.0022665187    -0.0001510992     0.0000000000
37 C     0.0011156572    -0.0022875298     0.0000000000
38 C     0.0007023957     0.0003908317     0.0000000000
39 C     0.0009290328     0.0013897460     0.0000000000
40 C     0.0015262322    -0.0013267254    -0.0000000000
41 N    -0.0033405887    -0.0017336279     0.0000000000
42 C     0.0010067521     0.0030452385     0.0000000000
43 C    -0.0001141608     0.0005024843     0.0000000000
44 C     0.0028012566    -0.0003313254    -0.0000000000
45 C    -0.0023209773    -0.0016900995    -0.0000000000
46 C    -0.0003224295     0.0009319676     0.0000000000
47 N    -0.0002391934     0.0020331303     0.0000000000
48 C    -0.0001159925     0.0029618057    -0.0000000000
49 N     0.0015335189    -0.0010468378    -0.0000000000
50 C     0.0005165216     0.0010687588     0.0000000000
51 N     0.0017599788    -0.0017892180     0.0000000000
52 C    -0.0008210945    -0.0007049806    -0.0000000000
53 C    -0.0018748793     0.0008397701    -0.0000000000
54 C    -0.0008189944     0.0001859281    -0.0000000000
55 C     0.0005738389    -0.0010217179    -0.0000000000
56 C    -0.0002281591    -0.0022724493    -0.0000000000
57 C    -0.0012182382     0.0002379749     0.0000000000
58 C    -0.0008404848     0.0004243698     0.0000000000
59 N    -0.0006522465     0.0002579167    -0.0000000000
60 C    -0.0011938932     0.0000677606    -0.0000000000
61 C    -0.0008814011     0.0005663015    -0.0000000000
62 C     0.0023693593    -0.0044258973    -0.0000000000
63 C     0.0004827036    -0.0010056598     0.0000000000
64 C    -0.0005810330     0.0013389185     0.0000000000
65 N     0.0002218776    -0.0010952405     0.0000000000
66 C    -0.0006167302     0.0009199721    -0.0000000000
67 C    -0.0027133461     0.0017646915     0.0000000000
68 C    -0.0010995019    -0.0010959566    -0.0000000000
69 C    -0.0007497327     0.0004293352     0.0000000000
70 N     0.0024148645     0.0019440660    -0.0000000000
71 C     0.0011583217    -0.0010039159     0.0000000000
72 C     0.0011876740    -0.0001743801    -0.0000000000
73 C    -0.0030304558    -0.0003255184    -0.0000000000
74 C     0.0026128426    -0.0003776669     0.0000000000
75 C    -0.0005703680    -0.0006635224     0.0000000000
76 C     0.0019274670    -0.0013895675     0.0000000000
77 C    -0.0018214724     0.0007961262    -0.0000000000
78 H    -0.0003013548    -0.0001229368    -0.0000000000
79 H    -0.0006712533     0.0004908614     0.0000000000
80 H    -0.0005506036    -0.0005972635    -0.0000000000
81 H    -0.0001545406     0.0002155030    -0.0000000000
82 H    -0.0005417092    -0.0000736205     0.0000000000
83 H    -0.0005796510     0.0001380694     0.0000000000
84 H     0.0001386746    -0.0000807593    -0.0000000000
85 H     0.0003357571     0.0006432369     0.0000000000
86 H     0.0010177597    -0.0006149398    -0.0000000000
87 H     0.0045630064     0.0027474938     0.0000000000
88 H     0.0004609941    -0.0005125476     0.0000000000
89 H     0.0002738246     0.0002796679    -0.0000000000
90 H    -0.0001339443    -0.0004743705     0.0000000000
91 H    -0.0002701142    -0.0004291856     0.0000000000
92 H    -0.0000558367    -0.0000542476    -0.0000000000
93 H    -0.0000929928    -0.0007166940     0.0000000000
94 H     0.0006295421    -0.0009174270     0.0000000000
95 H     0.0002109344    -0.0004204444     0.0000000000
96 H    -0.0000130623     0.0004997886    -0.0000000000
97 H    -0.0004717074     0.0004020603     0.0000000000
98 H    -0.0001848993     0.0005456066    -0.0000000000
99 H    -0.0001813985     0.0004914665    -0.0000000000
100 H     0.0002015625     0.0008116826     0.0000000000
101 H     0.0002132923     0.0000258257    -0.0000000000
----------------------------------------------
cycle 4: E = -3150.53895429  dE = -0.00847795  norm(grad) = 0.019853

Geometry optimization cycle 5
Cartesian coordinates (Angstrom)
 Atom        New coordinates             dX        dY        dZ
   C  -7.269109   4.959213  -0.000000   -0.001505 -0.007551 -0.000000
   C  -7.266656   0.648243  -0.000000   -0.007565 -0.001979 -0.000000
   C  -6.118257   2.825393  -0.000000   -0.005940 -0.005909 -0.000000
   C  -4.862867   4.957288  -0.000000   -0.004505 -0.002034 -0.000000
   C  -7.318792  -3.534112   0.000000   -0.008852  0.006493  0.000000
   C  -6.031001  -1.409779   0.000000   -0.000881  0.000931  0.000000
   C  -4.854339   0.718302  -0.000000    0.002848 -0.004105  0.000000
   C  -3.657513   2.825428  -0.000000   -0.002721 -0.001898  0.000000
   C  -2.425020   4.908449  -0.000000   -0.000209 -0.000098  0.000000
   C  -6.066182  -5.577323   0.000000   -0.020872  0.004200  0.000000
   C  -4.878069  -3.505026   0.000000   -0.005382  0.000343  0.000000
   C  -3.642617  -1.394823   0.000000    0.004141 -0.000546  0.000000
   C  -2.418086   0.713846   0.000000    0.006137 -0.000315  0.000000
   C  -1.217993   2.811732   0.000000    0.002225  0.001765  0.000000
   C   0.022166   4.941308   0.000000    0.010936  0.009246  0.000000
   C  -3.691267  -5.558293   0.000000   -0.006345 -0.001185  0.000000
   C  -2.431975  -3.499547   0.000000   -0.002764 -0.005171  0.000000
   C  -1.200473  -1.400079   0.000000    0.002586 -0.002599  0.000000
   C   0.027069   0.710010   0.000000    0.008032  0.003074  0.000000
   C   1.221409   2.787685   0.000000    0.004590  0.007212  0.000000
   C   2.435617   4.911978   0.000000    0.000705  0.008263  0.000000
   C  -1.245830  -5.622150   0.000000   -0.002503 -0.010780  0.000000
   C   0.001865  -3.512730   0.000000   -0.000834 -0.004861  0.000000
   C   1.213109  -1.385920   0.000000    0.004531 -0.003775  0.000000
   N   2.459575   0.699776   0.000000    0.011917  0.003743  0.000000
   C   3.656812   2.789568   0.000000    0.010805  0.003266  0.000000
   N   4.834362   4.892372   0.000000   -0.009900 -0.001464  0.000000
   C   1.205063  -5.601153   0.000000   -0.004324 -0.007150  0.000000
   C   2.440145  -3.491384   0.000000    0.000821 -0.007488  0.000000
   N   3.657297  -1.400941   0.000000    0.005054  0.001090  0.000000
   C   4.881308   0.704595   0.000000    0.018591  0.005744  0.000000
   C   6.135592   2.845819   0.000000    0.021472  0.006327  0.000000
   C   7.228450   4.975221   0.000000    0.000455  0.005072  0.000000
   C   3.626871  -5.613281  -0.000000   -0.003190 -0.016075 -0.000000
   C   4.861757  -3.500652  -0.000000    0.001920  0.003073 -0.000000
   C   6.075928  -1.392734  -0.000000    0.004925  0.002675 -0.000000
   C   7.310443   0.693625  -0.000000    0.022014  0.008078  0.000000
   C   6.059487  -5.615139  -0.000000   -0.007774  0.012790 -0.000000
   C   7.271786  -3.570145  -0.000000    0.004329 -0.001362 -0.000000
   C  -7.295417   3.565248  -0.000000   -0.007527 -0.008813 -0.000000
   C  -6.087530   5.654361  -0.000000   -0.005577 -0.001333 -0.000000
   N  -7.194911  -0.703649  -0.000000   -0.009537 -0.006063 -0.000000
   C  -6.110962   1.385910  -0.000000   -0.002099 -0.008094 -0.000000
   C  -4.872736   3.524915  -0.000000   -0.005578 -0.003446 -0.000000
   C  -3.635984   5.593941  -0.000000   -0.004482 -0.001813 -0.000000
   C  -7.261764  -4.915472   0.000000   -0.020468  0.005734  0.000000
   C  -6.105609  -2.808695   0.000000   -0.005727  0.001327  0.000000
   N  -4.832328  -0.717418   0.000000    0.002144 -0.003041  0.000000
   C  -3.652841   1.397691   0.000000    0.003625 -0.004157  0.000000
   N  -2.448359   3.497515   0.000000   -0.002358  0.000306  0.000000
   C  -1.215898   5.577990   0.000000    0.002679 -0.003802  0.000000
   N  -4.860362  -4.889675   0.000000   -0.012132 -0.000973  0.000000
   C  -3.651341  -2.810176   0.000000   -0.001555 -0.001463  0.000000
   C  -2.406458  -0.695697   0.000000    0.005152 -0.001482  0.000000
   C  -1.214753   1.403238   0.000000    0.007221  0.001203  0.000000
   C  -0.006844   3.501862   0.000000    0.003291  0.007972  0.000000
   C   1.231809   5.617964   0.000000    0.006402  0.018188  0.000000
   C  -2.441905  -4.924567   0.000000   -0.001955 -0.006781  0.000000
   C  -1.200177  -2.812147   0.000000   -0.000670 -0.004239  0.000000
   N   0.026292  -0.723251   0.000000    0.004425 -0.000251  0.000000
   C   1.220638   1.373113   0.000000    0.010300  0.004802  0.000000
   C   2.430937   3.498118   0.000000    0.008874  0.005334  0.000000
   C   3.661934   5.569241   0.000000   -0.004501  0.016387  0.000000
   C  -0.013852  -4.947400   0.000000   -0.004584 -0.005371  0.000000
   C   1.231525  -2.802364   0.000000    0.001325 -0.006407  0.000000
   N   2.402093  -0.707263   0.000000    0.005127  0.001853  0.000000
   C   3.674810   1.395644   0.000000    0.014730  0.002024  0.000000
   C   4.888994   3.497596   0.000000    0.014226 -0.001551  0.000000
   C   6.009783   5.599272   0.000000   -0.005321 -0.003002  0.000000
   C   2.428606  -4.923843   0.000000   -0.001006 -0.010434  0.000000
   N   3.636906  -2.818040  -0.000000   -0.001251 -0.001538  0.000000
   C   4.869000  -0.711172   0.000000    0.005525  0.004747  0.000000
   C   6.119411   1.414447   0.000000    0.019170  0.006107  0.000000
   C   7.321996   3.600992   0.000000    0.023445  0.006493  0.000000
   C   4.832301  -4.920900  -0.000000   -0.012372  0.003358 -0.000000
   C   6.087640  -2.839061  -0.000000    0.005162  0.001730 -0.000000
   C   7.275869  -0.669794  -0.000000    0.002312  0.007702 -0.000000
   C   7.260223  -4.959314  -0.000000    0.002245 -0.001963 -0.000000
   H   8.118270   5.591221   0.000000   -0.005534  0.015303  0.000000
   H   8.290717   3.127199  -0.000000    0.028314  0.013269  0.000000
   H   8.264718   1.198974   0.000000    0.025453  0.004509  0.000000
   H   8.209560  -1.209046  -0.000000   -0.000246  0.001879 -0.000000
   H   8.220898  -3.057831  -0.000000    0.006783 -0.003543 -0.000000
   H   8.192862  -5.510571  -0.000000   -0.000295 -0.008120 -0.000000
   H  -8.208503   5.500534  -0.000000   -0.002335 -0.007889 -0.000000
   H  -8.255211   3.067697  -0.000000   -0.007841 -0.009942 -0.000000
   H  -8.257579   1.069404  -0.000000   -0.007211  0.003082 -0.000000
   H  -8.043521  -1.243462  -0.000000   -0.016300 -0.012554 -0.000000
   H  -8.286683  -3.053966   0.000000   -0.005945  0.014183  0.000000
   H  -8.170460  -5.504248   0.000000   -0.024381  0.009621  0.000000
   H  -6.075711   6.737513  -0.000000   -0.007760 -0.000600 -0.000000
   H  -3.588339   6.674796  -0.000000   -0.004479 -0.001010 -0.000000
   H  -1.259592   6.658621   0.000000   -0.000348 -0.003703  0.000000
   H   1.238221   6.701949   0.000000    0.007952  0.019414  0.000000
   H   3.737128   6.646246   0.000000   -0.005871  0.017892  0.000000
   H   5.893629   6.671827   0.000000   -0.007174 -0.002450  0.000000
   H  -5.978357  -6.651523   0.000000   -0.026210  0.003132  0.000000
   H  -3.775425  -6.635092   0.000000   -0.003640 -0.002169  0.000000
   H  -1.251478  -6.706028   0.000000   -0.000765 -0.011770  0.000000
   H   1.229626  -6.684402   0.000000   -0.005852 -0.008106  0.000000
   H   3.625154  -6.696267  -0.000000    0.001498 -0.017474 -0.000000
   H   6.017320  -6.697402  -0.000000   -0.012020  0.012690 -0.000000
converged SCF energy = -3150.53896517669
--------------- RKS_Scanner gradients ---------------
         x                y                z
0 C     0.0001407839    -0.0010278995     0.0000000000
1 C     0.0001499010    -0.0014288559    -0.0000000000
2 C     0.0005302672    -0.0006126148    -0.0000000000
3 C    -0.0012021335     0.0000695888    -0.0000000000
4 C     0.0026956339    -0.0013426318     0.0000000000
5 C     0.0011286757     0.0012662375     0.0000000000
6 C    -0.0005549411    -0.0005314652    -0.0000000000
7 C    -0.0004831149    -0.0014065319     0.0000000000
8 C    -0.0009750846     0.0011048419     0.0000000000
9 C    -0.0003622876     0.0040378334    -0.0000000000
10 C     0.0001447021     0.0006813197     0.0000000000
11 C     0.0018924182     0.0007865083    -0.0000000000
12 C     0.0004655590    -0.0002072980    -0.0000000000
13 C    -0.0007242996    -0.0004690656    -0.0000000000
14 C     0.0023186743     0.0008384158     0.0000000000
15 C     0.0017367597     0.0007888751     0.0000000000
16 C    -0.0001294394     0.0000176422     0.0000000000
17 C     0.0012817086    -0.0001644786     0.0000000000
18 C    -0.0004231345    -0.0005726762    -0.0000000000
19 C    -0.0006794192     0.0003842761    -0.0000000000
20 C    -0.0014079093    -0.0002863873    -0.0000000000
21 C     0.0008528147    -0.0009973023     0.0000000000
22 C     0.0016348581     0.0001125464     0.0000000000
23 C    -0.0002651765    -0.0016949021     0.0000000000
24 N     0.0011108564     0.0010791184    -0.0000000000
25 C    -0.0004415756     0.0016516030     0.0000000000
26 N    -0.0048580686    -0.0026240429    -0.0000000000
27 C     0.0002270412    -0.0002369091    -0.0000000000
28 C    -0.0004260442    -0.0016634566     0.0000000000
29 N     0.0002805114    -0.0008817432     0.0000000000
30 C     0.0013628088     0.0004180295     0.0000000000
31 C     0.0013363215     0.0008279503     0.0000000000
32 C     0.0000401183     0.0001328824     0.0000000000
33 C     0.0005458401    -0.0031776504     0.0000000000
34 C     0.0015920740     0.0011345375    -0.0000000000
35 C     0.0000033536    -0.0010843506    -0.0000000000
36 C     0.0021063451     0.0017299400     0.0000000000
37 C    -0.0010387338     0.0023713108     0.0000000000
38 C    -0.0003569449    -0.0001881392    -0.0000000000
39 C    -0.0010420717     0.0003676833    -0.0000000000
40 C     0.0007156220     0.0003827657    -0.0000000000
41 N    -0.0000686716    -0.0019331372    -0.0000000000
42 C     0.0018131498     0.0014324157     0.0000000000
43 C    -0.0009106233     0.0006746898     0.0000000000
44 C     0.0007305363    -0.0006440838    -0.0000000000
45 C    -0.0041593638    -0.0026043360     0.0000000000
46 C    -0.0022902852     0.0013512105    -0.0000000000
47 N     0.0013394485     0.0008945690     0.0000000000
48 C     0.0007886804     0.0009555920     0.0000000000
49 N     0.0003941190     0.0006695192    -0.0000000000
50 C     0.0010306963    -0.0021248553    -0.0000000000
51 N    -0.0004992756    -0.0012237870     0.0000000000
52 C    -0.0006340952     0.0004807893    -0.0000000000
53 C    -0.0010697244    -0.0001683578     0.0000000000
54 C     0.0002155558    -0.0005099106     0.0000000000
55 C    -0.0013104595     0.0009087173     0.0000000000
56 C     0.0017527529     0.0023882721    -0.0000000000
57 C     0.0008269871    -0.0006231411    -0.0000000000
58 C    -0.0010029341     0.0000582350    -0.0000000000
59 N    -0.0012447687     0.0010969467    -0.0000000000
60 C     0.0008645457     0.0001236458     0.0000000000
61 C     0.0012267970    -0.0014306940    -0.0000000000
62 C    -0.0006253150     0.0037746403    -0.0000000000
63 C    -0.0012065286     0.0003330314    -0.0000000000
64 C    -0.0007075050    -0.0000536538    -0.0000000000
65 N     0.0008729604     0.0003610466     0.0000000000
66 C     0.0007268868    -0.0015986648    -0.0000000000
67 C     0.0029621875    -0.0020940980    -0.0000000000
68 C    -0.0006456099    -0.0012782869    -0.0000000000
69 C     0.0006598740     0.0012010809    -0.0000000000
70 N    -0.0006645277     0.0001539008    -0.0000000000
71 C    -0.0007458536     0.0014175439     0.0000000000
72 C     0.0002215695    -0.0009102206    -0.0000000000
73 C     0.0013601575    -0.0005128682    -0.0000000000
74 C    -0.0044408852     0.0009213349    -0.0000000000
75 C     0.0003326164     0.0005659652     0.0000000000
76 C    -0.0025678517     0.0008159904    -0.0000000000
77 C     0.0016662513    -0.0011345724     0.0000000000
78 H     0.0002643729    -0.0003067229    -0.0000000000
79 H     0.0004711713    -0.0000463524     0.0000000000
80 H     0.0004756885     0.0003420565    -0.0000000000
81 H    -0.0000963069     0.0003569197     0.0000000000
82 H     0.0001504992    -0.0001501593     0.0000000000
83 H     0.0004200837    -0.0000731994    -0.0000000000
84 H     0.0000113483    -0.0000103827     0.0000000000
85 H    -0.0001944136    -0.0001642791     0.0000000000
86 H    -0.0002143865    -0.0000097607    -0.0000000000
87 H    -0.0032466235    -0.0017427069     0.0000000000
88 H     0.0000728283     0.0000532384    -0.0000000000
89 H    -0.0006092536    -0.0001358532     0.0000000000
90 H     0.0000383093     0.0001754543    -0.0000000000
91 H    -0.0001110048     0.0000529080     0.0000000000
92 H     0.0002472457    -0.0002729987     0.0000000000
93 H     0.0000163020     0.0005650901     0.0000000000
94 H    -0.0005542390     0.0006997996    -0.0000000000
95 H    -0.0002656437    -0.0000091689    -0.0000000000
96 H    -0.0004334614     0.0001537845     0.0000000000
97 H     0.0001828739    -0.0000142062    -0.0000000000
98 H    -0.0000971834    -0.0003394559     0.0000000000
99 H    -0.0001360944    -0.0001339721    -0.0000000000
100 H    -0.0002102868    -0.0006795935    -0.0000000000
101 H    -0.0001024741     0.0003298411    -0.0000000000
----------------------------------------------
cycle 5: E = -3150.53896518  dE = -1.08854e-05  norm(grad) = 0.0176875

Geometry optimization cycle 6
Cartesian coordinates (Angstrom)
 Atom        New coordinates             dX        dY        dZ
   C  -7.269676   4.965665  -0.000000   -0.000568  0.006453 -0.000000
   C  -7.269495   0.656759  -0.000000   -0.002840  0.008515 -0.000000
   C  -6.118784   2.829446  -0.000000   -0.000527  0.004054 -0.000000
   C  -4.862365   4.959672  -0.000000    0.000502  0.002383 -0.000000
   C  -7.317688  -3.531580   0.000000    0.001104  0.002532  0.000000
   C  -6.031794  -1.408900   0.000000   -0.000794  0.000879  0.000000
   C  -4.856830   0.719180  -0.000000   -0.002491  0.000878 -0.000000
   C  -3.658678   2.826574  -0.000000   -0.001165  0.001147 -0.000000
   C  -2.425964   4.908717  -0.000000   -0.000944  0.000268 -0.000000
   C  -6.058480  -5.585654   0.000000    0.007702 -0.008330  0.000000
   C  -4.876590  -3.506834   0.000000    0.001479 -0.001808  0.000000
   C  -3.645103  -1.395617   0.000000   -0.002486 -0.000794 -0.000000
   C  -2.421501   0.713337   0.000000   -0.003415 -0.000509 -0.000000
   C  -1.220738   2.810445   0.000000   -0.002744 -0.001287 -0.000000
   C   0.016946   4.937735   0.000000   -0.005219 -0.003573  0.000000
   C  -3.688981  -5.559536   0.000000    0.002287 -0.001243  0.000000
   C  -2.431200  -3.499091   0.000000    0.000775  0.000456  0.000000
   C  -1.202563  -1.400448   0.000000   -0.002090 -0.000369 -0.000000
   C   0.023178   0.709201   0.000000   -0.003891 -0.000808 -0.000000
   C   1.218052   2.785705   0.000000   -0.003357 -0.001980  0.000000
   C   2.435897   4.909055   0.000000    0.000280 -0.002923  0.000000
   C  -1.244539  -5.619296   0.000000    0.001291  0.002854  0.000000
   C   0.002242  -3.512448   0.000000    0.000377  0.000281 -0.000000
   C   1.211637  -1.385582   0.000000   -0.001472  0.000338 -0.000000
   N   2.454013   0.698099   0.000000   -0.005562 -0.001677 -0.000000
   C   3.651987   2.789277   0.000000   -0.004825 -0.000292  0.000000
   N   4.841553   4.895961   0.000000    0.007191  0.003589  0.000000
   C   1.207760  -5.600571   0.000000    0.002697  0.000582 -0.000000
   C   2.441006  -3.489791   0.000000    0.000862  0.001593 -0.000000
   N   3.656049  -1.402481  -0.000000   -0.001248 -0.001540 -0.000000
   C   4.872989   0.702435   0.000000   -0.008319 -0.002160  0.000000
   C   6.126191   2.844123   0.000000   -0.009400 -0.001696  0.000000
   C   7.231651   4.972192   0.000000    0.003201 -0.003029  0.000000
   C   3.630797  -5.607501  -0.000000    0.003926  0.005780 -0.000000
   C   4.863270  -3.503980  -0.000000    0.001514 -0.003328 -0.000000
   C   6.075203  -1.393627  -0.000000   -0.000724 -0.000893 -0.000000
   C   7.299934   0.690556   0.000000   -0.010508 -0.003069  0.000000
   C   6.067349  -5.622026  -0.000000    0.007862 -0.006887 -0.000000
   C   7.272477  -3.568324  -0.000000    0.000691  0.001821 -0.000000
   C  -7.294095   3.571452  -0.000000    0.001322  0.006203 -0.000000
   C  -6.086937   5.657629  -0.000000    0.000593  0.003268 -0.000000
   N  -7.190827  -0.694574  -0.000000    0.004084  0.009074 -0.000000
   C  -6.112861   1.389604  -0.000000   -0.001898  0.003693 -0.000000
   C  -4.872349   3.527072  -0.000000    0.000387  0.002157 -0.000000
   C  -3.636216   5.595946  -0.000000   -0.000232  0.002005 -0.000000
   C  -7.247109  -4.912185   0.000000    0.014656  0.003288  0.000000
   C  -6.103165  -2.808472   0.000000    0.002444  0.000223  0.000000
   N  -4.833923  -0.717736   0.000000   -0.001595 -0.000318 -0.000000
   C  -3.655832   1.397742  -0.000000   -0.002991  0.000051 -0.000000
   N  -2.449970   3.497644  -0.000000   -0.001611  0.000128 -0.000000
   C  -1.218478   5.580185   0.000000   -0.002580  0.002195 -0.000000
   N  -4.857014  -4.891542   0.000000    0.003348 -0.001866  0.000000
   C  -3.650770  -2.811049   0.000000    0.000571 -0.000874  0.000000
   C  -2.408249  -0.696211   0.000000   -0.001790 -0.000514 -0.000000
   C  -1.218536   1.402535   0.000000   -0.003783 -0.000703 -0.000000
   C  -0.009924   3.498922   0.000000   -0.003080 -0.002940 -0.000000
   C   1.228535   5.610313   0.000000   -0.003274 -0.007651  0.000000
   C  -2.441086  -4.923388   0.000000    0.000819  0.001179  0.000000
   C  -1.199459  -2.812220   0.000000    0.000718 -0.000073 -0.000000
   N   0.024846  -0.724337   0.000000   -0.001446 -0.001086 -0.000000
   C   1.215794   1.371589   0.000000   -0.004844 -0.001524 -0.000000
   C   2.426374   3.496932   0.000000   -0.004564 -0.001186  0.000000
   C   3.664306   5.563517   0.000000    0.002372 -0.005724  0.000000
   C  -0.011101  -4.946925   0.000000    0.002752  0.000475  0.000000
   C   1.232132  -2.801744   0.000000    0.000607  0.000619 -0.000000
   N   2.399864  -0.708525   0.000000   -0.002229 -0.001262 -0.000000
   C   3.668069   1.395494   0.000000   -0.006741 -0.000149  0.000000
   C   4.882873   3.500521   0.000000   -0.006121  0.002925  0.000000
   C   6.017191   5.603188   0.000000    0.007408  0.003916  0.000000
   C   2.430541  -4.921867  -0.000000    0.001935  0.001976 -0.000000
   N   3.638410  -2.819829  -0.000000    0.001504 -0.001789 -0.000000
   C   4.867235  -0.713505  -0.000000   -0.001765 -0.002334 -0.000000
   C   6.109630   1.412999   0.000000   -0.009781 -0.001448  0.000000
   C   7.313840   3.597488   0.000000   -0.008156 -0.003504  0.000000
   C   4.841722  -4.924601  -0.000000    0.009421 -0.003700 -0.000000
   C   6.087189  -2.839833  -0.000000   -0.000451 -0.000771 -0.000000
   C   7.276263  -0.672657  -0.000000    0.000394 -0.002863 -0.000000
   C   7.262741  -4.957326  -0.000000    0.002519  0.001988 -0.000000
   H   8.125007   5.583070   0.000000    0.006736 -0.008151  0.000000
   H   8.279697   3.118580   0.000000   -0.011020 -0.008619  0.000000
   H   8.252161   1.198963   0.000000   -0.012558 -0.000011  0.000000
   H   8.211302  -1.209859  -0.000000    0.001742 -0.000813 -0.000000
   H   8.220457  -3.053989  -0.000000   -0.000442  0.003842 -0.000000
   H   8.197422  -5.504569  -0.000000    0.004560  0.006002 -0.000000
   H  -8.208802   5.507519  -0.000000   -0.000298  0.006985 -0.000000
   H  -8.253871   3.074302  -0.000000    0.001341  0.006605 -0.000000
   H  -8.260867   1.076532  -0.000000   -0.003288  0.007128 -0.000000
   H  -8.037347  -1.233280  -0.000000    0.006175  0.010182  0.000000
   H  -8.287615  -3.055676   0.000000   -0.000933 -0.001710  0.000000
   H  -8.155033  -5.501605   0.000000    0.015427  0.002642  0.000000
   H  -6.073542   6.740604  -0.000000    0.002168  0.003091 -0.000000
   H  -3.587017   6.676688  -0.000000    0.001322  0.001893 -0.000000
   H  -1.261554   6.660974  -0.000000   -0.001962  0.002353 -0.000000
   H   1.234423   6.693931   0.000000   -0.003798 -0.008018  0.000000
   H   3.738377   6.640134   0.000000    0.001249 -0.006112  0.000000
   H   5.904344   6.676025   0.000000    0.010715  0.004198  0.000000
   H  -5.971322  -6.659925   0.000000    0.007035 -0.008402  0.000000
   H  -3.772670  -6.636348   0.000000    0.002755 -0.001255  0.000000
   H  -1.250062  -6.702943   0.000000    0.001416  0.003084  0.000000
   H   1.233676  -6.683717   0.000000    0.004050  0.000685 -0.000000
   H   3.626922  -6.690036  -0.000000    0.001768  0.006231 -0.000000
   H   6.027897  -6.704586  -0.000000    0.010577 -0.007184 -0.000000
converged SCF energy = -3150.53949973409
--------------- RKS_Scanner gradients ---------------
         x                y                z
0 C    -0.0005028515    -0.0004083039     0.0000000000
1 C    -0.0016386011    -0.0001459305     0.0000000000
2 C    -0.0001625194    -0.0007869434     0.0000000000
3 C    -0.0007181145     0.0001673169    -0.0000000000
4 C    -0.0005403752     0.0003982242    -0.0000000000
5 C    -0.0004258088    -0.0003667964    -0.0000000000
6 C    -0.0002348248    -0.0002274819    -0.0000000000
7 C    -0.0002707376    -0.0007537789     0.0000000000
8 C    -0.0005634923     0.0004097726     0.0000000000
9 C     0.0002184525    -0.0010125192    -0.0000000000
10 C     0.0003669044     0.0002756119     0.0000000000
11 C     0.0007208886     0.0003517769    -0.0000000000
12 C     0.0004187292    -0.0001903700    -0.0000000000
13 C    -0.0003564281    -0.0000764506    -0.0000000000
14 C     0.0001527232     0.0003383644    -0.0000000000
15 C     0.0006494727     0.0000709605     0.0000000000
16 C     0.0000100795     0.0001487441     0.0000000000
17 C     0.0006148935    -0.0000942205    -0.0000000000
18 C    -0.0001438550    -0.0001302298    -0.0000000000
19 C    -0.0001318501    -0.0000372177    -0.0000000000
20 C    -0.0004691948     0.0004409018    -0.0000000000
21 C     0.0001414734    -0.0001059276     0.0000000000
22 C     0.0006648218     0.0000872679    -0.0000000000
23 C    -0.0002248079    -0.0005060109    -0.0000000000
24 N     0.0004483559     0.0001411465    -0.0000000000
25 C    -0.0000929000     0.0003307303    -0.0000000000
26 N     0.0000649684    -0.0001116027     0.0000000000
27 C     0.0000049869    -0.0001146425    -0.0000000000
28 C    -0.0004054120    -0.0007786386    -0.0000000000
29 N    -0.0001402231    -0.0002837995     0.0000000000
30 C     0.0002311224     0.0000399743    -0.0000000000
31 C     0.0004700847     0.0003525712    -0.0000000000
32 C     0.0000925543     0.0003719415     0.0000000000
33 C     0.0001333000    -0.0004889518     0.0000000000
34 C    -0.0001718597     0.0001576024     0.0000000000
35 C     0.0003969102    -0.0001413573    -0.0000000000
36 C    -0.0000379167     0.0004238383    -0.0000000000
37 C    -0.0000472212     0.0001764959    -0.0000000000
38 C     0.0000697304     0.0001970798     0.0000000000
39 C    -0.0001441622     0.0008147793    -0.0000000000
40 C     0.0005423420    -0.0002225347     0.0000000000
41 N     0.0015836835     0.0009263540    -0.0000000000
42 C     0.0014462783    -0.0001634104    -0.0000000000
43 C    -0.0002773578     0.0003106581    -0.0000000000
44 C     0.0006007241    -0.0003126333     0.0000000000
45 C     0.0008886638     0.0006193449     0.0000000000
46 C    -0.0002548764    -0.0003243268     0.0000000000
47 N     0.0006241942     0.0002015688    -0.0000000000
48 C     0.0001246724     0.0004069542     0.0000000000
49 N     0.0001374646     0.0003377131    -0.0000000000
50 C     0.0006975990    -0.0006023459    -0.0000000000
51 N    -0.0015776754     0.0002482933     0.0000000000
52 C    -0.0001626790     0.0000822959     0.0000000000
53 C    -0.0005312556     0.0000724372     0.0000000000
54 C     0.0000850993    -0.0003127305     0.0000000000
55 C    -0.0006452499     0.0002181328     0.0000000000
56 C     0.0007004698     0.0002499247     0.0000000000
57 C     0.0001358000    -0.0002400101    -0.0000000000
58 C    -0.0002990671     0.0001166780     0.0000000000
59 N    -0.0005641232     0.0001880622     0.0000000000
60 C     0.0001616157     0.0000654896     0.0000000000
61 C     0.0000492802    -0.0003452062     0.0000000000
62 C    -0.0006241213     0.0001074042    -0.0000000000
63 C    -0.0001819661    -0.0000325569     0.0000000000
64 C    -0.0001153858    -0.0003054704     0.0000000000
65 N     0.0004881562     0.0001163074     0.0000000000
66 C    -0.0000731855    -0.0004283353     0.0000000000
67 C    -0.0002746929    -0.0003285806     0.0000000000
68 C     0.0006389053    -0.0003323658    -0.0000000000
69 C    -0.0000021255     0.0005390654    -0.0000000000
70 N     0.0002552539     0.0004953984     0.0000000000
71 C    -0.0002700873     0.0002546445     0.0000000000
72 C    -0.0002693030     0.0000806170     0.0000000000
73 C     0.0000591016    -0.0001442161     0.0000000000
74 C    -0.0003659413    -0.0000943975     0.0000000000
75 C     0.0002252621     0.0000437366    -0.0000000000
76 C    -0.0003804289    -0.0002265767     0.0000000000
77 C     0.0000017065    -0.0000795276     0.0000000000
78 H     0.0001399127    -0.0000387017    -0.0000000000
79 H     0.0001768835    -0.0000297802    -0.0000000000
80 H     0.0001195857     0.0001022618     0.0000000000
81 H     0.0001020005    -0.0000507821    -0.0000000000
82 H     0.0001337671     0.0001056632     0.0000000000
83 H     0.0000562001     0.0000148405     0.0000000000
84 H    -0.0000666907     0.0000815441     0.0000000000
85 H     0.0000061240    -0.0000463515     0.0000000000
86 H    -0.0002033469     0.0002098486    -0.0000000000
87 H    -0.0011396634    -0.0005548240    -0.0000000000
88 H    -0.0001366755     0.0002224081     0.0000000000
89 H     0.0000732764     0.0000885523     0.0000000000
90 H    -0.0000485761     0.0000138668    -0.0000000000
91 H    -0.0000561359     0.0000507981    -0.0000000000
92 H     0.0000730755    -0.0000125616     0.0000000000
93 H     0.0000261405     0.0001100310    -0.0000000000
94 H    -0.0001099429     0.0000626562     0.0000000000
95 H     0.0001007838     0.0000451754    -0.0000000000
96 H    -0.0001675701    -0.0001982701     0.0000000000
97 H     0.0000446795    -0.0000426788    -0.0000000000
98 H    -0.0000256718    -0.0000868466     0.0000000000
99 H    -0.0000342068    -0.0000953360    -0.0000000000
100 H    -0.0000490000    -0.0000780567    -0.0000000000
101 H    -0.0000478445    -0.0000339325     0.0000000000
----------------------------------------------
cycle 6: E = -3150.53949973  dE = -0.000534557  norm(grad) = 0.00575366

Geometry optimization cycle 7
