1721673939.7408183

Geometry optimization cycle 1
Cartesian coordinates (Angstrom)
 Atom        New coordinates             dX        dY        dZ
   C  -7.338226   5.042760   0.000000    0.000000  0.000000  0.000000
   C  -7.365228   0.691139   0.000000    0.000000  0.000000  0.000000
   C  -6.173642   2.889413   0.000000    0.000000  0.000000  0.000000
   C  -4.910090   5.019617   0.000000    0.000000  0.000000  0.000000
   C  -7.358051  -3.642635   0.000000    0.000000  0.000000  0.000000
   C  -6.173475  -1.431785   0.000000    0.000000  0.000000  0.000000
   C  -4.940069   0.716689   0.000000    0.000000  0.000000  0.000000
   C  -3.694845   2.860312   0.000000    0.000000  0.000000  0.000000
   C  -2.457224   5.005715   0.000000    0.000000  0.000000  0.000000
   C  -6.138515  -5.727246   0.000000    0.000000  0.000000  0.000000
   C  -4.928214  -3.580071   0.000000    0.000000  0.000000  0.000000
   C  -3.698169  -1.425571   0.000000    0.000000  0.000000  0.000000
   C  -2.471779   0.716540   0.000000    0.000000  0.000000  0.000000
   C  -1.230705   2.851907   0.000000    0.000000 -0.000000  0.000000
   C   0.000000   5.003169   0.000000    0.000000  0.000000  0.000000
   N  -3.678966  -5.694052   0.000000    0.000000  0.000000  0.000000
   C  -2.466015  -3.560923   0.000000    0.000000  0.000000  0.000000
   C  -1.232423  -1.423207   0.000000    0.000000  0.000000  0.000000
   C   0.000000   0.715809   0.000000    0.000000  0.000000  0.000000
   C   1.230705   2.851907   0.000000    0.000000 -0.000000  0.000000
   C   2.457224   5.005715   0.000000    0.000000  0.000000  0.000000
   C  -1.226334  -5.685080   0.000000    0.000000  0.000000  0.000000
   N   0.000000  -3.557079   0.000000    0.000000  0.000000  0.000000
   C   1.232423  -1.423207   0.000000    0.000000  0.000000  0.000000
   C   2.471779   0.716540   0.000000    0.000000  0.000000  0.000000
   C   3.694845   2.860312   0.000000    0.000000  0.000000  0.000000
   C   4.910090   5.019617   0.000000    0.000000  0.000000  0.000000
   C   1.226334  -5.685080   0.000000    0.000000  0.000000  0.000000
   C   2.466015  -3.560923   0.000000    0.000000  0.000000  0.000000
   C   3.698169  -1.425571   0.000000    0.000000  0.000000  0.000000
   C   4.940069   0.716689   0.000000    0.000000  0.000000  0.000000
   C   6.173642   2.889413   0.000000    0.000000  0.000000  0.000000
   C   7.338226   5.042760   0.000000    0.000000  0.000000  0.000000
   C   3.678966  -5.694052   0.000000    0.000000  0.000000  0.000000
   C   4.928214  -3.580071   0.000000    0.000000  0.000000  0.000000
   C   6.173475  -1.431785   0.000000   -0.000000  0.000000  0.000000
   C   7.365228   0.691139   0.000000    0.000000  0.000000  0.000000
   N   6.138515  -5.727246   0.000000    0.000000  0.000000  0.000000
   C   7.358051  -3.642635   0.000000   -0.000000  0.000000  0.000000
   C  -7.358051   3.642635   0.000000    0.000000  0.000000  0.000000
   C  -6.138515   5.727246   0.000000    0.000000  0.000000  0.000000
   C  -7.365228  -0.691139   0.000000    0.000000  0.000000  0.000000
   C  -6.173475   1.431785   0.000000    0.000000  0.000000  0.000000
   C  -4.928214   3.580071   0.000000    0.000000 -0.000000  0.000000
   C  -3.678966   5.694052   0.000000    0.000000  0.000000  0.000000
   C  -7.338226  -5.042760   0.000000    0.000000  0.000000  0.000000
   C  -6.173642  -2.889413   0.000000    0.000000  0.000000  0.000000
   C  -4.940069  -0.716689   0.000000    0.000000  0.000000  0.000000
   C  -3.698169   1.425571   0.000000    0.000000  0.000000  0.000000
   C  -2.466015   3.560923   0.000000    0.000000 -0.000000  0.000000
   C  -1.226334   5.685080   0.000000    0.000000  0.000000  0.000000
   N  -4.910090  -5.019617   0.000000    0.000000  0.000000  0.000000
   C  -3.694845  -2.860312   0.000000    0.000000  0.000000  0.000000
   C  -2.471779  -0.716540   0.000000    0.000000  0.000000  0.000000
   C  -1.232423   1.423207   0.000000    0.000000  0.000000  0.000000
   C   0.000000   3.557079   0.000000    0.000000  0.000000  0.000000
   C   1.226334   5.685080   0.000000    0.000000  0.000000  0.000000
   C  -2.457224  -5.005715   0.000000    0.000000  0.000000  0.000000
   C  -1.230705  -2.851907   0.000000    0.000000  0.000000  0.000000
   C   0.000000  -0.715809   0.000000    0.000000  0.000000  0.000000
   C   1.232423   1.423207   0.000000    0.000000  0.000000  0.000000
   C   2.466015   3.560923   0.000000    0.000000 -0.000000  0.000000
   C   3.678966   5.694052   0.000000    0.000000  0.000000  0.000000
   N   0.000000  -5.003169   0.000000    0.000000  0.000000  0.000000
   C   1.230705  -2.851907   0.000000    0.000000  0.000000  0.000000
   C   2.471779  -0.716540   0.000000    0.000000  0.000000  0.000000
   C   3.698169   1.425571   0.000000    0.000000  0.000000  0.000000
   C   4.928214   3.580071   0.000000    0.000000 -0.000000  0.000000
   N   6.138515   5.727246   0.000000    0.000000  0.000000  0.000000
   C   2.457224  -5.005715   0.000000    0.000000  0.000000  0.000000
   C   3.694845  -2.860312   0.000000    0.000000  0.000000  0.000000
   C   4.940069  -0.716689   0.000000    0.000000  0.000000  0.000000
   C   6.173475   1.431785   0.000000   -0.000000  0.000000  0.000000
   C   7.358051   3.642635   0.000000   -0.000000  0.000000  0.000000
   C   4.910090  -5.019617   0.000000    0.000000  0.000000  0.000000
   C   6.173642  -2.889413   0.000000    0.000000  0.000000  0.000000
   C   7.365228  -0.691139   0.000000    0.000000  0.000000  0.000000
   N   7.338226  -5.042760   0.000000    0.000000  0.000000  0.000000
   H   8.282184   5.591425   0.000000    0.000000 -0.000000  0.000000
   H   8.325741   3.141106   0.000000    0.000000  0.000000  0.000000
   H   8.326715   1.204661   0.000000    0.000000  0.000000  0.000000
   H   8.326715  -1.204661   0.000000    0.000000  0.000000  0.000000
   H   8.325741  -3.141106   0.000000    0.000000  0.000000  0.000000
   H   8.282184  -5.591425   0.000000    0.000000  0.000000  0.000000
   H  -8.282184   5.591425   0.000000    0.000000 -0.000000  0.000000
   H  -8.325741   3.141106   0.000000    0.000000  0.000000  0.000000
   H  -8.326715   1.204661   0.000000    0.000000  0.000000  0.000000
   H  -8.326715  -1.204661   0.000000    0.000000  0.000000  0.000000
   H  -8.325741  -3.141106   0.000000    0.000000  0.000000  0.000000
   H  -8.282184  -5.591425   0.000000    0.000000  0.000000  0.000000
   H  -6.116625   6.819427   0.000000    0.000000  0.000000  0.000000
   H  -3.672757   6.787431   0.000000    0.000000  0.000000  0.000000
   H  -1.225580   6.778408   0.000000    0.000000 -0.000000  0.000000
   H   1.225580   6.778408   0.000000    0.000000 -0.000000  0.000000
   H   3.672757   6.787431   0.000000    0.000000  0.000000  0.000000
   H   6.116625   6.819427   0.000000   -0.000000  0.000000  0.000000
   H  -6.116625  -6.819427   0.000000    0.000000  0.000000  0.000000
   H  -3.672757  -6.787431   0.000000    0.000000  0.000000  0.000000
   H  -1.225580  -6.778408   0.000000    0.000000  0.000000  0.000000
   H   1.225580  -6.778408   0.000000    0.000000  0.000000  0.000000
   H   3.672757  -6.787431   0.000000    0.000000  0.000000  0.000000
   H   6.116625  -6.819427   0.000000   -0.000000  0.000000  0.000000
converged SCF energy = -3100.79067304937
--------------- ROKS_Scanner gradients ---------------
         x                y                z
0 C    -0.0058757387    -0.0011114017    -0.0000000000
1 C    -0.0023926780     0.0024938321    -0.0000000000
2 C     0.0035935010    -0.0062467125    -0.0000000000
3 C    -0.0050940051    -0.0006556804    -0.0000000000
4 C     0.0009576027    -0.0099977838    -0.0000000000
5 C    -0.0050700638    -0.0040988774    -0.0000000000
6 C    -0.0004631547     0.0003930009     0.0000000000
7 C     0.0035800162     0.0009707870     0.0000000000
8 C     0.0044702354    -0.0019002364     0.0000000000
9 C    -0.0140587351    -0.0132490570     0.0000000000
10 C    -0.0167648881    -0.0026396426    -0.0000000000
11 C     0.0029141895     0.0071200801     0.0000000000
12 C     0.0015886378     0.0000196258     0.0000000000
13 C     0.0018496522     0.0000959503     0.0000000000
14 C     0.0151221183     0.0011558195     0.0000000000
15 N     0.0016547334     0.0259694870    -0.0000000000
16 C    -0.0294160406    -0.0256172789    -0.0000000000
17 C    -0.0173848662    -0.0003406226    -0.0000000000
18 C     0.0049018044     0.0067707309    -0.0000000000
19 C     0.0025854994     0.0009151277     0.0000000000
20 C     0.0276549591    -0.0002385408    -0.0000000000
21 C     0.0410532155    -0.0279021936    -0.0000000000
22 N    -0.0029954512    -0.0127824684     0.0000000000
23 C     0.0014190918     0.0215449898    -0.0000000000
24 C     0.0048841730    -0.0004183810    -0.0000000000
25 C     0.0095433720     0.0008007096    -0.0000000000
26 C     0.0221952026    -0.0242545651    -0.0000000000
27 C    -0.0155155525    -0.0318309618     0.0000000000
28 C     0.0171105437    -0.0110928746     0.0000000000
29 C     0.0062599527     0.0040048183     0.0000000000
30 C     0.0019876196     0.0028288440    -0.0000000000
31 C     0.0339326068     0.0132538216    -0.0000000000
32 C     0.0111997711     0.0328725483     0.0000000000
33 C    -0.0418989502     0.0017573723    -0.0000000000
34 C     0.0008688036    -0.0016470729    -0.0000000000
35 C     0.0028864952    -0.0011759216    -0.0000000000
36 C    -0.0034415846     0.0053545281    -0.0000000000
37 N     0.0324609622     0.0431874119    -0.0000000000
38 C     0.0146927953     0.0146981429    -0.0000000000
39 C    -0.0009332759     0.0042752449     0.0000000000
40 C     0.0048628613     0.0034323762     0.0000000000
41 C     0.0000195289     0.0005580658     0.0000000000
42 C    -0.0005922114     0.0033570914    -0.0000000000
43 C    -0.0012974846     0.0010200810     0.0000000000
44 C     0.0000961685     0.0034267459     0.0000000000
45 C    -0.0168720867     0.0040288849     0.0000000000
46 C     0.0044600678     0.0175795540     0.0000000000
47 C     0.0035166067    -0.0015343208    -0.0000000000
48 C    -0.0012677763    -0.0000220479    -0.0000000000
49 C    -0.0021318183    -0.0003621307    -0.0000000000
50 C    -0.0096003359     0.0055728765    -0.0000000000
51 N     0.0141209744     0.0078475701    -0.0000000000
52 C     0.0119689284     0.0044743007     0.0000000000
53 C     0.0036002434     0.0033206804    -0.0000000000
54 C    -0.0013478383     0.0001483335    -0.0000000000
55 C    -0.0019939071    -0.0024126925    -0.0000000000
56 C    -0.0224949141     0.0062753794    -0.0000000000
57 C    -0.0294737088     0.0332963911     0.0000000000
58 C     0.0265636946     0.0316859676     0.0000000000
59 C     0.0137090094    -0.0063935393     0.0000000000
60 C    -0.0056871505    -0.0016502219     0.0000000000
61 C    -0.0036789297     0.0006112125     0.0000000000
62 C    -0.0432200565     0.0016259855     0.0000000000
63 N    -0.0041340623     0.0130840254    -0.0000000000
64 C    -0.0131525922     0.0028085076    -0.0000000000
65 C    -0.0065805437     0.0070501706     0.0000000000
66 C    -0.0035876693    -0.0018565909     0.0000000000
67 C    -0.0252237779     0.0086395347     0.0000000000
68 N    -0.0017771850    -0.0252118963     0.0000000000
69 C     0.0378650259     0.0093100455     0.0000000000
70 C    -0.0008335113    -0.0015914703    -0.0000000000
71 C    -0.0085246007    -0.0022164593     0.0000000000
72 C     0.0017478018    -0.0102454742     0.0000000000
73 C    -0.0188424039    -0.0456518024     0.0000000000
74 C     0.0127611154     0.0166404700     0.0000000000
75 C    -0.0075536286     0.0078498368     0.0000000000
76 C    -0.0014093071    -0.0066102994     0.0000000000
77 N    -0.0592977527    -0.0101709963     0.0000000000
78 H     0.0104552430    -0.0021382692    -0.0000000000
79 H     0.0052758154    -0.0070440351    -0.0000000000
80 H     0.0050987637     0.0030991551     0.0000000000
81 H     0.0045053026    -0.0034307359    -0.0000000000
82 H     0.0038662846     0.0133300776     0.0000000000
83 H     0.0597957113    -0.0272261840    -0.0000000000
84 H    -0.0047063585     0.0027373520     0.0000000000
85 H    -0.0053070795    -0.0029488444    -0.0000000000
86 H    -0.0057352912     0.0029753575     0.0000000000
87 H    -0.0053369722    -0.0030872451    -0.0000000000
88 H    -0.0066167876     0.0032270281     0.0000000000
89 H    -0.0087948266    -0.0000785401    -0.0000000000
90 H     0.0001385495     0.0058255801    -0.0000000000
91 H    -0.0000339819     0.0060758960    -0.0000000000
92 H    -0.0000317108     0.0060257492    -0.0000000000
93 H    -0.0000402522     0.0059556591     0.0000000000
94 H     0.0001521337     0.0053652038     0.0000000000
95 H    -0.0007060338     0.0618090963    -0.0000000000
96 H    -0.0069556851    -0.0081695762    -0.0000000000
97 H     0.0087457153    -0.0635229753     0.0000000000
98 H    -0.0103937872    -0.0096097371    -0.0000000000
99 H     0.0099255413    -0.0099228741     0.0000000000
100 H     0.0000493303    -0.0049073197     0.0000000000
101 H    -0.0081276179    -0.0652767843     0.0000000000
----------------------------------------------
cycle 1: E = -3100.79067305  dE = -3100.79  norm(grad) = 0.232914

Geometry optimization cycle 2
Cartesian coordinates (Angstrom)
 Atom        New coordinates             dX        dY        dZ
   C  -7.297383   4.984954   0.000000    0.040842 -0.057806  0.000000
   C  -7.316476   0.654243   0.000000    0.048752 -0.036896  0.000000
   C  -6.146030   2.864008   0.000000    0.027611 -0.025406  0.000000
   C  -4.876821   4.987981   0.000000    0.033270 -0.031636  0.000000
   C  -7.258665  -3.687188   0.000000    0.099387 -0.044553  0.000000
   C  -6.131167  -1.439453   0.000000    0.042308 -0.007668  0.000000
   C  -4.913477   0.714662   0.000000    0.026592 -0.002027  0.000000
   C  -3.680263   2.848424   0.000000    0.014582 -0.011887  0.000000
   C  -2.437589   4.984254  -0.000000    0.019635 -0.021461 -0.000000
   C  -5.935189  -5.716941   0.000000    0.203326  0.010305  0.000000
   C  -4.850420  -3.518090   0.000000    0.077794  0.061981  0.000000
   C  -3.678397  -1.399641   0.000000    0.019771  0.025930  0.000000
   C  -2.462727   0.725251  -0.000000    0.009052  0.008712 -0.000000
   C  -1.226978   2.844633  -0.000000    0.003727 -0.007274 -0.000000
   C   0.009798   4.974889  -0.000000    0.009798 -0.028280 -0.000000
   N  -3.616076  -5.539036  -0.000000    0.062890  0.155017 -0.000000
   C  -2.414407  -3.483576  -0.000000    0.051607  0.077346 -0.000000
   C  -1.220414  -1.388958  -0.000000    0.012009  0.034250 -0.000000
   C  -0.006675   0.720760  -0.000000   -0.006675  0.004951 -0.000000
   C   1.222734   2.836055  -0.000000   -0.007971 -0.015852 -0.000000
   C   2.455795   4.973180   0.000000   -0.001429 -0.032535  0.000000
   C  -1.223415  -5.579152  -0.000000    0.002920  0.105928 -0.000000
   N  -0.003911  -3.472596  -0.000000   -0.003911  0.084482 -0.000000
   C   1.217282  -1.412619  -0.000000   -0.015141  0.010589 -0.000000
   C   2.450923   0.703543  -0.000000   -0.020856 -0.012997 -0.000000
   C   3.666058   2.818210   0.000000   -0.028787 -0.042102  0.000000
   C   4.842492   4.933399   0.000000   -0.067599 -0.086218  0.000000
   C   1.165585  -5.552253  -0.000000   -0.060750  0.132826 -0.000000
   C   2.419681  -3.522205  -0.000000   -0.046334  0.038718 -0.000000
   C   3.673442  -1.415508  -0.000000   -0.024726  0.010063 -0.000000
   C   4.916290   0.697123   0.000000   -0.023779 -0.019566  0.000000
   C   6.141040   2.842431   0.000000   -0.032602 -0.046982  0.000000
   C   7.265995   4.962989   0.000000   -0.072230 -0.079771  0.000000
   C   3.608357  -5.689681  -0.000000   -0.070609  0.004372 -0.000000
   C   4.854857  -3.543861   0.000000   -0.073357  0.036210  0.000000
   C   6.145497  -1.430552   0.000000   -0.027978  0.001233  0.000000
   C   7.338765   0.673087   0.000000   -0.026463 -0.018052  0.000000
   N   5.969289  -5.645840   0.000000   -0.169226  0.081406  0.000000
   C   7.261926  -3.647422   0.000000   -0.096125 -0.004786  0.000000
   C  -7.332552   3.591981   0.000000    0.025499 -0.050654  0.000000
   C  -6.111066   5.672190   0.000000    0.027450 -0.055055  0.000000
   C  -7.325563  -0.720586   0.000000    0.039664 -0.029447  0.000000
   C  -6.143783   1.411788   0.000000    0.029692 -0.019997  0.000000
   C  -4.907555   3.557882   0.000000    0.020659 -0.022189  0.000000
   C  -3.654862   5.662057   0.000000    0.024104 -0.031995  0.000000
   C  -7.135771  -5.082105   0.000000    0.202454 -0.039346  0.000000
   C  -6.113766  -2.892927   0.000000    0.059876 -0.003514  0.000000
   C  -4.918428  -0.707500   0.000000    0.021641  0.009189  0.000000
   C  -3.682076   1.424403   0.000000    0.016093 -0.001168  0.000000
   C  -2.455704   3.548383  -0.000000    0.010310 -0.012540 -0.000000
   C  -1.203192   5.650319  -0.000000    0.023143 -0.034761 -0.000000
   N  -4.828206  -4.921201   0.000000    0.081885  0.098416  0.000000
   C  -3.647032  -2.809046  -0.000000    0.047813  0.051266 -0.000000
   C  -2.460969  -0.696108  -0.000000    0.010811  0.020431 -0.000000
   C  -1.229746   1.425897  -0.000000    0.002677  0.002690 -0.000000
   C   0.001373   3.541378  -0.000000    0.001373 -0.015700 -0.000000
   C   1.247067   5.642823  -0.000000    0.020732 -0.042257 -0.000000
   C  -2.394266  -4.918015  -0.000000    0.062958  0.087700 -0.000000
   C  -1.225539  -2.801197  -0.000000    0.005166  0.050710 -0.000000
   C  -0.007135  -0.693704  -0.000000   -0.007135  0.022105 -0.000000
   C   1.225923   1.416616  -0.000000   -0.006500 -0.006592 -0.000000
   C   2.456475   3.534194  -0.000000   -0.009539 -0.026729 -0.000000
   C   3.689758   5.661237   0.000000    0.010792 -0.032816  0.000000
   N  -0.030707  -4.890640  -0.000000   -0.030707  0.112528 -0.000000
   C   1.222719  -2.811213  -0.000000   -0.007986  0.040694 -0.000000
   C   2.456118  -0.720033  -0.000000   -0.015661 -0.003493 -0.000000
   C   3.677846   1.397772   0.000000   -0.020323 -0.027799  0.000000
   C   4.908716   3.508593   0.000000   -0.019499 -0.071477  0.000000
   N   6.063950   5.581776   0.000000   -0.074565 -0.145470  0.000000
   C   2.397322  -4.962209  -0.000000   -0.059902  0.043506 -0.000000
   C   3.641051  -2.830375  -0.000000   -0.053794  0.029937 -0.000000
   C   4.921780  -0.722393   0.000000   -0.018288 -0.005704  0.000000
   C   6.146219   1.406589   0.000000   -0.027256 -0.025196  0.000000
   C   7.337986   3.613100   0.000000   -0.020065 -0.029536  0.000000
   C   4.769104  -4.968624   0.000000   -0.140986  0.050993  0.000000
   C   6.110782  -2.879679   0.000000   -0.062860  0.009735  0.000000
   C   7.338715  -0.698261   0.000000   -0.026513 -0.007122  0.000000
   N   7.181959  -5.000432   0.000000   -0.156267  0.042327  0.000000
   H   8.155536   5.577072   0.000000   -0.126648 -0.014353  0.000000
   H   8.316117   3.157258   0.000000   -0.009623  0.016152  0.000000
   H   8.292788   1.183351   0.000000   -0.033927 -0.021311  0.000000
   H   8.294409  -1.206454   0.000000   -0.032306 -0.001793  0.000000
   H   8.256680  -3.234897   0.000000   -0.069061 -0.093791  0.000000
   H   8.010738  -5.564015   0.000000   -0.271446  0.027410  0.000000
   H  -8.233666   5.531974   0.000000    0.048518 -0.059450  0.000000
   H  -8.292098   3.092713   0.000000    0.033643 -0.048393  0.000000
   H  -8.272750   1.158808   0.000000    0.053965 -0.045853  0.000000
   H  -8.278237  -1.232775   0.000000    0.048478 -0.028114  0.000000
   H  -8.243748  -3.244685   0.000000    0.081993 -0.103579  0.000000
   H  -8.027136  -5.694315   0.000000    0.255048 -0.102890  0.000000
   H  -6.101938   6.756556   0.000000    0.014688 -0.062871  0.000000
   H  -3.652625   6.747089   0.000000    0.020132 -0.040343  0.000000
   H  -1.196760   6.735336  -0.000000    0.028820 -0.043072 -0.000000
   H   1.254149   6.727932  -0.000000    0.028569 -0.050476 -0.000000
   H   3.718643   6.746865   0.000000    0.045886 -0.040566  0.000000
   H   6.036735   6.588973   0.000000   -0.079890 -0.230453  0.000000
   H  -5.802412  -6.790138   0.000000    0.314213  0.029288  0.000000
   H  -3.660438  -6.543942  -0.000000    0.012319  0.243489 -0.000000
   H  -1.161308  -6.657476  -0.000000    0.064272  0.120931 -0.000000
   H   1.079741  -6.628516  -0.000000   -0.145839  0.149892 -0.000000
   H   3.616332  -6.776293  -0.000000   -0.056425  0.011139 -0.000000
   H   5.974167  -6.648429   0.000000   -0.142458  0.170997  0.000000
converged SCF energy = -3100.8594590211
--------------- ROKS_Scanner gradients ---------------
         x                y                z
0 C     0.0024203584    -0.0025938855     0.0000000000
1 C     0.0045104634    -0.0030157006    -0.0000000000
2 C     0.0049776959     0.0002008423    -0.0000000000
3 C     0.0014968570     0.0014767438     0.0000000000
4 C    -0.0062118403    -0.0029340309    -0.0000000000
5 C     0.0011071433    -0.0000948329    -0.0000000000
6 C     0.0014774335     0.0012060185    -0.0000000000
7 C     0.0021700621     0.0009263706     0.0000000000
8 C     0.0035769259     0.0007939172     0.0000000000
9 C     0.0023413689    -0.0204508381    -0.0000000000
10 C     0.0052458507     0.0053114182    -0.0000000000
11 C    -0.0017768491     0.0003435364     0.0000000000
12 C    -0.0000321025     0.0005443407     0.0000000000
13 C     0.0006493810    -0.0002269130     0.0000000000
14 C     0.0081764132     0.0015389659    -0.0000000000
15 N    -0.0050807716     0.0107492310     0.0000000000
16 C    -0.0103557056    -0.0101669568    -0.0000000000
17 C    -0.0039618432    -0.0046729051     0.0000000000
18 C     0.0011422997     0.0016642510     0.0000000000
19 C    -0.0008018464     0.0001030483     0.0000000000
20 C     0.0157496713    -0.0030775659     0.0000000000
21 C     0.0112477577    -0.0057664149     0.0000000000
22 N     0.0060204394     0.0011254157     0.0000000000
23 C    -0.0051634663     0.0026653442    -0.0000000000
24 C     0.0007524467    -0.0001035407    -0.0000000000
25 C     0.0002630323     0.0040544611     0.0000000000
26 C    -0.0117451458    -0.0128380996     0.0000000000
27 C    -0.0067039759     0.0033269430     0.0000000000
28 C    -0.0014593612    -0.0031405288     0.0000000000
29 C     0.0059663128     0.0017724110    -0.0000000000
30 C    -0.0002562581     0.0003544885    -0.0000000000
31 C     0.0123344081     0.0049801862     0.0000000000
32 C     0.0018823634     0.0101229594     0.0000000000
33 C    -0.0052913781    -0.0123329332     0.0000000000
34 C     0.0086207848    -0.0010943095     0.0000000000
35 C     0.0053776935     0.0021699295    -0.0000000000
36 C    -0.0010210852     0.0016909529     0.0000000000
37 N     0.0025787294     0.0068400693     0.0000000000
38 C     0.0079319915     0.0026547856     0.0000000000
39 C    -0.0038572529    -0.0005674646     0.0000000000
40 C     0.0007555485    -0.0014070702    -0.0000000000
41 C    -0.0027475503    -0.0012063111     0.0000000000
42 C    -0.0029831644     0.0021535323     0.0000000000
43 C    -0.0029693371     0.0013723470    -0.0000000000
44 C    -0.0000494816    -0.0005828626    -0.0000000000
45 C     0.0140218292     0.0084759894     0.0000000000
46 C     0.0023145138    -0.0004133108     0.0000000000
47 C    -0.0011056890     0.0014005784     0.0000000000
48 C    -0.0011662797    -0.0002013181    -0.0000000000
49 C    -0.0026884965    -0.0000830955    -0.0000000000
50 C    -0.0042627681    -0.0003510637     0.0000000000
51 N    -0.0193941904     0.0052647446     0.0000000000
52 C     0.0068965559     0.0028468939     0.0000000000
53 C    -0.0007580640    -0.0008539595    -0.0000000000
54 C    -0.0010345911     0.0004840420    -0.0000000000
55 C    -0.0011232139    -0.0003848429    -0.0000000000
56 C    -0.0084653278     0.0002632664     0.0000000000
57 C     0.0090472363     0.0064494133    -0.0000000000
58 C     0.0023513457     0.0083131742    -0.0000000000
59 C     0.0048001508    -0.0014898928    -0.0000000000
60 C    -0.0023691245    -0.0008838915    -0.0000000000
61 C    -0.0029534709     0.0010640318    -0.0000000000
62 C    -0.0064323728     0.0098894124    -0.0000000000
63 N    -0.0157834277     0.0014527582    -0.0000000000
64 C     0.0026665000     0.0005571413    -0.0000000000
65 C     0.0002649955    -0.0018431276     0.0000000000
66 C     0.0018982862    -0.0019699140     0.0000000000
67 C    -0.0004257047     0.0029305382    -0.0000000000
68 N    -0.0041934373    -0.0131783325    -0.0000000000
69 C     0.0219750454     0.0030304530    -0.0000000000
70 C    -0.0053582073    -0.0035758834    -0.0000000000
71 C    -0.0023297396    -0.0025634415     0.0000000000
72 C     0.0006634195    -0.0040581635    -0.0000000000
73 C    -0.0071678381    -0.0059639527    -0.0000000000
74 C    -0.0145578817     0.0120682631    -0.0000000000
75 C    -0.0029483989    -0.0001275920     0.0000000000
76 C    -0.0004833605    -0.0005207011    -0.0000000000
77 N    -0.0103209555    -0.0071414429     0.0000000000
78 H     0.0021838269    -0.0032651699     0.0000000000
79 H     0.0011224875     0.0005820291     0.0000000000
80 H     0.0007375270    -0.0002242417    -0.0000000000
81 H     0.0002393028     0.0005740866     0.0000000000
82 H    -0.0011315210     0.0023822260    -0.0000000000
83 H     0.0039598875     0.0024260365    -0.0000000000
84 H    -0.0001363584    -0.0004493377    -0.0000000000
85 H    -0.0007964595    -0.0006314248    -0.0000000000
86 H     0.0001054248    -0.0003337191     0.0000000000
87 H    -0.0002293947    -0.0001071258    -0.0000000000
88 H    -0.0006538334     0.0005186259     0.0000000000
89 H     0.0006124567     0.0004361488    -0.0000000000
90 H     0.0004827809     0.0001064324     0.0000000000
91 H     0.0003281101     0.0002459266     0.0000000000
92 H     0.0004005642     0.0000549909     0.0000000000
93 H     0.0007372907     0.0000112047    -0.0000000000
94 H     0.0006822884     0.0017163796    -0.0000000000
95 H    -0.0008256836     0.0020890802    -0.0000000000
96 H    -0.0016508561    -0.0017500718     0.0000000000
97 H     0.0018308041    -0.0023005946    -0.0000000000
98 H    -0.0047660713    -0.0010723201    -0.0000000000
99 H     0.0031611616     0.0008348161    -0.0000000000
100 H     0.0005013574    -0.0025456405    -0.0000000000
101 H    -0.0047402785    -0.0020217032    -0.0000000000
----------------------------------------------
cycle 2: E = -3100.85945902  dE = -0.068786  norm(grad) = 0.0758818

Geometry optimization cycle 3
Cartesian coordinates (Angstrom)
 Atom        New coordinates             dX        dY        dZ
   C  -7.305154   5.007541   0.000000   -0.007771  0.022588  0.000000
   C  -7.325792   0.667647   0.000000   -0.009316  0.013404  0.000000
   C  -6.153178   2.857562   0.000000   -0.007148 -0.006446  0.000000
   C  -4.888857   4.968704  -0.000000   -0.012037 -0.019277 -0.000000
   C  -7.259169  -3.659264   0.000000   -0.000504  0.027923  0.000000
   C  -6.121828  -1.443198   0.000000    0.009339 -0.003745  0.000000
   C  -4.914545   0.699220   0.000000   -0.001068 -0.015442  0.000000
   C  -3.685390   2.827140  -0.000000   -0.005127 -0.021284 -0.000000
   C  -2.450512   4.961735  -0.000000   -0.012923 -0.022518 -0.000000
   C  -5.948148  -5.577573   0.000000   -0.012958  0.139368  0.000000
   C  -4.834410  -3.527381   0.000000    0.016009 -0.009291  0.000000
   C  -3.671327  -1.413294   0.000000    0.007071 -0.013653  0.000000
   C  -2.463864   0.706607  -0.000000   -0.001137 -0.018645 -0.000000
   C  -1.232441   2.826852  -0.000000   -0.005464 -0.017780 -0.000000
   C  -0.004759   4.956240  -0.000000   -0.014557 -0.018649 -0.000000
   N  -3.591833  -5.587477   0.000000    0.024243 -0.048441  0.000000
   C  -2.404381  -3.486030   0.000000    0.010027 -0.002454  0.000000
   C  -1.215473  -1.404743  -0.000000    0.004940 -0.015786 -0.000000
   C  -0.013732   0.706184  -0.000000   -0.007057 -0.014575 -0.000000
   C   1.215145   2.821594  -0.000000   -0.007589 -0.014462 -0.000000
   C   2.436521   4.950880  -0.000000   -0.019273 -0.022299 -0.000000
   C  -1.217189  -5.544058  -0.000000    0.006226  0.035094  0.000000
   N  -0.003233  -3.486995  -0.000000    0.000678 -0.014399 -0.000000
   C   1.210391  -1.421874  -0.000000   -0.006891 -0.009255 -0.000000
   C   2.439421   0.698905  -0.000000   -0.011502 -0.004638 -0.000000
   C   3.662451   2.819452  -0.000000   -0.003607  0.001242 -0.000000
   C   4.888924   4.961095   0.000000    0.046433  0.027696  0.000000
   C   1.180288  -5.581280  -0.000000    0.014704 -0.029026 -0.000000
   C   2.407093  -3.513519  -0.000000   -0.012588  0.008686 -0.000000
   C   3.652365  -1.420795  -0.000000   -0.021078 -0.005288 -0.000000
   C   4.894348   0.698139   0.000000   -0.021941  0.001016 -0.000000
   C   6.114319   2.838978   0.000000   -0.026721 -0.003453  0.000000
   C   7.257420   4.942887   0.000000   -0.008575 -0.020102  0.000000
   C   3.631284  -5.626575  -0.000000    0.022927  0.063106 -0.000000
   C   4.844742  -3.558688  -0.000000   -0.010114 -0.014828 -0.000000
   C   6.111693  -1.433249   0.000000   -0.033804 -0.002697 -0.000000
   C   7.310240   0.669931   0.000000   -0.028524 -0.003156  0.000000
   N   6.030581  -5.665567  -0.000000    0.061292 -0.019727 -0.000000
   C   7.240312  -3.641939   0.000000   -0.021614  0.005482 -0.000000
   C  -7.318866   3.613987   0.000000    0.013686  0.022005  0.000000
   C  -6.111512   5.675192   0.000000   -0.000446  0.003001 -0.000000
   C  -7.304947  -0.706779   0.000000    0.020616  0.013808  0.000000
   C  -6.141066   1.404085   0.000000    0.002718 -0.007703  0.000000
   C  -4.909086   3.538652   0.000000   -0.001531 -0.019230 -0.000000
   C  -3.666567   5.638057  -0.000000   -0.011704 -0.024000 -0.000000
   C  -7.202074  -5.058269   0.000000   -0.066303  0.023837  0.000000
   C  -6.098058  -2.896664   0.000000    0.015708 -0.003737  0.000000
   C  -4.908817  -0.720639   0.000000    0.009611 -0.013139  0.000000
   C  -3.682220   1.405186   0.000000   -0.000144 -0.019217  0.000000
   C  -2.460516   3.527209  -0.000000   -0.004812 -0.021174 -0.000000
   C  -1.214137   5.628556  -0.000000   -0.010946 -0.021763 -0.000000
   N  -4.768774  -4.916475   0.000000    0.059432  0.004726  0.000000
   C  -3.642498  -2.818143   0.000000    0.004534 -0.009097  0.000000
   C  -2.455262  -0.713080  -0.000000    0.005707 -0.016972  0.000000
   C  -1.234148   1.409348  -0.000000   -0.004402 -0.016549 -0.000000
   C  -0.005862   3.524804  -0.000000   -0.007235 -0.016575 -0.000000
   C   1.240076   5.625548  -0.000000   -0.006991 -0.017275 -0.000000
   C  -2.397898  -4.927206   0.000000   -0.003632 -0.009191  0.000000
   C  -1.222451  -2.821128  -0.000000    0.003087 -0.019931  0.000000
   C  -0.014947  -0.704224  -0.000000   -0.007812 -0.010520 -0.000000
   C   1.217093   1.405633  -0.000000   -0.008830 -0.010983 -0.000000
   C   2.447215   3.517932  -0.000000   -0.009260 -0.016262 -0.000000
   C   3.698353   5.609282   0.000000    0.008595 -0.051954  0.000000
   N   0.002508  -4.901588  -0.000000    0.033214 -0.010948  0.000000
   C   1.212449  -2.813870  -0.000000   -0.010269 -0.002657 -0.000000
   C   2.442281  -0.723963  -0.000000   -0.013837 -0.003930 -0.000000
   C   3.661043   1.400825  -0.000000   -0.016803  0.003053 -0.000000
   C   4.904477   3.524280   0.000000   -0.004239  0.015687  0.000000
   N   6.098528   5.626593   0.000000    0.034578  0.044817  0.000000
   C   2.378001  -4.951751  -0.000000   -0.019321  0.010458 -0.000000
   C   3.636292  -2.833880  -0.000000   -0.004758 -0.003505 -0.000000
   C   4.896584  -0.719746  -0.000000   -0.025197  0.002646 -0.000000
   C   6.120453   1.408939   0.000000   -0.025766  0.002351  0.000000
   C   7.328008   3.604274   0.000000   -0.009977 -0.008826  0.000000
   C   4.832701  -4.989679  -0.000000    0.063597 -0.021055 -0.000000
   C   6.090577  -2.880407  -0.000000   -0.020204 -0.000728 -0.000000
   C   7.304026  -0.699601   0.000000   -0.034689 -0.001340  0.000000
   N   7.223348  -4.983949  -0.000000    0.041390  0.016483 -0.000000
   H   8.143970   5.557510   0.000000   -0.011566 -0.019561  0.000000
   H   8.300077   3.143286   0.000000   -0.016040 -0.013972  0.000000
   H   8.262923   1.177548   0.000000   -0.029865 -0.005803  0.000000
   H   8.256205  -1.211236   0.000000   -0.038204 -0.004782  0.000000
   H   8.233529  -3.232192   0.000000   -0.023151  0.002705 -0.000000
   H   8.039011  -5.529328  -0.000000    0.028273  0.034687 -0.000000
   H  -8.238855   5.556251   0.000000   -0.005189  0.024276  0.000000
   H  -8.278771   3.122168   0.000000    0.013327  0.029455  0.000000
   H  -8.281107   1.170915   0.000000   -0.008358  0.012107  0.000000
   H  -8.254122  -1.221079   0.000000    0.024115  0.011696  0.000000
   H  -8.225194  -3.183755   0.000000    0.018554  0.060930  0.000000
   H  -8.074932  -5.694756   0.000000   -0.047796 -0.000441  0.000000
   H  -6.087734   6.757540   0.000000    0.014203  0.000984 -0.000000
   H  -3.664958   6.721026  -0.000000   -0.012334 -0.026062 -0.000000
   H  -1.210516   6.711806  -0.000000   -0.013756 -0.023530 -0.000000
   H   1.247447   6.708954  -0.000000   -0.006703 -0.018978 -0.000000
   H   3.702868   6.691304   0.000000   -0.015774 -0.055561  0.000000
   H   6.096506   6.613784   0.000000    0.059770  0.024811  0.000000
   H  -5.805710  -6.645056   0.000000   -0.003297  0.145082  0.000000
   H  -3.660678  -6.569867   0.000000   -0.000240 -0.025925  0.000000
   H  -1.115656  -6.615528  -0.000000    0.045651  0.041949  0.000000
   H   1.073338  -6.654390  -0.000000   -0.006403 -0.025875 -0.000000
   H   3.624454  -6.708179  -0.000000    0.008122  0.068113 -0.000000
   H   6.083080  -6.645533  -0.000000    0.108913  0.002896 -0.000000
converged SCF energy = -3100.85381462581
--------------- ROKS_Scanner gradients ---------------
         x                y                z
0 C    -0.0043529234     0.0017622074     0.0000000000
1 C    -0.0063560079     0.0037674044     0.0000000000
2 C    -0.0037853939    -0.0025900194     0.0000000000
3 C    -0.0020955810    -0.0001892627    -0.0000000000
4 C     0.0074957854    -0.0059637664     0.0000000000
5 C    -0.0023019936    -0.0028756236     0.0000000000
6 C    -0.0004141590    -0.0019404431     0.0000000000
7 C    -0.0005578930    -0.0009706596    -0.0000000000
8 C     0.0008469129     0.0009787487     0.0000000000
9 C    -0.0088065311     0.0443162886    -0.0000000000
10 C    -0.0130982492    -0.0054440982     0.0000000000
11 C    -0.0017420810    -0.0026579918     0.0000000000
12 C    -0.0004986469    -0.0002568861    -0.0000000000
13 C     0.0002831438    -0.0004309547    -0.0000000000
14 C     0.0015570731     0.0004651620     0.0000000000
15 N     0.0051789367    -0.0221146086     0.0000000000
16 C     0.0098154833     0.0027160052     0.0000000000
17 C     0.0007842712    -0.0032812443    -0.0000000000
18 C     0.0009234614    -0.0012961377    -0.0000000000
19 C    -0.0004594886     0.0012213275    -0.0000000000
20 C    -0.0037654126     0.0015082535     0.0000000000
21 C    -0.0078417069     0.0163620630    -0.0000000000
22 N    -0.0035980370    -0.0016773677     0.0000000000
23 C    -0.0009085401    -0.0022208914    -0.0000000000
24 C     0.0002362676    -0.0014744226     0.0000000000
25 C     0.0024826494    -0.0020078119     0.0000000000
26 C     0.0144760975     0.0053011868    -0.0000000000
27 C    -0.0014969972    -0.0016749407    -0.0000000000
28 C    -0.0004179949     0.0027674610    -0.0000000000
29 C    -0.0020552551    -0.0010016806     0.0000000000
30 C    -0.0007345420     0.0015238337     0.0000000000
31 C     0.0000884448     0.0029495256     0.0000000000
32 C    -0.0157074087    -0.0081325068    -0.0000000000
33 C    -0.0009831010     0.0161613695    -0.0000000000
34 C    -0.0081785957    -0.0054083620     0.0000000000
35 C    -0.0013972856    -0.0007911030     0.0000000000
36 C     0.0002448562     0.0002803639     0.0000000000
37 N     0.0072705064    -0.0156361630     0.0000000000
38 C    -0.0061024616    -0.0063999671     0.0000000000
39 C     0.0057685311     0.0053679633    -0.0000000000
40 C     0.0002233142    -0.0016725376     0.0000000000
41 C     0.0065546621     0.0039245916    -0.0000000000
42 C     0.0041854355    -0.0033238379    -0.0000000000
43 C     0.0006074862    -0.0016587505    -0.0000000000
44 C    -0.0015854526    -0.0013185003    -0.0000000000
45 C    -0.0178328193    -0.0173404740     0.0000000000
46 C     0.0094055781     0.0020309484    -0.0000000000
47 C     0.0006469780    -0.0006241909    -0.0000000000
48 C     0.0009792543    -0.0003469177     0.0000000000
49 C    -0.0004095354    -0.0011772763     0.0000000000
50 C    -0.0013828002    -0.0011403718    -0.0000000000
51 N     0.0321983655    -0.0113414672    -0.0000000000
52 C     0.0006829680    -0.0042724587    -0.0000000000
53 C     0.0008861248    -0.0013426905     0.0000000000
54 C    -0.0008518464     0.0000668815     0.0000000000
55 C     0.0001936305    -0.0006292293     0.0000000000
56 C    -0.0021939237    -0.0010176838    -0.0000000000
57 C    -0.0069746838    -0.0018145784    -0.0000000000
58 C    -0.0056734752     0.0008768357    -0.0000000000
59 C    -0.0003960804     0.0005464913     0.0000000000
60 C     0.0000379941    -0.0000291069     0.0000000000
61 C     0.0010186784    -0.0000619990    -0.0000000000
62 C     0.0008046420    -0.0135226976    -0.0000000000
63 N     0.0145073293    -0.0070753206    -0.0000000000
64 C     0.0009584619    -0.0036359362     0.0000000000
65 C    -0.0003731734     0.0003444207    -0.0000000000
66 C    -0.0021519707     0.0001089170    -0.0000000000
67 C    -0.0074986470     0.0047810027    -0.0000000000
68 N     0.0099129855     0.0217953189     0.0000000000
69 C    -0.0143023684    -0.0004092131     0.0000000000
70 C     0.0006126370     0.0053578219    -0.0000000000
71 C    -0.0010119461     0.0001242150    -0.0000000000
72 C     0.0000141318     0.0001101015    -0.0000000000
73 C     0.0033799429     0.0023470969    -0.0000000000
74 C     0.0144409109    -0.0078341061    -0.0000000000
75 C    -0.0000977631    -0.0005623105    -0.0000000000
76 C    -0.0010513203     0.0003794177    -0.0000000000
77 N     0.0148210064    -0.0078456203     0.0000000000
78 H    -0.0030204125    -0.0009725588     0.0000000000
79 H    -0.0007739878     0.0007871422     0.0000000000
80 H    -0.0009507178    -0.0006089160    -0.0000000000
81 H    -0.0008819970     0.0007304416     0.0000000000
82 H    -0.0022745851    -0.0025239067    -0.0000000000
83 H    -0.0154107012     0.0102562869    -0.0000000000
84 H     0.0005491210     0.0003208280    -0.0000000000
85 H     0.0020581352     0.0013431654     0.0000000000
86 H     0.0004302076    -0.0000612285    -0.0000000000
87 H     0.0016362069     0.0010091880     0.0000000000
88 H     0.0012647655    -0.0027768503    -0.0000000000
89 H    -0.0024132735     0.0003396637     0.0000000000
90 H    -0.0007069599    -0.0011122014    -0.0000000000
91 H    -0.0001179802    -0.0012816685     0.0000000000
92 H     0.0001994322    -0.0012526023    -0.0000000000
93 H     0.0004784962    -0.0011362717    -0.0000000000
94 H     0.0012210825    -0.0035993961     0.0000000000
95 H    -0.0001178549    -0.0158566034    -0.0000000000
96 H     0.0018990815     0.0074217308    -0.0000000000
97 H     0.0022658121     0.0175069309    -0.0000000000
98 H     0.0004093504     0.0038607681    -0.0000000000
99 H     0.0001321693     0.0011482844     0.0000000000
100 H     0.0013578834     0.0041079820     0.0000000000
101 H    -0.0003150805     0.0185458074    -0.0000000000
----------------------------------------------
cycle 3: E = -3100.85381463  dE = 0.0056444  norm(grad) = 0.101463

Geometry optimization cycle 4
Cartesian coordinates (Angstrom)
 Atom        New coordinates             dX        dY        dZ
   C  -7.300785   4.999388   0.000000    0.004369 -0.008154  0.000000
   C  -7.323944   0.662358   0.000000    0.001848 -0.005289  0.000000
   C  -6.151194   2.862994   0.000000    0.001984  0.005433  0.000000
   C  -4.884572   4.981099   0.000000    0.004285  0.012396  0.000000
   C  -7.269238  -3.665105   0.000000   -0.010069 -0.005841  0.000000
   C  -6.129873  -1.439369   0.000000   -0.008045  0.003829  0.000000
   C  -4.915574   0.707193   0.000000   -0.001029  0.007973  0.000000
   C  -3.683030   2.838722   0.000000    0.002360  0.011582  0.000000
   C  -2.447214   4.974989  -0.000000    0.003298  0.013254  0.000000
   C  -5.949417  -5.662203   0.000000   -0.001269 -0.084631  0.000000
   C  -4.851599  -3.528599   0.000000   -0.017189 -0.001218  0.000000
   C  -3.675476  -1.408496   0.000000   -0.004150  0.004798  0.000000
   C  -2.462892   0.714918  -0.000000    0.000972  0.008311  0.000000
   C  -1.228961   2.836612  -0.000000    0.003481  0.009760  0.000000
   C  -0.001925   4.967246  -0.000000    0.002834  0.011006  0.000000
   N  -3.617413  -5.577675   0.000000   -0.025580  0.009802  0.000000
   C  -2.415631  -3.491414   0.000000   -0.011250 -0.005384  0.000000
   C  -1.217180  -1.400226  -0.000000   -0.001707  0.004518  0.000000
   C  -0.010082   0.712665  -0.000000    0.003650  0.006481  0.000000
   C   1.220828   2.830459  -0.000000    0.005684  0.008865  0.000000
   C   2.442530   4.965991  -0.000000    0.006008  0.015110  0.000000
   C  -1.225109  -5.572469  -0.000000   -0.007920 -0.028411  0.000000
   N  -0.007145  -3.487198  -0.000000   -0.003912 -0.000203  0.000000
   C   1.214833  -1.419333  -0.000000    0.004442  0.002540  0.000000
   C   2.445802   0.703437  -0.000000    0.006381  0.004532  0.000000
   C   3.666855   2.824321  -0.000000    0.004404  0.004869  0.000000
   C   4.880353   4.963714   0.000000   -0.008571  0.002619  0.000000
   C   1.172473  -5.579002  -0.000000   -0.007816  0.002278  0.000000
   C   2.412336  -3.520979  -0.000000    0.005243 -0.007460  0.000000
   C   3.660030  -1.420842  -0.000000    0.007665 -0.000047  0.000000
   C   4.904060   0.699952   0.000000    0.009712  0.001813  0.000000
   C   6.123762   2.843792   0.000000    0.009443  0.004814  0.000000
   C   7.277435   4.961230   0.000000    0.020014  0.018343 -0.000000
   C   3.626235  -5.655018  -0.000000   -0.005050 -0.028443  0.000000
   C   4.853888  -3.557252  -0.000000    0.009146  0.001436  0.000000
   C   6.123410  -1.432899   0.000000    0.011718  0.000350 -0.000000
   C   7.321644   0.671629   0.000000    0.011404  0.001698 -0.000000
   N   6.016899  -5.666693  -0.000000   -0.013682 -0.001126  0.000000
   C   7.256872  -3.641148   0.000000    0.016560  0.000791 -0.000000
   C  -7.326923   3.604595   0.000000   -0.008057 -0.009391  0.000000
   C  -6.112281   5.680136   0.000000   -0.000770  0.004944  0.000000
   C  -7.320246  -0.713127   0.000000   -0.015299 -0.006348  0.000000
   C  -6.144096   1.409066   0.000000   -0.003030  0.004981  0.000000
   C  -4.908003   3.550073   0.000000    0.001083  0.011422  0.000000
   C  -3.662563   5.654136  -0.000000    0.004003  0.016078  0.000000
   C  -7.171569  -5.065519   0.000000    0.030505 -0.007250  0.000000
   C  -6.115637  -2.894131   0.000000   -0.017578  0.002533  0.000000
   C  -4.914519  -0.714736   0.000000   -0.005701  0.005902  0.000000
   C  -3.682240   1.414895   0.000000   -0.000019  0.009709  0.000000
   C  -2.457074   3.539167  -0.000000    0.003443  0.011958  0.000000
   C  -1.210348   5.643029  -0.000000    0.003789  0.014474  0.000000
   N  -4.809787  -4.927496   0.000000   -0.041013 -0.011020  0.000000
   C  -3.654090  -2.818243   0.000000   -0.011592 -0.000100  0.000000
   C  -2.457588  -0.706619  -0.000000   -0.002326  0.006462  0.000000
   C  -1.231063   1.417376  -0.000000    0.003085  0.008028  0.000000
   C  -0.001349   3.534462  -0.000000    0.004513  0.009658  0.000000
   C   1.243046   5.637791  -0.000000    0.002969  0.012243  0.000000
   C  -2.406656  -4.937153   0.000000   -0.008758 -0.009946  0.000000
   C  -1.227756  -2.820608  -0.000000   -0.005305  0.000520  0.000000
   C  -0.012345  -0.700488  -0.000000    0.002602  0.003736  0.000000
   C   1.222553   1.412389  -0.000000    0.005459  0.006756  0.000000
   C   2.453318   3.528947  -0.000000    0.006104  0.011015  0.000000
   C   3.698409   5.636057   0.000000    0.000056  0.026774  0.000000
   N  -0.014396  -4.904570  -0.000000   -0.016904 -0.002981  0.000000
   C   1.214083  -2.815459  -0.000000    0.001634 -0.001589  0.000000
   C   2.448639  -0.721456  -0.000000    0.006358  0.002506  0.000000
   C   3.669299   1.404131  -0.000000    0.008255  0.003306  0.000000
   C   4.910195   3.525539   0.000000    0.005719  0.001259  0.000000
   N   6.097485   5.622237   0.000000   -0.001042 -0.004356  0.000000
   C   2.382612  -4.963079  -0.000000    0.004611 -0.011328  0.000000
   C   3.642294  -2.837136  -0.000000    0.006002 -0.003256  0.000000
   C   4.906412  -0.719447  -0.000000    0.009828  0.000300  0.000000
   C   6.131270   1.411517   0.000000    0.010817  0.002578  0.000000
   C   7.334720   3.615575   0.000000    0.006711  0.011301 -0.000000
   C   4.816840  -4.990909  -0.000000   -0.015861 -0.001230  0.000000
   C   6.103910  -2.880967  -0.000000    0.013333 -0.000561  0.000000
   C   7.316810  -0.699227   0.000000    0.012784  0.000374 -0.000000
   N   7.215730  -4.988303  -0.000000   -0.007618 -0.004353  0.000000
   H   8.163507   5.580727   0.000000    0.019537  0.023217 -0.000000
   H   8.305761   3.149753   0.000000    0.005683  0.006467 -0.000000
   H   8.274895   1.180454   0.000000    0.011972  0.002907 -0.000000
   H   8.269710  -1.211828   0.000000    0.013505 -0.000592 -0.000000
   H   8.253958  -3.234159   0.000000    0.020429 -0.001968 -0.000000
   H   8.038515  -5.551207  -0.000000   -0.000495 -0.021879  0.000000
   H  -8.235859   5.546981   0.000000    0.002996 -0.009270  0.000000
   H  -8.287222   3.109607   0.000000   -0.008451 -0.012561  0.000000
   H  -8.278941   1.167871   0.000000    0.002167 -0.003044  0.000000
   H  -8.271581  -1.226731   0.000000   -0.017460 -0.005653  0.000000
   H  -8.243977  -3.203340   0.000000   -0.018783 -0.019585  0.000000
   H  -8.053099  -5.689344   0.000000    0.021833  0.005411 -0.000000
   H  -6.096223   6.763731   0.000000   -0.008489  0.006191  0.000000
   H  -3.661051   6.738310  -0.000000    0.003907  0.017283  0.000000
   H  -1.206214   6.727478  -0.000000    0.004302  0.015672  0.000000
   H   1.247256   6.722343  -0.000000   -0.000190  0.013389  0.000000
   H   3.705445   6.720427   0.000000    0.002577  0.029123  0.000000
   H   6.088331   6.623288   0.000000   -0.008175  0.009503  0.000000
   H  -5.813006  -6.735133   0.000000   -0.007296 -0.090077  0.000000
   H  -3.687492  -6.575103   0.000000   -0.026814 -0.005236  0.000000
   H  -1.121874  -6.646692  -0.000000   -0.006218 -0.031164  0.000000
   H   1.063301  -6.653450  -0.000000   -0.010037  0.000941  0.000000
   H   3.620705  -6.739187  -0.000000   -0.003749 -0.031007  0.000000
   H   6.067161  -6.662546  -0.000000   -0.015919 -0.017013  0.000000
converged SCF energy = -3100.86593668548
--------------- ROKS_Scanner gradients ---------------
         x                y                z
0 C    -0.0004568757    -0.0003638803    -0.0000000000
1 C    -0.0011049256     0.0005086284    -0.0000000000
2 C    -0.0004448340    -0.0004063069    -0.0000000000
3 C    -0.0007294910    -0.0001634624    -0.0000000000
4 C    -0.0014801058     0.0009710138    -0.0000000000
5 C    -0.0004118856    -0.0004647183    -0.0000000000
6 C    -0.0002218617    -0.0004602592    -0.0000000000
7 C     0.0000497709    -0.0000221779    -0.0000000000
8 C     0.0002951675     0.0002580272    -0.0000000000
9 C     0.0006108547     0.0039693978     0.0000000000
10 C    -0.0027171456     0.0002406696    -0.0000000000
11 C     0.0000305693    -0.0001454175    -0.0000000000
12 C     0.0000792833    -0.0000547263    -0.0000000000
13 C     0.0000818421    -0.0000869017    -0.0000000000
14 C     0.0007794908     0.0000977960     0.0000000000
15 N    -0.0017139080    -0.0041229481     0.0000000000
16 C     0.0012761512    -0.0002234511     0.0000000000
17 C     0.0002739826    -0.0014688238     0.0000000000
18 C     0.0006684205    -0.0004602547    -0.0000000000
19 C    -0.0002563876     0.0006715941    -0.0000000000
20 C    -0.0009393443     0.0009601669     0.0000000000
21 C     0.0004690141     0.0038328625    -0.0000000000
22 N    -0.0005206829    -0.0003599475     0.0000000000
23 C    -0.0000748305    -0.0002039026    -0.0000000000
24 C     0.0003384490    -0.0005822607    -0.0000000000
25 C     0.0014841010    -0.0008827916     0.0000000000
26 C     0.0057290188     0.0014286233     0.0000000000
27 C    -0.0014009365    -0.0008783290     0.0000000000
28 C     0.0002427791     0.0009482611    -0.0000000000
29 C    -0.0009120034    -0.0005099884    -0.0000000000
30 C    -0.0003012659     0.0007400661     0.0000000000
31 C     0.0005273519     0.0001803793     0.0000000000
32 C    -0.0032767572     0.0004128364    -0.0000000000
33 C    -0.0015788322     0.0058828907    -0.0000000000
34 C    -0.0032059922    -0.0018879835    -0.0000000000
35 C    -0.0005293449    -0.0006404628    -0.0000000000
36 C    -0.0000242699     0.0004772976     0.0000000000
37 N     0.0035192330    -0.0034482359     0.0000000000
38 C    -0.0010362674    -0.0013510702    -0.0000000000
39 C     0.0005566541     0.0008947409     0.0000000000
40 C     0.0004118063     0.0007922098     0.0000000000
41 C     0.0007095838     0.0002448335     0.0000000000
42 C     0.0007879111    -0.0002756940     0.0000000000
43 C     0.0001482472    -0.0005453364     0.0000000000
44 C    -0.0005680577     0.0002537756     0.0000000000
45 C    -0.0006781165    -0.0015787088    -0.0000000000
46 C     0.0023231594    -0.0003718003     0.0000000000
47 C     0.0003487268    -0.0002604436     0.0000000000
48 C     0.0002930134    -0.0000034732     0.0000000000
49 C     0.0000566853    -0.0007420801     0.0000000000
50 C    -0.0011387546     0.0001365493     0.0000000000
51 N     0.0043248311    -0.0029584545    -0.0000000000
52 C     0.0002725081    -0.0000587923    -0.0000000000
53 C     0.0004792274    -0.0002205407    -0.0000000000
54 C    -0.0002768506     0.0001952255     0.0000000000
55 C     0.0006180961    -0.0005793798     0.0000000000
56 C    -0.0020324884    -0.0003535578    -0.0000000000
57 C    -0.0021675000     0.0010107411     0.0000000000
58 C    -0.0009978659     0.0012425614    -0.0000000000
59 C     0.0003815738     0.0004468364     0.0000000000
60 C    -0.0001008460     0.0000341815     0.0000000000
61 C     0.0004591613    -0.0000255082     0.0000000000
62 C    -0.0015856098    -0.0051260959     0.0000000000
63 N     0.0032018177    -0.0028949442     0.0000000000
64 C    -0.0005992990    -0.0010637637     0.0000000000
65 C    -0.0002536768     0.0006480957     0.0000000000
66 C    -0.0008004487    -0.0000283958    -0.0000000000
67 C    -0.0034336888     0.0021579364    -0.0000000000
68 N     0.0042403448     0.0041690715     0.0000000000
69 C    -0.0042508674    -0.0004607617    -0.0000000000
70 C     0.0009376514     0.0018065087     0.0000000000
71 C    -0.0004991206     0.0003556003     0.0000000000
72 C    -0.0000017551    -0.0001716628    -0.0000000000
73 C    -0.0010133240    -0.0006510041    -0.0000000000
74 C     0.0062886305    -0.0021798930     0.0000000000
75 C     0.0007545370    -0.0004397366     0.0000000000
76 C    -0.0005792844    -0.0003863626     0.0000000000
77 N     0.0004640972    -0.0006455423    -0.0000000000
78 H    -0.0004536087    -0.0001526249     0.0000000000
79 H    -0.0003831735     0.0007088222     0.0000000000
80 H    -0.0003430879    -0.0002871514    -0.0000000000
81 H    -0.0002100519     0.0002188299    -0.0000000000
82 H    -0.0005162942    -0.0006776341     0.0000000000
83 H    -0.0023249905     0.0016954796    -0.0000000000
84 H     0.0003868942    -0.0000122418     0.0000000000
85 H     0.0004297429     0.0001661488    -0.0000000000
86 H     0.0002750066    -0.0001574421     0.0000000000
87 H     0.0002727861     0.0001088419    -0.0000000000
88 H     0.0002426909    -0.0000197918     0.0000000000
89 H     0.0002094450     0.0004456229     0.0000000000
90 H    -0.0001591245    -0.0001942490     0.0000000000
91 H    -0.0000373993    -0.0003094744    -0.0000000000
92 H     0.0001107768    -0.0003076742    -0.0000000000
93 H     0.0003364451    -0.0003563529     0.0000000000
94 H     0.0006159807    -0.0010950666    -0.0000000000
95 H     0.0000683058    -0.0028711443    -0.0000000000
96 H     0.0008502530     0.0004652346    -0.0000000000
97 H     0.0001143891     0.0028432548    -0.0000000000
98 H    -0.0000527836     0.0007758350    -0.0000000000
99 H    -0.0000333584     0.0003207212     0.0000000000
100 H     0.0005898816     0.0012147750    -0.0000000000
101 H    -0.0001619679     0.0027392989    -0.0000000000
----------------------------------------------
cycle 4: E = -3100.86593669  dE = -0.0121221  norm(grad) = 0.0218192

Geometry optimization cycle 5
Cartesian coordinates (Angstrom)
 Atom        New coordinates             dX        dY        dZ
   C  -7.305849   4.999021   0.000000   -0.005064 -0.000366 -0.000000
   C  -7.324553   0.664368   0.000000   -0.000609  0.002010  0.000000
   C  -6.151180   2.865491   0.000000    0.000014  0.002496  0.000000
   C  -4.881874   4.984048   0.000000    0.002698  0.002949  0.000000
   C  -7.265327  -3.676391   0.000000    0.003911 -0.011286 -0.000000
   C  -6.132224  -1.438333   0.000000   -0.002351  0.001036  0.000000
   C  -4.915939   0.709496   0.000000   -0.000364  0.002303  0.000000
   C  -3.682463   2.842104   0.000000    0.000567  0.003382  0.000000
   C  -2.444147   4.979225   0.000000    0.003067  0.004235  0.000000
   C  -5.963233  -5.661313   0.000000   -0.013816  0.000890 -0.000000
   C  -4.852656  -3.526779   0.000000   -0.001057  0.001821  0.000000
   C  -3.676244  -1.408399   0.000000   -0.000768  0.000097  0.000000
   C  -2.462681   0.717264   0.000000    0.000211  0.002346  0.000000
   C  -1.227968   2.839613   0.000000    0.000992  0.003001  0.000000
   C   0.001101   4.971133   0.000000    0.003026  0.003888  0.000000
   N  -3.619749  -5.573381   0.000000   -0.002336  0.004293 -0.000000
   C  -2.414064  -3.495583   0.000000    0.001567 -0.004169  0.000000
   C  -1.216870  -1.398707   0.000000    0.000311  0.001519  0.000000
   C  -0.008398   0.714133   0.000000    0.001683  0.001468  0.000000
   C   1.223246   2.833470   0.000000    0.002417  0.003011  0.000000
   C   2.446346   4.974560   0.000000    0.003817  0.008569  0.000000
   C  -1.223135  -5.589310   0.000000    0.001974 -0.016841  0.000000
   N  -0.004378  -3.486334   0.000000    0.002766  0.000863  0.000000
   C   1.219423  -1.420506   0.000000    0.004590 -0.001173  0.000000
   C   2.449275   0.703472   0.000000    0.003473  0.000034  0.000000
   C   3.666845   2.823135   0.000000   -0.000010 -0.001186  0.000000
   C   4.856272   4.955670  -0.000000   -0.024081 -0.008043 -0.000000
   C   1.174056  -5.572741  -0.000000    0.001583  0.006261  0.000000
   C   2.419050  -3.529184   0.000000    0.006713 -0.008206  0.000000
   C   3.668013  -1.420728   0.000000    0.007983  0.000114  0.000000
   C   4.911427   0.698599   0.000000    0.007367 -0.001353  0.000000
   C   6.131785   2.843223   0.000000    0.008022 -0.000569 -0.000000
   C   7.269025   4.960495  -0.000000   -0.008410 -0.000735 -0.000000
   C   3.625665  -5.686994   0.000000   -0.000569 -0.031976  0.000000
   C   4.858501  -3.551425   0.000000    0.004613  0.005827  0.000000
   C   6.136210  -1.430840   0.000000    0.012800  0.002059  0.000000
   C   7.331617   0.672792   0.000000    0.009973  0.001163 -0.000000
   N   5.998795  -5.651764   0.000000   -0.018104  0.014929  0.000000
   C   7.264569  -3.641577   0.000000    0.007697 -0.000428  0.000000
   C  -7.329747   3.603600   0.000000   -0.002824 -0.000995  0.000000
   C  -6.114383   5.675581   0.000000   -0.002102 -0.004555  0.000000
   C  -7.322703  -0.711325   0.000000   -0.002457  0.001801  0.000000
   C  -6.144898   1.411409   0.000000   -0.000802  0.002343  0.000000
   C  -4.907771   3.553513   0.000000    0.000231  0.003440  0.000000
   C  -3.659694   5.658237   0.000000    0.002869  0.004101  0.000000
   C  -7.191701  -5.077294   0.000000   -0.020131 -0.011774 -0.000000
   C  -6.119000  -2.894145   0.000000   -0.003364 -0.000014  0.000000
   C  -4.915933  -0.713459   0.000000   -0.001414  0.001277  0.000000
   C  -3.682387   1.417650   0.000000   -0.000147  0.002755  0.000000
   C  -2.456152   3.543332   0.000000    0.000921  0.004165  0.000000
   C  -1.206646   5.647296   0.000000    0.003702  0.004266  0.000000
   N  -4.818256  -4.925433   0.000000   -0.008469  0.002062 -0.000000
   C  -3.652601  -2.819669   0.000000    0.001489 -0.001426  0.000000
   C  -2.458315  -0.704906   0.000000   -0.000727  0.001713  0.000000
   C  -1.229752   1.419432   0.000000    0.001311  0.002056  0.000000
   C   0.000002   3.537993   0.000000    0.001350  0.003532  0.000000
   C   1.245699   5.643090   0.000000    0.002653  0.005298  0.000000
   C  -2.401881  -4.944114   0.000000    0.004775 -0.006961  0.000000
   C  -1.225719  -2.821002   0.000000    0.002037 -0.000394  0.000000
   C  -0.009526  -0.700662   0.000000    0.002820 -0.000174  0.000000
   C   1.225415   1.414040   0.000000    0.002863  0.001652  0.000000
   C   2.455932   3.534215   0.000000    0.002614  0.005268  0.000000
   C   3.693282   5.660464  -0.000000   -0.005127  0.024407 -0.000000
   N  -0.019315  -4.903561   0.000000   -0.004919  0.001009  0.000000
   C   1.220613  -2.818495   0.000000    0.006530 -0.003035  0.000000
   C   2.454412  -0.722492   0.000000    0.005773 -0.001036  0.000000
   C   3.674505   1.402478   0.000000    0.005206 -0.001653  0.000000
   C   4.912856   3.518091   0.000000    0.002661 -0.007448 -0.000000
   N   6.076041   5.607017  -0.000000   -0.021445 -0.015220 -0.000000
   C   2.394420  -4.974108   0.000000    0.011809 -0.011029  0.000000
   C   3.644984  -2.838012   0.000000    0.002690 -0.000876  0.000000
   C   4.916538  -0.720733   0.000000    0.010126 -0.001286  0.000000
   C   6.139278   1.410731   0.000000    0.008008 -0.000786  0.000000
   C   7.343675   3.614569  -0.000000    0.008955 -0.001007 -0.000000
   C   4.794537  -4.984862   0.000000   -0.022303  0.006048  0.000000
   C   6.111668  -2.879142   0.000000    0.007758  0.001825  0.000000
   C   7.331072  -0.698171   0.000000    0.014261  0.001055  0.000000
   N   7.210757  -4.991329   0.000000   -0.004973 -0.003026  0.000000
   H   8.148354   5.590737  -0.000000   -0.015153  0.010010 -0.000000
   H   8.317073   3.150549  -0.000000    0.011313  0.000796 -0.000000
   H   8.284036   1.185014   0.000000    0.009141  0.004560 -0.000000
   H   8.284686  -1.210662   0.000000    0.014976  0.001166  0.000000
   H   8.263442  -3.235657   0.000000    0.009484 -0.001498  0.000000
   H   8.030977  -5.566985   0.000000   -0.007538 -0.015778  0.000000
   H  -8.241575   5.547053   0.000000   -0.005716  0.000072 -0.000000
   H  -8.289755   3.106460   0.000000   -0.002533 -0.003147 -0.000000
   H  -8.279874   1.170896   0.000000   -0.000934  0.003025 -0.000000
   H  -8.275088  -1.224029   0.000000   -0.003507  0.002702 -0.000000
   H  -8.239666  -3.212903   0.000000    0.004311 -0.009563 -0.000000
   H  -8.076459  -5.698828   0.000000   -0.023360 -0.009484 -0.000000
   H  -6.098945   6.759613   0.000000   -0.002722 -0.004119  0.000000
   H  -3.658391   6.743034   0.000000    0.002660  0.004725  0.000000
   H  -1.202847   6.732363   0.000000    0.003367  0.004885  0.000000
   H   1.245744   6.728367   0.000000   -0.001512  0.006024  0.000000
   H   3.704440   6.746496  -0.000000   -0.001005  0.026070 -0.000000
   H   6.062139   6.613415  -0.000000   -0.026192 -0.009873 -0.000000
   H  -5.828198  -6.734372   0.000000   -0.015192  0.000761 -0.000000
   H  -3.690543  -6.575952   0.000000   -0.003051 -0.000849 -0.000000
   H  -1.118103  -6.664616  -0.000000    0.003772 -0.017924  0.000000
   H   1.062339  -6.647712  -0.000000   -0.000962  0.005737  0.000000
   H   3.624700  -6.773023  -0.000000    0.003994 -0.033836  0.000000
   H   6.044062  -6.652785   0.000000   -0.023099  0.009761  0.000000
converged SCF energy = -3100.86552286901
--------------- ROKS_Scanner gradients ---------------
         x                y                z
0 C    -0.0016760082     0.0008300880    -0.0000000000
1 C    -0.0004453510     0.0001743850     0.0000000000
2 C     0.0002757159    -0.0004220168     0.0000000000
3 C     0.0011431150     0.0007874609    -0.0000000000
4 C     0.0054962345    -0.0040315835     0.0000000000
5 C     0.0007995084    -0.0001574467     0.0000000000
6 C    -0.0000575395     0.0000525580    -0.0000000000
7 C     0.0000977688     0.0001117327    -0.0000000000
8 C     0.0006362226     0.0002558916     0.0000000000
9 C    -0.0026470928     0.0071559334    -0.0000000000
10 C    -0.0016757507     0.0000379200     0.0000000000
11 C    -0.0006497359    -0.0002665052    -0.0000000000
12 C     0.0000790632     0.0000502781    -0.0000000000
13 C    -0.0002571067    -0.0001239282    -0.0000000000
14 C     0.0009004204     0.0001636152    -0.0000000000
15 N     0.0012209340     0.0034489149    -0.0000000000
16 C    -0.0019729010    -0.0008702747     0.0000000000
17 C    -0.0005563644    -0.0004213731    -0.0000000000
18 C    -0.0001553937    -0.0000982548    -0.0000000000
19 C    -0.0001841551    -0.0001416766    -0.0000000000
20 C     0.0028847926    -0.0010123447    -0.0000000000
21 C     0.0030901068    -0.0028718066    -0.0000000000
22 N     0.0020306477     0.0002545108     0.0000000000
23 C    -0.0007455412     0.0003441584     0.0000000000
24 C    -0.0001071252     0.0001256026     0.0000000000
25 C    -0.0007504779     0.0013082034    -0.0000000000
26 C    -0.0061293005    -0.0036559608    -0.0000000000
27 C    -0.0001189717     0.0022195017     0.0000000000
28 C    -0.0009669577    -0.0008577421     0.0000000000
29 C     0.0013734567     0.0001003342     0.0000000000
30 C    -0.0001244901    -0.0003739706     0.0000000000
31 C     0.0013579010     0.0001924981    -0.0000000000
32 C    -0.0001185878    -0.0001822185    -0.0000000000
33 C     0.0006080638    -0.0064275542     0.0000000000
34 C     0.0036602277     0.0008779690     0.0000000000
35 C     0.0009535773     0.0003954008     0.0000000000
36 C    -0.0003431259     0.0000446434    -0.0000000000
37 N    -0.0025730889     0.0056583114    -0.0000000000
38 C    -0.0001322156     0.0008502412    -0.0000000000
39 C     0.0005226276     0.0004149944    -0.0000000000
40 C     0.0001368273    -0.0020777406     0.0000000000
41 C     0.0003194796     0.0003804359    -0.0000000000
42 C     0.0001108017     0.0000148349    -0.0000000000
43 C    -0.0005756976     0.0001558494     0.0000000000
44 C     0.0001771831    -0.0001159817    -0.0000000000
45 C    -0.0078000316    -0.0045114497     0.0000000000
46 C    -0.0002319603     0.0022441830    -0.0000000000
47 C    -0.0000501689     0.0004194417     0.0000000000
48 C    -0.0001329836     0.0000432625     0.0000000000
49 C    -0.0001894929     0.0000969895     0.0000000000
50 C    -0.0003944023     0.0000327163    -0.0000000000
51 N     0.0036977751    -0.0016205822     0.0000000000
52 C     0.0014520856     0.0005028729    -0.0000000000
53 C     0.0000303733     0.0001326165     0.0000000000
54 C    -0.0000510417     0.0002043096     0.0000000000
55 C     0.0000860855     0.0001095699     0.0000000000
56 C    -0.0003726278     0.0001672422     0.0000000000
57 C     0.0013036532     0.0004372502     0.0000000000
58 C     0.0002343723     0.0005308000    -0.0000000000
59 C     0.0006979668     0.0003996772     0.0000000000
60 C    -0.0002932825    -0.0000197413    -0.0000000000
61 C    -0.0004704041     0.0002531562     0.0000000000
62 C     0.0001392583     0.0058605227     0.0000000000
63 N    -0.0049855712     0.0003672088     0.0000000000
64 C     0.0004044121     0.0006249093    -0.0000000000
65 C     0.0001314987    -0.0003238050    -0.0000000000
66 C     0.0011008306    -0.0000964602    -0.0000000000
67 C     0.0030026045    -0.0010770269     0.0000000000
68 N    -0.0031259606    -0.0025398761    -0.0000000000
69 C     0.0059831029     0.0000431592    -0.0000000000
70 C    -0.0008335122    -0.0015653836    -0.0000000000
71 C     0.0002459824    -0.0001894523    -0.0000000000
72 C     0.0002664755     0.0002145146     0.0000000000
73 C     0.0013612335    -0.0017410624     0.0000000000
74 C    -0.0072887586     0.0030819929    -0.0000000000
75 C    -0.0001394591     0.0013354496    -0.0000000000
76 C     0.0005078447    -0.0002264353    -0.0000000000
77 N    -0.0001074408    -0.0018489604     0.0000000000
78 H     0.0003465300    -0.0003455653     0.0000000000
79 H     0.0005676937    -0.0001488434     0.0000000000
80 H     0.0001910487     0.0000484882     0.0000000000
81 H     0.0002270020    -0.0000195252     0.0000000000
82 H     0.0002755087     0.0001456116     0.0000000000
83 H     0.0019905335    -0.0007417868     0.0000000000
84 H    -0.0003539780     0.0001050464     0.0000000000
85 H    -0.0001326349    -0.0000013093     0.0000000000
86 H    -0.0001782964     0.0001563369    -0.0000000000
87 H    -0.0000528796     0.0001216333     0.0000000000
88 H     0.0003924233    -0.0008642548    -0.0000000000
89 H    -0.0010208772    -0.0005161015    -0.0000000000
90 H    -0.0000283889    -0.0001705347    -0.0000000000
91 H     0.0000539460     0.0001117463    -0.0000000000
92 H     0.0000899573     0.0001199750    -0.0000000000
93 H     0.0001598660     0.0001420236    -0.0000000000
94 H    -0.0000968215     0.0012343041    -0.0000000000
95 H    -0.0005737582     0.0018065663     0.0000000000
96 H    -0.0004449164     0.0006403610    -0.0000000000
97 H     0.0002467878    -0.0017660911    -0.0000000000
98 H    -0.0004287756    -0.0007256027    -0.0000000000
99 H     0.0000900062     0.0001187842     0.0000000000
100 H    -0.0001149502    -0.0014566096    -0.0000000000
101 H    -0.0002718691    -0.0016162983     0.0000000000
----------------------------------------------
cycle 5: E = -3100.86552287  dE = 0.000413816  norm(grad) = 0.0257542

Geometry optimization cycle 6
Cartesian coordinates (Angstrom)
 Atom        New coordinates             dX        dY        dZ
   C  -7.302247   4.999760   0.000000    0.003602  0.000739  0.000000
   C  -7.325143   0.663227   0.000000   -0.000589 -0.001141  0.000000
   C  -6.152185   2.865231   0.000000   -0.001005 -0.000260  0.000000
   C  -4.883174   4.983729   0.000000   -0.001300 -0.000320  0.000000
   C  -7.268760  -3.668439   0.000000   -0.003433  0.007953  0.000000
   C  -6.133170  -1.438495   0.000000   -0.000947 -0.000162  0.000000
   C  -4.917172   0.708974   0.000000   -0.001233 -0.000522  0.000000
   C  -3.683683   2.841219   0.000000   -0.001220 -0.000885  0.000000
   C  -2.445215   4.977737   0.000000   -0.001068 -0.001488  0.000000
   C  -5.955832  -5.670389   0.000000    0.007400 -0.009076  0.000000
   C  -4.853040  -3.528878   0.000000   -0.000384 -0.002099  0.000000
   C  -3.677746  -1.409126   0.000000   -0.001502 -0.000727  0.000000
   C  -2.464406   0.716315   0.000000   -0.001724 -0.000949  0.000000
   C  -1.229335   2.838539   0.000000   -0.001367 -0.001074  0.000000
   C   0.000357   4.969813   0.000000   -0.000744 -0.001321  0.000000
   N  -3.619604  -5.575336   0.000000    0.000145 -0.001955  0.000000
   C  -2.414997  -3.494491   0.000000   -0.000933  0.001093  0.000000
   C  -1.218609  -1.399308   0.000000   -0.001739 -0.000601  0.000000
   C  -0.010628   0.713316   0.000000   -0.002230 -0.000816  0.000000
   C   1.221364   2.831938   0.000000   -0.001881 -0.001532  0.000000
   C   2.445483   4.971130   0.000000   -0.000863 -0.003430  0.000000
   C  -1.225094  -5.583740   0.000000   -0.001959  0.005570  0.000000
   N  -0.006137  -3.487374   0.000000   -0.001759 -0.001040  0.000000
   C   1.216647  -1.420580   0.000000   -0.002777 -0.000073  0.000000
   C   2.446624   0.703165   0.000000   -0.002651 -0.000306  0.000000
   C   3.665643   2.823358   0.000000   -0.001202  0.000224  0.000000
   C   4.867254   4.959734   0.000000    0.010982  0.004063  0.000000
   C   1.174402  -5.577083  -0.000000    0.000346 -0.004342  0.000000
   C   2.416218  -3.526748   0.000000   -0.002831  0.002437  0.000000
   C   3.663922  -1.421154   0.000000   -0.004090 -0.000427  0.000000
   C   4.907604   0.698904   0.000000   -0.003824  0.000305  0.000000
   C   6.127458   2.843786   0.000000   -0.004326  0.000563  0.000000
   C   7.276617   4.960672  -0.000000    0.007593  0.000176  0.000000
   C   3.626457  -5.675495   0.000000    0.000792  0.011498  0.000000
   C   4.856595  -3.554444   0.000000   -0.001906 -0.003018  0.000000
   C   6.130201  -1.431250   0.000000   -0.006009 -0.000409  0.000000
   C   7.327157   0.672910   0.000000   -0.004460  0.000118  0.000000
   N   6.007583  -5.659470   0.000000    0.008788 -0.007706  0.000000
   C   7.262239  -3.639449   0.000000   -0.002330  0.002128  0.000000
   C  -7.329745   3.604338   0.000000    0.000002  0.000737  0.000000
   C  -6.113040   5.679634   0.000000    0.001343  0.004053  0.000000
   C  -7.323958  -0.712405   0.000000   -0.001255 -0.001080  0.000000
   C  -6.146020   1.410933   0.000000   -0.001122 -0.000476  0.000000
   C  -4.908650   3.552982   0.000000   -0.000879 -0.000531  0.000000
   C  -3.660539   5.656735   0.000000   -0.000845 -0.001502  0.000000
   C  -7.175417  -5.068532   0.000000    0.016284  0.008762  0.000000
   C  -6.118747  -2.893793   0.000000    0.000253  0.000352  0.000000
   C  -4.917151  -0.713878   0.000000   -0.001219 -0.000419  0.000000
   C  -3.683750   1.416895   0.000000   -0.001363 -0.000755  0.000000
   C  -2.457306   3.542129   0.000000   -0.001154 -0.001203  0.000000
   C  -1.207344   5.645611   0.000000   -0.000698 -0.001684  0.000000
   N  -4.817569  -4.927903   0.000000    0.000687 -0.002469  0.000000
   C  -3.654314  -2.820410   0.000000   -0.001713 -0.000741  0.000000
   C  -2.459996  -0.705758   0.000000   -0.001681 -0.000852  0.000000
   C  -1.231629   1.418470   0.000000   -0.001877 -0.000961  0.000000
   C  -0.001512   3.536803   0.000000   -0.001513 -0.001191  0.000000
   C   1.245927   5.641316   0.000000    0.000229 -0.001773  0.000000
   C  -2.404385  -4.942383   0.000000   -0.002504  0.001731  0.000000
   C  -1.226979  -2.821630   0.000000   -0.001260 -0.000629  0.000000
   C  -0.012219  -0.701143   0.000000   -0.002693 -0.000481  0.000000
   C   1.223074   1.413046   0.000000   -0.002341 -0.000995  0.000000
   C   2.454009   3.532003   0.000000   -0.001924 -0.002212  0.000000
   C   3.696529   5.651347   0.000000    0.003247 -0.009117  0.000000
   N  -0.016865  -4.904699   0.000000    0.002450 -0.001138  0.000000
   C   1.217675  -2.817858   0.000000   -0.002938  0.000636  0.000000
   C   2.451122  -0.722584   0.000000   -0.003290 -0.000092  0.000000
   C   3.671281   1.402842   0.000000   -0.003225  0.000363  0.000000
   C   4.911090   3.521151   0.000000   -0.001766  0.003060  0.000000
   N   6.087384   5.612158  -0.000000    0.011343  0.005141  0.000000
   C   2.390011  -4.970457   0.000000   -0.004410  0.003651  0.000000
   C   3.643475  -2.838380   0.000000   -0.001510 -0.000368  0.000000
   C   4.911552  -0.720416   0.000000   -0.004985  0.000317  0.000000
   C   6.135071   1.411190   0.000000   -0.004207  0.000458  0.000000
   C   7.340266   3.614829  -0.000000   -0.003408  0.000261  0.000000
   C   4.804439  -4.988894   0.000000    0.009901 -0.004032  0.000000
   C   6.107941  -2.879640   0.000000   -0.003726 -0.000498  0.000000
   C   7.324587  -0.697934   0.000000   -0.006485  0.000238  0.000000
   N   7.213514  -4.988555   0.000000    0.002757  0.002774  0.000000
   H   8.159036   5.586396  -0.000000    0.010682 -0.004341  0.000000
   H   8.311164   3.146388  -0.000000   -0.005910 -0.004161  0.000000
   H   8.279838   1.184368   0.000000   -0.004198 -0.000646  0.000000
   H   8.277731  -1.210988   0.000000   -0.006956 -0.000325  0.000000
   H   8.259858  -3.231015   0.000000   -0.003584  0.004642  0.000000
   H   8.035115  -5.559182   0.000000    0.004138  0.007802  0.000000
   H  -8.237811   5.547653   0.000000    0.003764  0.000600  0.000000
   H  -8.290502   3.108915   0.000000   -0.000747  0.002455  0.000000
   H  -8.280400   1.169562   0.000000   -0.000526 -0.001334  0.000000
   H  -8.276142  -1.225383   0.000000   -0.001054 -0.001354  0.000000
   H  -8.244811  -3.207799   0.000000   -0.005145  0.005105  0.000000
   H  -8.059594  -5.689828   0.000000    0.016866  0.009000  0.000000
   H  -6.097169   6.763713   0.000000    0.001776  0.004101  0.000000
   H  -3.658826   6.741429   0.000000   -0.000435 -0.001605  0.000000
   H  -1.203774   6.730576   0.000000   -0.000927 -0.001786  0.000000
   H   1.246578   6.726489   0.000000    0.000834 -0.001878  0.000000
   H   3.704164   6.736696  -0.000000   -0.000277 -0.009800  0.000000
   H   6.076437   6.617065  -0.000000    0.014298  0.003650  0.000000
   H  -5.824270  -6.744094   0.000000    0.003928 -0.009722  0.000000
   H  -3.689430  -6.576424   0.000000    0.001113 -0.000472  0.000000
   H  -1.120158  -6.658595   0.000000   -0.002055  0.006021  0.000000
   H   1.064262  -6.652252  -0.000000    0.001923 -0.004539  0.000000
   H   3.621887  -6.760666  -0.000000   -0.002813  0.012357  0.000000
   H   6.056866  -6.658794   0.000000    0.012803 -0.006009 -0.000000
converged SCF energy = -3100.86653298062
