1721694164.9409826

Geometry optimization cycle 1
Cartesian coordinates (Angstrom)
 Atom        New coordinates             dX        dY        dZ
   C  -7.338226   5.042760   0.000000    0.000000  0.000000  0.000000
   C  -7.365228   0.691139   0.000000    0.000000  0.000000  0.000000
   C  -6.173642   2.889413   0.000000    0.000000  0.000000  0.000000
   C  -4.910090   5.019617   0.000000    0.000000  0.000000  0.000000
   C  -7.358051  -3.642635   0.000000    0.000000  0.000000  0.000000
   C  -6.173475  -1.431785   0.000000    0.000000  0.000000  0.000000
   C  -4.940069   0.716689   0.000000    0.000000  0.000000  0.000000
   C  -3.694845   2.860312   0.000000    0.000000  0.000000  0.000000
   C  -2.457224   5.005715   0.000000    0.000000  0.000000  0.000000
   C  -6.138515  -5.727246   0.000000    0.000000  0.000000  0.000000
   C  -4.928214  -3.580071   0.000000    0.000000  0.000000  0.000000
   C  -3.698169  -1.425571   0.000000    0.000000  0.000000  0.000000
   C  -2.471779   0.716540   0.000000    0.000000  0.000000  0.000000
   C  -1.230705   2.851907   0.000000    0.000000 -0.000000  0.000000
   N   0.000000   5.003169   0.000000    0.000000  0.000000  0.000000
   C  -3.678966  -5.694052   0.000000    0.000000  0.000000  0.000000
   C  -2.466015  -3.560923   0.000000    0.000000  0.000000  0.000000
   C  -1.232423  -1.423207   0.000000    0.000000  0.000000  0.000000
   C   0.000000   0.715809   0.000000    0.000000  0.000000  0.000000
   C   1.230705   2.851907   0.000000    0.000000 -0.000000  0.000000
   C   2.457224   5.005715   0.000000    0.000000  0.000000  0.000000
   C  -1.226334  -5.685080   0.000000    0.000000  0.000000  0.000000
   C   0.000000  -3.557079   0.000000    0.000000  0.000000  0.000000
   C   1.232423  -1.423207   0.000000    0.000000  0.000000  0.000000
   C   2.471779   0.716540   0.000000    0.000000  0.000000  0.000000
   C   3.694845   2.860312   0.000000    0.000000  0.000000  0.000000
   C   4.910090   5.019617   0.000000    0.000000  0.000000  0.000000
   N   1.226334  -5.685080   0.000000    0.000000  0.000000  0.000000
   C   2.466015  -3.560923   0.000000    0.000000  0.000000  0.000000
   N   3.698169  -1.425571   0.000000    0.000000  0.000000  0.000000
   C   4.940069   0.716689   0.000000    0.000000  0.000000  0.000000
   C   6.173642   2.889413   0.000000    0.000000  0.000000  0.000000
   C   7.338226   5.042760   0.000000    0.000000  0.000000  0.000000
   C   3.678966  -5.694052   0.000000    0.000000  0.000000  0.000000
   N   4.928214  -3.580071   0.000000    0.000000  0.000000  0.000000
   C   6.173475  -1.431785   0.000000   -0.000000  0.000000  0.000000
   C   7.365228   0.691139   0.000000    0.000000  0.000000  0.000000
   C   6.138515  -5.727246   0.000000    0.000000  0.000000  0.000000
   C   7.358051  -3.642635   0.000000   -0.000000  0.000000  0.000000
   C  -7.358051   3.642635   0.000000    0.000000  0.000000  0.000000
   C  -6.138515   5.727246   0.000000    0.000000  0.000000  0.000000
   C  -7.365228  -0.691139   0.000000    0.000000  0.000000  0.000000
   C  -6.173475   1.431785   0.000000    0.000000  0.000000  0.000000
   C  -4.928214   3.580071   0.000000    0.000000 -0.000000  0.000000
   C  -3.678966   5.694052   0.000000    0.000000  0.000000  0.000000
   N  -7.338226  -5.042760   0.000000    0.000000  0.000000  0.000000
   N  -6.173642  -2.889413   0.000000    0.000000  0.000000  0.000000
   C  -4.940069  -0.716689   0.000000    0.000000  0.000000  0.000000
   C  -3.698169   1.425571   0.000000    0.000000  0.000000  0.000000
   C  -2.466015   3.560923   0.000000    0.000000 -0.000000  0.000000
   C  -1.226334   5.685080   0.000000    0.000000  0.000000  0.000000
   C  -4.910090  -5.019617   0.000000    0.000000  0.000000  0.000000
   C  -3.694845  -2.860312   0.000000    0.000000  0.000000  0.000000
   C  -2.471779  -0.716540   0.000000    0.000000  0.000000  0.000000
   C  -1.232423   1.423207   0.000000    0.000000  0.000000  0.000000
   C   0.000000   3.557079   0.000000    0.000000  0.000000  0.000000
   C   1.226334   5.685080   0.000000    0.000000  0.000000  0.000000
   C  -2.457224  -5.005715   0.000000    0.000000  0.000000  0.000000
   C  -1.230705  -2.851907   0.000000    0.000000  0.000000  0.000000
   C   0.000000  -0.715809   0.000000    0.000000  0.000000  0.000000
   C   1.232423   1.423207   0.000000    0.000000  0.000000  0.000000
   C   2.466015   3.560923   0.000000    0.000000 -0.000000  0.000000
   C   3.678966   5.694052   0.000000    0.000000  0.000000  0.000000
   C   0.000000  -5.003169   0.000000    0.000000  0.000000  0.000000
   C   1.230705  -2.851907   0.000000    0.000000  0.000000  0.000000
   C   2.471779  -0.716540   0.000000    0.000000  0.000000  0.000000
   N   3.698169   1.425571   0.000000    0.000000  0.000000  0.000000
   C   4.928214   3.580071   0.000000    0.000000 -0.000000  0.000000
   C   6.138515   5.727246   0.000000    0.000000  0.000000  0.000000
   C   2.457224  -5.005715   0.000000    0.000000  0.000000  0.000000
   N   3.694845  -2.860312   0.000000    0.000000  0.000000  0.000000
   C   4.940069  -0.716689   0.000000    0.000000  0.000000  0.000000
   C   6.173475   1.431785   0.000000   -0.000000  0.000000  0.000000
   N   7.358051   3.642635   0.000000   -0.000000  0.000000  0.000000
   C   4.910090  -5.019617   0.000000    0.000000  0.000000  0.000000
   C   6.173642  -2.889413   0.000000    0.000000  0.000000  0.000000
   C   7.365228  -0.691139   0.000000    0.000000  0.000000  0.000000
   C   7.338226  -5.042760   0.000000    0.000000  0.000000  0.000000
   H   8.282184   5.591425   0.000000    0.000000 -0.000000  0.000000
   H   8.325741   3.141106   0.000000    0.000000  0.000000  0.000000
   H   8.326715   1.204661   0.000000    0.000000  0.000000  0.000000
   H   8.326715  -1.204661   0.000000    0.000000  0.000000  0.000000
   H   8.325741  -3.141106   0.000000    0.000000  0.000000  0.000000
   H   8.282184  -5.591425   0.000000    0.000000  0.000000  0.000000
   H  -8.282184   5.591425   0.000000    0.000000 -0.000000  0.000000
   H  -8.325741   3.141106   0.000000    0.000000  0.000000  0.000000
   H  -8.326715   1.204661   0.000000    0.000000  0.000000  0.000000
   H  -8.326715  -1.204661   0.000000    0.000000  0.000000  0.000000
   H  -8.325741  -3.141106   0.000000    0.000000  0.000000  0.000000
   H  -8.282184  -5.591425   0.000000    0.000000  0.000000  0.000000
   H  -6.116625   6.819427   0.000000    0.000000  0.000000  0.000000
   H  -3.672757   6.787431   0.000000    0.000000  0.000000  0.000000
   H  -1.225580   6.778408   0.000000    0.000000 -0.000000  0.000000
   H   1.225580   6.778408   0.000000    0.000000 -0.000000  0.000000
   H   3.672757   6.787431   0.000000    0.000000  0.000000  0.000000
   H   6.116625   6.819427   0.000000   -0.000000  0.000000  0.000000
   H  -6.116625  -6.819427   0.000000    0.000000  0.000000  0.000000
   H  -3.672757  -6.787431   0.000000    0.000000  0.000000  0.000000
   H  -1.225580  -6.778408   0.000000    0.000000  0.000000  0.000000
   H   1.225580  -6.778408   0.000000    0.000000  0.000000  0.000000
   H   3.672757  -6.787431   0.000000    0.000000  0.000000  0.000000
   H   6.116625  -6.819427   0.000000   -0.000000  0.000000  0.000000
converged SCF energy = -3133.99233855639
--------------- ROKS_Scanner gradients ---------------
         x                y                z
0 C    -0.0043544202     0.0031064219    -0.0000000000
1 C    -0.0089872218    -0.0036278719    -0.0000000000
2 C     0.0023786791    -0.0040304584    -0.0000000000
3 C     0.0043315191     0.0047121308    -0.0000000000
4 C     0.0093551437     0.0390274158    -0.0000000000
5 C     0.0036608765     0.0231548905    -0.0000000000
6 C     0.0034398572     0.0030570103    -0.0000000000
7 C    -0.0024499994     0.0005573232    -0.0000000000
8 C     0.0096890780     0.0047166090    -0.0000000000
9 C     0.0218417158     0.0113688100     0.0000000000
10 C    -0.0291598422    -0.0004652750    -0.0000000000
11 C    -0.0086774617    -0.0072987787    -0.0000000000
12 C     0.0027003572    -0.0002594992    -0.0000000000
13 C     0.0075454516    -0.0005365665    -0.0000000000
14 N     0.0149638986    -0.0122267636    -0.0000000000
15 C     0.0165451211    -0.0062749890    -0.0000000000
16 C    -0.0146976284     0.0193660395    -0.0000000000
17 C    -0.0084291445    -0.0002653287    -0.0000000000
18 C    -0.0073302564     0.0050944246    -0.0000000000
19 C     0.0133103860    -0.0061403653    -0.0000000000
20 C     0.0180367497     0.0146543290     0.0000000000
21 C    -0.0231376311    -0.0017947815    -0.0000000000
22 C    -0.0075318339     0.0172018673    -0.0000000000
23 C    -0.0087899612    -0.0027288548    -0.0000000000
24 C    -0.0091691382     0.0401769442    -0.0000000000
25 C     0.0002941691     0.0152728747     0.0000000000
26 C     0.0390474148    -0.0004983616     0.0000000000
27 N    -0.0075561470     0.0186105271    -0.0000000000
28 C     0.0220600705     0.0338658521    -0.0000000000
29 N    -0.0274497191    -0.0070452888    -0.0000000000
30 C     0.0188167962     0.0132058129     0.0000000000
31 C     0.0025733467     0.0210286648    -0.0000000000
32 C     0.0282818914     0.0021046713     0.0000000000
33 C    -0.0084917736     0.0022129520    -0.0000000000
34 N    -0.0371741284     0.0083745938     0.0000000000
35 C     0.0137576131     0.0163945142     0.0000000000
36 C    -0.0129564536     0.0186240087    -0.0000000000
37 C    -0.0015428069    -0.0119279719     0.0000000000
38 C     0.0069055520     0.0031596316    -0.0000000000
39 C    -0.0007705407    -0.0004242751     0.0000000000
40 C    -0.0005008033     0.0020164680     0.0000000000
41 C     0.0033649339     0.0127615846     0.0000000000
42 C     0.0054891412     0.0021377938     0.0000000000
43 C     0.0033158527    -0.0044742095     0.0000000000
44 C    -0.0140918981     0.0008145851     0.0000000000
45 N     0.0006426782    -0.0332652849    -0.0000000000
46 N     0.0040224009    -0.0195885629     0.0000000000
47 C    -0.0014592566     0.0059366399    -0.0000000000
48 C    -0.0016607888     0.0017296887     0.0000000000
49 C     0.0033706624     0.0002556370     0.0000000000
50 C    -0.0321974120     0.0192120168     0.0000000000
51 C    -0.0078144789    -0.0129645562     0.0000000000
52 C     0.0366859823     0.0053607594     0.0000000000
53 C     0.0076975779     0.0017725489     0.0000000000
54 C     0.0005236177    -0.0098013156     0.0000000000
55 C    -0.0126078239    -0.0101291303     0.0000000000
56 C     0.0069238399     0.0179127942    -0.0000000000
57 C    -0.0039763172    -0.0193842763     0.0000000000
58 C     0.0067185199     0.0013496271     0.0000000000
59 C     0.0040907728    -0.0015188112     0.0000000000
60 C     0.0054862080    -0.0025805745     0.0000000000
61 C    -0.0166737194    -0.0023023650    -0.0000000000
62 C    -0.0233769423     0.0022186693    -0.0000000000
63 C     0.0137981404     0.0020213073     0.0000000000
64 C    -0.0205288657     0.0011775748     0.0000000000
65 C     0.0043905189    -0.0238397102     0.0000000000
66 N    -0.0149583453    -0.0247070796     0.0000000000
67 C    -0.0049439663     0.0060528395    -0.0000000000
68 C    -0.0366851539     0.0098223272    -0.0000000000
69 C     0.0109652576    -0.0342086448     0.0000000000
70 N     0.0061640429    -0.0033442849     0.0000000000
71 C     0.0193291175    -0.0068765738    -0.0000000000
72 C     0.0077237360    -0.0326802318     0.0000000000
73 N    -0.0342260704     0.0089169098     0.0000000000
74 C     0.0239102163    -0.0094956439    -0.0000000000
75 C     0.0150377972    -0.0041741005     0.0000000000
76 C    -0.0046896758    -0.0156113870     0.0000000000
77 C     0.0036049976    -0.0038427836     0.0000000000
78 H     0.0031835469     0.0105958630     0.0000000000
79 H     0.0560185879    -0.0262587296    -0.0000000000
80 H     0.0041806467     0.0036286875     0.0000000000
81 H     0.0063679912    -0.0029721404    -0.0000000000
82 H     0.0095678649     0.0007624706     0.0000000000
83 H     0.0052822010    -0.0030251659    -0.0000000000
84 H    -0.0047704953     0.0027018530     0.0000000000
85 H    -0.0054388887    -0.0029599207    -0.0000000000
86 H    -0.0055847346     0.0036787068     0.0000000000
87 H    -0.0048853957    -0.0037099611     0.0000000000
88 H    -0.0113384444     0.0064882593    -0.0000000000
89 H    -0.0510828384    -0.0336502603     0.0000000000
90 H     0.0001567280     0.0058047000    -0.0000000000
91 H     0.0002485831     0.0058155521    -0.0000000000
92 H    -0.0086732710     0.0094248013     0.0000000000
93 H     0.0080288572     0.0098226530     0.0000000000
94 H    -0.0007296256     0.0061674137     0.0000000000
95 H    -0.0035330832     0.0078727893     0.0000000000
96 H     0.0091761469    -0.0100392625    -0.0000000000
97 H     0.0010458417    -0.0062301769     0.0000000000
98 H     0.0002131587    -0.0050789518     0.0000000000
99 H    -0.0009766711    -0.0622067183     0.0000000000
100 H    -0.0039006313    -0.0082206677     0.0000000000
101 H     0.0037396342    -0.0085639163    -0.0000000000
----------------------------------------------
cycle 1: E = -3133.99233856  dE = -3133.99  norm(grad) = 0.217058

Geometry optimization cycle 2
Cartesian coordinates (Angstrom)
 Atom        New coordinates             dX        dY        dZ
   C  -7.272274   5.001990   0.000000    0.065952 -0.040770  0.000000
   C  -7.313232   0.635828   0.000000    0.051996 -0.055310  0.000000
   C  -6.150943   2.857134   0.000000    0.022698 -0.032280  0.000000
   C  -4.860501   4.978053   0.000000    0.049590 -0.041564  0.000000
   C  -7.284818  -3.496126   0.000000    0.073233  0.146509  0.000000
   C  -6.112081  -1.435666   0.000000    0.061394 -0.003881  0.000000
   C  -4.918851   0.693695  -0.000000    0.021217 -0.022994 -0.000000
   C  -3.689397   2.820855  -0.000000    0.005448 -0.039457 -0.000000
   C  -2.429677   4.937120  -0.000000    0.027547 -0.068595 -0.000000
   C  -6.100019  -5.652627   0.000000    0.038496  0.074619  0.000000
   C  -4.854912  -3.548739   0.000000    0.073302  0.031332  0.000000
   C  -3.654810  -1.424755  -0.000000    0.043359  0.000816 -0.000000
   C  -2.463988   0.695931  -0.000000    0.007792 -0.020608 -0.000000
   C  -1.242506   2.803839  -0.000000   -0.011801 -0.048068 -0.000000
   N  -0.012244   4.893075  -0.000000   -0.012244 -0.110094 -0.000000
   C  -3.643045  -5.643058   0.000000    0.035921  0.050994  0.000000
   C  -2.422414  -3.558394  -0.000000    0.043600  0.002528 -0.000000
   C  -1.207305  -1.420945  -0.000000    0.025118  0.002262 -0.000000
   C  -0.000917   0.691302  -0.000000   -0.000917 -0.024507 -0.000000
   C   1.208532   2.796170  -0.000000   -0.022173 -0.055737 -0.000000
   C   2.419437   4.915942  -0.000000   -0.037787 -0.089773 -0.000000
   C  -1.169926  -5.664829  -0.000000    0.056409  0.020251 -0.000000
   C   0.021412  -3.517064  -0.000000    0.021412  0.040014 -0.000000
   C   1.248019  -1.405371  -0.000000    0.015596  0.017836 -0.000000
   C   2.461780   0.683275  -0.000000   -0.009999 -0.033265 -0.000000
   C   3.649535   2.800350  -0.000000   -0.045310 -0.059961 -0.000000
   C   4.831882   4.944526  -0.000000   -0.078209 -0.075091 -0.000000
   N   1.234996  -5.533272  -0.000000    0.008662  0.151808 -0.000000
   C   2.455688  -3.513958  -0.000000   -0.010327  0.046964 -0.000000
   N   3.689548  -1.395039  -0.000000   -0.008621  0.030532 -0.000000
   C   4.887544   0.703476  -0.000000   -0.052525 -0.013213 -0.000000
   C   6.071974   2.816262   0.000000   -0.101668 -0.073152  0.000000
   C   7.239655   4.922939   0.000000   -0.098570 -0.119821  0.000000
   C   3.651528  -5.615515  -0.000000   -0.027438  0.078538 -0.000000
   N   4.906461  -3.508342  -0.000000   -0.021753  0.071729 -0.000000
   C   6.111970  -1.403281   0.000000   -0.061505  0.028504  0.000000
   C   7.328626   0.686226   0.000000   -0.036602 -0.004913  0.000000
   C   6.059433  -5.598039   0.000000   -0.079082  0.129207  0.000000
   C   7.288889  -3.565494   0.000000   -0.069162  0.077141  0.000000
   C  -7.323913   3.610936   0.000000    0.034139 -0.031700  0.000000
   C  -6.079153   5.683761   0.000000    0.059362 -0.043485  0.000000
   C  -7.321781  -0.744480   0.000000    0.043447 -0.053341  0.000000
   C  -6.149461   1.401047   0.000000    0.024014 -0.030738  0.000000
   C  -4.910978   3.547786  -0.000000    0.017237 -0.032285 -0.000000
   C  -3.623037   5.643069  -0.000000    0.055929 -0.050984 -0.000000
   N  -7.166366  -4.820913   0.000000    0.171859  0.221847  0.000000
   N  -6.079743  -2.837183   0.000000    0.093899  0.052230  0.000000
   C  -4.893429  -0.726786   0.000000    0.046639 -0.010097  0.000000
   C  -3.685288   1.397269  -0.000000    0.012881 -0.028302 -0.000000
   C  -2.467241   3.509833  -0.000000   -0.001226 -0.051089 -0.000000
   C  -1.180813   5.574444  -0.000000    0.045521 -0.110635 -0.000000
   C  -4.856082  -4.969266   0.000000    0.054008  0.050351  0.000000
   C  -3.653435  -2.852604  -0.000000    0.041410  0.007707 -0.000000
   C  -2.445230  -0.724469  -0.000000    0.026550 -0.007929 -0.000000
   C  -1.231912   1.395237  -0.000000    0.000511 -0.027970 -0.000000
   C  -0.007745   3.485206  -0.000000   -0.007745 -0.071873 -0.000000
   C   1.185379   5.554500  -0.000000   -0.040956 -0.130579 -0.000000
   C  -2.401592  -4.982515  -0.000000    0.055631  0.023200 -0.000000
   C  -1.209320  -2.837021  -0.000000    0.021384  0.014886 -0.000000
   C   0.012838  -0.720842  -0.000000    0.012838 -0.005033 -0.000000
   C   1.222366   1.383332  -0.000000   -0.010057 -0.039876 -0.000000
   C   2.442142   3.492414  -0.000000   -0.023872 -0.068509 -0.000000
   C   3.632582   5.626964  -0.000000   -0.046384 -0.067089 -0.000000
   C  -0.001628  -4.929070  -0.000000   -0.001628  0.074098 -0.000000
   C   1.247873  -2.817627  -0.000000    0.017168  0.034280 -0.000000
   C   2.469176  -0.704202  -0.000000   -0.002603  0.012338 -0.000000
   N   3.670124   1.403264  -0.000000   -0.028045 -0.022307 -0.000000
   C   4.855964   3.514068  -0.000000   -0.072250 -0.066002 -0.000000
   C   6.088244   5.626298   0.000000   -0.050271 -0.100948  0.000000
   C   2.454699  -4.901725  -0.000000   -0.002524  0.103990 -0.000000
   N   3.672851  -2.811034  -0.000000   -0.021994  0.049277 -0.000000
   C   4.891887  -0.696928  -0.000000   -0.048182  0.019761 -0.000000
   C   6.116897   1.406450   0.000000   -0.056578 -0.025335  0.000000
   N   7.231558   3.554866   0.000000   -0.126494 -0.087770  0.000000
   C   4.837772  -4.912106  -0.000000   -0.072318  0.107511 -0.000000
   C   6.116159  -2.829317   0.000000   -0.057482  0.060097  0.000000
   C   7.309253  -0.675742   0.000000   -0.055975  0.015397  0.000000
   C   7.269095  -4.952291   0.000000   -0.069131  0.090469  0.000000
   H   8.204239   5.413154   0.000000   -0.077945 -0.178270  0.000000
   H   8.123356   3.069958   0.000000   -0.202385 -0.071148  0.000000
   H   8.285527   1.194461   0.000000   -0.041188 -0.010200  0.000000
   H   8.256182  -1.198272   0.000000   -0.070533  0.006389  0.000000
   H   8.237833  -3.051454   0.000000   -0.087908  0.089652  0.000000
   H   8.198773  -5.510570   0.000000   -0.083411  0.080855  0.000000
   H  -8.204191   5.557960   0.000000    0.077993 -0.033465  0.000000
   H  -8.292005   3.126713   0.000000    0.033735 -0.014393  0.000000
   H  -8.273774   1.133835   0.000000    0.052941 -0.070827  0.000000
   H  -8.270939  -1.265371   0.000000    0.055776 -0.060709  0.000000
   H  -8.241786  -3.008298   0.000000    0.083955  0.132808  0.000000
   H  -8.069908  -5.288868   0.000000    0.212276  0.302557  0.000000
   H  -6.056707   6.768855   0.000000    0.059919 -0.050572  0.000000
   H  -3.602000   6.729156  -0.000000    0.070757 -0.058275 -0.000000
   H  -1.112561   6.654114  -0.000000    0.113019 -0.124293 -0.000000
   H   1.135659   6.634696  -0.000000   -0.089921 -0.143712 -0.000000
   H   3.629063   6.712816  -0.000000   -0.043694 -0.074615 -0.000000
   H   6.111644   6.708770   0.000000   -0.004982 -0.110657  0.000000
   H  -6.207035  -6.727259   0.000000   -0.090410  0.092167  0.000000
   H  -3.657691  -6.728738   0.000000    0.015065  0.058693  0.000000
   H  -1.141326  -6.751577  -0.000000    0.084254  0.026831 -0.000000
   H   1.251695  -6.550488  -0.000000    0.026115  0.227920 -0.000000
   H   3.667782  -6.698720  -0.000000   -0.004975  0.088711 -0.000000
   H   6.010959  -6.679012   0.000000   -0.105666  0.140415  0.000000
converged SCF energy = -3134.0683470251
--------------- ROKS_Scanner gradients ---------------
         x                y                z
0 C     0.0032998558    -0.0011782188    -0.0000000000
1 C     0.0027842479    -0.0072528645    -0.0000000000
2 C     0.0025476171    -0.0002807495    -0.0000000000
3 C     0.0058783491     0.0028030253    -0.0000000000
4 C    -0.0279631898     0.0361678868     0.0000000000
5 C    -0.0055426796     0.0176239684    -0.0000000000
6 C    -0.0031986836     0.0015871873    -0.0000000000
7 C    -0.0030425133    -0.0003844557    -0.0000000000
8 C     0.0066525571    -0.0007725701    -0.0000000000
9 C    -0.0020613592    -0.0214156301     0.0000000000
10 C    -0.0044865772     0.0019018504     0.0000000000
11 C    -0.0032092812    -0.0016967512    -0.0000000000
12 C    -0.0004988367     0.0002128852    -0.0000000000
13 C     0.0011190417     0.0020699220    -0.0000000000
14 N     0.0023032837    -0.0034006435    -0.0000000000
15 C     0.0052400272     0.0001670413     0.0000000000
16 C    -0.0086881116     0.0078296538    -0.0000000000
17 C    -0.0012786633     0.0020306750    -0.0000000000
18 C    -0.0048483487     0.0005899166     0.0000000000
19 C     0.0037872759    -0.0025539750     0.0000000000
20 C     0.0106264841     0.0053217294    -0.0000000000
21 C    -0.0019013055    -0.0067892610     0.0000000000
22 C     0.0047417243     0.0039722003     0.0000000000
23 C     0.0016261908     0.0008788290     0.0000000000
24 C    -0.0029405295     0.0128882997     0.0000000000
25 C    -0.0010831360     0.0114063356    -0.0000000000
26 C     0.0120541986    -0.0041180917     0.0000000000
27 N    -0.0060470444     0.0168019246     0.0000000000
28 C     0.0014481319     0.0083274131     0.0000000000
29 N    -0.0070697738     0.0023873880     0.0000000000
30 C     0.0051667494     0.0078254536    -0.0000000000
31 C    -0.0061243372     0.0067332092    -0.0000000000
32 C     0.0070818655    -0.0015385966    -0.0000000000
33 C     0.0011555452    -0.0018883298     0.0000000000
34 N    -0.0028283790     0.0108753583    -0.0000000000
35 C     0.0024217281     0.0059034471     0.0000000000
36 C    -0.0030976797     0.0071539748     0.0000000000
37 C    -0.0069924290     0.0063917037    -0.0000000000
38 C    -0.0054763423     0.0044802144     0.0000000000
39 C    -0.0023533604    -0.0003963194     0.0000000000
40 C    -0.0016341250     0.0001979661     0.0000000000
41 C    -0.0027256030    -0.0021765317     0.0000000000
42 C     0.0010105523     0.0034920486     0.0000000000
43 C    -0.0014230075    -0.0002099577     0.0000000000
44 C    -0.0053534857     0.0010313921     0.0000000000
45 N     0.0450154713     0.0160348692    -0.0000000000
46 N     0.0035998395    -0.0364737308    -0.0000000000
47 C     0.0015579583    -0.0048472574     0.0000000000
48 C     0.0000044464     0.0006737307     0.0000000000
49 C    -0.0006661879     0.0018481626     0.0000000000
50 C    -0.0069029486     0.0046605402    -0.0000000000
51 C    -0.0149595748     0.0046660584    -0.0000000000
52 C     0.0119143385     0.0005670092     0.0000000000
53 C     0.0048865186    -0.0015722934     0.0000000000
54 C     0.0017646092    -0.0042991486     0.0000000000
55 C    -0.0028457292    -0.0035156829    -0.0000000000
56 C    -0.0055848142    -0.0014519359     0.0000000000
57 C     0.0048638551    -0.0070297637    -0.0000000000
58 C     0.0008671904    -0.0053160089     0.0000000000
59 C     0.0034183929     0.0005548370    -0.0000000000
60 C     0.0044078028    -0.0023345954    -0.0000000000
61 C    -0.0026679597    -0.0037691256     0.0000000000
62 C    -0.0085471152     0.0031873005    -0.0000000000
63 C    -0.0090720776     0.0039925510    -0.0000000000
64 C    -0.0038983536    -0.0001430273    -0.0000000000
65 C    -0.0004522583    -0.0084311119    -0.0000000000
66 N    -0.0048574651    -0.0144328474     0.0000000000
67 C     0.0005237572    -0.0013832689     0.0000000000
68 C    -0.0092366810    -0.0003253624    -0.0000000000
69 C     0.0146031958    -0.0134835792    -0.0000000000
70 N    -0.0030771392    -0.0091023378     0.0000000000
71 C     0.0109057507    -0.0002888607     0.0000000000
72 C     0.0077172118    -0.0169171486    -0.0000000000
73 N    -0.0136975053    -0.0000574803     0.0000000000
74 C    -0.0068699009    -0.0044925022    -0.0000000000
75 C     0.0095748155    -0.0030152306    -0.0000000000
76 C    -0.0055409871    -0.0058414388    -0.0000000000
77 C     0.0038587360    -0.0034936923    -0.0000000000
78 H    -0.0009680401     0.0034387739    -0.0000000000
79 H     0.0105821470    -0.0043434643     0.0000000000
80 H     0.0012013454     0.0011441443    -0.0000000000
81 H     0.0015479629    -0.0005909909     0.0000000000
82 H     0.0026008686    -0.0001379790    -0.0000000000
83 H     0.0015118653    -0.0002997289     0.0000000000
84 H    -0.0004536970    -0.0000025575     0.0000000000
85 H    -0.0008323054    -0.0003554923    -0.0000000000
86 H     0.0002577036    -0.0004416678     0.0000000000
87 H    -0.0021185862    -0.0057758047    -0.0000000000
88 H    -0.0041165228     0.0054402177    -0.0000000000
89 H    -0.0056608593    -0.0021221181     0.0000000000
90 H     0.0006646116     0.0010224341    -0.0000000000
91 H     0.0009208011     0.0013064895     0.0000000000
92 H    -0.0025976893     0.0015908487     0.0000000000
93 H     0.0029559835     0.0012102137     0.0000000000
94 H     0.0001641025     0.0017963301     0.0000000000
95 H    -0.0007180492     0.0013800907     0.0000000000
96 H     0.0063053575    -0.0047770976    -0.0000000000
97 H     0.0002745002    -0.0005279703    -0.0000000000
98 H     0.0003279809    -0.0022765589    -0.0000000000
99 H    -0.0006155072    -0.0101721702     0.0000000000
100 H    -0.0021153279    -0.0030157255    -0.0000000000
101 H     0.0012122452    -0.0005940624     0.0000000000
----------------------------------------------
cycle 2: E = -3134.06834703  dE = -0.0760085  norm(grad) = 0.109664

Geometry optimization cycle 3
Cartesian coordinates (Angstrom)
 Atom        New coordinates             dX        dY        dZ
   C  -7.252553   5.011797   0.000000    0.019721  0.009807  0.000000
   C  -7.298750   0.668479   0.000000    0.014482  0.032650  0.000000
   C  -6.134019   2.857502   0.000000    0.016924  0.000368  0.000000
   C  -4.841595   4.958836   0.000000    0.018906 -0.019217  0.000000
   C  -7.154707  -3.671286   0.000000    0.130112 -0.175159  0.000000
   C  -6.095140  -1.453971   0.000000    0.016941 -0.018304  0.000000
   C  -4.906907   0.685247   0.000000    0.011945 -0.008448  0.000000
   C  -3.675513   2.806191   0.000000    0.013884 -0.014664  0.000000
   C  -2.412791   4.907854  -0.000000    0.016886 -0.029266  0.000000
   C  -6.110985  -5.585594   0.000000   -0.010966  0.067034  0.000000
   C  -4.821288  -3.519519   0.000000    0.033624  0.029220  0.000000
   C  -3.640244  -1.409431   0.000000    0.014566  0.015324  0.000000
   C  -2.455760   0.698405   0.000000    0.008228  0.002474  0.000000
   C  -1.235144   2.794812  -0.000000    0.007362 -0.009026  0.000000
   N   0.002178   4.858116  -0.000000    0.014422 -0.034959 -0.000000
   C  -3.637668  -5.612837   0.000000    0.005377  0.030221  0.000000
   C  -2.406977  -3.535077   0.000000    0.015437  0.023317  0.000000
   C  -1.203019  -1.410525  -0.000000    0.004285  0.010420  0.000000
   C   0.000665   0.692567  -0.000000    0.001581  0.001265  0.000000
   C   1.205927   2.784484  -0.000000   -0.002605 -0.011686  0.000000
   C   2.403772   4.877297  -0.000000   -0.015665 -0.038645 -0.000000
   C  -1.151824  -5.600636  -0.000000    0.018102  0.064193  0.000000
   C   0.029017  -3.504526  -0.000000    0.007605  0.012538  0.000000
   C   1.243676  -1.388673  -0.000000   -0.004342  0.016698  0.000000
   C   2.455051   0.672402  -0.000000   -0.006729 -0.010873  0.000000
   C   3.643279   2.779136  -0.000000   -0.006256 -0.021214 -0.000000
   C   4.812777   4.919342  -0.000000   -0.019105 -0.025184 -0.000000
   N   1.257972  -5.507470  -0.000000    0.022977  0.025802  0.000000
   C   2.442632  -3.480346  -0.000000   -0.013056  0.033612  0.000000
   N   3.674233  -1.382181  -0.000000   -0.015315  0.012858  0.000000
   C   4.843943   0.699916  -0.000000   -0.043601 -0.003560 -0.000000
   C   6.047740   2.792470  -0.000000   -0.024235 -0.023792 -0.000000
   C   7.211517   4.861051  -0.000000   -0.028138 -0.061888 -0.000000
   C   3.637054  -5.531272  -0.000000   -0.014474  0.084243  0.000000
   N   4.891946  -3.493394   0.000000   -0.014515  0.014948  0.000000
   C   6.058812  -1.395058   0.000000   -0.053158  0.008223 -0.000000
   C   7.280195   0.677935   0.000000   -0.048432 -0.008290 -0.000000
   C   6.047418  -5.579347   0.000000   -0.012015  0.018692  0.000000
   C   7.244634  -3.528292   0.000000   -0.044255  0.037202 -0.000000
   C  -7.293464   3.623951   0.000000    0.030449  0.013016  0.000000
   C  -6.050962   5.672715   0.000000    0.028191 -0.011046  0.000000
   C  -7.277420  -0.712314   0.000000    0.044360  0.032166  0.000000
   C  -6.128966   1.404374   0.000000    0.020494  0.003327  0.000000
   C  -4.892329   3.535759   0.000000    0.018649 -0.012027  0.000000
   C  -3.595395   5.615183   0.000000    0.027641 -0.027886  0.000000
   N  -7.280818  -4.950938   0.000000   -0.114452 -0.130025  0.000000
   N  -6.060838  -2.835229   0.000000    0.018905  0.001954  0.000000
   C  -4.883438  -0.731723   0.000000    0.009992 -0.004937  0.000000
   C  -3.676058   1.387860   0.000000    0.009230 -0.009410  0.000000
   C  -2.457979   3.489737  -0.000000    0.009262 -0.020096  0.000000
   C  -1.146668   5.517315  -0.000000    0.034146 -0.057129  0.000000
   C  -4.835319  -4.934380   0.000000    0.020763  0.034887  0.000000
   C  -3.645580  -2.829717   0.000000    0.007856  0.022887  0.000000
   C  -2.440216  -0.714063  -0.000000    0.005014  0.010406  0.000000
   C  -1.228376   1.397853  -0.000000    0.003536  0.002616  0.000000
   C   0.001622   3.469909  -0.000000    0.009367 -0.015297  0.000000
   C   1.182405   5.518718  -0.000000   -0.002974 -0.035783 -0.000000
   C  -2.397630  -4.939560   0.000000    0.003962  0.042955  0.000000
   C  -1.198719  -2.819631  -0.000000    0.010601  0.017389  0.000000
   C   0.008614  -0.711575  -0.000000   -0.004224  0.009267  0.000000
   C   1.216823   1.377480  -0.000000   -0.005543 -0.005851  0.000000
   C   2.443528   3.467780  -0.000000    0.001386 -0.024633 -0.000000
   C   3.624247   5.587312  -0.000000   -0.008336 -0.039651 -0.000000
   C   0.030336  -4.907099  -0.000000    0.031964  0.021971  0.000000
   C   1.247964  -2.793983  -0.000000    0.000091  0.023644  0.000000
   C   2.459895  -0.690233  -0.000000   -0.009281  0.013969  0.000000
   N   3.651759   1.407936  -0.000000   -0.018366  0.004672 -0.000000
   C   4.840680   3.492215  -0.000000   -0.015284 -0.021853 -0.000000
   C   6.092482   5.584897  -0.000000    0.004238 -0.041401 -0.000000
   C   2.431329  -4.831786  -0.000000   -0.023370  0.069939  0.000000
   N   3.663260  -2.787189  -0.000000   -0.009591  0.023845  0.000000
   C   4.845741  -0.686160  -0.000000   -0.046146  0.010768  0.000000
   C   6.067288   1.410944  -0.000000   -0.049609  0.004494 -0.000000
   N   7.206238   3.510705   0.000000   -0.025320 -0.044161 -0.000000
   C   4.838682  -4.876120   0.000000    0.000910  0.035986  0.000000
   C   6.069088  -2.805458   0.000000   -0.047071  0.023859  0.000000
   C   7.261374  -0.670986   0.000000   -0.047879  0.004756 -0.000000
   C   7.234770  -4.907552   0.000000   -0.034325  0.044739  0.000000
   H   8.193215   5.304085   0.000000   -0.011024 -0.109069 -0.000000
   H   8.049416   3.034155   0.000000   -0.073940 -0.035803 -0.000000
   H   8.236932   1.175860   0.000000   -0.048595 -0.018601 -0.000000
   H   8.201171  -1.194428   0.000000   -0.055011  0.003844 -0.000000
   H   8.175038  -2.996410   0.000000   -0.062795  0.055043 -0.000000
   H   8.167004  -5.451514   0.000000   -0.031769  0.059056  0.000000
   H  -8.178416   5.571536   0.000000    0.025775  0.013576  0.000000
   H  -8.258905   3.144102   0.000000    0.033100  0.017389  0.000000
   H  -8.257041   1.165137   0.000000    0.016733  0.031302  0.000000
   H  -8.236109  -1.194296   0.000000    0.034830  0.071074  0.000000
   H  -8.098728  -3.191632   0.000000    0.143058 -0.183333  0.000000
   H  -8.155746  -5.389923   0.000000   -0.085838 -0.101055 -0.000000
   H  -6.019625   6.753227   0.000000    0.037082 -0.015628  0.000000
   H  -3.573637   6.696457  -0.000000    0.028362 -0.032699  0.000000
   H  -1.036478   6.586764  -0.000000    0.076083 -0.067350 -0.000000
   H   1.098649   6.590392  -0.000000   -0.037010 -0.044304 -0.000000
   H   3.619801   6.667498  -0.000000   -0.009262 -0.045319 -0.000000
   H   6.150270   6.660186  -0.000000    0.038627 -0.048584 -0.000000
   H  -6.205206  -6.650340   0.000000    0.001829  0.076919 -0.000000
   H  -3.655986  -6.694626   0.000000    0.001705  0.034112  0.000000
   H  -1.132799  -6.681750  -0.000000    0.008527  0.069827  0.000000
   H   1.301378  -6.478391  -0.000000    0.049683  0.072097  0.000000
   H   3.661605  -6.605894   0.000000   -0.006177  0.092826  0.000000
   H   5.988765  -6.654857   0.000000   -0.022194  0.024154  0.000000
converged SCF energy = -3134.04127434643
--------------- ROKS_Scanner gradients ---------------
         x                y                z
0 C    -0.0016919796     0.0013422273     0.0000000000
1 C    -0.0052218920     0.0052431378     0.0000000000
2 C    -0.0041677040    -0.0011599287     0.0000000000
3 C     0.0001381519     0.0001253922     0.0000000000
4 C     0.0740160605    -0.0789165120    -0.0000000000
5 C     0.0107288431    -0.0088830846    -0.0000000000
6 C     0.0006171814    -0.0012152142     0.0000000000
7 C     0.0003343792    -0.0003279149     0.0000000000
8 C     0.0008066989    -0.0023084876     0.0000000000
9 C    -0.0196300950     0.0655071133     0.0000000000
10 C    -0.0032728201     0.0022732782     0.0000000000
11 C     0.0012957956    -0.0008411476     0.0000000000
12 C    -0.0005181820    -0.0002469882     0.0000000000
13 C    -0.0006656427     0.0020739909     0.0000000000
14 N    -0.0001108755     0.0073342559     0.0000000000
15 C    -0.0048384780     0.0042420603    -0.0000000000
16 C     0.0012174420    -0.0021094634     0.0000000000
17 C    -0.0011035712    -0.0004216805     0.0000000000
18 C    -0.0000924978    -0.0021978827    -0.0000000000
19 C    -0.0037272197     0.0036089629    -0.0000000000
20 C    -0.0048306231    -0.0039026289     0.0000000000
21 C     0.0044382196     0.0095588356    -0.0000000000
22 C    -0.0006355515    -0.0078925664     0.0000000000
23 C     0.0053541942     0.0031738288    -0.0000000000
24 C     0.0021687378    -0.0122195794    -0.0000000000
25 C     0.0008419687     0.0019228886     0.0000000000
26 C    -0.0046003976    -0.0006482194    -0.0000000000
27 N     0.0072444287    -0.0240242424     0.0000000000
28 C    -0.0046433984    -0.0115029574    -0.0000000000
29 N     0.0061264216     0.0058112657    -0.0000000000
30 C    -0.0062977068    -0.0020030043     0.0000000000
31 C     0.0005557286    -0.0015180833     0.0000000000
32 C    -0.0120635070    -0.0053341872    -0.0000000000
33 C     0.0002353431     0.0100204867    -0.0000000000
34 N     0.0030114191    -0.0018147241    -0.0000000000
35 C    -0.0048509248    -0.0024419517    -0.0000000000
36 C    -0.0004628649    -0.0026814992    -0.0000000000
37 C    -0.0018106798     0.0005624469    -0.0000000000
38 C    -0.0056677451     0.0026128132    -0.0000000000
39 C     0.0042205332     0.0030337473    -0.0000000000
40 C    -0.0011558336    -0.0032023765    -0.0000000000
41 C     0.0074674688     0.0058409179     0.0000000000
42 C     0.0013380633    -0.0048565494    -0.0000000000
43 C    -0.0003760079    -0.0009580510    -0.0000000000
44 C     0.0005629858    -0.0018913643    -0.0000000000
45 N    -0.0820778996    -0.0255127600     0.0000000000
46 N    -0.0105912214     0.0369197850     0.0000000000
47 C    -0.0017790857    -0.0026204311    -0.0000000000
48 C     0.0000988037    -0.0005180259    -0.0000000000
49 C    -0.0013839286     0.0009607147    -0.0000000000
50 C     0.0131762260    -0.0126197635    -0.0000000000
51 C     0.0227498590    -0.0026155382    -0.0000000000
52 C    -0.0087491141    -0.0005559057    -0.0000000000
53 C    -0.0004145019     0.0008155643    -0.0000000000
54 C    -0.0001965642     0.0017024703    -0.0000000000
55 C     0.0010121386     0.0043648142     0.0000000000
56 C    -0.0096577770    -0.0053065126     0.0000000000
57 C    -0.0003049036     0.0029605767     0.0000000000
58 C    -0.0006749292     0.0000493821    -0.0000000000
59 C     0.0008985810     0.0025828290     0.0000000000
60 C     0.0020391392     0.0001750065     0.0000000000
61 C     0.0088122959    -0.0048603308     0.0000000000
62 C     0.0026146117    -0.0032810765     0.0000000000
63 C     0.0062009044    -0.0014160523    -0.0000000000
64 C     0.0067324656    -0.0072254552     0.0000000000
65 C    -0.0016920243     0.0081539979     0.0000000000
66 N     0.0018192308     0.0023951358    -0.0000000000
67 C     0.0010960903    -0.0059726173    -0.0000000000
68 C     0.0103879332    -0.0032318268     0.0000000000
69 C    -0.0116968243     0.0155470515     0.0000000000
70 N     0.0003242267    -0.0013749055     0.0000000000
71 C    -0.0042547677     0.0023061467     0.0000000000
72 C    -0.0030340703     0.0086429885    -0.0000000000
73 N     0.0232860498    -0.0110196752     0.0000000000
74 C     0.0057867069    -0.0011370504     0.0000000000
75 C    -0.0013379546    -0.0026953225     0.0000000000
76 C    -0.0003036678     0.0009939240     0.0000000000
77 C    -0.0040190998     0.0029679613     0.0000000000
78 H    -0.0027937889    -0.0029950927     0.0000000000
79 H    -0.0299509244     0.0164581784    -0.0000000000
80 H    -0.0017165564    -0.0013033687     0.0000000000
81 H    -0.0018355938     0.0006260828    -0.0000000000
82 H    -0.0026824668     0.0000640021     0.0000000000
83 H    -0.0024741316     0.0012668478     0.0000000000
84 H     0.0011287215    -0.0005541101    -0.0000000000
85 H     0.0023884779     0.0013168066     0.0000000000
86 H     0.0012927475     0.0004016923    -0.0000000000
87 H     0.0043913261     0.0060492660    -0.0000000000
88 H     0.0099020093    -0.0156116685     0.0000000000
89 H     0.0219429794     0.0101780150    -0.0000000000
90 H    -0.0001906236    -0.0022599730     0.0000000000
91 H     0.0004613804    -0.0021304491     0.0000000000
92 H     0.0027532349    -0.0044273160    -0.0000000000
93 H    -0.0012979906    -0.0033620186    -0.0000000000
94 H     0.0006941563    -0.0024643773    -0.0000000000
95 H     0.0006878004    -0.0026688733    -0.0000000000
96 H    -0.0068331384     0.0089452830     0.0000000000
97 H    -0.0006372559     0.0015776163     0.0000000000
98 H     0.0004819898     0.0031359354     0.0000000000
99 H    -0.0015255465     0.0331488302    -0.0000000000
100 H     0.0007532227     0.0041118944    -0.0000000000
101 H    -0.0000768637     0.0022155121     0.0000000000
----------------------------------------------
cycle 3: E = -3134.04127435  dE = 0.0270727  norm(grad) = 0.184107

Geometry optimization cycle 4
Cartesian coordinates (Angstrom)
 Atom        New coordinates             dX        dY        dZ
   C  -7.269001   5.006458   0.000000   -0.016448 -0.005339 -0.000000
   C  -7.308165   0.660326   0.000000   -0.009415 -0.008152 -0.000000
   C  -6.142233   2.858300   0.000000   -0.008214  0.000798 -0.000000
   C  -4.857493   4.965560   0.000000   -0.015899  0.006724  0.000000
   C  -7.223437  -3.589724   0.000000   -0.068731  0.081562 -0.000000
   C  -6.109256  -1.448816   0.000000   -0.014116  0.005155 -0.000000
   C  -4.912983   0.689551   0.000000   -0.006077  0.004304  0.000000
   C  -3.679943   2.813667   0.000000   -0.004430  0.007476  0.000000
   C  -2.425161   4.924011  -0.000000   -0.012370  0.016158  0.000000
   C  -6.102610  -5.636814   0.000000    0.008375 -0.051220 -0.000000
   C  -4.840483  -3.540688   0.000000   -0.019195 -0.021170  0.000000
   C  -3.651658  -1.416352   0.000000   -0.011414 -0.006921  0.000000
   C  -2.459430   0.699129   0.000000   -0.003670  0.000723  0.000000
   C  -1.236691   2.802683  -0.000000   -0.001547  0.007871  0.000000
   N  -0.002656   4.880385  -0.000000   -0.004833  0.022269  0.000000
   C  -3.640052  -5.635144   0.000000   -0.002384 -0.022308  0.000000
   C  -2.414493  -3.547119   0.000000   -0.007516 -0.012041  0.000000
   C  -1.208353  -1.415792  -0.000000   -0.005333 -0.005266  0.000000
   C   0.000947   0.694953  -0.000000    0.000282  0.002385  0.000000
   C   1.208142   2.795423  -0.000000    0.002215  0.010939  0.000000
   C   2.410117   4.898875  -0.000000    0.006345  0.021579  0.000000
   C  -1.161061  -5.622591  -0.000000   -0.009238 -0.021956  0.000000
   C   0.025178  -3.515047  -0.000000   -0.003839 -0.010521  0.000000
   C   1.241653  -1.395907  -0.000000   -0.002023 -0.007233  0.000000
   C   2.459607   0.677936  -0.000000    0.004557  0.005534  0.000000
   C   3.650794   2.791680  -0.000000    0.007515  0.012544  0.000000
   C   4.825101   4.939303  -0.000000    0.012324  0.019961  0.000000
   N   1.253927  -5.536150  -0.000000   -0.004045 -0.028680  0.000000
   C   2.447994  -3.496746  -0.000000    0.005362 -0.016399  0.000000
   N   3.680323  -1.392085  -0.000000    0.006090 -0.009904  0.000000
   C   4.859665   0.701855  -0.000000    0.015723  0.001939  0.000000
   C   6.068048   2.809381  -0.000000    0.020308  0.016911  0.000000
   C   7.235305   4.893845  -0.000000    0.023788  0.032794 -0.000000
   C   3.645935  -5.567149  -0.000000    0.008881 -0.035877  0.000000
   N   4.901518  -3.509988   0.000000    0.009572 -0.016594  0.000000
   C   6.078582  -1.402528   0.000000    0.019770 -0.007470  0.000000
   C   7.296516   0.681165   0.000000    0.016322  0.003229  0.000000
   C   6.062357  -5.602546   0.000000    0.014939 -0.023199 -0.000000
   C   7.266428  -3.551148   0.000000    0.021793 -0.022856 -0.000000
   C  -7.309184   3.616596   0.000000   -0.015720 -0.007355 -0.000000
   C  -6.070236   5.676933   0.000000   -0.019274  0.004218 -0.000000
   C  -7.300668  -0.721545   0.000000   -0.023247 -0.009231 -0.000000
   C  -6.138930   1.404539   0.000000   -0.009964  0.000165 -0.000000
   C  -4.900708   3.540543   0.000000   -0.008379  0.004784  0.000000
   C  -3.613551   5.627168   0.000000   -0.018156  0.011984  0.000000
   N  -7.228397  -4.898419   0.000000    0.052421  0.052519 -0.000000
   N  -6.075158  -2.832382   0.000000   -0.014320  0.002847 -0.000000
   C  -4.893845  -0.728729   0.000000   -0.010407  0.002994  0.000000
   C  -3.680412   1.392556   0.000000   -0.004354  0.004696  0.000000
   C  -2.461436   3.500197  -0.000000   -0.003457  0.010460  0.000000
   C  -1.163206   5.546027  -0.000000   -0.016539  0.028712  0.000000
   C  -4.845105  -4.963144   0.000000   -0.009786 -0.028764  0.000000
   C  -3.656010  -2.843620   0.000000   -0.010431 -0.013903  0.000000
   C  -2.447587  -0.718010  -0.000000   -0.007371 -0.003947  0.000000
   C  -1.229868   1.400738  -0.000000   -0.001492  0.002884  0.000000
   C  -0.000342   3.483029  -0.000000   -0.001964  0.013120  0.000000
   C   1.187169   5.544393  -0.000000    0.004764  0.025676  0.000000
   C  -2.404466  -4.956775   0.000000   -0.006836 -0.017215  0.000000
   C  -1.204238  -2.828189  -0.000000   -0.005518 -0.008558  0.000000
   C   0.005811  -0.714634  -0.000000   -0.002803 -0.003058  0.000000
   C   1.218895   1.384080  -0.000000    0.002072  0.006600  0.000000
   C   2.445466   3.484382  -0.000000    0.001938  0.016602  0.000000
   C   3.631778   5.607874  -0.000000    0.007531  0.020562  0.000000
   C   0.024381  -4.925576  -0.000000   -0.005956 -0.018477  0.000000
   C   1.246760  -2.804425  -0.000000   -0.001203 -0.010442  0.000000
   C   2.463210  -0.695785  -0.000000    0.003315 -0.005552  0.000000
   N   3.661077   1.412851  -0.000000    0.009318  0.004915  0.000000
   C   4.853489   3.509223  -0.000000    0.012810  0.017008  0.000000
   C   6.101674   5.609615  -0.000000    0.009192  0.024718 -0.000000
   C   2.438659  -4.863654  -0.000000    0.007329 -0.031868  0.000000
   N   3.670739  -2.800798  -0.000000    0.007479 -0.013609  0.000000
   C   4.860528  -0.692510  -0.000000    0.014788 -0.006350  0.000000
   C   6.084717   1.417009  -0.000000    0.017429  0.006065  0.000000
   N   7.231105   3.535079  -0.000000    0.024867  0.024374 -0.000000
   C   4.847715  -4.900118   0.000000    0.009033 -0.023998  0.000000
   C   6.087828  -2.820564   0.000000    0.018740 -0.015106  0.000000
   C   7.279914  -0.672129   0.000000    0.018540 -0.001142  0.000000
   C   7.254277  -4.933420   0.000000    0.019507 -0.025869 -0.000000
   H   8.215167   5.347074   0.000000    0.021952  0.042989 -0.000000
   H   8.094520   3.050246   0.000000    0.045104  0.016091 -0.000000
   H   8.254327   1.180239   0.000000    0.017396  0.004379 -0.000000
   H   8.222900  -1.193045   0.000000    0.021728  0.001384 -0.000000
   H   8.201189  -3.023060   0.000000    0.026152 -0.026650 -0.000000
   H   8.186835  -5.480518   0.000000    0.019831 -0.029004 -0.000000
   H  -8.198058   5.563128   0.000000   -0.019642 -0.008408 -0.000000
   H  -8.274178   3.131670   0.000000   -0.015273 -0.012431 -0.000000
   H  -8.266823   1.158849   0.000000   -0.009782 -0.006287 -0.000000
   H  -8.259981  -1.209953   0.000000   -0.023873 -0.015657 -0.000000
   H  -8.175488  -3.107489   0.000000   -0.076760  0.084143 -0.000000
   H  -8.116359  -5.350187   0.000000    0.039387  0.039736 -0.000000
   H  -6.044080   6.759204   0.000000   -0.024455  0.005977 -0.000000
   H  -3.597252   6.710085  -0.000000   -0.023614  0.013628  0.000000
   H  -1.064001   6.619410  -0.000000   -0.027522  0.032646  0.000000
   H   1.108836   6.618996  -0.000000    0.010187  0.028604  0.000000
   H   3.626048   6.689778  -0.000000    0.006248  0.022280  0.000000
   H   6.149636   6.687396  -0.000000   -0.000634  0.027210 -0.000000
   H  -6.219780  -6.704015   0.000000   -0.014573 -0.053675 -0.000000
   H  -3.651096  -6.718408   0.000000    0.004890 -0.023783  0.000000
   H  -1.144211  -6.705622   0.000000   -0.011412 -0.023872  0.000000
   H   1.292110  -6.528769  -0.000000   -0.009268 -0.050378  0.000000
   H   3.671688  -6.644382   0.000000    0.010083 -0.038487  0.000000
   H   6.004355  -6.680006   0.000000    0.015589 -0.025149 -0.000000
converged SCF energy = -3134.07566088851
--------------- ROKS_Scanner gradients ---------------
         x                y                z
0 C    -0.0009307011     0.0008177862     0.0000000000
1 C    -0.0031062876     0.0019660858     0.0000000000
2 C    -0.0016548479    -0.0001580361     0.0000000000
3 C     0.0000180973     0.0000591525    -0.0000000000
4 C     0.0217818478    -0.0166906663     0.0000000000
5 C     0.0020434740    -0.0032913991     0.0000000000
6 C     0.0005759785     0.0000599985     0.0000000000
7 C     0.0002747014     0.0001065594     0.0000000000
8 C     0.0005644828    -0.0011180293     0.0000000000
9 C    -0.0026112266     0.0132752465     0.0000000000
10 C    -0.0015998509     0.0007420755    -0.0000000000
11 C     0.0006485384    -0.0000415632     0.0000000000
12 C     0.0000940193     0.0003206434     0.0000000000
13 C     0.0002076062     0.0016405016     0.0000000000
14 N     0.0018406859     0.0029336812    -0.0000000000
15 C    -0.0017169682     0.0002269908    -0.0000000000
16 C     0.0016541789    -0.0005382302     0.0000000000
17 C    -0.0008072764    -0.0003030530     0.0000000000
18 C    -0.0002012827    -0.0007548264    -0.0000000000
19 C    -0.0017990053     0.0019696673    -0.0000000000
20 C    -0.0021038904    -0.0013768531     0.0000000000
21 C     0.0008846305     0.0056826141     0.0000000000
22 C    -0.0013438220    -0.0031256285     0.0000000000
23 C     0.0024969523     0.0015185540     0.0000000000
24 C     0.0010896454    -0.0040656071    -0.0000000000
25 C     0.0001395905     0.0017518712     0.0000000000
26 C    -0.0013130428     0.0002331459    -0.0000000000
27 N     0.0038505678    -0.0098157886    -0.0000000000
28 C    -0.0010055437    -0.0023198478     0.0000000000
29 N     0.0017121169     0.0021552313    -0.0000000000
30 C    -0.0032504537    -0.0001974732     0.0000000000
31 C     0.0009523960     0.0006634803     0.0000000000
32 C    -0.0037267331    -0.0022237560     0.0000000000
33 C    -0.0005816560     0.0045474513     0.0000000000
34 N    -0.0005335131    -0.0005258892    -0.0000000000
35 C    -0.0020818540    -0.0000577534    -0.0000000000
36 C    -0.0004770948    -0.0001743717    -0.0000000000
37 C    -0.0006860576    -0.0009533221    -0.0000000000
38 C    -0.0015761842     0.0009278636    -0.0000000000
39 C     0.0016307220     0.0006974560    -0.0000000000
40 C    -0.0005951723    -0.0009288240     0.0000000000
41 C     0.0034797700     0.0021625286    -0.0000000000
42 C     0.0010149022    -0.0017874275    -0.0000000000
43 C     0.0004568342    -0.0008803259    -0.0000000000
44 C    -0.0008422341    -0.0007352212     0.0000000000
45 N    -0.0281677855    -0.0101028497     0.0000000000
46 N    -0.0028228643     0.0127245840     0.0000000000
47 C    -0.0014276790    -0.0022487159    -0.0000000000
48 C    -0.0002861697    -0.0004319160    -0.0000000000
49 C    -0.0006624600    -0.0000043845    -0.0000000000
50 C     0.0034216706    -0.0047505104     0.0000000000
51 C     0.0080942090    -0.0006602400     0.0000000000
52 C    -0.0028407122    -0.0005466107     0.0000000000
53 C     0.0000469191     0.0009190148    -0.0000000000
54 C    -0.0000217258     0.0003357976    -0.0000000000
55 C    -0.0000249317     0.0010458957    -0.0000000000
56 C    -0.0037486730    -0.0011833296     0.0000000000
57 C    -0.0021992552     0.0006027019    -0.0000000000
58 C    -0.0004873882     0.0001806288    -0.0000000000
59 C    -0.0000803715     0.0013708516    -0.0000000000
60 C     0.0014613314     0.0002387787     0.0000000000
61 C     0.0041735024    -0.0025731511    -0.0000000000
62 C     0.0000605691    -0.0019309152     0.0000000000
63 C     0.0045089284    -0.0011336744    -0.0000000000
64 C     0.0023851180    -0.0035189787    -0.0000000000
65 C    -0.0008221334     0.0022756248     0.0000000000
66 N     0.0008866978     0.0002216418    -0.0000000000
67 C     0.0003661742    -0.0026425821    -0.0000000000
68 C     0.0031635486    -0.0006701999     0.0000000000
69 C    -0.0064542175     0.0056789959    -0.0000000000
70 N     0.0012862378    -0.0011272783     0.0000000000
71 C    -0.0014582345     0.0005308024    -0.0000000000
72 C    -0.0021631999     0.0030593098    -0.0000000000
73 N     0.0084562813    -0.0029299146    -0.0000000000
74 C     0.0046248040    -0.0012105872    -0.0000000000
75 C    -0.0006308734    -0.0016770071     0.0000000000
76 C     0.0003772233    -0.0003629063     0.0000000000
77 C    -0.0016125718     0.0013203793     0.0000000000
78 H    -0.0010105179    -0.0014664367     0.0000000000
79 H    -0.0098278806     0.0053817743    -0.0000000000
80 H    -0.0008847081    -0.0007224709     0.0000000000
81 H    -0.0009948886     0.0004939855    -0.0000000000
82 H    -0.0014333960    -0.0001421634     0.0000000000
83 H    -0.0012266472     0.0005591521     0.0000000000
84 H     0.0005533421    -0.0002981901    -0.0000000000
85 H     0.0009373382     0.0005163644     0.0000000000
86 H     0.0006618458     0.0002578162    -0.0000000000
87 H     0.0018348790     0.0025655733     0.0000000000
88 H     0.0023688959    -0.0043256529    -0.0000000000
89 H     0.0081494050     0.0040335231    -0.0000000000
90 H    -0.0000801966    -0.0009646484    -0.0000000000
91 H     0.0002620648    -0.0010160215    -0.0000000000
92 H     0.0014608934    -0.0019673964    -0.0000000000
93 H    -0.0006076185    -0.0014537652    -0.0000000000
94 H     0.0005076422    -0.0012447315     0.0000000000
95 H     0.0004213956    -0.0013341991     0.0000000000
96 H    -0.0013508543     0.0021851220    -0.0000000000
97 H    -0.0004246730     0.0006251016     0.0000000000
98 H     0.0003116303     0.0016316460    -0.0000000000
99 H    -0.0004120658     0.0106944680     0.0000000000
100 H     0.0004494666     0.0019395319    -0.0000000000
101 H     0.0000634785     0.0009153350     0.0000000000
----------------------------------------------
cycle 4: E = -3134.07566089  dE = -0.0343865  norm(grad) = 0.0565917

Geometry optimization cycle 5
