1721681802.9827259

Geometry optimization cycle 1
Cartesian coordinates (Angstrom)
 Atom        New coordinates             dX        dY        dZ
   C  -7.338226   5.042760   0.000000    0.000000  0.000000  0.000000
   C  -7.365228   0.691139   0.000000    0.000000  0.000000  0.000000
   C  -6.173642   2.889413   0.000000    0.000000  0.000000  0.000000
   C  -4.910090   5.019617   0.000000    0.000000  0.000000  0.000000
   C  -7.358051  -3.642635   0.000000    0.000000  0.000000  0.000000
   C  -6.173475  -1.431785   0.000000    0.000000  0.000000  0.000000
   C  -4.940069   0.716689   0.000000    0.000000  0.000000  0.000000
   C  -3.694845   2.860312   0.000000    0.000000  0.000000  0.000000
   C  -2.457224   5.005715   0.000000    0.000000  0.000000  0.000000
   C  -6.138515  -5.727246   0.000000    0.000000  0.000000  0.000000
   N  -4.928214  -3.580071   0.000000    0.000000  0.000000  0.000000
   N  -3.698169  -1.425571   0.000000    0.000000  0.000000  0.000000
   C  -2.471779   0.716540   0.000000    0.000000  0.000000  0.000000
   C  -1.230705   2.851907   0.000000    0.000000 -0.000000  0.000000
   C   0.000000   5.003169   0.000000    0.000000  0.000000  0.000000
   C  -3.678966  -5.694052   0.000000    0.000000  0.000000  0.000000
   N  -2.466015  -3.560923   0.000000    0.000000  0.000000  0.000000
   C  -1.232423  -1.423207   0.000000    0.000000  0.000000  0.000000
   C   0.000000   0.715809   0.000000    0.000000  0.000000  0.000000
   C   1.230705   2.851907   0.000000    0.000000 -0.000000  0.000000
   C   2.457224   5.005715   0.000000    0.000000  0.000000  0.000000
   C  -1.226334  -5.685080   0.000000    0.000000  0.000000  0.000000
   C   0.000000  -3.557079   0.000000    0.000000  0.000000  0.000000
   C   1.232423  -1.423207   0.000000    0.000000  0.000000  0.000000
   C   2.471779   0.716540   0.000000    0.000000  0.000000  0.000000
   C   3.694845   2.860312   0.000000    0.000000  0.000000  0.000000
   C   4.910090   5.019617   0.000000    0.000000  0.000000  0.000000
   C   1.226334  -5.685080   0.000000    0.000000  0.000000  0.000000
   C   2.466015  -3.560923   0.000000    0.000000  0.000000  0.000000
   C   3.698169  -1.425571   0.000000    0.000000  0.000000  0.000000
   N   4.940069   0.716689   0.000000    0.000000  0.000000  0.000000
   C   6.173642   2.889413   0.000000    0.000000  0.000000  0.000000
   C   7.338226   5.042760   0.000000    0.000000  0.000000  0.000000
   C   3.678966  -5.694052   0.000000    0.000000  0.000000  0.000000
   C   4.928214  -3.580071   0.000000    0.000000  0.000000  0.000000
   C   6.173475  -1.431785   0.000000   -0.000000  0.000000  0.000000
   C   7.365228   0.691139   0.000000    0.000000  0.000000  0.000000
   C   6.138515  -5.727246   0.000000    0.000000  0.000000  0.000000
   C   7.358051  -3.642635   0.000000   -0.000000  0.000000  0.000000
   N  -7.358051   3.642635   0.000000    0.000000  0.000000  0.000000
   C  -6.138515   5.727246   0.000000    0.000000  0.000000  0.000000
   C  -7.365228  -0.691139   0.000000    0.000000  0.000000  0.000000
   C  -6.173475   1.431785   0.000000    0.000000  0.000000  0.000000
   N  -4.928214   3.580071   0.000000    0.000000 -0.000000  0.000000
   C  -3.678966   5.694052   0.000000    0.000000  0.000000  0.000000
   C  -7.338226  -5.042760   0.000000    0.000000  0.000000  0.000000
   C  -6.173642  -2.889413   0.000000    0.000000  0.000000  0.000000
   C  -4.940069  -0.716689   0.000000    0.000000  0.000000  0.000000
   C  -3.698169   1.425571   0.000000    0.000000  0.000000  0.000000
   C  -2.466015   3.560923   0.000000    0.000000 -0.000000  0.000000
   C  -1.226334   5.685080   0.000000    0.000000  0.000000  0.000000
   C  -4.910090  -5.019617   0.000000    0.000000  0.000000  0.000000
   C  -3.694845  -2.860312   0.000000    0.000000  0.000000  0.000000
   C  -2.471779  -0.716540   0.000000    0.000000  0.000000  0.000000
   C  -1.232423   1.423207   0.000000    0.000000  0.000000  0.000000
   C   0.000000   3.557079   0.000000    0.000000  0.000000  0.000000
   C   1.226334   5.685080   0.000000    0.000000  0.000000  0.000000
   C  -2.457224  -5.005715   0.000000    0.000000  0.000000  0.000000
   C  -1.230705  -2.851907   0.000000    0.000000  0.000000  0.000000
   C   0.000000  -0.715809   0.000000    0.000000  0.000000  0.000000
   C   1.232423   1.423207   0.000000    0.000000  0.000000  0.000000
   C   2.466015   3.560923   0.000000    0.000000 -0.000000  0.000000
   C   3.678966   5.694052   0.000000    0.000000  0.000000  0.000000
   C   0.000000  -5.003169   0.000000    0.000000  0.000000  0.000000
   C   1.230705  -2.851907   0.000000    0.000000  0.000000  0.000000
   C   2.471779  -0.716540   0.000000    0.000000  0.000000  0.000000
   C   3.698169   1.425571   0.000000    0.000000  0.000000  0.000000
   C   4.928214   3.580071   0.000000    0.000000 -0.000000  0.000000
   C   6.138515   5.727246   0.000000    0.000000  0.000000  0.000000
   C   2.457224  -5.005715   0.000000    0.000000  0.000000  0.000000
   C   3.694845  -2.860312   0.000000    0.000000  0.000000  0.000000
   C   4.940069  -0.716689   0.000000    0.000000  0.000000  0.000000
   C   6.173475   1.431785   0.000000   -0.000000  0.000000  0.000000
   C   7.358051   3.642635   0.000000   -0.000000  0.000000  0.000000
   C   4.910090  -5.019617   0.000000    0.000000  0.000000  0.000000
   C   6.173642  -2.889413   0.000000    0.000000  0.000000  0.000000
   C   7.365228  -0.691139   0.000000    0.000000  0.000000  0.000000
   N   7.338226  -5.042760   0.000000    0.000000  0.000000  0.000000
   H   8.282184   5.591425   0.000000    0.000000 -0.000000  0.000000
   H   8.325741   3.141106   0.000000    0.000000  0.000000  0.000000
   H   8.326715   1.204661   0.000000    0.000000  0.000000  0.000000
   H   8.326715  -1.204661   0.000000    0.000000  0.000000  0.000000
   H   8.325741  -3.141106   0.000000    0.000000  0.000000  0.000000
   H   8.282184  -5.591425   0.000000    0.000000  0.000000  0.000000
   H  -8.282184   5.591425   0.000000    0.000000 -0.000000  0.000000
   H  -8.325741   3.141106   0.000000    0.000000  0.000000  0.000000
   H  -8.326715   1.204661   0.000000    0.000000  0.000000  0.000000
   H  -8.326715  -1.204661   0.000000    0.000000  0.000000  0.000000
   H  -8.325741  -3.141106   0.000000    0.000000  0.000000  0.000000
   H  -8.282184  -5.591425   0.000000    0.000000  0.000000  0.000000
   H  -6.116625   6.819427   0.000000    0.000000  0.000000  0.000000
   H  -3.672757   6.787431   0.000000    0.000000  0.000000  0.000000
   H  -1.225580   6.778408   0.000000    0.000000 -0.000000  0.000000
   H   1.225580   6.778408   0.000000    0.000000 -0.000000  0.000000
   H   3.672757   6.787431   0.000000    0.000000  0.000000  0.000000
   H   6.116625   6.819427   0.000000   -0.000000  0.000000  0.000000
   H  -6.116625  -6.819427   0.000000    0.000000  0.000000  0.000000
   H  -3.672757  -6.787431   0.000000    0.000000  0.000000  0.000000
   H  -1.225580  -6.778408   0.000000    0.000000  0.000000  0.000000
   H   1.225580  -6.778408   0.000000    0.000000  0.000000  0.000000
   H   3.672757  -6.787431   0.000000    0.000000  0.000000  0.000000
   H   6.116625  -6.819427   0.000000   -0.000000  0.000000  0.000000
converged SCF energy = -3100.83357596433
--------------- ROKS_Scanner gradients ---------------
         x                y                z
0 C    -0.0262385037     0.0013603252    -0.0000000000
1 C     0.0200552222     0.0246335999    -0.0000000000
2 C    -0.0096270411     0.0456662599    -0.0000000000
3 C    -0.0482334295     0.0009801959    -0.0000000000
4 C    -0.0087007554     0.0031421053    -0.0000000000
5 C    -0.0228173632     0.0332340672    -0.0000000000
6 C    -0.0205683898     0.0258403069    -0.0000000000
7 C     0.0033559448     0.0046199546     0.0000000000
8 C    -0.0405569339    -0.0014152167    -0.0000000000
9 C    -0.0021222688    -0.0114279060     0.0000000000
10 N    -0.0084366708    -0.0015983271     0.0000000000
11 N    -0.0005005103     0.0081415900     0.0000000000
12 C     0.0032466747     0.0195719832    -0.0000000000
13 C     0.0007542927     0.0107963645    -0.0000000000
14 C    -0.0229239297     0.0008888637     0.0000000000
15 C     0.0111790888    -0.0189535172    -0.0000000000
16 N    -0.0115398982    -0.0033182320    -0.0000000000
17 C     0.0175436833     0.0088463481    -0.0000000000
18 C    -0.0007632859     0.0065756762    -0.0000000000
19 C     0.0023986786     0.0025165659    -0.0000000000
20 C    -0.0083292176     0.0005216772    -0.0000000000
21 C     0.0187398013    -0.0183423903    -0.0000000000
22 C     0.0214921013     0.0049090026    -0.0000000000
23 C     0.0011893068    -0.0015689006    -0.0000000000
24 C    -0.0044160009     0.0095980105    -0.0000000000
25 C    -0.0100086020     0.0027311258     0.0000000000
26 C     0.0048898511    -0.0003327608    -0.0000000000
27 C     0.0056786963    -0.0075137239    -0.0000000000
28 C     0.0166862708     0.0057745997    -0.0000000000
29 C    -0.0026642606    -0.0056201685    -0.0000000000
30 N     0.0101098909    -0.0011015248    -0.0000000000
31 C     0.0020614033     0.0031231997    -0.0000000000
32 C     0.0089951189    -0.0001509967    -0.0000000000
33 C    -0.0130178755    -0.0010097590    -0.0000000000
34 C     0.0075229919    -0.0066045500    -0.0000000000
35 C     0.0067594122     0.0043522843    -0.0000000000
36 C     0.0084926820     0.0131013271    -0.0000000000
37 C    -0.0181919279    -0.0093392318    -0.0000000000
38 C    -0.0108505602     0.0312163124    -0.0000000000
39 N     0.0300323702     0.0010177039    -0.0000000000
40 C     0.0378154997     0.0145529699     0.0000000000
41 C     0.0090561530    -0.0264571053     0.0000000000
42 C    -0.0028848607    -0.0628561608     0.0000000000
43 N     0.0078132589    -0.0090007510    -0.0000000000
44 C     0.0453733315     0.0153342980    -0.0000000000
45 C    -0.0012958667    -0.0032165578     0.0000000000
46 C     0.0032564477    -0.0116701771     0.0000000000
47 C    -0.0048548097    -0.0138724144     0.0000000000
48 C     0.0143143025    -0.0176302957    -0.0000000000
49 C     0.0141272827    -0.0042700786     0.0000000000
50 C     0.0311616422     0.0062702692    -0.0000000000
51 C    -0.0067138882     0.0019101042    -0.0000000000
52 C     0.0127502916    -0.0043363259    -0.0000000000
53 C     0.0047556730    -0.0078575052     0.0000000000
54 C    -0.0065699341    -0.0045355046     0.0000000000
55 C    -0.0000428855    -0.0018763703     0.0000000000
56 C     0.0149787384     0.0061423008    -0.0000000000
57 C    -0.0157679821     0.0040341837    -0.0000000000
58 C     0.0031979455     0.0100145245     0.0000000000
59 C    -0.0051803296    -0.0048544062     0.0000000000
60 C    -0.0042568896    -0.0044662844     0.0000000000
61 C     0.0015540085     0.0001518608     0.0000000000
62 C     0.0019593549     0.0056676795     0.0000000000
63 C    -0.0141001793     0.0026886266     0.0000000000
64 C    -0.0113034332    -0.0029035450     0.0000000000
65 C     0.0034020158    -0.0055333356     0.0000000000
66 C    -0.0179229423     0.0090893751    -0.0000000000
67 C     0.0019019499    -0.0015136296    -0.0000000000
68 C    -0.0077769105     0.0017533186     0.0000000000
69 C     0.0049124989    -0.0039048527     0.0000000000
70 C    -0.0176873668    -0.0015902003     0.0000000000
71 C    -0.0007379712    -0.0091617823     0.0000000000
72 C     0.0068476165     0.0004409542     0.0000000000
73 C    -0.0037746325     0.0059121696     0.0000000000
74 C     0.0079987847     0.0038337289     0.0000000000
75 C     0.0100063052    -0.0043702232     0.0000000000
76 C    -0.0109513191    -0.0123004605     0.0000000000
77 N    -0.0067835935    -0.0116740535    -0.0000000000
78 H     0.0047371064     0.0031147945     0.0000000000
79 H     0.0055103607    -0.0032850063    -0.0000000000
80 H     0.0090158249     0.0009828396     0.0000000000
81 H     0.0053226178    -0.0038619709    -0.0000000000
82 H     0.0042731069     0.0118319139     0.0000000000
83 H     0.0516514710    -0.0305746076     0.0000000000
84 H    -0.0034530425     0.0106312004    -0.0000000000
85 H    -0.0586073589    -0.0245092451     0.0000000000
86 H    -0.0031081216     0.0043693096    -0.0000000000
87 H    -0.0064320792    -0.0032361767    -0.0000000000
88 H    -0.0091993458     0.0010372121     0.0000000000
89 H    -0.0052245627    -0.0030404444    -0.0000000000
90 H     0.0008905233     0.0096783404    -0.0000000000
91 H     0.0032817552     0.0079149732     0.0000000000
92 H     0.0002963454     0.0060960666     0.0000000000
93 H    -0.0000494145     0.0062551310     0.0000000000
94 H    -0.0000775319     0.0063658085    -0.0000000000
95 H    -0.0000360636     0.0061821648    -0.0000000000
96 H    -0.0031819570    -0.0082546711    -0.0000000000
97 H     0.0000483886    -0.0106039522     0.0000000000
98 H     0.0034334350    -0.0084052116     0.0000000000
99 H     0.0002003707    -0.0062796954     0.0000000000
100 H     0.0001940064    -0.0061860715     0.0000000000
101 H    -0.0087696020    -0.0089863598     0.0000000000
----------------------------------------------
cycle 1: E = -3100.83357596  dE = -3100.83  norm(grad) = 0.203647

Geometry optimization cycle 2
Cartesian coordinates (Angstrom)
 Atom        New coordinates             dX        dY        dZ
   C  -7.290392   4.865501   0.000000    0.047834 -0.177259  0.000000
   C  -7.330664   0.688780   0.000000    0.034564 -0.002359  0.000000
   C  -6.061214   2.787495   0.000000    0.112428 -0.101918  0.000000
   C  -4.857943   4.906012   0.000000    0.052147 -0.113605  0.000000
   C  -7.284006  -3.555513   0.000000    0.074045  0.087122  0.000000
   C  -6.094658  -1.409986   0.000000    0.078817  0.021799  0.000000
   C  -4.878241   0.690966   0.000000    0.061827 -0.025723  0.000000
   C  -3.645203   2.813963  -0.000000    0.049642 -0.046348 -0.000000
   C  -2.416569   4.948497  -0.000000    0.040655 -0.057218 -0.000000
   C  -6.098549  -5.587954   0.000000    0.039967  0.139292  0.000000
   N  -4.881597  -3.491636   0.000000    0.046617  0.088435  0.000000
   N  -3.661349  -1.400289  -0.000000    0.036820  0.025282 -0.000000
   C  -2.446245   0.697427  -0.000000    0.025534 -0.019112 -0.000000
   C  -1.212475   2.807660  -0.000000    0.018229 -0.044247 -0.000000
   C   0.014781   4.951134  -0.000000    0.014781 -0.052034 -0.000000
   C  -3.676732  -5.548402  -0.000000    0.002234  0.145650 -0.000000
   N  -2.451263  -3.491822  -0.000000    0.014752  0.069100 -0.000000
   C  -1.239928  -1.415998  -0.000000   -0.007505  0.007209 -0.000000
   C   0.015946   0.697947  -0.000000    0.015946 -0.017862 -0.000000
   C   1.235395   2.817248  -0.000000    0.004691 -0.034659 -0.000000
   C   2.460322   4.953820  -0.000000    0.003099 -0.051895 -0.000000
   C  -1.256870  -5.579787  -0.000000   -0.030536  0.105292 -0.000000
   C  -0.027089  -3.531994  -0.000000   -0.027089  0.025084 -0.000000
   C   1.216573  -1.413610  -0.000000   -0.015850  0.009597 -0.000000
   C   2.469371   0.702452  -0.000000   -0.002408 -0.014088 -0.000000
   C   3.693597   2.827599  -0.000000   -0.001248 -0.032712 -0.000000
   C   4.899920   4.974558  -0.000000   -0.010171 -0.045059 -0.000000
   C   1.199310  -5.643882  -0.000000   -0.027024  0.041197 -0.000000
   C   2.422826  -3.535698  -0.000000   -0.043188  0.025224 -0.000000
   C   3.668377  -1.400685  -0.000000   -0.029791  0.024886 -0.000000
   N   4.890740   0.708733  -0.000000   -0.049329 -0.007956 -0.000000
   C   6.138951   2.849997  -0.000000   -0.034691 -0.039416 -0.000000
   C   7.303402   4.951562   0.000000   -0.034823 -0.091197  0.000000
   C   3.643319  -5.654167   0.000000   -0.035647  0.039886  0.000000
   C   4.868431  -3.526383   0.000000   -0.059783  0.053688  0.000000
   C   6.128316  -1.391837   0.000000   -0.045159  0.039948  0.000000
   C   7.274991   0.681474   0.000000   -0.090237 -0.009665  0.000000
   C   6.072495  -5.638565   0.000000   -0.066020  0.088681  0.000000
   C   7.294690  -3.544363   0.000000   -0.063361  0.098272  0.000000
   N  -7.228343   3.504655   0.000000    0.129708 -0.137980  0.000000
   C  -6.132205   5.548749   0.000000    0.006311 -0.178497  0.000000
   C  -7.292979  -0.667542   0.000000    0.072249  0.023597  0.000000
   C  -6.109127   1.410064   0.000000    0.064348 -0.021721  0.000000
   N  -4.863499   3.498584   0.000000    0.064715 -0.081487  0.000000
   C  -3.681844   5.581683   0.000000   -0.002878 -0.112369  0.000000
   C  -7.306594  -4.941171   0.000000    0.031631  0.101589  0.000000
   C  -6.110759  -2.821610   0.000000    0.062883  0.067803  0.000000
   C  -4.877917  -0.703885  -0.000000    0.062152  0.012804 -0.000000
   C  -3.663650   1.407366  -0.000000    0.034519 -0.018205 -0.000000
   C  -2.439980   3.517669  -0.000000    0.026034 -0.043254 -0.000000
   C  -1.222371   5.628716  -0.000000    0.003964 -0.056364 -0.000000
   C  -4.884174  -4.896568   0.000000    0.025917  0.123049  0.000000
   C  -3.667251  -2.799327  -0.000000    0.027594  0.060985 -0.000000
   C  -2.455496  -0.706473  -0.000000    0.016283  0.010066 -0.000000
   C  -1.207363   1.395146  -0.000000    0.025060 -0.028061 -0.000000
   C   0.010059   3.515139  -0.000000    0.010059 -0.041939 -0.000000
   C   1.224956   5.620875  -0.000000   -0.001379 -0.064205 -0.000000
   C  -2.450363  -4.904539  -0.000000    0.006861  0.101176 -0.000000
   C  -1.231614  -2.824560  -0.000000   -0.000910  0.027347 -0.000000
   C  -0.005266  -0.715775  -0.000000   -0.005266  0.000034 -0.000000
   C   1.241237   1.402384  -0.000000    0.008814 -0.020823 -0.000000
   C   2.466427   3.519442  -0.000000    0.000412 -0.041481 -0.000000
   C   3.672683   5.637010  -0.000000   -0.006283 -0.057042 -0.000000
   C  -0.006017  -4.960597  -0.000000   -0.006017  0.042572 -0.000000
   C   1.204541  -2.830229  -0.000000   -0.026164  0.021678 -0.000000
   C   2.446881  -0.708729  -0.000000   -0.024898  0.007811 -0.000000
   C   3.686276   1.404646  -0.000000   -0.011893 -0.020925 -0.000000
   C   4.910773   3.547124  -0.000000   -0.017441 -0.032946 -0.000000
   C   6.132795   5.664043  -0.000000   -0.005721 -0.063203 -0.000000
   C   2.422241  -4.969897  -0.000000   -0.034983  0.035818 -0.000000
   C   3.651586  -2.824764  -0.000000   -0.043259  0.035548 -0.000000
   C   4.900289  -0.695775  -0.000000   -0.039779  0.020914 -0.000000
   C   6.099963   1.415207  -0.000000   -0.073512 -0.016579 -0.000000
   C   7.339325   3.558640   0.000000   -0.018726 -0.083995  0.000000
   C   4.842621  -4.959494   0.000000   -0.067470  0.060123  0.000000
   C   6.100135  -2.823168   0.000000   -0.073507  0.066245  0.000000
   C   7.335212  -0.677544   0.000000   -0.030016  0.013595  0.000000
   N   7.176100  -4.878145   0.000000   -0.162126  0.164614  0.000000
   H   8.246084   5.487080   0.000000   -0.036100 -0.104345  0.000000
   H   8.294928   3.052605   0.000000   -0.030813 -0.088501  0.000000
   H   8.206470   1.225487   0.000000   -0.120245  0.020825  0.000000
   H   8.296907  -1.171781   0.000000   -0.029808  0.032881  0.000000
   H   8.283031  -3.115178   0.000000   -0.042709  0.025928  0.000000
   H   8.053679  -5.379382   0.000000   -0.228505  0.212043  0.000000
   H  -8.262485   5.337363   0.000000    0.019699 -0.254062  0.000000
   H  -8.089162   2.986449   0.000000    0.236578 -0.154657  0.000000
   H  -8.293778   1.185303   0.000000    0.032937 -0.019359  0.000000
   H  -8.237942  -1.191169   0.000000    0.088773  0.013493  0.000000
   H  -8.223114  -3.025591   0.000000    0.102627  0.115515  0.000000
   H  -8.244456  -5.484049   0.000000    0.037728  0.107376  0.000000
   H  -6.152112   6.627830   0.000000   -0.035486 -0.191596  0.000000
   H  -3.730880   6.663188   0.000000   -0.058123 -0.124244  0.000000
   H  -1.233991   6.713699  -0.000000   -0.008411 -0.064709 -0.000000
   H   1.220543   6.705695  -0.000000   -0.005037 -0.072712 -0.000000
   H   3.663340   6.721715  -0.000000   -0.009417 -0.065716 -0.000000
   H   6.132799   6.748068  -0.000000    0.016174 -0.071359 -0.000000
   H  -6.046875  -6.668022   0.000000    0.069751  0.151405  0.000000
   H  -3.683201  -6.627368   0.000000   -0.010444  0.160063  0.000000
   H  -1.306362  -6.660559  -0.000000   -0.080782  0.117849 -0.000000
   H   1.192639  -6.728657  -0.000000   -0.032941  0.049750 -0.000000
   H   3.650084  -6.739137   0.000000   -0.022673  0.048295  0.000000
   H   6.153045  -6.715544   0.000000    0.036420  0.103883  0.000000
converged SCF energy = -3100.89690325525
--------------- ROKS_Scanner gradients ---------------
         x                y                z
0 C    -0.0175259985     0.0022064393     0.0000000000
1 C     0.0023595510     0.0119269391     0.0000000000
2 C    -0.0024235802     0.0096788663     0.0000000000
3 C    -0.0060770940     0.0077784621    -0.0000000000
4 C     0.0084376295     0.0011645445     0.0000000000
5 C    -0.0028296531     0.0101892230     0.0000000000
6 C    -0.0072296014     0.0083712072     0.0000000000
7 C     0.0041452288     0.0003986639     0.0000000000
8 C    -0.0090854543     0.0015373378    -0.0000000000
9 C     0.0037548156     0.0082303396    -0.0000000000
10 N    -0.0022484011     0.0013867787    -0.0000000000
11 N    -0.0005039921     0.0048770521    -0.0000000000
12 C    -0.0011662072     0.0071981076     0.0000000000
13 C    -0.0016663583     0.0041373087    -0.0000000000
14 C    -0.0101231660     0.0018906954    -0.0000000000
15 C     0.0020658802     0.0070577651     0.0000000000
16 N    -0.0041272344     0.0008940632    -0.0000000000
17 C    -0.0036711726     0.0016541929    -0.0000000000
18 C     0.0009007740     0.0035921163     0.0000000000
19 C     0.0015277403     0.0000218479    -0.0000000000
20 C    -0.0037524784     0.0029025782    -0.0000000000
21 C     0.0019575775     0.0069278004    -0.0000000000
22 C    -0.0007864994    -0.0010511117    -0.0000000000
23 C     0.0003930124     0.0007000736    -0.0000000000
24 C     0.0043152896     0.0039946206    -0.0000000000
25 C    -0.0001259727     0.0009041632    -0.0000000000
26 C     0.0044890526    -0.0012750030     0.0000000000
27 C     0.0027080999    -0.0016244739     0.0000000000
28 C     0.0037917485     0.0025612466    -0.0000000000
29 C     0.0003056919     0.0039720576    -0.0000000000
30 N     0.0052914282    -0.0045629555    -0.0000000000
31 C     0.0011325447     0.0063739346    -0.0000000000
32 C    -0.0056739819    -0.0038701562    -0.0000000000
33 C    -0.0038921644    -0.0056366383    -0.0000000000
34 C    -0.0017743235    -0.0016657369    -0.0000000000
35 C     0.0109817409     0.0121906313    -0.0000000000
36 C    -0.0117011038     0.0041133903    -0.0000000000
37 C     0.0000112383    -0.0183283035     0.0000000000
38 C     0.0138266025     0.0138742878    -0.0000000000
39 N     0.0153063805    -0.0056423480    -0.0000000000
40 C     0.0104562362    -0.0150934599    -0.0000000000
41 C     0.0099146229    -0.0099557379     0.0000000000
42 C    -0.0048141332    -0.0187805174    -0.0000000000
43 N     0.0006004328    -0.0033074050    -0.0000000000
44 C     0.0111790671    -0.0062080337    -0.0000000000
45 C    -0.0070487765    -0.0043315346     0.0000000000
46 C    -0.0003548107    -0.0054130911    -0.0000000000
47 C    -0.0034523958    -0.0048728770    -0.0000000000
48 C     0.0011372921    -0.0041506979    -0.0000000000
49 C     0.0000326119     0.0015087818     0.0000000000
50 C     0.0131131532     0.0003964479    -0.0000000000
51 C    -0.0035771646    -0.0040021733    -0.0000000000
52 C     0.0059745036    -0.0035994860    -0.0000000000
53 C     0.0034093274    -0.0027043156     0.0000000000
54 C     0.0003615526    -0.0057488707    -0.0000000000
55 C    -0.0006789200    -0.0011746871     0.0000000000
56 C     0.0067546891    -0.0012245126     0.0000000000
57 C    -0.0025286707    -0.0055048795     0.0000000000
58 C     0.0054328193     0.0007118377    -0.0000000000
59 C    -0.0020235642    -0.0018292562    -0.0000000000
60 C    -0.0001604357    -0.0035314080    -0.0000000000
61 C     0.0003543179    -0.0019683525     0.0000000000
62 C     0.0015600477    -0.0004687366    -0.0000000000
63 C     0.0021682961    -0.0030395803    -0.0000000000
64 C    -0.0056855776    -0.0021305188     0.0000000000
65 C     0.0001542974    -0.0031164981     0.0000000000
66 C    -0.0093121275     0.0042009177     0.0000000000
67 C    -0.0008557061    -0.0026526864     0.0000000000
68 C    -0.0010638374     0.0038885298     0.0000000000
69 C     0.0037891364    -0.0020321181     0.0000000000
70 C    -0.0065458604    -0.0030867072     0.0000000000
71 C    -0.0016863309    -0.0056703645    -0.0000000000
72 C     0.0024282723     0.0041073889     0.0000000000
73 C     0.0039964617    -0.0025650489     0.0000000000
74 C     0.0082304191     0.0102493469     0.0000000000
75 C     0.0054950191    -0.0146338580     0.0000000000
76 C     0.0007151587    -0.0074719428     0.0000000000
77 N    -0.0282991296     0.0139083817    -0.0000000000
78 H    -0.0005055727    -0.0005125879     0.0000000000
79 H     0.0013636325    -0.0026453855    -0.0000000000
80 H     0.0011340764    -0.0008196228     0.0000000000
81 H     0.0017686370    -0.0011047039    -0.0000000000
82 H     0.0007334297     0.0045227358     0.0000000000
83 H     0.0010462239     0.0007293165     0.0000000000
84 H     0.0002634341     0.0026458396     0.0000000000
85 H    -0.0046750531     0.0004608681     0.0000000000
86 H    -0.0007093374     0.0021941850    -0.0000000000
87 H    -0.0008761830     0.0000612030    -0.0000000000
88 H    -0.0015437926    -0.0006477545    -0.0000000000
89 H    -0.0014362961    -0.0005399786     0.0000000000
90 H    -0.0011109432    -0.0005310745    -0.0000000000
91 H     0.0005034564    -0.0002459101     0.0000000000
92 H    -0.0006440265     0.0004679844     0.0000000000
93 H    -0.0003869242     0.0000560993    -0.0000000000
94 H     0.0000930174     0.0001485878     0.0000000000
95 H    -0.0003548730     0.0009366230    -0.0000000000
96 H    -0.0018342419     0.0001860587     0.0000000000
97 H    -0.0004255874     0.0001666301     0.0000000000
98 H     0.0014161123     0.0005153122     0.0000000000
99 H     0.0001597692    -0.0004964317    -0.0000000000
100 H     0.0001717827    -0.0010260474     0.0000000000
101 H    -0.0046655053    -0.0022190333     0.0000000000
----------------------------------------------
cycle 2: E = -3100.89690326  dE = -0.0633273  norm(grad) = 0.0827637

Geometry optimization cycle 3
Cartesian coordinates (Angstrom)
 Atom        New coordinates             dX        dY        dZ
   C  -7.195665   4.874439   0.000000    0.094727  0.008938  0.000000
   C  -7.309265   0.671783   0.000000    0.021398 -0.016996  0.000000
   C  -6.046151   2.785175   0.000000    0.015063 -0.002320  0.000000
   C  -4.858413   4.915782   0.000000   -0.000470  0.009771  0.000000
   C  -7.271494  -3.546675   0.000000    0.012513  0.008838  0.000000
   C  -6.080342  -1.419185   0.000000    0.014316 -0.009199  0.000000
   C  -4.864239   0.688323   0.000000    0.014002 -0.002643  0.000000
   C  -3.654922   2.813311   0.000000   -0.009719 -0.000652  0.000000
   C  -2.427277   4.933867   0.000000   -0.010708 -0.014630  0.000000
   C  -6.054836  -5.612546   0.000000    0.043713 -0.024592  0.000000
   N  -4.871706  -3.493266   0.000000    0.009891 -0.001630  0.000000
   N  -3.661043  -1.403070   0.000000    0.000306 -0.002781  0.000000
   C  -2.449488   0.690696   0.000000   -0.003243 -0.006731  0.000000
   C  -1.220266   2.796023   0.000000   -0.007791 -0.011637  0.000000
   C   0.006458   4.938846   0.000000   -0.008323 -0.012288  0.000000
   C  -3.660944  -5.545240   0.000000    0.015788  0.003162  0.000000
   N  -2.451964  -3.481816   0.000000   -0.000701  0.010006  0.000000
   C  -1.247181  -1.411373   0.000000   -0.007254  0.004625  0.000000
   C   0.010822   0.695896   0.000000   -0.005123 -0.002051  0.000000
   C   1.222842   2.810798   0.000000   -0.012553 -0.006450  0.000000
   C   2.443596   4.939144   0.000000   -0.016726 -0.014676  0.000000
   C  -1.268091  -5.573874   0.000000   -0.011221  0.005914  0.000000
   C  -0.041306  -3.514022   0.000000   -0.014217  0.017972  0.000000
   C   1.205885  -1.405295   0.000000   -0.010688  0.008315  0.000000
   C   2.462633   0.699251   0.000000   -0.006739 -0.003201  0.000000
   C   3.678508   2.810095   0.000000   -0.015090 -0.017505  0.000000
   C   4.872688   4.955672  -0.000000   -0.027232 -0.018885  0.000000
   C   1.181229  -5.610963   0.000000   -0.018081  0.032920  0.000000
   C   2.404143  -3.523555   0.000000   -0.018683  0.012143  0.000000
   C   3.649150  -1.396175   0.000000   -0.019227  0.004510  0.000000
   N   4.884768   0.702404   0.000000   -0.005972 -0.006329  0.000000
   C   6.113081   2.829203   0.000000   -0.025871 -0.020795  0.000000
   C   7.301050   4.958043  -0.000000   -0.002353  0.006481 -0.000000
   C   3.645209  -5.626621   0.000000    0.001890  0.027546  0.000000
   C   4.839287  -3.522425   0.000000   -0.029144  0.003958  0.000000
   C   6.089115  -1.410998   0.000000   -0.039201 -0.019161  0.000000
   C   7.281524   0.667711   0.000000    0.006533 -0.013763  0.000000
   C   6.119664  -5.570494   0.000000    0.047169  0.068071  0.000000
   C   7.239624  -3.614770   0.000000   -0.055067 -0.070407  0.000000
   N  -7.198698   3.521478   0.000000    0.029645  0.016823  0.000000
   C  -6.101826   5.632167   0.000000    0.030378  0.083418  0.000000
   C  -7.287325  -0.673184   0.000000    0.005653 -0.005642  0.000000
   C  -6.093313   1.426494   0.000000    0.015814  0.016430  0.000000
   N  -4.863172   3.508528   0.000000    0.000327  0.009945  0.000000
   C  -3.695362   5.580101   0.000000   -0.013518 -0.001583  0.000000
   C  -7.238183  -4.928512   0.000000    0.068411  0.012659  0.000000
   C  -6.097137  -2.819107   0.000000    0.013622  0.002503  0.000000
   C  -4.868196  -0.701645   0.000000    0.009720  0.002240  0.000000
   C  -3.662584   1.410505   0.000000    0.001066  0.003139  0.000000
   C  -2.448751   3.506463   0.000000   -0.008771 -0.011206  0.000000
   C  -1.245757   5.606449   0.000000   -0.023386 -0.022267  0.000000
   C  -4.860206  -4.895422   0.000000    0.023968  0.001146  0.000000
   C  -3.670977  -2.794082   0.000000   -0.003726  0.005245  0.000000
   C  -2.462669  -0.705912   0.000000   -0.007174  0.000561  0.000000
   C  -1.211638   1.390754   0.000000   -0.004275 -0.004392  0.000000
   C  -0.000185   3.506592   0.000000   -0.010243 -0.008548  0.000000
   C   1.206134   5.609978   0.000000   -0.018822 -0.010897  0.000000
   C  -2.445834  -4.888951   0.000000    0.004528  0.015587  0.000000
   C  -1.244494  -2.814087   0.000000   -0.012879  0.010473  0.000000
   C  -0.012326  -0.711231   0.000000   -0.007060  0.004544  0.000000
   C   1.235519   1.401072   0.000000   -0.005718 -0.001312  0.000000
   C   2.453650   3.507694   0.000000   -0.012776 -0.011748  0.000000
   C   3.650623   5.623452  -0.000000   -0.022060 -0.013558  0.000000
   C  -0.025344  -4.938393   0.000000   -0.019328  0.022204  0.000000
   C   1.195000  -2.816133   0.000000   -0.009541  0.014095  0.000000
   C   2.432083  -0.702666   0.000000   -0.014799  0.006062  0.000000
   C   3.689241   1.389261   0.000000    0.002965 -0.015384  0.000000
   C   4.888540   3.530485   0.000000   -0.022233 -0.016639  0.000000
   C   6.112724   5.633976  -0.000000   -0.020071 -0.030067 -0.000000
   C   2.412063  -4.951139   0.000000   -0.010178  0.018758  0.000000
   C   3.636289  -2.814536   0.000000   -0.015297  0.010228  0.000000
   C   4.877645  -0.694929   0.000000   -0.022644  0.000847  0.000000
   C   6.098476   1.393867   0.000000   -0.001487 -0.021340  0.000000
   C   7.297561   3.565539   0.000000   -0.041764  0.006899  0.000000
   C   4.850431  -4.950944   0.000000    0.007811  0.008549  0.000000
   C   6.067281  -2.835858   0.000000   -0.032854 -0.012689  0.000000
   C   7.295978  -0.685911   0.000000   -0.039233 -0.008367  0.000000
   N   7.289782  -4.937675   0.000000    0.113682 -0.059529  0.000000
   H   8.242310   5.494555  -0.000000   -0.003773  0.007475 -0.000000
   H   8.252316   3.069510   0.000000   -0.042611  0.016905  0.000000
   H   8.210843   1.208767   0.000000    0.004373 -0.016720  0.000000
   H   8.247633  -1.188775   0.000000   -0.049274 -0.016995  0.000000
   H   8.218433  -3.179557   0.000000   -0.064598 -0.064379  0.000000
   H   8.152575  -5.426259   0.000000    0.098896 -0.046877  0.000000
   H  -8.180673   5.309268   0.000000    0.081812 -0.028095  0.000000
   H  -8.043998   3.025199   0.000000    0.045165  0.038750  0.000000
   H  -8.277694   1.149398   0.000000    0.016084 -0.035905  0.000000
   H  -8.230585  -1.193221   0.000000    0.007357 -0.002052  0.000000
   H  -8.210349  -3.024639   0.000000    0.012765  0.000951  0.000000
   H  -8.169643  -5.474437   0.000000    0.074814  0.009611 -0.000000
   H  -6.124757   6.708950   0.000000    0.027355  0.081120  0.000000
   H  -3.746327   6.659464   0.000000   -0.015447 -0.003724  0.000000
   H  -1.259561   6.688859   0.000000   -0.025571 -0.024840  0.000000
   H   1.202694   6.692802   0.000000   -0.017850 -0.012893  0.000000
   H   3.642116   6.706000  -0.000000   -0.021224 -0.015715 -0.000000
   H   6.103979   6.714741  -0.000000   -0.028820 -0.033327 -0.000000
   H  -5.992424  -6.689926   0.000000    0.054450 -0.021905 -0.000000
   H  -3.659170  -6.621204   0.000000    0.024031  0.006165 -0.000000
   H  -1.330192  -6.652239  -0.000000   -0.023830  0.008320  0.000000
   H   1.170868  -6.693073   0.000000   -0.021771  0.035584  0.000000
   H   3.648213  -6.708241   0.000000   -0.001871  0.030896  0.000000
   H   6.210729  -6.641155   0.000000    0.057684  0.074389  0.000000
converged SCF energy = -3100.88759489742
--------------- ROKS_Scanner gradients ---------------
         x                y                z
0 C     0.0284186394    -0.0121230126    -0.0000000000
1 C     0.0031364584    -0.0034509672     0.0000000000
2 C     0.0006318032     0.0007505500    -0.0000000000
3 C    -0.0060349572    -0.0018598454    -0.0000000000
4 C    -0.0045398513     0.0066073421     0.0000000000
5 C     0.0007003700     0.0020861541     0.0000000000
6 C     0.0003535406     0.0034029316    -0.0000000000
7 C    -0.0030989145    -0.0032927273     0.0000000000
8 C     0.0006270478     0.0000505044     0.0000000000
9 C     0.0047000664    -0.0073832277     0.0000000000
10 N     0.0009450028     0.0038032194    -0.0000000000
11 N    -0.0016628192     0.0052758793    -0.0000000000
12 C    -0.0004673303    -0.0023428705    -0.0000000000
13 C    -0.0005751178    -0.0013662457    -0.0000000000
14 C     0.0013324073     0.0012523974     0.0000000000
15 C     0.0002125308     0.0032479334     0.0000000000
16 N     0.0019480661     0.0040644074    -0.0000000000
17 C    -0.0047782878     0.0002562597    -0.0000000000
18 C    -0.0002592289     0.0001556874    -0.0000000000
19 C     0.0002411995    -0.0003276462    -0.0000000000
20 C    -0.0019846612     0.0009798788    -0.0000000000
21 C    -0.0047728230     0.0028715778     0.0000000000
22 C    -0.0015213027     0.0001420536    -0.0000000000
23 C     0.0011645433     0.0011504310    -0.0000000000
24 C     0.0021643304     0.0005059845     0.0000000000
25 C     0.0002814139    -0.0019344855    -0.0000000000
26 C    -0.0043557633     0.0010252000     0.0000000000
27 C    -0.0022056984     0.0053659141     0.0000000000
28 C    -0.0018118447    -0.0000179425     0.0000000000
29 C     0.0006213926     0.0020603331     0.0000000000
30 N     0.0002169240     0.0006654654    -0.0000000000
31 C    -0.0040391023    -0.0035170784     0.0000000000
32 C     0.0081173240     0.0052583731     0.0000000000
33 C     0.0008062144     0.0066228324     0.0000000000
34 C    -0.0019244098    -0.0018456210     0.0000000000
35 C    -0.0051211966    -0.0013054851     0.0000000000
36 C     0.0034536273     0.0013838601     0.0000000000
37 C     0.0086642618     0.0452528304     0.0000000000
38 C    -0.0363147941    -0.0283888046     0.0000000000
39 N    -0.0207149503    -0.0125315533     0.0000000000
40 C    -0.0044068787     0.0192914394     0.0000000000
41 C    -0.0016484840    -0.0011665981    -0.0000000000
42 C    -0.0020336053     0.0070951400     0.0000000000
43 N     0.0021115780    -0.0030886541     0.0000000000
44 C    -0.0096747076    -0.0051746899    -0.0000000000
45 C     0.0109254441     0.0073254692    -0.0000000000
46 C     0.0006030723    -0.0073421395    -0.0000000000
47 C     0.0019905797    -0.0030452960     0.0000000000
48 C    -0.0011673195     0.0011461092     0.0000000000
49 C    -0.0000317842     0.0017946123    -0.0000000000
50 C    -0.0023934901    -0.0045278561    -0.0000000000
51 C    -0.0044969713     0.0005015367     0.0000000000
52 C    -0.0006956059    -0.0064317962    -0.0000000000
53 C     0.0015602247    -0.0006893363     0.0000000000
54 C     0.0014586073    -0.0017245352     0.0000000000
55 C    -0.0009502850     0.0003232092    -0.0000000000
56 C     0.0011427116    -0.0007081977     0.0000000000
57 C     0.0006136690    -0.0027041945     0.0000000000
58 C    -0.0017974324    -0.0033381984     0.0000000000
59 C     0.0006795357     0.0014806550     0.0000000000
60 C     0.0010484745    -0.0006579882     0.0000000000
61 C     0.0005385362    -0.0006579927     0.0000000000
62 C     0.0001049730    -0.0004643609    -0.0000000000
63 C    -0.0025826137     0.0000784580    -0.0000000000
64 C     0.0000064800     0.0008618009    -0.0000000000
65 C    -0.0012949798     0.0009365146    -0.0000000000
66 C     0.0033844305    -0.0027218845    -0.0000000000
67 C     0.0009946315    -0.0005433706    -0.0000000000
68 C     0.0006365541    -0.0085371303    -0.0000000000
69 C    -0.0006229259    -0.0029634547    -0.0000000000
70 C     0.0010047439     0.0007407723    -0.0000000000
71 C    -0.0023807675     0.0030848413     0.0000000000
72 C     0.0024451001    -0.0060964637    -0.0000000000
73 C    -0.0068798539     0.0037170202    -0.0000000000
74 C    -0.0068430408    -0.0070051585    -0.0000000000
75 C    -0.0033285096     0.0110463257    -0.0000000000
76 C    -0.0045907527     0.0031745096    -0.0000000000
77 N     0.0513193621    -0.0297906136     0.0000000000
78 H     0.0002377965     0.0002530698    -0.0000000000
79 H    -0.0025685523     0.0019160872     0.0000000000
80 H    -0.0010412684    -0.0009448601    -0.0000000000
81 H    -0.0015815864     0.0024756009     0.0000000000
82 H    -0.0035045873    -0.0085489375    -0.0000000000
83 H    -0.0108529422     0.0063937203    -0.0000000000
84 H     0.0044101739    -0.0022806113    -0.0000000000
85 H     0.0182441998     0.0085062101    -0.0000000000
86 H     0.0017769638    -0.0023029353    -0.0000000000
87 H     0.0010391879     0.0004479956     0.0000000000
88 H     0.0009969434     0.0007609066     0.0000000000
89 H     0.0028392280     0.0015364913     0.0000000000
90 H    -0.0004319003     0.0008338107    -0.0000000000
91 H    -0.0013593798    -0.0013856102    -0.0000000000
92 H    -0.0008238733    -0.0016399300    -0.0000000000
93 H    -0.0004834129    -0.0011938094     0.0000000000
94 H    -0.0001998055    -0.0012016130     0.0000000000
95 H     0.0005769213    -0.0025065130     0.0000000000
96 H     0.0007033024     0.0002379187    -0.0000000000
97 H    -0.0001519319     0.0018600014    -0.0000000000
98 H    -0.0003938686     0.0011329800     0.0000000000
99 H     0.0000095408     0.0018463368    -0.0000000000
100 H     0.0007887201     0.0019679736     0.0000000000
101 H     0.0044008103     0.0061144593    -0.0000000000
----------------------------------------------
cycle 3: E = -3100.8875949  dE = 0.00930836  norm(grad) = 0.110656

Geometry optimization cycle 4
Cartesian coordinates (Angstrom)
 Atom        New coordinates             dX        dY        dZ
   C  -7.244914   4.894270   0.000000   -0.049249  0.019831  0.000000
   C  -7.317256   0.680809   0.000000   -0.007991  0.009026  0.000000
   C  -6.058148   2.796687   0.000000   -0.011997  0.011512  0.000000
   C  -4.857615   4.925079   0.000000    0.000798  0.009296 -0.000000
   C  -7.278701  -3.565867   0.000000   -0.007208 -0.019192  0.000000
   C  -6.088927  -1.420973   0.000000   -0.008585 -0.001788  0.000000
   C  -4.868333   0.689655   0.000000   -0.004094  0.001331  0.000000
   C  -3.656812   2.820491   0.000000   -0.001890  0.007180  0.000000
   C  -2.425146   4.945892   0.000000    0.002132  0.012026 -0.000000
   C  -6.069385  -5.616172   0.000000   -0.014549 -0.003626  0.000000
   N  -4.876766  -3.500629   0.000000   -0.005060 -0.007363  0.000000
   N  -3.662071  -1.406799   0.000000   -0.001028 -0.003729  0.000000
   C  -2.449591   0.692932   0.000000   -0.000103  0.002236  0.000000
   C  -1.218553   2.802357   0.000000    0.001713  0.006334  0.000000
   C   0.009289   4.945460   0.000000    0.002830  0.006614  0.000000
   C  -3.663343  -5.560705   0.000000   -0.002399 -0.015465  0.000000
   N  -2.451307  -3.490123   0.000000    0.000657 -0.008307  0.000000
   C  -1.241485  -1.414060   0.000000    0.005697 -0.002688  0.000000
   C   0.012138   0.696359   0.000000    0.001315  0.000463  0.000000
   C   1.227033   2.814777   0.000000    0.004191  0.003979  0.000000
   C   2.448969   4.945345   0.000000    0.005373  0.006201  0.000000
   C  -1.263199  -5.586544  -0.000000    0.004892 -0.012671 -0.000000
   C  -0.032585  -3.520433   0.000000    0.008721 -0.006410  0.000000
   C   1.213920  -1.409928   0.000000    0.008035 -0.004634  0.000000
   C   2.465352   0.698385   0.000000    0.002719 -0.000866  0.000000
   C   3.685676   2.817105   0.000000    0.007168  0.007010  0.000000
   C   4.880546   4.966828  -0.000000    0.007859  0.011155  0.000000
   C   1.184983  -5.624485   0.000000    0.003754 -0.013522 -0.000000
   C   2.418245  -3.529524   0.000000    0.014102 -0.005969  0.000000
   C   3.661960  -1.403124   0.000000    0.012810 -0.006948  0.000000
   N   4.889968   0.704334   0.000000    0.005200  0.001930  0.000000
   C   6.125469   2.837292   0.000000    0.012389  0.008089  0.000000
   C   7.298723   4.962777  -0.000000   -0.002327  0.004734  0.000000
   C   3.640263  -5.640031   0.000000   -0.004946 -0.013410 -0.000000
   C   4.863638  -3.531827   0.000000    0.024352 -0.009402 -0.000000
   C   6.106452  -1.410389   0.000000    0.017338  0.000609  0.000000
   C   7.288029   0.672119   0.000000    0.006505  0.004408  0.000000
   C   6.098609  -5.619055   0.000000   -0.021055 -0.048561 -0.000000
   C   7.278663  -3.590213   0.000000    0.039039  0.024557 -0.000000
   N  -7.217402   3.537622   0.000000   -0.018704  0.016144  0.000000
   C  -6.119396   5.614630   0.000000   -0.017570 -0.017538 -0.000000
   C  -7.293194  -0.666724   0.000000   -0.005869  0.006460  0.000000
   C  -6.098308   1.430508   0.000000   -0.004994  0.004014  0.000000
   N  -4.868335   3.517808   0.000000   -0.005163  0.009280  0.000000
   C  -3.690846   5.598572   0.000000    0.004516  0.018471 -0.000000
   C  -7.263736  -4.949484   0.000000   -0.025553 -0.020972  0.000000
   C  -6.106404  -2.825637   0.000000   -0.009267 -0.006530  0.000000
   C  -4.872795  -0.703369   0.000000   -0.004599 -0.001724  0.000000
   C  -3.664088   1.413539   0.000000   -0.001503  0.003034  0.000000
   C  -2.448027   3.514816   0.000000    0.000724  0.008353  0.000000
   C  -1.240147   5.619124   0.000000    0.005610  0.012675 -0.000000
   C  -4.864866  -4.905770   0.000000   -0.004661 -0.010349  0.000000
   C  -3.672562  -2.799301   0.000000   -0.001585 -0.005219  0.000000
   C  -2.461080  -0.707486   0.000000    0.001589 -0.001574  0.000000
   C  -1.211430   1.394793   0.000000    0.000207  0.004039  0.000000
   C   0.003401   3.511844   0.000000    0.003586  0.005252  0.000000
   C   1.210596   5.616510   0.000000    0.004462  0.006532  0.000000
   C  -2.445774  -4.900449   0.000000    0.000060 -0.011498  0.000000
   C  -1.239529  -2.819293   0.000000    0.004964 -0.005206  0.000000
   C  -0.006107  -0.713818   0.000000    0.006219 -0.002587  0.000000
   C   1.237446   1.402794   0.000000    0.001927  0.001722  0.000000
   C   2.458959   3.513221   0.000000    0.005309  0.005527  0.000000
   C   3.655892   5.631621  -0.000000    0.005269  0.008170  0.000000
   C  -0.020643  -4.947723   0.000000    0.004701 -0.009329 -0.000000
   C   1.205963  -2.822461   0.000000    0.010964 -0.006327  0.000000
   C   2.442341  -0.707467   0.000000    0.010258 -0.004801  0.000000
   C   3.691748   1.393463   0.000000    0.002507  0.004201  0.000000
   C   4.898448   3.539305   0.000000    0.009908  0.008820  0.000000
   C   6.116724   5.652592  -0.000000    0.004000  0.018615  0.000000
   C   2.412748  -4.958126   0.000000    0.000685 -0.006986 -0.000000
   C   3.655151  -2.824294   0.000000    0.018862 -0.009759  0.000000
   C   4.890828  -0.697168   0.000000    0.013182 -0.002240  0.000000
   C   6.103669   1.400747   0.000000    0.005192  0.006880  0.000000
   C   7.313411   3.569304   0.000000    0.015850  0.003765  0.000000
   C   4.848437  -4.967885   0.000000   -0.001994 -0.016941 -0.000000
   C   6.093788  -2.835853   0.000000    0.026507  0.000005  0.000000
   C   7.312782  -0.683382   0.000000    0.016803  0.002529  0.000000
   N   7.240178  -4.921583   0.000000   -0.049603  0.016092 -0.000000
   H   8.239711   5.500283  -0.000000   -0.002600  0.005728  0.000000
   H   8.271803   3.076406   0.000000    0.019487  0.006896  0.000000
   H   8.216516   1.216942   0.000000    0.005673  0.008174  0.000000
   H   8.266964  -1.184727   0.000000    0.019331  0.004048  0.000000
   H   8.266973  -3.167505   0.000000    0.048540  0.012052 -0.000000
   H   8.107971  -5.421792   0.000000   -0.044605  0.004467 -0.000000
   H  -8.229040   5.338262   0.000000   -0.048368  0.028994  0.000000
   H  -8.070251   3.027171   0.000000   -0.026253  0.001972  0.000000
   H  -8.285525   1.162080   0.000000   -0.007831  0.012682  0.000000
   H  -8.238486  -1.185074   0.000000   -0.007901  0.008147  0.000000
   H  -8.217927  -3.042992   0.000000   -0.007578 -0.018353  0.000000
   H  -8.196401  -5.497067   0.000000   -0.026759 -0.022630  0.000000
   H  -6.133821   6.691812   0.000000   -0.009063 -0.017138 -0.000000
   H  -3.739126   6.679254   0.000000    0.007201  0.019790 -0.000000
   H  -1.249484   6.702754   0.000000    0.010078  0.013895 -0.000000
   H   1.208261   6.700333   0.000000    0.005568  0.007531 -0.000000
   H   3.645476   6.715154  -0.000000    0.003359  0.009154  0.000000
   H   6.110015   6.734949  -0.000000    0.006036  0.020208  0.000000
   H  -6.004278  -6.694045   0.000000   -0.011854 -0.004119  0.000000
   H  -3.661693  -6.638298   0.000000   -0.002522 -0.017094 -0.000000
   H  -1.322652  -6.666204  -0.000000    0.007540 -0.013965 -0.000000
   H   1.175799  -6.707896   0.000000    0.004931 -0.014823 -0.000000
   H   3.637080  -6.722953   0.000000   -0.011133 -0.014712 -0.000000
   H   6.196505  -6.692421   0.000000   -0.014224 -0.051265 -0.000000
converged SCF energy = -3100.9023329909
--------------- ROKS_Scanner gradients ---------------
         x                y                z
0 C     0.0067633921    -0.0042102945    -0.0000000000
1 C     0.0015066725    -0.0004493534     0.0000000000
2 C     0.0004364381    -0.0008428200    -0.0000000000
3 C    -0.0006862329    -0.0000576982     0.0000000000
4 C    -0.0019086195     0.0013852187    -0.0000000000
5 C    -0.0000222835     0.0023903557     0.0000000000
6 C    -0.0002099346     0.0025100243    -0.0000000000
7 C    -0.0020643632    -0.0017887860     0.0000000000
8 C    -0.0010938323    -0.0003401325    -0.0000000000
9 C     0.0019295438    -0.0025347803    -0.0000000000
10 N    -0.0011936875     0.0024098339    -0.0000000000
11 N    -0.0015877697     0.0042092458    -0.0000000000
12 C    -0.0001856681    -0.0008657045     0.0000000000
13 C    -0.0001365912    -0.0003558300     0.0000000000
14 C    -0.0002039662     0.0006534141    -0.0000000000
15 C     0.0009420962     0.0000602689    -0.0000000000
16 N     0.0009858728     0.0035219999     0.0000000000
17 C    -0.0022925506     0.0017929949     0.0000000000
18 C    -0.0007751797     0.0000133717     0.0000000000
19 C     0.0000178259     0.0000304784     0.0000000000
20 C    -0.0014993710     0.0007353033    -0.0000000000
21 C    -0.0016118151    -0.0001914955    -0.0000000000
22 C     0.0005475171     0.0007854597    -0.0000000000
23 C     0.0007509981     0.0009415804    -0.0000000000
24 C     0.0003317394     0.0007423911    -0.0000000000
25 C    -0.0003090906    -0.0007955720     0.0000000000
26 C    -0.0020537747     0.0005803448     0.0000000000
27 C    -0.0014138418     0.0019500380     0.0000000000
28 C     0.0001303290     0.0011947285    -0.0000000000
29 C    -0.0003081299     0.0008617403    -0.0000000000
30 N    -0.0001703761     0.0001378018     0.0000000000
31 C    -0.0017623027    -0.0009481727     0.0000000000
32 C     0.0032013986     0.0020386485     0.0000000000
33 C    -0.0012556650     0.0027098430    -0.0000000000
34 C    -0.0016481700     0.0004784807    -0.0000000000
35 C    -0.0014182398    -0.0003900161    -0.0000000000
36 C     0.0019046181     0.0022128701     0.0000000000
37 C     0.0008715254     0.0113111834    -0.0000000000
38 C    -0.0099479895    -0.0053315325     0.0000000000
39 N    -0.0046871864    -0.0008660186     0.0000000000
40 C    -0.0009418765     0.0057236900     0.0000000000
41 C    -0.0005705318    -0.0006013978    -0.0000000000
42 C    -0.0002354423     0.0009799119     0.0000000000
43 N    -0.0009328783    -0.0009130476    -0.0000000000
44 C    -0.0017958732    -0.0005715948    -0.0000000000
45 C     0.0031771802     0.0026159370     0.0000000000
46 C     0.0011536062    -0.0037678847    -0.0000000000
47 C     0.0017546022    -0.0025325180     0.0000000000
48 C    -0.0002536658     0.0001219861    -0.0000000000
49 C     0.0011281656     0.0010764690    -0.0000000000
50 C    -0.0002074490    -0.0020104902     0.0000000000
51 C    -0.0011211564    -0.0000902843    -0.0000000000
52 C     0.0003609066    -0.0051660585     0.0000000000
53 C     0.0017045069    -0.0012725882    -0.0000000000
54 C     0.0008053210    -0.0008271697    -0.0000000000
55 C    -0.0003366026     0.0000933504    -0.0000000000
56 C     0.0011507026    -0.0002386018    -0.0000000000
57 C    -0.0000920525    -0.0010148471     0.0000000000
58 C    -0.0019570500    -0.0029229364    -0.0000000000
59 C     0.0008909918     0.0003931403    -0.0000000000
60 C     0.0006394591     0.0000857789    -0.0000000000
61 C     0.0006091885    -0.0004972893     0.0000000000
62 C     0.0003310416     0.0000059668    -0.0000000000
63 C    -0.0018704753     0.0004096730    -0.0000000000
64 C     0.0003045692    -0.0005802306     0.0000000000
65 C    -0.0003619620    -0.0004182534     0.0000000000
66 C     0.0013190077    -0.0011208420     0.0000000000
67 C     0.0009609952    -0.0003938075    -0.0000000000
68 C     0.0000949465    -0.0030042666    -0.0000000000
69 C    -0.0004272085    -0.0017056105    -0.0000000000
70 C     0.0011219435    -0.0010365527     0.0000000000
71 C    -0.0008054441     0.0012781570     0.0000000000
72 C     0.0018673952    -0.0034418253    -0.0000000000
73 C    -0.0025291418     0.0013045187    -0.0000000000
74 C    -0.0004926970    -0.0029634636     0.0000000000
75 C     0.0019709008     0.0015538566     0.0000000000
76 C    -0.0036263841    -0.0000511752    -0.0000000000
77 N     0.0156416642    -0.0090680674     0.0000000000
78 H    -0.0001242882     0.0000573249     0.0000000000
79 H    -0.0011701883     0.0007422834     0.0000000000
80 H    -0.0004084018    -0.0005699012    -0.0000000000
81 H    -0.0007384663     0.0013003539     0.0000000000
82 H    -0.0006980536    -0.0023345384    -0.0000000000
83 H    -0.0040975333     0.0026608273    -0.0000000000
84 H     0.0011740081    -0.0005654959    -0.0000000000
85 H     0.0058470846     0.0029482507    -0.0000000000
86 H     0.0007349996    -0.0012466731    -0.0000000000
87 H     0.0006520493     0.0007185967     0.0000000000
88 H     0.0008511577    -0.0003026203     0.0000000000
89 H     0.0010169366     0.0004731369    -0.0000000000
90 H    -0.0005512128    -0.0002435163    -0.0000000000
91 H    -0.0007555324    -0.0003281266    -0.0000000000
92 H    -0.0006338250    -0.0006578274    -0.0000000000
93 H    -0.0003865994    -0.0005013730     0.0000000000
94 H    -0.0001470052    -0.0005145116     0.0000000000
95 H     0.0002106391    -0.0008902522    -0.0000000000
96 H     0.0001880977     0.0003383739     0.0000000000
97 H    -0.0000852260     0.0006052614     0.0000000000
98 H    -0.0002912281     0.0002451913     0.0000000000
99 H    -0.0001463288     0.0006887922    -0.0000000000
100 H     0.0002719871     0.0009269075     0.0000000000
101 H     0.0009442405     0.0013778536    -0.0000000000
----------------------------------------------
cycle 4: E = -3100.90233299  dE = -0.0147381  norm(grad) = 0.0336792

Geometry optimization cycle 5
Cartesian coordinates (Angstrom)
 Atom        New coordinates             dX        dY        dZ
   C  -7.267403   4.877863   0.000000   -0.022489 -0.016407  0.000000
   C  -7.328003   0.682934   0.000000   -0.010747  0.002125  0.000000
   C  -6.064171   2.794388   0.000000   -0.006023 -0.002299  0.000000
   C  -4.859711   4.919635   0.000000   -0.002095 -0.005444  0.000000
   C  -7.289419  -3.562864   0.000000   -0.010718  0.003003  0.000000
   C  -6.096380  -1.420550   0.000000   -0.007453  0.000423  0.000000
   C  -4.871758   0.688105   0.000000   -0.003426 -0.001549  0.000000
   C  -3.653328   2.823654   0.000000    0.003483  0.003162  0.000000
   C  -2.416966   4.953992   0.000000    0.008180  0.008099  0.000000
   C  -6.088957  -5.605319   0.000000   -0.019571  0.010853  0.000000
   N  -4.881716  -3.499800   0.000000   -0.004950  0.000829  0.000000
   N  -3.663950  -1.408568   0.000000   -0.001879 -0.001770  0.000000
   C  -2.450014   0.695007   0.000000   -0.000423  0.002074  0.000000
   C  -1.215313   2.807023   0.000000    0.003240  0.004666  0.000000
   C   0.015691   4.950847   0.000000    0.006402  0.005387  0.000000
   C  -3.670666  -5.561182   0.000000   -0.007322 -0.000477  0.000000
   N  -2.453658  -3.495159   0.000000   -0.002350 -0.005036  0.000000
   C  -1.240181  -1.417808   0.000000    0.001303 -0.003747 -0.000000
   C   0.012478   0.696561   0.000000    0.000340  0.000203  0.000000
   C   1.232013   2.817733   0.000000    0.004980  0.002957  0.000000
   C   2.459722   4.949731   0.000000    0.010753  0.004387  0.000000
   C  -1.257133  -5.588091   0.000000    0.006066 -0.001547  0.000000
   C  -0.030291  -3.529491   0.000000    0.002294 -0.009059 -0.000000
   C   1.215279  -1.413864   0.000000    0.001358 -0.003935  0.000000
   C   2.465626   0.698753   0.000000    0.000274  0.000367  0.000000
   C   3.693911   2.824297   0.000000    0.008235  0.007192  0.000000
   C   4.895490   4.974759   0.000000    0.014944  0.007931  0.000000
   C   1.197770  -5.639297  -0.000000    0.012787 -0.014812 -0.000000
   C   2.420580  -3.537054   0.000000    0.002335 -0.007530 -0.000000
   C   3.667676  -1.403434   0.000000    0.005716 -0.000311  0.000000
   N   4.888988   0.707574   0.000000   -0.000980  0.003240  0.000000
   C   6.138479   2.842118   0.000000    0.013010  0.004826  0.000000
   C   7.302221   4.956831   0.000000    0.003498 -0.005946  0.000000
   C   3.648184  -5.653105   0.000000    0.007921 -0.013074 -0.000000
   C   4.866417  -3.532736   0.000000    0.002779 -0.000909  0.000000
   C   6.118664  -1.404298   0.000000    0.012212  0.006091  0.000000
   C   7.282928   0.669189   0.000000   -0.005101 -0.002930  0.000000
   C   6.095582  -5.628539   0.000000   -0.003027 -0.009484  0.000000
   C   7.282716  -3.575236   0.000000    0.004054  0.014977  0.000000
   N  -7.238900   3.516706   0.000000   -0.021498 -0.020916  0.000000
   C  -6.132260   5.589909   0.000000   -0.012864 -0.024721  0.000000
   C  -7.302014  -0.666509   0.000000   -0.008820  0.000215  0.000000
   C  -6.104451   1.426849   0.000000   -0.006143 -0.003659  0.000000
   N  -4.869591   3.515136   0.000000   -0.001255 -0.002672  0.000000
   C  -3.689623   5.596317   0.000000    0.001224 -0.002255  0.000000
   C  -7.289771  -4.948185   0.000000   -0.026035  0.001300  0.000000
   C  -6.114427  -2.823585   0.000000   -0.008023  0.002052  0.000000
   C  -4.878278  -0.703696   0.000000   -0.005482 -0.000327  0.000000
   C  -3.665616   1.414729   0.000000   -0.001528  0.001190  0.000000
   C  -2.445103   3.520394   0.000000    0.002924  0.005578  0.000000
   C  -1.231025   5.631885   0.000000    0.009122  0.012760  0.000000
   C  -4.874395  -4.904681   0.000000   -0.009528  0.001090  0.000000
   C  -3.675061  -2.798225   0.000000   -0.002499  0.001076  0.000000
   C  -2.462382  -0.707500   0.000000   -0.001302 -0.000015  0.000000
   C  -1.211586   1.398008   0.000000   -0.000155  0.003216  0.000000
   C   0.008165   3.515968   0.000000    0.004764  0.004124  0.000000
   C   1.219375   5.620008   0.000000    0.008779  0.003499  0.000000
   C  -2.446163  -4.905499   0.000000   -0.000389 -0.005050  0.000000
   C  -1.237062  -2.823470   0.000000    0.002468 -0.004177  0.000000
   C  -0.005771  -0.716000   0.000000    0.000337 -0.002182  0.000000
   C   1.237675   1.404012   0.000000    0.000229  0.001218  0.000000
   C   2.465077   3.517862   0.000000    0.006118  0.004640  0.000000
   C   3.667714   5.635871   0.000000    0.011822  0.004250  0.000000
   C  -0.008173  -4.958800   0.000000    0.012470 -0.011078  0.000000
   C   1.207073  -2.828005  -0.000000    0.001109 -0.005544 -0.000000
   C   2.445292  -0.708809   0.000000    0.002951 -0.001342 -0.000000
   C   3.690459   1.399110   0.000000   -0.001289  0.005647  0.000000
   C   4.909989   3.546205   0.000000    0.011541  0.006900  0.000000
   C   6.129643   5.664548   0.000000    0.012919  0.011956  0.000000
   C   2.422261  -4.967219   0.000000    0.009513 -0.009093 -0.000000
   C   3.655153  -2.825496   0.000000    0.000002 -0.001201 -0.000000
   C   4.898474  -0.695867   0.000000    0.007646  0.001302 -0.000000
   C   6.101313   1.406570   0.000000   -0.002356  0.005823  0.000000
   C   7.333705   3.563102   0.000000    0.020294 -0.006202  0.000000
   C   4.849279  -4.970587   0.000000    0.000841 -0.002702 -0.000000
   C   6.092780  -2.828493   0.000000   -0.001008  0.007360  0.000000
   C   7.332809  -0.686167   0.000000    0.020027 -0.002785  0.000000
   N   7.224567  -4.908334   0.000000   -0.015612  0.013249  0.000000
   H   8.244779   5.492595   0.000000    0.005068 -0.007688  0.000000
   H   8.294341   3.070241   0.000000    0.022537 -0.006165  0.000000
   H   8.208273   1.221599   0.000000   -0.008243  0.004657  0.000000
   H   8.289022  -1.187833   0.000000    0.022057 -0.003106  0.000000
   H   8.271279  -3.150041   0.000000    0.004306  0.017464  0.000000
   H   8.099566  -5.411966   0.000000   -0.008404  0.009826  0.000000
   H  -8.250452   5.327270   0.000000   -0.021412 -0.010992  0.000000
   H  -8.095394   2.995230   0.000000   -0.025144 -0.031941  0.000000
   H  -8.294550   1.171580   0.000000   -0.009025  0.009501  0.000000
   H  -8.246834  -1.189391   0.000000   -0.008348 -0.004317  0.000000
   H  -8.226903  -3.032801   0.000000   -0.008976  0.010190  0.000000
   H  -8.224788  -5.494527   0.000000   -0.028387  0.002540  0.000000
   H  -6.145688   6.668275   0.000000   -0.011868 -0.023537  0.000000
   H  -3.738143   6.677437   0.000000    0.000983 -0.001817  0.000000
   H  -1.234436   6.716563   0.000000    0.015048  0.013809  0.000000
   H   1.220162   6.704694   0.000000    0.011901  0.004360  0.000000
   H   3.656731   6.720286   0.000000    0.011255  0.005132  0.000000
   H   6.128325   6.748122   0.000000    0.018310  0.013174  0.000000
   H  -6.025577  -6.684222   0.000000   -0.021298  0.009823  0.000000
   H  -3.671513  -6.639782   0.000000   -0.009820 -0.001484  0.000000
   H  -1.316059  -6.668184   0.000000    0.006593 -0.001980  0.000000
   H   1.191369  -6.723743  -0.000000    0.015570 -0.015847 -0.000000
   H   3.647293  -6.737502   0.000000    0.010213 -0.014549 -0.000000
   H   6.199018  -6.702375   0.000000    0.002513 -0.009954  0.000000
converged SCF energy = -3100.90329243464
