1721702806.6435225

Geometry optimization cycle 1
Cartesian coordinates (Angstrom)
 Atom        New coordinates             dX        dY        dZ
   C  -7.338226   5.042760   0.000000    0.000000  0.000000  0.000000
   C  -7.365228   0.691139   0.000000    0.000000  0.000000  0.000000
   C  -6.173642   2.889413   0.000000    0.000000  0.000000  0.000000
   C  -4.910090   5.019617   0.000000    0.000000  0.000000  0.000000
   C  -7.358051  -3.642635   0.000000    0.000000  0.000000  0.000000
   C  -6.173475  -1.431785   0.000000    0.000000  0.000000  0.000000
   C  -4.940069   0.716689   0.000000    0.000000  0.000000  0.000000
   C  -3.694845   2.860312   0.000000    0.000000  0.000000  0.000000
   C  -2.457224   5.005715   0.000000    0.000000  0.000000  0.000000
   C  -6.138515  -5.727246   0.000000    0.000000  0.000000  0.000000
   C  -4.928214  -3.580071   0.000000    0.000000  0.000000  0.000000
   C  -3.698169  -1.425571   0.000000    0.000000  0.000000  0.000000
   C  -2.471779   0.716540   0.000000    0.000000  0.000000  0.000000
   C  -1.230705   2.851907   0.000000    0.000000 -0.000000  0.000000
   C   0.000000   5.003169   0.000000    0.000000  0.000000  0.000000
   C  -3.678966  -5.694052   0.000000    0.000000  0.000000  0.000000
   C  -2.466015  -3.560923   0.000000    0.000000  0.000000  0.000000
   C  -1.232423  -1.423207   0.000000    0.000000  0.000000  0.000000
   C   0.000000   0.715809   0.000000    0.000000  0.000000  0.000000
   N   1.230705   2.851907   0.000000    0.000000 -0.000000  0.000000
   C   2.457224   5.005715   0.000000    0.000000  0.000000  0.000000
   C  -1.226334  -5.685080   0.000000    0.000000  0.000000  0.000000
   C   0.000000  -3.557079   0.000000    0.000000  0.000000  0.000000
   C   1.232423  -1.423207   0.000000    0.000000  0.000000  0.000000
   C   2.471779   0.716540   0.000000    0.000000  0.000000  0.000000
   C   3.694845   2.860312   0.000000    0.000000  0.000000  0.000000
   C   4.910090   5.019617   0.000000    0.000000  0.000000  0.000000
   C   1.226334  -5.685080   0.000000    0.000000  0.000000  0.000000
   C   2.466015  -3.560923   0.000000    0.000000  0.000000  0.000000
   C   3.698169  -1.425571   0.000000    0.000000  0.000000  0.000000
   C   4.940069   0.716689   0.000000    0.000000  0.000000  0.000000
   N   6.173642   2.889413   0.000000    0.000000  0.000000  0.000000
   C   7.338226   5.042760   0.000000    0.000000  0.000000  0.000000
   N   3.678966  -5.694052   0.000000    0.000000  0.000000  0.000000
   C   4.928214  -3.580071   0.000000    0.000000  0.000000  0.000000
   C   6.173475  -1.431785   0.000000   -0.000000  0.000000  0.000000
   C   7.365228   0.691139   0.000000    0.000000  0.000000  0.000000
   C   6.138515  -5.727246   0.000000    0.000000  0.000000  0.000000
   C   7.358051  -3.642635   0.000000   -0.000000  0.000000  0.000000
   C  -7.358051   3.642635   0.000000    0.000000  0.000000  0.000000
   C  -6.138515   5.727246   0.000000    0.000000  0.000000  0.000000
   N  -7.365228  -0.691139   0.000000    0.000000  0.000000  0.000000
   N  -6.173475   1.431785   0.000000    0.000000  0.000000  0.000000
   C  -4.928214   3.580071   0.000000    0.000000 -0.000000  0.000000
   C  -3.678966   5.694052   0.000000    0.000000  0.000000  0.000000
   C  -7.338226  -5.042760   0.000000    0.000000  0.000000  0.000000
   C  -6.173642  -2.889413   0.000000    0.000000  0.000000  0.000000
   C  -4.940069  -0.716689   0.000000    0.000000  0.000000  0.000000
   C  -3.698169   1.425571   0.000000    0.000000  0.000000  0.000000
   C  -2.466015   3.560923   0.000000    0.000000 -0.000000  0.000000
   N  -1.226334   5.685080   0.000000    0.000000  0.000000  0.000000
   N  -4.910090  -5.019617   0.000000    0.000000  0.000000  0.000000
   C  -3.694845  -2.860312   0.000000    0.000000  0.000000  0.000000
   C  -2.471779  -0.716540   0.000000    0.000000  0.000000  0.000000
   C  -1.232423   1.423207   0.000000    0.000000  0.000000  0.000000
   C   0.000000   3.557079   0.000000    0.000000  0.000000  0.000000
   C   1.226334   5.685080   0.000000    0.000000  0.000000  0.000000
   C  -2.457224  -5.005715   0.000000    0.000000  0.000000  0.000000
   C  -1.230705  -2.851907   0.000000    0.000000  0.000000  0.000000
   C   0.000000  -0.715809   0.000000    0.000000  0.000000  0.000000
   C   1.232423   1.423207   0.000000    0.000000  0.000000  0.000000
   N   2.466015   3.560923   0.000000    0.000000 -0.000000  0.000000
   N   3.678966   5.694052   0.000000    0.000000  0.000000  0.000000
   C   0.000000  -5.003169   0.000000    0.000000  0.000000  0.000000
   C   1.230705  -2.851907   0.000000    0.000000  0.000000  0.000000
   C   2.471779  -0.716540   0.000000    0.000000  0.000000  0.000000
   C   3.698169   1.425571   0.000000    0.000000  0.000000  0.000000
   C   4.928214   3.580071   0.000000    0.000000 -0.000000  0.000000
   C   6.138515   5.727246   0.000000    0.000000  0.000000  0.000000
   C   2.457224  -5.005715   0.000000    0.000000  0.000000  0.000000
   C   3.694845  -2.860312   0.000000    0.000000  0.000000  0.000000
   C   4.940069  -0.716689   0.000000    0.000000  0.000000  0.000000
   C   6.173475   1.431785   0.000000   -0.000000  0.000000  0.000000
   C   7.358051   3.642635   0.000000   -0.000000  0.000000  0.000000
   C   4.910090  -5.019617   0.000000    0.000000  0.000000  0.000000
   C   6.173642  -2.889413   0.000000    0.000000  0.000000  0.000000
   C   7.365228  -0.691139   0.000000    0.000000  0.000000  0.000000
   C   7.338226  -5.042760   0.000000    0.000000  0.000000  0.000000
   H   8.282184   5.591425   0.000000    0.000000 -0.000000  0.000000
   H   8.325741   3.141106   0.000000    0.000000  0.000000  0.000000
   H   8.326715   1.204661   0.000000    0.000000  0.000000  0.000000
   H   8.326715  -1.204661   0.000000    0.000000  0.000000  0.000000
   H   8.325741  -3.141106   0.000000    0.000000  0.000000  0.000000
   H   8.282184  -5.591425   0.000000    0.000000  0.000000  0.000000
   H  -8.282184   5.591425   0.000000    0.000000 -0.000000  0.000000
   H  -8.325741   3.141106   0.000000    0.000000  0.000000  0.000000
   H  -8.326715   1.204661   0.000000    0.000000  0.000000  0.000000
   H  -8.326715  -1.204661   0.000000    0.000000  0.000000  0.000000
   H  -8.325741  -3.141106   0.000000    0.000000  0.000000  0.000000
   H  -8.282184  -5.591425   0.000000    0.000000  0.000000  0.000000
   H  -6.116625   6.819427   0.000000    0.000000  0.000000  0.000000
   H  -3.672757   6.787431   0.000000    0.000000  0.000000  0.000000
   H  -1.225580   6.778408   0.000000    0.000000 -0.000000  0.000000
   H   1.225580   6.778408   0.000000    0.000000 -0.000000  0.000000
   H   3.672757   6.787431   0.000000    0.000000  0.000000  0.000000
   H   6.116625   6.819427   0.000000   -0.000000  0.000000  0.000000
   H  -6.116625  -6.819427   0.000000    0.000000  0.000000  0.000000
   H  -3.672757  -6.787431   0.000000    0.000000  0.000000  0.000000
   H  -1.225580  -6.778408   0.000000    0.000000  0.000000  0.000000
   H   1.225580  -6.778408   0.000000    0.000000  0.000000  0.000000
   H   3.672757  -6.787431   0.000000    0.000000  0.000000  0.000000
   H   6.116625  -6.819427   0.000000   -0.000000  0.000000  0.000000
converged SCF energy = -3134.07760077372
--------------- ROKS_Scanner gradients ---------------
         x                y                z
0 C    -0.0097364736     0.0009452303     0.0000000000
1 C    -0.0014949536    -0.0102637181     0.0000000000
2 C     0.0035191172     0.0152466765     0.0000000000
3 C     0.0082424798     0.0089859791     0.0000000000
4 C     0.0190282020     0.0184271448    -0.0000000000
5 C    -0.0092175046     0.0267424251    -0.0000000000
6 C    -0.0126870416    -0.0187942654    -0.0000000000
7 C    -0.0053652536    -0.0072272053     0.0000000000
8 C     0.0060277682    -0.0112949557     0.0000000000
9 C    -0.0144325166    -0.0070843473    -0.0000000000
10 C    -0.0092594661     0.0135362786    -0.0000000000
11 C     0.0083927910     0.0003288619    -0.0000000000
12 C    -0.0125832104     0.0103705896    -0.0000000000
13 C    -0.0124441506     0.0212479487    -0.0000000000
14 C     0.0186888939     0.0561235984    -0.0000000000
15 C     0.0258654781    -0.0182374772    -0.0000000000
16 C    -0.0098398093     0.0067776030    -0.0000000000
17 C    -0.0046212109    -0.0018916023    -0.0000000000
18 C    -0.0272604619    -0.0113128656    -0.0000000000
19 N     0.0221406378     0.0190462106    -0.0000000000
20 C     0.0466300746    -0.0030468528    -0.0000000000
21 C    -0.0021096423    -0.0019328998     0.0000000000
22 C    -0.0020706414     0.0054686048    -0.0000000000
23 C    -0.0059383731     0.0025642551     0.0000000000
24 C     0.0116901490    -0.0012389696    -0.0000000000
25 C    -0.0081040864    -0.0021638271     0.0000000000
26 C    -0.0280292372    -0.0194670968     0.0000000000
27 C    -0.0344898781    -0.0018984626     0.0000000000
28 C    -0.0060247516     0.0064572219     0.0000000000
29 C    -0.0028500637     0.0111710759    -0.0000000000
30 C     0.0039792172    -0.0182804634    -0.0000000000
31 N     0.0121814633     0.0073867572     0.0000000000
32 C    -0.0160016734     0.0520601859    -0.0000000000
33 N    -0.0026277157     0.0234642410     0.0000000000
34 C    -0.0050676530     0.0138679660    -0.0000000000
35 C     0.0014338902    -0.0044103946    -0.0000000000
36 C    -0.0010618808    -0.0144056286    -0.0000000000
37 C     0.0259627423    -0.0001602356    -0.0000000000
38 C    -0.0046492631     0.0098437029    -0.0000000000
39 C     0.0038651671     0.0147911852    -0.0000000000
40 C     0.0018217702     0.0015331914    -0.0000000000
41 N     0.0264039454     0.0191024173     0.0000000000
42 N    -0.0011152385    -0.0011695778    -0.0000000000
43 C     0.0003584994     0.0041414011    -0.0000000000
44 C    -0.0254508429     0.0021070142     0.0000000000
45 C    -0.0068696859    -0.0238394364     0.0000000000
46 C     0.0004812820    -0.0321650217     0.0000000000
47 C     0.0153187572     0.0014314844     0.0000000000
48 C     0.0302570638     0.0024861826     0.0000000000
49 C    -0.0008195952    -0.0128822361     0.0000000000
50 N     0.0076832951    -0.0254578820     0.0000000000
51 N    -0.0098894808     0.0037610340     0.0000000000
52 C     0.0061521670     0.0057058399     0.0000000000
53 C    -0.0004625054    -0.0078508413     0.0000000000
54 C     0.0207068652    -0.0152151298     0.0000000000
55 C     0.0002701377    -0.0550498086     0.0000000000
56 C    -0.0480041004     0.0019676264     0.0000000000
57 C    -0.0007442764    -0.0123496372    -0.0000000000
58 C     0.0031253004     0.0009832444     0.0000000000
59 C     0.0004169194     0.0018248607     0.0000000000
60 C    -0.0005517110     0.0031839939     0.0000000000
61 N    -0.0425679771    -0.0347135227    -0.0000000000
62 N    -0.0024595384    -0.0060209457    -0.0000000000
63 C     0.0132726098    -0.0081118778    -0.0000000000
64 C     0.0011558301     0.0039091208    -0.0000000000
65 C     0.0118322099    -0.0062385593    -0.0000000000
66 C    -0.0046540271    -0.0062232159     0.0000000000
67 C     0.0209008637     0.0114397802    -0.0000000000
68 C     0.0545400095    -0.0044393242     0.0000000000
69 C     0.0168672952     0.0115951640    -0.0000000000
70 C     0.0085588825    -0.0137066681     0.0000000000
71 C    -0.0079055961     0.0037648981     0.0000000000
72 C    -0.0051266881    -0.0094883049     0.0000000000
73 C    -0.0011065652    -0.0302353248     0.0000000000
74 C    -0.0057059316     0.0030015629    -0.0000000000
75 C     0.0035399957     0.0064322864     0.0000000000
76 C     0.0028602170     0.0031431220     0.0000000000
77 C    -0.0027770990    -0.0183185178     0.0000000000
78 H     0.0051219211     0.0066782160     0.0000000000
79 H     0.0130092076     0.0024087836    -0.0000000000
80 H     0.0054041417     0.0036318690     0.0000000000
81 H     0.0056812680    -0.0040796208    -0.0000000000
82 H     0.0056602333     0.0032648532     0.0000000000
83 H     0.0055375062    -0.0025792535    -0.0000000000
84 H    -0.0048432183     0.0036807439    -0.0000000000
85 H    -0.0054731713    -0.0033726188     0.0000000000
86 H    -0.0125540565     0.0051407067     0.0000000000
87 H    -0.0556253149    -0.0302652448    -0.0000000000
88 H    -0.0038663049     0.0037375556     0.0000000000
89 H    -0.0077168113    -0.0009557151    -0.0000000000
90 H     0.0003698400     0.0060610153     0.0000000000
91 H     0.0007062537     0.0056421342    -0.0000000000
92 H     0.0005370090     0.0626376721     0.0000000000
93 H    -0.0035418552     0.0066531693    -0.0000000000
94 H     0.0020017957     0.0636269670    -0.0000000000
95 H     0.0000357384     0.0058317832    -0.0000000000
96 H    -0.0085984996    -0.0099719609     0.0000000000
97 H     0.0088352332    -0.0094923327    -0.0000000000
98 H    -0.0002537505    -0.0057817162    -0.0000000000
99 H     0.0001287336    -0.0053141607    -0.0000000000
100 H    -0.0001472543    -0.0619020588     0.0000000000
101 H    -0.0004032398    -0.0051037046    -0.0000000000
----------------------------------------------
cycle 1: E = -3134.07760077  dE = -3134.08  norm(grad) = 0.244339

Geometry optimization cycle 2
Cartesian coordinates (Angstrom)
 Atom        New coordinates             dX        dY        dZ
   C  -7.282528   4.905680   0.000000    0.055697 -0.137080  0.000000
   C  -7.285768   0.743546   0.000000    0.079459  0.052407  0.000000
   C  -6.116098   2.838061   0.000000    0.057544 -0.051352  0.000000
   C  -4.871107   4.972703   0.000000    0.038983 -0.046914  0.000000
   C  -7.341544  -3.541842   0.000000    0.016507  0.100794  0.000000
   C  -6.101815  -1.388353   0.000000    0.071660  0.043432  0.000000
   C  -4.877596   0.730535  -0.000000    0.062472  0.013846 -0.000000
   C  -3.661767   2.847068  -0.000000    0.033078 -0.013244 -0.000000
   C  -2.454896   4.950712  -0.000000    0.002327 -0.055003 -0.000000
   C  -6.053014  -5.594158   0.000000    0.085501  0.133087  0.000000
   C  -4.890931  -3.491499   0.000000    0.037283  0.088571  0.000000
   C  -3.661971  -1.392314  -0.000000    0.036198  0.033257 -0.000000
   C  -2.443057   0.717081  -0.000000    0.028722  0.000541 -0.000000
   C  -1.215922   2.824462  -0.000000    0.014783 -0.027445 -0.000000
   C   0.000086   4.916429  -0.000000    0.000086 -0.086740 -0.000000
   C  -3.678918  -5.555724  -0.000000    0.000048  0.138329 -0.000000
   C  -2.429961  -3.511822  -0.000000    0.036054  0.049100 -0.000000
   C  -1.204747  -1.403358  -0.000000    0.027676  0.019849 -0.000000
   C   0.018199   0.716951  -0.000000    0.018199  0.001142 -0.000000
   N   1.198252   2.802702  -0.000000   -0.032453 -0.049205 -0.000000
   C   2.362920   4.884261  -0.000000   -0.094304 -0.121454 -0.000000
   C  -1.214395  -5.637933  -0.000000    0.011939  0.047146 -0.000000
   C   0.014329  -3.539681  -0.000000    0.014329  0.017398 -0.000000
   C   1.236562  -1.416764  -0.000000    0.004139  0.006443 -0.000000
   C   2.451338   0.703053  -0.000000   -0.020441 -0.013487 -0.000000
   C   3.647927   2.810730  -0.000000   -0.046918 -0.049582 -0.000000
   C   4.850625   4.936093   0.000000   -0.059465 -0.083524  0.000000
   C   1.252384  -5.658185  -0.000000    0.026050  0.026895 -0.000000
   C   2.464113  -3.518670  -0.000000   -0.001902  0.042253 -0.000000
   C   3.691502  -1.408540  -0.000000   -0.006667  0.017031 -0.000000
   C   4.908872   0.717861  -0.000000   -0.031197  0.001172 -0.000000
   N   6.062974   2.838640   0.000000   -0.110668 -0.050774  0.000000
   C   7.208824   4.933647   0.000000   -0.129402 -0.109113  0.000000
   N   3.652777  -5.569701  -0.000000   -0.026189  0.124351 -0.000000
   C   4.921412  -3.533359   0.000000   -0.006803  0.046712  0.000000
   C   6.164035  -1.401507   0.000000   -0.009440  0.030279  0.000000
   C   7.338081   0.736279   0.000000   -0.027147  0.045140  0.000000
   C   6.064659  -5.683396   0.000000   -0.073856  0.043850  0.000000
   C   7.340063  -3.616097   0.000000   -0.017988  0.026538  0.000000
   C  -7.329877   3.511361   0.000000    0.028175 -0.131274  0.000000
   C  -6.116200   5.633894   0.000000    0.022315 -0.093352  0.000000
   N  -7.252165  -0.622768   0.000000    0.113063  0.068371  0.000000
   N  -6.091770   1.425635   0.000000    0.081705 -0.006150  0.000000
   C  -4.892194   3.546850   0.000000    0.036021 -0.033221  0.000000
   C  -3.640459   5.660790  -0.000000    0.038507 -0.033262 -0.000000
   C  -7.249275  -4.918165   0.000000    0.088950  0.124595  0.000000
   C  -6.138158  -2.801740   0.000000    0.035484  0.087673  0.000000
   C  -4.889061  -0.688438  -0.000000    0.051008  0.028251 -0.000000
   C  -3.668967   1.425864  -0.000000    0.029202  0.000293 -0.000000
   C  -2.445013   3.532646  -0.000000    0.021002 -0.028277 -0.000000
   N  -1.224732   5.566716  -0.000000    0.001603 -0.118364 -0.000000
   N  -4.866967  -4.890907   0.000000    0.043123  0.128710  0.000000
   C  -3.654933  -2.810421  -0.000000    0.039912  0.049890 -0.000000
   C  -2.437172  -0.697414  -0.000000    0.034607  0.019125 -0.000000
   C  -1.220610   1.420056  -0.000000    0.011813 -0.003151 -0.000000
   C  -0.003501   3.530645  -0.000000   -0.003501 -0.026433 -0.000000
   C   1.223474   5.622194  -0.000000   -0.002860 -0.062886 -0.000000
   C  -2.428217  -4.934412  -0.000000    0.029007  0.071303 -0.000000
   C  -1.201920  -2.823455  -0.000000    0.028785  0.028452 -0.000000
   C   0.017407  -0.706425  -0.000000    0.017407  0.009384 -0.000000
   C   1.229609   1.399238  -0.000000   -0.002814 -0.023969 -0.000000
   N   2.438791   3.494597  -0.000000   -0.027223 -0.066326 -0.000000
   N   3.591909   5.492577  -0.000000   -0.087057 -0.201475 -0.000000
   C   0.016274  -4.976035  -0.000000    0.016274  0.027133 -0.000000
   C   1.232983  -2.833690  -0.000000    0.002278  0.018217 -0.000000
   C   2.460372  -0.712983  -0.000000   -0.011407  0.003557 -0.000000
   C   3.670928   1.402856  -0.000000   -0.027241 -0.022715 -0.000000
   C   4.842341   3.518949  -0.000000   -0.085873 -0.061122 -0.000000
   C   6.016708   5.669125   0.000000   -0.121807 -0.058121  0.000000
   C   2.429276  -4.939591  -0.000000   -0.027948  0.066124 -0.000000
   C   3.685391  -2.821152  -0.000000   -0.009454  0.039160 -0.000000
   C   4.930908  -0.706580  -0.000000   -0.009160  0.010108 -0.000000
   C   6.128477   1.424021   0.000000   -0.044998 -0.007764  0.000000
   C   7.231150   3.575071   0.000000   -0.126902 -0.067564  0.000000
   C   4.883383  -4.948722   0.000000   -0.026708  0.070895  0.000000
   C   6.165277  -2.856988   0.000000   -0.008365  0.032426  0.000000
   C   7.340040  -0.644963   0.000000   -0.025187  0.046176  0.000000
   C   7.266773  -4.998901   0.000000   -0.071453  0.043859  0.000000
   H   8.159994   5.450885   0.000000   -0.122190 -0.140540  0.000000
   H   8.171497   3.048467   0.000000   -0.154244 -0.092639  0.000000
   H   8.283731   1.263058   0.000000   -0.042984  0.058397  0.000000
   H   8.300485  -1.143107   0.000000   -0.026230  0.061555  0.000000
   H   8.312746  -3.141428   0.000000   -0.012995 -0.000322  0.000000
   H   8.192368  -5.564455   0.000000   -0.089816  0.026970  0.000000
   H  -8.227298   5.438697   0.000000    0.054886 -0.152728  0.000000
   H  -8.281679   2.995813   0.000000    0.044062 -0.145293  0.000000
   H  -8.227453   1.260585   0.000000    0.099262  0.055924  0.000000
   H  -8.150980  -1.096850   0.000000    0.175735  0.107811  0.000000
   H  -8.315989  -3.067130   0.000000    0.009751  0.073976  0.000000
   H  -8.163291  -5.499921   0.000000    0.118893  0.091504  0.000000
   H  -6.135716   6.719000   0.000000   -0.019091 -0.100427  0.000000
   H  -3.627409   6.747466   0.000000    0.045348 -0.039965  0.000000
   H  -1.215445   6.586338  -0.000000    0.010135 -0.192070 -0.000000
   H   1.267280   6.706810  -0.000000    0.041700 -0.071598 -0.000000
   H   3.560757   6.510672   0.000000   -0.112000 -0.276759  0.000000
   H   5.991994   6.754404   0.000000   -0.124632 -0.065023  0.000000
   H  -5.985421  -6.672949   0.000000    0.131204  0.146478  0.000000
   H  -3.742707  -6.636015   0.000000   -0.069950  0.151416  0.000000
   H  -1.231558  -6.724327  -0.000000   -0.005978  0.054080 -0.000000
   H   1.276653  -6.744993  -0.000000    0.051073  0.033415 -0.000000
   H   3.648039  -6.590276   0.000000   -0.024718  0.197155  0.000000
   H   6.025358  -6.769089   0.000000   -0.091267  0.050338  0.000000
converged SCF energy = -3134.16416485978
--------------- ROKS_Scanner gradients ---------------
         x                y                z
0 C     0.0081221562    -0.0055116882     0.0000000000
1 C    -0.0122872668     0.0069256365    -0.0000000000
2 C     0.0009294208     0.0133268861     0.0000000000
3 C     0.0076065304     0.0019933364     0.0000000000
4 C     0.0002460398     0.0103026813     0.0000000000
5 C    -0.0040447151     0.0092156604     0.0000000000
6 C     0.0009963478    -0.0051794246     0.0000000000
7 C    -0.0013597440     0.0022840208    -0.0000000000
8 C    -0.0067544338    -0.0057025875    -0.0000000000
9 C    -0.0001726248    -0.0029973900     0.0000000000
10 C    -0.0039191057     0.0050484170     0.0000000000
11 C     0.0006521818    -0.0009211633    -0.0000000000
12 C    -0.0065368913     0.0062046409    -0.0000000000
13 C     0.0004198066     0.0130560281    -0.0000000000
14 C     0.0202344495     0.0247693225     0.0000000000
15 C     0.0039877513     0.0037940413    -0.0000000000
16 C    -0.0064818510     0.0038719868    -0.0000000000
17 C    -0.0041114848    -0.0002816321    -0.0000000000
18 C    -0.0108827921     0.0011197910    -0.0000000000
19 N    -0.0017386017     0.0174822541     0.0000000000
20 C    -0.0140295307     0.0061796606    -0.0000000000
21 C    -0.0015113633    -0.0001097382     0.0000000000
22 C    -0.0029127573     0.0030383866     0.0000000000
23 C    -0.0029007551     0.0017200596     0.0000000000
24 C     0.0016416550     0.0009793228     0.0000000000
25 C    -0.0035225259    -0.0072163520     0.0000000000
26 C     0.0038306876    -0.0021855754    -0.0000000000
27 C    -0.0082790265    -0.0067192832     0.0000000000
28 C     0.0033687694     0.0010557409     0.0000000000
29 C    -0.0013876712     0.0050367767     0.0000000000
30 C    -0.0003947654    -0.0017090297     0.0000000000
31 N    -0.0001109128     0.0079974644    -0.0000000000
32 C    -0.0179336083     0.0124560020    -0.0000000000
33 N    -0.0044666051     0.0153797809     0.0000000000
34 C    -0.0048448872     0.0028307866     0.0000000000
35 C     0.0000554413    -0.0014762899     0.0000000000
36 C     0.0022947767    -0.0009949428    -0.0000000000
37 C     0.0078324568    -0.0023247240    -0.0000000000
38 C     0.0029179658     0.0059474266    -0.0000000000
39 C    -0.0071894047    -0.0068358199    -0.0000000000
40 C    -0.0010561263     0.0018811540    -0.0000000000
41 N     0.0184598506     0.0080249165     0.0000000000
42 N     0.0015182674    -0.0089301186    -0.0000000000
43 C    -0.0026074296    -0.0006266548     0.0000000000
44 C    -0.0047540733     0.0049429548    -0.0000000000
45 C     0.0096673114    -0.0051131646    -0.0000000000
46 C     0.0012215175    -0.0175205228    -0.0000000000
47 C    -0.0011399995     0.0010049126     0.0000000000
48 C     0.0082540441    -0.0001241238     0.0000000000
49 C     0.0035211409    -0.0029825762     0.0000000000
50 N    -0.0003993939    -0.0163830116     0.0000000000
51 N    -0.0091388559     0.0008154233    -0.0000000000
52 C     0.0072048531     0.0007994745     0.0000000000
53 C     0.0009602177    -0.0050683715     0.0000000000
54 C     0.0079638983    -0.0085170578     0.0000000000
55 C    -0.0060359549    -0.0229090662     0.0000000000
56 C    -0.0079216622     0.0030806365     0.0000000000
57 C     0.0041769212    -0.0073761188     0.0000000000
58 C     0.0025226443    -0.0015881362     0.0000000000
59 C     0.0027471197    -0.0003588146     0.0000000000
60 C     0.0080318629    -0.0051552033    -0.0000000000
61 N     0.0039121244    -0.0213792680     0.0000000000
62 N    -0.0060099772    -0.0247145230    -0.0000000000
63 C     0.0114357853    -0.0011951104    -0.0000000000
64 C    -0.0001893193    -0.0023172009    -0.0000000000
65 C     0.0052827951    -0.0030968149    -0.0000000000
66 C    -0.0000198220     0.0012211709    -0.0000000000
67 C    -0.0033863001     0.0144424511    -0.0000000000
68 C     0.0246107306     0.0026243900     0.0000000000
69 C    -0.0048105609     0.0068170545    -0.0000000000
70 C     0.0028763210    -0.0044605448    -0.0000000000
71 C     0.0003019885     0.0006267841    -0.0000000000
72 C     0.0043016437    -0.0120028543     0.0000000000
73 C    -0.0027353606    -0.0188834433    -0.0000000000
74 C     0.0044040384    -0.0017708235     0.0000000000
75 C     0.0034470617    -0.0026992118    -0.0000000000
76 C    -0.0014181965     0.0039415027     0.0000000000
77 C    -0.0096179008    -0.0017244265     0.0000000000
78 H     0.0002665124     0.0007787987     0.0000000000
79 H     0.0048866923     0.0004013880     0.0000000000
80 H     0.0019842964     0.0038798570     0.0000000000
81 H     0.0005532671     0.0000319156    -0.0000000000
82 H     0.0014303868     0.0005872750     0.0000000000
83 H     0.0005351145     0.0004675101    -0.0000000000
84 H    -0.0000493762    -0.0007677464     0.0000000000
85 H    -0.0030713969    -0.0061340474     0.0000000000
86 H    -0.0043298774     0.0048968659     0.0000000000
87 H    -0.0111385939    -0.0053424190    -0.0000000000
88 H    -0.0021100582     0.0012760617     0.0000000000
89 H    -0.0013088972     0.0020207574     0.0000000000
90 H     0.0014600944     0.0014597135     0.0000000000
91 H     0.0009091509     0.0019169338     0.0000000000
92 H    -0.0003872890     0.0130478389     0.0000000000
93 H    -0.0015348490     0.0037108158    -0.0000000000
94 H     0.0007372977     0.0114827003     0.0000000000
95 H    -0.0013704125     0.0028289078    -0.0000000000
96 H    -0.0026859523    -0.0026632720    -0.0000000000
97 H     0.0034598468    -0.0012461048     0.0000000000
98 H     0.0002413585    -0.0012733296    -0.0000000000
99 H     0.0005416918    -0.0020533258    -0.0000000000
100 H    -0.0005397042    -0.0127234623    -0.0000000000
101 H    -0.0014547908    -0.0017569346     0.0000000000
----------------------------------------------
cycle 2: E = -3134.16416486  dE = -0.0865641  norm(grad) = 0.102309

Geometry optimization cycle 3
Cartesian coordinates (Angstrom)
 Atom        New coordinates             dX        dY        dZ
   C  -7.282619   4.998259   0.000000   -0.000091  0.092579  0.000000
   C  -7.204688   0.647909   0.000000    0.081081 -0.095637  0.000000
   C  -6.111572   2.821140   0.000000    0.004527 -0.016921  0.000000
   C  -4.873532   4.935778   0.000000   -0.002425 -0.036925  0.000000
   C  -7.323017  -3.585368   0.000000    0.018527 -0.043527  0.000000
   C  -6.070842  -1.422869   0.000000    0.030973 -0.034515  0.000000
   C  -4.864431   0.734716  -0.000000    0.013166  0.004181 -0.000000
   C  -3.645079   2.833620  -0.000000    0.016688 -0.013448 -0.000000
   C  -2.422195   4.936185  -0.000000    0.032701 -0.014527 -0.000000
   C  -6.023902  -5.553510   0.000000    0.029113  0.040648  0.000000
   C  -4.875093  -3.485983  -0.000000    0.015838  0.005516 -0.000000
   C  -3.656474  -1.383134  -0.000000    0.005497  0.009180 -0.000000
   C  -2.437243   0.711537  -0.000000    0.005814 -0.005544 -0.000000
   C  -1.210049   2.803388  -0.000000    0.005873 -0.021075 -0.000000
   C  -0.019109   4.854467  -0.000000   -0.019195 -0.061962 -0.000000
   C  -3.684522  -5.544974  -0.000000   -0.005604  0.010750 -0.000000
   C  -2.425474  -3.493541  -0.000000    0.004487  0.018282 -0.000000
   C  -1.200245  -1.388654  -0.000000    0.004502  0.014705 -0.000000
   C   0.025164   0.724877  -0.000000    0.006965  0.007926 -0.000000
   N   1.208806   2.800233  -0.000000    0.010554 -0.002469 -0.000000
   C   2.405616   4.888491  -0.000000    0.042696  0.004230 -0.000000
   C  -1.229305  -5.610976  -0.000000   -0.014909  0.026957 -0.000000
   C   0.005563  -3.520100  -0.000000   -0.008765  0.019581 -0.000000
   C   1.226774  -1.409932  -0.000000   -0.009788  0.006832 -0.000000
   C   2.429114   0.713505  -0.000000   -0.022224  0.010452 -0.000000
   C   3.637545   2.818795  -0.000000   -0.010383  0.008065 -0.000000
   C   4.819773   4.905541   0.000000   -0.030852 -0.030552  0.000000
   C   1.252775  -5.604916  -0.000000    0.000391  0.053269 -0.000000
   C   2.448228  -3.513651  -0.000000   -0.015885  0.005019 -0.000000
   C   3.665787  -1.394865  -0.000000   -0.025715  0.013675 -0.000000
   C   4.878296   0.735842  -0.000000   -0.030576  0.017981  0.000000
   N   6.048937   2.836805   0.000000   -0.014037 -0.001835  0.000000
   C   7.226298   4.921105   0.000000    0.017475 -0.012543  0.000000
   N   3.659737  -5.566795   0.000000    0.006960  0.002906  0.000000
   C   4.891611  -3.512850   0.000000   -0.029801  0.020508  0.000000
   C   6.129191  -1.389588   0.000000   -0.034844  0.011919  0.000000
   C   7.287647   0.733221   0.000000   -0.050434 -0.003058  0.000000
   C   6.044024  -5.632040   0.000000   -0.020635  0.051355  0.000000
   C   7.296988  -3.610826   0.000000   -0.043075  0.005271  0.000000
   C  -7.261355   3.604977   0.000000    0.068522  0.093616  0.000000
   C  -6.083157   5.655795   0.000000    0.033043  0.021901  0.000000
   N  -7.241645  -0.709890   0.000000    0.010520 -0.087122  0.000000
   N  -6.076278   1.415141   0.000000    0.015492 -0.010494  0.000000
   C  -4.879769   3.513942   0.000000    0.012424 -0.032908  0.000000
   C  -3.624520   5.597672   0.000000    0.015940 -0.063118  0.000000
   C  -7.258452  -4.951521   0.000000   -0.009177 -0.033356  0.000000
   C  -6.129886  -2.809168   0.000000    0.008272 -0.007428  0.000000
   C  -4.882118  -0.688829  -0.000000    0.006943 -0.000391 -0.000000
   C  -3.667005   1.420201  -0.000000    0.001962 -0.005663 -0.000000
   C  -2.432686   3.522780  -0.000000    0.012327 -0.009866 -0.000000
   N  -1.206304   5.555453  -0.000000    0.018428 -0.011263 -0.000000
   N  -4.841848  -4.868409  -0.000000    0.025119  0.022498 -0.000000
   C  -3.654358  -2.798417  -0.000000    0.000575  0.012004 -0.000000
   C  -2.433247  -0.689382  -0.000000    0.003925  0.008032 -0.000000
   C  -1.224920   1.417460  -0.000000   -0.004310 -0.002597 -0.000000
   C   0.000846   3.513650  -0.000000    0.004347 -0.016995 -0.000000
   C   1.232807   5.539776  -0.000000    0.009333 -0.082418 -0.000000
   C  -2.442296  -4.907196  -0.000000   -0.014079  0.027216 -0.000000
   C  -1.205584  -2.803657  -0.000000   -0.003664  0.019798 -0.000000
   C   0.015296  -0.695302  -0.000000   -0.002111  0.011122 -0.000000
   C   1.218694   1.410560  -0.000000   -0.010915  0.011322 -0.000000
   N   2.446406   3.521962  -0.000000    0.007614  0.027365 -0.000000
   N   3.608581   5.531654  -0.000000    0.016671  0.039077 -0.000000
   C  -0.004911  -4.945756  -0.000000   -0.021184  0.030279 -0.000000
   C   1.224168  -2.823352  -0.000000   -0.008814  0.010338 -0.000000
   C   2.435376  -0.697811  -0.000000   -0.024996  0.015172 -0.000000
   C   3.644560   1.415415  -0.000000   -0.026367  0.012559 -0.000000
   C   4.829966   3.492427   0.000000   -0.012375 -0.026521  0.000000
   C   5.979601   5.602172   0.000000   -0.037107 -0.066953  0.000000
   C   2.444500  -4.933643  -0.000000    0.015224  0.005948 -0.000000
   C   3.655505  -2.800139  -0.000000   -0.029886  0.021013 -0.000000
   C   4.901944  -0.690483  -0.000000   -0.028964  0.016097  0.000000
   C   6.092974   1.441451   0.000000   -0.035503  0.017430  0.000000
   C   7.208561   3.586395   0.000000   -0.022589  0.011324  0.000000
   C   4.861622  -4.917665   0.000000   -0.021761  0.031057  0.000000
   C   6.127857  -2.841680   0.000000   -0.037420  0.015308  0.000000
   C   7.307218  -0.647484   0.000000   -0.032822 -0.002521  0.000000
   C   7.272292  -4.987094   0.000000    0.005519  0.011806  0.000000
   H   8.172092   5.441446   0.000000    0.012099 -0.009439  0.000000
   H   8.122082   3.032418   0.000000   -0.049414 -0.016049  0.000000
   H   8.236589   1.238183   0.000000   -0.047142 -0.024876  0.000000
   H   8.265520  -1.143761   0.000000   -0.034965 -0.000654  0.000000
   H   8.259192  -3.124743   0.000000   -0.053553  0.016686  0.000000
   H   8.193521  -5.555723   0.000000    0.001153  0.008732  0.000000
   H  -8.222235   5.537827   0.000000    0.005062  0.099130  0.000000
   H  -8.227025   3.139932   0.000000    0.054654  0.144119  0.000000
   H  -8.147595   1.133833   0.000000    0.079857 -0.126752  0.000000
   H  -8.108630  -1.163491   0.000000    0.042350 -0.066641  0.000000
   H  -8.295358  -3.118558   0.000000    0.020631 -0.051428  0.000000
   H  -8.147260  -5.567393   0.000000    0.016031 -0.067472  0.000000
   H  -6.056443   6.736714   0.000000    0.079274  0.017715  0.000000
   H  -3.626185   6.679724   0.000000    0.001224 -0.067743  0.000000
   H  -1.175896   6.535678  -0.000000    0.039549 -0.050660 -0.000000
   H   1.267352   6.617013  -0.000000    0.000072 -0.089797 -0.000000
   H   3.584252   6.513172   0.000000    0.023495  0.002501  0.000000
   H   5.946632   6.681020   0.000000   -0.045362 -0.073383  0.000000
   H  -5.900864  -6.620559   0.000000    0.084557  0.052390  0.000000
   H  -3.784730  -6.618037  -0.000000   -0.042023  0.017978 -0.000000
   H  -1.245972  -6.693678  -0.000000   -0.014414  0.030650 -0.000000
   H   1.265868  -6.687096  -0.000000   -0.010785  0.057897 -0.000000
   H   3.669279  -6.549077   0.000000    0.021240  0.041199  0.000000
   H   6.003633  -6.713347   0.000000   -0.021725  0.055741  0.000000
converged SCF energy = -3134.15592179367
--------------- ROKS_Scanner gradients ---------------
         x                y                z
0 C    -0.0166151413     0.0088573585     0.0000000000
1 C     0.0222726802    -0.0155851773    -0.0000000000
2 C    -0.0059075111    -0.0107293525     0.0000000000
3 C    -0.0055078730     0.0001640336     0.0000000000
4 C     0.0095879240    -0.0095814791     0.0000000000
5 C     0.0085144557     0.0082183962     0.0000000000
6 C     0.0001936753     0.0037440459    -0.0000000000
7 C     0.0013885176    -0.0026756963     0.0000000000
8 C     0.0109668986     0.0031041414     0.0000000000
9 C     0.0039602462     0.0199081282     0.0000000000
10 C    -0.0019832857    -0.0015993254     0.0000000000
11 C    -0.0003557329     0.0004590881     0.0000000000
12 C     0.0018242082     0.0003146823     0.0000000000
13 C     0.0073885687     0.0079265767     0.0000000000
14 C    -0.0113567674    -0.0123220073     0.0000000000
15 C    -0.0104467582     0.0011341472     0.0000000000
16 C     0.0025688501     0.0017980886     0.0000000000
17 C     0.0010625948     0.0010623421     0.0000000000
18 C     0.0039088659     0.0037233365     0.0000000000
19 N    -0.0008398337     0.0009111735     0.0000000000
20 C     0.0161663123     0.0044585435     0.0000000000
21 C    -0.0039630883     0.0003773276    -0.0000000000
22 C     0.0009137909     0.0005631898    -0.0000000000
23 C    -0.0016823290     0.0005322604    -0.0000000000
24 C    -0.0064459927     0.0021010667    -0.0000000000
25 C     0.0011360441     0.0025227476    -0.0000000000
26 C    -0.0133313481    -0.0049918276    -0.0000000000
27 C     0.0017762396     0.0100205202     0.0000000000
28 C    -0.0046261529    -0.0052950033    -0.0000000000
29 C     0.0000881908    -0.0008615850    -0.0000000000
30 C     0.0004938961     0.0031252742     0.0000000000
31 N     0.0005800364    -0.0024373717     0.0000000000
32 C     0.0110392411    -0.0023343744     0.0000000000
33 N     0.0051583274    -0.0190517071    -0.0000000000
34 C     0.0000712585    -0.0026991952     0.0000000000
35 C    -0.0009238314     0.0024076832     0.0000000000
36 C    -0.0041225463     0.0013307045     0.0000000000
37 C    -0.0043152884     0.0110721751     0.0000000000
38 C    -0.0092029452    -0.0045026212    -0.0000000000
39 C     0.0212896445     0.0173638864    -0.0000000000
40 C    -0.0015286326    -0.0073618532    -0.0000000000
41 N    -0.0319012912    -0.0246378858     0.0000000000
42 N     0.0052467961     0.0081161464     0.0000000000
43 C     0.0017429202    -0.0059056829    -0.0000000000
44 C    -0.0004819669    -0.0102431085    -0.0000000000
45 C    -0.0116904594    -0.0079213209     0.0000000000
46 C    -0.0088600080     0.0104169844    -0.0000000000
47 C    -0.0051197796    -0.0005778181    -0.0000000000
48 C    -0.0070335226     0.0021112449    -0.0000000000
49 C    -0.0049417630     0.0040839756    -0.0000000000
50 N     0.0004565413     0.0207702371     0.0000000000
51 N     0.0116099754    -0.0048163598    -0.0000000000
52 C    -0.0000512227    -0.0021526815    -0.0000000000
53 C     0.0011070788     0.0000277313    -0.0000000000
54 C    -0.0008517053    -0.0027558447    -0.0000000000
55 C     0.0009646240     0.0036608050    -0.0000000000
56 C     0.0028924979    -0.0214826601    -0.0000000000
57 C    -0.0028494058     0.0037331601     0.0000000000
58 C    -0.0013354730    -0.0009110223    -0.0000000000
59 C     0.0004211117     0.0001801145    -0.0000000000
60 C    -0.0012711462    -0.0056299376     0.0000000000
61 N    -0.0060226801     0.0123072718     0.0000000000
62 N     0.0038041903     0.0260157859     0.0000000000
63 C    -0.0018798846     0.0004799418    -0.0000000000
64 C     0.0007310585     0.0007908215     0.0000000000
65 C    -0.0026493825     0.0002879133     0.0000000000
66 C     0.0036716633     0.0068973333     0.0000000000
67 C     0.0056460319    -0.0012110439     0.0000000000
68 C    -0.0077883670    -0.0152811131    -0.0000000000
69 C     0.0079210980    -0.0041639801     0.0000000000
70 C    -0.0015597921     0.0007198092     0.0000000000
71 C     0.0005979646     0.0002792995    -0.0000000000
72 C    -0.0033822668     0.0018395168    -0.0000000000
73 C    -0.0108078895     0.0098707769    -0.0000000000
74 C    -0.0063117403    -0.0006634742    -0.0000000000
75 C     0.0012945022     0.0020137119     0.0000000000
76 C     0.0031426937    -0.0025301591    -0.0000000000
77 C     0.0100727750    -0.0049045836    -0.0000000000
78 H     0.0007893529    -0.0010643189    -0.0000000000
79 H    -0.0029188464     0.0034199013     0.0000000000
80 H    -0.0024490916    -0.0011335878    -0.0000000000
81 H    -0.0008892213     0.0000935828    -0.0000000000
82 H    -0.0020234777    -0.0021194414     0.0000000000
83 H     0.0004759761     0.0000479562     0.0000000000
84 H    -0.0003895466     0.0022387868    -0.0000000000
85 H     0.0062489879     0.0072551175    -0.0000000000
86 H     0.0072642417    -0.0075132854    -0.0000000000
87 H     0.0200130353     0.0087859008    -0.0000000000
88 H     0.0019863926    -0.0025438826    -0.0000000000
89 H    -0.0005576432     0.0001354496     0.0000000000
90 H    -0.0019357696    -0.0020046984     0.0000000000
91 H     0.0007175894    -0.0028259866    -0.0000000000
92 H    -0.0014188231    -0.0223603392    -0.0000000000
93 H     0.0012184256    -0.0040066184     0.0000000000
94 H     0.0004069554    -0.0213607206    -0.0000000000
95 H    -0.0008086262    -0.0032963185     0.0000000000
96 H     0.0009524915     0.0039759907    -0.0000000000
97 H    -0.0013176963     0.0013741697     0.0000000000
98 H    -0.0000952458     0.0011995894     0.0000000000
99 H     0.0008100324     0.0028999069    -0.0000000000
100 H    -0.0000400169     0.0222672134    -0.0000000000
101 H     0.0002032095     0.0025352359    -0.0000000000
----------------------------------------------
cycle 3: E = -3134.15592179  dE = 0.00824307  norm(grad) = 0.11236

Geometry optimization cycle 4
Cartesian coordinates (Angstrom)
 Atom        New coordinates             dX        dY        dZ
   C  -7.275779   4.946216   0.000000    0.006840 -0.052042 -0.000000
   C  -7.248707   0.706131   0.000000   -0.044019  0.058222  0.000000
   C  -6.113661   2.826716   0.000000   -0.002089  0.005576  0.000000
   C  -4.870728   4.953884   0.000000    0.002804  0.018106 -0.000000
   C  -7.334998  -3.564221   0.000000   -0.011981  0.021147  0.000000
   C  -6.087627  -1.411608   0.000000   -0.016785  0.011261  0.000000
   C  -4.875990   0.731716  -0.000000   -0.011559 -0.003000  0.000000
   C  -3.652645   2.840295  -0.000000   -0.007566  0.006674  0.000000
   C  -2.433125   4.947675  -0.000000   -0.010930  0.011489 -0.000000
   C  -6.034729  -5.583676   0.000000   -0.010827 -0.030166  0.000000
   C  -4.881442  -3.495388  -0.000000   -0.006350 -0.009405  0.000000
   C  -3.660114  -1.390865  -0.000000   -0.003640 -0.007731  0.000000
   C  -2.441426   0.709803  -0.000000   -0.004183 -0.001734  0.000000
   C  -1.213507   2.807663  -0.000000   -0.003457  0.004275 -0.000000
   C  -0.012822   4.879898  -0.000000    0.006287  0.025431 -0.000000
   C  -3.682106  -5.559625  -0.000000    0.002416 -0.014651  0.000000
   C  -2.426676  -3.506737  -0.000000   -0.001201 -0.013196  0.000000
   C  -1.201188  -1.396927  -0.000000   -0.000943 -0.008273 -0.000000
   C   0.023729   0.721089  -0.000000   -0.001435 -0.003787 -0.000000
   N   1.209372   2.802009  -0.000000    0.000566  0.001777 -0.000000
   C   2.393998   4.894160  -0.000000   -0.011618  0.005670 -0.000000
   C  -1.223834  -5.626576  -0.000000    0.005471 -0.015600 -0.000000
   C   0.009527  -3.532191  -0.000000    0.003963 -0.012091 -0.000000
   C   1.231723  -1.415967  -0.000000    0.004950 -0.006035 -0.000000
   C   2.437442   0.709930  -0.000000    0.008328 -0.003575 -0.000000
   C   3.647234   2.821065  -0.000000    0.009690  0.002270  0.000000
   C   4.835395   4.925051   0.000000    0.015622  0.019510  0.000000
   C   1.253268  -5.629112  -0.000000    0.000493 -0.024196 -0.000000
   C   2.455635  -3.520565  -0.000000    0.007407 -0.006915 -0.000000
   C   3.674239  -1.402501  -0.000000    0.008453 -0.007636 -0.000000
   C   4.890712   0.731991  -0.000000    0.012416 -0.003851  0.000000
   N   6.066232   2.842820   0.000000    0.017294  0.006016  0.000000
   C   7.224951   4.932649   0.000000   -0.001347  0.011544  0.000000
   N   3.659223  -5.579567   0.000000   -0.000514 -0.012772 -0.000000
   C   4.904037  -3.525304   0.000000    0.012426 -0.012454 -0.000000
   C   6.137556  -1.396540   0.000000    0.008365 -0.006953 -0.000000
   C   7.304642   0.730482   0.000000    0.016995 -0.002739  0.000000
   C   6.052035  -5.658627   0.000000    0.008011 -0.026587 -0.000000
   C   7.315431  -3.611088   0.000000    0.018443 -0.000262 -0.000000
   C  -7.299323   3.551755   0.000000   -0.037968 -0.053222  0.000000
   C  -6.095738   5.646720   0.000000   -0.012581 -0.009076 -0.000000
   N  -7.242202  -0.655183   0.000000   -0.000557  0.054707  0.000000
   N  -6.087304   1.424485   0.000000   -0.011027  0.009344  0.000000
   C  -4.885531   3.531011   0.000000   -0.005762  0.017069  0.000000
   C  -3.628161   5.628826  -0.000000   -0.003641  0.031154 -0.000000
   C  -7.247733  -4.933185   0.000000    0.010720  0.018336  0.000000
   C  -6.132654  -2.806248   0.000000   -0.002768  0.002921  0.000000
   C  -4.886224  -0.692355  -0.000000   -0.004106 -0.003526  0.000000
   C  -3.672278   1.420476  -0.000000   -0.005273  0.000276  0.000000
   C  -2.437321   3.528410  -0.000000   -0.004635  0.005630 -0.000000
   N  -1.211583   5.567123  -0.000000   -0.005279  0.011671 -0.000000
   N  -4.851926  -4.885859   0.000000   -0.010078 -0.017450  0.000000
   C  -3.656896  -2.808819  -0.000000   -0.002538 -0.010402  0.000000
   C  -2.436021  -0.695114  -0.000000   -0.002774 -0.005732  0.000000
   C  -1.226614   1.417946  -0.000000   -0.001693  0.000486  0.000000
   C   0.001424   3.524756  -0.000000    0.000578  0.011105  0.000000
   C   1.232097   5.580663  -0.000000   -0.000709  0.040888 -0.000000
   C  -2.438310  -4.923068  -0.000000    0.003986 -0.015872 -0.000000
   C  -1.204392  -2.814661  -0.000000    0.001192 -0.011004 -0.000000
   C   0.016417  -0.701579  -0.000000    0.001120 -0.006277 -0.000000
   C   1.221648   1.409678  -0.000000    0.002954 -0.000883 -0.000000
   N   2.448793   3.519950  -0.000000    0.002387 -0.002012  0.000000
   N   3.606542   5.530479  -0.000000   -0.002039 -0.001175  0.000000
   C   0.000156  -4.961660  -0.000000    0.005067 -0.015904 -0.000000
   C   1.228749  -2.831351  -0.000000    0.004581 -0.007999 -0.000000
   C   2.443440  -0.703750  -0.000000    0.008064 -0.005939 -0.000000
   C   3.654069   1.412050  -0.000000    0.009509 -0.003365  0.000000
   C   4.843106   3.503770   0.000000    0.013139  0.011343  0.000000
   C   5.992952   5.638583   0.000000    0.013351  0.036411  0.000000
   C   2.441316  -4.944166  -0.000000   -0.003185 -0.010523 -0.000000
   C   3.667063  -2.810669  -0.000000    0.011558 -0.010529 -0.000000
   C   4.910180  -0.696038  -0.000000    0.008235 -0.005555 -0.000000
   C   6.108345   1.441378   0.000000    0.015371 -0.000073  0.000000
   C   7.231800   3.590054   0.000000    0.023240  0.003659  0.000000
   C   4.870326  -4.935582   0.000000    0.008705 -0.017917 -0.000000
   C   6.140514  -2.849473   0.000000    0.012657 -0.007794 -0.000000
   C   7.314392  -0.650698   0.000000    0.007173 -0.003214 -0.000000
   C   7.267747  -4.989119   0.000000   -0.004545 -0.002025 -0.000000
   H   8.170260   5.454858   0.000000   -0.001832  0.013412  0.000000
   H   8.151142   3.039996   0.000000    0.029060  0.007577  0.000000
   H   8.257509   1.231881   0.000000    0.020920 -0.006302  0.000000
   H   8.272639  -1.149206   0.000000    0.007119 -0.005445 -0.000000
   H   8.280946  -3.127223   0.000000    0.021754 -0.002480 -0.000000
   H   8.189819  -5.556863   0.000000   -0.003702 -0.001141 -0.000000
   H  -8.217149   5.482075   0.000000    0.005086 -0.055752 -0.000000
   H  -8.262670   3.070465   0.000000   -0.035645 -0.069467  0.000000
   H  -8.191933   1.204884   0.000000   -0.044337  0.071051  0.000000
   H  -8.124928  -1.114064   0.000000   -0.016299  0.049428  0.000000
   H  -8.308286  -3.095055   0.000000   -0.012927  0.023503  0.000000
   H  -8.143224  -5.539918   0.000000    0.004036  0.027474  0.000000
   H  -6.096314   6.729512   0.000000   -0.039872 -0.007202 -0.000000
   H  -3.628578   6.712799   0.000000   -0.002392  0.033075 -0.000000
   H  -1.184897   6.564204  -0.000000   -0.009001  0.028526 -0.000000
   H   1.271935   6.660259  -0.000000    0.004582  0.043246 -0.000000
   H   3.576444   6.528179   0.000000   -0.007808  0.015006  0.000000
   H   5.966619   6.719740   0.000000    0.019986  0.038719  0.000000
   H  -5.931571  -6.655620   0.000000   -0.030707 -0.035062  0.000000
   H  -3.775999  -6.634655  -0.000000    0.008732 -0.016618  0.000000
   H  -1.240058  -6.710339  -0.000000    0.005914 -0.016661 -0.000000
   H   1.266570  -6.713211  -0.000000    0.000702 -0.026115 -0.000000
   H   3.665250  -6.578510   0.000000   -0.004030 -0.029433 -0.000000
   H   6.019303  -6.741914   0.000000    0.015670 -0.028567 -0.000000
converged SCF energy = -3134.17240488009
