1721702455.0457063

Geometry optimization cycle 1
Cartesian coordinates (Angstrom)
 Atom        New coordinates             dX        dY        dZ
   C  -7.338226   5.042760   0.000000    0.000000  0.000000  0.000000
   C  -7.365228   0.691139   0.000000    0.000000  0.000000  0.000000
   C  -6.173642   2.889413   0.000000    0.000000  0.000000  0.000000
   C  -4.910090   5.019617   0.000000    0.000000  0.000000  0.000000
   C  -7.358051  -3.642635   0.000000    0.000000  0.000000  0.000000
   C  -6.173475  -1.431785   0.000000    0.000000  0.000000  0.000000
   C  -4.940069   0.716689   0.000000    0.000000  0.000000  0.000000
   C  -3.694845   2.860312   0.000000    0.000000  0.000000  0.000000
   C  -2.457224   5.005715   0.000000    0.000000  0.000000  0.000000
   C  -6.138515  -5.727246   0.000000    0.000000  0.000000  0.000000
   C  -4.928214  -3.580071   0.000000    0.000000  0.000000  0.000000
   C  -3.698169  -1.425571   0.000000    0.000000  0.000000  0.000000
   C  -2.471779   0.716540   0.000000    0.000000  0.000000  0.000000
   C  -1.230705   2.851907   0.000000    0.000000 -0.000000  0.000000
   C   0.000000   5.003169   0.000000    0.000000  0.000000  0.000000
   C  -3.678966  -5.694052   0.000000    0.000000  0.000000  0.000000
   C  -2.466015  -3.560923   0.000000    0.000000  0.000000  0.000000
   C  -1.232423  -1.423207   0.000000    0.000000  0.000000  0.000000
   C   0.000000   0.715809   0.000000    0.000000  0.000000  0.000000
   C   1.230705   2.851907   0.000000    0.000000 -0.000000  0.000000
   C   2.457224   5.005715   0.000000    0.000000  0.000000  0.000000
   C  -1.226334  -5.685080   0.000000    0.000000  0.000000  0.000000
   C   0.000000  -3.557079   0.000000    0.000000  0.000000  0.000000
   C   1.232423  -1.423207   0.000000    0.000000  0.000000  0.000000
   C   2.471779   0.716540   0.000000    0.000000  0.000000  0.000000
   C   3.694845   2.860312   0.000000    0.000000  0.000000  0.000000
   C   4.910090   5.019617   0.000000    0.000000  0.000000  0.000000
   C   1.226334  -5.685080   0.000000    0.000000  0.000000  0.000000
   C   2.466015  -3.560923   0.000000    0.000000  0.000000  0.000000
   C   3.698169  -1.425571   0.000000    0.000000  0.000000  0.000000
   C   4.940069   0.716689   0.000000    0.000000  0.000000  0.000000
   N   6.173642   2.889413   0.000000    0.000000  0.000000  0.000000
   C   7.338226   5.042760   0.000000    0.000000  0.000000  0.000000
   C   3.678966  -5.694052   0.000000    0.000000  0.000000  0.000000
   C   4.928214  -3.580071   0.000000    0.000000  0.000000  0.000000
   C   6.173475  -1.431785   0.000000   -0.000000  0.000000  0.000000
   C   7.365228   0.691139   0.000000    0.000000  0.000000  0.000000
   N   6.138515  -5.727246   0.000000    0.000000  0.000000  0.000000
   C   7.358051  -3.642635   0.000000   -0.000000  0.000000  0.000000
   C  -7.358051   3.642635   0.000000    0.000000  0.000000  0.000000
   C  -6.138515   5.727246   0.000000    0.000000  0.000000  0.000000
   N  -7.365228  -0.691139   0.000000    0.000000  0.000000  0.000000
   N  -6.173475   1.431785   0.000000    0.000000  0.000000  0.000000
   N  -4.928214   3.580071   0.000000    0.000000 -0.000000  0.000000
   N  -3.678966   5.694052   0.000000    0.000000  0.000000  0.000000
   C  -7.338226  -5.042760   0.000000    0.000000  0.000000  0.000000
   C  -6.173642  -2.889413   0.000000    0.000000  0.000000  0.000000
   N  -4.940069  -0.716689   0.000000    0.000000  0.000000  0.000000
   C  -3.698169   1.425571   0.000000    0.000000  0.000000  0.000000
   C  -2.466015   3.560923   0.000000    0.000000 -0.000000  0.000000
   C  -1.226334   5.685080   0.000000    0.000000  0.000000  0.000000
   N  -4.910090  -5.019617   0.000000    0.000000  0.000000  0.000000
   C  -3.694845  -2.860312   0.000000    0.000000  0.000000  0.000000
   C  -2.471779  -0.716540   0.000000    0.000000  0.000000  0.000000
   C  -1.232423   1.423207   0.000000    0.000000  0.000000  0.000000
   C   0.000000   3.557079   0.000000    0.000000  0.000000  0.000000
   C   1.226334   5.685080   0.000000    0.000000  0.000000  0.000000
   C  -2.457224  -5.005715   0.000000    0.000000  0.000000  0.000000
   C  -1.230705  -2.851907   0.000000    0.000000  0.000000  0.000000
   C   0.000000  -0.715809   0.000000    0.000000  0.000000  0.000000
   C   1.232423   1.423207   0.000000    0.000000  0.000000  0.000000
   C   2.466015   3.560923   0.000000    0.000000 -0.000000  0.000000
   N   3.678966   5.694052   0.000000    0.000000  0.000000  0.000000
   C   0.000000  -5.003169   0.000000    0.000000  0.000000  0.000000
   C   1.230705  -2.851907   0.000000    0.000000  0.000000  0.000000
   C   2.471779  -0.716540   0.000000    0.000000  0.000000  0.000000
   C   3.698169   1.425571   0.000000    0.000000  0.000000  0.000000
   C   4.928214   3.580071   0.000000    0.000000 -0.000000  0.000000
   C   6.138515   5.727246   0.000000    0.000000  0.000000  0.000000
   C   2.457224  -5.005715   0.000000    0.000000  0.000000  0.000000
   C   3.694845  -2.860312   0.000000    0.000000  0.000000  0.000000
   C   4.940069  -0.716689   0.000000    0.000000  0.000000  0.000000
   C   6.173475   1.431785   0.000000   -0.000000  0.000000  0.000000
   C   7.358051   3.642635   0.000000   -0.000000  0.000000  0.000000
   C   4.910090  -5.019617   0.000000    0.000000  0.000000  0.000000
   C   6.173642  -2.889413   0.000000    0.000000  0.000000  0.000000
   C   7.365228  -0.691139   0.000000    0.000000  0.000000  0.000000
   C   7.338226  -5.042760   0.000000    0.000000  0.000000  0.000000
   H   8.282184   5.591425   0.000000    0.000000 -0.000000  0.000000
   H   8.325741   3.141106   0.000000    0.000000  0.000000  0.000000
   H   8.326715   1.204661   0.000000    0.000000  0.000000  0.000000
   H   8.326715  -1.204661   0.000000    0.000000  0.000000  0.000000
   H   8.325741  -3.141106   0.000000    0.000000  0.000000  0.000000
   H   8.282184  -5.591425   0.000000    0.000000  0.000000  0.000000
   H  -8.282184   5.591425   0.000000    0.000000 -0.000000  0.000000
   H  -8.325741   3.141106   0.000000    0.000000  0.000000  0.000000
   H  -8.326715   1.204661   0.000000    0.000000  0.000000  0.000000
   H  -8.326715  -1.204661   0.000000    0.000000  0.000000  0.000000
   H  -8.325741  -3.141106   0.000000    0.000000  0.000000  0.000000
   H  -8.282184  -5.591425   0.000000    0.000000  0.000000  0.000000
   H  -6.116625   6.819427   0.000000    0.000000  0.000000  0.000000
   H  -3.672757   6.787431   0.000000    0.000000  0.000000  0.000000
   H  -1.225580   6.778408   0.000000    0.000000 -0.000000  0.000000
   H   1.225580   6.778408   0.000000    0.000000 -0.000000  0.000000
   H   3.672757   6.787431   0.000000    0.000000  0.000000  0.000000
   H   6.116625   6.819427   0.000000   -0.000000  0.000000  0.000000
   H  -6.116625  -6.819427   0.000000    0.000000  0.000000  0.000000
   H  -3.672757  -6.787431   0.000000    0.000000  0.000000  0.000000
   H  -1.225580  -6.778408   0.000000    0.000000  0.000000  0.000000
   H   1.225580  -6.778408   0.000000    0.000000  0.000000  0.000000
   H   3.672757  -6.787431   0.000000    0.000000  0.000000  0.000000
   H   6.116625  -6.819427   0.000000   -0.000000  0.000000  0.000000
converged SCF energy = -3134.08479544699
--------------- ROKS_Scanner gradients ---------------
         x                y                z
0 C     0.0099888464     0.0264964668    -0.0000000000
1 C    -0.0070114020    -0.0185033584    -0.0000000000
2 C    -0.0123513170     0.0300761945     0.0000000000
3 C     0.0126942869     0.0040832054    -0.0000000000
4 C     0.0146754936     0.0075688728     0.0000000000
5 C    -0.0013613468     0.0263707040    -0.0000000000
6 C    -0.0469230999     0.0143914917     0.0000000000
7 C     0.0013234136     0.0069340618     0.0000000000
8 C    -0.0364486006     0.0017578912     0.0000000000
9 C    -0.0079530978    -0.0081131661     0.0000000000
10 C     0.0054128901     0.0279947028    -0.0000000000
11 C     0.0115343585     0.0138739272    -0.0000000000
12 C    -0.0278208971     0.0029456729    -0.0000000000
13 C     0.0064600767    -0.0082781663     0.0000000000
14 C    -0.0069460712     0.0238908200     0.0000000000
15 C     0.0327605404    -0.0137933943    -0.0000000000
16 C    -0.0116769820    -0.0003913792    -0.0000000000
17 C     0.0044960676     0.0040093389    -0.0000000000
18 C    -0.0045870164     0.0101683872    -0.0000000000
19 C    -0.0052918687    -0.0023122497    -0.0000000000
20 C     0.0158794030    -0.0021206546    -0.0000000000
21 C     0.0104572202    -0.0026960783    -0.0000000000
22 C    -0.0031244948     0.0093008260    -0.0000000000
23 C    -0.0091394445     0.0013500942    -0.0000000000
24 C     0.0026277882     0.0021266793    -0.0000000000
25 C    -0.0198247117     0.0173901557    -0.0000000000
26 C    -0.0119294563     0.0014395717    -0.0000000000
27 C    -0.0139455493    -0.0060125125    -0.0000000000
28 C     0.0023812923     0.0039038711    -0.0000000000
29 C    -0.0087994267     0.0081961950    -0.0000000000
30 C    -0.0114715051    -0.0047756209    -0.0000000000
31 N     0.0011226496     0.0215768451     0.0000000000
32 C    -0.0086143533     0.0484709959    -0.0000000000
33 C    -0.0412369915    -0.0009828763    -0.0000000000
34 C    -0.0239386200    -0.0074132440    -0.0000000000
35 C    -0.0016112791     0.0125723715    -0.0000000000
36 C    -0.0065680110    -0.0062865267    -0.0000000000
37 N    -0.0006411042     0.0254428737    -0.0000000000
38 C    -0.0183307601     0.0457638799     0.0000000000
39 C     0.0018634281    -0.0076595725     0.0000000000
40 C    -0.0383553570     0.0034379216    -0.0000000000
41 N     0.0034103819     0.0186466075     0.0000000000
42 N     0.0320374748    -0.0181724062     0.0000000000
43 N    -0.0110085167    -0.0191129565    -0.0000000000
44 N     0.0211869860    -0.0150550872    -0.0000000000
45 C    -0.0135878034    -0.0153489797    -0.0000000000
46 C    -0.0060522725    -0.0303035646     0.0000000000
47 N     0.0234116933    -0.0230823804     0.0000000000
48 C     0.0553836643    -0.0059047320    -0.0000000000
49 C     0.0056798793    -0.0141701802    -0.0000000000
50 C     0.0372152911     0.0042642043    -0.0000000000
51 N    -0.0145805206    -0.0039001472    -0.0000000000
52 C     0.0062028664    -0.0156631722     0.0000000000
53 C     0.0054704981    -0.0082279054     0.0000000000
54 C     0.0171914449     0.0062233966     0.0000000000
55 C     0.0017093907    -0.0169119889    -0.0000000000
56 C    -0.0257315762     0.0023760925     0.0000000000
57 C    -0.0091102003    -0.0070046978     0.0000000000
58 C     0.0058025391    -0.0000672548     0.0000000000
59 C     0.0045778164    -0.0128519381     0.0000000000
60 C    -0.0013707629     0.0008530938     0.0000000000
61 C     0.0056368292    -0.0173783579     0.0000000000
62 N    -0.0069446964    -0.0212715939     0.0000000000
63 C     0.0020548741    -0.0092074774     0.0000000000
64 C    -0.0009703546    -0.0000496836     0.0000000000
65 C     0.0106032516    -0.0041166440     0.0000000000
66 C     0.0084870640    -0.0149982916     0.0000000000
67 C     0.0128697656    -0.0147395883     0.0000000000
68 C     0.0393963203    -0.0147232841    -0.0000000000
69 C     0.0228529853    -0.0058437521     0.0000000000
70 C     0.0044514268    -0.0075114369     0.0000000000
71 C     0.0015616000    -0.0035880185     0.0000000000
72 C     0.0093042651    -0.0178755257     0.0000000000
73 C    -0.0055631171    -0.0285305523     0.0000000000
74 C     0.0204514423     0.0228685621     0.0000000000
75 C     0.0320883542    -0.0147226148     0.0000000000
76 C     0.0014352396    -0.0026680672     0.0000000000
77 C     0.0103769391    -0.0332572163    -0.0000000000
78 H     0.0048297013     0.0065186698     0.0000000000
79 H     0.0125001652     0.0018631670    -0.0000000000
80 H     0.0056529227     0.0035723548     0.0000000000
81 H     0.0051501229    -0.0041330536    -0.0000000000
82 H     0.0051845022     0.0070988353    -0.0000000000
83 H     0.0104666720     0.0021161304     0.0000000000
84 H    -0.0058492969     0.0040519583     0.0000000000
85 H    -0.0084080137    -0.0023069755    -0.0000000000
86 H    -0.0127955644     0.0060976343     0.0000000000
87 H    -0.0582553419    -0.0286057478     0.0000000000
88 H    -0.0038385367     0.0036952759    -0.0000000000
89 H    -0.0077237900    -0.0010367507     0.0000000000
90 H    -0.0023135295     0.0074288147     0.0000000000
91 H     0.0038535025     0.0629345898    -0.0000000000
92 H    -0.0000452600     0.0046948263     0.0000000000
93 H    -0.0000335193     0.0049465012    -0.0000000000
94 H    -0.0016922752     0.0624193333     0.0000000000
95 H    -0.0000946490     0.0059884842     0.0000000000
96 H    -0.0084470629    -0.0099700078    -0.0000000000
97 H     0.0088622495    -0.0096952697     0.0000000000
98 H    -0.0000619409    -0.0059077031    -0.0000000000
99 H    -0.0000228138    -0.0058439224     0.0000000000
100 H     0.0000947603    -0.0052948022     0.0000000000
101 H    -0.0007160269    -0.0618606437     0.0000000000
----------------------------------------------
cycle 1: E = -3134.08479545  dE = -3134.08  norm(grad) = 0.249326

Geometry optimization cycle 2
Cartesian coordinates (Angstrom)
 Atom        New coordinates             dX        dY        dZ
   C  -7.279295   4.875600   0.000000    0.058930 -0.167160  0.000000
   C  -7.296126   0.742587   0.000000    0.069101  0.051448  0.000000
   C  -6.098410   2.797373   0.000000    0.075232 -0.092041  0.000000
   C  -4.899260   4.865803   0.000000    0.010830 -0.153814  0.000000
   C  -7.347950  -3.522792   0.000000    0.010101  0.119844  0.000000
   C  -6.095645  -1.396106   0.000000    0.077830  0.035679  0.000000
   C  -4.874296   0.699141   0.000000    0.065773 -0.017547  0.000000
   C  -3.652785   2.811991  -0.000000    0.042060 -0.048320 -0.000000
   C  -2.410689   4.937321  -0.000000    0.046535 -0.068394 -0.000000
   C  -6.076855  -5.595848   0.000000    0.061661  0.131398  0.000000
   C  -4.912405  -3.507785   0.000000    0.015809  0.072286  0.000000
   C  -3.682823  -1.400275   0.000000    0.015346  0.025296  0.000000
   C  -2.446927   0.717514  -0.000000    0.024852  0.000975 -0.000000
   C  -1.221644   2.842799  -0.000000    0.009061 -0.009108 -0.000000
   C   0.010281   4.984183   0.000000    0.010281 -0.018986  0.000000
   C  -3.702673  -5.570882   0.000000   -0.023707  0.123171  0.000000
   C  -2.452757  -3.503184   0.000000    0.013258  0.057739  0.000000
   C  -1.235128  -1.402443  -0.000000   -0.002705  0.020764 -0.000000
   C  -0.006258   0.714739  -0.000000   -0.006258 -0.001070 -0.000000
   C   1.211645   2.839241  -0.000000   -0.019060 -0.012666 -0.000000
   C   2.420979   4.942650   0.000000   -0.036245 -0.063065  0.000000
   C  -1.244887  -5.624558  -0.000000   -0.018553  0.060522 -0.000000
   C  -0.002272  -3.526601  -0.000000   -0.002272  0.030477 -0.000000
   C   1.222373  -1.406443  -0.000000   -0.010050  0.016764 -0.000000
   C   2.443783   0.717222  -0.000000   -0.027996  0.000682 -0.000000
   C   3.664303   2.829199   0.000000   -0.030542 -0.031113  0.000000
   C   4.888566   4.953534   0.000000   -0.021524 -0.066083  0.000000
   C   1.220504  -5.632478  -0.000000   -0.005830  0.052602 -0.000000
   C   2.452581  -3.528024  -0.000000   -0.013433  0.032899 -0.000000
   C   3.680085  -1.400298  -0.000000   -0.018084  0.025273 -0.000000
   C   4.906104   0.720969   0.000000   -0.033964  0.004280  0.000000
   N   6.099188   2.839931   0.000000   -0.074454 -0.049483  0.000000
   C   7.247299   4.922929   0.000000   -0.090927 -0.119831  0.000000
   C   3.674446  -5.652200  -0.000000   -0.004520  0.041853 -0.000000
   C   4.911871  -3.511059   0.000000   -0.016343  0.069012  0.000000
   C   6.151709  -1.401577   0.000000   -0.021766  0.030208  0.000000
   C   7.330839   0.726682   0.000000   -0.034389  0.035543  0.000000
   N   6.063619  -5.599417   0.000000   -0.074896  0.127829  0.000000
   C   7.340246  -3.615876   0.000000   -0.017805  0.026759  0.000000
   C  -7.298730   3.496865   0.000000    0.059321 -0.145771  0.000000
   C  -6.080303   5.579480   0.000000    0.058213 -0.147766  0.000000
   N  -7.214144  -0.618757   0.000000    0.151084  0.072382  0.000000
   N  -6.106355   1.405695   0.000000    0.067120 -0.026090  0.000000
   N  -4.879206   3.483600   0.000000    0.049009 -0.096471  0.000000
   N  -3.686683   5.495219   0.000000   -0.007717 -0.198833  0.000000
   C  -7.259041  -4.905410   0.000000    0.079184  0.137350  0.000000
   C  -6.139034  -2.805178   0.000000    0.034608  0.084236  0.000000
   N  -4.898076  -0.693209   0.000000    0.041992  0.023480  0.000000
   C  -3.684999   1.406417   0.000000    0.013170 -0.019154  0.000000
   C  -2.444989   3.526053  -0.000000    0.021025 -0.034869 -0.000000
   C  -1.234551   5.653133   0.000000   -0.008216 -0.031947  0.000000
   N  -4.884224  -4.900453   0.000000    0.025867  0.119164  0.000000
   C  -3.680228  -2.805788   0.000000    0.014617  0.054524  0.000000
   C  -2.464527  -0.697290  -0.000000    0.007253  0.019250 -0.000000
   C  -1.231931   1.420211  -0.000000    0.000492 -0.002997 -0.000000
   C  -0.004283   3.556087  -0.000000   -0.004283 -0.000991 -0.000000
   C   1.242073   5.664920   0.000000    0.015739 -0.020159  0.000000
   C  -2.456109  -4.931367   0.000000    0.001115  0.074348  0.000000
   C  -1.224456  -2.817606  -0.000000    0.006249  0.034301 -0.000000
   C  -0.008223  -0.699116  -0.000000   -0.008223  0.016692 -0.000000
   C   1.214980   1.419257  -0.000000   -0.017443 -0.003950 -0.000000
   C   2.437081   3.528765   0.000000   -0.028934 -0.032158  0.000000
   N   3.655079   5.562946   0.000000   -0.023887 -0.131107  0.000000
   C  -0.009575  -4.957223  -0.000000   -0.009575  0.045946 -0.000000
   C   1.223162  -2.827145  -0.000000   -0.007543  0.024762 -0.000000
   C   2.449048  -0.702175  -0.000000   -0.022731  0.014365 -0.000000
   C   3.662573   1.420545  -0.000000   -0.035596 -0.005026 -0.000000
   C   4.877649   3.542679   0.000000   -0.050566 -0.037392  0.000000
   C   6.074459   5.681832   0.000000   -0.064056 -0.045414  0.000000
   C   2.441580  -4.963679  -0.000000   -0.015644  0.042036 -0.000000
   C   3.671718  -2.816691  -0.000000   -0.023127  0.043620 -0.000000
   C   4.916605  -0.698741   0.000000   -0.023463  0.017948  0.000000
   C   6.122353   1.428094   0.000000   -0.051122 -0.003691  0.000000
   C   7.280603   3.561207   0.000000   -0.077448 -0.081429  0.000000
   C   4.844830  -4.937225   0.000000   -0.065260  0.082392  0.000000
   C   6.148906  -2.841757   0.000000   -0.024736  0.047657  0.000000
   C   7.332230  -0.649561   0.000000   -0.032998  0.041578  0.000000
   C   7.266376  -4.971843   0.000000   -0.071850  0.070916  0.000000
   H   8.202289   5.433960   0.000000   -0.079895 -0.157465  0.000000
   H   8.221057   3.034243   0.000000   -0.104684 -0.106863  0.000000
   H   8.278406   1.249592   0.000000   -0.048309  0.044930  0.000000
   H   8.292501  -1.149208   0.000000   -0.034214  0.055454  0.000000
   H   8.318997  -3.157462   0.000000   -0.006744 -0.016356  0.000000
   H   8.164172  -5.576633   0.000000   -0.118012  0.014792  0.000000
   H  -8.220631   5.412211   0.000000    0.061553 -0.179214  0.000000
   H  -8.244139   2.974706   0.000000    0.081602 -0.166400  0.000000
   H  -8.244992   1.244775   0.000000    0.081723  0.040113  0.000000
   H  -8.102830  -1.108310   0.000000    0.223885  0.096352  0.000000
   H  -8.317986  -3.038981   0.000000    0.007755  0.102125  0.000000
   H  -8.178113  -5.479087   0.000000    0.104071  0.112337  0.000000
   H  -6.043637   6.662624   0.000000    0.072989 -0.156802  0.000000
   H  -3.734698   6.513651   0.000000   -0.061941 -0.273781  0.000000
   H  -1.264478   6.740543   0.000000   -0.038899 -0.037864  0.000000
   H   1.267527   6.752150   0.000000    0.041947 -0.026258  0.000000
   H   3.657136   6.583126   0.000000   -0.015621 -0.204306  0.000000
   H   6.067634   6.767204   0.000000   -0.048991 -0.052222  0.000000
   H  -6.021712  -6.675379   0.000000    0.094914  0.144048  0.000000
   H  -3.762589  -6.651190   0.000000   -0.089832  0.136241  0.000000
   H  -1.258885  -6.710870   0.000000   -0.033305  0.067538  0.000000
   H   1.221034  -6.718954  -0.000000   -0.004546  0.059453 -0.000000
   H   3.695456  -6.739184   0.000000    0.022699  0.048247  0.000000
   H   6.034673  -6.619038   0.000000   -0.081953  0.200389  0.000000
converged SCF energy = -3134.17727679884
--------------- ROKS_Scanner gradients ---------------
         x                y                z
0 C     0.0077483297     0.0064882926     0.0000000000
1 C    -0.0200540295     0.0060050917    -0.0000000000
2 C    -0.0160231226     0.0264161916    -0.0000000000
3 C    -0.0146018729     0.0096226434     0.0000000000
4 C    -0.0024121541     0.0067550049    -0.0000000000
5 C    -0.0032184838    -0.0030264520    -0.0000000000
6 C    -0.0116375242     0.0089032322     0.0000000000
7 C     0.0018491448     0.0032652669     0.0000000000
8 C     0.0026005743     0.0112994775     0.0000000000
9 C     0.0039187687    -0.0042706961    -0.0000000000
10 C     0.0014147014     0.0127336178    -0.0000000000
11 C     0.0030679369     0.0047574462    -0.0000000000
12 C    -0.0123871934     0.0019557084     0.0000000000
13 C     0.0029708892     0.0003352154     0.0000000000
14 C     0.0012655802     0.0085338116     0.0000000000
15 C     0.0073550058     0.0022183638     0.0000000000
16 C    -0.0062209272     0.0020661095     0.0000000000
17 C    -0.0000445820     0.0008385740    -0.0000000000
18 C    -0.0026244015     0.0067996294    -0.0000000000
19 C    -0.0052891489     0.0027389340     0.0000000000
20 C    -0.0051514097    -0.0017607206     0.0000000000
21 C     0.0042957095    -0.0002713858     0.0000000000
22 C    -0.0019993085     0.0060847150    -0.0000000000
23 C    -0.0055418289     0.0008176356    -0.0000000000
24 C     0.0013790894     0.0006675220    -0.0000000000
25 C    -0.0073193097     0.0051980352     0.0000000000
26 C     0.0079501665     0.0028610213    -0.0000000000
27 C    -0.0063200510    -0.0012016085     0.0000000000
28 C     0.0005275483     0.0024509429    -0.0000000000
29 C    -0.0018961139     0.0054562786    -0.0000000000
30 C    -0.0055836170     0.0029091093    -0.0000000000
31 N    -0.0008525239     0.0178006481    -0.0000000000
32 C    -0.0171357700     0.0066911391    -0.0000000000
33 C    -0.0107270534    -0.0077193842     0.0000000000
34 C    -0.0032328651    -0.0024317181    -0.0000000000
35 C    -0.0001897292     0.0071800627    -0.0000000000
36 C    -0.0024794106     0.0038184528    -0.0000000000
37 N    -0.0033266808     0.0162619574    -0.0000000000
38 C    -0.0070923732     0.0111891162    -0.0000000000
39 C     0.0031663024    -0.0171834715     0.0000000000
40 C    -0.0038663995     0.0003237227    -0.0000000000
41 N     0.0209947020     0.0187199650    -0.0000000000
42 N     0.0161906332    -0.0289934645    -0.0000000000
43 N     0.0122418206    -0.0152049923     0.0000000000
44 N     0.0055580950    -0.0281881922    -0.0000000000
45 C     0.0089998499     0.0001737364     0.0000000000
46 C     0.0009092304    -0.0145866887     0.0000000000
47 N    -0.0002314148    -0.0061394694    -0.0000000000
48 C     0.0153832752    -0.0047257622    -0.0000000000
49 C    -0.0078753279     0.0013337299    -0.0000000000
50 C     0.0143008414    -0.0008248916    -0.0000000000
51 N    -0.0105310520    -0.0047218179     0.0000000000
52 C     0.0024817016    -0.0097517436     0.0000000000
53 C    -0.0035075725    -0.0014712336     0.0000000000
54 C     0.0051127329     0.0027157610    -0.0000000000
55 C    -0.0009979863    -0.0079463849    -0.0000000000
56 C    -0.0047713452     0.0049173616    -0.0000000000
57 C    -0.0034753728    -0.0028780108    -0.0000000000
58 C     0.0048004372    -0.0016951477     0.0000000000
59 C     0.0016293270    -0.0062125385     0.0000000000
60 C     0.0000926143    -0.0006999801     0.0000000000
61 C     0.0090952557    -0.0049514726    -0.0000000000
62 N    -0.0038235284    -0.0200938397     0.0000000000
63 C     0.0024601497    -0.0048091232     0.0000000000
64 C    -0.0006682686    -0.0009863035     0.0000000000
65 C     0.0058864389    -0.0027731524     0.0000000000
66 C     0.0022596445    -0.0055413957     0.0000000000
67 C    -0.0035064190     0.0011441104     0.0000000000
68 C     0.0160534695     0.0025725840     0.0000000000
69 C     0.0142751644    -0.0001651142    -0.0000000000
70 C     0.0001091091    -0.0074464246     0.0000000000
71 C     0.0025275561    -0.0029705262     0.0000000000
72 C     0.0081103863    -0.0165245921     0.0000000000
73 C     0.0014397428    -0.0183788157     0.0000000000
74 C    -0.0064303655     0.0138172190    -0.0000000000
75 C     0.0143269716    -0.0086258052     0.0000000000
76 C    -0.0023235080    -0.0011723287     0.0000000000
77 C     0.0014113125    -0.0128461524     0.0000000000
78 H    -0.0005763528     0.0005528693     0.0000000000
79 H     0.0050276782    -0.0003993030    -0.0000000000
80 H     0.0022378629     0.0036940577     0.0000000000
81 H     0.0007219427     0.0000782203    -0.0000000000
82 H     0.0015631770     0.0004738150     0.0000000000
83 H     0.0035963717     0.0034337963    -0.0000000000
84 H    -0.0009646961    -0.0003557699     0.0000000000
85 H    -0.0039564482    -0.0041208701    -0.0000000000
86 H    -0.0043896222     0.0067262729     0.0000000000
87 H    -0.0108800141    -0.0038681931     0.0000000000
88 H    -0.0020423125     0.0020954680     0.0000000000
89 H    -0.0010019007     0.0020093116    -0.0000000000
90 H     0.0000982683     0.0023889769     0.0000000000
91 H     0.0015163397     0.0117944866     0.0000000000
92 H    -0.0003665173     0.0016088582     0.0000000000
93 H     0.0004482468     0.0020611977     0.0000000000
94 H    -0.0004052056     0.0125987852    -0.0000000000
95 H    -0.0013850677     0.0033884138     0.0000000000
96 H    -0.0027493952    -0.0027369763     0.0000000000
97 H     0.0033337233    -0.0017457725    -0.0000000000
98 H    -0.0002410217    -0.0012079374     0.0000000000
99 H     0.0002462980    -0.0009017844    -0.0000000000
100 H     0.0003989353    -0.0021609671     0.0000000000
101 H    -0.0010467378    -0.0130658749    -0.0000000000
----------------------------------------------
cycle 2: E = -3134.1772768  dE = -0.0924814  norm(grad) = 0.113266

Geometry optimization cycle 3
Cartesian coordinates (Angstrom)
 Atom        New coordinates             dX        dY        dZ
   C  -7.254423   4.907876  -0.000000    0.024872  0.032277 -0.000000
   C  -7.184096   0.633681   0.000000    0.112030 -0.108906  0.000000
   C  -6.060383   2.789392   0.000000    0.038027 -0.007981  0.000000
   C  -4.855901   4.857612   0.000000    0.043359 -0.008192  0.000000
   C  -7.323026  -3.539201   0.000000    0.024924 -0.016409  0.000000
   C  -6.050338  -1.403759   0.000000    0.045307 -0.007652  0.000000
   C  -4.847538   0.714773   0.000000    0.026757  0.015631  0.000000
   C  -3.647917   2.808197   0.000000    0.004868 -0.003794  0.000000
   C  -2.434585   4.899749   0.000000   -0.023896 -0.037572  0.000000
   C  -6.063791  -5.523859   0.000000    0.013063  0.071988  0.000000
   C  -4.901825  -3.480501   0.000000    0.010580  0.027284  0.000000
   C  -3.677626  -1.373932   0.000000    0.005197  0.026343  0.000000
   C  -2.433932   0.724848   0.000000    0.012995  0.007334  0.000000
   C  -1.219876   2.827798   0.000000    0.001768 -0.015002  0.000000
   C  -0.011368   4.948700   0.000000   -0.021649 -0.035483  0.000000
   C  -3.722764  -5.529292   0.000000   -0.020091  0.041589  0.000000
   C  -2.451918  -3.471033   0.000000    0.000839  0.032151  0.000000
   C  -1.233865  -1.389077   0.000000    0.001263  0.013366  0.000000
   C  -0.001936   0.710042   0.000000    0.004323 -0.004697  0.000000
   C   1.214668   2.834811   0.000000    0.003023 -0.004429  0.000000
   C   2.427436   4.940617   0.000000    0.006458 -0.002033  0.000000
   C  -1.266768  -5.590935   0.000000   -0.021881  0.033623  0.000000
   C  -0.008958  -3.513922   0.000000   -0.006686  0.012679  0.000000
   C   1.219976  -1.398849   0.000000   -0.002396  0.007595  0.000000
   C   2.433896   0.717293   0.000000   -0.009887  0.000071  0.000000
   C   3.652901   2.814376   0.000000   -0.011402 -0.014822  0.000000
   C   4.843806   4.910926   0.000000   -0.044760 -0.042608  0.000000
   C   1.211894  -5.609867  -0.000000   -0.008610  0.022611  0.000000
   C   2.439116  -3.512043   0.000000   -0.013465  0.015981  0.000000
   C   3.667350  -1.397391   0.000000   -0.012735  0.002907  0.000000
   C   4.896109   0.725514   0.000000   -0.009995  0.004546  0.000000
   N   6.082049   2.826417   0.000000   -0.017139 -0.013514  0.000000
   C   7.262874   4.930154   0.000000    0.015575  0.007224 -0.000000
   C   3.681802  -5.602538  -0.000000    0.007356  0.049661 -0.000000
   C   4.899687  -3.512968   0.000000   -0.012183 -0.001909  0.000000
   C   6.124840  -1.404369   0.000000   -0.026869 -0.002792  0.000000
   C   7.303514   0.714367   0.000000   -0.027325 -0.012315  0.000000
   N   6.078623  -5.609780  -0.000000    0.015004 -0.010363 -0.000000
   C   7.321967  -3.606954   0.000000   -0.018279  0.008922 -0.000000
   C  -7.236331   3.545615   0.000000    0.062399  0.048750 -0.000000
   C  -6.026942   5.564381   0.000000    0.053361 -0.015099 -0.000000
   N  -7.202962  -0.724482   0.000000    0.011182 -0.105725  0.000000
   N  -6.089304   1.420563   0.000000    0.017052  0.014869  0.000000
   N  -4.859823   3.492563   0.000000    0.019382  0.008963  0.000000
   N  -3.679673   5.517809   0.000000    0.007011  0.022590  0.000000
   C  -7.285668  -4.917290   0.000000   -0.026626 -0.011881  0.000000
   C  -6.126299  -2.786799   0.000000    0.012735  0.018379  0.000000
   N  -4.884038  -0.665062   0.000000    0.014039  0.028147  0.000000
   C  -3.684322   1.416331   0.000000    0.000677  0.009914  0.000000
   C  -2.436585   3.502331   0.000000    0.008404 -0.023722  0.000000
   C  -1.272877   5.608124   0.000000   -0.038326 -0.045009  0.000000
   N  -4.871202  -4.846522   0.000000    0.013022  0.053930  0.000000
   C  -3.678977  -2.766908   0.000000    0.001251  0.038880  0.000000
   C  -2.456123  -0.681029   0.000000    0.008404  0.016261  0.000000
   C  -1.227760   1.411706   0.000000    0.004171 -0.008504  0.000000
   C  -0.006880   3.540352   0.000000   -0.002597 -0.015736  0.000000
   C   1.231187   5.619166   0.000000   -0.010886 -0.045755  0.000000
   C  -2.469222  -4.894335   0.000000   -0.013113  0.037032  0.000000
   C  -1.227481  -2.798124   0.000000   -0.003026  0.019482  0.000000
   C  -0.008540  -0.690184   0.000000   -0.000317  0.008933  0.000000
   C   1.212473   1.418356   0.000000   -0.002508 -0.000901  0.000000
   C   2.428846   3.531646   0.000000   -0.008235  0.002881  0.000000
   N   3.650274   5.572999   0.000000   -0.004806  0.010054  0.000000
   C  -0.023065  -4.934877   0.000000   -0.013489  0.022346  0.000000
   C   1.214645  -2.814598   0.000000   -0.008517  0.012547  0.000000
   C   2.436345  -0.696088   0.000000   -0.012703  0.006087  0.000000
   C   3.648657   1.419681   0.000000   -0.013916 -0.000863  0.000000
   C   4.859493   3.513116   0.000000   -0.018156 -0.029563  0.000000
   C   6.028963   5.616261   0.000000   -0.045497 -0.065572 -0.000000
   C   2.422481  -4.938487   0.000000   -0.019098  0.025192  0.000000
   C   3.661405  -2.806875   0.000000   -0.010313  0.009817  0.000000
   C   4.896968  -0.691357   0.000000   -0.019638  0.007384  0.000000
   C   6.102281   1.436978   0.000000   -0.020072  0.008884  0.000000
   C   7.238998   3.587761   0.000000   -0.041605  0.026554 -0.000000
   C   4.870435  -4.946748  -0.000000    0.025604 -0.009522 -0.000000
   C   6.114920  -2.831585   0.000000   -0.033985  0.010172  0.000000
   C   7.307564  -0.658684   0.000000   -0.024665 -0.009123  0.000000
   C   7.247279  -4.943224  -0.000000   -0.019097  0.028620 -0.000000
   H   8.214068   5.444473  -0.000000    0.011780  0.010514 -0.000000
   H   8.157339   3.042796   0.000000   -0.063718  0.008552 -0.000000
   H   8.255192   1.213143   0.000000   -0.023214 -0.036449 -0.000000
   H   8.263874  -1.159795   0.000000   -0.028627 -0.010587  0.000000
   H   8.296417  -3.150726   0.000000   -0.022580  0.006737 -0.000000
   H   8.129170  -5.564038  -0.000000   -0.035002  0.012595 -0.000000
   H  -8.187197   5.453091  -0.000000    0.033435  0.040880 -0.000000
   H  -8.181090   3.045447   0.000000    0.063049  0.070740 -0.000000
   H  -8.141007   1.085990   0.000000    0.103984 -0.158785  0.000000
   H  -8.052820  -1.208208   0.000000    0.050010 -0.099899  0.000000
   H  -8.288811  -3.059908   0.000000    0.029175 -0.020927  0.000000
   H  -8.183930  -5.519874   0.000000   -0.005817 -0.040787  0.000000
   H  -5.967070   6.640542  -0.000000    0.076567 -0.022082 -0.000000
   H  -3.733930   6.498852   0.000000    0.000768 -0.014799  0.000000
   H  -1.306994   6.691467   0.000000   -0.042516 -0.049077  0.000000
   H   1.240885   6.701915   0.000000   -0.026643 -0.050235  0.000000
   H   3.673789   6.554626   0.000000    0.016653 -0.028500  0.000000
   H   6.003345   6.694228   0.000000   -0.064289 -0.072976 -0.000000
   H  -5.949907  -6.591780   0.000000    0.071804  0.083599  0.000000
   H  -3.828985  -6.600682   0.000000   -0.066396  0.050508  0.000000
   H  -1.287238  -6.673493   0.000000   -0.028354  0.037377  0.000000
   H   1.214529  -6.693199  -0.000000   -0.006505  0.025756 -0.000000
   H   3.689127  -6.684710  -0.000000   -0.006329  0.054474 -0.000000
   H   6.070719  -6.591001  -0.000000    0.036047  0.028037 -0.000000
converged SCF energy = -3134.1685827623
--------------- ROKS_Scanner gradients ---------------
         x                y                z
0 C    -0.0093365521     0.0043365361    -0.0000000000
1 C     0.0343727918    -0.0238815522     0.0000000000
2 C     0.0096600512    -0.0056374056     0.0000000000
3 C     0.0148406646    -0.0012921403     0.0000000000
4 C     0.0122769777    -0.0124635128    -0.0000000000
5 C     0.0064572815     0.0127286381    -0.0000000000
6 C     0.0027028557     0.0064777882     0.0000000000
7 C     0.0012730464    -0.0005317619    -0.0000000000
8 C    -0.0045990867    -0.0093437631    -0.0000000000
9 C     0.0060291132     0.0237707951    -0.0000000000
10 C    -0.0018245217    -0.0004574962     0.0000000000
11 C    -0.0034650683     0.0037699542     0.0000000000
12 C    -0.0007574598     0.0011576870    -0.0000000000
13 C    -0.0007121340     0.0004010552    -0.0000000000
14 C    -0.0019115013    -0.0017761629    -0.0000000000
15 C    -0.0110508648     0.0058906454    -0.0000000000
16 C     0.0012332252     0.0024787286     0.0000000000
17 C    -0.0003562808    -0.0010772507    -0.0000000000
18 C     0.0003417503    -0.0005192113    -0.0000000000
19 C     0.0003870420     0.0002529075    -0.0000000000
20 C     0.0072116667     0.0016929874    -0.0000000000
21 C    -0.0024597450     0.0018347391     0.0000000000
22 C    -0.0007844610     0.0004832062     0.0000000000
23 C     0.0002150026     0.0006371977     0.0000000000
24 C    -0.0000561435     0.0004768949    -0.0000000000
25 C     0.0007018533     0.0013084482    -0.0000000000
26 C    -0.0159598656    -0.0052243264     0.0000000000
27 C    -0.0014933935     0.0012120858     0.0000000000
28 C     0.0009556106    -0.0001178757    -0.0000000000
29 C    -0.0010282839     0.0005020801     0.0000000000
30 C     0.0022842564     0.0033870694     0.0000000000
31 N     0.0016684307    -0.0075510661     0.0000000000
32 C     0.0172906735     0.0018805594     0.0000000000
33 C     0.0030163622     0.0114985845    -0.0000000000
34 C    -0.0050048001    -0.0037843254    -0.0000000000
35 C     0.0006314103     0.0010084697     0.0000000000
36 C    -0.0015951840     0.0018860449     0.0000000000
37 N     0.0085039225    -0.0216365133    -0.0000000000
38 C     0.0012565148    -0.0058896909     0.0000000000
39 C     0.0143107355     0.0067096084    -0.0000000000
40 C     0.0051449156    -0.0133631290    -0.0000000000
41 N    -0.0379649299    -0.0368371139    -0.0000000000
42 N    -0.0109509113     0.0201503540    -0.0000000000
43 N    -0.0098459705     0.0063185485    -0.0000000000
44 N    -0.0104189512     0.0254102473    -0.0000000000
45 C    -0.0162743302    -0.0095492667     0.0000000000
46 C    -0.0117754943     0.0163552091     0.0000000000
47 N     0.0026117366     0.0026259081    -0.0000000000
48 C    -0.0075703717     0.0009211995     0.0000000000
49 C     0.0045569453     0.0013511406     0.0000000000
50 C    -0.0094754223    -0.0051775514     0.0000000000
51 N     0.0093953304    -0.0073319299     0.0000000000
52 C    -0.0010281948    -0.0013342749    -0.0000000000
53 C    -0.0020509359     0.0005135739     0.0000000000
54 C     0.0008264912    -0.0010816656     0.0000000000
55 C     0.0005241995    -0.0006953512     0.0000000000
56 C     0.0029231218    -0.0080762054     0.0000000000
57 C    -0.0002155893     0.0022130615    -0.0000000000
58 C     0.0006287390    -0.0002484364    -0.0000000000
59 C    -0.0003100927     0.0000209166    -0.0000000000
60 C    -0.0016231613    -0.0003178199     0.0000000000
61 C    -0.0017571170     0.0038563772     0.0000000000
62 N     0.0063300793     0.0243491034    -0.0000000000
63 C     0.0024431899    -0.0004826331    -0.0000000000
64 C    -0.0011833285    -0.0011428429    -0.0000000000
65 C     0.0004033781     0.0012234327    -0.0000000000
66 C     0.0010290068     0.0019198945     0.0000000000
67 C     0.0059313363     0.0006757649    -0.0000000000
68 C    -0.0045317098    -0.0156108336    -0.0000000000
69 C    -0.0029993531    -0.0009697641     0.0000000000
70 C     0.0000328324     0.0015347283    -0.0000000000
71 C    -0.0020420907    -0.0005099853    -0.0000000000
72 C    -0.0020976459     0.0007213575    -0.0000000000
73 C    -0.0157362804     0.0122243887    -0.0000000000
74 C     0.0102035001    -0.0056411300     0.0000000000
75 C    -0.0005827088    -0.0019835621    -0.0000000000
76 C     0.0006784717    -0.0022348958    -0.0000000000
77 C    -0.0128313415     0.0071061599    -0.0000000000
78 H     0.0013318272    -0.0000957637    -0.0000000000
79 H    -0.0039043673     0.0042663507     0.0000000000
80 H    -0.0024593657    -0.0017611612    -0.0000000000
81 H    -0.0009726175     0.0002942079     0.0000000000
82 H    -0.0009896315    -0.0011350625    -0.0000000000
83 H    -0.0026507277     0.0013189275     0.0000000000
84 H     0.0000569111     0.0000779963     0.0000000000
85 H     0.0049850702     0.0068330116     0.0000000000
86 H     0.0087836639    -0.0080962782     0.0000000000
87 H     0.0195727620     0.0080361337     0.0000000000
88 H     0.0028030361    -0.0020157007     0.0000000000
89 H    -0.0008981371    -0.0004599649    -0.0000000000
90 H    -0.0001804719    -0.0030404658     0.0000000000
91 H     0.0002321311    -0.0205929366     0.0000000000
92 H    -0.0009308660    -0.0013638535     0.0000000000
93 H     0.0004469237    -0.0024518318     0.0000000000
94 H    -0.0008933995    -0.0218380371     0.0000000000
95 H    -0.0000694540    -0.0036684703    -0.0000000000
96 H     0.0003804968     0.0041216231    -0.0000000000
97 H    -0.0014222896     0.0018632445    -0.0000000000
98 H    -0.0002107148     0.0013860884    -0.0000000000
99 H     0.0002243844     0.0012856392    -0.0000000000
100 H     0.0011102176     0.0032230811     0.0000000000
101 H     0.0000380934     0.0222778533     0.0000000000
----------------------------------------------
cycle 3: E = -3134.16858276  dE = 0.00869404  norm(grad) = 0.122487

Geometry optimization cycle 4
Cartesian coordinates (Angstrom)
 Atom        New coordinates             dX        dY        dZ
   C  -7.262182   4.900262  -0.000000   -0.007759 -0.007614  0.000000
   C  -7.238118   0.706441   0.000000   -0.054022  0.072760  0.000000
   C  -6.077774   2.796813   0.000000   -0.017392  0.007421  0.000000
   C  -4.871666   4.871412   0.000000   -0.015765  0.013800  0.000000
   C  -7.332554  -3.527068   0.000000   -0.009528  0.012133 -0.000000
   C  -6.069814  -1.398264   0.000000   -0.019476  0.005495 -0.000000
   C  -4.861170   0.704321   0.000000   -0.013632 -0.010452 -0.000000
   C  -3.658156   2.809745   0.000000   -0.010239  0.001548  0.000000
   C  -2.433354   4.912832   0.000000    0.001231  0.013083  0.000000
   C  -6.064952  -5.566032   0.000000   -0.001161 -0.042172 -0.000000
   C  -4.903473  -3.500136   0.000000   -0.001649 -0.019635 -0.000000
   C  -3.678715  -1.390829   0.000000   -0.001089 -0.016897 -0.000000
   C  -2.437556   0.717482   0.000000   -0.003623 -0.007366  0.000000
   C  -1.224275   2.829836   0.000000   -0.004399  0.002038  0.000000
   C  -0.010036   4.957719   0.000000    0.001332  0.009019  0.000000
   C  -3.712670  -5.557148   0.000000    0.010094 -0.027856 -0.000000
   C  -2.448978  -3.491376   0.000000    0.002940 -0.020343 -0.000000
   C  -1.231586  -1.399002   0.000000    0.002278 -0.009925 -0.000000
   C  -0.002340   0.707001   0.000000   -0.000404 -0.003040  0.000000
   C   1.214149   2.834766   0.000000   -0.000519 -0.000045 -0.000000
   C   2.422281   4.943413   0.000000   -0.005155  0.002796 -0.000000
   C  -1.256061  -5.611850   0.000000    0.010708 -0.020915 -0.000000
   C  -0.003505  -3.524931   0.000000    0.005453 -0.011009 -0.000000
   C   1.224126  -1.405597   0.000000    0.004150 -0.006748 -0.000000
   C   2.437555   0.715247   0.000000    0.003659 -0.002046 -0.000000
   C   3.659725   2.819307   0.000000    0.006824  0.004931 -0.000000
   C   4.856468   4.931019   0.000000    0.012661  0.020093 -0.000000
   C   1.218479  -5.622198  -0.000000    0.006585 -0.012330  0.000000
   C   2.446667  -3.522227   0.000000    0.007552 -0.010184  0.000000
   C   3.673864  -1.402071   0.000000    0.006514 -0.004680 -0.000000
   C   4.901352   0.723858   0.000000    0.005243 -0.001656 -0.000000
   N   6.093476   2.832924   0.000000    0.011427  0.006507 -0.000000
   C   7.251448   4.931504   0.000000   -0.011426  0.001351 -0.000000
   C   3.684664  -5.625057  -0.000000    0.002863 -0.022518  0.000000
   C   4.908080  -3.517017   0.000000    0.008393 -0.004049  0.000000
   C   6.133706  -1.407501   0.000000    0.008866 -0.003132 -0.000000
   C   7.311557   0.714973   0.000000    0.008043  0.000606 -0.000000
   N   6.082528  -5.613406  -0.000000    0.003905 -0.003626  0.000000
   C   7.332691  -3.613952   0.000000    0.010724 -0.006998  0.000000
   C  -7.268681   3.534227   0.000000   -0.032350 -0.011388  0.000000
   C  -6.046905   5.584023   0.000000   -0.019964  0.019641  0.000000
   N  -7.199035  -0.654614   0.000000    0.003927  0.069868 -0.000000
   N  -6.098536   1.428096   0.000000   -0.009232  0.007532  0.000000
   N  -4.872856   3.500036   0.000000   -0.013033  0.007473  0.000000
   N  -3.683184   5.526559   0.000000   -0.003512  0.008749  0.000000
   C  -7.262776  -4.907546   0.000000    0.022892  0.009744 -0.000000
   C  -6.126193  -2.793514   0.000000    0.000106 -0.006716 -0.000000
   N  -4.889160  -0.678767   0.000000   -0.005123 -0.013706 -0.000000
   C  -3.690013   1.410002   0.000000   -0.005691 -0.006329  0.000000
   C  -2.443867   3.508231   0.000000   -0.007282  0.005900  0.000000
   C  -1.266623   5.623083   0.000000    0.006253  0.014960  0.000000
   N  -4.872504  -4.874949   0.000000   -0.001302 -0.028427 -0.000000
   C  -3.677602  -2.786854   0.000000    0.001375 -0.019947 -0.000000
   C  -2.456336  -0.692587   0.000000   -0.000213 -0.011558 -0.000000
   C  -1.230721   1.409954   0.000000   -0.002961 -0.001752  0.000000
   C  -0.008305   3.544567   0.000000   -0.001425  0.004215  0.000000
   C   1.229458   5.632886   0.000000   -0.001730  0.013720 -0.000000
   C  -2.461161  -4.917411   0.000000    0.008061 -0.023075 -0.000000
   C  -1.225158  -2.811119   0.000000    0.002323 -0.012995 -0.000000
   C  -0.006285  -0.696563   0.000000    0.002255 -0.006379 -0.000000
   C   1.213847   1.416591   0.000000    0.001374 -0.001765 -0.000000
   C   2.430570   3.531480   0.000000    0.001723 -0.000166 -0.000000
   N   3.647908   5.576232   0.000000   -0.002366  0.003233 -0.000000
   C  -0.017236  -4.947688   0.000000    0.005828 -0.012812 -0.000000
   C   1.220813  -2.823432   0.000000    0.006168 -0.008834 -0.000000
   C   2.441201  -0.700681   0.000000    0.004856 -0.004593 -0.000000
   C   3.653365   1.420119   0.000000    0.004708  0.000438 -0.000000
   C   4.868672   3.525337   0.000000    0.009179  0.012221 -0.000000
   C   6.036797   5.649942   0.000000    0.007834  0.033682 -0.000000
   C   2.430267  -4.952070   0.000000    0.007786 -0.013582  0.000000
   C   3.668382  -2.813313   0.000000    0.006977 -0.006438  0.000000
   C   4.904614  -0.694601   0.000000    0.007646 -0.003244 -0.000000
   C   6.108932   1.439160   0.000000    0.006651  0.002182 -0.000000
   C   7.260516   3.582968   0.000000    0.021517 -0.004792 -0.000000
   C   4.868916  -4.952715  -0.000000   -0.001519 -0.005967  0.000000
   C   6.125946  -2.836682   0.000000    0.011025 -0.005097 -0.000000
   C   7.315692  -0.658519   0.000000    0.008127  0.000165 -0.000000
   C   7.264971  -4.957514   0.000000    0.017692 -0.014290  0.000000
   H   8.202362   5.446173  -0.000000   -0.011707  0.001700 -0.000000
   H   8.184502   3.040882   0.000000    0.027163 -0.001914 -0.000000
   H   8.264790   1.214745  -0.000000    0.009599  0.001602 -0.000000
   H   8.273444  -1.158911   0.000000    0.009570  0.000884 -0.000000
   H   8.306508  -3.153603   0.000000    0.010091 -0.002877  0.000000
   H   8.147117  -5.581547  -0.000000    0.017947 -0.017509  0.000000
   H  -8.196212   5.444221  -0.000000   -0.009015 -0.008870  0.000000
   H  -8.214904   3.027572   0.000000   -0.033815 -0.017875  0.000000
   H  -8.195187   1.173837   0.000000   -0.054179  0.087846  0.000000
   H  -8.065612  -1.139314   0.000000   -0.012792  0.068894 -0.000000
   H  -8.301721  -3.050074   0.000000   -0.012910  0.009834 -0.000000
   H  -8.166454  -5.501917   0.000000    0.017476  0.017957 -0.000000
   H  -5.997722   6.662734  -0.000000   -0.030652  0.022192  0.000000
   H  -3.735109   6.522507   0.000000   -0.001179  0.023655  0.000000
   H  -1.295774   6.707517   0.000000    0.011221  0.016051  0.000000
   H   1.240541   6.717161   0.000000   -0.000344  0.015246  0.000000
   H   3.664492   6.573363   0.000000   -0.009298  0.018738 -0.000000
   H   6.020531   6.730277   0.000000    0.017186  0.036049 -0.000000
   H  -5.970762  -6.638588   0.000000   -0.020854 -0.046808 -0.000000
   H  -3.811066  -6.630794   0.000000    0.017919 -0.030113 -0.000000
   H  -1.271228  -6.695577   0.000000    0.016011 -0.022083 -0.000000
   H   1.220323  -6.706573  -0.000000    0.005794 -0.013375  0.000000
   H   3.692749  -6.709196  -0.000000    0.003622 -0.024486  0.000000
   H   6.070643  -6.610081  -0.000000   -0.000076 -0.019080  0.000000
converged SCF energy = -3134.18588028873
--------------- ROKS_Scanner gradients ---------------
         x                y                z
0 C    -0.0028433700     0.0010564922    -0.0000000000
1 C     0.0075126951    -0.0038670898    -0.0000000000
2 C     0.0010923520    -0.0022410623     0.0000000000
3 C     0.0060948056    -0.0010363171    -0.0000000000
4 C     0.0014730819    -0.0015890711     0.0000000000
5 C     0.0021266550    -0.0002938902     0.0000000000
6 C    -0.0012414921     0.0032078362     0.0000000000
7 C    -0.0012693133     0.0012489108     0.0000000000
8 C    -0.0038187706    -0.0047389293     0.0000000000
9 C     0.0038100969     0.0039521778     0.0000000000
10 C    -0.0003346248     0.0003778776     0.0000000000
11 C    -0.0012821917     0.0009079170    -0.0000000000
12 C    -0.0002273888     0.0003467929    -0.0000000000
13 C    -0.0005605471    -0.0002359577    -0.0000000000
14 C    -0.0013185711     0.0000239849    -0.0000000000
15 C    -0.0036373296     0.0007264991    -0.0000000000
16 C    -0.0000452848     0.0009905079    -0.0000000000
17 C     0.0005771179    -0.0004622460    -0.0000000000
18 C     0.0004278104     0.0000266084    -0.0000000000
19 C     0.0000810151     0.0002144508    -0.0000000000
20 C     0.0032909567     0.0005258818    -0.0000000000
21 C    -0.0008015297     0.0002175464     0.0000000000
22 C     0.0000217254     0.0005983270    -0.0000000000
23 C    -0.0000595866     0.0002725612    -0.0000000000
24 C     0.0001720732    -0.0001183154    -0.0000000000
25 C     0.0002260789     0.0009987515    -0.0000000000
26 C    -0.0064498622    -0.0022581828    -0.0000000000
27 C    -0.0012379394     0.0007558365     0.0000000000
28 C     0.0008321885     0.0001525810     0.0000000000
29 C    -0.0005334607     0.0004194419     0.0000000000
30 C     0.0009347266     0.0018750087     0.0000000000
31 N     0.0025876295    -0.0004664007    -0.0000000000
32 C     0.0052653944     0.0007156983     0.0000000000
33 C     0.0000171238     0.0050490255    -0.0000000000
34 C    -0.0025056961    -0.0016620584     0.0000000000
35 C     0.0003214098     0.0009923204     0.0000000000
36 C    -0.0011834414     0.0011632983     0.0000000000
37 N     0.0039858502    -0.0067010060    -0.0000000000
38 C    -0.0004691684    -0.0007915101     0.0000000000
39 C     0.0047662465     0.0001656161    -0.0000000000
40 C     0.0022666832    -0.0029107773     0.0000000000
41 N    -0.0090435020    -0.0044159714    -0.0000000000
42 N    -0.0027636581     0.0043857172    -0.0000000000
43 N    -0.0037814307     0.0014318023     0.0000000000
44 N    -0.0030904872     0.0119586634    -0.0000000000
45 C    -0.0025653309    -0.0014652056    -0.0000000000
46 C    -0.0008806490     0.0028405868    -0.0000000000
47 N     0.0003077911     0.0005133756    -0.0000000000
48 C    -0.0017012457    -0.0021724819     0.0000000000
49 C     0.0032120363     0.0001594423    -0.0000000000
50 C    -0.0035785002    -0.0015622640    -0.0000000000
51 N     0.0018842417    -0.0026001531     0.0000000000
52 C    -0.0000251022    -0.0013654631     0.0000000000
53 C    -0.0007884197    -0.0001482763     0.0000000000
54 C     0.0008082131    -0.0008688497     0.0000000000
55 C     0.0009202644    -0.0007373115     0.0000000000
56 C     0.0005898115    -0.0037470882     0.0000000000
57 C    -0.0001998421     0.0010037545     0.0000000000
58 C     0.0004471078     0.0000230543     0.0000000000
59 C     0.0000098516    -0.0004701224     0.0000000000
60 C    -0.0009077836    -0.0002562484     0.0000000000
61 C    -0.0006434897     0.0015228066     0.0000000000
62 N     0.0026130261     0.0089970310    -0.0000000000
63 C     0.0005061480    -0.0005960179    -0.0000000000
64 C    -0.0008059825    -0.0004746572     0.0000000000
65 C     0.0003668874     0.0005932338    -0.0000000000
66 C     0.0002458028     0.0003311654    -0.0000000000
67 C     0.0028862311    -0.0006594783    -0.0000000000
68 C    -0.0016341833    -0.0042590376     0.0000000000
69 C    -0.0011734537    -0.0010293797     0.0000000000
70 C     0.0001087871     0.0003942722    -0.0000000000
71 C    -0.0011570260    -0.0005511342    -0.0000000000
72 C    -0.0011349650    -0.0005159610    -0.0000000000
73 C    -0.0052383058     0.0021343029    -0.0000000000
74 C     0.0048619748    -0.0019686776    -0.0000000000
75 C     0.0003025279    -0.0006634646    -0.0000000000
76 C     0.0005124831    -0.0018033110    -0.0000000000
77 C    -0.0044408048     0.0008055916    -0.0000000000
78 H     0.0001636105    -0.0004492846    -0.0000000000
79 H    -0.0012392567     0.0018129021    -0.0000000000
80 H    -0.0012921996    -0.0009481379    -0.0000000000
81 H    -0.0004437248     0.0000595286     0.0000000000
82 H    -0.0004622054    -0.0007506159    -0.0000000000
83 H    -0.0007909572     0.0005038532     0.0000000000
84 H     0.0004330686    -0.0003971230    -0.0000000000
85 H     0.0013294456     0.0022024620     0.0000000000
86 H     0.0023154882    -0.0016873959    -0.0000000000
87 H     0.0067182570     0.0027835575     0.0000000000
88 H     0.0006003247    -0.0004557002    -0.0000000000
89 H     0.0004241131     0.0003345398     0.0000000000
90 H     0.0002341282    -0.0008444100    -0.0000000000
91 H    -0.0001466256    -0.0061787048    -0.0000000000
92 H    -0.0005677963    -0.0005202754     0.0000000000
93 H     0.0002283500    -0.0009999645     0.0000000000
94 H    -0.0003261629    -0.0067549778     0.0000000000
95 H    -0.0004903289    -0.0010582608    -0.0000000000
96 H     0.0002365761     0.0009360733    -0.0000000000
97 H    -0.0006569455     0.0007085565     0.0000000000
98 H    -0.0001890865     0.0005067901    -0.0000000000
99 H     0.0001780405     0.0005752101    -0.0000000000
100 H     0.0006456663     0.0012389877    -0.0000000000
101 H    -0.0000040663     0.0069753162     0.0000000000
----------------------------------------------
cycle 4: E = -3134.18588029  dE = -0.0172975  norm(grad) = 0.0358888

Geometry optimization cycle 5
