1721677827.0529838

Geometry optimization cycle 1
Cartesian coordinates (Angstrom)
 Atom        New coordinates             dX        dY        dZ
   C  -7.338226   5.042760   0.000000    0.000000  0.000000  0.000000
   C  -7.365228   0.691139   0.000000    0.000000  0.000000  0.000000
   C  -6.173642   2.889413   0.000000    0.000000  0.000000  0.000000
   C  -4.910090   5.019617   0.000000    0.000000  0.000000  0.000000
   C  -7.358051  -3.642635   0.000000    0.000000  0.000000  0.000000
   C  -6.173475  -1.431785   0.000000    0.000000  0.000000  0.000000
   C  -4.940069   0.716689   0.000000    0.000000  0.000000  0.000000
   C  -3.694845   2.860312   0.000000    0.000000  0.000000  0.000000
   C  -2.457224   5.005715   0.000000    0.000000  0.000000  0.000000
   C  -6.138515  -5.727246   0.000000    0.000000  0.000000  0.000000
   C  -4.928214  -3.580071   0.000000    0.000000  0.000000  0.000000
   C  -3.698169  -1.425571   0.000000    0.000000  0.000000  0.000000
   C  -2.471779   0.716540   0.000000    0.000000  0.000000  0.000000
   C  -1.230705   2.851907   0.000000    0.000000 -0.000000  0.000000
   C   0.000000   5.003169   0.000000    0.000000  0.000000  0.000000
   N  -3.678966  -5.694052   0.000000    0.000000  0.000000  0.000000
   C  -2.466015  -3.560923   0.000000    0.000000  0.000000  0.000000
   C  -1.232423  -1.423207   0.000000    0.000000  0.000000  0.000000
   C   0.000000   0.715809   0.000000    0.000000  0.000000  0.000000
   C   1.230705   2.851907   0.000000    0.000000 -0.000000  0.000000
   C   2.457224   5.005715   0.000000    0.000000  0.000000  0.000000
   C  -1.226334  -5.685080   0.000000    0.000000  0.000000  0.000000
   C   0.000000  -3.557079   0.000000    0.000000  0.000000  0.000000
   C   1.232423  -1.423207   0.000000    0.000000  0.000000  0.000000
   C   2.471779   0.716540   0.000000    0.000000  0.000000  0.000000
   N   3.694845   2.860312   0.000000    0.000000  0.000000  0.000000
   C   4.910090   5.019617   0.000000    0.000000  0.000000  0.000000
   C   1.226334  -5.685080   0.000000    0.000000  0.000000  0.000000
   C   2.466015  -3.560923   0.000000    0.000000  0.000000  0.000000
   C   3.698169  -1.425571   0.000000    0.000000  0.000000  0.000000
   C   4.940069   0.716689   0.000000    0.000000  0.000000  0.000000
   C   6.173642   2.889413   0.000000    0.000000  0.000000  0.000000
   C   7.338226   5.042760   0.000000    0.000000  0.000000  0.000000
   C   3.678966  -5.694052   0.000000    0.000000  0.000000  0.000000
   C   4.928214  -3.580071   0.000000    0.000000  0.000000  0.000000
   C   6.173475  -1.431785   0.000000   -0.000000  0.000000  0.000000
   C   7.365228   0.691139   0.000000    0.000000  0.000000  0.000000
   C   6.138515  -5.727246   0.000000    0.000000  0.000000  0.000000
   C   7.358051  -3.642635   0.000000   -0.000000  0.000000  0.000000
   C  -7.358051   3.642635   0.000000    0.000000  0.000000  0.000000
   C  -6.138515   5.727246   0.000000    0.000000  0.000000  0.000000
   C  -7.365228  -0.691139   0.000000    0.000000  0.000000  0.000000
   C  -6.173475   1.431785   0.000000    0.000000  0.000000  0.000000
   C  -4.928214   3.580071   0.000000    0.000000 -0.000000  0.000000
   C  -3.678966   5.694052   0.000000    0.000000  0.000000  0.000000
   C  -7.338226  -5.042760   0.000000    0.000000  0.000000  0.000000
   N  -6.173642  -2.889413   0.000000    0.000000  0.000000  0.000000
   C  -4.940069  -0.716689   0.000000    0.000000  0.000000  0.000000
   C  -3.698169   1.425571   0.000000    0.000000  0.000000  0.000000
   C  -2.466015   3.560923   0.000000    0.000000 -0.000000  0.000000
   C  -1.226334   5.685080   0.000000    0.000000  0.000000  0.000000
   N  -4.910090  -5.019617   0.000000    0.000000  0.000000  0.000000
   C  -3.694845  -2.860312   0.000000    0.000000  0.000000  0.000000
   C  -2.471779  -0.716540   0.000000    0.000000  0.000000  0.000000
   C  -1.232423   1.423207   0.000000    0.000000  0.000000  0.000000
   C   0.000000   3.557079   0.000000    0.000000  0.000000  0.000000
   C   1.226334   5.685080   0.000000    0.000000  0.000000  0.000000
   C  -2.457224  -5.005715   0.000000    0.000000  0.000000  0.000000
   C  -1.230705  -2.851907   0.000000    0.000000  0.000000  0.000000
   C   0.000000  -0.715809   0.000000    0.000000  0.000000  0.000000
   C   1.232423   1.423207   0.000000    0.000000  0.000000  0.000000
   C   2.466015   3.560923   0.000000    0.000000 -0.000000  0.000000
   C   3.678966   5.694052   0.000000    0.000000  0.000000  0.000000
   C   0.000000  -5.003169   0.000000    0.000000  0.000000  0.000000
   C   1.230705  -2.851907   0.000000    0.000000  0.000000  0.000000
   C   2.471779  -0.716540   0.000000    0.000000  0.000000  0.000000
   C   3.698169   1.425571   0.000000    0.000000  0.000000  0.000000
   N   4.928214   3.580071   0.000000    0.000000 -0.000000  0.000000
   C   6.138515   5.727246   0.000000    0.000000  0.000000  0.000000
   C   2.457224  -5.005715   0.000000    0.000000  0.000000  0.000000
   C   3.694845  -2.860312   0.000000    0.000000  0.000000  0.000000
   C   4.940069  -0.716689   0.000000    0.000000  0.000000  0.000000
   N   6.173475   1.431785   0.000000   -0.000000  0.000000  0.000000
   N   7.358051   3.642635   0.000000   -0.000000  0.000000  0.000000
   C   4.910090  -5.019617   0.000000    0.000000  0.000000  0.000000
   C   6.173642  -2.889413   0.000000    0.000000  0.000000  0.000000
   C   7.365228  -0.691139   0.000000    0.000000  0.000000  0.000000
   C   7.338226  -5.042760   0.000000    0.000000  0.000000  0.000000
   H   8.282184   5.591425   0.000000    0.000000 -0.000000  0.000000
   H   8.325741   3.141106   0.000000    0.000000  0.000000  0.000000
   H   8.326715   1.204661   0.000000    0.000000  0.000000  0.000000
   H   8.326715  -1.204661   0.000000    0.000000  0.000000  0.000000
   H   8.325741  -3.141106   0.000000    0.000000  0.000000  0.000000
   H   8.282184  -5.591425   0.000000    0.000000  0.000000  0.000000
   H  -8.282184   5.591425   0.000000    0.000000 -0.000000  0.000000
   H  -8.325741   3.141106   0.000000    0.000000  0.000000  0.000000
   H  -8.326715   1.204661   0.000000    0.000000  0.000000  0.000000
   H  -8.326715  -1.204661   0.000000    0.000000  0.000000  0.000000
   H  -8.325741  -3.141106   0.000000    0.000000  0.000000  0.000000
   H  -8.282184  -5.591425   0.000000    0.000000  0.000000  0.000000
   H  -6.116625   6.819427   0.000000    0.000000  0.000000  0.000000
   H  -3.672757   6.787431   0.000000    0.000000  0.000000  0.000000
   H  -1.225580   6.778408   0.000000    0.000000 -0.000000  0.000000
   H   1.225580   6.778408   0.000000    0.000000 -0.000000  0.000000
   H   3.672757   6.787431   0.000000    0.000000  0.000000  0.000000
   H   6.116625   6.819427   0.000000   -0.000000  0.000000  0.000000
   H  -6.116625  -6.819427   0.000000    0.000000  0.000000  0.000000
   H  -3.672757  -6.787431   0.000000    0.000000  0.000000  0.000000
   H  -1.225580  -6.778408   0.000000    0.000000  0.000000  0.000000
   H   1.225580  -6.778408   0.000000    0.000000  0.000000  0.000000
   H   3.672757  -6.787431   0.000000    0.000000  0.000000  0.000000
   H   6.116625  -6.819427   0.000000   -0.000000  0.000000  0.000000
converged SCF energy = -3100.75598713626
--------------- ROKS_Scanner gradients ---------------
         x                y                z
0 C    -0.0062577749     0.0006188906    -0.0000000000
1 C    -0.0084954644    -0.0002144660    -0.0000000000
2 C     0.0046190393    -0.0050882134    -0.0000000000
3 C    -0.0020027037    -0.0008948478    -0.0000000000
4 C     0.0143661929     0.0131705252    -0.0000000000
5 C    -0.0035298536     0.0136983079    -0.0000000000
6 C     0.0018452248    -0.0005134015    -0.0000000000
7 C     0.0027452727     0.0025724730    -0.0000000000
8 C     0.0080370926    -0.0012266185    -0.0000000000
9 C    -0.0122297550     0.0053793697    -0.0000000000
10 C    -0.0028713337     0.0042049654    -0.0000000000
11 C     0.0028199297     0.0004150278    -0.0000000000
12 C    -0.0018058624    -0.0018531753    -0.0000000000
13 C     0.0011554819     0.0008264908     0.0000000000
14 C     0.0197490066     0.0056609331    -0.0000000000
15 N    -0.0048259763     0.0348040319    -0.0000000000
16 C    -0.0060708924     0.0133930847    -0.0000000000
17 C    -0.0020288461    -0.0024029542    -0.0000000000
18 C    -0.0064670946    -0.0010270897     0.0000000000
19 C    -0.0144784423    -0.0022226479    -0.0000000000
20 C     0.0365595594     0.0130383278    -0.0000000000
21 C     0.0468383018    -0.0012783561     0.0000000000
22 C     0.0000048843     0.0031017686     0.0000000000
23 C    -0.0016745189    -0.0021620998    -0.0000000000
24 C     0.0032488072    -0.0071235891     0.0000000000
25 N     0.0280217482     0.0239531639    -0.0000000000
26 C     0.0575870816    -0.0024458559     0.0000000000
27 C     0.0181300178    -0.0046911959     0.0000000000
28 C     0.0034249588     0.0004666715    -0.0000000000
29 C    -0.0031615319    -0.0043568862    -0.0000000000
30 C     0.0255538878    -0.0006273614     0.0000000000
31 C     0.0074802152     0.0734272589    -0.0000000000
32 C     0.0271165360    -0.0051213337    -0.0000000000
33 C     0.0044527788    -0.0037621724     0.0000000000
34 C     0.0047607111     0.0028369993    -0.0000000000
35 C     0.0078191033     0.0140328465    -0.0000000000
36 C    -0.0056361746     0.0169121244    -0.0000000000
37 C    -0.0035532047    -0.0008582131    -0.0000000000
38 C     0.0009481855    -0.0011317511    -0.0000000000
39 C    -0.0002127898     0.0024199464     0.0000000000
40 C     0.0040722198     0.0023395893     0.0000000000
41 C     0.0051629916     0.0142961299     0.0000000000
42 C     0.0015739600     0.0021421303     0.0000000000
43 C    -0.0006249346    -0.0003743383     0.0000000000
44 C    -0.0027586341     0.0029355652     0.0000000000
45 C    -0.0166437792    -0.0219866696     0.0000000000
46 N    -0.0297679070    -0.0001116456     0.0000000000
47 C    -0.0014923447     0.0073859245     0.0000000000
48 C     0.0007901219     0.0002482099     0.0000000000
49 C    -0.0035752019    -0.0012424044    -0.0000000000
50 C    -0.0111088826     0.0043367450     0.0000000000
51 N     0.0238409948    -0.0300120103     0.0000000000
52 C     0.0228723181     0.0034814107     0.0000000000
53 C    -0.0000748877     0.0004236914     0.0000000000
54 C     0.0053526270    -0.0010563666    -0.0000000000
55 C    -0.0025049927    -0.0097469181    -0.0000000000
56 C    -0.0254411109     0.0113395711     0.0000000000
57 C    -0.0234591579     0.0023072516    -0.0000000000
58 C     0.0028179930     0.0087634586     0.0000000000
59 C     0.0017202371     0.0027698289     0.0000000000
60 C     0.0044940496     0.0058449888    -0.0000000000
61 C    -0.0071777869    -0.0069477272     0.0000000000
62 C    -0.0558195907     0.0117765081     0.0000000000
63 C    -0.0252110331    -0.0065907759    -0.0000000000
64 C    -0.0025023772     0.0008251525     0.0000000000
65 C    -0.0019729638     0.0006544394     0.0000000000
66 C    -0.0323895937    -0.0154096306    -0.0000000000
67 N    -0.0247528320    -0.0152761123     0.0000000000
68 C    -0.0367586739     0.0168526745     0.0000000000
69 C    -0.0104010526    -0.0001296054    -0.0000000000
70 C    -0.0072694270     0.0017544037     0.0000000000
71 C    -0.0053455096    -0.0052169230     0.0000000000
72 N    -0.0106565524    -0.0897649011    -0.0000000000
73 N    -0.0253645682     0.0199955324    -0.0000000000
74 C     0.0011140668    -0.0018090985    -0.0000000000
75 C    -0.0054239071    -0.0049220967     0.0000000000
76 C     0.0072100150    -0.0249769166     0.0000000000
77 C     0.0061785993    -0.0007258752     0.0000000000
78 H     0.0034528408     0.0117863203     0.0000000000
79 H     0.0580590471    -0.0241288446     0.0000000000
80 H     0.0103458734    -0.0019507504     0.0000000000
81 H     0.0049115445    -0.0065923915    -0.0000000000
82 H     0.0048276953     0.0030822219     0.0000000000
83 H     0.0046622507    -0.0026352536    -0.0000000000
84 H    -0.0047228035     0.0027313318     0.0000000000
85 H    -0.0052909576    -0.0030472424    -0.0000000000
86 H    -0.0057499126     0.0039279367     0.0000000000
87 H    -0.0056122452    -0.0035637457    -0.0000000000
88 H    -0.0137838004    -0.0020622984     0.0000000000
89 H    -0.0080449212    -0.0040128563    -0.0000000000
90 H     0.0000974653     0.0059397090     0.0000000000
91 H     0.0000107050     0.0061596056    -0.0000000000
92 H     0.0000230032     0.0059766157    -0.0000000000
93 H    -0.0011794233     0.0063321273    -0.0000000000
94 H    -0.0037196728     0.0084977198    -0.0000000000
95 H    -0.0001477293     0.0100930805     0.0000000000
96 H    -0.0073562969    -0.0094896679     0.0000000000
97 H     0.0091779832    -0.0642154245     0.0000000000
98 H    -0.0004452032    -0.0050589625    -0.0000000000
99 H    -0.0000877957    -0.0059469319    -0.0000000000
100 H     0.0000376324    -0.0060228171    -0.0000000000
101 H    -0.0001385296    -0.0058872979     0.0000000000
----------------------------------------------
cycle 1: E = -3100.75598714  dE = -3100.76  norm(grad) = 0.230091

Geometry optimization cycle 2
Cartesian coordinates (Angstrom)
 Atom        New coordinates             dX        dY        dZ
   C  -7.315967   4.987546   0.000000    0.022259 -0.055214  0.000000
   C  -7.306238   0.620693   0.000000    0.058989 -0.070446  0.000000
   C  -6.163578   2.860200   0.000000    0.010064 -0.029213  0.000000
   C  -4.900294   4.994130   0.000000    0.009796 -0.025487  0.000000
   C  -7.257471  -3.560720   0.000000    0.100580  0.081916  0.000000
   C  -6.098775  -1.428392   0.000000    0.074700  0.003394  0.000000
   C  -4.912348   0.718947   0.000000    0.027721  0.002259  0.000000
   C  -3.693171   2.854060   0.000000    0.001674 -0.006252  0.000000
   C  -2.456557   4.993515   0.000000    0.000667 -0.012200  0.000000
   C  -6.021134  -5.650670   0.000000    0.117381  0.076575  0.000000
   C  -4.850484  -3.491153   0.000000    0.077730  0.088917  0.000000
   C  -3.654488  -1.390802   0.000000    0.043681  0.034769  0.000000
   C  -2.460893   0.729406   0.000000    0.010886  0.012866  0.000000
   C  -1.242079   2.849516   0.000000   -0.011374 -0.002391  0.000000
   C  -0.011191   4.977617   0.000000   -0.011191 -0.025551  0.000000
   N  -3.660850  -5.526507   0.000000    0.018116  0.167546  0.000000
   C  -2.419916  -3.515494   0.000000    0.046098  0.045429  0.000000
   C  -1.210430  -1.404551   0.000000    0.021993  0.018656  0.000000
   C  -0.010391   0.717062   0.000000   -0.010391  0.001253  0.000000
   C   1.200516   2.837282   0.000000   -0.030189 -0.014625  0.000000
   C   2.439706   4.953591   0.000000   -0.017518 -0.052124  0.000000
   C  -1.239272  -5.645735   0.000000   -0.012938  0.039344  0.000000
   C   0.021417  -3.534200   0.000000    0.021417  0.022878  0.000000
   C   1.234738  -1.413140   0.000000    0.002316  0.010067  0.000000
   C   2.434716   0.712290   0.000000   -0.037063 -0.004250  0.000000
   N   3.597593   2.804017   0.000000   -0.097252 -0.056295  0.000000
   C   4.851183   4.915089   0.000000   -0.058907 -0.104528  0.000000
   C   1.218264  -5.645903   0.000000   -0.008070  0.039177  0.000000
   C   2.473256  -3.538401   0.000000    0.007241  0.022522  0.000000
   C   3.682818  -1.414352   0.000000   -0.015351  0.011218  0.000000
   C   4.861517   0.707696   0.000000   -0.078551 -0.008993  0.000000
   C   6.012998   2.776162   0.000000   -0.160643 -0.113251  0.000000
   C   7.266497   4.840248   0.000000   -0.071729 -0.202512  0.000000
   C   3.673615  -5.653096   0.000000   -0.005351  0.040957  0.000000
   C   4.928470  -3.546689   0.000000    0.000256  0.033381  0.000000
   C   6.138533  -1.401174   0.000000   -0.034942  0.030611  0.000000
   C   7.278077   0.754745   0.000000   -0.087151  0.063606  0.000000
   C   6.125125  -5.679290   0.000000   -0.013390  0.047956  0.000000
   C   7.351321  -3.590960   0.000000   -0.006730  0.051676  0.000000
   C  -7.348877   3.594420   0.000000    0.009175 -0.048216  0.000000
   C  -6.132339   5.682565   0.000000    0.006176 -0.044681  0.000000
   C  -7.318320  -0.758873   0.000000    0.046908 -0.067734  0.000000
   C  -6.150689   1.405243   0.000000    0.022786 -0.026542  0.000000
   C  -4.925945   3.561337   0.000000    0.002269 -0.018734  0.000000
   C  -3.675225   5.669710   0.000000    0.003741 -0.024342  0.000000
   C  -7.192391  -4.938858   0.000000    0.145834  0.103902  0.000000
   N  -6.066118  -2.841468   0.000000    0.107524  0.047946  0.000000
   C  -4.891596  -0.701606   0.000000    0.048473  0.015082  0.000000
   C  -3.684459   1.430033   0.000000    0.013710  0.004462  0.000000
   C  -2.470027   3.556485   0.000000   -0.004012 -0.004437  0.000000
   C  -1.221076   5.663843   0.000000    0.005258 -0.021236  0.000000
   N  -4.876711  -4.873970   0.000000    0.033380  0.145647  0.000000
   C  -3.639743  -2.806960   0.000000    0.055102  0.053352  0.000000
   C  -2.439446  -0.693345   0.000000    0.032333  0.023194  0.000000
   C  -1.235655   1.429694   0.000000   -0.003232  0.006487  0.000000
   C  -0.018234   3.548712   0.000000   -0.018234 -0.008366  0.000000
   C   1.235319   5.631381   0.000000    0.008985 -0.053699  0.000000
   C  -2.411687  -4.933127   0.000000    0.045537  0.072588  0.000000
   C  -1.195998  -2.827116   0.000000    0.034706  0.024791  0.000000
   C   0.009802  -0.707123   0.000000    0.009802  0.008686  0.000000
   C   1.206154   1.416679   0.000000   -0.026269 -0.006528  0.000000
   C   2.416156   3.531571   0.000000   -0.049858 -0.029352  0.000000
   C   3.693059   5.616043   0.000000    0.014093 -0.078009  0.000000
   C   0.007319  -4.969955   0.000000    0.007319  0.033213  0.000000
   C   1.245759  -2.835101   0.000000    0.015055  0.016806  0.000000
   C   2.461441  -0.711792   0.000000   -0.010338  0.004747  0.000000
   C   3.652007   1.406546   0.000000   -0.046162 -0.019025  0.000000
   N   4.826580   3.505279   0.000000   -0.101634 -0.074792  0.000000
   C   6.122449   5.553225   0.000000   -0.016067 -0.174021  0.000000
   C   2.457738  -4.974738   0.000000    0.000514  0.030977  0.000000
   C   3.699023  -2.841532   0.000000    0.004178  0.018779  0.000000
   C   4.907258  -0.708248   0.000000   -0.032811  0.008441  0.000000
   N   6.069389   1.438485   0.000000   -0.104086  0.006700  0.000000
   N   7.185827   3.470938   0.000000   -0.172224 -0.171698  0.000000
   C   4.900262  -4.977972   0.000000   -0.009829  0.041645  0.000000
   C   6.169578  -2.849425   0.000000   -0.004064  0.039988  0.000000
   C   7.293899  -0.605586   0.000000   -0.071329  0.085553  0.000000
   C   7.309935  -4.984861   0.000000   -0.028290  0.057898  0.000000
   H   8.245871   5.298834   0.000000   -0.036313 -0.292591  0.000000
   H   8.052454   2.938540   0.000000   -0.273287 -0.202566  0.000000
   H   8.203467   1.312512   0.000000   -0.123248  0.107850  0.000000
   H   8.268685  -1.073746   0.000000   -0.058030  0.130915  0.000000
   H   8.316454  -3.098963   0.000000   -0.009287  0.042143  0.000000
   H   8.247294  -5.532426   0.000000   -0.034890  0.058998  0.000000
   H  -8.255210   5.531639   0.000000    0.026974 -0.059786  0.000000
   H  -8.310197   3.096014   0.000000    0.015544 -0.045092  0.000000
   H  -8.270005   1.112458   0.000000    0.056710 -0.092204  0.000000
   H  -8.262254  -1.288405   0.000000    0.064461 -0.083743  0.000000
   H  -8.199963  -3.039925   0.000000    0.125777  0.101181  0.000000
   H  -8.124602  -5.486853   0.000000    0.157582  0.104572  0.000000
   H  -6.124354   6.767986   0.000000   -0.007729 -0.051440  0.000000
   H  -3.674007   6.755882   0.000000   -0.001250 -0.031549  0.000000
   H  -1.211896   6.750125   0.000000    0.013684 -0.028283  0.000000
   H   1.257269   6.717061   0.000000    0.031690 -0.061346  0.000000
   H   3.740182   6.698424   0.000000    0.067425 -0.089008  0.000000
   H   6.152555   6.633397   0.000000    0.035930 -0.186030  0.000000
   H  -5.943085  -6.729323   0.000000    0.173541  0.090103  0.000000
   H  -3.720807  -6.542764   0.000000   -0.048050  0.244667  0.000000
   H  -1.265199  -6.732822   0.000000   -0.039620  0.045585  0.000000
   H   1.212613  -6.732243   0.000000   -0.012967  0.046165  0.000000
   H   3.670481  -6.739425   0.000000   -0.002276  0.048007  0.000000
   H   6.111208  -6.764712   0.000000   -0.005417  0.054715  0.000000
converged SCF energy = -3100.82896146389
--------------- ROKS_Scanner gradients ---------------
         x                y                z
0 C     0.0018088002    -0.0023244382    -0.0000000000
1 C     0.0070639772    -0.0067345398     0.0000000000
2 C     0.0055897379    -0.0004024628     0.0000000000
3 C     0.0007568261     0.0007430569     0.0000000000
4 C     0.0003876559     0.0239581732     0.0000000000
5 C     0.0011190171     0.0136657136     0.0000000000
6 C    -0.0003440702    -0.0002673944     0.0000000000
7 C     0.0014827268     0.0012528924    -0.0000000000
8 C     0.0052576002    -0.0004412834     0.0000000000
9 C     0.0003750229    -0.0123489234     0.0000000000
10 C     0.0195441814     0.0173381574     0.0000000000
11 C     0.0017497630     0.0026174210     0.0000000000
12 C    -0.0031448722    -0.0007179876    -0.0000000000
13 C    -0.0000317907    -0.0000359361    -0.0000000000
14 C     0.0095868363     0.0020423120    -0.0000000000
15 N    -0.0034883166     0.0256885432     0.0000000000
16 C    -0.0065375090    -0.0002014441     0.0000000000
17 C    -0.0009292522    -0.0012057078     0.0000000000
18 C    -0.0033444850    -0.0000626158    -0.0000000000
19 C    -0.0054752645    -0.0032355665    -0.0000000000
20 C     0.0206952997     0.0039736930     0.0000000000
21 C     0.0174808514    -0.0004465427     0.0000000000
22 C     0.0009607153     0.0027658776     0.0000000000
23 C    -0.0017385078    -0.0002697532    -0.0000000000
24 C     0.0039211580     0.0020996813    -0.0000000000
25 N     0.0030414283     0.0107389750     0.0000000000
26 C     0.0195198413     0.0013772934     0.0000000000
27 C     0.0092978776    -0.0006178945     0.0000000000
28 C     0.0022006673     0.0019089056     0.0000000000
29 C    -0.0028692837    -0.0005563589    -0.0000000000
30 C     0.0103848316     0.0064051898    -0.0000000000
31 C    -0.0016751548     0.0171128489     0.0000000000
32 C     0.0178310402    -0.0070132010    -0.0000000000
33 C     0.0037499570    -0.0017073393     0.0000000000
34 C     0.0040978203     0.0032442959    -0.0000000000
35 C     0.0025633265     0.0058256806    -0.0000000000
36 C    -0.0074093434     0.0164496393    -0.0000000000
37 C    -0.0011815095    -0.0019207439    -0.0000000000
38 C     0.0038418551    -0.0002144753    -0.0000000000
39 C    -0.0027242074     0.0007352179    -0.0000000000
40 C     0.0009203719     0.0002575917    -0.0000000000
41 C    -0.0048594774    -0.0050034308    -0.0000000000
42 C    -0.0028886744     0.0043242880    -0.0000000000
43 C    -0.0025351077     0.0016097610    -0.0000000000
44 C    -0.0012197633     0.0000351312    -0.0000000000
45 C     0.0152394326    -0.0031907105    -0.0000000000
46 N    -0.0144969027    -0.0178894918    -0.0000000000
47 C    -0.0007983539     0.0007033016    -0.0000000000
48 C     0.0006007457     0.0008569342    -0.0000000000
49 C    -0.0036413592     0.0001210014     0.0000000000
50 C    -0.0053225207     0.0011465804     0.0000000000
51 N    -0.0197429224    -0.0104049756     0.0000000000
52 C     0.0018018489    -0.0007813911    -0.0000000000
53 C    -0.0010073356    -0.0008321523    -0.0000000000
54 C     0.0026258834     0.0008514305     0.0000000000
55 C    -0.0009170103    -0.0029516623     0.0000000000
56 C    -0.0115876184     0.0002180228    -0.0000000000
57 C     0.0008012870    -0.0043076816    -0.0000000000
58 C     0.0036981641    -0.0002235531    -0.0000000000
59 C     0.0023260669    -0.0012402748     0.0000000000
60 C    -0.0003077793     0.0044199919     0.0000000000
61 C    -0.0042963258     0.0015625378     0.0000000000
62 C    -0.0155837678     0.0013868155     0.0000000000
63 C    -0.0144916328    -0.0005409642    -0.0000000000
64 C     0.0006027433    -0.0004194664     0.0000000000
65 C     0.0027846511    -0.0010521384     0.0000000000
66 C    -0.0083963717    -0.0127661149     0.0000000000
67 N    -0.0191595938    -0.0008487807    -0.0000000000
68 C    -0.0185847968    -0.0023557032    -0.0000000000
69 C    -0.0059007885     0.0000903810    -0.0000000000
70 C    -0.0010928354    -0.0013881156     0.0000000000
71 C     0.0023027031    -0.0016000472     0.0000000000
72 N     0.0060653687    -0.0434967235     0.0000000000
73 N    -0.0171427886     0.0036091600     0.0000000000
74 C    -0.0008394618     0.0003045900     0.0000000000
75 C    -0.0020854383    -0.0064898344     0.0000000000
76 C    -0.0018370401    -0.0049022293     0.0000000000
77 C    -0.0023086818     0.0026873580     0.0000000000
78 H    -0.0000787894     0.0046795114     0.0000000000
79 H     0.0143513820    -0.0069615107     0.0000000000
80 H     0.0038119537     0.0037502300    -0.0000000000
81 H    -0.0005094093    -0.0006606462    -0.0000000000
82 H     0.0009929325     0.0004017775     0.0000000000
83 H     0.0003881875    -0.0001101678    -0.0000000000
84 H    -0.0006151152     0.0000393006     0.0000000000
85 H    -0.0012135063    -0.0005291926     0.0000000000
86 H     0.0001202368    -0.0006813494    -0.0000000000
87 H    -0.0027029306    -0.0055977587     0.0000000000
88 H    -0.0064964702     0.0009391381    -0.0000000000
89 H     0.0002733210    -0.0001273987     0.0000000000
90 H     0.0004321930     0.0011809584    -0.0000000000
91 H     0.0003683273     0.0011615202     0.0000000000
92 H     0.0003578117     0.0011879164     0.0000000000
93 H     0.0001193071     0.0007632192     0.0000000000
94 H    -0.0002778215     0.0020613349     0.0000000000
95 H     0.0013884815     0.0013327875     0.0000000000
96 H    -0.0036267349    -0.0043132855     0.0000000000
97 H     0.0037073622    -0.0138409108    -0.0000000000
98 H    -0.0012888461    -0.0018013671    -0.0000000000
99 H    -0.0007222835    -0.0009674472    -0.0000000000
100 H    -0.0004125166    -0.0011755012     0.0000000000
101 H    -0.0004440597    -0.0014663715    -0.0000000000
----------------------------------------------
cycle 2: E = -3100.82896146  dE = -0.0729743  norm(grad) = 0.106635

Geometry optimization cycle 3
Cartesian coordinates (Angstrom)
 Atom        New coordinates             dX        dY        dZ
   C  -7.314277   4.988479   0.000000    0.001690  0.000933  0.000000
   C  -7.308625   0.679568   0.000000   -0.002386  0.058875  0.000000
   C  -6.150276   2.853549   0.000000    0.013302 -0.006651  0.000000
   C  -4.894744   4.969757   0.000000    0.005551 -0.024372  0.000000
   C  -7.197171  -3.620215   0.000000    0.060300 -0.059496 -0.000000
   C  -6.082575  -1.444039   0.000000    0.016201 -0.015647  0.000000
   C  -4.897760   0.699399   0.000000    0.014588 -0.019548  0.000000
   C  -3.678943   2.829691   0.000000    0.014228 -0.024368  0.000000
   C  -2.459866   4.966507  -0.000000   -0.003309 -0.027009 -0.000000
   C  -5.991888  -5.552207   0.000000    0.029246  0.098463 -0.000000
   C  -4.833677  -3.492316   0.000000    0.016807 -0.001163 -0.000000
   C  -3.643047  -1.400486   0.000000    0.011441 -0.009684 -0.000000
   C  -2.444529   0.717955   0.000000    0.016364 -0.011451 -0.000000
   C  -1.224144   2.834583   0.000000    0.017935 -0.014934 -0.000000
   C  -0.018360   4.952435  -0.000000   -0.007170 -0.025183 -0.000000
   N  -3.645040  -5.548003  -0.000000    0.015810 -0.021497 -0.000000
   C  -2.413912  -3.509906  -0.000000    0.006004  0.005588 -0.000000
   C  -1.205054  -1.405830  -0.000000    0.005376 -0.001279 -0.000000
   C   0.001142   0.711815   0.000000    0.011534 -0.005247 -0.000000
   C   1.223731   2.826227  -0.000000    0.023215 -0.011056 -0.000000
   C   2.412448   4.912626  -0.000000   -0.027257 -0.040966 -0.000000
   C  -1.267272  -5.619881  -0.000000   -0.028000  0.025854 -0.000000
   C   0.013943  -3.534082  -0.000000   -0.007474  0.000118 -0.000000
   C   1.230939  -1.409102   0.000000   -0.003800  0.004038 -0.000000
   C   2.437888   0.717445   0.000000    0.003172  0.005155 -0.000000
   N   3.619428   2.792800  -0.000000    0.021834 -0.011217 -0.000000
   C   4.823748   4.887568  -0.000000   -0.027435 -0.027521 -0.000000
   C   1.202222  -5.640318  -0.000000   -0.016042  0.005585 -0.000000
   C   2.453382  -3.532321   0.000000   -0.019874  0.006080 -0.000000
   C   3.669196  -1.399626   0.000000   -0.013622  0.014726  0.000000
   C   4.844620   0.728258   0.000000   -0.016897  0.020561  0.000000
   C   6.033063   2.768824   0.000000    0.020065 -0.007338  0.000000
   C   7.197934   4.825899   0.000000   -0.068562 -0.014349  0.000000
   C   3.659625  -5.635849   0.000000   -0.013990  0.017247  0.000000
   C   4.893845  -3.536823   0.000000   -0.034625  0.009866  0.000000
   C   6.101557  -1.394508   0.000000   -0.036976  0.006666  0.000000
   C   7.234986   0.743606   0.000000   -0.043092 -0.011139  0.000000
   C   6.119310  -5.649330   0.000000   -0.005815  0.029960  0.000000
   C   7.306494  -3.573014   0.000000   -0.044827  0.017946  0.000000
   C  -7.324627   3.596744   0.000000    0.024250  0.002324  0.000000
   C  -6.123652   5.662639   0.000000    0.008687 -0.019925  0.000000
   C  -7.260691  -0.697628   0.000000    0.057630  0.061245  0.000000
   C  -6.123951   1.403742   0.000000    0.026739 -0.001501  0.000000
   C  -4.907703   3.539772   0.000000    0.018242 -0.021565  0.000000
   C  -3.672495   5.644547   0.000000    0.002731 -0.025163 -0.000000
   C  -7.235407  -4.979625   0.000000   -0.043016 -0.040767 -0.000000
   N  -6.029960  -2.845970   0.000000    0.036158 -0.004502  0.000000
   C  -4.876249  -0.721068   0.000000    0.015346 -0.019462  0.000000
   C  -3.670544   1.408466   0.000000    0.013914 -0.021567  0.000000
   C  -2.454439   3.531954  -0.000000    0.015588 -0.024532 -0.000000
   C  -1.221563   5.634269  -0.000000   -0.000486 -0.029574 -0.000000
   N  -4.819386  -4.841553   0.000000    0.057325  0.032417 -0.000000
   C  -3.634876  -2.807375   0.000000    0.004867 -0.000415 -0.000000
   C  -2.430988  -0.700300   0.000000    0.008458 -0.006955  0.000000
   C  -1.225208   1.418653  -0.000000    0.010447 -0.011041 -0.000000
   C  -0.000241   3.532012  -0.000000    0.017992 -0.016700 -0.000000
   C   1.235080   5.605551  -0.000000   -0.000239 -0.025830 -0.000000
   C  -2.422913  -4.918128  -0.000000   -0.011226  0.014999 -0.000000
   C  -1.198110  -2.825835   0.000000   -0.002112  0.001281 -0.000000
   C   0.008715  -0.707251  -0.000000   -0.001087 -0.000128 -0.000000
   C   1.212691   1.408730  -0.000000    0.006537 -0.007949 -0.000000
   C   2.437321   3.504352  -0.000000    0.021165 -0.027219 -0.000000
   C   3.682721   5.569070  -0.000000   -0.010338 -0.046973 -0.000000
   C   0.005079  -4.964364  -0.000000   -0.002240  0.005591 -0.000000
   C   1.231940  -2.829557  -0.000000   -0.013819  0.005544 -0.000000
   C   2.450445  -0.702630  -0.000000   -0.010996  0.009162 -0.000000
   C   3.655134   1.420355   0.000000    0.003128  0.013808 -0.000000
   N   4.860029   3.487232   0.000000    0.033449 -0.018046 -0.000000
   C   6.091037   5.557157   0.000000   -0.031412  0.003932 -0.000000
   C   2.445958  -4.966583   0.000000   -0.011780  0.008154 -0.000000
   C   3.674161  -2.827141   0.000000   -0.024862  0.014392  0.000000
   C   4.883863  -0.687616   0.000000   -0.023395  0.020632  0.000000
   N   6.048804   1.485664   0.000000   -0.020585  0.047178  0.000000
   N   7.190779   3.463386   0.000000    0.004952 -0.007551  0.000000
   C   4.886513  -4.963515   0.000000   -0.013749  0.014457  0.000000
   C   6.130045  -2.831966   0.000000   -0.039533  0.017459  0.000000
   C   7.258285  -0.602830   0.000000   -0.035614  0.002756  0.000000
   C   7.305959  -4.965913   0.000000   -0.003977  0.018949  0.000000
   H   8.182298   5.259654   0.000000   -0.063574 -0.039180  0.000000
   H   8.027389   2.966295   0.000000   -0.025065  0.027755  0.000000
   H   8.162882   1.275910   0.000000   -0.040585 -0.036601  0.000000
   H   8.235996  -1.060315   0.000000   -0.032689  0.013431  0.000000
   H   8.261672  -3.069200   0.000000   -0.054782  0.029763  0.000000
   H   8.246871  -5.502878   0.000000   -0.000424  0.029549  0.000000
   H  -8.250453   5.532847   0.000000    0.004757  0.001208  0.000000
   H  -8.280660   3.096676   0.000000    0.029537  0.000662  0.000000
   H  -8.268619   1.175637   0.000000    0.001386  0.063180  0.000000
   H  -8.213063  -1.190186   0.000000    0.049192  0.098219  0.000000
   H  -8.107178  -3.069549   0.000000    0.092785 -0.029624  0.000000
   H  -8.155279  -5.543509   0.000000   -0.030677 -0.056656 -0.000000
   H  -6.108170   6.744299   0.000000    0.016185 -0.023687  0.000000
   H  -3.672419   6.726999   0.000000    0.001588 -0.028883 -0.000000
   H  -1.213785   6.716849  -0.000000   -0.001889 -0.033276 -0.000000
   H   1.269307   6.687781  -0.000000    0.012038 -0.029280 -0.000000
   H   3.737695   6.645215  -0.000000   -0.002487 -0.053209 -0.000000
   H   6.114244   6.632276  -0.000000   -0.038311 -0.001120 -0.000000
   H  -5.845337  -6.614321  -0.000000    0.097748  0.115002 -0.000000
   H  -3.746289  -6.519562  -0.000000   -0.025482  0.023202 -0.000000
   H  -1.294695  -6.702458  -0.000000   -0.029496  0.030365 -0.000000
   H   1.199350  -6.723321  -0.000000   -0.013262  0.008922 -0.000000
   H   3.661112  -6.718478   0.000000   -0.009369  0.020946  0.000000
   H   6.111118  -6.730682   0.000000   -0.000091  0.034030  0.000000
converged SCF energy = -3100.82108810848
--------------- ROKS_Scanner gradients ---------------
         x                y                z
0 C    -0.0039318233     0.0026178536    -0.0000000000
1 C    -0.0157375172     0.0110109196     0.0000000000
2 C    -0.0070917214    -0.0026442946    -0.0000000000
3 C    -0.0011061813     0.0000097876    -0.0000000000
4 C     0.0316450822    -0.0181063902    -0.0000000000
5 C    -0.0028519616    -0.0108483000     0.0000000000
6 C     0.0000742815    -0.0014876682    -0.0000000000
7 C    -0.0000432319     0.0004349988     0.0000000000
8 C    -0.0016380323    -0.0013244745     0.0000000000
9 C    -0.0015409775     0.0448776315     0.0000000000
10 C    -0.0098520953    -0.0010498615    -0.0000000000
11 C    -0.0000703516    -0.0003038761    -0.0000000000
12 C     0.0013991738     0.0000981087    -0.0000000000
13 C     0.0012170125     0.0015581608     0.0000000000
14 C    -0.0006054874    -0.0027432096     0.0000000000
15 N     0.0010637352    -0.0292443164    -0.0000000000
16 C     0.0074144266    -0.0025892604    -0.0000000000
17 C     0.0027539611     0.0001496608    -0.0000000000
18 C     0.0036240143     0.0006066289    -0.0000000000
19 C     0.0036594141     0.0030174040     0.0000000000
20 C    -0.0078853299    -0.0057259940     0.0000000000
21 C    -0.0086854385     0.0064958695     0.0000000000
22 C    -0.0009739563    -0.0013706237    -0.0000000000
23 C     0.0013707307     0.0003461268    -0.0000000000
24 C     0.0056798948     0.0030320742    -0.0000000000
25 N    -0.0001559767     0.0028033620     0.0000000000
26 C    -0.0093487720     0.0002056316    -0.0000000000
27 C     0.0007109741     0.0010814789    -0.0000000000
28 C    -0.0001348089    -0.0006622212    -0.0000000000
29 C     0.0014583748     0.0018093213    -0.0000000000
30 C     0.0001956656     0.0062616969    -0.0000000000
31 C     0.0101365280    -0.0191244183     0.0000000000
32 C    -0.0193687434    -0.0123491102     0.0000000000
33 C     0.0007094295     0.0026018212    -0.0000000000
34 C    -0.0019738318    -0.0004717159    -0.0000000000
35 C     0.0001996719     0.0018025964    -0.0000000000
36 C    -0.0094275484    -0.0011032580     0.0000000000
37 C     0.0015250066     0.0051856139    -0.0000000000
38 C    -0.0063484188    -0.0019811910    -0.0000000000
39 C     0.0051495557     0.0036690805     0.0000000000
40 C    -0.0004597184    -0.0034491668     0.0000000000
41 C     0.0164718960     0.0138222054    -0.0000000000
42 C     0.0059732239    -0.0088011829     0.0000000000
43 C     0.0012618374    -0.0023548328    -0.0000000000
44 C    -0.0002312390     0.0003027702    -0.0000000000
45 C    -0.0305868770    -0.0176502524     0.0000000000
46 N     0.0067461726     0.0068988985    -0.0000000000
47 C     0.0004556040    -0.0046911143     0.0000000000
48 C     0.0008420422    -0.0020045183    -0.0000000000
49 C     0.0011203473    -0.0017969946    -0.0000000000
50 C     0.0000873848    -0.0002459939    -0.0000000000
51 N     0.0216528569    -0.0056813239    -0.0000000000
52 C    -0.0103115667    -0.0067336246     0.0000000000
53 C    -0.0026982277    -0.0005372853     0.0000000000
54 C    -0.0014003391     0.0001600584     0.0000000000
55 C     0.0016088521    -0.0010726993    -0.0000000000
56 C     0.0022112727     0.0011231130    -0.0000000000
57 C    -0.0064910812     0.0038920992    -0.0000000000
58 C    -0.0015878990    -0.0000648652     0.0000000000
59 C    -0.0023331154    -0.0010559822     0.0000000000
60 C    -0.0024779947     0.0009474989     0.0000000000
61 C     0.0068701688    -0.0039376529    -0.0000000000
62 C     0.0103966946    -0.0051455806     0.0000000000
63 C     0.0022699683    -0.0008396889    -0.0000000000
64 C    -0.0014131643     0.0002632137     0.0000000000
65 C    -0.0017413460    -0.0002614242     0.0000000000
66 C     0.0019649713    -0.0004855962     0.0000000000
67 N     0.0057644184    -0.0077399032    -0.0000000000
68 C     0.0032343242     0.0060887196     0.0000000000
69 C    -0.0016220221    -0.0010531091     0.0000000000
70 C    -0.0015311059     0.0008459513     0.0000000000
71 C    -0.0034848316     0.0028045825     0.0000000000
72 N    -0.0027969447     0.0346315726    -0.0000000000
73 N     0.0246572298    -0.0147960770    -0.0000000000
74 C    -0.0000872344    -0.0018772709     0.0000000000
75 C     0.0000439966     0.0010586396     0.0000000000
76 C     0.0033433177     0.0022235400     0.0000000000
77 C     0.0050652217    -0.0039545266     0.0000000000
78 H    -0.0034296581    -0.0023172734    -0.0000000000
79 H    -0.0235131659     0.0125941189    -0.0000000000
80 H    -0.0034014337    -0.0028473296    -0.0000000000
81 H    -0.0013472380     0.0001729523    -0.0000000000
82 H    -0.0017505257    -0.0012371973     0.0000000000
83 H    -0.0002369869     0.0000262396    -0.0000000000
84 H     0.0005112728    -0.0000214889    -0.0000000000
85 H     0.0017005480     0.0005548663    -0.0000000000
86 H    -0.0006847993     0.0020617366     0.0000000000
87 H     0.0051214326     0.0054477272    -0.0000000000
88 H     0.0051836955    -0.0074990512    -0.0000000000
89 H    -0.0019881265    -0.0005883635     0.0000000000
90 H    -0.0005765049    -0.0017204161    -0.0000000000
91 H    -0.0002404687    -0.0013709017     0.0000000000
92 H     0.0000066380    -0.0014609595     0.0000000000
93 H     0.0000061906    -0.0010661518    -0.0000000000
94 H     0.0003584714    -0.0023777813     0.0000000000
95 H    -0.0002128619    -0.0013750955    -0.0000000000
96 H     0.0000840213     0.0064347764     0.0000000000
97 H     0.0035496205     0.0243162607     0.0000000000
98 H    -0.0010137459     0.0018110092    -0.0000000000
99 H    -0.0005630792     0.0013429922     0.0000000000
100 H    -0.0000333789     0.0017003676     0.0000000000
101 H     0.0005209750     0.0020293031     0.0000000000
----------------------------------------------
cycle 3: E = -3100.82108811  dE = 0.00787336  norm(grad) = 0.115701

Geometry optimization cycle 4
Cartesian coordinates (Angstrom)
 Atom        New coordinates             dX        dY        dZ
   C  -7.313071   4.984142   0.000000    0.001205 -0.004336  0.000000
   C  -7.304743   0.647045   0.000000    0.003881 -0.032522  0.000000
   C  -6.154507   2.854719   0.000000   -0.004232  0.001169  0.000000
   C  -4.896490   4.978006   0.000000   -0.001746  0.008249  0.000000
   C  -7.234812  -3.593232   0.000000   -0.037641  0.026984 -0.000000
   C  -6.093212  -1.443693   0.000000   -0.010637  0.000346  0.000000
   C  -4.903626   0.706773   0.000000   -0.005866  0.007374  0.000000
   C  -3.682607   2.838381   0.000000   -0.003664  0.008690  0.000000
   C  -2.459075   4.977441  -0.000000    0.000791  0.010935  0.000000
   C  -5.995481  -5.607066   0.000000   -0.003594 -0.054859 -0.000000
   C  -4.850548  -3.500968   0.000000   -0.016871 -0.008652 -0.000000
   C  -3.652239  -1.398601   0.000000   -0.009192  0.001885  0.000000
   C  -2.449794   0.722739   0.000000   -0.005265  0.004784  0.000000
   C  -1.227750   2.840879   0.000000   -0.003606  0.006297  0.000000
   C  -0.016818   4.962810  -0.000000    0.001542  0.010376  0.000000
   N  -3.655300  -5.549470  -0.000000   -0.010260 -0.001467 -0.000000
   C  -2.422085  -3.513973  -0.000000   -0.008173 -0.004067 -0.000000
   C  -1.210375  -1.404999  -0.000000   -0.005321  0.000831  0.000000
   C  -0.001402   0.714488   0.000000   -0.002544  0.002674  0.000000
   C   1.221571   2.831942  -0.000000   -0.002161  0.005715  0.000000
   C   2.421153   4.928811  -0.000000    0.008705  0.016186  0.000000
   C  -1.264259  -5.632401  -0.000000    0.003014 -0.012520 -0.000000
   C   0.011390  -3.535419  -0.000000   -0.002553 -0.001338  0.000000
   C   1.230484  -1.409675   0.000000   -0.000455 -0.000573  0.000000
   C   2.439267   0.717589   0.000000    0.001379  0.000144  0.000000
   N   3.622507   2.800744  -0.000000    0.003079  0.007944  0.000000
   C   4.840117   4.907651  -0.000000    0.016369  0.020083 -0.000000
   C   1.201071  -5.643418  -0.000000   -0.001151 -0.003101  0.000000
   C   2.455276  -3.535598   0.000000    0.001894 -0.003277  0.000000
   C   3.673172  -1.404604   0.000000    0.003976 -0.004978  0.000000
   C   4.854193   0.723418   0.000000    0.009573 -0.004839  0.000000
   C   6.039570   2.784324   0.000000    0.006507  0.015499 -0.000000
   C   7.236952   4.860985   0.000000    0.039018  0.035086 -0.000000
   C   3.657215  -5.644840   0.000000   -0.002410 -0.008991  0.000000
   C   4.899944  -3.544120   0.000000    0.006099 -0.007297  0.000000
   C   6.109893  -1.402586   0.000000    0.008336 -0.008077  0.000000
   C   7.257885   0.737779   0.000000    0.022900 -0.005828  0.000000
   C   6.114316  -5.664339   0.000000   -0.004993 -0.015009  0.000000
   C   7.317096  -3.580477   0.000000    0.010602 -0.007463  0.000000
   C  -7.334087   3.591166   0.000000   -0.009460 -0.005579  0.000000
   C  -6.126772   5.669461   0.000000   -0.003120  0.006821  0.000000
   C  -7.291160  -0.731866   0.000000   -0.030469 -0.034238  0.000000
   C  -6.134972   1.402137   0.000000   -0.011022 -0.001606  0.000000
   C  -4.912896   3.546873   0.000000   -0.005194  0.007101  0.000000
   C  -3.673495   5.653834   0.000000   -0.001000  0.009287  0.000000
   C  -7.205774  -4.958361   0.000000    0.029633  0.021264 -0.000000
   N  -6.049342  -2.844920   0.000000   -0.019382  0.001050 -0.000000
   C  -4.887112  -0.714457   0.000000   -0.010863  0.006611  0.000000
   C  -3.675792   1.416457   0.000000   -0.005248  0.007992  0.000000
   C  -2.457496   3.541526   0.000000   -0.003057  0.009572  0.000000
   C  -1.220419   5.645928  -0.000000    0.001144  0.011659  0.000000
   N  -4.841807  -4.858339   0.000000   -0.022421 -0.016786 -0.000000
   C  -3.644295  -2.810020   0.000000   -0.009418 -0.002645  0.000000
   C  -2.437082  -0.697726   0.000000   -0.006094  0.002575  0.000000
   C  -1.228112   1.423066  -0.000000   -0.002904  0.004413  0.000000
   C  -0.002994   3.539794  -0.000000   -0.002753  0.007782  0.000000
   C   1.237568   5.615728  -0.000000    0.002488  0.010176  0.000000
   C  -2.424375  -4.927145  -0.000000   -0.001462 -0.009017 -0.000000
   C  -1.203698  -2.826942   0.000000   -0.005588 -0.001107  0.000000
   C   0.006688  -0.706143  -0.000000   -0.002026  0.001108  0.000000
   C   1.213269   1.411393  -0.000000    0.000578  0.002663  0.000000
   C   2.436752   3.515579  -0.000000   -0.000569  0.011228  0.000000
   C   3.690061   5.589481  -0.000000    0.007340  0.020411 -0.000000
   C   0.002529  -4.967820  -0.000000   -0.002550 -0.003456  0.000000
   C   1.232088  -2.831408   0.000000    0.000148 -0.001851  0.000000
   C   2.453226  -0.704381  -0.000000    0.002781 -0.001750  0.000000
   C   3.660340   1.421982   0.000000    0.005206  0.001627  0.000000
   N   4.862924   3.503848   0.000000    0.002895  0.016616 -0.000000
   C   6.112972   5.573714  -0.000000    0.021935  0.016557 -0.000000
   C   2.445569  -4.970813   0.000000   -0.000389 -0.004230  0.000000
   C   3.678979  -2.832937   0.000000    0.004818 -0.005796  0.000000
   C   4.891482  -0.694465   0.000000    0.007619 -0.006849  0.000000
   N   6.065101   1.478750   0.000000    0.016297 -0.006913  0.000000
   N   7.199249   3.492874   0.000000    0.008469  0.029488 -0.000000
   C   4.884874  -4.972345   0.000000   -0.001638 -0.008830  0.000000
   C   6.138702  -2.840520   0.000000    0.008657 -0.008554  0.000000
   C   7.268793  -0.611808   0.000000    0.010508 -0.008979  0.000000
   C   7.298779  -4.974131   0.000000   -0.007180 -0.008218  0.000000
   H   8.223802   5.295259   0.000000    0.041504  0.035605 -0.000000
   H   8.047178   2.983060   0.000000    0.019789  0.016765 -0.000000
   H   8.189418   1.268509   0.000000    0.026536 -0.007401  0.000000
   H   8.245205  -1.074653   0.000000    0.009209 -0.014339  0.000000
   H   8.276079  -3.081014   0.000000    0.014407 -0.011814  0.000000
   H   8.238043  -5.514784   0.000000   -0.008828 -0.011906  0.000000
   H  -8.250125   5.528032   0.000000    0.000327 -0.004815  0.000000
   H  -8.291731   3.091647   0.000000   -0.011070 -0.005029  0.000000
   H  -8.265297   1.141255   0.000000    0.003322 -0.034383  0.000000
   H  -8.244411  -1.230651   0.000000   -0.031349 -0.040466  0.000000
   H  -8.153467  -3.048232   0.000000   -0.046289  0.021317 -0.000000
   H  -8.127993  -5.517473   0.000000    0.027286  0.026036 -0.000000
   H  -6.115919   6.752336   0.000000   -0.007750  0.008037  0.000000
   H  -3.674234   6.737279   0.000000   -0.001815  0.010279  0.000000
   H  -1.212545   6.729533  -0.000000    0.001240  0.012684  0.000000
   H   1.268525   6.698928  -0.000000   -0.000782  0.011147  0.000000
   H   3.740568   6.667427  -0.000000    0.002874  0.022212 -0.000000
   H   6.128318   6.650189  -0.000000    0.014073  0.017913 -0.000000
   H  -5.865992  -6.674967  -0.000000   -0.020655 -0.060646 -0.000000
   H  -3.755999  -6.536675  -0.000000   -0.009710 -0.017113 -0.000000
   H  -1.286138  -6.716201  -0.000000    0.008558 -0.013743 -0.000000
   H   1.199076  -6.727401  -0.000000   -0.000275 -0.004080  0.000000
   H   3.656740  -6.728622   0.000000   -0.004371 -0.010144  0.000000
   H   6.105471  -6.746979   0.000000   -0.005647 -0.016298  0.000000
converged SCF energy = -3100.83613558668
--------------- ROKS_Scanner gradients ---------------
         x                y                z
0 C    -0.0010764653     0.0006126333    -0.0000000000
1 C    -0.0048029140     0.0025876860    -0.0000000000
2 C    -0.0016120947    -0.0001602394    -0.0000000000
3 C    -0.0005229051     0.0000093393    -0.0000000000
4 C     0.0083827792     0.0015050682    -0.0000000000
5 C    -0.0019013477    -0.0033421732    -0.0000000000
6 C     0.0004722558     0.0000005561    -0.0000000000
7 C     0.0003435910     0.0005029851     0.0000000000
8 C    -0.0004858923    -0.0006119746    -0.0000000000
9 C     0.0023202514     0.0112462712    -0.0000000000
10 C    -0.0030212180     0.0017362275    -0.0000000000
11 C     0.0010605526     0.0013234980    -0.0000000000
12 C     0.0008407675     0.0003174478     0.0000000000
13 C     0.0006350203     0.0009271111     0.0000000000
14 C    -0.0002702730    -0.0011169832     0.0000000000
15 N    -0.0003439892    -0.0122715825    -0.0000000000
16 C     0.0047339639    -0.0019023688    -0.0000000000
17 C     0.0022224256     0.0002273889    -0.0000000000
18 C     0.0021084796     0.0004781019     0.0000000000
19 C     0.0010667438     0.0011874886     0.0000000000
20 C    -0.0042502548    -0.0018665606     0.0000000000
21 C    -0.0024458788     0.0024284638     0.0000000000
22 C    -0.0000474758    -0.0011016061    -0.0000000000
23 C     0.0012223284    -0.0000221631     0.0000000000
24 C     0.0034260844     0.0015314771     0.0000000000
25 N     0.0006739036     0.0028920571     0.0000000000
26 C    -0.0028133718     0.0003366234     0.0000000000
27 C     0.0010187279     0.0007258858     0.0000000000
28 C     0.0002843658    -0.0004373555     0.0000000000
29 C     0.0012300605     0.0006502760     0.0000000000
30 C     0.0017482767     0.0024921772    -0.0000000000
31 C     0.0047645770    -0.0044339182     0.0000000000
32 C    -0.0048675803    -0.0049251551     0.0000000000
33 C     0.0007529874     0.0010168682    -0.0000000000
34 C    -0.0007394722     0.0000055986     0.0000000000
35 C     0.0006477647     0.0004033194     0.0000000000
36 C    -0.0041911986    -0.0005781469     0.0000000000
37 C     0.0006351137     0.0015078877    -0.0000000000
38 C    -0.0024078676    -0.0000696003     0.0000000000
39 C     0.0013185200     0.0008437990     0.0000000000
40 C     0.0000872575    -0.0006044140    -0.0000000000
41 C     0.0050471695     0.0030640646     0.0000000000
42 C     0.0016596551    -0.0023718071     0.0000000000
43 C     0.0006224177    -0.0009347776     0.0000000000
44 C    -0.0002497872     0.0004040924     0.0000000000
45 C    -0.0070272745    -0.0063312066     0.0000000000
46 N     0.0011919294    -0.0000815119     0.0000000000
47 C    -0.0005670217    -0.0020188070     0.0000000000
48 C     0.0000793449    -0.0006798055    -0.0000000000
49 C     0.0002748305    -0.0010020196    -0.0000000000
50 C    -0.0002675565     0.0000048617     0.0000000000
51 N     0.0063481438    -0.0028636266    -0.0000000000
52 C    -0.0062798372    -0.0035205024     0.0000000000
53 C    -0.0021471620    -0.0000589123     0.0000000000
54 C    -0.0005906991     0.0001802021    -0.0000000000
55 C     0.0008229254    -0.0006264194    -0.0000000000
56 C     0.0006256106     0.0002967696     0.0000000000
57 C    -0.0041788049     0.0029274844     0.0000000000
58 C    -0.0014069790     0.0002328378     0.0000000000
59 C    -0.0019242624    -0.0006051602    -0.0000000000
60 C    -0.0016870313     0.0004827428    -0.0000000000
61 C     0.0044776634    -0.0024231079    -0.0000000000
62 C     0.0032101926    -0.0025316241    -0.0000000000
63 C     0.0002300565    -0.0007484785     0.0000000000
64 C    -0.0009802786     0.0005255480    -0.0000000000
65 C    -0.0014450126    -0.0002271280    -0.0000000000
66 C    -0.0009109332    -0.0007292619     0.0000000000
67 N     0.0014115550    -0.0027865885    -0.0000000000
68 C     0.0008269400     0.0013926226    -0.0000000000
69 C    -0.0012414552    -0.0008520020    -0.0000000000
70 C    -0.0011001622     0.0003260686    -0.0000000000
71 C    -0.0022454171     0.0014270368    -0.0000000000
72 N    -0.0022060940     0.0093030639     0.0000000000
73 N     0.0080214175    -0.0010919827    -0.0000000000
74 C    -0.0001561563    -0.0009199083     0.0000000000
75 C     0.0002751456    -0.0000256086    -0.0000000000
76 C     0.0014631598     0.0002051131    -0.0000000000
77 C     0.0014960605    -0.0015068952    -0.0000000000
78 H    -0.0012493156    -0.0004783643    -0.0000000000
79 H    -0.0089196844     0.0053334143    -0.0000000000
80 H    -0.0017311892    -0.0026361736     0.0000000000
81 H    -0.0007180064    -0.0000612427     0.0000000000
82 H    -0.0006458479    -0.0003312053    -0.0000000000
83 H    -0.0003474975     0.0001507133     0.0000000000
84 H     0.0004603024    -0.0001718647    -0.0000000000
85 H     0.0006918982     0.0002537435    -0.0000000000
86 H     0.0003667742     0.0003739883     0.0000000000
87 H     0.0016635622     0.0013809507    -0.0000000000
88 H     0.0012495883    -0.0023199348     0.0000000000
89 H     0.0002873215     0.0004911975    -0.0000000000
90 H    -0.0001916620    -0.0006868335     0.0000000000
91 H    -0.0000842524    -0.0006812280    -0.0000000000
92 H     0.0000481660    -0.0007154999    -0.0000000000
93 H     0.0001099543    -0.0005980663    -0.0000000000
94 H     0.0003131200    -0.0012469264    -0.0000000000
95 H     0.0003696504    -0.0010193557    -0.0000000000
96 H     0.0005287082     0.0015004578     0.0000000000
97 H     0.0011891038     0.0085694582    -0.0000000000
98 H    -0.0006680029     0.0007522948    -0.0000000000
99 H    -0.0004273326     0.0006698013    -0.0000000000
100 H    -0.0000692299     0.0007685275    -0.0000000000
101 H     0.0001636472     0.0008034553     0.0000000000
----------------------------------------------
cycle 4: E = -3100.83613559  dE = -0.0150475  norm(grad) = 0.0374508

Geometry optimization cycle 5
Cartesian coordinates (Angstrom)
 Atom        New coordinates             dX        dY        dZ
   C  -7.321225   4.988421   0.000000   -0.008154  0.004278 -0.000000
   C  -7.309439   0.639458   0.000000   -0.004695 -0.007587 -0.000000
   C  -6.165175   2.860018   0.000000   -0.010668  0.005300 -0.000000
   C  -4.902629   4.987631   0.000000   -0.006140  0.009625 -0.000000
   C  -7.248832  -3.598296   0.000000   -0.014020 -0.005064  0.000000
   C  -6.100455  -1.436994   0.000000   -0.007244  0.006699 -0.000000
   C  -4.912017   0.713975   0.000000   -0.008391  0.007202 -0.000000
   C  -3.692999   2.846754   0.000000   -0.010392  0.008373 -0.000000
   C  -2.461769   4.989210   0.000000   -0.002694  0.011769  0.000000
   C  -6.014873  -5.622696   0.000000   -0.019391 -0.015630  0.000000
   C  -4.857326  -3.495493   0.000000   -0.006778  0.005475  0.000000
   C  -3.656340  -1.395607   0.000000   -0.004101  0.002994  0.000000
   C  -2.458335   0.725961   0.000000   -0.008542  0.003222 -0.000000
   C  -1.239586   2.846093  -0.000000   -0.011836  0.005214 -0.000000
   C  -0.018014   4.973752  -0.000000   -0.001196  0.010941  0.000000
   N  -3.662761  -5.528592   0.000000   -0.007461  0.020878  0.000000
   C  -2.421834  -3.516420   0.000000    0.000251 -0.002447  0.000000
   C  -1.212431  -1.405882   0.000000   -0.002056 -0.000883  0.000000
   C  -0.009598   0.714807  -0.000000   -0.008195  0.000319 -0.000000
   C   1.207884   2.836086  -0.000000   -0.013687  0.004144 -0.000000
   C   2.429679   4.946009  -0.000000    0.008525  0.017197  0.000000
   C  -1.250775  -5.647676   0.000000    0.013484 -0.015275  0.000000
   C   0.017807  -3.537371   0.000000    0.006417 -0.001952  0.000000
   C   1.232463  -1.412839   0.000000    0.001979 -0.003165 -0.000000
   C   2.431673   0.712685  -0.000000   -0.007595 -0.004904 -0.000000
   N   3.605726   2.800092  -0.000000   -0.016781 -0.000652 -0.000000
   C   4.845480   4.915596  -0.000000    0.005362  0.007945  0.000000
   C   1.210907  -5.646911   0.000000    0.009836 -0.003493  0.000000
   C   2.467107  -3.539175   0.000000    0.011831 -0.003577  0.000000
   C   3.680126  -1.412324  -0.000000    0.006954 -0.007721 -0.000000
   C   4.852046   0.711176  -0.000000   -0.002147 -0.012242 -0.000000
   C   6.019261   2.776798  -0.000000   -0.020309 -0.007525 -0.000000
   C   7.251599   4.847084   0.000000    0.014647 -0.013902  0.000000
   C   3.667713  -5.651611   0.000000    0.010498 -0.006772  0.000000
   C   4.918790  -3.547514   0.000000    0.018846 -0.003394 -0.000000
   C   6.127214  -1.403420  -0.000000    0.017322 -0.000835 -0.000000
   C   7.278077   0.749831  -0.000000    0.020192  0.012053 -0.000000
   C   6.123455  -5.672525   0.000000    0.009139 -0.008186 -0.000000
   C   7.340329  -3.583473  -0.000000    0.023233 -0.002996 -0.000000
   C  -7.347421   3.594450   0.000000   -0.013334  0.003285 -0.000000
   C  -6.135142   5.676740   0.000000   -0.008370  0.007279 -0.000000
   C  -7.309352  -0.740284   0.000000   -0.018193 -0.008418 -0.000000
   C  -6.145716   1.406405   0.000000   -0.010744  0.004268 -0.000000
   C  -4.924072   3.555808   0.000000   -0.011176  0.008935 -0.000000
   C  -3.678206   5.663455   0.000000   -0.004712  0.009621  0.000000
   C  -7.221080  -4.963148   0.000000   -0.015306 -0.004786  0.000000
   N  -6.062782  -2.841087   0.000000   -0.013439  0.003833  0.000000
   C  -4.892226  -0.707150   0.000000   -0.005114  0.007307 -0.000000
   C  -3.683853   1.423754   0.000000   -0.008061  0.007296 -0.000000
   C  -2.467642   3.551773   0.000000   -0.010146  0.010247  0.000000
   C  -1.222180   5.658011  -0.000000   -0.001761  0.012083  0.000000
   N  -4.863876  -4.854741   0.000000   -0.022069  0.003597  0.000000
   C  -3.641070  -2.807260   0.000000    0.003225  0.002761  0.000000
   C  -2.438576  -0.695952   0.000000   -0.001494  0.001774 -0.000000
   C  -1.235798   1.426337   0.000000   -0.007685  0.003271  0.000000
   C  -0.015231   3.547930  -0.000000   -0.012236  0.008136  0.000000
   C   1.238243   5.625096  -0.000000    0.000675  0.009369  0.000000
   C  -2.412403  -4.934891   0.000000    0.011972 -0.007746  0.000000
   C  -1.199857  -2.829233   0.000000    0.003841 -0.002291  0.000000
   C   0.007661  -0.707209  -0.000000    0.000973 -0.001066  0.000000
   C   1.207043   1.412141  -0.000000   -0.006226  0.000748  0.000000
   C   2.421520   3.527390  -0.000000   -0.015232  0.011811  0.000000
   C   3.696346   5.611065  -0.000000    0.006285  0.021584  0.000000
   C   0.009954  -4.971974   0.000000    0.007426 -0.004154  0.000000
   C   1.241308  -2.835503   0.000000    0.009220 -0.004095  0.000000
   C   2.458205  -0.710111  -0.000000    0.004979 -0.005730 -0.000000
   C   3.655543   1.416509  -0.000000   -0.004797 -0.005473 -0.000000
   N   4.846389   3.508430  -0.000000   -0.016534  0.004582 -0.000000
   C   6.127089   5.567268   0.000000    0.014117 -0.006446  0.000000
   C   2.456702  -4.974647   0.000000    0.011133 -0.003834  0.000000
   C   3.693886  -2.839851   0.000000    0.014907 -0.006915 -0.000000
   C   4.902166  -0.705485  -0.000000    0.010685 -0.011020 -0.000000
   N   6.066629   1.464187  -0.000000    0.001528 -0.014563 -0.000000
   N   7.190519   3.472966   0.000000   -0.008730 -0.019909 -0.000000
   C   4.895879  -4.976727   0.000000    0.011005 -0.004381 -0.000000
   C   6.159549  -2.843329  -0.000000    0.020847 -0.002809 -0.000000
   C   7.283110  -0.602934  -0.000000    0.014317  0.008874 -0.000000
   C   7.306939  -4.977473   0.000000    0.008160 -0.003342 -0.000000
   H   8.244691   5.271780   0.000000    0.020889 -0.023479  0.000000
   H   8.044395   2.941775   0.000000   -0.002783 -0.041284 -0.000000
   H   8.203150   1.301502  -0.000000    0.013731  0.032993 -0.000000
   H   8.262017  -1.063266  -0.000000    0.016812  0.011387 -0.000000
   H   8.303021  -3.088773  -0.000000    0.026943 -0.007759 -0.000000
   H   8.245169  -5.521857  -0.000000    0.007126 -0.007073 -0.000000
   H  -8.258988   5.533335   0.000000   -0.008863  0.005303 -0.000000
   H  -8.306703   3.095337   0.000000   -0.014973  0.003690 -0.000000
   H  -8.271798   1.132615   0.000000   -0.006502 -0.008640 -0.000000
   H  -8.263673  -1.242587   0.000000   -0.019261 -0.011935 -0.000000
   H  -8.168920  -3.050364   0.000000   -0.015452 -0.002132 -0.000000
   H  -8.146900  -5.520359   0.000000   -0.018907 -0.002886  0.000000
   H  -6.125725   6.760813   0.000000   -0.009806  0.008477 -0.000000
   H  -3.679340   6.748199   0.000000   -0.005106  0.010920  0.000000
   H  -1.214314   6.742949   0.000000   -0.001769  0.013416  0.000000
   H   1.264646   6.709627  -0.000000   -0.003878  0.010699  0.000000
   H   3.746911   6.691276   0.000000    0.006343  0.023849  0.000000
   H   6.147715   6.645829   0.000000    0.019397 -0.004360  0.000000
   H  -5.889575  -6.692582   0.000000   -0.023583 -0.017616  0.000000
   H  -3.767951  -6.528809   0.000000   -0.011952  0.007866  0.000000
   H  -1.266108  -6.732854   0.000000    0.020029 -0.016653  0.000000
   H   1.211997  -6.732159   0.000000    0.012921 -0.004759  0.000000
   H   3.667319  -6.736759   0.000000    0.010578 -0.008137  0.000000
   H   6.114171  -6.756497   0.000000    0.008700 -0.009518 -0.000000
converged SCF energy = -3100.83685641993
