1721714978.0511427

Geometry optimization cycle 1
Cartesian coordinates (Angstrom)
 Atom        New coordinates             dX        dY        dZ
   C  -7.338226   5.042760   0.000000    0.000000  0.000000  0.000000
   C  -7.365228   0.691139   0.000000    0.000000  0.000000  0.000000
   C  -6.173642   2.889413   0.000000    0.000000  0.000000  0.000000
   C  -4.910090   5.019617   0.000000    0.000000  0.000000  0.000000
   C  -7.358051  -3.642635   0.000000    0.000000  0.000000  0.000000
   C  -6.173475  -1.431785   0.000000    0.000000  0.000000  0.000000
   C  -4.940069   0.716689   0.000000    0.000000  0.000000  0.000000
   C  -3.694845   2.860312   0.000000    0.000000  0.000000  0.000000
   C  -2.457224   5.005715   0.000000    0.000000  0.000000  0.000000
   C  -6.138515  -5.727246   0.000000    0.000000  0.000000  0.000000
   C  -4.928214  -3.580071   0.000000    0.000000  0.000000  0.000000
   C  -3.698169  -1.425571   0.000000    0.000000  0.000000  0.000000
   C  -2.471779   0.716540   0.000000    0.000000  0.000000  0.000000
   C  -1.230705   2.851907   0.000000    0.000000 -0.000000  0.000000
   C   0.000000   5.003169   0.000000    0.000000  0.000000  0.000000
   C  -3.678966  -5.694052   0.000000    0.000000  0.000000  0.000000
   C  -2.466015  -3.560923   0.000000    0.000000  0.000000  0.000000
   C  -1.232423  -1.423207   0.000000    0.000000  0.000000  0.000000
   C   0.000000   0.715809   0.000000    0.000000  0.000000  0.000000
   C   1.230705   2.851907   0.000000    0.000000 -0.000000  0.000000
   C   2.457224   5.005715   0.000000    0.000000  0.000000  0.000000
   C  -1.226334  -5.685080   0.000000    0.000000  0.000000  0.000000
   C   0.000000  -3.557079   0.000000    0.000000  0.000000  0.000000
   N   1.232423  -1.423207   0.000000    0.000000  0.000000  0.000000
   C   2.471779   0.716540   0.000000    0.000000  0.000000  0.000000
   C   3.694845   2.860312   0.000000    0.000000  0.000000  0.000000
   C   4.910090   5.019617   0.000000    0.000000  0.000000  0.000000
   C   1.226334  -5.685080   0.000000    0.000000  0.000000  0.000000
   C   2.466015  -3.560923   0.000000    0.000000  0.000000  0.000000
   C   3.698169  -1.425571   0.000000    0.000000  0.000000  0.000000
   C   4.940069   0.716689   0.000000    0.000000  0.000000  0.000000
   C   6.173642   2.889413   0.000000    0.000000  0.000000  0.000000
   C   7.338226   5.042760   0.000000    0.000000  0.000000  0.000000
   C   3.678966  -5.694052   0.000000    0.000000  0.000000  0.000000
   N   4.928214  -3.580071   0.000000    0.000000  0.000000  0.000000
   C   6.173475  -1.431785   0.000000   -0.000000  0.000000  0.000000
   N   7.365228   0.691139   0.000000    0.000000  0.000000  0.000000
   C   6.138515  -5.727246   0.000000    0.000000  0.000000  0.000000
   C   7.358051  -3.642635   0.000000   -0.000000  0.000000  0.000000
   C  -7.358051   3.642635   0.000000    0.000000  0.000000  0.000000
   C  -6.138515   5.727246   0.000000    0.000000  0.000000  0.000000
   C  -7.365228  -0.691139   0.000000    0.000000  0.000000  0.000000
   C  -6.173475   1.431785   0.000000    0.000000  0.000000  0.000000
   C  -4.928214   3.580071   0.000000    0.000000 -0.000000  0.000000
   C  -3.678966   5.694052   0.000000    0.000000  0.000000  0.000000
   C  -7.338226  -5.042760   0.000000    0.000000  0.000000  0.000000
   C  -6.173642  -2.889413   0.000000    0.000000  0.000000  0.000000
   N  -4.940069  -0.716689   0.000000    0.000000  0.000000  0.000000
   C  -3.698169   1.425571   0.000000    0.000000  0.000000  0.000000
   C  -2.466015   3.560923   0.000000    0.000000 -0.000000  0.000000
   C  -1.226334   5.685080   0.000000    0.000000  0.000000  0.000000
   C  -4.910090  -5.019617   0.000000    0.000000  0.000000  0.000000
   C  -3.694845  -2.860312   0.000000    0.000000  0.000000  0.000000
   C  -2.471779  -0.716540   0.000000    0.000000  0.000000  0.000000
   C  -1.232423   1.423207   0.000000    0.000000  0.000000  0.000000
   N   0.000000   3.557079   0.000000    0.000000  0.000000  0.000000
   N   1.226334   5.685080   0.000000    0.000000  0.000000  0.000000
   C  -2.457224  -5.005715   0.000000    0.000000  0.000000  0.000000
   C  -1.230705  -2.851907   0.000000    0.000000  0.000000  0.000000
   C   0.000000  -0.715809   0.000000    0.000000  0.000000  0.000000
   N   1.232423   1.423207   0.000000    0.000000  0.000000  0.000000
   C   2.466015   3.560923   0.000000    0.000000 -0.000000  0.000000
   C   3.678966   5.694052   0.000000    0.000000  0.000000  0.000000
   C   0.000000  -5.003169   0.000000    0.000000  0.000000  0.000000
   N   1.230705  -2.851907   0.000000    0.000000  0.000000  0.000000
   C   2.471779  -0.716540   0.000000    0.000000  0.000000  0.000000
   C   3.698169   1.425571   0.000000    0.000000  0.000000  0.000000
   N   4.928214   3.580071   0.000000    0.000000 -0.000000  0.000000
   C   6.138515   5.727246   0.000000    0.000000  0.000000  0.000000
   N   2.457224  -5.005715   0.000000    0.000000  0.000000  0.000000
   C   3.694845  -2.860312   0.000000    0.000000  0.000000  0.000000
   C   4.940069  -0.716689   0.000000    0.000000  0.000000  0.000000
   C   6.173475   1.431785   0.000000   -0.000000  0.000000  0.000000
   C   7.358051   3.642635   0.000000   -0.000000  0.000000  0.000000
   C   4.910090  -5.019617   0.000000    0.000000  0.000000  0.000000
   C   6.173642  -2.889413   0.000000    0.000000  0.000000  0.000000
   C   7.365228  -0.691139   0.000000    0.000000  0.000000  0.000000
   C   7.338226  -5.042760   0.000000    0.000000  0.000000  0.000000
   H   8.282184   5.591425   0.000000    0.000000 -0.000000  0.000000
   H   8.325741   3.141106   0.000000    0.000000  0.000000  0.000000
   H   8.326715   1.204661   0.000000    0.000000  0.000000  0.000000
   H   8.326715  -1.204661   0.000000    0.000000  0.000000  0.000000
   H   8.325741  -3.141106   0.000000    0.000000  0.000000  0.000000
   H   8.282184  -5.591425   0.000000    0.000000  0.000000  0.000000
   H  -8.282184   5.591425   0.000000    0.000000 -0.000000  0.000000
   H  -8.325741   3.141106   0.000000    0.000000  0.000000  0.000000
   H  -8.326715   1.204661   0.000000    0.000000  0.000000  0.000000
   H  -8.326715  -1.204661   0.000000    0.000000  0.000000  0.000000
   H  -8.325741  -3.141106   0.000000    0.000000  0.000000  0.000000
   H  -8.282184  -5.591425   0.000000    0.000000  0.000000  0.000000
   H  -6.116625   6.819427   0.000000    0.000000  0.000000  0.000000
   H  -3.672757   6.787431   0.000000    0.000000  0.000000  0.000000
   H  -1.225580   6.778408   0.000000    0.000000 -0.000000  0.000000
   H   1.225580   6.778408   0.000000    0.000000 -0.000000  0.000000
   H   3.672757   6.787431   0.000000    0.000000  0.000000  0.000000
   H   6.116625   6.819427   0.000000   -0.000000  0.000000  0.000000
   H  -6.116625  -6.819427   0.000000    0.000000  0.000000  0.000000
   H  -3.672757  -6.787431   0.000000    0.000000  0.000000  0.000000
   H  -1.225580  -6.778408   0.000000    0.000000  0.000000  0.000000
   H   1.225580  -6.778408   0.000000    0.000000  0.000000  0.000000
   H   3.672757  -6.787431   0.000000    0.000000  0.000000  0.000000
   H   6.116625  -6.819427   0.000000   -0.000000  0.000000  0.000000
converged SCF energy = -3150.57994695226
--------------- RKS_Scanner gradients ---------------
         x                y                z
0 C     0.0001882523     0.0082232638    -0.0000000000
1 C     0.0036328690    -0.0006559314    -0.0000000000
2 C    -0.0040102945    -0.0025041732    -0.0000000000
3 C     0.0153930303     0.0052262089    -0.0000000000
4 C     0.0020345070    -0.0087715986    -0.0000000000
5 C    -0.0022671417    -0.0105691648    -0.0000000000
6 C     0.0021805143     0.0028047737    -0.0000000000
7 C     0.0089197420     0.0100459590    -0.0000000000
8 C     0.0371842308    -0.0022200559    -0.0000000000
9 C     0.0081685252    -0.0032319308    -0.0000000000
10 C     0.0006023422     0.0003790641    -0.0000000000
11 C     0.0246240722    -0.0107540153    -0.0000000000
12 C    -0.0097102112    -0.0041994217    -0.0000000000
13 C     0.0158465356    -0.0126934645    -0.0000000000
14 C     0.0313692502    -0.0041794273     0.0000000000
15 C     0.0008853656    -0.0040418892    -0.0000000000
16 C     0.0014562339    -0.0001475785    -0.0000000000
17 C     0.0085554671    -0.0154128807    -0.0000000000
18 C    -0.0112200600     0.0388578569    -0.0000000000
19 C    -0.0145351303    -0.0028330922     0.0000000000
20 C    -0.0098318563    -0.0190036408    -0.0000000000
21 C    -0.0080638653    -0.0066697032     0.0000000000
22 C     0.0253398674    -0.0117764132     0.0000000000
23 N    -0.0010055930    -0.0025495407     0.0000000000
24 C     0.0040382401     0.0442058122     0.0000000000
25 C    -0.0219116166     0.0146145487    -0.0000000000
26 C    -0.0311751090     0.0255696713     0.0000000000
27 C    -0.0227662340    -0.0124543396    -0.0000000000
28 C    -0.0089716628    -0.0058707205     0.0000000000
29 C    -0.0152678594     0.0023158228     0.0000000000
30 C     0.0070010363     0.0305458572     0.0000000000
31 C     0.0112571901     0.0520913521    -0.0000000000
32 C    -0.0133613873     0.0321461927     0.0000000000
33 C    -0.0120318067    -0.0258561223     0.0000000000
34 N    -0.0139679434     0.0072606356     0.0000000000
35 C    -0.0353136001     0.0088572905    -0.0000000000
36 N    -0.0403384434    -0.0017439303    -0.0000000000
37 C     0.0018301499    -0.0076430322    -0.0000000000
38 C     0.0124766723    -0.0029092234    -0.0000000000
39 C     0.0017232327    -0.0030060622     0.0000000000
40 C    -0.0090496938     0.0046121981     0.0000000000
41 C    -0.0136749612    -0.0018190789     0.0000000000
42 C    -0.0043578905     0.0111485962     0.0000000000
43 C    -0.0007817111    -0.0042197566     0.0000000000
44 C    -0.0278629674     0.0056292894     0.0000000000
45 C    -0.0088451976     0.0021548071     0.0000000000
46 C    -0.0036192686     0.0031117079     0.0000000000
47 N    -0.0129242937     0.0112371694     0.0000000000
48 C     0.0056680411     0.0023697368     0.0000000000
49 C    -0.0260966492     0.0025183499     0.0000000000
50 C    -0.0516132303     0.0133617552     0.0000000000
51 C    -0.0072722002     0.0013089144     0.0000000000
52 C     0.0053210026    -0.0016564309     0.0000000000
53 C    -0.0089612526    -0.0037320138     0.0000000000
54 C    -0.0038999240    -0.0002209293     0.0000000000
55 N    -0.0200217350    -0.0060814655     0.0000000000
56 N    -0.0112408707    -0.0095705166    -0.0000000000
57 C     0.0055353724     0.0008822318     0.0000000000
58 C    -0.0290112531     0.0175235076     0.0000000000
59 C    -0.0027628871    -0.0237626723    -0.0000000000
60 N     0.0167245979    -0.0345927673    -0.0000000000
61 C     0.0398474977     0.0013996032    -0.0000000000
62 C     0.0430070026     0.0084720171    -0.0000000000
63 C    -0.0045591003    -0.0121475222    -0.0000000000
64 N    -0.0215539779     0.0326602464    -0.0000000000
65 C     0.0075739483    -0.0319074716    -0.0000000000
66 C    -0.0137221808    -0.0230641692    -0.0000000000
67 N     0.0053224474    -0.0225420289     0.0000000000
68 C     0.0292037816     0.0026214072    -0.0000000000
69 N     0.0306307973    -0.0087675128    -0.0000000000
70 C     0.0192121351     0.0139168550    -0.0000000000
71 C     0.0404745142    -0.0282031493    -0.0000000000
72 C     0.0050472356    -0.0558338820    -0.0000000000
73 C    -0.0097881106    -0.0332151828    -0.0000000000
74 C     0.0187896692    -0.0039481475     0.0000000000
75 C    -0.0039417748     0.0017667838     0.0000000000
76 C     0.0229448107    -0.0031360263     0.0000000000
77 C     0.0036757878     0.0006583081     0.0000000000
78 H     0.0050406514     0.0033799791     0.0000000000
79 H     0.0063306746    -0.0022431807     0.0000000000
80 H     0.0555239645     0.0284821079     0.0000000000
81 H     0.0042866903    -0.0103827569    -0.0000000000
82 H     0.0081041724     0.0016220096    -0.0000000000
83 H     0.0056039373    -0.0027470669     0.0000000000
84 H    -0.0048477043     0.0031192958     0.0000000000
85 H    -0.0055687336    -0.0030819163    -0.0000000000
86 H    -0.0063446910     0.0030517171     0.0000000000
87 H    -0.0090675446    -0.0008458077    -0.0000000000
88 H    -0.0056029703     0.0031798886     0.0000000000
89 H    -0.0047717200    -0.0031343798    -0.0000000000
90 H     0.0000952064     0.0058166669    -0.0000000000
91 H    -0.0001727123     0.0060347820     0.0000000000
92 H    -0.0027695970     0.0072995407    -0.0000000000
93 H     0.0026912371     0.0626591169     0.0000000000
94 H    -0.0028650180     0.0079452723    -0.0000000000
95 H     0.0027023173     0.0081927399     0.0000000000
96 H     0.0001077298    -0.0060641877     0.0000000000
97 H     0.0001507640    -0.0063101730    -0.0000000000
98 H    -0.0006939091    -0.0067007721    -0.0000000000
99 H    -0.0084696945    -0.0100371102    -0.0000000000
100 H     0.0059814299    -0.0119846809     0.0000000000
101 H     0.0021984550    -0.0077072137    -0.0000000000
----------------------------------------------
cycle 1: E = -3150.57994695  dE = -3150.58  norm(grad) = 0.242611

Geometry optimization cycle 2
Cartesian coordinates (Angstrom)
 Atom        New coordinates             dX        dY        dZ
   C  -7.259007   4.973469   0.000000    0.079219 -0.069290  0.000000
   C  -7.306426   0.691504   0.000000    0.058802  0.000365  0.000000
   C  -6.107205   2.852560   0.000000    0.066437 -0.036853  0.000000
   C  -4.841431   4.970815   0.000000    0.068660 -0.048802  0.000000
   C  -7.300544  -3.556220   0.000000    0.057507  0.086415  0.000000
   C  -6.085484  -1.409735   0.000000    0.087991  0.022050  0.000000
   C  -4.887751   0.695135  -0.000000    0.052318 -0.021554 -0.000000
   C  -3.655701   2.820713  -0.000000    0.039144 -0.039599 -0.000000
   C  -2.416906   4.946066  -0.000000    0.040318 -0.059649 -0.000000
   C  -6.091441  -5.656128   0.000000    0.047075  0.071118  0.000000
   C  -4.874436  -3.554521  -0.000000    0.053778  0.025549 -0.000000
   C  -3.661870  -1.410159  -0.000000    0.036299  0.015412 -0.000000
   C  -2.438261   0.709022  -0.000000    0.033518 -0.007517 -0.000000
   C  -1.216547   2.803801  -0.000000    0.014157 -0.048106 -0.000000
   C  -0.016126   4.871679  -0.000000   -0.016126 -0.131490 -0.000000
   C  -3.626531  -5.656895  -0.000000    0.052435  0.037157 -0.000000
   C  -2.429065  -3.525193  -0.000000    0.036949  0.035729 -0.000000
   C  -1.220168  -1.399000  -0.000000    0.012255  0.024207 -0.000000
   C   0.003162   0.684458  -0.000000    0.003162 -0.031351 -0.000000
   C   1.228442   2.799313  -0.000000   -0.002263 -0.052594 -0.000000
   C   2.439402   4.905020  -0.000000   -0.017821 -0.100695 -0.000000
   C  -1.179528  -5.613605  -0.000000    0.046806  0.071475 -0.000000
   C   0.010226  -3.501467  -0.000000    0.010226  0.055611 -0.000000
   N   1.216547  -1.401118  -0.000000   -0.015876  0.022090 -0.000000
   C   2.425407   0.696368  -0.000000   -0.046372 -0.020171 -0.000000
   C   3.665074   2.813005  -0.000000   -0.029771 -0.047306 -0.000000
   C   4.860139   4.927047  -0.000000   -0.049952 -0.092570 -0.000000
   C   1.251752  -5.580740  -0.000000    0.025417  0.104340 -0.000000
   C   2.458996  -3.466493  -0.000000   -0.007019  0.094430 -0.000000
   C   3.652019  -1.388087  -0.000000   -0.046150  0.037484 -0.000000
   C   4.855556   0.709667  -0.000000   -0.084512 -0.007022 -0.000000
   C   6.108730   2.844166   0.000000   -0.064912 -0.045247  0.000000
   C   7.279844   4.959353   0.000000   -0.058381 -0.083407  0.000000
   C   3.608379  -5.514182  -0.000000   -0.070588  0.179871 -0.000000
   N   4.896450  -3.496718  -0.000000   -0.031764  0.083352 -0.000000
   C   6.113403  -1.398988   0.000000   -0.060072  0.032797  0.000000
   N   7.230215   0.700793   0.000000   -0.135013  0.009654  0.000000
   C   6.028391  -5.633039   0.000000   -0.110125  0.094207  0.000000
   C   7.286330  -3.595653   0.000000   -0.071722  0.046983  0.000000
   C  -7.294882   3.585608   0.000000    0.063169 -0.057028  0.000000
   C  -6.063515   5.659760   0.000000    0.075001 -0.067486  0.000000
   C  -7.259108  -0.679042   0.000000    0.106120  0.012097  0.000000
   C  -6.108551   1.403291   0.000000    0.064924 -0.028494  0.000000
   C  -4.873335   3.544299  -0.000000    0.054879 -0.035771 -0.000000
   C  -3.603550   5.643045  -0.000000    0.075416 -0.051008 -0.000000
   C  -7.268003  -4.951118   0.000000    0.070223  0.091642  0.000000
   C  -6.099453  -2.852374   0.000000    0.074189  0.037039  0.000000
   N  -4.870051  -0.717467  -0.000000    0.070017 -0.000778 -0.000000
   C  -3.661695   1.401748  -0.000000    0.036474 -0.023823 -0.000000
   C  -2.422982   3.512279  -0.000000    0.043032 -0.048644 -0.000000
   C  -1.161029   5.595193  -0.000000    0.065305 -0.089887 -0.000000
   C  -4.847783  -4.983734   0.000000    0.062308  0.035883  0.000000
   C  -3.654935  -2.834320  -0.000000    0.039910  0.025991 -0.000000
   C  -2.443390  -0.704353  -0.000000    0.028389  0.012187 -0.000000
   C  -1.211179   1.392768  -0.000000    0.021244 -0.030439 -0.000000
   N   0.013456   3.472644  -0.000000    0.013456 -0.084434 -0.000000
   N   1.206731   5.494353  -0.000000   -0.019603 -0.190726 -0.000000
   C  -2.418439  -4.960042  -0.000000    0.038785  0.045673 -0.000000
   C  -1.196040  -2.821444  -0.000000    0.034664  0.030463 -0.000000
   C   0.001295  -0.702748  -0.000000    0.001295  0.013061 -0.000000
   N   1.201419   1.408458  -0.000000   -0.031003 -0.014750 -0.000000
   C   2.429191   3.490217  -0.000000   -0.036823 -0.070706 -0.000000
   C   3.617857   5.595108  -0.000000   -0.061109 -0.098945 -0.000000
   C   0.026673  -4.923274  -0.000000    0.026673  0.079895 -0.000000
   N   1.237841  -2.815328  -0.000000    0.007137  0.036579 -0.000000
   C   2.431537  -0.690490  -0.000000   -0.040243  0.026049 -0.000000
   C   3.641823   1.411868  -0.000000   -0.056346 -0.013703 -0.000000
   N   4.877851   3.528201  -0.000000   -0.050363 -0.051869 -0.000000
   C   6.060867   5.626764   0.000000   -0.077648 -0.100482  0.000000
   N   2.401947  -4.857759  -0.000000   -0.055277  0.147956 -0.000000
   C   3.666064  -2.799438  -0.000000   -0.028781  0.060873 -0.000000
   C   4.862163  -0.686336  -0.000000   -0.077906  0.030353 -0.000000
   C   6.061331   1.449294   0.000000   -0.112144  0.017509  0.000000
   C   7.304413   3.588821   0.000000   -0.053638 -0.053815  0.000000
   C   4.834107  -4.900508   0.000000   -0.075983  0.119109  0.000000
   C   6.131206  -2.835761   0.000000   -0.042436  0.053653  0.000000
   C   7.265936  -0.653137   0.000000   -0.099292  0.038002  0.000000
   C   7.239939  -4.988795   0.000000   -0.098287  0.053965  0.000000
   H   8.212609   5.512951   0.000000   -0.069575 -0.078473  0.000000
   H   8.261926   3.084698   0.000000   -0.063814 -0.056408  0.000000
   H   8.121920   1.189147   0.000000   -0.204795 -0.015514  0.000000
   H   8.242848  -1.113227   0.000000   -0.083867  0.091434  0.000000
   H   8.249820  -3.106388   0.000000   -0.075920  0.034718  0.000000
   H   8.162954  -5.558121   0.000000   -0.119230  0.033304  0.000000
   H  -8.195177   5.521984   0.000000    0.087007 -0.069441  0.000000
   H  -8.255831   3.087323   0.000000    0.069910 -0.053783  0.000000
   H  -8.263726   1.195268   0.000000    0.062989 -0.009394  0.000000
   H  -8.195812  -1.216933   0.000000    0.130903 -0.012271  0.000000
   H  -8.255146  -3.046071   0.000000    0.070595  0.095035  0.000000
   H  -8.210109  -5.489514   0.000000    0.072075  0.101911  0.000000
   H  -6.048148   6.745169   0.000000    0.068477 -0.074257  0.000000
   H  -3.584726   6.729122   0.000000    0.088031 -0.058309  0.000000
   H  -1.103229   6.678327  -0.000000    0.122351 -0.100081 -0.000000
   H   1.183911   6.513138  -0.000000   -0.041668 -0.265270 -0.000000
   H   3.610507   6.679038  -0.000000   -0.062250 -0.108394 -0.000000
   H   6.014747   6.708556   0.000000   -0.101878 -0.110871  0.000000
   H  -6.095863  -6.741346   0.000000    0.020763  0.078081  0.000000
   H  -3.616771  -6.742765  -0.000000    0.055986  0.044666 -0.000000
   H  -1.158842  -6.698793  -0.000000    0.066738  0.079615 -0.000000
   H   1.325835  -6.659621  -0.000000    0.100255  0.118786 -0.000000
   H   3.564532  -6.592517  -0.000000   -0.108225  0.194914 -0.000000
   H   5.965629  -6.714558   0.000000   -0.150997  0.104868  0.000000
converged SCF energy = -3150.66453891387
--------------- RKS_Scanner gradients ---------------
         x                y                z
0 C     0.0051070758     0.0028484244     0.0000000000
1 C    -0.0020324648     0.0035025642     0.0000000000
2 C    -0.0031751833     0.0012570436     0.0000000000
3 C     0.0129699065     0.0022507890    -0.0000000000
4 C    -0.0044322406     0.0022313068     0.0000000000
5 C    -0.0040378560    -0.0056854362     0.0000000000
6 C     0.0021367693    -0.0002955009     0.0000000000
7 C     0.0030562419     0.0075941820     0.0000000000
8 C     0.0170992099    -0.0076087163    -0.0000000000
9 C     0.0020645707    -0.0000818621    -0.0000000000
10 C    -0.0021846375     0.0001913330     0.0000000000
11 C     0.0160673211    -0.0060806147     0.0000000000
12 C    -0.0017997744    -0.0007333566     0.0000000000
13 C     0.0062704298     0.0003654308     0.0000000000
14 C    -0.0087722406     0.0019203431    -0.0000000000
15 C     0.0004930220    -0.0031558660     0.0000000000
16 C     0.0048100100     0.0018196061     0.0000000000
17 C     0.0077082153    -0.0075664467     0.0000000000
18 C    -0.0034644175     0.0116455886    -0.0000000000
19 C     0.0000190101     0.0091214149     0.0000000000
20 C     0.0061732671    -0.0020063229     0.0000000000
21 C    -0.0036841615    -0.0014794575     0.0000000000
22 C     0.0108506435    -0.0051505327     0.0000000000
23 N    -0.0012123962     0.0001723979    -0.0000000000
24 C     0.0037181873     0.0211639146    -0.0000000000
25 C    -0.0081456662     0.0185331746    -0.0000000000
26 C    -0.0177291340     0.0102487339    -0.0000000000
27 C    -0.0001776270    -0.0083467781    -0.0000000000
28 C     0.0156251359     0.0159762447    -0.0000000000
29 C    -0.0079901980     0.0117095178     0.0000000000
30 C     0.0001178768     0.0220252476    -0.0000000000
31 C     0.0120880491     0.0347272138     0.0000000000
32 C    -0.0096389496     0.0181514482    -0.0000000000
33 C    -0.0137788117     0.0049825947     0.0000000000
34 N    -0.0051821868     0.0066383379    -0.0000000000
35 C    -0.0172267506     0.0040020385     0.0000000000
36 N    -0.0205107099     0.0007890891    -0.0000000000
37 C    -0.0093084901     0.0020706853    -0.0000000000
38 C     0.0022678248    -0.0040801215     0.0000000000
39 C    -0.0011377670    -0.0050884393    -0.0000000000
40 C    -0.0065413805    -0.0003339328    -0.0000000000
41 C     0.0049969459    -0.0005155294    -0.0000000000
42 C    -0.0018907259    -0.0001147961    -0.0000000000
43 C    -0.0015546452    -0.0023036987    -0.0000000000
44 C    -0.0113557279     0.0043101500     0.0000000000
45 C     0.0030402233     0.0038027624    -0.0000000000
46 C     0.0028472999    -0.0004196648    -0.0000000000
47 N    -0.0072330776     0.0053189655    -0.0000000000
48 C     0.0011777625    -0.0037066934    -0.0000000000
49 C    -0.0110120406     0.0016343631    -0.0000000000
50 C    -0.0101115177     0.0068597086     0.0000000000
51 C     0.0022748244    -0.0003080751     0.0000000000
52 C    -0.0019846913    -0.0002382784    -0.0000000000
53 C    -0.0093397925     0.0025818402    -0.0000000000
54 C     0.0036401833    -0.0029878143    -0.0000000000
55 N     0.0002021884    -0.0095198438    -0.0000000000
56 N    -0.0079410901    -0.0203989577    -0.0000000000
57 C     0.0021127344     0.0006160055    -0.0000000000
58 C    -0.0119827977     0.0071931589    -0.0000000000
59 C    -0.0055944358    -0.0055112336     0.0000000000
60 N    -0.0001892970    -0.0224173006     0.0000000000
61 C     0.0100547290     0.0027340153    -0.0000000000
62 C     0.0171611492    -0.0022940990    -0.0000000000
63 C     0.0046024891     0.0023710067    -0.0000000000
64 N    -0.0083622481     0.0020257532     0.0000000000
65 C     0.0081586859    -0.0161629809    -0.0000000000
66 C    -0.0092542667    -0.0229131442     0.0000000000
67 N     0.0078821566    -0.0176930471     0.0000000000
68 C     0.0184553780    -0.0062833549     0.0000000000
69 N    -0.0049086048    -0.0086460495     0.0000000000
70 C     0.0014189059    -0.0074252645    -0.0000000000
71 C     0.0108070783    -0.0176324084     0.0000000000
72 C    -0.0074291756    -0.0255569090    -0.0000000000
73 C    -0.0088488048    -0.0196165226     0.0000000000
74 C     0.0119623199    -0.0071368678    -0.0000000000
75 C     0.0045207160     0.0006201416     0.0000000000
76 C     0.0151504919     0.0020775103    -0.0000000000
77 C     0.0050466998     0.0050478111    -0.0000000000
78 H     0.0014785298     0.0001094040     0.0000000000
79 H     0.0015509981     0.0002657916    -0.0000000000
80 H     0.0116807326     0.0054332591     0.0000000000
81 H    -0.0008509360    -0.0034774078     0.0000000000
82 H     0.0016984594    -0.0008724591    -0.0000000000
83 H     0.0013161534    -0.0004485092     0.0000000000
84 H    -0.0008943117    -0.0000389506    -0.0000000000
85 H    -0.0016593200    -0.0015688627     0.0000000000
86 H    -0.0023870855     0.0017836463    -0.0000000000
87 H    -0.0023237078     0.0003393422     0.0000000000
88 H    -0.0020568989     0.0029705847    -0.0000000000
89 H    -0.0004973281     0.0002739675     0.0000000000
90 H     0.0007762073     0.0009378871    -0.0000000000
91 H     0.0006777161     0.0015068807    -0.0000000000
92 H    -0.0006395059     0.0021191646    -0.0000000000
93 H     0.0016485786     0.0116758250     0.0000000000
94 H    -0.0022083965     0.0016010572     0.0000000000
95 H     0.0006587243     0.0015083094    -0.0000000000
96 H     0.0006311996    -0.0010550919     0.0000000000
97 H     0.0000701361    -0.0014090837     0.0000000000
98 H    -0.0002330915    -0.0010468123    -0.0000000000
99 H    -0.0038442807    -0.0033407535     0.0000000000
100 H     0.0017692724    -0.0015686653    -0.0000000000
101 H     0.0007057872    -0.0014095401     0.0000000000
----------------------------------------------
cycle 2: E = -3150.66453891  dE = -0.084592  norm(grad) = 0.119129

Geometry optimization cycle 3
Cartesian coordinates (Angstrom)
 Atom        New coordinates             dX        dY        dZ
   C  -7.245430   5.002427   0.000000    0.013577  0.028957  0.000000
   C  -7.270085   0.662623   0.000000    0.036341 -0.028881 -0.000000
   C  -6.086449   2.853494   0.000000    0.020756  0.000934  0.000000
   C  -4.841207   4.959112   0.000000    0.000224 -0.011702  0.000000
   C  -7.256597  -3.623029  -0.000000    0.043948 -0.066808 -0.000000
   C  -6.062824  -1.407128  -0.000000    0.022659  0.002607 -0.000000
   C  -4.872435   0.700513   0.000000    0.015316  0.005378  0.000000
   C  -3.640443   2.813454   0.000000    0.015258 -0.007259  0.000000
   C  -2.412914   4.933040   0.000000    0.003992 -0.013027  0.000000
   C  -6.073769  -5.679998  -0.000000    0.017671 -0.023870 -0.000000
   C  -4.865507  -3.534755  -0.000000    0.008929  0.019766 -0.000000
   C  -3.663207  -1.382995   0.000000   -0.001337  0.027164  0.000000
   C  -2.422015   0.727033   0.000000    0.016246  0.018011  0.000000
   C  -1.201757   2.815546   0.000000    0.014790  0.011745  0.000000
   C   0.031286   4.881018   0.000000    0.047411  0.009339  0.000000
   C  -3.625844  -5.611888  -0.000000    0.000687  0.045008 -0.000000
   C  -2.430116  -3.492968  -0.000000   -0.001051  0.032225  0.000000
   C  -1.218466  -1.364555   0.000000    0.001702  0.034445  0.000000
   C   0.016057   0.692970   0.000000    0.012895  0.008511  0.000000
   C   1.219439   2.795752   0.000000   -0.009003 -0.003561  0.000000
   C   2.404629   4.882837  -0.000000   -0.034773 -0.022183  0.000000
   C  -1.174902  -5.573996  -0.000000    0.004626  0.039609  0.000000
   C  -0.005663  -3.460621   0.000000   -0.015889  0.040847  0.000000
   N   1.214264  -1.386545   0.000000   -0.002283  0.014573  0.000000
   C   2.424922   0.693402   0.000000   -0.000485 -0.002966  0.000000
   C   3.651521   2.782426   0.000000   -0.013553 -0.030579  0.000000
   C   4.833411   4.883891  -0.000000   -0.026728 -0.043156 -0.000000
   C   1.258337  -5.495540   0.000000    0.006585  0.085200  0.000000
   C   2.435383  -3.465569   0.000000   -0.023613  0.000924  0.000000
   C   3.634918  -1.389413   0.000000   -0.017101 -0.001326  0.000000
   C   4.862775   0.690142   0.000000    0.007219 -0.019525  0.000000
   C   6.067665   2.791517  -0.000000   -0.041065 -0.052649 -0.000000
   C   7.227403   4.918582  -0.000000   -0.052441 -0.040771 -0.000000
   C   3.616532  -5.513088   0.000000    0.008154  0.001094  0.000000
   N   4.867192  -3.494611   0.000000   -0.029258  0.002107  0.000000
   C   6.092079  -1.401556   0.000000   -0.021324 -0.002567  0.000000
   N   7.253780   0.692514  -0.000000    0.023565 -0.008278 -0.000000
   C   6.011611  -5.619795   0.000000   -0.016779  0.013244  0.000000
   C   7.237489  -3.579844   0.000000   -0.048841  0.015809  0.000000
   C  -7.254526   3.619884   0.000000    0.040356  0.034276  0.000000
   C  -6.039821   5.672754   0.000000    0.023694  0.012994  0.000000
   C  -7.246506  -0.703612   0.000000    0.012601 -0.024569 -0.000000
   C  -6.089983   1.401714   0.000000    0.018568 -0.001578  0.000000
   C  -4.854392   3.537480   0.000000    0.018943 -0.006819  0.000000
   C  -3.588814   5.619218   0.000000    0.014735 -0.023826  0.000000
   C  -7.267489  -5.017802  -0.000000    0.000514 -0.066684 -0.000000
   C  -6.095826  -2.853831  -0.000000    0.003627 -0.001457 -0.000000
   N  -4.856426  -0.707844   0.000000    0.013625  0.009623  0.000000
   C  -3.649395   1.406804   0.000000    0.012300  0.005056  0.000000
   C  -2.403506   3.504790   0.000000    0.019476 -0.007488  0.000000
   C  -1.130534   5.549616   0.000000    0.030495 -0.045576  0.000000
   C  -4.854301  -4.962312  -0.000000   -0.006518  0.021422 -0.000000
   C  -3.653488  -2.805857  -0.000000    0.001447  0.028463  0.000000
   C  -2.434421  -0.680722   0.000000    0.008970  0.023631  0.000000
   C  -1.197740   1.407603   0.000000    0.013440  0.014835  0.000000
   N   0.026515   3.492542   0.000000    0.013059  0.019898  0.000000
   N   1.226485   5.538874  -0.000000    0.019754  0.044521  0.000000
   C  -2.416844  -4.924374  -0.000000    0.001595  0.035668 -0.000000
   C  -1.193546  -2.788954   0.000000    0.002494  0.032490  0.000000
   C   0.010788  -0.679695   0.000000    0.009493  0.023053  0.000000
   N   1.205717   1.427849   0.000000    0.004297  0.019391  0.000000
   C   2.408600   3.467607   0.000000   -0.020591 -0.022609  0.000000
   C   3.577485   5.547423  -0.000000   -0.040371 -0.047685 -0.000000
   C   0.017104  -4.873104   0.000000   -0.009570  0.050169  0.000000
   N   1.235173  -2.800444   0.000000   -0.002668  0.014884  0.000000
   C   2.417941  -0.672844   0.000000   -0.013595  0.017646  0.000000
   C   3.655632   1.405665   0.000000    0.013809 -0.006203  0.000000
   N   4.847279   3.504339  -0.000000   -0.030572 -0.023862 -0.000000
   C   6.001532   5.601590  -0.000000   -0.059335 -0.025174 -0.000000
   N   2.424725  -4.830562   0.000000    0.022778  0.027197  0.000000
   C   3.637202  -2.793122   0.000000   -0.028861  0.006316  0.000000
   C   4.834558  -0.681643   0.000000   -0.027605  0.004693  0.000000
   C   6.075997   1.433883  -0.000000    0.014666 -0.015411 -0.000000
   C   7.259833   3.568280  -0.000000   -0.044580 -0.020541 -0.000000
   C   4.814755  -4.886306   0.000000   -0.019352  0.014202  0.000000
   C   6.088245  -2.829368   0.000000   -0.042961  0.006392  0.000000
   C   7.223443  -0.652874   0.000000   -0.042493  0.000263 -0.000000
   C   7.211312  -4.974556   0.000000   -0.028626  0.014238  0.000000
   H   8.155135   5.474103  -0.000000   -0.057474 -0.038849 -0.000000
   H   8.217449   3.071459  -0.000000   -0.044477 -0.013239 -0.000000
   H   8.123437   1.152564  -0.000000    0.001516 -0.036583 -0.000000
   H   8.201847  -1.103281   0.000000   -0.041001  0.009946 -0.000000
   H   8.187604  -3.072050   0.000000   -0.062216  0.034338  0.000000
   H   8.135493  -5.535434   0.000000   -0.027461  0.022687  0.000000
   H  -8.179295   5.550316   0.000000    0.015882  0.028333  0.000000
   H  -8.215483   3.132243   0.000000    0.040347  0.044920  0.000000
   H  -8.224983   1.157502   0.000000    0.038743 -0.037766 -0.000000
   H  -8.171865  -1.251792  -0.000000    0.023947 -0.034859 -0.000000
   H  -8.217234  -3.138820  -0.000000    0.037912 -0.092750 -0.000000
   H  -8.205874  -5.559640  -0.000000    0.004236 -0.070126 -0.000000
   H  -6.010164   6.755212   0.000000    0.037984  0.010042  0.000000
   H  -3.569828   6.701613   0.000000    0.014898 -0.027509  0.000000
   H  -1.072640   6.627867   0.000000    0.030589 -0.050460  0.000000
   H   1.205293   6.526597  -0.000000    0.021382  0.013459  0.000000
   H   3.592169   6.627089  -0.000000   -0.018338 -0.051949 -0.000000
   H   5.940120   6.678642  -0.000000   -0.074627 -0.029914 -0.000000
   H  -6.045399  -6.761979  -0.000000    0.050464 -0.020633 -0.000000
   H  -3.610536  -6.694154  -0.000000    0.006235  0.048611 -0.000000
   H  -1.143744  -6.655957  -0.000000    0.015097  0.042836 -0.000000
   H   1.358733  -6.565210   0.000000    0.032898  0.094412  0.000000
   H   3.553930  -6.585804   0.000000   -0.010601  0.006713  0.000000
   H   5.944668  -6.697363   0.000000   -0.020960  0.017196  0.000000
converged SCF energy = -3150.66559887509
--------------- RKS_Scanner gradients ---------------
         x                y                z
0 C    -0.0040868800     0.0031129334    -0.0000000000
1 C     0.0089600919    -0.0056552038    -0.0000000000
2 C    -0.0016626797    -0.0010545582    -0.0000000000
3 C    -0.0023384229    -0.0013139618    -0.0000000000
4 C     0.0136493351    -0.0129641455    -0.0000000000
5 C     0.0087844484     0.0055337868    -0.0000000000
6 C     0.0038042356    -0.0013757775    -0.0000000000
7 C    -0.0008710798     0.0008096073    -0.0000000000
8 C    -0.0033508699    -0.0001878047     0.0000000000
9 C     0.0003340394     0.0030565813     0.0000000000
10 C     0.0029933573     0.0038634794    -0.0000000000
11 C     0.0029963365    -0.0002110962    -0.0000000000
12 C     0.0029188617     0.0005756795    -0.0000000000
13 C     0.0022990680     0.0012880468    -0.0000000000
14 C     0.0131345489     0.0019923689    -0.0000000000
15 C    -0.0035925205     0.0040524407     0.0000000000
16 C     0.0035740799     0.0010696000    -0.0000000000
17 C     0.0033439248     0.0001401647    -0.0000000000
18 C     0.0024135989    -0.0011024610    -0.0000000000
19 C    -0.0020640465     0.0118360085     0.0000000000
20 C    -0.0166559815    -0.0029678533     0.0000000000
21 C    -0.0016555122     0.0005004952     0.0000000000
22 C     0.0004363945    -0.0015063320    -0.0000000000
23 N    -0.0014880753     0.0014240296    -0.0000000000
24 C     0.0030092266     0.0059465211    -0.0000000000
25 C    -0.0023303801     0.0047231088     0.0000000000
26 C     0.0004604312    -0.0037474787    -0.0000000000
27 C     0.0041479284     0.0203616775     0.0000000000
28 C    -0.0060958439     0.0053242708     0.0000000000
29 C    -0.0011284584     0.0134533509     0.0000000000
30 C    -0.0011944212     0.0105587677    -0.0000000000
31 C    -0.0062250981    -0.0057112158     0.0000000000
32 C    -0.0066225063    -0.0006273260    -0.0000000000
33 C     0.0001138417     0.0029336178    -0.0000000000
34 N    -0.0005566424    -0.0003686666    -0.0000000000
35 C     0.0022124569    -0.0069962438     0.0000000000
36 N     0.0231219896     0.0056422594    -0.0000000000
37 C    -0.0078278288     0.0020733874    -0.0000000000
38 C    -0.0049013047    -0.0025538315    -0.0000000000
39 C     0.0083383824     0.0050018608     0.0000000000
40 C    -0.0014972618    -0.0004208034     0.0000000000
41 C    -0.0053434300    -0.0063989575     0.0000000000
42 C    -0.0009192856     0.0017093648     0.0000000000
43 C     0.0031073051    -0.0023737177     0.0000000000
44 C    -0.0025385350    -0.0032378859    -0.0000000000
45 C    -0.0111625996    -0.0047213805     0.0000000000
46 C    -0.0077317493     0.0084651046     0.0000000000
47 N    -0.0023410879     0.0025863880     0.0000000000
48 C    -0.0020136752    -0.0020267834     0.0000000000
49 C     0.0023238730     0.0002976036     0.0000000000
50 C     0.0058425461    -0.0142432818     0.0000000000
51 C    -0.0047692282    -0.0002530664    -0.0000000000
52 C    -0.0053705057     0.0043345495     0.0000000000
53 C    -0.0043613996     0.0021424659     0.0000000000
54 C    -0.0014859884    -0.0016554690     0.0000000000
55 N    -0.0061728871     0.0052724786     0.0000000000
56 N     0.0093548579     0.0256447916    -0.0000000000
57 C     0.0032542114    -0.0024294964    -0.0000000000
58 C    -0.0010934576    -0.0007410290     0.0000000000
59 C    -0.0005425519     0.0054283035     0.0000000000
60 N    -0.0004969544    -0.0071735117    -0.0000000000
61 C     0.0039006068    -0.0069805473    -0.0000000000
62 C    -0.0059310488    -0.0061841851     0.0000000000
63 C    -0.0035888097     0.0034513594    -0.0000000000
64 N     0.0052198911    -0.0020129575    -0.0000000000
65 C     0.0044104752    -0.0022558785     0.0000000000
66 C     0.0038094193    -0.0168219738     0.0000000000
67 N     0.0022932546     0.0022155155    -0.0000000000
68 C     0.0044821527     0.0000805131     0.0000000000
69 N     0.0134376209    -0.0176905043    -0.0000000000
70 C    -0.0061933372    -0.0173483906    -0.0000000000
71 C    -0.0063825937    -0.0033175009    -0.0000000000
72 C     0.0060849062    -0.0031861685    -0.0000000000
73 C    -0.0041568667    -0.0034979737     0.0000000000
74 C    -0.0011123681    -0.0028237148     0.0000000000
75 C    -0.0010697866     0.0076504612    -0.0000000000
76 C    -0.0099827282     0.0105260602    -0.0000000000
77 C     0.0033144759     0.0032116969     0.0000000000
78 H    -0.0010892321    -0.0010463105     0.0000000000
79 H    -0.0011197329     0.0010434559    -0.0000000000
80 H    -0.0149041640    -0.0075439130     0.0000000000
81 H    -0.0022926378     0.0018781268     0.0000000000
82 H    -0.0010253560    -0.0004603850    -0.0000000000
83 H    -0.0010283967     0.0002820171    -0.0000000000
84 H     0.0003057631     0.0004237666     0.0000000000
85 H     0.0022738491     0.0024948244    -0.0000000000
86 H     0.0023399472    -0.0026388287     0.0000000000
87 H     0.0008580186     0.0010347611    -0.0000000000
88 H     0.0037084456    -0.0029088274     0.0000000000
89 H    -0.0000732592    -0.0015247477    -0.0000000000
90 H    -0.0005425981    -0.0007424303    -0.0000000000
91 H     0.0003877020    -0.0014683759     0.0000000000
92 H     0.0007485650    -0.0031620631    -0.0000000000
93 H     0.0003687918    -0.0150975332     0.0000000000
94 H    -0.0010886676    -0.0016511196     0.0000000000
95 H    -0.0007390193    -0.0005562623    -0.0000000000
96 H    -0.0015898337     0.0010678273    -0.0000000000
97 H    -0.0003653077     0.0017203352    -0.0000000000
98 H     0.0001373699     0.0009056034    -0.0000000000
99 H     0.0017056663     0.0036484942    -0.0000000000
100 H     0.0015635950     0.0009290161     0.0000000000
101 H     0.0005116393     0.0011262992     0.0000000000
----------------------------------------------
cycle 3: E = -3150.66559888  dE = -0.00105996  norm(grad) = 0.0853167

Geometry optimization cycle 4
Cartesian coordinates (Angstrom)
 Atom        New coordinates             dX        dY        dZ
   C  -7.254804   4.974691   0.000000   -0.009375 -0.027736  0.000000
   C  -7.292340   0.684969   0.000000   -0.022255  0.022346  0.000000
   C  -6.093800   2.850486   0.000000   -0.007351 -0.003008  0.000000
   C  -4.847146   4.961897   0.000000   -0.005938  0.002785 -0.000000
   C  -7.282069  -3.575238  -0.000000   -0.025472  0.047791 -0.000000
   C  -6.073617  -1.403109  -0.000000   -0.010792  0.004020 -0.000000
   C  -4.882172   0.696877   0.000000   -0.009737 -0.003636 -0.000000
   C  -3.647954   2.814536   0.000000   -0.007511  0.001082 -0.000000
   C  -2.419642   4.943493   0.000000   -0.006728  0.010454 -0.000000
   C  -6.082314  -5.665677  -0.000000   -0.008545  0.014320 -0.000000
   C  -4.868985  -3.545696  -0.000000   -0.003477 -0.010941 -0.000000
   C  -3.668605  -1.394131   0.000000   -0.005398 -0.011137 -0.000000
   C  -2.429862   0.718971   0.000000   -0.007847 -0.008062 -0.000000
   C  -1.210204   2.811347   0.000000   -0.008446 -0.004199 -0.000000
   C   0.011279   4.875563   0.000000   -0.020007 -0.005454 -0.000000
   C  -3.623902  -5.633522  -0.000000    0.001942 -0.021635 -0.000000
   C  -2.431068  -3.508974  -0.000000   -0.000951 -0.016006 -0.000000
   C  -1.219555  -1.377886   0.000000   -0.001089 -0.013330 -0.000000
   C   0.012886   0.687708   0.000000   -0.003171 -0.005262 -0.000000
   C   1.222502   2.795138   0.000000    0.003063 -0.000614 -0.000000
   C   2.420251   4.898401  -0.000000    0.015622  0.015564 -0.000000
   C  -1.174309  -5.590663  -0.000000    0.000593 -0.016667 -0.000000
   C  -0.002050  -3.478722   0.000000    0.003613 -0.018101 -0.000000
   N   1.218696  -1.393183   0.000000    0.004432 -0.006638 -0.000000
   C   2.424860   0.693451   0.000000   -0.000062  0.000049 -0.000000
   C   3.658982   2.793726  -0.000000    0.007461  0.011300 -0.000000
   C   4.846267   4.902310  -0.000000    0.012855  0.018419 -0.000000
   C   1.259703  -5.533164   0.000000    0.001366 -0.037625 -0.000000
   C   2.441418  -3.468488   0.000000    0.006035 -0.002919 -0.000000
   C   3.647214  -1.391609   0.000000    0.012296 -0.002196 -0.000000
   C   4.863560   0.692436   0.000000    0.000784  0.002294 -0.000000
   C   6.082766   2.807691  -0.000000    0.015101  0.016174 -0.000000
   C   7.252167   4.935965  -0.000000    0.024764  0.017383 -0.000000
   C   3.613713  -5.511348   0.000000   -0.002819  0.001740 -0.000000
   N   4.879813  -3.496988   0.000000    0.012621 -0.002377 -0.000000
   C   6.111071  -1.403732   0.000000    0.018991 -0.002176 -0.000000
   N   7.246825   0.690979  -0.000000   -0.006955 -0.001536 -0.000000
   C   6.017767  -5.630514   0.000000    0.006156 -0.010719 -0.000000
   C   7.255795  -3.590072   0.000000    0.018306 -0.010228 -0.000000
   C  -7.278098   3.592004   0.000000   -0.023572 -0.027881  0.000000
   C  -6.054562   5.659586   0.000000   -0.014741 -0.013169 -0.000000
   C  -7.250764  -0.681855   0.000000   -0.004258  0.021757 -0.000000
   C  -6.098286   1.402151   0.000000   -0.008303  0.000437 -0.000000
   C  -4.863705   3.540321   0.000000   -0.009313  0.002841 -0.000000
   C  -3.596587   5.628900   0.000000   -0.007773  0.009682 -0.000000
   C  -7.260416  -4.971023  -0.000000    0.007073  0.046778 -0.000000
   C  -6.095352  -2.849692  -0.000000    0.000473  0.004139 -0.000000
   N  -4.860953  -0.713384   0.000000   -0.004527 -0.005540 -0.000000
   C  -3.656787   1.404778   0.000000   -0.007392 -0.002027 -0.000000
   C  -2.410417   3.508937   0.000000   -0.006911  0.004147 -0.000000
   C  -1.141327   5.570425   0.000000   -0.010793  0.020809 -0.000000
   C  -4.849040  -4.973163  -0.000000    0.005261 -0.010852 -0.000000
   C  -3.653327  -2.820109  -0.000000    0.000161 -0.014252 -0.000000
   C  -2.436077  -0.692704   0.000000   -0.001656 -0.011982 -0.000000
   C  -1.204307   1.401949   0.000000   -0.006567 -0.005654 -0.000000
   N   0.021860   3.485004   0.000000   -0.004655 -0.007538 -0.000000
   N   1.216127   5.521991  -0.000000   -0.010358 -0.016883 -0.000000
   C  -2.417907  -4.940869  -0.000000   -0.001063 -0.016496 -0.000000
   C  -1.191580  -2.805468   0.000000    0.001966 -0.016513 -0.000000
   C   0.011426  -0.689796   0.000000    0.000638 -0.010101 -0.000000
   N   1.204299   1.428647   0.000000   -0.001418  0.000798 -0.000000
   C   2.412345   3.479419   0.000000    0.003745  0.011812 -0.000000
   C   3.592663   5.575227  -0.000000    0.015178  0.027804 -0.000000
   C   0.022992  -4.898251  -0.000000    0.005888 -0.025146 -0.000000
   N   1.236363  -2.808341   0.000000    0.001190 -0.007896 -0.000000
   C   2.423257  -0.675212   0.000000    0.005316 -0.002368 -0.000000
   C   3.655065   1.417359   0.000000   -0.000567  0.011694 -0.000000
   N   4.856790   3.519468  -0.000000    0.009511  0.015129 -0.000000
   C   6.018838   5.614279  -0.000000    0.017306  0.012689 -0.000000
   N   2.413638  -4.833156   0.000000   -0.011087 -0.002594 -0.000000
   C   3.649140  -2.791237   0.000000    0.011938  0.001886 -0.000000
   C   4.850522  -0.681258   0.000000    0.015964  0.000385 -0.000000
   C   6.073883   1.444958  -0.000000   -0.002114  0.011074 -0.000000
   C   7.281183   3.584642  -0.000000    0.021351  0.016362 -0.000000
   C   4.819653  -4.889817   0.000000    0.004898 -0.003511 -0.000000
   C   6.105600  -2.836896   0.000000    0.017355 -0.007527 -0.000000
   C   7.246730  -0.659645   0.000000    0.023288 -0.006771 -0.000000
   C   7.217823  -4.987213   0.000000    0.006510 -0.012657 -0.000000
   H   8.179331   5.494258  -0.000000    0.024196  0.020155 -0.000000
   H   8.237874   3.083940  -0.000000    0.020425  0.012481 -0.000000
   H   8.123062   1.161542  -0.000000   -0.000375  0.008978 -0.000000
   H   8.230812  -1.102423   0.000000    0.028965  0.000858 -0.000000
   H   8.208870  -3.086114   0.000000    0.021266 -0.014064 -0.000000
   H   8.140065  -5.552534   0.000000    0.004572 -0.017100 -0.000000
   H  -8.189413   5.521542   0.000000   -0.010117 -0.028775  0.000000
   H  -8.237033   3.096293   0.000000   -0.021549 -0.035950  0.000000
   H  -8.246441   1.185426   0.000000   -0.021458  0.027925  0.000000
   H  -8.176197  -1.231494  -0.000000   -0.004332  0.020298  0.000000
   H  -8.241355  -3.082533  -0.000000   -0.024121  0.056287 -0.000000
   H  -8.200487  -5.509185  -0.000000    0.005387  0.050455 -0.000000
   H  -6.037272   6.742848   0.000000   -0.027108 -0.012364 -0.000000
   H  -3.581934   6.712268   0.000000   -0.012106  0.010655 -0.000000
   H  -1.078313   6.650309   0.000000   -0.005673  0.022442 -0.000000
   H   1.184275   6.519437  -0.000000   -0.021018 -0.007161 -0.000000
   H   3.609701   6.655947  -0.000000    0.017532  0.028858 -0.000000
   H   5.958744   6.691786  -0.000000    0.018624  0.013144 -0.000000
   H  -6.076207  -6.748768  -0.000000   -0.030808  0.013211 -0.000000
   H  -3.609880  -6.716908  -0.000000    0.000656 -0.022754 -0.000000
   H  -1.147077  -6.673377  -0.000000   -0.003332 -0.017421 -0.000000
   H   1.366913  -6.604271   0.000000    0.008180 -0.039061 -0.000000
   H   3.547336  -6.584675   0.000000   -0.006594  0.001130 -0.000000
   H   5.946809  -6.708618   0.000000    0.002141 -0.011255 -0.000000
converged SCF energy = -3150.6745675531
--------------- RKS_Scanner gradients ---------------
         x                y                z
0 C     0.0002925646     0.0007113692     0.0000000000
1 C     0.0018353833     0.0009944759     0.0000000000
2 C    -0.0011761647     0.0007988401     0.0000000000
3 C    -0.0002410703    -0.0003477047    -0.0000000000
4 C     0.0003896321    -0.0006551108    -0.0000000000
5 C     0.0012355933     0.0009911479    -0.0000000000
6 C     0.0018161219    -0.0010258660     0.0000000000
7 C    -0.0008694153     0.0016188162    -0.0000000000
8 C    -0.0019816863     0.0002874843    -0.0000000000
9 C     0.0002214514    -0.0013671678     0.0000000000
10 C     0.0014197720     0.0009804927    -0.0000000000
11 C     0.0014981494    -0.0009380700    -0.0000000000
12 C     0.0016437723     0.0006723745    -0.0000000000
13 C     0.0019155848     0.0023678991    -0.0000000000
14 C     0.0025388776     0.0000241287    -0.0000000000
15 C    -0.0015991283     0.0007209485     0.0000000000
16 C     0.0032382823     0.0001374188    -0.0000000000
17 C     0.0017618311    -0.0002350834    -0.0000000000
18 C     0.0029922554    -0.0001004048    -0.0000000000
19 C    -0.0015424021     0.0072528255     0.0000000000
20 C    -0.0053944063     0.0006454732    -0.0000000000
21 C    -0.0011036281     0.0003651957     0.0000000000
22 C     0.0003374785    -0.0015370045    -0.0000000000
23 N     0.0012417915     0.0010721508    -0.0000000000
24 C     0.0020255821     0.0046016108     0.0000000000
25 C    -0.0020420842     0.0041010243     0.0000000000
26 C    -0.0007102107    -0.0041781205     0.0000000000
27 C     0.0040015348     0.0072734555     0.0000000000
28 C    -0.0004484664     0.0089000506    -0.0000000000
29 C     0.0006848014     0.0111451937     0.0000000000
30 C    -0.0026074927     0.0058498774     0.0000000000
31 C    -0.0042066616    -0.0018771089     0.0000000000
32 C    -0.0032659948     0.0009320917     0.0000000000
33 C    -0.0032973273     0.0020144958     0.0000000000
34 N    -0.0010637731    -0.0005172685     0.0000000000
35 C     0.0018593522    -0.0042948184     0.0000000000
36 N     0.0071910195    -0.0003462580    -0.0000000000
37 C    -0.0056127550    -0.0001347345    -0.0000000000
38 C    -0.0010111939    -0.0028910912    -0.0000000000
39 C     0.0012807514    -0.0010227014    -0.0000000000
40 C    -0.0009298972     0.0005918441    -0.0000000000
41 C     0.0000276393    -0.0014170162     0.0000000000
42 C    -0.0015063196    -0.0000002638    -0.0000000000
43 C     0.0018477396    -0.0007158913     0.0000000000
44 C    -0.0010235693    -0.0013325630    -0.0000000000
45 C    -0.0000707241     0.0006044773     0.0000000000
46 C    -0.0007927946     0.0011005575     0.0000000000
47 N    -0.0017134826     0.0007034140    -0.0000000000
48 C    -0.0020992132    -0.0019526469     0.0000000000
49 C     0.0009486179     0.0000610562     0.0000000000
50 C     0.0027222333    -0.0042049549    -0.0000000000
51 C    -0.0002048702    -0.0006904684    -0.0000000000
52 C    -0.0028617497     0.0017084263     0.0000000000
53 C    -0.0023793012     0.0001536164     0.0000000000
54 C    -0.0011694372    -0.0016723676     0.0000000000
55 N    -0.0014381195     0.0005620322     0.0000000000
56 N     0.0035842617     0.0077507073    -0.0000000000
57 C     0.0012107276    -0.0013940634    -0.0000000000
58 C    -0.0013422643     0.0001302586     0.0000000000
59 C    -0.0012215849     0.0016818244     0.0000000000
60 N    -0.0020023305    -0.0052728991    -0.0000000000
61 C     0.0005837399    -0.0049255360     0.0000000000
62 C    -0.0004673650    -0.0013402321     0.0000000000
63 C    -0.0010147957     0.0027488645     0.0000000000
64 N     0.0017998050    -0.0031292516     0.0000000000
65 C     0.0029935166    -0.0032405338    -0.0000000000
66 C     0.0013447095    -0.0103639383    -0.0000000000
67 N     0.0041160404     0.0031447097    -0.0000000000
68 C     0.0039155935     0.0001371669    -0.0000000000
69 N     0.0027504766    -0.0118418745    -0.0000000000
70 C    -0.0039803483    -0.0123048429    -0.0000000000
71 C    -0.0044890871    -0.0041577070    -0.0000000000
72 C     0.0023261318     0.0000135357     0.0000000000
73 C    -0.0017918508    -0.0016040828    -0.0000000000
74 C     0.0027851419    -0.0004087941     0.0000000000
75 C    -0.0006096199     0.0062296681    -0.0000000000
76 C    -0.0015571854     0.0054928067     0.0000000000
77 C     0.0022333573     0.0034207388     0.0000000000
78 H    -0.0002857993    -0.0005638320    -0.0000000000
79 H    -0.0005383150     0.0009942273     0.0000000000
80 H    -0.0057462957    -0.0029971280    -0.0000000000
81 H    -0.0007357206     0.0004071597    -0.0000000000
82 H    -0.0004025099    -0.0001166600     0.0000000000
83 H    -0.0007335848     0.0001722987    -0.0000000000
84 H     0.0003778320    -0.0003100304    -0.0000000000
85 H     0.0003018063     0.0003458773     0.0000000000
86 H     0.0004552783    -0.0003260169    -0.0000000000
87 H     0.0006309192     0.0006575219    -0.0000000000
88 H     0.0006438424    -0.0001563381     0.0000000000
89 H     0.0006709163     0.0000731953     0.0000000000
90 H     0.0001031903    -0.0003336841     0.0000000000
91 H     0.0003303860    -0.0007029428    -0.0000000000
92 H     0.0002940442    -0.0009747689     0.0000000000
93 H     0.0002226215    -0.0059349926     0.0000000000
94 H    -0.0004932058    -0.0004759862    -0.0000000000
95 H    -0.0005778122    -0.0004690877    -0.0000000000
96 H    -0.0001700789     0.0002607668    -0.0000000000
97 H    -0.0000463635     0.0006337661     0.0000000000
98 H     0.0001912773     0.0005751255    -0.0000000000
99 H     0.0007065427     0.0009907878     0.0000000000
100 H     0.0007104780     0.0004324973    -0.0000000000
101 H     0.0003686167     0.0004713396     0.0000000000
----------------------------------------------
cycle 4: E = -3150.67456755  dE = -0.00896868  norm(grad) = 0.0408503

Geometry optimization cycle 5
Cartesian coordinates (Angstrom)
 Atom        New coordinates             dX        dY        dZ
   C  -7.264523   4.980014   0.000000   -0.009719  0.005323 -0.000000
   C  -7.297783   0.676757   0.000000   -0.005443 -0.008212  0.000000
   C  -6.099207   2.851132   0.000000   -0.005407  0.000645 -0.000000
   C  -4.849163   4.965941   0.000000   -0.002017  0.004044  0.000000
   C  -7.285671  -3.588527  -0.000000   -0.003603 -0.013290  0.000000
   C  -6.079435  -1.407639   0.000000   -0.005818 -0.004530  0.000000
   C  -4.887066   0.698813   0.000000   -0.004894  0.001936 -0.000000
   C  -3.651109   2.817685   0.000000   -0.003155  0.003149  0.000000
   C  -2.420845   4.953311   0.000000   -0.001203  0.009817  0.000000
   C  -6.092898  -5.660024  -0.000000   -0.010584  0.005654  0.000000
   C  -4.873993  -3.548320  -0.000000   -0.005009 -0.002624  0.000000
   C  -3.672853  -1.394227   0.000000   -0.004248 -0.000095 -0.000000
   C  -2.434247   0.719126   0.000000   -0.004385  0.000155 -0.000000
   C  -1.215479   2.811507   0.000000   -0.005276  0.000160 -0.000000
   C  -0.001806   4.875765   0.000000   -0.013084  0.000202  0.000000
   C  -3.629193  -5.638359  -0.000000   -0.005291 -0.004837  0.000000
   C  -2.436906  -3.511982  -0.000000   -0.005838 -0.003008 -0.000000
   C  -1.223109  -1.380895   0.000000   -0.003554 -0.003009 -0.000000
   C   0.009534   0.690038   0.000000   -0.003351  0.002330 -0.000000
   C   1.228931   2.797182   0.000000    0.006428  0.002044 -0.000000
   C   2.431768   4.911320  -0.000000    0.011518  0.012919  0.000000
   C  -1.180157  -5.596274  -0.000000   -0.005848 -0.005611 -0.000000
   C  -0.002915  -3.485323  -0.000000   -0.000865 -0.006601 -0.000000
   N   1.215411  -1.393311   0.000000   -0.003285 -0.000129 -0.000000
   C   2.424068   0.696334  -0.000000   -0.000791  0.002883 -0.000000
   C   3.667410   2.803379  -0.000000    0.008428  0.009653 -0.000000
   C   4.854775   4.917766  -0.000000    0.008509  0.015456  0.000000
   C   1.254464  -5.555299  -0.000000   -0.005239 -0.022134 -0.000000
   C   2.443546  -3.468204   0.000000    0.002128  0.000284 -0.000000
   C   3.649612  -1.392965  -0.000000    0.002398 -0.001356 -0.000000
   C   4.865695   0.696678  -0.000000    0.002135  0.004242 -0.000000
   C   6.101390   2.822431  -0.000000    0.018625  0.014740  0.000000
   C   7.272972   4.948405  -0.000000    0.020805  0.012439  0.000000
   C   3.609321  -5.505414   0.000000   -0.004392  0.005935 -0.000000
   N   4.887252  -3.495370   0.000000    0.007439  0.001618 -0.000000
   C   6.115138  -1.405009   0.000000    0.004067 -0.001277 -0.000000
   N   7.241847   0.692497  -0.000000   -0.004978  0.001519  0.000000
   C   6.022906  -5.632151   0.000000    0.005139 -0.001637  0.000000
   C   7.269775  -3.597684   0.000000    0.013980 -0.007612  0.000000
   C  -7.282969   3.597597   0.000000   -0.004871  0.005594 -0.000000
   C  -6.059312   5.658257   0.000000   -0.004751 -0.001329  0.000000
   C  -7.260427  -0.690152   0.000000   -0.009663 -0.008297  0.000000
   C  -6.104375   1.401237   0.000000   -0.006089 -0.000914  0.000000
   C  -4.869381   3.543324   0.000000   -0.005676  0.003003 -0.000000
   C  -3.599235   5.637784   0.000000   -0.002647  0.008885  0.000000
   C  -7.282609  -4.984938  -0.000000   -0.022192 -0.013914  0.000000
   C  -6.102090  -2.855722  -0.000000   -0.006738 -0.006030  0.000000
   N  -4.865411  -0.714100   0.000000   -0.004458 -0.000716 -0.000000
   C  -3.659328   1.408358   0.000000   -0.002541  0.003580 -0.000000
   C  -2.413966   3.514967   0.000000   -0.003550  0.006029 -0.000000
   C  -1.147395   5.589620   0.000000   -0.006068  0.019194  0.000000
   C  -4.854811  -4.974681  -0.000000   -0.005771 -0.001518  0.000000
   C  -3.656489  -2.822418  -0.000000   -0.003162 -0.002309  0.000000
   C  -2.437631  -0.693691   0.000000   -0.001554 -0.000986 -0.000000
   C  -1.207993   1.403717   0.000000   -0.003687  0.001768 -0.000000
   N   0.020961   3.482970   0.000000   -0.000898 -0.002035 -0.000000
   N   1.209367   5.512894   0.000000   -0.006759 -0.009097  0.000000
   C  -2.424498  -4.943564  -0.000000   -0.006590 -0.002695  0.000000
   C  -1.192956  -2.810828  -0.000000   -0.001376 -0.005361 -0.000000
   C   0.008639  -0.690579  -0.000000   -0.002786 -0.000784 -0.000000
   N   1.205027   1.434823   0.000000    0.000728  0.006176 -0.000000
   C   2.418711   3.492236  -0.000000    0.006366  0.012817 -0.000000
   C   3.602198   5.596318  -0.000000    0.009535  0.021091  0.000000
   C   0.021878  -4.911488  -0.000000   -0.001114 -0.013238 -0.000000
   N   1.234288  -2.808304  -0.000000   -0.002075  0.000037 -0.000000
   C   2.420761  -0.672221   0.000000   -0.002497  0.002990 -0.000000
   C   3.655060   1.431278  -0.000000   -0.000005  0.013919 -0.000000
   N   4.865397   3.529321  -0.000000    0.008608  0.009853  0.000000
   C   6.031091   5.621901  -0.000000    0.012253  0.007622  0.000000
   N   2.401907  -4.826635   0.000000   -0.011731  0.006521 -0.000000
   C   3.656931  -2.783119   0.000000    0.007791  0.008118 -0.000000
   C   4.857070  -0.676397   0.000000    0.006548  0.004862 -0.000000
   C   6.073369   1.455313  -0.000000   -0.000514  0.010356 -0.000000
   C   7.306040   3.596388  -0.000000    0.024856  0.011746  0.000000
   C   4.819380  -4.888993   0.000000   -0.000273  0.000824 -0.000000
   C   6.117942  -2.845776   0.000000    0.012343 -0.008881 -0.000000
   C   7.252557  -0.664120   0.000000    0.005826 -0.004475 -0.000000
   C   7.225824  -4.998623   0.000000    0.008001 -0.011410  0.000000
   H   8.196933   5.513486  -0.000000    0.017602  0.019228  0.000000
   H   8.261332   3.089663  -0.000000    0.023458  0.005723  0.000000
   H   8.126559   1.167859   0.000000    0.003497  0.006316  0.000000
   H   8.239265  -1.103942   0.000000    0.008453 -0.001519  0.000000
   H   8.224244  -3.095140   0.000000    0.015374 -0.009026  0.000000
   H   8.146745  -5.568375   0.000000    0.006680 -0.015841  0.000000
   H  -8.198623   5.529484   0.000000   -0.009211  0.007942 -0.000000
   H  -8.241960   3.101317   0.000000   -0.004928  0.005024 -0.000000
   H  -8.252992   1.176218   0.000000   -0.006551 -0.009209  0.000000
   H  -8.185830  -1.242676   0.000000   -0.009633 -0.011182  0.000000
   H  -8.244596  -3.093996  -0.000000   -0.003240 -0.011463  0.000000
   H  -8.223492  -5.524274  -0.000000   -0.023005 -0.015089  0.000000
   H  -6.042627   6.742017   0.000000   -0.005354 -0.000831  0.000000
   H  -3.589571   6.722312   0.000000   -0.007637  0.010045  0.000000
   H  -1.082288   6.670747   0.000000   -0.003975  0.020438  0.000000
   H   1.170491   6.519088   0.000000   -0.013784 -0.000348  0.000000
   H   3.621775   6.677627  -0.000000    0.012073  0.021681  0.000000
   H   5.975495   6.700347  -0.000000    0.016751  0.008561  0.000000
   H  -6.081098  -6.743366  -0.000000   -0.004890  0.005402  0.000000
   H  -3.615230  -6.722690  -0.000000   -0.005350 -0.005782  0.000000
   H  -1.158887  -6.680060  -0.000000   -0.011810 -0.006682  0.000000
   H   1.364852  -6.627282  -0.000000   -0.002062 -0.023011 -0.000000
   H   3.536325  -6.578997   0.000000   -0.011011  0.005678 -0.000000
   H   5.945402  -6.710542   0.000000   -0.001407 -0.001924  0.000000
converged SCF energy = -3150.67534703611
--------------- RKS_Scanner gradients ---------------
         x                y                z
0 C    -0.0025230718     0.0017795774    -0.0000000000
1 C     0.0024706657    -0.0012686866    -0.0000000000
2 C    -0.0003229822    -0.0010833845    -0.0000000000
3 C     0.0015040695     0.0009008554     0.0000000000
4 C     0.0055623269    -0.0038173604     0.0000000000
5 C     0.0017441272     0.0009369250     0.0000000000
6 C     0.0018299751     0.0000670609     0.0000000000
7 C    -0.0001581400     0.0002539580     0.0000000000
8 C     0.0009204100    -0.0002757794     0.0000000000
9 C     0.0003005428     0.0057193761     0.0000000000
10 C     0.0002409912     0.0006927710     0.0000000000
11 C     0.0008401416    -0.0001733007    -0.0000000000
12 C     0.0008236175     0.0006750673     0.0000000000
13 C     0.0005732508     0.0019003637     0.0000000000
14 C    -0.0050680706    -0.0010465978    -0.0000000000
15 C    -0.0003709351     0.0000750561    -0.0000000000
16 C     0.0016298515     0.0001348967     0.0000000000
17 C    -0.0002435770    -0.0003519819     0.0000000000
18 C     0.0020904088     0.0007249623     0.0000000000
19 C     0.0007774717     0.0027985819     0.0000000000
20 C     0.0033672702     0.0025827473     0.0000000000
21 C    -0.0005585162    -0.0000446038    -0.0000000000
22 C     0.0006894258    -0.0007710921     0.0000000000
23 N     0.0009874080    -0.0003607153    -0.0000000000
24 C     0.0013728315     0.0016733482    -0.0000000000
25 C    -0.0020628407     0.0012677475     0.0000000000
26 C    -0.0017129311    -0.0030444370    -0.0000000000
27 C     0.0017641182    -0.0029650154     0.0000000000
28 C     0.0040300817     0.0080212458    -0.0000000000
29 C     0.0002978872     0.0036490303    -0.0000000000
30 C    -0.0019454372     0.0005317805    -0.0000000000
31 C     0.0005953993     0.0028636246    -0.0000000000
32 C    -0.0012171070     0.0016654534    -0.0000000000
33 C    -0.0038086135     0.0018359892    -0.0000000000
34 N    -0.0011455534     0.0002511444     0.0000000000
35 C    -0.0015654144    -0.0028307082    -0.0000000000
36 N    -0.0035938237    -0.0025750886     0.0000000000
37 C    -0.0027855386     0.0009252859     0.0000000000
38 C     0.0010743232    -0.0030755340     0.0000000000
39 C     0.0024321365     0.0012220312     0.0000000000
40 C    -0.0002440513    -0.0024238645     0.0000000000
41 C    -0.0023660729    -0.0023023444    -0.0000000000
42 C    -0.0009684289     0.0010304947     0.0000000000
43 C    -0.0000385669     0.0002012787    -0.0000000000
44 C     0.0000148783     0.0002606521    -0.0000000000
45 C    -0.0070536474    -0.0037700345    -0.0000000000
46 C    -0.0020221676     0.0027442382    -0.0000000000
47 N    -0.0006254487     0.0007062290     0.0000000000
48 C    -0.0012064794    -0.0001738227    -0.0000000000
49 C    -0.0004568253    -0.0001203516    -0.0000000000
50 C     0.0000276369     0.0033785945     0.0000000000
51 C     0.0016767779    -0.0016426870    -0.0000000000
52 C    -0.0013194828     0.0007634817    -0.0000000000
53 C     0.0000218425    -0.0002964526    -0.0000000000
54 C    -0.0006627656    -0.0011969320    -0.0000000000
55 N     0.0017925126    -0.0027047003     0.0000000000
56 N    -0.0008568255    -0.0064731940     0.0000000000
57 C     0.0002413501    -0.0001744650     0.0000000000
58 C    -0.0012797915     0.0006733226    -0.0000000000
59 C    -0.0015299508    -0.0000428971    -0.0000000000
60 N    -0.0026653662    -0.0025897504    -0.0000000000
61 C    -0.0009006768    -0.0018348840    -0.0000000000
62 C     0.0008298344     0.0010115585    -0.0000000000
63 C     0.0010591775     0.0018897182    -0.0000000000
64 N    -0.0001327974    -0.0028763067     0.0000000000
65 C     0.0010250984    -0.0017281088     0.0000000000
66 C    -0.0005517758    -0.0016595042     0.0000000000
67 N     0.0045256683     0.0013883071    -0.0000000000
68 C     0.0022926018    -0.0001119495     0.0000000000
69 N    -0.0043664316    -0.0035146571     0.0000000000
70 C    -0.0011082299    -0.0044572221     0.0000000000
71 C    -0.0020403471    -0.0013166585     0.0000000000
72 C    -0.0020169908     0.0013976545     0.0000000000
73 C     0.0015828221    -0.0007547493     0.0000000000
74 C     0.0035799638     0.0004503772    -0.0000000000
75 C     0.0014219359     0.0018933678     0.0000000000
76 C     0.0014516976     0.0014834199    -0.0000000000
77 C     0.0025027640     0.0015746628    -0.0000000000
78 H     0.0003240764    -0.0001678864     0.0000000000
79 H     0.0003390463     0.0001708350    -0.0000000000
80 H     0.0021087959     0.0013045039     0.0000000000
81 H     0.0001613350    -0.0003286246     0.0000000000
82 H     0.0001268264    -0.0000476770    -0.0000000000
83 H     0.0001642808    -0.0001102810     0.0000000000
84 H    -0.0003517433     0.0002021032     0.0000000000
85 H     0.0002701624     0.0006497455    -0.0000000000
86 H     0.0002298693    -0.0006071367     0.0000000000
87 H    -0.0002610490    -0.0001586843     0.0000000000
88 H     0.0005526269    -0.0008560832    -0.0000000000
89 H    -0.0008488997    -0.0006257728     0.0000000000
90 H    -0.0000588530    -0.0002769856    -0.0000000000
91 H     0.0001542068     0.0001726191     0.0000000000
92 H    -0.0000800277     0.0006222259    -0.0000000000
93 H    -0.0001886048     0.0019106061     0.0000000000
94 H    -0.0000411504     0.0002089110     0.0000000000
95 H    -0.0003010068    -0.0001776757    -0.0000000000
96 H    -0.0004809178     0.0006977841     0.0000000000
97 H    -0.0000076285    -0.0000968940     0.0000000000
98 H     0.0000922218    -0.0000190561     0.0000000000
99 H    -0.0004515045    -0.0008121849     0.0000000000
100 H    -0.0000563683    -0.0000189987    -0.0000000000
101 H     0.0001903043     0.0001302998     0.0000000000
----------------------------------------------
cycle 5: E = -3150.67534704  dE = -0.000779483  norm(grad) = 0.0275358

Geometry optimization cycle 6
