1721703057.2308373

Geometry optimization cycle 1
Cartesian coordinates (Angstrom)
 Atom        New coordinates             dX        dY        dZ
   C  -7.338226   5.042760   0.000000    0.000000  0.000000  0.000000
   C  -7.365228   0.691139   0.000000    0.000000  0.000000  0.000000
   C  -6.173642   2.889413   0.000000    0.000000  0.000000  0.000000
   C  -4.910090   5.019617   0.000000    0.000000  0.000000  0.000000
   C  -7.358051  -3.642635   0.000000    0.000000  0.000000  0.000000
   C  -6.173475  -1.431785   0.000000    0.000000  0.000000  0.000000
   C  -4.940069   0.716689   0.000000    0.000000  0.000000  0.000000
   C  -3.694845   2.860312   0.000000    0.000000  0.000000  0.000000
   C  -2.457224   5.005715   0.000000    0.000000  0.000000  0.000000
   C  -6.138515  -5.727246   0.000000    0.000000  0.000000  0.000000
   C  -4.928214  -3.580071   0.000000    0.000000  0.000000  0.000000
   C  -3.698169  -1.425571   0.000000    0.000000  0.000000  0.000000
   C  -2.471779   0.716540   0.000000    0.000000  0.000000  0.000000
   C  -1.230705   2.851907   0.000000    0.000000 -0.000000  0.000000
   C   0.000000   5.003169   0.000000    0.000000  0.000000  0.000000
   N  -3.678966  -5.694052   0.000000    0.000000  0.000000  0.000000
   C  -2.466015  -3.560923   0.000000    0.000000  0.000000  0.000000
   C  -1.232423  -1.423207   0.000000    0.000000  0.000000  0.000000
   C   0.000000   0.715809   0.000000    0.000000  0.000000  0.000000
   C   1.230705   2.851907   0.000000    0.000000 -0.000000  0.000000
   C   2.457224   5.005715   0.000000    0.000000  0.000000  0.000000
   C  -1.226334  -5.685080   0.000000    0.000000  0.000000  0.000000
   C   0.000000  -3.557079   0.000000    0.000000  0.000000  0.000000
   C   1.232423  -1.423207   0.000000    0.000000  0.000000  0.000000
   C   2.471779   0.716540   0.000000    0.000000  0.000000  0.000000
   N   3.694845   2.860312   0.000000    0.000000  0.000000  0.000000
   C   4.910090   5.019617   0.000000    0.000000  0.000000  0.000000
   C   1.226334  -5.685080   0.000000    0.000000  0.000000  0.000000
   N   2.466015  -3.560923   0.000000    0.000000  0.000000  0.000000
   C   3.698169  -1.425571   0.000000    0.000000  0.000000  0.000000
   N   4.940069   0.716689   0.000000    0.000000  0.000000  0.000000
   C   6.173642   2.889413   0.000000    0.000000  0.000000  0.000000
   C   7.338226   5.042760   0.000000    0.000000  0.000000  0.000000
   C   3.678966  -5.694052   0.000000    0.000000  0.000000  0.000000
   C   4.928214  -3.580071   0.000000    0.000000  0.000000  0.000000
   C   6.173475  -1.431785   0.000000   -0.000000  0.000000  0.000000
   C   7.365228   0.691139   0.000000    0.000000  0.000000  0.000000
   C   6.138515  -5.727246   0.000000    0.000000  0.000000  0.000000
   C   7.358051  -3.642635   0.000000   -0.000000  0.000000  0.000000
   C  -7.358051   3.642635   0.000000    0.000000  0.000000  0.000000
   C  -6.138515   5.727246   0.000000    0.000000  0.000000  0.000000
   C  -7.365228  -0.691139   0.000000    0.000000  0.000000  0.000000
   C  -6.173475   1.431785   0.000000    0.000000  0.000000  0.000000
   C  -4.928214   3.580071   0.000000    0.000000 -0.000000  0.000000
   C  -3.678966   5.694052   0.000000    0.000000  0.000000  0.000000
   C  -7.338226  -5.042760   0.000000    0.000000  0.000000  0.000000
   C  -6.173642  -2.889413   0.000000    0.000000  0.000000  0.000000
   C  -4.940069  -0.716689   0.000000    0.000000  0.000000  0.000000
   C  -3.698169   1.425571   0.000000    0.000000  0.000000  0.000000
   C  -2.466015   3.560923   0.000000    0.000000 -0.000000  0.000000
   C  -1.226334   5.685080   0.000000    0.000000  0.000000  0.000000
   C  -4.910090  -5.019617   0.000000    0.000000  0.000000  0.000000
   C  -3.694845  -2.860312   0.000000    0.000000  0.000000  0.000000
   C  -2.471779  -0.716540   0.000000    0.000000  0.000000  0.000000
   C  -1.232423   1.423207   0.000000    0.000000  0.000000  0.000000
   C   0.000000   3.557079   0.000000    0.000000  0.000000  0.000000
   N   1.226334   5.685080   0.000000    0.000000  0.000000  0.000000
   C  -2.457224  -5.005715   0.000000    0.000000  0.000000  0.000000
   N  -1.230705  -2.851907   0.000000    0.000000  0.000000  0.000000
   C   0.000000  -0.715809   0.000000    0.000000  0.000000  0.000000
   C   1.232423   1.423207   0.000000    0.000000  0.000000  0.000000
   C   2.466015   3.560923   0.000000    0.000000 -0.000000  0.000000
   C   3.678966   5.694052   0.000000    0.000000  0.000000  0.000000
   N   0.000000  -5.003169   0.000000    0.000000  0.000000  0.000000
   N   1.230705  -2.851907   0.000000    0.000000  0.000000  0.000000
   N   2.471779  -0.716540   0.000000    0.000000  0.000000  0.000000
   C   3.698169   1.425571   0.000000    0.000000  0.000000  0.000000
   C   4.928214   3.580071   0.000000    0.000000 -0.000000  0.000000
   C   6.138515   5.727246   0.000000    0.000000  0.000000  0.000000
   C   2.457224  -5.005715   0.000000    0.000000  0.000000  0.000000
   C   3.694845  -2.860312   0.000000    0.000000  0.000000  0.000000
   C   4.940069  -0.716689   0.000000    0.000000  0.000000  0.000000
   C   6.173475   1.431785   0.000000   -0.000000  0.000000  0.000000
   C   7.358051   3.642635   0.000000   -0.000000  0.000000  0.000000
   C   4.910090  -5.019617   0.000000    0.000000  0.000000  0.000000
   C   6.173642  -2.889413   0.000000    0.000000  0.000000  0.000000
   C   7.365228  -0.691139   0.000000    0.000000  0.000000  0.000000
   N   7.338226  -5.042760   0.000000    0.000000  0.000000  0.000000
   H   8.282184   5.591425   0.000000    0.000000 -0.000000  0.000000
   H   8.325741   3.141106   0.000000    0.000000  0.000000  0.000000
   H   8.326715   1.204661   0.000000    0.000000  0.000000  0.000000
   H   8.326715  -1.204661   0.000000    0.000000  0.000000  0.000000
   H   8.325741  -3.141106   0.000000    0.000000  0.000000  0.000000
   H   8.282184  -5.591425   0.000000    0.000000  0.000000  0.000000
   H  -8.282184   5.591425   0.000000    0.000000 -0.000000  0.000000
   H  -8.325741   3.141106   0.000000    0.000000  0.000000  0.000000
   H  -8.326715   1.204661   0.000000    0.000000  0.000000  0.000000
   H  -8.326715  -1.204661   0.000000    0.000000  0.000000  0.000000
   H  -8.325741  -3.141106   0.000000    0.000000  0.000000  0.000000
   H  -8.282184  -5.591425   0.000000    0.000000  0.000000  0.000000
   H  -6.116625   6.819427   0.000000    0.000000  0.000000  0.000000
   H  -3.672757   6.787431   0.000000    0.000000  0.000000  0.000000
   H  -1.225580   6.778408   0.000000    0.000000 -0.000000  0.000000
   H   1.225580   6.778408   0.000000    0.000000 -0.000000  0.000000
   H   3.672757   6.787431   0.000000    0.000000  0.000000  0.000000
   H   6.116625   6.819427   0.000000   -0.000000  0.000000  0.000000
   H  -6.116625  -6.819427   0.000000    0.000000  0.000000  0.000000
   H  -3.672757  -6.787431   0.000000    0.000000  0.000000  0.000000
   H  -1.225580  -6.778408   0.000000    0.000000  0.000000  0.000000
   H   1.225580  -6.778408   0.000000    0.000000  0.000000  0.000000
   H   3.672757  -6.787431   0.000000    0.000000  0.000000  0.000000
   H   6.116625  -6.819427   0.000000   -0.000000  0.000000  0.000000
converged SCF energy = -3150.58766491642
--------------- RKS_Scanner gradients ---------------
         x                y                z
0 C    -0.0034836747     0.0035445142    -0.0000000000
1 C     0.0008179932     0.0030919053    -0.0000000000
2 C     0.0010820213    -0.0042071904    -0.0000000000
3 C     0.0030553509     0.0029996176    -0.0000000000
4 C     0.0033072169     0.0105897095    -0.0000000000
5 C    -0.0041679593    -0.0070606333    -0.0000000000
6 C     0.0032084429    -0.0008419872    -0.0000000000
7 C     0.0032983229     0.0058382029     0.0000000000
8 C     0.0175536927     0.0029277464     0.0000000000
9 C    -0.0274844045     0.0002657354    -0.0000000000
10 C     0.0088013286     0.0235276372     0.0000000000
11 C    -0.0003227482    -0.0039542981     0.0000000000
12 C    -0.0080937161    -0.0053370361     0.0000000000
13 C     0.0062973702     0.0006853089     0.0000000000
14 C     0.0195332758    -0.0094921662     0.0000000000
15 N    -0.0063748194     0.0230033981    -0.0000000000
16 C     0.0289529625     0.0014400122     0.0000000000
17 C    -0.0102563141    -0.0119103969     0.0000000000
18 C    -0.0210182696    -0.0158612624    -0.0000000000
19 C    -0.0155039025     0.0024651503    -0.0000000000
20 C    -0.0128551024     0.0037859148    -0.0000000000
21 C     0.0342526744    -0.0072333301    -0.0000000000
22 C     0.0120317097     0.0475297560    -0.0000000000
23 C    -0.0306157720    -0.0088288299     0.0000000000
24 C    -0.0376414583    -0.0008599298     0.0000000000
25 N    -0.0259430535     0.0186207920     0.0000000000
26 C    -0.0047841815     0.0129840609    -0.0000000000
27 C    -0.0073581334    -0.0099098059     0.0000000000
28 N     0.0046792748     0.0132151099     0.0000000000
29 C    -0.0160282069    -0.0166726707     0.0000000000
30 N    -0.0084923681    -0.0178582332     0.0000000000
31 C     0.0273655390     0.0046043644    -0.0000000000
32 C    -0.0028294074     0.0164250611    -0.0000000000
33 C     0.0151938436    -0.0112673043     0.0000000000
34 C     0.0420494825    -0.0208049794     0.0000000000
35 C    -0.0153078784    -0.0113425614    -0.0000000000
36 C     0.0139458634    -0.0119594953     0.0000000000
37 C     0.0212550960    -0.0204497996     0.0000000000
38 C     0.0127694262     0.0079562486     0.0000000000
39 C     0.0007056024     0.0001513474     0.0000000000
40 C    -0.0008178399     0.0033551584     0.0000000000
41 C    -0.0005959655    -0.0014923324     0.0000000000
42 C    -0.0032381032     0.0028477801     0.0000000000
43 C     0.0013414859    -0.0016155796     0.0000000000
44 C    -0.0117246156     0.0040462351     0.0000000000
45 C     0.0030973981    -0.0178352986     0.0000000000
46 C    -0.0058992414     0.0080807638     0.0000000000
47 C     0.0043827390     0.0022490786    -0.0000000000
48 C     0.0013322391    -0.0028658062    -0.0000000000
49 C    -0.0045597976    -0.0013502567    -0.0000000000
50 C    -0.0370314536     0.0027806087    -0.0000000000
51 C     0.0136583514    -0.0044151233    -0.0000000000
52 C    -0.0350646559    -0.0008969457    -0.0000000000
53 C     0.0000401645     0.0164293413    -0.0000000000
54 C     0.0078235877    -0.0013600420    -0.0000000000
55 C    -0.0107392513    -0.0092472394    -0.0000000000
56 N    -0.0060742458    -0.0177181827     0.0000000000
57 C    -0.0283379170     0.0077718649     0.0000000000
58 N    -0.0253671027     0.0156559242     0.0000000000
59 C     0.0104415715     0.0284759192    -0.0000000000
60 C     0.0319646200     0.0041094558     0.0000000000
61 C     0.0233741611    -0.0141400924     0.0000000000
62 C     0.0307427640    -0.0057510823     0.0000000000
63 N    -0.0123836410    -0.0769851036    -0.0000000000
64 N    -0.0015503000    -0.0065521550    -0.0000000000
65 N     0.0318233897     0.0201291304     0.0000000000
66 C     0.0144057747     0.0061898560    -0.0000000000
67 C    -0.0037097710     0.0025641383     0.0000000000
68 C     0.0082678424     0.0062735469     0.0000000000
69 C     0.0133970579     0.0027669763    -0.0000000000
70 C    -0.0189340759     0.0066775866    -0.0000000000
71 C     0.0349029033     0.0031960160    -0.0000000000
72 C    -0.0066182018     0.0104176842    -0.0000000000
73 C    -0.0117748133    -0.0125226454     0.0000000000
74 C    -0.0345053467     0.0210460974    -0.0000000000
75 C    -0.0155838801     0.0137899775    -0.0000000000
76 C     0.0097513119     0.0095747679     0.0000000000
77 N    -0.0333594384     0.0036430991     0.0000000000
78 H     0.0048377038     0.0035484084     0.0000000000
79 H     0.0065518571    -0.0029120369     0.0000000000
80 H     0.0095612339     0.0007043978    -0.0000000000
81 H     0.0059118143    -0.0032282009    -0.0000000000
82 H     0.0048319022     0.0109208063     0.0000000000
83 H     0.0537828145    -0.0317320316    -0.0000000000
84 H    -0.0046898669     0.0027952783    -0.0000000000
85 H    -0.0054776861    -0.0029228751    -0.0000000000
86 H    -0.0057435579     0.0029426157     0.0000000000
87 H    -0.0053547250    -0.0030233051    -0.0000000000
88 H    -0.0061029067     0.0030773241     0.0000000000
89 H    -0.0057128087    -0.0025369224    -0.0000000000
90 H     0.0000836334     0.0057914533    -0.0000000000
91 H    -0.0000245651     0.0060216582    -0.0000000000
92 H     0.0001398557     0.0054124144     0.0000000000
93 H    -0.0011344858     0.0623607228     0.0000000000
94 H    -0.0003569509     0.0064663658    -0.0000000000
95 H     0.0010389576     0.0067046550     0.0000000000
96 H     0.0005255476    -0.0049492593     0.0000000000
97 H    -0.0001104317    -0.0621965274     0.0000000000
98 H    -0.0093396391    -0.0103901437     0.0000000000
99 H     0.0060224963    -0.0127552610    -0.0000000000
100 H     0.0040070327    -0.0084270679    -0.0000000000
101 H    -0.0077544422    -0.0087683799    -0.0000000000
----------------------------------------------
cycle 1: E = -3150.58766492  dE = -3150.59  norm(grad) = 0.236295

Geometry optimization cycle 2
Cartesian coordinates (Angstrom)
 Atom        New coordinates             dX        dY        dZ
   C  -7.272919   5.000402   0.000000    0.065306 -0.042358  0.000000
   C  -7.318102   0.668007   0.000000    0.047126 -0.023132  0.000000
   C  -6.134440   2.867705   0.000000    0.039202 -0.021709  0.000000
   C  -4.853189   4.985830   0.000000    0.056902 -0.033787  0.000000
   C  -7.265120  -3.676440   0.000000    0.092931 -0.033805  0.000000
   C  -6.119875  -1.435880   0.000000    0.053600 -0.004095  0.000000
   C  -4.909354   0.709997   0.000000    0.030714 -0.006691  0.000000
   C  -3.669519   2.839371   0.000000    0.025326 -0.020941  0.000000
   C  -2.408975   4.974322   0.000000    0.048248 -0.031393  0.000000
   C  -5.981905  -5.733192  -0.000000    0.156610 -0.005946 -0.000000
   C  -4.860996  -3.553340   0.000000    0.067218  0.026730  0.000000
   C  -3.659131  -1.404933   0.000000    0.039038  0.020638  0.000000
   C  -2.450968   0.713243   0.000000    0.020811 -0.003296  0.000000
   C  -1.224016   2.819768   0.000000    0.006689 -0.032139  0.000000
   C  -0.001819   4.913391   0.000000   -0.001819 -0.089777  0.000000
   N  -3.585642  -5.562916   0.000000    0.093324  0.131136  0.000000
   C  -2.426732  -3.499910   0.000000    0.039283  0.061012  0.000000
   C  -1.206687  -1.396161   0.000000    0.025736  0.027046  0.000000
   C   0.006788   0.708757   0.000000    0.006788 -0.007052  0.000000
   C   1.236081   2.800899   0.000000    0.005376 -0.051008  0.000000
   C   2.462743   4.908171  -0.000000    0.005519 -0.097544 -0.000000
   C  -1.187510  -5.569132   0.000000    0.038824  0.115948  0.000000
   C   0.004474  -3.478690   0.000000    0.004474  0.078388  0.000000
   C   1.237570  -1.393202   0.000000    0.005147  0.030005  0.000000
   C   2.466921   0.702275   0.000000   -0.004858 -0.014264  0.000000
   N   3.682438   2.798372   0.000000   -0.012407 -0.061940  0.000000
   C   4.851498   4.932922  -0.000000   -0.058593 -0.086695 -0.000000
   C   1.170841  -5.539985   0.000000   -0.055493  0.145094  0.000000
   N   2.421549  -3.498537   0.000000   -0.044466  0.062386  0.000000
   C   3.653289  -1.390774   0.000000   -0.044880  0.034797  0.000000
   N   4.898152   0.720267   0.000000   -0.041916  0.003578  0.000000
   C   6.116181   2.839642   0.000000   -0.057461 -0.049772  0.000000
   C   7.284018   4.948647   0.000000   -0.054207 -0.094113  0.000000
   C   3.576479  -5.609213   0.000000   -0.102487  0.084839  0.000000
   C   4.821656  -3.525461   0.000000   -0.106559  0.054610  0.000000
   C   6.093818  -1.399191   0.000000   -0.079657  0.032595  0.000000
   C   7.288704   0.689178   0.000000   -0.076524 -0.001961  0.000000
   C   6.017885  -5.648676   0.000000   -0.120630  0.078570  0.000000
   C   7.235546  -3.585192   0.000000   -0.122505  0.057443  0.000000
   C  -7.316053   3.609363   0.000000    0.041998 -0.033272  0.000000
   C  -6.078216   5.681532   0.000000    0.060299 -0.045714  0.000000
   C  -7.311281  -0.707203   0.000000    0.053947 -0.016064  0.000000
   C  -6.136189   1.415390   0.000000    0.037286 -0.016395  0.000000
   C  -4.894227   3.556894   0.000000    0.033987 -0.023176  0.000000
   C  -3.619380   5.653734   0.000000    0.059586 -0.040318  0.000000
   C  -7.189875  -5.060385  -0.000000    0.148351 -0.017625 -0.000000
   C  -6.106606  -2.891922   0.000000    0.067036 -0.002509  0.000000
   C  -4.902329  -0.713889   0.000000    0.037740  0.002800  0.000000
   C  -3.674047   1.416370   0.000000    0.024122 -0.009201  0.000000
   C  -2.442061   3.537322   0.000000    0.023953 -0.023601  0.000000
   C  -1.163798   5.644065   0.000000    0.062536 -0.041015  0.000000
   C  -4.827214  -4.960094   0.000000    0.082877  0.059523  0.000000
   C  -3.632367  -2.822092   0.000000    0.062478  0.038219  0.000000
   C  -2.441962  -0.709989   0.000000    0.029817  0.006551  0.000000
   C  -1.224268   1.408337   0.000000    0.008155 -0.014870  0.000000
   C   0.011528   3.496792   0.000000    0.011528 -0.060287  0.000000
   N   1.232692   5.522499  -0.000000    0.006358 -0.162581 -0.000000
   C  -2.378536  -4.911715   0.000000    0.078688  0.094000  0.000000
   N  -1.199371  -2.803555   0.000000    0.031333  0.048352  0.000000
   C   0.008375  -0.714481   0.000000    0.008375  0.001328  0.000000
   C   1.218659   1.393885   0.000000   -0.013764 -0.029322  0.000000
   C   2.456379   3.494139   0.000000   -0.009635 -0.066784  0.000000
   C   3.632067   5.632161  -0.000000   -0.046899 -0.061891 -0.000000
   N  -0.010734  -4.837523   0.000000   -0.010734  0.165645  0.000000
   N   1.217520  -2.790576   0.000000   -0.013185  0.061331  0.000000
   N   2.436170  -0.708280   0.000000   -0.035609  0.008260  0.000000
   C   3.668091   1.396037   0.000000   -0.030078 -0.029534  0.000000
   C   4.890182   3.514030  -0.000000   -0.038032 -0.066040 -0.000000
   C   6.077083   5.617753  -0.000000   -0.061432 -0.109493 -0.000000
   C   2.388810  -4.911387   0.000000   -0.068414  0.094328  0.000000
   C   3.636172  -2.808805   0.000000   -0.058673  0.051506  0.000000
   C   4.861778  -0.691719   0.000000   -0.078291  0.024970  0.000000
   C   6.117202   1.408239   0.000000   -0.056272 -0.023546  0.000000
   C   7.315271   3.568877   0.000000   -0.042780 -0.073758  0.000000
   C   4.818867  -4.964132   0.000000   -0.091224  0.055485  0.000000
   C   6.071140  -2.845876   0.000000   -0.102502  0.043537  0.000000
   C   7.282405  -0.687237   0.000000   -0.082823  0.003901  0.000000
   N   7.184936  -4.948201   0.000000   -0.153290  0.094559  0.000000
   H   8.217684   5.501380   0.000000   -0.064500 -0.090044  0.000000
   H   8.272035   3.064028   0.000000   -0.053705 -0.077078  0.000000
   H   8.233687   1.212171   0.000000   -0.093028  0.007510  0.000000
   H   8.231855  -1.206907   0.000000   -0.094860 -0.002245  0.000000
   H   8.212417  -3.126188   0.000000   -0.113323  0.014918  0.000000
   H   8.067739  -5.460037   0.000000   -0.214445  0.131388  0.000000
   H  -8.206891   5.553754   0.000000    0.075293 -0.037670  0.000000
   H  -8.280316   3.116611   0.000000    0.045425 -0.024495  0.000000
   H  -8.276141   1.172359   0.000000    0.050574 -0.032303  0.000000
   H  -8.263769  -1.222691   0.000000    0.062946 -0.018029  0.000000
   H  -8.242371  -3.211632   0.000000    0.083369 -0.070526  0.000000
   H  -8.112208  -5.631289  -0.000000    0.169976 -0.039865 -0.000000
   H  -6.059486   6.767141   0.000000    0.057140 -0.052286  0.000000
   H  -3.611119   6.740190   0.000000    0.061637 -0.047241  0.000000
   H  -1.128437   6.730609   0.000000    0.097143 -0.047799  0.000000
   H   1.240233   6.544250  -0.000000    0.014653 -0.234157 -0.000000
   H   3.615343   6.718006  -0.000000   -0.057414 -0.069425 -0.000000
   H   6.051031   6.702190  -0.000000   -0.065594 -0.117236 -0.000000
   H  -5.919695  -6.818133  -0.000000    0.196931  0.001294 -0.000000
   H  -3.562331  -6.584676  -0.000000    0.110426  0.202755 -0.000000
   H  -1.122760  -6.648606   0.000000    0.102820  0.129802  0.000000
   H   1.115229  -6.617249   0.000000   -0.110351  0.161158  0.000000
   H   3.532047  -6.692054   0.000000   -0.140710  0.095377  0.000000
   H   6.040801  -6.730620   0.000000   -0.075824  0.088806  0.000000
converged SCF energy = -3150.67571272164
--------------- RKS_Scanner gradients ---------------
         x                y                z
0 C     0.0023847338    -0.0002269628    -0.0000000000
1 C     0.0023851512     0.0003734388     0.0000000000
2 C     0.0019395103    -0.0001904199     0.0000000000
3 C     0.0041068293     0.0023957244    -0.0000000000
4 C    -0.0000703292     0.0039155722     0.0000000000
5 C    -0.0011781001    -0.0021776759    -0.0000000000
6 C     0.0017238643    -0.0001295719    -0.0000000000
7 C     0.0005772513     0.0027441727    -0.0000000000
8 C     0.0125638711    -0.0006565804    -0.0000000000
9 C    -0.0064601039    -0.0069434884     0.0000000000
10 C     0.0103961608     0.0073163281     0.0000000000
11 C    -0.0010725944    -0.0050037982    -0.0000000000
12 C    -0.0046598084    -0.0019631490    -0.0000000000
13 C    -0.0002135568     0.0024725562    -0.0000000000
14 C    -0.0048397603    -0.0038302900     0.0000000000
15 N    -0.0068209119     0.0168909551    -0.0000000000
16 C     0.0088119153    -0.0050358747    -0.0000000000
17 C    -0.0069140197    -0.0061748855     0.0000000000
18 C    -0.0101448602    -0.0062921419    -0.0000000000
19 C    -0.0080847341    -0.0057600856    -0.0000000000
20 C     0.0068960416     0.0065921929    -0.0000000000
21 C     0.0192149021     0.0013130814    -0.0000000000
22 C     0.0142412986     0.0277990274     0.0000000000
23 C    -0.0157061421    -0.0021763157     0.0000000000
24 C    -0.0092407900     0.0016165522    -0.0000000000
25 N    -0.0066646182     0.0180722213    -0.0000000000
26 C    -0.0091466478    -0.0002982597     0.0000000000
27 C    -0.0070972850     0.0087522331    -0.0000000000
28 N     0.0035841470     0.0080731310    -0.0000000000
29 C    -0.0090813724    -0.0108140286     0.0000000000
30 N     0.0014001127    -0.0038032249    -0.0000000000
31 C     0.0106039972    -0.0055927683    -0.0000000000
32 C    -0.0027154299     0.0038030386     0.0000000000
33 C    -0.0001686170    -0.0003296879     0.0000000000
34 C     0.0131434553    -0.0098112992     0.0000000000
35 C    -0.0112123006    -0.0018403486     0.0000000000
36 C     0.0038282829    -0.0078218136     0.0000000000
37 C     0.0142233825    -0.0087434545     0.0000000000
38 C     0.0093712156     0.0074702822     0.0000000000
39 C    -0.0016571663    -0.0013141742    -0.0000000000
40 C    -0.0014203606    -0.0007905497     0.0000000000
41 C     0.0007031402    -0.0004989366     0.0000000000
42 C    -0.0034773011     0.0009713179    -0.0000000000
43 C    -0.0010945061     0.0002732853     0.0000000000
44 C    -0.0043462489    -0.0004600711     0.0000000000
45 C     0.0092091483    -0.0017618323    -0.0000000000
46 C    -0.0053079262    -0.0005679454    -0.0000000000
47 C     0.0027512120     0.0020597296     0.0000000000
48 C    -0.0005377369    -0.0011906075     0.0000000000
49 C    -0.0047414482    -0.0001116653     0.0000000000
50 C    -0.0082411293     0.0056820313    -0.0000000000
51 C    -0.0058825508    -0.0000574957    -0.0000000000
52 C    -0.0134084039     0.0033119907     0.0000000000
53 C     0.0046032503     0.0049222801     0.0000000000
54 C     0.0063736906    -0.0003867316     0.0000000000
55 C     0.0033104162    -0.0038708390     0.0000000000
56 N    -0.0057438653    -0.0185449562     0.0000000000
57 C     0.0043602671     0.0025241308     0.0000000000
58 N    -0.0111149670     0.0004851198     0.0000000000
59 C     0.0121891002     0.0069903521    -0.0000000000
60 C     0.0106812381     0.0040484076     0.0000000000
61 C     0.0079010935    -0.0035157461     0.0000000000
62 C     0.0095104694    -0.0007183805    -0.0000000000
63 N    -0.0173492248    -0.0382946480     0.0000000000
64 N    -0.0024404561    -0.0072151807    -0.0000000000
65 N     0.0167485211     0.0091870483    -0.0000000000
66 C     0.0005561473    -0.0053517684    -0.0000000000
67 C    -0.0022476059    -0.0020977166     0.0000000000
68 C     0.0019332658    -0.0007981238    -0.0000000000
69 C     0.0040238396    -0.0041122126    -0.0000000000
70 C    -0.0095065946     0.0091757878    -0.0000000000
71 C     0.0115864849     0.0014539536    -0.0000000000
72 C    -0.0032527314     0.0100953235     0.0000000000
73 C    -0.0022204264    -0.0038910842    -0.0000000000
74 C    -0.0068462976     0.0100090015    -0.0000000000
75 C    -0.0079133343     0.0011752683     0.0000000000
76 C     0.0052769469     0.0102494315    -0.0000000000
77 N    -0.0238737377    -0.0003751617    -0.0000000000
78 H     0.0014140824    -0.0000289329    -0.0000000000
79 H     0.0024258091    -0.0011760049     0.0000000000
80 H     0.0032241479     0.0002759817    -0.0000000000
81 H     0.0015994648    -0.0008981734     0.0000000000
82 H     0.0000557726     0.0047885248    -0.0000000000
83 H     0.0125542426    -0.0070066064     0.0000000000
84 H    -0.0008821034     0.0000317515    -0.0000000000
85 H    -0.0015055391    -0.0008853566     0.0000000000
86 H    -0.0011688369     0.0004333343    -0.0000000000
87 H    -0.0009515672    -0.0002326579    -0.0000000000
88 H    -0.0012660842     0.0004694267     0.0000000000
89 H    -0.0004754898    -0.0001726569     0.0000000000
90 H     0.0005897619     0.0010869577    -0.0000000000
91 H     0.0007999438     0.0011132798    -0.0000000000
92 H     0.0008748850     0.0021892168     0.0000000000
93 H    -0.0004967308     0.0137135196     0.0000000000
94 H    -0.0009726693     0.0028477565     0.0000000000
95 H    -0.0001214973     0.0009380276     0.0000000000
96 H     0.0011538999    -0.0024006180    -0.0000000000
97 H     0.0004861754    -0.0142759777    -0.0000000000
98 H    -0.0059398823    -0.0040335989     0.0000000000
99 H     0.0028019748    -0.0034259177     0.0000000000
100 H     0.0018243221    -0.0017123566    -0.0000000000
101 H    -0.0050309145    -0.0023236953    -0.0000000000
----------------------------------------------
cycle 2: E = -3150.67571272  dE = -0.0880478  norm(grad) = 0.105428

Geometry optimization cycle 3
Cartesian coordinates (Angstrom)
 Atom        New coordinates             dX        dY        dZ
   C  -7.278483   5.010949   0.000000   -0.005563  0.010548  0.000000
   C  -7.310710   0.659376  -0.000000    0.007392 -0.008631 -0.000000
   C  -6.133814   2.859752   0.000000    0.000626 -0.007952  0.000000
   C  -4.862215   4.966791   0.000000   -0.009026 -0.019039  0.000000
   C  -7.242409  -3.659428  -0.000000    0.022711  0.017013 -0.000000
   C  -6.100758  -1.438293  -0.000000    0.019118 -0.002413 -0.000000
   C  -4.903363   0.704890   0.000000    0.005992 -0.005108 -0.000000
   C  -3.667408   2.822021   0.000000    0.002111 -0.017350  0.000000
   C  -2.427249   4.947983   0.000000   -0.018274 -0.026340  0.000000
   C  -5.955927  -5.649749  -0.000000    0.025978  0.083443 -0.000000
   C  -4.831469  -3.557811  -0.000000    0.029527 -0.004470 -0.000000
   C  -3.645937  -1.395041  -0.000000    0.013194  0.009892 -0.000000
   C  -2.440504   0.713392   0.000000    0.010464  0.000149  0.000000
   C  -1.217046   2.817220   0.000000    0.006969 -0.002547  0.000000
   C   0.027026   4.919987   0.000000    0.028845  0.006596  0.000000
   N  -3.533796  -5.579386  -0.000000    0.051846 -0.016469 -0.000000
   C  -2.412597  -3.468464  -0.000000    0.014135  0.031446 -0.000000
   C  -1.193156  -1.382940  -0.000000    0.013531  0.013221 -0.000000
   C   0.010124   0.711717   0.000000    0.003336  0.002960  0.000000
   C   1.229367   2.792545   0.000000   -0.006714 -0.008355  0.000000
   C   2.432052   4.867088  -0.000000   -0.030691 -0.041084 -0.000000
   C  -1.169118  -5.478749  -0.000000    0.018393  0.090382 -0.000000
   C   0.011185  -3.461483  -0.000000    0.006711  0.017207 -0.000000
   C   1.244767  -1.388909  -0.000000    0.007197  0.004294 -0.000000
   C   2.459836   0.687293  -0.000000   -0.007085 -0.014982 -0.000000
   N   3.667821   2.759457  -0.000000   -0.014617 -0.038915 -0.000000
   C   4.843332   4.909692  -0.000000   -0.008166 -0.023230 -0.000000
   C   1.178708  -5.512658   0.000000    0.007867  0.027328 -0.000000
   N   2.414260  -3.496481   0.000000   -0.007289  0.002056  0.000000
   C   3.644618  -1.389476   0.000000   -0.008670  0.001298  0.000000
   N   4.871577   0.704895  -0.000000   -0.026575 -0.015372 -0.000000
   C   6.068006   2.821773  -0.000000   -0.048175 -0.017868 -0.000000
   C   7.264437   4.926147  -0.000000   -0.019581 -0.022500 -0.000000
   C   3.571491  -5.597281   0.000000   -0.004988  0.011932  0.000000
   C   4.796933  -3.518046   0.000000   -0.024722  0.007415  0.000000
   C   6.082042  -1.409690   0.000000   -0.011776 -0.010499  0.000000
   C   7.243596   0.677697   0.000000   -0.045108 -0.011480 -0.000000
   C   6.022892  -5.603210   0.000000    0.005007  0.045466  0.000000
   C   7.205307  -3.611610   0.000000   -0.030239 -0.026417  0.000000
   C  -7.300554   3.621733   0.000000    0.015499  0.012370  0.000000
   C  -6.077037   5.676417   0.000000    0.001180 -0.005114  0.000000
   C  -7.294322  -0.714297  -0.000000    0.016958 -0.007094 -0.000000
   C  -6.128106   1.407206   0.000000    0.008082 -0.008184  0.000000
   C  -4.890889   3.539592   0.000000    0.003338 -0.017302  0.000000
   C  -3.626594   5.635972   0.000000   -0.007215 -0.017762  0.000000
   C  -7.201466  -5.036833  -0.000000   -0.011591  0.023551 -0.000000
   C  -6.070691  -2.893526  -0.000000    0.035914 -0.001604 -0.000000
   C  -4.892402  -0.714524  -0.000000    0.009927 -0.000636 -0.000000
   C  -3.667107   1.406813   0.000000    0.006940 -0.009556  0.000000
   C  -2.439930   3.517774   0.000000    0.002131 -0.019548  0.000000
   C  -1.160550   5.593371   0.000000    0.003249 -0.050694  0.000000
   C  -4.762145  -4.953108  -0.000000    0.065069  0.006986 -0.000000
   C  -3.606085  -2.809100  -0.000000    0.026282  0.012992 -0.000000
   C  -2.432945  -0.707370  -0.000000    0.009018  0.002619 -0.000000
   C  -1.223179   1.409984   0.000000    0.001089  0.001647 -0.000000
   C   0.014023   3.504802   0.000000    0.002494  0.008010  0.000000
   N   1.249417   5.545104   0.000000    0.016725  0.022606  0.000000
   C  -2.370843  -4.873592  -0.000000    0.007693  0.038123 -0.000000
   N  -1.176105  -2.784916  -0.000000    0.023266  0.018639 -0.000000
   C   0.008922  -0.713186   0.000000    0.000547  0.001295 -0.000000
   C   1.208449   1.385447  -0.000000   -0.010210 -0.008438 -0.000000
   C   2.440796   3.464365  -0.000000   -0.015583 -0.029774 -0.000000
   C   3.600393   5.576020  -0.000000   -0.031673 -0.056141 -0.000000
   N   0.027530  -4.763032  -0.000000    0.038264  0.074491 -0.000000
   N   1.221974  -2.774883  -0.000000    0.004454  0.015693 -0.000000
   N   2.420506  -0.719192   0.000000   -0.015664 -0.010913 -0.000000
   C   3.652123   1.375485  -0.000000   -0.015967 -0.020552 -0.000000
   C   4.859315   3.494516  -0.000000   -0.030868 -0.019514 -0.000000
   C   6.060674   5.600832  -0.000000   -0.016409 -0.016921 -0.000000
   C   2.389622  -4.897019   0.000000    0.000812  0.014367  0.000000
   C   3.629632  -2.810373   0.000000   -0.006540 -0.001567  0.000000
   C   4.840085  -0.702059   0.000000   -0.021693 -0.010341  0.000000
   C   6.081444   1.386423  -0.000000   -0.035759 -0.021817 -0.000000
   C   7.268485   3.553254  -0.000000   -0.046786 -0.015623 -0.000000
   C   4.817695  -4.959480   0.000000   -0.001171  0.004652  0.000000
   C   6.059074  -2.855119   0.000000   -0.012066 -0.009243  0.000000
   C   7.258458  -0.703922   0.000000   -0.023948 -0.016685  0.000000
   N   7.219629  -4.954851   0.000000    0.034693 -0.006650  0.000000
   H   8.199313   5.471213  -0.000000   -0.018371 -0.030168 -0.000000
   H   8.215126   3.041376  -0.000000   -0.056909 -0.022652 -0.000000
   H   8.172806   1.215827   0.000000   -0.060881  0.003656 -0.000000
   H   8.208560  -1.213910   0.000000   -0.023295 -0.007003  0.000000
   H   8.185931  -3.172259   0.000000   -0.026486 -0.046071  0.000000
   H   8.074056  -5.449959   0.000000    0.006317  0.010078  0.000000
   H  -8.209737   5.564928   0.000000   -0.002846  0.011173  0.000000
   H  -8.262516   3.132872   0.000000    0.017800  0.016261  0.000000
   H  -8.267284   1.160188   0.000000    0.008858 -0.012171 -0.000000
   H  -8.240998  -1.235435  -0.000000    0.022771 -0.012744 -0.000000
   H  -8.206669  -3.175283  -0.000000    0.035702  0.036349 -0.000000
   H  -8.114364  -5.619733  -0.000000   -0.002156  0.011556 -0.000000
   H  -6.049707   6.759207   0.000000    0.009779 -0.007934  0.000000
   H  -3.619837   6.719728   0.000000   -0.008717 -0.020462  0.000000
   H  -1.144475   6.675757   0.000000   -0.016038 -0.054851  0.000000
   H   1.282320   6.534471   0.000000    0.042087 -0.009779  0.000000
   H   3.580777   6.655918  -0.000000   -0.034566 -0.062089 -0.000000
   H   6.034157   6.682799  -0.000000   -0.016875 -0.019391 -0.000000
   H  -5.908161  -6.730428  -0.000000    0.011534  0.087705 -0.000000
   H  -3.496847  -6.567837  -0.000000    0.065485  0.016839 -0.000000
   H  -1.043208  -6.544952  -0.000000    0.079552  0.103653 -0.000000
   H   1.073899  -6.578849   0.000000   -0.041331  0.038400 -0.000000
   H   3.506227  -6.675145   0.000000   -0.025820  0.016909  0.000000
   H   6.079082  -6.678926   0.000000    0.038281  0.051694  0.000000
converged SCF energy = -3150.67473126222
--------------- RKS_Scanner gradients ---------------
         x                y                z
0 C    -0.0044298666     0.0021025195     0.0000000000
1 C    -0.0014267890     0.0008105954    -0.0000000000
2 C    -0.0025934643    -0.0022132169     0.0000000000
3 C    -0.0016925295    -0.0008158042     0.0000000000
4 C     0.0057863199    -0.0007351396    -0.0000000000
5 C    -0.0024034881    -0.0012587798    -0.0000000000
6 C    -0.0000297800    -0.0003437186     0.0000000000
7 C    -0.0012885448     0.0003185565     0.0000000000
8 C    -0.0050232347     0.0003865391     0.0000000000
9 C    -0.0006005880     0.0242870067    -0.0000000000
10 C    -0.0054194468    -0.0055946131    -0.0000000000
11 C    -0.0011494345    -0.0026622736    -0.0000000000
12 C     0.0000603500    -0.0003272914     0.0000000000
13 C     0.0003511866    -0.0022150119     0.0000000000
14 C     0.0139295536     0.0031016292     0.0000000000
15 N     0.0077321601    -0.0223025661     0.0000000000
16 C     0.0036213258    -0.0006913801     0.0000000000
17 C    -0.0030648879    -0.0002626460    -0.0000000000
18 C     0.0004291928     0.0024377870    -0.0000000000
19 C     0.0002008717     0.0023257491     0.0000000000
20 C    -0.0148483435    -0.0052425537     0.0000000000
21 C    -0.0014111543     0.0160402911     0.0000000000
22 C    -0.0041444010    -0.0143503214     0.0000000000
23 C    -0.0020462945     0.0043865396    -0.0000000000
24 C     0.0035028981     0.0001251943     0.0000000000
25 N     0.0027901774    -0.0024682876    -0.0000000000
26 C     0.0072906105     0.0001693928    -0.0000000000
27 C     0.0024141839     0.0062347271     0.0000000000
28 N    -0.0002425103     0.0004017200     0.0000000000
29 C    -0.0020694058    -0.0010893585    -0.0000000000
30 N    -0.0002159227     0.0011570223     0.0000000000
31 C    -0.0044754731    -0.0039297880    -0.0000000000
32 C     0.0017828313     0.0000396488     0.0000000000
33 C    -0.0020913362     0.0030054383    -0.0000000000
34 C    -0.0017551818    -0.0008839639    -0.0000000000
35 C    -0.0057063501     0.0020428577     0.0000000000
36 C    -0.0036126756    -0.0039556604     0.0000000000
37 C     0.0037206298     0.0216344368    -0.0000000000
38 C    -0.0143543507    -0.0114486104     0.0000000000
39 C     0.0057634356     0.0045897273    -0.0000000000
40 C     0.0000666910    -0.0014131966     0.0000000000
41 C     0.0015297536     0.0008578731    -0.0000000000
42 C     0.0023080674    -0.0012871999    -0.0000000000
43 C     0.0013389090    -0.0019862271    -0.0000000000
44 C    -0.0019286326     0.0008545956    -0.0000000000
45 C    -0.0129217047    -0.0092937513     0.0000000000
46 C     0.0019464460     0.0019658349     0.0000000000
47 C     0.0013533119    -0.0001517947    -0.0000000000
48 C     0.0014415284    -0.0005772231    -0.0000000000
49 C     0.0028608003    -0.0020632787    -0.0000000000
50 C    -0.0004956058    -0.0117716853    -0.0000000000
51 C     0.0190309981    -0.0044502800     0.0000000000
52 C     0.0004647304    -0.0038329026     0.0000000000
53 C     0.0035901678    -0.0002588775     0.0000000000
54 C    -0.0009486048     0.0005075981    -0.0000000000
55 C    -0.0045143085     0.0045813668    -0.0000000000
56 N     0.0084325991     0.0238923850    -0.0000000000
57 C    -0.0108782773     0.0044605719    -0.0000000000
58 N     0.0055672292     0.0007415912    -0.0000000000
59 C     0.0042829296    -0.0031704592     0.0000000000
60 C    -0.0016151680     0.0003349366    -0.0000000000
61 C     0.0056475005    -0.0015457297    -0.0000000000
62 C    -0.0068945434    -0.0072702942    -0.0000000000
63 N     0.0079953248     0.0101033861    -0.0000000000
64 N    -0.0013877983    -0.0071582471    -0.0000000000
65 N     0.0004699496    -0.0024884590     0.0000000000
66 C    -0.0014998703    -0.0035613922    -0.0000000000
67 C    -0.0064621634     0.0022238950     0.0000000000
68 C     0.0024448103    -0.0003034385     0.0000000000
69 C    -0.0048226283    -0.0032467696    -0.0000000000
70 C    -0.0003428260     0.0032830720     0.0000000000
71 C     0.0031691343    -0.0006277930    -0.0000000000
72 C    -0.0015843268     0.0017870466    -0.0000000000
73 C    -0.0029666276     0.0030779795     0.0000000000
74 C    -0.0032467109    -0.0036556646     0.0000000000
75 C    -0.0001408260     0.0041175678    -0.0000000000
76 C     0.0033110050     0.0017774411    -0.0000000000
77 N     0.0264589313    -0.0169923438     0.0000000000
78 H    -0.0004268876    -0.0002517523    -0.0000000000
79 H    -0.0013672601     0.0008340246     0.0000000000
80 H    -0.0014928318    -0.0005224879    -0.0000000000
81 H    -0.0007706450     0.0004413449     0.0000000000
82 H    -0.0023290711    -0.0040705122    -0.0000000000
83 H    -0.0115353058     0.0074939734    -0.0000000000
84 H     0.0001686208     0.0003673223     0.0000000000
85 H     0.0016094763     0.0014037284     0.0000000000
86 H     0.0006221516    -0.0006683597    -0.0000000000
87 H     0.0005615710    -0.0000034109     0.0000000000
88 H     0.0005638060    -0.0015462003     0.0000000000
89 H    -0.0019172032     0.0006562664    -0.0000000000
90 H    -0.0005423199    -0.0007555143    -0.0000000000
91 H    -0.0000194542    -0.0005179334     0.0000000000
92 H     0.0006944866    -0.0028526665     0.0000000000
93 H    -0.0007911351    -0.0136042661    -0.0000000000
94 H    -0.0002463167    -0.0022090326     0.0000000000
95 H     0.0004250230    -0.0006330566    -0.0000000000
96 H     0.0004209239     0.0041095651     0.0000000000
97 H    -0.0003427058     0.0143432005    -0.0000000000
98 H    -0.0005300025     0.0024711526    -0.0000000000
99 H     0.0013810966     0.0008715371    -0.0000000000
100 H     0.0005767484     0.0011855144     0.0000000000
101 H     0.0008596169     0.0031659571    -0.0000000000
----------------------------------------------
cycle 3: E = -3150.67473126  dE = 0.000981459  norm(grad) = 0.0860833

Geometry optimization cycle 4
Cartesian coordinates (Angstrom)
 Atom        New coordinates             dX        dY        dZ
   C  -7.273285   4.996820   0.000000    0.005198 -0.014130  0.000000
   C  -7.313396   0.663172  -0.000000   -0.002686  0.003796  0.000000
   C  -6.132300   2.863029   0.000000    0.001514  0.003277  0.000000
   C  -4.858774   4.975450   0.000000    0.003440  0.008659  0.000000
   C  -7.249624  -3.668993  -0.000000   -0.007215 -0.009565 -0.000000
   C  -6.108417  -1.434191  -0.000000   -0.007659  0.004102 -0.000000
   C  -4.905307   0.710105   0.000000   -0.001945  0.005216 -0.000000
   C  -3.665250   2.832369   0.000000    0.002158  0.010349 -0.000000
   C  -2.420237   4.965520   0.000000    0.007012  0.017537 -0.000000
   C  -5.957626  -5.709093  -0.000000   -0.001699 -0.059344 -0.000000
   C  -4.846433  -3.555008  -0.000000   -0.014965  0.002803 -0.000000
   C  -3.651862  -1.393220  -0.000000   -0.005925  0.001821 -0.000000
   C  -2.442208   0.717966   0.000000   -0.001705  0.004574 -0.000000
   C  -1.217326   2.822313   0.000000   -0.000279  0.005093 -0.000000
   C   0.013713   4.920566   0.000000   -0.013314  0.000579 -0.000000
   N  -3.558502  -5.564426  -0.000000   -0.024706  0.014960 -0.000000
   C  -2.421275  -3.477634  -0.000000   -0.008678 -0.009169 -0.000000
   C  -1.197129  -1.382659  -0.000000   -0.003973  0.000281 -0.000000
   C   0.012542   0.714771   0.000000    0.002418  0.003053 -0.000000
   C   1.236817   2.799404   0.000000    0.007451  0.006859 -0.000000
   C   2.449575   4.885127  -0.000000    0.017523  0.018039 -0.000000
   C  -1.176664  -5.517095  -0.000000   -0.007547 -0.038345 -0.000000
   C   0.005608  -3.464924  -0.000000   -0.005578 -0.003441 -0.000000
   C   1.245988  -1.388780  -0.000000    0.001221  0.000128 -0.000000
   C   2.465783   0.691914  -0.000000    0.005946  0.004621 -0.000000
   N   3.677297   2.770470  -0.000000    0.009476  0.011013  0.000000
   C   4.846665   4.921731  -0.000000    0.003334  0.012039  0.000000
   C   1.169589  -5.526039   0.000000   -0.009119 -0.013382 -0.000000
   N   2.416038  -3.500682   0.000000    0.001778 -0.004201 -0.000000
   C   3.650421  -1.391110   0.000000    0.005802 -0.001633 -0.000000
   N   4.882283   0.710599  -0.000000    0.010706  0.005704  0.000000
   C   6.087408   2.832017  -0.000000    0.019401  0.010244  0.000000
   C   7.269460   4.935732  -0.000000    0.005023  0.009585  0.000000
   C   3.566077  -5.606400   0.000000   -0.005414 -0.009119  0.000000
   C   4.809643  -3.525532   0.000000    0.012710 -0.007486  0.000000
   C   6.090233  -1.408500   0.000000    0.008192  0.001190  0.000000
   C   7.261091   0.684281   0.000000    0.017495  0.006584  0.000000
   C   6.010219  -5.637716   0.000000   -0.012673 -0.034505  0.000000
   C   7.227829  -3.595858   0.000000    0.022522  0.015752  0.000000
   C  -7.310503   3.607017   0.000000   -0.009949 -0.014716  0.000000
   C  -6.078447   5.676997   0.000000   -0.001410  0.000580  0.000000
   C  -7.303453  -0.711056  -0.000000   -0.009131  0.003240  0.000000
   C  -6.130412   1.411348   0.000000   -0.002305  0.004142  0.000000
   C  -4.890809   3.548503   0.000000    0.000080  0.008912  0.000000
   C  -3.623474   5.646620   0.000000    0.003121  0.010648 -0.000000
   C  -7.177717  -5.047468  -0.000000    0.023749 -0.010635 -0.000000
   C  -6.085228  -2.891133  -0.000000   -0.014537  0.002393 -0.000000
   C  -4.898532  -0.710820  -0.000000   -0.006130  0.003704 -0.000000
   C  -3.668537   1.414574   0.000000   -0.001430  0.007761 -0.000000
   C  -2.437480   3.531371   0.000000    0.002450  0.013597 -0.000000
   C  -1.159014   5.623129   0.000000    0.001535  0.029758 -0.000000
   C  -4.796703  -4.956090  -0.000000   -0.034558 -0.002982 -0.000000
   C  -3.614719  -2.810879  -0.000000   -0.008634 -0.001779 -0.000000
   C  -2.438716  -0.704842  -0.000000   -0.005771  0.002528 -0.000000
   C  -1.222642   1.413408  -0.000000    0.000537  0.003424 -0.000000
   C   0.015701   3.504714   0.000000    0.001679 -0.000088 -0.000000
   N   1.244512   5.532790   0.000000   -0.004905 -0.012315 -0.000000
   C  -2.373217  -4.889779  -0.000000   -0.002374 -0.016187 -0.000000
   N  -1.185262  -2.788172  -0.000000   -0.009157 -0.003257 -0.000000
   C   0.006254  -0.711340  -0.000000   -0.002668  0.001846 -0.000000
   C   1.213636   1.389787  -0.000000    0.005187  0.004340 -0.000000
   C   2.448454   3.478503  -0.000000    0.007658  0.014138 -0.000000
   C   3.614279   5.606787  -0.000000    0.013885  0.030767  0.000000
   N   0.012417  -4.778673  -0.000000   -0.015113 -0.015641 -0.000000
   N   1.221428  -2.775515  -0.000000   -0.000546 -0.000633 -0.000000
   N   2.424061  -0.717569  -0.000000    0.003555  0.001623 -0.000000
   C   3.660827   1.384311  -0.000000    0.008704  0.008826 -0.000000
   C   4.874828   3.503703  -0.000000    0.015513  0.009187  0.000000
   C   6.064596   5.610607  -0.000000    0.003921  0.009775  0.000000
   C   2.383733  -4.903402   0.000000   -0.005889 -0.006383 -0.000000
   C   3.637943  -2.817758   0.000000    0.008310 -0.007385  0.000000
   C   4.845843  -0.699508   0.000000    0.005758  0.002551  0.000000
   C   6.096855   1.392600  -0.000000    0.015411  0.006177  0.000000
   C   7.289727   3.561410  -0.000000    0.021242  0.008155  0.000000
   C   4.815692  -4.972969   0.000000   -0.002003 -0.013489  0.000000
   C   6.072579  -2.854745   0.000000    0.013505  0.000374  0.000000
   C   7.264511  -0.699827   0.000000    0.006054  0.004095  0.000000
   N   7.185327  -4.941828   0.000000   -0.034301  0.013023  0.000000
   H   8.201143   5.487107  -0.000000    0.001830  0.015895  0.000000
   H   8.239657   3.053557  -0.000000    0.024531  0.012181  0.000000
   H   8.193337   1.219150   0.000000    0.020531  0.003323  0.000000
   H   8.213698  -1.212859   0.000000    0.005138  0.001051  0.000000
   H   8.215179  -3.165192   0.000000    0.029247  0.007068  0.000000
   H   8.046583  -5.445085   0.000000   -0.027473  0.004874  0.000000
   H  -8.205239   5.549874   0.000000    0.004498 -0.015053  0.000000
   H  -8.272083   3.114319   0.000000   -0.009567 -0.018553  0.000000
   H  -8.269051   1.167239   0.000000   -0.001768  0.007052  0.000000
   H  -8.251737  -1.230279  -0.000000   -0.010739  0.005156 -0.000000
   H  -8.221231  -3.197641  -0.000000   -0.014561 -0.022358  0.000000
   H  -8.093067  -5.625399  -0.000000    0.021297 -0.005666 -0.000000
   H  -6.060137   6.760609   0.000000   -0.010430  0.001402  0.000000
   H  -3.620983   6.730870   0.000000   -0.001147  0.011142  0.000000
   H  -1.137278   6.707227   0.000000    0.007197  0.031469 -0.000000
   H   1.270477   6.532428   0.000000   -0.011843 -0.002044  0.000000
   H   3.599030   6.688093  -0.000000    0.018253  0.032175  0.000000
   H   6.038016   6.693192  -0.000000    0.003859  0.010393  0.000000
   H  -5.907641  -6.792242  -0.000000    0.000520 -0.061814 -0.000000
   H  -3.528288  -6.563553  -0.000000   -0.031441  0.004284 -0.000000
   H  -1.047516  -6.584539  -0.000000   -0.004309 -0.039587 -0.000000
   H   1.064616  -6.593016   0.000000   -0.009283 -0.014167 -0.000000
   H   3.496054  -6.684948   0.000000   -0.010172 -0.009803  0.000000
   H   6.077283  -6.714982   0.000000   -0.001799 -0.036056  0.000000
converged SCF energy = -3150.68364778655
--------------- RKS_Scanner gradients ---------------
         x                y                z
0 C     0.0005836215    -0.0005088389     0.0000000000
1 C     0.0002187397     0.0005824212    -0.0000000000
2 C    -0.0000368328     0.0004040748    -0.0000000000
3 C    -0.0006816930    -0.0004735060     0.0000000000
4 C    -0.0010089748     0.0014377384    -0.0000000000
5 C    -0.0005272917    -0.0000086750    -0.0000000000
6 C     0.0003551986     0.0001513018    -0.0000000000
7 C    -0.0002442747     0.0005008260    -0.0000000000
8 C    -0.0015249252     0.0002998634     0.0000000000
9 C     0.0005311327    -0.0004509456    -0.0000000000
10 C     0.0003202071    -0.0006287179    -0.0000000000
11 C    -0.0009002171    -0.0011249599     0.0000000000
12 C     0.0005111422     0.0002428182     0.0000000000
13 C    -0.0000061050    -0.0004577392     0.0000000000
14 C     0.0030175677     0.0009336877     0.0000000000
15 N    -0.0003049349    -0.0054032069    -0.0000000000
16 C     0.0004495689    -0.0000655289     0.0000000000
17 C    -0.0014512648     0.0001128415    -0.0000000000
18 C     0.0009509396     0.0015272590     0.0000000000
19 C    -0.0000042408    -0.0003414748    -0.0000000000
20 C    -0.0034676045    -0.0016705884    -0.0000000000
21 C     0.0026741361     0.0038889141     0.0000000000
22 C    -0.0005797881    -0.0030984761    -0.0000000000
23 C    -0.0008685396     0.0026394197     0.0000000000
24 C     0.0023062445     0.0001364269     0.0000000000
25 N     0.0022505819     0.0016197191     0.0000000000
26 C     0.0024059678     0.0002427460    -0.0000000000
27 C    -0.0009358542     0.0003047109    -0.0000000000
28 N     0.0003775383     0.0014721902    -0.0000000000
29 C    -0.0026353551    -0.0005595073     0.0000000000
30 N     0.0008490705     0.0008594612     0.0000000000
31 C    -0.0013205297    -0.0024618247    -0.0000000000
32 C    -0.0000014842    -0.0013593010    -0.0000000000
33 C    -0.0015809537     0.0004405109    -0.0000000000
34 C    -0.0007989230     0.0007825578     0.0000000000
35 C    -0.0025401589     0.0006485891     0.0000000000
36 C     0.0007612071    -0.0024941172     0.0000000000
37 C     0.0013870333     0.0007008384    -0.0000000000
38 C     0.0020032828     0.0008262212    -0.0000000000
39 C    -0.0003924716    -0.0004855662     0.0000000000
40 C     0.0000673507     0.0011284790    -0.0000000000
41 C    -0.0000728052    -0.0005412886     0.0000000000
42 C    -0.0003447358    -0.0001316849     0.0000000000
43 C     0.0007011420    -0.0006727745     0.0000000000
44 C    -0.0006738004     0.0004094862    -0.0000000000
45 C     0.0014100784     0.0003476079     0.0000000000
46 C    -0.0002369009    -0.0006865302     0.0000000000
47 C     0.0003180158     0.0003423651    -0.0000000000
48 C    -0.0001075217    -0.0003464138     0.0000000000
49 C     0.0011527246    -0.0009083963    -0.0000000000
50 C    -0.0001426969    -0.0026636744    -0.0000000000
51 C     0.0005566589    -0.0002451432     0.0000000000
52 C     0.0000415901     0.0005466277    -0.0000000000
53 C     0.0015854070     0.0000295064    -0.0000000000
54 C    -0.0002683497     0.0001402731    -0.0000000000
55 C    -0.0003087598     0.0013276116     0.0000000000
56 N     0.0020032715     0.0062349325    -0.0000000000
57 C    -0.0020166415     0.0011337801    -0.0000000000
58 N     0.0013134431    -0.0003603234     0.0000000000
59 C     0.0017993202    -0.0015889683     0.0000000000
60 C    -0.0020891586     0.0004996434    -0.0000000000
61 C     0.0015774397    -0.0000493942    -0.0000000000
62 C    -0.0012422248    -0.0009135787     0.0000000000
63 N     0.0014740645     0.0032304930    -0.0000000000
64 N    -0.0005968874    -0.0036101729    -0.0000000000
65 N     0.0004770017    -0.0014726194     0.0000000000
66 C    -0.0014350253    -0.0026868324    -0.0000000000
67 C    -0.0036802355    -0.0004603377     0.0000000000
68 C    -0.0000662073     0.0009828109    -0.0000000000
69 C    -0.0013015929    -0.0010059180     0.0000000000
70 C     0.0003424932     0.0003922985    -0.0000000000
71 C     0.0023466565    -0.0000466229    -0.0000000000
72 C    -0.0020878683     0.0013842494     0.0000000000
73 C     0.0009388727     0.0016261647     0.0000000000
74 C     0.0022194075    -0.0004582209    -0.0000000000
75 C     0.0021574001    -0.0030121002    -0.0000000000
76 C     0.0002482091     0.0014286092    -0.0000000000
77 N    -0.0007693560    -0.0011758604     0.0000000000
78 H    -0.0003542661    -0.0002820752     0.0000000000
79 H    -0.0005768671     0.0003329093    -0.0000000000
80 H    -0.0007472985    -0.0000912729     0.0000000000
81 H    -0.0005970794     0.0001609568    -0.0000000000
82 H    -0.0002355146    -0.0004952092     0.0000000000
83 H    -0.0044069535     0.0032421131    -0.0000000000
84 H     0.0003788260    -0.0002215079    -0.0000000000
85 H     0.0001399136     0.0000333501    -0.0000000000
86 H     0.0002210834    -0.0001739628     0.0000000000
87 H     0.0002077361     0.0000471873    -0.0000000000
88 H     0.0001345498    -0.0000252704     0.0000000000
89 H     0.0004131546     0.0005656243    -0.0000000000
90 H     0.0000209613    -0.0001361872    -0.0000000000
91 H     0.0000766736    -0.0002844594     0.0000000000
92 H     0.0002544753    -0.0006063092     0.0000000000
93 H    -0.0002316257    -0.0046028810    -0.0000000000
94 H    -0.0001094182    -0.0005814467     0.0000000000
95 H    -0.0000241968    -0.0001710691     0.0000000000
96 H     0.0003958042    -0.0001790437     0.0000000000
97 H    -0.0000699796     0.0048118362    -0.0000000000
98 H    -0.0003820543     0.0005043986     0.0000000000
99 H     0.0005278081     0.0002773811    -0.0000000000
100 H     0.0001594258     0.0004648839     0.0000000000
101 H    -0.0006672009     0.0000827181     0.0000000000
----------------------------------------------
cycle 4: E = -3150.68364779  dE = -0.00891652  norm(grad) = 0.020887

Geometry optimization cycle 5
Cartesian coordinates (Angstrom)
 Atom        New coordinates             dX        dY        dZ
   C  -7.278717   5.004213   0.000000   -0.005432  0.007393 -0.000000
   C  -7.316398   0.666760  -0.000000   -0.003003  0.003589 -0.000000
   C  -6.133889   2.866164   0.000000   -0.001589  0.003134 -0.000000
   C  -4.855419   4.978220   0.000000    0.003355  0.002770 -0.000000
   C  -7.253844  -3.676320  -0.000000   -0.004221 -0.007327  0.000000
   C  -6.112157  -1.433575  -0.000000   -0.003741  0.000616  0.000000
   C  -4.907811   0.709930   0.000000   -0.002504 -0.000175 -0.000000
   C  -3.666335   2.834467   0.000000   -0.001085  0.002098 -0.000000
   C  -2.414059   4.972363   0.000000    0.006177  0.006843 -0.000000
   C  -5.974905  -5.705634  -0.000000   -0.017279  0.003459  0.000000
   C  -4.853545  -3.553875  -0.000000   -0.007112  0.001133  0.000000
   C  -3.653967  -1.397293  -0.000000   -0.002105 -0.004073  0.000000
   C  -2.445462   0.714981   0.000000   -0.003254 -0.002985 -0.000000
   C  -1.221412   2.819758   0.000000   -0.004086 -0.002556 -0.000000
   C   0.001144   4.914166   0.000000   -0.012569 -0.006400  0.000000
   N  -3.569875  -5.563325  -0.000000   -0.011372  0.001101  0.000000
   C  -2.424845  -3.490645  -0.000000   -0.003570 -0.013011  0.000000
   C  -1.198861  -1.387959  -0.000000   -0.001732 -0.005301  0.000000
   C   0.012230   0.711609   0.000000   -0.000312 -0.003161 -0.000000
   C   1.238623   2.800265   0.000000    0.001805  0.000861  0.000000
   C   2.459248   4.894297   0.000000    0.009674  0.009170  0.000000
   C  -1.180607  -5.548949  -0.000000   -0.003943 -0.031855  0.000000
   C   0.002208  -3.471258  -0.000000   -0.003400 -0.006333  0.000000
   C   1.247295  -1.391178  -0.000000    0.001307 -0.002398 -0.000000
   C   2.468744   0.695048  -0.000000    0.002962  0.003134 -0.000000
   N   3.680740   2.776632  -0.000000    0.003443  0.006162  0.000000
   C   4.844976   4.925574  -0.000000   -0.001690  0.003843  0.000000
   C   1.171508  -5.531089   0.000000    0.001919 -0.005050  0.000000
   N   2.414966  -3.504750   0.000000   -0.001073 -0.004068 -0.000000
   C   3.655980  -1.388221  -0.000000    0.005559  0.002888 -0.000000
   N   4.890036   0.716160  -0.000000    0.007753  0.005561 -0.000000
   C   6.100812   2.839675  -0.000000    0.013405  0.007659  0.000000
   C   7.276522   4.944775  -0.000000    0.007062  0.009043  0.000000
   C   3.575299  -5.611497   0.000000    0.009222 -0.005097 -0.000000
   C   4.807640  -3.525341   0.000000   -0.002004  0.000192 -0.000000
   C   6.098836  -1.402849   0.000000    0.008602  0.005651 -0.000000
   C   7.273711   0.689989  -0.000000    0.012620  0.005708 -0.000000
   C   6.024101  -5.632415   0.000000    0.013882  0.005300 -0.000000
   C   7.218405  -3.599588   0.000000   -0.009424 -0.003731 -0.000000
   C  -7.310632   3.613948   0.000000   -0.000129  0.006931 -0.000000
   C  -6.078301   5.674926   0.000000    0.000146 -0.002071 -0.000000
   C  -7.305867  -0.707280  -0.000000   -0.002413  0.003777 -0.000000
   C  -6.132190   1.413671  -0.000000   -0.001778  0.002323 -0.000000
   C  -4.891992   3.551543   0.000000   -0.001183  0.003040 -0.000000
   C  -3.619799   5.648890   0.000000    0.003675  0.002270 -0.000000
   C  -7.201100  -5.055952  -0.000000   -0.023383 -0.008484  0.000000
   C  -6.092752  -2.891028  -0.000000   -0.007524  0.000106  0.000000
   C  -4.900492  -0.712448  -0.000000   -0.001960 -0.001628  0.000000
   C  -3.670539   1.415087   0.000000   -0.002002  0.000512 -0.000000
   C  -2.438899   3.535974   0.000000   -0.001418  0.004603 -0.000000
   C  -1.158292   5.639431   0.000000    0.000722  0.016302  0.000000
   C  -4.810048  -4.954868  -0.000000   -0.013345  0.001221  0.000000
   C  -3.617771  -2.817148  -0.000000   -0.003052 -0.006268  0.000000
   C  -2.441529  -0.708778   0.000000   -0.002814 -0.003936  0.000000
   C  -1.224219   1.409789  -0.000000   -0.001577 -0.003619  0.000000
   C   0.012761   3.498496   0.000000   -0.002941 -0.006218  0.000000
   N   1.237608   5.516807   0.000000   -0.006904 -0.015982  0.000000
   C  -2.372120  -4.907036  -0.000000    0.001097 -0.017257  0.000000
   N  -1.191127  -2.795458  -0.000000   -0.005864 -0.007286  0.000000
   C   0.004916  -0.714230  -0.000000   -0.001338 -0.002890 -0.000000
   C   1.216187   1.389401  -0.000000    0.002551 -0.000386 -0.000000
   C   2.450465   3.485165   0.000000    0.002010  0.006662  0.000000
   C   3.620718   5.624114   0.000000    0.006439  0.017327  0.000000
   N   0.003733  -4.795445  -0.000000   -0.008684 -0.016772  0.000000
   N   1.219512  -2.777774  -0.000000   -0.001916 -0.002259 -0.000000
   N   2.427042  -0.715295  -0.000000    0.002981  0.002274 -0.000000
   C   3.666243   1.390517  -0.000000    0.005415  0.006206 -0.000000
   C   4.884420   3.507726  -0.000000    0.009593  0.004023  0.000000
   C   6.065960   5.609783  -0.000000    0.001365 -0.000824  0.000000
   C   2.389868  -4.909122   0.000000    0.006135 -0.005720 -0.000000
   C   3.635373  -2.816671   0.000000   -0.002570  0.001087 -0.000000
   C   4.851511  -0.695013   0.000000    0.005668  0.004496 -0.000000
   C   6.108911   1.398053  -0.000000    0.012056  0.005452 -0.000000
   C   7.302385   3.568521  -0.000000    0.012658  0.007111  0.000000
   C   4.822206  -4.972776   0.000000    0.006513  0.000193 -0.000000
   C   6.066568  -2.849144   0.000000   -0.006011  0.005600 -0.000000
   C   7.275919  -0.696204   0.000000    0.011408  0.003623 -0.000000
   N   7.210321  -4.949636   0.000000    0.024994 -0.007808 -0.000000
   H   8.205499   5.502328  -0.000000    0.004356  0.015220  0.000000
   H   8.254421   3.061826  -0.000000    0.014764  0.008268  0.000000
   H   8.208474   1.223245  -0.000000    0.015138  0.004095 -0.000000
   H   8.225784  -1.210376   0.000000    0.012085  0.002483 -0.000000
   H   8.201011  -3.156291   0.000000   -0.014168  0.008900 -0.000000
   H   8.081833  -5.455119   0.000000    0.035250 -0.010035 -0.000000
   H  -8.210273   5.559487   0.000000   -0.005034  0.009613 -0.000000
   H  -8.272435   3.120917   0.000000   -0.000352  0.006598 -0.000000
   H  -8.272227   1.171677  -0.000000   -0.003176  0.004438 -0.000000
   H  -8.255274  -1.225306  -0.000000   -0.003537  0.004973 -0.000000
   H  -8.224048  -3.201366  -0.000000   -0.002818 -0.003725  0.000000
   H  -8.117804  -5.633874  -0.000000   -0.024737 -0.008476  0.000000
   H  -6.057893   6.758810   0.000000    0.002244 -0.001799 -0.000000
   H  -3.619306   6.733705   0.000000    0.001677  0.002835 -0.000000
   H  -1.131694   6.724564   0.000000    0.005584  0.017337  0.000000
   H   1.257314   6.525177   0.000000   -0.013164 -0.007250  0.000000
   H   3.608461   6.706647   0.000000    0.009431  0.018554  0.000000
   H   6.037205   6.692664  -0.000000   -0.000811 -0.000528  0.000000
   H  -5.923547  -6.788544  -0.000000   -0.015906  0.003698  0.000000
   H  -3.547617  -6.571631  -0.000000   -0.019329 -0.008078  0.000000
   H  -1.051433  -6.617604  -0.000000   -0.003916 -0.033065  0.000000
   H   1.069084  -6.599154   0.000000    0.004468 -0.006138  0.000000
   H   3.508062  -6.691133   0.000000    0.012008 -0.006186 -0.000000
   H   6.090938  -6.710042   0.000000    0.013655  0.004940 -0.000000
converged SCF energy = -3150.68316372039
--------------- RKS_Scanner gradients ---------------
         x                y                z
0 C    -0.0023110303     0.0014568017     0.0000000000
1 C    -0.0000942243     0.0004181433    -0.0000000000
2 C    -0.0002758265    -0.0008912450    -0.0000000000
3 C     0.0015049231     0.0011117018    -0.0000000000
4 C     0.0038418260    -0.0020304774     0.0000000000
5 C     0.0005759133    -0.0000613156     0.0000000000
6 C     0.0001599252    -0.0000803256    -0.0000000000
7 C    -0.0000949732    -0.0001265439     0.0000000000
8 C     0.0028646014    -0.0001197178    -0.0000000000
9 C    -0.0009538721     0.0031476141     0.0000000000
10 C     0.0004416070     0.0005055408     0.0000000000
11 C    -0.0009466387    -0.0002591623     0.0000000000
12 C    -0.0001603490     0.0001437729     0.0000000000
13 C    -0.0006975455     0.0009358442     0.0000000000
14 C    -0.0053566897    -0.0011232736     0.0000000000
15 N    -0.0008117197     0.0061186162    -0.0000000000
16 C    -0.0009032238    -0.0011653280     0.0000000000
17 C    -0.0004861679    -0.0004057182    -0.0000000000
18 C    -0.0001305681    -0.0001994877    -0.0000000000
19 C    -0.0001940323    -0.0018657395    -0.0000000000
20 C     0.0054003233     0.0021999161     0.0000000000
21 C     0.0031216253    -0.0035966963     0.0000000000
22 C     0.0025701604     0.0047364256    -0.0000000000
23 C    -0.0015624876     0.0008527096    -0.0000000000
24 C     0.0007812412     0.0008295282    -0.0000000000
25 N     0.0000623128     0.0043820982    -0.0000000000
26 C    -0.0032141917    -0.0002073691    -0.0000000000
27 C    -0.0009116926     0.0015098700    -0.0000000000
28 N    -0.0010080757    -0.0007017815     0.0000000000
29 C    -0.0008495515     0.0001571122    -0.0000000000
30 N     0.0013407320    -0.0000152515    -0.0000000000
31 C     0.0011384552    -0.0010610760     0.0000000000
32 C     0.0010336683     0.0002862360    -0.0000000000
33 C     0.0006290082     0.0000432560     0.0000000000
34 C     0.0010869731    -0.0016262874    -0.0000000000
35 C    -0.0010806123     0.0006707753    -0.0000000000
36 C     0.0015522100    -0.0017711391     0.0000000000
37 C     0.0015048103     0.0054138325     0.0000000000
38 C    -0.0069522925    -0.0011977317    -0.0000000000
39 C     0.0015244381     0.0009655185     0.0000000000
40 C    -0.0001112612    -0.0026863228    -0.0000000000
41 C     0.0004753397    -0.0000181446     0.0000000000
42 C    -0.0000152257    -0.0000843677     0.0000000000
43 C    -0.0005437453     0.0002908196     0.0000000000
44 C     0.0002759527    -0.0007464748     0.0000000000
45 C    -0.0041909384    -0.0029691571    -0.0000000000
46 C    -0.0008924007     0.0013413957    -0.0000000000
47 C     0.0006454409     0.0002626870    -0.0000000000
48 C    -0.0007855488    -0.0000955137    -0.0000000000
49 C    -0.0011370772     0.0005401352    -0.0000000000
50 C     0.0002751037     0.0040198181     0.0000000000
51 C    -0.0001330001    -0.0009165999    -0.0000000000
52 C    -0.0002638082     0.0012869403    -0.0000000000
53 C     0.0006715497    -0.0002139993     0.0000000000
54 C     0.0006200815    -0.0004329847    -0.0000000000
55 C     0.0022100397    -0.0010114966     0.0000000000
56 N    -0.0027803292    -0.0084568425     0.0000000000
57 C     0.0037052111    -0.0007671805    -0.0000000000
58 N    -0.0016755489    -0.0003673737     0.0000000000
59 C     0.0013924930    -0.0003179570     0.0000000000
60 C    -0.0006124333     0.0003500707     0.0000000000
61 C    -0.0016296702     0.0006033151    -0.0000000000
62 C     0.0020667419     0.0024421474    -0.0000000000
63 N    -0.0055514386    -0.0041519750     0.0000000000
64 N    -0.0001437634     0.0003225604    -0.0000000000
65 N     0.0015254690    -0.0002683038     0.0000000000
66 C    -0.0009083229    -0.0017163886     0.0000000000
67 C     0.0006706283    -0.0018645214     0.0000000000
68 C    -0.0012860440    -0.0015452628     0.0000000000
69 C     0.0023274219    -0.0008936640    -0.0000000000
70 C    -0.0014834103     0.0017182887     0.0000000000
71 C     0.0012545600    -0.0002066156     0.0000000000
72 C    -0.0013918430     0.0015616150     0.0000000000
73 C     0.0006343898     0.0004257293    -0.0000000000
74 C    -0.0030011026    -0.0007687711     0.0000000000
75 C    -0.0020984846     0.0039395135     0.0000000000
76 C     0.0011950644     0.0020739622    -0.0000000000
77 N     0.0046154648    -0.0049122817    -0.0000000000
78 H     0.0003165746    -0.0000180859     0.0000000000
79 H     0.0002999376    -0.0000352788    -0.0000000000
80 H     0.0002518067     0.0001745622     0.0000000000
81 H     0.0002270447    -0.0001044348     0.0000000000
82 H    -0.0002102632    -0.0007157187    -0.0000000000
83 H     0.0038631161    -0.0023551894    -0.0000000000
84 H    -0.0004199962     0.0001686266    -0.0000000000
85 H     0.0000506039     0.0002101428    -0.0000000000
86 H    -0.0001294277     0.0000340599     0.0000000000
87 H    -0.0000299962     0.0001501066     0.0000000000
88 H     0.0002615566    -0.0005906841    -0.0000000000
89 H    -0.0006157108    -0.0003870983     0.0000000000
90 H    -0.0000374202    -0.0002756114     0.0000000000
91 H     0.0001749975    -0.0000086137    -0.0000000000
92 H     0.0000299584     0.0009371389    -0.0000000000
93 H     0.0001409329     0.0026215919     0.0000000000
94 H    -0.0001043883     0.0007115142     0.0000000000
95 H    -0.0001524774    -0.0001985326    -0.0000000000
96 H    -0.0002486857     0.0002956106    -0.0000000000
97 H     0.0002475308    -0.0030048993     0.0000000000
98 H    -0.0006176868    -0.0008081625     0.0000000000
99 H     0.0000240936    -0.0000084188     0.0000000000
100 H     0.0002548156    -0.0002505081    -0.0000000000
101 H     0.0003259637     0.0002992161    -0.0000000000
----------------------------------------------
cycle 5: E = -3150.68316372  dE = 0.000484066  norm(grad) = 0.0271056

Geometry optimization cycle 6
Cartesian coordinates (Angstrom)
 Atom        New coordinates             dX        dY        dZ
   C  -7.273358   5.000657   0.000000    0.005359 -0.003555 -0.000000
   C  -7.315409   0.664241  -0.000000    0.000989 -0.002519  0.000000
   C  -6.133724   2.864518   0.000000    0.000165 -0.001645 -0.000000
   C  -4.857377   4.977450   0.000000   -0.001958 -0.000770 -0.000000
   C  -7.255679  -3.666668  -0.000000   -0.001834  0.009652  0.000000
   C  -6.110455  -1.434207  -0.000000    0.001702 -0.000632  0.000000
   C  -4.907157   0.709113   0.000000    0.000654 -0.000817  0.000000
   C  -3.666722   2.832722   0.000000   -0.000387 -0.001745  0.000000
   C  -2.418183   4.967978   0.000000   -0.004124 -0.004385  0.000000
   C  -5.968709  -5.705841   0.000000    0.006196 -0.000206  0.000000
   C  -4.850618  -3.556433   0.000000    0.002927 -0.002558  0.000000
   C  -3.652515  -1.396663  -0.000000    0.001451  0.000630  0.000000
   C  -2.444444   0.715260   0.000000    0.001019  0.000279  0.000000
   C  -1.219923   2.820575   0.000000    0.001489  0.000817  0.000000
   C   0.008433   4.918910   0.000000    0.007289  0.004745  0.000000
   N  -3.565013  -5.569105   0.000000    0.004862 -0.005781  0.000000
   C  -2.422807  -3.486016  -0.000000    0.002038  0.004629  0.000000
   C  -1.197146  -1.386513   0.000000    0.001715  0.001447  0.000000
   C   0.012240   0.712175   0.000000    0.000010  0.000566  0.000000
   C   1.236998   2.800448   0.000000   -0.001625  0.000183  0.000000
   C   2.452902   4.890399   0.000000   -0.006346 -0.003898  0.000000
   C  -1.181205  -5.535241  -0.000000   -0.000598  0.013708  0.000000
   C   0.004935  -3.470369  -0.000000    0.002727  0.000889  0.000000
   C   1.248452  -1.391435  -0.000000    0.001157 -0.000256  0.000000
   C   2.467415   0.693502  -0.000000   -0.001329 -0.001546  0.000000
   N   3.678870   2.773120   0.000000   -0.001870 -0.003511  0.000000
   C   4.846891   4.924980   0.000000    0.001915 -0.000594  0.000000
   C   1.172988  -5.532310   0.000000    0.001481 -0.001221  0.000000
   N   2.418034  -3.503699  -0.000000    0.003068  0.001051 -0.000000
   C   3.656439  -1.390130  -0.000000    0.000459 -0.001909  0.000000
   N   4.886989   0.713986  -0.000000   -0.003047 -0.002174  0.000000
   C   6.095465   2.838318  -0.000000   -0.005347 -0.001357  0.000000
   C   7.273642   4.942835  -0.000000   -0.002880 -0.001940  0.000000
   C   3.572379  -5.609547   0.000000   -0.002920  0.001951 -0.000000
   C   4.812594  -3.526249   0.000000    0.004955 -0.000908 -0.000000
   C   6.098478  -1.404862  -0.000000   -0.000357 -0.002013 -0.000000
   C   7.269075   0.689810  -0.000000   -0.004635 -0.000180 -0.000000
   C   6.017584  -5.639884   0.000000   -0.006516 -0.007469 -0.000000
   C   7.228659  -3.594020   0.000000    0.010254  0.005568 -0.000000
   C  -7.311171   3.610625   0.000000   -0.000538 -0.003323 -0.000000
   C  -6.077312   5.678766   0.000000    0.000989  0.003840 -0.000000
   C  -7.305126  -0.709581  -0.000000    0.000741 -0.002301  0.000000
   C  -6.131635   1.412092  -0.000000    0.000555 -0.001579 -0.000000
   C  -4.892235   3.550397   0.000000   -0.000243 -0.001146 -0.000000
   C  -3.621685   5.648040   0.000000   -0.001886 -0.000850  0.000000
   C  -7.189360  -5.045169   0.000000    0.011739  0.010783  0.000000
   C  -6.088696  -2.891036  -0.000000    0.004056 -0.000008  0.000000
   C  -4.899609  -0.712820  -0.000000    0.000883 -0.000372  0.000000
   C  -3.669854   1.414089   0.000000    0.000685 -0.000997  0.000000
   C  -2.439223   3.533026   0.000000   -0.000324 -0.002948  0.000000
   C  -1.159502   5.629858   0.000000   -0.001210 -0.009573  0.000000
   C  -4.803397  -4.957580   0.000000    0.006651 -0.002712  0.000000
   C  -3.616128  -2.816465   0.000000    0.001644  0.000683  0.000000
   C  -2.440497  -0.708201   0.000000    0.001032  0.000577  0.000000
   C  -1.223876   1.410779   0.000000    0.000343  0.000990  0.000000
   C   0.013242   3.502294   0.000000    0.000481  0.003798  0.000000
   N   1.241148   5.529578   0.000000    0.003541  0.012771  0.000000
   C  -2.374965  -4.901127  -0.000000   -0.002845  0.005908  0.000000
   N  -1.187399  -2.793505  -0.000000    0.003727  0.001953  0.000000
   C   0.005613  -0.713511   0.000000    0.000697  0.000719  0.000000
   C   1.215627   1.389206   0.000000   -0.000560 -0.000195  0.000000
   C   2.448668   3.482013   0.000000   -0.001797 -0.003152  0.000000
   C   3.617065   5.614093   0.000000   -0.003653 -0.010021  0.000000
   N   0.009577  -4.790600  -0.000000    0.005844  0.004845  0.000000
   N   1.222342  -2.777011  -0.000000    0.002830  0.000763  0.000000
   N   2.426928  -0.716635  -0.000000   -0.000114 -0.001339  0.000000
   C   3.664625   1.388768   0.000000   -0.001618 -0.001749  0.000000
   C   4.881252   3.507386  -0.000000   -0.003168 -0.000341  0.000000
   C   6.066250   5.612686  -0.000000    0.000290  0.002903  0.000000
   C   2.388096  -4.906885   0.000000   -0.001772  0.002237 -0.000000
   C   3.640253  -2.818798  -0.000000    0.004880 -0.002128 -0.000000
   C   4.850161  -0.696959   0.000000   -0.001350 -0.001946 -0.000000
   C   6.105100   1.396232  -0.000000   -0.003811 -0.001821  0.000000
   C   7.296706   3.566639  -0.000000   -0.005679 -0.001882  0.000000
   C   4.820921  -4.974353   0.000000   -0.001284 -0.001576 -0.000000
   C   6.073074  -2.850758   0.000000    0.006506 -0.001613 -0.000000
   C   7.273352  -0.696989   0.000000   -0.002567 -0.000785 -0.000000
   N   7.195100  -4.941848   0.000000   -0.015222  0.007787 -0.000000
   H   8.203829   5.497998  -0.000000   -0.001670 -0.004329  0.000000
   H   8.247788   3.058696  -0.000000   -0.006633 -0.003130  0.000000
   H   8.202986   1.223975  -0.000000   -0.005488  0.000730 -0.000000
   H   8.223885  -1.209520  -0.000000   -0.001899  0.000855 -0.000000
   H   8.213970  -3.156471   0.000000    0.012960 -0.000179 -0.000000
   H   8.062220  -5.448570   0.000000   -0.019613  0.006549 -0.000000
   H  -8.205082   5.555123   0.000000    0.005191 -0.004364 -0.000000
   H  -8.273478   3.118721   0.000000   -0.001043 -0.002196 -0.000000
   H  -8.271170   1.168951  -0.000000    0.001057 -0.002727 -0.000000
   H  -8.253988  -1.228520  -0.000000    0.001286 -0.003215  0.000000
   H  -8.225999  -3.191543  -0.000000   -0.001951  0.009823  0.000000
   H  -8.105372  -5.623502   0.000000    0.012432  0.010373  0.000000
   H  -6.058266   6.762753   0.000000   -0.000373  0.003942 -0.000000
   H  -3.620238   6.732800   0.000000   -0.000932 -0.000905  0.000000
   H  -1.137648   6.714433   0.000000   -0.005954 -0.010130  0.000000
   H   1.264662   6.535711   0.000000    0.007348  0.010534  0.000000
   H   3.603782   6.696059   0.000000   -0.004678 -0.010588  0.000000
   H   6.038756   6.695635  -0.000000    0.001551  0.002971  0.000000
   H  -5.922971  -6.788908   0.000000    0.000576 -0.000364  0.000000
   H  -3.539463  -6.574944   0.000000    0.008154 -0.003313  0.000000
   H  -1.049464  -6.602927  -0.000000    0.001968  0.014677  0.000000
   H   1.068300  -6.599930   0.000000   -0.000783 -0.000775  0.000000
   H   3.502017  -6.688758   0.000000   -0.006045  0.002375 -0.000000
   H   6.089247  -6.717148   0.000000   -0.001691 -0.007107 -0.000000
converged SCF energy = -3150.6841288877
--------------- RKS_Scanner gradients ---------------
         x                y                z
0 C     0.0003308721    -0.0002458416    -0.0000000000
1 C     0.0000931072     0.0001714078     0.0000000000
2 C    -0.0000772699    -0.0000299317     0.0000000000
3 C    -0.0000897689    -0.0000553174    -0.0000000000
4 C    -0.0006404109     0.0006451875     0.0000000000
5 C    -0.0005544723    -0.0000823516     0.0000000000
6 C     0.0000647430    -0.0000132796     0.0000000000
7 C    -0.0001655674    -0.0000939512     0.0000000000
8 C     0.0001341429     0.0000606566     0.0000000000
9 C    -0.0003414172     0.0005671595     0.0000000000
10 C    -0.0002077023    -0.0002447936     0.0000000000
11 C    -0.0002064380    -0.0000763509     0.0000000000
12 C     0.0000659347     0.0000054586     0.0000000000
13 C    -0.0002286974    -0.0001465277     0.0000000000
14 C    -0.0000882042    -0.0000867713     0.0000000000
15 N     0.0003105420     0.0005729006    -0.0000000000
16 C     0.0006306479     0.0000375450    -0.0000000000
17 C    -0.0002090645    -0.0002513491     0.0000000000
18 C     0.0001753081     0.0002751698    -0.0000000000
19 C    -0.0001518326    -0.0002338416     0.0000000000
20 C     0.0001206270    -0.0000134267    -0.0000000000
21 C     0.0001780715     0.0001468308     0.0000000000
22 C     0.0004619280     0.0013001547    -0.0000000000
23 C    -0.0006783929     0.0005595986    -0.0000000000
24 C     0.0007360640     0.0005727703    -0.0000000000
25 N     0.0006980361     0.0015195527    -0.0000000000
26 C     0.0002218183     0.0004945151     0.0000000000
27 C    -0.0000144378    -0.0002021922     0.0000000000
28 N     0.0001901109     0.0003904134     0.0000000000
29 C    -0.0006874766     0.0002858358     0.0000000000
30 N     0.0009279220     0.0001493908     0.0000000000
31 C     0.0001243751    -0.0007330907     0.0000000000
32 C     0.0004209925    -0.0003527788     0.0000000000
33 C    -0.0002988123     0.0000960883     0.0000000000
34 C     0.0000065632    -0.0000609112    -0.0000000000
35 C    -0.0005125022     0.0004389349    -0.0000000000
36 C     0.0006521530    -0.0010088732     0.0000000000
37 C     0.0005087643    -0.0007199474     0.0000000000
38 C     0.0002346917     0.0014115946     0.0000000000
39 C    -0.0001281827     0.0000995395    -0.0000000000
40 C     0.0000409063     0.0003300636     0.0000000000
41 C     0.0001997708    -0.0001391832    -0.0000000000
42 C    -0.0002058687     0.0000030311    -0.0000000000
43 C    -0.0000907174     0.0001067143    -0.0000000000
44 C     0.0000389398    -0.0000279196    -0.0000000000
45 C     0.0003741170    -0.0000397756    -0.0000000000
46 C     0.0003918286    -0.0003846467    -0.0000000000
47 C     0.0003734338    -0.0001361136    -0.0000000000
48 C    -0.0001928429    -0.0000462351    -0.0000000000
49 C    -0.0001267637     0.0000680626    -0.0000000000
50 C    -0.0000509949     0.0001433847    -0.0000000000
51 C     0.0008002201    -0.0000417786    -0.0000000000
52 C    -0.0001132452    -0.0000798521    -0.0000000000
53 C     0.0002638833    -0.0001342700    -0.0000000000
54 C    -0.0002564278    -0.0000604553    -0.0000000000
55 C     0.0000203970    -0.0000177040    -0.0000000000
56 N    -0.0002203765    -0.0008565358     0.0000000000
57 C    -0.0003079760    -0.0000322958     0.0000000000
58 N    -0.0006305878     0.0002759087     0.0000000000
59 C     0.0006457226    -0.0005194380     0.0000000000
60 C    -0.0005985948     0.0001428981     0.0000000000
61 C    -0.0000290572    -0.0001236411     0.0000000000
62 C    -0.0001111733    -0.0001685261    -0.0000000000
63 N    -0.0006913156    -0.0016119723    -0.0000000000
64 N     0.0001528723    -0.0002740985    -0.0000000000
65 N     0.0007728628    -0.0006191507    -0.0000000000
66 C    -0.0008404042    -0.0009830288     0.0000000000
67 C    -0.0008029170    -0.0009456815    -0.0000000000
68 C    -0.0004961395    -0.0002046330    -0.0000000000
69 C     0.0003408607    -0.0003314578    -0.0000000000
70 C    -0.0000188604     0.0001302763    -0.0000000000
71 C     0.0005206865    -0.0003403817     0.0000000000
72 C    -0.0009972418     0.0007867296    -0.0000000000
73 C     0.0003953497     0.0004888844    -0.0000000000
74 C     0.0002778596     0.0002210358    -0.0000000000
75 C    -0.0001427484    -0.0002662610    -0.0000000000
76 C     0.0003447965     0.0009525068    -0.0000000000
77 N    -0.0020379400    -0.0000385766    -0.0000000000
78 H     0.0000714509     0.0000070025    -0.0000000000
79 H     0.0000906733    -0.0000844878     0.0000000000
80 H     0.0000307096     0.0001456550     0.0000000000
81 H     0.0000767839    -0.0001334226     0.0000000000
82 H     0.0001089655     0.0001058591    -0.0000000000
83 H     0.0008920121    -0.0004939586    -0.0000000000
84 H     0.0000380039     0.0000045733     0.0000000000
85 H     0.0000122013    -0.0000080280     0.0000000000
86 H    -0.0000050155    -0.0000290688     0.0000000000
87 H    -0.0000323731    -0.0000688193     0.0000000000
88 H    -0.0001858570     0.0000772257    -0.0000000000
89 H    -0.0000735032     0.0001200480     0.0000000000
90 H     0.0000213454     0.0000677076    -0.0000000000
91 H     0.0000393528     0.0000332477    -0.0000000000
92 H     0.0000477915     0.0000357400     0.0000000000
93 H     0.0000468972     0.0011201791     0.0000000000
94 H    -0.0000232178    -0.0000004514     0.0000000000
95 H    -0.0000139639    -0.0000315097    -0.0000000000
96 H     0.0000954681     0.0001230691    -0.0000000000
97 H     0.0000600629    -0.0011544211     0.0000000000
98 H    -0.0002145928    -0.0000241164    -0.0000000000
99 H     0.0000264935    -0.0000009377    -0.0000000000
100 H     0.0000108262    -0.0000500191    -0.0000000000
101 H    -0.0001541051    -0.0001489019    -0.0000000000
----------------------------------------------
cycle 6: E = -3150.68412889  dE = -0.000965167  norm(grad) = 0.00641359

Geometry optimization cycle 7
Cartesian coordinates (Angstrom)
 Atom        New coordinates             dX        dY        dZ
   C  -7.275472   4.999321   0.000000   -0.002114 -0.001336  0.000000
   C  -7.314302   0.664779  -0.000000    0.001107  0.000538 -0.000000
   C  -6.132135   2.864977   0.000000    0.001589  0.000459  0.000000
   C  -4.857169   4.977673   0.000000    0.000209  0.000223  0.000000
   C  -7.250599  -3.675635  -0.000000    0.005080 -0.008967 -0.000000
   C  -6.110299  -1.433503  -0.000000    0.000156  0.000704 -0.000000
   C  -4.905990   0.710744  -0.000000    0.001167  0.001631 -0.000000
   C  -3.664721   2.834258   0.000000    0.002000  0.001535 -0.000000
   C  -2.418096   4.969201   0.000000    0.000087  0.001223 -0.000000
   C  -5.963653  -5.714682   0.000000    0.005056 -0.008841  0.000000
   C  -4.850676  -3.554109   0.000000   -0.000058  0.002324 -0.000000
   C  -3.652410  -1.393674  -0.000000    0.000105  0.002989 -0.000000
   C  -2.443019   0.718011  -0.000000    0.001425  0.002752 -0.000000
   C  -1.217609   2.823097   0.000000    0.002314  0.002523 -0.000000
   C   0.010813   4.921297   0.000000    0.002380  0.002387 -0.000000
   N  -3.565373  -5.563092   0.000000   -0.000360  0.006013  0.000000
   C  -2.423337  -3.482149   0.000000   -0.000530  0.003868  0.000000
   C  -1.197165  -1.383481   0.000000   -0.000019  0.003031  0.000000
   C   0.013199   0.714453   0.000000    0.000959  0.002277 -0.000000
   C   1.238528   2.802280   0.000000    0.001531  0.001833 -0.000000
   C   2.454100   4.891286   0.000000    0.001198  0.000887 -0.000000
   C  -1.180624  -5.530196   0.000000    0.000582  0.005046  0.000000
   C   0.004358  -3.468121   0.000000   -0.000576  0.002248  0.000000
   C   1.248143  -1.390156   0.000000   -0.000310  0.001279  0.000000
   C   2.467269   0.693862   0.000000   -0.000145  0.000360  0.000000
   N   3.679092   2.772357   0.000000    0.000222 -0.000763 -0.000000
   C   4.847969   4.925782  -0.000000    0.001078  0.000802 -0.000000
   C   1.172234  -5.529244   0.000000   -0.000755  0.003066  0.000000
   N   2.417212  -3.502941   0.000000   -0.000822  0.000758  0.000000
   C   3.655661  -1.390507   0.000000   -0.000778 -0.000377  0.000000
   N   4.885673   0.712813  -0.000000   -0.001316 -0.001174 -0.000000
   C   6.094089   2.837799  -0.000000   -0.001376 -0.000520 -0.000000
   C   7.272196   4.942279  -0.000000   -0.001446 -0.000556 -0.000000
   C   3.571267  -5.609330   0.000000   -0.001112  0.000217  0.000000
   C   4.812181  -3.526763   0.000000   -0.000413 -0.000514  0.000000
   C   6.097299  -1.408081  -0.000000   -0.001179 -0.003219 -0.000000
   C   7.266823   0.687648  -0.000000   -0.002252 -0.002162 -0.000000
   C   6.016940  -5.638421   0.000000   -0.000644  0.001463  0.000000
   C   7.229421  -3.598473   0.000000    0.000762 -0.004453 -0.000000
   C  -7.310711   3.609208   0.000000    0.000459 -0.001417  0.000000
   C  -6.078742   5.676380   0.000000   -0.001430 -0.002386  0.000000
   C  -7.305286  -0.708967  -0.000000   -0.000161  0.000613 -0.000000
   C  -6.130464   1.412854  -0.000000    0.001170  0.000762 -0.000000
   C  -4.890691   3.550890   0.000000    0.001545  0.000493  0.000000
   C  -3.621850   5.649299   0.000000   -0.000164  0.001259  0.000000
   C  -7.184362  -5.054187   0.000000    0.004998 -0.009018  0.000000
   C  -6.089490  -2.891007  -0.000000   -0.000794  0.000029 -0.000000
   C  -4.900050  -0.710997  -0.000000   -0.000440  0.001823 -0.000000
   C  -3.668504   1.415970   0.000000    0.001351  0.001880  0.000000
   C  -2.437347   3.534511   0.000000    0.001875  0.001485  0.000000
   C  -1.158586   5.630131   0.000000    0.000916  0.000273 -0.000000
   C  -4.805382  -4.955809   0.000000   -0.001985  0.001771  0.000000
   C  -3.616374  -2.813249   0.000000   -0.000246  0.003216  0.000000
   C  -2.440587  -0.705171   0.000000   -0.000089  0.003031  0.000000
   C  -1.222376   1.413449   0.000000    0.001500  0.002670  0.000000
   C   0.015256   3.504810   0.000000    0.002014  0.002517 -0.000000
   N   1.243471   5.531926   0.000000    0.002323  0.002347 -0.000000
   C  -2.374626  -4.896730   0.000000    0.000339  0.004397  0.000000
   N  -1.187063  -2.790584   0.000000    0.000336  0.002921  0.000000
   C   0.005191  -0.710929  -0.000000   -0.000422  0.002582 -0.000000
   C   1.216732   1.390773   0.000000    0.001105  0.001568 -0.000000
   C   2.449918   3.482940   0.000000    0.001250  0.000928 -0.000000
   C   3.618222   5.614873   0.000000    0.001158  0.000780 -0.000000
   N   0.010468  -4.785559   0.000000    0.000891  0.005041  0.000000
   N   1.221892  -2.775263   0.000000   -0.000450  0.001748  0.000000
   N   2.425958  -0.715875   0.000000   -0.000970  0.000760  0.000000
   C   3.664921   1.388984  -0.000000    0.000296  0.000216 -0.000000
   C   4.881376   3.508242  -0.000000    0.000124  0.000856 -0.000000
   C   6.066839   5.614743  -0.000000    0.000588  0.002057 -0.000000
   C   2.387431  -4.905454   0.000000   -0.000665  0.001431  0.000000
   C   3.640109  -2.819187   0.000000   -0.000144 -0.000388  0.000000
   C   4.849054  -0.698225  -0.000000   -0.001107 -0.001266 -0.000000
   C   6.104285   1.394549  -0.000000   -0.000815 -0.001683 -0.000000
   C   7.294790   3.565927  -0.000000   -0.001916 -0.000713 -0.000000
   C   4.819839  -4.974520   0.000000   -0.001082 -0.000168  0.000000
   C   6.074202  -2.853923   0.000000    0.001128 -0.003165  0.000000
   C   7.271030  -0.699928  -0.000000   -0.002322 -0.002939 -0.000000
   N   7.197560  -4.944931   0.000000    0.002460 -0.003082  0.000000
   H   8.202830   5.496398  -0.000000   -0.000999 -0.001600 -0.000000
   H   8.245658   3.058146  -0.000000   -0.002130 -0.000549 -0.000000
   H   8.201061   1.220745  -0.000000   -0.001925 -0.003230 -0.000000
   H   8.221715  -1.211618  -0.000000   -0.002170 -0.002098 -0.000000
   H   8.214708  -3.161366  -0.000000    0.000737 -0.004895 -0.000000
   H   8.062129  -5.451924   0.000000   -0.000091 -0.003354 -0.000000
   H  -8.207511   5.553239   0.000000   -0.002429 -0.001885  0.000000
   H  -8.272182   3.115676   0.000000    0.001296 -0.003044  0.000000
   H  -8.269730   1.170074  -0.000000    0.001440  0.001123 -0.000000
   H  -8.254366  -1.227270  -0.000000   -0.000378  0.001250 -0.000000
   H  -8.222327  -3.204087  -0.000000    0.003673 -0.012544 -0.000000
   H  -8.099718  -5.633400   0.000000    0.005654 -0.009898  0.000000
   H  -6.060555   6.760267   0.000000   -0.002288 -0.002486  0.000000
   H  -3.621256   6.733977   0.000000   -0.001018  0.001176  0.000000
   H  -1.137743   6.714600   0.000000   -0.000095  0.000166 -0.000000
   H   1.267538   6.535939   0.000000    0.002876  0.000227 -0.000000
   H   3.605282   6.696749   0.000000    0.001500  0.000690 -0.000000
   H   6.040228   6.697747  -0.000000    0.001472  0.002112 -0.000000
   H  -5.913630  -6.797758   0.000000    0.009341 -0.008850  0.000000
   H  -3.539118  -6.566727   0.000000    0.000345  0.008217  0.000000
   H  -1.046473  -6.597472   0.000000    0.002992  0.005454  0.000000
   H   1.065458  -6.596568   0.000000   -0.002842  0.003362  0.000000
   H   3.499913  -6.688351   0.000000   -0.002104  0.000407  0.000000
   H   6.088494  -6.715484   0.000000   -0.000753  0.001665  0.000000
converged SCF energy = -3150.68412168425
--------------- RKS_Scanner gradients ---------------
         x                y                z
0 C    -0.0003448781     0.0002118725     0.0000000000
1 C     0.0003028687     0.0000307696     0.0000000000
2 C     0.0002072022     0.0000969482     0.0000000000
3 C     0.0002020905     0.0000580617     0.0000000000
4 C     0.0008691351    -0.0008651358     0.0000000000
5 C     0.0005865489     0.0002684811     0.0000000000
6 C     0.0004157912     0.0001185205    -0.0000000000
7 C     0.0001600641     0.0001576451     0.0000000000
8 C    -0.0003992567     0.0000023576     0.0000000000
9 C     0.0003765478    -0.0016352141    -0.0000000000
10 C     0.0005527981     0.0003635025    -0.0000000000
11 C     0.0001482821    -0.0000506560    -0.0000000000
12 C     0.0003780798     0.0001572524    -0.0000000000
13 C     0.0001613173    -0.0000862583    -0.0000000000
14 C     0.0006178520     0.0002124557    -0.0000000000
15 N    -0.0008369489    -0.0000640343     0.0000000000
16 C    -0.0001403287     0.0002074784     0.0000000000
17 C    -0.0001129933    -0.0000985203     0.0000000000
18 C     0.0004909038     0.0004569680     0.0000000000
19 C     0.0002406294     0.0001370607     0.0000000000
20 C    -0.0003967059    -0.0002164012     0.0000000000
21 C     0.0000062285     0.0006236521     0.0000000000
22 C    -0.0003028449    -0.0008627778    -0.0000000000
23 C    -0.0001466759     0.0005242414     0.0000000000
24 C     0.0006418733     0.0003375162     0.0000000000
25 N     0.0006323374     0.0003044054     0.0000000000
26 C     0.0007589148     0.0002474174     0.0000000000
27 C     0.0000764182     0.0001150736    -0.0000000000
28 N    -0.0001410773     0.0002381960     0.0000000000
29 C    -0.0005458562     0.0002309788    -0.0000000000
30 N     0.0002459494     0.0001243421     0.0000000000
31 C    -0.0004542995    -0.0003252814    -0.0000000000
32 C    -0.0001595834    -0.0006705938     0.0000000000
33 C    -0.0002388790     0.0000066274    -0.0000000000
34 C    -0.0000904344     0.0002754778     0.0000000000
35 C    -0.0007308788    -0.0000560933     0.0000000000
36 C     0.0002452220    -0.0006118858     0.0000000000
37 C    -0.0001650409     0.0010290565    -0.0000000000
38 C    -0.0003697345    -0.0001450416     0.0000000000
39 C     0.0000601264    -0.0001031465    -0.0000000000
40 C     0.0000013786    -0.0004620784    -0.0000000000
41 C    -0.0001710426    -0.0002233984    -0.0000000000
42 C    -0.0002609771     0.0000162941    -0.0000000000
43 C     0.0000089523    -0.0000721734    -0.0000000000
44 C     0.0000235914     0.0001176326    -0.0000000000
45 C     0.0001371726     0.0003479155     0.0000000000
46 C    -0.0007609735     0.0003178929     0.0000000000
47 C    -0.0002564857     0.0001615911     0.0000000000
48 C    -0.0002190244     0.0000184362     0.0000000000
49 C     0.0002573993    -0.0001249749    -0.0000000000
50 C    -0.0000643916    -0.0005025188    -0.0000000000
51 C    -0.0016818516     0.0003925207     0.0000000000
52 C    -0.0000339790     0.0004261733     0.0000000000
53 C    -0.0001581687     0.0001092298     0.0000000000
54 C    -0.0003474643     0.0000473938    -0.0000000000
55 C    -0.0001544530     0.0001798494     0.0000000000
56 N     0.0003442769     0.0011400696     0.0000000000
57 C     0.0003694081    -0.0003053766    -0.0000000000
58 N     0.0001296919     0.0000098149    -0.0000000000
59 C     0.0000856685    -0.0003254138    -0.0000000000
60 C    -0.0006819562    -0.0000354010    -0.0000000000
61 C    -0.0001341190    -0.0000135474    -0.0000000000
62 C    -0.0002482148    -0.0001207776    -0.0000000000
63 N     0.0004462364     0.0008080970    -0.0000000000
64 N     0.0000553824    -0.0004923010    -0.0000000000
65 N    -0.0000325075    -0.0006045558     0.0000000000
66 C    -0.0004340847    -0.0004497909     0.0000000000
67 C    -0.0007023756    -0.0003879473    -0.0000000000
68 C    -0.0002620692     0.0005870015    -0.0000000000
69 C     0.0000666308    -0.0001985184     0.0000000000
70 C     0.0002840098    -0.0003267197     0.0000000000
71 C     0.0004885246    -0.0000770378    -0.0000000000
72 C    -0.0004628605     0.0001049868    -0.0000000000
73 C     0.0003543275     0.0004471116    -0.0000000000
74 C    -0.0000184521    -0.0002375870     0.0000000000
75 C     0.0007221170    -0.0003441831    -0.0000000000
76 C    -0.0000675842     0.0002631595    -0.0000000000
77 N     0.0012782704    -0.0009372484    -0.0000000000
78 H    -0.0001083387     0.0000054065    -0.0000000000
79 H    -0.0001000943     0.0000136255     0.0000000000
80 H    -0.0001492172    -0.0000080207    -0.0000000000
81 H    -0.0000852936    -0.0000182464     0.0000000000
82 H    -0.0000149968    -0.0002315880    -0.0000000000
83 H    -0.0006229787     0.0004675194    -0.0000000000
84 H    -0.0000444841    -0.0000154298     0.0000000000
85 H    -0.0000221975     0.0000083783    -0.0000000000
86 H     0.0000123545    -0.0000011525    -0.0000000000
87 H     0.0000480319     0.0001334051     0.0000000000
88 H     0.0002556811    -0.0001385044    -0.0000000000
89 H     0.0001576382    -0.0001450476     0.0000000000
90 H    -0.0000125314    -0.0000926502    -0.0000000000
91 H    -0.0000223921    -0.0000085404    -0.0000000000
92 H    -0.0000069311    -0.0001225138     0.0000000000
93 H    -0.0000228876    -0.0007567000    -0.0000000000
94 H     0.0000115036    -0.0000581634     0.0000000000
95 H     0.0000176265     0.0000725814    -0.0000000000
96 H    -0.0000910668    -0.0002396024    -0.0000000000
97 H    -0.0000587287     0.0008881484    -0.0000000000
98 H     0.0000591801     0.0000647106    -0.0000000000
99 H     0.0000058746     0.0000318742     0.0000000000
100 H     0.0000074383     0.0000204299     0.0000000000
101 H     0.0000497294     0.0001162105     0.0000000000
----------------------------------------------
cycle 7: E = -3150.68412168  dE = 7.20344e-06  norm(grad) = 0.00565084

Geometry optimization cycle 8
Cartesian coordinates (Angstrom)
 Atom        New coordinates             dX        dY        dZ
   C  -7.274501   4.999591   0.000000    0.000971  0.000270  0.000000
   C  -7.314804   0.664783  -0.000000   -0.000503  0.000004  0.000000
   C  -6.132454   2.864555   0.000000   -0.000319 -0.000422  0.000000
   C  -4.857288   4.977224   0.000000   -0.000119 -0.000450  0.000000
   C  -7.252875  -3.670601  -0.000000   -0.002275  0.005034 -0.000000
   C  -6.110127  -1.433587  -0.000000    0.000172 -0.000085 -0.000000
   C  -4.906227   0.709915  -0.000000   -0.000237 -0.000830  0.000000
   C  -3.665064   2.833409   0.000000   -0.000343 -0.000849  0.000000
   C  -2.417916   4.968597   0.000000    0.000180 -0.000604  0.000000
   C  -5.965937  -5.709382   0.000000   -0.002284  0.005300 -0.000000
   C  -4.850330  -3.555153   0.000000    0.000346 -0.001044 -0.000000
   C  -3.652160  -1.395087  -0.000000    0.000250 -0.001413  0.000000
   C  -2.443246   0.716662  -0.000000   -0.000227 -0.001349  0.000000
   C  -1.218122   2.821850   0.000000   -0.000513 -0.001247  0.000000
   C   0.009501   4.919781   0.000000   -0.001312 -0.001516  0.000000
   N  -3.564386  -5.566011   0.000000    0.000986 -0.002918 -0.000000
   C  -2.422827  -3.484252   0.000000    0.000509 -0.002103  0.000000
   C  -1.196793  -1.384804   0.000000    0.000372 -0.001322  0.000000
   C   0.013213   0.713255   0.000000    0.000015 -0.001197  0.000000
   C   1.238400   2.801407   0.000000   -0.000128 -0.000873  0.000000
   C   2.454045   4.891030   0.000000   -0.000055 -0.000256 -0.000000
   C  -1.179912  -5.532964   0.000000    0.000712 -0.002769  0.000000
   C   0.004879  -3.469189   0.000000    0.000521 -0.001068  0.000000
   C   1.248763  -1.390901   0.000000    0.000621 -0.000745  0.000000
   C   2.467539   0.693449   0.000000    0.000269 -0.000413 -0.000000
   N   3.679061   2.772251  -0.000000   -0.000030 -0.000107 -0.000000
   C   4.847099   4.925693  -0.000000   -0.000870 -0.000089 -0.000000
   C   1.172863  -5.530246   0.000000    0.000630 -0.001002  0.000000
   N   2.417681  -3.503350   0.000000    0.000469 -0.000410  0.000000
   C   3.656585  -1.390448   0.000000    0.000924  0.000059  0.000000
   N   4.886297   0.713377  -0.000000    0.000624  0.000564 -0.000000
   C   6.094842   2.838770  -0.000000    0.000753  0.000971 -0.000000
   C   7.272493   4.943661  -0.000000    0.000297  0.001382 -0.000000
   C   3.572047  -5.609399   0.000000    0.000780 -0.000069  0.000000
   C   4.812550  -3.526658   0.000000    0.000369  0.000105  0.000000
   C   6.098442  -1.406935  -0.000000    0.001142  0.001146 -0.000000
   C   7.267780   0.689004  -0.000000    0.000957  0.001356 -0.000000
   C   6.017514  -5.639022   0.000000    0.000574 -0.000600  0.000000
   C   7.229414  -3.596898   0.000000   -0.000007  0.001575  0.000000
   C  -7.310605   3.609467   0.000000    0.000106  0.000259  0.000000
   C  -6.078115   5.677182   0.000000    0.000627  0.000803  0.000000
   C  -7.305061  -0.708902  -0.000000    0.000225  0.000066  0.000000
   C  -6.130581   1.412376   0.000000   -0.000116 -0.000478  0.000000
   C  -4.890947   3.550341   0.000000   -0.000256 -0.000550  0.000000
   C  -3.621783   5.648344   0.000000    0.000066 -0.000955  0.000000
   C  -7.186989  -5.049101   0.000000   -0.002627  0.005086 -0.000000
   C  -6.088681  -2.890647  -0.000000    0.000809  0.000360 -0.000000
   C  -4.899653  -0.711824  -0.000000    0.000397 -0.000827  0.000000
   C  -3.668599   1.414993   0.000000   -0.000095 -0.000977  0.000000
   C  -2.437681   3.533753   0.000000   -0.000333 -0.000758  0.000000
   C  -1.158840   5.630195   0.000000   -0.000254  0.000064  0.000000
   C  -4.803683  -4.956509   0.000000    0.001700 -0.000701 -0.000000
   C  -3.615813  -2.814914   0.000000    0.000561 -0.001665 -0.000000
   C  -2.440333  -0.706603   0.000000    0.000253 -0.001432  0.000000
   C  -1.222443   1.412126   0.000000   -0.000068 -0.001323  0.000000
   C   0.014780   3.503371   0.000000   -0.000476 -0.001440  0.000000
   N   1.242369   5.529896   0.000000   -0.001103 -0.002030  0.000000
   C  -2.373904  -4.899136   0.000000    0.000722 -0.002406  0.000000
   N  -1.186747  -2.792086   0.000000    0.000317 -0.001502  0.000000
   C   0.005476  -0.711970   0.000000    0.000285 -0.001040  0.000000
   C   1.216984   1.389885   0.000000    0.000253 -0.000889  0.000000
   C   2.449772   3.482595   0.000000   -0.000145 -0.000345 -0.000000
   C   3.617786   5.615414   0.000000   -0.000436  0.000542 -0.000000
   N   0.010646  -4.787187   0.000000    0.000178 -0.001628  0.000000
   N   1.222273  -2.775847   0.000000    0.000381 -0.000584  0.000000
   N   2.426525  -0.716115   0.000000    0.000567 -0.000240  0.000000
   C   3.665318   1.389109  -0.000000    0.000397  0.000126 -0.000000
   C   4.881659   3.508462  -0.000000    0.000283  0.000220 -0.000000
   C   6.066254   5.614372  -0.000000   -0.000585 -0.000372 -0.000000
   C   2.387917  -4.905829   0.000000    0.000485 -0.000375  0.000000
   C   3.640400  -2.819155   0.000000    0.000290  0.000032  0.000000
   C   4.849706  -0.697642  -0.000000    0.000652  0.000584 -0.000000
   C   6.105151   1.395424  -0.000000    0.000866  0.000875 -0.000000
   C   7.295239   3.567100  -0.000000    0.000449  0.001173 -0.000000
   C   4.820562  -4.974588   0.000000    0.000723 -0.000067  0.000000
   C   6.074004  -2.852697   0.000000   -0.000198  0.001226  0.000000
   C   7.272250  -0.698811  -0.000000    0.001220  0.001116 -0.000000
   N   7.196965  -4.943342   0.000000   -0.000595  0.001589  0.000000
   H   8.202809   5.498420  -0.000000   -0.000021  0.002022 -0.000000
   H   8.246286   3.059526  -0.000000    0.000627  0.001379 -0.000000
   H   8.202056   1.222210  -0.000000    0.000995  0.001465 -0.000000
   H   8.223077  -1.210314  -0.000000    0.001362  0.001304 -0.000000
   H   8.214603  -3.159416  -0.000000   -0.000105  0.001951  0.000000
   H   8.062169  -5.450121   0.000000    0.000040  0.001803  0.000000
   H  -8.206459   5.553627   0.000000    0.001052  0.000389  0.000000
   H  -8.272357   3.116481   0.000000   -0.000175  0.000805  0.000000
   H  -8.270267   1.170046  -0.000000   -0.000537 -0.000028  0.000000
   H  -8.254007  -1.227576  -0.000000    0.000358 -0.000306 -0.000000
   H  -8.223723  -3.196887  -0.000000   -0.001396  0.007200 -0.000000
   H  -8.102559  -5.628048   0.000000   -0.002841  0.005352 -0.000000
   H  -6.059593   6.761117   0.000000    0.000962  0.000851  0.000000
   H  -3.621094   6.733030   0.000000    0.000162 -0.000947  0.000000
   H  -1.137560   6.714740   0.000000    0.000183  0.000140  0.000000
   H   1.265892   6.534333   0.000000   -0.001646 -0.001606  0.000000
   H   3.604775   6.697342   0.000000   -0.000507  0.000594 -0.000000
   H   6.038989   6.697324  -0.000000   -0.001239 -0.000422 -0.000000
   H  -5.918442  -6.792458   0.000000   -0.004812  0.005301 -0.000000
   H  -3.538699  -6.570151   0.000000    0.000419 -0.003424 -0.000000
   H  -1.045477  -6.600260   0.000000    0.000996 -0.002787  0.000000
   H   1.066604  -6.597656   0.000000    0.001146 -0.001088  0.000000
   H   3.500848  -6.688447   0.000000    0.000934 -0.000096  0.000000
   H   6.089768  -6.716100   0.000000    0.001274 -0.000616  0.000000
converged SCF energy = -3150.68416697851
