1721292150.0224817

Geometry optimization cycle 1
Cartesian coordinates (Angstrom)
 Atom        New coordinates             dX        dY        dZ
   C  -7.338226   5.042760   0.000000    0.000000  0.000000  0.000000
   C  -7.365228   0.691139   0.000000    0.000000  0.000000  0.000000
   C  -6.173642   2.889413   0.000000    0.000000  0.000000  0.000000
   C  -4.910090   5.019617   0.000000    0.000000  0.000000  0.000000
   C  -7.358051  -3.642635   0.000000    0.000000  0.000000  0.000000
   C  -6.173475  -1.431785   0.000000    0.000000  0.000000  0.000000
   C  -4.940069   0.716689   0.000000    0.000000  0.000000  0.000000
   C  -3.694845   2.860312   0.000000    0.000000  0.000000  0.000000
   C  -2.457224   5.005715   0.000000    0.000000  0.000000  0.000000
   C  -6.138515  -5.727246   0.000000    0.000000  0.000000  0.000000
   C  -4.928214  -3.580071   0.000000    0.000000  0.000000  0.000000
   C  -3.698169  -1.425571   0.000000    0.000000  0.000000  0.000000
   C  -2.471779   0.716540   0.000000    0.000000  0.000000  0.000000
   C  -1.230705   2.851907   0.000000    0.000000 -0.000000  0.000000
   C   0.000000   5.003169   0.000000    0.000000  0.000000  0.000000
   C  -3.678966  -5.694052   0.000000    0.000000  0.000000  0.000000
   C  -2.466015  -3.560923   0.000000    0.000000  0.000000  0.000000
   C  -1.232423  -1.423207   0.000000    0.000000  0.000000  0.000000
   C   0.000000   0.715809   0.000000    0.000000  0.000000  0.000000
   C   1.230705   2.851907   0.000000    0.000000 -0.000000  0.000000
   C   2.457224   5.005715   0.000000    0.000000  0.000000  0.000000
   C  -1.226334  -5.685080   0.000000    0.000000  0.000000  0.000000
   C   0.000000  -3.557079   0.000000    0.000000  0.000000  0.000000
   C   1.232423  -1.423207   0.000000    0.000000  0.000000  0.000000
   C   2.471779   0.716540   0.000000    0.000000  0.000000  0.000000
   C   3.694845   2.860312   0.000000    0.000000  0.000000  0.000000
   C   4.910090   5.019617   0.000000    0.000000  0.000000  0.000000
   C   1.226334  -5.685080   0.000000    0.000000  0.000000  0.000000
   C   2.466015  -3.560923   0.000000    0.000000  0.000000  0.000000
   C   3.698169  -1.425571   0.000000    0.000000  0.000000  0.000000
   C   4.940069   0.716689   0.000000    0.000000  0.000000  0.000000
   C   6.173642   2.889413   0.000000    0.000000  0.000000  0.000000
   C   7.338226   5.042760   0.000000    0.000000  0.000000  0.000000
   C   3.678966  -5.694052   0.000000    0.000000  0.000000  0.000000
   C   4.928214  -3.580071   0.000000    0.000000  0.000000  0.000000
   C   6.173475  -1.431785   0.000000   -0.000000  0.000000  0.000000
   C   7.365228   0.691139   0.000000    0.000000  0.000000  0.000000
   C   6.138515  -5.727246   0.000000    0.000000  0.000000  0.000000
   C   7.358051  -3.642635   0.000000   -0.000000  0.000000  0.000000
   C  -7.358051   3.642635   0.000000    0.000000  0.000000  0.000000
   C  -6.138515   5.727246   0.000000    0.000000  0.000000  0.000000
   C  -7.365228  -0.691139   0.000000    0.000000  0.000000  0.000000
   C  -6.173475   1.431785   0.000000    0.000000  0.000000  0.000000
   N  -4.928214   3.580071   0.000000    0.000000 -0.000000  0.000000
   C  -3.678966   5.694052   0.000000    0.000000  0.000000  0.000000
   C  -7.338226  -5.042760   0.000000    0.000000  0.000000  0.000000
   C  -6.173642  -2.889413   0.000000    0.000000  0.000000  0.000000
   C  -4.940069  -0.716689   0.000000    0.000000  0.000000  0.000000
   C  -3.698169   1.425571   0.000000    0.000000  0.000000  0.000000
   C  -2.466015   3.560923   0.000000    0.000000 -0.000000  0.000000
   C  -1.226334   5.685080   0.000000    0.000000  0.000000  0.000000
   N  -4.910090  -5.019617   0.000000    0.000000  0.000000  0.000000
   C  -3.694845  -2.860312   0.000000    0.000000  0.000000  0.000000
   C  -2.471779  -0.716540   0.000000    0.000000  0.000000  0.000000
   C  -1.232423   1.423207   0.000000    0.000000  0.000000  0.000000
   C   0.000000   3.557079   0.000000    0.000000  0.000000  0.000000
   N   1.226334   5.685080   0.000000    0.000000  0.000000  0.000000
   C  -2.457224  -5.005715   0.000000    0.000000  0.000000  0.000000
   C  -1.230705  -2.851907   0.000000    0.000000  0.000000  0.000000
   C   0.000000  -0.715809   0.000000    0.000000  0.000000  0.000000
   C   1.232423   1.423207   0.000000    0.000000  0.000000  0.000000
   C   2.466015   3.560923   0.000000    0.000000 -0.000000  0.000000
   C   3.678966   5.694052   0.000000    0.000000  0.000000  0.000000
   N   0.000000  -5.003169   0.000000    0.000000  0.000000  0.000000
   C   1.230705  -2.851907   0.000000    0.000000  0.000000  0.000000
   C   2.471779  -0.716540   0.000000    0.000000  0.000000  0.000000
   C   3.698169   1.425571   0.000000    0.000000  0.000000  0.000000
   C   4.928214   3.580071   0.000000    0.000000 -0.000000  0.000000
   C   6.138515   5.727246   0.000000    0.000000  0.000000  0.000000
   C   2.457224  -5.005715   0.000000    0.000000  0.000000  0.000000
   C   3.694845  -2.860312   0.000000    0.000000  0.000000  0.000000
   C   4.940069  -0.716689   0.000000    0.000000  0.000000  0.000000
   C   6.173475   1.431785   0.000000   -0.000000  0.000000  0.000000
   N   7.358051   3.642635   0.000000   -0.000000  0.000000  0.000000
   C   4.910090  -5.019617   0.000000    0.000000  0.000000  0.000000
   C   6.173642  -2.889413   0.000000    0.000000  0.000000  0.000000
   C   7.365228  -0.691139   0.000000    0.000000  0.000000  0.000000
   C   7.338226  -5.042760   0.000000    0.000000  0.000000  0.000000
   H   8.282184   5.591425   0.000000    0.000000 -0.000000  0.000000
   H   8.325741   3.141106   0.000000    0.000000  0.000000  0.000000
   H   8.326715   1.204661   0.000000    0.000000  0.000000  0.000000
   H   8.326715  -1.204661   0.000000    0.000000  0.000000  0.000000
   H   8.325741  -3.141106   0.000000    0.000000  0.000000  0.000000
   H   8.282184  -5.591425   0.000000    0.000000  0.000000  0.000000
   H  -8.282184   5.591425   0.000000    0.000000 -0.000000  0.000000
   H  -8.325741   3.141106   0.000000    0.000000  0.000000  0.000000
   H  -8.326715   1.204661   0.000000    0.000000  0.000000  0.000000
   H  -8.326715  -1.204661   0.000000    0.000000  0.000000  0.000000
   H  -8.325741  -3.141106   0.000000    0.000000  0.000000  0.000000
   H  -8.282184  -5.591425   0.000000    0.000000  0.000000  0.000000
   H  -6.116625   6.819427   0.000000    0.000000  0.000000  0.000000
   H  -3.672757   6.787431   0.000000    0.000000  0.000000  0.000000
   H  -1.225580   6.778408   0.000000    0.000000 -0.000000  0.000000
   H   1.225580   6.778408   0.000000    0.000000 -0.000000  0.000000
   H   3.672757   6.787431   0.000000    0.000000  0.000000  0.000000
   H   6.116625   6.819427   0.000000   -0.000000  0.000000  0.000000
   H  -6.116625  -6.819427   0.000000    0.000000  0.000000  0.000000
   H  -3.672757  -6.787431   0.000000    0.000000  0.000000  0.000000
   H  -1.225580  -6.778408   0.000000    0.000000  0.000000  0.000000
   H   1.225580  -6.778408   0.000000    0.000000  0.000000  0.000000
   H   3.672757  -6.787431   0.000000    0.000000  0.000000  0.000000
   H   6.116625  -6.819427   0.000000   -0.000000  0.000000  0.000000
converged SCF energy = -3067.72798018077
--------------- ROKS_Scanner gradients ---------------
         x                y                z
0 C    -0.0106393349    -0.0017051094     0.0000000000
1 C     0.0083125001     0.0101783870    -0.0000000000
2 C    -0.0042020957    -0.0044173181    -0.0000000000
3 C    -0.0174909726     0.0073132486     0.0000000000
4 C     0.0118351899     0.0120993503     0.0000000000
5 C    -0.0120318503     0.0083081893     0.0000000000
6 C     0.0036484991    -0.0007547777     0.0000000000
7 C     0.0114227220     0.0059553670    -0.0000000000
8 C    -0.0072602221     0.0087726271    -0.0000000000
9 C    -0.0157845339    -0.0130404046     0.0000000000
10 C     0.0073574680     0.0164577248    -0.0000000000
11 C     0.0086913063     0.0097314217     0.0000000000
12 C    -0.0094561110     0.0053083465     0.0000000000
13 C     0.0040566526     0.0021622696     0.0000000000
14 C     0.0015615926    -0.0006128246    -0.0000000000
15 C     0.0235085181    -0.0118344142    -0.0000000000
16 C    -0.0008384647     0.0046810629    -0.0000000000
17 C     0.0001303739     0.0005154357     0.0000000000
18 C     0.0038069479     0.0102643590     0.0000000000
19 C    -0.0022625982     0.0120570592     0.0000000000
20 C     0.0014334576     0.0062199336    -0.0000000000
21 C    -0.0038462167    -0.0137166494     0.0000000000
22 C     0.0055730653     0.0190089705    -0.0000000000
23 C     0.0008785043     0.0067265636    -0.0000000000
24 C     0.0053944780     0.0062081664     0.0000000000
25 C    -0.0058702507     0.0102584093     0.0000000000
26 C     0.0239803183     0.0075186700    -0.0000000000
27 C     0.0334221805    -0.0183899862     0.0000000000
28 C     0.0016029643     0.0003828558    -0.0000000000
29 C     0.0013041945     0.0031994390    -0.0000000000
30 C     0.0051135019    -0.0016493041    -0.0000000000
31 C     0.0101899995     0.0158511744    -0.0000000000
32 C     0.0263391293     0.0060072440    -0.0000000000
33 C     0.0148474966    -0.0004203787     0.0000000000
34 C    -0.0017477881     0.0036166739    -0.0000000000
35 C     0.0068479551     0.0026882669    -0.0000000000
36 C    -0.0085956361     0.0116559905    -0.0000000000
37 C     0.0022923961    -0.0020886536    -0.0000000000
38 C    -0.0022589316     0.0024054839    -0.0000000000
39 C    -0.0049781217     0.0013125882    -0.0000000000
40 C     0.0128542426     0.0082045651     0.0000000000
41 C     0.0075650618    -0.0122576177     0.0000000000
42 C    -0.0172794641    -0.0079635076     0.0000000000
43 N     0.0029910684    -0.0004462151     0.0000000000
44 C     0.0126363505     0.0113276896     0.0000000000
45 C    -0.0091230371    -0.0181206607    -0.0000000000
46 C    -0.0068073700    -0.0004830806    -0.0000000000
47 C     0.0017037335     0.0010634800    -0.0000000000
48 C     0.0125025907    -0.0161415482    -0.0000000000
49 C     0.0043907204    -0.0129561714     0.0000000000
50 C    -0.0148588148     0.0016861194    -0.0000000000
51 N    -0.0076846331     0.0030976288    -0.0000000000
52 C    -0.0031629591    -0.0018780218     0.0000000000
53 C    -0.0060007701    -0.0067371877    -0.0000000000
54 C     0.0015265073    -0.0015862636    -0.0000000000
55 C    -0.0039299389    -0.0156293289    -0.0000000000
56 N     0.0031665911    -0.0197457095    -0.0000000000
57 C    -0.0119114519    -0.0131584047     0.0000000000
58 C     0.0014259068     0.0099586530     0.0000000000
59 C     0.0008205967    -0.0102869553    -0.0000000000
60 C    -0.0062778468    -0.0102843073    -0.0000000000
61 C     0.0084599217    -0.0200068901     0.0000000000
62 C     0.0035855156     0.0024405061     0.0000000000
63 N    -0.0165676838     0.0044103464     0.0000000000
64 C    -0.0079858911     0.0033443112     0.0000000000
65 C    -0.0009663992    -0.0035641555     0.0000000000
66 C    -0.0040705494    -0.0079619556    -0.0000000000
67 C    -0.0147574810    -0.0043705139     0.0000000000
68 C    -0.0319825440     0.0097952152     0.0000000000
69 C    -0.0106669771    -0.0043873726     0.0000000000
70 C    -0.0007735699    -0.0050756133     0.0000000000
71 C    -0.0042124447    -0.0006407668     0.0000000000
72 C    -0.0008352008    -0.0264682038     0.0000000000
73 N    -0.0379076641     0.0031258264     0.0000000000
74 C    -0.0049765073    -0.0033106289     0.0000000000
75 C    -0.0013730712    -0.0004725611     0.0000000000
76 C    -0.0041238889    -0.0119576608     0.0000000000
77 C     0.0034502635    -0.0057441495     0.0000000000
78 H     0.0032214780     0.0103563881     0.0000000000
79 H     0.0558502108    -0.0263064594     0.0000000000
80 H     0.0027046883     0.0034137113     0.0000000000
81 H     0.0055787468    -0.0029719744    -0.0000000000
82 H     0.0054633527     0.0029807732     0.0000000000
83 H     0.0046821977    -0.0027369907    -0.0000000000
84 H    -0.0051787087     0.0028203224    -0.0000000000
85 H    -0.0092475784    -0.0012217329    -0.0000000000
86 H    -0.0055574188     0.0036424540     0.0000000000
87 H    -0.0053630242    -0.0038134298    -0.0000000000
88 H    -0.0064089012     0.0034317732    -0.0000000000
89 H    -0.0078321307    -0.0009207546     0.0000000000
90 H    -0.0026479575     0.0083017470     0.0000000000
91 H     0.0033419831     0.0084116601    -0.0000000000
92 H     0.0005873959     0.0055374245    -0.0000000000
93 H     0.0002833202     0.0612940744     0.0000000000
94 H    -0.0006711980     0.0052558663     0.0000000000
95 H    -0.0040205102     0.0074781132    -0.0000000000
96 H    -0.0086087847    -0.0096249695     0.0000000000
97 H     0.0089994826    -0.0096303854    -0.0000000000
98 H    -0.0086106033    -0.0096843837     0.0000000000
99 H     0.0086394591    -0.0094234812    -0.0000000000
100 H    -0.0002358049    -0.0058788600    -0.0000000000
101 H    -0.0000793939    -0.0058132227     0.0000000000
----------------------------------------------
cycle 1: E = -3067.72798018  dE = -3067.73  norm(grad) = 0.161611

Geometry optimization cycle 2
Cartesian coordinates (Angstrom)
 Atom        New coordinates             dX        dY        dZ
   C  -7.289132   4.958320  -0.000000    0.049093 -0.084440 -0.000000
   C  -7.331583   0.700934   0.000000    0.033645  0.009795  0.000000
   C  -6.118530   2.851764  -0.000000    0.055112 -0.037649 -0.000000
   C  -4.861541   4.930620  -0.000000    0.048549 -0.088997 -0.000000
   C  -7.324489  -3.595255   0.000000    0.033563  0.047380  0.000000
   C  -6.139772  -1.407951   0.000000    0.033703  0.023834  0.000000
   C  -4.914239   0.715453   0.000000    0.025830 -0.001236  0.000000
   C  -3.683136   2.836446   0.000000    0.011709 -0.023865  0.000000
   C  -2.409226   4.967742  -0.000000    0.047997 -0.037973 -0.000000
   C  -5.983542  -5.613322   0.000000    0.154973  0.113924  0.000000
   C  -4.890429  -3.510772   0.000000    0.037785  0.069299  0.000000
   C  -3.682234  -1.396455   0.000000    0.015935  0.029115  0.000000
   C  -2.462278   0.722093   0.000000    0.009502  0.005553  0.000000
   C  -1.249488   2.820876   0.000000   -0.018783 -0.031031  0.000000
   C  -0.029477   4.906023   0.000000   -0.029477 -0.097145  0.000000
   C  -3.639060  -5.556650   0.000000    0.039906  0.137403  0.000000
   C  -2.440285  -3.489958   0.000000    0.025730  0.070964  0.000000
   C  -1.223632  -1.388380   0.000000    0.008791  0.034827  0.000000
   C  -0.004827   0.709378   0.000000   -0.004827 -0.006431  0.000000
   C   1.209437   2.804782   0.000000   -0.021268 -0.047125  0.000000
   C   2.443821   4.924306   0.000000   -0.013403 -0.081409  0.000000
   C  -1.189922  -5.562066  -0.000000    0.036412  0.123013 -0.000000
   C   0.006792  -3.487675  -0.000000    0.006792  0.069404 -0.000000
   C   1.231534  -1.403946  -0.000000   -0.000889  0.019261 -0.000000
   C   2.457340   0.702886   0.000000   -0.014439 -0.013653  0.000000
   C   3.650628   2.818943   0.000000   -0.044217 -0.041368  0.000000
   C   4.838127   4.967755   0.000000   -0.071963 -0.051862  0.000000
   C   1.160818  -5.545765  -0.000000   -0.065516  0.139315 -0.000000
   C   2.466456  -3.508370  -0.000000    0.000441  0.052553 -0.000000
   C   3.692286  -1.406722   0.000000   -0.005882  0.018849  0.000000
   C   4.918701   0.713968   0.000000   -0.021367 -0.002721  0.000000
   C   6.066202   2.833319   0.000000   -0.107440 -0.056094  0.000000
   C   7.237811   4.937710   0.000000   -0.100414 -0.105049  0.000000
   C   3.611101  -5.645585  -0.000000   -0.067865  0.048467 -0.000000
   C   4.912820  -3.544124  -0.000000   -0.015394  0.035947 -0.000000
   C   6.156303  -1.412710   0.000000   -0.017172  0.019075  0.000000
   C   7.361998   0.705760   0.000000   -0.003230  0.014621  0.000000
   C   6.058046  -5.684294  -0.000000   -0.080469  0.042952 -0.000000
   C   7.333049  -3.617170   0.000000   -0.025002  0.025465  0.000000
   C  -7.299188   3.570342  -0.000000    0.058863 -0.072293 -0.000000
   C  -6.094016   5.611421  -0.000000    0.044500 -0.115825 -0.000000
   C  -7.334199  -0.665122   0.000000    0.031028  0.026017  0.000000
   C  -6.125628   1.421213   0.000000    0.047847 -0.010572  0.000000
   N  -4.897630   3.528641  -0.000000    0.030584 -0.051429 -0.000000
   C  -3.655982   5.594708  -0.000000    0.022984 -0.099344 -0.000000
   C  -7.188746  -4.966352   0.000000    0.149480  0.076407  0.000000
   C  -6.137207  -2.846505   0.000000    0.036435  0.042908  0.000000
   C  -4.916341  -0.701821   0.000000    0.023728  0.014868  0.000000
   C  -3.690412   1.428033   0.000000    0.007757  0.002462  0.000000
   C  -2.465386   3.544926   0.000000    0.000628 -0.015996  0.000000
   C  -1.188523   5.654023   0.000000    0.037811 -0.031056  0.000000
   N  -4.822638  -4.899594   0.000000    0.087453  0.120023  0.000000
   C  -3.664379  -2.804621   0.000000    0.030466  0.055690  0.000000
   C  -2.457137  -0.691132   0.000000    0.014643  0.025408  0.000000
   C  -1.232196   1.410718   0.000000    0.000227 -0.012489  0.000000
   C  -0.018376   3.499790   0.000000   -0.018376 -0.057289  0.000000
   N   1.198089   5.504846   0.000000   -0.028245 -0.180234  0.000000
   C  -2.408654  -4.901968   0.000000    0.048570  0.103747  0.000000
   C  -1.216269  -2.800706   0.000000    0.014435  0.051201  0.000000
   C   0.004757  -0.696834   0.000000    0.004757  0.018975  0.000000
   C   1.227635   1.402629   0.000000   -0.004788 -0.020579  0.000000
   C   2.429763   3.516569   0.000000   -0.036252 -0.044354  0.000000
   C   3.626600   5.651326   0.000000   -0.052366 -0.042726  0.000000
   N  -0.006656  -4.880865  -0.000000   -0.006656  0.122304 -0.000000
   C   1.242886  -2.812932  -0.000000    0.012182  0.038975 -0.000000
   C   2.467998  -0.710344  -0.000000   -0.003781  0.006195 -0.000000
   C   3.679187   1.406988   0.000000   -0.018982 -0.018583  0.000000
   C   4.861717   3.542085   0.000000   -0.066497 -0.037985  0.000000
   C   6.094922   5.647475   0.000000   -0.043594 -0.079771  0.000000
   C   2.424215  -4.933319  -0.000000   -0.033009  0.072396 -0.000000
   C   3.691984  -2.823666  -0.000000   -0.002861  0.036645 -0.000000
   C   4.929770  -0.706731   0.000000   -0.010299  0.009958  0.000000
   C   6.148452   1.422038   0.000000   -0.025023 -0.009748  0.000000
   N   7.221407   3.579327   0.000000   -0.136645 -0.063308  0.000000
   C   4.846553  -4.972514  -0.000000   -0.063538  0.047103 -0.000000
   C   6.158831  -2.863541   0.000000   -0.014810  0.025873  0.000000
   C   7.342880  -0.662233   0.000000   -0.022348  0.028906  0.000000
   C   7.252731  -5.003594  -0.000000   -0.085494  0.039166 -0.000000
   H   8.211130   5.404840   0.000000   -0.071054 -0.186585  0.000000
   H   8.094259   3.099220   0.000000   -0.231482 -0.041886  0.000000
   H   8.321551   1.209962   0.000000   -0.005164  0.005301  0.000000
   H   8.294317  -1.174166   0.000000   -0.032398  0.030496  0.000000
   H   8.304373  -3.143926   0.000000   -0.021367 -0.002820  0.000000
   H   8.177281  -5.568622  -0.000000   -0.104903  0.022803 -0.000000
   H  -8.221591   5.508780  -0.000000    0.060593 -0.082644 -0.000000
   H  -8.237798   3.043008  -0.000000    0.087942 -0.098098 -0.000000
   H  -8.281149   1.215379   0.000000    0.045566  0.010717  0.000000
   H  -8.290222  -1.167766   0.000000    0.036493  0.036896  0.000000
   H  -8.301913  -3.138489   0.000000    0.023828  0.002617  0.000000
   H  -8.079563  -5.578316   0.000000    0.202621  0.013108  0.000000
   H  -6.052572   6.690388  -0.000000    0.064053 -0.129039 -0.000000
   H  -3.699535   6.674266  -0.000000   -0.026778 -0.113166 -0.000000
   H  -1.160521   6.738478   0.000000    0.065059 -0.039929  0.000000
   H   1.188009   6.503918   0.000000   -0.037571 -0.274490  0.000000
   H   3.611078   6.736525   0.000000   -0.061679 -0.050906  0.000000
   H   6.134876   6.727557   0.000000    0.018250 -0.091870  0.000000
   H  -5.871614  -6.685416   0.000000    0.245011  0.134011  0.000000
   H  -3.711189  -6.632750   0.000000   -0.038432  0.154682  0.000000
   H  -1.116931  -6.638048  -0.000000    0.108649  0.140360 -0.000000
   H   1.065900  -6.620436  -0.000000   -0.159680  0.157971 -0.000000
   H   3.590232  -6.729742  -0.000000   -0.082525  0.057689 -0.000000
   H   6.031119  -6.767452  -0.000000   -0.085507  0.051975 -0.000000
converged SCF energy = -3067.77690958616
--------------- ROKS_Scanner gradients ---------------
         x                y                z
0 C    -0.0041587400     0.0003857467    -0.0000000000
1 C     0.0016372321     0.0066828794     0.0000000000
2 C     0.0003718162    -0.0005585757    -0.0000000000
3 C    -0.0003687520     0.0089310433    -0.0000000000
4 C    -0.0093793047     0.0077567201    -0.0000000000
5 C    -0.0053684423     0.0035160916    -0.0000000000
6 C     0.0024309139    -0.0007152953    -0.0000000000
7 C     0.0063615892     0.0018663187     0.0000000000
8 C     0.0107748477     0.0032453898     0.0000000000
9 C     0.0032809613    -0.0026362752    -0.0000000000
10 C     0.0004895537     0.0021901357     0.0000000000
11 C     0.0001271923     0.0024841827    -0.0000000000
12 C    -0.0034874054     0.0050134015    -0.0000000000
13 C    -0.0031216785     0.0045896386    -0.0000000000
14 C    -0.0192445146     0.0014259923    -0.0000000000
15 C    -0.0010987834     0.0054799054     0.0000000000
16 C    -0.0026662849    -0.0002587998     0.0000000000
17 C     0.0011015710     0.0010996813     0.0000000000
18 C    -0.0009281077     0.0036892968    -0.0000000000
19 C    -0.0010180836    -0.0017000576    -0.0000000000
20 C     0.0188858231     0.0135372430     0.0000000000
21 C     0.0096682596    -0.0011474532    -0.0000000000
22 C     0.0061415257     0.0061573023     0.0000000000
23 C    -0.0031081593     0.0012172769     0.0000000000
24 C     0.0005773227     0.0041363892    -0.0000000000
25 C    -0.0031346347     0.0048556942    -0.0000000000
26 C     0.0023470118    -0.0032316860    -0.0000000000
27 C     0.0019069480     0.0070197343    -0.0000000000
28 C     0.0027423985     0.0024163423     0.0000000000
29 C    -0.0006097807     0.0024643101     0.0000000000
30 C    -0.0009332874     0.0049564467    -0.0000000000
31 C    -0.0090204034    -0.0007878439    -0.0000000000
32 C     0.0014390628     0.0026649485     0.0000000000
33 C     0.0052257098    -0.0039502501     0.0000000000
34 C     0.0040208715     0.0044288446     0.0000000000
35 C     0.0041627172     0.0018133363    -0.0000000000
36 C     0.0026247673     0.0054352885    -0.0000000000
37 C     0.0011699618    -0.0031552018     0.0000000000
38 C     0.0057514246     0.0037478016     0.0000000000
39 C     0.0025557136    -0.0022384193     0.0000000000
40 C     0.0045251448    -0.0103997471     0.0000000000
41 C     0.0034564326    -0.0038823300     0.0000000000
42 C    -0.0043494394    -0.0020346892    -0.0000000000
43 N    -0.0018403336     0.0006258012     0.0000000000
44 C     0.0010158115    -0.0112397037    -0.0000000000
45 C     0.0144361259     0.0042682581    -0.0000000000
46 C     0.0011015786    -0.0089561539     0.0000000000
47 C     0.0004261584     0.0014284469     0.0000000000
48 C    -0.0024158369    -0.0040390213     0.0000000000
49 C    -0.0100262275     0.0012156428     0.0000000000
50 C     0.0062049789     0.0086408629     0.0000000000
51 N    -0.0039775142    -0.0023008467     0.0000000000
52 C     0.0010586425    -0.0039689772    -0.0000000000
53 C    -0.0020638967    -0.0029628029     0.0000000000
54 C     0.0045608810    -0.0019648969     0.0000000000
55 C     0.0075736080    -0.0015634028     0.0000000000
56 N    -0.0057734656    -0.0188897831    -0.0000000000
57 C     0.0006434723     0.0014979061    -0.0000000000
58 C     0.0003239615    -0.0032080359    -0.0000000000
59 C     0.0014543243    -0.0035979216    -0.0000000000
60 C    -0.0003593598    -0.0035492899     0.0000000000
61 C    -0.0068468022    -0.0006494870     0.0000000000
62 C    -0.0012163374     0.0034902381    -0.0000000000
63 N    -0.0128878963    -0.0030929181    -0.0000000000
64 C     0.0007638534    -0.0042953549    -0.0000000000
65 C     0.0028540583    -0.0036839345    -0.0000000000
66 C    -0.0010540133    -0.0041926664     0.0000000000
67 C     0.0021879185    -0.0007607648     0.0000000000
68 C    -0.0009341123    -0.0030359757     0.0000000000
69 C    -0.0021300785     0.0001460428    -0.0000000000
70 C    -0.0005405404    -0.0057916281    -0.0000000000
71 C     0.0009500539     0.0001034542     0.0000000000
72 C     0.0114054816    -0.0117351512     0.0000000000
73 N    -0.0051016604    -0.0069538691    -0.0000000000
74 C    -0.0068112620     0.0027884048    -0.0000000000
75 C    -0.0000195380    -0.0058611651     0.0000000000
76 C    -0.0057148253    -0.0019351230     0.0000000000
77 C    -0.0083407765     0.0029432814    -0.0000000000
78 H    -0.0016369884     0.0005013387     0.0000000000
79 H    -0.0052265626     0.0035380561    -0.0000000000
80 H     0.0002426781     0.0007458654     0.0000000000
81 H    -0.0005681341     0.0012256038    -0.0000000000
82 H     0.0001936049     0.0002935833     0.0000000000
83 H    -0.0009169272     0.0010712974     0.0000000000
84 H    -0.0003630860    -0.0005446069     0.0000000000
85 H    -0.0008830719    -0.0004452027    -0.0000000000
86 H    -0.0004896945     0.0011681037     0.0000000000
87 H     0.0001258083     0.0008754981    -0.0000000000
88 H    -0.0012848683     0.0003453798     0.0000000000
89 H     0.0008477257     0.0025805803     0.0000000000
90 H    -0.0006469204    -0.0013782837     0.0000000000
91 H     0.0013599731    -0.0017011729     0.0000000000
92 H     0.0006270536     0.0014579208     0.0000000000
93 H     0.0002028778    -0.0080239999    -0.0000000000
94 H    -0.0001684162     0.0010305221    -0.0000000000
95 H     0.0001636526    -0.0002587046    -0.0000000000
96 H     0.0010779895     0.0002621758    -0.0000000000
97 H     0.0007586959     0.0006634233    -0.0000000000
98 H    -0.0010536090     0.0001062995    -0.0000000000
99 H    -0.0007847891     0.0014305923     0.0000000000
100 H    -0.0011751987    -0.0004142020    -0.0000000000
101 H    -0.0010582648     0.0000150165     0.0000000000
----------------------------------------------
cycle 2: E = -3067.77690959  dE = -0.0489294  norm(grad) = 0.0684669

Geometry optimization cycle 3
