1721292772.1955705

Geometry optimization cycle 1
Cartesian coordinates (Angstrom)
 Atom        New coordinates             dX        dY        dZ
   C  -7.338226   5.042760   0.000000    0.000000  0.000000  0.000000
   C  -7.365228   0.691139   0.000000    0.000000  0.000000  0.000000
   C  -6.173642   2.889413   0.000000    0.000000  0.000000  0.000000
   C  -4.910090   5.019617   0.000000    0.000000  0.000000  0.000000
   C  -7.358051  -3.642635   0.000000    0.000000  0.000000  0.000000
   C  -6.173475  -1.431785   0.000000    0.000000  0.000000  0.000000
   C  -4.940069   0.716689   0.000000    0.000000  0.000000  0.000000
   C  -3.694845   2.860312   0.000000    0.000000  0.000000  0.000000
   C  -2.457224   5.005715   0.000000    0.000000  0.000000  0.000000
   C  -6.138515  -5.727246   0.000000    0.000000  0.000000  0.000000
   N  -4.928214  -3.580071   0.000000    0.000000  0.000000  0.000000
   N  -3.698169  -1.425571   0.000000    0.000000  0.000000  0.000000
   C  -2.471779   0.716540   0.000000    0.000000  0.000000  0.000000
   N  -1.230705   2.851907   0.000000    0.000000 -0.000000  0.000000
   C   0.000000   5.003169   0.000000    0.000000  0.000000  0.000000
   C  -3.678966  -5.694052   0.000000    0.000000  0.000000  0.000000
   C  -2.466015  -3.560923   0.000000    0.000000  0.000000  0.000000
   C  -1.232423  -1.423207   0.000000    0.000000  0.000000  0.000000
   C   0.000000   0.715809   0.000000    0.000000  0.000000  0.000000
   C   1.230705   2.851907   0.000000    0.000000 -0.000000  0.000000
   C   2.457224   5.005715   0.000000    0.000000  0.000000  0.000000
   C  -1.226334  -5.685080   0.000000    0.000000  0.000000  0.000000
   C   0.000000  -3.557079   0.000000    0.000000  0.000000  0.000000
   C   1.232423  -1.423207   0.000000    0.000000  0.000000  0.000000
   C   2.471779   0.716540   0.000000    0.000000  0.000000  0.000000
   N   3.694845   2.860312   0.000000    0.000000  0.000000  0.000000
   N   4.910090   5.019617   0.000000    0.000000  0.000000  0.000000
   C   1.226334  -5.685080   0.000000    0.000000  0.000000  0.000000
   C   2.466015  -3.560923   0.000000    0.000000  0.000000  0.000000
   C   3.698169  -1.425571   0.000000    0.000000  0.000000  0.000000
   C   4.940069   0.716689   0.000000    0.000000  0.000000  0.000000
   C   6.173642   2.889413   0.000000    0.000000  0.000000  0.000000
   N   7.338226   5.042760   0.000000    0.000000  0.000000  0.000000
   C   3.678966  -5.694052   0.000000    0.000000  0.000000  0.000000
   C   4.928214  -3.580071   0.000000    0.000000  0.000000  0.000000
   C   6.173475  -1.431785   0.000000   -0.000000  0.000000  0.000000
   C   7.365228   0.691139   0.000000    0.000000  0.000000  0.000000
   C   6.138515  -5.727246   0.000000    0.000000  0.000000  0.000000
   C   7.358051  -3.642635   0.000000   -0.000000  0.000000  0.000000
   C  -7.358051   3.642635   0.000000    0.000000  0.000000  0.000000
   C  -6.138515   5.727246   0.000000    0.000000  0.000000  0.000000
   C  -7.365228  -0.691139   0.000000    0.000000  0.000000  0.000000
   C  -6.173475   1.431785   0.000000    0.000000  0.000000  0.000000
   C  -4.928214   3.580071   0.000000    0.000000 -0.000000  0.000000
   C  -3.678966   5.694052   0.000000    0.000000  0.000000  0.000000
   C  -7.338226  -5.042760   0.000000    0.000000  0.000000  0.000000
   C  -6.173642  -2.889413   0.000000    0.000000  0.000000  0.000000
   C  -4.940069  -0.716689   0.000000    0.000000  0.000000  0.000000
   C  -3.698169   1.425571   0.000000    0.000000  0.000000  0.000000
   C  -2.466015   3.560923   0.000000    0.000000 -0.000000  0.000000
   C  -1.226334   5.685080   0.000000    0.000000  0.000000  0.000000
   C  -4.910090  -5.019617   0.000000    0.000000  0.000000  0.000000
   N  -3.694845  -2.860312   0.000000    0.000000  0.000000  0.000000
   C  -2.471779  -0.716540   0.000000    0.000000  0.000000  0.000000
   C  -1.232423   1.423207   0.000000    0.000000  0.000000  0.000000
   C   0.000000   3.557079   0.000000    0.000000  0.000000  0.000000
   C   1.226334   5.685080   0.000000    0.000000  0.000000  0.000000
   C  -2.457224  -5.005715   0.000000    0.000000  0.000000  0.000000
   N  -1.230705  -2.851907   0.000000    0.000000  0.000000  0.000000
   C   0.000000  -0.715809   0.000000    0.000000  0.000000  0.000000
   C   1.232423   1.423207   0.000000    0.000000  0.000000  0.000000
   C   2.466015   3.560923   0.000000    0.000000 -0.000000  0.000000
   C   3.678966   5.694052   0.000000    0.000000  0.000000  0.000000
   C   0.000000  -5.003169   0.000000    0.000000  0.000000  0.000000
   C   1.230705  -2.851907   0.000000    0.000000  0.000000  0.000000
   C   2.471779  -0.716540   0.000000    0.000000  0.000000  0.000000
   C   3.698169   1.425571   0.000000    0.000000  0.000000  0.000000
   C   4.928214   3.580071   0.000000    0.000000 -0.000000  0.000000
   C   6.138515   5.727246   0.000000    0.000000  0.000000  0.000000
   C   2.457224  -5.005715   0.000000    0.000000  0.000000  0.000000
   C   3.694845  -2.860312   0.000000    0.000000  0.000000  0.000000
   C   4.940069  -0.716689   0.000000    0.000000  0.000000  0.000000
   C   6.173475   1.431785   0.000000   -0.000000  0.000000  0.000000
   C   7.358051   3.642635   0.000000   -0.000000  0.000000  0.000000
   C   4.910090  -5.019617   0.000000    0.000000  0.000000  0.000000
   C   6.173642  -2.889413   0.000000    0.000000  0.000000  0.000000
   C   7.365228  -0.691139   0.000000    0.000000  0.000000  0.000000
   N   7.338226  -5.042760   0.000000    0.000000  0.000000  0.000000
   H   8.282184   5.591425   0.000000    0.000000 -0.000000  0.000000
   H   8.325741   3.141106   0.000000    0.000000  0.000000  0.000000
   H   8.326715   1.204661   0.000000    0.000000  0.000000  0.000000
   H   8.326715  -1.204661   0.000000    0.000000  0.000000  0.000000
   H   8.325741  -3.141106   0.000000    0.000000  0.000000  0.000000
   H   8.282184  -5.591425   0.000000    0.000000  0.000000  0.000000
   H  -8.282184   5.591425   0.000000    0.000000 -0.000000  0.000000
   H  -8.325741   3.141106   0.000000    0.000000  0.000000  0.000000
   H  -8.326715   1.204661   0.000000    0.000000  0.000000  0.000000
   H  -8.326715  -1.204661   0.000000    0.000000  0.000000  0.000000
   H  -8.325741  -3.141106   0.000000    0.000000  0.000000  0.000000
   H  -8.282184  -5.591425   0.000000    0.000000  0.000000  0.000000
   H  -6.116625   6.819427   0.000000    0.000000  0.000000  0.000000
   H  -3.672757   6.787431   0.000000    0.000000  0.000000  0.000000
   H  -1.225580   6.778408   0.000000    0.000000 -0.000000  0.000000
   H   1.225580   6.778408   0.000000    0.000000 -0.000000  0.000000
   H   3.672757   6.787431   0.000000    0.000000  0.000000  0.000000
   H   6.116625   6.819427   0.000000   -0.000000  0.000000  0.000000
   H  -6.116625  -6.819427   0.000000    0.000000  0.000000  0.000000
   H  -3.672757  -6.787431   0.000000    0.000000  0.000000  0.000000
   H  -1.225580  -6.778408   0.000000    0.000000  0.000000  0.000000
   H   1.225580  -6.778408   0.000000    0.000000  0.000000  0.000000
   H   3.672757  -6.787431   0.000000    0.000000  0.000000  0.000000
   H   6.116625  -6.819427   0.000000   -0.000000  0.000000  0.000000
converged SCF energy = -3133.90549029989
--------------- ROKS_Scanner gradients ---------------
         x                y                z
0 C    -0.0057513984     0.0022677869    -0.0000000000
1 C     0.0060958995     0.0097674597    -0.0000000000
2 C    -0.0009013720    -0.0031536424    -0.0000000000
3 C    -0.0018138084     0.0005247565    -0.0000000000
4 C    -0.0158100123    -0.0143784053     0.0000000000
5 C    -0.0256699695    -0.0005379687    -0.0000000000
6 C    -0.0037051607     0.0028849617    -0.0000000000
7 C    -0.0084873809     0.0145150245    -0.0000000000
8 C     0.0013830290     0.0020085515     0.0000000000
9 C     0.0250800517    -0.0150601577    -0.0000000000
10 N     0.0345954546    -0.0016035778    -0.0000000000
11 N     0.0385891713    -0.0157060843    -0.0000000000
12 C     0.0025837788     0.0053625870    -0.0000000000
13 N    -0.0021285951     0.0040425927    -0.0000000000
14 C     0.0200177533     0.0046453165     0.0000000000
15 C     0.0401807837    -0.0085625005    -0.0000000000
16 C    -0.0215653201    -0.0031819706    -0.0000000000
17 C     0.0182247215    -0.0108473653    -0.0000000000
18 C    -0.0063282815    -0.0103520350    -0.0000000000
19 C    -0.0154570810    -0.0038111797     0.0000000000
20 C    -0.0045418773     0.0053115602     0.0000000000
21 C     0.0216175277    -0.0108622397     0.0000000000
22 C    -0.0010313491     0.0085115804     0.0000000000
23 C    -0.0086444542    -0.0114109081    -0.0000000000
24 C     0.0010020786    -0.0149405306    -0.0000000000
25 N    -0.0453286868    -0.0318441960    -0.0000000000
26 N    -0.0213767408    -0.0284319183     0.0000000000
27 C    -0.0031375801    -0.0084298296     0.0000000000
28 C     0.0075698706     0.0104210668    -0.0000000000
29 C    -0.0085329519     0.0016488962    -0.0000000000
30 C    -0.0001782688    -0.0165653527    -0.0000000000
31 C    -0.0096272629    -0.0194905379    -0.0000000000
32 N    -0.0192063853    -0.0146165275     0.0000000000
33 C    -0.0178911362     0.0003561802     0.0000000000
34 C    -0.0007109487    -0.0085104008    -0.0000000000
35 C    -0.0022432289     0.0059768367    -0.0000000000
36 C    -0.0013207646     0.0037967831    -0.0000000000
37 C    -0.0238076197    -0.0136099048    -0.0000000000
38 C    -0.0098694095     0.0272738366    -0.0000000000
39 C     0.0022955155     0.0025764603     0.0000000000
40 C     0.0028308949     0.0033680243    -0.0000000000
41 C     0.0052774994    -0.0110364210     0.0000000000
42 C    -0.0051042651     0.0062281390     0.0000000000
43 C     0.0023255579    -0.0047029374     0.0000000000
44 C    -0.0027537611     0.0068898825    -0.0000000000
45 C    -0.0159523065     0.0153763316    -0.0000000000
46 C    -0.0062970773     0.0123767128     0.0000000000
47 C    -0.0033177607     0.0216813134     0.0000000000
48 C     0.0016007493    -0.0103079815     0.0000000000
49 C    -0.0097797908     0.0009760053     0.0000000000
50 C    -0.0103964246     0.0041134976    -0.0000000000
51 C    -0.0468404388    -0.0003578214     0.0000000000
52 N    -0.0237905776    -0.0010606404     0.0000000000
53 C    -0.0314400272     0.0191691772     0.0000000000
54 C     0.0041788465    -0.0108044856     0.0000000000
55 C     0.0106208693     0.0026446421    -0.0000000000
56 C    -0.0190057239     0.0107946938    -0.0000000000
57 C    -0.0308537389    -0.0190579686     0.0000000000
58 N     0.0293851150     0.0169070580     0.0000000000
59 C     0.0085856377     0.0083764974     0.0000000000
60 C     0.0061439158     0.0140376057     0.0000000000
61 C     0.0257788588     0.0052762349    -0.0000000000
62 C    -0.0115952053     0.0080538641    -0.0000000000
63 C    -0.0076585975    -0.0173776822     0.0000000000
64 C     0.0108257313     0.0026917891     0.0000000000
65 C     0.0084763788    -0.0001136398     0.0000000000
66 C     0.0006801069     0.0017496716     0.0000000000
67 C     0.0428565900     0.0316249665     0.0000000000
68 C     0.0191017092     0.0343669671     0.0000000000
69 C     0.0084316607    -0.0027670681    -0.0000000000
70 C    -0.0061626939    -0.0038151208     0.0000000000
71 C     0.0084843482     0.0046887927     0.0000000000
72 C     0.0051943639     0.0037943644     0.0000000000
73 C     0.0045111278     0.0001532463     0.0000000000
74 C     0.0105884450     0.0071127451    -0.0000000000
75 C     0.0089657038     0.0004847221     0.0000000000
76 C    -0.0033915885    -0.0056054567     0.0000000000
77 N    -0.0006348561    -0.0027790285    -0.0000000000
78 H     0.0566276608     0.0294126963    -0.0000000000
79 H     0.0064625254    -0.0107467909     0.0000000000
80 H     0.0050054159     0.0033726287     0.0000000000
81 H     0.0045730175    -0.0037452519    -0.0000000000
82 H     0.0045098605     0.0118221502     0.0000000000
83 H     0.0517617316    -0.0301428763     0.0000000000
84 H    -0.0046738406     0.0028359355     0.0000000000
85 H    -0.0057123528    -0.0028433342    -0.0000000000
86 H    -0.0061478866     0.0034589246     0.0000000000
87 H    -0.0064504185    -0.0028359171    -0.0000000000
88 H    -0.0102425337     0.0000930911     0.0000000000
89 H    -0.0054539275    -0.0027326403     0.0000000000
90 H     0.0000204723     0.0059455560    -0.0000000000
91 H    -0.0011102469     0.0069318528     0.0000000000
92 H     0.0000389535     0.0069111969    -0.0000000000
93 H     0.0004442146     0.0071479805     0.0000000000
94 H    -0.0080144632     0.0100585176    -0.0000000000
95 H     0.0016610589     0.0126471706     0.0000000000
96 H    -0.0036494892    -0.0086399855     0.0000000000
97 H     0.0024822117    -0.0095144794     0.0000000000
98 H     0.0014883697    -0.0072097380     0.0000000000
99 H     0.0009297949    -0.0066498314     0.0000000000
100 H     0.0001638559    -0.0060529475    -0.0000000000
101 H    -0.0087715580    -0.0086231309     0.0000000000
----------------------------------------------
cycle 1: E = -3133.9054903  dE = -3133.91  norm(grad) = 0.208176

Geometry optimization cycle 2
