1721319320.260943

Geometry optimization cycle 1
Cartesian coordinates (Angstrom)
 Atom        New coordinates             dX        dY        dZ
   C  -7.338226   5.042760   0.000000    0.000000  0.000000  0.000000
   C  -7.365228   0.691139   0.000000    0.000000  0.000000  0.000000
   C  -6.173642   2.889413   0.000000    0.000000  0.000000  0.000000
   C  -4.910090   5.019617   0.000000    0.000000  0.000000  0.000000
   C  -7.358051  -3.642635   0.000000    0.000000  0.000000  0.000000
   C  -6.173475  -1.431785   0.000000    0.000000  0.000000  0.000000
   C  -4.940069   0.716689   0.000000    0.000000  0.000000  0.000000
   C  -3.694845   2.860312   0.000000    0.000000  0.000000  0.000000
   C  -2.457224   5.005715   0.000000    0.000000  0.000000  0.000000
   C  -6.138515  -5.727246   0.000000    0.000000  0.000000  0.000000
   C  -4.928214  -3.580071   0.000000    0.000000  0.000000  0.000000
   C  -3.698169  -1.425571   0.000000    0.000000  0.000000  0.000000
   N  -2.471779   0.716540   0.000000    0.000000  0.000000  0.000000
   C  -1.230705   2.851907   0.000000    0.000000 -0.000000  0.000000
   N   0.000000   5.003169   0.000000    0.000000  0.000000  0.000000
   C  -3.678966  -5.694052   0.000000    0.000000  0.000000  0.000000
   C  -2.466015  -3.560923   0.000000    0.000000  0.000000  0.000000
   C  -1.232423  -1.423207   0.000000    0.000000  0.000000  0.000000
   C   0.000000   0.715809   0.000000    0.000000  0.000000  0.000000
   C   1.230705   2.851907   0.000000    0.000000 -0.000000  0.000000
   C   2.457224   5.005715   0.000000    0.000000  0.000000  0.000000
   N  -1.226334  -5.685080   0.000000    0.000000  0.000000  0.000000
   C   0.000000  -3.557079   0.000000    0.000000  0.000000  0.000000
   C   1.232423  -1.423207   0.000000    0.000000  0.000000  0.000000
   C   2.471779   0.716540   0.000000    0.000000  0.000000  0.000000
   C   3.694845   2.860312   0.000000    0.000000  0.000000  0.000000
   N   4.910090   5.019617   0.000000    0.000000  0.000000  0.000000
   C   1.226334  -5.685080   0.000000    0.000000  0.000000  0.000000
   C   2.466015  -3.560923   0.000000    0.000000  0.000000  0.000000
   C   3.698169  -1.425571   0.000000    0.000000  0.000000  0.000000
   C   4.940069   0.716689   0.000000    0.000000  0.000000  0.000000
   C   6.173642   2.889413   0.000000    0.000000  0.000000  0.000000
   C   7.338226   5.042760   0.000000    0.000000  0.000000  0.000000
   C   3.678966  -5.694052   0.000000    0.000000  0.000000  0.000000
   C   4.928214  -3.580071   0.000000    0.000000  0.000000  0.000000
   C   6.173475  -1.431785   0.000000   -0.000000  0.000000  0.000000
   C   7.365228   0.691139   0.000000    0.000000  0.000000  0.000000
   C   6.138515  -5.727246   0.000000    0.000000  0.000000  0.000000
   C   7.358051  -3.642635   0.000000   -0.000000  0.000000  0.000000
   C  -7.358051   3.642635   0.000000    0.000000  0.000000  0.000000
   C  -6.138515   5.727246   0.000000    0.000000  0.000000  0.000000
   C  -7.365228  -0.691139   0.000000    0.000000  0.000000  0.000000
   C  -6.173475   1.431785   0.000000    0.000000  0.000000  0.000000
   C  -4.928214   3.580071   0.000000    0.000000 -0.000000  0.000000
   C  -3.678966   5.694052   0.000000    0.000000  0.000000  0.000000
   C  -7.338226  -5.042760   0.000000    0.000000  0.000000  0.000000
   C  -6.173642  -2.889413   0.000000    0.000000  0.000000  0.000000
   C  -4.940069  -0.716689   0.000000    0.000000  0.000000  0.000000
   C  -3.698169   1.425571   0.000000    0.000000  0.000000  0.000000
   N  -2.466015   3.560923   0.000000    0.000000 -0.000000  0.000000
   C  -1.226334   5.685080   0.000000    0.000000  0.000000  0.000000
   N  -4.910090  -5.019617   0.000000    0.000000  0.000000  0.000000
   C  -3.694845  -2.860312   0.000000    0.000000  0.000000  0.000000
   C  -2.471779  -0.716540   0.000000    0.000000  0.000000  0.000000
   C  -1.232423   1.423207   0.000000    0.000000  0.000000  0.000000
   C   0.000000   3.557079   0.000000    0.000000  0.000000  0.000000
   C   1.226334   5.685080   0.000000    0.000000  0.000000  0.000000
   C  -2.457224  -5.005715   0.000000    0.000000  0.000000  0.000000
   C  -1.230705  -2.851907   0.000000    0.000000  0.000000  0.000000
   C   0.000000  -0.715809   0.000000    0.000000  0.000000  0.000000
   C   1.232423   1.423207   0.000000    0.000000  0.000000  0.000000
   C   2.466015   3.560923   0.000000    0.000000 -0.000000  0.000000
   C   3.678966   5.694052   0.000000    0.000000  0.000000  0.000000
   C   0.000000  -5.003169   0.000000    0.000000  0.000000  0.000000
   C   1.230705  -2.851907   0.000000    0.000000  0.000000  0.000000
   C   2.471779  -0.716540   0.000000    0.000000  0.000000  0.000000
   C   3.698169   1.425571   0.000000    0.000000  0.000000  0.000000
   C   4.928214   3.580071   0.000000    0.000000 -0.000000  0.000000
   C   6.138515   5.727246   0.000000    0.000000  0.000000  0.000000
   C   2.457224  -5.005715   0.000000    0.000000  0.000000  0.000000
   C   3.694845  -2.860312   0.000000    0.000000  0.000000  0.000000
   C   4.940069  -0.716689   0.000000    0.000000  0.000000  0.000000
   C   6.173475   1.431785   0.000000   -0.000000  0.000000  0.000000
   C   7.358051   3.642635   0.000000   -0.000000  0.000000  0.000000
   N   4.910090  -5.019617   0.000000    0.000000  0.000000  0.000000
   C   6.173642  -2.889413   0.000000    0.000000  0.000000  0.000000
   C   7.365228  -0.691139   0.000000    0.000000  0.000000  0.000000
   C   7.338226  -5.042760   0.000000    0.000000  0.000000  0.000000
   H   8.282184   5.591425   0.000000    0.000000 -0.000000  0.000000
   H   8.325741   3.141106   0.000000    0.000000  0.000000  0.000000
   H   8.326715   1.204661   0.000000    0.000000  0.000000  0.000000
   H   8.326715  -1.204661   0.000000    0.000000  0.000000  0.000000
   H   8.325741  -3.141106   0.000000    0.000000  0.000000  0.000000
   H   8.282184  -5.591425   0.000000    0.000000  0.000000  0.000000
   H  -8.282184   5.591425   0.000000    0.000000 -0.000000  0.000000
   H  -8.325741   3.141106   0.000000    0.000000  0.000000  0.000000
   H  -8.326715   1.204661   0.000000    0.000000  0.000000  0.000000
   H  -8.326715  -1.204661   0.000000    0.000000  0.000000  0.000000
   H  -8.325741  -3.141106   0.000000    0.000000  0.000000  0.000000
   H  -8.282184  -5.591425   0.000000    0.000000  0.000000  0.000000
   H  -6.116625   6.819427   0.000000    0.000000  0.000000  0.000000
   H  -3.672757   6.787431   0.000000    0.000000  0.000000  0.000000
   H  -1.225580   6.778408   0.000000    0.000000 -0.000000  0.000000
   H   1.225580   6.778408   0.000000    0.000000 -0.000000  0.000000
   H   3.672757   6.787431   0.000000    0.000000  0.000000  0.000000
   H   6.116625   6.819427   0.000000   -0.000000  0.000000  0.000000
   H  -6.116625  -6.819427   0.000000    0.000000  0.000000  0.000000
   H  -3.672757  -6.787431   0.000000    0.000000  0.000000  0.000000
   H  -1.225580  -6.778408   0.000000    0.000000  0.000000  0.000000
   H   1.225580  -6.778408   0.000000    0.000000  0.000000  0.000000
   H   3.672757  -6.787431   0.000000    0.000000  0.000000  0.000000
   H   6.116625  -6.819427   0.000000   -0.000000  0.000000  0.000000
converged SCF energy = -3100.87364767382
--------------- ROKS_Scanner gradients ---------------
         x                y                z
0 C     0.0019535791     0.0129111363    -0.0000000000
1 C     0.0060804207     0.0165498296    -0.0000000000
2 C    -0.0023284643     0.0097927726    -0.0000000000
3 C     0.0142007232    -0.0000746893    -0.0000000000
4 C     0.0111162451    -0.0059907637    -0.0000000000
5 C    -0.0211070595     0.0008155281    -0.0000000000
6 C    -0.0025376372    -0.0034454639     0.0000000000
7 C    -0.0022240052     0.0331282120    -0.0000000000
8 C     0.0042337612     0.0100758006     0.0000000000
9 C     0.0068009656    -0.0103968797     0.0000000000
10 C     0.0027234629     0.0016992103    -0.0000000000
11 C    -0.0037779840    -0.0033673978    -0.0000000000
12 N    -0.0120075923     0.0239295486    -0.0000000000
13 C     0.0048139597     0.0142551475    -0.0000000000
14 N    -0.0017051771    -0.0019048304     0.0000000000
15 C    -0.0245141602    -0.0172565301     0.0000000000
16 C    -0.0246987544    -0.0019458664    -0.0000000000
17 C     0.0167473232    -0.0051742159    -0.0000000000
18 C     0.0062974831     0.0115864690    -0.0000000000
19 C    -0.0053672480    -0.0044229261     0.0000000000
20 C     0.0118106702     0.0117132290     0.0000000000
21 N    -0.0030947072     0.0281220157    -0.0000000000
22 C    -0.0061890580     0.0185281146     0.0000000000
23 C     0.0021300668    -0.0101148290    -0.0000000000
24 C     0.0060797388     0.0095910568    -0.0000000000
25 C     0.0040171960     0.0038798624     0.0000000000
26 N     0.0124953477    -0.0070906716    -0.0000000000
27 C     0.0203831312     0.0006241991     0.0000000000
28 C     0.0109737955     0.0100754227     0.0000000000
29 C    -0.0104879527     0.0095693967    -0.0000000000
30 C    -0.0034352923    -0.0032101662    -0.0000000000
31 C     0.0090605231    -0.0026376302    -0.0000000000
32 C     0.0107986818     0.0172206571     0.0000000000
33 C    -0.0203745786    -0.0146192059     0.0000000000
34 C    -0.0014785362     0.0136256489    -0.0000000000
35 C     0.0123085466     0.0069338970    -0.0000000000
36 C    -0.0075674510     0.0114422825    -0.0000000000
37 C     0.0147953913    -0.0137501032    -0.0000000000
38 C    -0.0103515917     0.0106208066    -0.0000000000
39 C     0.0050702692    -0.0094014794     0.0000000000
40 C    -0.0126226532     0.0036459738     0.0000000000
41 C     0.0098086846    -0.0137166590     0.0000000000
42 C    -0.0115907748    -0.0094108884     0.0000000000
43 C    -0.0071989697     0.0003988272     0.0000000000
44 C    -0.0227461587     0.0080288936    -0.0000000000
45 C    -0.0221749418     0.0056164541    -0.0000000000
46 C    -0.0078310603     0.0080874014     0.0000000000
47 C     0.0123344742     0.0032655528     0.0000000000
48 C     0.0014619414    -0.0358444031    -0.0000000000
49 N     0.0026798424    -0.0221309500     0.0000000000
50 C    -0.0137720938     0.0190307716    -0.0000000000
51 N     0.0008931981    -0.0061290614    -0.0000000000
52 C     0.0054725013     0.0067870254     0.0000000000
53 C    -0.0088187104    -0.0107867020     0.0000000000
54 C     0.0096276672    -0.0240674146     0.0000000000
55 C     0.0100809205    -0.0163750941    -0.0000000000
56 C     0.0083730032     0.0187697464    -0.0000000000
57 C     0.0298045118     0.0164042016    -0.0000000000
58 C     0.0254446008    -0.0013813309     0.0000000000
59 C    -0.0121181217    -0.0089726756     0.0000000000
60 C    -0.0001537810    -0.0062425843    -0.0000000000
61 C     0.0036507534    -0.0037004817    -0.0000000000
62 C    -0.0269242429     0.0129055365     0.0000000000
63 C    -0.0074933375    -0.0026823473    -0.0000000000
64 C    -0.0013111625     0.0119616838     0.0000000000
65 C     0.0080976912    -0.0080073268     0.0000000000
66 C    -0.0083076216    -0.0116050468     0.0000000000
67 C    -0.0102538310    -0.0132695587     0.0000000000
68 C     0.0124659549     0.0123293434     0.0000000000
69 C    -0.0064216499    -0.0176887293    -0.0000000000
70 C    -0.0054228213    -0.0039204211     0.0000000000
71 C    -0.0007325984     0.0036590588     0.0000000000
72 C     0.0136676820    -0.0057362089     0.0000000000
73 C    -0.0134510078    -0.0112078265     0.0000000000
74 N     0.0055032017     0.0055866811    -0.0000000000
75 C     0.0038897374     0.0001811699     0.0000000000
76 C    -0.0069896695    -0.0117658486     0.0000000000
77 C     0.0096797048    -0.0161426496     0.0000000000
78 H     0.0078131793     0.0008637690     0.0000000000
79 H     0.0065131521    -0.0034401906    -0.0000000000
80 H     0.0054009017     0.0034772523     0.0000000000
81 H     0.0052678300    -0.0035588174    -0.0000000000
82 H     0.0064207240     0.0033937558     0.0000000000
83 H     0.0078294342    -0.0008997503    -0.0000000000
84 H    -0.0047774102     0.0029645719     0.0000000000
85 H    -0.0060009102    -0.0028669096    -0.0000000000
86 H    -0.0059135332     0.0030574274     0.0000000000
87 H    -0.0056638206    -0.0031397550    -0.0000000000
88 H    -0.0067258816     0.0032037598    -0.0000000000
89 H    -0.0079834832    -0.0004528849     0.0000000000
90 H    -0.0002328061     0.0059426389    -0.0000000000
91 H    -0.0026197638     0.0079165129    -0.0000000000
92 H    -0.0051397197     0.0115436312     0.0000000000
93 H     0.0087186576     0.0094945965     0.0000000000
94 H    -0.0089948039     0.0095701152    -0.0000000000
95 H     0.0085576050     0.0096446792    -0.0000000000
96 H    -0.0076730104    -0.0092513591    -0.0000000000
97 H     0.0078322298    -0.0087015624    -0.0000000000
98 H    -0.0006596586    -0.0621708698     0.0000000000
99 H     0.0000214580    -0.0052086781     0.0000000000
100 H    -0.0088061075    -0.0095351999    -0.0000000000
101 H     0.0085587759    -0.0095777327     0.0000000000
----------------------------------------------
cycle 1: E = -3100.87364767  dE = -3100.87  norm(grad) = 0.169823

Geometry optimization cycle 2
