1721291705.0358763

Geometry optimization cycle 1
Cartesian coordinates (Angstrom)
 Atom        New coordinates             dX        dY        dZ
   C  -7.338226   5.042760   0.000000    0.000000  0.000000  0.000000
   C  -7.365228   0.691139   0.000000    0.000000  0.000000  0.000000
   C  -6.173642   2.889413   0.000000    0.000000  0.000000  0.000000
   C  -4.910090   5.019617   0.000000    0.000000  0.000000  0.000000
   C  -7.358051  -3.642635   0.000000    0.000000  0.000000  0.000000
   C  -6.173475  -1.431785   0.000000    0.000000  0.000000  0.000000
   C  -4.940069   0.716689   0.000000    0.000000  0.000000  0.000000
   C  -3.694845   2.860312   0.000000    0.000000  0.000000  0.000000
   C  -2.457224   5.005715   0.000000    0.000000  0.000000  0.000000
   C  -6.138515  -5.727246   0.000000    0.000000  0.000000  0.000000
   C  -4.928214  -3.580071   0.000000    0.000000  0.000000  0.000000
   C  -3.698169  -1.425571   0.000000    0.000000  0.000000  0.000000
   C  -2.471779   0.716540   0.000000    0.000000  0.000000  0.000000
   C  -1.230705   2.851907   0.000000    0.000000 -0.000000  0.000000
   C   0.000000   5.003169   0.000000    0.000000  0.000000  0.000000
   C  -3.678966  -5.694052   0.000000    0.000000  0.000000  0.000000
   C  -2.466015  -3.560923   0.000000    0.000000  0.000000  0.000000
   C  -1.232423  -1.423207   0.000000    0.000000  0.000000  0.000000
   C   0.000000   0.715809   0.000000    0.000000  0.000000  0.000000
   C   1.230705   2.851907   0.000000    0.000000 -0.000000  0.000000
   C   2.457224   5.005715   0.000000    0.000000  0.000000  0.000000
   C  -1.226334  -5.685080   0.000000    0.000000  0.000000  0.000000
   C   0.000000  -3.557079   0.000000    0.000000  0.000000  0.000000
   C   1.232423  -1.423207   0.000000    0.000000  0.000000  0.000000
   C   2.471779   0.716540   0.000000    0.000000  0.000000  0.000000
   N   3.694845   2.860312   0.000000    0.000000  0.000000  0.000000
   C   4.910090   5.019617   0.000000    0.000000  0.000000  0.000000
   C   1.226334  -5.685080   0.000000    0.000000  0.000000  0.000000
   C   2.466015  -3.560923   0.000000    0.000000  0.000000  0.000000
   C   3.698169  -1.425571   0.000000    0.000000  0.000000  0.000000
   C   4.940069   0.716689   0.000000    0.000000  0.000000  0.000000
   C   6.173642   2.889413   0.000000    0.000000  0.000000  0.000000
   C   7.338226   5.042760   0.000000    0.000000  0.000000  0.000000
   C   3.678966  -5.694052   0.000000    0.000000  0.000000  0.000000
   C   4.928214  -3.580071   0.000000    0.000000  0.000000  0.000000
   C   6.173475  -1.431785   0.000000   -0.000000  0.000000  0.000000
   C   7.365228   0.691139   0.000000    0.000000  0.000000  0.000000
   C   6.138515  -5.727246   0.000000    0.000000  0.000000  0.000000
   C   7.358051  -3.642635   0.000000   -0.000000  0.000000  0.000000
   C  -7.358051   3.642635   0.000000    0.000000  0.000000  0.000000
   C  -6.138515   5.727246   0.000000    0.000000  0.000000  0.000000
   C  -7.365228  -0.691139   0.000000    0.000000  0.000000  0.000000
   C  -6.173475   1.431785   0.000000    0.000000  0.000000  0.000000
   C  -4.928214   3.580071   0.000000    0.000000 -0.000000  0.000000
   C  -3.678966   5.694052   0.000000    0.000000  0.000000  0.000000
   C  -7.338226  -5.042760   0.000000    0.000000  0.000000  0.000000
   C  -6.173642  -2.889413   0.000000    0.000000  0.000000  0.000000
   C  -4.940069  -0.716689   0.000000    0.000000  0.000000  0.000000
   C  -3.698169   1.425571   0.000000    0.000000  0.000000  0.000000
   C  -2.466015   3.560923   0.000000    0.000000 -0.000000  0.000000
   C  -1.226334   5.685080   0.000000    0.000000  0.000000  0.000000
   C  -4.910090  -5.019617   0.000000    0.000000  0.000000  0.000000
   C  -3.694845  -2.860312   0.000000    0.000000  0.000000  0.000000
   N  -2.471779  -0.716540   0.000000    0.000000  0.000000  0.000000
   C  -1.232423   1.423207   0.000000    0.000000  0.000000  0.000000
   C   0.000000   3.557079   0.000000    0.000000  0.000000  0.000000
   N   1.226334   5.685080   0.000000    0.000000  0.000000  0.000000
   C  -2.457224  -5.005715   0.000000    0.000000  0.000000  0.000000
   C  -1.230705  -2.851907   0.000000    0.000000  0.000000  0.000000
   C   0.000000  -0.715809   0.000000    0.000000  0.000000  0.000000
   C   1.232423   1.423207   0.000000    0.000000  0.000000  0.000000
   C   2.466015   3.560923   0.000000    0.000000 -0.000000  0.000000
   C   3.678966   5.694052   0.000000    0.000000  0.000000  0.000000
   C   0.000000  -5.003169   0.000000    0.000000  0.000000  0.000000
   C   1.230705  -2.851907   0.000000    0.000000  0.000000  0.000000
   C   2.471779  -0.716540   0.000000    0.000000  0.000000  0.000000
   C   3.698169   1.425571   0.000000    0.000000  0.000000  0.000000
   C   4.928214   3.580071   0.000000    0.000000 -0.000000  0.000000
   C   6.138515   5.727246   0.000000    0.000000  0.000000  0.000000
   C   2.457224  -5.005715   0.000000    0.000000  0.000000  0.000000
   C   3.694845  -2.860312   0.000000    0.000000  0.000000  0.000000
   C   4.940069  -0.716689   0.000000    0.000000  0.000000  0.000000
   C   6.173475   1.431785   0.000000   -0.000000  0.000000  0.000000
   C   7.358051   3.642635   0.000000   -0.000000  0.000000  0.000000
   C   4.910090  -5.019617   0.000000    0.000000  0.000000  0.000000
   C   6.173642  -2.889413   0.000000    0.000000  0.000000  0.000000
   C   7.365228  -0.691139   0.000000    0.000000  0.000000  0.000000
   C   7.338226  -5.042760   0.000000    0.000000  0.000000  0.000000
   H   8.282184   5.591425   0.000000    0.000000 -0.000000  0.000000
   H   8.325741   3.141106   0.000000    0.000000  0.000000  0.000000
   H   8.326715   1.204661   0.000000    0.000000  0.000000  0.000000
   H   8.326715  -1.204661   0.000000    0.000000  0.000000  0.000000
   H   8.325741  -3.141106   0.000000    0.000000  0.000000  0.000000
   H   8.282184  -5.591425   0.000000    0.000000  0.000000  0.000000
   H  -8.282184   5.591425   0.000000    0.000000 -0.000000  0.000000
   H  -8.325741   3.141106   0.000000    0.000000  0.000000  0.000000
   H  -8.326715   1.204661   0.000000    0.000000  0.000000  0.000000
   H  -8.326715  -1.204661   0.000000    0.000000  0.000000  0.000000
   H  -8.325741  -3.141106   0.000000    0.000000  0.000000  0.000000
   H  -8.282184  -5.591425   0.000000    0.000000  0.000000  0.000000
   H  -6.116625   6.819427   0.000000    0.000000  0.000000  0.000000
   H  -3.672757   6.787431   0.000000    0.000000  0.000000  0.000000
   H  -1.225580   6.778408   0.000000    0.000000 -0.000000  0.000000
   H   1.225580   6.778408   0.000000    0.000000 -0.000000  0.000000
   H   3.672757   6.787431   0.000000    0.000000  0.000000  0.000000
   H   6.116625   6.819427   0.000000   -0.000000  0.000000  0.000000
   H  -6.116625  -6.819427   0.000000    0.000000  0.000000  0.000000
   H  -3.672757  -6.787431   0.000000    0.000000  0.000000  0.000000
   H  -1.225580  -6.778408   0.000000    0.000000  0.000000  0.000000
   H   1.225580  -6.778408   0.000000    0.000000  0.000000  0.000000
   H   3.672757  -6.787431   0.000000    0.000000  0.000000  0.000000
   H   6.116625  -6.819427   0.000000   -0.000000  0.000000  0.000000
converged SCF energy = -3034.50422137977
--------------- ROKS_Scanner gradients ---------------
         x                y                z
0 C    -0.0045353637     0.0024363289     0.0000000000
1 C     0.0027019610     0.0104866027    -0.0000000000
2 C     0.0024888796    -0.0052203962     0.0000000000
3 C     0.0027030365     0.0031003698     0.0000000000
4 C     0.0003537747    -0.0020093660    -0.0000000000
5 C    -0.0109014155     0.0017840991    -0.0000000000
6 C     0.0129781824    -0.0002209703     0.0000000000
7 C    -0.0000520894     0.0054178009     0.0000000000
8 C     0.0197552182     0.0026689385    -0.0000000000
9 C     0.0027440674    -0.0029060231    -0.0000000000
10 C     0.0046668819    -0.0022277208    -0.0000000000
11 C    -0.0186092789    -0.0030211806     0.0000000000
12 C     0.0017681281     0.0040707132     0.0000000000
13 C     0.0118523930     0.0007589363     0.0000000000
14 C     0.0237105313    -0.0092475102     0.0000000000
15 C    -0.0007525410    -0.0036228183    -0.0000000000
16 C    -0.0018093556     0.0036673328    -0.0000000000
17 C     0.0131585670    -0.0064738831    -0.0000000000
18 C    -0.0071902399     0.0024147903    -0.0000000000
19 C    -0.0046028295     0.0026489507     0.0000000000
20 C    -0.0124399239    -0.0073007282    -0.0000000000
21 C    -0.0099397196    -0.0024788936    -0.0000000000
22 C    -0.0020067026    -0.0021243008    -0.0000000000
23 C     0.0000450848     0.0041345582    -0.0000000000
24 C     0.0007026035    -0.0046907129    -0.0000000000
25 N    -0.0038063396     0.0082053585     0.0000000000
26 C    -0.0047137929     0.0122847980    -0.0000000000
27 C    -0.0042886714     0.0001109611    -0.0000000000
28 C     0.0005010051    -0.0015673147    -0.0000000000
29 C    -0.0027055298     0.0060598677    -0.0000000000
30 C    -0.0071094491    -0.0109715271    -0.0000000000
31 C     0.0108228300     0.0015515077    -0.0000000000
32 C     0.0009924888     0.0096012440     0.0000000000
33 C     0.0053618683     0.0003853746     0.0000000000
34 C    -0.0034204408     0.0020893792    -0.0000000000
35 C     0.0013512116    -0.0029286133    -0.0000000000
36 C    -0.0012338857     0.0017425532    -0.0000000000
37 C     0.0027217866    -0.0025026581    -0.0000000000
38 C    -0.0001765783     0.0025325794    -0.0000000000
39 C    -0.0001249678     0.0020985982    -0.0000000000
40 C     0.0000498865     0.0035614438    -0.0000000000
41 C     0.0031260466    -0.0095153879     0.0000000000
42 C    -0.0118698821     0.0027471142    -0.0000000000
43 C     0.0014725524    -0.0007927797    -0.0000000000
44 C    -0.0128285298     0.0044091063     0.0000000000
45 C    -0.0052103102    -0.0009937471     0.0000000000
46 C     0.0008646697     0.0042016809     0.0000000000
47 C     0.0029199719    -0.0068188605    -0.0000000000
48 C    -0.0073985077     0.0045963094    -0.0000000000
49 C    -0.0052815508    -0.0017082736    -0.0000000000
50 C    -0.0393969254     0.0028625580     0.0000000000
51 C    -0.0027230145    -0.0011203588     0.0000000000
52 C    -0.0048204037    -0.0087860447     0.0000000000
53 N     0.0009830053     0.0076519484     0.0000000000
54 C     0.0041892482     0.0048284046    -0.0000000000
55 C    -0.0144233885    -0.0110451714    -0.0000000000
56 N    -0.0082802669    -0.0180413172    -0.0000000000
57 C     0.0059414463    -0.0004847346     0.0000000000
58 C     0.0051689372    -0.0040021951     0.0000000000
59 C     0.0074351633    -0.0094150030     0.0000000000
60 C     0.0050206709     0.0003592111    -0.0000000000
61 C    -0.0003571095    -0.0034608259    -0.0000000000
62 C     0.0307072899    -0.0004946373     0.0000000000
63 C     0.0112205434    -0.0019542313     0.0000000000
64 C    -0.0024539668     0.0003587894     0.0000000000
65 C    -0.0008747546    -0.0036271893     0.0000000000
66 C     0.0010087694    -0.0214555268     0.0000000000
67 C     0.0028607105     0.0019933573     0.0000000000
68 C     0.0055576558     0.0059223912    -0.0000000000
69 C    -0.0014531251    -0.0007256954     0.0000000000
70 C     0.0023867095    -0.0054511502     0.0000000000
71 C     0.0030393909     0.0020848967     0.0000000000
72 C     0.0032441250     0.0047124269     0.0000000000
73 C    -0.0017529180    -0.0086599031     0.0000000000
74 C    -0.0054805083    -0.0036051593     0.0000000000
75 C     0.0021026693     0.0024647448     0.0000000000
76 C     0.0016626580    -0.0037777323     0.0000000000
77 C     0.0017301992    -0.0041979666     0.0000000000
78 H     0.0051186974     0.0030089724     0.0000000000
79 H     0.0069288476    -0.0024123128    -0.0000000000
80 H     0.0059615254     0.0029769862     0.0000000000
81 H     0.0055987541    -0.0031259143    -0.0000000000
82 H     0.0054684318     0.0030996952     0.0000000000
83 H     0.0049826499    -0.0029487693    -0.0000000000
84 H    -0.0048127225     0.0028539850     0.0000000000
85 H    -0.0055195954    -0.0030048074     0.0000000000
86 H    -0.0058349076     0.0029149665     0.0000000000
87 H    -0.0061808644    -0.0027623987    -0.0000000000
88 H    -0.0057721439     0.0029216302     0.0000000000
89 H    -0.0049430388    -0.0028698340    -0.0000000000
90 H     0.0000744832     0.0059442318     0.0000000000
91 H    -0.0000177216     0.0061707895    -0.0000000000
92 H     0.0001993882     0.0055039106     0.0000000000
93 H    -0.0008912860     0.0621725495     0.0000000000
94 H    -0.0002353032     0.0063739235    -0.0000000000
95 H     0.0008570466     0.0066264842     0.0000000000
96 H     0.0000121878    -0.0060853528     0.0000000000
97 H    -0.0001387647    -0.0063914564    -0.0000000000
98 H     0.0001060209    -0.0063176814     0.0000000000
99 H     0.0001581702    -0.0060853615     0.0000000000
100 H     0.0000236735    -0.0060389533    -0.0000000000
101 H    -0.0001991861    -0.0059209426    -0.0000000000
----------------------------------------------
cycle 1: E = -3034.50422138  dE = -3034.5  norm(grad) = 0.116884

Geometry optimization cycle 2
Cartesian coordinates (Angstrom)
 Atom        New coordinates             dX        dY        dZ
   C  -7.252136   4.987414   0.000000    0.086089 -0.055346  0.000000
   C  -7.308136   0.687182   0.000000    0.057092 -0.003957  0.000000
   C  -6.120481   2.868373   0.000000    0.053161 -0.021041  0.000000
   C  -4.837402   4.974225   0.000000    0.072689 -0.045392  0.000000
   C  -7.313277  -3.563092   0.000000    0.044774  0.079543  0.000000
   C  -6.103587  -1.401841   0.000000    0.069888  0.029944  0.000000
   C  -4.904889   0.715793  -0.000000    0.035180 -0.000896 -0.000000
   C  -3.659869   2.825905  -0.000000    0.034976 -0.034407 -0.000000
   C  -2.404162   4.962346  -0.000000    0.053061 -0.043369 -0.000000
   C  -6.099768  -5.641420   0.000000    0.038748  0.085826  0.000000
   C  -4.889254  -3.526064   0.000000    0.038960  0.054007  0.000000
   C  -3.648221  -1.399636  -0.000000    0.049948  0.025935 -0.000000
   C  -2.455713   0.693807  -0.000000    0.016066 -0.022732 -0.000000
   C  -1.234561   2.798823  -0.000000   -0.003856 -0.053084 -0.000000
   C  -0.029664   4.884751  -0.000000   -0.029664 -0.118418 -0.000000
   C  -3.653835  -5.631429   0.000000    0.025131  0.062624  0.000000
   C  -2.447646  -3.525822  -0.000000    0.018369  0.035101 -0.000000
   C  -1.235097  -1.403370  -0.000000   -0.002674  0.019838 -0.000000
   C   0.002789   0.700396  -0.000000    0.002789 -0.015413 -0.000000
   C   1.230475   2.795927  -0.000000   -0.000229 -0.055980 -0.000000
   C   2.447181   4.904257  -0.000000   -0.010043 -0.101458 -0.000000
   C  -1.210131  -5.631350  -0.000000    0.016203  0.053729 -0.000000
   C  -0.000304  -3.508043  -0.000000   -0.000304  0.049036 -0.000000
   C   1.217911  -1.404732  -0.000000   -0.014512  0.018475 -0.000000
   C   2.459377   0.715661  -0.000000   -0.012403 -0.000879 -0.000000
   N   3.664385   2.814291  -0.000000   -0.030460 -0.046020 -0.000000
   C   4.802889   4.943500   0.000000   -0.107201 -0.076117  0.000000
   C   1.217053  -5.616771  -0.000000   -0.009282  0.068309 -0.000000
   C   2.453270  -3.515831  -0.000000   -0.012745  0.045092 -0.000000
   C   3.672259  -1.404701  -0.000000   -0.025910  0.020870 -0.000000
   C   4.914014   0.730068  -0.000000   -0.026054  0.013380 -0.000000
   C   6.101457   2.860451   0.000000   -0.072184 -0.028963  0.000000
   C   7.225143   4.998832   0.000000   -0.113082 -0.043928  0.000000
   C   3.652649  -5.635238  -0.000000   -0.026317  0.058814 -0.000000
   C   4.900548  -3.534661   0.000000   -0.027666  0.045410  0.000000
   C   6.125908  -1.399615   0.000000   -0.047567  0.032170  0.000000
   C   7.331163   0.705225   0.000000   -0.034065  0.014086  0.000000
   C   6.097624  -5.661130   0.000000   -0.040891  0.066116  0.000000
   C   7.315933  -3.588484   0.000000   -0.042119  0.054151  0.000000
   C  -7.304645   3.598585   0.000000    0.053406 -0.044050  0.000000
   C  -6.060571   5.667667   0.000000    0.077944 -0.059579  0.000000
   C  -7.299765  -0.678172   0.000000    0.065462  0.012967  0.000000
   C  -6.118420   1.422717   0.000000    0.055055 -0.009068  0.000000
   C  -4.880400   3.548639   0.000000    0.047814 -0.031432  0.000000
   C  -3.606507   5.642066  -0.000000    0.072459 -0.051986 -0.000000
   C  -7.284665  -4.953139   0.000000    0.053561  0.089621  0.000000
   C  -6.122234  -2.842154   0.000000    0.051408  0.047259  0.000000
   C  -4.884834  -0.696152  -0.000000    0.055235  0.020537 -0.000000
   C  -3.662760   1.403311  -0.000000    0.035409 -0.022260 -0.000000
   C  -2.439370   3.526074  -0.000000    0.026645 -0.034848 -0.000000
   C  -1.161594   5.638731  -0.000000    0.064740 -0.046349 -0.000000
   C  -4.871032  -4.953140   0.000000    0.039059  0.066477  0.000000
   C  -3.658086  -2.815997  -0.000000    0.036759  0.044314 -0.000000
   N  -2.447861  -0.713726  -0.000000    0.023918  0.002814 -0.000000
   C  -1.229212   1.385900  -0.000000    0.003211 -0.037307 -0.000000
   C   0.002971   3.476654  -0.000000    0.002971 -0.080424 -0.000000
   N   1.207894   5.474639  -0.000000   -0.018441 -0.210440 -0.000000
   C  -2.438099  -4.957760  -0.000000    0.019125  0.047955 -0.000000
   C  -1.228599  -2.815952  -0.000000    0.002106  0.035955 -0.000000
   C  -0.012341  -0.705032  -0.000000   -0.012341  0.010777 -0.000000
   C   1.222687   1.393571  -0.000000   -0.009736 -0.029636 -0.000000
   C   2.453241   3.492603  -0.000000   -0.012774 -0.068319 -0.000000
   C   3.589278   5.646884   0.000000   -0.089688 -0.047168  0.000000
   C  -0.008220  -4.940962  -0.000000   -0.008220  0.062206 -0.000000
   C   1.226021  -2.817632  -0.000000   -0.004684  0.034275 -0.000000
   C   2.452210  -0.702423  -0.000000   -0.019569  0.014116 -0.000000
   C   3.675359   1.422833  -0.000000   -0.022809 -0.002738 -0.000000
   C   4.865136   3.527554   0.000000   -0.063078 -0.052517  0.000000
   C   6.013311   5.645624   0.000000   -0.125204 -0.081621  0.000000
   C   2.442792  -4.947963  -0.000000   -0.014431  0.057752 -0.000000
   C   3.672873  -2.821359  -0.000000   -0.021972  0.038953 -0.000000
   C   4.899501  -0.694025  -0.000000   -0.040567  0.022664 -0.000000
   C   6.137008   1.422369   0.000000   -0.036467 -0.009416  0.000000
   C   7.272022   3.618670   0.000000   -0.086029 -0.023965  0.000000
   C   4.879621  -4.960739   0.000000   -0.030470  0.058878  0.000000
   C   6.134096  -2.847405   0.000000   -0.039546  0.042009  0.000000
   C   7.311216  -0.664682   0.000000   -0.054012  0.026457  0.000000
   C   7.288402  -4.976437   0.000000   -0.049823  0.066323  0.000000
   H   8.148030   5.565068   0.000000   -0.134154 -0.026356  0.000000
   H   8.233529   3.129257   0.000000   -0.092212 -0.011849  0.000000
   H   8.282946   1.215418   0.000000   -0.043769  0.010757  0.000000
   H   8.260504  -1.180301   0.000000   -0.066211  0.024361  0.000000
   H   8.275731  -3.092479   0.000000   -0.050009  0.048627  0.000000
   H   8.224233  -5.521466   0.000000   -0.057951  0.069959  0.000000
   H  -8.182449   5.542388   0.000000    0.099735 -0.049036  0.000000
   H  -8.266678   3.106931   0.000000    0.059062 -0.034175  0.000000
   H  -8.261264   1.195315   0.000000    0.065451 -0.009347  0.000000
   H  -8.245963  -1.198362   0.000000    0.080752  0.006299  0.000000
   H  -8.268105  -3.058193   0.000000    0.057635  0.082913  0.000000
   H  -8.221420  -5.496802   0.000000    0.060764  0.094622  0.000000
   H  -6.042419   6.750806   0.000000    0.074207 -0.068620  0.000000
   H  -3.596997   6.725934   0.000000    0.075760 -0.061497  0.000000
   H  -1.115600   6.722624  -0.000000    0.109980 -0.055784 -0.000000
   H   1.207534   6.472411   0.000000   -0.018046 -0.305996  0.000000
   H   3.563195   6.730166   0.000000   -0.109561 -0.057266  0.000000
   H   5.967829   6.726943   0.000000   -0.148796 -0.092484  0.000000
   H  -6.088007  -6.724434   0.000000    0.028618  0.094992  0.000000
   H  -3.654206  -6.715002   0.000000    0.018551  0.072430  0.000000
   H  -1.201150  -6.714932  -0.000000    0.024430  0.063476 -0.000000
   H   1.214412  -6.700744  -0.000000   -0.011168  0.077664 -0.000000
   H   3.644968  -6.719325  -0.000000   -0.027789  0.068106 -0.000000
   H   6.078707  -6.744289   0.000000   -0.037919  0.075138  0.000000
converged SCF energy = -3034.53158946285
