1721292852.952076

Geometry optimization cycle 1
Cartesian coordinates (Angstrom)
 Atom        New coordinates             dX        dY        dZ
   C  -7.338226   5.042760   0.000000    0.000000  0.000000  0.000000
   C  -7.365228   0.691139   0.000000    0.000000  0.000000  0.000000
   C  -6.173642   2.889413   0.000000    0.000000  0.000000  0.000000
   C  -4.910090   5.019617   0.000000    0.000000  0.000000  0.000000
   C  -7.358051  -3.642635   0.000000    0.000000  0.000000  0.000000
   C  -6.173475  -1.431785   0.000000    0.000000  0.000000  0.000000
   N  -4.940069   0.716689   0.000000    0.000000  0.000000  0.000000
   N  -3.694845   2.860312   0.000000    0.000000  0.000000  0.000000
   C  -2.457224   5.005715   0.000000    0.000000  0.000000  0.000000
   C  -6.138515  -5.727246   0.000000    0.000000  0.000000  0.000000
   C  -4.928214  -3.580071   0.000000    0.000000  0.000000  0.000000
   C  -3.698169  -1.425571   0.000000    0.000000  0.000000  0.000000
   C  -2.471779   0.716540   0.000000    0.000000  0.000000  0.000000
   C  -1.230705   2.851907   0.000000    0.000000 -0.000000  0.000000
   C   0.000000   5.003169   0.000000    0.000000  0.000000  0.000000
   N  -3.678966  -5.694052   0.000000    0.000000  0.000000  0.000000
   C  -2.466015  -3.560923   0.000000    0.000000  0.000000  0.000000
   C  -1.232423  -1.423207   0.000000    0.000000  0.000000  0.000000
   C   0.000000   0.715809   0.000000    0.000000  0.000000  0.000000
   C   1.230705   2.851907   0.000000    0.000000 -0.000000  0.000000
   C   2.457224   5.005715   0.000000    0.000000  0.000000  0.000000
   C  -1.226334  -5.685080   0.000000    0.000000  0.000000  0.000000
   C   0.000000  -3.557079   0.000000    0.000000  0.000000  0.000000
   C   1.232423  -1.423207   0.000000    0.000000  0.000000  0.000000
   C   2.471779   0.716540   0.000000    0.000000  0.000000  0.000000
   N   3.694845   2.860312   0.000000    0.000000  0.000000  0.000000
   C   4.910090   5.019617   0.000000    0.000000  0.000000  0.000000
   C   1.226334  -5.685080   0.000000    0.000000  0.000000  0.000000
   C   2.466015  -3.560923   0.000000    0.000000  0.000000  0.000000
   C   3.698169  -1.425571   0.000000    0.000000  0.000000  0.000000
   C   4.940069   0.716689   0.000000    0.000000  0.000000  0.000000
   C   6.173642   2.889413   0.000000    0.000000  0.000000  0.000000
   N   7.338226   5.042760   0.000000    0.000000  0.000000  0.000000
   C   3.678966  -5.694052   0.000000    0.000000  0.000000  0.000000
   C   4.928214  -3.580071   0.000000    0.000000  0.000000  0.000000
   C   6.173475  -1.431785   0.000000   -0.000000  0.000000  0.000000
   C   7.365228   0.691139   0.000000    0.000000  0.000000  0.000000
   C   6.138515  -5.727246   0.000000    0.000000  0.000000  0.000000
   C   7.358051  -3.642635   0.000000   -0.000000  0.000000  0.000000
   C  -7.358051   3.642635   0.000000    0.000000  0.000000  0.000000
   C  -6.138515   5.727246   0.000000    0.000000  0.000000  0.000000
   C  -7.365228  -0.691139   0.000000    0.000000  0.000000  0.000000
   N  -6.173475   1.431785   0.000000    0.000000  0.000000  0.000000
   C  -4.928214   3.580071   0.000000    0.000000 -0.000000  0.000000
   C  -3.678966   5.694052   0.000000    0.000000  0.000000  0.000000
   C  -7.338226  -5.042760   0.000000    0.000000  0.000000  0.000000
   C  -6.173642  -2.889413   0.000000    0.000000  0.000000  0.000000
   C  -4.940069  -0.716689   0.000000    0.000000  0.000000  0.000000
   C  -3.698169   1.425571   0.000000    0.000000  0.000000  0.000000
   C  -2.466015   3.560923   0.000000    0.000000 -0.000000  0.000000
   C  -1.226334   5.685080   0.000000    0.000000  0.000000  0.000000
   C  -4.910090  -5.019617   0.000000    0.000000  0.000000  0.000000
   N  -3.694845  -2.860312   0.000000    0.000000  0.000000  0.000000
   C  -2.471779  -0.716540   0.000000    0.000000  0.000000  0.000000
   C  -1.232423   1.423207   0.000000    0.000000  0.000000  0.000000
   C   0.000000   3.557079   0.000000    0.000000  0.000000  0.000000
   C   1.226334   5.685080   0.000000    0.000000  0.000000  0.000000
   N  -2.457224  -5.005715   0.000000    0.000000  0.000000  0.000000
   C  -1.230705  -2.851907   0.000000    0.000000  0.000000  0.000000
   C   0.000000  -0.715809   0.000000    0.000000  0.000000  0.000000
   C   1.232423   1.423207   0.000000    0.000000  0.000000  0.000000
   C   2.466015   3.560923   0.000000    0.000000 -0.000000  0.000000
   C   3.678966   5.694052   0.000000    0.000000  0.000000  0.000000
   C   0.000000  -5.003169   0.000000    0.000000  0.000000  0.000000
   C   1.230705  -2.851907   0.000000    0.000000  0.000000  0.000000
   C   2.471779  -0.716540   0.000000    0.000000  0.000000  0.000000
   C   3.698169   1.425571   0.000000    0.000000  0.000000  0.000000
   C   4.928214   3.580071   0.000000    0.000000 -0.000000  0.000000
   C   6.138515   5.727246   0.000000    0.000000  0.000000  0.000000
   C   2.457224  -5.005715   0.000000    0.000000  0.000000  0.000000
   C   3.694845  -2.860312   0.000000    0.000000  0.000000  0.000000
   C   4.940069  -0.716689   0.000000    0.000000  0.000000  0.000000
   N   6.173475   1.431785   0.000000   -0.000000  0.000000  0.000000
   C   7.358051   3.642635   0.000000   -0.000000  0.000000  0.000000
   C   4.910090  -5.019617   0.000000    0.000000  0.000000  0.000000
   C   6.173642  -2.889413   0.000000    0.000000  0.000000  0.000000
   C   7.365228  -0.691139   0.000000    0.000000  0.000000  0.000000
   C   7.338226  -5.042760   0.000000    0.000000  0.000000  0.000000
   H   8.282184   5.591425   0.000000    0.000000 -0.000000  0.000000
   H   8.325741   3.141106   0.000000    0.000000  0.000000  0.000000
   H   8.326715   1.204661   0.000000    0.000000  0.000000  0.000000
   H   8.326715  -1.204661   0.000000    0.000000  0.000000  0.000000
   H   8.325741  -3.141106   0.000000    0.000000  0.000000  0.000000
   H   8.282184  -5.591425   0.000000    0.000000  0.000000  0.000000
   H  -8.282184   5.591425   0.000000    0.000000 -0.000000  0.000000
   H  -8.325741   3.141106   0.000000    0.000000  0.000000  0.000000
   H  -8.326715   1.204661   0.000000    0.000000  0.000000  0.000000
   H  -8.326715  -1.204661   0.000000    0.000000  0.000000  0.000000
   H  -8.325741  -3.141106   0.000000    0.000000  0.000000  0.000000
   H  -8.282184  -5.591425   0.000000    0.000000  0.000000  0.000000
   H  -6.116625   6.819427   0.000000    0.000000  0.000000  0.000000
   H  -3.672757   6.787431   0.000000    0.000000  0.000000  0.000000
   H  -1.225580   6.778408   0.000000    0.000000 -0.000000  0.000000
   H   1.225580   6.778408   0.000000    0.000000 -0.000000  0.000000
   H   3.672757   6.787431   0.000000    0.000000  0.000000  0.000000
   H   6.116625   6.819427   0.000000   -0.000000  0.000000  0.000000
   H  -6.116625  -6.819427   0.000000    0.000000  0.000000  0.000000
   H  -3.672757  -6.787431   0.000000    0.000000  0.000000  0.000000
   H  -1.225580  -6.778408   0.000000    0.000000  0.000000  0.000000
   H   1.225580  -6.778408   0.000000    0.000000  0.000000  0.000000
   H   3.672757  -6.787431   0.000000    0.000000  0.000000  0.000000
   H   6.116625  -6.819427   0.000000   -0.000000  0.000000  0.000000
converged SCF energy = -3133.94788739574
--------------- ROKS_Scanner gradients ---------------
         x                y                z
0 C    -0.0131738488    -0.0037091826     0.0000000000
1 C    -0.0064211595     0.0399705968    -0.0000000000
2 C    -0.0198706348     0.0247712026     0.0000000000
3 C    -0.0103321103     0.0118785742     0.0000000000
4 C     0.0045654168     0.0137262592    -0.0000000000
5 C    -0.0362882572     0.0034705937     0.0000000000
6 N    -0.0442712238    -0.0034790700     0.0000000000
7 N    -0.0030699756     0.0256937867    -0.0000000000
8 C     0.0060656738    -0.0008404457    -0.0000000000
9 C    -0.0264243142     0.0005464414     0.0000000000
10 C     0.0060935570     0.0262965182     0.0000000000
11 C    -0.0062049045    -0.0101144503    -0.0000000000
12 C     0.0132304811    -0.0130082550    -0.0000000000
13 C     0.0169457159     0.0024523933    -0.0000000000
14 C     0.0090252985     0.0011104852    -0.0000000000
15 N     0.0014271878     0.0507950809    -0.0000000000
16 C     0.0082705888     0.0435703433    -0.0000000000
17 C    -0.0027703006    -0.0048181887    -0.0000000000
18 C    -0.0020184054    -0.0020790480    -0.0000000000
19 C    -0.0099690049    -0.0069694929    -0.0000000000
20 C     0.0107614623     0.0035079663     0.0000000000
21 C     0.0293023728    -0.0050118102    -0.0000000000
22 C     0.0089107825     0.0001203783    -0.0000000000
23 C     0.0023796569    -0.0013065952    -0.0000000000
24 C     0.0110297279    -0.0043638979    -0.0000000000
25 N    -0.0242182473    -0.0197123858     0.0000000000
26 C     0.0054148275    -0.0080865148     0.0000000000
27 C     0.0132279457    -0.0006424650    -0.0000000000
28 C     0.0033010629     0.0007136066    -0.0000000000
29 C     0.0044913055    -0.0022164483    -0.0000000000
30 C     0.0124880868    -0.0240167434     0.0000000000
31 C     0.0038190460     0.0077649189    -0.0000000000
32 N    -0.0165749897    -0.0056483607     0.0000000000
33 C     0.0051518401    -0.0050008428    -0.0000000000
34 C     0.0021225327    -0.0001651493    -0.0000000000
35 C     0.0159634068     0.0121952886    -0.0000000000
36 C     0.0055404942     0.0158084544    -0.0000000000
37 C    -0.0007662831    -0.0032449721    -0.0000000000
38 C    -0.0043935578    -0.0001867276    -0.0000000000
39 C     0.0025996861     0.0159649353     0.0000000000
40 C     0.0104990921     0.0038071557    -0.0000000000
41 C     0.0200911079    -0.0451321553    -0.0000000000
42 N     0.0237846856    -0.0383724529    -0.0000000000
43 C     0.0090195212    -0.0003354383    -0.0000000000
44 C     0.0037399617     0.0024492339     0.0000000000
45 C     0.0032466184    -0.0181512407     0.0000000000
46 C    -0.0219002361    -0.0054349259    -0.0000000000
47 C     0.0162692233     0.0197444305    -0.0000000000
48 C     0.0145629799    -0.0186209567     0.0000000000
49 C    -0.0015379858     0.0099308880     0.0000000000
50 C    -0.0058445733     0.0103145482     0.0000000000
51 C     0.0029516622    -0.0308237549    -0.0000000000
52 N     0.0026666104    -0.0068847748     0.0000000000
53 C     0.0141443772     0.0174271574     0.0000000000
54 C     0.0032140072    -0.0004603623     0.0000000000
55 C    -0.0092273348    -0.0102318858     0.0000000000
56 C    -0.0128606536     0.0104662686     0.0000000000
57 N    -0.0211837281    -0.0549822521    -0.0000000000
58 C     0.0005061650     0.0117299781     0.0000000000
59 C     0.0035514732     0.0054251110     0.0000000000
60 C    -0.0008442559     0.0113454400     0.0000000000
61 C     0.0068415045     0.0030939383     0.0000000000
62 C    -0.0154049202     0.0000167106    -0.0000000000
63 C    -0.0079168366     0.0009371666     0.0000000000
64 C    -0.0051512854    -0.0017250213     0.0000000000
65 C    -0.0037737073    -0.0032763414     0.0000000000
66 C    -0.0271141148     0.0006955613     0.0000000000
67 C     0.0248188643     0.0332154137     0.0000000000
68 C    -0.0114677782     0.0160049814    -0.0000000000
69 C    -0.0071204824     0.0046274185     0.0000000000
70 C    -0.0051583541    -0.0002324964     0.0000000000
71 C    -0.0088313601     0.0005764786     0.0000000000
72 N    -0.0004938079    -0.0065357024    -0.0000000000
73 C    -0.0020000455    -0.0060940757     0.0000000000
74 C     0.0019044811     0.0001570946     0.0000000000
75 C    -0.0011049967    -0.0048972398     0.0000000000
76 C    -0.0054068919    -0.0310307599     0.0000000000
77 C     0.0037391968    -0.0043073647     0.0000000000
78 H     0.0529190807     0.0318305530     0.0000000000
79 H     0.0060986439    -0.0106986628    -0.0000000000
80 H     0.0118926838    -0.0021238816     0.0000000000
81 H     0.0054205343    -0.0063925603    -0.0000000000
82 H     0.0049463125     0.0031525948     0.0000000000
83 H     0.0046472893    -0.0028838153     0.0000000000
84 H    -0.0048762625     0.0040243746    -0.0000000000
85 H    -0.0069042001    -0.0028904211    -0.0000000000
86 H    -0.0146526924    -0.0037464852     0.0000000000
87 H    -0.0055995855    -0.0072911052    -0.0000000000
88 H    -0.0066206630     0.0027062886     0.0000000000
89 H    -0.0060142921    -0.0025611904    -0.0000000000
90 H    -0.0007540564     0.0068589554     0.0000000000
91 H     0.0001759866     0.0073282991    -0.0000000000
92 H     0.0012566312     0.0071181945    -0.0000000000
93 H    -0.0010237585     0.0068264477    -0.0000000000
94 H    -0.0002033222     0.0071103011     0.0000000000
95 H    -0.0072375139     0.0095599491     0.0000000000
96 H    -0.0000249055    -0.0053979243    -0.0000000000
97 H    -0.0085301400    -0.0647806266    -0.0000000000
98 H     0.0088819196    -0.0094379088     0.0000000000
99 H    -0.0003323030    -0.0062388911     0.0000000000
100 H     0.0000333679    -0.0062555962    -0.0000000000
101 H    -0.0000715510    -0.0059545817     0.0000000000
----------------------------------------------
cycle 1: E = -3133.9478874  dE = -3133.95  norm(grad) = 0.214634

Geometry optimization cycle 2
