1721292936.7244163

Geometry optimization cycle 1
Cartesian coordinates (Angstrom)
 Atom        New coordinates             dX        dY        dZ
   C  -7.338226   5.042760   0.000000    0.000000  0.000000  0.000000
   C  -7.365228   0.691139   0.000000    0.000000  0.000000  0.000000
   C  -6.173642   2.889413   0.000000    0.000000  0.000000  0.000000
   C  -4.910090   5.019617   0.000000    0.000000  0.000000  0.000000
   C  -7.358051  -3.642635   0.000000    0.000000  0.000000  0.000000
   C  -6.173475  -1.431785   0.000000    0.000000  0.000000  0.000000
   C  -4.940069   0.716689   0.000000    0.000000  0.000000  0.000000
   C  -3.694845   2.860312   0.000000    0.000000  0.000000  0.000000
   C  -2.457224   5.005715   0.000000    0.000000  0.000000  0.000000
   C  -6.138515  -5.727246   0.000000    0.000000  0.000000  0.000000
   C  -4.928214  -3.580071   0.000000    0.000000  0.000000  0.000000
   C  -3.698169  -1.425571   0.000000    0.000000  0.000000  0.000000
   C  -2.471779   0.716540   0.000000    0.000000  0.000000  0.000000
   C  -1.230705   2.851907   0.000000    0.000000 -0.000000  0.000000
   C   0.000000   5.003169   0.000000    0.000000  0.000000  0.000000
   C  -3.678966  -5.694052   0.000000    0.000000  0.000000  0.000000
   C  -2.466015  -3.560923   0.000000    0.000000  0.000000  0.000000
   C  -1.232423  -1.423207   0.000000    0.000000  0.000000  0.000000
   C   0.000000   0.715809   0.000000    0.000000  0.000000  0.000000
   C   1.230705   2.851907   0.000000    0.000000 -0.000000  0.000000
   C   2.457224   5.005715   0.000000    0.000000  0.000000  0.000000
   C  -1.226334  -5.685080   0.000000    0.000000  0.000000  0.000000
   C   0.000000  -3.557079   0.000000    0.000000  0.000000  0.000000
   C   1.232423  -1.423207   0.000000    0.000000  0.000000  0.000000
   N   2.471779   0.716540   0.000000    0.000000  0.000000  0.000000
   C   3.694845   2.860312   0.000000    0.000000  0.000000  0.000000
   C   4.910090   5.019617   0.000000    0.000000  0.000000  0.000000
   C   1.226334  -5.685080   0.000000    0.000000  0.000000  0.000000
   C   2.466015  -3.560923   0.000000    0.000000  0.000000  0.000000
   N   3.698169  -1.425571   0.000000    0.000000  0.000000  0.000000
   C   4.940069   0.716689   0.000000    0.000000  0.000000  0.000000
   C   6.173642   2.889413   0.000000    0.000000  0.000000  0.000000
   C   7.338226   5.042760   0.000000    0.000000  0.000000  0.000000
   C   3.678966  -5.694052   0.000000    0.000000  0.000000  0.000000
   C   4.928214  -3.580071   0.000000    0.000000  0.000000  0.000000
   N   6.173475  -1.431785   0.000000   -0.000000  0.000000  0.000000
   C   7.365228   0.691139   0.000000    0.000000  0.000000  0.000000
   C   6.138515  -5.727246   0.000000    0.000000  0.000000  0.000000
   C   7.358051  -3.642635   0.000000   -0.000000  0.000000  0.000000
   N  -7.358051   3.642635   0.000000    0.000000  0.000000  0.000000
   C  -6.138515   5.727246   0.000000    0.000000  0.000000  0.000000
   C  -7.365228  -0.691139   0.000000    0.000000  0.000000  0.000000
   C  -6.173475   1.431785   0.000000    0.000000  0.000000  0.000000
   N  -4.928214   3.580071   0.000000    0.000000 -0.000000  0.000000
   C  -3.678966   5.694052   0.000000    0.000000  0.000000  0.000000
   C  -7.338226  -5.042760   0.000000    0.000000  0.000000  0.000000
   C  -6.173642  -2.889413   0.000000    0.000000  0.000000  0.000000
   C  -4.940069  -0.716689   0.000000    0.000000  0.000000  0.000000
   C  -3.698169   1.425571   0.000000    0.000000  0.000000  0.000000
   N  -2.466015   3.560923   0.000000    0.000000 -0.000000  0.000000
   C  -1.226334   5.685080   0.000000    0.000000  0.000000  0.000000
   N  -4.910090  -5.019617   0.000000    0.000000  0.000000  0.000000
   C  -3.694845  -2.860312   0.000000    0.000000  0.000000  0.000000
   N  -2.471779  -0.716540   0.000000    0.000000  0.000000  0.000000
   C  -1.232423   1.423207   0.000000    0.000000  0.000000  0.000000
   C   0.000000   3.557079   0.000000    0.000000  0.000000  0.000000
   C   1.226334   5.685080   0.000000    0.000000  0.000000  0.000000
   C  -2.457224  -5.005715   0.000000    0.000000  0.000000  0.000000
   C  -1.230705  -2.851907   0.000000    0.000000  0.000000  0.000000
   C   0.000000  -0.715809   0.000000    0.000000  0.000000  0.000000
   C   1.232423   1.423207   0.000000    0.000000  0.000000  0.000000
   C   2.466015   3.560923   0.000000    0.000000 -0.000000  0.000000
   C   3.678966   5.694052   0.000000    0.000000  0.000000  0.000000
   C   0.000000  -5.003169   0.000000    0.000000  0.000000  0.000000
   C   1.230705  -2.851907   0.000000    0.000000  0.000000  0.000000
   C   2.471779  -0.716540   0.000000    0.000000  0.000000  0.000000
   C   3.698169   1.425571   0.000000    0.000000  0.000000  0.000000
   C   4.928214   3.580071   0.000000    0.000000 -0.000000  0.000000
   C   6.138515   5.727246   0.000000    0.000000  0.000000  0.000000
   C   2.457224  -5.005715   0.000000    0.000000  0.000000  0.000000
   N   3.694845  -2.860312   0.000000    0.000000  0.000000  0.000000
   C   4.940069  -0.716689   0.000000    0.000000  0.000000  0.000000
   C   6.173475   1.431785   0.000000   -0.000000  0.000000  0.000000
   C   7.358051   3.642635   0.000000   -0.000000  0.000000  0.000000
   C   4.910090  -5.019617   0.000000    0.000000  0.000000  0.000000
   C   6.173642  -2.889413   0.000000    0.000000  0.000000  0.000000
   C   7.365228  -0.691139   0.000000    0.000000  0.000000  0.000000
   C   7.338226  -5.042760   0.000000    0.000000  0.000000  0.000000
   H   8.282184   5.591425   0.000000    0.000000 -0.000000  0.000000
   H   8.325741   3.141106   0.000000    0.000000  0.000000  0.000000
   H   8.326715   1.204661   0.000000    0.000000  0.000000  0.000000
   H   8.326715  -1.204661   0.000000    0.000000  0.000000  0.000000
   H   8.325741  -3.141106   0.000000    0.000000  0.000000  0.000000
   H   8.282184  -5.591425   0.000000    0.000000  0.000000  0.000000
   H  -8.282184   5.591425   0.000000    0.000000 -0.000000  0.000000
   H  -8.325741   3.141106   0.000000    0.000000  0.000000  0.000000
   H  -8.326715   1.204661   0.000000    0.000000  0.000000  0.000000
   H  -8.326715  -1.204661   0.000000    0.000000  0.000000  0.000000
   H  -8.325741  -3.141106   0.000000    0.000000  0.000000  0.000000
   H  -8.282184  -5.591425   0.000000    0.000000  0.000000  0.000000
   H  -6.116625   6.819427   0.000000    0.000000  0.000000  0.000000
   H  -3.672757   6.787431   0.000000    0.000000  0.000000  0.000000
   H  -1.225580   6.778408   0.000000    0.000000 -0.000000  0.000000
   H   1.225580   6.778408   0.000000    0.000000 -0.000000  0.000000
   H   3.672757   6.787431   0.000000    0.000000  0.000000  0.000000
   H   6.116625   6.819427   0.000000   -0.000000  0.000000  0.000000
   H  -6.116625  -6.819427   0.000000    0.000000  0.000000  0.000000
   H  -3.672757  -6.787431   0.000000    0.000000  0.000000  0.000000
   H  -1.225580  -6.778408   0.000000    0.000000  0.000000  0.000000
   H   1.225580  -6.778408   0.000000    0.000000  0.000000  0.000000
   H   3.672757  -6.787431   0.000000    0.000000  0.000000  0.000000
   H   6.116625  -6.819427   0.000000   -0.000000  0.000000  0.000000
converged SCF energy = -3133.94971646589
--------------- ROKS_Scanner gradients ---------------
         x                y                z
0 C    -0.0109057082     0.0146209425    -0.0000000000
1 C     0.0136575816     0.0105186722    -0.0000000000
2 C     0.0013225768     0.0249861178    -0.0000000000
3 C    -0.0325968967    -0.0221863386     0.0000000000
4 C     0.0067133236     0.0005548197    -0.0000000000
5 C    -0.0055646529     0.0095344763    -0.0000000000
6 C     0.0140008127     0.0010231891    -0.0000000000
7 C     0.0126023047    -0.0080851084     0.0000000000
8 C    -0.0449666988    -0.0020550925    -0.0000000000
9 C    -0.0035371598    -0.0139799418    -0.0000000000
10 C     0.0054392768     0.0093151262    -0.0000000000
11 C     0.0098608830     0.0032468817    -0.0000000000
12 C     0.0022234071     0.0209634288    -0.0000000000
13 C    -0.0010541988     0.0118959023    -0.0000000000
14 C    -0.0379209802    -0.0037275324    -0.0000000000
15 C     0.0298271632    -0.0162815665     0.0000000000
16 C    -0.0078340425     0.0049881896    -0.0000000000
17 C    -0.0107622468    -0.0196526508    -0.0000000000
18 C    -0.0261756732    -0.0084618898    -0.0000000000
19 C    -0.0111463038     0.0130003559    -0.0000000000
20 C    -0.0198915722     0.0075098603    -0.0000000000
21 C     0.0132910775    -0.0029155844     0.0000000000
22 C     0.0080004462     0.0005429839    -0.0000000000
23 C    -0.0411380464    -0.0262435428    -0.0000000000
24 N    -0.0041256991     0.0237981081     0.0000000000
25 C     0.0017254177     0.0206525327    -0.0000000000
26 C    -0.0008140098     0.0004274345    -0.0000000000
27 C     0.0026444705    -0.0121725277     0.0000000000
28 C     0.0243094054    -0.0167989305    -0.0000000000
29 N    -0.0552614025    -0.0260002735     0.0000000000
30 C     0.0196354683    -0.0114793193    -0.0000000000
31 C    -0.0023892497     0.0055205950     0.0000000000
32 C     0.0046846499     0.0054158348    -0.0000000000
33 C    -0.0038487634    -0.0006526129    -0.0000000000
34 C    -0.0226564083    -0.0226389792     0.0000000000
35 N     0.0163883411    -0.0192659155     0.0000000000
36 C    -0.0027739479     0.0223380181     0.0000000000
37 C    -0.0103808649    -0.0098555828     0.0000000000
38 C    -0.0015264518    -0.0164512215     0.0000000000
39 N     0.0236517835    -0.0071568156     0.0000000000
40 C     0.0166586439     0.0181003815    -0.0000000000
41 C     0.0000149162    -0.0110751197     0.0000000000
42 C    -0.0111530605    -0.0350776181     0.0000000000
43 N    -0.0255407100     0.0172483931     0.0000000000
44 C     0.0407022922     0.0255365065    -0.0000000000
45 C    -0.0162577734    -0.0066142655     0.0000000000
46 C     0.0015017929     0.0068800603     0.0000000000
47 C    -0.0156026532    -0.0042175074     0.0000000000
48 C    -0.0105594440    -0.0126857699     0.0000000000
49 N     0.0174179621    -0.0068060660    -0.0000000000
50 C     0.0412153571     0.0170253743    -0.0000000000
51 N    -0.0171183014     0.0072209240     0.0000000000
52 C    -0.0052862475    -0.0053663376     0.0000000000
53 N    -0.0061599775    -0.0187018006     0.0000000000
54 C     0.0061539102    -0.0153873408     0.0000000000
55 C     0.0194679957     0.0029997685     0.0000000000
56 C     0.0284934218     0.0071861993    -0.0000000000
57 C    -0.0077343274    -0.0056297226    -0.0000000000
58 C     0.0059972629     0.0100055475     0.0000000000
59 C     0.0309253206     0.0031462263     0.0000000000
60 C     0.0090114206     0.0081262905     0.0000000000
61 C     0.0078442286    -0.0124077751     0.0000000000
62 C     0.0109974783     0.0017037462     0.0000000000
63 C    -0.0029886182    -0.0003560770     0.0000000000
64 C    -0.0299348916     0.0244455518     0.0000000000
65 C     0.0467159729    -0.0032853218    -0.0000000000
66 C    -0.0159596013    -0.0073689727     0.0000000000
67 C     0.0003523644     0.0010689427    -0.0000000000
68 C    -0.0009744048     0.0026235365     0.0000000000
69 C    -0.0050245855    -0.0020650918     0.0000000000
70 N     0.0148049770     0.0135294810     0.0000000000
71 C     0.0059526514     0.0477697625     0.0000000000
72 C     0.0087132912    -0.0066142850     0.0000000000
73 C    -0.0051178080    -0.0010978085    -0.0000000000
74 C     0.0138633093    -0.0090203613     0.0000000000
75 C     0.0180802617     0.0136367362    -0.0000000000
76 C     0.0087247590    -0.0115794642    -0.0000000000
77 C     0.0086327977     0.0037072724    -0.0000000000
78 H     0.0046930659     0.0029299205     0.0000000000
79 H     0.0054425902    -0.0030682028     0.0000000000
80 H     0.0060205533     0.0063696657     0.0000000000
81 H     0.0139693076     0.0036027119     0.0000000000
82 H     0.0066176494     0.0028352087    -0.0000000000
83 H     0.0049522070    -0.0040377789     0.0000000000
84 H    -0.0035552033     0.0111044048    -0.0000000000
85 H    -0.0582383046    -0.0242694804     0.0000000000
86 H    -0.0032784106     0.0038554028     0.0000000000
87 H    -0.0057587324    -0.0032729936    -0.0000000000
88 H    -0.0062377173     0.0034574681     0.0000000000
89 H    -0.0078649731    -0.0007028253    -0.0000000000
90 H     0.0004106829     0.0098339105     0.0000000000
91 H     0.0004675232     0.0101678721     0.0000000000
92 H     0.0031790128     0.0080454583    -0.0000000000
93 H     0.0003274777     0.0061001541    -0.0000000000
94 H     0.0000051636     0.0063180244    -0.0000000000
95 H     0.0000977216     0.0061252603    -0.0000000000
96 H    -0.0084835471    -0.0096618236     0.0000000000
97 H     0.0086009928    -0.0094954327    -0.0000000000
98 H    -0.0003033836    -0.0061074286    -0.0000000000
99 H    -0.0013237841    -0.0071724014    -0.0000000000
100 H    -0.0003182141    -0.0074580003     0.0000000000
101 H     0.0010207400    -0.0069139896    -0.0000000000
----------------------------------------------
cycle 1: E = -3133.94971647  dE = -3133.95  norm(grad) = 0.222819

Geometry optimization cycle 2
