1721292150.0288775

Geometry optimization cycle 1
Cartesian coordinates (Angstrom)
 Atom        New coordinates             dX        dY        dZ
   C  -7.338226   5.042760   0.000000    0.000000  0.000000  0.000000
   C  -7.365228   0.691139   0.000000    0.000000  0.000000  0.000000
   C  -6.173642   2.889413   0.000000    0.000000  0.000000  0.000000
   C  -4.910090   5.019617   0.000000    0.000000  0.000000  0.000000
   C  -7.358051  -3.642635   0.000000    0.000000  0.000000  0.000000
   C  -6.173475  -1.431785   0.000000    0.000000  0.000000  0.000000
   C  -4.940069   0.716689   0.000000    0.000000  0.000000  0.000000
   C  -3.694845   2.860312   0.000000    0.000000  0.000000  0.000000
   C  -2.457224   5.005715   0.000000    0.000000  0.000000  0.000000
   C  -6.138515  -5.727246   0.000000    0.000000  0.000000  0.000000
   C  -4.928214  -3.580071   0.000000    0.000000  0.000000  0.000000
   C  -3.698169  -1.425571   0.000000    0.000000  0.000000  0.000000
   C  -2.471779   0.716540   0.000000    0.000000  0.000000  0.000000
   C  -1.230705   2.851907   0.000000    0.000000 -0.000000  0.000000
   C   0.000000   5.003169   0.000000    0.000000  0.000000  0.000000
   C  -3.678966  -5.694052   0.000000    0.000000  0.000000  0.000000
   C  -2.466015  -3.560923   0.000000    0.000000  0.000000  0.000000
   C  -1.232423  -1.423207   0.000000    0.000000  0.000000  0.000000
   C   0.000000   0.715809   0.000000    0.000000  0.000000  0.000000
   C   1.230705   2.851907   0.000000    0.000000 -0.000000  0.000000
   N   2.457224   5.005715   0.000000    0.000000  0.000000  0.000000
   C  -1.226334  -5.685080   0.000000    0.000000  0.000000  0.000000
   C   0.000000  -3.557079   0.000000    0.000000  0.000000  0.000000
   C   1.232423  -1.423207   0.000000    0.000000  0.000000  0.000000
   C   2.471779   0.716540   0.000000    0.000000  0.000000  0.000000
   C   3.694845   2.860312   0.000000    0.000000  0.000000  0.000000
   C   4.910090   5.019617   0.000000    0.000000  0.000000  0.000000
   C   1.226334  -5.685080   0.000000    0.000000  0.000000  0.000000
   C   2.466015  -3.560923   0.000000    0.000000  0.000000  0.000000
   C   3.698169  -1.425571   0.000000    0.000000  0.000000  0.000000
   N   4.940069   0.716689   0.000000    0.000000  0.000000  0.000000
   C   6.173642   2.889413   0.000000    0.000000  0.000000  0.000000
   C   7.338226   5.042760   0.000000    0.000000  0.000000  0.000000
   C   3.678966  -5.694052   0.000000    0.000000  0.000000  0.000000
   C   4.928214  -3.580071   0.000000    0.000000  0.000000  0.000000
   C   6.173475  -1.431785   0.000000   -0.000000  0.000000  0.000000
   C   7.365228   0.691139   0.000000    0.000000  0.000000  0.000000
   C   6.138515  -5.727246   0.000000    0.000000  0.000000  0.000000
   N   7.358051  -3.642635   0.000000   -0.000000  0.000000  0.000000
   C  -7.358051   3.642635   0.000000    0.000000  0.000000  0.000000
   C  -6.138515   5.727246   0.000000    0.000000  0.000000  0.000000
   C  -7.365228  -0.691139   0.000000    0.000000  0.000000  0.000000
   C  -6.173475   1.431785   0.000000    0.000000  0.000000  0.000000
   C  -4.928214   3.580071   0.000000    0.000000 -0.000000  0.000000
   C  -3.678966   5.694052   0.000000    0.000000  0.000000  0.000000
   C  -7.338226  -5.042760   0.000000    0.000000  0.000000  0.000000
   C  -6.173642  -2.889413   0.000000    0.000000  0.000000  0.000000
   C  -4.940069  -0.716689   0.000000    0.000000  0.000000  0.000000
   C  -3.698169   1.425571   0.000000    0.000000  0.000000  0.000000
   C  -2.466015   3.560923   0.000000    0.000000 -0.000000  0.000000
   C  -1.226334   5.685080   0.000000    0.000000  0.000000  0.000000
   C  -4.910090  -5.019617   0.000000    0.000000  0.000000  0.000000
   C  -3.694845  -2.860312   0.000000    0.000000  0.000000  0.000000
   C  -2.471779  -0.716540   0.000000    0.000000  0.000000  0.000000
   N  -1.232423   1.423207   0.000000    0.000000  0.000000  0.000000
   C   0.000000   3.557079   0.000000    0.000000  0.000000  0.000000
   C   1.226334   5.685080   0.000000    0.000000  0.000000  0.000000
   C  -2.457224  -5.005715   0.000000    0.000000  0.000000  0.000000
   C  -1.230705  -2.851907   0.000000    0.000000  0.000000  0.000000
   C   0.000000  -0.715809   0.000000    0.000000  0.000000  0.000000
   C   1.232423   1.423207   0.000000    0.000000  0.000000  0.000000
   C   2.466015   3.560923   0.000000    0.000000 -0.000000  0.000000
   C   3.678966   5.694052   0.000000    0.000000  0.000000  0.000000
   C   0.000000  -5.003169   0.000000    0.000000  0.000000  0.000000
   C   1.230705  -2.851907   0.000000    0.000000  0.000000  0.000000
   C   2.471779  -0.716540   0.000000    0.000000  0.000000  0.000000
   C   3.698169   1.425571   0.000000    0.000000  0.000000  0.000000
   C   4.928214   3.580071   0.000000    0.000000 -0.000000  0.000000
   C   6.138515   5.727246   0.000000    0.000000  0.000000  0.000000
   C   2.457224  -5.005715   0.000000    0.000000  0.000000  0.000000
   C   3.694845  -2.860312   0.000000    0.000000  0.000000  0.000000
   C   4.940069  -0.716689   0.000000    0.000000  0.000000  0.000000
   C   6.173475   1.431785   0.000000   -0.000000  0.000000  0.000000
   C   7.358051   3.642635   0.000000   -0.000000  0.000000  0.000000
   C   4.910090  -5.019617   0.000000    0.000000  0.000000  0.000000
   N   6.173642  -2.889413   0.000000    0.000000  0.000000  0.000000
   C   7.365228  -0.691139   0.000000    0.000000  0.000000  0.000000
   C   7.338226  -5.042760   0.000000    0.000000  0.000000  0.000000
   H   8.282184   5.591425   0.000000    0.000000 -0.000000  0.000000
   H   8.325741   3.141106   0.000000    0.000000  0.000000  0.000000
   H   8.326715   1.204661   0.000000    0.000000  0.000000  0.000000
   H   8.326715  -1.204661   0.000000    0.000000  0.000000  0.000000
   H   8.325741  -3.141106   0.000000    0.000000  0.000000  0.000000
   H   8.282184  -5.591425   0.000000    0.000000  0.000000  0.000000
   H  -8.282184   5.591425   0.000000    0.000000 -0.000000  0.000000
   H  -8.325741   3.141106   0.000000    0.000000  0.000000  0.000000
   H  -8.326715   1.204661   0.000000    0.000000  0.000000  0.000000
   H  -8.326715  -1.204661   0.000000    0.000000  0.000000  0.000000
   H  -8.325741  -3.141106   0.000000    0.000000  0.000000  0.000000
   H  -8.282184  -5.591425   0.000000    0.000000  0.000000  0.000000
   H  -6.116625   6.819427   0.000000    0.000000  0.000000  0.000000
   H  -3.672757   6.787431   0.000000    0.000000  0.000000  0.000000
   H  -1.225580   6.778408   0.000000    0.000000 -0.000000  0.000000
   H   1.225580   6.778408   0.000000    0.000000 -0.000000  0.000000
   H   3.672757   6.787431   0.000000    0.000000  0.000000  0.000000
   H   6.116625   6.819427   0.000000   -0.000000  0.000000  0.000000
   H  -6.116625  -6.819427   0.000000    0.000000  0.000000  0.000000
   H  -3.672757  -6.787431   0.000000    0.000000  0.000000  0.000000
   H  -1.225580  -6.778408   0.000000    0.000000  0.000000  0.000000
   H   1.225580  -6.778408   0.000000    0.000000  0.000000  0.000000
   H   3.672757  -6.787431   0.000000    0.000000  0.000000  0.000000
   H   6.116625  -6.819427   0.000000   -0.000000  0.000000  0.000000
converged SCF energy = -3067.62557092404
--------------- ROKS_Scanner gradients ---------------
         x                y                z
0 C    -0.0083856883    -0.0032889535     0.0000000000
1 C    -0.0010837201     0.0039412875     0.0000000000
2 C     0.0084901539    -0.0059148089     0.0000000000
3 C    -0.0061693793    -0.0013255639     0.0000000000
4 C     0.0001790444    -0.0016906628    -0.0000000000
5 C    -0.0041608493    -0.0034407029     0.0000000000
6 C     0.0066862883     0.0052321981     0.0000000000
7 C     0.0085461737    -0.0038100937     0.0000000000
8 C     0.0005766134    -0.0027625440    -0.0000000000
9 C     0.0008718026    -0.0034568704    -0.0000000000
10 C     0.0032754472     0.0007214339    -0.0000000000
11 C    -0.0025116399    -0.0012697158    -0.0000000000
12 C    -0.0018526588    -0.0118780794     0.0000000000
13 C    -0.0028264123     0.0097108517    -0.0000000000
14 C     0.0136719918     0.0050971956    -0.0000000000
15 C    -0.0053824445    -0.0043623850     0.0000000000
16 C    -0.0009635565    -0.0009814691    -0.0000000000
17 C     0.0074986175     0.0111611058    -0.0000000000
18 C     0.0025367924     0.0094764290    -0.0000000000
19 C    -0.0126196007    -0.0132025985    -0.0000000000
20 N     0.0081291055    -0.0152560777    -0.0000000000
21 C    -0.0115309260    -0.0031471579     0.0000000000
22 C    -0.0165817557     0.0000326284    -0.0000000000
23 C    -0.0108376720    -0.0093589168    -0.0000000000
24 C    -0.0000491878     0.0202240674    -0.0000000000
25 C    -0.0118196598     0.0182600977    -0.0000000000
26 C     0.0041511015     0.0096667803    -0.0000000000
27 C    -0.0155539453    -0.0049644761     0.0000000000
28 C    -0.0069452892     0.0076964111    -0.0000000000
29 C    -0.0264566061    -0.0158704862    -0.0000000000
30 N    -0.0106037280     0.0047586144    -0.0000000000
31 C     0.0140741401    -0.0046584481    -0.0000000000
32 C     0.0044134241     0.0071881579    -0.0000000000
33 C    -0.0281862197    -0.0108725322     0.0000000000
34 C    -0.0026038145     0.0030032678     0.0000000000
35 C    -0.0252567471     0.0243468956    -0.0000000000
36 C     0.0163099160    -0.0130531918    -0.0000000000
37 C    -0.0486213887    -0.0062181405     0.0000000000
38 N    -0.0538065898    -0.0112361325     0.0000000000
39 C    -0.0038754493     0.0076073595    -0.0000000000
40 C     0.0062535644     0.0024125799    -0.0000000000
41 C     0.0000475857    -0.0037549441    -0.0000000000
42 C    -0.0060285543     0.0049322177    -0.0000000000
43 C    -0.0063705693     0.0018172663    -0.0000000000
44 C     0.0004977363     0.0048953415     0.0000000000
45 C    -0.0042308935    -0.0019046316     0.0000000000
46 C     0.0004552256     0.0058636931     0.0000000000
47 C     0.0060970655    -0.0021892697    -0.0000000000
48 C    -0.0176383525     0.0008444665    -0.0000000000
49 C    -0.0024473908     0.0082724490    -0.0000000000
50 C    -0.0136508274     0.0011004854     0.0000000000
51 C     0.0003105621    -0.0018363910     0.0000000000
52 C    -0.0004404693    -0.0026664994     0.0000000000
53 C    -0.0071993189     0.0002208889     0.0000000000
54 N     0.0090116486    -0.0048091399    -0.0000000000
55 C     0.0105291264     0.0071702736     0.0000000000
56 C    -0.0314582426     0.0204229160    -0.0000000000
57 C     0.0081569167     0.0039119170    -0.0000000000
58 C     0.0068109258    -0.0111973358     0.0000000000
59 C     0.0040426200    -0.0213331758     0.0000000000
60 C     0.0031310946    -0.0068952476     0.0000000000
61 C     0.0173392582    -0.0078785700     0.0000000000
62 C     0.0190858928     0.0142343849     0.0000000000
63 C     0.0149486767     0.0016975516    -0.0000000000
64 C     0.0109556610     0.0066913914     0.0000000000
65 C     0.0186335929    -0.0103290231     0.0000000000
66 C    -0.0063679876    -0.0173254610     0.0000000000
67 C    -0.0146311791    -0.0040192499     0.0000000000
68 C     0.0037650982     0.0005190826     0.0000000000
69 C     0.0223053509    -0.0051166237    -0.0000000000
70 C    -0.0181222936     0.0051910909     0.0000000000
71 C     0.0292246107     0.0025800976     0.0000000000
72 C    -0.0041163323     0.0118472180     0.0000000000
73 C    -0.0061414504     0.0009925919     0.0000000000
74 C     0.0343886023    -0.0070901442    -0.0000000000
75 N     0.0334946688    -0.0327527029     0.0000000000
76 C     0.0028621835     0.0237189038     0.0000000000
77 C     0.0448514535     0.0043392222    -0.0000000000
78 H     0.0052357667     0.0031543874     0.0000000000
79 H     0.0057234609    -0.0034067037    -0.0000000000
80 H     0.0093653912     0.0018365389     0.0000000000
81 H     0.0044532177    -0.0035568874    -0.0000000000
82 H     0.0621252578     0.0210137734     0.0000000000
83 H     0.0022940678    -0.0134525201    -0.0000000000
84 H    -0.0048839466     0.0027007153     0.0000000000
85 H    -0.0058008709    -0.0027995824     0.0000000000
86 H    -0.0057820305     0.0028075994    -0.0000000000
87 H    -0.0057816089    -0.0028497746     0.0000000000
88 H    -0.0055312428     0.0029368383     0.0000000000
89 H    -0.0047826099    -0.0028336763    -0.0000000000
90 H     0.0001209285     0.0060075883     0.0000000000
91 H    -0.0003989142     0.0065430296    -0.0000000000
92 H     0.0002909714     0.0064188565    -0.0000000000
93 H    -0.0083817285     0.0098706876    -0.0000000000
94 H     0.0084488467     0.0100147947     0.0000000000
95 H    -0.0004648773     0.0059832700    -0.0000000000
96 H     0.0000907347    -0.0058766584     0.0000000000
97 H    -0.0001501518    -0.0061744049    -0.0000000000
98 H    -0.0000501379    -0.0062495127    -0.0000000000
99 H    -0.0000742129    -0.0060460728    -0.0000000000
100 H    -0.0013001977    -0.0065544219     0.0000000000
101 H    -0.0039016163    -0.0081826469     0.0000000000
----------------------------------------------
cycle 1: E = -3067.62557092  dE = -3067.63  norm(grad) = 0.180962

Geometry optimization cycle 2
