1721292096.774737

Geometry optimization cycle 1
Cartesian coordinates (Angstrom)
 Atom        New coordinates             dX        dY        dZ
   C  -7.338226   5.042760   0.000000    0.000000  0.000000  0.000000
   C  -7.365228   0.691139   0.000000    0.000000  0.000000  0.000000
   C  -6.173642   2.889413   0.000000    0.000000  0.000000  0.000000
   C  -4.910090   5.019617   0.000000    0.000000  0.000000  0.000000
   C  -7.358051  -3.642635   0.000000    0.000000  0.000000  0.000000
   C  -6.173475  -1.431785   0.000000    0.000000  0.000000  0.000000
   C  -4.940069   0.716689   0.000000    0.000000  0.000000  0.000000
   C  -3.694845   2.860312   0.000000    0.000000  0.000000  0.000000
   C  -2.457224   5.005715   0.000000    0.000000  0.000000  0.000000
   C  -6.138515  -5.727246   0.000000    0.000000  0.000000  0.000000
   C  -4.928214  -3.580071   0.000000    0.000000  0.000000  0.000000
   C  -3.698169  -1.425571   0.000000    0.000000  0.000000  0.000000
   C  -2.471779   0.716540   0.000000    0.000000  0.000000  0.000000
   C  -1.230705   2.851907   0.000000    0.000000 -0.000000  0.000000
   C   0.000000   5.003169   0.000000    0.000000  0.000000  0.000000
   C  -3.678966  -5.694052   0.000000    0.000000  0.000000  0.000000
   C  -2.466015  -3.560923   0.000000    0.000000  0.000000  0.000000
   C  -1.232423  -1.423207   0.000000    0.000000  0.000000  0.000000
   C   0.000000   0.715809   0.000000    0.000000  0.000000  0.000000
   N   1.230705   2.851907   0.000000    0.000000 -0.000000  0.000000
   N   2.457224   5.005715   0.000000    0.000000  0.000000  0.000000
   C  -1.226334  -5.685080   0.000000    0.000000  0.000000  0.000000
   C   0.000000  -3.557079   0.000000    0.000000  0.000000  0.000000
   C   1.232423  -1.423207   0.000000    0.000000  0.000000  0.000000
   C   2.471779   0.716540   0.000000    0.000000  0.000000  0.000000
   C   3.694845   2.860312   0.000000    0.000000  0.000000  0.000000
   C   4.910090   5.019617   0.000000    0.000000  0.000000  0.000000
   C   1.226334  -5.685080   0.000000    0.000000  0.000000  0.000000
   C   2.466015  -3.560923   0.000000    0.000000  0.000000  0.000000
   N   3.698169  -1.425571   0.000000    0.000000  0.000000  0.000000
   C   4.940069   0.716689   0.000000    0.000000  0.000000  0.000000
   C   6.173642   2.889413   0.000000    0.000000  0.000000  0.000000
   C   7.338226   5.042760   0.000000    0.000000  0.000000  0.000000
   C   3.678966  -5.694052   0.000000    0.000000  0.000000  0.000000
   C   4.928214  -3.580071   0.000000    0.000000  0.000000  0.000000
   C   6.173475  -1.431785   0.000000   -0.000000  0.000000  0.000000
   C   7.365228   0.691139   0.000000    0.000000  0.000000  0.000000
   C   6.138515  -5.727246   0.000000    0.000000  0.000000  0.000000
   C   7.358051  -3.642635   0.000000   -0.000000  0.000000  0.000000
   C  -7.358051   3.642635   0.000000    0.000000  0.000000  0.000000
   C  -6.138515   5.727246   0.000000    0.000000  0.000000  0.000000
   C  -7.365228  -0.691139   0.000000    0.000000  0.000000  0.000000
   C  -6.173475   1.431785   0.000000    0.000000  0.000000  0.000000
   C  -4.928214   3.580071   0.000000    0.000000 -0.000000  0.000000
   C  -3.678966   5.694052   0.000000    0.000000  0.000000  0.000000
   C  -7.338226  -5.042760   0.000000    0.000000  0.000000  0.000000
   C  -6.173642  -2.889413   0.000000    0.000000  0.000000  0.000000
   N  -4.940069  -0.716689   0.000000    0.000000  0.000000  0.000000
   C  -3.698169   1.425571   0.000000    0.000000  0.000000  0.000000
   C  -2.466015   3.560923   0.000000    0.000000 -0.000000  0.000000
   C  -1.226334   5.685080   0.000000    0.000000  0.000000  0.000000
   C  -4.910090  -5.019617   0.000000    0.000000  0.000000  0.000000
   C  -3.694845  -2.860312   0.000000    0.000000  0.000000  0.000000
   C  -2.471779  -0.716540   0.000000    0.000000  0.000000  0.000000
   C  -1.232423   1.423207   0.000000    0.000000  0.000000  0.000000
   C   0.000000   3.557079   0.000000    0.000000  0.000000  0.000000
   C   1.226334   5.685080   0.000000    0.000000  0.000000  0.000000
   C  -2.457224  -5.005715   0.000000    0.000000  0.000000  0.000000
   C  -1.230705  -2.851907   0.000000    0.000000  0.000000  0.000000
   C   0.000000  -0.715809   0.000000    0.000000  0.000000  0.000000
   C   1.232423   1.423207   0.000000    0.000000  0.000000  0.000000
   C   2.466015   3.560923   0.000000    0.000000 -0.000000  0.000000
   C   3.678966   5.694052   0.000000    0.000000  0.000000  0.000000
   C   0.000000  -5.003169   0.000000    0.000000  0.000000  0.000000
   C   1.230705  -2.851907   0.000000    0.000000  0.000000  0.000000
   C   2.471779  -0.716540   0.000000    0.000000  0.000000  0.000000
   C   3.698169   1.425571   0.000000    0.000000  0.000000  0.000000
   C   4.928214   3.580071   0.000000    0.000000 -0.000000  0.000000
   C   6.138515   5.727246   0.000000    0.000000  0.000000  0.000000
   C   2.457224  -5.005715   0.000000    0.000000  0.000000  0.000000
   C   3.694845  -2.860312   0.000000    0.000000  0.000000  0.000000
   N   4.940069  -0.716689   0.000000    0.000000  0.000000  0.000000
   C   6.173475   1.431785   0.000000   -0.000000  0.000000  0.000000
   C   7.358051   3.642635   0.000000   -0.000000  0.000000  0.000000
   C   4.910090  -5.019617   0.000000    0.000000  0.000000  0.000000
   C   6.173642  -2.889413   0.000000    0.000000  0.000000  0.000000
   C   7.365228  -0.691139   0.000000    0.000000  0.000000  0.000000
   C   7.338226  -5.042760   0.000000    0.000000  0.000000  0.000000
   H   8.282184   5.591425   0.000000    0.000000 -0.000000  0.000000
   H   8.325741   3.141106   0.000000    0.000000  0.000000  0.000000
   H   8.326715   1.204661   0.000000    0.000000  0.000000  0.000000
   H   8.326715  -1.204661   0.000000    0.000000  0.000000  0.000000
   H   8.325741  -3.141106   0.000000    0.000000  0.000000  0.000000
   H   8.282184  -5.591425   0.000000    0.000000  0.000000  0.000000
   H  -8.282184   5.591425   0.000000    0.000000 -0.000000  0.000000
   H  -8.325741   3.141106   0.000000    0.000000  0.000000  0.000000
   H  -8.326715   1.204661   0.000000    0.000000  0.000000  0.000000
   H  -8.326715  -1.204661   0.000000    0.000000  0.000000  0.000000
   H  -8.325741  -3.141106   0.000000    0.000000  0.000000  0.000000
   H  -8.282184  -5.591425   0.000000    0.000000  0.000000  0.000000
   H  -6.116625   6.819427   0.000000    0.000000  0.000000  0.000000
   H  -3.672757   6.787431   0.000000    0.000000  0.000000  0.000000
   H  -1.225580   6.778408   0.000000    0.000000 -0.000000  0.000000
   H   1.225580   6.778408   0.000000    0.000000 -0.000000  0.000000
   H   3.672757   6.787431   0.000000    0.000000  0.000000  0.000000
   H   6.116625   6.819427   0.000000   -0.000000  0.000000  0.000000
   H  -6.116625  -6.819427   0.000000    0.000000  0.000000  0.000000
   H  -3.672757  -6.787431   0.000000    0.000000  0.000000  0.000000
   H  -1.225580  -6.778408   0.000000    0.000000  0.000000  0.000000
   H   1.225580  -6.778408   0.000000    0.000000  0.000000  0.000000
   H   3.672757  -6.787431   0.000000    0.000000  0.000000  0.000000
   H   6.116625  -6.819427   0.000000   -0.000000  0.000000  0.000000
converged SCF energy = -3067.58988945048
--------------- ROKS_Scanner gradients ---------------
         x                y                z
0 C    -0.0048149183     0.0015117910     0.0000000000
1 C    -0.0032331851     0.0037113611     0.0000000000
2 C    -0.0006619360    -0.0060441803     0.0000000000
3 C     0.0000036511     0.0016112732    -0.0000000000
4 C     0.0052507226    -0.0090765401    -0.0000000000
5 C    -0.0154167710    -0.0094910831    -0.0000000000
6 C    -0.0039463448     0.0084054065     0.0000000000
7 C     0.0045588497     0.0004429678     0.0000000000
8 C     0.0122492110    -0.0004503715    -0.0000000000
9 C     0.0084182317    -0.0042783795    -0.0000000000
10 C     0.0012818719    -0.0018825309    -0.0000000000
11 C     0.0066440180    -0.0009557579    -0.0000000000
12 C    -0.0140092905    -0.0036876755     0.0000000000
13 C    -0.0120410414    -0.0008654421     0.0000000000
14 C     0.0065707453     0.0075829222     0.0000000000
15 C     0.0045038843    -0.0059015702    -0.0000000000
16 C    -0.0077744096    -0.0050515751    -0.0000000000
17 C     0.0074879693     0.0060283692    -0.0000000000
18 C    -0.0048832276    -0.0004197194    -0.0000000000
19 N     0.0044786400    -0.0147656703     0.0000000000
20 N     0.0133121445    -0.0021549832     0.0000000000
21 C    -0.0011547097    -0.0071912002    -0.0000000000
22 C    -0.0158946156    -0.0027710736    -0.0000000000
23 C    -0.0182102963    -0.0011812566     0.0000000000
24 C     0.0250494394     0.0160583574    -0.0000000000
25 C     0.0110833282    -0.0018552049    -0.0000000000
26 C     0.0041508865     0.0081276986     0.0000000000
27 C    -0.0050375266    -0.0082833029    -0.0000000000
28 C    -0.0085488483    -0.0118052082    -0.0000000000
29 N     0.0058009322     0.0111539218    -0.0000000000
30 C     0.0322596548    -0.0048380193    -0.0000000000
31 C     0.0069822667    -0.0062104118    -0.0000000000
32 C     0.0043987174     0.0061054503    -0.0000000000
33 C    -0.0144050239    -0.0038651482    -0.0000000000
34 C     0.0051016982    -0.0143718489    -0.0000000000
35 C     0.0119453907    -0.0119304644    -0.0000000000
36 C     0.0084324070    -0.0103980299    -0.0000000000
37 C    -0.0152199836    -0.0054856663    -0.0000000000
38 C     0.0028006959    -0.0183685756    -0.0000000000
39 C     0.0003522380     0.0035647082    -0.0000000000
40 C     0.0015619982     0.0037926567     0.0000000000
41 C    -0.0066084804    -0.0058262203     0.0000000000
42 C    -0.0005079292     0.0094881406    -0.0000000000
43 C    -0.0001090606    -0.0012872322    -0.0000000000
44 C    -0.0071996860     0.0042843274     0.0000000000
45 C    -0.0082985243     0.0010233392     0.0000000000
46 C    -0.0054205486     0.0034675605     0.0000000000
47 N     0.0079028576     0.0022128593     0.0000000000
48 C     0.0071162787     0.0082929309    -0.0000000000
49 C    -0.0003361960    -0.0041374379    -0.0000000000
50 C    -0.0173895229     0.0063804191     0.0000000000
51 C    -0.0106752317     0.0032884891     0.0000000000
52 C     0.0117182179    -0.0085053877     0.0000000000
53 C     0.0045151170    -0.0037984438     0.0000000000
54 C     0.0156042761     0.0046980202    -0.0000000000
55 C     0.0013042804     0.0072729655    -0.0000000000
56 C    -0.0301873474     0.0128671775     0.0000000000
57 C    -0.0023725560     0.0081684329     0.0000000000
58 C     0.0090583937    -0.0047931796     0.0000000000
59 C    -0.0065126718    -0.0158148877     0.0000000000
60 C    -0.0103017663     0.0050032972     0.0000000000
61 C    -0.0050854824    -0.0092147437     0.0000000000
62 C     0.0167857196     0.0177128278    -0.0000000000
63 C     0.0043688838     0.0078748172     0.0000000000
64 C     0.0149923257     0.0083102954     0.0000000000
65 C     0.0065943873    -0.0190762037    -0.0000000000
66 C    -0.0376476856     0.0023477427     0.0000000000
67 C    -0.0070495175    -0.0052363431     0.0000000000
68 C     0.0036169654     0.0002676910     0.0000000000
69 C     0.0052362836     0.0048846046     0.0000000000
70 C    -0.0089543493    -0.0049784180     0.0000000000
71 N    -0.0246007490     0.0021091280     0.0000000000
72 C    -0.0126194646     0.0159142651     0.0000000000
73 C    -0.0027341680    -0.0002947264     0.0000000000
74 C     0.0232124854     0.0061623441     0.0000000000
75 C    -0.0033967716     0.0088662738     0.0000000000
76 C     0.0134547082     0.0072979933     0.0000000000
77 C     0.0113766484     0.0102162285     0.0000000000
78 H     0.0053086250     0.0029450344     0.0000000000
79 H     0.0056922246    -0.0033233301     0.0000000000
80 H     0.0063434060     0.0028233484     0.0000000000
81 H     0.0101431446    -0.0001954520    -0.0000000000
82 H     0.0058198663     0.0030301703     0.0000000000
83 H     0.0050547867    -0.0032396751    -0.0000000000
84 H    -0.0048860845     0.0030607806     0.0000000000
85 H    -0.0052327968    -0.0032924327     0.0000000000
86 H    -0.0061969043     0.0028139932     0.0000000000
87 H    -0.0093607222    -0.0008013622    -0.0000000000
88 H    -0.0055277674     0.0033361363     0.0000000000
89 H    -0.0048078950    -0.0033002198     0.0000000000
90 H     0.0001661159     0.0060399121    -0.0000000000
91 H    -0.0000170083     0.0063071562    -0.0000000000
92 H    -0.0007529932     0.0067791272    -0.0000000000
93 H    -0.0086678983     0.0103153479    -0.0000000000
94 H     0.0094700802     0.0103006983     0.0000000000
95 H    -0.0005202468     0.0059538338    -0.0000000000
96 H     0.0000548908    -0.0062350678     0.0000000000
97 H     0.0000232207    -0.0066513625     0.0000000000
98 H     0.0001096352    -0.0066836041    -0.0000000000
99 H    -0.0004627428    -0.0068051042     0.0000000000
100 H    -0.0001154287    -0.0067505906     0.0000000000
101 H     0.0000821490    -0.0064147739     0.0000000000
----------------------------------------------
cycle 1: E = -3067.58988945  dE = -3067.59  norm(grad) = 0.130402

Geometry optimization cycle 2
Cartesian coordinates (Angstrom)
 Atom        New coordinates             dX        dY        dZ
   C  -7.258243   4.950834   0.000000    0.079983 -0.091925  0.000000
   C  -7.287653   0.689545   0.000000    0.077575 -0.001594  0.000000
   C  -6.106591   2.848858   0.000000    0.067050 -0.040555  0.000000
   C  -4.840059   4.969451   0.000000    0.070031 -0.050166  0.000000
   C  -7.328850  -3.474730   0.000000    0.029201  0.167906  0.000000
   C  -6.069061  -1.389520   0.000000    0.104414  0.042265  0.000000
   C  -4.875964   0.697051  -0.000000    0.064104 -0.019637 -0.000000
   C  -3.659786   2.823854  -0.000000    0.035059 -0.036457 -0.000000
   C  -2.412207   4.951045  -0.000000    0.045017 -0.054670 -0.000000
   C  -6.126099  -5.590120   0.000000    0.012416  0.137126  0.000000
   C  -4.887287  -3.534817   0.000000    0.040927  0.045254  0.000000
   C  -3.658446  -1.407208  -0.000000    0.039723  0.018363 -0.000000
   C  -2.435324   0.705603  -0.000000    0.036455 -0.010937 -0.000000
   C  -1.212172   2.808297  -0.000000    0.018533 -0.043610 -0.000000
   C   0.025329   4.906359  -0.000000    0.025329 -0.096810 -0.000000
   C  -3.650298  -5.640453  -0.000000    0.028668  0.053599 -0.000000
   C  -2.441764  -3.524507  -0.000000    0.024251  0.036416 -0.000000
   C  -1.220525  -1.411316  -0.000000    0.011898  0.011891 -0.000000
   C   0.003683   0.703942  -0.000000    0.003683 -0.011867 -0.000000
   N   1.213066   2.793001  -0.000000   -0.017639 -0.058906 -0.000000
   N   2.389238   4.845353  -0.000000   -0.067986 -0.160362 -0.000000
   C  -1.203016  -5.630943  -0.000000    0.023319  0.054137 -0.000000
   C   0.015172  -3.525576  -0.000000    0.015172  0.031503 -0.000000
   C   1.234366  -1.407982  -0.000000    0.001943  0.015225 -0.000000
   C   2.437938   0.692032  -0.000000   -0.033842 -0.024508 -0.000000
   C   3.656150   2.791385  -0.000000   -0.038695 -0.068927 -0.000000
   C   4.808524   4.921448   0.000000   -0.101567 -0.098169  0.000000
   C   1.245154  -5.617302  -0.000000    0.018820  0.067778 -0.000000
   C   2.465948  -3.510441  -0.000000   -0.000066  0.050481 -0.000000
   N   3.651305  -1.406969  -0.000000   -0.046863  0.018602 -0.000000
   C   4.876629   0.697117  -0.000000   -0.063439 -0.019572 -0.000000
   C   6.109570   2.841805   0.000000   -0.064072 -0.047609  0.000000
   C   7.189431   4.981253   0.000000   -0.148795 -0.061507  0.000000
   C   3.680308  -5.640412  -0.000000    0.001342  0.053640 -0.000000
   C   4.889045  -3.513421  -0.000000   -0.039169  0.066650 -0.000000
   C   6.069888  -1.408337   0.000000   -0.103587  0.023448  0.000000
   C   7.292856   0.681802   0.000000   -0.072372 -0.009337  0.000000
   C   6.117977  -5.610891   0.000000   -0.020539  0.116355  0.000000
   C   7.322332  -3.520760   0.000000   -0.035719  0.121875  0.000000
   C  -7.301890   3.560913   0.000000    0.056161 -0.081723  0.000000
   C  -6.074862   5.645136   0.000000    0.063653 -0.082110  0.000000
   C  -7.251689  -0.674763   0.000000    0.113539  0.016376  0.000000
   C  -6.097065   1.401756   0.000000    0.076410 -0.030029  0.000000
   C  -4.877057   3.544163  -0.000000    0.051158 -0.035908 -0.000000
   C  -3.614261   5.641588  -0.000000    0.064705 -0.052464 -0.000000
   C  -7.290417  -4.866986   0.000000    0.047809  0.175774  0.000000
   C  -6.099976  -2.822023   0.000000    0.073666  0.067390  0.000000
   N  -4.869520  -0.703738  -0.000000    0.070548  0.012950 -0.000000
   C  -3.656517   1.398590  -0.000000    0.041652 -0.026981 -0.000000
   C  -2.436832   3.520295  -0.000000    0.029182 -0.040627 -0.000000
   C  -1.166485   5.599833  -0.000000    0.059849 -0.085247 -0.000000
   C  -4.861433  -4.959153   0.000000    0.048658  0.060464  0.000000
   C  -3.667572  -2.823026  -0.000000    0.027273  0.037286 -0.000000
   C  -2.445961  -0.708128  -0.000000    0.025818  0.008411 -0.000000
   C  -1.223564   1.398459  -0.000000    0.008859 -0.024749 -0.000000
   C   0.005348   3.486224  -0.000000    0.005348 -0.070854 -0.000000
   C   1.253764   5.560701  -0.000000    0.027430 -0.124378 -0.000000
   C  -2.429122  -4.965760  -0.000000    0.028102  0.039955 -0.000000
   C  -1.217195  -2.824716  -0.000000    0.013510  0.027191 -0.000000
   C   0.009382  -0.704071  -0.000000    0.009382  0.011738 -0.000000
   C   1.225455   1.387971  -0.000000   -0.006967 -0.035236 -0.000000
   C   2.439806   3.458715  -0.000000   -0.026209 -0.102208 -0.000000
   C   3.557650   5.521742  -0.000000   -0.121316 -0.172310 -0.000000
   C   0.016059  -4.961615  -0.000000    0.016059  0.041553 -0.000000
   C   1.225133  -2.826593  -0.000000   -0.005572  0.025314 -0.000000
   C   2.441338  -0.700979  -0.000000   -0.030441  0.015561 -0.000000
   C   3.677254   1.382997  -0.000000   -0.020915 -0.042574 -0.000000
   C   4.873836   3.509517  -0.000000   -0.054378 -0.070553 -0.000000
   C   5.997976   5.666533   0.000000   -0.140540 -0.060712  0.000000
   C   2.465504  -4.950979  -0.000000    0.008280  0.054736 -0.000000
   C   3.675167  -2.811801  -0.000000   -0.019678  0.048511 -0.000000
   N   4.881014  -0.707952  -0.000000   -0.059055  0.008737 -0.000000
   C   6.113094   1.393431   0.000000   -0.060381 -0.038354  0.000000
   C   7.282449   3.595277   0.000000   -0.075602 -0.047358  0.000000
   C   4.868984  -4.942959   0.000000   -0.041107  0.076658  0.000000
   C   6.120906  -2.836859   0.000000   -0.052736  0.052554  0.000000
   C   7.238536  -0.690774   0.000000   -0.126692  0.000365  0.000000
   C   7.293434  -4.919568   0.000000   -0.044792  0.123192  0.000000
   H   8.111206   5.548913   0.000000   -0.170978 -0.042512  0.000000
   H   8.256130   3.128166   0.000000   -0.069611 -0.012940  0.000000
   H   8.250057   1.180889   0.000000   -0.076658 -0.023772  0.000000
   H   8.160193  -1.246602   0.000000   -0.166522 -0.041940  0.000000
   H   8.270450  -3.003662   0.000000   -0.055291  0.137444  0.000000
   H   8.232179  -5.458921   0.000000   -0.050005  0.132504  0.000000
   H  -8.193859   5.496314   0.000000    0.088326 -0.095111  0.000000
   H  -8.259944   3.061147   0.000000    0.065797 -0.079959  0.000000
   H  -8.240988   1.196411   0.000000    0.085727 -0.008251  0.000000
   H  -8.178786  -1.222679   0.000000    0.147929 -0.018017  0.000000
   H  -8.272675  -2.949468   0.000000    0.053065  0.191638  0.000000
   H  -8.234609  -5.397317   0.000000    0.047575  0.194108  0.000000
   H  -6.071907   6.728274   0.000000    0.044719 -0.091153  0.000000
   H  -3.603421   6.725235   0.000000    0.069336 -0.062197  0.000000
   H  -1.136804   6.682336  -0.000000    0.088776 -0.096072 -0.000000
   H   1.354020   6.633492  -0.000000    0.128440 -0.144916 -0.000000
   H   3.450164   6.594013  -0.000000   -0.222593 -0.193419 -0.000000
   H   5.960923   6.749163   0.000000   -0.155703 -0.070264  0.000000
   H  -6.156496  -6.672540   0.000000   -0.039871  0.146886  0.000000
   H  -3.654641  -6.723616   0.000000    0.018116  0.063815  0.000000
   H  -1.201988  -6.713999  -0.000000    0.023592  0.064409 -0.000000
   H   1.254576  -6.700130  -0.000000    0.028996  0.078278 -0.000000
   H   3.688954  -6.723396  -0.000000    0.016197  0.064035 -0.000000
   H   6.119011  -6.693467   0.000000    0.002386  0.125960  0.000000
converged SCF energy = -3067.62457078637
--------------- ROKS_Scanner gradients ---------------
         x                y                z
0 C     0.0061070092    -0.0023221094    -0.0000000000
1 C    -0.0038180028     0.0056880160     0.0000000000
2 C     0.0012026855     0.0018490535    -0.0000000000
3 C     0.0057121470     0.0013388853     0.0000000000
4 C    -0.0104180024     0.0109616374     0.0000000000
5 C    -0.0109690530    -0.0029965905     0.0000000000
6 C    -0.0017943491     0.0012557567     0.0000000000
7 C    -0.0012153156     0.0010625280     0.0000000000
8 C     0.0044715014    -0.0005289771     0.0000000000
9 C    -0.0006913951     0.0027154048     0.0000000000
10 C    -0.0033607908    -0.0025756792    -0.0000000000
11 C     0.0006730539     0.0014124271     0.0000000000
12 C    -0.0033088150    -0.0011163019     0.0000000000
13 C    -0.0009502559    -0.0013384156     0.0000000000
14 C     0.0077020341    -0.0052495924     0.0000000000
15 C     0.0029850772    -0.0006180760     0.0000000000
16 C    -0.0039297702    -0.0009791911    -0.0000000000
17 C     0.0011085545     0.0029690505    -0.0000000000
18 C    -0.0023085257     0.0041889999     0.0000000000
19 N    -0.0000536750     0.0028874405     0.0000000000
20 N    -0.0157292467    -0.0031375521    -0.0000000000
21 C     0.0006900256     0.0005486968     0.0000000000
22 C    -0.0050683017    -0.0009545754    -0.0000000000
23 C    -0.0008893247     0.0015984924    -0.0000000000
24 C     0.0074786758     0.0028983795     0.0000000000
25 C     0.0021623534    -0.0006317736    -0.0000000000
26 C     0.0052571690    -0.0026250364    -0.0000000000
27 C    -0.0011584381     0.0017070839     0.0000000000
28 C    -0.0010864962     0.0020275413    -0.0000000000
29 N    -0.0020685522     0.0036758512     0.0000000000
30 C     0.0089546507     0.0018334695     0.0000000000
31 C     0.0014576709     0.0035335963    -0.0000000000
32 C    -0.0108716805    -0.0063910467    -0.0000000000
33 C    -0.0035410840    -0.0046619651    -0.0000000000
34 C     0.0004746393     0.0014707454     0.0000000000
35 C     0.0044787756    -0.0151201502    -0.0000000000
36 C     0.0084138847    -0.0008101130     0.0000000000
37 C    -0.0061677183    -0.0003737473    -0.0000000000
38 C     0.0065726777    -0.0006933254     0.0000000000
39 C    -0.0058239038    -0.0045676447     0.0000000000
40 C    -0.0014848436    -0.0015708697    -0.0000000000
41 C     0.0090759661    -0.0055548925    -0.0000000000
42 C    -0.0002240800    -0.0037789236    -0.0000000000
43 C    -0.0029425689     0.0010029403    -0.0000000000
44 C    -0.0010782522     0.0008923385     0.0000000000
45 C     0.0097480008     0.0043663264    -0.0000000000
46 C     0.0046146142    -0.0045077824     0.0000000000
47 N     0.0067092421    -0.0000295937    -0.0000000000
48 C     0.0034271718    -0.0028368174    -0.0000000000
49 C    -0.0013048187    -0.0009630365    -0.0000000000
50 C    -0.0019763072     0.0002734555    -0.0000000000
51 C     0.0050161224    -0.0010463084    -0.0000000000
52 C     0.0000944095    -0.0036634387     0.0000000000
53 C    -0.0022357882     0.0015935928    -0.0000000000
54 C     0.0046879917     0.0017852122    -0.0000000000
55 C    -0.0032287088     0.0035972837    -0.0000000000
56 C     0.0061626532     0.0092871475     0.0000000000
57 C    -0.0003559521     0.0008182017    -0.0000000000
58 C     0.0040077266    -0.0018510640     0.0000000000
59 C    -0.0011538793    -0.0037628151     0.0000000000
60 C     0.0000455303    -0.0023493182    -0.0000000000
61 C     0.0100009272    -0.0056869227     0.0000000000
62 C    -0.0096802255    -0.0072799937     0.0000000000
63 C     0.0017787348    -0.0003211772     0.0000000000
64 C     0.0036455361     0.0038832524     0.0000000000
65 C     0.0001897133     0.0000395673     0.0000000000
66 C    -0.0083041894     0.0005549037    -0.0000000000
67 C    -0.0025805401    -0.0022096240     0.0000000000
68 C     0.0000204404     0.0064371136    -0.0000000000
69 C     0.0064356218    -0.0002297536    -0.0000000000
70 C     0.0014813252    -0.0080694167    -0.0000000000
71 N    -0.0061996160     0.0056924010    -0.0000000000
72 C    -0.0067959101    -0.0026282141     0.0000000000
73 C     0.0071054116    -0.0033968694     0.0000000000
74 C     0.0016050503     0.0058832209    -0.0000000000
75 C     0.0008889097     0.0027728873     0.0000000000
76 C    -0.0131661008     0.0020711789    -0.0000000000
77 C    -0.0029474159     0.0061889007    -0.0000000000
78 H    -0.0014051384    -0.0011837506     0.0000000000
79 H     0.0002911472    -0.0009898605     0.0000000000
80 H     0.0003804124     0.0002287945    -0.0000000000
81 H     0.0005763966    -0.0011099811     0.0000000000
82 H     0.0010839000     0.0032203244     0.0000000000
83 H    -0.0005750000     0.0008532296     0.0000000000
84 H     0.0005078583    -0.0011630922     0.0000000000
85 H    -0.0006628177    -0.0018027393     0.0000000000
86 H    -0.0007198528     0.0008410005    -0.0000000000
87 H    -0.0012931515    -0.0018549310     0.0000000000
88 H    -0.0020023862     0.0048909453     0.0000000000
89 H     0.0006778658     0.0020866480     0.0000000000
90 H     0.0008706987    -0.0005236597     0.0000000000
91 H     0.0005361744    -0.0002648837     0.0000000000
92 H     0.0004308049    -0.0005197500     0.0000000000
93 H    -0.0001880108     0.0007123485     0.0000000000
94 H    -0.0009110180    -0.0010075130    -0.0000000000
95 H    -0.0010912019     0.0007456932     0.0000000000
96 H     0.0013209952     0.0007650042    -0.0000000000
97 H     0.0000660667     0.0004750867    -0.0000000000
98 H     0.0001406020     0.0007840003    -0.0000000000
99 H     0.0000124451     0.0010527677    -0.0000000000
100 H     0.0004053043    -0.0001996390     0.0000000000
101 H    -0.0001889198     0.0006362843     0.0000000000
----------------------------------------------
cycle 2: E = -3067.62457079  dE = -0.0346813  norm(grad) = 0.0598815

Geometry optimization cycle 3
