1721283136.3181005

Geometry optimization cycle 1
Cartesian coordinates (Angstrom)
 Atom        New coordinates             dX        dY        dZ
   C  -7.338226   5.042760   0.000000    0.000000  0.000000  0.000000
   C  -7.365228   0.691139   0.000000    0.000000  0.000000  0.000000
   C  -6.173642   2.889413   0.000000    0.000000  0.000000  0.000000
   C  -4.910090   5.019617   0.000000    0.000000  0.000000  0.000000
   C  -7.358051  -3.642635   0.000000    0.000000  0.000000  0.000000
   C  -6.173475  -1.431785   0.000000    0.000000  0.000000  0.000000
   C  -4.940069   0.716689   0.000000    0.000000  0.000000  0.000000
   C  -3.694845   2.860312   0.000000    0.000000  0.000000  0.000000
   C  -2.457224   5.005715   0.000000    0.000000  0.000000  0.000000
   C  -6.138515  -5.727246   0.000000    0.000000  0.000000  0.000000
   C  -4.928214  -3.580071   0.000000    0.000000  0.000000  0.000000
   C  -3.698169  -1.425571   0.000000    0.000000  0.000000  0.000000
   C  -2.471779   0.716540   0.000000    0.000000  0.000000  0.000000
   C  -1.230705   2.851907   0.000000    0.000000 -0.000000  0.000000
   C   0.000000   5.003169   0.000000    0.000000  0.000000  0.000000
   C  -3.678966  -5.694052   0.000000    0.000000  0.000000  0.000000
   C  -2.466015  -3.560923   0.000000    0.000000  0.000000  0.000000
   C  -1.232423  -1.423207   0.000000    0.000000  0.000000  0.000000
   C   0.000000   0.715809   0.000000    0.000000  0.000000  0.000000
   C   1.230705   2.851907   0.000000    0.000000 -0.000000  0.000000
   C   2.457224   5.005715   0.000000    0.000000  0.000000  0.000000
   C  -1.226334  -5.685080   0.000000    0.000000  0.000000  0.000000
   C   0.000000  -3.557079   0.000000    0.000000  0.000000  0.000000
   C   1.232423  -1.423207   0.000000    0.000000  0.000000  0.000000
   C   2.471779   0.716540   0.000000    0.000000  0.000000  0.000000
   C   3.694845   2.860312   0.000000    0.000000  0.000000  0.000000
   C   4.910090   5.019617   0.000000    0.000000  0.000000  0.000000
   C   1.226334  -5.685080   0.000000    0.000000  0.000000  0.000000
   C   2.466015  -3.560923   0.000000    0.000000  0.000000  0.000000
   C   3.698169  -1.425571   0.000000    0.000000  0.000000  0.000000
   C   4.940069   0.716689   0.000000    0.000000  0.000000  0.000000
   C   6.173642   2.889413   0.000000    0.000000  0.000000  0.000000
   C   7.338226   5.042760   0.000000    0.000000  0.000000  0.000000
   C   3.678966  -5.694052   0.000000    0.000000  0.000000  0.000000
   C   4.928214  -3.580071   0.000000    0.000000  0.000000  0.000000
   C   6.173475  -1.431785   0.000000   -0.000000  0.000000  0.000000
   C   7.365228   0.691139   0.000000    0.000000  0.000000  0.000000
   C   6.138515  -5.727246   0.000000    0.000000  0.000000  0.000000
   C   7.358051  -3.642635   0.000000   -0.000000  0.000000  0.000000
   C  -7.358051   3.642635   0.000000    0.000000  0.000000  0.000000
   C  -6.138515   5.727246   0.000000    0.000000  0.000000  0.000000
   C  -7.365228  -0.691139   0.000000    0.000000  0.000000  0.000000
   C  -6.173475   1.431785   0.000000    0.000000  0.000000  0.000000
   C  -4.928214   3.580071   0.000000    0.000000 -0.000000  0.000000
   C  -3.678966   5.694052   0.000000    0.000000  0.000000  0.000000
   C  -7.338226  -5.042760   0.000000    0.000000  0.000000  0.000000
   C  -6.173642  -2.889413   0.000000    0.000000  0.000000  0.000000
   C  -4.940069  -0.716689   0.000000    0.000000  0.000000  0.000000
   C  -3.698169   1.425571   0.000000    0.000000  0.000000  0.000000
   C  -2.466015   3.560923   0.000000    0.000000 -0.000000  0.000000
   C  -1.226334   5.685080   0.000000    0.000000  0.000000  0.000000
   C  -4.910090  -5.019617   0.000000    0.000000  0.000000  0.000000
   C  -3.694845  -2.860312   0.000000    0.000000  0.000000  0.000000
   C  -2.471779  -0.716540   0.000000    0.000000  0.000000  0.000000
   C  -1.232423   1.423207   0.000000    0.000000  0.000000  0.000000
   C   0.000000   3.557079   0.000000    0.000000  0.000000  0.000000
   C   1.226334   5.685080   0.000000    0.000000  0.000000  0.000000
   C  -2.457224  -5.005715   0.000000    0.000000  0.000000  0.000000
   C  -1.230705  -2.851907   0.000000    0.000000  0.000000  0.000000
   C   0.000000  -0.715809   0.000000    0.000000  0.000000  0.000000
   C   1.232423   1.423207   0.000000    0.000000  0.000000  0.000000
   C   2.466015   3.560923   0.000000    0.000000 -0.000000  0.000000
   C   3.678966   5.694052   0.000000    0.000000  0.000000  0.000000
   C   0.000000  -5.003169   0.000000    0.000000  0.000000  0.000000
   C   1.230705  -2.851907   0.000000    0.000000  0.000000  0.000000
   C   2.471779  -0.716540   0.000000    0.000000  0.000000  0.000000
   C   3.698169   1.425571   0.000000    0.000000  0.000000  0.000000
   N   4.928214   3.580071   0.000000    0.000000 -0.000000  0.000000
   C   6.138515   5.727246   0.000000    0.000000  0.000000  0.000000
   C   2.457224  -5.005715   0.000000    0.000000  0.000000  0.000000
   C   3.694845  -2.860312   0.000000    0.000000  0.000000  0.000000
   C   4.940069  -0.716689   0.000000    0.000000  0.000000  0.000000
   C   6.173475   1.431785   0.000000   -0.000000  0.000000  0.000000
   C   7.358051   3.642635   0.000000   -0.000000  0.000000  0.000000
   C   4.910090  -5.019617   0.000000    0.000000  0.000000  0.000000
   C   6.173642  -2.889413   0.000000    0.000000  0.000000  0.000000
   C   7.365228  -0.691139   0.000000    0.000000  0.000000  0.000000
   C   7.338226  -5.042760   0.000000    0.000000  0.000000  0.000000
   H   8.282184   5.591425   0.000000    0.000000 -0.000000  0.000000
   H   8.325741   3.141106   0.000000    0.000000  0.000000  0.000000
   H   8.326715   1.204661   0.000000    0.000000  0.000000  0.000000
   H   8.326715  -1.204661   0.000000    0.000000  0.000000  0.000000
   H   8.325741  -3.141106   0.000000    0.000000  0.000000  0.000000
   H   8.282184  -5.591425   0.000000    0.000000  0.000000  0.000000
   H  -8.282184   5.591425   0.000000    0.000000 -0.000000  0.000000
   H  -8.325741   3.141106   0.000000    0.000000  0.000000  0.000000
   H  -8.326715   1.204661   0.000000    0.000000  0.000000  0.000000
   H  -8.326715  -1.204661   0.000000    0.000000  0.000000  0.000000
   H  -8.325741  -3.141106   0.000000    0.000000  0.000000  0.000000
   H  -8.282184  -5.591425   0.000000    0.000000  0.000000  0.000000
   H  -6.116625   6.819427   0.000000    0.000000  0.000000  0.000000
   H  -3.672757   6.787431   0.000000    0.000000  0.000000  0.000000
   H  -1.225580   6.778408   0.000000    0.000000 -0.000000  0.000000
   H   1.225580   6.778408   0.000000    0.000000 -0.000000  0.000000
   H   3.672757   6.787431   0.000000    0.000000  0.000000  0.000000
   H   6.116625   6.819427   0.000000   -0.000000  0.000000  0.000000
   H  -6.116625  -6.819427   0.000000    0.000000  0.000000  0.000000
   H  -3.672757  -6.787431   0.000000    0.000000  0.000000  0.000000
   H  -1.225580  -6.778408   0.000000    0.000000  0.000000  0.000000
   H   1.225580  -6.778408   0.000000    0.000000  0.000000  0.000000
   H   3.672757  -6.787431   0.000000    0.000000  0.000000  0.000000
   H   6.116625  -6.819427   0.000000   -0.000000  0.000000  0.000000
converged SCF energy = -3001.28050275109
--------------- ROKS_Scanner gradients ---------------
         x                y                z
0 C    -0.0048245228    -0.0018827107    -0.0000000000
1 C    -0.0027945520    -0.0002307384    -0.0000000000
2 C     0.0035373046    -0.0065826536    -0.0000000000
3 C    -0.0012848590     0.0024815928    -0.0000000000
4 C    -0.0035330409    -0.0011111818    -0.0000000000
5 C     0.0001828380    -0.0055416201    -0.0000000000
6 C     0.0017868398     0.0007545482    -0.0000000000
7 C     0.0018923696    -0.0029701399     0.0000000000
8 C     0.0058785373     0.0004971663    -0.0000000000
9 C     0.0003165931    -0.0025913428     0.0000000000
10 C     0.0004978892     0.0026406362    -0.0000000000
11 C    -0.0025172312    -0.0015151854     0.0000000000
12 C     0.0033496354    -0.0014643499     0.0000000000
13 C     0.0004958568     0.0002885619     0.0000000000
14 C     0.0179074778    -0.0026856544     0.0000000000
15 C    -0.0066419028    -0.0016072632     0.0000000000
16 C     0.0027764157    -0.0001945479     0.0000000000
17 C    -0.0012672287     0.0010499019    -0.0000000000
18 C     0.0030403327    -0.0018614735    -0.0000000000
19 C     0.0006106572     0.0061629031    -0.0000000000
20 C     0.0334302823    -0.0100305962    -0.0000000000
21 C    -0.0047917904     0.0009155294     0.0000000000
22 C     0.0000280974    -0.0025809149    -0.0000000000
23 C     0.0017997531     0.0004653792    -0.0000000000
24 C     0.0025569921    -0.0051215632    -0.0000000000
25 C     0.0001297009    -0.0051305930    -0.0000000000
26 C     0.0323228294    -0.0002158328    -0.0000000000
27 C     0.0051679809     0.0008537351     0.0000000000
28 C    -0.0027275620    -0.0003895890    -0.0000000000
29 C     0.0037419053    -0.0015527064    -0.0000000000
30 C    -0.0054326112     0.0014776264    -0.0000000000
31 C    -0.0031914036    -0.0213129374    -0.0000000000
32 C     0.0157644511    -0.0168342430    -0.0000000000
33 C     0.0063585962    -0.0018726183    -0.0000000000
34 C    -0.0004156080     0.0020668841    -0.0000000000
35 C    -0.0006597491    -0.0057466261    -0.0000000000
36 C     0.0004599700    -0.0035513656    -0.0000000000
37 C    -0.0005361389    -0.0033003162    -0.0000000000
38 C     0.0032097129    -0.0018599463    -0.0000000000
39 C    -0.0040739790     0.0039821207     0.0000000000
40 C     0.0029187609     0.0032012209     0.0000000000
41 C    -0.0031941828     0.0004808699     0.0000000000
42 C     0.0004910972     0.0052071729     0.0000000000
43 C    -0.0017228985     0.0000429377     0.0000000000
44 C    -0.0031061436     0.0040095922     0.0000000000
45 C    -0.0036464784    -0.0001952042    -0.0000000000
46 C     0.0019724185     0.0053976154     0.0000000000
47 C     0.0017584778    -0.0001077992     0.0000000000
48 C    -0.0030908943     0.0017860613    -0.0000000000
49 C     0.0010740996    -0.0007260400     0.0000000000
50 C    -0.0126806471     0.0057609208     0.0000000000
51 C     0.0033512309    -0.0041585248    -0.0000000000
52 C    -0.0023839098     0.0016209618    -0.0000000000
53 C     0.0028484487     0.0017460318    -0.0000000000
54 C    -0.0035976223     0.0005715584    -0.0000000000
55 C     0.0002981350    -0.0020376578    -0.0000000000
56 C    -0.0263193001     0.0073463585     0.0000000000
57 C     0.0082964938    -0.0014457980    -0.0000000000
58 C    -0.0020438359    -0.0004915225     0.0000000000
59 C    -0.0001287639     0.0018888763     0.0000000000
60 C    -0.0011393499    -0.0009810572     0.0000000000
61 C    -0.0156405428    -0.0004653945     0.0000000000
62 C    -0.0317582011     0.0137676554     0.0000000000
63 C    -0.0003510668     0.0011091542     0.0000000000
64 C     0.0020867905    -0.0006360597     0.0000000000
65 C    -0.0041027069     0.0022239232     0.0000000000
66 C    -0.0036563445    -0.0084949016     0.0000000000
67 N    -0.0083746352     0.0054312542     0.0000000000
68 C    -0.0231348053     0.0122251825     0.0000000000
69 C    -0.0082027997    -0.0007498519     0.0000000000
70 C     0.0019394953     0.0015478667     0.0000000000
71 C    -0.0014760169    -0.0013159445     0.0000000000
72 C     0.0095701068     0.0056636527     0.0000000000
73 C     0.0155935364     0.0177069243     0.0000000000
74 C    -0.0026657073    -0.0039117262     0.0000000000
75 C    -0.0020871477     0.0064694345     0.0000000000
76 C     0.0033587644    -0.0001971157     0.0000000000
77 C     0.0034008739    -0.0000841613     0.0000000000
78 H     0.0054500237     0.0027246183     0.0000000000
79 H     0.0090854874    -0.0010640068    -0.0000000000
80 H     0.0057187186     0.0032470698     0.0000000000
81 H     0.0056555817    -0.0034505862    -0.0000000000
82 H     0.0054555596     0.0030426422     0.0000000000
83 H     0.0050757286    -0.0029150617    -0.0000000000
84 H    -0.0049905572     0.0028285220     0.0000000000
85 H    -0.0054929706    -0.0029306277    -0.0000000000
86 H    -0.0056070192     0.0029799181     0.0000000000
87 H    -0.0054720825    -0.0030287097    -0.0000000000
88 H    -0.0055909781     0.0029328990     0.0000000000
89 H    -0.0050511639    -0.0028541102    -0.0000000000
90 H     0.0002576200     0.0058663053    -0.0000000000
91 H    -0.0000836183     0.0059958252    -0.0000000000
92 H    -0.0002291863     0.0061901778    -0.0000000000
93 H    -0.0003832703     0.0064463860     0.0000000000
94 H    -0.0031504402     0.0083717520     0.0000000000
95 H     0.0024161798     0.0081513596    -0.0000000000
96 H     0.0002752833    -0.0058680488     0.0000000000
97 H    -0.0000242830    -0.0059141054    -0.0000000000
98 H    -0.0000757217    -0.0059533487     0.0000000000
99 H     0.0000262118    -0.0060037033    -0.0000000000
100 H     0.0000127863    -0.0059980393    -0.0000000000
101 H    -0.0002885582    -0.0059114719     0.0000000000
----------------------------------------------
cycle 1: E = -3001.28050275  dE = -3001.28  norm(grad) = 0.0984958

Geometry optimization cycle 2
Cartesian coordinates (Angstrom)
 Atom        New coordinates             dX        dY        dZ
   C  -7.276935   5.002437   0.000000    0.061291 -0.040323  0.000000
   C  -7.310390   0.682637   0.000000    0.054838 -0.008502  0.000000
   C  -6.128581   2.869544  -0.000000    0.045061 -0.019869 -0.000000
   C  -4.866132   4.982161  -0.000000    0.043958 -0.037456 -0.000000
   C  -7.298520  -3.623395   0.000000    0.059531  0.019241  0.000000
   C  -6.126745  -1.423744   0.000000    0.046730  0.008041  0.000000
   C  -4.905601   0.710311  -0.000000    0.034468 -0.006378 -0.000000
   C  -3.668799   2.844492  -0.000000    0.026046 -0.015820 -0.000000
   C  -2.429822   4.975833  -0.000000    0.027401 -0.029882 -0.000000
   C  -6.084198  -5.694623   0.000000    0.054318  0.032622  0.000000
   C  -4.889049  -3.559399   0.000000    0.039165  0.020672  0.000000
   C  -3.671153  -1.415038  -0.000000    0.027016  0.010533 -0.000000
   C  -2.457742   0.716316  -0.000000    0.014038 -0.000224 -0.000000
   C  -1.221722   2.841690  -0.000000    0.008983 -0.010217 -0.000000
   C   0.009758   4.984330  -0.000000    0.009758 -0.018839 -0.000000
   C  -3.643062  -5.656423  -0.000000    0.035904  0.037629 -0.000000
   C  -2.447412  -3.533746  -0.000000    0.018602  0.027177 -0.000000
   C  -1.226190  -1.409797  -0.000000    0.006233  0.013410 -0.000000
   C  -0.007979   0.719025  -0.000000   -0.007979  0.003216 -0.000000
   C   1.221454   2.840217  -0.000000   -0.009251 -0.011690 -0.000000
   C   2.431686   4.975794  -0.000000   -0.025538 -0.029920 -0.000000
   C  -1.211778  -5.644276  -0.000000    0.014557  0.040804 -0.000000
   C   0.001031  -3.525186  -0.000000    0.001031  0.031893 -0.000000
   C   1.217679  -1.405172  -0.000000   -0.014744  0.018035 -0.000000
   C   2.442063   0.725392  -0.000000   -0.029716  0.008852 -0.000000
   C   3.661335   2.842509  -0.000000   -0.033510 -0.017803 -0.000000
   C   4.856076   4.938467   0.000000   -0.054015 -0.081150  0.000000
   C   1.217616  -5.641595  -0.000000   -0.008719  0.043485 -0.000000
   C   2.448893  -3.528150  -0.000000   -0.017121  0.032772 -0.000000
   C   3.660727  -1.407852  -0.000000   -0.037442  0.017719 -0.000000
   C   4.884001   0.711103  -0.000000   -0.056068 -0.005586 -0.000000
   C   6.101077   2.862407   0.000000   -0.072564 -0.027006  0.000000
   C   7.285427   4.977400   0.000000   -0.052799 -0.065359  0.000000
   C   3.652167  -5.644337  -0.000000   -0.026799  0.049715 -0.000000
   C   4.893569  -3.543033  -0.000000   -0.034645  0.037037 -0.000000
   C   6.121980  -1.406429  -0.000000   -0.051495  0.025356 -0.000000
   C   7.289528   0.710636   0.000000   -0.075700  0.019497  0.000000
   C   6.095939  -5.668008   0.000000   -0.042577  0.059238  0.000000
   C   7.308242  -3.596796   0.000000   -0.049810  0.045839  0.000000
   C  -7.304277   3.609595   0.000000    0.053774 -0.033040  0.000000
   C  -6.088210   5.682592   0.000000    0.050305 -0.044654  0.000000
   C  -7.309351  -0.691027   0.000000    0.055877  0.000112  0.000000
   C  -6.129290   1.418464  -0.000000    0.044185 -0.013322 -0.000000
   C  -4.891353   3.555815  -0.000000    0.036861 -0.024256 -0.000000
   C  -3.642579   5.652053  -0.000000    0.036387 -0.042000 -0.000000
   C  -7.274181  -5.014542   0.000000    0.064044  0.028217  0.000000
   C  -6.126041  -2.875205   0.000000    0.047600  0.014209  0.000000
   C  -4.905106  -0.712300  -0.000000    0.034962  0.004388 -0.000000
   C  -3.672961   1.417998  -0.000000    0.025208 -0.007573 -0.000000
   C  -2.449291   3.543171  -0.000000    0.016723 -0.017751 -0.000000
   C  -1.200575   5.650205  -0.000000    0.025759 -0.034874 -0.000000
   C  -4.869235  -4.985741   0.000000    0.040855  0.033876  0.000000
   C  -3.665952  -2.840917  -0.000000    0.028893  0.019395 -0.000000
   C  -2.457834  -0.708629  -0.000000    0.013945  0.007911 -0.000000
   C  -1.226992   1.421769  -0.000000    0.005431 -0.001439 -0.000000
   C   0.000550   3.546952  -0.000000    0.000550 -0.010127 -0.000000
   C   1.242646   5.661089  -0.000000    0.016312 -0.023991 -0.000000
   C  -2.439065  -4.967340  -0.000000    0.018158  0.038375 -0.000000
   C  -1.220716  -2.827633  -0.000000    0.009989  0.024274 -0.000000
   C  -0.005477  -0.704361  -0.000000   -0.005477  0.011448 -0.000000
   C   1.214348   1.424608  -0.000000   -0.018075  0.001401 -0.000000
   C   2.454190   3.542658  -0.000000   -0.011824 -0.018264 -0.000000
   C   3.678525   5.621087   0.000000   -0.000441 -0.072966  0.000000
   C   0.002196  -4.962467  -0.000000    0.002196  0.040701 -0.000000
   C   1.220376  -2.823679  -0.000000   -0.010328  0.028228 -0.000000
   C   2.447654  -0.701072  -0.000000   -0.024125  0.015468 -0.000000
   C   3.660152   1.427118  -0.000000   -0.038017  0.001547 -0.000000
   N   4.882509   3.531155  -0.000000   -0.045705 -0.048916 -0.000000
   C   6.094294   5.618701   0.000000   -0.044221 -0.108545  0.000000
   C   2.443582  -4.962339  -0.000000   -0.013642  0.043376 -0.000000
   C   3.665739  -2.832338  -0.000000   -0.029106  0.027974 -0.000000
   C   4.894205  -0.706336  -0.000000   -0.045864  0.010353 -0.000000
   C   6.094165   1.421806   0.000000   -0.079310 -0.009979  0.000000
   C   7.268410   3.577771   0.000000   -0.089641 -0.064864  0.000000
   C   4.875358  -4.968408  -0.000000   -0.034732  0.051209 -0.000000
   C   6.130375  -2.857320   0.000000   -0.043267  0.032093  0.000000
   C   7.297918  -0.662245   0.000000   -0.067310  0.028894  0.000000
   C   7.286082  -4.987832   0.000000   -0.052143  0.054927  0.000000
   H   8.220471   5.522892   0.000000   -0.061713 -0.068532  0.000000
   H   8.202740   3.042227   0.000000   -0.123001 -0.098879  0.000000
   H   8.236210   1.230508   0.000000   -0.090505  0.025847  0.000000
   H   8.255363  -1.161888   0.000000   -0.071352  0.042774  0.000000
   H   8.267112  -3.098873   0.000000   -0.058629  0.042233  0.000000
   H   8.221910  -5.532672   0.000000   -0.060274  0.058752  0.000000
   H  -8.211933   5.549055   0.000000    0.070251 -0.042370  0.000000
   H  -8.264012   3.113279   0.000000    0.061729 -0.027827  0.000000
   H  -8.263791   1.190807   0.000000    0.062924 -0.013854  0.000000
   H  -8.262218  -1.200509   0.000000    0.064497  0.004152  0.000000
   H  -8.259002  -3.128817   0.000000    0.066739  0.012289  0.000000
   H  -8.209511  -5.560396   0.000000    0.072673  0.031029  0.000000
   H  -6.069323   6.765833   0.000000    0.047302 -0.053593  0.000000
   H  -3.637862   6.736223  -0.000000    0.034895 -0.051209 -0.000000
   H  -1.199257   6.734019  -0.000000    0.026322 -0.044389 -0.000000
   H   1.257542   6.744406  -0.000000    0.031962 -0.034001 -0.000000
   H   3.726265   6.700531   0.000000    0.053508 -0.086901  0.000000
   H   6.052360   6.697874   0.000000   -0.064266 -0.121553  0.000000
   H  -6.060978  -6.777777   0.000000    0.055647  0.041650  0.000000
   H  -3.632488  -6.740677   0.000000    0.040269  0.046754  0.000000
   H  -1.208019  -6.728448  -0.000000    0.017561  0.049960 -0.000000
   H   1.216418  -6.725695  -0.000000   -0.009161  0.052713 -0.000000
   H   3.647302  -6.728503  -0.000000   -0.025455  0.058928 -0.000000
   H   6.076982  -6.751178   0.000000   -0.039643  0.068249  0.000000
converged SCF energy = -3001.29668658876
--------------- ROKS_Scanner gradients ---------------
         x                y                z
0 C     0.0015573293    -0.0022145575    -0.0000000000
1 C     0.0005399724    -0.0012521077     0.0000000000
2 C     0.0029037965    -0.0006690852    -0.0000000000
3 C     0.0010421374     0.0012570052    -0.0000000000
4 C    -0.0002412065    -0.0008934830     0.0000000000
5 C     0.0004419458    -0.0010941652     0.0000000000
6 C     0.0006690900    -0.0000218047    -0.0000000000
7 C     0.0011269880    -0.0008382397    -0.0000000000
8 C     0.0054207674     0.0018100044     0.0000000000
9 C     0.0000643893    -0.0006266799     0.0000000000
10 C     0.0002714797     0.0011033221     0.0000000000
11 C    -0.0007650412    -0.0007368007     0.0000000000
12 C     0.0017354314    -0.0006755236    -0.0000000000
13 C     0.0001160020     0.0001896760     0.0000000000
14 C     0.0107786668     0.0001434257    -0.0000000000
15 C    -0.0018985859    -0.0003724289     0.0000000000
16 C     0.0013114557     0.0004557730     0.0000000000
17 C    -0.0008736083     0.0001138744     0.0000000000
18 C     0.0010636243    -0.0009867829     0.0000000000
19 C     0.0010696219     0.0033575174     0.0000000000
20 C     0.0080985544    -0.0056887903     0.0000000000
21 C    -0.0016080692     0.0002805247     0.0000000000
22 C     0.0002997890    -0.0006303963     0.0000000000
23 C     0.0001182048     0.0003515391     0.0000000000
24 C    -0.0009288710    -0.0007636931     0.0000000000
25 C    -0.0011746474    -0.0009057341     0.0000000000
26 C     0.0020547333     0.0042930348     0.0000000000
27 C     0.0013862378     0.0006036067     0.0000000000
28 C    -0.0010838887     0.0004179691     0.0000000000
29 C     0.0003812992    -0.0005679636     0.0000000000
30 C    -0.0041620898    -0.0006108354     0.0000000000
31 C     0.0010332729    -0.0077170981    -0.0000000000
32 C     0.0089549455    -0.0019664807     0.0000000000
33 C     0.0021262115    -0.0000439733     0.0000000000
34 C     0.0002438574     0.0011865170     0.0000000000
35 C    -0.0002822814    -0.0015216170     0.0000000000
36 C     0.0000933147     0.0007998730     0.0000000000
37 C    -0.0000964117     0.0006990516     0.0000000000
38 C     0.0009386998    -0.0007845620     0.0000000000
39 C    -0.0019710689     0.0007761516    -0.0000000000
40 C     0.0004993972    -0.0006755215     0.0000000000
41 C     0.0002652584     0.0010334169    -0.0000000000
42 C    -0.0004511663     0.0012678757     0.0000000000
43 C    -0.0018449987    -0.0002019183     0.0000000000
44 C    -0.0020308777    -0.0017155358    -0.0000000000
45 C     0.0016725514     0.0014484090     0.0000000000
46 C     0.0007976201     0.0008380711    -0.0000000000
47 C     0.0002302433    -0.0000529141    -0.0000000000
48 C    -0.0018430985     0.0008106162     0.0000000000
49 C    -0.0016317265    -0.0003168869    -0.0000000000
50 C    -0.0053130927    -0.0011857985     0.0000000000
51 C     0.0008009595    -0.0002153104    -0.0000000000
52 C    -0.0010296767     0.0002992593    -0.0000000000
53 C     0.0006279570     0.0005731990    -0.0000000000
54 C    -0.0022953230     0.0004791866    -0.0000000000
55 C    -0.0024808815    -0.0000405570    -0.0000000000
56 C    -0.0072084544     0.0036307840     0.0000000000
57 C     0.0015229602     0.0009018478    -0.0000000000
58 C    -0.0006424785    -0.0003217779    -0.0000000000
59 C     0.0000325850     0.0008008373    -0.0000000000
60 C    -0.0005929501     0.0001513544    -0.0000000000
61 C    -0.0016746875     0.0008253753    -0.0000000000
62 C    -0.0060393955    -0.0003057065    -0.0000000000
63 C    -0.0003541090     0.0016608672    -0.0000000000
64 C     0.0009794436    -0.0002632916    -0.0000000000
65 C    -0.0011722018     0.0010937280    -0.0000000000
66 C     0.0024543980     0.0007739518     0.0000000000
67 N     0.0026549346    -0.0000825159     0.0000000000
68 C    -0.0107870225    -0.0101338895    -0.0000000000
69 C    -0.0020058499     0.0005941933    -0.0000000000
70 C     0.0018714186    -0.0001102653    -0.0000000000
71 C     0.0010764626    -0.0001028962    -0.0000000000
72 C    -0.0013453250     0.0041436987     0.0000000000
73 C    -0.0053895158     0.0068980207    -0.0000000000
74 C    -0.0019869117    -0.0005001219    -0.0000000000
75 C    -0.0005328185     0.0003937995    -0.0000000000
76 C    -0.0013589937     0.0013580759    -0.0000000000
77 C    -0.0013400675     0.0012057993     0.0000000000
78 H     0.0004798089     0.0003302562     0.0000000000
79 H     0.0002947275    -0.0005649716     0.0000000000
80 H     0.0002784684     0.0016416480     0.0000000000
81 H    -0.0004571387     0.0004311606     0.0000000000
82 H    -0.0002017407    -0.0000802955     0.0000000000
83 H    -0.0003166255     0.0002834306    -0.0000000000
84 H     0.0003707182    -0.0003129527     0.0000000000
85 H     0.0001624470    -0.0002408469     0.0000000000
86 H     0.0003528220    -0.0000000709     0.0000000000
87 H     0.0003494175     0.0000305601     0.0000000000
88 H     0.0003488922     0.0000321137    -0.0000000000
89 H     0.0004392103     0.0001487147     0.0000000000
90 H     0.0001806744    -0.0003443261    -0.0000000000
91 H     0.0003347760    -0.0005090610     0.0000000000
92 H     0.0006821863    -0.0006135952    -0.0000000000
93 H     0.0007437015    -0.0001200469    -0.0000000000
94 H    -0.0001203580    -0.0008011721     0.0000000000
95 H     0.0013211203    -0.0016534035     0.0000000000
96 H     0.0000697543     0.0001573522     0.0000000000
97 H     0.0001696909     0.0001301940    -0.0000000000
98 H     0.0001097073     0.0001328556    -0.0000000000
99 H    -0.0001181795     0.0001685691     0.0000000000
100 H    -0.0002147357     0.0001954167     0.0000000000
101 H    -0.0001471684     0.0003404871     0.0000000000
----------------------------------------------
cycle 2: E = -3001.29668659  dE = -0.0161838  norm(grad) = 0.0325582

Geometry optimization cycle 3
Cartesian coordinates (Angstrom)
 Atom        New coordinates             dX        dY        dZ
   C  -7.284729   5.023445  -0.000000   -0.007794  0.021008 -0.000000
   C  -7.311956   0.688802   0.000000   -0.001566  0.006166 -0.000000
   C  -6.132317   2.875830  -0.000000   -0.003735  0.006285 -0.000000
   C  -4.872675   4.983800  -0.000000   -0.006543  0.001638 -0.000000
   C  -7.304033  -3.620556   0.000000   -0.005513  0.002838  0.000000
   C  -6.129140  -1.420522   0.000000   -0.002395  0.003221  0.000000
   C  -4.905887   0.711053   0.000000   -0.000286  0.000742  0.000000
   C  -3.670067   2.842050   0.000000   -0.001268 -0.002441  0.000000
   C  -2.442516   4.969324   0.000000   -0.012694 -0.006509  0.000000
   C  -6.094703  -5.686164   0.000000   -0.010506  0.008460  0.000000
   C  -4.893304  -3.559269   0.000000   -0.004255  0.000130  0.000000
   C  -3.670722  -1.416936   0.000000    0.000431 -0.001898  0.000000
   C  -2.455530   0.711219   0.000000    0.002212 -0.005096  0.000000
   C  -1.220951   2.831615   0.000000    0.000772 -0.010076  0.000000
   C  -0.011441   4.968851   0.000000   -0.021199 -0.015479  0.000000
   C  -3.647175  -5.655924   0.000000   -0.004113  0.000499  0.000000
   C  -2.449673  -3.539029   0.000000   -0.002261 -0.005283  0.000000
   C  -1.222697  -1.416278   0.000000    0.003493 -0.006481  0.000000
   C  -0.000909   0.711398   0.000000    0.007070 -0.007627  0.000000
   C   1.227637   2.829954   0.000000    0.006182 -0.010263  0.000000
   C   2.423652   4.974795   0.000000   -0.008034 -0.000999  0.000000
   C  -1.210685  -5.649716  -0.000000    0.001092 -0.005440  0.000000
   C   0.001800  -3.532309  -0.000000    0.000769 -0.007124  0.000000
   C   1.223958  -1.411117  -0.000000    0.006279 -0.005945  0.000000
   C   2.455281   0.723431   0.000000    0.013217 -0.001960  0.000000
   C   3.673743   2.848943   0.000000    0.012408  0.006434  0.000000
   C   4.859472   4.955821   0.000000    0.003396  0.017354  0.000000
   C   1.221096  -5.648964  -0.000000    0.003481 -0.007369  0.000000
   C   2.451193  -3.534727  -0.000000    0.002299 -0.006577  0.000000
   C   3.667361  -1.409928  -0.000000    0.006635 -0.002076  0.000000
   C   4.900089   0.715264   0.000000    0.016089  0.004161  0.000000
   C   6.111786   2.874530   0.000000    0.010708  0.012123  0.000000
   C   7.247265   4.990172   0.000000   -0.038162  0.012772 -0.000000
   C   3.657939  -5.648892  -0.000000    0.005772 -0.004554 -0.000000
   C   4.893780  -3.550381  -0.000000    0.000211 -0.007348 -0.000000
   C   6.125892  -1.409975  -0.000000    0.003911 -0.003547 -0.000000
   C   7.299614   0.698883  -0.000000    0.010086 -0.011753 -0.000000
   C   6.106194  -5.675204  -0.000000    0.010255 -0.007196 -0.000000
   C   7.305581  -3.603393  -0.000000   -0.002660 -0.006597 -0.000000
   C  -7.298963   3.628956  -0.000000    0.005314  0.019360 -0.000000
   C  -6.091021   5.693236  -0.000000   -0.002811  0.010644 -0.000000
   C  -7.310405  -0.685635   0.000000   -0.001054  0.005392 -0.000000
   C  -6.129329   1.421973  -0.000000   -0.000039  0.003509  0.000000
   C  -4.891092   3.556744  -0.000000    0.000261  0.000929  0.000000
   C  -3.648844   5.654593  -0.000000   -0.006265  0.002540  0.000000
   C  -7.288775  -5.012588   0.000000   -0.014593  0.001954 -0.000000
   C  -6.130682  -2.873776   0.000000   -0.004641  0.001428  0.000000
   C  -4.905334  -0.711988   0.000000   -0.000228  0.000313  0.000000
   C  -3.669874   1.414727   0.000000    0.003088 -0.003271  0.000000
   C  -2.448450   3.536366   0.000000    0.000841 -0.006805  0.000000
   C  -1.211422   5.646043   0.000000   -0.010847 -0.004162  0.000000
   C  -4.875030  -4.984291   0.000000   -0.005795  0.001450  0.000000
   C  -3.667099  -2.843646   0.000000   -0.001148 -0.002729  0.000000
   C  -2.455623  -0.714147   0.000000    0.002211 -0.005519  0.000000
   C  -1.220667   1.412359   0.000000    0.006325 -0.009410  0.000000
   C   0.002485   3.532584   0.000000    0.001935 -0.014368  0.000000
   C   1.229666   5.640205   0.000000   -0.012980 -0.020883  0.000000
   C  -2.440534  -4.972841   0.000000   -0.001469 -0.005501  0.000000
   C  -1.220161  -2.834197   0.000000    0.000555 -0.006565  0.000000
   C  -0.000408  -0.712314   0.000000    0.005069 -0.007953  0.000000
   C   1.223875   1.415834   0.000000    0.009527 -0.008775  0.000000
   C   2.460164   3.539487   0.000000    0.005974 -0.003172  0.000000
   C   3.675902   5.621862   0.000000   -0.002623  0.000775  0.000000
   C   0.005118  -4.970958  -0.000000    0.002922 -0.008491  0.000000
   C   1.221571  -2.829991  -0.000000    0.001195 -0.006312  0.000000
   C   2.455314  -0.704864  -0.000000    0.007660 -0.003792  0.000000
   C   3.672378   1.430541   0.000000    0.012226  0.003423  0.000000
   N   4.892277   3.544820   0.000000    0.009769  0.013665  0.000000
   C   6.085821   5.672749   0.000000   -0.008473  0.054048 -0.000000
   C   2.449196  -4.969441  -0.000000    0.005614 -0.007101  0.000000
   C   3.666360  -2.836353  -0.000000    0.000621 -0.004015  0.000000
   C   4.900411  -0.704640  -0.000000    0.006206  0.001696  0.000000
   C   6.110462   1.423685   0.000000    0.016297  0.001879  0.000000
   C   7.279014   3.585901   0.000000    0.010604  0.008130 -0.000000
   C   4.884549  -4.975818  -0.000000    0.009191 -0.007410 -0.000000
   C   6.129294  -2.862502  -0.000000   -0.001081 -0.005182 -0.000000
   C   7.306491  -0.674431  -0.000000    0.008573 -0.012185 -0.000000
   C   7.296582  -4.995476  -0.000000    0.010500 -0.007644 -0.000000
   H   8.181776   5.533604   0.000000   -0.038695  0.010711 -0.000000
   H   8.220564   3.066695   0.000000    0.017824  0.024467 -0.000000
   H   8.251272   1.205005  -0.000000    0.015062 -0.025504 -0.000000
   H   8.261548  -1.178746  -0.000000    0.006185 -0.016858 -0.000000
   H   8.262184  -3.102047  -0.000000   -0.004928 -0.003174 -0.000000
   H   8.234507  -5.536474  -0.000000    0.012597 -0.003802 -0.000000
   H  -8.219723   5.570042  -0.000000   -0.007790  0.020987 -0.000000
   H  -8.259431   3.135529  -0.000000    0.004581  0.022250 -0.000000
   H  -8.265095   1.196806  -0.000000   -0.001304  0.005999 -0.000000
   H  -8.263816  -1.193495   0.000000   -0.001598  0.007015 -0.000000
   H  -8.262847  -3.123465   0.000000   -0.003845  0.005353 -0.000000
   H  -8.224583  -5.557513   0.000000   -0.015073  0.002883 -0.000000
   H  -6.065113   6.776116  -0.000000    0.004210  0.010282 -0.000000
   H  -3.642094   6.738749  -0.000000   -0.004232  0.002526  0.000000
   H  -1.208792   6.729972   0.000000   -0.009535 -0.004047  0.000000
   H   1.235684   6.723008   0.000000   -0.021858 -0.021399  0.000000
   H   3.719258   6.701617   0.000000   -0.007007  0.001086  0.000000
   H   6.040570   6.753174   0.000000   -0.011790  0.055301 -0.000000
   H  -6.072242  -6.768863   0.000000   -0.011263  0.008914  0.000000
   H  -3.640193  -6.739693   0.000000   -0.007705  0.000984  0.000000
   H  -1.208454  -6.733380  -0.000000   -0.000435 -0.004932  0.000000
   H   1.220793  -6.732596  -0.000000    0.004375 -0.006901  0.000000
   H   3.653672  -6.732627  -0.000000    0.006371 -0.004124 -0.000000
   H   6.088350  -6.758168  -0.000000    0.011368 -0.006989 -0.000000
converged SCF energy = -3001.29686295809
--------------- ROKS_Scanner gradients ---------------
         x                y                z
0 C    -0.0027277097     0.0008459783     0.0000000000
1 C    -0.0005727668    -0.0001753976     0.0000000000
2 C    -0.0008768018    -0.0015059886     0.0000000000
3 C    -0.0004252326    -0.0002514477     0.0000000000
4 C     0.0012140426    -0.0010471507     0.0000000000
5 C     0.0002684638    -0.0001649944     0.0000000000
6 C    -0.0002766064     0.0000696524     0.0000000000
7 C    -0.0006967913    -0.0000666149    -0.0000000000
8 C    -0.0000040836    -0.0007984994    -0.0000000000
9 C    -0.0001799057     0.0025143217    -0.0000000000
10 C    -0.0002477313     0.0001169997     0.0000000000
11 C    -0.0003609916    -0.0000943939     0.0000000000
12 C     0.0003573291     0.0001667404    -0.0000000000
13 C    -0.0012408765     0.0007178724    -0.0000000000
14 C    -0.0013604071    -0.0007976078    -0.0000000000
15 C    -0.0004819865     0.0009330708    -0.0000000000
16 C     0.0000259240    -0.0003644179     0.0000000000
17 C    -0.0001291867     0.0000718777     0.0000000000
18 C     0.0007646277    -0.0003075409    -0.0000000000
19 C     0.0002043028     0.0003928033    -0.0000000000
20 C     0.0027397270     0.0000106362    -0.0000000000
21 C    -0.0003131472     0.0005101264     0.0000000000
22 C    -0.0002493221    -0.0008835733     0.0000000000
23 C     0.0007826550     0.0000385562     0.0000000000
24 C     0.0002505005     0.0000475885     0.0000000000
25 C     0.0017399265     0.0000776073     0.0000000000
26 C     0.0064629691    -0.0001517328     0.0000000000
27 C     0.0004227744     0.0003178911     0.0000000000
28 C    -0.0006779183    -0.0005317947     0.0000000000
29 C     0.0006162688    -0.0000997509     0.0000000000
30 C     0.0004956287     0.0010613215     0.0000000000
31 C    -0.0007323289     0.0014376944    -0.0000000000
32 C    -0.0110762274    -0.0085119697     0.0000000000
33 C     0.0004262640     0.0012193569     0.0000000000
34 C    -0.0010053449    -0.0002654132    -0.0000000000
35 C     0.0000380528     0.0001460829    -0.0000000000
36 C    -0.0004111797    -0.0019559664    -0.0000000000
37 C     0.0003766801     0.0010355491    -0.0000000000
38 C    -0.0016445271    -0.0009688802    -0.0000000000
39 C     0.0030754679     0.0031717575     0.0000000000
40 C     0.0005473888    -0.0009737900    -0.0000000000
41 C     0.0004479387     0.0008756187    -0.0000000000
42 C     0.0014422429    -0.0002120063    -0.0000000000
43 C     0.0003087748    -0.0008099962    -0.0000000000
44 C    -0.0006166362     0.0013285175    -0.0000000000
45 C    -0.0017900911    -0.0009373854     0.0000000000
46 C     0.0001504685     0.0005867422    -0.0000000000
47 C     0.0003895102    -0.0000933529    -0.0000000000
48 C     0.0003837153     0.0002222562    -0.0000000000
49 C     0.0012418706    -0.0012257093     0.0000000000
50 C    -0.0023413674     0.0019193639    -0.0000000000
51 C     0.0010797152    -0.0009835742     0.0000000000
52 C    -0.0002020845     0.0000341181    -0.0000000000
53 C     0.0006169358    -0.0001596264    -0.0000000000
54 C     0.0006135218    -0.0003913723     0.0000000000
55 C     0.0019693646    -0.0014399451     0.0000000000
56 C    -0.0033103548    -0.0024439718     0.0000000000
57 C     0.0010312846    -0.0003063026     0.0000000000
58 C    -0.0003152543    -0.0001214884    -0.0000000000
59 C    -0.0000580227    -0.0000137587    -0.0000000000
60 C     0.0004795405    -0.0009915789     0.0000000000
61 C    -0.0003560071     0.0004221742    -0.0000000000
62 C    -0.0001896558    -0.0020538850    -0.0000000000
63 C     0.0003451948     0.0000895571    -0.0000000000
64 C    -0.0001921472     0.0000917376    -0.0000000000
65 C    -0.0011656060     0.0003053175    -0.0000000000
66 C     0.0006325389     0.0006326288    -0.0000000000
67 N    -0.0004963515     0.0004956023    -0.0000000000
68 C    -0.0016927855     0.0093459900    -0.0000000000
69 C    -0.0004101614    -0.0003973838    -0.0000000000
70 C    -0.0002427194     0.0008922986    -0.0000000000
71 C    -0.0008609621     0.0007484428    -0.0000000000
72 C     0.0004526993     0.0015619172     0.0000000000
73 C     0.0069917516    -0.0011076655    -0.0000000000
74 C     0.0007043500    -0.0010171655     0.0000000000
75 C    -0.0004786406     0.0009990717     0.0000000000
76 C     0.0008403492     0.0000928495     0.0000000000
77 C     0.0012795203    -0.0005407958     0.0000000000
78 H    -0.0022575477    -0.0005866269    -0.0000000000
79 H    -0.0005525599    -0.0007246865     0.0000000000
80 H    -0.0011256545    -0.0007266027     0.0000000000
81 H    -0.0003333190    -0.0000831215    -0.0000000000
82 H    -0.0006213315    -0.0002491159    -0.0000000000
83 H    -0.0002566798     0.0000521328    -0.0000000000
84 H     0.0002055598     0.0002507291    -0.0000000000
85 H     0.0009779352     0.0007041492    -0.0000000000
86 H     0.0004715624    -0.0003687202    -0.0000000000
87 H     0.0004937939     0.0002987580     0.0000000000
88 H     0.0005688173    -0.0004391457    -0.0000000000
89 H     0.0001104920     0.0001237364    -0.0000000000
90 H    -0.0003889380    -0.0005450816    -0.0000000000
91 H    -0.0001174855    -0.0002411776    -0.0000000000
92 H    -0.0000306297    -0.0002129041     0.0000000000
93 H     0.0003207454    -0.0011257249    -0.0000000000
94 H     0.0003661400    -0.0010531687    -0.0000000000
95 H     0.0000358017     0.0008620888     0.0000000000
96 H    -0.0000718841     0.0007970276    -0.0000000000
97 H     0.0001724588     0.0006236135    -0.0000000000
98 H     0.0001373876     0.0005588356     0.0000000000
99 H    -0.0000626537     0.0005136179    -0.0000000000
100 H    -0.0000261892     0.0006359014    -0.0000000000
101 H     0.0001898349     0.0005489291     0.0000000000
----------------------------------------------
cycle 3: E = -3001.29686296  dE = -0.000176369  norm(grad) = 0.0233204

Geometry optimization cycle 4
