1721291854.543734

Geometry optimization cycle 1
Cartesian coordinates (Angstrom)
 Atom        New coordinates             dX        dY        dZ
   C  -7.338226   5.042760   0.000000    0.000000  0.000000  0.000000
   C  -7.365228   0.691139   0.000000    0.000000  0.000000  0.000000
   C  -6.173642   2.889413   0.000000    0.000000  0.000000  0.000000
   C  -4.910090   5.019617   0.000000    0.000000  0.000000  0.000000
   C  -7.358051  -3.642635   0.000000    0.000000  0.000000  0.000000
   C  -6.173475  -1.431785   0.000000    0.000000  0.000000  0.000000
   C  -4.940069   0.716689   0.000000    0.000000  0.000000  0.000000
   C  -3.694845   2.860312   0.000000    0.000000  0.000000  0.000000
   C  -2.457224   5.005715   0.000000    0.000000  0.000000  0.000000
   C  -6.138515  -5.727246   0.000000    0.000000  0.000000  0.000000
   C  -4.928214  -3.580071   0.000000    0.000000  0.000000  0.000000
   C  -3.698169  -1.425571   0.000000    0.000000  0.000000  0.000000
   C  -2.471779   0.716540   0.000000    0.000000  0.000000  0.000000
   C  -1.230705   2.851907   0.000000    0.000000 -0.000000  0.000000
   C   0.000000   5.003169   0.000000    0.000000  0.000000  0.000000
   C  -3.678966  -5.694052   0.000000    0.000000  0.000000  0.000000
   C  -2.466015  -3.560923   0.000000    0.000000  0.000000  0.000000
   C  -1.232423  -1.423207   0.000000    0.000000  0.000000  0.000000
   C   0.000000   0.715809   0.000000    0.000000  0.000000  0.000000
   C   1.230705   2.851907   0.000000    0.000000 -0.000000  0.000000
   C   2.457224   5.005715   0.000000    0.000000  0.000000  0.000000
   C  -1.226334  -5.685080   0.000000    0.000000  0.000000  0.000000
   C   0.000000  -3.557079   0.000000    0.000000  0.000000  0.000000
   C   1.232423  -1.423207   0.000000    0.000000  0.000000  0.000000
   C   2.471779   0.716540   0.000000    0.000000  0.000000  0.000000
   C   3.694845   2.860312   0.000000    0.000000  0.000000  0.000000
   C   4.910090   5.019617   0.000000    0.000000  0.000000  0.000000
   C   1.226334  -5.685080   0.000000    0.000000  0.000000  0.000000
   C   2.466015  -3.560923   0.000000    0.000000  0.000000  0.000000
   C   3.698169  -1.425571   0.000000    0.000000  0.000000  0.000000
   C   4.940069   0.716689   0.000000    0.000000  0.000000  0.000000
   C   6.173642   2.889413   0.000000    0.000000  0.000000  0.000000
   C   7.338226   5.042760   0.000000    0.000000  0.000000  0.000000
   C   3.678966  -5.694052   0.000000    0.000000  0.000000  0.000000
   C   4.928214  -3.580071   0.000000    0.000000  0.000000  0.000000
   C   6.173475  -1.431785   0.000000   -0.000000  0.000000  0.000000
   C   7.365228   0.691139   0.000000    0.000000  0.000000  0.000000
   N   6.138515  -5.727246   0.000000    0.000000  0.000000  0.000000
   C   7.358051  -3.642635   0.000000   -0.000000  0.000000  0.000000
   N  -7.358051   3.642635   0.000000    0.000000  0.000000  0.000000
   C  -6.138515   5.727246   0.000000    0.000000  0.000000  0.000000
   C  -7.365228  -0.691139   0.000000    0.000000  0.000000  0.000000
   C  -6.173475   1.431785   0.000000    0.000000  0.000000  0.000000
   C  -4.928214   3.580071   0.000000    0.000000 -0.000000  0.000000
   C  -3.678966   5.694052   0.000000    0.000000  0.000000  0.000000
   C  -7.338226  -5.042760   0.000000    0.000000  0.000000  0.000000
   C  -6.173642  -2.889413   0.000000    0.000000  0.000000  0.000000
   C  -4.940069  -0.716689   0.000000    0.000000  0.000000  0.000000
   C  -3.698169   1.425571   0.000000    0.000000  0.000000  0.000000
   C  -2.466015   3.560923   0.000000    0.000000 -0.000000  0.000000
   C  -1.226334   5.685080   0.000000    0.000000  0.000000  0.000000
   C  -4.910090  -5.019617   0.000000    0.000000  0.000000  0.000000
   C  -3.694845  -2.860312   0.000000    0.000000  0.000000  0.000000
   C  -2.471779  -0.716540   0.000000    0.000000  0.000000  0.000000
   C  -1.232423   1.423207   0.000000    0.000000  0.000000  0.000000
   C   0.000000   3.557079   0.000000    0.000000  0.000000  0.000000
   C   1.226334   5.685080   0.000000    0.000000  0.000000  0.000000
   C  -2.457224  -5.005715   0.000000    0.000000  0.000000  0.000000
   C  -1.230705  -2.851907   0.000000    0.000000  0.000000  0.000000
   C   0.000000  -0.715809   0.000000    0.000000  0.000000  0.000000
   C   1.232423   1.423207   0.000000    0.000000  0.000000  0.000000
   C   2.466015   3.560923   0.000000    0.000000 -0.000000  0.000000
   C   3.678966   5.694052   0.000000    0.000000  0.000000  0.000000
   C   0.000000  -5.003169   0.000000    0.000000  0.000000  0.000000
   C   1.230705  -2.851907   0.000000    0.000000  0.000000  0.000000
   C   2.471779  -0.716540   0.000000    0.000000  0.000000  0.000000
   C   3.698169   1.425571   0.000000    0.000000  0.000000  0.000000
   C   4.928214   3.580071   0.000000    0.000000 -0.000000  0.000000
   C   6.138515   5.727246   0.000000    0.000000  0.000000  0.000000
   C   2.457224  -5.005715   0.000000    0.000000  0.000000  0.000000
   C   3.694845  -2.860312   0.000000    0.000000  0.000000  0.000000
   C   4.940069  -0.716689   0.000000    0.000000  0.000000  0.000000
   C   6.173475   1.431785   0.000000   -0.000000  0.000000  0.000000
   N   7.358051   3.642635   0.000000   -0.000000  0.000000  0.000000
   C   4.910090  -5.019617   0.000000    0.000000  0.000000  0.000000
   C   6.173642  -2.889413   0.000000    0.000000  0.000000  0.000000
   C   7.365228  -0.691139   0.000000    0.000000  0.000000  0.000000
   C   7.338226  -5.042760   0.000000    0.000000  0.000000  0.000000
   H   8.282184   5.591425   0.000000    0.000000 -0.000000  0.000000
   H   8.325741   3.141106   0.000000    0.000000  0.000000  0.000000
   H   8.326715   1.204661   0.000000    0.000000  0.000000  0.000000
   H   8.326715  -1.204661   0.000000    0.000000  0.000000  0.000000
   H   8.325741  -3.141106   0.000000    0.000000  0.000000  0.000000
   H   8.282184  -5.591425   0.000000    0.000000  0.000000  0.000000
   H  -8.282184   5.591425   0.000000    0.000000 -0.000000  0.000000
   H  -8.325741   3.141106   0.000000    0.000000  0.000000  0.000000
   H  -8.326715   1.204661   0.000000    0.000000  0.000000  0.000000
   H  -8.326715  -1.204661   0.000000    0.000000  0.000000  0.000000
   H  -8.325741  -3.141106   0.000000    0.000000  0.000000  0.000000
   H  -8.282184  -5.591425   0.000000    0.000000  0.000000  0.000000
   H  -6.116625   6.819427   0.000000    0.000000  0.000000  0.000000
   H  -3.672757   6.787431   0.000000    0.000000  0.000000  0.000000
   H  -1.225580   6.778408   0.000000    0.000000 -0.000000  0.000000
   H   1.225580   6.778408   0.000000    0.000000 -0.000000  0.000000
   H   3.672757   6.787431   0.000000    0.000000  0.000000  0.000000
   H   6.116625   6.819427   0.000000   -0.000000  0.000000  0.000000
   H  -6.116625  -6.819427   0.000000    0.000000  0.000000  0.000000
   H  -3.672757  -6.787431   0.000000    0.000000  0.000000  0.000000
   H  -1.225580  -6.778408   0.000000    0.000000  0.000000  0.000000
   H   1.225580  -6.778408   0.000000    0.000000  0.000000  0.000000
   H   3.672757  -6.787431   0.000000    0.000000  0.000000  0.000000
   H   6.116625  -6.819427   0.000000   -0.000000  0.000000  0.000000
converged SCF energy = -3034.56783059364
--------------- ROKS_Scanner gradients ---------------
         x                y                z
0 C    -0.0282643934    -0.0003980382     0.0000000000
1 C     0.0041326138     0.0092406048    -0.0000000000
2 C    -0.0117732875     0.0004612062    -0.0000000000
3 C    -0.0378375879    -0.0117383108     0.0000000000
4 C     0.0019376640     0.0042961399    -0.0000000000
5 C    -0.0076839623     0.0010098535    -0.0000000000
6 C    -0.0054468398    -0.0042030496     0.0000000000
7 C    -0.0000383773     0.0116769100    -0.0000000000
8 C    -0.0226136258     0.0015181693     0.0000000000
9 C    -0.0028029935    -0.0023209854    -0.0000000000
10 C     0.0029779987     0.0008313962    -0.0000000000
11 C    -0.0005829833     0.0064707057    -0.0000000000
12 C    -0.0078474976     0.0015760140    -0.0000000000
13 C     0.0026890219     0.0004419280    -0.0000000000
14 C    -0.0013942079     0.0071093529     0.0000000000
15 C    -0.0004445026     0.0005771079    -0.0000000000
16 C    -0.0040917310    -0.0003815197    -0.0000000000
17 C     0.0032438084     0.0017808000    -0.0000000000
18 C    -0.0019546585     0.0072015412    -0.0000000000
19 C    -0.0026605485    -0.0009488471    -0.0000000000
20 C     0.0204597936     0.0037113411     0.0000000000
21 C     0.0035361616    -0.0018585469    -0.0000000000
22 C    -0.0024533949     0.0061489920    -0.0000000000
23 C    -0.0040530065    -0.0013246458    -0.0000000000
24 C     0.0068816406     0.0051007256    -0.0000000000
25 C    -0.0027014939     0.0112425618    -0.0000000000
26 C     0.0373649192    -0.0101916091    -0.0000000000
27 C    -0.0104601960    -0.0046665572    -0.0000000000
28 C     0.0045437467     0.0053337318    -0.0000000000
29 C    -0.0076475354     0.0054747681    -0.0000000000
30 C     0.0063955188    -0.0045811540    -0.0000000000
31 C     0.0095339259     0.0070252607     0.0000000000
32 C     0.0286019025    -0.0007027890    -0.0000000000
33 C    -0.0384497624    -0.0007665917    -0.0000000000
34 C    -0.0165612221    -0.0060618545    -0.0000000000
35 C     0.0091351016     0.0198759430    -0.0000000000
36 C    -0.0078697355     0.0162994922    -0.0000000000
37 N     0.0015114980     0.0262793350    -0.0000000000
38 C    -0.0190335543     0.0473103968    -0.0000000000
39 N     0.0333085781     0.0120476705    -0.0000000000
40 C     0.0363851537     0.0123346398    -0.0000000000
41 C     0.0056735501    -0.0104977842     0.0000000000
42 C     0.0019865343    -0.0166708637    -0.0000000000
43 C     0.0222476851     0.0082586011     0.0000000000
44 C     0.0326095583     0.0057446953    -0.0000000000
45 C    -0.0007085163    -0.0049999200     0.0000000000
46 C    -0.0040766747    -0.0004265579     0.0000000000
47 C     0.0057817757     0.0006045140     0.0000000000
48 C     0.0055626359    -0.0061299798    -0.0000000000
49 C    -0.0024607211    -0.0025804141    -0.0000000000
50 C     0.0131121121     0.0062302430    -0.0000000000
51 C     0.0033599005    -0.0025429364     0.0000000000
52 C     0.0004390783    -0.0060927658     0.0000000000
53 C    -0.0032502486    -0.0012126501     0.0000000000
54 C     0.0067496280     0.0002006402     0.0000000000
55 C    -0.0004981511    -0.0062734116     0.0000000000
56 C    -0.0100805792     0.0063059495    -0.0000000000
57 C    -0.0038821336    -0.0015558505     0.0000000000
58 C     0.0058259665    -0.0013546769     0.0000000000
59 C    -0.0005712444    -0.0063739153     0.0000000000
60 C    -0.0032499058     0.0015119031     0.0000000000
61 C     0.0041363366    -0.0042969243     0.0000000000
62 C    -0.0313390540     0.0058790661     0.0000000000
63 C    -0.0007258463    -0.0075644607     0.0000000000
64 C     0.0000355851     0.0010364753     0.0000000000
65 C     0.0080664907    -0.0044657328     0.0000000000
66 C    -0.0064901218    -0.0055071736     0.0000000000
67 C    -0.0179350278     0.0068528405     0.0000000000
68 C    -0.0370865293     0.0118856403     0.0000000000
69 C     0.0182557266    -0.0068262189     0.0000000000
70 C     0.0002899101    -0.0041685144     0.0000000000
71 C     0.0033053234     0.0012277522     0.0000000000
72 C     0.0014066716    -0.0231851845     0.0000000000
73 N    -0.0340730556     0.0114203914     0.0000000000
74 C     0.0180476715     0.0216119318     0.0000000000
75 C     0.0288557657    -0.0227843093    -0.0000000000
76 C    -0.0114848300    -0.0169103143     0.0000000000
77 C     0.0093115914    -0.0349448785     0.0000000000
78 H     0.0031216440     0.0105825915     0.0000000000
79 H     0.0560152861    -0.0267713815     0.0000000000
80 H     0.0028460847     0.0037067407    -0.0000000000
81 H     0.0051537145    -0.0034443028    -0.0000000000
82 H     0.0052705210     0.0071379364     0.0000000000
83 H     0.0105380735     0.0020982505    -0.0000000000
84 H    -0.0031100833     0.0106229924     0.0000000000
85 H    -0.0559220871    -0.0266580260     0.0000000000
86 H    -0.0028769407     0.0035374953    -0.0000000000
87 H    -0.0055148427    -0.0031894087    -0.0000000000
88 H    -0.0054099620     0.0030539641     0.0000000000
89 H    -0.0049180231    -0.0029176768    -0.0000000000
90 H     0.0037442788     0.0075830317     0.0000000000
91 H     0.0004349418     0.0061704289    -0.0000000000
92 H     0.0001498622     0.0059736079     0.0000000000
93 H    -0.0001038692     0.0059438149     0.0000000000
94 H    -0.0004341374     0.0061318926    -0.0000000000
95 H    -0.0037569175     0.0075902213    -0.0000000000
96 H     0.0002036473    -0.0058283223     0.0000000000
97 H     0.0000430384    -0.0059346899     0.0000000000
98 H     0.0000527510    -0.0058509702    -0.0000000000
99 H     0.0000039282    -0.0058705934     0.0000000000
100 H     0.0001304375    -0.0054139115    -0.0000000000
101 H    -0.0007775107    -0.0618462799     0.0000000000
----------------------------------------------
cycle 1: E = -3034.56783059  dE = -3034.57  norm(grad) = 0.201307

Geometry optimization cycle 2
Cartesian coordinates (Angstrom)
 Atom        New coordinates             dX        dY        dZ
   C  -7.292064   4.897436   0.000000    0.046162 -0.145324  0.000000
   C  -7.327519   0.704411   0.000000    0.037709  0.013272  0.000000
   C  -6.079786   2.847956   0.000000    0.093856 -0.041457  0.000000
   C  -4.865406   4.986343   0.000000    0.044684 -0.033274  0.000000
   C  -7.321530  -3.586298   0.000000    0.036521  0.056338  0.000000
   C  -6.136462  -1.400479   0.000000    0.037013  0.031306  0.000000
   C  -4.900470   0.721903   0.000000    0.039599  0.005214  0.000000
   C  -3.661427   2.836981   0.000000    0.033418 -0.023330  0.000000
   C  -2.438544   4.979952   0.000000    0.018680 -0.025763  0.000000
   C  -6.102166  -5.655505   0.000000    0.036349  0.071741  0.000000
   C  -4.901533  -3.533325   0.000000    0.026681  0.046745  0.000000
   C  -3.675685  -1.406125  -0.000000    0.022484  0.019446 -0.000000
   C  -2.449047   0.715686  -0.000000    0.022732 -0.000854 -0.000000
   C  -1.224393   2.838683  -0.000000    0.006312 -0.013224 -0.000000
   C   0.006392   4.969784  -0.000000    0.006392 -0.033385 -0.000000
   C  -3.654482  -5.633060   0.000000    0.024484  0.060992  0.000000
   C  -2.449201  -3.521494  -0.000000    0.016813  0.039428 -0.000000
   C  -1.226377  -1.407294  -0.000000    0.006046  0.015913 -0.000000
   C  -0.002263   0.711672  -0.000000   -0.002263 -0.004137 -0.000000
   C   1.217020   2.836693  -0.000000   -0.013685 -0.015214 -0.000000
   C   2.452806   4.973686  -0.000000   -0.004417 -0.032029 -0.000000
   C  -1.211720  -5.627239  -0.000000    0.014614  0.057841 -0.000000
   C   0.001996  -3.527172  -0.000000    0.001996  0.029906 -0.000000
   C   1.223829  -1.408575  -0.000000   -0.008594  0.014632 -0.000000
   C   2.444025   0.711101  -0.000000   -0.027754 -0.005439 -0.000000
   C   3.651001   2.827186  -0.000000   -0.043844 -0.033126 -0.000000
   C   4.884594   4.974119  -0.000000   -0.025496 -0.045498 -0.000000
   C   1.238822  -5.630385  -0.000000    0.012487  0.054695 -0.000000
   C   2.451647  -3.532179  -0.000000   -0.014367  0.028744 -0.000000
   C   3.676203  -1.402876  -0.000000   -0.021966  0.022695 -0.000000
   C   4.899702   0.712941  -0.000000   -0.040367 -0.003748 -0.000000
   C   6.066306   2.823676   0.000000   -0.107336 -0.065737  0.000000
   C   7.284628   4.908488   0.000000   -0.053597 -0.134272  0.000000
   C   3.685316  -5.658074  -0.000000    0.006350  0.035978 -0.000000
   C   4.906519  -3.500990   0.000000   -0.021695  0.079081  0.000000
   C   6.146368  -1.408941   0.000000   -0.027107  0.022844  0.000000
   C   7.343699   0.692152   0.000000   -0.021528  0.001013  0.000000
   N   6.051404  -5.563913   0.000000   -0.087111  0.163333  0.000000
   C   7.341156  -3.610117   0.000000   -0.016895  0.032518  0.000000
   N  -7.261346   3.534706   0.000000    0.096706 -0.107930  0.000000
   C  -6.153976   5.611147   0.000000   -0.015461 -0.116099  0.000000
   C  -7.328624  -0.661918   0.000000    0.036604  0.029221  0.000000
   C  -6.125804   1.429494   0.000000    0.047671 -0.002291  0.000000
   C  -4.885223   3.550505   0.000000    0.042991 -0.029566  0.000000
   C  -3.675657   5.665779   0.000000    0.003309 -0.028273  0.000000
   C  -7.295691  -4.973577   0.000000    0.042534  0.069182  0.000000
   C  -6.136313  -2.845693   0.000000    0.037329  0.043720  0.000000
   C  -4.911056  -0.698895   0.000000    0.029013  0.017793  0.000000
   C  -3.669026   1.421279   0.000000    0.029143 -0.004292  0.000000
   C  -2.446872   3.544604   0.000000    0.019143 -0.016319  0.000000
   C  -1.222105   5.643663   0.000000    0.004229 -0.041417  0.000000
   C  -4.880363  -4.959681   0.000000    0.029727  0.059936  0.000000
   C  -3.672187  -2.823252  -0.000000    0.022658  0.037060 -0.000000
   C  -2.453241  -0.704687  -0.000000    0.018538  0.011852 -0.000000
   C  -1.226858   1.418620  -0.000000    0.005565 -0.004587 -0.000000
   C  -0.002497   3.540915  -0.000000   -0.002497 -0.016164 -0.000000
   C   1.234878   5.639669  -0.000000    0.008544 -0.045411 -0.000000
   C  -2.434546  -4.953791  -0.000000    0.022678  0.051924 -0.000000
   C  -1.224099  -2.823315  -0.000000    0.006606  0.028592 -0.000000
   C  -0.000741  -0.704183  -0.000000   -0.000741  0.011626 -0.000000
   C   1.220247   1.416024  -0.000000   -0.012176 -0.007184 -0.000000
   C   2.438988   3.541100  -0.000000   -0.027027 -0.019823 -0.000000
   C   3.692777   5.651992  -0.000000    0.013811 -0.042060 -0.000000
   C   0.013822  -4.955133  -0.000000    0.013822  0.048036 -0.000000
   C   1.224143  -2.828510  -0.000000   -0.006561  0.023397 -0.000000
   C   2.448057  -0.704760  -0.000000   -0.023722  0.011780 -0.000000
   C   3.667903   1.412316  -0.000000   -0.030266 -0.013255 -0.000000
   C   4.872770   3.538585  -0.000000   -0.055444 -0.041486 -0.000000
   C   6.155233   5.632220   0.000000    0.016717 -0.095026  0.000000
   C   2.456137  -4.964792  -0.000000   -0.001087  0.040923 -0.000000
   C   3.667480  -2.816718  -0.000000   -0.027365  0.043593 -0.000000
   C   4.911201  -0.707132  -0.000000   -0.028868  0.009557 -0.000000
   C   6.131732   1.411036   0.000000   -0.041743 -0.020749  0.000000
   N   7.229833   3.546236   0.000000   -0.128218 -0.096399  0.000000
   C   4.832321  -4.921797   0.000000   -0.077769  0.097820  0.000000
   C   6.144220  -2.834560   0.000000   -0.029422  0.054853  0.000000
   C   7.347383  -0.669760   0.000000   -0.017845  0.021379  0.000000
   C   7.258045  -4.954194   0.000000   -0.080180  0.088565  0.000000
   H   8.268268   5.353372   0.000000   -0.013916 -0.238053  0.000000
   H   8.092071   3.048415   0.000000   -0.233670 -0.092691  0.000000
   H   8.299843   1.201944   0.000000   -0.026872 -0.002718  0.000000
   H   8.302177  -1.175897   0.000000   -0.024538  0.028765  0.000000
   H   8.323131  -3.165769   0.000000   -0.002610 -0.024663  0.000000
   H   8.135728  -5.582693   0.000000   -0.146456  0.008732  0.000000
   H  -8.269617   5.355502   0.000000    0.012567 -0.235923  0.000000
   H  -8.120680   3.031482   0.000000    0.205061 -0.109624  0.000000
   H  -8.285592   1.210737   0.000000    0.041123  0.006075  0.000000
   H  -8.282123  -1.169849   0.000000    0.044592  0.034812  0.000000
   H  -8.280691  -3.088819   0.000000    0.045049  0.052287  0.000000
   H  -8.231218  -5.519343   0.000000    0.050966  0.072082  0.000000
   H  -6.218261   6.689902   0.000000   -0.101636 -0.129525  0.000000
   H  -3.685629   6.749641   0.000000   -0.012873 -0.037790  0.000000
   H  -1.222872   6.727810   0.000000    0.002708 -0.050597  0.000000
   H   1.237173   6.723860   0.000000    0.011594 -0.054547  0.000000
   H   3.704854   6.735893  -0.000000    0.032097 -0.051539 -0.000000
   H   6.210625   6.711458   0.000000    0.094000 -0.107968  0.000000
   H  -6.084058  -6.738818   0.000000    0.032567  0.080608  0.000000
   H  -3.651728  -6.717329   0.000000    0.021029  0.070102  0.000000
   H  -1.213986  -6.711571  -0.000000    0.011593  0.066836 -0.000000
   H   1.237876  -6.714690  -0.000000    0.012296  0.063718 -0.000000
   H   3.715478  -6.742729   0.000000    0.042721  0.044702  0.000000
   H   6.022074  -6.561114   0.000000   -0.094552  0.258313  0.000000
converged SCF energy = -3034.61424630053
--------------- ROKS_Scanner gradients ---------------
         x                y                z
0 C    -0.0031650751     0.0005538711    -0.0000000000
1 C     0.0003871947     0.0014456708     0.0000000000
2 C     0.0056826544     0.0029528422     0.0000000000
3 C    -0.0008970992    -0.0010007337     0.0000000000
4 C    -0.0002263280     0.0031118964     0.0000000000
5 C    -0.0036886431     0.0011078199     0.0000000000
6 C     0.0014492527     0.0010515098     0.0000000000
7 C     0.0001104140     0.0045610151     0.0000000000
8 C    -0.0081296435     0.0017463637    -0.0000000000
9 C    -0.0021242980     0.0017159574     0.0000000000
10 C     0.0005930870     0.0003410172     0.0000000000
11 C    -0.0003555948     0.0031957749     0.0000000000
12 C    -0.0030138914     0.0007255714     0.0000000000
13 C     0.0021270822    -0.0002045647    -0.0000000000
14 C     0.0001213534     0.0051226688    -0.0000000000
15 C    -0.0005313716     0.0024507630     0.0000000000
16 C    -0.0030364870     0.0000936428     0.0000000000
17 C     0.0012275753     0.0006586091     0.0000000000
18 C    -0.0015626337     0.0026286483    -0.0000000000
19 C    -0.0015865338    -0.0015731781    -0.0000000000
20 C     0.0097706598     0.0035606489     0.0000000000
21 C     0.0008597906     0.0026181496    -0.0000000000
22 C    -0.0023391310     0.0023628158     0.0000000000
23 C    -0.0029818880    -0.0005739089     0.0000000000
24 C     0.0022103755     0.0024728734     0.0000000000
25 C    -0.0037277491     0.0008084020     0.0000000000
26 C     0.0108353899    -0.0040854900     0.0000000000
27 C    -0.0026915821     0.0012671575     0.0000000000
28 C     0.0001094528     0.0016553545     0.0000000000
29 C    -0.0008762581     0.0036507479     0.0000000000
30 C    -0.0025676829     0.0021476992     0.0000000000
31 C    -0.0077448436    -0.0056165279    -0.0000000000
32 C     0.0050889820     0.0009215977     0.0000000000
33 C    -0.0008430922    -0.0117033697     0.0000000000
34 C     0.0070673855    -0.0006589127    -0.0000000000
35 C     0.0043552019     0.0070286703    -0.0000000000
36 C    -0.0001585174     0.0045136754     0.0000000000
37 N    -0.0038519580     0.0099576665     0.0000000000
38 C    -0.0056690364     0.0037357135     0.0000000000
39 N    -0.0009778218    -0.0099464248    -0.0000000000
40 C     0.0022539868    -0.0103144085     0.0000000000
41 C     0.0025943814    -0.0027437657    -0.0000000000
42 C    -0.0076065331     0.0011126410    -0.0000000000
43 C    -0.0027991345     0.0031492515    -0.0000000000
44 C     0.0106690284     0.0013123252    -0.0000000000
45 C     0.0027008927    -0.0010211134    -0.0000000000
46 C    -0.0005526732    -0.0021600826    -0.0000000000
47 C     0.0013372831     0.0013947164    -0.0000000000
48 C     0.0017324633    -0.0035527914    -0.0000000000
49 C    -0.0027600643    -0.0010976018     0.0000000000
50 C     0.0047062584    -0.0020230180     0.0000000000
51 C     0.0022916033    -0.0006156102    -0.0000000000
52 C     0.0009117909    -0.0030623093    -0.0000000000
53 C    -0.0017421162    -0.0003588835    -0.0000000000
54 C     0.0027428912    -0.0001937381    -0.0000000000
55 C    -0.0014476942    -0.0024278650     0.0000000000
56 C    -0.0029505064    -0.0027365743     0.0000000000
57 C    -0.0000583192    -0.0006585612     0.0000000000
58 C     0.0030982700    -0.0002280700    -0.0000000000
59 C    -0.0001602441    -0.0028720915     0.0000000000
60 C    -0.0016348456     0.0001775479     0.0000000000
61 C     0.0004801087     0.0000000551    -0.0000000000
62 C    -0.0073351292     0.0004067268    -0.0000000000
63 C     0.0027882121    -0.0038462969    -0.0000000000
64 C    -0.0008147376     0.0008995427    -0.0000000000
65 C     0.0037950295    -0.0033064081    -0.0000000000
66 C    -0.0011377372    -0.0031403469    -0.0000000000
67 C    -0.0017224149     0.0059771995    -0.0000000000
68 C    -0.0032015402    -0.0034132311    -0.0000000000
69 C     0.0126274123     0.0007520028    -0.0000000000
70 C    -0.0040800659    -0.0067388440    -0.0000000000
71 C     0.0022504996     0.0006831099    -0.0000000000
72 C     0.0111748483    -0.0068378040    -0.0000000000
73 N    -0.0083535235    -0.0030641227     0.0000000000
74 C    -0.0183239886     0.0111220274    -0.0000000000
75 C     0.0081533843    -0.0084574091     0.0000000000
76 C    -0.0035361871    -0.0054112711    -0.0000000000
77 C     0.0013431189    -0.0075994004    -0.0000000000
78 H    -0.0015356642     0.0010049155    -0.0000000000
79 H    -0.0050465503     0.0032750815     0.0000000000
80 H    -0.0000454286     0.0004671833    -0.0000000000
81 H     0.0005085190     0.0012153228     0.0000000000
82 H     0.0006628222    -0.0017585399     0.0000000000
83 H     0.0009465132     0.0030564110     0.0000000000
84 H     0.0011285097    -0.0000079406    -0.0000000000
85 H     0.0040717506     0.0029442181     0.0000000000
86 H     0.0003765997     0.0012598369    -0.0000000000
87 H    -0.0000571418     0.0003107784     0.0000000000
88 H    -0.0001291149     0.0000912796    -0.0000000000
89 H     0.0002028643     0.0005387004     0.0000000000
90 H     0.0001971904    -0.0012987094    -0.0000000000
91 H    -0.0009305923    -0.0001922396    -0.0000000000
92 H    -0.0003604477    -0.0006887802    -0.0000000000
93 H     0.0005740267    -0.0007493835    -0.0000000000
94 H     0.0012298057    -0.0002929894     0.0000000000
95 H     0.0007079551    -0.0004910457     0.0000000000
96 H     0.0003326588     0.0003811368    -0.0000000000
97 H     0.0002033721     0.0003494260    -0.0000000000
98 H     0.0001520392     0.0005070874     0.0000000000
99 H     0.0006298192     0.0005409424    -0.0000000000
100 H     0.0005649906    -0.0014877792     0.0000000000
101 H    -0.0010602275     0.0071675337    -0.0000000000
----------------------------------------------
cycle 2: E = -3034.6142463  dE = -0.0464157  norm(grad) = 0.0566424

Geometry optimization cycle 3
Cartesian coordinates (Angstrom)
 Atom        New coordinates             dX        dY        dZ
   C  -7.261160   4.964354   0.000000    0.030903  0.066918  0.000000
   C  -7.323192   0.699896   0.000000    0.004327 -0.004515  0.000000
   C  -6.094153   2.857766   0.000000   -0.014367  0.009810  0.000000
   C  -4.884561   4.991825   0.000000   -0.019155  0.005483  0.000000
   C  -7.312310  -3.613038   0.000000    0.009220 -0.026740  0.000000
   C  -6.133049  -1.408340   0.000000    0.003413 -0.007861  0.000000
   C  -4.901945   0.718821   0.000000   -0.001475 -0.003082  0.000000
   C  -3.666137   2.828951   0.000000   -0.004710 -0.008030  0.000000
   C  -2.440390   4.967997   0.000000   -0.001846 -0.011955  0.000000
   C  -6.097450  -5.675376   0.000000    0.004716 -0.019872 -0.000000
   C  -4.901742  -3.540923   0.000000   -0.000209 -0.007598  0.000000
   C  -3.675410  -1.413910   0.000000    0.000275 -0.007785  0.000000
   C  -2.448885   0.709653   0.000000    0.000162 -0.006033  0.000000
   C  -1.224469   2.831815   0.000000   -0.000076 -0.006869  0.000000
   C  -0.005312   4.959136  -0.000000   -0.011704 -0.010647 -0.000000
   C  -3.655920  -5.641679   0.000000   -0.001438 -0.008619 -0.000000
   C  -2.449187  -3.527692  -0.000000    0.000014 -0.006198  0.000000
   C  -1.228959  -1.412345  -0.000000   -0.002582 -0.005051  0.000000
   C  -0.002423   0.707083  -0.000000   -0.000160 -0.004589  0.000000
   C   1.223954   2.831856  -0.000000    0.006935 -0.004837  0.000000
   C   2.427919   4.958910  -0.000000   -0.024888 -0.014777 -0.000000
   C  -1.215227  -5.636251  -0.000000   -0.003507 -0.009012 -0.000000
   C  -0.000173  -3.531050  -0.000000   -0.002169 -0.003877  0.000000
   C   1.219554  -1.408156  -0.000000   -0.004275  0.000419  0.000000
   C   2.441511   0.708411  -0.000000   -0.002514 -0.002690  0.000000
   C   3.673276   2.827368  -0.000000    0.022275  0.000182  0.000000
   C   4.862295   4.973896  -0.000000   -0.022299 -0.000223 -0.000000
   C   1.236250  -5.633784  -0.000000   -0.002572 -0.003399 -0.000000
   C   2.444195  -3.526717  -0.000000   -0.007452  0.005462  0.000000
   C   3.665095  -1.412663  -0.000000   -0.011108 -0.009787  0.000000
   C   4.892234   0.716702  -0.000000   -0.007468  0.003761  0.000000
   C   6.112432   2.845678   0.000000    0.046126  0.022002 -0.000000
   C   7.260238   4.916906  -0.000000   -0.024390  0.008418 -0.000000
   C   3.698882  -5.608903  -0.000000    0.013566  0.049171 -0.000000
   C   4.901944  -3.534899   0.000000   -0.004575 -0.033910 -0.000000
   C   6.116649  -1.419953   0.000000   -0.029719 -0.011011  0.000000
   C   7.314691   0.681683   0.000000   -0.029008 -0.010469  0.000000
   N   6.109015  -5.642563   0.000000    0.057611 -0.078650 -0.000000
   C   7.329798  -3.607558   0.000000   -0.011358  0.002559 -0.000000
   N  -7.242647   3.603802   0.000000    0.018699  0.069096  0.000000
   C  -6.139459   5.694024   0.000000    0.014517  0.082877  0.000000
   C  -7.324706  -0.664169   0.000000    0.003919 -0.002252  0.000000
   C  -6.123747   1.433815   0.000000    0.002057  0.004320  0.000000
   C  -4.892641   3.547493   0.000000   -0.007418 -0.003011  0.000000
   C  -3.690158   5.643080   0.000000   -0.014501 -0.022700  0.000000
   C  -7.294870  -4.998936   0.000000    0.000821 -0.025359  0.000000
   C  -6.136055  -2.854879   0.000000    0.000257 -0.009186  0.000000
   C  -4.910889  -0.705162   0.000000    0.000167 -0.006267  0.000000
   C  -3.671149   1.416824   0.000000   -0.002123 -0.004456  0.000000
   C  -2.446953   3.535062   0.000000   -0.000081 -0.009542  0.000000
   C  -1.233512   5.638783   0.000000   -0.011407 -0.004880 -0.000000
   C  -4.883204  -4.968329   0.000000   -0.002841 -0.008648  0.000000
   C  -3.673034  -2.828573   0.000000   -0.000847 -0.005321  0.000000
   C  -2.453449  -0.710426   0.000000   -0.000208 -0.005739  0.000000
   C  -1.229408   1.412728  -0.000000   -0.002550 -0.005892  0.000000
   C   0.000430   3.533277  -0.000000    0.002926 -0.007638  0.000000
   C   1.219917   5.636490  -0.000000   -0.014961 -0.003179 -0.000000
   C  -2.436344  -4.960390  -0.000000   -0.001798 -0.006598 -0.000000
   C  -1.227996  -2.828067  -0.000000   -0.003897 -0.004752  0.000000
   C  -0.004671  -0.705247  -0.000000   -0.003930 -0.001063  0.000000
   C   1.220348   1.411922  -0.000000    0.000101 -0.004102  0.000000
   C   2.448480   3.529706  -0.000000    0.009492 -0.011394  0.000000
   C   3.671554   5.641015  -0.000000   -0.021223 -0.010977 -0.000000
   C   0.008297  -4.957300  -0.000000   -0.005525 -0.002168 -0.000000
   C   1.218633  -2.827056  -0.000000   -0.005511  0.001454  0.000000
   C   2.439571  -0.705571  -0.000000   -0.008486 -0.000811  0.000000
   C   3.665418   1.415537  -0.000000   -0.002485  0.003221  0.000000
   C   4.901319   3.535520  -0.000000    0.028549 -0.003065 -0.000000
   C   6.133947   5.643030  -0.000000   -0.021286  0.010809 -0.000000
   C   2.442009  -4.951156  -0.000000   -0.014128  0.013636 -0.000000
   C   3.669948  -2.827050  -0.000000    0.002468 -0.010332  0.000000
   C   4.890887  -0.707790   0.000000   -0.020314 -0.000658  0.000000
   C   6.116094   1.430742   0.000000   -0.015638  0.019706  0.000000
   N   7.286797   3.556601   0.000000    0.056964  0.010365 -0.000000
   C   4.902298  -4.970379   0.000000    0.069977 -0.048583 -0.000000
   C   6.118034  -2.839406   0.000000   -0.026186 -0.004846 -0.000000
   C   7.319538  -0.676618   0.000000   -0.027844 -0.006858  0.000000
   C   7.267421  -4.948584   0.000000    0.009375  0.005610 -0.000000
   H   8.237362   5.375236  -0.000000   -0.030906  0.021864 -0.000000
   H   8.155474   3.079057   0.000000    0.063403  0.030642 -0.000000
   H   8.277483   1.176488   0.000000   -0.022360 -0.025456  0.000000
   H   8.270730  -1.187279   0.000000   -0.031446 -0.011383  0.000000
   H   8.301652  -3.144725   0.000000   -0.021479  0.021044 -0.000000
   H   8.158044  -5.558129   0.000000    0.022316  0.024564 -0.000000
   H  -8.244229   5.409873   0.000000    0.025388  0.054372  0.000000
   H  -8.109443   3.125053   0.000000    0.011237  0.093571  0.000000
   H  -8.285963   1.194721   0.000000   -0.000371 -0.016016  0.000000
   H  -8.277466  -1.171109   0.000000    0.004658 -0.001260  0.000000
   H  -8.272343  -3.120328   0.000000    0.008348 -0.031509  0.000000
   H  -8.229195  -5.545685   0.000000    0.002024 -0.026342 -0.000000
   H  -6.184960   6.773932   0.000000    0.033302  0.084030 -0.000000
   H  -3.690256   6.726010   0.000000   -0.004626 -0.023631 -0.000000
   H  -1.234512   6.722652   0.000000   -0.011640 -0.005159 -0.000000
   H   1.221612   6.720488  -0.000000   -0.015561 -0.003372 -0.000000
   H   3.672620   6.724138  -0.000000   -0.032233 -0.011754 -0.000000
   H   6.186212   6.721508  -0.000000   -0.024414  0.010050 -0.000000
   H  -6.073589  -6.757921   0.000000    0.010469 -0.019102 -0.000000
   H  -3.653354  -6.725233   0.000000   -0.001626 -0.007904 -0.000000
   H  -1.216864  -6.720093  -0.000000   -0.002878 -0.008521 -0.000000
   H   1.239740  -6.717632  -0.000000    0.001864 -0.002942 -0.000000
   H   3.697913  -6.690947  -0.000000   -0.017565  0.051782 -0.000000
   H   6.109796  -6.637318   0.000000    0.087723 -0.076205 -0.000000
converged SCF energy = -3034.61448002216
--------------- ROKS_Scanner gradients ---------------
         x                y                z
0 C     0.0064920340    -0.0044628644     0.0000000000
1 C     0.0007213583    -0.0003953891     0.0000000000
2 C    -0.0061240727    -0.0019882262    -0.0000000000
3 C    -0.0087338369    -0.0030378709     0.0000000000
4 C     0.0032587628    -0.0017931181    -0.0000000000
5 C     0.0000121412     0.0009989005     0.0000000000
6 C     0.0003731402    -0.0001312256    -0.0000000000
7 C     0.0003937353    -0.0023321841    -0.0000000000
8 C     0.0013174762     0.0018104475     0.0000000000
9 C    -0.0006609723     0.0004344753    -0.0000000000
10 C     0.0005977253     0.0006711853     0.0000000000
11 C     0.0002429249     0.0004957040    -0.0000000000
12 C    -0.0008069041    -0.0001827681    -0.0000000000
13 C     0.0010527051     0.0008731215     0.0000000000
14 C    -0.0007492444    -0.0001586289     0.0000000000
15 C    -0.0004633571     0.0004187275     0.0000000000
16 C    -0.0009067708     0.0002244064     0.0000000000
17 C     0.0006600981    -0.0001322519     0.0000000000
18 C     0.0006688523     0.0006414402     0.0000000000
19 C    -0.0005717467     0.0015779952     0.0000000000
20 C    -0.0021791954    -0.0015100514    -0.0000000000
21 C     0.0000643852    -0.0001780077     0.0000000000
22 C    -0.0006865894     0.0010211696     0.0000000000
23 C     0.0004054314    -0.0002509241     0.0000000000
24 C     0.0014106122    -0.0003013060     0.0000000000
25 C     0.0010287353     0.0029865355     0.0000000000
26 C    -0.0004613091    -0.0039906453     0.0000000000
27 C    -0.0020534863    -0.0003792497     0.0000000000
28 C     0.0018378128     0.0006585160     0.0000000000
29 C    -0.0040063288    -0.0000796155     0.0000000000
30 C     0.0000148869    -0.0006282811    -0.0000000000
31 C     0.0057385497     0.0081059591     0.0000000000
32 C    -0.0138538409    -0.0073470498    -0.0000000000
33 C    -0.0020065692     0.0160988955     0.0000000000
34 C    -0.0102184138    -0.0053033922    -0.0000000000
35 C     0.0000488487     0.0017898929    -0.0000000000
36 C    -0.0032413270     0.0005888139    -0.0000000000
37 N     0.0111906848    -0.0188593612     0.0000000000
38 C     0.0022688956     0.0011616966    -0.0000000000
39 N    -0.0009451830     0.0036395341    -0.0000000000
40 C    -0.0021337273     0.0087615092     0.0000000000
41 C     0.0007874714     0.0002783719    -0.0000000000
42 C     0.0025956225    -0.0007642534     0.0000000000
43 C     0.0009270174    -0.0004377366     0.0000000000
44 C    -0.0026983571    -0.0050946040    -0.0000000000
45 C    -0.0010308397    -0.0012114394     0.0000000000
46 C    -0.0016500747     0.0005660136    -0.0000000000
47 C     0.0012601942     0.0004209810     0.0000000000
48 C     0.0012723453    -0.0008433399     0.0000000000
49 C    -0.0018676101    -0.0008656754     0.0000000000
50 C     0.0011631352     0.0004665111    -0.0000000000
51 C    -0.0006481960     0.0006990602    -0.0000000000
52 C     0.0003369305    -0.0005348637    -0.0000000000
53 C    -0.0005089948    -0.0002878045     0.0000000000
54 C     0.0003724492     0.0001300893    -0.0000000000
55 C     0.0010707905    -0.0024836427    -0.0000000000
56 C    -0.0009150989     0.0021127187     0.0000000000
57 C     0.0003023732     0.0005040730    -0.0000000000
58 C     0.0006945881    -0.0001789651    -0.0000000000
59 C    -0.0005207959    -0.0007580209    -0.0000000000
60 C    -0.0005228218     0.0006359319    -0.0000000000
61 C     0.0040400426    -0.0038672862    -0.0000000000
62 C    -0.0021428949     0.0003773384     0.0000000000
63 C     0.0003003147    -0.0000675743    -0.0000000000
64 C    -0.0008573703    -0.0004204674    -0.0000000000
65 C     0.0004683668     0.0009551328    -0.0000000000
66 C    -0.0021335149    -0.0001670275    -0.0000000000
67 C     0.0042251232    -0.0033122505    -0.0000000000
68 C     0.0017095175     0.0045478495    -0.0000000000
69 C    -0.0050327658    -0.0021108804    -0.0000000000
70 C     0.0013973083     0.0026240929    -0.0000000000
71 C    -0.0025715215    -0.0000246356     0.0000000000
72 C    -0.0024278510     0.0039222031     0.0000000000
73 N     0.0184284767    -0.0049406770    -0.0000000000
74 C     0.0194624041    -0.0050721591    -0.0000000000
75 C     0.0007894215    -0.0046023927     0.0000000000
76 C    -0.0000125537    -0.0018719844     0.0000000000
77 C    -0.0147011090     0.0063708905    -0.0000000000
78 H    -0.0016704554    -0.0024501815    -0.0000000000
79 H    -0.0082214543     0.0042988855    -0.0000000000
80 H    -0.0009361189    -0.0009757629     0.0000000000
81 H    -0.0005020861     0.0003971445    -0.0000000000
82 H    -0.0005616823    -0.0003446270     0.0000000000
83 H    -0.0026499189     0.0005371759    -0.0000000000
84 H     0.0020510829    -0.0002137723    -0.0000000000
85 H     0.0105931577     0.0053015526    -0.0000000000
86 H     0.0006546340    -0.0014868290    -0.0000000000
87 H     0.0008459357     0.0009259036     0.0000000000
88 H     0.0012645018    -0.0010895649     0.0000000000
89 H     0.0005537405     0.0001148465    -0.0000000000
90 H    -0.0012694119     0.0005845205    -0.0000000000
91 H    -0.0010535968    -0.0015414992     0.0000000000
92 H    -0.0004570516    -0.0006069668    -0.0000000000
93 H    -0.0001386763    -0.0004194551    -0.0000000000
94 H     0.0002027680    -0.0009874919     0.0000000000
95 H    -0.0004642409    -0.0006978973     0.0000000000
96 H    -0.0001606280     0.0007324727     0.0000000000
97 H     0.0000251437     0.0007395035     0.0000000000
98 H    -0.0000688133     0.0006130553    -0.0000000000
99 H     0.0001712295     0.0005654788    -0.0000000000
100 H     0.0012846449     0.0037360977    -0.0000000000
101 H     0.0001247526     0.0081176606    -0.0000000000
----------------------------------------------
cycle 3: E = -3034.61448002  dE = -0.000233722  norm(grad) = 0.0570899

Geometry optimization cycle 4
