1721293001.6657004

Geometry optimization cycle 1
Cartesian coordinates (Angstrom)
 Atom        New coordinates             dX        dY        dZ
   C  -7.338226   5.042760   0.000000    0.000000  0.000000  0.000000
   C  -7.365228   0.691139   0.000000    0.000000  0.000000  0.000000
   C  -6.173642   2.889413   0.000000    0.000000  0.000000  0.000000
   C  -4.910090   5.019617   0.000000    0.000000  0.000000  0.000000
   C  -7.358051  -3.642635   0.000000    0.000000  0.000000  0.000000
   C  -6.173475  -1.431785   0.000000    0.000000  0.000000  0.000000
   C  -4.940069   0.716689   0.000000    0.000000  0.000000  0.000000
   C  -3.694845   2.860312   0.000000    0.000000  0.000000  0.000000
   C  -2.457224   5.005715   0.000000    0.000000  0.000000  0.000000
   C  -6.138515  -5.727246   0.000000    0.000000  0.000000  0.000000
   C  -4.928214  -3.580071   0.000000    0.000000  0.000000  0.000000
   C  -3.698169  -1.425571   0.000000    0.000000  0.000000  0.000000
   C  -2.471779   0.716540   0.000000    0.000000  0.000000  0.000000
   C  -1.230705   2.851907   0.000000    0.000000 -0.000000  0.000000
   C   0.000000   5.003169   0.000000    0.000000  0.000000  0.000000
   C  -3.678966  -5.694052   0.000000    0.000000  0.000000  0.000000
   C  -2.466015  -3.560923   0.000000    0.000000  0.000000  0.000000
   C  -1.232423  -1.423207   0.000000    0.000000  0.000000  0.000000
   C   0.000000   0.715809   0.000000    0.000000  0.000000  0.000000
   C   1.230705   2.851907   0.000000    0.000000 -0.000000  0.000000
   C   2.457224   5.005715   0.000000    0.000000  0.000000  0.000000
   C  -1.226334  -5.685080   0.000000    0.000000  0.000000  0.000000
   C   0.000000  -3.557079   0.000000    0.000000  0.000000  0.000000
   C   1.232423  -1.423207   0.000000    0.000000  0.000000  0.000000
   C   2.471779   0.716540   0.000000    0.000000  0.000000  0.000000
   C   3.694845   2.860312   0.000000    0.000000  0.000000  0.000000
   C   4.910090   5.019617   0.000000    0.000000  0.000000  0.000000
   C   1.226334  -5.685080   0.000000    0.000000  0.000000  0.000000
   C   2.466015  -3.560923   0.000000    0.000000  0.000000  0.000000
   N   3.698169  -1.425571   0.000000    0.000000  0.000000  0.000000
   C   4.940069   0.716689   0.000000    0.000000  0.000000  0.000000
   C   6.173642   2.889413   0.000000    0.000000  0.000000  0.000000
   C   7.338226   5.042760   0.000000    0.000000  0.000000  0.000000
   C   3.678966  -5.694052   0.000000    0.000000  0.000000  0.000000
   C   4.928214  -3.580071   0.000000    0.000000  0.000000  0.000000
   C   6.173475  -1.431785   0.000000   -0.000000  0.000000  0.000000
   C   7.365228   0.691139   0.000000    0.000000  0.000000  0.000000
   C   6.138515  -5.727246   0.000000    0.000000  0.000000  0.000000
   C   7.358051  -3.642635   0.000000   -0.000000  0.000000  0.000000
   C  -7.358051   3.642635   0.000000    0.000000  0.000000  0.000000
   C  -6.138515   5.727246   0.000000    0.000000  0.000000  0.000000
   C  -7.365228  -0.691139   0.000000    0.000000  0.000000  0.000000
   C  -6.173475   1.431785   0.000000    0.000000  0.000000  0.000000
   C  -4.928214   3.580071   0.000000    0.000000 -0.000000  0.000000
   C  -3.678966   5.694052   0.000000    0.000000  0.000000  0.000000
   C  -7.338226  -5.042760   0.000000    0.000000  0.000000  0.000000
   C  -6.173642  -2.889413   0.000000    0.000000  0.000000  0.000000
   C  -4.940069  -0.716689   0.000000    0.000000  0.000000  0.000000
   C  -3.698169   1.425571   0.000000    0.000000  0.000000  0.000000
   C  -2.466015   3.560923   0.000000    0.000000 -0.000000  0.000000
   C  -1.226334   5.685080   0.000000    0.000000  0.000000  0.000000
   C  -4.910090  -5.019617   0.000000    0.000000  0.000000  0.000000
   C  -3.694845  -2.860312   0.000000    0.000000  0.000000  0.000000
   C  -2.471779  -0.716540   0.000000    0.000000  0.000000  0.000000
   C  -1.232423   1.423207   0.000000    0.000000  0.000000  0.000000
   C   0.000000   3.557079   0.000000    0.000000  0.000000  0.000000
   C   1.226334   5.685080   0.000000    0.000000  0.000000  0.000000
   C  -2.457224  -5.005715   0.000000    0.000000  0.000000  0.000000
   C  -1.230705  -2.851907   0.000000    0.000000  0.000000  0.000000
   C   0.000000  -0.715809   0.000000    0.000000  0.000000  0.000000
   N   1.232423   1.423207   0.000000    0.000000  0.000000  0.000000
   C   2.466015   3.560923   0.000000    0.000000 -0.000000  0.000000
   C   3.678966   5.694052   0.000000    0.000000  0.000000  0.000000
   C   0.000000  -5.003169   0.000000    0.000000  0.000000  0.000000
   C   1.230705  -2.851907   0.000000    0.000000  0.000000  0.000000
   C   2.471779  -0.716540   0.000000    0.000000  0.000000  0.000000
   C   3.698169   1.425571   0.000000    0.000000  0.000000  0.000000
   C   4.928214   3.580071   0.000000    0.000000 -0.000000  0.000000
   C   6.138515   5.727246   0.000000    0.000000  0.000000  0.000000
   C   2.457224  -5.005715   0.000000    0.000000  0.000000  0.000000
   C   3.694845  -2.860312   0.000000    0.000000  0.000000  0.000000
   C   4.940069  -0.716689   0.000000    0.000000  0.000000  0.000000
   C   6.173475   1.431785   0.000000   -0.000000  0.000000  0.000000
   C   7.358051   3.642635   0.000000   -0.000000  0.000000  0.000000
   C   4.910090  -5.019617   0.000000    0.000000  0.000000  0.000000
   N   6.173642  -2.889413   0.000000    0.000000  0.000000  0.000000
   N   7.365228  -0.691139   0.000000    0.000000  0.000000  0.000000
   C   7.338226  -5.042760   0.000000    0.000000  0.000000  0.000000
   H   8.282184   5.591425   0.000000    0.000000 -0.000000  0.000000
   H   8.325741   3.141106   0.000000    0.000000  0.000000  0.000000
   H   8.326715   1.204661   0.000000    0.000000  0.000000  0.000000
   H   8.326715  -1.204661   0.000000    0.000000  0.000000  0.000000
   H   8.325741  -3.141106   0.000000    0.000000  0.000000  0.000000
   H   8.282184  -5.591425   0.000000    0.000000  0.000000  0.000000
   H  -8.282184   5.591425   0.000000    0.000000 -0.000000  0.000000
   H  -8.325741   3.141106   0.000000    0.000000  0.000000  0.000000
   H  -8.326715   1.204661   0.000000    0.000000  0.000000  0.000000
   H  -8.326715  -1.204661   0.000000    0.000000  0.000000  0.000000
   H  -8.325741  -3.141106   0.000000    0.000000  0.000000  0.000000
   H  -8.282184  -5.591425   0.000000    0.000000  0.000000  0.000000
   H  -6.116625   6.819427   0.000000    0.000000  0.000000  0.000000
   H  -3.672757   6.787431   0.000000    0.000000  0.000000  0.000000
   H  -1.225580   6.778408   0.000000    0.000000 -0.000000  0.000000
   H   1.225580   6.778408   0.000000    0.000000 -0.000000  0.000000
   H   3.672757   6.787431   0.000000    0.000000  0.000000  0.000000
   H   6.116625   6.819427   0.000000   -0.000000  0.000000  0.000000
   H  -6.116625  -6.819427   0.000000    0.000000  0.000000  0.000000
   H  -3.672757  -6.787431   0.000000    0.000000  0.000000  0.000000
   H  -1.225580  -6.778408   0.000000    0.000000  0.000000  0.000000
   H   1.225580  -6.778408   0.000000    0.000000  0.000000  0.000000
   H   3.672757  -6.787431   0.000000    0.000000  0.000000  0.000000
   H   6.116625  -6.819427   0.000000   -0.000000  0.000000  0.000000
converged SCF energy = -3051.03171763405
--------------- RKS_Scanner gradients ---------------
         x                y                z
0 C    -0.0061167214    -0.0025887137    -0.0000000000
1 C    -0.0012694524     0.0028983948    -0.0000000000
2 C     0.0040343982    -0.0051536262     0.0000000000
3 C    -0.0057757732    -0.0008741240    -0.0000000000
4 C    -0.0008985150    -0.0032192015     0.0000000000
5 C    -0.0030205700    -0.0028726122     0.0000000000
6 C     0.0048304929     0.0020514146     0.0000000000
7 C     0.0074834375     0.0008955214     0.0000000000
8 C    -0.0058610759    -0.0059460137    -0.0000000000
9 C     0.0019893457    -0.0035517265    -0.0000000000
10 C     0.0009485178    -0.0005791029    -0.0000000000
11 C    -0.0038681357     0.0024819521    -0.0000000000
12 C     0.0026323204     0.0037653878     0.0000000000
13 C     0.0139317218    -0.0011369733     0.0000000000
14 C    -0.0051032492    -0.0081387266     0.0000000000
15 C    -0.0028108332    -0.0051816109     0.0000000000
16 C    -0.0036927874    -0.0009566955    -0.0000000000
17 C     0.0042241543     0.0007900643    -0.0000000000
18 C    -0.0061639642    -0.0055089449    -0.0000000000
19 C     0.0066156270     0.0063098379    -0.0000000000
20 C     0.0147702410    -0.0062292039    -0.0000000000
21 C    -0.0093586856    -0.0071311390     0.0000000000
22 C    -0.0134633690    -0.0011791946    -0.0000000000
23 C    -0.0067524562     0.0085603469    -0.0000000000
24 C     0.0109125862     0.0178078833     0.0000000000
25 C    -0.0058501676    -0.0105393899    -0.0000000000
26 C     0.0136222933    -0.0046493238     0.0000000000
27 C    -0.0178679614    -0.0075366784     0.0000000000
28 C    -0.0178168704    -0.0049306934     0.0000000000
29 N    -0.0081589351    -0.0095759362     0.0000000000
30 C     0.0406961960     0.0078641166     0.0000000000
31 C    -0.0125346805    -0.0130282560     0.0000000000
32 C     0.0099693303    -0.0081206886    -0.0000000000
33 C    -0.0236292678    -0.0084014357     0.0000000000
34 C    -0.0072953026    -0.0228244476    -0.0000000000
35 C     0.0274970516     0.0253850299     0.0000000000
36 C     0.0330262446    -0.0091153283    -0.0000000000
37 C    -0.0202427588    -0.0016364604    -0.0000000000
38 C     0.0131650690    -0.0167836975    -0.0000000000
39 C    -0.0031624668     0.0053296489     0.0000000000
40 C     0.0046489097     0.0027438391     0.0000000000
41 C    -0.0011337679    -0.0031945591    -0.0000000000
42 C    -0.0029296360     0.0035249105    -0.0000000000
43 C    -0.0032066170     0.0029653198    -0.0000000000
44 C     0.0037947661     0.0037091425     0.0000000000
45 C    -0.0047755168    -0.0004882618     0.0000000000
46 C     0.0018323142     0.0059048427    -0.0000000000
47 C     0.0042581843    -0.0018135893    -0.0000000000
48 C    -0.0051670527    -0.0019100629    -0.0000000000
49 C    -0.0087490833     0.0034072344    -0.0000000000
50 C     0.0039478551     0.0068534981     0.0000000000
51 C    -0.0019359963    -0.0010981872     0.0000000000
52 C     0.0039489949    -0.0021296632     0.0000000000
53 C     0.0011434498     0.0006908958     0.0000000000
54 C    -0.0112643388    -0.0030097995    -0.0000000000
55 C    -0.0101826300     0.0106690840     0.0000000000
56 C    -0.0049275777     0.0055345436     0.0000000000
57 C     0.0035176931     0.0050574844     0.0000000000
58 C     0.0083342638    -0.0057579722     0.0000000000
59 C    -0.0094927988    -0.0116460594     0.0000000000
60 N     0.0053651327     0.0063685954    -0.0000000000
61 C    -0.0050619860     0.0107430321     0.0000000000
62 C    -0.0122453270     0.0059454310    -0.0000000000
63 C     0.0142999651     0.0079084917     0.0000000000
64 C     0.0139191151    -0.0017152956     0.0000000000
65 C     0.0031592098    -0.0179181336     0.0000000000
66 C    -0.0150839114     0.0067473905    -0.0000000000
67 C     0.0042880221     0.0075193107     0.0000000000
68 C    -0.0121034776     0.0031768817     0.0000000000
69 C     0.0205504584     0.0047554740    -0.0000000000
70 C    -0.0010799865    -0.0020410122    -0.0000000000
71 C    -0.0047330036     0.0194584305    -0.0000000000
72 C    -0.0446005127     0.0186896369    -0.0000000000
73 C     0.0068511544     0.0124176298     0.0000000000
74 C     0.0239865209     0.0049764460     0.0000000000
75 N    -0.0142414938    -0.0162723616     0.0000000000
76 N    -0.0429394721     0.0262105315    -0.0000000000
77 C     0.0175104872     0.0040054945     0.0000000000
78 H     0.0049740050     0.0027687181     0.0000000000
79 H     0.0044653876    -0.0033374992    -0.0000000000
80 H     0.0046912727     0.0105081656     0.0000000000
81 H     0.0558655217    -0.0274612581     0.0000000000
82 H     0.0111175243    -0.0028004869     0.0000000000
83 H     0.0046762399    -0.0063375794    -0.0000000000
84 H    -0.0049640516     0.0027978842     0.0000000000
85 H    -0.0056078138    -0.0028967292    -0.0000000000
86 H    -0.0056513066     0.0029185476     0.0000000000
87 H    -0.0057553131    -0.0028457748    -0.0000000000
88 H    -0.0054796466     0.0029737330    -0.0000000000
89 H    -0.0048251389    -0.0028387398    -0.0000000000
90 H     0.0002076463     0.0059406836     0.0000000000
91 H    -0.0001322478     0.0062110705    -0.0000000000
92 H    -0.0005180163     0.0067709083    -0.0000000000
93 H    -0.0000177386     0.0069136561    -0.0000000000
94 H     0.0003138615     0.0067618635     0.0000000000
95 H    -0.0002496769     0.0062119819    -0.0000000000
96 H     0.0001291777    -0.0059061973     0.0000000000
97 H    -0.0002017415    -0.0062402334    -0.0000000000
98 H    -0.0002408142    -0.0065467408    -0.0000000000
99 H    -0.0004654801    -0.0068375626     0.0000000000
100 H    -0.0013101806    -0.0072960986    -0.0000000000
101 H    -0.0002063111    -0.0071683383     0.0000000000
----------------------------------------------
cycle 1: E = -3051.03171763  dE = -3051.03  norm(grad) = 0.15915

Geometry optimization cycle 2
Cartesian coordinates (Angstrom)
 Atom        New coordinates             dX        dY        dZ
   C  -7.263900   5.007435   0.000000    0.074326 -0.035325  0.000000
   C  -7.318596   0.689332   0.000000    0.046632 -0.001807  0.000000
   C  -6.125631   2.870640   0.000000    0.048011 -0.018774  0.000000
   C  -4.850773   4.984168   0.000000    0.059318 -0.035449  0.000000
   C  -7.325445  -3.604638   0.000000    0.032606  0.037997  0.000000
   C  -6.140392  -1.422040   0.000000    0.033083  0.009745  0.000000
   C  -4.911582   0.707888   0.000000    0.028487 -0.008801  0.000000
   C  -3.666483   2.835757   0.000000    0.028362 -0.024555  0.000000
   C  -2.411623   4.966924   0.000000    0.045601 -0.038791  0.000000
   C  -6.095903  -5.679401   0.000000    0.042612  0.047845  0.000000
   C  -4.904740  -3.559857   0.000000    0.023474  0.020213  0.000000
   C  -3.684390  -1.423080   0.000000    0.013779  0.002491  0.000000
   C  -2.459542   0.704645  -0.000000    0.012237 -0.011895 -0.000000
   C  -1.222437   2.824014  -0.000000    0.008268 -0.027893 -0.000000
   C   0.035430   4.953606  -0.000000    0.035430 -0.049562 -0.000000
   C  -3.641526  -5.654388   0.000000    0.037440  0.039664  0.000000
   C  -2.455359  -3.545697   0.000000    0.010655  0.015226  0.000000
   C  -1.242497  -1.416802   0.000000   -0.010074  0.006405  0.000000
   C  -0.011960   0.706843  -0.000000   -0.011960 -0.008966 -0.000000
   C   1.226078   2.803623  -0.000000   -0.004627 -0.048284 -0.000000
   C   2.456503   4.937229   0.000000   -0.000721 -0.068486  0.000000
   C  -1.191289  -5.652188   0.000000    0.035045  0.032892  0.000000
   C  -0.004057  -3.543712   0.000000   -0.004057  0.013366  0.000000
   C   1.190128  -1.423035  -0.000000   -0.042295  0.000172 -0.000000
   C   2.411923   0.696379  -0.000000   -0.059856 -0.020160 -0.000000
   C   3.688332   2.819657   0.000000   -0.006513 -0.040655  0.000000
   C   4.904064   4.937696   0.000000   -0.006026 -0.081921  0.000000
   C   1.264479  -5.640194   0.000000    0.038144  0.044885  0.000000
   C   2.446217  -3.524927  -0.000000   -0.019797  0.035995 -0.000000
   N   3.598780  -1.401475  -0.000000   -0.099389  0.024096 -0.000000
   C   4.832577   0.687483   0.000000   -0.107491 -0.029205  0.000000
   C   6.162579   2.817007   0.000000   -0.011063 -0.072406  0.000000
   C   7.314676   4.935900   0.000000   -0.023550 -0.106859  0.000000
   C   3.716350  -5.613082   0.000000    0.037384  0.080971  0.000000
   C   4.868349  -3.494483   0.000000   -0.059865  0.085588  0.000000
   C   5.983702  -1.433070   0.000000   -0.189773 -0.001284  0.000000
   C   7.229961   0.603881   0.000000   -0.135267 -0.087258  0.000000
   C   6.172530  -5.570206   0.000000    0.034015  0.157039  0.000000
   C   7.271446  -3.428542   0.000000   -0.086605  0.214094  0.000000
   C  -7.301184   3.613262   0.000000    0.056867 -0.029374  0.000000
   C  -6.074055   5.686907   0.000000    0.064461 -0.040339  0.000000
   C  -7.323188  -0.683029   0.000000    0.042039  0.008110  0.000000
   C  -6.131255   1.420944   0.000000    0.042220 -0.010841  0.000000
   C  -4.884620   3.553623   0.000000    0.043594 -0.026448  0.000000
   C  -3.627425   5.649690   0.000000    0.051541 -0.044363  0.000000
   C  -7.286324  -4.996556   0.000000    0.051902  0.046203  0.000000
   C  -6.141839  -2.871649   0.000000    0.031803  0.017765  0.000000
   C  -4.917545  -0.714223   0.000000    0.022524  0.002466  0.000000
   C  -3.673370   1.411406   0.000000    0.024799 -0.014165  0.000000
   C  -2.438701   3.530834   0.000000    0.027314 -0.030089  0.000000
   C  -1.185370   5.625668   0.000000    0.040965 -0.059412  0.000000
   C  -4.868643  -4.987081   0.000000    0.041447  0.032536  0.000000
   C  -3.680242  -2.846681   0.000000    0.014603  0.013630  0.000000
   C  -2.469989  -0.717004  -0.000000    0.001790 -0.000464 -0.000000
   C  -1.225720   1.408970  -0.000000    0.006703 -0.014237 -0.000000
   C   0.015826   3.510249  -0.000000    0.015826 -0.046829 -0.000000
   C   1.252718   5.627219  -0.000000    0.026383 -0.057861 -0.000000
   C  -2.423394  -4.983537   0.000000    0.033829  0.022178  0.000000
   C  -1.234541  -2.836126  -0.000000   -0.003837  0.015781 -0.000000
   C  -0.019359  -0.708116  -0.000000   -0.019359  0.007693 -0.000000
   N   1.198815   1.396112  -0.000000   -0.033608 -0.027095 -0.000000
   C   2.463874   3.498831  -0.000000   -0.002141 -0.062092 -0.000000
   C   3.687187   5.603711   0.000000    0.008221 -0.090342  0.000000
   C   0.022987  -4.983352   0.000000    0.022987  0.019816  0.000000
   C   1.203449  -2.836874  -0.000000   -0.027255  0.015033 -0.000000
   C   2.395076  -0.701288  -0.000000   -0.076703  0.015252 -0.000000
   C   3.634655   1.399453  -0.000000   -0.063514 -0.026118 -0.000000
   C   4.923953   3.507170   0.000000   -0.004261 -0.072901  0.000000
   C   6.137645   5.631065   0.000000   -0.000871 -0.096181  0.000000
   C   2.471168  -4.959914   0.000000    0.013944  0.045801  0.000000
   C   3.638402  -2.810883   0.000000   -0.056443  0.049429  0.000000
   C   4.804341  -0.718988   0.000000   -0.135728 -0.002299  0.000000
   C   6.103767   1.364130   0.000000   -0.069708 -0.067655  0.000000
   C   7.347413   3.536879   0.000000   -0.010638 -0.105756  0.000000
   C   4.907175  -4.921149   0.000000   -0.002915  0.098468  0.000000
   N   6.067127  -2.798972   0.000000   -0.106515  0.090441  0.000000
   N   7.177634  -0.751738   0.000000   -0.187594 -0.060599  0.000000
   C   7.309900  -4.817278   0.000000   -0.028326  0.225481  0.000000
   H   8.253367   5.478534   0.000000   -0.028817 -0.112891  0.000000
   H   8.308041   3.037564   0.000000   -0.017700 -0.103542  0.000000
   H   8.215144   1.041448   0.000000   -0.111571 -0.163214  0.000000
   H   8.042465  -1.268740   0.000000   -0.284250 -0.064078  0.000000
   H   8.174500  -2.838802   0.000000   -0.151241  0.302304  0.000000
   H   8.280966  -5.294971   0.000000   -0.001218  0.296454  0.000000
   H  -8.197756   5.558333   0.000000    0.084428 -0.033092  0.000000
   H  -8.263798   3.120138   0.000000    0.061942 -0.020968  0.000000
   H  -8.270595   1.202713   0.000000    0.056120 -0.001948  0.000000
   H  -8.278137  -1.190740   0.000000    0.048578  0.013921  0.000000
   H  -8.286585  -3.108419   0.000000    0.039156  0.032687  0.000000
   H  -8.220733  -5.546777   0.000000    0.061451  0.044647  0.000000
   H  -6.053648   6.771185   0.000000    0.062978 -0.048242  0.000000
   H  -3.619541   6.734748   0.000000    0.053216 -0.052684  0.000000
   H  -1.177996   6.709913   0.000000    0.047584 -0.068495  0.000000
   H   1.261900   6.711259   0.000000    0.036320 -0.067149  0.000000
   H   3.688025   6.688061   0.000000    0.015268 -0.099370  0.000000
   H   6.130434   6.715147   0.000000    0.013809 -0.104279  0.000000
   H  -6.080367  -6.763807   0.000000    0.036258  0.055619  0.000000
   H  -3.637680  -6.739429   0.000000    0.035077  0.048002  0.000000
   H  -1.187564  -6.736751   0.000000    0.038016  0.041656  0.000000
   H   1.282360  -6.724227   0.000000    0.056780  0.054181  0.000000
   H   3.746812  -6.696277   0.000000    0.074055  0.091154  0.000000
   H   6.213385  -6.652268   0.000000    0.096760  0.167159  0.000000
converged SCF energy = -3051.0744148412
--------------- RKS_Scanner gradients ---------------
         x                y                z
0 C     0.0013973838    -0.0030795416    -0.0000000000
1 C     0.0011520317     0.0007581879    -0.0000000000
2 C     0.0034661551    -0.0008800064    -0.0000000000
3 C    -0.0012370804     0.0002451542    -0.0000000000
4 C    -0.0029192061     0.0016451555    -0.0000000000
5 C    -0.0027725837    -0.0007933476     0.0000000000
6 C     0.0023304361     0.0007926059    -0.0000000000
7 C     0.0034623852    -0.0000281199    -0.0000000000
8 C     0.0001624993    -0.0007232980    -0.0000000000
9 C    -0.0012736993     0.0012231289    -0.0000000000
10 C    -0.0009973078    -0.0004642554    -0.0000000000
11 C    -0.0021232727     0.0011975831    -0.0000000000
12 C     0.0024576434     0.0008321100    -0.0000000000
13 C     0.0055151510    -0.0013970044    -0.0000000000
14 C     0.0033305398    -0.0014845962    -0.0000000000
15 C    -0.0035409138     0.0022039950    -0.0000000000
16 C    -0.0039630909    -0.0010557313    -0.0000000000
17 C     0.0014937596     0.0016691180    -0.0000000000
18 C    -0.0023592040    -0.0039894174    -0.0000000000
19 C     0.0052064613     0.0031371443     0.0000000000
20 C     0.0033749347    -0.0026692798     0.0000000000
21 C    -0.0056995292     0.0010358593     0.0000000000
22 C    -0.0079592922    -0.0015735313    -0.0000000000
23 C    -0.0000050862     0.0029168288    -0.0000000000
24 C     0.0099949179     0.0041306444     0.0000000000
25 C     0.0038859949    -0.0028173868     0.0000000000
26 C     0.0067825832    -0.0023352536     0.0000000000
27 C    -0.0073331945     0.0001305022    -0.0000000000
28 C    -0.0088606533     0.0011514086    -0.0000000000
29 N    -0.0062740230    -0.0046006578     0.0000000000
30 C     0.0137033842    -0.0032825865     0.0000000000
31 C    -0.0008285191    -0.0012831968     0.0000000000
32 C    -0.0011832134    -0.0074567662     0.0000000000
33 C    -0.0088102938    -0.0003107646    -0.0000000000
34 C    -0.0104848336    -0.0027460214    -0.0000000000
35 C    -0.0073889907    -0.0019346312     0.0000000000
36 C     0.0075397116    -0.0047067733     0.0000000000
37 C    -0.0101329020    -0.0049973873    -0.0000000000
38 C     0.0029277155     0.0004779590     0.0000000000
39 C    -0.0025936014     0.0011535236     0.0000000000
40 C     0.0015582803    -0.0001890022     0.0000000000
41 C     0.0011906796    -0.0007494379    -0.0000000000
42 C    -0.0025479643     0.0007124925     0.0000000000
43 C    -0.0027063268     0.0015348310     0.0000000000
44 C     0.0014775515    -0.0008739433     0.0000000000
45 C     0.0031069004     0.0011090640     0.0000000000
46 C     0.0021375334     0.0000006682     0.0000000000
47 C     0.0017045564    -0.0004173162     0.0000000000
48 C    -0.0031810800    -0.0013016326     0.0000000000
49 C    -0.0047701463     0.0017940546     0.0000000000
50 C     0.0006820238    -0.0008606003    -0.0000000000
51 C     0.0033645799    -0.0027185040     0.0000000000
52 C     0.0008007024    -0.0010764292     0.0000000000
53 C    -0.0005743234     0.0013434958     0.0000000000
54 C    -0.0022396276    -0.0007351704     0.0000000000
55 C    -0.0062711226     0.0013326070    -0.0000000000
56 C    -0.0018030116     0.0025717644     0.0000000000
57 C     0.0074631307    -0.0011855099     0.0000000000
58 C     0.0026029347    -0.0019445882     0.0000000000
59 C    -0.0038742211    -0.0005254495     0.0000000000
60 N    -0.0007328770     0.0020852164     0.0000000000
61 C    -0.0018967483    -0.0012681800    -0.0000000000
62 C    -0.0061825994    -0.0001734117    -0.0000000000
63 C     0.0111805796     0.0005951545     0.0000000000
64 C     0.0075118123    -0.0004669556     0.0000000000
65 C    -0.0049289229    -0.0033929322     0.0000000000
66 C    -0.0152697017     0.0043672453    -0.0000000000
67 C     0.0033129097     0.0007506077    -0.0000000000
68 C    -0.0055120411     0.0023398627    -0.0000000000
69 C     0.0126501759     0.0001686147     0.0000000000
70 C     0.0059043266    -0.0023589510     0.0000000000
71 C     0.0002291139     0.0112368497    -0.0000000000
72 C    -0.0135050556     0.0035482463    -0.0000000000
73 C     0.0069686327     0.0054670431    -0.0000000000
74 C     0.0165101408     0.0037188751     0.0000000000
75 N     0.0077012733    -0.0043502725    -0.0000000000
76 N    -0.0109524688    -0.0028833870     0.0000000000
77 C    -0.0009095766     0.0109983368    -0.0000000000
78 H    -0.0000507496    -0.0000733210    -0.0000000000
79 H     0.0005436525    -0.0006918559     0.0000000000
80 H    -0.0011822482     0.0018777810    -0.0000000000
81 H     0.0073909849    -0.0066356355    -0.0000000000
82 H     0.0033371850     0.0068037547    -0.0000000000
83 H    -0.0004335620    -0.0004734615     0.0000000000
84 H    -0.0002119233    -0.0000501954     0.0000000000
85 H    -0.0007401489    -0.0008388178    -0.0000000000
86 H    -0.0005440965     0.0003812727     0.0000000000
87 H    -0.0005267933    -0.0004009141    -0.0000000000
88 H    -0.0009552965     0.0009231512     0.0000000000
89 H    -0.0003032126     0.0003121703    -0.0000000000
90 H     0.0002615939     0.0005019054     0.0000000000
91 H     0.0001115122     0.0003735418     0.0000000000
92 H    -0.0001062661     0.0001323406    -0.0000000000
93 H     0.0002873401     0.0007768454     0.0000000000
94 H     0.0004360442     0.0001308788     0.0000000000
95 H    -0.0002601167     0.0006519306     0.0000000000
96 H     0.0005150629    -0.0003362651     0.0000000000
97 H     0.0004427014    -0.0001131662     0.0000000000
98 H     0.0007110152    -0.0001185863    -0.0000000000
99 H     0.0007485163    -0.0001578803    -0.0000000000
100 H     0.0007144393    -0.0002094953     0.0000000000
101 H     0.0001379811    -0.0010849848    -0.0000000000
----------------------------------------------
cycle 2: E = -3051.07441484  dE = -0.0426972  norm(grad) = 0.0605743

Geometry optimization cycle 3
Cartesian coordinates (Angstrom)
 Atom        New coordinates             dX        dY        dZ
   C  -7.267988   5.019394   0.000000   -0.004088  0.011959 -0.000000
   C  -7.302303   0.684508   0.000000    0.016293 -0.004824  0.000000
   C  -6.121012   2.869053   0.000000    0.004619 -0.001586  0.000000
   C  -4.852902   4.978267   0.000000   -0.002130 -0.005901  0.000000
   C  -7.297666  -3.632451   0.000000    0.027779 -0.027813  0.000000
   C  -6.120963  -1.423490   0.000000    0.019429 -0.001449  0.000000
   C  -4.898281   0.706506   0.000000    0.013301 -0.001382  0.000000
   C  -3.663155   2.832024   0.000000    0.003327 -0.003733  0.000000
   C  -2.417686   4.964707   0.000000   -0.006063 -0.002217  0.000000
   C  -6.086204  -5.690187   0.000000    0.009700 -0.010786  0.000000
   C  -4.891380  -3.552633   0.000000    0.013361  0.007224  0.000000
   C  -3.663871  -1.418126   0.000000    0.020519  0.004954  0.000000
   C  -2.445346   0.704519   0.000000    0.014196 -0.000126  0.000000
   C  -1.225567   2.821156   0.000000   -0.003130 -0.002857  0.000000
   C   0.019879   4.945315   0.000000   -0.015551 -0.008292  0.000000
   C  -3.644640  -5.648360   0.000000   -0.003115  0.006028 -0.000000
   C  -2.442346  -3.531177   0.000000    0.013014  0.014520  0.000000
   C  -1.218656  -1.406463   0.000000    0.023841  0.010339  0.000000
   C   0.005904   0.711564   0.000000    0.017865  0.004721  0.000000
   C   1.218806   2.793693   0.000000   -0.007272 -0.009930  0.000000
   C   2.443221   4.937070   0.000000   -0.013282 -0.000158  0.000000
   C  -1.205812  -5.642762  -0.000000   -0.014522  0.009426 -0.000000
   C   0.007818  -3.527363  -0.000000    0.011875  0.016350 -0.000000
   C   1.221455  -1.414452  -0.000000    0.031327  0.008583 -0.000000
   C   2.421840   0.690324  -0.000000    0.009917 -0.006055 -0.000000
   C   3.670742   2.813966  -0.000000   -0.017590 -0.005691 -0.000000
   C   4.881638   4.942881   0.000000   -0.022426  0.005185 -0.000000
   C   1.240572  -5.625814  -0.000000   -0.023907  0.014380 -0.000000
   C   2.458099  -3.505134  -0.000000    0.011882  0.019794 -0.000000
   N   3.643368  -1.387089  -0.000000    0.044588  0.014387 -0.000000
   C   4.840522   0.677830  -0.000000    0.007945 -0.009653 -0.000000
   C   6.133432   2.823557   0.000000   -0.029147  0.006550 -0.000000
   C   7.308041   4.958316   0.000000   -0.006635  0.022416 -0.000000
   C   3.679763  -5.597365  -0.000000   -0.036587  0.015717 -0.000000
   C   4.874571  -3.472386  -0.000000    0.006222  0.022097 -0.000000
   C   6.047092  -1.426086  -0.000000    0.063390  0.006983 -0.000000
   C   7.240591   0.631839   0.000000    0.010631  0.027957 -0.000000
   C   6.120564  -5.574158   0.000000   -0.051966 -0.003951  0.000000
   C   7.240447  -3.497742   0.000000   -0.030999 -0.069200  0.000000
   C  -7.285695   3.624088   0.000000    0.015489  0.010826  0.000000
   C  -6.074341   5.685980   0.000000   -0.000286 -0.000927  0.000000
   C  -7.304319  -0.685818   0.000000    0.018870 -0.002789  0.000000
   C  -6.116658   1.418140   0.000000    0.014597 -0.002804  0.000000
   C  -4.878505   3.547720   0.000000    0.006115 -0.005903  0.000000
   C  -3.633958   5.645964   0.000000   -0.006533 -0.003725  0.000000
   C  -7.283831  -5.023899   0.000000    0.002493 -0.027343  0.000000
   C  -6.131022  -2.874514   0.000000    0.010817 -0.002865  0.000000
   C  -4.900684  -0.714085   0.000000    0.016861  0.000139  0.000000
   C  -3.658534   1.409764   0.000000    0.014836 -0.001642  0.000000
   C  -2.435670   3.527930   0.000000    0.003030 -0.002903  0.000000
   C  -1.195396   5.625011   0.000000   -0.010026 -0.000657  0.000000
   C  -4.870573  -4.979240   0.000000   -0.001930  0.007841  0.000000
   C  -3.668335  -2.837728   0.000000    0.011906  0.008953  0.000000
   C  -2.448924  -0.714670   0.000000    0.021065  0.002333  0.000000
   C  -1.210473   1.408775   0.000000    0.015247 -0.000195  0.000000
   C   0.014893   3.501527   0.000000   -0.000934 -0.008722  0.000000
   C   1.237317   5.613903   0.000000   -0.015400 -0.013316  0.000000
   C  -2.435985  -4.968818   0.000000   -0.012591  0.014720 -0.000000
   C  -1.223306  -2.821681  -0.000000    0.011235  0.014445 -0.000000
   C   0.010835  -0.701212  -0.000000    0.030194  0.006904 -0.000000
   N   1.212487   1.390371  -0.000000    0.013672 -0.005741  0.000000
   C   2.451490   3.496236   0.000000   -0.012384 -0.002595  0.000000
   C   3.673078   5.610351   0.000000   -0.014109  0.006640 -0.000000
   C  -0.002355  -4.966978  -0.000000   -0.025342  0.016375 -0.000000
   C   1.211589  -2.823579  -0.000000    0.008140  0.013296 -0.000000
   C   2.432933  -0.697661  -0.000000    0.037857  0.003627 -0.000000
   C   3.652393   1.388596  -0.000000    0.017737 -0.010857 -0.000000
   C   4.894223   3.511185   0.000000   -0.029731  0.004015 -0.000000
   C   6.123762   5.629489   0.000000   -0.013882 -0.001576 -0.000000
   C   2.435110  -4.938516  -0.000000   -0.036058  0.021398 -0.000000
   C   3.647511  -2.790375  -0.000000    0.009109  0.020508 -0.000000
   C   4.855889  -0.732682  -0.000000    0.051548 -0.013694 -0.000000
   C   6.114002   1.368209   0.000000    0.010235  0.004079 -0.000000
   C   7.302302   3.555425   0.000000   -0.045111  0.018545 -0.000000
   C   4.858443  -4.903737   0.000000   -0.048732  0.017412 -0.000000
   N   6.077801  -2.796912   0.000000    0.010674  0.002061 -0.000000
   N   7.230752  -0.720723   0.000000    0.053118  0.031015 -0.000000
   C   7.287637  -4.888217   0.000000   -0.022263 -0.070939  0.000000
   H   8.248328   5.496245   0.000000   -0.005038  0.017711 -0.000000
   H   8.258914   3.053109   0.000000   -0.049127  0.015545 -0.000000
   H   8.222536   1.073569   0.000000    0.007392  0.032122  0.000000
   H   8.090348  -1.195612   0.000000    0.047883  0.073128 -0.000000
   H   8.159559  -2.954393   0.000000   -0.014941 -0.115591  0.000000
   H   8.249176  -5.382383   0.000000   -0.031789 -0.087412  0.000000
   H  -8.201428   5.568435   0.000000   -0.003672  0.010102 -0.000000
   H  -8.246569   3.133411   0.000000    0.017229  0.013273  0.000000
   H  -8.253586   1.194720   0.000000    0.017008 -0.007994  0.000000
   H  -8.256895  -1.193446   0.000000    0.021242 -0.002706  0.000000
   H  -8.258194  -3.141553   0.000000    0.028391 -0.033134  0.000000
   H  -8.217217  -5.573485   0.000000    0.003516 -0.026707 -0.000000
   H  -6.048491   6.768291   0.000000    0.005157 -0.002894 -0.000000
   H  -3.628821   6.729322   0.000000   -0.009281 -0.005426  0.000000
   H  -1.184545   6.707752   0.000000   -0.006549 -0.002161  0.000000
   H   1.241537   6.695542   0.000000   -0.020363 -0.015717  0.000000
   H   3.670412   6.693226  -0.000000   -0.017613  0.005164 -0.000000
   H   6.112489   6.711424   0.000000   -0.017946 -0.003724 -0.000000
   H  -6.058485  -6.772739   0.000000    0.021883 -0.008932 -0.000000
   H  -3.639555  -6.732047   0.000000   -0.001875  0.007383 -0.000000
   H  -1.204216  -6.725914   0.000000   -0.016652  0.010837 -0.000000
   H   1.258295  -6.708307  -0.000000   -0.024065  0.015920 -0.000000
   H   3.707589  -6.678915  -0.000000   -0.039223  0.017363 -0.000000
   H   6.124166  -6.654068   0.000000   -0.089219 -0.001800  0.000000
converged SCF energy = -3051.07433719572
--------------- RKS_Scanner gradients ---------------
         x                y                z
0 C    -0.0038095470     0.0010677942     0.0000000000
1 C     0.0002776827    -0.0002103964     0.0000000000
2 C    -0.0006798148    -0.0022341681     0.0000000000
3 C    -0.0014467662    -0.0001490524     0.0000000000
4 C     0.0062331029    -0.0044761919     0.0000000000
5 C     0.0024339388     0.0008140151     0.0000000000
6 C     0.0002413177     0.0001685183     0.0000000000
7 C     0.0001358982    -0.0006603295     0.0000000000
8 C    -0.0000534999    -0.0004479601     0.0000000000
9 C    -0.0002374552     0.0011650778     0.0000000000
10 C     0.0019154731     0.0020759365     0.0000000000
11 C     0.0012699610     0.0008971819     0.0000000000
12 C     0.0003058978     0.0000916945     0.0000000000
13 C    -0.0009261216    -0.0006419621     0.0000000000
14 C    -0.0012881975    -0.0001835831     0.0000000000
15 C    -0.0022696536    -0.0015936274     0.0000000000
16 C     0.0026144401     0.0016975478     0.0000000000
17 C     0.0020279839     0.0024518410     0.0000000000
18 C     0.0005122583     0.0006633919     0.0000000000
19 C    -0.0024569941    -0.0026957746     0.0000000000
20 C     0.0011923413     0.0015674565    -0.0000000000
21 C    -0.0033667797    -0.0026366591     0.0000000000
22 C     0.0025443228     0.0008829243    -0.0000000000
23 C     0.0045280080     0.0031578934    -0.0000000000
24 C     0.0013789084    -0.0003457021    -0.0000000000
25 C    -0.0023212182    -0.0038115866     0.0000000000
26 C    -0.0006746902     0.0016486144    -0.0000000000
27 C    -0.0028611882    -0.0030387090     0.0000000000
28 C     0.0021606582     0.0014436874    -0.0000000000
29 N     0.0048980022     0.0045883028    -0.0000000000
30 C    -0.0021723845    -0.0062184517     0.0000000000
31 C    -0.0029727201    -0.0044608173     0.0000000000
32 C     0.0070185480     0.0024298135    -0.0000000000
33 C    -0.0022600482    -0.0017409950     0.0000000000
34 C     0.0039751033     0.0014596402     0.0000000000
35 C     0.0058645629    -0.0022158696    -0.0000000000
36 C    -0.0039867494    -0.0037538138    -0.0000000000
37 C    -0.0020723341     0.0092505916     0.0000000000
38 C    -0.0088925136    -0.0098304625    -0.0000000000
39 C     0.0041826703     0.0044009734    -0.0000000000
40 C     0.0010280529    -0.0021966702    -0.0000000000
41 C     0.0002633299     0.0002525095    -0.0000000000
42 C     0.0014171994    -0.0006243707    -0.0000000000
43 C    -0.0001403737    -0.0000213033    -0.0000000000
44 C     0.0005852566    -0.0000582207    -0.0000000000
45 C    -0.0040360287    -0.0024805132    -0.0000000000
46 C    -0.0028810651     0.0022996884    -0.0000000000
47 C     0.0002963007    -0.0003375045    -0.0000000000
48 C     0.0001302349    -0.0001404104    -0.0000000000
49 C    -0.0002828502     0.0002378284    -0.0000000000
50 C    -0.0002865451     0.0012458621     0.0000000000
51 C    -0.0005124825     0.0004524583    -0.0000000000
52 C    -0.0019166929    -0.0001098639    -0.0000000000
53 C     0.0005322945    -0.0010291613    -0.0000000000
54 C     0.0023455955     0.0005417902    -0.0000000000
55 C     0.0008449042    -0.0006599587    -0.0000000000
56 C    -0.0013744556    -0.0019881594    -0.0000000000
57 C     0.0006004740     0.0011279632    -0.0000000000
58 C    -0.0017840570    -0.0009478455    -0.0000000000
59 C     0.0008345839    -0.0005664350    -0.0000000000
60 N     0.0008645953    -0.0002810571     0.0000000000
61 C    -0.0011495605     0.0006376677     0.0000000000
62 C    -0.0008377820    -0.0001654610     0.0000000000
63 C     0.0001738940     0.0028169859    -0.0000000000
64 C     0.0003925303    -0.0011383801     0.0000000000
65 C     0.0016322352    -0.0039898972     0.0000000000
66 C    -0.0028246635     0.0010588758    -0.0000000000
67 C     0.0006569388     0.0016504899    -0.0000000000
68 C    -0.0014829746    -0.0059740582     0.0000000000
69 C    -0.0016572621     0.0037165701    -0.0000000000
70 C    -0.0003296467     0.0016824998     0.0000000000
71 C     0.0047993866    -0.0031685315    -0.0000000000
72 C     0.0030114876    -0.0028437148    -0.0000000000
73 C    -0.0063974237     0.0043331441    -0.0000000000
74 C    -0.0069756961     0.0017294310    -0.0000000000
75 N    -0.0042129253     0.0134323360     0.0000000000
76 N     0.0133797439     0.0007854019     0.0000000000
77 C     0.0105568004    -0.0028412977     0.0000000000
78 H     0.0001629850     0.0004193703    -0.0000000000
79 H    -0.0014408836     0.0009066016     0.0000000000
80 H    -0.0014813599    -0.0005996428    -0.0000000000
81 H    -0.0147356474     0.0096036032    -0.0000000000
82 H    -0.0036093762    -0.0051948198     0.0000000000
83 H     0.0000585525    -0.0008372647     0.0000000000
84 H     0.0003294027     0.0002119383    -0.0000000000
85 H     0.0014383676     0.0010065917     0.0000000000
86 H     0.0007631149    -0.0007560445     0.0000000000
87 H     0.0008119094     0.0008788073     0.0000000000
88 H     0.0016818761    -0.0013998745    -0.0000000000
89 H     0.0002646090    -0.0004532908    -0.0000000000
90 H    -0.0004924013    -0.0009707901     0.0000000000
91 H    -0.0001718055    -0.0007431749    -0.0000000000
92 H    -0.0003292918    -0.0006630714    -0.0000000000
93 H     0.0000102751    -0.0013217404     0.0000000000
94 H     0.0004281258    -0.0008270896    -0.0000000000
95 H     0.0007851148    -0.0016066392    -0.0000000000
96 H    -0.0006354253     0.0007583837     0.0000000000
97 H    -0.0002323268     0.0004779354     0.0000000000
98 H    -0.0002167043     0.0005377240    -0.0000000000
99 H    -0.0003537484     0.0006431486    -0.0000000000
100 H    -0.0003216990     0.0007448896    -0.0000000000
101 H     0.0010247085     0.0021658435    -0.0000000000
----------------------------------------------
cycle 3: E = -3051.0743372  dE = 7.76455e-05  norm(grad) = 0.0451692

Geometry optimization cycle 4
Cartesian coordinates (Angstrom)
 Atom        New coordinates             dX        dY        dZ
   C  -7.265279   5.008031   0.000000    0.002708 -0.011363 -0.000000
   C  -7.314447   0.687369   0.000000   -0.012144  0.002861  0.000000
   C  -6.126700   2.870847   0.000000   -0.005687  0.001794 -0.000000
   C  -4.854238   4.984002   0.000000   -0.001336  0.005736 -0.000000
   C  -7.319415  -3.608395   0.000000   -0.021749  0.024055  0.000000
   C  -6.133386  -1.421883   0.000000   -0.012423  0.001607  0.000000
   C  -4.907493   0.707783   0.000000   -0.009211  0.001276 -0.000000
   C  -3.666727   2.835900   0.000000   -0.003572  0.003876 -0.000000
   C  -2.418200   4.968827   0.000000   -0.000514  0.004121 -0.000000
   C  -6.093565  -5.685513   0.000000   -0.007362  0.004674 -0.000000
   C  -4.900061  -3.557660   0.000000   -0.008682 -0.005026 -0.000000
   C  -3.675255  -1.421886   0.000000   -0.011384 -0.003760 -0.000000
   C  -2.453365   0.704295   0.000000   -0.008019 -0.000223 -0.000000
   C  -1.224533   2.824708   0.000000    0.001034  0.003552 -0.000000
   C   0.024414   4.951550   0.000000    0.004535  0.006235 -0.000000
   C  -3.644326  -5.654548   0.000000    0.000314 -0.006188 -0.000000
   C  -2.447962  -3.538726   0.000000   -0.005616 -0.007549 -0.000000
   C  -1.229879  -1.412926   0.000000   -0.011223 -0.006463 -0.000000
   C   0.000838   0.711304   0.000000   -0.005067 -0.000260  0.000000
   C   1.224297   2.799161   0.000000    0.005491  0.005468  0.000000
   C   2.446986   4.942726   0.000000    0.003765  0.005656  0.000000
   C  -1.200336  -5.648434  -0.000000    0.005475 -0.005673 -0.000000
   C   0.005170  -3.536994  -0.000000   -0.002649 -0.009632 -0.000000
   C   1.209577  -1.422217  -0.000000   -0.011878 -0.007765  0.000000
   C   2.421176   0.692409  -0.000000   -0.000665  0.002085  0.000000
   C   3.681509   2.821606   0.000000    0.010767  0.007640  0.000000
   C   4.887889   4.951783   0.000000    0.006251  0.008901  0.000000
   C   1.252204  -5.634273  -0.000000    0.011632 -0.008459 -0.000000
   C   2.459337  -3.520060  -0.000000    0.001238 -0.014926 -0.000000
   N   3.630843  -1.397688  -0.000000   -0.012525 -0.010600  0.000000
   C   4.845705   0.685005   0.000000    0.005182  0.007174  0.000000
   C   6.150352   2.829564   0.000000    0.016919  0.006007  0.000000
   C   7.298112   4.957296   0.000000   -0.009930 -0.001020  0.000000
   C   3.699608  -5.611986  -0.000000    0.019845 -0.014622 -0.000000
   C   4.883626  -3.492228  -0.000000    0.009054 -0.019842 -0.000000
   C   6.032998  -1.429988   0.000000   -0.014093 -0.003901  0.000000
   C   7.250059   0.629900   0.000000    0.009468 -0.001938  0.000000
   C   6.145845  -5.601595  -0.000000    0.025282 -0.027438 -0.000000
   C   7.266421  -3.476390   0.000000    0.025974  0.021352 -0.000000
   C  -7.300871   3.611568   0.000000   -0.015176 -0.012520 -0.000000
   C  -6.078418   5.689202   0.000000   -0.004077  0.003221 -0.000000
   C  -7.317997  -0.684118   0.000000   -0.013678  0.001700  0.000000
   C  -6.126619   1.419838   0.000000   -0.009961  0.001697 -0.000000
   C  -4.883226   3.552372   0.000000   -0.004721  0.004652 -0.000000
   C  -3.634593   5.652253   0.000000   -0.000634  0.006289 -0.000000
   C  -7.282904  -5.000408   0.000000    0.000927  0.023491 -0.000000
   C  -6.138237  -2.872548   0.000000   -0.007215  0.001966  0.000000
   C  -4.911658  -0.713797   0.000000   -0.010974  0.000288  0.000000
   C  -3.666329   1.411934   0.000000   -0.007795  0.002170 -0.000000
   C  -2.436503   3.530860   0.000000   -0.000832  0.002930 -0.000000
   C  -1.193661   5.627850   0.000000    0.001736  0.002839 -0.000000
   C  -4.872097  -4.984273   0.000000   -0.001524 -0.005033 -0.000000
   C  -3.674702  -2.843309   0.000000   -0.006367 -0.005581 -0.000000
   C  -2.459684  -0.717096   0.000000   -0.010760 -0.002426  0.000000
   C  -1.217014   1.409829   0.000000   -0.006541  0.001054  0.000000
   C   0.018215   3.506481   0.000000    0.003322  0.004954 -0.000000
   C   1.242072   5.623387   0.000000    0.004755  0.009484 -0.000000
   C  -2.434619  -4.976856  -0.000000    0.001366 -0.008038 -0.000000
   C  -1.227200  -2.829375  -0.000000   -0.003894 -0.007694 -0.000000
   C  -0.000238  -0.704762  -0.000000   -0.011073 -0.003549  0.000000
   N   1.210142   1.393080   0.000000   -0.002345  0.002708  0.000000
   C   2.459524   3.501471   0.000000    0.008034  0.005235  0.000000
   C   3.677241   5.616866   0.000000    0.004162  0.006515  0.000000
   C   0.005325  -4.977648  -0.000000    0.007679 -0.010670 -0.000000
   C   1.210165  -2.833769  -0.000000   -0.001424 -0.010190 -0.000000
   C   2.421845  -0.700025  -0.000000   -0.011089 -0.002364  0.000000
   C   3.656793   1.393395   0.000000    0.004400  0.004800  0.000000
   C   4.908034   3.517781   0.000000    0.013812  0.006596  0.000000
   C   6.125119   5.649185   0.000000    0.001357  0.019696  0.000000
   C   2.451084  -4.955073  -0.000000    0.015974 -0.016557 -0.000000
   C   3.651104  -2.806430  -0.000000    0.003593 -0.016056 -0.000000
   C   4.841160  -0.730825   0.000000   -0.014729  0.001857  0.000000
   C   6.123104   1.372796   0.000000    0.009101  0.004587  0.000000
   C   7.324905   3.553014   0.000000    0.022603 -0.002411  0.000000
   C   4.884211  -4.927319  -0.000000    0.025768 -0.023582 -0.000000
   N   6.084481  -2.805863   0.000000    0.006679 -0.008951 -0.000000
   N   7.220698  -0.726812   0.000000   -0.010054 -0.006089  0.000000
   C   7.286423  -4.870606   0.000000   -0.001214  0.017611 -0.000000
   H   8.237415   5.497190   0.000000   -0.010914  0.000944  0.000000
   H   8.286618   3.057268   0.000000    0.027704  0.004159  0.000000
   H   8.237866   1.063043   0.000000    0.015330 -0.010526  0.000000
   H   8.088807  -1.218237   0.000000   -0.001541 -0.022625  0.000000
   H   8.184952  -2.924922   0.000000    0.025393  0.029471 -0.000000
   H   8.253779  -5.353688   0.000000    0.004602  0.028695 -0.000000
   H  -8.199395   5.556869   0.000000    0.002033 -0.011565 -0.000000
   H  -8.263000   3.119982   0.000000   -0.016431 -0.013430 -0.000000
   H  -8.265540   1.200194   0.000000   -0.011954  0.005474 -0.000000
   H  -8.271198  -1.193022   0.000000   -0.014303  0.000424  0.000000
   H  -8.280244  -3.114182   0.000000   -0.022050  0.027372  0.000000
   H  -8.216943  -5.549570   0.000000    0.000274  0.023915  0.000000
   H  -6.058835   6.772689   0.000000   -0.010344  0.004398 -0.000000
   H  -3.628354   6.736513   0.000000    0.000468  0.007191 -0.000000
   H  -1.182547   6.711522   0.000000    0.001998  0.003770 -0.000000
   H   1.246417   6.706344   0.000000    0.004880  0.010802 -0.000000
   H   3.671360   6.700785  -0.000000    0.000948  0.007560 -0.000000
   H   6.116243   6.732660  -0.000000    0.003755  0.021236 -0.000000
   H  -6.076584  -6.769203   0.000000   -0.018099  0.003537 -0.000000
   H  -3.639780  -6.738995   0.000000   -0.000225 -0.006949 -0.000000
   H  -1.199263  -6.732410  -0.000000    0.004952 -0.006496 -0.000000
   H   1.268198  -6.717710  -0.000000    0.009903 -0.009403 -0.000000
   H   3.724662  -6.694621  -0.000000    0.017072 -0.015706 -0.000000
   H   6.165289  -6.683252  -0.000000    0.041123 -0.029184 -0.000000
converged SCF energy = -3051.07756741388
--------------- RKS_Scanner gradients ---------------
         x                y                z
0 C     0.0018404017    -0.0016404018     0.0000000000
1 C    -0.0000207842     0.0003848392    -0.0000000000
2 C     0.0009905044     0.0006424012     0.0000000000
3 C    -0.0008046296    -0.0004428903     0.0000000000
4 C    -0.0024626564     0.0020950580    -0.0000000000
5 C    -0.0007735767    -0.0001786350    -0.0000000000
6 C     0.0001712989     0.0002558693     0.0000000000
7 C     0.0004499771     0.0001504425     0.0000000000
8 C    -0.0005910341    -0.0004024958    -0.0000000000
9 C    -0.0007274152    -0.0021591397     0.0000000000
10 C     0.0006283346     0.0006797276     0.0000000000
11 C    -0.0000277267     0.0002389148     0.0000000000
12 C     0.0000235838    -0.0002427655     0.0000000000
13 C     0.0001666486     0.0001508688    -0.0000000000
14 C    -0.0001565571    -0.0000283573     0.0000000000
15 C    -0.0015144130    -0.0010379162     0.0000000000
16 C     0.0011276049     0.0006602969     0.0000000000
17 C     0.0005019148     0.0006474462     0.0000000000
18 C     0.0005579403     0.0003558800    -0.0000000000
19 C    -0.0004007004    -0.0010218323    -0.0000000000
20 C     0.0006436869     0.0004907779    -0.0000000000
21 C    -0.0021549985    -0.0003679466    -0.0000000000
22 C     0.0002902122     0.0001378717     0.0000000000
23 C     0.0010831513     0.0006049325     0.0000000000
24 C     0.0011573353     0.0017274699     0.0000000000
25 C    -0.0012392089    -0.0015932358    -0.0000000000
26 C     0.0009449446    -0.0003504369    -0.0000000000
27 C    -0.0016795752    -0.0000058319     0.0000000000
28 C    -0.0009222190    -0.0000323313     0.0000000000
29 N    -0.0007065062     0.0003607222     0.0000000000
30 C     0.0008819918    -0.0012209810     0.0000000000
31 C    -0.0011280485    -0.0004513999    -0.0000000000
32 C    -0.0024913406    -0.0026114612     0.0000000000
33 C    -0.0008613255    -0.0001357260     0.0000000000
34 C    -0.0009407368    -0.0011042517     0.0000000000
35 C     0.0032547514    -0.0020777223    -0.0000000000
36 C     0.0005498248    -0.0006301283     0.0000000000
37 C    -0.0006437420    -0.0040641681    -0.0000000000
38 C     0.0029821873    -0.0001130858    -0.0000000000
39 C    -0.0022557998    -0.0006714128    -0.0000000000
40 C     0.0004427170     0.0017532705    -0.0000000000
41 C    -0.0000811841    -0.0002925708     0.0000000000
42 C    -0.0007477742     0.0002028112     0.0000000000
43 C    -0.0001397508     0.0001865306    -0.0000000000
44 C     0.0002842326     0.0007339085     0.0000000000
45 C     0.0029792107     0.0011096285    -0.0000000000
46 C     0.0002718247    -0.0012594281     0.0000000000
47 C     0.0002116398    -0.0001869175    -0.0000000000
48 C    -0.0003293222     0.0000736794    -0.0000000000
49 C     0.0000673867    -0.0002045091    -0.0000000000
50 C    -0.0001797860     0.0004983498     0.0000000000
51 C     0.0008856927     0.0000616925    -0.0000000000
52 C    -0.0006168848    -0.0007779957    -0.0000000000
53 C     0.0000525982    -0.0001482591    -0.0000000000
54 C     0.0001410700     0.0003603294     0.0000000000
55 C     0.0003320789    -0.0001997046     0.0000000000
56 C    -0.0006256898    -0.0001597822     0.0000000000
57 C     0.0009059769     0.0002098002    -0.0000000000
58 C    -0.0001806904    -0.0008873966    -0.0000000000
59 C    -0.0008461128     0.0000888558    -0.0000000000
60 N    -0.0000576401     0.0002921616    -0.0000000000
61 C    -0.0000065244     0.0004350295     0.0000000000
62 C    -0.0005464678     0.0005748636    -0.0000000000
63 C     0.0009303138     0.0004380968     0.0000000000
64 C     0.0008667719    -0.0009270480    -0.0000000000
65 C     0.0004530335    -0.0021948589    -0.0000000000
66 C    -0.0012178321    -0.0001661070    -0.0000000000
67 C     0.0007861318     0.0006883362     0.0000000000
68 C    -0.0007387758     0.0025806813    -0.0000000000
69 C     0.0008276702     0.0001973509    -0.0000000000
70 C     0.0016972879     0.0005531017    -0.0000000000
71 C    -0.0005494778     0.0009505545     0.0000000000
72 C     0.0012660822    -0.0007449872    -0.0000000000
73 C     0.0017744693    -0.0000532824    -0.0000000000
74 C     0.0015062799     0.0010822874    -0.0000000000
75 N    -0.0001115197     0.0015914155     0.0000000000
76 N     0.0003153031     0.0037366324    -0.0000000000
77 C    -0.0037817967     0.0030612983     0.0000000000
78 H    -0.0005792628    -0.0001184178     0.0000000000
79 H     0.0000208968    -0.0004072893     0.0000000000
80 H    -0.0001474590     0.0001821881    -0.0000000000
81 H    -0.0010154255     0.0012748938     0.0000000000
82 H    -0.0006325529    -0.0013059613     0.0000000000
83 H    -0.0009032013    -0.0000127033    -0.0000000000
84 H     0.0003938559    -0.0002266599    -0.0000000000
85 H    -0.0000906699    -0.0003271840     0.0000000000
86 H     0.0000775845    -0.0000176346     0.0000000000
87 H     0.0000722204    -0.0000446532    -0.0000000000
88 H    -0.0001920113     0.0003576607     0.0000000000
89 H     0.0004099762     0.0003214189    -0.0000000000
90 H     0.0000627678     0.0000573138    -0.0000000000
91 H    -0.0000988735    -0.0000696061    -0.0000000000
92 H    -0.0001484155    -0.0001257720    -0.0000000000
93 H    -0.0000083247    -0.0002599291    -0.0000000000
94 H     0.0001577686    -0.0000847551     0.0000000000
95 H     0.0000444476     0.0001991182    -0.0000000000
96 H     0.0001919908    -0.0001199969    -0.0000000000
97 H     0.0000335669     0.0000177721    -0.0000000000
98 H     0.0000604147     0.0001627043     0.0000000000
99 H     0.0000633171     0.0002763715     0.0000000000
100 H     0.0000854707     0.0002777317    -0.0000000000
101 H     0.0001303708    -0.0002738478     0.0000000000
----------------------------------------------
cycle 4: E = -3051.07756741  dE = -0.00323022  norm(grad) = 0.0149429

Geometry optimization cycle 5
Cartesian coordinates (Angstrom)
 Atom        New coordinates             dX        dY        dZ
   C  -7.275496   5.021658   0.000000   -0.010216  0.013626  0.000000
   C  -7.319686   0.687989   0.000000   -0.005239  0.000620 -0.000000
   C  -6.130689   2.874005   0.000000   -0.003989  0.003158  0.000000
   C  -4.853538   4.984459   0.000000    0.000700  0.000457  0.000000
   C  -7.320226  -3.624219   0.000000   -0.000811 -0.015824 -0.000000
   C  -6.140869  -1.423882   0.000000   -0.007483 -0.001999 -0.000000
   C  -4.913447   0.708004   0.000000   -0.005954  0.000221  0.000000
   C  -3.668514   2.836585   0.000000   -0.001787  0.000684  0.000000
   C  -2.413936   4.970752   0.000000    0.004264  0.001925  0.000000
   C  -6.098750  -5.682879   0.000000   -0.005184  0.002634 -0.000000
   C  -4.906108  -3.558893   0.000000   -0.006046 -0.001233 -0.000000
   C  -3.683305  -1.423148   0.000000   -0.008050 -0.001262  0.000000
   C  -2.459483   0.704370   0.000000   -0.006118  0.000075  0.000000
   C  -1.224597   2.826894   0.000000   -0.000064  0.002186  0.000000
   C   0.032561   4.956131   0.000000    0.008147  0.004581  0.000000
   C  -3.644348  -5.652793   0.000000   -0.000022  0.001756  0.000000
   C  -2.454510  -3.542990   0.000000   -0.006548 -0.004264  0.000000
   C  -1.240176  -1.416444   0.000000   -0.010297 -0.003518  0.000000
   C  -0.006961   0.711062   0.000000   -0.007799 -0.000242  0.000000
   C   1.225997   2.803621   0.000000    0.001700  0.004460  0.000000
   C   2.455590   4.944457   0.000000    0.008604  0.001731  0.000000
   C  -1.194375  -5.651563   0.000000    0.005962 -0.003129  0.000000
   C  -0.001188  -3.543203   0.000000   -0.006357 -0.006209  0.000000
   C   1.195790  -1.425324   0.000000   -0.013786 -0.003107  0.000000
   C   2.412747   0.694762   0.000000   -0.008429  0.002353  0.000000
   C   3.686576   2.825324   0.000000    0.005068  0.003719  0.000000
   C   4.901211   4.948570   0.000000    0.013322 -0.003213  0.000000
   C   1.263001  -5.639763   0.000000    0.010797 -0.005490  0.000000
   C   2.452312  -3.526870   0.000000   -0.007025 -0.006810  0.000000
   N   3.612869  -1.398727   0.000000   -0.017974 -0.001039  0.000000
   C   4.837715   0.689776   0.000000   -0.007989  0.004772  0.000000
   C   6.159921   2.829297   0.000000    0.009570 -0.000268 -0.000000
   C   7.325467   4.958650  -0.000000    0.027355  0.001354 -0.000000
   C   3.717082  -5.616111   0.000000    0.017474 -0.004124  0.000000
   C   4.874655  -3.493892   0.000000   -0.008971 -0.001665  0.000000
   C   6.006548  -1.432000   0.000000   -0.026450 -0.002012  0.000000
   C   7.239718   0.614887   0.000000   -0.010341 -0.015013 -0.000000
   C   6.177012  -5.575546   0.000000    0.031167  0.026049  0.000000
   C   7.264411  -3.456694   0.000000   -0.002010  0.019696  0.000000
   C  -7.299333   3.624274   0.000000    0.001538  0.012706  0.000000
   C  -6.079960   5.687777   0.000000   -0.001543 -0.001425  0.000000
   C  -7.324646  -0.683896   0.000000   -0.006649  0.000223 -0.000000
   C  -6.131925   1.421699   0.000000   -0.005306  0.001861  0.000000
   C  -4.885003   3.552811   0.000000   -0.001777  0.000438  0.000000
   C  -3.632563   5.651293   0.000000    0.002030 -0.000960  0.000000
   C  -7.299525  -5.016600   0.000000   -0.016621 -0.016192 -0.000000
   C  -6.145484  -2.876004   0.000000   -0.007247 -0.003456 -0.000000
   C  -4.919463  -0.714368   0.000000   -0.007806 -0.000571  0.000000
   C  -3.671695   1.412269   0.000000   -0.005366  0.000335  0.000000
   C  -2.437326   3.532475   0.000000   -0.000823  0.001614  0.000000
   C  -1.187753   5.628788   0.000000    0.005908  0.000938  0.000000
   C  -4.875222  -4.984704   0.000000   -0.003124 -0.000431 -0.000000
   C  -3.680224  -2.844728   0.000000   -0.005522 -0.001419  0.000000
   C  -2.468324  -0.717692   0.000000   -0.008640 -0.000596  0.000000
   C  -1.223550   1.410851   0.000000   -0.006536  0.001022  0.000000
   C   0.019137   3.510651   0.000000    0.000922  0.004170  0.000000
   C   1.251820   5.628374   0.000000    0.009748  0.004987  0.000000
   C  -2.431827  -4.980999   0.000000    0.002792 -0.004143  0.000000
   C  -1.233511  -2.833306   0.000000   -0.006311 -0.003931  0.000000
   C  -0.011690  -0.706257   0.000000   -0.011452 -0.001495  0.000000
   N   1.202632   1.396010   0.000000   -0.007511  0.002930  0.000000
   C   2.463805   3.503815   0.000000    0.004281  0.002343  0.000000
   C   3.689720   5.614122   0.000000    0.012479 -0.002744  0.000000
   C   0.012730  -4.984719   0.000000    0.007405 -0.007072  0.000000
   C   1.202217  -2.837896   0.000000   -0.007949 -0.004127  0.000000
   C   2.405645  -0.697836   0.000000   -0.016200  0.002189  0.000000
   C   3.650324   1.397564   0.000000   -0.006469  0.004169  0.000000
   C   4.916257   3.515828   0.000000    0.008222 -0.001953  0.000000
   C   6.144349   5.638138  -0.000000    0.019230 -0.011047 -0.000000
   C   2.463285  -4.963271   0.000000    0.012201 -0.008199  0.000000
   C   3.639746  -2.809009   0.000000   -0.011358 -0.002579  0.000000
   C   4.820462  -0.726835   0.000000   -0.020698  0.003991  0.000000
   C   6.118523   1.371374   0.000000   -0.004580 -0.001422  0.000000
   C   7.336043   3.552742  -0.000000    0.011138 -0.000272 -0.000000
   C   4.900081  -4.926549   0.000000    0.015870  0.000769  0.000000
   N   6.071553  -2.805712   0.000000   -0.012928  0.000150  0.000000
   N   7.201882  -0.744621   0.000000   -0.018816 -0.017809  0.000000
   C   7.324171  -4.851491   0.000000    0.037748  0.019115  0.000000
   H   8.266412   5.497453  -0.000000    0.028997  0.000264 -0.000000
   H   8.295769   3.052834  -0.000000    0.009151 -0.004434 -0.000000
   H   8.231826   1.039566   0.000000   -0.006040 -0.023477 -0.000000
   H   8.069186  -1.250993   0.000000   -0.019622 -0.032756 -0.000000
   H   8.169536  -2.878015   0.000000   -0.015416  0.046907  0.000000
   H   8.298950  -5.322282   0.000000    0.045171  0.031406 -0.000000
   H  -8.209297   5.572649   0.000000   -0.009902  0.015780  0.000000
   H  -8.262095   3.133595   0.000000    0.000905  0.013614 -0.000000
   H  -8.271082   1.201217   0.000000   -0.005542  0.001022 -0.000000
   H  -8.279002  -1.191541  -0.000000   -0.007804  0.001481 -0.000000
   H  -8.281260  -3.130247  -0.000000   -0.001016 -0.016066 -0.000000
   H  -8.233016  -5.568415  -0.000000   -0.016074 -0.018846 -0.000000
   H  -6.054570   6.771394   0.000000    0.004264 -0.001295  0.000000
   H  -3.626263   6.735951   0.000000    0.002091 -0.000563  0.000000
   H  -1.176577   6.712936   0.000000    0.005971  0.001414  0.000000
   H   1.257718   6.712105   0.000000    0.011301  0.005761  0.000000
   H   3.684863   6.698490   0.000000    0.013503 -0.002295  0.000000
   H   6.132414   6.721749  -0.000000    0.016170 -0.010911 -0.000000
   H  -6.075207  -6.766570   0.000000    0.001377  0.002633 -0.000000
   H  -3.641076  -6.737523   0.000000   -0.001296  0.001472  0.000000
   H  -1.194205  -6.736039  -0.000000    0.005059 -0.003629  0.000000
   H   1.278773  -6.723886  -0.000000    0.010575 -0.006176  0.000000
   H   3.746000  -6.699364  -0.000000    0.021338 -0.004743  0.000000
   H   6.202338  -6.657261  -0.000000    0.037049  0.025991  0.000000
converged SCF energy = -3051.07720552358
--------------- RKS_Scanner gradients ---------------
         x                y                z
0 C    -0.0034668342     0.0016456838    -0.0000000000
1 C     0.0002009620    -0.0000936523     0.0000000000
2 C    -0.0000432350    -0.0012335697     0.0000000000
3 C     0.0007535708     0.0010275363    -0.0000000000
4 C     0.0031046544    -0.0017217440     0.0000000000
5 C     0.0003501937    -0.0000625430     0.0000000000
6 C     0.0004398180    -0.0001130173    -0.0000000000
7 C     0.0006198390    -0.0000027664    -0.0000000000
8 C     0.0006879879     0.0005625284     0.0000000000
9 C    -0.0005583280     0.0040022262     0.0000000000
10 C    -0.0004651093     0.0002229598     0.0000000000
11 C    -0.0005959354    -0.0000122188    -0.0000000000
12 C     0.0002929906    -0.0003122008    -0.0000000000
13 C     0.0010105415     0.0002637855     0.0000000000
14 C     0.0015420067     0.0003936714    -0.0000000000
15 C    -0.0009428857     0.0016878001    -0.0000000000
16 C    -0.0011226770    -0.0004714635     0.0000000000
17 C    -0.0003352589    -0.0001430550     0.0000000000
18 C     0.0001250714    -0.0007242404     0.0000000000
19 C     0.0018411203     0.0006308333     0.0000000000
20 C     0.0004772444    -0.0000205613    -0.0000000000
21 C    -0.0008323456     0.0014818943    -0.0000000000
22 C    -0.0020780742    -0.0008371951     0.0000000000
23 C    -0.0008013008    -0.0004689492     0.0000000000
24 C     0.0017339369     0.0018807590    -0.0000000000
25 C     0.0011963588     0.0002366812     0.0000000000
26 C     0.0004129877     0.0005958386     0.0000000000
27 C    -0.0007258371     0.0016723290    -0.0000000000
28 C    -0.0032388362    -0.0009412962     0.0000000000
29 N    -0.0018878461    -0.0009470015    -0.0000000000
30 C     0.0025964899     0.0000449548     0.0000000000
31 C     0.0003916151    -0.0000610778     0.0000000000
32 C     0.0034082344     0.0011322234    -0.0000000000
33 C    -0.0009311737     0.0011808138    -0.0000000000
34 C    -0.0038823442    -0.0015320049    -0.0000000000
35 C    -0.0025601826    -0.0028371033     0.0000000000
36 C     0.0000802597     0.0000638463     0.0000000000
37 C    -0.0011818200     0.0031636465     0.0000000000
38 C    -0.0026736996    -0.0013267230     0.0000000000
39 C     0.0021518485     0.0018275635    -0.0000000000
40 C     0.0002323813    -0.0029110990    -0.0000000000
41 C     0.0000244092     0.0000702437    -0.0000000000
42 C     0.0000780910     0.0001120993    -0.0000000000
43 C    -0.0006761341    -0.0000529511     0.0000000000
44 C     0.0001174754    -0.0007979410     0.0000000000
45 C    -0.0041175320    -0.0027819893    -0.0000000000
46 C    -0.0006452757     0.0013613944    -0.0000000000
47 C     0.0001246708     0.0003644853     0.0000000000
48 C    -0.0007619917     0.0000699794     0.0000000000
49 C    -0.0008342474    -0.0000367323     0.0000000000
50 C    -0.0000056350    -0.0008448959    -0.0000000000
51 C     0.0020312206    -0.0017389866    -0.0000000000
52 C    -0.0000398196    -0.0000469490     0.0000000000
53 C    -0.0004187726     0.0004814900     0.0000000000
54 C    -0.0012246311    -0.0000083130    -0.0000000000
55 C    -0.0013691919     0.0002891816    -0.0000000000
56 C    -0.0000579530     0.0003307296     0.0000000000
57 C     0.0025908147    -0.0012882111     0.0000000000
58 C     0.0007003689    -0.0002483404    -0.0000000000
59 C    -0.0014642442     0.0003511050    -0.0000000000
60 N    -0.0011594277     0.0005081493    -0.0000000000
61 C    -0.0003636537    -0.0001467605     0.0000000000
62 C    -0.0009185888    -0.0007469973    -0.0000000000
63 C     0.0025243781    -0.0012620555     0.0000000000
64 C     0.0011871052     0.0000856369    -0.0000000000
65 C    -0.0012442200    -0.0006723338     0.0000000000
66 C    -0.0021580926     0.0002541993     0.0000000000
67 C     0.0004223016     0.0001130791    -0.0000000000
68 C    -0.0007948891    -0.0024284380     0.0000000000
69 C     0.0030017492    -0.0015991677     0.0000000000
70 C     0.0013315726    -0.0002804603     0.0000000000
71 C    -0.0032635031     0.0038194316    -0.0000000000
72 C    -0.0022024909     0.0018168800    -0.0000000000
73 C    -0.0008705523     0.0018293144    -0.0000000000
74 C     0.0028395350    -0.0016736904    -0.0000000000
75 N     0.0020922191     0.0020935915    -0.0000000000
76 N    -0.0029712734    -0.0012664900     0.0000000000
77 C     0.0049625697    -0.0021790888    -0.0000000000
78 H     0.0005668666     0.0003094420     0.0000000000
79 H     0.0000419170     0.0003885218     0.0000000000
80 H     0.0001632938     0.0000056141    -0.0000000000
81 H     0.0048018116    -0.0037977011    -0.0000000000
82 H     0.0009688806     0.0021015731    -0.0000000000
83 H     0.0008472321    -0.0002621734     0.0000000000
84 H    -0.0005786341     0.0003561406    -0.0000000000
85 H     0.0001050960     0.0003455301     0.0000000000
86 H    -0.0001227580    -0.0000271807    -0.0000000000
87 H    -0.0001024531     0.0000298778     0.0000000000
88 H     0.0001812856    -0.0005176711    -0.0000000000
89 H    -0.0007389485    -0.0003931957    -0.0000000000
90 H    -0.0001748997    -0.0001899988    -0.0000000000
91 H     0.0000643715     0.0000820078    -0.0000000000
92 H     0.0001426910     0.0000773786    -0.0000000000
93 H     0.0001391457     0.0003340037    -0.0000000000
94 H     0.0000878403     0.0001069225    -0.0000000000
95 H     0.0001729200    -0.0001540708    -0.0000000000
96 H    -0.0001495164     0.0003410224    -0.0000000000
97 H     0.0002275815     0.0000544872     0.0000000000
98 H     0.0003517773    -0.0000311711     0.0000000000
99 H     0.0004209033    -0.0000704467     0.0000000000
100 H     0.0004456331    -0.0001387058    -0.0000000000
101 H     0.0003024226     0.0002389544     0.0000000000
----------------------------------------------
cycle 5: E = -3051.07720552  dE = 0.00036189  norm(grad) = 0.0206399

Geometry optimization cycle 6
Cartesian coordinates (Angstrom)
 Atom        New coordinates             dX        dY        dZ
   C  -7.268322   5.014844   0.000000    0.007174 -0.006814  0.000000
   C  -7.315987   0.687072   0.000000    0.003699 -0.000917  0.000000
   C  -6.128114   2.871813   0.000000    0.002575 -0.002192  0.000000
   C  -4.853284   4.983910   0.000000    0.000254 -0.000549  0.000000
   C  -7.317895  -3.617693   0.000000    0.002332  0.006527 -0.000000
   C  -6.135719  -1.423210   0.000000    0.005151  0.000672  0.000000
   C  -4.909427   0.707373   0.000000    0.004020 -0.000630  0.000000
   C  -3.667310   2.835896   0.000000    0.001204 -0.000689  0.000000
   C  -2.415459   4.969854   0.000000   -0.001523 -0.000898  0.000000
   C  -6.094035  -5.686856   0.000000    0.004715 -0.003977 -0.000000
   C  -4.902301  -3.558617   0.000000    0.003807  0.000276 -0.000000
   C  -3.677878  -1.422532   0.000000    0.005427  0.000616  0.000000
   C  -2.455471   0.704320   0.000000    0.004012 -0.000050  0.000000
   C  -1.224644   2.825481   0.000000   -0.000047 -0.001413  0.000000
   C   0.028258   4.953708   0.000000   -0.004303 -0.002423  0.000000
   C  -3.643494  -5.653431   0.000000    0.000854 -0.000638 -0.000000
   C  -2.450896  -3.540577   0.000000    0.003614  0.002413 -0.000000
   C  -1.233899  -1.414486   0.000000    0.006277  0.001958 -0.000000
   C  -0.002694   0.711045   0.000000    0.004267 -0.000017  0.000000
   C   1.224855   2.801382   0.000000   -0.001142 -0.002239  0.000000
   C   2.450776   4.942910   0.000000   -0.004814 -0.001547  0.000000
   C  -1.197075  -5.650251   0.000000   -0.002700  0.001313 -0.000000
   C   0.002316  -3.539185   0.000000    0.003504  0.004019 -0.000000
   C   1.203689  -1.422974   0.000000    0.007899  0.002350  0.000000
   C   2.416378   0.693181   0.000000    0.003631 -0.001581  0.000000
   C   3.684164   2.823862   0.000000   -0.002413 -0.001462  0.000000
   C   4.894267   4.949340   0.000000   -0.006943  0.000770  0.000000
   C   1.256577  -5.637628   0.000000   -0.006424  0.002134 -0.000000
   C   2.456151  -3.521711   0.000000    0.003839  0.005159  0.000000
   N   3.623222  -1.396871   0.000000    0.010353  0.001857  0.000000
   C   4.840638   0.687769   0.000000    0.002922 -0.002007  0.000000
   C   6.155403   2.829436   0.000000   -0.004518  0.000139  0.000000
   C   7.313203   4.958348  -0.000000   -0.012264 -0.000301 -0.000000
   C   3.705540  -5.613330   0.000000   -0.011542  0.002781  0.000000
   C   4.878902  -3.490159   0.000000    0.004247  0.003734  0.000000
   C   6.019484  -1.429817   0.000000    0.012936  0.002183  0.000000
   C   7.243806   0.621660   0.000000    0.004088  0.006773  0.000000
   C   6.158575  -5.583250   0.000000   -0.018438 -0.007703  0.000000
   C   7.265161  -3.464791   0.000000    0.000750 -0.008097  0.000000
   C  -7.298716   3.617598   0.000000    0.000617 -0.006676  0.000000
   C  -6.077959   5.689459   0.000000    0.002001  0.001682  0.000000
   C  -7.320039  -0.684491   0.000000    0.004607 -0.000596  0.000000
   C  -6.128057   1.420077   0.000000    0.003868 -0.001623  0.000000
   C  -4.883482   3.552147   0.000000    0.001520 -0.000664  0.000000
   C  -3.633181   5.651278   0.000000   -0.000618 -0.000015  0.000000
   C  -7.288508  -5.009685  -0.000000    0.011018  0.006915 -0.000000
   C  -6.140708  -2.874574   0.000000    0.004776  0.001430 -0.000000
   C  -4.914377  -0.714432   0.000000    0.005086 -0.000064  0.000000
   C  -3.667877   1.411765   0.000000    0.003818 -0.000504  0.000000
   C  -2.436580   3.531658   0.000000    0.000745 -0.000817  0.000000
   C  -1.190359   5.628740   0.000000   -0.002606 -0.000048  0.000000
   C  -4.873670  -4.984622   0.000000    0.001552  0.000082 -0.000000
   C  -3.676591  -2.843738   0.000000    0.003633  0.000990 -0.000000
   C  -2.462725  -0.717338   0.000000    0.005600  0.000354  0.000000
   C  -1.219524   1.410111   0.000000    0.004026 -0.000740  0.000000
   C   0.018603   3.508466   0.000000   -0.000534 -0.002185  0.000000
   C   1.246978   5.625711   0.000000   -0.004843 -0.002663  0.000000
   C  -2.433537  -4.978471   0.000000   -0.001710  0.002528 -0.000000
   C  -1.230086  -2.830578   0.000000    0.003425  0.002728 -0.000000
   C  -0.004407  -0.705438   0.000000    0.007283  0.000819  0.000000
   N   1.206465   1.394348   0.000000    0.003833 -0.001661  0.000000
   C   2.461587   3.502233   0.000000   -0.002218 -0.001582  0.000000
   C   3.683534   5.614658   0.000000   -0.006186  0.000536  0.000000
   C   0.007857  -4.980612   0.000000   -0.004873  0.004107 -0.000000
   C   1.205915  -2.834450   0.000000    0.003698  0.003446  0.000000
   C   2.414779  -0.697630   0.000000    0.009135  0.000206  0.000000
   C   3.653686   1.395716   0.000000    0.003362 -0.001848  0.000000
   C   4.911882   3.516163   0.000000   -0.004374  0.000335  0.000000
   C   6.135401   5.642055  -0.000000   -0.008947  0.003917 -0.000000
   C   2.454262  -4.957611   0.000000   -0.009023  0.005661  0.000000
   C   3.644632  -2.805839   0.000000    0.004886  0.003170  0.000000
   C   4.832137  -0.729000   0.000000    0.011676 -0.002165  0.000000
   C   6.120190   1.371995   0.000000    0.001667  0.000621  0.000000
   C   7.330285   3.552553  -0.000000   -0.005758 -0.000189  0.000000
   C   4.887577  -4.923847   0.000000   -0.012504  0.002703  0.000000
   N   6.077638  -2.805589   0.000000    0.006085  0.000123  0.000000
   N   7.211409  -0.736817   0.000000    0.009527  0.007804  0.000000
   C   7.304715  -4.859800   0.000000   -0.019456 -0.008309  0.000000
   H   8.253597   5.497294  -0.000000   -0.012815 -0.000159 -0.000000
   H   8.290914   3.054497  -0.000000   -0.004855  0.001663 -0.000000
   H   8.233985   1.050230   0.000000    0.002158  0.010665  0.000000
   H   8.077562  -1.235777   0.000000    0.008377  0.015216  0.000000
   H   8.176595  -2.898669   0.000000    0.007060 -0.020654  0.000000
   H   8.275568  -5.337407   0.000000   -0.023382 -0.015125  0.000000
   H  -8.202443   5.564413   0.000000    0.006854 -0.008236  0.000000
   H  -8.261573   3.127122   0.000000    0.000522 -0.006473  0.000000
   H  -8.267210   1.200268   0.000000    0.003872 -0.000949  0.000000
   H  -8.273783  -1.192942   0.000000    0.005219 -0.001401  0.000000
   H  -8.279227  -3.124168  -0.000000    0.002033  0.006079 -0.000000
   H  -8.222274  -5.559996  -0.000000    0.010743  0.008419 -0.000000
   H  -6.055140   6.773132   0.000000   -0.000570  0.001738  0.000000
   H  -3.626872   6.735786   0.000000   -0.000609 -0.000165  0.000000
   H  -1.178792   6.712738   0.000000   -0.002215 -0.000199  0.000000
   H   1.252172   6.709136   0.000000   -0.005546 -0.002969  0.000000
   H   3.677541   6.698851   0.000000   -0.007322  0.000362  0.000000
   H   6.123860   6.725619  -0.000000   -0.008553  0.003870 -0.000000
   H  -6.073320  -6.770692  -0.000000    0.001887 -0.004122 -0.000000
   H  -3.639536  -6.738092   0.000000    0.001540 -0.000569 -0.000000
   H  -1.196910  -6.734615  -0.000000   -0.002706  0.001424 -0.000000
   H   1.272182  -6.721618  -0.000000   -0.006591  0.002268 -0.000000
   H   3.732255  -6.696451  -0.000000   -0.013744  0.002913  0.000000
   H   6.178782  -6.665030   0.000000   -0.023555 -0.007769  0.000000
converged SCF energy = -3051.07794220475
--------------- RKS_Scanner gradients ---------------
         x                y                z
0 C    -0.0003718143    -0.0000190335    -0.0000000000
1 C     0.0000481225     0.0000424802     0.0000000000
2 C     0.0000667622    -0.0002417211     0.0000000000
3 C    -0.0001606647     0.0001700639    -0.0000000000
4 C     0.0004592233     0.0000911963    -0.0000000000
5 C     0.0000286514    -0.0000608573     0.0000000000
6 C     0.0001397312    -0.0000261315     0.0000000000
7 C     0.0002450909    -0.0000718609    -0.0000000000
8 C     0.0002211847     0.0001617861     0.0000000000
9 C    -0.0002712115     0.0001256356    -0.0000000000
10 C     0.0001899930     0.0002922425    -0.0000000000
11 C    -0.0000593215     0.0000808894     0.0000000000
12 C     0.0001944442    -0.0001583018    -0.0000000000
13 C     0.0002194741     0.0000555138    -0.0000000000
14 C     0.0004260331     0.0000347530    -0.0000000000
15 C    -0.0007552225     0.0003353481    -0.0000000000
16 C    -0.0001078920    -0.0000080453     0.0000000000
17 C     0.0001494942     0.0001734554     0.0000000000
18 C     0.0001191208    -0.0002880867    -0.0000000000
19 C     0.0003675034     0.0000296567     0.0000000000
20 C     0.0001078137     0.0000191821     0.0000000000
21 C    -0.0006884289     0.0001502058    -0.0000000000
22 C    -0.0005032953    -0.0001752044     0.0000000000
23 C     0.0002154919     0.0000751700     0.0000000000
24 C     0.0007692887     0.0007066747    -0.0000000000
25 C     0.0002642727     0.0000044408     0.0000000000
26 C     0.0001401145     0.0001873656     0.0000000000
27 C    -0.0005737925    -0.0000826399    -0.0000000000
28 C    -0.0008811181    -0.0000287280    -0.0000000000
29 N    -0.0001410993     0.0000900209    -0.0000000000
30 C     0.0007579645    -0.0007023299    -0.0000000000
31 C     0.0000366525     0.0000014991     0.0000000000
32 C     0.0008752787     0.0001048937     0.0000000000
33 C    -0.0007054524    -0.0001656873    -0.0000000000
34 C    -0.0011942354    -0.0003790566    -0.0000000000
35 C    -0.0004443490    -0.0014499384    -0.0000000000
36 C    -0.0003085190    -0.0001651169     0.0000000000
37 C    -0.0006634466     0.0008955608    -0.0000000000
38 C    -0.0002180635    -0.0003105341     0.0000000000
39 C     0.0002053137     0.0003181769    -0.0000000000
40 C     0.0002286706    -0.0001333670     0.0000000000
41 C     0.0000404667     0.0000107537    -0.0000000000
42 C    -0.0000545568     0.0000475211    -0.0000000000
43 C    -0.0001912288    -0.0000184690    -0.0000000000
44 C     0.0000298017    -0.0002039725     0.0000000000
45 C    -0.0001819402    -0.0004087632     0.0000000000
46 C    -0.0003332710     0.0000969587    -0.0000000000
47 C     0.0000648416     0.0000570768    -0.0000000000
48 C    -0.0002295825     0.0000489758     0.0000000000
49 C    -0.0003283539    -0.0000393925     0.0000000000
50 C    -0.0000486457    -0.0000842270    -0.0000000000
51 C     0.0004328672    -0.0003671821     0.0000000000
52 C    -0.0002464302    -0.0000673172    -0.0000000000
53 C    -0.0000824792     0.0001187773    -0.0000000000
54 C    -0.0002725244     0.0000604261     0.0000000000
55 C    -0.0003935631     0.0000592868     0.0000000000
56 C    -0.0002065684     0.0001298949     0.0000000000
57 C     0.0010347328    -0.0002984571    -0.0000000000
58 C     0.0000614763    -0.0001801413    -0.0000000000
59 C    -0.0004744416     0.0000239136    -0.0000000000
60 N    -0.0003729906     0.0001986448     0.0000000000
61 C    -0.0000054903    -0.0000687974    -0.0000000000
62 C    -0.0004231482    -0.0002462650    -0.0000000000
63 C     0.0009042403    -0.0000687236    -0.0000000000
64 C     0.0005319245    -0.0000498796    -0.0000000000
65 C    -0.0002307706    -0.0006945512    -0.0000000000
66 C    -0.0012007836     0.0001360525     0.0000000000
67 C     0.0003290750    -0.0000168687    -0.0000000000
68 C    -0.0004084338    -0.0006768952    -0.0000000000
69 C     0.0006507075     0.0000409394     0.0000000000
70 C     0.0006690554    -0.0001737793     0.0000000000
71 C    -0.0008730794     0.0013202326     0.0000000000
72 C    -0.0004619353     0.0007133415    -0.0000000000
73 C    -0.0001784422     0.0005159606     0.0000000000
74 C     0.0002180045    -0.0000156535     0.0000000000
75 N     0.0011418849     0.0011999850    -0.0000000000
76 N    -0.0002209347    -0.0001607823    -0.0000000000
77 C     0.0009304339    -0.0003889192    -0.0000000000
78 H     0.0001104146     0.0000844484    -0.0000000000
79 H     0.0000383797     0.0000560205    -0.0000000000
80 H     0.0000495057     0.0000123235     0.0000000000
81 H     0.0008519022    -0.0008060686    -0.0000000000
82 H     0.0002598735     0.0005228796    -0.0000000000
83 H     0.0001840409    -0.0000155927    -0.0000000000
84 H    -0.0000285943     0.0000558632    -0.0000000000
85 H    -0.0000200738    -0.0000253934     0.0000000000
86 H    -0.0000580352    -0.0000007438     0.0000000000
87 H    -0.0000417347    -0.0000001727    -0.0000000000
88 H    -0.0000337207    -0.0000190329    -0.0000000000
89 H    -0.0000441131    -0.0000373039    -0.0000000000
90 H    -0.0000305644     0.0000651033    -0.0000000000
91 H     0.0000093967     0.0000271578    -0.0000000000
92 H     0.0000364959     0.0000556339    -0.0000000000
93 H     0.0000435775     0.0000988193    -0.0000000000
94 H     0.0000412217     0.0000332484    -0.0000000000
95 H     0.0000652667    -0.0000225333    -0.0000000000
96 H     0.0000124811    -0.0000820058    -0.0000000000
97 H     0.0000903778    -0.0000171386     0.0000000000
98 H     0.0001277319    -0.0000662038     0.0000000000
99 H     0.0001129129    -0.0001206460    -0.0000000000
100 H     0.0000898994    -0.0001124074    -0.0000000000
101 H     0.0000489628     0.0000700378     0.0000000000
----------------------------------------------
cycle 6: E = -3051.0779422  dE = -0.000736681  norm(grad) = 0.0055233

Geometry optimization cycle 7
Cartesian coordinates (Angstrom)
 Atom        New coordinates             dX        dY        dZ
   C  -7.269108   5.013552   0.000000   -0.000787 -0.001292  0.000000
   C  -7.314680   0.686879   0.000000    0.001308 -0.000192 -0.000000
   C  -6.127321   2.871612   0.000000    0.000793 -0.000201 -0.000000
   C  -4.852733   4.983555   0.000000    0.000552 -0.000354 -0.000000
   C  -7.317159  -3.615804   0.000000    0.000736  0.001889  0.000000
   C  -6.134169  -1.422708   0.000000    0.001550  0.000503  0.000000
   C  -4.908219   0.707552   0.000000    0.001208  0.000179 -0.000000
   C  -3.666780   2.835859   0.000000    0.000530 -0.000037 -0.000000
   C  -2.416168   4.969514   0.000000   -0.000709 -0.000340 -0.000000
   C  -6.093819  -5.683040   0.000000    0.000216  0.003816  0.000000
   C  -4.900880  -3.557967   0.000000    0.001420  0.000649  0.000000
   C  -3.676362  -1.422031   0.000000    0.001516  0.000501  0.000000
   C  -2.454262   0.704601   0.000000    0.001210  0.000281 -0.000000
   C  -1.224382   2.825060   0.000000    0.000262 -0.000422 -0.000000
   C   0.027063   4.952639   0.000000   -0.001195 -0.001069  0.000000
   C  -3.642295  -5.653581   0.000000    0.001199 -0.000150  0.000000
   C  -2.449505  -3.539383   0.000000    0.001391  0.001194  0.000000
   C  -1.232263  -1.413734   0.000000    0.001636  0.000752 -0.000000
   C  -0.001114   0.711330   0.000000    0.001580  0.000285 -0.000000
   C   1.224823   2.800581   0.000000   -0.000032 -0.000801  0.000000
   C   2.450068   4.942606   0.000000   -0.000708 -0.000304  0.000000
   C  -1.196572  -5.648520   0.000000    0.000502  0.001731  0.000000
   C   0.003909  -3.537550   0.000000    0.001593  0.001635  0.000000
   C   1.205672  -1.422466   0.000000    0.001983  0.000508 -0.000000
   C   2.417818   0.692357   0.000000    0.001441 -0.000824  0.000000
   C   3.683291   2.823288   0.000000   -0.000873 -0.000574  0.000000
   C   4.892467   4.950211   0.000000   -0.001800  0.000871  0.000000
   C   1.257245  -5.634917   0.000000    0.000669  0.002712  0.000000
   C   2.458193  -3.520927   0.000000    0.002042  0.000785  0.000000
   N   3.625975  -1.397293   0.000000    0.002753 -0.000422  0.000000
   C   4.842110   0.687100   0.000000    0.001472 -0.000669  0.000000
   C   6.153183   2.828926   0.000000   -0.002220 -0.000510  0.000000
   C   7.307796   4.957546   0.000000   -0.005408 -0.000802  0.000000
   C   3.706967  -5.611786   0.000000    0.001427  0.001544  0.000000
   C   4.881015  -3.491051   0.000000    0.002113 -0.000893  0.000000
   C   6.023198  -1.428504   0.000000    0.003714  0.001313  0.000000
   C   7.247038   0.624765   0.000000    0.003232  0.003105  0.000000
   C   6.159213  -5.589539  -0.000000    0.000638 -0.006290 -0.000000
   C   7.263745  -3.467447   0.000000   -0.001417 -0.002656 -0.000000
   C  -7.298436   3.616282   0.000000    0.000280 -0.001315 -0.000000
   C  -6.078540   5.687324   0.000000   -0.000581 -0.002135 -0.000000
   C  -7.318753  -0.684554   0.000000    0.001286 -0.000062  0.000000
   C  -6.126829   1.419940   0.000000    0.001228 -0.000137 -0.000000
   C  -4.882698   3.551999   0.000000    0.000784 -0.000148 -0.000000
   C  -3.633331   5.651912   0.000000   -0.000150  0.000634 -0.000000
   C  -7.289263  -5.007436   0.000000   -0.000755  0.002249  0.000000
   C  -6.139046  -2.873878   0.000000    0.001662  0.000696  0.000000
   C  -4.912971  -0.714069   0.000000    0.001406  0.000363 -0.000000
   C  -3.666594   1.411855   0.000000    0.001283  0.000090 -0.000000
   C  -2.435984   3.531404   0.000000    0.000596 -0.000254 -0.000000
   C  -1.191130   5.628198   0.000000   -0.000771 -0.000543  0.000000
   C  -4.872259  -4.983470   0.000000    0.001411  0.001152  0.000000
   C  -3.675074  -2.842956   0.000000    0.001517  0.000782  0.000000
   C  -2.461194  -0.716953   0.000000    0.001531  0.000385 -0.000000
   C  -1.218065   1.409969   0.000000    0.001459 -0.000141 -0.000000
   C   0.018891   3.507561   0.000000    0.000288 -0.000905 -0.000000
   C   1.245938   5.624243   0.000000   -0.001040 -0.001468  0.000000
   C  -2.433733  -4.977100   0.000000   -0.000196  0.001371  0.000000
   C  -1.228662  -2.829379   0.000000    0.001424  0.001199  0.000000
   C  -0.002252  -0.704975   0.000000    0.002155  0.000463  0.000000
   N   1.208225   1.393667   0.000000    0.001760 -0.000681  0.000000
   C   2.461038   3.501881   0.000000   -0.000549 -0.000352  0.000000
   C   3.682293   5.615550   0.000000   -0.001241  0.000893  0.000000
   C   0.007716  -4.978678   0.000000   -0.000141  0.001934  0.000000
   C   1.207494  -2.833586   0.000000    0.001580  0.000864  0.000000
   C   2.417361  -0.697566   0.000000    0.002582  0.000064  0.000000
   C   3.655896   1.394786   0.000000    0.002210 -0.000931  0.000000
   C   4.909988   3.516599   0.000000   -0.001895  0.000435  0.000000
   C   6.132688   5.644855   0.000000   -0.002713  0.002801  0.000000
   C   2.455266  -4.956411   0.000000    0.001004  0.001200  0.000000
   C   3.646541  -2.805982   0.000000    0.001909 -0.000143  0.000000
   C   4.835410  -0.730334   0.000000    0.003273 -0.001334  0.000000
   C   6.121752   1.371540   0.000000    0.001562 -0.000455  0.000000
   C   7.327578   3.551670   0.000000   -0.002707 -0.000883  0.000000
   C   4.890095  -4.925622   0.000000    0.002519 -0.001776 -0.000000
   N   6.077971  -2.805936   0.000000    0.000333 -0.000347 -0.000000
   N   7.213658  -0.733236   0.000000    0.002249  0.003581  0.000000
   C   7.302045  -4.862330  -0.000000   -0.002670 -0.002530 -0.000000
   H   8.248475   5.495614   0.000000   -0.005122 -0.001680  0.000000
   H   8.288501   3.054347   0.000000   -0.002414 -0.000150  0.000000
   H   8.236776   1.054069   0.000000    0.002792  0.003839  0.000000
   H   8.079342  -1.229617   0.000000    0.001779  0.006160  0.000000
   H   8.176230  -2.904461   0.000000   -0.000365 -0.005792 -0.000000
   H   8.273220  -5.338774  -0.000000   -0.002348 -0.001367 -0.000000
   H  -8.203369   5.562812   0.000000   -0.000927 -0.001601  0.000000
   H  -8.260918   3.125372   0.000000    0.000655 -0.001750  0.000000
   H  -8.265728   1.200143   0.000000    0.001482 -0.000124 -0.000000
   H  -8.272252  -1.193251   0.000000    0.001532 -0.000309  0.000000
   H  -8.277851  -3.121350   0.000000    0.001376  0.002819  0.000000
   H  -8.222976  -5.557794   0.000000   -0.000703  0.002202  0.000000
   H  -6.056082   6.770823   0.000000   -0.000942 -0.002309  0.000000
   H  -3.627084   6.736342   0.000000   -0.000212  0.000556  0.000000
   H  -1.179405   6.712064   0.000000   -0.000614 -0.000674  0.000000
   H   1.250565   6.707490   0.000000   -0.001607 -0.001646  0.000000
   H   3.675582   6.699655   0.000000   -0.001959  0.000804  0.000000
   H   6.121717   6.728400   0.000000   -0.002143  0.002781  0.000000
   H  -6.073727  -6.766656   0.000000   -0.000407  0.004035  0.000000
   H  -3.638629  -6.738167   0.000000    0.000907 -0.000075  0.000000
   H  -1.196796  -6.732732   0.000000    0.000114  0.001883  0.000000
   H   1.272028  -6.718672   0.000000   -0.000154  0.002947  0.000000
   H   3.732099  -6.694718   0.000000   -0.000156  0.001733  0.000000
   H   6.179335  -6.671356  -0.000000    0.000552 -0.006326 -0.000000
converged SCF energy = -3051.07795091591
