1721292051.0791755

Geometry optimization cycle 1
Cartesian coordinates (Angstrom)
 Atom        New coordinates             dX        dY        dZ
   C  -7.338226   5.042760   0.000000    0.000000  0.000000  0.000000
   C  -7.365228   0.691139   0.000000    0.000000  0.000000  0.000000
   C  -6.173642   2.889413   0.000000    0.000000  0.000000  0.000000
   C  -4.910090   5.019617   0.000000    0.000000  0.000000  0.000000
   C  -7.358051  -3.642635   0.000000    0.000000  0.000000  0.000000
   C  -6.173475  -1.431785   0.000000    0.000000  0.000000  0.000000
   C  -4.940069   0.716689   0.000000    0.000000  0.000000  0.000000
   C  -3.694845   2.860312   0.000000    0.000000  0.000000  0.000000
   C  -2.457224   5.005715   0.000000    0.000000  0.000000  0.000000
   C  -6.138515  -5.727246   0.000000    0.000000  0.000000  0.000000
   C  -4.928214  -3.580071   0.000000    0.000000  0.000000  0.000000
   C  -3.698169  -1.425571   0.000000    0.000000  0.000000  0.000000
   C  -2.471779   0.716540   0.000000    0.000000  0.000000  0.000000
   C  -1.230705   2.851907   0.000000    0.000000 -0.000000  0.000000
   C   0.000000   5.003169   0.000000    0.000000  0.000000  0.000000
   C  -3.678966  -5.694052   0.000000    0.000000  0.000000  0.000000
   C  -2.466015  -3.560923   0.000000    0.000000  0.000000  0.000000
   C  -1.232423  -1.423207   0.000000    0.000000  0.000000  0.000000
   C   0.000000   0.715809   0.000000    0.000000  0.000000  0.000000
   C   1.230705   2.851907   0.000000    0.000000 -0.000000  0.000000
   C   2.457224   5.005715   0.000000    0.000000  0.000000  0.000000
   C  -1.226334  -5.685080   0.000000    0.000000  0.000000  0.000000
   C   0.000000  -3.557079   0.000000    0.000000  0.000000  0.000000
   C   1.232423  -1.423207   0.000000    0.000000  0.000000  0.000000
   C   2.471779   0.716540   0.000000    0.000000  0.000000  0.000000
   C   3.694845   2.860312   0.000000    0.000000  0.000000  0.000000
   C   4.910090   5.019617   0.000000    0.000000  0.000000  0.000000
   C   1.226334  -5.685080   0.000000    0.000000  0.000000  0.000000
   C   2.466015  -3.560923   0.000000    0.000000  0.000000  0.000000
   C   3.698169  -1.425571   0.000000    0.000000  0.000000  0.000000
   C   4.940069   0.716689   0.000000    0.000000  0.000000  0.000000
   C   6.173642   2.889413   0.000000    0.000000  0.000000  0.000000
   N   7.338226   5.042760   0.000000    0.000000  0.000000  0.000000
   C   3.678966  -5.694052   0.000000    0.000000  0.000000  0.000000
   C   4.928214  -3.580071   0.000000    0.000000  0.000000  0.000000
   C   6.173475  -1.431785   0.000000   -0.000000  0.000000  0.000000
   C   7.365228   0.691139   0.000000    0.000000  0.000000  0.000000
   C   6.138515  -5.727246   0.000000    0.000000  0.000000  0.000000
   C   7.358051  -3.642635   0.000000   -0.000000  0.000000  0.000000
   C  -7.358051   3.642635   0.000000    0.000000  0.000000  0.000000
   C  -6.138515   5.727246   0.000000    0.000000  0.000000  0.000000
   C  -7.365228  -0.691139   0.000000    0.000000  0.000000  0.000000
   C  -6.173475   1.431785   0.000000    0.000000  0.000000  0.000000
   N  -4.928214   3.580071   0.000000    0.000000 -0.000000  0.000000
   C  -3.678966   5.694052   0.000000    0.000000  0.000000  0.000000
   C  -7.338226  -5.042760   0.000000    0.000000  0.000000  0.000000
   C  -6.173642  -2.889413   0.000000    0.000000  0.000000  0.000000
   C  -4.940069  -0.716689   0.000000    0.000000  0.000000  0.000000
   C  -3.698169   1.425571   0.000000    0.000000  0.000000  0.000000
   N  -2.466015   3.560923   0.000000    0.000000 -0.000000  0.000000
   C  -1.226334   5.685080   0.000000    0.000000  0.000000  0.000000
   C  -4.910090  -5.019617   0.000000    0.000000  0.000000  0.000000
   C  -3.694845  -2.860312   0.000000    0.000000  0.000000  0.000000
   C  -2.471779  -0.716540   0.000000    0.000000  0.000000  0.000000
   N  -1.232423   1.423207   0.000000    0.000000  0.000000  0.000000
   N   0.000000   3.557079   0.000000    0.000000  0.000000  0.000000
   C   1.226334   5.685080   0.000000    0.000000  0.000000  0.000000
   C  -2.457224  -5.005715   0.000000    0.000000  0.000000  0.000000
   C  -1.230705  -2.851907   0.000000    0.000000  0.000000  0.000000
   C   0.000000  -0.715809   0.000000    0.000000  0.000000  0.000000
   C   1.232423   1.423207   0.000000    0.000000  0.000000  0.000000
   C   2.466015   3.560923   0.000000    0.000000 -0.000000  0.000000
   C   3.678966   5.694052   0.000000    0.000000  0.000000  0.000000
   C   0.000000  -5.003169   0.000000    0.000000  0.000000  0.000000
   C   1.230705  -2.851907   0.000000    0.000000  0.000000  0.000000
   C   2.471779  -0.716540   0.000000    0.000000  0.000000  0.000000
   C   3.698169   1.425571   0.000000    0.000000  0.000000  0.000000
   C   4.928214   3.580071   0.000000    0.000000 -0.000000  0.000000
   C   6.138515   5.727246   0.000000    0.000000  0.000000  0.000000
   C   2.457224  -5.005715   0.000000    0.000000  0.000000  0.000000
   C   3.694845  -2.860312   0.000000    0.000000  0.000000  0.000000
   C   4.940069  -0.716689   0.000000    0.000000  0.000000  0.000000
   C   6.173475   1.431785   0.000000   -0.000000  0.000000  0.000000
   C   7.358051   3.642635   0.000000   -0.000000  0.000000  0.000000
   C   4.910090  -5.019617   0.000000    0.000000  0.000000  0.000000
   C   6.173642  -2.889413   0.000000    0.000000  0.000000  0.000000
   C   7.365228  -0.691139   0.000000    0.000000  0.000000  0.000000
   C   7.338226  -5.042760   0.000000    0.000000  0.000000  0.000000
   H   8.282184   5.591425   0.000000    0.000000 -0.000000  0.000000
   H   8.325741   3.141106   0.000000    0.000000  0.000000  0.000000
   H   8.326715   1.204661   0.000000    0.000000  0.000000  0.000000
   H   8.326715  -1.204661   0.000000    0.000000  0.000000  0.000000
   H   8.325741  -3.141106   0.000000    0.000000  0.000000  0.000000
   H   8.282184  -5.591425   0.000000    0.000000  0.000000  0.000000
   H  -8.282184   5.591425   0.000000    0.000000 -0.000000  0.000000
   H  -8.325741   3.141106   0.000000    0.000000  0.000000  0.000000
   H  -8.326715   1.204661   0.000000    0.000000  0.000000  0.000000
   H  -8.326715  -1.204661   0.000000    0.000000  0.000000  0.000000
   H  -8.325741  -3.141106   0.000000    0.000000  0.000000  0.000000
   H  -8.282184  -5.591425   0.000000    0.000000  0.000000  0.000000
   H  -6.116625   6.819427   0.000000    0.000000  0.000000  0.000000
   H  -3.672757   6.787431   0.000000    0.000000  0.000000  0.000000
   H  -1.225580   6.778408   0.000000    0.000000 -0.000000  0.000000
   H   1.225580   6.778408   0.000000    0.000000 -0.000000  0.000000
   H   3.672757   6.787431   0.000000    0.000000  0.000000  0.000000
   H   6.116625   6.819427   0.000000   -0.000000  0.000000  0.000000
   H  -6.116625  -6.819427   0.000000    0.000000  0.000000  0.000000
   H  -3.672757  -6.787431   0.000000    0.000000  0.000000  0.000000
   H  -1.225580  -6.778408   0.000000    0.000000  0.000000  0.000000
   H   1.225580  -6.778408   0.000000    0.000000  0.000000  0.000000
   H   3.672757  -6.787431   0.000000    0.000000  0.000000  0.000000
   H   6.116625  -6.819427   0.000000   -0.000000  0.000000  0.000000
converged SCF energy = -3067.62283744466
--------------- ROKS_Scanner gradients ---------------
         x                y                z
0 C     0.0060309771     0.0092962130     0.0000000000
1 C     0.0034643654    -0.0025630441    -0.0000000000
2 C    -0.0076568443    -0.0096727449    -0.0000000000
3 C     0.0172543997     0.0049722291     0.0000000000
4 C    -0.0015304105    -0.0011507872    -0.0000000000
5 C     0.0041354032    -0.0035376391    -0.0000000000
6 C     0.0095169159     0.0042353762     0.0000000000
7 C     0.0443687953     0.0069050401     0.0000000000
8 C    -0.0033466537    -0.0214091155     0.0000000000
9 C     0.0015312350    -0.0025900154    -0.0000000000
10 C     0.0012253384     0.0018280873    -0.0000000000
11 C     0.0040105152    -0.0018792370    -0.0000000000
12 C     0.0300304562     0.0193156217    -0.0000000000
13 C     0.0172456781     0.0079265651    -0.0000000000
14 C    -0.0145584036    -0.0064398653     0.0000000000
15 C    -0.0065171148    -0.0011449075     0.0000000000
16 C     0.0046427109     0.0035194312    -0.0000000000
17 C    -0.0033096562     0.0149637866    -0.0000000000
18 C    -0.0226576660     0.0041058906     0.0000000000
19 C    -0.0333439263    -0.0055663853    -0.0000000000
20 C    -0.0216493507    -0.0085207246    -0.0000000000
21 C    -0.0044672416     0.0020381009    -0.0000000000
22 C    -0.0014351807    -0.0002710069    -0.0000000000
23 C    -0.0027772213    -0.0019454632    -0.0000000000
24 C    -0.0109284004     0.0010852293    -0.0000000000
25 C    -0.0236752311     0.0013844620    -0.0000000000
26 C    -0.0248920060    -0.0045419650    -0.0000000000
27 C     0.0061216109     0.0003362765    -0.0000000000
28 C    -0.0029562765     0.0000334854    -0.0000000000
29 C     0.0007894089    -0.0012528587    -0.0000000000
30 C    -0.0039101338     0.0005235323    -0.0000000000
31 C    -0.0099025162    -0.0100906593    -0.0000000000
32 N    -0.0235906862     0.0084560524    -0.0000000000
33 C     0.0059939265    -0.0018326197     0.0000000000
34 C    -0.0006625074     0.0019013745    -0.0000000000
35 C    -0.0000082877    -0.0037158677    -0.0000000000
36 C     0.0003503522     0.0015208276    -0.0000000000
37 C    -0.0014950645    -0.0025692745     0.0000000000
38 C     0.0014497129    -0.0011291145    -0.0000000000
39 C    -0.0070120500    -0.0094618917     0.0000000000
40 C    -0.0126315586     0.0158047878     0.0000000000
41 C    -0.0061951510    -0.0006456143     0.0000000000
42 C    -0.0120093445    -0.0005892394     0.0000000000
43 N    -0.0183356845     0.0013512267    -0.0000000000
44 C    -0.0127816869     0.0245462067    -0.0000000000
45 C    -0.0044782567    -0.0009576565     0.0000000000
46 C     0.0026118634     0.0045306137     0.0000000000
47 C    -0.0036607932    -0.0007245531     0.0000000000
48 C    -0.0237902599    -0.0201513944    -0.0000000000
49 N    -0.0597512853     0.0113089620     0.0000000000
50 C     0.0130818714     0.0266013434    -0.0000000000
51 C     0.0019883219    -0.0027244500     0.0000000000
52 C    -0.0049207910    -0.0006637001     0.0000000000
53 C    -0.0036537884    -0.0245555997     0.0000000000
54 N    -0.0133950131    -0.0643493247    -0.0000000000
55 N     0.0386379453     0.0052297599    -0.0000000000
56 C     0.0184542215     0.0185099777     0.0000000000
57 C     0.0091763506    -0.0034861216     0.0000000000
58 C    -0.0027425372    -0.0094947842     0.0000000000
59 C     0.0090321749    -0.0139844930     0.0000000000
60 C     0.0320859948    -0.0021538034    -0.0000000000
61 C     0.0409336381     0.0028375906     0.0000000000
62 C     0.0177932380     0.0021406477     0.0000000000
63 C    -0.0015235563    -0.0016386785     0.0000000000
64 C     0.0050476115    -0.0002598815     0.0000000000
65 C    -0.0022125514    -0.0005761200     0.0000000000
66 C     0.0063843385    -0.0009530580     0.0000000000
67 C     0.0193343554     0.0066357266     0.0000000000
68 C     0.0086618779     0.0156854288     0.0000000000
69 C    -0.0089777115    -0.0013260096     0.0000000000
70 C     0.0021238907    -0.0004485381     0.0000000000
71 C    -0.0006336548     0.0002397886     0.0000000000
72 C    -0.0024155576     0.0038444313     0.0000000000
73 C     0.0074392219    -0.0228299744     0.0000000000
74 C    -0.0017158415    -0.0023953048    -0.0000000000
75 C    -0.0027242614     0.0046698112     0.0000000000
76 C     0.0024342646    -0.0019665242     0.0000000000
77 C     0.0044538793    -0.0009907382     0.0000000000
78 H     0.0523274339     0.0309540073    -0.0000000000
79 H     0.0042896203    -0.0109294583    -0.0000000000
80 H     0.0044426912     0.0035875997     0.0000000000
81 H     0.0055810950    -0.0029119009    -0.0000000000
82 H     0.0054137956     0.0029814942     0.0000000000
83 H     0.0048546947    -0.0027727840    -0.0000000000
84 H    -0.0053470385     0.0033296048    -0.0000000000
85 H    -0.0092586257    -0.0010223541    -0.0000000000
86 H    -0.0059735864     0.0031789059     0.0000000000
87 H    -0.0056193222    -0.0032717299    -0.0000000000
88 H    -0.0053997607     0.0030182913     0.0000000000
89 H    -0.0048665768    -0.0028063282    -0.0000000000
90 H    -0.0029180040     0.0079333070     0.0000000000
91 H    -0.0007426878     0.0107644012    -0.0000000000
92 H     0.0001904774     0.0107040702     0.0000000000
93 H     0.0037156866     0.0085849657    -0.0000000000
94 H     0.0006329807     0.0062434141     0.0000000000
95 H    -0.0083574389     0.0087702481    -0.0000000000
96 H     0.0001702746    -0.0058932438     0.0000000000
97 H     0.0000194760    -0.0059666350    -0.0000000000
98 H    -0.0000405307    -0.0058962457     0.0000000000
99 H     0.0000217366    -0.0059009411    -0.0000000000
100 H     0.0000259293    -0.0060054976    -0.0000000000
101 H    -0.0001744218    -0.0058793877     0.0000000000
----------------------------------------------
cycle 1: E = -3067.62283744  dE = -3067.62  norm(grad) = 0.186458

Geometry optimization cycle 2
Cartesian coordinates (Angstrom)
 Atom        New coordinates             dX        dY        dZ
   C  -7.300948   4.978473   0.000000    0.037278 -0.064287  0.000000
   C  -7.297400   0.746011   0.000000    0.067828  0.054872  0.000000
   C  -6.071348   2.867774   0.000000    0.102294 -0.021639  0.000000
   C  -4.865432   4.898235   0.000000    0.044658 -0.121382  0.000000
   C  -7.311867  -3.573439   0.000000    0.046184  0.069196  0.000000
   C  -6.123473  -1.387427   0.000000    0.050002  0.044358  0.000000
   C  -4.882321   0.718555   0.000000    0.057748  0.001867  0.000000
   C  -3.650121   2.813213   0.000000    0.044724 -0.047098  0.000000
   C  -2.423033   4.892989   0.000000    0.034190 -0.112726  0.000000
   C  -6.096381  -5.649624   0.000000    0.042135  0.077622  0.000000
   C  -4.892109  -3.523186   0.000000    0.036105  0.056884  0.000000
   C  -3.658144  -1.385400   0.000000    0.040025  0.040171  0.000000
   C  -2.447624   0.727425  -0.000000    0.024155  0.010885 -0.000000
   C  -1.217010   2.806492  -0.000000    0.013695 -0.045415 -0.000000
   C  -0.014634   4.904009   0.000000   -0.014634 -0.099160  0.000000
   C  -3.650347  -5.626637   0.000000    0.028619  0.067416  0.000000
   C  -2.447265  -3.506072   0.000000    0.018749  0.054851  0.000000
   C  -1.215697  -1.387534   0.000000    0.016726  0.035673  0.000000
   C   0.014736   0.738106  -0.000000    0.014736  0.022297 -0.000000
   C   1.222841   2.834330  -0.000000   -0.007863 -0.017577 -0.000000
   C   2.438363   4.976345   0.000000   -0.018861 -0.029370  0.000000
   C  -1.218496  -5.616626   0.000000    0.007838  0.068454  0.000000
   C   0.001839  -3.497738   0.000000    0.001839  0.059341  0.000000
   C   1.225822  -1.378341  -0.000000   -0.006600  0.044866 -0.000000
   C   2.457138   0.727787  -0.000000   -0.014642  0.011248 -0.000000
   C   3.650577   2.843340   0.000000   -0.044268 -0.016971  0.000000
   C   4.841441   4.984961   0.000000   -0.068650 -0.034656  0.000000
   C   1.208402  -5.613513   0.000000   -0.017932  0.071567  0.000000
   C   2.449933  -3.507654  -0.000000   -0.016081  0.053269 -0.000000
   C   3.677027  -1.398071  -0.000000   -0.021142  0.027500 -0.000000
   C   4.911245   0.717018  -0.000000   -0.028824  0.000330 -0.000000
   C   6.101868   2.859806   0.000000   -0.071774 -0.029608  0.000000
   N   7.177178   4.924970   0.000000   -0.161047 -0.117790  0.000000
   C   3.642065  -5.633199  -0.000000   -0.036901  0.060854 -0.000000
   C   4.897961  -3.541118  -0.000000   -0.030253  0.038953 -0.000000
   C   6.136235  -1.413719  -0.000000   -0.037240  0.018066 -0.000000
   C   7.331549   0.691468  -0.000000   -0.033679  0.000329 -0.000000
   C   6.086890  -5.676584  -0.000000   -0.051625  0.050662 -0.000000
   C   7.316858  -3.608025  -0.000000   -0.041194  0.034610 -0.000000
   C  -7.246845   3.601448   0.000000    0.111206 -0.041187  0.000000
   C  -6.068655   5.588567   0.000000    0.069860 -0.138679  0.000000
   C  -7.288755  -0.627555   0.000000    0.076473  0.063584  0.000000
   C  -6.086630   1.436427   0.000000    0.086845  0.004642  0.000000
   N  -4.841027   3.510628   0.000000    0.087187 -0.069442  0.000000
   C  -3.633486   5.529416   0.000000    0.045480 -0.164637  0.000000
   C  -7.283110  -4.963839   0.000000    0.055116  0.078921  0.000000
   C  -6.130877  -2.836391   0.000000    0.042765  0.053022  0.000000
   C  -4.889015  -0.693948   0.000000    0.051054  0.022741  0.000000
   C  -3.644238   1.422062   0.000000    0.053931 -0.003509  0.000000
   N  -2.395129   3.478374   0.000000    0.070885 -0.082549  0.000000
   C  -1.232023   5.547802   0.000000   -0.005688 -0.137278  0.000000
   C  -4.874188  -4.951195   0.000000    0.035902  0.068422  0.000000
   C  -3.662302  -2.808904   0.000000    0.032543  0.051407  0.000000
   C  -2.440716  -0.673491  -0.000000    0.031063  0.043049 -0.000000
   N  -1.206984   1.451176  -0.000000    0.025439  0.027969 -0.000000
   N  -0.029383   3.493067   0.000000   -0.029383 -0.064012  0.000000
   C   1.175236   5.571248   0.000000   -0.051098 -0.113832  0.000000
   C  -2.445421  -4.937729   0.000000    0.011802  0.067986  0.000000
   C  -1.217832  -2.797152   0.000000    0.012873  0.054755  0.000000
   C  -0.001309  -0.671489  -0.000000   -0.001309  0.044320 -0.000000
   C   1.213559   1.428295  -0.000000   -0.018864  0.005088 -0.000000
   C   2.412453   3.543866  -0.000000   -0.053561 -0.017057 -0.000000
   C   3.622115   5.678839   0.000000   -0.056851 -0.015213  0.000000
   C  -0.004347  -4.932035   0.000000   -0.004347  0.071134  0.000000
   C   1.220981  -2.798267  -0.000000   -0.009724  0.053640 -0.000000
   C   2.462473  -0.690189  -0.000000   -0.009307  0.026351 -0.000000
   C   3.671993   1.423311  -0.000000   -0.026176 -0.002260 -0.000000
   C   4.856564   3.552338   0.000000   -0.071651 -0.027733  0.000000
   C   6.046704   5.660852   0.000000   -0.091811 -0.066394  0.000000
   C   2.438613  -4.941758  -0.000000   -0.018610  0.063957 -0.000000
   C   3.673265  -2.820743  -0.000000   -0.021580  0.039568 -0.000000
   C   4.912760  -0.703047  -0.000000   -0.027309  0.013642 -0.000000
   C   6.139025   1.415458  -0.000000   -0.034450 -0.016327 -0.000000
   C   7.270973   3.589289   0.000000   -0.087079 -0.053346  0.000000
   C   4.870461  -4.968191  -0.000000   -0.039629  0.051426 -0.000000
   C   6.140713  -2.863080  -0.000000   -0.032929  0.026334 -0.000000
   C   7.319799  -0.680107  -0.000000   -0.045429  0.011032 -0.000000
   C   7.278128  -4.998349  -0.000000   -0.060098  0.044410 -0.000000
   H   8.042911   5.423180   0.000000   -0.239273 -0.168245  0.000000
   H   8.260505   3.165399   0.000000   -0.065235  0.024293  0.000000
   H   8.288538   1.195272   0.000000   -0.038177 -0.009389  0.000000
   H   8.270150  -1.194137  -0.000000   -0.056565  0.010525 -0.000000
   H   8.279636  -3.117483  -0.000000   -0.046105  0.023623 -0.000000
   H   8.210548  -5.549791  -0.000000   -0.071636  0.041633 -0.000000
   H  -8.235804   5.523634   0.000000    0.046380 -0.067791  0.000000
   H  -8.175479   3.056490   0.000000    0.150261 -0.084616  0.000000
   H  -8.241645   1.269692   0.000000    0.085070  0.065030  0.000000
   H  -8.246208  -1.127565   0.000000    0.080507  0.077096  0.000000
   H  -8.271352  -3.076502   0.000000    0.054389  0.064604  0.000000
   H  -8.219297  -5.508779   0.000000    0.062888  0.082646  0.000000
   H  -5.994819   6.666376   0.000000    0.121807 -0.153051  0.000000
   H  -3.622500   6.606214   0.000000    0.050257 -0.181217  0.000000
   H  -1.242999   6.624621   0.000000   -0.017419 -0.153786  0.000000
   H   1.111979   6.649531   0.000000   -0.113601 -0.128877  0.000000
   H   3.607859   6.762549   0.000000   -0.064898 -0.024882  0.000000
   H   6.119761   6.737083   0.000000    0.003136 -0.082343  0.000000
   H  -6.079893  -6.732867   0.000000    0.036732  0.086560  0.000000
   H  -3.642369  -6.710833   0.000000    0.030388  0.076598  0.000000
   H  -1.214802  -6.700887   0.000000    0.010777  0.077521  0.000000
   H   1.202599  -6.697757   0.000000   -0.022981  0.080650  0.000000
   H   3.628227  -6.717276  -0.000000   -0.044530  0.070155 -0.000000
   H   6.062532  -6.759699  -0.000000   -0.054093  0.059727 -0.000000
converged SCF energy = -3067.67016215095
--------------- ROKS_Scanner gradients ---------------
         x                y                z
0 C    -0.0111393889     0.0110557357     0.0000000000
1 C    -0.0037953925     0.0080709582    -0.0000000000
2 C    -0.0052152235     0.0006810985    -0.0000000000
3 C     0.0017871094     0.0012434302    -0.0000000000
4 C    -0.0019612340     0.0005217208     0.0000000000
5 C    -0.0024385220    -0.0025437423     0.0000000000
6 C     0.0037152548     0.0025260948    -0.0000000000
7 C     0.0173969279     0.0031343031     0.0000000000
8 C     0.0048248124     0.0003049962     0.0000000000
9 C    -0.0001307805    -0.0002959889     0.0000000000
10 C     0.0004987497     0.0001583946     0.0000000000
11 C     0.0008850056     0.0018165799    -0.0000000000
12 C     0.0035291446     0.0107471530     0.0000000000
13 C     0.0037715084     0.0089968983    -0.0000000000
14 C    -0.0016664879     0.0070104090     0.0000000000
15 C    -0.0015008103    -0.0010239678     0.0000000000
16 C     0.0018292239     0.0020192738     0.0000000000
17 C    -0.0007013992     0.0046497451    -0.0000000000
18 C    -0.0045954886     0.0056342151    -0.0000000000
19 C    -0.0068156227    -0.0031851841     0.0000000000
20 C     0.0063325498     0.0000938473     0.0000000000
21 C    -0.0011510411     0.0001019557     0.0000000000
22 C    -0.0000113448     0.0005357879     0.0000000000
23 C    -0.0007256292     0.0012500985    -0.0000000000
24 C    -0.0046604683     0.0029452014     0.0000000000
25 C    -0.0092542781     0.0020117483     0.0000000000
26 C    -0.0039375073    -0.0084507945     0.0000000000
27 C     0.0014043553     0.0013233063     0.0000000000
28 C    -0.0008929073     0.0008410754    -0.0000000000
29 C    -0.0008748383     0.0006650761    -0.0000000000
30 C    -0.0021899954     0.0025359405     0.0000000000
31 C    -0.0037476853     0.0077567628    -0.0000000000
32 N    -0.0215306885    -0.0083992651    -0.0000000000
33 C     0.0019093373     0.0001999760    -0.0000000000
34 C     0.0000369631     0.0015593371    -0.0000000000
35 C    -0.0003705836    -0.0011098000     0.0000000000
36 C     0.0012099360     0.0000616813    -0.0000000000
37 C    -0.0000702006    -0.0006700890    -0.0000000000
38 C     0.0020190680     0.0003074357    -0.0000000000
39 C     0.0149827015     0.0000226834    -0.0000000000
40 C    -0.0019852096    -0.0149521297     0.0000000000
41 C     0.0063625901     0.0025694564    -0.0000000000
42 C     0.0018512625    -0.0033595929     0.0000000000
43 N    -0.0009446005     0.0023987243    -0.0000000000
44 C    -0.0030506321    -0.0085931837     0.0000000000
45 C     0.0028823318     0.0016884115    -0.0000000000
46 C     0.0026401338    -0.0008948692    -0.0000000000
47 C     0.0011995024    -0.0003799352     0.0000000000
48 C    -0.0033321356    -0.0072736946    -0.0000000000
49 N    -0.0104753752    -0.0033582795     0.0000000000
50 C    -0.0021968097    -0.0086777468    -0.0000000000
51 C     0.0016197904    -0.0003832253    -0.0000000000
52 C    -0.0027158950    -0.0005696862    -0.0000000000
53 C    -0.0008383025    -0.0046425174     0.0000000000
54 N    -0.0011819718    -0.0180356204    -0.0000000000
55 N     0.0052844449    -0.0008446863     0.0000000000
56 C    -0.0016684761    -0.0122333845    -0.0000000000
57 C     0.0008777818     0.0006859905    -0.0000000000
58 C    -0.0000470289    -0.0026930302    -0.0000000000
59 C     0.0000077100    -0.0001046214     0.0000000000
60 C     0.0022500550     0.0028402308    -0.0000000000
61 C     0.0029031006     0.0058749987    -0.0000000000
62 C     0.0075703597     0.0063516124    -0.0000000000
63 C    -0.0017468338     0.0013991114    -0.0000000000
64 C     0.0009534390     0.0006674710    -0.0000000000
65 C     0.0013916827    -0.0005331202     0.0000000000
66 C     0.0031259950    -0.0023719460    -0.0000000000
67 C     0.0034501700     0.0032467884    -0.0000000000
68 C     0.0079042901     0.0138703718    -0.0000000000
69 C    -0.0019791938    -0.0002062812     0.0000000000
70 C     0.0014660907    -0.0006231948     0.0000000000
71 C     0.0017931181     0.0004854703    -0.0000000000
72 C     0.0059439067    -0.0041809013     0.0000000000
73 C     0.0153809769    -0.0079492055     0.0000000000
74 C    -0.0009751211     0.0000669959     0.0000000000
75 C     0.0000231341    -0.0012193223    -0.0000000000
76 C    -0.0019485915     0.0003488710    -0.0000000000
77 C    -0.0029038360     0.0018022875     0.0000000000
78 H    -0.0063468589    -0.0051560816     0.0000000000
79 H    -0.0005322892    -0.0014564179    -0.0000000000
80 H    -0.0000125106     0.0000237328     0.0000000000
81 H    -0.0003400210     0.0003348379     0.0000000000
82 H    -0.0000223340     0.0002540986    -0.0000000000
83 H    -0.0005248687     0.0004461805    -0.0000000000
84 H    -0.0018662330     0.0004242343     0.0000000000
85 H    -0.0006809473     0.0011991248    -0.0000000000
86 H    -0.0010354316     0.0026280472     0.0000000000
87 H     0.0009887102     0.0011904666     0.0000000000
88 H     0.0000462188    -0.0001258361     0.0000000000
89 H     0.0005044339     0.0004687354    -0.0000000000
90 H    -0.0019110245    -0.0020026934    -0.0000000000
91 H    -0.0008020039    -0.0019722639     0.0000000000
92 H    -0.0004543003    -0.0015860730     0.0000000000
93 H     0.0011909085    -0.0020802511    -0.0000000000
94 H    -0.0002789566     0.0006533123     0.0000000000
95 H    -0.0033541333     0.0004611048     0.0000000000
96 H     0.0001906596     0.0002213520    -0.0000000000
97 H     0.0001445634     0.0000375642    -0.0000000000
98 H    -0.0000438173     0.0000209312    -0.0000000000
99 H    -0.0001766694     0.0002568493     0.0000000000
100 H    -0.0001314033     0.0002128077     0.0000000000
101 H    -0.0002044925     0.0001731884     0.0000000000
----------------------------------------------
cycle 2: E = -3067.67016215  dE = -0.0473247  norm(grad) = 0.0666056

Geometry optimization cycle 3
