1721292051.2039208

Geometry optimization cycle 1
Cartesian coordinates (Angstrom)
 Atom        New coordinates             dX        dY        dZ
   C  -7.338226   5.042760   0.000000    0.000000  0.000000  0.000000
   C  -7.365228   0.691139   0.000000    0.000000  0.000000  0.000000
   C  -6.173642   2.889413   0.000000    0.000000  0.000000  0.000000
   C  -4.910090   5.019617   0.000000    0.000000  0.000000  0.000000
   C  -7.358051  -3.642635   0.000000    0.000000  0.000000  0.000000
   C  -6.173475  -1.431785   0.000000    0.000000  0.000000  0.000000
   C  -4.940069   0.716689   0.000000    0.000000  0.000000  0.000000
   C  -3.694845   2.860312   0.000000    0.000000  0.000000  0.000000
   C  -2.457224   5.005715   0.000000    0.000000  0.000000  0.000000
   C  -6.138515  -5.727246   0.000000    0.000000  0.000000  0.000000
   C  -4.928214  -3.580071   0.000000    0.000000  0.000000  0.000000
   C  -3.698169  -1.425571   0.000000    0.000000  0.000000  0.000000
   C  -2.471779   0.716540   0.000000    0.000000  0.000000  0.000000
   C  -1.230705   2.851907   0.000000    0.000000 -0.000000  0.000000
   C   0.000000   5.003169   0.000000    0.000000  0.000000  0.000000
   C  -3.678966  -5.694052   0.000000    0.000000  0.000000  0.000000
   C  -2.466015  -3.560923   0.000000    0.000000  0.000000  0.000000
   N  -1.232423  -1.423207   0.000000    0.000000  0.000000  0.000000
   C   0.000000   0.715809   0.000000    0.000000  0.000000  0.000000
   C   1.230705   2.851907   0.000000    0.000000 -0.000000  0.000000
   C   2.457224   5.005715   0.000000    0.000000  0.000000  0.000000
   C  -1.226334  -5.685080   0.000000    0.000000  0.000000  0.000000
   C   0.000000  -3.557079   0.000000    0.000000  0.000000  0.000000
   C   1.232423  -1.423207   0.000000    0.000000  0.000000  0.000000
   C   2.471779   0.716540   0.000000    0.000000  0.000000  0.000000
   C   3.694845   2.860312   0.000000    0.000000  0.000000  0.000000
   C   4.910090   5.019617   0.000000    0.000000  0.000000  0.000000
   C   1.226334  -5.685080   0.000000    0.000000  0.000000  0.000000
   C   2.466015  -3.560923   0.000000    0.000000  0.000000  0.000000
   C   3.698169  -1.425571   0.000000    0.000000  0.000000  0.000000
   C   4.940069   0.716689   0.000000    0.000000  0.000000  0.000000
   C   6.173642   2.889413   0.000000    0.000000  0.000000  0.000000
   C   7.338226   5.042760   0.000000    0.000000  0.000000  0.000000
   C   3.678966  -5.694052   0.000000    0.000000  0.000000  0.000000
   N   4.928214  -3.580071   0.000000    0.000000  0.000000  0.000000
   C   6.173475  -1.431785   0.000000   -0.000000  0.000000  0.000000
   C   7.365228   0.691139   0.000000    0.000000  0.000000  0.000000
   C   6.138515  -5.727246   0.000000    0.000000  0.000000  0.000000
   C   7.358051  -3.642635   0.000000   -0.000000  0.000000  0.000000
   C  -7.358051   3.642635   0.000000    0.000000  0.000000  0.000000
   C  -6.138515   5.727246   0.000000    0.000000  0.000000  0.000000
   C  -7.365228  -0.691139   0.000000    0.000000  0.000000  0.000000
   C  -6.173475   1.431785   0.000000    0.000000  0.000000  0.000000
   C  -4.928214   3.580071   0.000000    0.000000 -0.000000  0.000000
   C  -3.678966   5.694052   0.000000    0.000000  0.000000  0.000000
   C  -7.338226  -5.042760   0.000000    0.000000  0.000000  0.000000
   C  -6.173642  -2.889413   0.000000    0.000000  0.000000  0.000000
   C  -4.940069  -0.716689   0.000000    0.000000  0.000000  0.000000
   C  -3.698169   1.425571   0.000000    0.000000  0.000000  0.000000
   C  -2.466015   3.560923   0.000000    0.000000 -0.000000  0.000000
   C  -1.226334   5.685080   0.000000    0.000000  0.000000  0.000000
   C  -4.910090  -5.019617   0.000000    0.000000  0.000000  0.000000
   C  -3.694845  -2.860312   0.000000    0.000000  0.000000  0.000000
   C  -2.471779  -0.716540   0.000000    0.000000  0.000000  0.000000
   N  -1.232423   1.423207   0.000000    0.000000  0.000000  0.000000
   C   0.000000   3.557079   0.000000    0.000000  0.000000  0.000000
   C   1.226334   5.685080   0.000000    0.000000  0.000000  0.000000
   C  -2.457224  -5.005715   0.000000    0.000000  0.000000  0.000000
   C  -1.230705  -2.851907   0.000000    0.000000  0.000000  0.000000
   C   0.000000  -0.715809   0.000000    0.000000  0.000000  0.000000
   C   1.232423   1.423207   0.000000    0.000000  0.000000  0.000000
   C   2.466015   3.560923   0.000000    0.000000 -0.000000  0.000000
   C   3.678966   5.694052   0.000000    0.000000  0.000000  0.000000
   N   0.000000  -5.003169   0.000000    0.000000  0.000000  0.000000
   N   1.230705  -2.851907   0.000000    0.000000  0.000000  0.000000
   C   2.471779  -0.716540   0.000000    0.000000  0.000000  0.000000
   C   3.698169   1.425571   0.000000    0.000000  0.000000  0.000000
   C   4.928214   3.580071   0.000000    0.000000 -0.000000  0.000000
   C   6.138515   5.727246   0.000000    0.000000  0.000000  0.000000
   C   2.457224  -5.005715   0.000000    0.000000  0.000000  0.000000
   C   3.694845  -2.860312   0.000000    0.000000  0.000000  0.000000
   C   4.940069  -0.716689   0.000000    0.000000  0.000000  0.000000
   C   6.173475   1.431785   0.000000   -0.000000  0.000000  0.000000
   C   7.358051   3.642635   0.000000   -0.000000  0.000000  0.000000
   C   4.910090  -5.019617   0.000000    0.000000  0.000000  0.000000
   C   6.173642  -2.889413   0.000000    0.000000  0.000000  0.000000
   C   7.365228  -0.691139   0.000000    0.000000  0.000000  0.000000
   C   7.338226  -5.042760   0.000000    0.000000  0.000000  0.000000
   H   8.282184   5.591425   0.000000    0.000000 -0.000000  0.000000
   H   8.325741   3.141106   0.000000    0.000000  0.000000  0.000000
   H   8.326715   1.204661   0.000000    0.000000  0.000000  0.000000
   H   8.326715  -1.204661   0.000000    0.000000  0.000000  0.000000
   H   8.325741  -3.141106   0.000000    0.000000  0.000000  0.000000
   H   8.282184  -5.591425   0.000000    0.000000  0.000000  0.000000
   H  -8.282184   5.591425   0.000000    0.000000 -0.000000  0.000000
   H  -8.325741   3.141106   0.000000    0.000000  0.000000  0.000000
   H  -8.326715   1.204661   0.000000    0.000000  0.000000  0.000000
   H  -8.326715  -1.204661   0.000000    0.000000  0.000000  0.000000
   H  -8.325741  -3.141106   0.000000    0.000000  0.000000  0.000000
   H  -8.282184  -5.591425   0.000000    0.000000  0.000000  0.000000
   H  -6.116625   6.819427   0.000000    0.000000  0.000000  0.000000
   H  -3.672757   6.787431   0.000000    0.000000  0.000000  0.000000
   H  -1.225580   6.778408   0.000000    0.000000 -0.000000  0.000000
   H   1.225580   6.778408   0.000000    0.000000 -0.000000  0.000000
   H   3.672757   6.787431   0.000000    0.000000  0.000000  0.000000
   H   6.116625   6.819427   0.000000   -0.000000  0.000000  0.000000
   H  -6.116625  -6.819427   0.000000    0.000000  0.000000  0.000000
   H  -3.672757  -6.787431   0.000000    0.000000  0.000000  0.000000
   H  -1.225580  -6.778408   0.000000    0.000000  0.000000  0.000000
   H   1.225580  -6.778408   0.000000    0.000000  0.000000  0.000000
   H   3.672757  -6.787431   0.000000    0.000000  0.000000  0.000000
   H   6.116625  -6.819427   0.000000   -0.000000  0.000000  0.000000
converged SCF energy = -3067.63259643982
--------------- ROKS_Scanner gradients ---------------
         x                y                z
0 C    -0.0089544416    -0.0075007930    -0.0000000000
1 C    -0.0035820363    -0.0001973771    -0.0000000000
2 C     0.0085997944    -0.0079590853    -0.0000000000
3 C    -0.0141103315    -0.0044388420    -0.0000000000
4 C    -0.0035909988    -0.0033996209    -0.0000000000
5 C    -0.0014706320    -0.0056898316    -0.0000000000
6 C     0.0014172785     0.0052165638     0.0000000000
7 C     0.0103364614    -0.0089341513     0.0000000000
8 C    -0.0170476599    -0.0061263982    -0.0000000000
9 C     0.0010010670    -0.0024136937    -0.0000000000
10 C    -0.0027773479     0.0011023834    -0.0000000000
11 C    -0.0142381273    -0.0108713283     0.0000000000
12 C    -0.0042300344     0.0017846816     0.0000000000
13 C    -0.0046460064     0.0051283675    -0.0000000000
14 C     0.0030891324    -0.0067632107    -0.0000000000
15 C    -0.0090085687    -0.0013180205    -0.0000000000
16 C     0.0024543473    -0.0063696694    -0.0000000000
17 N     0.0199587811     0.0107851464     0.0000000000
18 C     0.0081136262     0.0107519650    -0.0000000000
19 C    -0.0115313531    -0.0032603181     0.0000000000
20 C     0.0066297126    -0.0070096059    -0.0000000000
21 C    -0.0294723737    -0.0204243120     0.0000000000
22 C     0.0170440388     0.0113344154    -0.0000000000
23 C     0.0163231201    -0.0110894362    -0.0000000000
24 C     0.0040481232     0.0050469433     0.0000000000
25 C    -0.0088108300     0.0029544539     0.0000000000
26 C     0.0093394012    -0.0030567206    -0.0000000000
27 C     0.0006511432    -0.0113889427    -0.0000000000
28 C    -0.0157125287    -0.0011925075     0.0000000000
29 C    -0.0167043121     0.0029630565     0.0000000000
30 C    -0.0007954102    -0.0007724610     0.0000000000
31 C    -0.0040929963    -0.0045121765    -0.0000000000
32 C     0.0065109491    -0.0021818773    -0.0000000000
33 C    -0.0147331537    -0.0132874192     0.0000000000
34 N    -0.0083906354     0.0058539512    -0.0000000000
35 C     0.0091074889     0.0004392956     0.0000000000
36 C    -0.0007571438     0.0049995841    -0.0000000000
37 C    -0.0134665323    -0.0095461428     0.0000000000
38 C     0.0097849011    -0.0054281295     0.0000000000
39 C    -0.0051546751     0.0109270213     0.0000000000
40 C     0.0106009087     0.0031318702     0.0000000000
41 C    -0.0034274262     0.0007022771     0.0000000000
42 C     0.0002640904     0.0039787280     0.0000000000
43 C    -0.0076916531     0.0071547286     0.0000000000
44 C     0.0135920447     0.0057561391     0.0000000000
45 C    -0.0051305522     0.0001433197     0.0000000000
46 C     0.0048617473     0.0064119045     0.0000000000
47 C     0.0028166477    -0.0047102730    -0.0000000000
48 C    -0.0125958656     0.0075658203    -0.0000000000
49 C    -0.0007595221     0.0102342009     0.0000000000
50 C     0.0057501706     0.0049296383     0.0000000000
51 C     0.0013399655    -0.0024778754     0.0000000000
52 C    -0.0003589567     0.0087177460     0.0000000000
53 C    -0.0067402834     0.0024037847    -0.0000000000
54 N    -0.0035089664    -0.0031799855     0.0000000000
55 C     0.0099514243     0.0086328779     0.0000000000
56 C    -0.0029439194     0.0069147807     0.0000000000
57 C     0.0030158654    -0.0046196875     0.0000000000
58 C    -0.0188306873     0.0018054661     0.0000000000
59 C    -0.0123860413    -0.0050889605     0.0000000000
60 C     0.0083011927     0.0019817286     0.0000000000
61 C     0.0100568903     0.0035515280    -0.0000000000
62 C    -0.0062319331     0.0039069403     0.0000000000
63 N     0.0156333594    -0.0131081160     0.0000000000
64 N    -0.0161394432     0.0153770392     0.0000000000
65 C     0.0120356292     0.0091534994    -0.0000000000
66 C    -0.0001377813    -0.0019835454    -0.0000000000
67 C     0.0037104833     0.0042877463     0.0000000000
68 C    -0.0063333033     0.0034339741     0.0000000000
69 C     0.0272673211    -0.0120299886    -0.0000000000
70 C     0.0115977186     0.0086028403    -0.0000000000
71 C     0.0034013469     0.0026914900    -0.0000000000
72 C     0.0030125185     0.0012992874    -0.0000000000
73 C     0.0006206672     0.0058579051     0.0000000000
74 C     0.0173279100    -0.0093171736    -0.0000000000
75 C     0.0041657672     0.0112063199    -0.0000000000
76 C    -0.0018150387     0.0005006949    -0.0000000000
77 C     0.0119640786     0.0056051421     0.0000000000
78 H     0.0048191475     0.0028014989     0.0000000000
79 H     0.0053727186    -0.0030015164    -0.0000000000
80 H     0.0059724836     0.0033242151     0.0000000000
81 H     0.0054817538    -0.0033549092    -0.0000000000
82 H     0.0094694625     0.0010022988     0.0000000000
83 H     0.0053957173    -0.0027886648    -0.0000000000
84 H    -0.0049657863     0.0027322060     0.0000000000
85 H    -0.0055300373    -0.0028764420    -0.0000000000
86 H    -0.0059908530     0.0027478413     0.0000000000
87 H    -0.0057719574    -0.0028659551    -0.0000000000
88 H    -0.0058195729     0.0028947589     0.0000000000
89 H    -0.0050790505    -0.0028196361    -0.0000000000
90 H     0.0001971663     0.0060146285    -0.0000000000
91 H    -0.0003973471     0.0065708825    -0.0000000000
92 H     0.0000036549     0.0067863409    -0.0000000000
93 H     0.0004027116     0.0067604802    -0.0000000000
94 H     0.0001125141     0.0063561821    -0.0000000000
95 H    -0.0001386472     0.0059740578     0.0000000000
96 H     0.0002089089    -0.0059917329     0.0000000000
97 H    -0.0000364340    -0.0062555007     0.0000000000
98 H    -0.0094846804    -0.0099432736     0.0000000000
99 H     0.0085334232    -0.0105737608     0.0000000000
100 H    -0.0025946409    -0.0088333070    -0.0000000000
101 H     0.0024493384    -0.0081980100    -0.0000000000
----------------------------------------------
cycle 1: E = -3067.63259644  dE = -3067.63  norm(grad) = 0.116176

Geometry optimization cycle 2
Cartesian coordinates (Angstrom)
 Atom        New coordinates             dX        dY        dZ
   C  -7.274708   4.969550   0.000000    0.063517 -0.073210  0.000000
   C  -7.284231   0.658375   0.000000    0.080997 -0.032764  0.000000
   C  -6.122773   2.847264   0.000000    0.050869 -0.042150  0.000000
   C  -4.862385   4.963431  -0.000000    0.047705 -0.056186 -0.000000
   C  -7.255864  -3.640964   0.000000    0.102187  0.001672  0.000000
   C  -6.092399  -1.434638   0.000000    0.081076 -0.002853  0.000000
   C  -4.879395   0.702723  -0.000000    0.060674 -0.013966 -0.000000
   C  -3.665303   2.829516  -0.000000    0.029542 -0.030795 -0.000000
   C  -2.419837   4.960708  -0.000000    0.037387 -0.045006 -0.000000
   C  -6.007804  -5.706227   0.000000    0.130712  0.021019  0.000000
   C  -4.847478  -3.560023   0.000000    0.080736  0.020048  0.000000
   C  -3.638695  -1.390784  -0.000000    0.059474  0.034787 -0.000000
   C  -2.430464   0.716680  -0.000000    0.041315  0.000140 -0.000000
   C  -1.217048   2.819339  -0.000000    0.013657 -0.032568 -0.000000
   C  -0.007167   4.959228  -0.000000   -0.007167 -0.043940 -0.000000
   C  -3.564689  -5.643123  -0.000000    0.114277  0.050930 -0.000000
   C  -2.422387  -3.482586  -0.000000    0.043627  0.078336 -0.000000
   N  -1.235642  -1.390169  -0.000000   -0.003220  0.033039 -0.000000
   C  -0.016310   0.709570  -0.000000   -0.016310 -0.006239 -0.000000
   C   1.223496   2.828180  -0.000000   -0.007209 -0.023727 -0.000000
   C   2.437905   4.962038  -0.000000   -0.019319 -0.043677 -0.000000
   C  -1.153080  -5.525922  -0.000000    0.073255  0.159158 -0.000000
   C   0.001578  -3.447800  -0.000000    0.001578  0.109279 -0.000000
   C   1.189697  -1.386715  -0.000000   -0.042726  0.036492 -0.000000
   C   2.423800   0.703673  -0.000000   -0.047980 -0.012866 -0.000000
   C   3.668561   2.822938  -0.000000   -0.026284 -0.037374 -0.000000
   C   4.869355   4.952687  -0.000000   -0.040735 -0.066930 -0.000000
   C   1.151440  -5.526519  -0.000000   -0.074895  0.158561 -0.000000
   C   2.440727  -3.479216  -0.000000   -0.025288  0.081706 -0.000000
   C   3.651442  -1.406616  -0.000000   -0.046726  0.018954 -0.000000
   C   4.882747   0.701016  -0.000000   -0.057322 -0.015673 -0.000000
   C   6.137822   2.835249   0.000000   -0.035820 -0.054164  0.000000
   C   7.285758   4.952967   0.000000   -0.052468 -0.089793  0.000000
   C   3.576326  -5.568484  -0.000000   -0.102640  0.125569 -0.000000
   N   4.845386  -3.533262  -0.000000   -0.082828  0.046808 -0.000000
   C   6.080430  -1.439031  -0.000000   -0.093045 -0.007246 -0.000000
   C   7.291325   0.632983   0.000000   -0.073903 -0.058156  0.000000
   C   6.002520  -5.647630   0.000000   -0.135996  0.079616  0.000000
   C   7.226077  -3.620658   0.000000   -0.131975  0.021978  0.000000
   C  -7.303788   3.571922   0.000000    0.054263 -0.070714  0.000000
   C  -6.094740   5.656789   0.000000    0.043776 -0.070457  0.000000
   C  -7.281537  -0.715054   0.000000    0.083691 -0.023915  0.000000
   C  -6.108278   1.400454   0.000000    0.065197 -0.031331  0.000000
   C  -4.884323   3.534214  -0.000000    0.043891 -0.045856 -0.000000
   C  -3.649629   5.626766  -0.000000    0.029337 -0.067286 -0.000000
   C  -7.201019  -5.032240   0.000000    0.137207  0.010520  0.000000
   C  -6.090322  -2.886125   0.000000    0.083320  0.003289  0.000000
   C  -4.879965  -0.708937  -0.000000    0.060104  0.007752 -0.000000
   C  -3.644070   1.404409  -0.000000    0.054099 -0.021162 -0.000000
   C  -2.441542   3.519998  -0.000000    0.024472 -0.040925 -0.000000
   C  -1.215445   5.644933  -0.000000    0.010889 -0.040147 -0.000000
   C  -4.798320  -4.988262   0.000000    0.111771  0.031355  0.000000
   C  -3.644683  -2.816488  -0.000000    0.050162  0.043824 -0.000000
   C  -2.437163  -0.690780  -0.000000    0.034616  0.025760 -0.000000
   N  -1.216918   1.415848  -0.000000    0.015505 -0.007360 -0.000000
   C  -0.006606   3.519149  -0.000000   -0.006606 -0.037930 -0.000000
   C   1.215170   5.625106  -0.000000   -0.011164 -0.059974 -0.000000
   C  -2.395051  -4.904962  -0.000000    0.062173  0.100753 -0.000000
   C  -1.203567  -2.780792  -0.000000    0.027138  0.071115 -0.000000
   C  -0.014197  -0.690692  -0.000000   -0.014197  0.025117 -0.000000
   C   1.198718   1.410817  -0.000000   -0.033705 -0.012391 -0.000000
   C   2.444536   3.524685  -0.000000   -0.021479 -0.036238 -0.000000
   C   3.659252   5.636561  -0.000000   -0.019714 -0.057491 -0.000000
   N  -0.016540  -4.825950  -0.000000   -0.016540  0.177219 -0.000000
   N   1.231631  -2.792044  -0.000000    0.000926  0.059863 -0.000000
   C   2.421053  -0.712517  -0.000000   -0.050726  0.004022 -0.000000
   C   3.649478   1.403922  -0.000000   -0.048691 -0.021648 -0.000000
   C   4.897075   3.522287  -0.000000   -0.031139 -0.057784 -0.000000
   C   6.101699   5.640640   0.000000   -0.036816 -0.086606  0.000000
   C   2.364655  -4.880650  -0.000000   -0.092568  0.125065 -0.000000
   C   3.642424  -2.816501  -0.000000   -0.052421  0.043810 -0.000000
   C   4.873113  -0.714407  -0.000000   -0.066956  0.002281 -0.000000
   C   6.116206   1.389480  -0.000000   -0.057269 -0.042305 -0.000000
   C   7.325005   3.559822   0.000000   -0.033046 -0.082813  0.000000
   C   4.792622  -4.930671  -0.000000   -0.117469  0.088946 -0.000000
   C   6.067904  -2.875960  -0.000000   -0.105738  0.013454 -0.000000
   C   7.284978  -0.737844   0.000000   -0.080250 -0.046705  0.000000
   C   7.204271  -5.012061   0.000000   -0.133954  0.030698  0.000000
   H   8.220621   5.500306   0.000000   -0.061563 -0.091119  0.000000
   H   8.283906   3.061654   0.000000   -0.041835 -0.079452  0.000000
   H   8.249202   1.131074   0.000000   -0.077513 -0.073588  0.000000
   H   8.230468  -1.260377   0.000000   -0.096247 -0.055715  0.000000
   H   8.172184  -3.107200   0.000000   -0.153557  0.033906  0.000000
   H   8.129878  -5.573462   0.000000   -0.152306  0.017963  0.000000
   H  -8.211325   5.513602   0.000000    0.070859 -0.077822  0.000000
   H  -8.260741   3.070289   0.000000    0.065000 -0.070817  0.000000
   H  -8.237836   1.165422   0.000000    0.088879 -0.039240  0.000000
   H  -8.230208  -1.231711   0.000000    0.096507 -0.027050  0.000000
   H  -8.222643  -3.159445   0.000000    0.103097 -0.018339  0.000000
   H  -8.128744  -5.590898   0.000000    0.153440  0.000527  0.000000
   H  -6.083886   6.739915   0.000000    0.032739 -0.079511  0.000000
   H  -3.649129   6.710066  -0.000000    0.023628 -0.077365 -0.000000
   H  -1.216648   6.727831  -0.000000    0.008932 -0.050577 -0.000000
   H   1.212248   6.708041  -0.000000   -0.013331 -0.070367 -0.000000
   H   3.663819   6.720178  -0.000000   -0.008938 -0.067253 -0.000000
   H   6.091579   6.723838   0.000000   -0.025046 -0.095589  0.000000
   H  -5.977299  -6.789012   0.000000    0.139327  0.030415  0.000000
   H  -3.523872  -6.726134  -0.000000    0.148885  0.061297 -0.000000
   H  -1.040535  -6.598087  -0.000000    0.185045  0.180321 -0.000000
   H   1.065585  -6.600177  -0.000000   -0.159995  0.178230 -0.000000
   H   3.576363  -6.648278  -0.000000   -0.096393  0.139153 -0.000000
   H   5.938776  -6.725663   0.000000   -0.177849  0.093764  0.000000
converged SCF energy = -3067.6710303499
--------------- ROKS_Scanner gradients ---------------
         x                y                z
0 C     0.0015710126    -0.0054594354    -0.0000000000
1 C     0.0012780378    -0.0010870198     0.0000000000
2 C     0.0051116327    -0.0012490178     0.0000000000
3 C    -0.0046630068    -0.0004708267     0.0000000000
4 C    -0.0027116476    -0.0010330806     0.0000000000
5 C     0.0011560285    -0.0001815443     0.0000000000
6 C     0.0027185743     0.0018780003    -0.0000000000
7 C     0.0019085798    -0.0056412338    -0.0000000000
8 C    -0.0008152880     0.0007193938     0.0000000000
9 C     0.0006607959    -0.0019610176     0.0000000000
10 C    -0.0024070963    -0.0011014277     0.0000000000
11 C     0.0039016860    -0.0010328688    -0.0000000000
12 C     0.0019613086    -0.0044341478    -0.0000000000
13 C    -0.0013344230     0.0020150446     0.0000000000
14 C    -0.0035214475    -0.0015309535     0.0000000000
15 C     0.0003607179    -0.0055411885     0.0000000000
16 C     0.0028506103     0.0035492994     0.0000000000
17 N     0.0053077039     0.0016682553     0.0000000000
18 C     0.0019770264    -0.0026187532     0.0000000000
19 C    -0.0018529478    -0.0002115790     0.0000000000
20 C     0.0031449766    -0.0013158884     0.0000000000
21 C     0.0015962590    -0.0025959237     0.0000000000
22 C     0.0026806030     0.0100067590    -0.0000000000
23 C    -0.0060976039    -0.0024914496    -0.0000000000
24 C    -0.0023236333    -0.0002001751     0.0000000000
25 C    -0.0020844346     0.0037299800     0.0000000000
26 C    -0.0002225442    -0.0026704565     0.0000000000
27 C    -0.0137440570    -0.0002216628     0.0000000000
28 C     0.0078384552     0.0015821000     0.0000000000
29 C    -0.0012412395    -0.0010608286    -0.0000000000
30 C    -0.0006068735    -0.0016165457    -0.0000000000
31 C    -0.0011492638     0.0018700047     0.0000000000
32 C    -0.0034323694    -0.0033574032    -0.0000000000
33 C    -0.0045978192     0.0038174351     0.0000000000
34 N     0.0004783530     0.0025732604     0.0000000000
35 C    -0.0002855413    -0.0000638196    -0.0000000000
36 C    -0.0043341873     0.0002471323    -0.0000000000
37 C    -0.0071990985     0.0066891680    -0.0000000000
38 C    -0.0047238869    -0.0027131462    -0.0000000000
39 C    -0.0043256661     0.0023287573    -0.0000000000
40 C     0.0039015901     0.0001256871    -0.0000000000
41 C    -0.0012165784    -0.0001038558    -0.0000000000
42 C    -0.0005738316     0.0006184602    -0.0000000000
43 C    -0.0029219258     0.0039140833    -0.0000000000
44 C     0.0050025485    -0.0028746431    -0.0000000000
45 C     0.0037954925     0.0033571750    -0.0000000000
46 C     0.0017373483     0.0009744982    -0.0000000000
47 C    -0.0003864241    -0.0004523141     0.0000000000
48 C    -0.0006878585     0.0011469194     0.0000000000
49 C    -0.0008790320     0.0009086334    -0.0000000000
50 C     0.0032045924     0.0027871306     0.0000000000
51 C     0.0030518877     0.0014134224    -0.0000000000
52 C    -0.0032061560     0.0025265705    -0.0000000000
53 C    -0.0054604211     0.0076165021     0.0000000000
54 N    -0.0003235386    -0.0002656468     0.0000000000
55 C     0.0028798197    -0.0018600470    -0.0000000000
56 C    -0.0015065816    -0.0009343622     0.0000000000
57 C     0.0004563555     0.0065877610     0.0000000000
58 C     0.0007571118    -0.0100385809     0.0000000000
59 C    -0.0025849951     0.0007897907    -0.0000000000
60 C    -0.0039391566     0.0008770682    -0.0000000000
61 C     0.0030270488    -0.0002999364    -0.0000000000
62 C    -0.0012867961     0.0022982256    -0.0000000000
63 N     0.0007006374    -0.0015339498    -0.0000000000
64 N     0.0037207812    -0.0056447564     0.0000000000
65 C     0.0026913709    -0.0015814031    -0.0000000000
66 C    -0.0010822977    -0.0010069502    -0.0000000000
67 C     0.0031754397    -0.0007920827    -0.0000000000
68 C    -0.0023809805     0.0006508368    -0.0000000000
69 C    -0.0000886615     0.0086559799    -0.0000000000
70 C    -0.0021232212    -0.0004036182    -0.0000000000
71 C    -0.0011547522     0.0007741639     0.0000000000
72 C     0.0017416156     0.0008087358     0.0000000000
73 C     0.0042761329    -0.0001267610     0.0000000000
74 C     0.0033780449    -0.0056643801    -0.0000000000
75 C     0.0021300384     0.0028481088     0.0000000000
76 C     0.0014321996    -0.0030187474     0.0000000000
77 C     0.0050628563     0.0012721458     0.0000000000
78 H    -0.0005918177    -0.0007545982     0.0000000000
79 H     0.0003658959    -0.0004373405     0.0000000000
80 H    -0.0003152527    -0.0007552647     0.0000000000
81 H     0.0003012562    -0.0012688035     0.0000000000
82 H     0.0002184922     0.0000953953     0.0000000000
83 H     0.0001219822    -0.0000075572     0.0000000000
84 H     0.0005648339    -0.0004422187    -0.0000000000
85 H    -0.0000873678    -0.0007824574     0.0000000000
86 H     0.0002075036    -0.0001096909    -0.0000000000
87 H     0.0002089694    -0.0000704642     0.0000000000
88 H     0.0002335311     0.0004792568    -0.0000000000
89 H     0.0007045122     0.0004351839     0.0000000000
90 H     0.0000835902    -0.0003408260     0.0000000000
91 H    -0.0003416014    -0.0009012475     0.0000000000
92 H    -0.0000451034    -0.0000320470    -0.0000000000
93 H     0.0002317013    -0.0008577983    -0.0000000000
94 H    -0.0000457722    -0.0002375321     0.0000000000
95 H    -0.0003881357    -0.0003695791    -0.0000000000
96 H     0.0003790822     0.0000597770    -0.0000000000
97 H     0.0001777866    -0.0005626805     0.0000000000
98 H     0.0002073359     0.0001356252    -0.0000000000
99 H     0.0003858613    -0.0003858891    -0.0000000000
100 H    -0.0006207313     0.0009232252    -0.0000000000
101 H     0.0009059106     0.0010308360     0.0000000000
----------------------------------------------
cycle 2: E = -3067.67103035  dE = -0.0384339  norm(grad) = 0.0417177

Geometry optimization cycle 3
Cartesian coordinates (Angstrom)
 Atom        New coordinates             dX        dY        dZ
   C  -7.287982   5.014378   0.000000   -0.013274  0.044828 -0.000000
   C  -7.296950   0.677916   0.000000   -0.012719  0.019541 -0.000000
   C  -6.132867   2.863048   0.000000   -0.010094  0.015784 -0.000000
   C  -4.866067   4.970812  -0.000000   -0.003681  0.007381 -0.000000
   C  -7.264301  -3.643892   0.000000   -0.008437 -0.002928 -0.000000
   C  -6.103324  -1.428131   0.000000   -0.010925  0.006507  0.000000
   C  -4.891367   0.702860   0.000000   -0.011972  0.000137  0.000000
   C  -3.673208   2.826909  -0.000000   -0.007905 -0.002608  0.000000
   C  -2.433606   4.948020  -0.000000   -0.013769 -0.012689  0.000000
   C  -6.038037  -5.692837   0.000000   -0.030233  0.013390 -0.000000
   C  -4.857909  -3.552611   0.000000   -0.010431  0.007411  0.000000
   C  -3.644625  -1.396776  -0.000000   -0.005930 -0.005992  0.000000
   C  -2.435522   0.707048  -0.000000   -0.005057 -0.009632  0.000000
   C  -1.220188   2.806553  -0.000000   -0.003140 -0.012786  0.000000
   C  -0.006989   4.953817  -0.000000    0.000179 -0.005411  0.000000
   C  -3.584233  -5.625447  -0.000000   -0.019544  0.017676 -0.000000
   C  -2.428007  -3.497522  -0.000000   -0.005620 -0.014936  0.000000
   N  -1.235676  -1.405714  -0.000000   -0.000034 -0.015546  0.000000
   C  -0.015163   0.696911  -0.000000    0.001147 -0.012659  0.000000
   C   1.218149   2.817034  -0.000000   -0.005347 -0.011147  0.000000
   C   2.428211   4.957391  -0.000000   -0.009694 -0.004647  0.000000
   C  -1.144440  -5.534642  -0.000000    0.008639 -0.008720  0.000000
   C  -0.002477  -3.475855  -0.000000   -0.004055 -0.028056  0.000000
   C   1.198796  -1.400486  -0.000000    0.009099 -0.013771  0.000000
   C   2.432633   0.693050  -0.000000    0.008834 -0.010623  0.000000
   C   3.661871   2.816834  -0.000000   -0.006690 -0.006104  0.000000
   C   4.873499   4.960926  -0.000000    0.004144  0.008239 -0.000000
   C   1.187102  -5.548694  -0.000000    0.035662 -0.022175  0.000000
   C   2.440045  -3.508917  -0.000000   -0.000682 -0.029701  0.000000
   C   3.658335  -1.420252  -0.000000    0.006892 -0.013635  0.000000
   C   4.890746   0.699535  -0.000000    0.007999 -0.001481  0.000000
   C   6.124294   2.843232  -0.000000   -0.013528  0.007983 -0.000000
   C   7.301443   4.979448   0.000000    0.015685  0.026480 -0.000000
   C   3.619983  -5.604028  -0.000000    0.043656 -0.035544 -0.000000
   N   4.855939  -3.549465  -0.000000    0.010553 -0.016203 -0.000000
   C   6.084959  -1.437462  -0.000000    0.004529  0.001569 -0.000000
   C   7.305740   0.652890  -0.000000    0.014415  0.019907 -0.000000
   C   6.036164  -5.669176  -0.000000    0.033645 -0.021546 -0.000000
   C   7.241725  -3.609770  -0.000000    0.015648  0.010888 -0.000000
   C  -7.296358   3.613148   0.000000    0.007430  0.041226 -0.000000
   C  -6.096458   5.676229  -0.000000   -0.001718  0.019440 -0.000000
   C  -7.284983  -0.696071   0.000000   -0.003445  0.018983 -0.000000
   C  -6.116741   1.412408   0.000000   -0.008464  0.011954  0.000000
   C  -4.886409   3.537536  -0.000000   -0.002086  0.003322  0.000000
   C  -3.656259   5.634176  -0.000000   -0.006631  0.007410 -0.000000
   C  -7.241964  -5.037738   0.000000   -0.040945 -0.005498 -0.000000
   C  -6.103394  -2.881497   0.000000   -0.013072  0.004628  0.000000
   C  -4.886080  -0.709354   0.000000   -0.006115 -0.000417  0.000000
   C  -3.650035   1.398654  -0.000000   -0.005965 -0.005754  0.000000
   C  -2.445867   3.507485  -0.000000   -0.004325 -0.012513  0.000000
   C  -1.226526   5.621906  -0.000000   -0.011081 -0.023026  0.000000
   C  -4.824166  -4.978514  -0.000000   -0.025846  0.009749 -0.000000
   C  -3.646580  -2.824197  -0.000000   -0.001897 -0.007709  0.000000
   C  -2.435099  -0.706322  -0.000000    0.002064 -0.015543  0.000000
   N  -1.217777   1.403424  -0.000000   -0.000859 -0.012424  0.000000
   C  -0.012672   3.511493  -0.000000   -0.006066 -0.007655  0.000000
   C   1.211125   5.628300  -0.000000   -0.004046  0.003194 -0.000000
   C  -2.393158  -4.919909  -0.000000    0.001893 -0.014947  0.000000
   C  -1.205911  -2.794455  -0.000000   -0.002345 -0.013663  0.000000
   C  -0.008369  -0.706361  -0.000000    0.005828 -0.015669  0.000000
   C   1.204421   1.397306  -0.000000    0.005703 -0.013510  0.000000
   C   2.434160   3.517987  -0.000000   -0.010376 -0.006698  0.000000
   C   3.654438   5.626357  -0.000000   -0.004814 -0.010204 -0.000000
   N   0.006111  -4.852367  -0.000000    0.022652 -0.026417  0.000000
   N   1.228437  -2.810755  -0.000000   -0.003194 -0.018711  0.000000
   C   2.427244  -0.724394  -0.000000    0.006191 -0.011877  0.000000
   C   3.655662   1.397789  -0.000000    0.006184 -0.006133  0.000000
   C   4.882960   3.528491  -0.000000   -0.014116  0.006205 -0.000000
   C   6.109089   5.650907  -0.000000    0.007390  0.010267 -0.000000
   C   2.402529  -4.919306  -0.000000    0.037874 -0.038656  0.000000
   C   3.645242  -2.835827  -0.000000    0.002818 -0.019326  0.000000
   C   4.876917  -0.719134  -0.000000    0.003803 -0.004726  0.000000
   C   6.120386   1.395784  -0.000000    0.004179  0.006304 -0.000000
   C   7.300991   3.583936   0.000000   -0.024014  0.024114 -0.000000
   C   4.822424  -4.947764  -0.000000    0.029802 -0.017093 -0.000000
   C   6.073903  -2.878678  -0.000000    0.005999 -0.002718 -0.000000
   C   7.281270  -0.717372  -0.000000   -0.003707  0.020471 -0.000000
   C   7.216984  -5.002946  -0.000000    0.012712  0.009115 -0.000000
   H   8.240017   5.521860   0.000000    0.019396  0.021554 -0.000000
   H   8.255814   3.080525   0.000000   -0.028092  0.018871 -0.000000
   H   8.262713   1.153318  -0.000000    0.013511  0.022244 -0.000000
   H   8.228504  -1.233269  -0.000000   -0.001964  0.027108 -0.000000
   H   8.183691  -3.090864   0.000000    0.011508  0.016336 -0.000000
   H   8.148800  -5.552739   0.000000    0.018922  0.020722 -0.000000
   H  -8.223184   5.561816   0.000000   -0.011859  0.048214 -0.000000
   H  -8.256005   3.119034   0.000000    0.004736  0.048745 -0.000000
   H  -8.250423   1.184748   0.000000   -0.012587  0.019326 -0.000000
   H  -8.234757  -1.210029   0.000000   -0.004549  0.021682 -0.000000
   H  -8.227901  -3.157206   0.000000   -0.005258  0.002239 -0.000000
   H  -8.172274  -5.593305   0.000000   -0.043530 -0.002407 -0.000000
   H  -6.070747   6.759071  -0.000000    0.013139  0.019155 -0.000000
   H  -3.645976   6.718093  -0.000000    0.003153  0.008028 -0.000000
   H  -1.231546   6.704288  -0.000000   -0.014898 -0.023542 -0.000000
   H   1.206688   6.711824  -0.000000   -0.005560  0.003783 -0.000000
   H   3.654037   6.709787  -0.000000   -0.009782 -0.010391 -0.000000
   H   6.094049   6.734051  -0.000000    0.002470  0.010213 -0.000000
   H  -6.003340  -6.775078   0.000000   -0.026041  0.013934 -0.000000
   H  -3.555774  -6.707592  -0.000000   -0.031901  0.018541 -0.000000
   H  -1.035486  -6.606522  -0.000000    0.005049 -0.008435 -0.000000
   H   1.093738  -6.620398  -0.000000    0.028153 -0.020220 -0.000000
   H   3.635778  -6.684218  -0.000000    0.059414 -0.035940 -0.000000
   H   5.980375  -6.748427  -0.000000    0.041598 -0.022765 -0.000000
converged SCF energy = -3067.67173837551
--------------- ROKS_Scanner gradients ---------------
         x                y                z
0 C    -0.0064093043     0.0011488859     0.0000000000
1 C    -0.0025548695     0.0007051604    -0.0000000000
2 C    -0.0008988704    -0.0037112422    -0.0000000000
3 C    -0.0018781509    -0.0002131146     0.0000000000
4 C     0.0046123478    -0.0039126758    -0.0000000000
5 C     0.0009322596    -0.0007702337    -0.0000000000
6 C    -0.0012306769    -0.0002120299    -0.0000000000
7 C    -0.0001356313    -0.0019324586    -0.0000000000
8 C    -0.0043316460     0.0003214222     0.0000000000
9 C    -0.0000776269     0.0047059142    -0.0000000000
10 C     0.0005557330     0.0005368096    -0.0000000000
11 C    -0.0000582958    -0.0011429473    -0.0000000000
12 C     0.0004744923    -0.0021644407    -0.0000000000
13 C    -0.0001572905    -0.0009557702     0.0000000000
14 C     0.0026831350     0.0016792940     0.0000000000
15 C    -0.0013396649     0.0048860393    -0.0000000000
16 C    -0.0010944426    -0.0007600391    -0.0000000000
17 N     0.0009494441     0.0002051064     0.0000000000
18 C    -0.0000751649    -0.0007795557    -0.0000000000
19 C    -0.0012916751    -0.0004363774    -0.0000000000
20 C    -0.0012582089     0.0006337395     0.0000000000
21 C     0.0003177514     0.0061542039     0.0000000000
22 C    -0.0029647400    -0.0001799641     0.0000000000
23 C    -0.0004133216     0.0009417195    -0.0000000000
24 C     0.0005634000     0.0000041847     0.0000000000
25 C    -0.0010500678    -0.0015863116    -0.0000000000
26 C     0.0030541651     0.0026291044    -0.0000000000
27 C    -0.0007101876     0.0051459804     0.0000000000
28 C    -0.0036518627    -0.0037921037     0.0000000000
29 C     0.0004883079     0.0002935652     0.0000000000
30 C     0.0007221021     0.0000982667     0.0000000000
31 C    -0.0011710373    -0.0025885542    -0.0000000000
32 C     0.0066169840     0.0032009301     0.0000000000
33 C     0.0010241028    -0.0005403620    -0.0000000000
34 N    -0.0010150782     0.0002632405     0.0000000000
35 C     0.0000040070    -0.0020491928     0.0000000000
36 C     0.0035423623     0.0017042254     0.0000000000
37 C    -0.0026271232    -0.0031769698    -0.0000000000
38 C     0.0026027382    -0.0003468288     0.0000000000
39 C     0.0050516284     0.0066914360    -0.0000000000
40 C     0.0024046416    -0.0034207424     0.0000000000
41 C     0.0022313836     0.0026248986     0.0000000000
42 C     0.0025755507    -0.0007161483     0.0000000000
43 C    -0.0008832012     0.0005283719     0.0000000000
44 C     0.0019803760     0.0014457478    -0.0000000000
45 C    -0.0061509396    -0.0027984004     0.0000000000
46 C     0.0002006058     0.0019334308     0.0000000000
47 C     0.0006886626     0.0000412273     0.0000000000
48 C     0.0004039836     0.0013125355     0.0000000000
49 C     0.0016222240    -0.0011241460     0.0000000000
50 C    -0.0007885248    -0.0031739334    -0.0000000000
51 C    -0.0010110268    -0.0016449561     0.0000000000
52 C     0.0003586006     0.0011793279     0.0000000000
53 C     0.0001318644     0.0014616399     0.0000000000
54 N    -0.0001457341    -0.0000411120     0.0000000000
55 C    -0.0011519590    -0.0001104601     0.0000000000
56 C    -0.0000671427     0.0010416769    -0.0000000000
57 C     0.0040188230    -0.0016876930     0.0000000000
58 C    -0.0001365616    -0.0013819222    -0.0000000000
59 C    -0.0000686587    -0.0013706489     0.0000000000
60 C    -0.0000035548    -0.0003720703     0.0000000000
61 C     0.0009588294     0.0001591963     0.0000000000
62 C    -0.0016148504    -0.0036517376    -0.0000000000
63 N     0.0052596878    -0.0061451058    -0.0000000000
64 N    -0.0022214686     0.0004683771    -0.0000000000
65 C     0.0001254300    -0.0002657635    -0.0000000000
66 C     0.0001703005    -0.0016381722    -0.0000000000
67 C    -0.0017725601     0.0016526255     0.0000000000
68 C     0.0001444032    -0.0043808897     0.0000000000
69 C     0.0057321805    -0.0021627187     0.0000000000
70 C     0.0001927902    -0.0002305922    -0.0000000000
71 C    -0.0009332183     0.0004452438    -0.0000000000
72 C     0.0006566150    -0.0020284247    -0.0000000000
73 C    -0.0058632043     0.0033107420     0.0000000000
74 C     0.0024951658    -0.0014217826     0.0000000000
75 C    -0.0019492689     0.0006178605    -0.0000000000
76 C    -0.0031624299     0.0020586335    -0.0000000000
77 C    -0.0040532841     0.0045028922    -0.0000000000
78 H     0.0005008501     0.0005228253     0.0000000000
79 H    -0.0010586225     0.0008497276    -0.0000000000
80 H     0.0000968061     0.0001888630    -0.0000000000
81 H    -0.0009659671     0.0005798776     0.0000000000
82 H    -0.0002709948     0.0002338906    -0.0000000000
83 H    -0.0011128177     0.0003099553     0.0000000000
84 H    -0.0001993696     0.0006854105    -0.0000000000
85 H     0.0012769101     0.0009927855    -0.0000000000
86 H     0.0002637120    -0.0002221217     0.0000000000
87 H     0.0007009650     0.0007541419    -0.0000000000
88 H     0.0009265750    -0.0010788922    -0.0000000000
89 H    -0.0004747732    -0.0003895443     0.0000000000
90 H    -0.0007526560    -0.0007281670    -0.0000000000
91 H    -0.0005496000    -0.0000035996     0.0000000000
92 H    -0.0001553227    -0.0010100149     0.0000000000
93 H     0.0001703604    -0.0001488150     0.0000000000
94 H     0.0003474136    -0.0009531235     0.0000000000
95 H     0.0007214335    -0.0008275929     0.0000000000
96 H    -0.0004575748     0.0009320613     0.0000000000
97 H     0.0001678764     0.0012466293    -0.0000000000
98 H     0.0007315586     0.0013215549    -0.0000000000
99 H     0.0011285402     0.0011062242     0.0000000000
100 H     0.0005185948     0.0001596638     0.0000000000
101 H     0.0002685446    -0.0002229501     0.0000000000
----------------------------------------------
cycle 3: E = -3067.67173838  dE = -0.000708026  norm(grad) = 0.0306439

Geometry optimization cycle 4
Cartesian coordinates (Angstrom)
 Atom        New coordinates             dX        dY        dZ
   C  -7.278224   4.991907   0.000000    0.009759 -0.022470 -0.000000
   C  -7.296936   0.665997   0.000000    0.000014 -0.011919 -0.000000
   C  -6.133075   2.858573   0.000000   -0.000208 -0.004475 -0.000000
   C  -4.864945   4.974284  -0.000000    0.001121  0.003472 -0.000000
   C  -7.275980  -3.632661   0.000000   -0.011679  0.011231 -0.000000
   C  -6.107238  -1.432052   0.000000   -0.003914 -0.003921 -0.000000
   C  -4.892348   0.702553   0.000000   -0.000981 -0.000308 -0.000000
   C  -3.671621   2.834450  -0.000000    0.001587  0.007541 -0.000000
   C  -2.427378   4.959319  -0.000000    0.006229  0.011299 -0.000000
   C  -6.040894  -5.703734   0.000000   -0.002857 -0.010897 -0.000000
   C  -4.861512  -3.560368   0.000000   -0.003603 -0.007756  0.000000
   C  -3.647896  -1.398764  -0.000000   -0.003271 -0.001988  0.000000
   C  -2.436273   0.712489  -0.000000   -0.000751  0.005442  0.000000
   C  -1.217416   2.815640  -0.000000    0.002772  0.009087  0.000000
   C  -0.005813   4.962828  -0.000000    0.001175  0.009011  0.000000
   C  -3.589735  -5.639958  -0.000000   -0.005502 -0.014511  0.000000
   C  -2.430493  -3.501681  -0.000000   -0.002487 -0.004159  0.000000
   N  -1.235943  -1.401930  -0.000000   -0.000267  0.003784  0.000000
   C  -0.012365   0.706029  -0.000000    0.002798  0.009118  0.000000
   C   1.224900   2.826898  -0.000000    0.006751  0.009864  0.000000
   C   2.433390   4.967981  -0.000000    0.005178  0.010590  0.000000
   C  -1.154580  -5.546001  -0.000000   -0.010140 -0.011359  0.000000
   C  -0.004259  -3.474290  -0.000000   -0.001782  0.001565  0.000000
   C   1.203039  -1.393108  -0.000000    0.004243  0.007379  0.000000
   C   2.438012   0.701226  -0.000000    0.005379  0.008176  0.000000
   C   3.671088   2.825448  -0.000000    0.009217  0.008614  0.000000
   C   4.872020   4.968257  -0.000000   -0.001479  0.007331 -0.000000
   C   1.178134  -5.553398  -0.000000   -0.008968 -0.004704 -0.000000
   C   2.439055  -3.502929  -0.000000   -0.000990  0.005988  0.000000
   C   3.664462  -1.415562  -0.000000    0.006127  0.004690  0.000000
   C   4.894652   0.702074  -0.000000    0.003906  0.002539  0.000000
   C   6.136853   2.846580  -0.000000    0.012559  0.003348 -0.000000
   C   7.288064   4.975715   0.000000   -0.013380 -0.003733 -0.000000
   C   3.611221  -5.600398  -0.000000   -0.008762  0.003629 -0.000000
   N   4.858346  -3.548909  -0.000000    0.002407  0.000557 -0.000000
   C   6.096344  -1.440805  -0.000000    0.011384 -0.003343 -0.000000
   C   7.305373   0.647851  -0.000000   -0.000367 -0.005039 -0.000000
   C   6.034229  -5.670946  -0.000000   -0.001935 -0.001770 -0.000000
   C   7.245689  -3.626253  -0.000000    0.003964 -0.016483 -0.000000
   C  -7.307636   3.588830   0.000000   -0.011278 -0.024318 -0.000000
   C  -6.098987   5.676178  -0.000000   -0.002529 -0.000051 -0.000000
   C  -7.294409  -0.709027   0.000000   -0.009427 -0.012955 -0.000000
   C  -6.120309   1.407628   0.000000   -0.003568 -0.004780 -0.000000
   C  -4.887522   3.540010  -0.000000   -0.001113  0.002474 -0.000000
   C  -3.655701   5.638707  -0.000000    0.000558  0.004531 -0.000000
   C  -7.233583  -5.027165   0.000000    0.008381  0.010573 -0.000000
   C  -6.106372  -2.884997   0.000000   -0.002979 -0.003500 -0.000000
   C  -4.890045  -0.710643   0.000000   -0.003965 -0.001289  0.000000
   C  -3.651832   1.403258  -0.000000   -0.001797  0.004604  0.000000
   C  -2.443836   3.517738  -0.000000    0.002031  0.010253  0.000000
   C  -1.222172   5.638127  -0.000000    0.004355  0.016221 -0.000000
   C  -4.827643  -4.988258  -0.000000   -0.003477 -0.009744  0.000000
   C  -3.649926  -2.829418  -0.000000   -0.003347 -0.005221  0.000000
   C  -2.437105  -0.705084  -0.000000   -0.002006  0.001238  0.000000
   N  -1.217101   1.411251  -0.000000    0.000676  0.007827  0.000000
   C  -0.008268   3.520319  -0.000000    0.004404  0.008826  0.000000
   C   1.213907   5.635283  -0.000000    0.002782  0.006983  0.000000
   C  -2.402693  -4.927609  -0.000000   -0.009536 -0.007700  0.000000
   C  -1.209035  -2.791943  -0.000000   -0.003124  0.002512  0.000000
   C  -0.006720  -0.699291  -0.000000    0.001649  0.007070  0.000000
   C   1.209552   1.406354  -0.000000    0.005131  0.009048  0.000000
   C   2.441768   3.527598  -0.000000    0.007608  0.009611  0.000000
   C   3.657492   5.642123  -0.000000    0.003054  0.015766 -0.000000
   N  -0.005808  -4.853247  -0.000000   -0.011919 -0.000880  0.000000
   N   1.227321  -2.804727  -0.000000   -0.001116  0.006027  0.000000
   C   2.432827  -0.717141  -0.000000    0.005583  0.007254  0.000000
   C   3.661584   1.405720  -0.000000    0.005922  0.007931  0.000000
   C   4.894213   3.534041  -0.000000    0.011254  0.005550 -0.000000
   C   6.104533   5.663494  -0.000000   -0.004557  0.012587 -0.000000
   C   2.391067  -4.916243  -0.000000   -0.011462  0.003063 -0.000000
   C   3.647994  -2.832050  -0.000000    0.002753  0.003777  0.000000
   C   4.887312  -0.718848  -0.000000    0.010396  0.000286  0.000000
   C   6.123770   1.398222  -0.000000    0.003385  0.002437 -0.000000
   C   7.318057   3.579693  -0.000000    0.017066 -0.004243 -0.000000
   C   4.817686  -4.946496  -0.000000   -0.004738  0.001268 -0.000000
   C   6.081753  -2.885390  -0.000000    0.007850 -0.006711 -0.000000
   C   7.295222  -0.723169  -0.000000    0.013951 -0.005797 -0.000000
   C   7.225355  -5.021980  -0.000000    0.008371 -0.019033 -0.000000
   H   8.224365   5.521699   0.000000   -0.015652 -0.000162 -0.000000
   H   8.277408   3.082660   0.000000    0.021594  0.002134 -0.000000
   H   8.261288   1.150727  -0.000000   -0.001425 -0.002591 -0.000000
   H   8.245660  -1.234824  -0.000000    0.017155 -0.001555 -0.000000
   H   8.189640  -3.110475  -0.000000    0.005949 -0.019610 -0.000000
   H   8.155305  -5.576896  -0.000000    0.006505 -0.024157 -0.000000
   H  -8.215141   5.536245   0.000000    0.008043 -0.025571 -0.000000
   H  -8.267988   3.093263   0.000000   -0.011983 -0.025771 -0.000000
   H  -8.250457   1.173783   0.000000   -0.000034 -0.010965 -0.000000
   H  -8.244439  -1.224560   0.000000   -0.009682 -0.014531 -0.000000
   H  -8.240643  -3.145413   0.000000   -0.012742  0.011793 -0.000000
   H  -8.164862  -5.580882   0.000000    0.007412  0.012423 -0.000000
   H  -6.082973   6.760048  -0.000000   -0.012226  0.000977 -0.000000
   H  -3.647081   6.723062  -0.000000   -0.001104  0.004969 -0.000000
   H  -1.225605   6.721501  -0.000000    0.005941  0.017212 -0.000000
   H   1.207992   6.719329  -0.000000    0.001304  0.007505 -0.000000
   H   3.657603   6.726544  -0.000000    0.003566  0.016757 -0.000000
   H   6.092632   6.747600  -0.000000   -0.001417  0.013549 -0.000000
   H  -6.014280  -6.787123   0.000000   -0.010940 -0.012045 -0.000000
   H  -3.560997  -6.723083  -0.000000   -0.005223 -0.015490  0.000000
   H  -1.046811  -6.619278  -0.000000   -0.011325 -0.012755  0.000000
   H   1.084141  -6.626166  -0.000000   -0.009597 -0.005768 -0.000000
   H   3.624946  -6.681216  -0.000000   -0.010832  0.003002 -0.000000
   H   5.968330  -6.749963  -0.000000   -0.012045 -0.001536 -0.000000
converged SCF energy = -3067.67322268492
--------------- ROKS_Scanner gradients ---------------
         x                y                z
0 C     0.0017121438    -0.0023114902     0.0000000000
1 C     0.0005967081    -0.0008347793     0.0000000000
2 C     0.0013896011     0.0004160206     0.0000000000
3 C    -0.0012722670    -0.0005415159    -0.0000000000
4 C    -0.0020381294     0.0013867459     0.0000000000
5 C    -0.0003629503    -0.0000207817     0.0000000000
6 C    -0.0005664318     0.0000540473     0.0000000000
7 C     0.0006894719    -0.0002682796     0.0000000000
8 C    -0.0013756031     0.0002707680    -0.0000000000
9 C    -0.0000125233    -0.0018326724    -0.0000000000
10 C     0.0008753083     0.0004068768     0.0000000000
11 C    -0.0009859576    -0.0006857906     0.0000000000
12 C     0.0004532223    -0.0006131712     0.0000000000
13 C     0.0001143108    -0.0003815933    -0.0000000000
14 C     0.0004369925     0.0006846967    -0.0000000000
15 C    -0.0008102472     0.0013551392     0.0000000000
16 C    -0.0004696785    -0.0007009611     0.0000000000
17 N     0.0008051475     0.0009231540     0.0000000000
18 C     0.0002988246     0.0006067723     0.0000000000
19 C    -0.0005827505    -0.0002250910    -0.0000000000
20 C    -0.0002765350     0.0001600591    -0.0000000000
21 C    -0.0012122773     0.0004407529    -0.0000000000
22 C    -0.0006220558     0.0003776268    -0.0000000000
23 C     0.0019490402     0.0012922699     0.0000000000
24 C     0.0009016018    -0.0000081178     0.0000000000
25 C    -0.0006374408    -0.0004331284    -0.0000000000
26 C     0.0009680184    -0.0001942168    -0.0000000000
27 C    -0.0000832271     0.0011364747    -0.0000000000
28 C    -0.0028366238    -0.0013014022    -0.0000000000
29 C     0.0001970709     0.0010434231     0.0000000000
30 C    -0.0004959455    -0.0001803567     0.0000000000
31 C    -0.0002064326     0.0001525317    -0.0000000000
32 C    -0.0014966191    -0.0014488256     0.0000000000
33 C    -0.0004048731    -0.0008936685    -0.0000000000
34 N     0.0000134271     0.0003385047    -0.0000000000
35 C     0.0003791779    -0.0002940134    -0.0000000000
36 C     0.0002102961    -0.0000338013    -0.0000000000
37 C    -0.0010388832    -0.0002615129    -0.0000000000
38 C     0.0009691494    -0.0017442141     0.0000000000
39 C    -0.0024831760    -0.0002872290    -0.0000000000
40 C     0.0009917445     0.0022309463     0.0000000000
41 C    -0.0010909518    -0.0004938404    -0.0000000000
42 C    -0.0009674452     0.0010992922    -0.0000000000
43 C    -0.0003834125     0.0003593705    -0.0000000000
44 C     0.0009361811     0.0008089372     0.0000000000
45 C     0.0016113116     0.0011562936    -0.0000000000
46 C     0.0004206721    -0.0008930116    -0.0000000000
47 C    -0.0001962327    -0.0000106351    -0.0000000000
48 C    -0.0011766609     0.0012122242    -0.0000000000
49 C     0.0004124930    -0.0001767091     0.0000000000
50 C     0.0002129913    -0.0005640433    -0.0000000000
51 C    -0.0016291424    -0.0001350631     0.0000000000
52 C     0.0007834167    -0.0002428316    -0.0000000000
53 C     0.0006398496    -0.0003009763    -0.0000000000
54 N    -0.0003558040     0.0003049430    -0.0000000000
55 C    -0.0000262444     0.0001774844     0.0000000000
56 C     0.0001039487     0.0005274856    -0.0000000000
57 C     0.0007686912    -0.0009927563    -0.0000000000
58 C    -0.0008609044     0.0000756404     0.0000000000
59 C    -0.0003721093    -0.0014823154    -0.0000000000
60 C     0.0008888000     0.0001055112     0.0000000000
61 C     0.0004338568     0.0000138937     0.0000000000
62 C    -0.0003239028     0.0001817798     0.0000000000
63 N     0.0020855818    -0.0027586479     0.0000000000
64 N    -0.0023503071     0.0012698740     0.0000000000
65 C     0.0000767931     0.0004825292    -0.0000000000
66 C     0.0005365027     0.0001835856    -0.0000000000
67 C     0.0002060271    -0.0001047864     0.0000000000
68 C    -0.0002678781     0.0021116676     0.0000000000
69 C     0.0026407234    -0.0017049841     0.0000000000
70 C     0.0010274249     0.0002927209     0.0000000000
71 C     0.0004479236     0.0000155370    -0.0000000000
72 C     0.0001025021     0.0002924698     0.0000000000
73 C     0.0013274099    -0.0001573810    -0.0000000000
74 C     0.0007850135    -0.0005770600     0.0000000000
75 C    -0.0013687995     0.0006400171    -0.0000000000
76 C     0.0003218741     0.0006889936     0.0000000000
77 C     0.0008482019     0.0008055718    -0.0000000000
78 H    -0.0003217703    -0.0000483281    -0.0000000000
79 H     0.0000022417    -0.0002445089     0.0000000000
80 H    -0.0000760976     0.0000229632     0.0000000000
81 H    -0.0002879997     0.0003569374    -0.0000000000
82 H    -0.0002442685    -0.0003934300    -0.0000000000
83 H    -0.0000626070    -0.0001975731     0.0000000000
84 H     0.0003838708    -0.0000819568     0.0000000000
85 H    -0.0001968082    -0.0004144768     0.0000000000
86 H     0.0001566539    -0.0000881545    -0.0000000000
87 H    -0.0001938757    -0.0003542793     0.0000000000
88 H    -0.0003501259     0.0004745132    -0.0000000000
89 H     0.0002218922     0.0001717224     0.0000000000
90 H    -0.0000096030     0.0003117450    -0.0000000000
91 H    -0.0002072084     0.0001547344    -0.0000000000
92 H    -0.0000831703    -0.0000712048     0.0000000000
93 H     0.0000451317     0.0001177699     0.0000000000
94 H     0.0000682126     0.0000691443    -0.0000000000
95 H    -0.0000160171     0.0003630415    -0.0000000000
96 H     0.0000757792    -0.0002617417     0.0000000000
97 H     0.0000002610     0.0002778624    -0.0000000000
98 H    -0.0000397665     0.0000600029    -0.0000000000
99 H     0.0006229090     0.0000994427     0.0000000000
100 H     0.0002593665    -0.0001879491    -0.0000000000
101 H     0.0003312769    -0.0001161375     0.0000000000
----------------------------------------------
cycle 4: E = -3067.67322268  dE = -0.00148431  norm(grad) = 0.0122454

Geometry optimization cycle 5
Cartesian coordinates (Angstrom)
 Atom        New coordinates             dX        dY        dZ
   C  -7.288917   4.995572  -0.000000   -0.010693  0.003664 -0.000000
   C  -7.295397   0.667517   0.000000    0.001538  0.001520 -0.000000
   C  -6.132977   2.856829   0.000000    0.000098 -0.001744  0.000000
   C  -4.864814   4.970567  -0.000000    0.000131 -0.003718  0.000000
   C  -7.266071  -3.647055   0.000000    0.009909 -0.014393 -0.000000
   C  -6.103799  -1.435017   0.000000    0.003439 -0.002965  0.000000
   C  -4.889001   0.701297   0.000000    0.003346 -0.001255  0.000000
   C  -3.670488   2.834607   0.000000    0.001133  0.000157  0.000000
   C  -2.422861   4.962621  -0.000000    0.004517  0.003302  0.000000
   C  -6.031748  -5.705559   0.000000    0.009146 -0.001825  0.000000
   C  -4.857048  -3.563735   0.000000    0.004464 -0.003367  0.000000
   C  -3.645735  -1.397486   0.000000    0.002162  0.001278  0.000000
   C  -2.435153   0.715229   0.000000    0.001120  0.002740  0.000000
   C  -1.217442   2.818919   0.000000   -0.000026  0.003279  0.000000
   C  -0.006313   4.963620  -0.000000   -0.000499  0.000793  0.000000
   C  -3.582286  -5.649366   0.000000    0.007449 -0.009408  0.000000
   C  -2.427783  -3.497930   0.000000    0.002710  0.003751  0.000000
   N  -1.237456  -1.398430   0.000000   -0.001513  0.003500  0.000000
   C  -0.014194   0.709576   0.000000   -0.001830  0.003546  0.000000
   C   1.225969   2.829795  -0.000000    0.001069  0.002897  0.000000
   C   2.437566   4.968945  -0.000000    0.004177  0.000964  0.000000
   C  -1.156978  -5.543783  -0.000000   -0.002398  0.002217  0.000000
   C  -0.001618  -3.466650   0.000000    0.002640  0.007641  0.000000
   C   1.198625  -1.390647   0.000000   -0.004414  0.002460  0.000000
   C   2.433631   0.703044   0.000000   -0.004381  0.001817  0.000000
   C   3.671852   2.825751  -0.000000    0.000764  0.000303  0.000000
   C   4.873023   4.963944  -0.000000    0.001003 -0.004314  0.000000
   C   1.166069  -5.548684  -0.000000   -0.012065  0.004714  0.000000
   C   2.441242  -3.494010  -0.000000    0.002187  0.008920  0.000000
   C   3.660985  -1.413143  -0.000000   -0.003477  0.002418  0.000000
   C   4.891728   0.702484  -0.000000   -0.002924  0.000409  0.000000
   C   6.139116   2.844262  -0.000000    0.002263 -0.002318  0.000000
   C   7.297633   4.972788  -0.000000    0.009570 -0.002927 -0.000000
   C   3.597148  -5.588108  -0.000000   -0.014072  0.012290  0.000000
   N   4.856906  -3.544560  -0.000000   -0.001440  0.004349  0.000000
   C   6.092952  -1.441177  -0.000000   -0.003391 -0.000372  0.000000
   C   7.301545   0.642324  -0.000000   -0.003828 -0.005527 -0.000000
   C   6.024201  -5.665972  -0.000000   -0.010028  0.004974 -0.000000
   C   7.244054  -3.625036  -0.000000   -0.001635  0.001217 -0.000000
   C  -7.304377   3.591732   0.000000    0.003259  0.002902 -0.000000
   C  -6.102868   5.666949  -0.000000   -0.003881 -0.009229 -0.000000
   C  -7.288395  -0.707681   0.000000    0.006014  0.001346 -0.000000
   C  -6.117034   1.405736   0.000000    0.003275 -0.001892  0.000000
   C  -4.887027   3.537259   0.000000    0.000495 -0.002751  0.000000
   C  -3.655755   5.634693  -0.000000   -0.000054 -0.004014  0.000000
   C  -7.230813  -5.041485   0.000000    0.002771 -0.014320 -0.000000
   C  -6.102669  -2.889547   0.000000    0.003704 -0.004550  0.000000
   C  -4.887721  -0.711808   0.000000    0.002324 -0.001165  0.000000
   C  -3.649722   1.403262   0.000000    0.002110  0.000004  0.000000
   C  -2.443690   3.521002  -0.000000    0.000146  0.003265  0.000000
   C  -1.219348   5.645211  -0.000000    0.002824  0.007084  0.000000
   C  -4.817282  -4.992502   0.000000    0.010361 -0.004244  0.000000
   C  -3.648427  -2.828082   0.000000    0.001499  0.001336  0.000000
   C  -2.437638  -0.701743   0.000000   -0.000533  0.003340  0.000000
   N  -1.217506   1.414720   0.000000   -0.000404  0.003469  0.000000
   C  -0.007700   3.522065  -0.000000    0.000568  0.001745  0.000000
   C   1.215591   5.632309  -0.000000    0.001685 -0.002974  0.000000
   C  -2.403926  -4.924662   0.000000   -0.001233  0.002948  0.000000
   C  -1.206860  -2.787430   0.000000    0.002175  0.004513  0.000000
   C  -0.009403  -0.694560   0.000000   -0.002683  0.004730  0.000000
   C   1.206630   1.409665   0.000000   -0.002923  0.003310  0.000000
   C   2.443438   3.529051  -0.000000    0.001671  0.001453  0.000000
   C   3.661727   5.643712  -0.000000    0.004235  0.001588  0.000000
   N  -0.014529  -4.843392  -0.000000   -0.008722  0.009856  0.000000
   N   1.230637  -2.800422  -0.000000    0.003316  0.004305  0.000000
   C   2.428764  -0.715167   0.000000   -0.004062  0.001974  0.000000
   C   3.658304   1.406400   0.000000   -0.003280  0.000680  0.000000
   C   4.896092   3.530977  -0.000000    0.001879 -0.003064  0.000000
   C   6.109319   5.652327  -0.000000    0.004786 -0.011166  0.000000
   C   2.376300  -4.904770  -0.000000   -0.014767  0.011473  0.000000
   C   3.648584  -2.827578  -0.000000    0.000589  0.004473  0.000000
   C   4.884119  -0.717764  -0.000000   -0.003193  0.001084  0.000000
   C   6.122045   1.396069  -0.000000   -0.001725 -0.002152  0.000000
   C   7.321148   3.576433  -0.000000    0.003092 -0.003260 -0.000000
   C   4.807882  -4.940212  -0.000000   -0.009803  0.006285  0.000000
   C   6.081536  -2.884798  -0.000000   -0.000216  0.000591  0.000000
   C   7.294105  -0.728785  -0.000000   -0.001117 -0.005616 -0.000000
   C   7.218260  -5.021811  -0.000000   -0.007094  0.000168 -0.000000
   H   8.234028   5.519246  -0.000000    0.009663 -0.002453 -0.000000
   H   8.279719   3.077643   0.000000    0.002311 -0.005016 -0.000000
   H   8.257983   1.144406  -0.000000   -0.003304 -0.006321 -0.000000
   H   8.244121  -1.242901  -0.000000   -0.001538 -0.008077 -0.000000
   H   8.189143  -3.110019  -0.000000   -0.000497  0.000456 -0.000000
   H   8.146831  -5.579343  -0.000000   -0.008474 -0.002447 -0.000000
   H  -8.226542   5.539574  -0.000000   -0.011401  0.003329 -0.000000
   H  -8.263732   3.094616   0.000000    0.004256  0.001352 -0.000000
   H  -8.249321   1.175262   0.000000    0.001136  0.001479 -0.000000
   H  -8.238809  -1.221989   0.000000    0.005630  0.002571 -0.000000
   H  -8.231655  -3.162603   0.000000    0.008988 -0.017190 -0.000000
   H  -8.160863  -5.597857   0.000000    0.003999 -0.016975 -0.000000
   H  -6.083092   6.750502  -0.000000   -0.000119 -0.009546 -0.000000
   H  -3.648893   6.718895  -0.000000   -0.001812 -0.004168  0.000000
   H  -1.221044   6.728891  -0.000000    0.004561  0.007390  0.000000
   H   1.209235   6.716257  -0.000000    0.001243 -0.003073  0.000000
   H   3.663642   6.728230  -0.000000    0.006040  0.001686  0.000000
   H   6.096214   6.736110  -0.000000    0.003581 -0.011490  0.000000
   H  -6.000717  -6.788677   0.000000    0.013562 -0.001554  0.000000
   H  -3.550073  -6.733015  -0.000000    0.010923 -0.009932  0.000000
   H  -1.046400  -6.617130  -0.000000    0.000411  0.002148  0.000000
   H   1.068721  -6.621642  -0.000000   -0.015420  0.004524  0.000000
   H   3.606357  -6.668798  -0.000000   -0.018589  0.012417  0.000000
   H   5.953692  -6.744584  -0.000000   -0.014638  0.005379 -0.000000
converged SCF energy = -3067.67319446416
--------------- ROKS_Scanner gradients ---------------
         x                y                z
0 C    -0.0030131945     0.0011631721     0.0000000000
1 C    -0.0007975211     0.0004499524    -0.0000000000
2 C    -0.0001445754    -0.0011773293    -0.0000000000
3 C     0.0004290229     0.0010490297     0.0000000000
4 C     0.0017319840    -0.0014052171    -0.0000000000
5 C     0.0002011813    -0.0004803864    -0.0000000000
6 C     0.0005831545    -0.0001447881    -0.0000000000
7 C     0.0005388476    -0.0005353405    -0.0000000000
8 C     0.0013738263     0.0005524920     0.0000000000
9 C     0.0003031499     0.0019094438    -0.0000000000
10 C    -0.0008233754    -0.0001669495    -0.0000000000
11 C     0.0002262650    -0.0001443958    -0.0000000000
12 C     0.0004368491    -0.0000854524    -0.0000000000
13 C    -0.0000531569     0.0003218165     0.0000000000
14 C    -0.0015916806    -0.0003064278     0.0000000000
15 C     0.0007841694    -0.0025485835     0.0000000000
16 C     0.0007913707     0.0009396365     0.0000000000
17 N     0.0003646203     0.0004105925    -0.0000000000
18 C     0.0003386884     0.0001228220     0.0000000000
19 C     0.0001322510    -0.0000160310     0.0000000000
20 C     0.0010020941     0.0001057768     0.0000000000
21 C    -0.0002157741    -0.0025859221    -0.0000000000
22 C     0.0012112646     0.0018890925    -0.0000000000
23 C    -0.0005417273    -0.0002312874     0.0000000000
24 C    -0.0003294937    -0.0000802305     0.0000000000
25 C    -0.0000412532     0.0007668687     0.0000000000
26 C    -0.0014092928    -0.0003106629     0.0000000000
27 C    -0.0025906597    -0.0020244818     0.0000000000
28 C     0.0019091342     0.0016997603     0.0000000000
29 C    -0.0003869801    -0.0003652067     0.0000000000
30 C    -0.0004334897    -0.0002063601     0.0000000000
31 C     0.0000139862     0.0000134604     0.0000000000
32 C     0.0011937156     0.0005409109     0.0000000000
33 C    -0.0016420674     0.0005558703    -0.0000000000
34 N     0.0007112014     0.0006445607    -0.0000000000
35 C    -0.0001539489     0.0001443004     0.0000000000
36 C    -0.0013778686    -0.0004156247     0.0000000000
37 C    -0.0006133936     0.0006474962    -0.0000000000
38 C     0.0003187235    -0.0002683496     0.0000000000
39 C     0.0015873219     0.0015625369     0.0000000000
40 C     0.0004082347    -0.0028281872    -0.0000000000
41 C     0.0007268310     0.0007540038     0.0000000000
42 C     0.0006513641    -0.0004154280     0.0000000000
43 C    -0.0006736671     0.0001468956     0.0000000000
44 C     0.0006224585    -0.0013558470    -0.0000000000
45 C    -0.0020371549    -0.0010784904     0.0000000000
46 C    -0.0001714787     0.0010573134     0.0000000000
47 C    -0.0002672506    -0.0000230430     0.0000000000
48 C    -0.0005872277     0.0001817605     0.0000000000
49 C    -0.0008984375     0.0004038490    -0.0000000000
50 C     0.0009358755     0.0012618482    -0.0000000000
51 C     0.0019142327    -0.0002776002     0.0000000000
52 C    -0.0004475701    -0.0002486951    -0.0000000000
53 C    -0.0004718877     0.0004889487     0.0000000000
54 N    -0.0001993532     0.0001994048    -0.0000000000
55 C     0.0007995800    -0.0002697691    -0.0000000000
56 C    -0.0002202773    -0.0009371051    -0.0000000000
57 C    -0.0015480603     0.0014214852     0.0000000000
58 C     0.0004208768    -0.0012721458    -0.0000000000
59 C    -0.0005426978     0.0001731646    -0.0000000000
60 C    -0.0003659177     0.0002921715    -0.0000000000
61 C    -0.0001067342    -0.0000100553    -0.0000000000
62 C     0.0001962203     0.0011129208    -0.0000000000
63 N    -0.0009776639     0.0014377103     0.0000000000
64 N     0.0014271597    -0.0014272082    -0.0000000000
65 C     0.0001535260     0.0000330641    -0.0000000000
66 C     0.0000377234     0.0003749592    -0.0000000000
67 C     0.0008541995    -0.0004768704    -0.0000000000
68 C    -0.0006042996    -0.0013697942    -0.0000000000
69 C    -0.0016584997     0.0021421140    -0.0000000000
70 C     0.0002461787    -0.0001926196    -0.0000000000
71 C     0.0000532649     0.0001534546    -0.0000000000
72 C    -0.0001573255     0.0006305968    -0.0000000000
73 C    -0.0001402318     0.0004420699    -0.0000000000
74 C     0.0004311448    -0.0000257637     0.0000000000
75 C     0.0003698194    -0.0004738953    -0.0000000000
76 C     0.0010710794    -0.0007536457    -0.0000000000
77 C     0.0009958946     0.0000698177     0.0000000000
78 H     0.0002200770     0.0000557908    -0.0000000000
79 H     0.0000828422     0.0000775544     0.0000000000
80 H    -0.0000504080    -0.0001676023    -0.0000000000
81 H     0.0002846902    -0.0002750180     0.0000000000
82 H     0.0001549886     0.0001300587    -0.0000000000
83 H     0.0001706567    -0.0000720583    -0.0000000000
84 H    -0.0004096143     0.0002546513    -0.0000000000
85 H     0.0001199547     0.0001688736     0.0000000000
86 H    -0.0001823369     0.0001602660    -0.0000000000
87 H     0.0001209244     0.0002178860    -0.0000000000
88 H     0.0002282639    -0.0003395373     0.0000000000
89 H    -0.0002593336    -0.0002217836    -0.0000000000
90 H    -0.0001751383    -0.0003105042     0.0000000000
91 H     0.0000304739    -0.0001596911     0.0000000000
92 H     0.0000121791     0.0003428358    -0.0000000000
93 H     0.0000162224    -0.0001134458     0.0000000000
94 H    -0.0000210780     0.0002611161     0.0000000000
95 H    -0.0000081989    -0.0001773623     0.0000000000
96 H    -0.0000885839     0.0001864247     0.0000000000
97 H    -0.0000089506    -0.0005406414    -0.0000000000
98 H    -0.0001694847    -0.0004593112    -0.0000000000
99 H    -0.0001815012    -0.0005035633    -0.0000000000
100 H    -0.0001921913     0.0001013327     0.0000000000
101 H     0.0000522588     0.0000628078     0.0000000000
----------------------------------------------
cycle 5: E = -3067.67319446  dE = 2.82208e-05  norm(grad) = 0.0121486

Geometry optimization cycle 6
Cartesian coordinates (Angstrom)
 Atom        New coordinates             dX        dY        dZ
   C  -7.282072   4.995758  -0.000000    0.006845  0.000186  0.000000
   C  -7.295174   0.667775   0.000000    0.000223  0.000258  0.000000
   C  -6.132916   2.858257   0.000000    0.000061  0.001428  0.000000
   C  -4.864718   4.972464  -0.000000    0.000096  0.001897  0.000000
   C  -7.268587  -3.640921   0.000000   -0.002517  0.006134  0.000000
   C  -6.104353  -1.432656   0.000000   -0.000555  0.002361  0.000000
   C  -4.889709   0.702465   0.000000   -0.000708  0.001168  0.000000
   C  -3.671549   2.834203   0.000000   -0.001061 -0.000404  0.000000
   C  -2.425635   4.959468  -0.000000   -0.002774 -0.003154  0.000000
   C  -6.032477  -5.704668   0.000000   -0.000729  0.000891  0.000000
   C  -4.858266  -3.560927   0.000000   -0.001217  0.002807  0.000000
   C  -3.646251  -1.396543   0.000000   -0.000516  0.000944  0.000000
   C  -2.435776   0.714183   0.000000   -0.000623 -0.001046  0.000000
   C  -1.218209   2.816381   0.000000   -0.000767 -0.002537  0.000000
   C  -0.006485   4.961442  -0.000000   -0.000172 -0.002179  0.000000
   C  -3.583111  -5.642871   0.000000   -0.000825  0.006495  0.000000
   C  -2.428564  -3.497675   0.000000   -0.000781  0.000255  0.000000
   N  -1.237996  -1.400040   0.000000   -0.000540 -0.001610  0.000000
   C  -0.014917   0.706674   0.000000   -0.000723 -0.002902 -0.000000
   C   1.224198   2.826715  -0.000000   -0.001771 -0.003080  0.000000
   C   2.434465   4.965712  -0.000000   -0.003101 -0.003233  0.000000
   C  -1.153724  -5.541310  -0.000000    0.003254  0.002473  0.000000
   C  -0.002306  -3.469514   0.000000   -0.000688 -0.002864  0.000000
   C   1.198088  -1.393629   0.000000   -0.000536 -0.002982  0.000000
   C   2.433021   0.700300   0.000000   -0.000610 -0.002743 -0.000000
   C   3.670002   2.823404  -0.000000   -0.001850 -0.002348 -0.000000
   C   4.872529   4.963327  -0.000000   -0.000494 -0.000617 -0.000000
   C   1.172529  -5.549411  -0.000000    0.006459 -0.000727  0.000000
   C   2.440726  -3.498855  -0.000000   -0.000517 -0.004845  0.000000
   C   3.659783  -1.415512  -0.000000   -0.001202 -0.002369  0.000000
   C   4.891416   0.701407  -0.000000   -0.000312 -0.001076 -0.000000
   C   6.136261   2.843155  -0.000000   -0.002855 -0.001107 -0.000000
   C   7.294182   4.971785  -0.000000   -0.003452 -0.001003 -0.000000
   C   3.604764  -5.593473  -0.000000    0.007615 -0.005365  0.000000
   N   4.856018  -3.546566  -0.000000   -0.000888 -0.002006  0.000000
   C   6.090572  -1.440436  -0.000000   -0.002380  0.000741 -0.000000
   C   7.302762   0.644020  -0.000000    0.001217  0.001696 -0.000000
   C   6.029761  -5.666425  -0.000000    0.005561 -0.000453  0.000000
   C   7.242417  -3.621163  -0.000000   -0.001637  0.003873  0.000000
   C  -7.304532   3.591808   0.000000   -0.000156  0.000076  0.000000
   C  -6.100001   5.673392  -0.000000    0.002867  0.006443  0.000000
   C  -7.289895  -0.707354   0.000000   -0.001500  0.000326  0.000000
   C  -6.117591   1.407096   0.000000   -0.000557  0.001361  0.000000
   C  -4.886943   3.538606   0.000000    0.000083  0.001347  0.000000
   C  -3.655955   5.636135  -0.000000   -0.000200  0.001442  0.000000
   C  -7.228621  -5.035322   0.000000    0.002191  0.006163  0.000000
   C  -6.103553  -2.886510   0.000000   -0.000885  0.003037  0.000000
   C  -4.888044  -0.710231   0.000000   -0.000323  0.001577  0.000000
   C  -3.649882   1.402993   0.000000   -0.000160 -0.000269  0.000000
   C  -2.444282   3.518407   0.000000   -0.000591 -0.002595  0.000000
   C  -1.221453   5.639753  -0.000000   -0.002105 -0.005458  0.000000
   C  -4.819633  -4.988989   0.000000   -0.002351  0.003513  0.000000
   C  -3.648844  -2.826820   0.000000   -0.000417  0.001263  0.000000
   C  -2.437637  -0.702540   0.000000    0.000001 -0.000797  0.000000
   N  -1.217758   1.412398   0.000000   -0.000252 -0.002321  0.000000
   C  -0.008961   3.519787  -0.000000   -0.001261 -0.002278  0.000000
   C   1.214297   5.631930  -0.000000   -0.001294 -0.000379  0.000000
   C  -2.401427  -4.923451   0.000000    0.002499  0.001211  0.000000
   C  -1.207224  -2.788466   0.000000   -0.000364 -0.001037  0.000000
   C  -0.009515  -0.697197   0.000000   -0.000112 -0.002636  0.000000
   C   1.205867   1.406543   0.000000   -0.000763 -0.003122  0.000000
   C   2.441224   3.525996  -0.000000   -0.002214 -0.003055  0.000000
   C   3.659210   5.638991  -0.000000   -0.002517 -0.004720 -0.000000
   N  -0.009334  -4.845364  -0.000000    0.005195 -0.001973  0.000000
   N   1.229895  -2.803500  -0.000000   -0.000741 -0.003078  0.000000
   C   2.427738  -0.717925   0.000000   -0.001026 -0.002758  0.000000
   C   3.657466   1.404076   0.000000   -0.000838 -0.002324  0.000000
   C   4.893497   3.530173  -0.000000   -0.002595 -0.000805 -0.000000
   C   6.107751   5.653920  -0.000000   -0.001568  0.001593 -0.000000
   C   2.383790  -4.910151  -0.000000    0.007491 -0.005381  0.000000
   C   3.647010  -2.830301  -0.000000   -0.001573 -0.002723  0.000000
   C   4.881921  -0.718574  -0.000000   -0.002198 -0.000810  0.000000
   C   6.121720   1.395206  -0.000000   -0.000325 -0.000864 -0.000000
   C   7.317762   3.575480  -0.000000   -0.003386 -0.000953 -0.000000
   C   4.812459  -4.942488  -0.000000    0.004577 -0.002276  0.000000
   C   6.078899  -2.883564  -0.000000   -0.002637  0.001234  0.000000
   C   7.290941  -0.726858  -0.000000   -0.003164  0.001927 -0.000000
   C   7.220602  -5.017857  -0.000000    0.002342  0.003955  0.000000
   H   8.231037   5.517202  -0.000000   -0.002991 -0.002044 -0.000000
   H   8.276277   3.076764   0.000000   -0.003442 -0.000879 -0.000000
   H   8.259390   1.145858  -0.000000    0.001407  0.001452 -0.000000
   H   8.240274  -1.241720  -0.000000   -0.003848  0.001181 -0.000000
   H   8.186109  -3.103862  -0.000000   -0.003034  0.006157  0.000000
   H   8.150934  -5.572119  -0.000000    0.004103  0.007225  0.000000
   H  -8.219602   5.539342  -0.000000    0.006940 -0.000231  0.000000
   H  -8.264883   3.096554   0.000000   -0.001151  0.001938  0.000000
   H  -8.248933   1.175471   0.000000    0.000388  0.000209  0.000000
   H  -8.240167  -1.222043   0.000000   -0.001358 -0.000054  0.000000
   H  -8.234343  -3.156532   0.000000   -0.002688  0.006071  0.000000
   H  -8.158835  -5.591015   0.000000    0.002028  0.006842  0.000000
   H  -6.080764   6.757086  -0.000000    0.002328  0.006584  0.000000
   H  -3.646944   6.720377  -0.000000    0.001949  0.001482  0.000000
   H  -1.223714   6.723172  -0.000000   -0.002670 -0.005719  0.000000
   H   1.208370   6.715908  -0.000000   -0.000865 -0.000349  0.000000
   H   3.659982   6.723292  -0.000000   -0.003661 -0.004938  0.000000
   H   6.095015   6.737744  -0.000000   -0.001199  0.001634 -0.000000
   H  -6.002495  -6.787869   0.000000   -0.001778  0.000808  0.000000
   H  -3.552000  -6.726186  -0.000000   -0.001927  0.006829  0.000000
   H  -1.043875  -6.614388  -0.000000    0.002526  0.002742  0.000000
   H   1.074018  -6.621874  -0.000000    0.005297 -0.000232  0.000000
   H   3.616034  -6.674145  -0.000000    0.009676 -0.005347  0.000000
   H   5.961900  -6.745204  -0.000000    0.008207 -0.000619  0.000000
converged SCF energy = -3067.67344225733
