1721291787.9427176

Geometry optimization cycle 1
Cartesian coordinates (Angstrom)
 Atom        New coordinates             dX        dY        dZ
   C  -7.338226   5.042760   0.000000    0.000000  0.000000  0.000000
   C  -7.365228   0.691139   0.000000    0.000000  0.000000  0.000000
   C  -6.173642   2.889413   0.000000    0.000000  0.000000  0.000000
   C  -4.910090   5.019617   0.000000    0.000000  0.000000  0.000000
   C  -7.358051  -3.642635   0.000000    0.000000  0.000000  0.000000
   C  -6.173475  -1.431785   0.000000    0.000000  0.000000  0.000000
   C  -4.940069   0.716689   0.000000    0.000000  0.000000  0.000000
   C  -3.694845   2.860312   0.000000    0.000000  0.000000  0.000000
   C  -2.457224   5.005715   0.000000    0.000000  0.000000  0.000000
   C  -6.138515  -5.727246   0.000000    0.000000  0.000000  0.000000
   C  -4.928214  -3.580071   0.000000    0.000000  0.000000  0.000000
   C  -3.698169  -1.425571   0.000000    0.000000  0.000000  0.000000
   C  -2.471779   0.716540   0.000000    0.000000  0.000000  0.000000
   C  -1.230705   2.851907   0.000000    0.000000 -0.000000  0.000000
   C   0.000000   5.003169   0.000000    0.000000  0.000000  0.000000
   C  -3.678966  -5.694052   0.000000    0.000000  0.000000  0.000000
   C  -2.466015  -3.560923   0.000000    0.000000  0.000000  0.000000
   C  -1.232423  -1.423207   0.000000    0.000000  0.000000  0.000000
   C   0.000000   0.715809   0.000000    0.000000  0.000000  0.000000
   C   1.230705   2.851907   0.000000    0.000000 -0.000000  0.000000
   C   2.457224   5.005715   0.000000    0.000000  0.000000  0.000000
   C  -1.226334  -5.685080   0.000000    0.000000  0.000000  0.000000
   C   0.000000  -3.557079   0.000000    0.000000  0.000000  0.000000
   C   1.232423  -1.423207   0.000000    0.000000  0.000000  0.000000
   C   2.471779   0.716540   0.000000    0.000000  0.000000  0.000000
   C   3.694845   2.860312   0.000000    0.000000  0.000000  0.000000
   C   4.910090   5.019617   0.000000    0.000000  0.000000  0.000000
   C   1.226334  -5.685080   0.000000    0.000000  0.000000  0.000000
   C   2.466015  -3.560923   0.000000    0.000000  0.000000  0.000000
   C   3.698169  -1.425571   0.000000    0.000000  0.000000  0.000000
   C   4.940069   0.716689   0.000000    0.000000  0.000000  0.000000
   C   6.173642   2.889413   0.000000    0.000000  0.000000  0.000000
   C   7.338226   5.042760   0.000000    0.000000  0.000000  0.000000
   C   3.678966  -5.694052   0.000000    0.000000  0.000000  0.000000
   C   4.928214  -3.580071   0.000000    0.000000  0.000000  0.000000
   C   6.173475  -1.431785   0.000000   -0.000000  0.000000  0.000000
   C   7.365228   0.691139   0.000000    0.000000  0.000000  0.000000
   N   6.138515  -5.727246   0.000000    0.000000  0.000000  0.000000
   C   7.358051  -3.642635   0.000000   -0.000000  0.000000  0.000000
   C  -7.358051   3.642635   0.000000    0.000000  0.000000  0.000000
   C  -6.138515   5.727246   0.000000    0.000000  0.000000  0.000000
   C  -7.365228  -0.691139   0.000000    0.000000  0.000000  0.000000
   C  -6.173475   1.431785   0.000000    0.000000  0.000000  0.000000
   C  -4.928214   3.580071   0.000000    0.000000 -0.000000  0.000000
   C  -3.678966   5.694052   0.000000    0.000000  0.000000  0.000000
   C  -7.338226  -5.042760   0.000000    0.000000  0.000000  0.000000
   C  -6.173642  -2.889413   0.000000    0.000000  0.000000  0.000000
   C  -4.940069  -0.716689   0.000000    0.000000  0.000000  0.000000
   C  -3.698169   1.425571   0.000000    0.000000  0.000000  0.000000
   C  -2.466015   3.560923   0.000000    0.000000 -0.000000  0.000000
   C  -1.226334   5.685080   0.000000    0.000000  0.000000  0.000000
   C  -4.910090  -5.019617   0.000000    0.000000  0.000000  0.000000
   C  -3.694845  -2.860312   0.000000    0.000000  0.000000  0.000000
   C  -2.471779  -0.716540   0.000000    0.000000  0.000000  0.000000
   C  -1.232423   1.423207   0.000000    0.000000  0.000000  0.000000
   C   0.000000   3.557079   0.000000    0.000000  0.000000  0.000000
   C   1.226334   5.685080   0.000000    0.000000  0.000000  0.000000
   C  -2.457224  -5.005715   0.000000    0.000000  0.000000  0.000000
   C  -1.230705  -2.851907   0.000000    0.000000  0.000000  0.000000
   C   0.000000  -0.715809   0.000000    0.000000  0.000000  0.000000
   C   1.232423   1.423207   0.000000    0.000000  0.000000  0.000000
   C   2.466015   3.560923   0.000000    0.000000 -0.000000  0.000000
   N   3.678966   5.694052   0.000000    0.000000  0.000000  0.000000
   C   0.000000  -5.003169   0.000000    0.000000  0.000000  0.000000
   C   1.230705  -2.851907   0.000000    0.000000  0.000000  0.000000
   C   2.471779  -0.716540   0.000000    0.000000  0.000000  0.000000
   C   3.698169   1.425571   0.000000    0.000000  0.000000  0.000000
   C   4.928214   3.580071   0.000000    0.000000 -0.000000  0.000000
   C   6.138515   5.727246   0.000000    0.000000  0.000000  0.000000
   N   2.457224  -5.005715   0.000000    0.000000  0.000000  0.000000
   C   3.694845  -2.860312   0.000000    0.000000  0.000000  0.000000
   C   4.940069  -0.716689   0.000000    0.000000  0.000000  0.000000
   C   6.173475   1.431785   0.000000   -0.000000  0.000000  0.000000
   C   7.358051   3.642635   0.000000   -0.000000  0.000000  0.000000
   C   4.910090  -5.019617   0.000000    0.000000  0.000000  0.000000
   C   6.173642  -2.889413   0.000000    0.000000  0.000000  0.000000
   C   7.365228  -0.691139   0.000000    0.000000  0.000000  0.000000
   C   7.338226  -5.042760   0.000000    0.000000  0.000000  0.000000
   H   8.282184   5.591425   0.000000    0.000000 -0.000000  0.000000
   H   8.325741   3.141106   0.000000    0.000000  0.000000  0.000000
   H   8.326715   1.204661   0.000000    0.000000  0.000000  0.000000
   H   8.326715  -1.204661   0.000000    0.000000  0.000000  0.000000
   H   8.325741  -3.141106   0.000000    0.000000  0.000000  0.000000
   H   8.282184  -5.591425   0.000000    0.000000  0.000000  0.000000
   H  -8.282184   5.591425   0.000000    0.000000 -0.000000  0.000000
   H  -8.325741   3.141106   0.000000    0.000000  0.000000  0.000000
   H  -8.326715   1.204661   0.000000    0.000000  0.000000  0.000000
   H  -8.326715  -1.204661   0.000000    0.000000  0.000000  0.000000
   H  -8.325741  -3.141106   0.000000    0.000000  0.000000  0.000000
   H  -8.282184  -5.591425   0.000000    0.000000  0.000000  0.000000
   H  -6.116625   6.819427   0.000000    0.000000  0.000000  0.000000
   H  -3.672757   6.787431   0.000000    0.000000  0.000000  0.000000
   H  -1.225580   6.778408   0.000000    0.000000 -0.000000  0.000000
   H   1.225580   6.778408   0.000000    0.000000 -0.000000  0.000000
   H   3.672757   6.787431   0.000000    0.000000  0.000000  0.000000
   H   6.116625   6.819427   0.000000   -0.000000  0.000000  0.000000
   H  -6.116625  -6.819427   0.000000    0.000000  0.000000  0.000000
   H  -3.672757  -6.787431   0.000000    0.000000  0.000000  0.000000
   H  -1.225580  -6.778408   0.000000    0.000000  0.000000  0.000000
   H   1.225580  -6.778408   0.000000    0.000000  0.000000  0.000000
   H   3.672757  -6.787431   0.000000    0.000000  0.000000  0.000000
   H   6.116625  -6.819427   0.000000   -0.000000  0.000000  0.000000
converged SCF energy = -3034.54117031566
--------------- ROKS_Scanner gradients ---------------
         x                y                z
0 C    -0.0047179313    -0.0004849770    -0.0000000000
1 C    -0.0021992580     0.0015722269    -0.0000000000
2 C     0.0027090780    -0.0053176754    -0.0000000000
3 C    -0.0005857283     0.0020081920    -0.0000000000
4 C    -0.0014337198    -0.0015090547    -0.0000000000
5 C    -0.0018514411    -0.0043250308    -0.0000000000
6 C     0.0025484267     0.0004434645    -0.0000000000
7 C     0.0022118789     0.0002103502    -0.0000000000
8 C     0.0065594378     0.0009915740    -0.0000000000
9 C     0.0008433865    -0.0030666345    -0.0000000000
10 C     0.0011560013     0.0020551776    -0.0000000000
11 C    -0.0036049817     0.0004867404    -0.0000000000
12 C     0.0012019865    -0.0023829520     0.0000000000
13 C     0.0033083874     0.0010187569     0.0000000000
14 C     0.0193479183     0.0050275923     0.0000000000
15 C    -0.0069344206    -0.0031018265     0.0000000000
16 C    -0.0004189880     0.0008002600     0.0000000000
17 C    -0.0004385823     0.0014396512    -0.0000000000
18 C     0.0001244204     0.0008456340    -0.0000000000
19 C     0.0038622397    -0.0039743154    -0.0000000000
20 C     0.0195606962    -0.0151720943    -0.0000000000
21 C    -0.0147092720     0.0005691284     0.0000000000
22 C    -0.0050477968    -0.0018818802    -0.0000000000
23 C    -0.0052198288    -0.0018774177    -0.0000000000
24 C     0.0050139861     0.0044833771    -0.0000000000
25 C     0.0087175500     0.0117166356    -0.0000000000
26 C    -0.0052978688    -0.0040377156    -0.0000000000
27 C    -0.0332372701    -0.0197175578    -0.0000000000
28 C    -0.0034273232     0.0206716521    -0.0000000000
29 C    -0.0028628168     0.0058704024    -0.0000000000
30 C    -0.0040211266    -0.0017069479     0.0000000000
31 C     0.0037016103    -0.0039358844    -0.0000000000
32 C    -0.0032040081     0.0195417112    -0.0000000000
33 C    -0.0229223163    -0.0112349041    -0.0000000000
34 C    -0.0238256507    -0.0051214234    -0.0000000000
35 C     0.0042855689     0.0133444792     0.0000000000
36 C    -0.0027663560     0.0086535546     0.0000000000
37 N     0.0130912982     0.0294672116    -0.0000000000
38 C    -0.0181109556     0.0493025201    -0.0000000000
39 C    -0.0025873822     0.0025047204     0.0000000000
40 C     0.0023466734     0.0028261418     0.0000000000
41 C    -0.0016686970    -0.0013217600     0.0000000000
42 C    -0.0012958890     0.0042890190     0.0000000000
43 C    -0.0008935109    -0.0005290431     0.0000000000
44 C    -0.0034938042     0.0030674364     0.0000000000
45 C    -0.0043295299    -0.0012688438     0.0000000000
46 C     0.0019643778     0.0056961661     0.0000000000
47 C     0.0032565782    -0.0004807175     0.0000000000
48 C    -0.0025459969    -0.0003124773    -0.0000000000
49 C    -0.0018000146    -0.0004981880    -0.0000000000
50 C    -0.0133635292     0.0043037734    -0.0000000000
51 C     0.0014889214    -0.0026352137     0.0000000000
52 C     0.0004457592    -0.0004151085     0.0000000000
53 C     0.0018905207     0.0021630066     0.0000000000
54 C     0.0005292736    -0.0007656025     0.0000000000
55 C    -0.0019178626    -0.0028562666    -0.0000000000
56 C    -0.0390062800     0.0031938061    -0.0000000000
57 C     0.0098573513     0.0014595037    -0.0000000000
58 C     0.0021806109    -0.0022869983     0.0000000000
59 C     0.0008579360    -0.0000348597     0.0000000000
60 C    -0.0024162736     0.0010949961     0.0000000000
61 C    -0.0083118232    -0.0041849610     0.0000000000
62 N    -0.0044331003    -0.0234107314    -0.0000000000
63 C     0.0092787643    -0.0027626657     0.0000000000
64 C     0.0081146882     0.0103662648     0.0000000000
65 C     0.0062073448    -0.0051950736     0.0000000000
66 C    -0.0015626873    -0.0106230079     0.0000000000
67 C    -0.0043524679    -0.0138860975     0.0000000000
68 C     0.0267199288     0.0001946824     0.0000000000
69 N     0.0279650695    -0.0070332774     0.0000000000
70 C     0.0037760496     0.0066434787     0.0000000000
71 C     0.0021729028     0.0023833641    -0.0000000000
72 C     0.0071877334    -0.0004014903    -0.0000000000
73 C    -0.0060491451    -0.0109368727     0.0000000000
74 C     0.0186165887     0.0147993964     0.0000000000
75 C     0.0313988052    -0.0174903151     0.0000000000
76 C    -0.0061249533    -0.0082688451    -0.0000000000
77 C     0.0036274521    -0.0399706233     0.0000000000
78 H     0.0055763702     0.0026453826     0.0000000000
79 H     0.0056694925    -0.0033821937    -0.0000000000
80 H     0.0055769704     0.0031519760    -0.0000000000
81 H     0.0051598709    -0.0033960290     0.0000000000
82 H     0.0055001636     0.0070629783     0.0000000000
83 H     0.0110725547     0.0022884972    -0.0000000000
84 H    -0.0048929077     0.0027931845     0.0000000000
85 H    -0.0055292196    -0.0029061967    -0.0000000000
86 H    -0.0055426294     0.0029258059     0.0000000000
87 H    -0.0056197487    -0.0028927157    -0.0000000000
88 H    -0.0055791689     0.0029116949     0.0000000000
89 H    -0.0048374645    -0.0028064010    -0.0000000000
90 H     0.0002098153     0.0058284521     0.0000000000
91 H    -0.0000273656     0.0059601733    -0.0000000000
92 H    -0.0000057358     0.0059738038    -0.0000000000
93 H     0.0001324169     0.0054076752     0.0000000000
94 H    -0.0001542669     0.0619154720    -0.0000000000
95 H    -0.0003889729     0.0052104849    -0.0000000000
96 H     0.0001630710    -0.0058253239     0.0000000000
97 H    -0.0000483039    -0.0060434277    -0.0000000000
98 H     0.0002747538    -0.0059456151    -0.0000000000
99 H    -0.0084064290    -0.0090464306    -0.0000000000
100 H     0.0081591123    -0.0092797278     0.0000000000
101 H    -0.0016033575    -0.0616253471    -0.0000000000
----------------------------------------------
cycle 1: E = -3034.54117032  dE = -3034.54  norm(grad) = 0.164794

Geometry optimization cycle 2
Cartesian coordinates (Angstrom)
 Atom        New coordinates             dX        dY        dZ
   C  -7.269809   4.995879   0.000000    0.068417 -0.046881  0.000000
   C  -7.307023   0.672196   0.000000    0.058204 -0.018943  0.000000
   C  -6.126476   2.863515   0.000000    0.047166 -0.025898  0.000000
   C  -4.859065   4.980446  -0.000000    0.051026 -0.039171 -0.000000
   C  -7.301770  -3.624414   0.000000    0.056281  0.018222  0.000000
   C  -6.123223  -1.434233   0.000000    0.050252 -0.002447  0.000000
   C  -4.904099   0.703373  -0.000000    0.035969 -0.013316 -0.000000
   C  -3.667481   2.839161  -0.000000    0.027364 -0.021151 -0.000000
   C  -2.420406   4.972695  -0.000000    0.036818 -0.033020 -0.000000
   C  -6.069636  -5.697213   0.000000    0.068879  0.030032  0.000000
   C  -4.885954  -3.573112   0.000000    0.042261  0.006958  0.000000
   C  -3.669172  -1.425867  -0.000000    0.028997 -0.000296 -0.000000
   C  -2.456975   0.713014  -0.000000    0.014804 -0.003526 -0.000000
   C  -1.223091   2.837070  -0.000000    0.007614 -0.014837 -0.000000
   C   0.024637   4.975402  -0.000000    0.024637 -0.027767 -0.000000
   C  -3.618280  -5.667228  -0.000000    0.060686  0.026824 -0.000000
   C  -2.443594  -3.550178  -0.000000    0.022421  0.010745 -0.000000
   C  -1.227881  -1.409398  -0.000000    0.004542  0.013809 -0.000000
   C  -0.005982   0.714439  -0.000000   -0.005982 -0.001370 -0.000000
   C   1.213280   2.827345  -0.000000   -0.017425 -0.024562 -0.000000
   C   2.414618   4.923307  -0.000000   -0.042605 -0.082408 -0.000000
   C  -1.171926  -5.660204  -0.000000    0.054408  0.024876 -0.000000
   C  -0.003849  -3.512508  -0.000000   -0.003849  0.044571 -0.000000
   C   1.222303  -1.396433  -0.000000   -0.010120  0.026774 -0.000000
   C   2.451474   0.715245  -0.000000   -0.020305 -0.001295 -0.000000
   C   3.672544   2.818365  -0.000000   -0.022301 -0.041946 -0.000000
   C   4.873401   4.944274   0.000000   -0.036689 -0.075343  0.000000
   C   1.255607  -5.568028  -0.000000    0.029273  0.117051 -0.000000
   C   2.445489  -3.491800  -0.000000   -0.020526  0.069122 -0.000000
   C   3.676321  -1.396945  -0.000000   -0.021848  0.028626 -0.000000
   C   4.918778   0.711407  -0.000000   -0.021291 -0.005282 -0.000000
   C   6.150600   2.868514   0.000000   -0.023042 -0.020900  0.000000
   C   7.236202   4.999310   0.000000   -0.102023 -0.043449  0.000000
   C   3.591365  -5.579402  -0.000000   -0.087601  0.114651 -0.000000
   C   4.901347  -3.492980  -0.000000   -0.026867  0.087091 -0.000000
   C   6.152393  -1.423443   0.000000   -0.021082  0.008342  0.000000
   C   7.330072   0.679478   0.000000   -0.035156 -0.011661  0.000000
   N   5.952502  -5.591973   0.000000   -0.186013  0.135272  0.000000
   C   7.318398  -3.664716   0.000000   -0.039653 -0.022081  0.000000
   C  -7.303680   3.604017   0.000000    0.054371 -0.038618  0.000000
   C  -6.081885   5.679234  -0.000000    0.056630 -0.048012 -0.000000
   C  -7.307419  -0.700729   0.000000    0.057809 -0.009590  0.000000
   C  -6.126531   1.411886   0.000000    0.046944 -0.019899  0.000000
   C  -4.889907   3.552826  -0.000000    0.038308 -0.027245 -0.000000
   C  -3.633554   5.650319  -0.000000    0.045412 -0.043734 -0.000000
   C  -7.259328  -5.014695   0.000000    0.078898  0.028064  0.000000
   C  -6.122751  -2.885682   0.000000    0.050891  0.003732  0.000000
   C  -4.903598  -0.720942  -0.000000    0.036470 -0.004254 -0.000000
   C  -3.672838   1.414200  -0.000000    0.025331 -0.011371 -0.000000
   C  -2.446601   3.539564  -0.000000    0.019414 -0.021358 -0.000000
   C  -1.186634   5.643889  -0.000000    0.039701 -0.041191 -0.000000
   C  -4.847564  -4.999688   0.000000    0.062526  0.019929  0.000000
   C  -3.664749  -2.853019  -0.000000    0.030096  0.007292 -0.000000
   C  -2.458935  -0.712687  -0.000000    0.012844  0.003853 -0.000000
   C  -1.228404   1.418428  -0.000000    0.004019 -0.004779 -0.000000
   C   0.001354   3.541000  -0.000000    0.001354 -0.016078 -0.000000
   C   1.263487   5.655570  -0.000000    0.037152 -0.029510 -0.000000
   C  -2.408359  -4.988650  -0.000000    0.048865  0.017065 -0.000000
   C  -1.230402  -2.824954  -0.000000    0.000303  0.026953 -0.000000
   C  -0.006069  -0.703955  -0.000000   -0.006069  0.011854 -0.000000
   C   1.219904   1.411917  -0.000000   -0.012519 -0.011290 -0.000000
   C   2.450201   3.506197  -0.000000   -0.015813 -0.054726 -0.000000
   N   3.639677   5.536492   0.000000   -0.039289 -0.157560  0.000000
   C   0.011019  -4.940320  -0.000000    0.011019  0.062849 -0.000000
   C   1.209156  -2.812304  -0.000000   -0.021549  0.039603 -0.000000
   C   2.450712  -0.697260  -0.000000   -0.021067  0.019279 -0.000000
   C   3.679372   1.410287  -0.000000   -0.018797 -0.015284 -0.000000
   C   4.906646   3.536063   0.000000   -0.021568 -0.044007  0.000000
   C   6.038031   5.691760   0.000000   -0.100485 -0.035486  0.000000
   N   2.407204  -4.880520  -0.000000   -0.050019  0.125195 -0.000000
   C   3.667052  -2.808062  -0.000000   -0.027793  0.052250 -0.000000
   C   4.921205  -0.711507  -0.000000   -0.018864  0.005182 -0.000000
   C   6.141708   1.420466   0.000000   -0.031767 -0.011319  0.000000
   C   7.328803   3.622914   0.000000   -0.029248 -0.019721  0.000000
   C   4.768407  -4.899087  -0.000000   -0.141683  0.120530 -0.000000
   C   6.144682  -2.855880   0.000000   -0.028960  0.033533  0.000000
   C   7.347079  -0.688676   0.000000   -0.018149  0.002463  0.000000
   C   7.179154  -5.004169   0.000000   -0.159072  0.038591  0.000000
   H   8.156970   5.568368   0.000000   -0.125214 -0.023057  0.000000
   H   8.302352   3.155553   0.000000   -0.023389  0.014447  0.000000
   H   8.280677   1.192688   0.000000   -0.046038 -0.011974  0.000000
   H   8.304118  -1.190610   0.000000   -0.022597  0.014051  0.000000
   H   8.314686  -3.254139   0.000000   -0.011055 -0.113033  0.000000
   H   8.034377  -5.661984   0.000000   -0.247807 -0.070560  0.000000
   H  -8.204355   5.543578   0.000000    0.077829 -0.047847  0.000000
   H  -8.264354   3.109591   0.000000    0.061387 -0.031515  0.000000
   H  -8.260870   1.179797   0.000000    0.065845 -0.024864  0.000000
   H  -8.259811  -1.210887   0.000000    0.066904 -0.006225  0.000000
   H  -8.263412  -3.132030   0.000000    0.062328  0.009076  0.000000
   H  -8.192046  -5.565626   0.000000    0.090139  0.025799  0.000000
   H  -6.064616   6.762562  -0.000000    0.052009 -0.056865 -0.000000
   H  -3.628459   6.734541  -0.000000    0.044298 -0.052890 -0.000000
   H  -1.184247   6.728034  -0.000000    0.041333 -0.050374 -0.000000
   H   1.298460   6.740024  -0.000000    0.072880 -0.038384 -0.000000
   H   3.630426   6.534666   0.000000   -0.042331 -0.252766  0.000000
   H   5.995290   6.775324   0.000000   -0.121335 -0.044102  0.000000
   H  -6.051683  -6.780536   0.000000    0.064943  0.038891  0.000000
   H  -3.610599  -6.751307   0.000000    0.062158  0.036124  0.000000
   H  -1.148155  -6.744133  -0.000000    0.077424  0.034275 -0.000000
   H   1.353345  -6.643010  -0.000000    0.127765  0.135398 -0.000000
   H   3.529565  -6.656833  -0.000000   -0.143191  0.130598 -0.000000
   H   5.895770  -6.588306   0.000000   -0.220855  0.231121  0.000000
converged SCF energy = -3034.57978646615
--------------- ROKS_Scanner gradients ---------------
         x                y                z
0 C     0.0031499673    -0.0016633253    -0.0000000000
1 C     0.0019950758    -0.0002956847    -0.0000000000
2 C     0.0017070630     0.0003430703     0.0000000000
3 C     0.0023937822     0.0016250527     0.0000000000
4 C    -0.0029833374     0.0013222939    -0.0000000000
5 C    -0.0021252538    -0.0006018507     0.0000000000
6 C     0.0014825858    -0.0000673101     0.0000000000
7 C     0.0010230308     0.0007635745     0.0000000000
8 C     0.0045754136     0.0018430008     0.0000000000
9 C    -0.0011012331     0.0004349098    -0.0000000000
10 C    -0.0016956613    -0.0006126894     0.0000000000
11 C    -0.0018068853     0.0005310432    -0.0000000000
12 C     0.0002358510    -0.0007779431    -0.0000000000
13 C     0.0016520826     0.0003426828    -0.0000000000
14 C     0.0112585267     0.0003466950    -0.0000000000
15 C    -0.0031982164     0.0010598542    -0.0000000000
16 C    -0.0045936406    -0.0014691111     0.0000000000
17 C     0.0020765309     0.0017016633     0.0000000000
18 C    -0.0012200709     0.0023667394     0.0000000000
19 C    -0.0030850645     0.0023715766    -0.0000000000
20 C    -0.0141821678    -0.0033884234    -0.0000000000
21 C    -0.0048185035    -0.0054938595     0.0000000000
22 C    -0.0037286589    -0.0009873319     0.0000000000
23 C     0.0003735268    -0.0003093303     0.0000000000
24 C     0.0025985520     0.0030207400     0.0000000000
25 C    -0.0007815190     0.0021491732     0.0000000000
26 C     0.0115491275     0.0031771614     0.0000000000
27 C    -0.0052696278    -0.0049762853     0.0000000000
28 C     0.0055709168     0.0091721866     0.0000000000
29 C    -0.0019299256     0.0025433873     0.0000000000
30 C    -0.0025561110    -0.0010838488     0.0000000000
31 C     0.0050213308     0.0089512633     0.0000000000
32 C    -0.0152300098    -0.0032297868    -0.0000000000
33 C    -0.0085550302    -0.0078258554    -0.0000000000
34 C     0.0089170321     0.0006479261     0.0000000000
35 C     0.0015942773     0.0073119128    -0.0000000000
36 C    -0.0052236636     0.0026808243    -0.0000000000
37 N    -0.0020593231     0.0060966246     0.0000000000
38 C    -0.0011969664     0.0056643513     0.0000000000
39 C    -0.0020915414    -0.0008960208     0.0000000000
40 C    -0.0007294546    -0.0004695667     0.0000000000
41 C     0.0007860358    -0.0007944492    -0.0000000000
42 C    -0.0020644561     0.0008004633    -0.0000000000
43 C    -0.0013361128    -0.0001538846    -0.0000000000
44 C    -0.0018379799    -0.0022047021    -0.0000000000
45 C     0.0038602633     0.0017218295     0.0000000000
46 C     0.0022120410    -0.0003168662    -0.0000000000
47 C     0.0012419285    -0.0000899440    -0.0000000000
48 C    -0.0015717804    -0.0013390503     0.0000000000
49 C    -0.0028737767     0.0003007721    -0.0000000000
50 C    -0.0024311555    -0.0022011456     0.0000000000
51 C     0.0034236833    -0.0017775595    -0.0000000000
52 C     0.0006743828    -0.0006783637     0.0000000000
53 C    -0.0007478366     0.0004774260     0.0000000000
54 C    -0.0000222111    -0.0007561349     0.0000000000
55 C    -0.0041753436    -0.0004897672     0.0000000000
56 C    -0.0003487355     0.0080960192     0.0000000000
57 C     0.0099919302     0.0009925521    -0.0000000000
58 C     0.0003377133    -0.0016540668    -0.0000000000
59 C    -0.0006783741    -0.0020660160    -0.0000000000
60 C     0.0014401771     0.0003861956    -0.0000000000
61 C     0.0088908376    -0.0001518739     0.0000000000
62 N    -0.0055617292    -0.0112073915    -0.0000000000
63 C     0.0067328188     0.0057827875    -0.0000000000
64 C    -0.0000023439    -0.0004945451    -0.0000000000
65 C     0.0028131787    -0.0039500197    -0.0000000000
66 C    -0.0005530737    -0.0035339070    -0.0000000000
67 C    -0.0062057010     0.0014219175    -0.0000000000
68 C     0.0044769330     0.0058049857     0.0000000000
69 N     0.0068422366     0.0016504957    -0.0000000000
70 C    -0.0023519926    -0.0091910996    -0.0000000000
71 C     0.0022256004    -0.0000275998     0.0000000000
72 C     0.0026362259    -0.0010271877    -0.0000000000
73 C     0.0064508700    -0.0072614511    -0.0000000000
74 C    -0.0191607154     0.0137747515    -0.0000000000
75 C     0.0102217233    -0.0122331284    -0.0000000000
76 C    -0.0000104472    -0.0050361685     0.0000000000
77 C    -0.0036247376    -0.0047049998    -0.0000000000
78 H    -0.0013102334    -0.0015069321    -0.0000000000
79 H     0.0005004770    -0.0004470781     0.0000000000
80 H    -0.0003590195    -0.0009626125     0.0000000000
81 H     0.0001396738     0.0012197521     0.0000000000
82 H     0.0003431657    -0.0018301115     0.0000000000
83 H     0.0007972416     0.0032789228     0.0000000000
84 H     0.0004452508    -0.0004450922    -0.0000000000
85 H     0.0000949425    -0.0002531862     0.0000000000
86 H     0.0004655285    -0.0001085788     0.0000000000
87 H     0.0002821832    -0.0001155905     0.0000000000
88 H    -0.0000486138     0.0004699869     0.0000000000
89 H     0.0004998466     0.0006699469    -0.0000000000
90 H     0.0003415960    -0.0003174286    -0.0000000000
91 H     0.0004898425    -0.0005120409     0.0000000000
92 H     0.0009434716    -0.0006246488     0.0000000000
93 H     0.0010066230     0.0010423993     0.0000000000
94 H    -0.0002088959    -0.0076290823    -0.0000000000
95 H    -0.0016046129     0.0010123780    -0.0000000000
96 H     0.0005030525     0.0003458844     0.0000000000
97 H     0.0006229978     0.0005006611     0.0000000000
98 H     0.0005700744    -0.0005212146    -0.0000000000
99 H     0.0001094464     0.0005369618     0.0000000000
100 H     0.0007656752    -0.0007405762     0.0000000000
101 H    -0.0021066293     0.0067608035    -0.0000000000
----------------------------------------------
cycle 2: E = -3034.57978647  dE = -0.0386162  norm(grad) = 0.0601725

Geometry optimization cycle 3
