1721280189.9277022

Geometry optimization cycle 1
Cartesian coordinates (Angstrom)
 Atom        New coordinates             dX        dY        dZ
   C  -7.338226   5.042760   0.000000    0.000000  0.000000  0.000000
   C  -7.365228   0.691139   0.000000    0.000000  0.000000  0.000000
   C  -6.173642   2.889413   0.000000    0.000000  0.000000  0.000000
   C  -4.910090   5.019617   0.000000    0.000000  0.000000  0.000000
   C  -7.358051  -3.642635   0.000000    0.000000  0.000000  0.000000
   C  -6.173475  -1.431785   0.000000    0.000000  0.000000  0.000000
   C  -4.940069   0.716689   0.000000    0.000000  0.000000  0.000000
   C  -3.694845   2.860312   0.000000    0.000000  0.000000  0.000000
   C  -2.457224   5.005715   0.000000    0.000000  0.000000  0.000000
   C  -6.138515  -5.727246   0.000000    0.000000  0.000000  0.000000
   C  -4.928214  -3.580071   0.000000    0.000000  0.000000  0.000000
   C  -3.698169  -1.425571   0.000000    0.000000  0.000000  0.000000
   C  -2.471779   0.716540   0.000000    0.000000  0.000000  0.000000
   C  -1.230705   2.851907   0.000000    0.000000 -0.000000  0.000000
   C   0.000000   5.003169   0.000000    0.000000  0.000000  0.000000
   C  -3.678966  -5.694052   0.000000    0.000000  0.000000  0.000000
   C  -2.466015  -3.560923   0.000000    0.000000  0.000000  0.000000
   C  -1.232423  -1.423207   0.000000    0.000000  0.000000  0.000000
   C   0.000000   0.715809   0.000000    0.000000  0.000000  0.000000
   C   1.230705   2.851907   0.000000    0.000000 -0.000000  0.000000
   C   2.457224   5.005715   0.000000    0.000000  0.000000  0.000000
   C  -1.226334  -5.685080   0.000000    0.000000  0.000000  0.000000
   C   0.000000  -3.557079   0.000000    0.000000  0.000000  0.000000
   C   1.232423  -1.423207   0.000000    0.000000  0.000000  0.000000
   C   2.471779   0.716540   0.000000    0.000000  0.000000  0.000000
   N   3.694845   2.860312   0.000000    0.000000  0.000000  0.000000
   C   4.910090   5.019617   0.000000    0.000000  0.000000  0.000000
   C   1.226334  -5.685080   0.000000    0.000000  0.000000  0.000000
   C   2.466015  -3.560923   0.000000    0.000000  0.000000  0.000000
   C   3.698169  -1.425571   0.000000    0.000000  0.000000  0.000000
   C   4.940069   0.716689   0.000000    0.000000  0.000000  0.000000
   N   6.173642   2.889413   0.000000    0.000000  0.000000  0.000000
   C   7.338226   5.042760   0.000000    0.000000  0.000000  0.000000
   C   3.678966  -5.694052   0.000000    0.000000  0.000000  0.000000
   C   4.928214  -3.580071   0.000000    0.000000  0.000000  0.000000
   C   6.173475  -1.431785   0.000000   -0.000000  0.000000  0.000000
   C   7.365228   0.691139   0.000000    0.000000  0.000000  0.000000
   C   6.138515  -5.727246   0.000000    0.000000  0.000000  0.000000
   C   7.358051  -3.642635   0.000000   -0.000000  0.000000  0.000000
   C  -7.358051   3.642635   0.000000    0.000000  0.000000  0.000000
   C  -6.138515   5.727246   0.000000    0.000000  0.000000  0.000000
   C  -7.365228  -0.691139   0.000000    0.000000  0.000000  0.000000
   C  -6.173475   1.431785   0.000000    0.000000  0.000000  0.000000
   C  -4.928214   3.580071   0.000000    0.000000 -0.000000  0.000000
   C  -3.678966   5.694052   0.000000    0.000000  0.000000  0.000000
   C  -7.338226  -5.042760   0.000000    0.000000  0.000000  0.000000
   C  -6.173642  -2.889413   0.000000    0.000000  0.000000  0.000000
   C  -4.940069  -0.716689   0.000000    0.000000  0.000000  0.000000
   C  -3.698169   1.425571   0.000000    0.000000  0.000000  0.000000
   C  -2.466015   3.560923   0.000000    0.000000 -0.000000  0.000000
   C  -1.226334   5.685080   0.000000    0.000000  0.000000  0.000000
   C  -4.910090  -5.019617   0.000000    0.000000  0.000000  0.000000
   C  -3.694845  -2.860312   0.000000    0.000000  0.000000  0.000000
   C  -2.471779  -0.716540   0.000000    0.000000  0.000000  0.000000
   C  -1.232423   1.423207   0.000000    0.000000  0.000000  0.000000
   C   0.000000   3.557079   0.000000    0.000000  0.000000  0.000000
   N   1.226334   5.685080   0.000000    0.000000  0.000000  0.000000
   C  -2.457224  -5.005715   0.000000    0.000000  0.000000  0.000000
   N  -1.230705  -2.851907   0.000000    0.000000  0.000000  0.000000
   C   0.000000  -0.715809   0.000000    0.000000  0.000000  0.000000
   C   1.232423   1.423207   0.000000    0.000000  0.000000  0.000000
   C   2.466015   3.560923   0.000000    0.000000 -0.000000  0.000000
   C   3.678966   5.694052   0.000000    0.000000  0.000000  0.000000
   C   0.000000  -5.003169   0.000000    0.000000  0.000000  0.000000
   C   1.230705  -2.851907   0.000000    0.000000  0.000000  0.000000
   N   2.471779  -0.716540   0.000000    0.000000  0.000000  0.000000
   C   3.698169   1.425571   0.000000    0.000000  0.000000  0.000000
   C   4.928214   3.580071   0.000000    0.000000 -0.000000  0.000000
   C   6.138515   5.727246   0.000000    0.000000  0.000000  0.000000
   C   2.457224  -5.005715   0.000000    0.000000  0.000000  0.000000
   C   3.694845  -2.860312   0.000000    0.000000  0.000000  0.000000
   C   4.940069  -0.716689   0.000000    0.000000  0.000000  0.000000
   C   6.173475   1.431785   0.000000   -0.000000  0.000000  0.000000
   C   7.358051   3.642635   0.000000   -0.000000  0.000000  0.000000
   C   4.910090  -5.019617   0.000000    0.000000  0.000000  0.000000
   C   6.173642  -2.889413   0.000000    0.000000  0.000000  0.000000
   C   7.365228  -0.691139   0.000000    0.000000  0.000000  0.000000
   C   7.338226  -5.042760   0.000000    0.000000  0.000000  0.000000
   H   8.282184   5.591425   0.000000    0.000000 -0.000000  0.000000
   H   8.325741   3.141106   0.000000    0.000000  0.000000  0.000000
   H   8.326715   1.204661   0.000000    0.000000  0.000000  0.000000
   H   8.326715  -1.204661   0.000000    0.000000  0.000000  0.000000
   H   8.325741  -3.141106   0.000000    0.000000  0.000000  0.000000
   H   8.282184  -5.591425   0.000000    0.000000  0.000000  0.000000
   H  -8.282184   5.591425   0.000000    0.000000 -0.000000  0.000000
   H  -8.325741   3.141106   0.000000    0.000000  0.000000  0.000000
   H  -8.326715   1.204661   0.000000    0.000000  0.000000  0.000000
   H  -8.326715  -1.204661   0.000000    0.000000  0.000000  0.000000
   H  -8.325741  -3.141106   0.000000    0.000000  0.000000  0.000000
   H  -8.282184  -5.591425   0.000000    0.000000  0.000000  0.000000
   H  -6.116625   6.819427   0.000000    0.000000  0.000000  0.000000
   H  -3.672757   6.787431   0.000000    0.000000  0.000000  0.000000
   H  -1.225580   6.778408   0.000000    0.000000 -0.000000  0.000000
   H   1.225580   6.778408   0.000000    0.000000 -0.000000  0.000000
   H   3.672757   6.787431   0.000000    0.000000  0.000000  0.000000
   H   6.116625   6.819427   0.000000   -0.000000  0.000000  0.000000
   H  -6.116625  -6.819427   0.000000    0.000000  0.000000  0.000000
   H  -3.672757  -6.787431   0.000000    0.000000  0.000000  0.000000
   H  -1.225580  -6.778408   0.000000    0.000000  0.000000  0.000000
   H   1.225580  -6.778408   0.000000    0.000000  0.000000  0.000000
   H   3.672757  -6.787431   0.000000    0.000000  0.000000  0.000000
   H   6.116625  -6.819427   0.000000   -0.000000  0.000000  0.000000
converged SCF energy = -3067.65964055395
--------------- ROKS_Scanner gradients ---------------
         x                y                z
0 C    -0.0046320596     0.0009024663     0.0000000000
1 C    -0.0017590292     0.0036598920     0.0000000000
2 C     0.0038962140    -0.0055697634     0.0000000000
3 C     0.0028216233     0.0039635608    -0.0000000000
4 C    -0.0004742480    -0.0046453078    -0.0000000000
5 C    -0.0035807649    -0.0026296337    -0.0000000000
6 C     0.0050913942     0.0005032173     0.0000000000
7 C     0.0027563693     0.0011918336     0.0000000000
8 C     0.0187156990     0.0038146826    -0.0000000000
9 C     0.0047265835    -0.0033819827    -0.0000000000
10 C     0.0002818143     0.0025199034    -0.0000000000
11 C    -0.0042383404    -0.0003327320     0.0000000000
12 C    -0.0013589604    -0.0065981000     0.0000000000
13 C     0.0045848109     0.0012086317     0.0000000000
14 C     0.0229505825    -0.0115818652     0.0000000000
15 C     0.0056185585    -0.0084887872    -0.0000000000
16 C    -0.0116975775    -0.0076319048    -0.0000000000
17 C     0.0009592170     0.0202835901    -0.0000000000
18 C    -0.0055651566    -0.0087987628     0.0000000000
19 C    -0.0130800420     0.0037866087     0.0000000000
20 C    -0.0058021341     0.0059722794     0.0000000000
21 C     0.0025049068    -0.0071709301    -0.0000000000
22 C     0.0079758313    -0.0070411359    -0.0000000000
23 C    -0.0124843599    -0.0128821272    -0.0000000000
24 C    -0.0260387122    -0.0006353229     0.0000000000
25 N    -0.0448575190    -0.0086398885    -0.0000000000
26 C    -0.0100403739     0.0094692506    -0.0000000000
27 C    -0.0013339116    -0.0100019145     0.0000000000
28 C     0.0017590378     0.0088197341     0.0000000000
29 C    -0.0011556771     0.0042937296     0.0000000000
30 C    -0.0230535183    -0.0172490247     0.0000000000
31 N     0.0320309619    -0.0009531452    -0.0000000000
32 C    -0.0017674029     0.0351541774    -0.0000000000
33 C    -0.0055511612    -0.0042304510    -0.0000000000
34 C    -0.0025288602    -0.0051582012    -0.0000000000
35 C    -0.0013821962     0.0014274622    -0.0000000000
36 C    -0.0039490431    -0.0124399314     0.0000000000
37 C    -0.0068761906    -0.0035595532    -0.0000000000
38 C    -0.0003507407    -0.0057651447    -0.0000000000
39 C    -0.0024909726     0.0026431448    -0.0000000000
40 C     0.0004121879     0.0032154395    -0.0000000000
41 C    -0.0003020958    -0.0028489841     0.0000000000
42 C    -0.0042841610     0.0040781197    -0.0000000000
43 C    -0.0009373107    -0.0020092715    -0.0000000000
44 C    -0.0122104192     0.0043067420     0.0000000000
45 C    -0.0064529512     0.0004547900     0.0000000000
46 C     0.0020592211     0.0060014809     0.0000000000
47 C     0.0045857120    -0.0011473354     0.0000000000
48 C    -0.0050306356     0.0013960129    -0.0000000000
49 C    -0.0023980497    -0.0022607186    -0.0000000000
50 C    -0.0393477462     0.0025608465     0.0000000000
51 C    -0.0060455377     0.0011179931     0.0000000000
52 C    -0.0041405914    -0.0049126084    -0.0000000000
53 C     0.0025725616     0.0131920072    -0.0000000000
54 C     0.0032189520    -0.0023031244    -0.0000000000
55 C    -0.0115645430    -0.0076082308    -0.0000000000
56 N    -0.0108734031    -0.0179174861    -0.0000000000
57 C    -0.0106912197     0.0047939830     0.0000000000
58 N     0.0081937008    -0.0066159554     0.0000000000
59 C    -0.0103974692     0.0088664829     0.0000000000
60 C     0.0238414458     0.0084995682    -0.0000000000
61 C     0.0191286846    -0.0217867537     0.0000000000
62 C     0.0275629935     0.0007805978    -0.0000000000
63 C     0.0035234716     0.0028913703    -0.0000000000
64 C     0.0006323485    -0.0079297792     0.0000000000
65 N     0.0138304446    -0.0027618925     0.0000000000
66 C     0.0293956292     0.0089388529    -0.0000000000
67 C     0.0068047946     0.0218939538    -0.0000000000
68 C     0.0132257587     0.0000806832     0.0000000000
69 C     0.0032278660     0.0023349428    -0.0000000000
70 C     0.0023062637    -0.0126682459    -0.0000000000
71 C     0.0099933571    -0.0076630234     0.0000000000
72 C     0.0096180768     0.0026551844    -0.0000000000
73 C    -0.0077239745    -0.0237786810     0.0000000000
74 C     0.0097209627     0.0022567350     0.0000000000
75 C    -0.0033900381     0.0060898845     0.0000000000
76 C     0.0066987986    -0.0013169213     0.0000000000
77 C     0.0072453847     0.0013498577     0.0000000000
78 H     0.0044606559     0.0068963269     0.0000000000
79 H     0.0139742104     0.0030784531    -0.0000000000
80 H     0.0060469776     0.0034212230    -0.0000000000
81 H     0.0064364021    -0.0035529051    -0.0000000000
82 H     0.0053472780     0.0030884577     0.0000000000
83 H     0.0048215566    -0.0028426341    -0.0000000000
84 H    -0.0049157509     0.0028403736     0.0000000000
85 H    -0.0055696420    -0.0029753893     0.0000000000
86 H    -0.0056285178     0.0029230202    -0.0000000000
87 H    -0.0059802545    -0.0027627756    -0.0000000000
88 H    -0.0057469406     0.0028791555    -0.0000000000
89 H    -0.0048457623    -0.0028142903    -0.0000000000
90 H     0.0001879084     0.0058993322     0.0000000000
91 H    -0.0000060933     0.0060664164    -0.0000000000
92 H     0.0001192236     0.0055174911    -0.0000000000
93 H    -0.0009565046     0.0620006408     0.0000000000
94 H    -0.0014298668     0.0071674412    -0.0000000000
95 H     0.0010848966     0.0075473622     0.0000000000
96 H     0.0000751672    -0.0060397218     0.0000000000
97 H    -0.0012366688    -0.0071521727     0.0000000000
98 H    -0.0001615625    -0.0074838528    -0.0000000000
99 H     0.0010722476    -0.0074171403     0.0000000000
100 H     0.0001598084    -0.0066261917    -0.0000000000
101 H     0.0000147904    -0.0061688712     0.0000000000
----------------------------------------------
cycle 1: E = -3067.65964055  dE = -3067.66  norm(grad) = 0.152584

Geometry optimization cycle 2
