1721293085.4269435

Geometry optimization cycle 1
Cartesian coordinates (Angstrom)
 Atom        New coordinates             dX        dY        dZ
   C  -7.338226   5.042760   0.000000    0.000000  0.000000  0.000000
   C  -7.365228   0.691139   0.000000    0.000000  0.000000  0.000000
   C  -6.173642   2.889413   0.000000    0.000000  0.000000  0.000000
   C  -4.910090   5.019617   0.000000    0.000000  0.000000  0.000000
   C  -7.358051  -3.642635   0.000000    0.000000  0.000000  0.000000
   C  -6.173475  -1.431785   0.000000    0.000000  0.000000  0.000000
   N  -4.940069   0.716689   0.000000    0.000000  0.000000  0.000000
   C  -3.694845   2.860312   0.000000    0.000000  0.000000  0.000000
   C  -2.457224   5.005715   0.000000    0.000000  0.000000  0.000000
   C  -6.138515  -5.727246   0.000000    0.000000  0.000000  0.000000
   C  -4.928214  -3.580071   0.000000    0.000000  0.000000  0.000000
   C  -3.698169  -1.425571   0.000000    0.000000  0.000000  0.000000
   C  -2.471779   0.716540   0.000000    0.000000  0.000000  0.000000
   C  -1.230705   2.851907   0.000000    0.000000 -0.000000  0.000000
   C   0.000000   5.003169   0.000000    0.000000  0.000000  0.000000
   C  -3.678966  -5.694052   0.000000    0.000000  0.000000  0.000000
   C  -2.466015  -3.560923   0.000000    0.000000  0.000000  0.000000
   C  -1.232423  -1.423207   0.000000    0.000000  0.000000  0.000000
   C   0.000000   0.715809   0.000000    0.000000  0.000000  0.000000
   C   1.230705   2.851907   0.000000    0.000000 -0.000000  0.000000
   C   2.457224   5.005715   0.000000    0.000000  0.000000  0.000000
   C  -1.226334  -5.685080   0.000000    0.000000  0.000000  0.000000
   C   0.000000  -3.557079   0.000000    0.000000  0.000000  0.000000
   C   1.232423  -1.423207   0.000000    0.000000  0.000000  0.000000
   C   2.471779   0.716540   0.000000    0.000000  0.000000  0.000000
   C   3.694845   2.860312   0.000000    0.000000  0.000000  0.000000
   C   4.910090   5.019617   0.000000    0.000000  0.000000  0.000000
   N   1.226334  -5.685080   0.000000    0.000000  0.000000  0.000000
   C   2.466015  -3.560923   0.000000    0.000000  0.000000  0.000000
   C   3.698169  -1.425571   0.000000    0.000000  0.000000  0.000000
   C   4.940069   0.716689   0.000000    0.000000  0.000000  0.000000
   C   6.173642   2.889413   0.000000    0.000000  0.000000  0.000000
   C   7.338226   5.042760   0.000000    0.000000  0.000000  0.000000
   C   3.678966  -5.694052   0.000000    0.000000  0.000000  0.000000
   C   4.928214  -3.580071   0.000000    0.000000  0.000000  0.000000
   C   6.173475  -1.431785   0.000000   -0.000000  0.000000  0.000000
   C   7.365228   0.691139   0.000000    0.000000  0.000000  0.000000
   C   6.138515  -5.727246   0.000000    0.000000  0.000000  0.000000
   N   7.358051  -3.642635   0.000000   -0.000000  0.000000  0.000000
   C  -7.358051   3.642635   0.000000    0.000000  0.000000  0.000000
   C  -6.138515   5.727246   0.000000    0.000000  0.000000  0.000000
   C  -7.365228  -0.691139   0.000000    0.000000  0.000000  0.000000
   C  -6.173475   1.431785   0.000000    0.000000  0.000000  0.000000
   C  -4.928214   3.580071   0.000000    0.000000 -0.000000  0.000000
   C  -3.678966   5.694052   0.000000    0.000000  0.000000  0.000000
   C  -7.338226  -5.042760   0.000000    0.000000  0.000000  0.000000
   N  -6.173642  -2.889413   0.000000    0.000000  0.000000  0.000000
   C  -4.940069  -0.716689   0.000000    0.000000  0.000000  0.000000
   C  -3.698169   1.425571   0.000000    0.000000  0.000000  0.000000
   C  -2.466015   3.560923   0.000000    0.000000 -0.000000  0.000000
   C  -1.226334   5.685080   0.000000    0.000000  0.000000  0.000000
   N  -4.910090  -5.019617   0.000000    0.000000  0.000000  0.000000
   C  -3.694845  -2.860312   0.000000    0.000000  0.000000  0.000000
   C  -2.471779  -0.716540   0.000000    0.000000  0.000000  0.000000
   C  -1.232423   1.423207   0.000000    0.000000  0.000000  0.000000
   C   0.000000   3.557079   0.000000    0.000000  0.000000  0.000000
   C   1.226334   5.685080   0.000000    0.000000  0.000000  0.000000
   N  -2.457224  -5.005715   0.000000    0.000000  0.000000  0.000000
   C  -1.230705  -2.851907   0.000000    0.000000  0.000000  0.000000
   C   0.000000  -0.715809   0.000000    0.000000  0.000000  0.000000
   C   1.232423   1.423207   0.000000    0.000000  0.000000  0.000000
   C   2.466015   3.560923   0.000000    0.000000 -0.000000  0.000000
   C   3.678966   5.694052   0.000000    0.000000  0.000000  0.000000
   C   0.000000  -5.003169   0.000000    0.000000  0.000000  0.000000
   C   1.230705  -2.851907   0.000000    0.000000  0.000000  0.000000
   C   2.471779  -0.716540   0.000000    0.000000  0.000000  0.000000
   C   3.698169   1.425571   0.000000    0.000000  0.000000  0.000000
   C   4.928214   3.580071   0.000000    0.000000 -0.000000  0.000000
   C   6.138515   5.727246   0.000000    0.000000  0.000000  0.000000
   C   2.457224  -5.005715   0.000000    0.000000  0.000000  0.000000
   C   3.694845  -2.860312   0.000000    0.000000  0.000000  0.000000
   C   4.940069  -0.716689   0.000000    0.000000  0.000000  0.000000
   N   6.173475   1.431785   0.000000   -0.000000  0.000000  0.000000
   C   7.358051   3.642635   0.000000   -0.000000  0.000000  0.000000
   C   4.910090  -5.019617   0.000000    0.000000  0.000000  0.000000
   C   6.173642  -2.889413   0.000000    0.000000  0.000000  0.000000
   C   7.365228  -0.691139   0.000000    0.000000  0.000000  0.000000
   C   7.338226  -5.042760   0.000000    0.000000  0.000000  0.000000
   H   8.282184   5.591425   0.000000    0.000000 -0.000000  0.000000
   H   8.325741   3.141106   0.000000    0.000000  0.000000  0.000000
   H   8.326715   1.204661   0.000000    0.000000  0.000000  0.000000
   H   8.326715  -1.204661   0.000000    0.000000  0.000000  0.000000
   H   8.325741  -3.141106   0.000000    0.000000  0.000000  0.000000
   H   8.282184  -5.591425   0.000000    0.000000  0.000000  0.000000
   H  -8.282184   5.591425   0.000000    0.000000 -0.000000  0.000000
   H  -8.325741   3.141106   0.000000    0.000000  0.000000  0.000000
   H  -8.326715   1.204661   0.000000    0.000000  0.000000  0.000000
   H  -8.326715  -1.204661   0.000000    0.000000  0.000000  0.000000
   H  -8.325741  -3.141106   0.000000    0.000000  0.000000  0.000000
   H  -8.282184  -5.591425   0.000000    0.000000  0.000000  0.000000
   H  -6.116625   6.819427   0.000000    0.000000  0.000000  0.000000
   H  -3.672757   6.787431   0.000000    0.000000  0.000000  0.000000
   H  -1.225580   6.778408   0.000000    0.000000 -0.000000  0.000000
   H   1.225580   6.778408   0.000000    0.000000 -0.000000  0.000000
   H   3.672757   6.787431   0.000000    0.000000  0.000000  0.000000
   H   6.116625   6.819427   0.000000   -0.000000  0.000000  0.000000
   H  -6.116625  -6.819427   0.000000    0.000000  0.000000  0.000000
   H  -3.672757  -6.787431   0.000000    0.000000  0.000000  0.000000
   H  -1.225580  -6.778408   0.000000    0.000000  0.000000  0.000000
   H   1.225580  -6.778408   0.000000    0.000000  0.000000  0.000000
   H   3.672757  -6.787431   0.000000    0.000000  0.000000  0.000000
   H   6.116625  -6.819427   0.000000   -0.000000  0.000000  0.000000
converged SCF energy = -3100.85621876471
--------------- ROKS_Scanner gradients ---------------
         x                y                z
0 C    -0.0098317072    -0.0036892212    -0.0000000000
1 C    -0.0212906552    -0.0028304279    -0.0000000000
2 C    -0.0055550769    -0.0068364592    -0.0000000000
3 C    -0.0124933981    -0.0024683507    -0.0000000000
4 C     0.0161955747     0.0109465339    -0.0000000000
5 C    -0.0047424439     0.0153788140    -0.0000000000
6 N    -0.0053195358     0.0075565648    -0.0000000000
7 C     0.0070219747     0.0031553943    -0.0000000000
8 C    -0.0076622440    -0.0077130742    -0.0000000000
9 C    -0.0159471071    -0.0006463259     0.0000000000
10 C    -0.0056888382    -0.0190802904     0.0000000000
11 C    -0.0054164639    -0.0077744667    -0.0000000000
12 C     0.0032053079     0.0086562469    -0.0000000000
13 C    -0.0001715873     0.0041470720    -0.0000000000
14 C     0.0002917460    -0.0079401834    -0.0000000000
15 C     0.0082418679    -0.0386587149    -0.0000000000
16 C    -0.0153553723     0.0110375572     0.0000000000
17 C     0.0005810500     0.0019525570    -0.0000000000
18 C    -0.0031600919     0.0053055541    -0.0000000000
19 C     0.0036007016     0.0018191285    -0.0000000000
20 C     0.0054488305    -0.0044558836    -0.0000000000
21 C    -0.0274363603    -0.0109827371    -0.0000000000
22 C    -0.0185909218    -0.0002648052     0.0000000000
23 C    -0.0003654919     0.0048210895    -0.0000000000
24 C     0.0024873953     0.0168554317    -0.0000000000
25 C     0.0037028239    -0.0090208936     0.0000000000
26 C     0.0071575457    -0.0024573920    -0.0000000000
27 N    -0.0008158162     0.0271395887    -0.0000000000
28 C     0.0017609194     0.0265836536    -0.0000000000
29 C    -0.0048709006     0.0002451764    -0.0000000000
30 C     0.0059746590    -0.0039886792     0.0000000000
31 C    -0.0081975369     0.0050751668    -0.0000000000
32 C     0.0147978781    -0.0086335102    -0.0000000000
33 C     0.0070607672    -0.0022688366    -0.0000000000
34 C    -0.0025801017     0.0125590009    -0.0000000000
35 C     0.0074905420     0.0561350057    -0.0000000000
36 C     0.0066616407     0.0251875754    -0.0000000000
37 C    -0.0333823859    -0.0076116145    -0.0000000000
38 N    -0.0394120003     0.0006384541    -0.0000000000
39 C     0.0029467511     0.0109535731     0.0000000000
40 C     0.0112250334     0.0037069831     0.0000000000
41 C     0.0063554923     0.0165030559     0.0000000000
42 C     0.0044929480     0.0075004460     0.0000000000
43 C     0.0054569914     0.0010938378     0.0000000000
44 C     0.0084936563     0.0061854095     0.0000000000
45 C    -0.0115388889    -0.0331442008    -0.0000000000
46 N    -0.0154299283    -0.0082516640    -0.0000000000
47 C     0.0017649611    -0.0059092546     0.0000000000
48 C     0.0131532364     0.0057200856     0.0000000000
49 C     0.0010117662     0.0046575881     0.0000000000
50 C     0.0035130989     0.0076806049     0.0000000000
51 N    -0.0163736487     0.0250197402     0.0000000000
52 C     0.0272706099     0.0211004763    -0.0000000000
53 C     0.0004702212    -0.0015754132     0.0000000000
54 C     0.0050287787    -0.0057011648     0.0000000000
55 C    -0.0032995142     0.0010687806     0.0000000000
56 C    -0.0021832211     0.0067777236     0.0000000000
57 N     0.0243752440    -0.0112337256     0.0000000000
58 C     0.0117607932     0.0124969873     0.0000000000
59 C    -0.0004139587    -0.0026965877     0.0000000000
60 C     0.0021923708    -0.0012756747     0.0000000000
61 C    -0.0082755995     0.0014772656    -0.0000000000
62 C    -0.0059772013     0.0066810533     0.0000000000
63 C     0.0280119730     0.0135082450    -0.0000000000
64 C     0.0142858203    -0.0059169453     0.0000000000
65 C     0.0043602073    -0.0123139868     0.0000000000
66 C    -0.0222385609     0.0045643515     0.0000000000
67 C     0.0014033874     0.0119844235     0.0000000000
68 C    -0.0132721541     0.0023716647     0.0000000000
69 C     0.0001331958    -0.0117490976     0.0000000000
70 C    -0.0093235960    -0.0042689040     0.0000000000
71 C     0.0039242527    -0.0056830357     0.0000000000
72 N     0.0038777725    -0.0081264859    -0.0000000000
73 C     0.0000333824     0.0232428067     0.0000000000
74 C     0.0224978380    -0.0156360133     0.0000000000
75 C     0.0018755901    -0.0408577492     0.0000000000
76 C    -0.0139345126    -0.0408136394     0.0000000000
77 C     0.0269426860    -0.0076907638     0.0000000000
78 H     0.0047587868     0.0036110494     0.0000000000
79 H     0.0053652667    -0.0033720627    -0.0000000000
80 H     0.0124102784    -0.0024625700     0.0000000000
81 H     0.0027000145    -0.0077159219    -0.0000000000
82 H     0.0557487796     0.0272473677    -0.0000000000
83 H     0.0032144997    -0.0103035517    -0.0000000000
84 H    -0.0047469834     0.0031775005     0.0000000000
85 H    -0.0052137972    -0.0033204729    -0.0000000000
86 H    -0.0093120336     0.0015815416     0.0000000000
87 H    -0.0068924828    -0.0030668781     0.0000000000
88 H    -0.0135406053    -0.0018370485     0.0000000000
89 H    -0.0076636809    -0.0046413817     0.0000000000
90 H     0.0000808863     0.0061876150    -0.0000000000
91 H     0.0000371271     0.0065624725    -0.0000000000
92 H     0.0001924608     0.0066241847    -0.0000000000
93 H     0.0000863962     0.0064060556    -0.0000000000
94 H    -0.0003438153     0.0064729741    -0.0000000000
95 H    -0.0002364540     0.0062302838    -0.0000000000
96 H    -0.0082210209    -0.0100839498     0.0000000000
97 H     0.0014953350    -0.0129641381     0.0000000000
98 H     0.0076307824    -0.0088542802     0.0000000000
99 H    -0.0007464633    -0.0618516115    -0.0000000000
100 H    -0.0006810625    -0.0052887483     0.0000000000
101 H    -0.0040854772    -0.0075933182     0.0000000000
----------------------------------------------
cycle 1: E = -3100.85621876  dE = -3100.86  norm(grad) = 0.196831

Geometry optimization cycle 2
