1721280190.0127892

Geometry optimization cycle 1
Cartesian coordinates (Angstrom)
 Atom        New coordinates             dX        dY        dZ
   C  -7.338226   5.042760   0.000000    0.000000  0.000000  0.000000
   C  -7.365228   0.691139   0.000000    0.000000  0.000000  0.000000
   C  -6.173642   2.889413   0.000000    0.000000  0.000000  0.000000
   C  -4.910090   5.019617   0.000000    0.000000  0.000000  0.000000
   C  -7.358051  -3.642635   0.000000    0.000000  0.000000  0.000000
   C  -6.173475  -1.431785   0.000000    0.000000  0.000000  0.000000
   C  -4.940069   0.716689   0.000000    0.000000  0.000000  0.000000
   C  -3.694845   2.860312   0.000000    0.000000  0.000000  0.000000
   C  -2.457224   5.005715   0.000000    0.000000  0.000000  0.000000
   C  -6.138515  -5.727246   0.000000    0.000000  0.000000  0.000000
   C  -4.928214  -3.580071   0.000000    0.000000  0.000000  0.000000
   C  -3.698169  -1.425571   0.000000    0.000000  0.000000  0.000000
   C  -2.471779   0.716540   0.000000    0.000000  0.000000  0.000000
   C  -1.230705   2.851907   0.000000    0.000000 -0.000000  0.000000
   C   0.000000   5.003169   0.000000    0.000000  0.000000  0.000000
   C  -3.678966  -5.694052   0.000000    0.000000  0.000000  0.000000
   C  -2.466015  -3.560923   0.000000    0.000000  0.000000  0.000000
   C  -1.232423  -1.423207   0.000000    0.000000  0.000000  0.000000
   C   0.000000   0.715809   0.000000    0.000000  0.000000  0.000000
   C   1.230705   2.851907   0.000000    0.000000 -0.000000  0.000000
   C   2.457224   5.005715   0.000000    0.000000  0.000000  0.000000
   C  -1.226334  -5.685080   0.000000    0.000000  0.000000  0.000000
   C   0.000000  -3.557079   0.000000    0.000000  0.000000  0.000000
   C   1.232423  -1.423207   0.000000    0.000000  0.000000  0.000000
   C   2.471779   0.716540   0.000000    0.000000  0.000000  0.000000
   N   3.694845   2.860312   0.000000    0.000000  0.000000  0.000000
   C   4.910090   5.019617   0.000000    0.000000  0.000000  0.000000
   C   1.226334  -5.685080   0.000000    0.000000  0.000000  0.000000
   C   2.466015  -3.560923   0.000000    0.000000  0.000000  0.000000
   C   3.698169  -1.425571   0.000000    0.000000  0.000000  0.000000
   C   4.940069   0.716689   0.000000    0.000000  0.000000  0.000000
   C   6.173642   2.889413   0.000000    0.000000  0.000000  0.000000
   N   7.338226   5.042760   0.000000    0.000000  0.000000  0.000000
   C   3.678966  -5.694052   0.000000    0.000000  0.000000  0.000000
   C   4.928214  -3.580071   0.000000    0.000000  0.000000  0.000000
   C   6.173475  -1.431785   0.000000   -0.000000  0.000000  0.000000
   C   7.365228   0.691139   0.000000    0.000000  0.000000  0.000000
   C   6.138515  -5.727246   0.000000    0.000000  0.000000  0.000000
   C   7.358051  -3.642635   0.000000   -0.000000  0.000000  0.000000
   C  -7.358051   3.642635   0.000000    0.000000  0.000000  0.000000
   N  -6.138515   5.727246   0.000000    0.000000  0.000000  0.000000
   C  -7.365228  -0.691139   0.000000    0.000000  0.000000  0.000000
   C  -6.173475   1.431785   0.000000    0.000000  0.000000  0.000000
   C  -4.928214   3.580071   0.000000    0.000000 -0.000000  0.000000
   C  -3.678966   5.694052   0.000000    0.000000  0.000000  0.000000
   C  -7.338226  -5.042760   0.000000    0.000000  0.000000  0.000000
   C  -6.173642  -2.889413   0.000000    0.000000  0.000000  0.000000
   C  -4.940069  -0.716689   0.000000    0.000000  0.000000  0.000000
   C  -3.698169   1.425571   0.000000    0.000000  0.000000  0.000000
   C  -2.466015   3.560923   0.000000    0.000000 -0.000000  0.000000
   C  -1.226334   5.685080   0.000000    0.000000  0.000000  0.000000
   N  -4.910090  -5.019617   0.000000    0.000000  0.000000  0.000000
   C  -3.694845  -2.860312   0.000000    0.000000  0.000000  0.000000
   C  -2.471779  -0.716540   0.000000    0.000000  0.000000  0.000000
   C  -1.232423   1.423207   0.000000    0.000000  0.000000  0.000000
   C   0.000000   3.557079   0.000000    0.000000  0.000000  0.000000
   C   1.226334   5.685080   0.000000    0.000000  0.000000  0.000000
   C  -2.457224  -5.005715   0.000000    0.000000  0.000000  0.000000
   C  -1.230705  -2.851907   0.000000    0.000000  0.000000  0.000000
   C   0.000000  -0.715809   0.000000    0.000000  0.000000  0.000000
   C   1.232423   1.423207   0.000000    0.000000  0.000000  0.000000
   N   2.466015   3.560923   0.000000    0.000000 -0.000000  0.000000
   C   3.678966   5.694052   0.000000    0.000000  0.000000  0.000000
   C   0.000000  -5.003169   0.000000    0.000000  0.000000  0.000000
   C   1.230705  -2.851907   0.000000    0.000000  0.000000  0.000000
   C   2.471779  -0.716540   0.000000    0.000000  0.000000  0.000000
   C   3.698169   1.425571   0.000000    0.000000  0.000000  0.000000
   C   4.928214   3.580071   0.000000    0.000000 -0.000000  0.000000
   C   6.138515   5.727246   0.000000    0.000000  0.000000  0.000000
   C   2.457224  -5.005715   0.000000    0.000000  0.000000  0.000000
   C   3.694845  -2.860312   0.000000    0.000000  0.000000  0.000000
   C   4.940069  -0.716689   0.000000    0.000000  0.000000  0.000000
   C   6.173475   1.431785   0.000000   -0.000000  0.000000  0.000000
   C   7.358051   3.642635   0.000000   -0.000000  0.000000  0.000000
   C   4.910090  -5.019617   0.000000    0.000000  0.000000  0.000000
   C   6.173642  -2.889413   0.000000    0.000000  0.000000  0.000000
   C   7.365228  -0.691139   0.000000    0.000000  0.000000  0.000000
   C   7.338226  -5.042760   0.000000    0.000000  0.000000  0.000000
   H   8.282184   5.591425   0.000000    0.000000 -0.000000  0.000000
   H   8.325741   3.141106   0.000000    0.000000  0.000000  0.000000
   H   8.326715   1.204661   0.000000    0.000000  0.000000  0.000000
   H   8.326715  -1.204661   0.000000    0.000000  0.000000  0.000000
   H   8.325741  -3.141106   0.000000    0.000000  0.000000  0.000000
   H   8.282184  -5.591425   0.000000    0.000000  0.000000  0.000000
   H  -8.282184   5.591425   0.000000    0.000000 -0.000000  0.000000
   H  -8.325741   3.141106   0.000000    0.000000  0.000000  0.000000
   H  -8.326715   1.204661   0.000000    0.000000  0.000000  0.000000
   H  -8.326715  -1.204661   0.000000    0.000000  0.000000  0.000000
   H  -8.325741  -3.141106   0.000000    0.000000  0.000000  0.000000
   H  -8.282184  -5.591425   0.000000    0.000000  0.000000  0.000000
   H  -6.116625   6.819427   0.000000    0.000000  0.000000  0.000000
   H  -3.672757   6.787431   0.000000    0.000000  0.000000  0.000000
   H  -1.225580   6.778408   0.000000    0.000000 -0.000000  0.000000
   H   1.225580   6.778408   0.000000    0.000000 -0.000000  0.000000
   H   3.672757   6.787431   0.000000    0.000000  0.000000  0.000000
   H   6.116625   6.819427   0.000000   -0.000000  0.000000  0.000000
   H  -6.116625  -6.819427   0.000000    0.000000  0.000000  0.000000
   H  -3.672757  -6.787431   0.000000    0.000000  0.000000  0.000000
   H  -1.225580  -6.778408   0.000000    0.000000  0.000000  0.000000
   H   1.225580  -6.778408   0.000000    0.000000  0.000000  0.000000
   H   3.672757  -6.787431   0.000000    0.000000  0.000000  0.000000
   H   6.116625  -6.819427   0.000000   -0.000000  0.000000  0.000000
converged SCF energy = -3067.6640874396
--------------- ROKS_Scanner gradients ---------------
         x                y                z
0 C    -0.0089044102     0.0332303238    -0.0000000000
1 C     0.0075938933     0.0122092104    -0.0000000000
2 C    -0.0259477050     0.0204761911    -0.0000000000
3 C    -0.0137297580    -0.0179211268     0.0000000000
4 C     0.0108399046     0.0073548163     0.0000000000
5 C    -0.0111844385     0.0048567950     0.0000000000
6 C    -0.0025516142    -0.0002959960    -0.0000000000
7 C    -0.0006933010     0.0035175762    -0.0000000000
8 C    -0.0121598016     0.0078125138    -0.0000000000
9 C    -0.0101230356    -0.0137025994    -0.0000000000
10 C     0.0079402045     0.0121060325     0.0000000000
11 C     0.0050688319     0.0043998873    -0.0000000000
12 C    -0.0030095450     0.0055527034     0.0000000000
13 C     0.0033795167     0.0097261769     0.0000000000
14 C     0.0087566877    -0.0014016133    -0.0000000000
15 C     0.0327915867    -0.0166689413     0.0000000000
16 C    -0.0008085002     0.0000947011    -0.0000000000
17 C    -0.0002006919    -0.0020589872    -0.0000000000
18 C    -0.0023030881    -0.0031789619     0.0000000000
19 C    -0.0081564881     0.0117817687     0.0000000000
20 C    -0.0026063496     0.0024742871    -0.0000000000
21 C     0.0172027093    -0.0022356782    -0.0000000000
22 C     0.0010719806     0.0028866188    -0.0000000000
23 C    -0.0005241651     0.0025576035    -0.0000000000
24 C    -0.0217877696    -0.0074012800     0.0000000000
25 N    -0.0476456026    -0.0069669919     0.0000000000
26 C    -0.0048390806    -0.0103658233    -0.0000000000
27 C     0.0065201403    -0.0044456245    -0.0000000000
28 C    -0.0019313755     0.0000528502    -0.0000000000
29 C    -0.0005051229    -0.0009951766    -0.0000000000
30 C    -0.0031899383    -0.0144747349    -0.0000000000
31 C     0.0118209063    -0.0128464685    -0.0000000000
32 N    -0.0193982571     0.0031969991    -0.0000000000
33 C     0.0012860537    -0.0033801301     0.0000000000
34 C    -0.0001351799    -0.0004496976    -0.0000000000
35 C    -0.0052204336    -0.0060384979    -0.0000000000
36 C     0.0055997816    -0.0063124092    -0.0000000000
37 C    -0.0036157904    -0.0032995912    -0.0000000000
38 C     0.0017663234    -0.0035522054    -0.0000000000
39 C     0.0163190056    -0.0446075580     0.0000000000
40 N    -0.0034961246    -0.0251481111    -0.0000000000
41 C     0.0056813690    -0.0104214567     0.0000000000
42 C    -0.0064552102    -0.0161117271     0.0000000000
43 C     0.0148759809     0.0037086116     0.0000000000
44 C     0.0321236079     0.0009875297    -0.0000000000
45 C    -0.0123192386    -0.0140359700     0.0000000000
46 C    -0.0053307894     0.0054549690    -0.0000000000
47 C     0.0015886256     0.0011876296     0.0000000000
48 C     0.0051759879    -0.0049857854     0.0000000000
49 C    -0.0049990896    -0.0055902750    -0.0000000000
50 C     0.0006108684     0.0062470952     0.0000000000
51 N    -0.0149857997     0.0093151399     0.0000000000
52 C    -0.0045587434     0.0031967682     0.0000000000
53 C    -0.0023859229    -0.0038573214     0.0000000000
54 C     0.0029906405    -0.0037381871    -0.0000000000
55 C    -0.0167238809    -0.0062686262    -0.0000000000
56 C    -0.0117693749     0.0179260987     0.0000000000
57 C    -0.0132870116    -0.0020182897     0.0000000000
58 C    -0.0006028525     0.0001931607     0.0000000000
59 C     0.0022959226    -0.0022503687     0.0000000000
60 C     0.0094294015    -0.0186797534    -0.0000000000
61 N     0.0308066394    -0.0157693269    -0.0000000000
62 C     0.0002632720     0.0057519801     0.0000000000
63 C    -0.0092861723    -0.0000354078     0.0000000000
64 C    -0.0020339776    -0.0033500524     0.0000000000
65 C    -0.0051215976    -0.0018675279    -0.0000000000
66 C     0.0216159672     0.0027968642    -0.0000000000
67 C     0.0248847767     0.0204359171    -0.0000000000
68 C    -0.0038557416     0.0228223912     0.0000000000
69 C    -0.0032220972     0.0013327316     0.0000000000
70 C    -0.0003417785     0.0020814897     0.0000000000
71 C     0.0066265229     0.0007912760     0.0000000000
72 C    -0.0065094659     0.0121365066     0.0000000000
73 C     0.0009417073    -0.0268985401     0.0000000000
74 C     0.0026027319    -0.0007133211    -0.0000000000
75 C    -0.0025057009     0.0070800323     0.0000000000
76 C     0.0045596785     0.0041019000     0.0000000000
77 C     0.0052265292     0.0006992166     0.0000000000
78 H     0.0526148460     0.0309894887    -0.0000000000
79 H     0.0058470077    -0.0103734167    -0.0000000000
80 H     0.0048727530     0.0032708483     0.0000000000
81 H     0.0058362927    -0.0028415063    -0.0000000000
82 H     0.0053240511     0.0029940956     0.0000000000
83 H     0.0048068418    -0.0027922680    -0.0000000000
84 H    -0.0106005597    -0.0021349468     0.0000000000
85 H    -0.0053222322    -0.0070018590    -0.0000000000
86 H    -0.0050990563     0.0035261801     0.0000000000
87 H    -0.0053827019    -0.0032691113     0.0000000000
88 H    -0.0063822580     0.0034209751    -0.0000000000
89 H    -0.0077858586    -0.0008324668    -0.0000000000
90 H     0.0007668358     0.0616442592     0.0000000000
91 H    -0.0002305625     0.0053779919    -0.0000000000
92 H    -0.0003057239     0.0060958035    -0.0000000000
93 H    -0.0039312103     0.0085821465    -0.0000000000
94 H     0.0031056160     0.0090104016     0.0000000000
95 H    -0.0072233533     0.0093527384    -0.0000000000
96 H    -0.0085586822    -0.0096303860     0.0000000000
97 H     0.0086780900    -0.0095482796     0.0000000000
98 H    -0.0002235312    -0.0060278476    -0.0000000000
99 H     0.0000370793    -0.0061219747     0.0000000000
100 H     0.0000296631    -0.0060658312    -0.0000000000
101 H    -0.0001717703    -0.0058645018     0.0000000000
----------------------------------------------
cycle 1: E = -3067.66408744  dE = -3067.66  norm(grad) = 0.175804

Geometry optimization cycle 2
