1721292772.2061188

Geometry optimization cycle 1
Cartesian coordinates (Angstrom)
 Atom        New coordinates             dX        dY        dZ
   C  -7.338226   5.042760   0.000000    0.000000  0.000000  0.000000
   C  -7.365228   0.691139   0.000000    0.000000  0.000000  0.000000
   C  -6.173642   2.889413   0.000000    0.000000  0.000000  0.000000
   C  -4.910090   5.019617   0.000000    0.000000  0.000000  0.000000
   C  -7.358051  -3.642635   0.000000    0.000000  0.000000  0.000000
   C  -6.173475  -1.431785   0.000000    0.000000  0.000000  0.000000
   C  -4.940069   0.716689   0.000000    0.000000  0.000000  0.000000
   N  -3.694845   2.860312   0.000000    0.000000  0.000000  0.000000
   C  -2.457224   5.005715   0.000000    0.000000  0.000000  0.000000
   C  -6.138515  -5.727246   0.000000    0.000000  0.000000  0.000000
   C  -4.928214  -3.580071   0.000000    0.000000  0.000000  0.000000
   C  -3.698169  -1.425571   0.000000    0.000000  0.000000  0.000000
   C  -2.471779   0.716540   0.000000    0.000000  0.000000  0.000000
   C  -1.230705   2.851907   0.000000    0.000000 -0.000000  0.000000
   C   0.000000   5.003169   0.000000    0.000000  0.000000  0.000000
   C  -3.678966  -5.694052   0.000000    0.000000  0.000000  0.000000
   C  -2.466015  -3.560923   0.000000    0.000000  0.000000  0.000000
   C  -1.232423  -1.423207   0.000000    0.000000  0.000000  0.000000
   C   0.000000   0.715809   0.000000    0.000000  0.000000  0.000000
   C   1.230705   2.851907   0.000000    0.000000 -0.000000  0.000000
   C   2.457224   5.005715   0.000000    0.000000  0.000000  0.000000
   C  -1.226334  -5.685080   0.000000    0.000000  0.000000  0.000000
   C   0.000000  -3.557079   0.000000    0.000000  0.000000  0.000000
   N   1.232423  -1.423207   0.000000    0.000000  0.000000  0.000000
   C   2.471779   0.716540   0.000000    0.000000  0.000000  0.000000
   C   3.694845   2.860312   0.000000    0.000000  0.000000  0.000000
   C   4.910090   5.019617   0.000000    0.000000  0.000000  0.000000
   C   1.226334  -5.685080   0.000000    0.000000  0.000000  0.000000
   C   2.466015  -3.560923   0.000000    0.000000  0.000000  0.000000
   C   3.698169  -1.425571   0.000000    0.000000  0.000000  0.000000
   C   4.940069   0.716689   0.000000    0.000000  0.000000  0.000000
   C   6.173642   2.889413   0.000000    0.000000  0.000000  0.000000
   C   7.338226   5.042760   0.000000    0.000000  0.000000  0.000000
   C   3.678966  -5.694052   0.000000    0.000000  0.000000  0.000000
   C   4.928214  -3.580071   0.000000    0.000000  0.000000  0.000000
   N   6.173475  -1.431785   0.000000   -0.000000  0.000000  0.000000
   C   7.365228   0.691139   0.000000    0.000000  0.000000  0.000000
   C   6.138515  -5.727246   0.000000    0.000000  0.000000  0.000000
   N   7.358051  -3.642635   0.000000   -0.000000  0.000000  0.000000
   N  -7.358051   3.642635   0.000000    0.000000  0.000000  0.000000
   C  -6.138515   5.727246   0.000000    0.000000  0.000000  0.000000
   C  -7.365228  -0.691139   0.000000    0.000000  0.000000  0.000000
   N  -6.173475   1.431785   0.000000    0.000000  0.000000  0.000000
   C  -4.928214   3.580071   0.000000    0.000000 -0.000000  0.000000
   C  -3.678966   5.694052   0.000000    0.000000  0.000000  0.000000
   C  -7.338226  -5.042760   0.000000    0.000000  0.000000  0.000000
   C  -6.173642  -2.889413   0.000000    0.000000  0.000000  0.000000
   C  -4.940069  -0.716689   0.000000    0.000000  0.000000  0.000000
   C  -3.698169   1.425571   0.000000    0.000000  0.000000  0.000000
   C  -2.466015   3.560923   0.000000    0.000000 -0.000000  0.000000
   C  -1.226334   5.685080   0.000000    0.000000  0.000000  0.000000
   C  -4.910090  -5.019617   0.000000    0.000000  0.000000  0.000000
   C  -3.694845  -2.860312   0.000000    0.000000  0.000000  0.000000
   C  -2.471779  -0.716540   0.000000    0.000000  0.000000  0.000000
   C  -1.232423   1.423207   0.000000    0.000000  0.000000  0.000000
   C   0.000000   3.557079   0.000000    0.000000  0.000000  0.000000
   C   1.226334   5.685080   0.000000    0.000000  0.000000  0.000000
   N  -2.457224  -5.005715   0.000000    0.000000  0.000000  0.000000
   C  -1.230705  -2.851907   0.000000    0.000000  0.000000  0.000000
   C   0.000000  -0.715809   0.000000    0.000000  0.000000  0.000000
   C   1.232423   1.423207   0.000000    0.000000  0.000000  0.000000
   C   2.466015   3.560923   0.000000    0.000000 -0.000000  0.000000
   C   3.678966   5.694052   0.000000    0.000000  0.000000  0.000000
   C   0.000000  -5.003169   0.000000    0.000000  0.000000  0.000000
   C   1.230705  -2.851907   0.000000    0.000000  0.000000  0.000000
   C   2.471779  -0.716540   0.000000    0.000000  0.000000  0.000000
   N   3.698169   1.425571   0.000000    0.000000  0.000000  0.000000
   C   4.928214   3.580071   0.000000    0.000000 -0.000000  0.000000
   C   6.138515   5.727246   0.000000    0.000000  0.000000  0.000000
   C   2.457224  -5.005715   0.000000    0.000000  0.000000  0.000000
   C   3.694845  -2.860312   0.000000    0.000000  0.000000  0.000000
   C   4.940069  -0.716689   0.000000    0.000000  0.000000  0.000000
   C   6.173475   1.431785   0.000000   -0.000000  0.000000  0.000000
   C   7.358051   3.642635   0.000000   -0.000000  0.000000  0.000000
   C   4.910090  -5.019617   0.000000    0.000000  0.000000  0.000000
   C   6.173642  -2.889413   0.000000    0.000000  0.000000  0.000000
   N   7.365228  -0.691139   0.000000    0.000000  0.000000  0.000000
   C   7.338226  -5.042760   0.000000    0.000000  0.000000  0.000000
   H   8.282184   5.591425   0.000000    0.000000 -0.000000  0.000000
   H   8.325741   3.141106   0.000000    0.000000  0.000000  0.000000
   H   8.326715   1.204661   0.000000    0.000000  0.000000  0.000000
   H   8.326715  -1.204661   0.000000    0.000000  0.000000  0.000000
   H   8.325741  -3.141106   0.000000    0.000000  0.000000  0.000000
   H   8.282184  -5.591425   0.000000    0.000000  0.000000  0.000000
   H  -8.282184   5.591425   0.000000    0.000000 -0.000000  0.000000
   H  -8.325741   3.141106   0.000000    0.000000  0.000000  0.000000
   H  -8.326715   1.204661   0.000000    0.000000  0.000000  0.000000
   H  -8.326715  -1.204661   0.000000    0.000000  0.000000  0.000000
   H  -8.325741  -3.141106   0.000000    0.000000  0.000000  0.000000
   H  -8.282184  -5.591425   0.000000    0.000000  0.000000  0.000000
   H  -6.116625   6.819427   0.000000    0.000000  0.000000  0.000000
   H  -3.672757   6.787431   0.000000    0.000000  0.000000  0.000000
   H  -1.225580   6.778408   0.000000    0.000000 -0.000000  0.000000
   H   1.225580   6.778408   0.000000    0.000000 -0.000000  0.000000
   H   3.672757   6.787431   0.000000    0.000000  0.000000  0.000000
   H   6.116625   6.819427   0.000000   -0.000000  0.000000  0.000000
   H  -6.116625  -6.819427   0.000000    0.000000  0.000000  0.000000
   H  -3.672757  -6.787431   0.000000    0.000000  0.000000  0.000000
   H  -1.225580  -6.778408   0.000000    0.000000  0.000000  0.000000
   H   1.225580  -6.778408   0.000000    0.000000  0.000000  0.000000
   H   3.672757  -6.787431   0.000000    0.000000  0.000000  0.000000
   H   6.116625  -6.819427   0.000000   -0.000000  0.000000  0.000000
converged SCF energy = -3134.00331875497
--------------- ROKS_Scanner gradients ---------------
         x                y                z
0 C    -0.0290519712    -0.0043158187    -0.0000000000
1 C    -0.0071780723     0.0248369267     0.0000000000
2 C    -0.0408708128     0.0005352602     0.0000000000
3 C    -0.0423529352    -0.0048404785     0.0000000000
4 C     0.0103952171     0.0106670211     0.0000000000
5 C    -0.0314830779     0.0242609558     0.0000000000
6 C    -0.0413842073    -0.0264178296    -0.0000000000
7 N    -0.0017923759    -0.0028378416    -0.0000000000
8 C    -0.0242511863     0.0074565309     0.0000000000
9 C    -0.0100443346     0.0029764167    -0.0000000000
10 C    -0.0078920414    -0.0025361922     0.0000000000
11 C    -0.0016167133     0.0027211207    -0.0000000000
12 C    -0.0130961949     0.0041489641    -0.0000000000
13 C     0.0337410800    -0.0193060469    -0.0000000000
14 C    -0.0165241985     0.0040124901    -0.0000000000
15 C    -0.0211009596    -0.0174366357     0.0000000000
16 C    -0.0193859302     0.0131966238    -0.0000000000
17 C    -0.0125661687    -0.0074223040    -0.0000000000
18 C     0.0115983994     0.0176759538    -0.0000000000
19 C     0.0167948096    -0.0021741148    -0.0000000000
20 C    -0.0033454555    -0.0028100269    -0.0000000000
21 C     0.0134408286    -0.0202970335     0.0000000000
22 C    -0.0095308663    -0.0081414442    -0.0000000000
23 N    -0.0047800123    -0.0111104075    -0.0000000000
24 C     0.0225139734    -0.0007507365     0.0000000000
25 C     0.0017788761     0.0010269353    -0.0000000000
26 C     0.0161141469    -0.0036324790    -0.0000000000
27 C    -0.0113427291    -0.0031142072     0.0000000000
28 C     0.0093351513    -0.0084804908    -0.0000000000
29 C     0.0053952621     0.0066088025     0.0000000000
30 C     0.0265060670     0.0384626430     0.0000000000
31 C    -0.0142068516    -0.0135437197    -0.0000000000
32 C     0.0097671455    -0.0089386653     0.0000000000
33 C    -0.0289395885    -0.0058675117     0.0000000000
34 C    -0.0137621705    -0.0122085169     0.0000000000
35 N     0.0020553878     0.0573300991    -0.0000000000
36 C     0.0430740454    -0.0115151343    -0.0000000000
37 C    -0.0340095788    -0.0131940472     0.0000000000
38 N    -0.0361188584    -0.0306313594     0.0000000000
39 N     0.0375117914     0.0243775792     0.0000000000
40 C     0.0387957820     0.0177387119     0.0000000000
41 C     0.0191224423    -0.0419678869    -0.0000000000
42 N     0.0284120103    -0.0241511258    -0.0000000000
43 C     0.0337186670     0.0267257229    -0.0000000000
44 C     0.0356006203     0.0028936216    -0.0000000000
45 C    -0.0006115392    -0.0143816549     0.0000000000
46 C    -0.0023007137    -0.0205634613    -0.0000000000
47 C     0.0137465037     0.0084716217     0.0000000000
48 C     0.0451698346     0.0033167058     0.0000000000
49 C    -0.0208557134     0.0095084864    -0.0000000000
50 C     0.0207261238     0.0114932805    -0.0000000000
51 C    -0.0002792122    -0.0019194570    -0.0000000000
52 C     0.0171129800     0.0051098702     0.0000000000
53 C    -0.0015754336    -0.0127267742     0.0000000000
54 C    -0.0015416092     0.0217379398     0.0000000000
55 C    -0.0130322984    -0.0050450876     0.0000000000
56 C     0.0065911950     0.0063860711     0.0000000000
57 N     0.0046017073     0.0084705865     0.0000000000
58 C     0.0127283892     0.0224804795     0.0000000000
59 C     0.0023763162     0.0001378788     0.0000000000
60 C    -0.0334398257    -0.0015056776     0.0000000000
61 C    -0.0107217112     0.0099917824     0.0000000000
62 C    -0.0088804137     0.0033282603     0.0000000000
63 C     0.0102335876    -0.0069887677    -0.0000000000
64 C    -0.0030924010     0.0086268789     0.0000000000
65 C    -0.0064018571    -0.0033293240    -0.0000000000
66 N    -0.0142655021     0.0072891232    -0.0000000000
67 C     0.0008046455     0.0133293361     0.0000000000
68 C    -0.0116602203     0.0042142732     0.0000000000
69 C     0.0277533647    -0.0026453293     0.0000000000
70 C    -0.0046221073     0.0018559126     0.0000000000
71 C     0.0132703813    -0.0494387245    -0.0000000000
72 C    -0.0431364153     0.0073735334     0.0000000000
73 C     0.0087425864     0.0137005469    -0.0000000000
74 C     0.0293458404     0.0029327275    -0.0000000000
75 C     0.0062334576    -0.0251326965     0.0000000000
76 N    -0.0558300210     0.0121435063     0.0000000000
77 C     0.0264276289     0.0061541664    -0.0000000000
78 H     0.0048584914     0.0026360064     0.0000000000
79 H     0.0043897220    -0.0029750028     0.0000000000
80 H     0.0046955120     0.0114877948     0.0000000000
81 H     0.0612671070    -0.0259981622    -0.0000000000
82 H     0.0546308812     0.0308797164     0.0000000000
83 H     0.0030386538    -0.0119323562     0.0000000000
84 H    -0.0030779047     0.0117036786    -0.0000000000
85 H    -0.0563068219    -0.0269230342     0.0000000000
86 H    -0.0096123836    -0.0016050304     0.0000000000
87 H    -0.0053375486    -0.0067966322     0.0000000000
88 H    -0.0054723838     0.0031807220    -0.0000000000
89 H    -0.0049936440    -0.0027259332    -0.0000000000
90 H     0.0030028455     0.0081551784    -0.0000000000
91 H     0.0007589201     0.0069180759     0.0000000000
92 H     0.0010442843     0.0064521643    -0.0000000000
93 H    -0.0004580698     0.0063846308    -0.0000000000
94 H    -0.0000751265     0.0064566646    -0.0000000000
95 H     0.0000435637     0.0062331413    -0.0000000000
96 H     0.0002705259    -0.0057862866     0.0000000000
97 H    -0.0084491634    -0.0096350642    -0.0000000000
98 H     0.0080555236    -0.0097764794    -0.0000000000
99 H    -0.0004540745    -0.0062102065    -0.0000000000
100 H    -0.0004511184    -0.0067142302    -0.0000000000
101 H    -0.0040315821    -0.0077718550    -0.0000000000
----------------------------------------------
cycle 1: E = -3134.00331875  dE = -3134  norm(grad) = 0.270114

Geometry optimization cycle 2
