1721291787.9346485

Geometry optimization cycle 1
Cartesian coordinates (Angstrom)
 Atom        New coordinates             dX        dY        dZ
   C  -7.338226   5.042760   0.000000    0.000000  0.000000  0.000000
   C  -7.365228   0.691139   0.000000    0.000000  0.000000  0.000000
   C  -6.173642   2.889413   0.000000    0.000000  0.000000  0.000000
   C  -4.910090   5.019617   0.000000    0.000000  0.000000  0.000000
   C  -7.358051  -3.642635   0.000000    0.000000  0.000000  0.000000
   C  -6.173475  -1.431785   0.000000    0.000000  0.000000  0.000000
   C  -4.940069   0.716689   0.000000    0.000000  0.000000  0.000000
   C  -3.694845   2.860312   0.000000    0.000000  0.000000  0.000000
   C  -2.457224   5.005715   0.000000    0.000000  0.000000  0.000000
   C  -6.138515  -5.727246   0.000000    0.000000  0.000000  0.000000
   C  -4.928214  -3.580071   0.000000    0.000000  0.000000  0.000000
   C  -3.698169  -1.425571   0.000000    0.000000  0.000000  0.000000
   C  -2.471779   0.716540   0.000000    0.000000  0.000000  0.000000
   C  -1.230705   2.851907   0.000000    0.000000 -0.000000  0.000000
   C   0.000000   5.003169   0.000000    0.000000  0.000000  0.000000
   C  -3.678966  -5.694052   0.000000    0.000000  0.000000  0.000000
   C  -2.466015  -3.560923   0.000000    0.000000  0.000000  0.000000
   C  -1.232423  -1.423207   0.000000    0.000000  0.000000  0.000000
   C   0.000000   0.715809   0.000000    0.000000  0.000000  0.000000
   C   1.230705   2.851907   0.000000    0.000000 -0.000000  0.000000
   C   2.457224   5.005715   0.000000    0.000000  0.000000  0.000000
   C  -1.226334  -5.685080   0.000000    0.000000  0.000000  0.000000
   C   0.000000  -3.557079   0.000000    0.000000  0.000000  0.000000
   C   1.232423  -1.423207   0.000000    0.000000  0.000000  0.000000
   C   2.471779   0.716540   0.000000    0.000000  0.000000  0.000000
   C   3.694845   2.860312   0.000000    0.000000  0.000000  0.000000
   C   4.910090   5.019617   0.000000    0.000000  0.000000  0.000000
   C   1.226334  -5.685080   0.000000    0.000000  0.000000  0.000000
   C   2.466015  -3.560923   0.000000    0.000000  0.000000  0.000000
   C   3.698169  -1.425571   0.000000    0.000000  0.000000  0.000000
   C   4.940069   0.716689   0.000000    0.000000  0.000000  0.000000
   C   6.173642   2.889413   0.000000    0.000000  0.000000  0.000000
   C   7.338226   5.042760   0.000000    0.000000  0.000000  0.000000
   C   3.678966  -5.694052   0.000000    0.000000  0.000000  0.000000
   C   4.928214  -3.580071   0.000000    0.000000  0.000000  0.000000
   C   6.173475  -1.431785   0.000000   -0.000000  0.000000  0.000000
   C   7.365228   0.691139   0.000000    0.000000  0.000000  0.000000
   C   6.138515  -5.727246   0.000000    0.000000  0.000000  0.000000
   C   7.358051  -3.642635   0.000000   -0.000000  0.000000  0.000000
   C  -7.358051   3.642635   0.000000    0.000000  0.000000  0.000000
   C  -6.138515   5.727246   0.000000    0.000000  0.000000  0.000000
   C  -7.365228  -0.691139   0.000000    0.000000  0.000000  0.000000
   C  -6.173475   1.431785   0.000000    0.000000  0.000000  0.000000
   C  -4.928214   3.580071   0.000000    0.000000 -0.000000  0.000000
   C  -3.678966   5.694052   0.000000    0.000000  0.000000  0.000000
   C  -7.338226  -5.042760   0.000000    0.000000  0.000000  0.000000
   C  -6.173642  -2.889413   0.000000    0.000000  0.000000  0.000000
   C  -4.940069  -0.716689   0.000000    0.000000  0.000000  0.000000
   C  -3.698169   1.425571   0.000000    0.000000  0.000000  0.000000
   C  -2.466015   3.560923   0.000000    0.000000 -0.000000  0.000000
   N  -1.226334   5.685080   0.000000    0.000000  0.000000  0.000000
   C  -4.910090  -5.019617   0.000000    0.000000  0.000000  0.000000
   C  -3.694845  -2.860312   0.000000    0.000000  0.000000  0.000000
   C  -2.471779  -0.716540   0.000000    0.000000  0.000000  0.000000
   C  -1.232423   1.423207   0.000000    0.000000  0.000000  0.000000
   C   0.000000   3.557079   0.000000    0.000000  0.000000  0.000000
   C   1.226334   5.685080   0.000000    0.000000  0.000000  0.000000
   C  -2.457224  -5.005715   0.000000    0.000000  0.000000  0.000000
   C  -1.230705  -2.851907   0.000000    0.000000  0.000000  0.000000
   C   0.000000  -0.715809   0.000000    0.000000  0.000000  0.000000
   C   1.232423   1.423207   0.000000    0.000000  0.000000  0.000000
   N   2.466015   3.560923   0.000000    0.000000 -0.000000  0.000000
   C   3.678966   5.694052   0.000000    0.000000  0.000000  0.000000
   C   0.000000  -5.003169   0.000000    0.000000  0.000000  0.000000
   C   1.230705  -2.851907   0.000000    0.000000  0.000000  0.000000
   C   2.471779  -0.716540   0.000000    0.000000  0.000000  0.000000
   N   3.698169   1.425571   0.000000    0.000000  0.000000  0.000000
   C   4.928214   3.580071   0.000000    0.000000 -0.000000  0.000000
   C   6.138515   5.727246   0.000000    0.000000  0.000000  0.000000
   C   2.457224  -5.005715   0.000000    0.000000  0.000000  0.000000
   C   3.694845  -2.860312   0.000000    0.000000  0.000000  0.000000
   C   4.940069  -0.716689   0.000000    0.000000  0.000000  0.000000
   C   6.173475   1.431785   0.000000   -0.000000  0.000000  0.000000
   C   7.358051   3.642635   0.000000   -0.000000  0.000000  0.000000
   C   4.910090  -5.019617   0.000000    0.000000  0.000000  0.000000
   C   6.173642  -2.889413   0.000000    0.000000  0.000000  0.000000
   C   7.365228  -0.691139   0.000000    0.000000  0.000000  0.000000
   C   7.338226  -5.042760   0.000000    0.000000  0.000000  0.000000
   H   8.282184   5.591425   0.000000    0.000000 -0.000000  0.000000
   H   8.325741   3.141106   0.000000    0.000000  0.000000  0.000000
   H   8.326715   1.204661   0.000000    0.000000  0.000000  0.000000
   H   8.326715  -1.204661   0.000000    0.000000  0.000000  0.000000
   H   8.325741  -3.141106   0.000000    0.000000  0.000000  0.000000
   H   8.282184  -5.591425   0.000000    0.000000  0.000000  0.000000
   H  -8.282184   5.591425   0.000000    0.000000 -0.000000  0.000000
   H  -8.325741   3.141106   0.000000    0.000000  0.000000  0.000000
   H  -8.326715   1.204661   0.000000    0.000000  0.000000  0.000000
   H  -8.326715  -1.204661   0.000000    0.000000  0.000000  0.000000
   H  -8.325741  -3.141106   0.000000    0.000000  0.000000  0.000000
   H  -8.282184  -5.591425   0.000000    0.000000  0.000000  0.000000
   H  -6.116625   6.819427   0.000000    0.000000  0.000000  0.000000
   H  -3.672757   6.787431   0.000000    0.000000  0.000000  0.000000
   H  -1.225580   6.778408   0.000000    0.000000 -0.000000  0.000000
   H   1.225580   6.778408   0.000000    0.000000 -0.000000  0.000000
   H   3.672757   6.787431   0.000000    0.000000  0.000000  0.000000
   H   6.116625   6.819427   0.000000   -0.000000  0.000000  0.000000
   H  -6.116625  -6.819427   0.000000    0.000000  0.000000  0.000000
   H  -3.672757  -6.787431   0.000000    0.000000  0.000000  0.000000
   H  -1.225580  -6.778408   0.000000    0.000000  0.000000  0.000000
   H   1.225580  -6.778408   0.000000    0.000000  0.000000  0.000000
   H   3.672757  -6.787431   0.000000    0.000000  0.000000  0.000000
   H   6.116625  -6.819427   0.000000   -0.000000  0.000000  0.000000
converged SCF energy = -3034.51121214581
--------------- ROKS_Scanner gradients ---------------
         x                y                z
0 C    -0.0011865618     0.0058153526    -0.0000000000
1 C     0.0001090048     0.0027579743    -0.0000000000
2 C     0.0017967685    -0.0039534958    -0.0000000000
3 C     0.0147298188     0.0109742151    -0.0000000000
4 C    -0.0016461366    -0.0005932755    -0.0000000000
5 C    -0.0030321581    -0.0046513331    -0.0000000000
6 C     0.0067901605     0.0007942713    -0.0000000000
7 C     0.0033719816     0.0012110624    -0.0000000000
8 C     0.0223522992    -0.0108972871    -0.0000000000
9 C     0.0000129889    -0.0028400082    -0.0000000000
10 C     0.0020439247     0.0024907356    -0.0000000000
11 C    -0.0037380083     0.0001580769    -0.0000000000
12 C     0.0024374386    -0.0021212862    -0.0000000000
13 C     0.0146645645     0.0156358841     0.0000000000
14 C    -0.0044930167    -0.0223872153     0.0000000000
15 C    -0.0065181396    -0.0016771430     0.0000000000
16 C     0.0019305529    -0.0008525320    -0.0000000000
17 C     0.0034871235     0.0024865593    -0.0000000000
18 C    -0.0048867983     0.0016314469    -0.0000000000
19 C     0.0143555781    -0.0139438604     0.0000000000
20 C    -0.0236280192     0.0113868590     0.0000000000
21 C    -0.0039089600     0.0009021746     0.0000000000
22 C    -0.0004029837    -0.0022792893    -0.0000000000
23 C     0.0061924426    -0.0028098683    -0.0000000000
24 C     0.0094786218     0.0135891263     0.0000000000
25 C    -0.0031021938     0.0259459606    -0.0000000000
26 C    -0.0067951597    -0.0013144969    -0.0000000000
27 C     0.0058825576    -0.0004302105    -0.0000000000
28 C     0.0010821036     0.0029399174    -0.0000000000
29 C    -0.0005603933     0.0100901369    -0.0000000000
30 C    -0.0073678411    -0.0071786117    -0.0000000000
31 C    -0.0032638469     0.0022326172    -0.0000000000
32 C     0.0028586640     0.0074383040     0.0000000000
33 C     0.0060981913    -0.0005877729     0.0000000000
34 C    -0.0018579203     0.0018833759    -0.0000000000
35 C     0.0034831098    -0.0059028075    -0.0000000000
36 C    -0.0056519030     0.0115200623     0.0000000000
37 C    -0.0014768271    -0.0025762450    -0.0000000000
38 C    -0.0004065140    -0.0011574114    -0.0000000000
39 C    -0.0019322762    -0.0021033532     0.0000000000
40 C    -0.0078076016     0.0033169788     0.0000000000
41 C    -0.0012217198    -0.0032827574     0.0000000000
42 C    -0.0037716719     0.0043711476     0.0000000000
43 C     0.0011615213    -0.0059160692     0.0000000000
44 C    -0.0380674807     0.0022637919     0.0000000000
45 C    -0.0035384519    -0.0014741253     0.0000000000
46 C     0.0009343360     0.0052232006     0.0000000000
47 C     0.0038673739    -0.0007213479     0.0000000000
48 C    -0.0053667145    -0.0043315399     0.0000000000
49 C    -0.0129871925    -0.0047840584    -0.0000000000
50 N    -0.0141136491    -0.0196183294    -0.0000000000
51 C     0.0031941419    -0.0035025070     0.0000000000
52 C    -0.0023911937    -0.0011500872     0.0000000000
53 C     0.0015837439     0.0038277877     0.0000000000
54 C     0.0037662173    -0.0129331133     0.0000000000
55 C    -0.0245176673    -0.0020033856    -0.0000000000
56 C     0.0345360831     0.0121740304    -0.0000000000
57 C     0.0078901565    -0.0000915823    -0.0000000000
58 C    -0.0017752294    -0.0022147348     0.0000000000
59 C    -0.0034627347    -0.0022838985     0.0000000000
60 C    -0.0175713187    -0.0036304325     0.0000000000
61 N    -0.0024232039     0.0001278231    -0.0000000000
62 C     0.0166313079     0.0111821251     0.0000000000
63 C    -0.0014528084    -0.0010553587     0.0000000000
64 C     0.0001087494     0.0020225409     0.0000000000
65 C    -0.0096979001    -0.0182155415     0.0000000000
66 N     0.0014691944    -0.0393791626    -0.0000000000
67 C     0.0105946276     0.0049311930     0.0000000000
68 C     0.0066874370     0.0036813808     0.0000000000
69 C    -0.0095642196    -0.0034437695     0.0000000000
70 C     0.0010644224    -0.0081190135     0.0000000000
71 C     0.0060737934    -0.0033808859     0.0000000000
72 C     0.0193674319    -0.0026703390     0.0000000000
73 C    -0.0006266021    -0.0012513852    -0.0000000000
74 C    -0.0017449546    -0.0016649286     0.0000000000
75 C    -0.0006751425     0.0038642813     0.0000000000
76 C    -0.0005763711    -0.0095074599     0.0000000000
77 C     0.0047528568    -0.0018921151     0.0000000000
78 H     0.0050419362     0.0029890684     0.0000000000
79 H     0.0066992645    -0.0026378021     0.0000000000
80 H     0.0068111994     0.0025198349    -0.0000000000
81 H     0.0057783330    -0.0031135996    -0.0000000000
82 H     0.0054248015     0.0030740364     0.0000000000
83 H     0.0048399650    -0.0028693671    -0.0000000000
84 H    -0.0050470100     0.0028587003     0.0000000000
85 H    -0.0057009360    -0.0029409359    -0.0000000000
86 H    -0.0055268120     0.0030608930     0.0000000000
87 H    -0.0055453152    -0.0030045794    -0.0000000000
88 H    -0.0055158068     0.0029603754     0.0000000000
89 H    -0.0049312485    -0.0028420209    -0.0000000000
90 H     0.0003155815     0.0057310258     0.0000000000
91 H     0.0002249708     0.0051922470    -0.0000000000
92 H    -0.0001815449     0.0614100979    -0.0000000000
93 H    -0.0036047175     0.0081001312    -0.0000000000
94 H     0.0028726770     0.0086499118    -0.0000000000
95 H     0.0004202265     0.0064684622    -0.0000000000
96 H     0.0002003620    -0.0058655445    -0.0000000000
97 H    -0.0000506563    -0.0059970026    -0.0000000000
98 H    -0.0000328993    -0.0059785675    -0.0000000000
99 H     0.0000382149    -0.0058983529     0.0000000000
100 H    -0.0000294349    -0.0060872210    -0.0000000000
101 H    -0.0001377549    -0.0059506407     0.0000000000
----------------------------------------------
cycle 1: E = -3034.51121215  dE = -3034.51  norm(grad) = 0.134636

Geometry optimization cycle 2
Cartesian coordinates (Angstrom)
 Atom        New coordinates             dX        dY        dZ
   C  -7.220796   5.039775   0.000000    0.117430 -0.002985  0.000000
   C  -7.320116   0.711999   0.000000    0.045112  0.020860  0.000000
   C  -6.118055   2.894283   0.000000    0.055587  0.004869  0.000000
   C  -4.814627   4.996738   0.000000    0.095463 -0.022879  0.000000
   C  -7.317379  -3.597529   0.000000    0.040673  0.045106  0.000000
   C  -6.137841  -1.407123   0.000000    0.035634  0.024662  0.000000
   C  -4.917809   0.717582   0.000000    0.022259  0.000893  0.000000
   C  -3.669808   2.829867  -0.000000    0.025037 -0.030444 -0.000000
   C  -2.436331   4.911977  -0.000000    0.020892 -0.093738 -0.000000
   C  -6.099145  -5.673218   0.000000    0.039371  0.054028  0.000000
   C  -4.901863  -3.549365   0.000000    0.026351  0.030706  0.000000
   C  -3.680414  -1.414728  -0.000000    0.017755  0.010843 -0.000000
   C  -2.463339   0.701882  -0.000000    0.008440 -0.014657 -0.000000
   C  -1.222655   2.788725  -0.000000    0.008050 -0.063182 -0.000000
   C   0.014499   4.899019   0.000000    0.014499 -0.104149  0.000000
   C  -3.650699  -5.648360   0.000000    0.028268  0.045692  0.000000
   C  -2.452475  -3.531534  -0.000000    0.013540  0.029389 -0.000000
   C  -1.230361  -1.415975  -0.000000    0.002062  0.007232 -0.000000
   C   0.006284   0.700793  -0.000000    0.006284 -0.015016 -0.000000
   C   1.217104   2.799485  -0.000000   -0.013600 -0.052422 -0.000000
   C   2.414244   4.887175   0.000000   -0.042980 -0.118540  0.000000
   C  -1.210526  -5.638450  -0.000000    0.015808  0.046630 -0.000000
   C   0.003662  -3.521781  -0.000000    0.003662  0.035297 -0.000000
   C   1.221916  -1.405156  -0.000000   -0.010507  0.018052 -0.000000
   C   2.449723   0.702540  -0.000000   -0.022056 -0.014000 -0.000000
   C   3.657875   2.804590   0.000000   -0.036969 -0.055722  0.000000
   C   4.833981   4.949162   0.000000   -0.076109 -0.070455  0.000000
   C   1.226044  -5.628236  -0.000000   -0.000290  0.056843 -0.000000
   C   2.455727  -3.527224  -0.000000   -0.010288  0.033698 -0.000000
   C   3.665960  -1.409256  -0.000000   -0.032209  0.016315 -0.000000
   C   4.881217   0.734143   0.000000   -0.058852  0.017454  0.000000
   C   6.108834   2.865933   0.000000   -0.064808 -0.023480  0.000000
   C   7.230668   4.987783   0.000000   -0.107557 -0.054977  0.000000
   C   3.669688  -5.642011   0.000000   -0.009278  0.052042  0.000000
   C   4.903650  -3.530983   0.000000   -0.024564  0.049087  0.000000
   C   6.111344  -1.382108   0.000000   -0.062131  0.049677  0.000000
   C   7.287741   0.713691   0.000000   -0.077486  0.022552  0.000000
   C   6.118564  -5.647374   0.000000   -0.019951  0.079872  0.000000
   C   7.323367  -3.555199   0.000000   -0.034684  0.087436  0.000000
   C  -7.283964   3.653487   0.000000    0.074087  0.010851  0.000000
   C  -6.019542   5.709403   0.000000    0.118973 -0.017843  0.000000
   C  -7.316333  -0.660286   0.000000    0.048894  0.030853  0.000000
   C  -6.130790   1.441174   0.000000    0.042685  0.009389  0.000000
   C  -4.875783   3.572833   0.000000    0.052431 -0.007237  0.000000
   C  -3.569685   5.663858   0.000000    0.109281 -0.030194  0.000000
   C  -7.287359  -4.987803   0.000000    0.050867  0.054957  0.000000
   C  -6.137344  -2.858949   0.000000    0.036298  0.030465  0.000000
   C  -4.914191  -0.704474   0.000000    0.025878  0.012214  0.000000
   C  -3.676288   1.411959  -0.000000    0.021881 -0.013612 -0.000000
   C  -2.436035   3.495915  -0.000000    0.029979 -0.065007 -0.000000
   N  -1.195999   5.511125   0.000000    0.030335 -0.173955  0.000000
   C  -4.877654  -4.975676   0.000000    0.032437  0.043941  0.000000
   C  -3.673671  -2.836962  -0.000000    0.021174  0.023349 -0.000000
   C  -2.462465  -0.719319  -0.000000    0.009315 -0.002780 -0.000000
   C  -1.227297   1.393073  -0.000000    0.005126 -0.030135 -0.000000
   C   0.015650   3.481931  -0.000000    0.015650 -0.075147 -0.000000
   C   1.191908   5.571389   0.000000   -0.034427 -0.113690  0.000000
   C  -2.441451  -4.965656  -0.000000    0.015773  0.040059 -0.000000
   C  -1.222533  -2.829093  -0.000000    0.008171  0.022814 -0.000000
   C  -0.003032  -0.712716  -0.000000   -0.003032  0.003093 -0.000000
   C   1.234517   1.394834  -0.000000    0.002094 -0.028373 -0.000000
   N   2.441765   3.478891  -0.000000   -0.024249 -0.082032 -0.000000
   C   3.592146   5.578615   0.000000   -0.086820 -0.115437  0.000000
   C   0.006074  -4.955610  -0.000000    0.006074  0.047559 -0.000000
   C   1.226625  -2.824895  -0.000000   -0.004080  0.027012 -0.000000
   C   2.457262  -0.700437  -0.000000   -0.014517  0.016103 -0.000000
   N   3.651773   1.430343  -0.000000   -0.046396  0.004772 -0.000000
   C   4.862823   3.526427   0.000000   -0.065391 -0.053643  0.000000
   C   6.034918   5.665863   0.000000   -0.103598 -0.061383  0.000000
   C   2.459558  -4.958610  -0.000000    0.002334  0.047105 -0.000000
   C   3.673050  -2.824262  -0.000000   -0.021795  0.036049 -0.000000
   C   4.881074  -0.684780  -0.000000   -0.058994  0.031909 -0.000000
   C   6.090304   1.436304   0.000000   -0.083171  0.004518  0.000000
   C   7.287831   3.602927   0.000000   -0.070220 -0.039708  0.000000
   C   4.890724  -4.959285   0.000000   -0.019367  0.060332  0.000000
   C   6.133072  -2.831053   0.000000   -0.040570  0.058361  0.000000
   C   7.296751  -0.647908   0.000000   -0.068477  0.043231  0.000000
   C   7.296765  -4.945433   0.000000   -0.041460  0.097327  0.000000
   H   8.158873   5.545486   0.000000   -0.123311 -0.045939  0.000000
   H   8.248277   3.111102   0.000000   -0.077464 -0.030004  0.000000
   H   8.231219   1.237413   0.000000   -0.095496  0.032752  0.000000
   H   8.250806  -1.154159   0.000000   -0.075909  0.050503  0.000000
   H   8.279675  -3.052330   0.000000   -0.046066  0.088776  0.000000
   H   8.237199  -5.482983   0.000000   -0.044985  0.108442  0.000000
   H  -8.145411   5.603589   0.000000    0.136773  0.012164  0.000000
   H  -8.253219   3.176679   0.000000    0.072522  0.035573  0.000000
   H  -8.272607   1.221980   0.000000    0.054108  0.017318  0.000000
   H  -8.271015  -1.166187   0.000000    0.055700  0.038474  0.000000
   H  -8.276973  -3.101055   0.000000    0.048768  0.040051  0.000000
   H  -8.222984  -5.533482   0.000000    0.059200  0.057943  0.000000
   H  -5.987618   6.792542   0.000000    0.129007 -0.026884  0.000000
   H  -3.520455   6.748153   0.000000    0.152302 -0.039279  0.000000
   H  -1.186368   6.510023   0.000000    0.039212 -0.268385  0.000000
   H   1.213356   6.652050   0.000000   -0.012224 -0.126357  0.000000
   H   3.538777   6.657419   0.000000   -0.133980 -0.130012  0.000000
   H   5.999620   6.747790   0.000000   -0.117005 -0.071636  0.000000
   H  -6.082615  -6.756501   0.000000    0.034011  0.062925  0.000000
   H  -3.643652  -6.732516   0.000000    0.029105  0.054915  0.000000
   H  -1.205136  -6.722577  -0.000000    0.020444  0.055831 -0.000000
   H   1.223170  -6.712497  -0.000000   -0.002410  0.065911 -0.000000
   H   3.667645  -6.726049   0.000000   -0.005112  0.061383  0.000000
   H   6.113586  -6.730644   0.000000   -0.003039  0.088783  0.000000
converged SCF energy = -3034.5421495913
--------------- ROKS_Scanner gradients ---------------
         x                y                z
0 C     0.0058900272    -0.0007365321     0.0000000000
1 C    -0.0003361971     0.0004455767     0.0000000000
2 C     0.0001686906     0.0001673092     0.0000000000
3 C     0.0119469281     0.0001862858     0.0000000000
4 C    -0.0020622890     0.0010338973    -0.0000000000
5 C    -0.0026888193    -0.0012705612     0.0000000000
6 C    -0.0000416217     0.0006513330     0.0000000000
7 C    -0.0035439262     0.0042248154    -0.0000000000
8 C    -0.0114798210    -0.0040349419     0.0000000000
9 C    -0.0007264961     0.0002140893    -0.0000000000
10 C    -0.0003343292     0.0008907043     0.0000000000
11 C    -0.0018805945     0.0001309862     0.0000000000
12 C    -0.0007014554    -0.0004719644    -0.0000000000
13 C     0.0032923772     0.0002273566    -0.0000000000
14 C     0.0121546801     0.0000771646    -0.0000000000
15 C    -0.0020462374     0.0005565242     0.0000000000
16 C     0.0003956223     0.0001913079     0.0000000000
17 C     0.0010482388     0.0004542982     0.0000000000
18 C     0.0000169453     0.0028642328    -0.0000000000
19 C     0.0031930877    -0.0023149172    -0.0000000000
20 C    -0.0115713080     0.0059637703    -0.0000000000
21 C    -0.0008573538     0.0011777806    -0.0000000000
22 C     0.0002761439     0.0000151051    -0.0000000000
23 C     0.0016540735     0.0006591957    -0.0000000000
24 C     0.0045333440     0.0039520658    -0.0000000000
25 C     0.0058145831     0.0123143798     0.0000000000
26 C     0.0006522054    -0.0010865837     0.0000000000
27 C     0.0019077962     0.0031147720     0.0000000000
28 C    -0.0001275151     0.0012018734    -0.0000000000
29 C    -0.0015645119     0.0035194222     0.0000000000
30 C    -0.0006670874     0.0003243301     0.0000000000
31 C     0.0017914292     0.0039257022    -0.0000000000
32 C    -0.0065428387    -0.0016868102    -0.0000000000
33 C     0.0023025534    -0.0007849847    -0.0000000000
34 C    -0.0002541007     0.0018599236    -0.0000000000
35 C     0.0021287030    -0.0002360498     0.0000000000
36 C    -0.0047689042     0.0041003895    -0.0000000000
37 C     0.0002651855    -0.0020013590    -0.0000000000
38 C     0.0028924011     0.0016115649    -0.0000000000
39 C    -0.0022336401    -0.0021106992    -0.0000000000
40 C    -0.0031707948     0.0002401985    -0.0000000000
41 C     0.0028359663     0.0014119984    -0.0000000000
42 C    -0.0020388101     0.0003949560    -0.0000000000
43 C    -0.0023583058    -0.0004581255    -0.0000000000
44 C    -0.0018448822     0.0081475976    -0.0000000000
45 C     0.0030773674     0.0014965783     0.0000000000
46 C     0.0020726067    -0.0002547761    -0.0000000000
47 C     0.0026307050    -0.0003808061    -0.0000000000
48 C     0.0002089376    -0.0013191745     0.0000000000
49 C     0.0051727512     0.0003763655     0.0000000000
50 N    -0.0072635011    -0.0091525440     0.0000000000
51 C     0.0025273034    -0.0011811685    -0.0000000000
52 C    -0.0002876635    -0.0009825178    -0.0000000000
53 C     0.0010214631     0.0006707913    -0.0000000000
54 C     0.0013979132    -0.0023882025     0.0000000000
55 C    -0.0093924023     0.0052418375     0.0000000000
56 C     0.0059755745    -0.0012814649     0.0000000000
57 C     0.0022716131     0.0005361668    -0.0000000000
58 C    -0.0001641249    -0.0013634623    -0.0000000000
59 C    -0.0027385165     0.0000763671     0.0000000000
60 C     0.0004681421     0.0023215348     0.0000000000
61 N     0.0033828461    -0.0084670671    -0.0000000000
62 C    -0.0000620992    -0.0060445453    -0.0000000000
63 C    -0.0020684609    -0.0000809570     0.0000000000
64 C     0.0002149627     0.0009353302     0.0000000000
65 C    -0.0006337615    -0.0033295885     0.0000000000
66 N    -0.0062907628    -0.0109782585    -0.0000000000
67 C    -0.0025082302    -0.0040246250    -0.0000000000
68 C     0.0020384273     0.0026449092    -0.0000000000
69 C    -0.0002451649    -0.0014856225    -0.0000000000
70 C     0.0007152595    -0.0034463570    -0.0000000000
71 C    -0.0027592164     0.0018798073    -0.0000000000
72 C     0.0021453423     0.0015269671    -0.0000000000
73 C     0.0036252480    -0.0040376179     0.0000000000
74 C    -0.0008343427     0.0012227737     0.0000000000
75 C     0.0000289148    -0.0016766048    -0.0000000000
76 C    -0.0023539138    -0.0024083457    -0.0000000000
77 C    -0.0048528247     0.0022834084     0.0000000000
78 H    -0.0006607812    -0.0009186757     0.0000000000
79 H     0.0006395519    -0.0008732799    -0.0000000000
80 H     0.0005082861    -0.0000959235     0.0000000000
81 H     0.0001369967     0.0002296118     0.0000000000
82 H     0.0002239504     0.0008806914     0.0000000000
83 H    -0.0007153263     0.0006498086    -0.0000000000
84 H     0.0005236995    -0.0006906625    -0.0000000000
85 H     0.0002485334    -0.0001149750     0.0000000000
86 H     0.0003405883    -0.0000751601    -0.0000000000
87 H     0.0005396259     0.0003526275    -0.0000000000
88 H     0.0000578143     0.0000894720     0.0000000000
89 H     0.0004312706     0.0004935082    -0.0000000000
90 H     0.0009343167    -0.0002750350     0.0000000000
91 H     0.0011874492     0.0012392561     0.0000000000
92 H     0.0002224823    -0.0073195154    -0.0000000000
93 H    -0.0020998534    -0.0002331667     0.0000000000
94 H    -0.0000154918    -0.0008867502     0.0000000000
95 H    -0.0004785544     0.0000534986     0.0000000000
96 H     0.0003592813     0.0002856561     0.0000000000
97 H     0.0003468612     0.0002707864    -0.0000000000
98 H     0.0001092768     0.0002463199     0.0000000000
99 H    -0.0000608603     0.0005428857    -0.0000000000
100 H    -0.0001888117     0.0000424392     0.0000000000
101 H    -0.0004219520     0.0000780491     0.0000000000
----------------------------------------------
cycle 2: E = -3034.54214959  dE = -0.0309374  norm(grad) = 0.0460841

Geometry optimization cycle 3
