1721292936.743738

Geometry optimization cycle 1
Cartesian coordinates (Angstrom)
 Atom        New coordinates             dX        dY        dZ
   C  -7.338226   5.042760   0.000000    0.000000  0.000000  0.000000
   C  -7.365228   0.691139   0.000000    0.000000  0.000000  0.000000
   C  -6.173642   2.889413   0.000000    0.000000  0.000000  0.000000
   C  -4.910090   5.019617   0.000000    0.000000  0.000000  0.000000
   C  -7.358051  -3.642635   0.000000    0.000000  0.000000  0.000000
   C  -6.173475  -1.431785   0.000000    0.000000  0.000000  0.000000
   C  -4.940069   0.716689   0.000000    0.000000  0.000000  0.000000
   C  -3.694845   2.860312   0.000000    0.000000  0.000000  0.000000
   C  -2.457224   5.005715   0.000000    0.000000  0.000000  0.000000
   C  -6.138515  -5.727246   0.000000    0.000000  0.000000  0.000000
   C  -4.928214  -3.580071   0.000000    0.000000  0.000000  0.000000
   C  -3.698169  -1.425571   0.000000    0.000000  0.000000  0.000000
   C  -2.471779   0.716540   0.000000    0.000000  0.000000  0.000000
   C  -1.230705   2.851907   0.000000    0.000000 -0.000000  0.000000
   C   0.000000   5.003169   0.000000    0.000000  0.000000  0.000000
   C  -3.678966  -5.694052   0.000000    0.000000  0.000000  0.000000
   C  -2.466015  -3.560923   0.000000    0.000000  0.000000  0.000000
   C  -1.232423  -1.423207   0.000000    0.000000  0.000000  0.000000
   C   0.000000   0.715809   0.000000    0.000000  0.000000  0.000000
   C   1.230705   2.851907   0.000000    0.000000 -0.000000  0.000000
   C   2.457224   5.005715   0.000000    0.000000  0.000000  0.000000
   C  -1.226334  -5.685080   0.000000    0.000000  0.000000  0.000000
   C   0.000000  -3.557079   0.000000    0.000000  0.000000  0.000000
   C   1.232423  -1.423207   0.000000    0.000000  0.000000  0.000000
   C   2.471779   0.716540   0.000000    0.000000  0.000000  0.000000
   C   3.694845   2.860312   0.000000    0.000000  0.000000  0.000000
   C   4.910090   5.019617   0.000000    0.000000  0.000000  0.000000
   C   1.226334  -5.685080   0.000000    0.000000  0.000000  0.000000
   C   2.466015  -3.560923   0.000000    0.000000  0.000000  0.000000
   C   3.698169  -1.425571   0.000000    0.000000  0.000000  0.000000
   C   4.940069   0.716689   0.000000    0.000000  0.000000  0.000000
   C   6.173642   2.889413   0.000000    0.000000  0.000000  0.000000
   C   7.338226   5.042760   0.000000    0.000000  0.000000  0.000000
   C   3.678966  -5.694052   0.000000    0.000000  0.000000  0.000000
   C   4.928214  -3.580071   0.000000    0.000000  0.000000  0.000000
   C   6.173475  -1.431785   0.000000   -0.000000  0.000000  0.000000
   C   7.365228   0.691139   0.000000    0.000000  0.000000  0.000000
   C   6.138515  -5.727246   0.000000    0.000000  0.000000  0.000000
   C   7.358051  -3.642635   0.000000   -0.000000  0.000000  0.000000
   C  -7.358051   3.642635   0.000000    0.000000  0.000000  0.000000
   C  -6.138515   5.727246   0.000000    0.000000  0.000000  0.000000
   C  -7.365228  -0.691139   0.000000    0.000000  0.000000  0.000000
   N  -6.173475   1.431785   0.000000    0.000000  0.000000  0.000000
   C  -4.928214   3.580071   0.000000    0.000000 -0.000000  0.000000
   C  -3.678966   5.694052   0.000000    0.000000  0.000000  0.000000
   C  -7.338226  -5.042760   0.000000    0.000000  0.000000  0.000000
   C  -6.173642  -2.889413   0.000000    0.000000  0.000000  0.000000
   C  -4.940069  -0.716689   0.000000    0.000000  0.000000  0.000000
   C  -3.698169   1.425571   0.000000    0.000000  0.000000  0.000000
   C  -2.466015   3.560923   0.000000    0.000000 -0.000000  0.000000
   N  -1.226334   5.685080   0.000000    0.000000  0.000000  0.000000
   C  -4.910090  -5.019617   0.000000    0.000000  0.000000  0.000000
   C  -3.694845  -2.860312   0.000000    0.000000  0.000000  0.000000
   C  -2.471779  -0.716540   0.000000    0.000000  0.000000  0.000000
   C  -1.232423   1.423207   0.000000    0.000000  0.000000  0.000000
   C   0.000000   3.557079   0.000000    0.000000  0.000000  0.000000
   C   1.226334   5.685080   0.000000    0.000000  0.000000  0.000000
   C  -2.457224  -5.005715   0.000000    0.000000  0.000000  0.000000
   C  -1.230705  -2.851907   0.000000    0.000000  0.000000  0.000000
   C   0.000000  -0.715809   0.000000    0.000000  0.000000  0.000000
   C   1.232423   1.423207   0.000000    0.000000  0.000000  0.000000
   C   2.466015   3.560923   0.000000    0.000000 -0.000000  0.000000
   C   3.678966   5.694052   0.000000    0.000000  0.000000  0.000000
   C   0.000000  -5.003169   0.000000    0.000000  0.000000  0.000000
   C   1.230705  -2.851907   0.000000    0.000000  0.000000  0.000000
   C   2.471779  -0.716540   0.000000    0.000000  0.000000  0.000000
   C   3.698169   1.425571   0.000000    0.000000  0.000000  0.000000
   C   4.928214   3.580071   0.000000    0.000000 -0.000000  0.000000
   N   6.138515   5.727246   0.000000    0.000000  0.000000  0.000000
   C   2.457224  -5.005715   0.000000    0.000000  0.000000  0.000000
   C   3.694845  -2.860312   0.000000    0.000000  0.000000  0.000000
   C   4.940069  -0.716689   0.000000    0.000000  0.000000  0.000000
   C   6.173475   1.431785   0.000000   -0.000000  0.000000  0.000000
   C   7.358051   3.642635   0.000000   -0.000000  0.000000  0.000000
   C   4.910090  -5.019617   0.000000    0.000000  0.000000  0.000000
   C   6.173642  -2.889413   0.000000    0.000000  0.000000  0.000000
   C   7.365228  -0.691139   0.000000    0.000000  0.000000  0.000000
   C   7.338226  -5.042760   0.000000    0.000000  0.000000  0.000000
   H   8.282184   5.591425   0.000000    0.000000 -0.000000  0.000000
   H   8.325741   3.141106   0.000000    0.000000  0.000000  0.000000
   H   8.326715   1.204661   0.000000    0.000000  0.000000  0.000000
   H   8.326715  -1.204661   0.000000    0.000000  0.000000  0.000000
   H   8.325741  -3.141106   0.000000    0.000000  0.000000  0.000000
   H   8.282184  -5.591425   0.000000    0.000000  0.000000  0.000000
   H  -8.282184   5.591425   0.000000    0.000000 -0.000000  0.000000
   H  -8.325741   3.141106   0.000000    0.000000  0.000000  0.000000
   H  -8.326715   1.204661   0.000000    0.000000  0.000000  0.000000
   H  -8.326715  -1.204661   0.000000    0.000000  0.000000  0.000000
   H  -8.325741  -3.141106   0.000000    0.000000  0.000000  0.000000
   H  -8.282184  -5.591425   0.000000    0.000000  0.000000  0.000000
   H  -6.116625   6.819427   0.000000    0.000000  0.000000  0.000000
   H  -3.672757   6.787431   0.000000    0.000000  0.000000  0.000000
   H  -1.225580   6.778408   0.000000    0.000000 -0.000000  0.000000
   H   1.225580   6.778408   0.000000    0.000000 -0.000000  0.000000
   H   3.672757   6.787431   0.000000    0.000000  0.000000  0.000000
   H   6.116625   6.819427   0.000000   -0.000000  0.000000  0.000000
   H  -6.116625  -6.819427   0.000000    0.000000  0.000000  0.000000
   H  -3.672757  -6.787431   0.000000    0.000000  0.000000  0.000000
   H  -1.225580  -6.778408   0.000000    0.000000  0.000000  0.000000
   H   1.225580  -6.778408   0.000000    0.000000  0.000000  0.000000
   H   3.672757  -6.787431   0.000000    0.000000  0.000000  0.000000
   H   6.116625  -6.819427   0.000000   -0.000000  0.000000  0.000000
converged SCF energy = -3034.54376365559
--------------- ROKS_Scanner gradients ---------------
         x                y                z
0 C    -0.0078927720     0.0031279479    -0.0000000000
1 C    -0.0079037294     0.0106470648    -0.0000000000
2 C     0.0032032339     0.0081884933     0.0000000000
3 C     0.0108551621     0.0068561309    -0.0000000000
4 C     0.0030340862     0.0001655258     0.0000000000
5 C    -0.0073497337     0.0096005458    -0.0000000000
6 C     0.0076613048    -0.0108267359     0.0000000000
7 C     0.0023171468    -0.0028264449     0.0000000000
8 C     0.0096562091    -0.0118401885    -0.0000000000
9 C     0.0024321968    -0.0024021808    -0.0000000000
10 C    -0.0031509442     0.0007060187    -0.0000000000
11 C     0.0010588765    -0.0035134500    -0.0000000000
12 C    -0.0038505669     0.0083022695     0.0000000000
13 C     0.0023392879     0.0059281967     0.0000000000
14 C    -0.0064210638    -0.0014512324    -0.0000000000
15 C    -0.0043168837    -0.0024794615    -0.0000000000
16 C    -0.0001477933     0.0012125014    -0.0000000000
17 C     0.0022902602    -0.0005986619    -0.0000000000
18 C    -0.0009592141     0.0068683923    -0.0000000000
19 C    -0.0068102440    -0.0022910160    -0.0000000000
20 C     0.0049092768     0.0148643081    -0.0000000000
21 C    -0.0079587536    -0.0010199926     0.0000000000
22 C     0.0024590938    -0.0006865799    -0.0000000000
23 C    -0.0028011285     0.0020873256    -0.0000000000
24 C     0.0068293988     0.0009698009    -0.0000000000
25 C    -0.0020472224     0.0049878149    -0.0000000000
26 C     0.0083366179    -0.0162003649    -0.0000000000
27 C     0.0003880936     0.0011462239     0.0000000000
28 C     0.0013390045    -0.0012712717    -0.0000000000
29 C     0.0006055940     0.0035462427    -0.0000000000
30 C     0.0022758568    -0.0011315199    -0.0000000000
31 C     0.0239809170     0.0188585199    -0.0000000000
32 C     0.0081169140     0.0324792972    -0.0000000000
33 C     0.0068857574    -0.0005685000     0.0000000000
34 C    -0.0018386172     0.0022698998    -0.0000000000
35 C     0.0073374162     0.0001584474    -0.0000000000
36 C    -0.0075679326     0.0100033132    -0.0000000000
37 C     0.0022860323    -0.0023603994    -0.0000000000
38 C    -0.0010971693     0.0028857682    -0.0000000000
39 C     0.0030545251     0.0135457164    -0.0000000000
40 C    -0.0020443312     0.0029272177     0.0000000000
41 C    -0.0017964355    -0.0237046856    -0.0000000000
42 N    -0.0090769401     0.0000162075     0.0000000000
43 C    -0.0012106390     0.0066931759     0.0000000000
44 C    -0.0293801343     0.0022531230     0.0000000000
45 C    -0.0042009534    -0.0029288218    -0.0000000000
46 C     0.0030634920    -0.0032860735     0.0000000000
47 C     0.0042609846    -0.0010460394     0.0000000000
48 C     0.0144911867    -0.0061580072    -0.0000000000
49 C    -0.0058377274    -0.0068324478    -0.0000000000
50 N     0.0006676836    -0.0205193316    -0.0000000000
51 C    -0.0009403737    -0.0002139662     0.0000000000
52 C     0.0023246804    -0.0013016731     0.0000000000
53 C    -0.0024873614    -0.0033026372     0.0000000000
54 C     0.0034869679    -0.0043993279    -0.0000000000
55 C     0.0062844047    -0.0147492428    -0.0000000000
56 C     0.0191561445     0.0016328258    -0.0000000000
57 C     0.0091249532    -0.0011394701     0.0000000000
58 C    -0.0036142794     0.0018492861     0.0000000000
59 C     0.0003799209    -0.0074250044     0.0000000000
60 C    -0.0031863738    -0.0005581734     0.0000000000
61 C     0.0065510836    -0.0069900016     0.0000000000
62 C    -0.0263627693    -0.0009881411     0.0000000000
63 C     0.0060945126    -0.0025708216    -0.0000000000
64 C    -0.0013432124    -0.0004612600     0.0000000000
65 C     0.0005648344    -0.0004492008     0.0000000000
66 C    -0.0063259072    -0.0076506994     0.0000000000
67 C    -0.0135506219     0.0026212640     0.0000000000
68 N     0.0069809611    -0.0231254314     0.0000000000
69 C    -0.0060150585    -0.0006711456    -0.0000000000
70 C     0.0015266758    -0.0046445281     0.0000000000
71 C    -0.0037274694     0.0018638138     0.0000000000
72 C     0.0055043725    -0.0139878636     0.0000000000
73 C    -0.0143668650    -0.0434580952     0.0000000000
74 C    -0.0051150819    -0.0030449419     0.0000000000
75 C     0.0009638954     0.0003103069     0.0000000000
76 C    -0.0031401698    -0.0109025622     0.0000000000
77 C     0.0020291895    -0.0044847380     0.0000000000
78 H     0.0107266251    -0.0022098414    -0.0000000000
79 H     0.0054385144    -0.0068785503    -0.0000000000
80 H     0.0050257682     0.0033804482     0.0000000000
81 H     0.0054764020    -0.0031504878    -0.0000000000
82 H     0.0054688660     0.0030017376    -0.0000000000
83 H     0.0048557000    -0.0028548634    -0.0000000000
84 H    -0.0049882366     0.0039266174     0.0000000000
85 H    -0.0057266922    -0.0036122159    -0.0000000000
86 H    -0.0127656846    -0.0027167380     0.0000000000
87 H    -0.0053190324    -0.0063566453     0.0000000000
88 H    -0.0050355184     0.0032131777    -0.0000000000
89 H    -0.0048086125    -0.0028953546    -0.0000000000
90 H     0.0003368363     0.0062227774    -0.0000000000
91 H     0.0006710613     0.0058678140    -0.0000000000
92 H     0.0001877917     0.0615495321    -0.0000000000
93 H    -0.0001414484     0.0053206174     0.0000000000
94 H     0.0000838431     0.0053905830    -0.0000000000
95 H    -0.0008439602     0.0613778495     0.0000000000
96 H     0.0001411510    -0.0060258869     0.0000000000
97 H     0.0000666032    -0.0061705644     0.0000000000
98 H     0.0000467230    -0.0059345358    -0.0000000000
99 H     0.0000011782    -0.0058590804    -0.0000000000
100 H     0.0000167092    -0.0059503935    -0.0000000000
101 H    -0.0001528118    -0.0058446133     0.0000000000
----------------------------------------------
cycle 1: E = -3034.54376366  dE = -3034.54  norm(grad) = 0.144462

Geometry optimization cycle 2
