1721292963.189054

Geometry optimization cycle 1
Cartesian coordinates (Angstrom)
 Atom        New coordinates             dX        dY        dZ
   C  -7.338226   5.042760   0.000000    0.000000  0.000000  0.000000
   C  -7.365228   0.691139   0.000000    0.000000  0.000000  0.000000
   C  -6.173642   2.889413   0.000000    0.000000  0.000000  0.000000
   C  -4.910090   5.019617   0.000000    0.000000  0.000000  0.000000
   C  -7.358051  -3.642635   0.000000    0.000000  0.000000  0.000000
   C  -6.173475  -1.431785   0.000000    0.000000  0.000000  0.000000
   C  -4.940069   0.716689   0.000000    0.000000  0.000000  0.000000
   C  -3.694845   2.860312   0.000000    0.000000  0.000000  0.000000
   C  -2.457224   5.005715   0.000000    0.000000  0.000000  0.000000
   C  -6.138515  -5.727246   0.000000    0.000000  0.000000  0.000000
   C  -4.928214  -3.580071   0.000000    0.000000  0.000000  0.000000
   C  -3.698169  -1.425571   0.000000    0.000000  0.000000  0.000000
   C  -2.471779   0.716540   0.000000    0.000000  0.000000  0.000000
   C  -1.230705   2.851907   0.000000    0.000000 -0.000000  0.000000
   C   0.000000   5.003169   0.000000    0.000000  0.000000  0.000000
   C  -3.678966  -5.694052   0.000000    0.000000  0.000000  0.000000
   C  -2.466015  -3.560923   0.000000    0.000000  0.000000  0.000000
   C  -1.232423  -1.423207   0.000000    0.000000  0.000000  0.000000
   C   0.000000   0.715809   0.000000    0.000000  0.000000  0.000000
   C   1.230705   2.851907   0.000000    0.000000 -0.000000  0.000000
   C   2.457224   5.005715   0.000000    0.000000  0.000000  0.000000
   C  -1.226334  -5.685080   0.000000    0.000000  0.000000  0.000000
   C   0.000000  -3.557079   0.000000    0.000000  0.000000  0.000000
   C   1.232423  -1.423207   0.000000    0.000000  0.000000  0.000000
   C   2.471779   0.716540   0.000000    0.000000  0.000000  0.000000
   C   3.694845   2.860312   0.000000    0.000000  0.000000  0.000000
   C   4.910090   5.019617   0.000000    0.000000  0.000000  0.000000
   C   1.226334  -5.685080   0.000000    0.000000  0.000000  0.000000
   C   2.466015  -3.560923   0.000000    0.000000  0.000000  0.000000
   C   3.698169  -1.425571   0.000000    0.000000  0.000000  0.000000
   C   4.940069   0.716689   0.000000    0.000000  0.000000  0.000000
   C   6.173642   2.889413   0.000000    0.000000  0.000000  0.000000
   C   7.338226   5.042760   0.000000    0.000000  0.000000  0.000000
   C   3.678966  -5.694052   0.000000    0.000000  0.000000  0.000000
   C   4.928214  -3.580071   0.000000    0.000000  0.000000  0.000000
   C   6.173475  -1.431785   0.000000   -0.000000  0.000000  0.000000
   C   7.365228   0.691139   0.000000    0.000000  0.000000  0.000000
   C   6.138515  -5.727246   0.000000    0.000000  0.000000  0.000000
   C   7.358051  -3.642635   0.000000   -0.000000  0.000000  0.000000
   C  -7.358051   3.642635   0.000000    0.000000  0.000000  0.000000
   C  -6.138515   5.727246   0.000000    0.000000  0.000000  0.000000
   C  -7.365228  -0.691139   0.000000    0.000000  0.000000  0.000000
   C  -6.173475   1.431785   0.000000    0.000000  0.000000  0.000000
   C  -4.928214   3.580071   0.000000    0.000000 -0.000000  0.000000
   C  -3.678966   5.694052   0.000000    0.000000  0.000000  0.000000
   C  -7.338226  -5.042760   0.000000    0.000000  0.000000  0.000000
   C  -6.173642  -2.889413   0.000000    0.000000  0.000000  0.000000
   C  -4.940069  -0.716689   0.000000    0.000000  0.000000  0.000000
   C  -3.698169   1.425571   0.000000    0.000000  0.000000  0.000000
   C  -2.466015   3.560923   0.000000    0.000000 -0.000000  0.000000
   C  -1.226334   5.685080   0.000000    0.000000  0.000000  0.000000
   C  -4.910090  -5.019617   0.000000    0.000000  0.000000  0.000000
   N  -3.694845  -2.860312   0.000000    0.000000  0.000000  0.000000
   C  -2.471779  -0.716540   0.000000    0.000000  0.000000  0.000000
   C  -1.232423   1.423207   0.000000    0.000000  0.000000  0.000000
   C   0.000000   3.557079   0.000000    0.000000  0.000000  0.000000
   C   1.226334   5.685080   0.000000    0.000000  0.000000  0.000000
   C  -2.457224  -5.005715   0.000000    0.000000  0.000000  0.000000
   C  -1.230705  -2.851907   0.000000    0.000000  0.000000  0.000000
   N   0.000000  -0.715809   0.000000    0.000000  0.000000  0.000000
   C   1.232423   1.423207   0.000000    0.000000  0.000000  0.000000
   C   2.466015   3.560923   0.000000    0.000000 -0.000000  0.000000
   C   3.678966   5.694052   0.000000    0.000000  0.000000  0.000000
   C   0.000000  -5.003169   0.000000    0.000000  0.000000  0.000000
   C   1.230705  -2.851907   0.000000    0.000000  0.000000  0.000000
   C   2.471779  -0.716540   0.000000    0.000000  0.000000  0.000000
   C   3.698169   1.425571   0.000000    0.000000  0.000000  0.000000
   N   4.928214   3.580071   0.000000    0.000000 -0.000000  0.000000
   C   6.138515   5.727246   0.000000    0.000000  0.000000  0.000000
   C   2.457224  -5.005715   0.000000    0.000000  0.000000  0.000000
   C   3.694845  -2.860312   0.000000    0.000000  0.000000  0.000000
   C   4.940069  -0.716689   0.000000    0.000000  0.000000  0.000000
   C   6.173475   1.431785   0.000000   -0.000000  0.000000  0.000000
   C   7.358051   3.642635   0.000000   -0.000000  0.000000  0.000000
   C   4.910090  -5.019617   0.000000    0.000000  0.000000  0.000000
   C   6.173642  -2.889413   0.000000    0.000000  0.000000  0.000000
   C   7.365228  -0.691139   0.000000    0.000000  0.000000  0.000000
   C   7.338226  -5.042760   0.000000    0.000000  0.000000  0.000000
   H   8.282184   5.591425   0.000000    0.000000 -0.000000  0.000000
   H   8.325741   3.141106   0.000000    0.000000  0.000000  0.000000
   H   8.326715   1.204661   0.000000    0.000000  0.000000  0.000000
   H   8.326715  -1.204661   0.000000    0.000000  0.000000  0.000000
   H   8.325741  -3.141106   0.000000    0.000000  0.000000  0.000000
   H   8.282184  -5.591425   0.000000    0.000000  0.000000  0.000000
   H  -8.282184   5.591425   0.000000    0.000000 -0.000000  0.000000
   H  -8.325741   3.141106   0.000000    0.000000  0.000000  0.000000
   H  -8.326715   1.204661   0.000000    0.000000  0.000000  0.000000
   H  -8.326715  -1.204661   0.000000    0.000000  0.000000  0.000000
   H  -8.325741  -3.141106   0.000000    0.000000  0.000000  0.000000
   H  -8.282184  -5.591425   0.000000    0.000000  0.000000  0.000000
   H  -6.116625   6.819427   0.000000    0.000000  0.000000  0.000000
   H  -3.672757   6.787431   0.000000    0.000000  0.000000  0.000000
   H  -1.225580   6.778408   0.000000    0.000000 -0.000000  0.000000
   H   1.225580   6.778408   0.000000    0.000000 -0.000000  0.000000
   H   3.672757   6.787431   0.000000    0.000000  0.000000  0.000000
   H   6.116625   6.819427   0.000000   -0.000000  0.000000  0.000000
   H  -6.116625  -6.819427   0.000000    0.000000  0.000000  0.000000
   H  -3.672757  -6.787431   0.000000    0.000000  0.000000  0.000000
   H  -1.225580  -6.778408   0.000000    0.000000  0.000000  0.000000
   H   1.225580  -6.778408   0.000000    0.000000  0.000000  0.000000
   H   3.672757  -6.787431   0.000000    0.000000  0.000000  0.000000
   H   6.116625  -6.819427   0.000000   -0.000000  0.000000  0.000000
converged SCF energy = -3034.47190452321
--------------- ROKS_Scanner gradients ---------------
         x                y                z
0 C    -0.0065263779    -0.0026832266    -0.0000000000
1 C    -0.0017934121     0.0034999855     0.0000000000
2 C     0.0050871326    -0.0079142744     0.0000000000
3 C    -0.0038489509     0.0007515825    -0.0000000000
4 C     0.0003709086    -0.0005862527     0.0000000000
5 C    -0.0032203993    -0.0055469143     0.0000000000
6 C     0.0035031397     0.0007615705     0.0000000000
7 C     0.0029991148    -0.0035548759     0.0000000000
8 C     0.0059411848    -0.0010828501     0.0000000000
9 C     0.0080882993    -0.0058126641    -0.0000000000
10 C    -0.0029188188    -0.0059331732     0.0000000000
11 C    -0.0019647946     0.0222012582     0.0000000000
12 C     0.0145609253    -0.0073964862     0.0000000000
13 C    -0.0033712036    -0.0006243237     0.0000000000
14 C     0.0198178289    -0.0029077030    -0.0000000000
15 C     0.0075639987    -0.0046470337    -0.0000000000
16 C     0.0137027908    -0.0075867214    -0.0000000000
17 C    -0.0026784208    -0.0069388128    -0.0000000000
18 C     0.0042994154     0.0087878797     0.0000000000
19 C     0.0063773699     0.0043282194     0.0000000000
20 C     0.0341356108    -0.0098200595    -0.0000000000
21 C    -0.0031271876    -0.0078261644    -0.0000000000
22 C     0.0005262586     0.0154305017    -0.0000000000
23 C    -0.0040968203    -0.0009176305     0.0000000000
24 C    -0.0039354987    -0.0102289171    -0.0000000000
25 C     0.0007862926    -0.0063806278    -0.0000000000
26 C     0.0328271310    -0.0009204635     0.0000000000
27 C    -0.0083366186    -0.0036351723    -0.0000000000
28 C     0.0009604758    -0.0054452059     0.0000000000
29 C     0.0008129138     0.0124591602     0.0000000000
30 C    -0.0125716305     0.0025875214    -0.0000000000
31 C    -0.0047104486    -0.0201569094    -0.0000000000
32 C     0.0162639638    -0.0175169933     0.0000000000
33 C    -0.0000579375    -0.0007418039    -0.0000000000
34 C    -0.0040171795     0.0003976533    -0.0000000000
35 C     0.0037282791    -0.0013284487    -0.0000000000
36 C    -0.0032226556     0.0026130530    -0.0000000000
37 C     0.0013833340    -0.0028957295    -0.0000000000
38 C    -0.0007503137     0.0015748396    -0.0000000000
39 C    -0.0034239322     0.0064908363    -0.0000000000
40 C     0.0049982002     0.0034267458     0.0000000000
41 C    -0.0008629426    -0.0012289898    -0.0000000000
42 C    -0.0043054004     0.0062172051    -0.0000000000
43 C    -0.0023589234     0.0010048055    -0.0000000000
44 C    -0.0017424576     0.0048180355    -0.0000000000
45 C    -0.0075986469    -0.0006534082    -0.0000000000
46 C    -0.0063555751     0.0018358547    -0.0000000000
47 C     0.0063861753     0.0087812498    -0.0000000000
48 C    -0.0110175747     0.0036337379    -0.0000000000
49 C     0.0011692131     0.0002573781    -0.0000000000
50 C    -0.0138616057     0.0066736916     0.0000000000
51 C    -0.0154012276    -0.0006603308     0.0000000000
52 N    -0.0022158057    -0.0061877303     0.0000000000
53 C    -0.0159104417     0.0108030722     0.0000000000
54 C    -0.0069643543     0.0114877567    -0.0000000000
55 C    -0.0016837913    -0.0016953607    -0.0000000000
56 C    -0.0269566313     0.0077855350     0.0000000000
57 C     0.0014357216     0.0001740157     0.0000000000
58 C     0.0018058513    -0.0127821644     0.0000000000
59 N     0.0057385718    -0.0027714749     0.0000000000
60 C    -0.0004058499     0.0087623416    -0.0000000000
61 C    -0.0179513078     0.0008021088     0.0000000000
62 C    -0.0322264554     0.0138916116     0.0000000000
63 C     0.0086075343    -0.0058141080     0.0000000000
64 C     0.0003571816    -0.0101732524    -0.0000000000
65 C     0.0156733197     0.0016802868    -0.0000000000
66 C     0.0039309636    -0.0070468380     0.0000000000
67 N    -0.0065199967     0.0058982054    -0.0000000000
68 C    -0.0237035411     0.0120328123    -0.0000000000
69 C     0.0067465182     0.0016001500     0.0000000000
70 C    -0.0003065331    -0.0077819159     0.0000000000
71 C    -0.0036874526    -0.0030925260     0.0000000000
72 C     0.0163955949     0.0052833075     0.0000000000
73 C     0.0160857148     0.0185636192    -0.0000000000
74 C    -0.0018373632    -0.0023492950     0.0000000000
75 C     0.0028324319     0.0028953803     0.0000000000
76 C    -0.0004454537    -0.0063109812     0.0000000000
77 C     0.0019348920    -0.0034322116     0.0000000000
78 H     0.0054612401     0.0027043038     0.0000000000
79 H     0.0091420369    -0.0010055272     0.0000000000
80 H     0.0057037273     0.0033358050     0.0000000000
81 H     0.0057496114    -0.0034664861    -0.0000000000
82 H     0.0054753619     0.0030977681     0.0000000000
83 H     0.0050080575    -0.0029684001    -0.0000000000
84 H    -0.0049259216     0.0028291899     0.0000000000
85 H    -0.0054574725    -0.0029858365    -0.0000000000
86 H    -0.0058362372     0.0029331221     0.0000000000
87 H    -0.0062171279    -0.0026848426     0.0000000000
88 H    -0.0069648962     0.0023019111    -0.0000000000
89 H    -0.0049740198    -0.0028805135     0.0000000000
90 H     0.0001871147     0.0059662164    -0.0000000000
91 H    -0.0001469718     0.0062409445     0.0000000000
92 H    -0.0001918251     0.0063672379    -0.0000000000
93 H    -0.0003365023     0.0065208064    -0.0000000000
94 H    -0.0030883053     0.0084287081    -0.0000000000
95 H     0.0024365681     0.0081724343     0.0000000000
96 H    -0.0009906600    -0.0067973816     0.0000000000
97 H    -0.0001989005    -0.0073941834     0.0000000000
98 H     0.0011297129    -0.0073492132    -0.0000000000
99 H     0.0001139014    -0.0063775866     0.0000000000
100 H     0.0001769713    -0.0062492864    -0.0000000000
101 H    -0.0002008045    -0.0059534639     0.0000000000
----------------------------------------------
cycle 1: E = -3034.47190452  dE = -3034.47  norm(grad) = 0.119319

Geometry optimization cycle 2
