1721291494.8593695

Geometry optimization cycle 1
Cartesian coordinates (Angstrom)
 Atom        New coordinates             dX        dY        dZ
   C  -7.338226   5.042760   0.000000    0.000000  0.000000  0.000000
   C  -7.365228   0.691139   0.000000    0.000000  0.000000  0.000000
   C  -6.173642   2.889413   0.000000    0.000000  0.000000  0.000000
   C  -4.910090   5.019617   0.000000    0.000000  0.000000  0.000000
   C  -7.358051  -3.642635   0.000000    0.000000  0.000000  0.000000
   C  -6.173475  -1.431785   0.000000    0.000000  0.000000  0.000000
   C  -4.940069   0.716689   0.000000    0.000000  0.000000  0.000000
   C  -3.694845   2.860312   0.000000    0.000000  0.000000  0.000000
   C  -2.457224   5.005715   0.000000    0.000000  0.000000  0.000000
   C  -6.138515  -5.727246   0.000000    0.000000  0.000000  0.000000
   C  -4.928214  -3.580071   0.000000    0.000000  0.000000  0.000000
   C  -3.698169  -1.425571   0.000000    0.000000  0.000000  0.000000
   C  -2.471779   0.716540   0.000000    0.000000  0.000000  0.000000
   C  -1.230705   2.851907   0.000000    0.000000 -0.000000  0.000000
   C   0.000000   5.003169   0.000000    0.000000  0.000000  0.000000
   C  -3.678966  -5.694052   0.000000    0.000000  0.000000  0.000000
   C  -2.466015  -3.560923   0.000000    0.000000  0.000000  0.000000
   C  -1.232423  -1.423207   0.000000    0.000000  0.000000  0.000000
   C   0.000000   0.715809   0.000000    0.000000  0.000000  0.000000
   C   1.230705   2.851907   0.000000    0.000000 -0.000000  0.000000
   C   2.457224   5.005715   0.000000    0.000000  0.000000  0.000000
   C  -1.226334  -5.685080   0.000000    0.000000  0.000000  0.000000
   C   0.000000  -3.557079   0.000000    0.000000  0.000000  0.000000
   C   1.232423  -1.423207   0.000000    0.000000  0.000000  0.000000
   C   2.471779   0.716540   0.000000    0.000000  0.000000  0.000000
   C   3.694845   2.860312   0.000000    0.000000  0.000000  0.000000
   C   4.910090   5.019617   0.000000    0.000000  0.000000  0.000000
   C   1.226334  -5.685080   0.000000    0.000000  0.000000  0.000000
   C   2.466015  -3.560923   0.000000    0.000000  0.000000  0.000000
   C   3.698169  -1.425571   0.000000    0.000000  0.000000  0.000000
   C   4.940069   0.716689   0.000000    0.000000  0.000000  0.000000
   C   6.173642   2.889413   0.000000    0.000000  0.000000  0.000000
   C   7.338226   5.042760   0.000000    0.000000  0.000000  0.000000
   C   3.678966  -5.694052   0.000000    0.000000  0.000000  0.000000
   C   4.928214  -3.580071   0.000000    0.000000  0.000000  0.000000
   C   6.173475  -1.431785   0.000000   -0.000000  0.000000  0.000000
   C   7.365228   0.691139   0.000000    0.000000  0.000000  0.000000
   C   6.138515  -5.727246   0.000000    0.000000  0.000000  0.000000
   C   7.358051  -3.642635   0.000000   -0.000000  0.000000  0.000000
   C  -7.358051   3.642635   0.000000    0.000000  0.000000  0.000000
   C  -6.138515   5.727246   0.000000    0.000000  0.000000  0.000000
   C  -7.365228  -0.691139   0.000000    0.000000  0.000000  0.000000
   C  -6.173475   1.431785   0.000000    0.000000  0.000000  0.000000
   C  -4.928214   3.580071   0.000000    0.000000 -0.000000  0.000000
   C  -3.678966   5.694052   0.000000    0.000000  0.000000  0.000000
   C  -7.338226  -5.042760   0.000000    0.000000  0.000000  0.000000
   C  -6.173642  -2.889413   0.000000    0.000000  0.000000  0.000000
   C  -4.940069  -0.716689   0.000000    0.000000  0.000000  0.000000
   C  -3.698169   1.425571   0.000000    0.000000  0.000000  0.000000
   C  -2.466015   3.560923   0.000000    0.000000 -0.000000  0.000000
   C  -1.226334   5.685080   0.000000    0.000000  0.000000  0.000000
   C  -4.910090  -5.019617   0.000000    0.000000  0.000000  0.000000
   C  -3.694845  -2.860312   0.000000    0.000000  0.000000  0.000000
   C  -2.471779  -0.716540   0.000000    0.000000  0.000000  0.000000
   C  -1.232423   1.423207   0.000000    0.000000  0.000000  0.000000
   C   0.000000   3.557079   0.000000    0.000000  0.000000  0.000000
   C   1.226334   5.685080   0.000000    0.000000  0.000000  0.000000
   C  -2.457224  -5.005715   0.000000    0.000000  0.000000  0.000000
   C  -1.230705  -2.851907   0.000000    0.000000  0.000000  0.000000
   C   0.000000  -0.715809   0.000000    0.000000  0.000000  0.000000
   C   1.232423   1.423207   0.000000    0.000000  0.000000  0.000000
   C   2.466015   3.560923   0.000000    0.000000 -0.000000  0.000000
   N   3.678966   5.694052   0.000000    0.000000  0.000000  0.000000
   C   0.000000  -5.003169   0.000000    0.000000  0.000000  0.000000
   C   1.230705  -2.851907   0.000000    0.000000  0.000000  0.000000
   C   2.471779  -0.716540   0.000000    0.000000  0.000000  0.000000
   C   3.698169   1.425571   0.000000    0.000000  0.000000  0.000000
   C   4.928214   3.580071   0.000000    0.000000 -0.000000  0.000000
   C   6.138515   5.727246   0.000000    0.000000  0.000000  0.000000
   C   2.457224  -5.005715   0.000000    0.000000  0.000000  0.000000
   C   3.694845  -2.860312   0.000000    0.000000  0.000000  0.000000
   C   4.940069  -0.716689   0.000000    0.000000  0.000000  0.000000
   C   6.173475   1.431785   0.000000   -0.000000  0.000000  0.000000
   C   7.358051   3.642635   0.000000   -0.000000  0.000000  0.000000
   C   4.910090  -5.019617   0.000000    0.000000  0.000000  0.000000
   C   6.173642  -2.889413   0.000000    0.000000  0.000000  0.000000
   C   7.365228  -0.691139   0.000000    0.000000  0.000000  0.000000
   C   7.338226  -5.042760   0.000000    0.000000  0.000000  0.000000
   H   8.282184   5.591425   0.000000    0.000000 -0.000000  0.000000
   H   8.325741   3.141106   0.000000    0.000000  0.000000  0.000000
   H   8.326715   1.204661   0.000000    0.000000  0.000000  0.000000
   H   8.326715  -1.204661   0.000000    0.000000  0.000000  0.000000
   H   8.325741  -3.141106   0.000000    0.000000  0.000000  0.000000
   H   8.282184  -5.591425   0.000000    0.000000  0.000000  0.000000
   H  -8.282184   5.591425   0.000000    0.000000 -0.000000  0.000000
   H  -8.325741   3.141106   0.000000    0.000000  0.000000  0.000000
   H  -8.326715   1.204661   0.000000    0.000000  0.000000  0.000000
   H  -8.326715  -1.204661   0.000000    0.000000  0.000000  0.000000
   H  -8.325741  -3.141106   0.000000    0.000000  0.000000  0.000000
   H  -8.282184  -5.591425   0.000000    0.000000  0.000000  0.000000
   H  -6.116625   6.819427   0.000000    0.000000  0.000000  0.000000
   H  -3.672757   6.787431   0.000000    0.000000  0.000000  0.000000
   H  -1.225580   6.778408   0.000000    0.000000 -0.000000  0.000000
   H   1.225580   6.778408   0.000000    0.000000 -0.000000  0.000000
   H   3.672757   6.787431   0.000000    0.000000  0.000000  0.000000
   H   6.116625   6.819427   0.000000   -0.000000  0.000000  0.000000
   H  -6.116625  -6.819427   0.000000    0.000000  0.000000  0.000000
   H  -3.672757  -6.787431   0.000000    0.000000  0.000000  0.000000
   H  -1.225580  -6.778408   0.000000    0.000000  0.000000  0.000000
   H   1.225580  -6.778408   0.000000    0.000000  0.000000  0.000000
   H   3.672757  -6.787431   0.000000    0.000000  0.000000  0.000000
   H   6.116625  -6.819427   0.000000   -0.000000  0.000000  0.000000
converged SCF energy = -3001.3202759353
--------------- ROKS_Scanner gradients ---------------
         x                y                z
0 C    -0.0050661513    -0.0022539558    -0.0000000000
1 C    -0.0029292260    -0.0002536099    -0.0000000000
2 C     0.0044385707    -0.0061613605    -0.0000000000
3 C    -0.0011607215     0.0024075699    -0.0000000000
4 C    -0.0035208981    -0.0012053158    -0.0000000000
5 C     0.0002992085    -0.0055380304    -0.0000000000
6 C     0.0017446085     0.0004743556    -0.0000000000
7 C     0.0030384133    -0.0025524810     0.0000000000
8 C     0.0073731883     0.0020008982    -0.0000000000
9 C     0.0003671514    -0.0026905324    -0.0000000000
10 C     0.0005026300     0.0025246012    -0.0000000000
11 C    -0.0023157214    -0.0014816490     0.0000000000
12 C     0.0035723465    -0.0017617486     0.0000000000
13 C     0.0019525349    -0.0005920312     0.0000000000
14 C     0.0213097626     0.0032096543     0.0000000000
15 C    -0.0064844353    -0.0017525153     0.0000000000
16 C     0.0028245744    -0.0001914177     0.0000000000
17 C    -0.0009532252     0.0009562186    -0.0000000000
18 C     0.0038635816    -0.0021007860    -0.0000000000
19 C     0.0039146314    -0.0022233654    -0.0000000000
20 C     0.0200111484    -0.0194439533    -0.0000000000
21 C    -0.0049102770     0.0008287779     0.0000000000
22 C     0.0001920014    -0.0025106377    -0.0000000000
23 C     0.0017622263     0.0007495014    -0.0000000000
24 C     0.0033084585    -0.0017187619    -0.0000000000
25 C     0.0128441139     0.0079398821    -0.0000000000
26 C    -0.0051381958    -0.0021877769     0.0000000000
27 C     0.0048702238     0.0008625596    -0.0000000000
28 C    -0.0023508066    -0.0002877751    -0.0000000000
29 C     0.0032507999    -0.0011160249    -0.0000000000
30 C    -0.0044679688     0.0000257750    -0.0000000000
31 C     0.0035081824    -0.0087988348    -0.0000000000
32 C    -0.0022508390     0.0174386967    -0.0000000000
33 C     0.0064307353    -0.0018812128    -0.0000000000
34 C    -0.0007440701     0.0023735916    -0.0000000000
35 C     0.0009217384    -0.0055761309    -0.0000000000
36 C     0.0012645340     0.0002237749    -0.0000000000
37 C    -0.0002233235    -0.0028409698    -0.0000000000
38 C     0.0033123014    -0.0012207193    -0.0000000000
39 C    -0.0046015204     0.0040744383     0.0000000000
40 C     0.0031734508     0.0029419269     0.0000000000
41 C    -0.0030341625     0.0005202775     0.0000000000
42 C     0.0003581604     0.0054476853     0.0000000000
43 C    -0.0030359318    -0.0000850092     0.0000000000
44 C    -0.0035608756     0.0034289288     0.0000000000
45 C    -0.0035978466    -0.0001343005     0.0000000000
46 C     0.0019117797     0.0055553011     0.0000000000
47 C     0.0016318662    -0.0001280597     0.0000000000
48 C    -0.0030239715     0.0021051082    -0.0000000000
49 C    -0.0009010401    -0.0007443482    -0.0000000000
50 C    -0.0155217190     0.0045838775    -0.0000000000
51 C     0.0032011664    -0.0041455069     0.0000000000
52 C    -0.0022170537     0.0017587266     0.0000000000
53 C     0.0024184664     0.0018977926    -0.0000000000
54 C    -0.0035827746     0.0008822760    -0.0000000000
55 C     0.0000051632    -0.0015706932    -0.0000000000
56 C    -0.0408414581     0.0028771056    -0.0000000000
57 C     0.0082087781    -0.0013242447    -0.0000000000
58 C    -0.0020428346    -0.0005892554     0.0000000000
59 C    -0.0004719607     0.0019682630     0.0000000000
60 C    -0.0039906264    -0.0002874944     0.0000000000
61 C    -0.0116750306    -0.0003842009     0.0000000000
62 N    -0.0034564999    -0.0226698000     0.0000000000
63 C     0.0000394533     0.0012236243     0.0000000000
64 C     0.0018074831    -0.0006678632     0.0000000000
65 C    -0.0026100949     0.0017349468     0.0000000000
66 C     0.0011903723    -0.0070419483     0.0000000000
67 C    -0.0067509546    -0.0155391767     0.0000000000
68 C     0.0253080854     0.0004507967    -0.0000000000
69 C    -0.0080316612    -0.0010624965     0.0000000000
70 C     0.0018975643     0.0012257997     0.0000000000
71 C    -0.0029904385    -0.0005058978     0.0000000000
72 C     0.0030882913     0.0047900711     0.0000000000
73 C    -0.0040963012    -0.0088200075     0.0000000000
74 C    -0.0032509726    -0.0041350177     0.0000000000
75 C    -0.0016629600     0.0056912462     0.0000000000
76 C     0.0022154714    -0.0007861080     0.0000000000
77 C     0.0034413627    -0.0002769368    -0.0000000000
78 H     0.0056499336     0.0026325891     0.0000000000
79 H     0.0057719307    -0.0033283420    -0.0000000000
80 H     0.0055985343     0.0030098129     0.0000000000
81 H     0.0055290051    -0.0031120581    -0.0000000000
82 H     0.0055566075     0.0029539179     0.0000000000
83 H     0.0050570830    -0.0028727669     0.0000000000
84 H    -0.0050200003     0.0028179268     0.0000000000
85 H    -0.0055285237    -0.0029211836    -0.0000000000
86 H    -0.0055563455     0.0030127741     0.0000000000
87 H    -0.0054913193    -0.0030328476    -0.0000000000
88 H    -0.0055758803     0.0029364417     0.0000000000
89 H    -0.0050509333    -0.0028571523    -0.0000000000
90 H     0.0002833988     0.0058670606     0.0000000000
91 H    -0.0000139584     0.0059418701    -0.0000000000
92 H    -0.0000480381     0.0060023797    -0.0000000000
93 H     0.0001081663     0.0055255284     0.0000000000
94 H    -0.0001046895     0.0617951533    -0.0000000000
95 H    -0.0004541443     0.0052048283    -0.0000000000
96 H     0.0002764817    -0.0058657171     0.0000000000
97 H    -0.0000266867    -0.0059171754    -0.0000000000
98 H    -0.0000670507    -0.0059609695    -0.0000000000
99 H     0.0000490898    -0.0059808150     0.0000000000
100 H     0.0000292698    -0.0059398218     0.0000000000
101 H    -0.0002756774    -0.0058760522     0.0000000000
----------------------------------------------
cycle 1: E = -3001.32027594  dE = -3001.32  norm(grad) = 0.106608

Geometry optimization cycle 2
Cartesian coordinates (Angstrom)
 Atom        New coordinates             dX        dY        dZ
   C  -7.262324   5.016475   0.000000    0.075902 -0.026285  0.000000
   C  -7.308342   0.689713   0.000000    0.056886 -0.001426  0.000000
   C  -6.123150   2.876485   0.000000    0.050492 -0.012928  0.000000
   C  -4.853462   4.988230  -0.000000    0.056629 -0.031387 -0.000000
   C  -7.303084  -3.616836   0.000000    0.054968  0.025800  0.000000
   C  -6.128376  -1.419387   0.000000    0.045099  0.012398  0.000000
   C  -4.904643   0.712940  -0.000000    0.035425 -0.003748 -0.000000
   C  -3.665555   2.844499  -0.000000    0.029290 -0.015812 -0.000000
   C  -2.418345   4.973951  -0.000000    0.038879 -0.031764 -0.000000
   C  -6.091584  -5.689621   0.000000    0.046932  0.037625  0.000000
   C  -4.893138  -3.557448   0.000000    0.035076  0.022622  0.000000
   C  -3.672620  -1.415765  -0.000000    0.025549  0.009806 -0.000000
   C  -2.457580   0.712998  -0.000000    0.014199 -0.003542 -0.000000
   C  -1.223006   2.836247  -0.000000    0.007699 -0.015660 -0.000000
   C   0.022196   4.977508  -0.000000    0.022196 -0.025660 -0.000000
   C  -3.649597  -5.656321  -0.000000    0.029369  0.037732 -0.000000
   C  -2.450914  -3.537178  -0.000000    0.015101  0.023745 -0.000000
   C  -1.227094  -1.415980  -0.000000    0.005329  0.007227 -0.000000
   C  -0.008329   0.708664  -0.000000   -0.008329 -0.007145 -0.000000
   C   1.208519   2.823753  -0.000000   -0.022186 -0.028154 -0.000000
   C   2.406299   4.929648  -0.000000   -0.050924 -0.076067 -0.000000
   C  -1.216398  -5.649392  -0.000000    0.009936  0.035688 -0.000000
   C  -0.001154  -3.532457  -0.000000   -0.001154  0.024621 -0.000000
   C   1.219141  -1.415594  -0.000000   -0.013282  0.007613 -0.000000
   C   2.446690   0.708470  -0.000000   -0.025089 -0.008069 -0.000000
   C   3.661034   2.824640  -0.000000   -0.033811 -0.035672 -0.000000
   C   4.862559   4.954866  -0.000000   -0.047531 -0.064751 -0.000000
   C   1.215364  -5.647722  -0.000000   -0.010971  0.037358 -0.000000
   C   2.449558  -3.533958  -0.000000   -0.016457  0.026964 -0.000000
   C   3.669799  -1.411953  -0.000000   -0.028370  0.013618 -0.000000
   C   4.906566   0.717227  -0.000000   -0.033503  0.000538 -0.000000
   C   6.136193   2.884802   0.000000   -0.037449 -0.004611  0.000000
   C   7.223924   5.016499   0.000000   -0.114302 -0.026261  0.000000
   C   3.650012  -5.649689  -0.000000   -0.028954  0.044363 -0.000000
   C   4.893798  -3.549486  -0.000000   -0.034416  0.030585 -0.000000
   C   6.128011  -1.410864   0.000000   -0.045464  0.020921  0.000000
   C   7.310310   0.700363   0.000000   -0.054918  0.009224  0.000000
   C   6.092620  -5.678662   0.000000   -0.045896  0.048584  0.000000
   C   7.304764  -3.606580   0.000000   -0.053287  0.036055  0.000000
   C  -7.294097   3.623334   0.000000    0.063955 -0.019301  0.000000
   C  -6.072549   5.694163   0.000000    0.065966 -0.033083  0.000000
   C  -7.309620  -0.684125   0.000000    0.055608  0.007014  0.000000
   C  -6.126486   1.424422   0.000000    0.046989 -0.007363  0.000000
   C  -4.883874   3.560838  -0.000000    0.044340 -0.019233 -0.000000
   C  -3.627964   5.655456  -0.000000    0.051002 -0.038596 -0.000000
   C  -7.280775  -5.008063   0.000000    0.057451  0.034697  0.000000
   C  -6.129083  -2.871065   0.000000    0.044559  0.018348  0.000000
   C  -4.905369  -0.710081  -0.000000    0.034700  0.006608 -0.000000
   C  -3.671017   1.417690  -0.000000    0.027152 -0.007880 -0.000000
   C  -2.444880   3.541562  -0.000000    0.021135 -0.019361 -0.000000
   C  -1.185329   5.646267  -0.000000    0.041006 -0.038813 -0.000000
   C  -4.874824  -4.983686   0.000000    0.035266  0.035931  0.000000
   C  -3.668628  -2.841821  -0.000000    0.026217  0.018490 -0.000000
   C  -2.457549  -0.712198  -0.000000    0.014230  0.004342 -0.000000
   C  -1.225783   1.415535  -0.000000    0.006640 -0.007673 -0.000000
   C  -0.001819   3.540505  -0.000000   -0.001819 -0.016574 -0.000000
   C   1.258653   5.662121  -0.000000    0.032319 -0.022958 -0.000000
   C  -2.443295  -4.970849  -0.000000    0.013928  0.034866 -0.000000
   C  -1.222691  -2.833528  -0.000000    0.008014  0.018379 -0.000000
   C  -0.004371  -0.714150  -0.000000   -0.004371  0.001658 -0.000000
   C   1.217413   1.407689  -0.000000   -0.015009 -0.015518 -0.000000
   C   2.442517   3.508251  -0.000000   -0.023498 -0.052672 -0.000000
   N   3.628431   5.544426  -0.000000   -0.050535 -0.149627 -0.000000
   C  -0.001126  -4.969470  -0.000000   -0.001126  0.033698 -0.000000
   C   1.219818  -2.832573  -0.000000   -0.010886  0.019334 -0.000000
   C   2.450997  -0.714080  -0.000000   -0.020782  0.002460 -0.000000
   C   3.666395   1.411737  -0.000000   -0.031774 -0.013834 -0.000000
   C   4.893917   3.548533  -0.000000   -0.034297 -0.031537 -0.000000
   C   6.025808   5.705658   0.000000   -0.112707 -0.021588  0.000000
   C   2.441430  -4.967730  -0.000000   -0.015794  0.037985 -0.000000
   C   3.667373  -2.836981  -0.000000   -0.027472  0.023331 -0.000000
   C   4.904438  -0.704666  -0.000000   -0.035630  0.012023 -0.000000
   C   6.125783   1.433282   0.000000   -0.047692  0.001497  0.000000
   C   7.312039   3.638420   0.000000   -0.046012 -0.004215  0.000000
   C   4.874427  -4.975324  -0.000000   -0.035663  0.044293 -0.000000
   C   6.129602  -2.862460   0.000000   -0.044040  0.026954  0.000000
   C   7.309379  -0.672884   0.000000   -0.055849  0.018255  0.000000
   C   7.282294  -4.997616   0.000000   -0.055932  0.045143  0.000000
   H   8.144809   5.585199   0.000000   -0.137375 -0.006226  0.000000
   H   8.284534   3.169100   0.000000   -0.041207  0.027994  0.000000
   H   8.263002   1.209840   0.000000   -0.063713  0.005179  0.000000
   H   8.263233  -1.180228   0.000000   -0.063482  0.024434  0.000000
   H   8.264184  -3.109880   0.000000   -0.061556  0.031226  0.000000
   H   8.218210  -5.542418   0.000000   -0.063974  0.049006  0.000000
   H  -8.195808   5.565613   0.000000    0.086376 -0.025812  0.000000
   H  -8.255974   3.131274   0.000000    0.069767 -0.009832  0.000000
   H  -8.261280   1.198846   0.000000    0.065435 -0.005815  0.000000
   H  -8.263399  -1.191836   0.000000    0.063316  0.012825  0.000000
   H  -8.262743  -3.120626   0.000000    0.062998  0.020480  0.000000
   H  -8.216843  -5.552644   0.000000    0.065342  0.038780  0.000000
   H  -6.050381   6.777340   0.000000    0.066245 -0.042087  0.000000
   H  -3.620065   6.739690  -0.000000    0.052692 -0.047741 -0.000000
   H  -1.182359   6.730366  -0.000000    0.043221 -0.048042 -0.000000
   H   1.292672   6.746423  -0.000000    0.067092 -0.031984 -0.000000
   H   3.616931   6.542760  -0.000000   -0.055826 -0.244671 -0.000000
   H   5.981041   6.789146   0.000000   -0.135585 -0.030281  0.000000
   H  -6.070364  -6.772819   0.000000    0.046262  0.046607  0.000000
   H  -3.641519  -6.740591  -0.000000    0.031238  0.046840 -0.000000
   H  -1.214205  -6.733557  -0.000000    0.011375  0.044851 -0.000000
   H   1.214738  -6.731859  -0.000000   -0.010842  0.046549 -0.000000
   H   3.644286  -6.733941  -0.000000   -0.028471  0.053491 -0.000000
   H   6.072261  -6.761862   0.000000   -0.044364  0.057565  0.000000
converged SCF energy = -3001.33895594107
--------------- ROKS_Scanner gradients ---------------
         x                y                z
0 C     0.0015823020    -0.0024867462    -0.0000000000
1 C     0.0005700144    -0.0015095578     0.0000000000
2 C     0.0028210400    -0.0010461628     0.0000000000
3 C     0.0008559329     0.0011083133    -0.0000000000
4 C    -0.0003482777    -0.0008054552    -0.0000000000
5 C     0.0003078453    -0.0011247640     0.0000000000
6 C     0.0002816872    -0.0001265119     0.0000000000
7 C     0.0011939414    -0.0013013542    -0.0000000000
8 C     0.0054189774     0.0017755997    -0.0000000000
9 C     0.0000210146    -0.0003571916    -0.0000000000
10 C     0.0001296500     0.0010907598    -0.0000000000
11 C    -0.0008863953    -0.0006596480    -0.0000000000
12 C     0.0010845758    -0.0006812984    -0.0000000000
13 C    -0.0003297513    -0.0010473835    -0.0000000000
14 C     0.0138894379    -0.0016059152    -0.0000000000
15 C    -0.0019565310    -0.0000265628    -0.0000000000
16 C     0.0010546233     0.0004304489    -0.0000000000
17 C    -0.0009831844     0.0003663592    -0.0000000000
18 C     0.0004411422     0.0001595016    -0.0000000000
19 C    -0.0029209452     0.0030514841    -0.0000000000
20 C    -0.0133119068    -0.0062789073    -0.0000000000
21 C    -0.0015979197     0.0003489238    -0.0000000000
22 C     0.0003353576    -0.0006742229    -0.0000000000
23 C     0.0003559873     0.0002242992    -0.0000000000
24 C     0.0002639779    -0.0008702735     0.0000000000
25 C     0.0034514852    -0.0006196637     0.0000000000
26 C     0.0126719702     0.0043867689    -0.0000000000
27 C     0.0015007361     0.0004203557     0.0000000000
28 C    -0.0004283055     0.0000977776     0.0000000000
29 C     0.0016838391    -0.0006650068     0.0000000000
30 C     0.0002487515     0.0001650329     0.0000000000
31 C     0.0059106052     0.0059594285     0.0000000000
32 C    -0.0138814749    -0.0040006227    -0.0000000000
33 C     0.0021094585     0.0002312242     0.0000000000
34 C     0.0002915745     0.0012727021     0.0000000000
35 C     0.0001476199    -0.0010115050     0.0000000000
36 C    -0.0001977068    -0.0001934953     0.0000000000
37 C     0.0000593669     0.0002089264    -0.0000000000
38 C     0.0004942354    -0.0006928130     0.0000000000
39 C    -0.0016829553     0.0014360089     0.0000000000
40 C     0.0006219653    -0.0001657881     0.0000000000
41 C     0.0002481940     0.0012009766    -0.0000000000
42 C    -0.0001785126     0.0012799277    -0.0000000000
43 C    -0.0021229230     0.0000106676    -0.0000000000
44 C    -0.0018924426    -0.0014120188     0.0000000000
45 C     0.0016053072     0.0014025359     0.0000000000
46 C     0.0009791723     0.0007950277    -0.0000000000
47 C     0.0003443346     0.0000408718    -0.0000000000
48 C    -0.0014010240     0.0008312717    -0.0000000000
49 C    -0.0017921120     0.0000626406     0.0000000000
50 C    -0.0047778271    -0.0013231983     0.0000000000
51 C     0.0009360883    -0.0003977305     0.0000000000
52 C    -0.0008443759     0.0003008878     0.0000000000
53 C     0.0007751888     0.0005239666     0.0000000000
54 C    -0.0021413464     0.0006815706     0.0000000000
55 C    -0.0033293186     0.0010658141     0.0000000000
56 C    -0.0018663499     0.0089967482     0.0000000000
57 C     0.0019064852     0.0006847035     0.0000000000
58 C    -0.0004796709    -0.0003560630     0.0000000000
59 C     0.0006310687     0.0003715059     0.0000000000
60 C     0.0009948660    -0.0002026962    -0.0000000000
61 C     0.0053293433     0.0021957277    -0.0000000000
62 N    -0.0058026725    -0.0110605546     0.0000000000
63 C    -0.0002052702     0.0016202447     0.0000000000
64 C     0.0009719336    -0.0004371087     0.0000000000
65 C    -0.0008814391     0.0003295219    -0.0000000000
66 C     0.0001318049    -0.0010220238    -0.0000000000
67 C    -0.0085882838     0.0011174088    -0.0000000000
68 C     0.0035088444     0.0057174878     0.0000000000
69 C    -0.0026388159     0.0005239372    -0.0000000000
70 C     0.0004689117     0.0000468751    -0.0000000000
71 C    -0.0016082427     0.0000922836    -0.0000000000
72 C    -0.0015452502     0.0016887443    -0.0000000000
73 C     0.0063800680    -0.0053544758    -0.0000000000
74 C    -0.0017281817    -0.0005467755    -0.0000000000
75 C    -0.0010134693     0.0007790881    -0.0000000000
76 C    -0.0011684079     0.0011838936    -0.0000000000
77 C    -0.0015434259     0.0012922457     0.0000000000
78 H    -0.0012619486    -0.0013431140     0.0000000000
79 H     0.0003535039    -0.0004580879     0.0000000000
80 H    -0.0003015510    -0.0002950412    -0.0000000000
81 H    -0.0003738889     0.0002229087     0.0000000000
82 H    -0.0002797745    -0.0000023522    -0.0000000000
83 H    -0.0003702846     0.0002155990    -0.0000000000
84 H     0.0004327913    -0.0002415886    -0.0000000000
85 H     0.0003207064    -0.0001560184     0.0000000000
86 H     0.0004221762    -0.0001002679     0.0000000000
87 H     0.0003633517     0.0000199933     0.0000000000
88 H     0.0003302517     0.0000246409    -0.0000000000
89 H     0.0004149739     0.0001676965    -0.0000000000
90 H     0.0001676372    -0.0002887145    -0.0000000000
91 H     0.0004003946    -0.0004472532    -0.0000000000
92 H     0.0009678053    -0.0005529536     0.0000000000
93 H     0.0011225331     0.0011477004    -0.0000000000
94 H    -0.0000499628    -0.0075778696     0.0000000000
95 H    -0.0014622387     0.0010028147    -0.0000000000
96 H     0.0000882263     0.0001889871     0.0000000000
97 H     0.0002086736     0.0001748707     0.0000000000
98 H     0.0001459130     0.0001530094     0.0000000000
99 H    -0.0001763007     0.0001583493    -0.0000000000
100 H    -0.0002674760     0.0002170682     0.0000000000
101 H    -0.0001352375     0.0002575644     0.0000000000
----------------------------------------------
cycle 2: E = -3001.33895594  dE = -0.01868  norm(grad) = 0.0404888

Geometry optimization cycle 3
Cartesian coordinates (Angstrom)
 Atom        New coordinates             dX        dY        dZ
   C  -7.271328   5.023887   0.000000   -0.009004  0.007412  0.000000
   C  -7.309583   0.691330   0.000000   -0.001241  0.001617  0.000000
   C  -6.126447   2.877109   0.000000   -0.003297  0.000624  0.000000
   C  -4.859411   4.984249   0.000000   -0.005949 -0.003981  0.000000
   C  -7.304177  -3.618513   0.000000   -0.001093 -0.001677  0.000000
   C  -6.129989  -1.418987   0.000000   -0.001612  0.000400  0.000000
   C  -4.905700   0.711331   0.000000   -0.001056 -0.001610  0.000000
   C  -3.667522   2.841252  -0.000000   -0.001967 -0.003248  0.000000
   C  -2.428631   4.967749  -0.000000   -0.010287 -0.006202  0.000000
   C  -6.095734  -5.684878   0.000000   -0.004150  0.004744 -0.000000
   C  -4.895367  -3.558106   0.000000   -0.002228 -0.000658  0.000000
   C  -3.673353  -1.417539  -0.000000   -0.000734 -0.001775  0.000000
   C  -2.458503   0.709093  -0.000000   -0.000923 -0.003905  0.000000
   C  -1.224868   2.828105  -0.000000   -0.001862 -0.008143  0.000000
   C   0.001536   4.958930  -0.000000   -0.020660 -0.018578  0.000000
   C  -3.650337  -5.654727  -0.000000   -0.000740  0.001593 -0.000000
   C  -2.452923  -3.539016  -0.000000   -0.002009 -0.001838  0.000000
   C  -1.227028  -1.418341  -0.000000    0.000066 -0.002360  0.000000
   C  -0.007034   0.707489  -0.000000    0.001295 -0.001175  0.000000
   C   1.215768   2.828938  -0.000000    0.007249  0.005185  0.000000
   C   2.450791   4.963242  -0.000000    0.044491  0.033595  0.000000
   C  -1.214550  -5.649016  -0.000000    0.001848  0.000375 -0.000000
   C  -0.001946  -3.532866  -0.000000   -0.000792 -0.000408  0.000000
   C   1.218263  -1.415457  -0.000000   -0.000877  0.000137  0.000000
   C   2.443656   0.711355  -0.000000   -0.003034  0.002885  0.000000
   C   3.647903   2.828726  -0.000000   -0.013131  0.004086  0.000000
   C   4.850068   4.949836  -0.000000   -0.012491 -0.005029  0.000000
   C   1.218067  -5.645676  -0.000000    0.002703  0.002046 -0.000000
   C   2.449711  -3.532890  -0.000000    0.000153  0.001068  0.000000
   C   3.667930  -1.409824  -0.000000   -0.001869  0.002129  0.000000
   C   4.902385   0.717886  -0.000000   -0.004181  0.000660  0.000000
   C   6.118298   2.880754   0.000000   -0.017895 -0.004049 -0.000000
   C   7.272541   5.028721   0.000000    0.048617  0.012222 -0.000000
   C   3.654128  -5.646241  -0.000000    0.004117  0.003449 -0.000000
   C   4.893581  -3.549012  -0.000000   -0.000217  0.000473 -0.000000
   C   6.128033  -1.409519   0.000000    0.000021  0.001346 -0.000000
   C   7.308880   0.698715   0.000000   -0.001429 -0.001647 -0.000000
   C   6.099582  -5.674943   0.000000    0.006962  0.003719  0.000000
   C   7.303210  -3.606335   0.000000   -0.001554  0.000245  0.000000
   C  -7.291720   3.629573   0.000000    0.002377  0.006239  0.000000
   C  -6.077944   5.692376   0.000000   -0.005394 -0.001787  0.000000
   C  -7.309753  -0.682801   0.000000   -0.000134  0.001324  0.000000
   C  -6.127205   1.423428   0.000000   -0.000719 -0.000994  0.000000
   C  -4.884421   3.557690   0.000000   -0.000547 -0.003147  0.000000
   C  -3.634409   5.653013  -0.000000   -0.006445 -0.002443  0.000000
   C  -7.288106  -5.009911   0.000000   -0.007331 -0.001848 -0.000000
   C  -6.131722  -2.872106   0.000000   -0.002639 -0.001041  0.000000
   C  -4.906475  -0.711390   0.000000   -0.001107 -0.001309  0.000000
   C  -3.670674   1.414067  -0.000000    0.000342 -0.003623  0.000000
   C  -2.445656   3.535473  -0.000000   -0.000776 -0.006089  0.000000
   C  -1.193239   5.643086  -0.000000   -0.007910 -0.003181  0.000000
   C  -4.877260  -4.982447   0.000000   -0.002436  0.001240 -0.000000
   C  -3.669742  -2.843628  -0.000000   -0.001114 -0.001807  0.000000
   C  -2.458568  -0.715782  -0.000000   -0.001019 -0.003584  0.000000
   C  -1.224909   1.409143  -0.000000    0.000874 -0.006392  0.000000
   C  -0.003657   3.527651  -0.000000   -0.001839 -0.012853  0.000000
   C   1.259064   5.617769  -0.000000    0.000411 -0.044352  0.000000
   C  -2.444327  -4.972082  -0.000000   -0.001031 -0.001233 -0.000000
   C  -1.223656  -2.835194  -0.000000   -0.000965 -0.001666  0.000000
   C  -0.005138  -0.715486  -0.000000   -0.000767 -0.001336  0.000000
   C   1.217124   1.411749  -0.000000   -0.000290  0.004060  0.000000
   C   2.443792   3.531064  -0.000000    0.001275  0.022813  0.000000
   N   3.658059   5.614106  -0.000000    0.029627  0.069680  0.000000
   C   0.000762  -4.970360  -0.000000    0.001888 -0.000890 -0.000000
   C   1.218438  -2.832077  -0.000000   -0.001381  0.000496  0.000000
   C   2.449886  -0.712230  -0.000000   -0.001111  0.001850  0.000000
   C   3.661631   1.415894  -0.000000   -0.004764  0.004157  0.000000
   C   4.883253   3.546274  -0.000000   -0.010664 -0.002259  0.000000
   C   6.038191   5.659014   0.000000    0.012383 -0.046644 -0.000000
   C   2.446429  -4.966468  -0.000000    0.004999  0.001262 -0.000000
   C   3.666540  -2.835433  -0.000000   -0.000833  0.001547  0.000000
   C   4.904329  -0.703730  -0.000000   -0.000109  0.000936  0.000000
   C   6.123122   1.428744   0.000000   -0.002661 -0.004538  0.000000
   C   7.286752   3.650700   0.000000   -0.025287  0.012280 -0.000000
   C   4.880585  -4.973411  -0.000000    0.006157  0.001913 -0.000000
   C   6.129217  -2.862199   0.000000   -0.000386  0.000261  0.000000
   C   7.310787  -0.674440   0.000000    0.001408 -0.001557 -0.000000
   C   7.290656  -4.997561   0.000000    0.008362  0.000055 -0.000000
   H   8.193510   5.598898   0.000000    0.048701  0.013699 -0.000000
   H   8.248410   3.164057   0.000000   -0.036124 -0.005043 -0.000000
   H   8.259422   1.210388   0.000000   -0.003580  0.000548 -0.000000
   H   8.263869  -1.181494   0.000000    0.000636 -0.001266 -0.000000
   H   8.260405  -3.107590   0.000000   -0.003780  0.002290  0.000000
   H   8.227091  -5.540040   0.000000    0.008881  0.002379  0.000000
   H  -8.204545   5.572248   0.000000   -0.008737  0.006635  0.000000
   H  -8.252752   3.138204   0.000000    0.003221  0.006931  0.000000
   H  -8.261841   1.199971   0.000000   -0.000561  0.001124  0.000000
   H  -8.263228  -1.189103   0.000000    0.000171  0.002733  0.000000
   H  -8.262541  -3.121965   0.000000    0.000202 -0.001339  0.000000
   H  -8.223485  -5.554289   0.000000   -0.006643 -0.001644 -0.000000
   H  -6.052210   6.774567   0.000000   -0.001829 -0.002773 -0.000000
   H  -3.627305   6.736523  -0.000000   -0.007240 -0.003167  0.000000
   H  -1.188441   6.726566  -0.000000   -0.006082 -0.003800  0.000000
   H   1.263757   6.699957  -0.000000   -0.028915 -0.046466  0.000000
   H   3.664115   6.608529  -0.000000    0.047184  0.065770  0.000000
   H   5.993689   6.740095   0.000000    0.012648 -0.049051 -0.000000
   H  -6.073812  -6.767035   0.000000   -0.003448  0.005784 -0.000000
   H  -3.643840  -6.737952  -0.000000   -0.002321  0.002640 -0.000000
   H  -1.212457  -6.732090  -0.000000    0.001748  0.001467 -0.000000
   H   1.218823  -6.728724  -0.000000    0.004085  0.003135 -0.000000
   H   3.649506  -6.729488  -0.000000    0.005220  0.004453 -0.000000
   H   6.079395  -6.757200   0.000000    0.007134  0.004662 -0.000000
converged SCF energy = -3001.33900729414
--------------- ROKS_Scanner gradients ---------------
         x                y                z
0 C    -0.0017647720     0.0005373587     0.0000000000
1 C    -0.0001642612    -0.0003573413     0.0000000000
2 C    -0.0001358338    -0.0008193500     0.0000000000
3 C     0.0003556723     0.0001605921     0.0000000000
4 C     0.0013494836    -0.0011193743    -0.0000000000
5 C     0.0002927807     0.0000033406     0.0000000000
6 C    -0.0001840341    -0.0000681738    -0.0000000000
7 C    -0.0001701692    -0.0000368801    -0.0000000000
8 C     0.0008779869    -0.0004274528     0.0000000000
9 C    -0.0001419837     0.0020624877    -0.0000000000
10 C    -0.0002248953     0.0001318324     0.0000000000
11 C    -0.0002791712    -0.0001511301    -0.0000000000
12 C     0.0002459007     0.0001207436    -0.0000000000
13 C    -0.0009528555     0.0006736689    -0.0000000000
14 C    -0.0039822822     0.0003612649     0.0000000000
15 C    -0.0003101041     0.0007391128     0.0000000000
16 C     0.0000666022    -0.0001581905     0.0000000000
17 C    -0.0001971152    -0.0001601214    -0.0000000000
18 C     0.0006529425    -0.0007801485    -0.0000000000
19 C     0.0015441042    -0.0019406690     0.0000000000
20 C     0.0126878038     0.0038836586    -0.0000000000
21 C    -0.0003268062     0.0004642485    -0.0000000000
22 C    -0.0002006671    -0.0004665379    -0.0000000000
23 C    -0.0000767219     0.0004275702    -0.0000000000
24 C    -0.0009623883     0.0010122168    -0.0000000000
25 C    -0.0009405413     0.0022491132     0.0000000000
26 C    -0.0132253463    -0.0023946857    -0.0000000000
27 C     0.0002365114     0.0007207685    -0.0000000000
28 C    -0.0005418871    -0.0001630993     0.0000000000
29 C     0.0002810832     0.0001463407    -0.0000000000
30 C    -0.0002251744     0.0002305747    -0.0000000000
31 C    -0.0003689275    -0.0040595077    -0.0000000000
32 C     0.0138006862     0.0082696457     0.0000000000
33 C     0.0004236169     0.0011316258     0.0000000000
34 C    -0.0004425492    -0.0000776660     0.0000000000
35 C    -0.0000460555     0.0001897379    -0.0000000000
36 C    -0.0002780833    -0.0007553716     0.0000000000
37 C     0.0002656098     0.0016228315     0.0000000000
38 C    -0.0015067641    -0.0009602170    -0.0000000000
39 C     0.0022591064     0.0022740287    -0.0000000000
40 C     0.0002481120    -0.0017910247    -0.0000000000
41 C     0.0006810562     0.0009468093    -0.0000000000
42 C     0.0009024221    -0.0003407048    -0.0000000000
43 C    -0.0001580571    -0.0005571917    -0.0000000000
44 C    -0.0005506557     0.0001752473    -0.0000000000
45 C    -0.0009380838    -0.0004722038     0.0000000000
46 C     0.0000918107     0.0002774484    -0.0000000000
47 C     0.0001354352    -0.0000008745    -0.0000000000
48 C     0.0000276049     0.0001909350     0.0000000000
49 C     0.0002351394    -0.0009258956    -0.0000000000
50 C    -0.0022744770     0.0012189262    -0.0000000000
51 C     0.0007262437    -0.0004866047    -0.0000000000
52 C    -0.0001780338    -0.0000698642    -0.0000000000
53 C     0.0004758742    -0.0001535208     0.0000000000
54 C     0.0006861728    -0.0001636813     0.0000000000
55 C     0.0019600562    -0.0005810203    -0.0000000000
56 C    -0.0009127869    -0.0119773398    -0.0000000000
57 C     0.0003798868     0.0000387425    -0.0000000000
58 C    -0.0003384470    -0.0001239414    -0.0000000000
59 C    -0.0004497627    -0.0000210431     0.0000000000
60 C    -0.0018955277    -0.0000179977     0.0000000000
61 C    -0.0066507243     0.0047029451    -0.0000000000
62 N     0.0065265594     0.0171839028     0.0000000000
63 C     0.0001445868     0.0002570446     0.0000000000
64 C     0.0001429298     0.0001259583    -0.0000000000
65 C    -0.0001250258     0.0001361785     0.0000000000
66 C     0.0012768103    -0.0000807782     0.0000000000
67 C     0.0029454572     0.0004735939     0.0000000000
68 C    -0.0036601288    -0.0143656858     0.0000000000
69 C     0.0001037151    -0.0003323523    -0.0000000000
70 C     0.0003620930     0.0001966052     0.0000000000
71 C     0.0002571724    -0.0001171287     0.0000000000
72 C    -0.0001278613    -0.0011476640     0.0000000000
73 C    -0.0119029827     0.0050064120    -0.0000000000
74 C     0.0001560481    -0.0006722470    -0.0000000000
75 C    -0.0002478338     0.0002697764     0.0000000000
76 C     0.0002537877     0.0003924455     0.0000000000
77 C     0.0008758828    -0.0004361773     0.0000000000
78 H     0.0012768015     0.0004219158     0.0000000000
79 H    -0.0019163078     0.0025216301     0.0000000000
80 H    -0.0007949042    -0.0006836513    -0.0000000000
81 H    -0.0007798121     0.0003974568     0.0000000000
82 H    -0.0009975905    -0.0005586100     0.0000000000
83 H    -0.0006183084     0.0003049266     0.0000000000
84 H     0.0005739098    -0.0001148143    -0.0000000000
85 H     0.0012027654     0.0007002379     0.0000000000
86 H     0.0008637558    -0.0004702559    -0.0000000000
87 H     0.0009353990     0.0005237623     0.0000000000
88 H     0.0010173374    -0.0006312390     0.0000000000
89 H     0.0005791096     0.0003307388    -0.0000000000
90 H    -0.0002752554    -0.0010766252     0.0000000000
91 H     0.0000395492    -0.0007986992     0.0000000000
92 H     0.0002436242    -0.0006362086     0.0000000000
93 H     0.0011317680    -0.0030239704     0.0000000000
94 H     0.0000085085    -0.0096643236    -0.0000000000
95 H     0.0004029304    -0.0029534332    -0.0000000000
96 H    -0.0000768818     0.0011311849     0.0000000000
97 H     0.0001797724     0.0009825811    -0.0000000000
98 H     0.0001424093     0.0009682211     0.0000000000
99 H    -0.0000830381     0.0009930064     0.0000000000
100 H    -0.0000784919     0.0010046326    -0.0000000000
101 H     0.0001495236     0.0010413453    -0.0000000000
----------------------------------------------
cycle 3: E = -3001.33900729  dE = -5.13531e-05  norm(grad) = 0.0426152

Geometry optimization cycle 4
Cartesian coordinates (Angstrom)
 Atom        New coordinates             dX        dY        dZ
   C  -7.275536   5.021294   0.000000   -0.004209 -0.002592  0.000000
   C  -7.315232   0.690365   0.000000   -0.005650 -0.000965  0.000000
   C  -6.131258   2.878058   0.000000   -0.004811  0.000948  0.000000
   C  -4.864349   4.988681   0.000000   -0.004939  0.004432  0.000000
   C  -7.310931  -3.619377   0.000000   -0.006754 -0.000865 -0.000000
   C  -6.134725  -1.420026   0.000000   -0.004736 -0.001040  0.000000
   C  -4.908880   0.712401   0.000000   -0.003180  0.001070  0.000000
   C  -3.669614   2.844820  -0.000000   -0.002092  0.003568  0.000000
   C  -2.431582   4.972692  -0.000000   -0.002951  0.004942  0.000000
   C  -6.100018  -5.691322   0.000000   -0.004285 -0.006444 -0.000000
   C  -4.899098  -3.560669   0.000000   -0.003731 -0.002563 -0.000000
   C  -3.675518  -1.417483  -0.000000   -0.002165  0.000056  0.000000
   C  -2.459164   0.711711  -0.000000   -0.000661  0.002618  0.000000
   C  -1.222959   2.833881  -0.000000    0.001909  0.005776  0.000000
   C   0.004492   4.970419  -0.000000    0.002956  0.011489  0.000000
   C  -3.653582  -5.658989  -0.000000   -0.003245 -0.004262 -0.000000
   C  -2.454496  -3.540687  -0.000000   -0.001573 -0.001671  0.000000
   C  -1.226938  -1.417795  -0.000000    0.000090  0.000545  0.000000
   C  -0.005487   0.709812  -0.000000    0.001547  0.002323  0.000000
   C   1.218286   2.831381  -0.000000    0.002518  0.002443  0.000000
   C   2.438961   4.962223  -0.000000   -0.011830 -0.001019  0.000000
   C  -1.216349  -5.652836  -0.000000   -0.001799 -0.003820  0.000000
   C  -0.001593  -3.534882  -0.000000    0.000353 -0.002017  0.000000
   C   1.220450  -1.416189  -0.000000    0.002187 -0.000732  0.000000
   C   2.448720   0.711877  -0.000000    0.005064  0.000522  0.000000
   C   3.658402   2.832015  -0.000000    0.010498  0.003289  0.000000
   C   4.861132   4.962672  -0.000000    0.011064  0.012836  0.000000
   C   1.217721  -5.650582  -0.000000   -0.000345 -0.004906  0.000000
   C   2.452143  -3.536159  -0.000000    0.002433 -0.003269  0.000000
   C   3.671887  -1.412010  -0.000000    0.003957 -0.002186  0.000000
   C   4.908290   0.717585  -0.000000    0.005906 -0.000301  0.000000
   C   6.130213   2.882300   0.000000    0.011915  0.001546 -0.000000
   C   7.258983   5.020822   0.000000   -0.013558 -0.007898 -0.000000
   C   3.655045  -5.652676  -0.000000    0.000917 -0.006436 -0.000000
   C   4.898414  -3.553292  -0.000000    0.004833 -0.004279 -0.000000
   C   6.133813  -1.412478   0.000000    0.005780 -0.002959 -0.000000
   C   7.315833   0.697884   0.000000    0.006953 -0.000831 -0.000000
   C   6.101331  -5.682994   0.000000    0.001749 -0.008051 -0.000000
   C   7.310881  -3.610807   0.000000    0.007671 -0.004472 -0.000000
   C  -7.300701   3.625697   0.000000   -0.008982 -0.003876  0.000000
   C  -6.084312   5.696464   0.000000   -0.006368  0.004088  0.000000
   C  -7.316518  -0.685013   0.000000   -0.006765 -0.002212 -0.000000
   C  -6.132207   1.423725   0.000000   -0.005002  0.000298  0.000000
   C  -4.888588   3.561009   0.000000   -0.004168  0.003319  0.000000
   C  -3.638380   5.658242  -0.000000   -0.003972  0.005228  0.000000
   C  -7.291428  -5.012069   0.000000   -0.003322 -0.002158 -0.000000
   C  -6.136536  -2.873969   0.000000   -0.004814 -0.001863 -0.000000
   C  -4.910105  -0.711385   0.000000   -0.003630  0.000004  0.000000
   C  -3.672897   1.416405  -0.000000   -0.002222  0.002338  0.000000
   C  -2.446535   3.539891  -0.000000   -0.000879  0.004418  0.000000
   C  -1.194962   5.647945  -0.000000   -0.001723  0.004859  0.000000
   C  -4.881586  -4.986498   0.000000   -0.004326 -0.004051 -0.000000
   C  -3.672386  -2.844962  -0.000000   -0.002644 -0.001334  0.000000
   C  -2.459739  -0.714561  -0.000000   -0.001171  0.001221  0.000000
   C  -1.224358   1.413103  -0.000000    0.000551  0.003960  0.000000
   C  -0.000643   3.535442  -0.000000    0.003014  0.007790  0.000000
   C   1.256751   5.640578  -0.000000   -0.002313  0.022809  0.000000
   C  -2.446812  -4.975205  -0.000000   -0.002485 -0.003123  0.000000
   C  -1.224049  -2.836095  -0.000000   -0.000394 -0.000901  0.000000
   C  -0.003734  -0.714651  -0.000000    0.001405  0.000835  0.000000
   C   1.220790   1.413119  -0.000000    0.003666  0.001370  0.000000
   C   2.449111   3.528792  -0.000000    0.005319 -0.002272  0.000000
   N   3.651907   5.606252  -0.000000   -0.006152 -0.007853  0.000000
   C  -0.000014  -4.973920  -0.000000   -0.000776 -0.003560  0.000000
   C   1.220116  -2.834122  -0.000000    0.001679 -0.002045  0.000000
   C   2.453517  -0.712987  -0.000000    0.003631 -0.000757  0.000000
   C   3.667661   1.417386  -0.000000    0.006030  0.001492  0.000000
   C   4.894923   3.553553  -0.000000    0.011670  0.007279  0.000000
   C   6.043192   5.687572   0.000000    0.005001  0.028558 -0.000000
   C   2.447061  -4.971087  -0.000000    0.000633 -0.004619  0.000000
   C   3.670368  -2.838859  -0.000000    0.003829 -0.003426  0.000000
   C   4.909407  -0.705473  -0.000000    0.005078 -0.001743  0.000000
   C   6.129922   1.429461   0.000000    0.006800  0.000717 -0.000000
   C   7.305869   3.641787   0.000000    0.019116 -0.008913 -0.000000
   C   4.882478  -4.979125  -0.000000    0.001894 -0.005714 -0.000000
   C   6.135707  -2.866359   0.000000    0.006491 -0.004160 -0.000000
   C   7.317232  -0.676536   0.000000    0.006445 -0.002096 -0.000000
   C   7.292573  -5.003261   0.000000    0.001917 -0.005700 -0.000000
   H   8.180982   5.588728   0.000000   -0.012528 -0.010170 -0.000000
   H   8.271696   3.158730   0.000000    0.023286 -0.005327 -0.000000
   H   8.267371   1.209886   0.000000    0.007949 -0.000502 -0.000000
   H   8.271120  -1.184079   0.000000    0.007251 -0.002585 -0.000000
   H   8.269984  -3.113369   0.000000    0.009579 -0.005779 -0.000000
   H   8.229018  -5.547311   0.000000    0.001927 -0.007271 -0.000000
   H  -8.210023   5.568905   0.000000   -0.005478 -0.003344 -0.000000
   H  -8.262521   3.133143   0.000000   -0.009768 -0.005061 -0.000000
   H  -8.268311   1.199608   0.000000   -0.006470 -0.000363 -0.000000
   H  -8.270742  -1.192147   0.000000   -0.007514 -0.003044 -0.000000
   H  -8.270501  -3.122710   0.000000   -0.007960 -0.000746 -0.000000
   H  -8.227674  -5.556518   0.000000   -0.004189 -0.002229 -0.000000
   H  -6.061175   6.779752   0.000000   -0.008965  0.005185  0.000000
   H  -3.631684   6.742632  -0.000000   -0.004379  0.006109  0.000000
   H  -1.193893   6.732223  -0.000000   -0.005452  0.005657  0.000000
   H   1.264161   6.724864  -0.000000    0.000404  0.024907  0.000000
   H   3.651469   6.610968  -0.000000   -0.012646  0.002439  0.000000
   H   6.007886   6.771063   0.000000    0.014198  0.030968 -0.000000
   H  -6.078818  -6.774554   0.000000   -0.005006 -0.007519 -0.000000
   H  -3.647166  -6.743182  -0.000000   -0.003326 -0.005231 -0.000000
   H  -1.214821  -6.736871  -0.000000   -0.002365 -0.004781 -0.000000
   H   1.218248  -6.734608  -0.000000   -0.000575 -0.005884 -0.000000
   H   3.650180  -6.736910  -0.000000    0.000674 -0.007422 -0.000000
   H   6.080838  -6.766257   0.000000    0.001443 -0.009057 -0.000000
converged SCF energy = -3001.34152536828
--------------- ROKS_Scanner gradients ---------------
         x                y                z
0 C    -0.0003361676    -0.0003235032     0.0000000000
1 C    -0.0001851646    -0.0001837953     0.0000000000
2 C     0.0003260059    -0.0002152701     0.0000000000
3 C    -0.0000323774    -0.0000020942     0.0000000000
4 C    -0.0000835399    -0.0001497741    -0.0000000000
5 C     0.0001688707    -0.0001780628    -0.0000000000
6 C     0.0000316694     0.0000869325    -0.0000000000
7 C    -0.0000012929     0.0000662223    -0.0000000000
8 C     0.0003458459    -0.0002691758     0.0000000000
9 C     0.0000058967     0.0000912472     0.0000000000
10 C     0.0000541413     0.0001606768    -0.0000000000
11 C    -0.0001273319    -0.0001265513    -0.0000000000
12 C     0.0003520052    -0.0000226103    -0.0000000000
13 C    -0.0004568658     0.0004140846     0.0000000000
14 C    -0.0008850072     0.0004334827     0.0000000000
15 C    -0.0004934423     0.0001122996     0.0000000000
16 C     0.0002232982    -0.0000999382    -0.0000000000
17 C    -0.0000655300     0.0000140520    -0.0000000000
18 C     0.0005354918    -0.0004056157     0.0000000000
19 C     0.0009298644    -0.0005806317     0.0000000000
20 C     0.0050959211     0.0004957215     0.0000000000
21 C    -0.0003560871     0.0001226410    -0.0000000000
22 C    -0.0000647179    -0.0003604207     0.0000000000
23 C     0.0000960014     0.0001833921     0.0000000000
24 C    -0.0003163931     0.0001686503     0.0000000000
25 C     0.0001563467     0.0006071963     0.0000000000
26 C    -0.0035104262    -0.0013543779     0.0000000000
27 C     0.0003399796     0.0001951921     0.0000000000
28 C    -0.0003738074    -0.0000705729     0.0000000000
29 C     0.0001609549    -0.0000150518     0.0000000000
30 C    -0.0003379127     0.0002465072     0.0000000000
31 C     0.0006117089    -0.0010592336     0.0000000000
32 C     0.0018528299     0.0018156888    -0.0000000000
33 C     0.0004848898     0.0002043415     0.0000000000
34 C    -0.0001420255     0.0001589841    -0.0000000000
35 C    -0.0000027279    -0.0002235081    -0.0000000000
36 C    -0.0000936667    -0.0002512120    -0.0000000000
37 C     0.0000237942     0.0000651453     0.0000000000
38 C     0.0000273644    -0.0002218597    -0.0000000000
39 C    -0.0000952091     0.0004781527    -0.0000000000
40 C     0.0003652314     0.0001946555    -0.0000000000
41 C    -0.0002005403     0.0001661623    -0.0000000000
42 C     0.0001737063     0.0002244588    -0.0000000000
43 C    -0.0000881241    -0.0002995624    -0.0000000000
44 C    -0.0005096046     0.0006053711    -0.0000000000
45 C    -0.0001571157     0.0000268383     0.0000000000
46 C     0.0000337280     0.0001609702     0.0000000000
47 C     0.0000197072     0.0000057083     0.0000000000
48 C    -0.0000586311     0.0002206850     0.0000000000
49 C     0.0005531624    -0.0005925702    -0.0000000000
50 C    -0.0017073483     0.0005222181    -0.0000000000
51 C     0.0001314590    -0.0002645839    -0.0000000000
52 C    -0.0002630369     0.0000393790     0.0000000000
53 C     0.0002481502     0.0000165023     0.0000000000
54 C     0.0000272378     0.0000260467    -0.0000000000
55 C     0.0010075587    -0.0004365636    -0.0000000000
56 C    -0.0020024759    -0.0036688132    -0.0000000000
57 C     0.0003365959    -0.0000115592    -0.0000000000
58 C    -0.0003251543    -0.0000684472     0.0000000000
59 C    -0.0002419889     0.0001027278    -0.0000000000
60 C    -0.0006565829     0.0000521205    -0.0000000000
61 C    -0.0022314073     0.0015251748    -0.0000000000
62 N     0.0016218243     0.0045229253    -0.0000000000
63 C     0.0000542756     0.0001652810    -0.0000000000
64 C     0.0001376577     0.0000040121    -0.0000000000
65 C    -0.0002447596     0.0001517385    -0.0000000000
66 C     0.0003750097     0.0000291044    -0.0000000000
67 C     0.0004928993    -0.0003769530    -0.0000000000
68 C    -0.0004672244    -0.0019492547    -0.0000000000
69 C    -0.0001994370    -0.0001816616    -0.0000000000
70 C     0.0003198742     0.0000973825    -0.0000000000
71 C     0.0001783558    -0.0000928392    -0.0000000000
72 C     0.0003811037    -0.0001473266     0.0000000000
73 C    -0.0022297418    -0.0002874979    -0.0000000000
74 C    -0.0000321602    -0.0003839156    -0.0000000000
75 C     0.0000041610     0.0001529954    -0.0000000000
76 C     0.0003118393     0.0000340284     0.0000000000
77 C     0.0001666606     0.0000430464     0.0000000000
78 H     0.0000100510    -0.0002456697     0.0000000000
79 H    -0.0001617453     0.0003605601     0.0000000000
80 H    -0.0001947987    -0.0001372358     0.0000000000
81 H    -0.0002109760     0.0000974871    -0.0000000000
82 H    -0.0002545586    -0.0001013675     0.0000000000
83 H    -0.0002283629     0.0001012878    -0.0000000000
84 H     0.0002643257    -0.0000520139    -0.0000000000
85 H     0.0002387092     0.0000385096     0.0000000000
86 H     0.0002279692    -0.0001014221    -0.0000000000
87 H     0.0002169452     0.0000868952     0.0000000000
88 H     0.0002333395    -0.0000845451     0.0000000000
89 H     0.0002198849     0.0001147269    -0.0000000000
90 H    -0.0000793527    -0.0002159042     0.0000000000
91 H     0.0000116521    -0.0001828137     0.0000000000
92 H     0.0001815417    -0.0002192633     0.0000000000
93 H     0.0005326798    -0.0007438705    -0.0000000000
94 H    -0.0000257612    -0.0004096312     0.0000000000
95 H    -0.0002216020    -0.0002824809    -0.0000000000
96 H    -0.0000011327     0.0002517501    -0.0000000000
97 H     0.0001036240     0.0002892361    -0.0000000000
98 H     0.0000866908     0.0002906955     0.0000000000
99 H    -0.0000694229     0.0002858544     0.0000000000
100 H    -0.0000848201     0.0002685603    -0.0000000000
101 H     0.0000189319     0.0002387558    -0.0000000000
----------------------------------------------
cycle 4: E = -3001.34152537  dE = -0.00251807  norm(grad) = 0.0110892

Geometry optimization cycle 5
Cartesian coordinates (Angstrom)
 Atom        New coordinates             dX        dY        dZ
   C  -7.278064   5.025264   0.000000   -0.002527  0.003970  0.000000
   C  -7.317509   0.690788   0.000000   -0.002277  0.000423 -0.000000
   C  -6.133555   2.879207   0.000000   -0.002297  0.001149  0.000000
   C  -4.864098   4.989647   0.000000    0.000251  0.000966  0.000000
   C  -7.311190  -3.622337   0.000000   -0.000259 -0.002960 -0.000000
   C  -6.136204  -1.421014   0.000000   -0.001479 -0.000988 -0.000000
   C  -4.910912   0.712218   0.000000   -0.002033 -0.000183 -0.000000
   C  -3.671023   2.845703   0.000000   -0.001409  0.000884  0.000000
   C  -2.428889   4.974986   0.000000    0.002694  0.002295  0.000000
   C  -6.100287  -5.693063  -0.000000   -0.000269 -0.001742 -0.000000
   C  -4.899379  -3.562138  -0.000000   -0.000281 -0.001470 -0.000000
   C  -3.676454  -1.418017  -0.000000   -0.000936 -0.000534 -0.000000
   C  -2.460973   0.712260  -0.000000   -0.001808  0.000548  0.000000
   C  -1.223741   2.836410  -0.000000   -0.000782  0.002529  0.000000
   C   0.010368   4.977147  -0.000000    0.005876  0.006728  0.000000
   C  -3.653254  -5.661464  -0.000000    0.000328 -0.002475 -0.000000
   C  -2.454632  -3.541979  -0.000000   -0.000136 -0.001292 -0.000000
   C  -1.227786  -1.418369  -0.000000   -0.000848 -0.000574  0.000000
   C  -0.007666   0.709807  -0.000000   -0.002179 -0.000006  0.000000
   C   1.214376   2.830115  -0.000000   -0.003910 -0.001266  0.000000
   C   2.428055   4.955900  -0.000000   -0.010906 -0.006323 -0.000000
   C  -1.216172  -5.655455  -0.000000    0.000177 -0.002619  0.000000
   C  -0.001541  -3.536281  -0.000000    0.000052 -0.001399  0.000000
   C   1.219847  -1.417325  -0.000000   -0.000603 -0.001136  0.000000
   C   2.448407   0.710768  -0.000000   -0.000313 -0.001109  0.000000
   C   3.659141   2.830767  -0.000000    0.000739 -0.001247 -0.000000
   C   4.868471   4.964234  -0.000000    0.007340  0.001562 -0.000000
   C   1.217744  -5.653274  -0.000000    0.000023 -0.002691  0.000000
   C   2.452455  -3.537506  -0.000000    0.000312 -0.001346  0.000000
   C   3.671747  -1.412617  -0.000000   -0.000139 -0.000607  0.000000
   C   4.908933   0.718106  -0.000000    0.000642  0.000520 -0.000000
   C   6.131503   2.886067  -0.000000    0.001289  0.003767 -0.000000
   C   7.265928   5.026264  -0.000000    0.006945  0.005442 -0.000000
   C   3.655307  -5.654442  -0.000000    0.000262 -0.001766  0.000000
   C   4.898805  -3.553477   0.000000    0.000391 -0.000185  0.000000
   C   6.133877  -1.411186   0.000000    0.000064  0.001292  0.000000
   C   7.316222   0.701273   0.000000    0.000389  0.003388 -0.000000
   C   6.102271  -5.682618   0.000000    0.000939  0.000376  0.000000
   C   7.311373  -3.610245   0.000000    0.000492  0.000562  0.000000
   C  -7.301739   3.629102   0.000000   -0.001037  0.003405  0.000000
   C  -6.084814   5.697042   0.000000   -0.000503  0.000578  0.000000
   C  -7.317560  -0.684999   0.000000   -0.001042  0.000014 -0.000000
   C  -6.134363   1.424134   0.000000   -0.002156  0.000409 -0.000000
   C  -4.890155   3.562013   0.000000   -0.001567  0.001004  0.000000
   C  -3.636859   5.658041   0.000000    0.001521 -0.000200  0.000000
   C  -7.292885  -5.015409   0.000000   -0.001457 -0.003340 -0.000000
   C  -6.137313  -2.875611   0.000000   -0.000777 -0.001642 -0.000000
   C  -4.911454  -0.711999  -0.000000   -0.001349 -0.000614 -0.000000
   C  -3.674816   1.416761  -0.000000   -0.001919  0.000355 -0.000000
   C  -2.448054   3.542279  -0.000000   -0.001518  0.002388  0.000000
   C  -1.191000   5.649756  -0.000000    0.003961  0.001811  0.000000
   C  -4.881442  -4.988246  -0.000000    0.000144 -0.001748 -0.000000
   C  -3.672517  -2.845974  -0.000000   -0.000131 -0.001012 -0.000000
   C  -2.460881  -0.714576  -0.000000   -0.001142 -0.000015 -0.000000
   C  -1.226032   1.414639  -0.000000   -0.001674  0.001536  0.000000
   C  -0.001705   3.540146  -0.000000   -0.001062  0.004704  0.000000
   C   1.259065   5.655696  -0.000000    0.002314  0.015118  0.000000
   C  -2.446745  -4.977103  -0.000000    0.000067 -0.001898 -0.000000
   C  -1.223949  -2.837086  -0.000000    0.000100 -0.000990  0.000000
   C  -0.004468  -0.715212  -0.000000   -0.000734 -0.000561  0.000000
   C   1.219582   1.411807  -0.000000   -0.001208 -0.001312  0.000000
   C   2.447133   3.523036  -0.000000   -0.001978 -0.005756 -0.000000
   N   3.647463   5.587823  -0.000000   -0.004443 -0.018430 -0.000000
   C   0.000039  -4.976078  -0.000000    0.000053 -0.002158  0.000000
   C   1.220093  -2.835470  -0.000000   -0.000023 -0.001348  0.000000
   C   2.453228  -0.714169  -0.000000   -0.000289 -0.001181  0.000000
   C   3.667529   1.416326  -0.000000   -0.000133 -0.001060  0.000000
   C   4.895697   3.555329  -0.000000    0.000774  0.001776 -0.000000
   C   6.049620   5.692644  -0.000000    0.006428  0.005072 -0.000000
   C   2.447120  -4.972797  -0.000000    0.000059 -0.001710  0.000000
   C   3.670271  -2.839636  -0.000000   -0.000097 -0.000777  0.000000
   C   4.909030  -0.705019   0.000000   -0.000377  0.000454  0.000000
   C   6.129692   1.432441   0.000000   -0.000230  0.002980 -0.000000
   C   7.307967   3.647032   0.000000    0.002099  0.005245 -0.000000
   C   4.882650  -4.979375   0.000000    0.000171 -0.000250  0.000000
   C   6.135997  -2.865686   0.000000    0.000290  0.000673  0.000000
   C   7.316637  -0.673669   0.000000   -0.000595  0.002867 -0.000000
   C   7.294090  -5.003186   0.000000    0.001517  0.000075  0.000000
   H   8.188639   5.594335  -0.000000    0.007657  0.005607 -0.000000
   H   8.272999   3.162009   0.000000    0.001303  0.003278 -0.000000
   H   8.268193   1.213347   0.000000    0.000822  0.003461 -0.000000
   H   8.271073  -1.181114   0.000000   -0.000047  0.002965 -0.000000
   H   8.270821  -3.112484   0.000000    0.000837  0.000885  0.000000
   H   8.231146  -5.547167   0.000000    0.002128  0.000144  0.000000
   H  -8.212789   5.573520   0.000000   -0.002766  0.004615  0.000000
   H  -8.264376   3.137438   0.000000   -0.001855  0.004294  0.000000
   H  -8.271275   1.199692   0.000000   -0.002963  0.000085 -0.000000
   H  -8.272217  -1.192160   0.000000   -0.001474 -0.000013 -0.000000
   H  -8.271325  -3.125901   0.000000   -0.000824 -0.003190 -0.000000
   H  -8.229455  -5.560289   0.000000   -0.001781 -0.003771 -0.000000
   H  -6.060027   6.780648   0.000000    0.001148  0.000896  0.000000
   H  -3.630687   6.742787   0.000000    0.000997  0.000155  0.000000
   H  -1.192931   6.734491  -0.000000    0.000962  0.002268  0.000000
   H   1.269704   6.740874  -0.000000    0.005543  0.016010  0.000000
   H   3.643838   6.593137  -0.000000   -0.007631 -0.017831 -0.000000
   H   6.015113   6.776197  -0.000000    0.007226  0.005134 -0.000000
   H  -6.078468  -6.776691  -0.000000    0.000350 -0.002137 -0.000000
   H  -3.647509  -6.746171  -0.000000   -0.000344 -0.002989 -0.000000
   H  -1.215284  -6.740008  -0.000000   -0.000462 -0.003137  0.000000
   H   1.218923  -6.737803  -0.000000    0.000675 -0.003195  0.000000
   H   3.651656  -6.739149   0.000000    0.001477 -0.002239  0.000000
   H   6.081933  -6.766287   0.000000    0.001095 -0.000031  0.000000
converged SCF energy = -3001.34154099128
