1721291495.6835208

Geometry optimization cycle 1
Cartesian coordinates (Angstrom)
 Atom        New coordinates             dX        dY        dZ
   C  -7.338226   5.042760   0.000000    0.000000  0.000000  0.000000
   C  -7.365228   0.691139   0.000000    0.000000  0.000000  0.000000
   C  -6.173642   2.889413   0.000000    0.000000  0.000000  0.000000
   C  -4.910090   5.019617   0.000000    0.000000  0.000000  0.000000
   C  -7.358051  -3.642635   0.000000    0.000000  0.000000  0.000000
   C  -6.173475  -1.431785   0.000000    0.000000  0.000000  0.000000
   C  -4.940069   0.716689   0.000000    0.000000  0.000000  0.000000
   C  -3.694845   2.860312   0.000000    0.000000  0.000000  0.000000
   C  -2.457224   5.005715   0.000000    0.000000  0.000000  0.000000
   C  -6.138515  -5.727246   0.000000    0.000000  0.000000  0.000000
   C  -4.928214  -3.580071   0.000000    0.000000  0.000000  0.000000
   C  -3.698169  -1.425571   0.000000    0.000000  0.000000  0.000000
   C  -2.471779   0.716540   0.000000    0.000000  0.000000  0.000000
   C  -1.230705   2.851907   0.000000    0.000000 -0.000000  0.000000
   C   0.000000   5.003169   0.000000    0.000000  0.000000  0.000000
   C  -3.678966  -5.694052   0.000000    0.000000  0.000000  0.000000
   C  -2.466015  -3.560923   0.000000    0.000000  0.000000  0.000000
   C  -1.232423  -1.423207   0.000000    0.000000  0.000000  0.000000
   C   0.000000   0.715809   0.000000    0.000000  0.000000  0.000000
   C   1.230705   2.851907   0.000000    0.000000 -0.000000  0.000000
   C   2.457224   5.005715   0.000000    0.000000  0.000000  0.000000
   C  -1.226334  -5.685080   0.000000    0.000000  0.000000  0.000000
   C   0.000000  -3.557079   0.000000    0.000000  0.000000  0.000000
   C   1.232423  -1.423207   0.000000    0.000000  0.000000  0.000000
   C   2.471779   0.716540   0.000000    0.000000  0.000000  0.000000
   C   3.694845   2.860312   0.000000    0.000000  0.000000  0.000000
   C   4.910090   5.019617   0.000000    0.000000  0.000000  0.000000
   C   1.226334  -5.685080   0.000000    0.000000  0.000000  0.000000
   C   2.466015  -3.560923   0.000000    0.000000  0.000000  0.000000
   C   3.698169  -1.425571   0.000000    0.000000  0.000000  0.000000
   C   4.940069   0.716689   0.000000    0.000000  0.000000  0.000000
   C   6.173642   2.889413   0.000000    0.000000  0.000000  0.000000
   C   7.338226   5.042760   0.000000    0.000000  0.000000  0.000000
   C   3.678966  -5.694052   0.000000    0.000000  0.000000  0.000000
   C   4.928214  -3.580071   0.000000    0.000000  0.000000  0.000000
   C   6.173475  -1.431785   0.000000   -0.000000  0.000000  0.000000
   C   7.365228   0.691139   0.000000    0.000000  0.000000  0.000000
   C   6.138515  -5.727246   0.000000    0.000000  0.000000  0.000000
   C   7.358051  -3.642635   0.000000   -0.000000  0.000000  0.000000
   C  -7.358051   3.642635   0.000000    0.000000  0.000000  0.000000
   C  -6.138515   5.727246   0.000000    0.000000  0.000000  0.000000
   C  -7.365228  -0.691139   0.000000    0.000000  0.000000  0.000000
   C  -6.173475   1.431785   0.000000    0.000000  0.000000  0.000000
   C  -4.928214   3.580071   0.000000    0.000000 -0.000000  0.000000
   C  -3.678966   5.694052   0.000000    0.000000  0.000000  0.000000
   C  -7.338226  -5.042760   0.000000    0.000000  0.000000  0.000000
   C  -6.173642  -2.889413   0.000000    0.000000  0.000000  0.000000
   C  -4.940069  -0.716689   0.000000    0.000000  0.000000  0.000000
   C  -3.698169   1.425571   0.000000    0.000000  0.000000  0.000000
   C  -2.466015   3.560923   0.000000    0.000000 -0.000000  0.000000
   C  -1.226334   5.685080   0.000000    0.000000  0.000000  0.000000
   C  -4.910090  -5.019617   0.000000    0.000000  0.000000  0.000000
   C  -3.694845  -2.860312   0.000000    0.000000  0.000000  0.000000
   C  -2.471779  -0.716540   0.000000    0.000000  0.000000  0.000000
   C  -1.232423   1.423207   0.000000    0.000000  0.000000  0.000000
   C   0.000000   3.557079   0.000000    0.000000  0.000000  0.000000
   C   1.226334   5.685080   0.000000    0.000000  0.000000  0.000000
   C  -2.457224  -5.005715   0.000000    0.000000  0.000000  0.000000
   C  -1.230705  -2.851907   0.000000    0.000000  0.000000  0.000000
   C   0.000000  -0.715809   0.000000    0.000000  0.000000  0.000000
   C   1.232423   1.423207   0.000000    0.000000  0.000000  0.000000
   C   2.466015   3.560923   0.000000    0.000000 -0.000000  0.000000
   C   3.678966   5.694052   0.000000    0.000000  0.000000  0.000000
   C   0.000000  -5.003169   0.000000    0.000000  0.000000  0.000000
   C   1.230705  -2.851907   0.000000    0.000000  0.000000  0.000000
   C   2.471779  -0.716540   0.000000    0.000000  0.000000  0.000000
   C   3.698169   1.425571   0.000000    0.000000  0.000000  0.000000
   C   4.928214   3.580071   0.000000    0.000000 -0.000000  0.000000
   C   6.138515   5.727246   0.000000    0.000000  0.000000  0.000000
   C   2.457224  -5.005715   0.000000    0.000000  0.000000  0.000000
   C   3.694845  -2.860312   0.000000    0.000000  0.000000  0.000000
   C   4.940069  -0.716689   0.000000    0.000000  0.000000  0.000000
   C   6.173475   1.431785   0.000000   -0.000000  0.000000  0.000000
   C   7.358051   3.642635   0.000000   -0.000000  0.000000  0.000000
   C   4.910090  -5.019617   0.000000    0.000000  0.000000  0.000000
   N   6.173642  -2.889413   0.000000    0.000000  0.000000  0.000000
   C   7.365228  -0.691139   0.000000    0.000000  0.000000  0.000000
   C   7.338226  -5.042760   0.000000    0.000000  0.000000  0.000000
   H   8.282184   5.591425   0.000000    0.000000 -0.000000  0.000000
   H   8.325741   3.141106   0.000000    0.000000  0.000000  0.000000
   H   8.326715   1.204661   0.000000    0.000000  0.000000  0.000000
   H   8.326715  -1.204661   0.000000    0.000000  0.000000  0.000000
   H   8.325741  -3.141106   0.000000    0.000000  0.000000  0.000000
   H   8.282184  -5.591425   0.000000    0.000000  0.000000  0.000000
   H  -8.282184   5.591425   0.000000    0.000000 -0.000000  0.000000
   H  -8.325741   3.141106   0.000000    0.000000  0.000000  0.000000
   H  -8.326715   1.204661   0.000000    0.000000  0.000000  0.000000
   H  -8.326715  -1.204661   0.000000    0.000000  0.000000  0.000000
   H  -8.325741  -3.141106   0.000000    0.000000  0.000000  0.000000
   H  -8.282184  -5.591425   0.000000    0.000000  0.000000  0.000000
   H  -6.116625   6.819427   0.000000    0.000000  0.000000  0.000000
   H  -3.672757   6.787431   0.000000    0.000000  0.000000  0.000000
   H  -1.225580   6.778408   0.000000    0.000000 -0.000000  0.000000
   H   1.225580   6.778408   0.000000    0.000000 -0.000000  0.000000
   H   3.672757   6.787431   0.000000    0.000000  0.000000  0.000000
   H   6.116625   6.819427   0.000000   -0.000000  0.000000  0.000000
   H  -6.116625  -6.819427   0.000000    0.000000  0.000000  0.000000
   H  -3.672757  -6.787431   0.000000    0.000000  0.000000  0.000000
   H  -1.225580  -6.778408   0.000000    0.000000  0.000000  0.000000
   H   1.225580  -6.778408   0.000000    0.000000  0.000000  0.000000
   H   3.672757  -6.787431   0.000000    0.000000  0.000000  0.000000
   H   6.116625  -6.819427   0.000000   -0.000000  0.000000  0.000000
converged SCF energy = -3001.2647456791
--------------- ROKS_Scanner gradients ---------------
         x                y                z
0 C    -0.0036187044     0.0002456591    -0.0000000000
1 C    -0.0031033128    -0.0003582471    -0.0000000000
2 C     0.0019301066    -0.0054995632    -0.0000000000
3 C     0.0034016737     0.0041656096    -0.0000000000
4 C    -0.0039854871    -0.0037135086    -0.0000000000
5 C     0.0005370616    -0.0052796864    -0.0000000000
6 C     0.0019524590     0.0001753887    -0.0000000000
7 C    -0.0024461828    -0.0015819713     0.0000000000
8 C     0.0082949457     0.0013180624    -0.0000000000
9 C     0.0031257994    -0.0029817474    -0.0000000000
10 C    -0.0010286415    -0.0005586873    -0.0000000000
11 C    -0.0028016537    -0.0013202408    -0.0000000000
12 C     0.0030118297    -0.0020832874     0.0000000000
13 C    -0.0019539297     0.0006562015     0.0000000000
14 C    -0.0005948700    -0.0010930689    -0.0000000000
15 C    -0.0007286166    -0.0033873859     0.0000000000
16 C     0.0014652368    -0.0009747086     0.0000000000
17 C    -0.0024893677     0.0002782210    -0.0000000000
18 C    -0.0003586781    -0.0022374314    -0.0000000000
19 C     0.0024556543     0.0004101136    -0.0000000000
20 C    -0.0084018422     0.0008929108    -0.0000000000
21 C    -0.0044041228    -0.0048080732    -0.0000000000
22 C     0.0008422017     0.0011278381    -0.0000000000
23 C    -0.0002087315    -0.0000864461    -0.0000000000
24 C    -0.0031413942    -0.0019910977    -0.0000000000
25 C     0.0013907524    -0.0020562098    -0.0000000000
26 C    -0.0025485168     0.0036108638    -0.0000000000
27 C    -0.0107619576    -0.0066717285     0.0000000000
28 C    -0.0029402030     0.0053999081    -0.0000000000
29 C     0.0024743852    -0.0024527161    -0.0000000000
30 C    -0.0044687024    -0.0008168556    -0.0000000000
31 C    -0.0024070861    -0.0065500622    -0.0000000000
32 C     0.0035115461     0.0001310528    -0.0000000000
33 C    -0.0164463871    -0.0087062688     0.0000000000
34 C    -0.0207402918    -0.0160195411    -0.0000000000
35 C     0.0002670664     0.0059351975    -0.0000000000
36 C     0.0062536300    -0.0010600141    -0.0000000000
37 C    -0.0126645658    -0.0028029434     0.0000000000
38 C     0.0094779844    -0.0080703968     0.0000000000
39 C    -0.0034818683     0.0011231642     0.0000000000
40 C     0.0002703130     0.0026374974     0.0000000000
41 C    -0.0027389096     0.0002024099     0.0000000000
42 C     0.0000261405     0.0056010718     0.0000000000
43 C     0.0005878206    -0.0026376579     0.0000000000
44 C    -0.0067085068     0.0016110127     0.0000000000
45 C    -0.0046998072     0.0020682320    -0.0000000000
46 C     0.0026603959     0.0064372803     0.0000000000
47 C     0.0019458283    -0.0007928585     0.0000000000
48 C    -0.0028567444     0.0015279040    -0.0000000000
49 C     0.0027712990     0.0003059490     0.0000000000
50 C    -0.0046913782    -0.0009753730     0.0000000000
51 C    -0.0020016040    -0.0020397120    -0.0000000000
52 C     0.0008592043     0.0029630886     0.0000000000
53 C     0.0029002232     0.0016541977     0.0000000000
54 C    -0.0013261029    -0.0012204452    -0.0000000000
55 C    -0.0002904304     0.0026090542     0.0000000000
56 C     0.0053610325    -0.0007782301     0.0000000000
57 C     0.0011224160     0.0005688140    -0.0000000000
58 C     0.0011762726    -0.0000213379     0.0000000000
59 C     0.0010108881     0.0020740351     0.0000000000
60 C     0.0017912470    -0.0006737299     0.0000000000
61 C    -0.0028444779     0.0003276063     0.0000000000
62 C     0.0063053174     0.0018833513     0.0000000000
63 C     0.0053029884     0.0037796406     0.0000000000
64 C     0.0011291579    -0.0019946204     0.0000000000
65 C    -0.0010904005     0.0015264325     0.0000000000
66 C     0.0033935000     0.0032005082     0.0000000000
67 C    -0.0001499809    -0.0018422169     0.0000000000
68 C    -0.0006676763     0.0032003792     0.0000000000
69 C     0.0159582689     0.0067909040     0.0000000000
70 C    -0.0066725749    -0.0061052198     0.0000000000
71 C     0.0019475975     0.0110394508     0.0000000000
72 C    -0.0006805276     0.0054568763     0.0000000000
73 C     0.0032171947     0.0018788810     0.0000000000
74 C     0.0151278556     0.0077098296    -0.0000000000
75 N     0.0088706856     0.0133949653     0.0000000000
76 C    -0.0007872747     0.0140274771     0.0000000000
77 C     0.0142413467    -0.0058794683    -0.0000000000
78 H     0.0050625658     0.0029061505     0.0000000000
79 H     0.0053597245    -0.0030951467    -0.0000000000
80 H     0.0056541995     0.0040781050     0.0000000000
81 H     0.0056370274    -0.0035780554    -0.0000000000
82 H     0.0131896790    -0.0029218938     0.0000000000
83 H     0.0044856983    -0.0064165308    -0.0000000000
84 H    -0.0050478907     0.0028557912     0.0000000000
85 H    -0.0055823640    -0.0029375120    -0.0000000000
86 H    -0.0054804492     0.0030315229     0.0000000000
87 H    -0.0055789200    -0.0030028769    -0.0000000000
88 H    -0.0054996808     0.0029309073     0.0000000000
89 H    -0.0050221141    -0.0028341220    -0.0000000000
90 H     0.0002730916     0.0058679367     0.0000000000
91 H    -0.0000258106     0.0059176321    -0.0000000000
92 H    -0.0000700644     0.0059538992    -0.0000000000
93 H     0.0000242751     0.0060004888     0.0000000000
94 H     0.0000034109     0.0060075321    -0.0000000000
95 H    -0.0002867318     0.0059268036    -0.0000000000
96 H     0.0002778209    -0.0058679484    -0.0000000000
97 H    -0.0000570757    -0.0059729858    -0.0000000000
98 H    -0.0001801727    -0.0061817191     0.0000000000
99 H    -0.0002033931    -0.0064764615    -0.0000000000
100 H    -0.0012055740    -0.0072158489    -0.0000000000
101 H    -0.0002060373    -0.0068096817    -0.0000000000
----------------------------------------------
cycle 1: E = -3001.26474568  dE = -3001.26  norm(grad) = 0.0726037

Geometry optimization cycle 2
Cartesian coordinates (Angstrom)
 Atom        New coordinates             dX        dY        dZ
   C  -7.271287   5.019395   0.000000    0.066938 -0.023364  0.000000
   C  -7.312727   0.695071   0.000000    0.052501  0.003932  0.000000
   C  -6.126137   2.879104   0.000000    0.047505 -0.010309  0.000000
   C  -4.865840   4.988562  -0.000000    0.044250 -0.031055 -0.000000
   C  -7.309550  -3.609637   0.000000    0.048501  0.032998  0.000000
   C  -6.135972  -1.416162   0.000000    0.037503  0.015623  0.000000
   C  -4.908955   0.714614  -0.000000    0.031113 -0.002075 -0.000000
   C  -3.665702   2.842940  -0.000000    0.029143 -0.017371 -0.000000
   C  -2.434338   4.969239  -0.000000    0.022886 -0.036476 -0.000000
   C  -6.094718  -5.682796   0.000000    0.043797  0.044449  0.000000
   C  -4.898209  -3.554488   0.000000    0.030005  0.025582  0.000000
   C  -3.680495  -1.417770  -0.000000    0.017674  0.007800 -0.000000
   C  -2.462247   0.709258  -0.000000    0.009532 -0.007282 -0.000000
   C  -1.220221   2.828800  -0.000000    0.010484 -0.023107 -0.000000
   C   0.009128   4.963587  -0.000000    0.009128 -0.039581 -0.000000
   C  -3.649683  -5.651490  -0.000000    0.029283  0.042562 -0.000000
   C  -2.457198  -3.543996  -0.000000    0.008816  0.016927 -0.000000
   C  -1.236689  -1.424903  -0.000000   -0.004266 -0.001695 -0.000000
   C  -0.011548   0.703784  -0.000000   -0.011548 -0.012025 -0.000000
   C   1.220950   2.825093  -0.000000   -0.009754 -0.026814 -0.000000
   C   2.453520   4.957933  -0.000000   -0.003704 -0.047782 -0.000000
   C  -1.206113  -5.651082  -0.000000    0.020222  0.033998 -0.000000
   C  -0.009794  -3.554286  -0.000000   -0.009794  0.002792 -0.000000
   C   1.200413  -1.429608  -0.000000   -0.032010 -0.006400 -0.000000
   C   2.437422   0.703575  -0.000000   -0.034357 -0.012964 -0.000000
   C   3.668668   2.824568  -0.000000   -0.026177 -0.035743 -0.000000
   C   4.886943   4.952183  -0.000000   -0.023147 -0.067434 -0.000000
   C   1.245784  -5.661872  -0.000000    0.019450  0.023207 -0.000000
   C   2.439099  -3.559336  -0.000000   -0.026915  0.001587 -0.000000
   C   3.630369  -1.423956  -0.000000   -0.067799  0.001615 -0.000000
   C   4.884019   0.693287  -0.000000   -0.056050 -0.023402 -0.000000
   C   6.135409   2.832598   0.000000   -0.038233 -0.056815  0.000000
   C   7.297210   4.958105   0.000000   -0.041015 -0.084654  0.000000
   C   3.704770  -5.645672  -0.000000    0.025804  0.048380 -0.000000
   C   4.873808  -3.541513  -0.000000   -0.054406  0.038557 -0.000000
   C   6.069746  -1.429300  -0.000000   -0.103729  0.002485 -0.000000
   C   7.280671   0.616556   0.000000   -0.084556 -0.074583  0.000000
   C   6.166948  -5.620278   0.000000    0.028433  0.106968  0.000000
   C   7.248829  -3.473818   0.000000   -0.109222  0.168817  0.000000
   C  -7.297971   3.628314   0.000000    0.060081 -0.014322  0.000000
   C  -6.080407   5.698071   0.000000    0.058108 -0.029175  0.000000
   C  -7.316179  -0.678670   0.000000    0.049048  0.012469  0.000000
   C  -6.129565   1.427352   0.000000    0.043910 -0.004433  0.000000
   C  -4.888293   3.562229  -0.000000    0.039921 -0.017842 -0.000000
   C  -3.638642   5.658029  -0.000000    0.040324 -0.036023 -0.000000
   C  -7.283452  -5.002686   0.000000    0.054773  0.040074  0.000000
   C  -6.134516  -2.867697   0.000000    0.039126  0.021717  0.000000
   C  -4.912123  -0.708306  -0.000000    0.027945  0.008382 -0.000000
   C  -3.674220   1.416818  -0.000000    0.023949 -0.008753 -0.000000
   C  -2.446380   3.535372  -0.000000    0.019634 -0.025551 -0.000000
   C  -1.205682   5.645018  -0.000000    0.020652 -0.040062 -0.000000
   C  -4.872676  -4.981522   0.000000    0.037415  0.038095  0.000000
   C  -3.675104  -2.844087  -0.000000    0.019741  0.016224 -0.000000
   C  -2.465042  -0.716501  -0.000000    0.006737  0.000039 -0.000000
   C  -1.230568   1.410636  -0.000000    0.001855 -0.012571 -0.000000
   C   0.002489   3.526609  -0.000000    0.002489 -0.030469 -0.000000
   C   1.227459   5.638962  -0.000000    0.001124 -0.046117 -0.000000
   C  -2.432757  -4.977507  -0.000000    0.024466  0.028208 -0.000000
   C  -1.230277  -2.844976  -0.000000    0.000428  0.006931 -0.000000
   C  -0.017625  -0.721326  -0.000000   -0.017625 -0.005517 -0.000000
   C   1.209952   1.407593  -0.000000   -0.022471 -0.015614 -0.000000
   C   2.453411   3.524305  -0.000000   -0.012603 -0.036617 -0.000000
   C   3.666100   5.633893  -0.000000   -0.012866 -0.060160 -0.000000
   C   0.016463  -4.991338  -0.000000    0.016463  0.011831 -0.000000
   C   1.209819  -2.850814  -0.000000   -0.020885  0.001093 -0.000000
   C   2.421954  -0.719068  -0.000000   -0.049825 -0.002528 -0.000000
   C   3.655176   1.400754  -0.000000   -0.042993 -0.024816 -0.000000
   C   4.901322   3.526248  -0.000000   -0.026892 -0.053823 -0.000000
   C   6.111119   5.645730   0.000000   -0.027396 -0.081516  0.000000
   C   2.461293  -4.994374  -0.000000    0.004070  0.011341 -0.000000
   C   3.647458  -2.842736  -0.000000   -0.047387  0.017576 -0.000000
   C   4.856240  -0.724804  -0.000000   -0.083828 -0.008116 -0.000000
   C   6.116971   1.380185  -0.000000   -0.056504 -0.051600 -0.000000
   C   7.316645   3.566792   0.000000   -0.041407 -0.075843  0.000000
   C   4.909394  -4.969504  -0.000000   -0.000696  0.050113 -0.000000
   N   6.052697  -2.834317   0.000000   -0.120944  0.055096  0.000000
   C   7.282362  -0.759057   0.000000   -0.082866 -0.067918  0.000000
   C   7.296089  -4.851647   0.000000   -0.042137  0.191113  0.000000
   H   8.235267   5.499145   0.000000   -0.046917 -0.092279  0.000000
   H   8.274273   3.066285   0.000000   -0.051468 -0.074821  0.000000
   H   8.241759   1.108171   0.000000   -0.084956 -0.096491  0.000000
   H   8.223641  -1.288390   0.000000   -0.103074 -0.083728  0.000000
   H   8.137882  -2.870954   0.000000   -0.187859  0.270152  0.000000
   H   8.273422  -5.313500   0.000000   -0.008762  0.277925  0.000000
   H  -8.205837   5.566588   0.000000    0.076347 -0.024836  0.000000
   H  -8.259117   3.135011   0.000000    0.066624 -0.006095  0.000000
   H  -8.265009   1.205620   0.000000    0.061706  0.000959  0.000000
   H  -8.270500  -1.185159   0.000000    0.056215  0.019502  0.000000
   H  -8.269395  -3.113552   0.000000    0.056346  0.027554  0.000000
   H  -8.218610  -5.548940   0.000000    0.063574  0.042485  0.000000
   H  -6.056230   6.781203   0.000000    0.060396 -0.038223  0.000000
   H  -3.627613   6.742273  -0.000000    0.045144 -0.045158 -0.000000
   H  -1.201604   6.729188  -0.000000    0.023976 -0.049220 -0.000000
   H   1.228684   6.723068  -0.000000    0.003104 -0.055340 -0.000000
   H   3.666522   6.718054  -0.000000   -0.006235 -0.069377 -0.000000
   H   6.098206   6.728965   0.000000   -0.018419 -0.090462  0.000000
   H  -6.075671  -6.766031   0.000000    0.040954  0.053395  0.000000
   H  -3.646841  -6.735702   0.000000    0.025916  0.051730  0.000000
   H  -1.209754  -6.734904  -0.000000    0.015826  0.043504 -0.000000
   H   1.249676  -6.745240  -0.000000    0.024096  0.033168 -0.000000
   H   3.728896  -6.727697  -0.000000    0.056139  0.059734 -0.000000
   H   6.212960  -6.701262   0.000000    0.096335  0.118165  0.000000
converged SCF energy = -3001.27945824242
--------------- ROKS_Scanner gradients ---------------
         x                y                z
0 C     0.0017451572    -0.0014515118    -0.0000000000
1 C     0.0004865962    -0.0011294335     0.0000000000
2 C     0.0010034323    -0.0007699493     0.0000000000
3 C     0.0009839429     0.0003988876     0.0000000000
4 C    -0.0015930870    -0.0010409826    -0.0000000000
5 C    -0.0004566266    -0.0013363695     0.0000000000
6 C     0.0005069824     0.0000273265     0.0000000000
7 C    -0.0007549356    -0.0002459885     0.0000000000
8 C     0.0019154326    -0.0006164060     0.0000000000
9 C     0.0006335811     0.0007303547    -0.0000000000
10 C    -0.0016843690    -0.0000659425     0.0000000000
11 C    -0.0019628378    -0.0008254761     0.0000000000
12 C     0.0008727598    -0.0007919038    -0.0000000000
13 C    -0.0001148229     0.0003954433     0.0000000000
14 C     0.0002351036    -0.0013268003     0.0000000000
15 C    -0.0013262770     0.0025661954    -0.0000000000
16 C    -0.0021323833    -0.0006130138     0.0000000000
17 C    -0.0022799708    -0.0007554850     0.0000000000
18 C     0.0000989347    -0.0008000832     0.0000000000
19 C     0.0021234160     0.0004747475     0.0000000000
20 C    -0.0016917889    -0.0003448082     0.0000000000
21 C    -0.0033868019     0.0035172261     0.0000000000
22 C    -0.0037037884    -0.0016339717     0.0000000000
23 C    -0.0016965829    -0.0010136128     0.0000000000
24 C     0.0003850609    -0.0001505369     0.0000000000
25 C     0.0021317250     0.0003724594     0.0000000000
26 C    -0.0021108943     0.0003322968     0.0000000000
27 C    -0.0045310123     0.0018256600    -0.0000000000
28 C    -0.0043034769    -0.0019634819     0.0000000000
29 C    -0.0010366927    -0.0006640528     0.0000000000
30 C     0.0020503958    -0.0003007969     0.0000000000
31 C    -0.0010796779    -0.0000576410     0.0000000000
32 C    -0.0018538183    -0.0016658265     0.0000000000
33 C    -0.0040381267     0.0023275268     0.0000000000
34 C    -0.0110564643    -0.0103782810     0.0000000000
35 C     0.0031624585     0.0019928070     0.0000000000
36 C    -0.0055345333    -0.0041819677     0.0000000000
37 C    -0.0009355231    -0.0059240054    -0.0000000000
38 C    -0.0008224282     0.0088013868    -0.0000000000
39 C    -0.0004024520     0.0007612583    -0.0000000000
40 C    -0.0000347483     0.0004760740     0.0000000000
41 C     0.0005416748     0.0013106264    -0.0000000000
42 C     0.0001137808     0.0012119232    -0.0000000000
43 C     0.0001135254    -0.0011094462    -0.0000000000
44 C    -0.0020620176     0.0000016953    -0.0000000000
45 C     0.0012890861     0.0021985076     0.0000000000
46 C     0.0026555662     0.0008526104    -0.0000000000
47 C     0.0005872107     0.0002132648    -0.0000000000
48 C    -0.0011215088     0.0007575619     0.0000000000
49 C     0.0008790947    -0.0004042299    -0.0000000000
50 C    -0.0017147526    -0.0007934376    -0.0000000000
51 C     0.0002760456    -0.0011562069     0.0000000000
52 C     0.0014351769     0.0010935233    -0.0000000000
53 C     0.0012906676     0.0010120896     0.0000000000
54 C    -0.0013009068    -0.0000379374    -0.0000000000
55 C    -0.0004123846     0.0005526272    -0.0000000000
56 C     0.0015208871    -0.0009247645    -0.0000000000
57 C     0.0036633413    -0.0021623856    -0.0000000000
58 C     0.0011542974     0.0005388512    -0.0000000000
59 C     0.0003193356     0.0014694874    -0.0000000000
60 C    -0.0008730611    -0.0001140095    -0.0000000000
61 C    -0.0012848448    -0.0004791443    -0.0000000000
62 C     0.0022340082     0.0001774577    -0.0000000000
63 C     0.0078817638    -0.0022473913    -0.0000000000
64 C     0.0011826407    -0.0006043577    -0.0000000000
65 C    -0.0016101404     0.0019486765    -0.0000000000
66 C    -0.0003017211     0.0004479111    -0.0000000000
67 C     0.0008587405    -0.0012241125    -0.0000000000
68 C    -0.0001832660    -0.0002202574    -0.0000000000
69 C     0.0087395628    -0.0004312761    -0.0000000000
70 C     0.0031339345     0.0001786461    -0.0000000000
71 C    -0.0052577848     0.0001485413    -0.0000000000
72 C    -0.0001533893     0.0027589789    -0.0000000000
73 C     0.0016692425     0.0008312335    -0.0000000000
74 C     0.0121510213     0.0044542239     0.0000000000
75 N     0.0002549288     0.0062521956    -0.0000000000
76 C     0.0044036657    -0.0075070896    -0.0000000000
77 C    -0.0069739242     0.0054888146     0.0000000000
78 H    -0.0003758735    -0.0003281963    -0.0000000000
79 H    -0.0002409587     0.0002417445     0.0000000000
80 H    -0.0010177727    -0.0011872194    -0.0000000000
81 H     0.0018350899    -0.0086171049     0.0000000000
82 H     0.0032194633     0.0075882331     0.0000000000
83 H    -0.0013146071     0.0006620996    -0.0000000000
84 H     0.0004292498    -0.0001741715    -0.0000000000
85 H     0.0003343542    -0.0000291841     0.0000000000
86 H     0.0003847385    -0.0000434645    -0.0000000000
87 H     0.0003939602     0.0000271682     0.0000000000
88 H     0.0002321926     0.0001487897     0.0000000000
89 H     0.0003592666     0.0002651869    -0.0000000000
90 H     0.0000973913    -0.0001749872    -0.0000000000
91 H     0.0002247892    -0.0001704127     0.0000000000
92 H     0.0002053054    -0.0001927598     0.0000000000
93 H    -0.0000688940    -0.0002262376    -0.0000000000
94 H    -0.0002838321    -0.0001951895     0.0000000000
95 H    -0.0002440516    -0.0003097064     0.0000000000
96 H     0.0001565691     0.0003361730     0.0000000000
97 H     0.0003386339     0.0005689438     0.0000000000
98 H     0.0006844043     0.0008299873    -0.0000000000
99 H     0.0009046905     0.0007581990     0.0000000000
100 H     0.0007881469     0.0010913607    -0.0000000000
101 H     0.0000339029    -0.0003223012     0.0000000000
----------------------------------------------
cycle 2: E = -3001.27945824  dE = -0.0147126  norm(grad) = 0.0373433

Geometry optimization cycle 3
Cartesian coordinates (Angstrom)
 Atom        New coordinates             dX        dY        dZ
   C  -7.279374   5.011234   0.000000   -0.008087 -0.008161 -0.000000
   C  -7.304502   0.687803   0.000000    0.008225 -0.007268 -0.000000
   C  -6.124477   2.873137   0.000000    0.001660 -0.005967  0.000000
   C  -4.869481   4.981703  -0.000000   -0.003641 -0.006858  0.000000
   C  -7.295540  -3.619695   0.000000    0.014010 -0.010058 -0.000000
   C  -6.124807  -1.418854   0.000000    0.011165 -0.002692  0.000000
   C  -4.900950   0.711757   0.000000    0.008005 -0.002857  0.000000
   C  -3.663262   2.841346  -0.000000    0.002440 -0.001594  0.000000
   C  -2.438104   4.969192  -0.000000   -0.003765 -0.000047  0.000000
   C  -6.089093  -5.686210   0.000000    0.005625 -0.003414 -0.000000
   C  -4.888291  -3.553567   0.000000    0.009918  0.000921  0.000000
   C  -3.667431  -1.415191  -0.000000    0.013065  0.002579  0.000000
   C  -2.453528   0.712042  -0.000000    0.008719  0.002784  0.000000
   C  -1.219018   2.830977  -0.000000    0.001203  0.002177  0.000000
   C   0.005086   4.966876  -0.000000   -0.004042  0.003288  0.000000
   C  -3.648999  -5.652352   0.000000    0.000684 -0.000862  0.000000
   C  -2.447953  -3.536022  -0.000000    0.009245  0.007974  0.000000
   C  -1.220752  -1.416065  -0.000000    0.015937  0.008837  0.000000
   C  -0.001151   0.709655  -0.000000    0.010398  0.005871  0.000000
   C   1.219389   2.828083  -0.000000   -0.001562  0.002990  0.000000
   C   2.448776   4.961731  -0.000000   -0.004744  0.003798  0.000000
   C  -1.215477  -5.648454  -0.000000   -0.009364  0.002628  0.000000
   C   0.000060  -3.537469  -0.000000    0.009854  0.016817  0.000000
   C   1.221027  -1.417572  -0.000000    0.020614  0.012036  0.000000
   C   2.448795   0.707624  -0.000000    0.011373  0.004048  0.000000
   C   3.664350   2.827834  -0.000000   -0.004318  0.003266  0.000000
   C   4.882938   4.964196  -0.000000   -0.004006  0.012013  0.000000
   C   1.222134  -5.649373  -0.000000   -0.023650  0.012499  0.000000
   C   2.452899  -3.541096  -0.000000    0.013800  0.018239  0.000000
   C   3.656626  -1.415967  -0.000000    0.026256  0.007989  0.000000
   C   4.895566   0.692264  -0.000000    0.011547 -0.001023  0.000000
   C   6.125177   2.850839  -0.000000   -0.010231  0.018241 -0.000000
   C   7.295160   4.980027   0.000000   -0.002050  0.021922 -0.000000
   C   3.666205  -5.639116  -0.000000   -0.038565  0.006556  0.000000
   C   4.896443  -3.526147  -0.000000    0.022636  0.015366 -0.000000
   C   6.102518  -1.440266  -0.000000    0.032773 -0.010967 -0.000000
   C   7.293985   0.664042  -0.000000    0.013314  0.047486 -0.000000
   C   6.109693  -5.631708  -0.000000   -0.057255 -0.011430 -0.000000
   C   7.254246  -3.568777  -0.000000    0.005417 -0.094959 -0.000000
   C  -7.296183   3.620248   0.000000    0.001787 -0.008066 -0.000000
   C  -6.086779   5.685296   0.000000   -0.006372 -0.012774 -0.000000
   C  -7.306290  -0.685654   0.000000    0.009889 -0.006984 -0.000000
   C  -6.122973   1.420618   0.000000    0.006592 -0.006735  0.000000
   C  -4.887877   3.557599   0.000000    0.000416 -0.004630  0.000000
   C  -3.642524   5.653504  -0.000000   -0.003882 -0.004526  0.000000
   C  -7.279883  -5.013400   0.000000    0.003569 -0.010715 -0.000000
   C  -6.126691  -2.871446   0.000000    0.007825 -0.003749  0.000000
   C  -4.901816  -0.710127   0.000000    0.010308 -0.001821  0.000000
   C  -3.666586   1.415446  -0.000000    0.007635 -0.001373  0.000000
   C  -2.446765   3.535989  -0.000000   -0.000385  0.000618  0.000000
   C  -1.209220   5.647094  -0.000000   -0.003538  0.002076  0.000000
   C  -4.869528  -4.980057   0.000000    0.003148  0.001465 -0.000000
   C  -3.667144  -2.841237  -0.000000    0.007960  0.002850  0.000000
   C  -2.453072  -0.713329  -0.000000    0.011970  0.003172  0.000000
   C  -1.221691   1.413833  -0.000000    0.008877  0.003197  0.000000
   C   0.001753   3.529597  -0.000000   -0.000736  0.002988  0.000000
   C   1.221364   5.642877  -0.000000   -0.006095  0.003914  0.000000
   C  -2.438758  -4.969550  -0.000000   -0.006000  0.007957  0.000000
   C  -1.222010  -2.834630  -0.000000    0.008267  0.010346  0.000000
   C  -0.000743  -0.714705  -0.000000    0.016882  0.006620  0.000000
   C   1.219939   1.411553  -0.000000    0.009987  0.003960  0.000000
   C   2.450720   3.528259  -0.000000   -0.002691  0.003954  0.000000
   C   3.657846   5.638925  -0.000000   -0.008254  0.005033  0.000000
   C  -0.004440  -4.974204  -0.000000   -0.020903  0.017134  0.000000
   C   1.222210  -2.836375  -0.000000    0.012390  0.014439  0.000000
   C   2.446257  -0.713849  -0.000000    0.024303  0.005219  0.000000
   C   3.665302   1.401704  -0.000000    0.010126  0.000950  0.000000
   C   4.890875   3.539745  -0.000000   -0.010447  0.013497  0.000000
   C   6.105862   5.659694   0.000000   -0.005257  0.013964 -0.000000
   C   2.429076  -4.976365  -0.000000   -0.032218  0.018010  0.000000
   C   3.667821  -2.830575  -0.000000    0.020363  0.012160  0.000000
   C   4.889358  -0.731763  -0.000000    0.033117 -0.006959  0.000000
   C   6.117385   1.399091  -0.000000    0.000413  0.018907 -0.000000
   C   7.301748   3.588765   0.000000   -0.014897  0.021972 -0.000000
   C   4.862413  -4.958536  -0.000000   -0.046981  0.010968 -0.000000
   N   6.092747  -2.862911  -0.000000    0.040049 -0.028594 -0.000000
   C   7.285442  -0.710474  -0.000000    0.003080  0.048583 -0.000000
   C   7.286430  -4.944887  -0.000000   -0.009658 -0.093240 -0.000000
   H   8.233017   5.519668   0.000000   -0.002250  0.020523 -0.000000
   H   8.256974   3.086119   0.000000   -0.017299  0.019835 -0.000000
   H   8.250425   1.164533  -0.000000    0.008666  0.056363 -0.000000
   H   8.245609  -1.186600  -0.000000    0.021968  0.101790 -0.000000
   H   8.160798  -3.012012  -0.000000    0.022916 -0.141059 -0.000000
   H   8.245993  -5.442461  -0.000000   -0.027429 -0.128961 -0.000000
   H  -8.214253   5.556085   0.000000   -0.008416 -0.010503 -0.000000
   H  -8.254633   3.124356   0.000000    0.004484 -0.010654 -0.000000
   H  -8.256743   1.196063   0.000000    0.008266 -0.009557 -0.000000
   H  -8.258913  -1.192925   0.000000    0.011587 -0.007766 -0.000000
   H  -8.254458  -3.124775   0.000000    0.014936 -0.011223 -0.000000
   H  -8.214673  -5.558489   0.000000    0.003937 -0.009549 -0.000000
   H  -6.063900   6.767216   0.000000   -0.007670 -0.013987 -0.000000
   H  -3.634985   6.736516  -0.000000   -0.007372 -0.005757 -0.000000
   H  -1.207113   6.730026  -0.000000   -0.005509  0.000838  0.000000
   H   1.222094   6.725767  -0.000000   -0.006591  0.002699  0.000000
   H   3.655431   6.721831  -0.000000   -0.011090  0.003777  0.000000
   H   6.090174   6.741789   0.000000   -0.008032  0.012824 -0.000000
   H  -6.066069  -6.768309   0.000000    0.009602 -0.002278 -0.000000
   H  -3.644789  -6.735740   0.000000    0.002052 -0.000038 -0.000000
   H  -1.217717  -6.731710  -0.000000   -0.007963  0.003194  0.000000
   H   1.223015  -6.732017  -0.000000   -0.026661  0.013223  0.000000
   H   3.685544  -6.720686  -0.000000   -0.043352  0.007011 -0.000000
   H   6.108782  -6.711636  -0.000000   -0.104178 -0.010375 -0.000000
converged SCF energy = -3001.28089762989
--------------- ROKS_Scanner gradients ---------------
         x                y                z
0 C    -0.0007885723     0.0004859531     0.0000000000
1 C     0.0005210273    -0.0006533945    -0.0000000000
2 C    -0.0001608208    -0.0002261270     0.0000000000
3 C     0.0006876384     0.0003159111     0.0000000000
4 C     0.0023473184    -0.0021792400     0.0000000000
5 C     0.0009305097     0.0005045411    -0.0000000000
6 C     0.0001411351     0.0000536985    -0.0000000000
7 C    -0.0004532105     0.0000809364    -0.0000000000
8 C     0.0001736061    -0.0003454794     0.0000000000
9 C     0.0005510943     0.0011156913     0.0000000000
10 C     0.0002771280     0.0005031033    -0.0000000000
11 C     0.0002573405    -0.0000255405    -0.0000000000
12 C     0.0002530347     0.0001752598    -0.0000000000
13 C    -0.0004848794     0.0000965415    -0.0000000000
14 C    -0.0002510793    -0.0006820890    -0.0000000000
15 C     0.0001519636    -0.0010349869    -0.0000000000
16 C     0.0010120613     0.0011573788    -0.0000000000
17 C     0.0006333303     0.0002338484    -0.0000000000
18 C    -0.0002420976     0.0001141083    -0.0000000000
19 C    -0.0003221686    -0.0002200754     0.0000000000
20 C    -0.0006616537     0.0000567944    -0.0000000000
21 C    -0.0010442931    -0.0023398504     0.0000000000
22 C     0.0019778613     0.0015615409    -0.0000000000
23 C     0.0010297517     0.0007580593    -0.0000000000
24 C    -0.0006002633    -0.0001864227    -0.0000000000
25 C    -0.0010849793    -0.0010022554    -0.0000000000
26 C     0.0007091498     0.0007952973    -0.0000000000
27 C    -0.0022754956    -0.0019973585    -0.0000000000
28 C     0.0022217885     0.0015468345    -0.0000000000
29 C     0.0022482403    -0.0000483353    -0.0000000000
30 C    -0.0020879747    -0.0012993559    -0.0000000000
31 C     0.0004275369    -0.0009225735    -0.0000000000
32 C     0.0012873322     0.0007315076     0.0000000000
33 C    -0.0024621069    -0.0018983989     0.0000000000
34 C     0.0066175959     0.0020917732     0.0000000000
35 C    -0.0024028033    -0.0031079512    -0.0000000000
36 C     0.0031564550     0.0010320484     0.0000000000
37 C    -0.0014861289     0.0089519246    -0.0000000000
38 C    -0.0067778271    -0.0093400528     0.0000000000
39 C     0.0015706220     0.0011004353    -0.0000000000
40 C    -0.0001591604    -0.0020932187     0.0000000000
41 C     0.0000589960     0.0003155672     0.0000000000
42 C     0.0005451690    -0.0003265766     0.0000000000
43 C     0.0000050994    -0.0001629344    -0.0000000000
44 C    -0.0002242268    -0.0005491569    -0.0000000000
45 C    -0.0012239920    -0.0002292056    -0.0000000000
46 C    -0.0002952818     0.0007305671    -0.0000000000
47 C    -0.0001106291    -0.0001785103     0.0000000000
48 C     0.0000496875    -0.0000114396     0.0000000000
49 C     0.0002462929     0.0001379480    -0.0000000000
50 C    -0.0001816197     0.0000787019    -0.0000000000
51 C    -0.0003530276     0.0005251959    -0.0000000000
52 C    -0.0003795722    -0.0000586154     0.0000000000
53 C     0.0004275667    -0.0003820872     0.0000000000
54 C     0.0002849914    -0.0000780809     0.0000000000
55 C     0.0000608544     0.0005846567     0.0000000000
56 C     0.0001419810    -0.0000815536    -0.0000000000
57 C    -0.0004339579     0.0011889666     0.0000000000
58 C    -0.0011673409    -0.0005648135     0.0000000000
59 C     0.0009335145    -0.0002478091     0.0000000000
60 C     0.0009236623    -0.0001381063    -0.0000000000
61 C    -0.0002516816     0.0004908727    -0.0000000000
62 C     0.0000336246    -0.0016065673     0.0000000000
63 C    -0.0007507192     0.0017596151     0.0000000000
64 C    -0.0008338586    -0.0011926177     0.0000000000
65 C     0.0013060599    -0.0004056786     0.0000000000
66 C     0.0008852350    -0.0000802842     0.0000000000
67 C    -0.0011938432     0.0000212784     0.0000000000
68 C     0.0004269011    -0.0020103960    -0.0000000000
69 C    -0.0008603983     0.0022892759     0.0000000000
70 C     0.0021830196     0.0000211308     0.0000000000
71 C     0.0018756839    -0.0023068566     0.0000000000
72 C    -0.0003876598    -0.0015793043    -0.0000000000
73 C    -0.0023747945     0.0012598079     0.0000000000
74 C    -0.0065928699     0.0029899565     0.0000000000
75 N     0.0026361766     0.0018394850    -0.0000000000
76 C    -0.0028667229     0.0059622503    -0.0000000000
77 C     0.0077250081    -0.0016075946     0.0000000000
78 H    -0.0006682782    -0.0003182550     0.0000000000
79 H    -0.0011307506     0.0004086282     0.0000000000
80 H    -0.0006056720     0.0006005640    -0.0000000000
81 H    -0.0039114999     0.0045677527     0.0000000000
82 H    -0.0049573799    -0.0056090455    -0.0000000000
83 H     0.0000356113     0.0001123888     0.0000000000
84 H     0.0007137180    -0.0003948691    -0.0000000000
85 H     0.0011458071     0.0006516849     0.0000000000
86 H     0.0009988397    -0.0005466103     0.0000000000
87 H     0.0009747880     0.0005757901    -0.0000000000
88 H     0.0013132430    -0.0007126146    -0.0000000000
89 H     0.0008117775     0.0001942005     0.0000000000
90 H    -0.0000992190    -0.0012694014    -0.0000000000
91 H     0.0001608721    -0.0010907703     0.0000000000
92 H     0.0001085366    -0.0010159917    -0.0000000000
93 H    -0.0001719099    -0.0010229659     0.0000000000
94 H    -0.0000611345    -0.0012192676    -0.0000000000
95 H     0.0002312940    -0.0012347252     0.0000000000
96 H    -0.0003091881     0.0011210580     0.0000000000
97 H    -0.0001223333     0.0008099511     0.0000000000
98 H    -0.0001348237     0.0006759628    -0.0000000000
99 H    -0.0001818353     0.0009166585     0.0000000000
100 H    -0.0003133249     0.0010506415     0.0000000000
101 H     0.0004411238     0.0024652531     0.0000000000
----------------------------------------------
cycle 3: E = -3001.28089763  dE = -0.00143939  norm(grad) = 0.0269243

Geometry optimization cycle 4
Cartesian coordinates (Angstrom)
 Atom        New coordinates             dX        dY        dZ
   C  -7.285942   5.017982   0.000000   -0.006568  0.006748 -0.000000
   C  -7.320079   0.692105   0.000000   -0.015577  0.004302  0.000000
   C  -6.135798   2.878976   0.000000   -0.011321  0.005839  0.000000
   C  -4.877918   4.990993  -0.000000   -0.008437  0.009289 -0.000000
   C  -7.314583  -3.614614   0.000000   -0.019043  0.005082  0.000000
   C  -6.138603  -1.419037   0.000000   -0.013797 -0.000183  0.000000
   C  -4.912209   0.713808   0.000000   -0.011259  0.002051  0.000000
   C  -3.670469   2.846002   0.000000   -0.007207  0.004656  0.000000
   C  -2.442202   4.975866  -0.000000   -0.004099  0.006674  0.000000
   C  -6.100158  -5.691893   0.000000   -0.011065 -0.005683  0.000000
   C  -4.899239  -3.558915   0.000000   -0.010948 -0.005348  0.000000
   C  -3.677365  -1.417661   0.000000   -0.009934 -0.002470  0.000000
   C  -2.460657   0.712577   0.000000   -0.007129  0.000535  0.000000
   C  -1.221454   2.834060  -0.000000   -0.002436  0.003083  0.000000
   C   0.005420   4.972781  -0.000000    0.000335  0.005905  0.000000
   C  -3.653737  -5.658870   0.000000   -0.004739 -0.006518  0.000000
   C  -2.453851  -3.542552   0.000000   -0.005897 -0.006531  0.000000
   C  -1.227303  -1.419742   0.000000   -0.006551 -0.003677  0.000000
   C  -0.003784   0.709393   0.000000   -0.002633 -0.000262  0.000000
   C   1.222233   2.831654  -0.000000    0.002844  0.003572  0.000000
   C   2.453371   4.969073  -0.000000    0.004595  0.007342  0.000000
   C  -1.212567  -5.653849   0.000000    0.002910 -0.005395  0.000000
   C  -0.001384  -3.545578   0.000000   -0.001444 -0.008109  0.000000
   C   1.217824  -1.422357   0.000000   -0.003203 -0.004785  0.000000
   C   2.450568   0.708121   0.000000    0.001773  0.000497  0.000000
   C   3.672842   2.833688   0.000000    0.008492  0.005854  0.000000
   C   4.888648   4.971771   0.000000    0.005710  0.007575  0.000000
   C   1.233483  -5.657836  -0.000000    0.011349 -0.008464  0.000000
   C   2.454300  -3.552485  -0.000000    0.001401 -0.011389  0.000000
   C   3.656790  -1.421060   0.000000    0.000165 -0.005093  0.000000
   C   4.901596   0.696449   0.000000    0.006030  0.004184  0.000000
   C   6.139358   2.854006   0.000000    0.014180  0.003167  0.000000
   C   7.298568   4.984309   0.000000    0.003409  0.004282  0.000000
   C   3.685974  -5.652050  -0.000000    0.019769 -0.012934 -0.000000
   C   4.902588  -3.542625  -0.000000    0.006144 -0.016478 -0.000000
   C   6.106597  -1.440592  -0.000000    0.004079 -0.000325  0.000000
   C   7.300397   0.653119  -0.000000    0.006412 -0.010923  0.000000
   C   6.135805  -5.660955  -0.000000    0.026111 -0.029247 -0.000000
   C   7.279917  -3.547737  -0.000000    0.025671  0.021040 -0.000000
   C  -7.310662   3.624957   0.000000   -0.014478  0.004709 -0.000000
   C  -6.094917   5.699162  -0.000000   -0.008138  0.013866 -0.000000
   C  -7.321003  -0.683408   0.000000   -0.014713  0.002246  0.000000
   C  -6.135964   1.424669   0.000000   -0.012991  0.004051  0.000000
   C  -4.896936   3.564357   0.000000   -0.009059  0.006758  0.000000
   C  -3.648273   5.661747  -0.000000   -0.005749  0.008243  0.000000
   C  -7.288638  -5.010333   0.000000   -0.008755  0.003067  0.000000
   C  -6.139134  -2.873276   0.000000   -0.012443 -0.001829  0.000000
   C  -4.913153  -0.710327   0.000000   -0.011337 -0.000199  0.000000
   C  -3.675342   1.417860   0.000000   -0.008757  0.002414  0.000000
   C  -2.451267   3.540434  -0.000000   -0.004502  0.004444  0.000000
   C  -1.211050   5.652935  -0.000000   -0.001829  0.005841  0.000000
   C  -4.877304  -4.987373   0.000000   -0.007777 -0.007316  0.000000
   C  -3.675358  -2.846149   0.000000   -0.008214 -0.004912  0.000000
   C  -2.461212  -0.714925   0.000000   -0.008140 -0.001596  0.000000
   C  -1.226204   1.414759   0.000000   -0.004513  0.000926  0.000000
   C   0.001952   3.533138  -0.000000    0.000199  0.003540  0.000000
   C   1.223588   5.649143  -0.000000    0.002225  0.006266  0.000000
   C  -2.440248  -4.977612   0.000000   -0.001491 -0.008062  0.000000
   C  -1.225338  -2.840591   0.000000   -0.003328 -0.005961  0.000000
   C  -0.005622  -0.717268   0.000000   -0.004879 -0.002562  0.000000
   C   1.219515   1.412736   0.000000   -0.000425  0.001183  0.000000
   C   2.456221   3.533237   0.000000    0.005500  0.004978  0.000000
   C   3.663051   5.649415   0.000000    0.005206  0.010490  0.000000
   C   0.002701  -4.984004  -0.000000    0.007140 -0.009800  0.000000
   C   1.222508  -2.843530  -0.000000    0.000298 -0.007154  0.000000
   C   2.444592  -0.716533  -0.000000   -0.001665 -0.002684  0.000000
   C   3.668903   1.405554   0.000000    0.003601  0.003849  0.000000
   C   4.902826   3.544701   0.000000    0.011951  0.004956  0.000000
   C   6.111084   5.671414   0.000000    0.005222  0.011720  0.000000
   C   2.444944  -4.990129  -0.000000    0.015868 -0.013764  0.000000
   C   3.670188  -2.841297  -0.000000    0.002367 -0.010722  0.000000
   C   4.890820  -0.729373  -0.000000    0.001462  0.002390  0.000000
   C   6.127560   1.399541   0.000000    0.010175  0.000450  0.000000
   C   7.319018   3.591046   0.000000    0.017271  0.002281  0.000000
   C   4.889752  -4.981448  -0.000000    0.027340 -0.022912 -0.000000
   N   6.099259  -2.865097  -0.000000    0.006512 -0.002185 -0.000000
   C   7.299034  -0.723806  -0.000000    0.013592 -0.013332  0.000000
   C   7.288327  -4.929524  -0.000000    0.001897  0.015363 -0.000000
   H   8.236516   5.526652   0.000000    0.003498  0.006984  0.000000
   H   8.278149   3.091883   0.000000    0.021175  0.005764  0.000000
   H   8.259864   1.150538  -0.000000    0.009438 -0.013996  0.000000
   H   8.259827  -1.209458  -0.000000    0.014218 -0.022858 -0.000000
   H   8.190248  -2.984634  -0.000000    0.029450  0.027378 -0.000000
   H   8.252743  -5.420013  -0.000000    0.006750  0.022448 -0.000000
   H  -8.222032   5.563715   0.000000   -0.007779  0.007629 -0.000000
   H  -8.271744   3.129877   0.000000   -0.017111  0.005521 -0.000000
   H  -8.273797   1.201446   0.000000   -0.017054  0.005383  0.000000
   H  -8.275311  -1.191373   0.000000   -0.016398  0.001552  0.000000
   H  -8.275521  -3.119039   0.000000   -0.021063  0.005736  0.000000
   H  -8.224940  -5.555745   0.000000   -0.010267  0.002744  0.000000
   H  -6.072864   6.782971  -0.000000   -0.008965  0.015755 -0.000000
   H  -3.640560   6.746473  -0.000000   -0.005575  0.009957 -0.000000
   H  -1.209326   6.737522  -0.000000   -0.002213  0.007496  0.000000
   H   1.224528   6.733705  -0.000000    0.002434  0.007938  0.000000
   H   3.661075   6.734170   0.000000    0.005643  0.012339  0.000000
   H   6.096011   6.755388   0.000000    0.005837  0.013599  0.000000
   H  -6.080592  -6.775827   0.000000   -0.014523 -0.007518  0.000000
   H  -3.649642  -6.743789   0.000000   -0.004853 -0.008050  0.000000
   H  -1.215446  -6.738580   0.000000    0.002271 -0.006870  0.000000
   H   1.232874  -6.742200  -0.000000    0.009859 -0.010183 -0.000000
   H   3.701446  -6.735671  -0.000000    0.015902 -0.014985 -0.000000
   H   6.150796  -6.743775  -0.000000    0.042014 -0.032138 -0.000000
converged SCF energy = -3001.28255385944
--------------- ROKS_Scanner gradients ---------------
         x                y                z
0 C     0.0009420882    -0.0006721366    -0.0000000000
1 C    -0.0005662495     0.0000459480    -0.0000000000
2 C     0.0001624152     0.0001573353    -0.0000000000
3 C    -0.0002670975     0.0001177935    -0.0000000000
4 C    -0.0019221988     0.0005535561    -0.0000000000
5 C    -0.0004147488    -0.0004731640     0.0000000000
6 C    -0.0000008776     0.0000716435     0.0000000000
7 C    -0.0003024694    -0.0000602126    -0.0000000000
8 C     0.0004272974     0.0001136653    -0.0000000000
9 C     0.0002154574    -0.0012121075     0.0000000000
10 C    -0.0002533364    -0.0000572048     0.0000000000
11 C    -0.0002318014    -0.0001946693     0.0000000000
12 C     0.0002540635    -0.0000594529     0.0000000000
13 C    -0.0002744086     0.0001181033     0.0000000000
14 C    -0.0000562420    -0.0000944095     0.0000000000
15 C    -0.0002421533    -0.0004491891    -0.0000000000
16 C     0.0002404395     0.0002342580    -0.0000000000
17 C    -0.0002007888     0.0000119668     0.0000000000
18 C    -0.0000683832    -0.0001303865     0.0000000000
19 C     0.0001636843     0.0000292877     0.0000000000
20 C    -0.0003128661     0.0001715200    -0.0000000000
21 C    -0.0009656633    -0.0003383886    -0.0000000000
22 C     0.0003631122     0.0003418951    -0.0000000000
23 C     0.0000054567     0.0002099821     0.0000000000
24 C    -0.0004919943    -0.0002496402     0.0000000000
25 C     0.0001505946    -0.0000281061     0.0000000000
26 C    -0.0000560535    -0.0000105247    -0.0000000000
27 C    -0.0015249636     0.0001024809     0.0000000000
28 C    -0.0004645839     0.0001422190     0.0000000000
29 C    -0.0000227877     0.0000211451     0.0000000000
30 C    -0.0004827872    -0.0000198975     0.0000000000
31 C     0.0001770517     0.0001230599     0.0000000000
32 C    -0.0013762166    -0.0009736081    -0.0000000000
33 C    -0.0013467647    -0.0002010870     0.0000000000
34 C    -0.0015839765    -0.0010649957     0.0000000000
35 C    -0.0005374517    -0.0005307211     0.0000000000
36 C     0.0004404658    -0.0003168016     0.0000000000
37 C    -0.0007351120    -0.0047903117     0.0000000000
38 C     0.0046279274     0.0006654796     0.0000000000
39 C    -0.0012755408    -0.0004763535     0.0000000000
40 C    -0.0000733970     0.0012667880     0.0000000000
41 C    -0.0000964159     0.0001987919    -0.0000000000
42 C    -0.0000829363     0.0002445512     0.0000000000
43 C     0.0002717986    -0.0002157198     0.0000000000
44 C    -0.0006492047     0.0000119795     0.0000000000
45 C     0.0011227026     0.0011099191    -0.0000000000
46 C     0.0007897658    -0.0003034530    -0.0000000000
47 C     0.0001288497    -0.0002432759    -0.0000000000
48 C    -0.0001344227     0.0000772793    -0.0000000000
49 C     0.0003328567     0.0000888444     0.0000000000
50 C    -0.0003450167    -0.0000952506     0.0000000000
51 C    -0.0001526956    -0.0000835001    -0.0000000000
52 C     0.0000697548    -0.0000103834    -0.0000000000
53 C     0.0003309305     0.0000597613    -0.0000000000
54 C    -0.0000098765    -0.0001406593    -0.0000000000
55 C    -0.0000000985     0.0003353250    -0.0000000000
56 C     0.0004586864    -0.0000972526    -0.0000000000
57 C     0.0002883001    -0.0001023320     0.0000000000
58 C    -0.0001607018    -0.0002103778     0.0000000000
59 C     0.0002792437     0.0002066043    -0.0000000000
60 C     0.0002710945    -0.0000485284    -0.0000000000
61 C    -0.0002626523     0.0000314506    -0.0000000000
62 C     0.0006044918     0.0004410069     0.0000000000
63 C     0.0006891917    -0.0000640367    -0.0000000000
64 C     0.0000683556    -0.0003800564    -0.0000000000
65 C     0.0000717024     0.0001365153    -0.0000000000
66 C     0.0003698493     0.0005025208    -0.0000000000
67 C     0.0000813439    -0.0003657641    -0.0000000000
68 C     0.0000243731     0.0015054849     0.0000000000
69 C     0.0014703273    -0.0000615290    -0.0000000000
70 C     0.0002387545    -0.0001255002    -0.0000000000
71 C     0.0004727712     0.0001436321     0.0000000000
72 C    -0.0000793029     0.0005283527    -0.0000000000
73 C     0.0014582081    -0.0003056016    -0.0000000000
74 C     0.0026458983     0.0014254010    -0.0000000000
75 N     0.0029020465    -0.0018106353     0.0000000000
76 C     0.0002358803     0.0024247403    -0.0000000000
77 C    -0.0044803797     0.0031215008    -0.0000000000
78 H    -0.0000856122    -0.0000232028     0.0000000000
79 H     0.0001995918    -0.0002412628    -0.0000000000
80 H     0.0000418452     0.0002397765    -0.0000000000
81 H    -0.0004268325     0.0010801431     0.0000000000
82 H     0.0001975386    -0.0010385065     0.0000000000
83 H    -0.0005584815     0.0001228341     0.0000000000
84 H     0.0000222302    -0.0000122824     0.0000000000
85 H    -0.0002380808    -0.0002476003    -0.0000000000
86 H    -0.0001711735     0.0001413322     0.0000000000
87 H    -0.0001310203    -0.0001120144     0.0000000000
88 H    -0.0003120440     0.0003418920    -0.0000000000
89 H     0.0000540647     0.0000603797    -0.0000000000
90 H     0.0000702048     0.0002763896    -0.0000000000
91 H     0.0000451884     0.0000916576    -0.0000000000
92 H     0.0000311422     0.0000903578    -0.0000000000
93 H    -0.0000599231     0.0001020381     0.0000000000
94 H    -0.0000695087     0.0001967575    -0.0000000000
95 H    -0.0001044046     0.0003204544    -0.0000000000
96 H     0.0000874531    -0.0002561081    -0.0000000000
97 H    -0.0000042976    -0.0001495174     0.0000000000
98 H     0.0000191459    -0.0001337867     0.0000000000
99 H     0.0000969040    -0.0000653964    -0.0000000000
100 H     0.0001043580    -0.0000785583     0.0000000000
101 H    -0.0001707376    -0.0007611027     0.0000000000
----------------------------------------------
cycle 4: E = -3001.28255386  dE = -0.00165623  norm(grad) = 0.0121034

Geometry optimization cycle 5
Cartesian coordinates (Angstrom)
 Atom        New coordinates             dX        dY        dZ
   C  -7.289572   5.025519   0.000000   -0.003630  0.007537  0.000000
   C  -7.320431   0.692701   0.000000   -0.000351  0.000596  0.000000
   C  -6.135848   2.881827   0.000000   -0.000050  0.002851  0.000000
   C  -4.875729   4.992563   0.000000    0.002188  0.001570  0.000000
   C  -7.313161  -3.623032   0.000000    0.001422 -0.008418 -0.000000
   C  -6.141316  -1.419073   0.000000   -0.002713 -0.000036 -0.000000
   C  -4.914020   0.715169   0.000000   -0.001811  0.001360  0.000000
   C  -3.670149   2.847207   0.000000    0.000320  0.001205  0.000000
   C  -2.440389   4.977387  -0.000000    0.001813  0.001521  0.000000
   C  -6.102188  -5.691168   0.000000   -0.002030  0.000725  0.000000
   C  -4.901508  -3.558319   0.000000   -0.002270  0.000596 -0.000000
   C  -3.680771  -1.417183   0.000000   -0.003406  0.000478 -0.000000
   C  -2.463071   0.713024   0.000000   -0.002414  0.000447 -0.000000
   C  -1.221344   2.834803  -0.000000    0.000110  0.000744  0.000000
   C   0.007899   4.973874  -0.000000    0.002478  0.001094  0.000000
   C  -3.654337  -5.657492   0.000000   -0.000600  0.001378  0.000000
   C  -2.457111  -3.543938   0.000000   -0.003260 -0.001385 -0.000000
   C  -1.232105  -1.421090   0.000000   -0.004803 -0.001348 -0.000000
   C  -0.006850   0.709201  -0.000000   -0.003066 -0.000192 -0.000000
   C   1.222038   2.831934  -0.000000   -0.000195  0.000280 -0.000000
   C   2.456490   4.968374   0.000000    0.003119 -0.000699  0.000000
   C  -1.210123  -5.654458   0.000000    0.002444 -0.000608  0.000000
   C  -0.005890  -3.549737   0.000000   -0.004506 -0.004159  0.000000
   C   1.210862  -1.424253  -0.000000   -0.006962 -0.001896 -0.000000
   C   2.447313   0.708697  -0.000000   -0.003255  0.000576 -0.000000
   C   3.672950   2.832523  -0.000000    0.000108 -0.001165 -0.000000
   C   4.893173   4.966819   0.000000    0.004525 -0.004952 -0.000000
   C   1.239933  -5.661762  -0.000000    0.006451 -0.003925  0.000000
   C   2.446959  -3.556717  -0.000000   -0.007340 -0.004232 -0.000000
   C   3.647306  -1.419484  -0.000000   -0.009485  0.001576 -0.000000
   C   4.899608   0.697506  -0.000000   -0.001988  0.001057 -0.000000
   C   6.140710   2.848163  -0.000000    0.001352 -0.005843 -0.000000
   C   7.309976   4.980790   0.000000    0.011407 -0.003519 -0.000000
   C   3.697497  -5.653605  -0.000000    0.011523 -0.001555  0.000000
   C   4.888434  -3.540037  -0.000000   -0.014154  0.002588 -0.000000
   C   6.095215  -1.437263  -0.000000   -0.011382  0.003329 -0.000000
   C   7.299158   0.638545  -0.000000   -0.001239 -0.014574 -0.000000
   C   6.158837  -5.633402  -0.000000    0.023032  0.027553  0.000000
   C   7.262551  -3.529940  -0.000000   -0.017366  0.017797  0.000000
   C  -7.308067   3.632254   0.000000    0.002594  0.007297  0.000000
   C  -6.094036   5.698893   0.000000    0.000881 -0.000269  0.000000
   C  -7.323514  -0.683129   0.000000   -0.002512  0.000279  0.000000
   C  -6.137265   1.426838   0.000000   -0.001301  0.002169  0.000000
   C  -4.896249   3.566031   0.000000    0.000687  0.001674  0.000000
   C  -3.645952   5.664032   0.000000    0.002321  0.002285  0.000000
   C  -7.296015  -5.019258   0.000000   -0.007376 -0.008925  0.000000
   C  -6.142365  -2.874239   0.000000   -0.003231 -0.000964 -0.000000
   C  -4.916243  -0.709296   0.000000   -0.003090  0.001031 -0.000000
   C  -3.676943   1.418959   0.000000   -0.001600  0.001099  0.000000
   C  -2.450950   3.541623   0.000000    0.000316  0.001189  0.000000
   C  -1.208588   5.654179  -0.000000    0.002462  0.001245  0.000000
   C  -4.878766  -4.986682   0.000000   -0.001462  0.000690  0.000000
   C  -3.677948  -2.845862   0.000000   -0.002590  0.000287 -0.000000
   C  -2.465068  -0.714687   0.000000   -0.003855  0.000238  0.000000
   C  -1.228523   1.415342   0.000000   -0.002319  0.000583 -0.000000
   C   0.002306   3.533786  -0.000000    0.000354  0.000649  0.000000
   C   1.226768   5.649595  -0.000000    0.003180  0.000452  0.000000
   C  -2.439352  -4.978856   0.000000    0.000896 -0.001244  0.000000
   C  -1.228746  -2.842380   0.000000   -0.003408 -0.001788 -0.000000
   C  -0.011420  -0.717975  -0.000000   -0.005798 -0.000707 -0.000000
   C   1.216400   1.413044   0.000000   -0.003115  0.000308 -0.000000
   C   2.456962   3.532667   0.000000    0.000741 -0.000570 -0.000000
   C   3.667837   5.646304   0.000000    0.004786 -0.003110 -0.000000
   C   0.006854  -4.988412   0.000000    0.004154 -0.004408  0.000000
   C   1.216253  -2.845979  -0.000000   -0.006255 -0.002450 -0.000000
   C   2.436008  -0.715881  -0.000000   -0.008584  0.000652 -0.000000
   C   3.666465   1.405209  -0.000000   -0.002438 -0.000345 -0.000000
   C   4.904680   3.540384   0.000000    0.001854 -0.004317 -0.000000
   C   6.118639   5.661840   0.000000    0.007555 -0.009575 -0.000000
   C   2.451684  -4.995277  -0.000000    0.006740 -0.005148  0.000000
   C   3.657384  -2.839758  -0.000000   -0.012804  0.001539 -0.000000
   C   4.880777  -0.726067  -0.000000   -0.010043  0.003306 -0.000000
   C   6.129717   1.392799  -0.000000    0.002157 -0.006742 -0.000000
   C   7.319578   3.586980   0.000000    0.000560 -0.004066 -0.000000
   C   4.898238  -4.977331  -0.000000    0.008486  0.004117  0.000000
   N   6.077470  -2.856410  -0.000000   -0.021789  0.008686 -0.000000
   C   7.297061  -0.739663  -0.000000   -0.001973 -0.015858 -0.000000
   C   7.318535  -4.912047  -0.000000    0.030208  0.017477  0.000000
   H   8.249072   5.521985   0.000000    0.012556 -0.004668 -0.000000
   H   8.277510   3.085437   0.000000   -0.000638 -0.006446 -0.000000
   H   8.261085   1.131362  -0.000000    0.001221 -0.019176 -0.000000
   H   8.253226  -1.239212  -0.000000   -0.006601 -0.029753 -0.000000
   H   8.159330  -2.941829  -0.000000   -0.030918  0.042805  0.000000
   H   8.290062  -5.390409  -0.000000    0.037319  0.029605  0.000000
   H  -8.225414   5.572386   0.000000   -0.003383  0.008671  0.000000
   H  -8.269257   3.137339   0.000000    0.002487  0.007462  0.000000
   H  -8.274307   1.202003   0.000000   -0.000510  0.000557  0.000000
   H  -8.278538  -1.190142   0.000000   -0.003227  0.001231  0.000000
   H  -8.274441  -3.128315   0.000000    0.001080 -0.009277  0.000000
   H  -8.232240  -5.565635   0.000000   -0.007300 -0.009890  0.000000
   H  -6.069585   6.782707   0.000000    0.003279 -0.000264  0.000000
   H  -3.638531   6.749020  -0.000000    0.002029  0.002547  0.000000
   H  -1.206906   6.739016  -0.000000    0.002421  0.001494  0.000000
   H   1.228965   6.734393  -0.000000    0.004438  0.000688  0.000000
   H   3.668160   6.731216   0.000000    0.007085 -0.002955  0.000000
   H   6.103248   6.745806   0.000000    0.007236 -0.009582 -0.000000
   H  -6.078603  -6.775080   0.000000    0.001989  0.000747  0.000000
   H  -3.650934  -6.742556   0.000000   -0.001292  0.001233  0.000000
   H  -1.214201  -6.739331   0.000000    0.001245 -0.000751  0.000000
   H   1.238930  -6.746413  -0.000000    0.006056 -0.004213  0.000000
   H   3.717031  -6.737484  -0.000000    0.015584 -0.001813  0.000000
   H   6.180066  -6.715809  -0.000000    0.029270  0.027965  0.000000
converged SCF energy = -3001.28240588578
--------------- ROKS_Scanner gradients ---------------
         x                y                z
0 C    -0.0018267254     0.0009278552     0.0000000000
1 C     0.0001716466    -0.0003775814     0.0000000000
2 C    -0.0000191824    -0.0007423319     0.0000000000
3 C     0.0007130513     0.0005658032    -0.0000000000
4 C     0.0014946586    -0.0014224192    -0.0000000000
5 C     0.0004659838    -0.0000782710     0.0000000000
6 C     0.0001434868     0.0000019705     0.0000000000
7 C     0.0000074646    -0.0000782777     0.0000000000
8 C     0.0003936783     0.0001212845    -0.0000000000
9 C     0.0001061348     0.0016141243    -0.0000000000
10 C    -0.0003849731     0.0000708607    -0.0000000000
11 C    -0.0002860278    -0.0001309084     0.0000000000
12 C     0.0001831449    -0.0000982796     0.0000000000
13 C     0.0001157833    -0.0000021553    -0.0000000000
14 C     0.0002771327     0.0000265320    -0.0000000000
15 C    -0.0002770298     0.0007224452     0.0000000000
16 C    -0.0005245163    -0.0002635618     0.0000000000
17 C    -0.0004698076    -0.0001629867     0.0000000000
18 C     0.0001858391    -0.0001212413     0.0000000000
19 C     0.0004604608     0.0000729977    -0.0000000000
20 C    -0.0001436732     0.0000938086    -0.0000000000
21 C    -0.0005276068     0.0010724058    -0.0000000000
22 C    -0.0010235121    -0.0007058404     0.0000000000
23 C    -0.0002861415    -0.0001948052     0.0000000000
24 C     0.0003537002     0.0000674338    -0.0000000000
25 C     0.0006165035     0.0001055070    -0.0000000000
26 C    -0.0007170445     0.0004809664    -0.0000000000
27 C    -0.0004686344     0.0009992387     0.0000000000
28 C    -0.0017832141    -0.0012663326    -0.0000000000
29 C     0.0000427479     0.0002839388     0.0000000000
30 C     0.0010672790     0.0007554029    -0.0000000000
31 C    -0.0006723999    -0.0007163543    -0.0000000000
32 C     0.0020212242     0.0009881101    -0.0000000000
33 C    -0.0005665303     0.0009572730    -0.0000000000
34 C    -0.0027069262    -0.0019465736    -0.0000000000
35 C     0.0006272020     0.0006827104     0.0000000000
36 C    -0.0010900960    -0.0011391886    -0.0000000000
37 C    -0.0001543090     0.0038150224    -0.0000000000
38 C    -0.0047664179    -0.0011008687     0.0000000000
39 C     0.0010449061     0.0008402353     0.0000000000
40 C     0.0000462039    -0.0013071935    -0.0000000000
41 C    -0.0003928450     0.0000105211    -0.0000000000
42 C     0.0000642056     0.0003788130    -0.0000000000
43 C    -0.0002051606    -0.0001028272    -0.0000000000
44 C    -0.0001694184     0.0000981294     0.0000000000
45 C    -0.0024166484    -0.0010776016     0.0000000000
46 C    -0.0002996997     0.0010657367     0.0000000000
47 C    -0.0000004568     0.0001974944    -0.0000000000
48 C    -0.0003108981     0.0001776688    -0.0000000000
49 C     0.0000749239    -0.0000155736     0.0000000000
50 C    -0.0002860987    -0.0001517069    -0.0000000000
51 C     0.0003542006    -0.0007690045     0.0000000000
52 C     0.0002190112     0.0003018673    -0.0000000000
53 C     0.0000035797     0.0002710796    -0.0000000000
54 C    -0.0003852558    -0.0000501703    -0.0000000000
55 C    -0.0001834806     0.0000852713     0.0000000000
56 C     0.0002193406    -0.0000847149     0.0000000000
57 C     0.0009389542    -0.0007978694    -0.0000000000
58 C     0.0003835891     0.0002173692    -0.0000000000
59 C    -0.0003421076     0.0003336400    -0.0000000000
60 C    -0.0003955942    -0.0001374168     0.0000000000
61 C    -0.0002711695    -0.0000463270     0.0000000000
62 C     0.0002490085     0.0001333948     0.0000000000
63 C     0.0017235317    -0.0009389858     0.0000000000
64 C     0.0002881258     0.0004032581    -0.0000000000
65 C    -0.0009918183     0.0002430001    -0.0000000000
66 C    -0.0000442065    -0.0000043080     0.0000000000
67 C     0.0002302075     0.0001543154     0.0000000000
68 C    -0.0001975876    -0.0013241874     0.0000000000
69 C     0.0020138838    -0.0009522934     0.0000000000
70 C    -0.0008256971     0.0007403831     0.0000000000
71 C    -0.0013986793     0.0006496839     0.0000000000
72 C     0.0001376612     0.0006030879     0.0000000000
73 C    -0.0009910801     0.0007226693     0.0000000000
74 C     0.0014222839    -0.0017169785     0.0000000000
75 N    -0.0020298469     0.0040253079    -0.0000000000
76 C     0.0018340792    -0.0019176913     0.0000000000
77 C     0.0060437287    -0.0038865707    -0.0000000000
78 H     0.0004687418     0.0002631980     0.0000000000
79 H     0.0000961938     0.0002377708    -0.0000000000
80 H     0.0000684157    -0.0003254817     0.0000000000
81 H     0.0012666837    -0.0020046698     0.0000000000
82 H     0.0013333203     0.0015891583    -0.0000000000
83 H     0.0009756037    -0.0005096796    -0.0000000000
84 H    -0.0004382070     0.0002614767    -0.0000000000
85 H    -0.0001036564     0.0001204500    -0.0000000000
86 H    -0.0001685161     0.0000366536    -0.0000000000
87 H    -0.0002270685    -0.0000827791     0.0000000000
88 H    -0.0000052850    -0.0001902717    -0.0000000000
89 H    -0.0004907829    -0.0003357875    -0.0000000000
90 H    -0.0000700773     0.0000838077    -0.0000000000
91 H     0.0000380535     0.0002912601    -0.0000000000
92 H     0.0000386511     0.0002557296     0.0000000000
93 H     0.0000255473     0.0002675429    -0.0000000000
94 H    -0.0000242447     0.0002821534    -0.0000000000
95 H     0.0000692028     0.0000606209     0.0000000000
96 H    -0.0001209261    -0.0000489159     0.0000000000
97 H     0.0000787842    -0.0001506630    -0.0000000000
98 H     0.0001907730    -0.0001092815     0.0000000000
99 H     0.0003024540    -0.0001994829    -0.0000000000
100 H     0.0003636287    -0.0002698178     0.0000000000
101 H     0.0003995446     0.0001993589     0.0000000000
----------------------------------------------
cycle 5: E = -3001.28240589  dE = 0.000147974  norm(grad) = 0.0147622

Geometry optimization cycle 6
Cartesian coordinates (Angstrom)
 Atom        New coordinates             dX        dY        dZ
   C  -7.284458   5.019912   0.000000    0.005114 -0.005606  0.000000
   C  -7.317010   0.692137   0.000000    0.003421 -0.000564  0.000000
   C  -6.133087   2.879438   0.000000    0.002761 -0.002389  0.000000
   C  -4.874631   4.990359   0.000000    0.001099 -0.002204  0.000000
   C  -7.309969  -3.618017   0.000000    0.003192  0.005015  0.000000
   C  -6.136965  -1.418684   0.000000    0.004351  0.000390 -0.000000
   C  -4.910700   0.714126   0.000000    0.003319 -0.001043  0.000000
   C  -3.668490   2.845897   0.000000    0.001659 -0.001310  0.000000
   C  -2.440254   4.975637   0.000000    0.000136 -0.001750  0.000000
   C  -6.097992  -5.691159   0.000000    0.004196  0.000010  0.000000
   C  -4.897610  -3.557822   0.000000    0.003899  0.000498 -0.000000
   C  -3.676860  -1.417078   0.000000    0.003912  0.000105 -0.000000
   C  -2.460541   0.712590   0.000000    0.002531 -0.000435 -0.000000
   C  -1.220705   2.833815   0.000000    0.000639 -0.000988  0.000000
   C   0.006663   4.972438  -0.000000   -0.001236 -0.001436  0.000000
   C  -3.652323  -5.657268   0.000000    0.002015  0.000224 -0.000000
   C  -2.453907  -3.542488   0.000000    0.003203  0.001450 -0.000000
   C  -1.228413  -1.420115   0.000000    0.003693  0.000975 -0.000000
   C  -0.005038   0.709136  -0.000000    0.001812 -0.000065 -0.000000
   C   1.221475   2.830995  -0.000000   -0.000562 -0.000939 -0.000000
   C   2.453999   4.966933   0.000000   -0.002491 -0.001441 -0.000000
   C  -1.210967  -5.653756   0.000000   -0.000844  0.000702 -0.000000
   C  -0.003060  -3.546739  -0.000000    0.002830  0.002998 -0.000000
   C   1.214491  -1.422883  -0.000000    0.003629  0.001369 -0.000000
   C   2.448163   0.708214  -0.000000    0.000850 -0.000484 -0.000000
   C   3.671241   2.831820  -0.000000   -0.001709 -0.000704 -0.000000
   C   4.889947   4.966959   0.000000   -0.003226  0.000140 -0.000000
   C   1.235351  -5.659587  -0.000000   -0.004583  0.002174 -0.000000
   C   2.450648  -3.552630  -0.000000    0.003688  0.004087 -0.000000
   C   3.650850  -1.419384  -0.000000    0.003544  0.000101 -0.000000
   C   4.898952   0.696490  -0.000000   -0.000656 -0.001016 -0.000000
   C   6.137792   2.849500  -0.000000   -0.002918  0.001337 -0.000000
   C   7.303035   4.979986   0.000000   -0.006941 -0.000804 -0.000000
   C   3.688352  -5.650899  -0.000000   -0.009144  0.002706 -0.000000
   C   4.894201  -3.537033  -0.000000    0.005767  0.003004 -0.000000
   C   6.098205  -1.437380  -0.000000    0.002990 -0.000117 -0.000000
   C   7.298378   0.646111  -0.000000   -0.000781  0.007567 -0.000000
   C   6.142917  -5.639005  -0.000000   -0.015920 -0.005603  0.000000
   C   7.267430  -3.533556  -0.000000    0.004879 -0.003617 -0.000000
   C  -7.306253   3.627045   0.000000    0.001814 -0.005209  0.000000
   C  -6.091797   5.697475   0.000000    0.002239 -0.001418  0.000000
   C  -7.318946  -0.683314   0.000000    0.004568 -0.000185  0.000000
   C  -6.133753   1.425077   0.000000    0.003512 -0.001761  0.000000
   C  -4.894417   3.564317   0.000000    0.001832 -0.001714  0.000000
   C  -3.645313   5.661841   0.000000    0.000640 -0.002191  0.000000
   C  -7.288219  -5.013893   0.000000    0.007795  0.005365  0.000000
   C  -6.137694  -2.873143   0.000000    0.004671  0.001097 -0.000000
   C  -4.912172  -0.709651   0.000000    0.004071 -0.000356 -0.000000
   C  -3.674182   1.417990   0.000000    0.002761 -0.000969  0.000000
   C  -2.450037   3.540340   0.000000    0.000914 -0.001283  0.000000
   C  -1.209098   5.652983  -0.000000   -0.000510 -0.001196  0.000000
   C  -4.875740  -4.985838   0.000000    0.003026  0.000844 -0.000000
   C  -3.674544  -2.845372   0.000000    0.003404  0.000489 -0.000000
   C  -2.461551  -0.714707   0.000000    0.003517 -0.000020 -0.000000
   C  -1.226501   1.414856   0.000000    0.002022 -0.000486 -0.000000
   C   0.002210   3.532717  -0.000000   -0.000096 -0.001069  0.000000
   C   1.224733   5.648396   0.000000   -0.002034 -0.001199  0.000000
   C  -2.438954  -4.977088   0.000000    0.000398  0.001769 -0.000000
   C  -1.225957  -2.840770   0.000000    0.002789  0.001609 -0.000000
   C  -0.007904  -0.717514  -0.000000    0.003516  0.000461 -0.000000
   C   1.217616   1.412609  -0.000000    0.001216 -0.000435 -0.000000
   C   2.455671   3.531680  -0.000000   -0.001290 -0.000986 -0.000000
   C   3.664369   5.645108   0.000000   -0.003468 -0.001197 -0.000000
   C   0.003748  -4.985049  -0.000000   -0.003106  0.003362 -0.000000
   C   1.219474  -2.843721  -0.000000    0.003221  0.002259 -0.000000
   C   2.439822  -0.715872  -0.000000    0.003814  0.000009 -0.000000
   C   3.666310   1.404525  -0.000000   -0.000155 -0.000684 -0.000000
   C   4.901917   3.540872  -0.000000   -0.002763  0.000487 -0.000000
   C   6.113854   5.663657   0.000000   -0.004785  0.001817 -0.000000
   C   2.444832  -4.990504  -0.000000   -0.006852  0.004773 -0.000000
   C   3.662903  -2.838475  -0.000000    0.005519  0.001282 -0.000000
   C   4.883904  -0.727284  -0.000000    0.003127 -0.001218 -0.000000
   C   6.126960   1.395037  -0.000000   -0.002756  0.002239 -0.000000
   C   7.316735   3.586682   0.000000   -0.002843 -0.000298 -0.000000
   C   4.888060  -4.974496  -0.000000   -0.010178  0.002834 -0.000000
   N   6.085126  -2.857868  -0.000000    0.007656 -0.001458 -0.000000
   C   7.294967  -0.731493  -0.000000   -0.002094  0.008170 -0.000000
   C   7.300053  -4.915056  -0.000000   -0.018482 -0.003009  0.000000
   H   8.241583   5.521195   0.000000   -0.007488 -0.000789 -0.000000
   H   8.274746   3.085686  -0.000000   -0.002765  0.000249 -0.000000
   H   8.259148   1.140930  -0.000000   -0.001936  0.009568 -0.000000
   H   8.252501  -1.225167  -0.000000   -0.000725  0.014044 -0.000000
   H   8.168758  -2.955463  -0.000000    0.009427 -0.013634 -0.000000
   H   8.267621  -5.399671  -0.000000   -0.022441 -0.009262  0.000000
   H  -8.220265   5.565930   0.000000    0.005150 -0.006456  0.000000
   H  -8.267177   3.132124   0.000000    0.002080 -0.005216  0.000000
   H  -8.270607   1.201339   0.000000    0.003700 -0.000664  0.000000
   H  -8.273371  -1.190742   0.000000    0.005167 -0.000601  0.000000
   H  -8.271038  -3.123275   0.000000    0.003403  0.005041  0.000000
   H  -8.224415  -5.559323   0.000000    0.007825  0.006312  0.000000
   H  -6.068754   6.781073   0.000000    0.000831 -0.001634  0.000000
   H  -3.638101   6.746479   0.000000    0.000430 -0.002540  0.000000
   H  -1.207576   6.737494  -0.000000   -0.000671 -0.001522  0.000000
   H   1.226807   6.732858  -0.000000   -0.002159 -0.001535  0.000000
   H   3.663988   6.729656   0.000000   -0.004172 -0.001560 -0.000000
   H   6.098853   6.747391   0.000000   -0.004395  0.001585 -0.000000
   H  -6.076268  -6.774892   0.000000    0.002334  0.000188  0.000000
   H  -3.648665  -6.742070   0.000000    0.002269  0.000486 -0.000000
   H  -1.214726  -6.738397   0.000000   -0.000525  0.000934 -0.000000
   H   1.234291  -6.743942  -0.000000   -0.004639  0.002471 -0.000000
   H   3.706233  -6.734439  -0.000000   -0.010798  0.003045 -0.000000
   H   6.160938  -6.721278  -0.000000   -0.019128 -0.005469  0.000000
converged SCF energy = -3001.28284437
--------------- ROKS_Scanner gradients ---------------
         x                y                z
0 C    -0.0000929996     0.0000267008     0.0000000000
1 C     0.0000445121    -0.0000912669     0.0000000000
2 C     0.0000153915    -0.0000945951     0.0000000000
3 C     0.0001194926     0.0000981248     0.0000000000
4 C     0.0001607369    -0.0001926622    -0.0000000000
5 C     0.0000696290    -0.0000633942     0.0000000000
6 C     0.0000107871    -0.0000056035    -0.0000000000
7 C    -0.0000119436    -0.0000344556     0.0000000000
8 C     0.0001030720    -0.0000181579     0.0000000000
9 C     0.0001209340    -0.0000032722    -0.0000000000
10 C    -0.0000490961     0.0000976205    -0.0000000000
11 C    -0.0000702698    -0.0000594873    -0.0000000000
12 C     0.0000518770    -0.0000346090    -0.0000000000
13 C    -0.0000034624     0.0000056418     0.0000000000
14 C     0.0000263900    -0.0001015305    -0.0000000000
15 C    -0.0001146704     0.0000606710     0.0000000000
16 C    -0.0000504404     0.0000793868    -0.0000000000
17 C    -0.0000992363    -0.0000622303     0.0000000000
18 C     0.0000396119    -0.0000544179    -0.0000000000
19 C     0.0000955007     0.0000312925    -0.0000000000
20 C    -0.0001919324    -0.0000194735    -0.0000000000
21 C    -0.0002658213     0.0000159662     0.0000000000
22 C    -0.0000707188     0.0000084121     0.0000000000
23 C     0.0000391919    -0.0000468626     0.0000000000
24 C     0.0000587105    -0.0000087032    -0.0000000000
25 C     0.0001117340    -0.0000207537    -0.0000000000
26 C    -0.0001099968     0.0002006313     0.0000000000
27 C    -0.0004030736    -0.0002186429     0.0000000000
28 C    -0.0000903693    -0.0000959286    -0.0000000000
29 C     0.0002272729    -0.0000264295     0.0000000000
30 C     0.0002280649     0.0002291731    -0.0000000000
31 C    -0.0001704981    -0.0002225568    -0.0000000000
32 C     0.0003547913     0.0001602727     0.0000000000
33 C    -0.0005914992    -0.0002736530    -0.0000000000
34 C    -0.0001839052    -0.0002313488    -0.0000000000
35 C     0.0001179645    -0.0000243969     0.0000000000
36 C    -0.0002142683    -0.0002327343    -0.0000000000
37 C    -0.0003950235     0.0008518997     0.0000000000
38 C    -0.0007674271     0.0001924692    -0.0000000000
39 C     0.0001131317     0.0000497961     0.0000000000
40 C     0.0000361829    -0.0001050062    -0.0000000000
41 C    -0.0000249783     0.0000709976    -0.0000000000
42 C     0.0000166355     0.0000885026    -0.0000000000
43 C    -0.0000267553    -0.0000541951    -0.0000000000
44 C    -0.0000879613     0.0000402340     0.0000000000
45 C    -0.0001490133     0.0000580801     0.0000000000
46 C     0.0000253476     0.0001436012    -0.0000000000
47 C    -0.0000035979     0.0000245565     0.0000000000
48 C    -0.0000641810     0.0000506896     0.0000000000
49 C     0.0000432455    -0.0000127433    -0.0000000000
50 C    -0.0001031289     0.0000432465    -0.0000000000
51 C    -0.0000597541    -0.0000943551    -0.0000000000
52 C     0.0000863363     0.0000679061     0.0000000000
53 C     0.0000753494     0.0000522138     0.0000000000
54 C    -0.0000981589    -0.0000018418     0.0000000000
55 C    -0.0000225227     0.0000332551     0.0000000000
56 C     0.0000480961     0.0000415307     0.0000000000
57 C     0.0002536648    -0.0001251528    -0.0000000000
58 C     0.0000283631     0.0000095322    -0.0000000000
59 C     0.0000107134     0.0000802889    -0.0000000000
60 C    -0.0000538214    -0.0000410223     0.0000000000
61 C    -0.0000675509    -0.0000394757     0.0000000000
62 C     0.0000646794    -0.0001427511    -0.0000000000
63 C     0.0004827848    -0.0000246329    -0.0000000000
64 C     0.0000529614    -0.0000292702    -0.0000000000
65 C    -0.0002042632     0.0000269396     0.0000000000
66 C    -0.0000522046    -0.0000849238     0.0000000000
67 C     0.0000086601     0.0000170573    -0.0000000000
68 C    -0.0000189325    -0.0003307382    -0.0000000000
69 C     0.0003700929     0.0002060334     0.0000000000
70 C     0.0000506303     0.0000374341     0.0000000000
71 C    -0.0003770595    -0.0000350063    -0.0000000000
72 C     0.0000993991     0.0001079967     0.0000000000
73 C    -0.0002793279     0.0001197746     0.0000000000
74 C    -0.0001898556     0.0001336645    -0.0000000000
75 N    -0.0001512398     0.0007175817     0.0000000000
76 C     0.0003592682    -0.0002674211     0.0000000000
77 C     0.0008913404    -0.0005200032     0.0000000000
78 H     0.0000620357     0.0000315142     0.0000000000
79 H     0.0000337875     0.0000226337    -0.0000000000
80 H     0.0000609245    -0.0000284602     0.0000000000
81 H     0.0001851499    -0.0005010292    -0.0000000000
82 H     0.0002931686     0.0003969337     0.0000000000
83 H     0.0001350701    -0.0000036306    -0.0000000000
84 H    -0.0000227303     0.0000203445     0.0000000000
85 H    -0.0000295229    -0.0000193104    -0.0000000000
86 H    -0.0000260041     0.0000232783     0.0000000000
87 H    -0.0000267425    -0.0000158606     0.0000000000
88 H    -0.0000111346     0.0000209887    -0.0000000000
89 H    -0.0000066588    -0.0000417683    -0.0000000000
90 H     0.0000028597     0.0000363343    -0.0000000000
91 H     0.0000260587     0.0000509586    -0.0000000000
92 H     0.0000188578     0.0000551406     0.0000000000
93 H    -0.0000138102     0.0000541653    -0.0000000000
94 H    -0.0000226756     0.0000129797    -0.0000000000
95 H     0.0000121298     0.0000027215     0.0000000000
96 H    -0.0000201589    -0.0000546095    -0.0000000000
97 H     0.0000178495    -0.0000373585    -0.0000000000
98 H     0.0000528679    -0.0000521601    -0.0000000000
99 H     0.0000673067    -0.0001035738    -0.0000000000
100 H     0.0000480453    -0.0001023627    -0.0000000000
101 H     0.0000085325     0.0000689152     0.0000000000
----------------------------------------------
cycle 6: E = -3001.28284437  dE = -0.000438484  norm(grad) = 0.00260537

Geometry optimization cycle 7
Cartesian coordinates (Angstrom)
 Atom        New coordinates             dX        dY        dZ
   C  -7.285476   5.020090   0.000000   -0.001018  0.000178 -0.000000
   C  -7.317015   0.692127   0.000000   -0.000005 -0.000010  0.000000
   C  -6.133537   2.879490   0.000000   -0.000450  0.000052 -0.000000
   C  -4.875446   4.990113   0.000000   -0.000815 -0.000246 -0.000000
   C  -7.309930  -3.617235   0.000000    0.000038  0.000782  0.000000
   C  -6.136649  -1.418355   0.000000    0.000316  0.000329  0.000000
   C  -4.910620   0.714373   0.000000    0.000080  0.000248  0.000000
   C  -3.668755   2.846056   0.000000   -0.000265  0.000159 -0.000000
   C  -2.440811   4.975633  -0.000000   -0.000558 -0.000003 -0.000000
   C  -6.097921  -5.689200   0.000000    0.000071  0.001959  0.000000
   C  -4.897154  -3.557271   0.000000    0.000456  0.000550  0.000000
   C  -3.676409  -1.416481   0.000000    0.000451  0.000597 -0.000000
   C  -2.460339   0.713109   0.000000    0.000202  0.000520 -0.000000
   C  -1.220814   2.834184  -0.000000   -0.000109  0.000368 -0.000000
   C   0.006382   4.972714   0.000000   -0.000280  0.000276  0.000000
   C  -3.651557  -5.656531   0.000000    0.000766  0.000738 -0.000000
   C  -2.453328  -3.541543  -0.000000    0.000579  0.000944 -0.000000
   C  -1.227734  -1.419154  -0.000000    0.000678  0.000962 -0.000000
   C  -0.004711   0.709823  -0.000000    0.000326  0.000687  0.000000
   C   1.221484   2.831574   0.000000    0.000009  0.000579  0.000000
   C   2.454126   4.967805   0.000000    0.000127  0.000872  0.000000
   C  -1.210116  -5.652164  -0.000000    0.000851  0.001592 -0.000000
   C  -0.002173  -3.545269  -0.000000    0.000886  0.001469 -0.000000
   C   1.215429  -1.422026  -0.000000    0.000938  0.000857 -0.000000
   C   2.448354   0.708541   0.000000    0.000191  0.000328  0.000000
   C   3.671092   2.832496   0.000000   -0.000149  0.000676  0.000000
   C   4.889225   4.968142   0.000000   -0.000722  0.001184  0.000000
   C   1.236630  -5.656817  -0.000000    0.001279  0.002770 -0.000000
   C   2.452251  -3.551778  -0.000000    0.001603  0.000852 -0.000000
   C   3.651991  -1.419810   0.000000    0.001141 -0.000426  0.000000
   C   4.898406   0.696152   0.000000   -0.000546 -0.000338  0.000000
   C   6.137462   2.850947   0.000000   -0.000330  0.001447  0.000000
   C   7.300924   4.980659   0.000000   -0.002111  0.000673  0.000000
   C   3.690631  -5.649211  -0.000000    0.002279  0.001687 -0.000000
   C   4.897132  -3.538743  -0.000000    0.002931 -0.001709  0.000000
   C   6.099488  -1.438381   0.000000    0.001283 -0.001002  0.000000
   C   7.297243   0.648998   0.000000   -0.001135  0.002887  0.000000
   C   6.144902  -5.645713  -0.000000    0.001985 -0.006708 -0.000000
   C   7.269737  -3.538195  -0.000000    0.002307 -0.004639  0.000000
   C  -7.306628   3.627253   0.000000   -0.000375  0.000208 -0.000000
   C  -6.092634   5.697208   0.000000   -0.000837 -0.000267 -0.000000
   C  -7.318729  -0.683309   0.000000    0.000217  0.000005  0.000000
   C  -6.133828   1.425088   0.000000   -0.000076  0.000012  0.000000
   C  -4.894843   3.564252   0.000000   -0.000426 -0.000065 -0.000000
   C  -3.646019   5.661453  -0.000000   -0.000706 -0.000387 -0.000000
   C  -7.288718  -5.013111   0.000000   -0.000498  0.000782  0.000000
   C  -6.137400  -2.872791   0.000000    0.000294  0.000351  0.000000
   C  -4.911876  -0.709318   0.000000    0.000296  0.000333  0.000000
   C  -3.674098   1.418222   0.000000    0.000083  0.000232 -0.000000
   C  -2.450352   3.540473   0.000000   -0.000315  0.000134 -0.000000
   C  -1.209541   5.652835  -0.000000   -0.000443 -0.000148 -0.000000
   C  -4.874959  -4.985027   0.000000    0.000781  0.000811 -0.000000
   C  -3.674166  -2.844738   0.000000    0.000377  0.000634 -0.000000
   C  -2.461145  -0.714108  -0.000000    0.000406  0.000599 -0.000000
   C  -1.226255   1.415334   0.000000    0.000246  0.000478 -0.000000
   C   0.002084   3.533066   0.000000   -0.000126  0.000349  0.000000
   C   1.224443   5.648506   0.000000   -0.000290  0.000110  0.000000
   C  -2.438472  -4.975975  -0.000000    0.000482  0.001113 -0.000000
   C  -1.225325  -2.839694  -0.000000    0.000633  0.001077 -0.000000
   C  -0.007140  -0.716771  -0.000000    0.000764  0.000743 -0.000000
   C   1.217913   1.413200   0.000000    0.000297  0.000590  0.000000
   C   2.455653   3.532483   0.000000   -0.000018  0.000802  0.000000
   C   3.663943   5.646700   0.000000   -0.000427  0.001593  0.000000
   C   0.004305  -4.983284  -0.000000    0.000556  0.001765 -0.000000
   C   1.220781  -2.842718  -0.000000    0.001307  0.001003 -0.000000
   C   2.441117  -0.715654  -0.000000    0.001294  0.000218  0.000000
   C   3.666220   1.404967   0.000000   -0.000090  0.000442  0.000000
   C   4.901547   3.542028   0.000000   -0.000370  0.001157  0.000000
   C   6.112601   5.665613   0.000000   -0.001253  0.001956  0.000000
   C   2.446649  -4.989364  -0.000000    0.001817  0.001140 -0.000000
   C   3.665462  -2.839069  -0.000000    0.002559 -0.000594  0.000000
   C   4.885208  -0.728041   0.000000    0.001304 -0.000757  0.000000
   C   6.125412   1.396490   0.000000   -0.001548  0.001453  0.000000
   C   7.316737   3.587436   0.000000    0.000002  0.000754  0.000000
   C   4.892051  -4.976957  -0.000000    0.003991 -0.002460 -0.000000
   N   6.088380  -2.860259  -0.000000    0.003254 -0.002391  0.000000
   C   7.294002  -0.728448   0.000000   -0.000964  0.003045  0.000000
   C   7.299989  -4.919443  -0.000000   -0.000064 -0.004387  0.000000
   H   8.239267   5.522026   0.000000   -0.002317  0.000831  0.000000
   H   8.274857   3.086820   0.000000    0.000112  0.001134  0.000000
   H   8.257511   1.144535   0.000000   -0.001637  0.003605  0.000000
   H   8.252903  -1.218262   0.000000    0.000402  0.006905  0.000000
   H   8.171992  -2.962855  -0.000000    0.003235 -0.007392  0.000000
   H   8.267393  -5.404098  -0.000000   -0.000228 -0.004427 -0.000000
   H  -8.221305   5.566001   0.000000   -0.001040  0.000071 -0.000000
   H  -8.267433   3.132320   0.000000   -0.000256  0.000196  0.000000
   H  -8.270634   1.201113   0.000000   -0.000027 -0.000225  0.000000
   H  -8.273006  -1.190865   0.000000    0.000365 -0.000123  0.000000
   H  -8.270829  -3.122353   0.000000    0.000209  0.000922  0.000000
   H  -8.224851  -5.558609   0.000000   -0.000436  0.000714  0.000000
   H  -6.069478   6.780708   0.000000   -0.000724 -0.000366 -0.000000
   H  -3.639064   6.745995  -0.000000   -0.000963 -0.000484 -0.000000
   H  -1.208237   6.737237  -0.000000   -0.000661 -0.000257 -0.000000
   H   1.226346   6.732862   0.000000   -0.000461  0.000005  0.000000
   H   3.663557   6.731213   0.000000   -0.000431  0.001557  0.000000
   H   6.097806   6.749308   0.000000   -0.001047  0.001917  0.000000
   H  -6.076126  -6.772803   0.000000    0.000143  0.002089  0.000000
   H  -3.647844  -6.741246   0.000000    0.000821  0.000824 -0.000000
   H  -1.213829  -6.736690  -0.000000    0.000897  0.001707 -0.000000
   H   1.235039  -6.740973  -0.000000    0.000748  0.002969 -0.000000
   H   3.706891  -6.732583  -0.000000    0.000658  0.001856 -0.000000
   H   6.162520  -6.728031  -0.000000    0.001582 -0.006753 -0.000000
converged SCF energy = -3001.2828454318
