1721291787.8815856

Geometry optimization cycle 1
Cartesian coordinates (Angstrom)
 Atom        New coordinates             dX        dY        dZ
   C  -7.338226   5.042760   0.000000    0.000000  0.000000  0.000000
   C  -7.365228   0.691139   0.000000    0.000000  0.000000  0.000000
   C  -6.173642   2.889413   0.000000    0.000000  0.000000  0.000000
   C  -4.910090   5.019617   0.000000    0.000000  0.000000  0.000000
   C  -7.358051  -3.642635   0.000000    0.000000  0.000000  0.000000
   C  -6.173475  -1.431785   0.000000    0.000000  0.000000  0.000000
   C  -4.940069   0.716689   0.000000    0.000000  0.000000  0.000000
   C  -3.694845   2.860312   0.000000    0.000000  0.000000  0.000000
   C  -2.457224   5.005715   0.000000    0.000000  0.000000  0.000000
   C  -6.138515  -5.727246   0.000000    0.000000  0.000000  0.000000
   C  -4.928214  -3.580071   0.000000    0.000000  0.000000  0.000000
   C  -3.698169  -1.425571   0.000000    0.000000  0.000000  0.000000
   C  -2.471779   0.716540   0.000000    0.000000  0.000000  0.000000
   C  -1.230705   2.851907   0.000000    0.000000 -0.000000  0.000000
   C   0.000000   5.003169   0.000000    0.000000  0.000000  0.000000
   C  -3.678966  -5.694052   0.000000    0.000000  0.000000  0.000000
   C  -2.466015  -3.560923   0.000000    0.000000  0.000000  0.000000
   C  -1.232423  -1.423207   0.000000    0.000000  0.000000  0.000000
   C   0.000000   0.715809   0.000000    0.000000  0.000000  0.000000
   C   1.230705   2.851907   0.000000    0.000000 -0.000000  0.000000
   C   2.457224   5.005715   0.000000    0.000000  0.000000  0.000000
   C  -1.226334  -5.685080   0.000000    0.000000  0.000000  0.000000
   C   0.000000  -3.557079   0.000000    0.000000  0.000000  0.000000
   C   1.232423  -1.423207   0.000000    0.000000  0.000000  0.000000
   C   2.471779   0.716540   0.000000    0.000000  0.000000  0.000000
   C   3.694845   2.860312   0.000000    0.000000  0.000000  0.000000
   C   4.910090   5.019617   0.000000    0.000000  0.000000  0.000000
   C   1.226334  -5.685080   0.000000    0.000000  0.000000  0.000000
   C   2.466015  -3.560923   0.000000    0.000000  0.000000  0.000000
   C   3.698169  -1.425571   0.000000    0.000000  0.000000  0.000000
   C   4.940069   0.716689   0.000000    0.000000  0.000000  0.000000
   C   6.173642   2.889413   0.000000    0.000000  0.000000  0.000000
   C   7.338226   5.042760   0.000000    0.000000  0.000000  0.000000
   C   3.678966  -5.694052   0.000000    0.000000  0.000000  0.000000
   C   4.928214  -3.580071   0.000000    0.000000  0.000000  0.000000
   C   6.173475  -1.431785   0.000000   -0.000000  0.000000  0.000000
   N   7.365228   0.691139   0.000000    0.000000  0.000000  0.000000
   C   6.138515  -5.727246   0.000000    0.000000  0.000000  0.000000
   C   7.358051  -3.642635   0.000000   -0.000000  0.000000  0.000000
   C  -7.358051   3.642635   0.000000    0.000000  0.000000  0.000000
   C  -6.138515   5.727246   0.000000    0.000000  0.000000  0.000000
   C  -7.365228  -0.691139   0.000000    0.000000  0.000000  0.000000
   C  -6.173475   1.431785   0.000000    0.000000  0.000000  0.000000
   C  -4.928214   3.580071   0.000000    0.000000 -0.000000  0.000000
   C  -3.678966   5.694052   0.000000    0.000000  0.000000  0.000000
   N  -7.338226  -5.042760   0.000000    0.000000  0.000000  0.000000
   C  -6.173642  -2.889413   0.000000    0.000000  0.000000  0.000000
   C  -4.940069  -0.716689   0.000000    0.000000  0.000000  0.000000
   C  -3.698169   1.425571   0.000000    0.000000  0.000000  0.000000
   C  -2.466015   3.560923   0.000000    0.000000 -0.000000  0.000000
   C  -1.226334   5.685080   0.000000    0.000000  0.000000  0.000000
   C  -4.910090  -5.019617   0.000000    0.000000  0.000000  0.000000
   C  -3.694845  -2.860312   0.000000    0.000000  0.000000  0.000000
   C  -2.471779  -0.716540   0.000000    0.000000  0.000000  0.000000
   C  -1.232423   1.423207   0.000000    0.000000  0.000000  0.000000
   C   0.000000   3.557079   0.000000    0.000000  0.000000  0.000000
   N   1.226334   5.685080   0.000000    0.000000  0.000000  0.000000
   C  -2.457224  -5.005715   0.000000    0.000000  0.000000  0.000000
   C  -1.230705  -2.851907   0.000000    0.000000  0.000000  0.000000
   C   0.000000  -0.715809   0.000000    0.000000  0.000000  0.000000
   C   1.232423   1.423207   0.000000    0.000000  0.000000  0.000000
   C   2.466015   3.560923   0.000000    0.000000 -0.000000  0.000000
   C   3.678966   5.694052   0.000000    0.000000  0.000000  0.000000
   C   0.000000  -5.003169   0.000000    0.000000  0.000000  0.000000
   C   1.230705  -2.851907   0.000000    0.000000  0.000000  0.000000
   C   2.471779  -0.716540   0.000000    0.000000  0.000000  0.000000
   C   3.698169   1.425571   0.000000    0.000000  0.000000  0.000000
   C   4.928214   3.580071   0.000000    0.000000 -0.000000  0.000000
   C   6.138515   5.727246   0.000000    0.000000  0.000000  0.000000
   C   2.457224  -5.005715   0.000000    0.000000  0.000000  0.000000
   C   3.694845  -2.860312   0.000000    0.000000  0.000000  0.000000
   C   4.940069  -0.716689   0.000000    0.000000  0.000000  0.000000
   C   6.173475   1.431785   0.000000   -0.000000  0.000000  0.000000
   C   7.358051   3.642635   0.000000   -0.000000  0.000000  0.000000
   C   4.910090  -5.019617   0.000000    0.000000  0.000000  0.000000
   C   6.173642  -2.889413   0.000000    0.000000  0.000000  0.000000
   C   7.365228  -0.691139   0.000000    0.000000  0.000000  0.000000
   C   7.338226  -5.042760   0.000000    0.000000  0.000000  0.000000
   H   8.282184   5.591425   0.000000    0.000000 -0.000000  0.000000
   H   8.325741   3.141106   0.000000    0.000000  0.000000  0.000000
   H   8.326715   1.204661   0.000000    0.000000  0.000000  0.000000
   H   8.326715  -1.204661   0.000000    0.000000  0.000000  0.000000
   H   8.325741  -3.141106   0.000000    0.000000  0.000000  0.000000
   H   8.282184  -5.591425   0.000000    0.000000  0.000000  0.000000
   H  -8.282184   5.591425   0.000000    0.000000 -0.000000  0.000000
   H  -8.325741   3.141106   0.000000    0.000000  0.000000  0.000000
   H  -8.326715   1.204661   0.000000    0.000000  0.000000  0.000000
   H  -8.326715  -1.204661   0.000000    0.000000  0.000000  0.000000
   H  -8.325741  -3.141106   0.000000    0.000000  0.000000  0.000000
   H  -8.282184  -5.591425   0.000000    0.000000  0.000000  0.000000
   H  -6.116625   6.819427   0.000000    0.000000  0.000000  0.000000
   H  -3.672757   6.787431   0.000000    0.000000  0.000000  0.000000
   H  -1.225580   6.778408   0.000000    0.000000 -0.000000  0.000000
   H   1.225580   6.778408   0.000000    0.000000 -0.000000  0.000000
   H   3.672757   6.787431   0.000000    0.000000  0.000000  0.000000
   H   6.116625   6.819427   0.000000   -0.000000  0.000000  0.000000
   H  -6.116625  -6.819427   0.000000    0.000000  0.000000  0.000000
   H  -3.672757  -6.787431   0.000000    0.000000  0.000000  0.000000
   H  -1.225580  -6.778408   0.000000    0.000000  0.000000  0.000000
   H   1.225580  -6.778408   0.000000    0.000000  0.000000  0.000000
   H   3.672757  -6.787431   0.000000    0.000000  0.000000  0.000000
   H   6.116625  -6.819427   0.000000   -0.000000  0.000000  0.000000
converged SCF energy = -3034.5339374605
--------------- ROKS_Scanner gradients ---------------
         x                y                z
0 C    -0.0039836221     0.0012813498    -0.0000000000
1 C     0.0006640989     0.0046066796    -0.0000000000
2 C     0.0029872338    -0.0044575204     0.0000000000
3 C     0.0020896132     0.0034832940     0.0000000000
4 C     0.0108478621     0.0264740767     0.0000000000
5 C     0.0005393070     0.0003232100     0.0000000000
6 C     0.0038176058    -0.0003316718     0.0000000000
7 C     0.0030508069     0.0012934831     0.0000000000
8 C     0.0161235835     0.0048915706    -0.0000000000
9 C     0.0261655751    -0.0157502060    -0.0000000000
10 C     0.0094598842    -0.0115358961    -0.0000000000
11 C     0.0011539202     0.0016397205    -0.0000000000
12 C     0.0019110833    -0.0020536385    -0.0000000000
13 C     0.0047090565    -0.0014925548    -0.0000000000
14 C     0.0174845757    -0.0128292295     0.0000000000
15 C     0.0227335588     0.0001976748    -0.0000000000
16 C    -0.0011101070    -0.0002625150    -0.0000000000
17 C     0.0040531843     0.0007189980    -0.0000000000
18 C     0.0011317475     0.0027325884    -0.0000000000
19 C     0.0035627280     0.0040272595    -0.0000000000
20 C    -0.0080287624    -0.0100069569     0.0000000000
21 C     0.0148028965    -0.0062303002    -0.0000000000
22 C    -0.0058241941     0.0007378731    -0.0000000000
23 C    -0.0008960415    -0.0032005785    -0.0000000000
24 C    -0.0005063832     0.0057417152    -0.0000000000
25 C    -0.0034291892    -0.0017722327    -0.0000000000
26 C    -0.0077870399     0.0086145431    -0.0000000000
27 C     0.0050872555    -0.0057001395    -0.0000000000
28 C    -0.0044424891    -0.0002920461    -0.0000000000
29 C    -0.0147553575    -0.0068706017    -0.0000000000
30 C    -0.0094852230    -0.0000580254    -0.0000000000
31 C    -0.0084664896     0.0106720420     0.0000000000
32 C     0.0002811619     0.0070223252    -0.0000000000
33 C    -0.0018508177    -0.0040838244     0.0000000000
34 C     0.0020709080    -0.0029570868    -0.0000000000
35 C    -0.0237263602    -0.0132529659    -0.0000000000
36 N    -0.0213438185    -0.0056914287    -0.0000000000
37 C    -0.0061373606    -0.0033536611    -0.0000000000
38 C     0.0040017058    -0.0052935754    -0.0000000000
39 C    -0.0015930982     0.0016404098    -0.0000000000
40 C     0.0005052616     0.0032557224    -0.0000000000
41 C     0.0005544096    -0.0034917262     0.0000000000
42 C    -0.0036773656     0.0031340673    -0.0000000000
43 C    -0.0010567068    -0.0015115625    -0.0000000000
44 C    -0.0103573854     0.0038165272    -0.0000000000
45 N    -0.0023544910    -0.0017922318     0.0000000000
46 C    -0.0138179049     0.0076687008    -0.0000000000
47 C     0.0000840330     0.0018571950    -0.0000000000
48 C    -0.0031634236    -0.0008774702    -0.0000000000
49 C    -0.0015161605    -0.0026012810     0.0000000000
50 C    -0.0361814600     0.0025771062     0.0000000000
51 C    -0.0144721928     0.0095960278     0.0000000000
52 C    -0.0000574918    -0.0029092532     0.0000000000
53 C    -0.0024931720     0.0010134484     0.0000000000
54 C    -0.0006113828    -0.0016714481     0.0000000000
55 C    -0.0089554393    -0.0065091713     0.0000000000
56 N    -0.0044757141    -0.0214800496    -0.0000000000
57 C    -0.0197970615     0.0065522912     0.0000000000
58 C     0.0031658110    -0.0017763156     0.0000000000
59 C    -0.0022284486    -0.0030244010     0.0000000000
60 C     0.0001250246    -0.0046929512     0.0000000000
61 C     0.0043575999    -0.0101260785     0.0000000000
62 C     0.0281071418     0.0018548484     0.0000000000
63 C    -0.0085302981     0.0031386484     0.0000000000
64 C     0.0034511001     0.0020833835     0.0000000000
65 C     0.0068777819    -0.0059603113     0.0000000000
66 C    -0.0017821559    -0.0060707426     0.0000000000
67 C     0.0038917089    -0.0010374241    -0.0000000000
68 C     0.0041438995     0.0027412817     0.0000000000
69 C    -0.0003062197     0.0016907778    -0.0000000000
70 C    -0.0011118016     0.0066055103     0.0000000000
71 C     0.0216613693     0.0007905494     0.0000000000
72 C    -0.0012404096    -0.0019263976     0.0000000000
73 C    -0.0027931841    -0.0026454782     0.0000000000
74 C     0.0053365093     0.0005984565    -0.0000000000
75 C    -0.0089382445     0.0098006558     0.0000000000
76 C     0.0197096653    -0.0092070141     0.0000000000
77 C     0.0058766539     0.0029229741     0.0000000000
78 H     0.0049771097     0.0029912980     0.0000000000
79 H     0.0026807067    -0.0033383358    -0.0000000000
80 H     0.0540760218     0.0259908207     0.0000000000
81 H     0.0041498562    -0.0100938021    -0.0000000000
82 H     0.0043355835     0.0034675014     0.0000000000
83 H     0.0048913082    -0.0028152629    -0.0000000000
84 H    -0.0048473235     0.0028029519     0.0000000000
85 H    -0.0054302358    -0.0029632781    -0.0000000000
86 H    -0.0056240743     0.0029823426     0.0000000000
87 H    -0.0044875662    -0.0035019732    -0.0000000000
88 H    -0.0045008974     0.0118775934    -0.0000000000
89 H    -0.0514439923    -0.0299283001    -0.0000000000
90 H     0.0001947219     0.0058268776    -0.0000000000
91 H     0.0000426545     0.0059605198     0.0000000000
92 H     0.0001482472     0.0053974153    -0.0000000000
93 H     0.0000189284     0.0618874822     0.0000000000
94 H    -0.0004003511     0.0056202061    -0.0000000000
95 H    -0.0004540839     0.0060867532    -0.0000000000
96 H     0.0087913128    -0.0084989317     0.0000000000
97 H    -0.0002175654    -0.0061662546     0.0000000000
98 H     0.0000883534    -0.0062840117    -0.0000000000
99 H     0.0000723337    -0.0061834408     0.0000000000
100 H    -0.0000616026    -0.0061584836    -0.0000000000
101 H    -0.0002883108    -0.0060106016     0.0000000000
----------------------------------------------
cycle 1: E = -3034.53393746  dE = -3034.53  norm(grad) = 0.154129

Geometry optimization cycle 2
Cartesian coordinates (Angstrom)
 Atom        New coordinates             dX        dY        dZ
   C  -7.265932   5.007022   0.000000    0.072294 -0.035737  0.000000
   C  -7.324698   0.693494   0.000000    0.040529  0.002355  0.000000
   C  -6.134940   2.875647   0.000000    0.038702 -0.013766  0.000000
   C  -4.852117   4.986889   0.000000    0.057974 -0.032728  0.000000
   C  -7.328202  -3.530877   0.000000    0.029849  0.111758  0.000000
   C  -6.135481  -1.408592   0.000000    0.037994  0.023194  0.000000
   C  -4.915905   0.714085   0.000000    0.024163 -0.002604  0.000000
   C  -3.676592   2.842408   0.000000    0.018253 -0.017904  0.000000
   C  -2.412763   4.975749   0.000000    0.044460 -0.029966  0.000000
   C  -6.090385  -5.632375   0.000000    0.048131  0.094871  0.000000
   C  -4.890613  -3.549651   0.000000    0.037601  0.030420  0.000000
   C  -3.679193  -1.422362   0.000000    0.018976  0.003209  0.000000
   C  -2.471703   0.703632   0.000000    0.000076 -0.012908  0.000000
   C  -1.242333   2.818758  -0.000000   -0.011629 -0.033149 -0.000000
   C  -0.022188   4.918755  -0.000000   -0.022188 -0.084413 -0.000000
   C  -3.651315  -5.681415   0.000000    0.027651  0.012638  0.000000
   C  -2.443427  -3.556516  -0.000000    0.022587  0.004407 -0.000000
   C  -1.235443  -1.430527  -0.000000   -0.003021 -0.007320 -0.000000
   C  -0.024085   0.694065  -0.000000   -0.024085 -0.021744 -0.000000
   C   1.208275   2.810999  -0.000000   -0.022429 -0.040908 -0.000000
   C   2.451181   4.938771  -0.000000   -0.006043 -0.066944 -0.000000
   C  -1.206941  -5.659343  -0.000000    0.019393  0.025736 -0.000000
   C   0.015348  -3.548784  -0.000000    0.015348  0.008294 -0.000000
   C   1.213825  -1.425107  -0.000000   -0.018598 -0.001900 -0.000000
   C   2.422403   0.699219  -0.000000   -0.049377 -0.017321 -0.000000
   C   3.658588   2.836907  -0.000000   -0.036257 -0.023404 -0.000000
   C   4.852473   4.962956  -0.000000   -0.057617 -0.056661 -0.000000
   C   1.240757  -5.649823  -0.000000    0.014423  0.035257 -0.000000
   C   2.473561  -3.541616  -0.000000    0.007547  0.019306 -0.000000
   C   3.664288  -1.417943  -0.000000   -0.033881  0.007628 -0.000000
   C   4.846635   0.712051  -0.000000   -0.093434 -0.004638 -0.000000
   C   6.133991   2.865701  -0.000000   -0.039651 -0.023712 -0.000000
   C   7.276119   4.961863   0.000000   -0.062107 -0.080897  0.000000
   C   3.687619  -5.646450   0.000000    0.008653  0.047603  0.000000
   C   4.929501  -3.540008   0.000000    0.001287  0.040063  0.000000
   C   6.122223  -1.401556   0.000000   -0.051252  0.030229  0.000000
   N   7.175299   0.700500   0.000000   -0.189929  0.009361  0.000000
   C   6.134970  -5.661359   0.000000   -0.003545  0.065887  0.000000
   C   7.356543  -3.583633   0.000000   -0.001508  0.059002  0.000000
   C  -7.312407   3.616836   0.000000    0.045645 -0.025799  0.000000
   C  -6.073489   5.685339   0.000000    0.065027 -0.041907  0.000000
   C  -7.325468  -0.676746   0.000000    0.039760  0.014393  0.000000
   C  -6.136418   1.425629   0.000000    0.037057 -0.006157  0.000000
   C  -4.895487   3.561224   0.000000    0.032727 -0.018847  0.000000
   C  -3.620263   5.652595   0.000000    0.058703 -0.041457  0.000000
   N  -7.169008  -4.860631   0.000000    0.169217  0.182129  0.000000
   C  -6.113159  -2.848186   0.000000    0.060483  0.041228  0.000000
   C  -4.909160  -0.708799   0.000000    0.030908  0.007890  0.000000
   C  -3.681762   1.417174   0.000000    0.016407 -0.008397  0.000000
   C  -2.454394   3.541287   0.000000    0.011621 -0.019635  0.000000
   C  -1.170837   5.653964   0.000000    0.055497 -0.031116  0.000000
   C  -4.844043  -4.987672   0.000000    0.066047  0.031945  0.000000
   C  -3.661951  -2.846073  -0.000000    0.032894  0.014239 -0.000000
   C  -2.461307  -0.721630  -0.000000    0.010472 -0.005090 -0.000000
   C  -1.243561   1.402310  -0.000000   -0.011139 -0.020897 -0.000000
   C  -0.012446   3.501767  -0.000000   -0.012446 -0.055312 -0.000000
   N   1.210983   5.521548  -0.000000   -0.015352 -0.163532 -0.000000
   C  -2.422408  -4.997861  -0.000000    0.034815  0.007854 -0.000000
   C  -1.216894  -2.850910  -0.000000    0.013810  0.000997 -0.000000
   C  -0.011921  -0.725082  -0.000000   -0.011921 -0.009273 -0.000000
   C   1.196098   1.399674  -0.000000   -0.036325 -0.023533 -0.000000
   C   2.435600   3.521841  -0.000000   -0.030414 -0.039081 -0.000000
   C   3.623356   5.651492  -0.000000   -0.055610 -0.042560 -0.000000
   C   0.021201  -4.985267  -0.000000    0.021201  0.017902 -0.000000
   C   1.234914  -2.846385  -0.000000    0.004209  0.005522 -0.000000
   C   2.436368  -0.717735  -0.000000   -0.035412 -0.001196 -0.000000
   C   3.627720   1.419355  -0.000000   -0.070448 -0.006216 -0.000000
   C   4.886591   3.541869  -0.000000   -0.041623 -0.038202 -0.000000
   C   6.080673   5.646680  -0.000000   -0.057842 -0.080566 -0.000000
   C   2.466445  -4.975472  -0.000000    0.009221  0.030243 -0.000000
   C   3.693376  -2.845072  -0.000000   -0.001469  0.015239 -0.000000
   C   4.872537  -0.708747  -0.000000   -0.067531  0.007942 -0.000000
   C   6.035808   1.443540  -0.000000   -0.137667  0.011755 -0.000000
   C   7.338464   3.575972   0.000000   -0.019587 -0.066664  0.000000
   C   4.905183  -4.968801   0.000000   -0.004907  0.050816  0.000000
   C   6.172460  -2.855374   0.000000   -0.001182  0.034040  0.000000
   C   7.259617  -0.639615   0.000000   -0.105611  0.051524  0.000000
   C   7.320854  -4.977374   0.000000   -0.017371  0.065386  0.000000
   H   8.204704   5.519097   0.000000   -0.077480 -0.072328  0.000000
   H   8.305673   3.086559   0.000000   -0.020068 -0.054547  0.000000
   H   8.038424   1.203311   0.000000   -0.288291 -0.001350  0.000000
   H   8.252939  -1.056446   0.000000   -0.073776  0.148215  0.000000
   H   8.319453  -3.090898   0.000000   -0.006287  0.050208  0.000000
   H   8.255421  -5.525009   0.000000   -0.026763  0.066415  0.000000
   H  -8.196802   5.561048   0.000000    0.085382 -0.030377  0.000000
   H  -8.275781   3.127485   0.000000    0.049960 -0.013621  0.000000
   H  -8.276458   1.204680   0.000000    0.050257  0.000019  0.000000
   H  -8.281573  -1.182229   0.000000    0.045142  0.022433  0.000000
   H  -8.319530  -3.113641   0.000000    0.006211  0.027465  0.000000
   H  -8.033740  -5.364475   0.000000    0.248444  0.226950  0.000000
   H  -6.053334   6.768619   0.000000    0.063292 -0.050808  0.000000
   H  -3.612250   6.736798   0.000000    0.060507 -0.050633  0.000000
   H  -1.135106   6.738408   0.000000    0.090474 -0.040000  0.000000
   H   1.203799   6.519733  -0.000000   -0.021780 -0.258675 -0.000000
   H   3.606889   6.736120  -0.000000   -0.065868 -0.051311 -0.000000
   H   6.070170   6.729690   0.000000   -0.046455 -0.089737  0.000000
   H  -6.208281  -6.705026   0.000000   -0.091655  0.114400  0.000000
   H  -3.660252  -6.765298   0.000000    0.012505  0.022133  0.000000
   H  -1.206557  -6.743014  -0.000000    0.019023  0.035394 -0.000000
   H   1.243378  -6.733645  -0.000000    0.017799  0.044762 -0.000000
   H   3.691054  -6.730374   0.000000    0.018297  0.057057  0.000000
   H   6.122246  -6.744469   0.000000    0.005621  0.074958  0.000000
converged SCF energy = -3034.56852736706
--------------- ROKS_Scanner gradients ---------------
         x                y                z
0 C     0.0040206577    -0.0013887197     0.0000000000
1 C     0.0013954276     0.0018580426     0.0000000000
2 C     0.0017652516     0.0009816806    -0.0000000000
3 C     0.0045661879     0.0024087604     0.0000000000
4 C    -0.0288747419     0.0163270835     0.0000000000
5 C    -0.0098106350     0.0002759368     0.0000000000
6 C    -0.0002687624    -0.0012135621     0.0000000000
7 C     0.0001509820     0.0003138828     0.0000000000
8 C     0.0123221510    -0.0004611126     0.0000000000
9 C    -0.0043119833    -0.0166082270     0.0000000000
10 C     0.0037565331    -0.0044356302     0.0000000000
11 C    -0.0022349235     0.0019701700     0.0000000000
12 C    -0.0021338452    -0.0003816254     0.0000000000
13 C    -0.0016374939     0.0030184469     0.0000000000
14 C    -0.0124856944    -0.0016947634     0.0000000000
15 C     0.0086791687    -0.0040862057     0.0000000000
16 C    -0.0019088328    -0.0013185687     0.0000000000
17 C    -0.0002173367    -0.0000514415     0.0000000000
18 C    -0.0015095217    -0.0003929342     0.0000000000
19 C     0.0019594322    -0.0026358353     0.0000000000
20 C     0.0171069987     0.0075319351    -0.0000000000
21 C     0.0064130312     0.0005734276     0.0000000000
22 C    -0.0026036524     0.0007157629    -0.0000000000
23 C    -0.0023007010    -0.0019271789    -0.0000000000
24 C     0.0006272841    -0.0001452069     0.0000000000
25 C     0.0041026951     0.0069018638    -0.0000000000
26 C    -0.0064538348    -0.0030808270    -0.0000000000
27 C     0.0031725343     0.0008445251     0.0000000000
28 C    -0.0001616618     0.0020370855    -0.0000000000
29 C    -0.0059620606    -0.0020181541     0.0000000000
30 C     0.0012985049    -0.0048193585    -0.0000000000
31 C     0.0101940302     0.0084865637    -0.0000000000
32 C    -0.0074364105    -0.0015275775    -0.0000000000
33 C    -0.0002171108    -0.0001884421    -0.0000000000
34 C     0.0032707566     0.0022153687    -0.0000000000
35 C    -0.0058980208     0.0041813589    -0.0000000000
36 N    -0.0119284821    -0.0007536613    -0.0000000000
37 C    -0.0021065920    -0.0001417870     0.0000000000
38 C     0.0046351289    -0.0024620228     0.0000000000
39 C    -0.0030773225    -0.0018057692    -0.0000000000
40 C    -0.0016349304    -0.0011600028    -0.0000000000
41 C     0.0017318784    -0.0003570295    -0.0000000000
42 C    -0.0024850770     0.0000671405     0.0000000000
43 C    -0.0020250344     0.0004434790     0.0000000000
44 C    -0.0031576798    -0.0021955712     0.0000000000
45 N     0.0376981987     0.0212220104    -0.0000000000
46 C    -0.0000303651    -0.0188495256    -0.0000000000
47 C     0.0025379436    -0.0005362824    -0.0000000000
48 C    -0.0010801243    -0.0007420749    -0.0000000000
49 C    -0.0050822756     0.0007367320    -0.0000000000
50 C    -0.0011023578     0.0069262523    -0.0000000000
51 C    -0.0082573132     0.0075736669    -0.0000000000
52 C     0.0005468685    -0.0034316335    -0.0000000000
53 C     0.0000240773     0.0001807517    -0.0000000000
54 C     0.0022538144     0.0000949143    -0.0000000000
55 C     0.0046802276     0.0004336647    -0.0000000000
56 N    -0.0068765773    -0.0159216357     0.0000000000
57 C    -0.0076731115     0.0009726013    -0.0000000000
58 C     0.0038825486    -0.0015605329     0.0000000000
59 C    -0.0000822062    -0.0012492782    -0.0000000000
60 C    -0.0018597999     0.0014434105    -0.0000000000
61 C    -0.0088577467     0.0026103612    -0.0000000000
62 C     0.0036945979     0.0024132649     0.0000000000
63 C    -0.0041455433    -0.0014876416     0.0000000000
64 C     0.0032031791    -0.0004357527     0.0000000000
65 C     0.0030505825    -0.0013191244    -0.0000000000
66 C    -0.0048917730     0.0025245744    -0.0000000000
67 C     0.0009165731    -0.0072573147     0.0000000000
68 C     0.0015857678     0.0004493539     0.0000000000
69 C    -0.0004604899    -0.0006788999     0.0000000000
70 C     0.0019050338    -0.0008596190    -0.0000000000
71 C     0.0050524256     0.0008082720    -0.0000000000
72 C    -0.0118721924     0.0106976753     0.0000000000
73 C     0.0082230906    -0.0030753034     0.0000000000
74 C     0.0004782550     0.0010683332     0.0000000000
75 C     0.0028390692    -0.0027474270     0.0000000000
76 C     0.0099043221    -0.0026350420     0.0000000000
77 C    -0.0020975574     0.0035334540    -0.0000000000
78 H    -0.0004115305    -0.0013031661    -0.0000000000
79 H     0.0004897606    -0.0010787920     0.0000000000
80 H    -0.0056256880    -0.0038822764    -0.0000000000
81 H    -0.0014987584    -0.0008758731    -0.0000000000
82 H    -0.0000625886    -0.0003800296    -0.0000000000
83 H    -0.0004765699     0.0004763951     0.0000000000
84 H     0.0004153782    -0.0006878472    -0.0000000000
85 H    -0.0000642587    -0.0004832200     0.0000000000
86 H     0.0001923731    -0.0000846854    -0.0000000000
87 H     0.0000231409    -0.0004198263     0.0000000000
88 H    -0.0009240303     0.0039690404    -0.0000000000
89 H     0.0075560514     0.0065791762    -0.0000000000
90 H     0.0005757477    -0.0004259864    -0.0000000000
91 H     0.0009223372    -0.0005843129    -0.0000000000
92 H     0.0012033699     0.0010331381     0.0000000000
93 H     0.0006544050    -0.0082228166    -0.0000000000
94 H    -0.0008255497     0.0006739905    -0.0000000000
95 H    -0.0011914064    -0.0003706364     0.0000000000
96 H     0.0036600040    -0.0008142567    -0.0000000000
97 H    -0.0000697887    -0.0001463677    -0.0000000000
98 H    -0.0003298245     0.0007309830    -0.0000000000
99 H    -0.0001705472     0.0006745037     0.0000000000
100 H    -0.0001742521     0.0004454170     0.0000000000
101 H    -0.0003093241     0.0003741676    -0.0000000000
----------------------------------------------
cycle 2: E = -3034.56852737  dE = -0.0345899  norm(grad) = 0.0837245

Geometry optimization cycle 3
Cartesian coordinates (Angstrom)
 Atom        New coordinates             dX        dY        dZ
   C  -7.258588   5.021333   0.000000    0.007344  0.014310  0.000000
   C  -7.301043   0.681607   0.000000    0.023655 -0.011887  0.000000
   C  -6.120472   2.874853   0.000000    0.014469 -0.000794  0.000000
   C  -4.847159   4.980142   0.000000    0.004958 -0.006746  0.000000
   C  -7.250991  -3.685171   0.000000    0.077211 -0.154294 -0.000000
   C  -6.118107  -1.416139   0.000000    0.017374 -0.007547 -0.000000
   C  -4.898092   0.717000   0.000000    0.017814  0.002915  0.000000
   C  -3.662019   2.839791   0.000000    0.014573 -0.002617  0.000000
   C  -2.418497   4.963095   0.000000   -0.005734 -0.012654  0.000000
   C  -6.117048  -5.609510   0.000000   -0.026664  0.022865 -0.000000
   C  -4.886364  -3.522333   0.000000    0.004248  0.027318 -0.000000
   C  -3.664480  -1.405317   0.000000    0.014713  0.017045  0.000000
   C  -2.450872   0.717011   0.000000    0.020831  0.013380  0.000000
   C  -1.222266   2.830401   0.000000    0.020068  0.011643  0.000000
   C   0.014049   4.944604   0.000000    0.036237  0.025849  0.000000
   C  -3.677202  -5.648158  -0.000000   -0.025888  0.033257 -0.000000
   C  -2.444948  -3.535485  -0.000000   -0.001521  0.021030  0.000000
   C  -1.226981  -1.412158  -0.000000    0.008463  0.018369  0.000000
   C  -0.006577   0.708531  -0.000000    0.017508  0.014466  0.000000
   C   1.211000   2.817114  -0.000000    0.002725  0.006116  0.000000
   C   2.425227   4.927936  -0.000000   -0.025953 -0.010835  0.000000
   C  -1.227461  -5.639642  -0.000000   -0.020520  0.019701 -0.000000
   C   0.008182  -3.531810  -0.000000   -0.007166  0.016974  0.000000
   C   1.218585  -1.407775  -0.000000    0.004759  0.017332  0.000000
   C   2.442413   0.707827  -0.000000    0.020010  0.008608  0.000000
   C   3.655960   2.826648  -0.000000   -0.002629 -0.010260  0.000000
   C   4.852508   4.954735  -0.000000    0.000035 -0.008221 -0.000000
   C   1.219522  -5.633117  -0.000000   -0.021235  0.016706  0.000000
   C   2.457903  -3.530206  -0.000000   -0.015659  0.011410  0.000000
   C   3.666983  -1.406406   0.000000    0.002696  0.011537  0.000000
   C   4.879638   0.714102   0.000000    0.033003  0.002051  0.000000
   C   6.113331   2.845556  -0.000000   -0.020660 -0.020146 -0.000000
   C   7.278114   4.971498  -0.000000    0.001995  0.009635 -0.000000
   C   3.667371  -5.633117   0.000000   -0.020248  0.013332  0.000000
   C   4.903869  -3.535081   0.000000   -0.025633  0.004927  0.000000
   C   6.119391  -1.395125   0.000000   -0.002832  0.006431  0.000000
   N   7.230497   0.707650   0.000000    0.055198  0.007150  0.000000
   C   6.118315  -5.653362   0.000000   -0.016655  0.007997  0.000000
   C   7.319892  -3.582543   0.000000   -0.036652  0.001090  0.000000
   C  -7.285230   3.632275   0.000000    0.027177  0.015439  0.000000
   C  -6.061505   5.687265   0.000000    0.011984  0.001926  0.000000
   C  -7.308962  -0.686005   0.000000    0.016506 -0.009259 -0.000000
   C  -6.117958   1.423529   0.000000    0.018460 -0.002100  0.000000
   C  -4.879872   3.556061   0.000000    0.015615 -0.005162  0.000000
   C  -3.615279   5.649243   0.000000    0.004984 -0.003351  0.000000
   N  -7.283356  -5.010546   0.000000   -0.114348 -0.149916 -0.000000
   C  -6.116344  -2.859179   0.000000   -0.003185 -0.010993 -0.000000
   C  -4.898156  -0.705160   0.000000    0.011005  0.003638  0.000000
   C  -3.663565   1.419854   0.000000    0.018197  0.002679  0.000000
   C  -2.440447   3.535784   0.000000    0.013947 -0.005503  0.000000
   C  -1.160673   5.623760   0.000000    0.010164 -0.030204  0.000000
   C  -4.863024  -4.963237   0.000000   -0.018981  0.024434 -0.000000
   C  -3.658569  -2.821524   0.000000    0.003382  0.024549  0.000000
   C  -2.448333  -0.705035   0.000000    0.012974  0.016595  0.000000
   C  -1.224897   1.416234   0.000000    0.018665  0.013924  0.000000
   C   0.002909   3.524278   0.000000    0.015355  0.022511  0.000000
   N   1.229067   5.578231  -0.000000    0.018084  0.056683  0.000000
   C  -2.432945  -4.977280  -0.000000   -0.010536  0.020581  0.000000
   C  -1.221468  -2.830489  -0.000000   -0.004574  0.020420  0.000000
   C  -0.003359  -0.707315  -0.000000    0.008562  0.017766  0.000000
   C   1.215239   1.408039  -0.000000    0.019141  0.008365  0.000000
   C   2.437977   3.515547  -0.000000    0.002377 -0.006294  0.000000
   C   3.603569   5.616445  -0.000000   -0.019787 -0.035047 -0.000000
   C   0.005975  -4.967322  -0.000000   -0.015226  0.017945  0.000000
   C   1.223997  -2.829504  -0.000000   -0.010917  0.016881  0.000000
   C   2.439810  -0.704179  -0.000000    0.003442  0.013556  0.000000
   C   3.656763   1.414127  -0.000000    0.029043 -0.005228  0.000000
   C   4.875056   3.536207  -0.000000   -0.011535 -0.005661 -0.000000
   C   6.076052   5.643519  -0.000000   -0.004621 -0.003161 -0.000000
   C   2.447358  -4.962448  -0.000000   -0.019087  0.013024  0.000000
   C   3.675665  -2.834415   0.000000   -0.017710  0.010657  0.000000
   C   4.869410  -0.702984   0.000000   -0.003128  0.005763  0.000000
   C   6.081072   1.424365   0.000000    0.045264 -0.019176  0.000000
   C   7.297142   3.587463  -0.000000   -0.041322  0.011491 -0.000000
   C   4.886168  -4.962809   0.000000   -0.019015  0.005992  0.000000
   C   6.145778  -2.848915   0.000000   -0.026682  0.006458  0.000000
   C   7.244251  -0.626350   0.000000   -0.015366  0.013264  0.000000
   C   7.304348  -4.977110   0.000000   -0.016506  0.000264  0.000000
   H   8.209032   5.522068  -0.000000    0.004328  0.002971 -0.000000
   H   8.264116   3.103587  -0.000000   -0.041557  0.017028 -0.000000
   H   8.082153   1.193291   0.000000    0.043729 -0.010020  0.000000
   H   8.234188  -1.044764   0.000000   -0.018750  0.011682  0.000000
   H   8.279388  -3.087772   0.000000   -0.040066  0.003126  0.000000
   H   8.239547  -5.520205   0.000000   -0.015874  0.004805  0.000000
   H  -8.188358   5.573958   0.000000    0.008444  0.012911  0.000000
   H  -8.247090   3.146522   0.000000    0.028690  0.019037  0.000000
   H  -8.251282   1.190285   0.000000    0.025176 -0.014395  0.000000
   H  -8.265495  -1.185044   0.000000    0.016078 -0.002815 -0.000000
   H  -8.243222  -3.287753   0.000000    0.076308 -0.174112 -0.000000
   H  -8.130302  -5.514792   0.000000   -0.096562 -0.150317 -0.000000
   H  -6.035040   6.768323   0.000000    0.018294 -0.000296  0.000000
   H  -3.607802   6.731479   0.000000    0.004448 -0.005319  0.000000
   H  -1.146796   6.705162   0.000000   -0.011691 -0.033245  0.000000
   H   1.235437   6.558411  -0.000000    0.031638  0.038678 -0.000000
   H   3.588735   6.697881  -0.000000   -0.018154 -0.038239 -0.000000
   H   6.063927   6.724248  -0.000000   -0.006243 -0.005442 -0.000000
   H  -6.191966  -6.681776   0.000000    0.016315  0.023250 -0.000000
   H  -3.690728  -6.729134  -0.000000   -0.030476  0.036164 -0.000000
   H  -1.229369  -6.721368  -0.000000   -0.022812  0.021646 -0.000000
   H   1.219624  -6.714982  -0.000000   -0.023754  0.018664 -0.000000
   H   3.668865  -6.714844   0.000000   -0.022189  0.015530  0.000000
   H   6.105930  -6.734261   0.000000   -0.016317  0.010208  0.000000
converged SCF energy = -3034.56302057363
--------------- ROKS_Scanner gradients ---------------
         x                y                z
0 C    -0.0014900412     0.0010049248     0.0000000000
1 C     0.0022987562    -0.0029050723    -0.0000000000
2 C    -0.0009555409    -0.0007671873    -0.0000000000
3 C     0.0008645842    -0.0002554061    -0.0000000000
4 C     0.0484681504    -0.0409504119    -0.0000000000
5 C     0.0104695597     0.0024070344    -0.0000000000
6 C     0.0016258570     0.0003093407    -0.0000000000
7 C    -0.0007831886     0.0004396152    -0.0000000000
8 C    -0.0030581779    -0.0008976855    -0.0000000000
9 C    -0.0118656632     0.0492373392     0.0000000000
10 C    -0.0036516819     0.0032772653    -0.0000000000
11 C     0.0000650063     0.0005260976    -0.0000000000
12 C     0.0002564498     0.0002704899    -0.0000000000
13 C    -0.0002883219    -0.0003360753    -0.0000000000
14 C     0.0046681869     0.0038636471    -0.0000000000
15 C    -0.0034313347     0.0040632715    -0.0000000000
16 C    -0.0010145760    -0.0006589851     0.0000000000
17 C     0.0001947683     0.0009034478     0.0000000000
18 C    -0.0006287743     0.0013322751     0.0000000000
19 C    -0.0020493302     0.0009420437    -0.0000000000
20 C    -0.0076087313    -0.0010143166     0.0000000000
21 C    -0.0004207517     0.0020375739    -0.0000000000
22 C    -0.0000221196    -0.0002815855     0.0000000000
23 C     0.0006863328     0.0003290747     0.0000000000
24 C     0.0014060290     0.0013109926     0.0000000000
25 C    -0.0003365895    -0.0014692421     0.0000000000
26 C     0.0012492059     0.0001788763     0.0000000000
27 C     0.0005485588     0.0020188086     0.0000000000
28 C     0.0003197963     0.0000840761    -0.0000000000
29 C     0.0013821571    -0.0003862815     0.0000000000
30 C     0.0047463349     0.0010322120     0.0000000000
31 C    -0.0004107082    -0.0051055143    -0.0000000000
32 C     0.0041079709     0.0025938669     0.0000000000
33 C     0.0002170759     0.0020625908    -0.0000000000
34 C     0.0005722144    -0.0001849895     0.0000000000
35 C     0.0025654624     0.0012360154     0.0000000000
36 N     0.0215951663     0.0061549453     0.0000000000
37 C     0.0002591900     0.0029076171     0.0000000000
38 C    -0.0024353276    -0.0021108910     0.0000000000
39 C     0.0038553922     0.0029047168     0.0000000000
40 C    -0.0006698726    -0.0024588819    -0.0000000000
41 C    -0.0012316726    -0.0001705080     0.0000000000
42 C     0.0008246445    -0.0004726255     0.0000000000
43 C     0.0001816963    -0.0010933693     0.0000000000
44 C    -0.0008135324    -0.0002321892     0.0000000000
45 N    -0.0539785731    -0.0329188028     0.0000000000
46 C    -0.0087230182     0.0174915126     0.0000000000
47 C    -0.0001424363     0.0016311513     0.0000000000
48 C     0.0007815229    -0.0000719386     0.0000000000
49 C     0.0010749570    -0.0004977545     0.0000000000
50 C     0.0056849820    -0.0079786611     0.0000000000
51 C     0.0096019791    -0.0073692387     0.0000000000
52 C    -0.0010237834     0.0025257747    -0.0000000000
53 C    -0.0003340928    -0.0001199824     0.0000000000
54 C    -0.0003979270    -0.0002115740     0.0000000000
55 C    -0.0015260322     0.0048997562     0.0000000000
56 N     0.0047127109     0.0234103322     0.0000000000
57 C     0.0035021646    -0.0021097318     0.0000000000
58 C     0.0001287009    -0.0000069368    -0.0000000000
59 C    -0.0000700558     0.0005302833    -0.0000000000
60 C     0.0018912221    -0.0000164241    -0.0000000000
61 C     0.0034899039     0.0016985287    -0.0000000000
62 C    -0.0094826012    -0.0058229219    -0.0000000000
63 C    -0.0009457664    -0.0012368785     0.0000000000
64 C    -0.0001362916     0.0004700568    -0.0000000000
65 C    -0.0003170630     0.0010538843    -0.0000000000
66 C     0.0019490882    -0.0016965116    -0.0000000000
67 C    -0.0027785839     0.0000645061    -0.0000000000
68 C     0.0019886759    -0.0046727027    -0.0000000000
69 C    -0.0010644375    -0.0014178301     0.0000000000
70 C    -0.0007878166     0.0006741165     0.0000000000
71 C    -0.0021849792     0.0021263615    -0.0000000000
72 C     0.0046034466    -0.0061707118    -0.0000000000
73 C    -0.0054905394     0.0017379958    -0.0000000000
74 C    -0.0001478117    -0.0013190388     0.0000000000
75 C    -0.0010681676    -0.0005068464    -0.0000000000
76 C    -0.0125615735     0.0109798122    -0.0000000000
77 C     0.0014901695    -0.0001850473     0.0000000000
78 H    -0.0007862243    -0.0005445968    -0.0000000000
79 H    -0.0020631061     0.0015572620     0.0000000000
80 H    -0.0212479438    -0.0113401991    -0.0000000000
81 H    -0.0030513277     0.0040864581    -0.0000000000
82 H    -0.0017084465    -0.0016024637    -0.0000000000
83 H    -0.0012477712     0.0006290032    -0.0000000000
84 H     0.0012160282    -0.0004557314    -0.0000000000
85 H     0.0023914490     0.0016834916    -0.0000000000
86 H     0.0020415338    -0.0016935359    -0.0000000000
87 H     0.0013053210     0.0026834490    -0.0000000000
88 H     0.0058512362    -0.0115981353     0.0000000000
89 H     0.0166810018     0.0085622877    -0.0000000000
90 H    -0.0002800362    -0.0019701771     0.0000000000
91 H     0.0003110807    -0.0016616518     0.0000000000
92 H     0.0010219853    -0.0030323757    -0.0000000000
93 H    -0.0003408921    -0.0244390676     0.0000000000
94 H    -0.0007217071    -0.0026573785     0.0000000000
95 H     0.0002249919    -0.0023803901     0.0000000000
96 H    -0.0062903449     0.0067582686     0.0000000000
97 H    -0.0007413045     0.0021904735     0.0000000000
98 H    -0.0006407652     0.0020769688     0.0000000000
99 H    -0.0002841585     0.0020863928    -0.0000000000
100 H     0.0000289642     0.0021715258     0.0000000000
101 H     0.0003362271     0.0022080662    -0.0000000000
----------------------------------------------
cycle 3: E = -3034.56302057  dE = 0.00550679  norm(grad) = 0.12365

Geometry optimization cycle 4
Cartesian coordinates (Angstrom)
 Atom        New coordinates             dX        dY        dZ
   C  -7.275473   5.017944   0.000000   -0.016885 -0.003388 -0.000000
   C  -7.319070   0.687060   0.000000   -0.018027  0.005453 -0.000000
   C  -6.132874   2.875156   0.000000   -0.012402  0.000304 -0.000000
   C  -4.863235   4.984408   0.000000   -0.016076  0.004265 -0.000000
   C  -7.297958  -3.618506   0.000000   -0.046967  0.066665 -0.000000
   C  -6.129821  -1.415422   0.000000   -0.011714  0.000717 -0.000000
   C  -4.908470   0.714626   0.000000   -0.010379 -0.002373 -0.000000
   C  -3.669960   2.841236   0.000000   -0.007941  0.001445 -0.000000
   C  -2.430572   4.969519   0.000000   -0.012075  0.006424 -0.000000
   C  -6.109574  -5.654707   0.000000    0.007474 -0.045197 -0.000000
   C  -4.896250  -3.541610   0.000000   -0.009885 -0.019277 -0.000000
   C  -3.671764  -1.415404   0.000000   -0.007284 -0.010087 -0.000000
   C  -2.456388   0.713370   0.000000   -0.005516 -0.003641 -0.000000
   C  -1.225447   2.831881   0.000000   -0.003181  0.001480 -0.000000
   C   0.006730   4.954094   0.000000   -0.007318  0.009490 -0.000000
   C  -3.673404  -5.665795  -0.000000    0.003798 -0.017638 -0.000000
   C  -2.446634  -3.546030  -0.000000   -0.001686 -0.010544 -0.000000
   C  -1.228173  -1.418037  -0.000000   -0.001193 -0.005879 -0.000000
   C  -0.006359   0.707152  -0.000000    0.000218 -0.001379 -0.000000
   C   1.213887   2.822738  -0.000000    0.002887  0.005624 -0.000000
   C   2.430771   4.944618  -0.000000    0.005543  0.016682 -0.000000
   C  -1.224393  -5.652212  -0.000000    0.003069 -0.012570 -0.000000
   C   0.009444  -3.539249  -0.000000    0.001262 -0.007439 -0.000000
   C   1.222501  -1.411752  -0.000000    0.003916 -0.003977 -0.000000
   C   2.446475   0.708440  -0.000000    0.004062  0.000613 -0.000000
   C   3.662178   2.834567  -0.000000    0.006218  0.007920 -0.000000
   C   4.862284   4.969837  -0.000000    0.009776  0.015102 -0.000000
   C   1.223229  -5.645517  -0.000000    0.003706 -0.012400 -0.000000
   C   2.461675  -3.537779  -0.000000    0.003772 -0.007573 -0.000000
   C   3.676569  -1.409928   0.000000    0.009585 -0.003522 -0.000000
   C   4.888758   0.713876   0.000000    0.009120 -0.000226 -0.000000
   C   6.122328   2.851376  -0.000000    0.008997  0.005820 -0.000000
   C   7.283007   4.980054  -0.000000    0.004892  0.008556 -0.000000
   C   3.671809  -5.646664   0.000000    0.004438 -0.013546 -0.000000
   C   4.909651  -3.544759   0.000000    0.005783 -0.009678 -0.000000
   C   6.136985  -1.402600   0.000000    0.017595 -0.007475 -0.000000
   N   7.252933   0.701491   0.000000    0.022436 -0.006159 -0.000000
   C   6.124055  -5.669734   0.000000    0.005740 -0.016371 -0.000000
   C   7.328230  -3.592372   0.000000    0.008338 -0.009829 -0.000000
   C  -7.304068   3.626607   0.000000   -0.018838 -0.005668 -0.000000
   C  -6.079755   5.691777   0.000000   -0.018250  0.004512 -0.000000
   C  -7.321176  -0.683204   0.000000   -0.012214  0.002801 -0.000000
   C  -6.130376   1.423391   0.000000   -0.012418 -0.000137 -0.000000
   C  -4.891167   3.558248   0.000000   -0.011295  0.002187 -0.000000
   C  -3.630672   5.655390   0.000000   -0.015393  0.006147 -0.000000
   N  -7.241608  -4.959097   0.000000    0.041749  0.051449 -0.000000
   C  -6.121832  -2.856774   0.000000   -0.005488  0.002404 -0.000000
   C  -4.906312  -0.709503   0.000000   -0.008156 -0.004342 -0.000000
   C  -3.671634   1.418362   0.000000   -0.008069 -0.001491 -0.000000
   C  -2.446679   3.538588   0.000000   -0.006232  0.002804 -0.000000
   C  -1.175823   5.636027   0.000000   -0.015150  0.012267 -0.000000
   C  -4.867088  -4.986643   0.000000   -0.004064 -0.023405 -0.000000
   C  -3.665131  -2.836543   0.000000   -0.006562 -0.015020 -0.000000
   C  -2.453360  -0.711877   0.000000   -0.005026 -0.006842 -0.000000
   C  -1.227974   1.414771   0.000000   -0.003077 -0.001463 -0.000000
   C   0.001039   3.527911   0.000000   -0.001870  0.003633 -0.000000
   N   1.225294   5.595300  -0.000000   -0.003773  0.017069 -0.000000
   C  -2.433000  -4.988845  -0.000000   -0.000055 -0.011566 -0.000000
   C  -1.222566  -2.838096  -0.000000   -0.001098 -0.007606 -0.000000
   C  -0.002482  -0.711321  -0.000000    0.000877 -0.004006 -0.000000
   C   1.216797   1.409812  -0.000000    0.001558  0.001773 -0.000000
   C   2.441902   3.525564  -0.000000    0.003925  0.010017 -0.000000
   C   3.616174   5.636232  -0.000000    0.012605  0.019787 -0.000000
   C   0.008811  -4.976858  -0.000000    0.002836 -0.009537 -0.000000
   C   1.226615  -2.835482  -0.000000    0.002618 -0.005978 -0.000000
   C   2.446673  -0.707037  -0.000000    0.006863 -0.002858 -0.000000
   C   3.663011   1.417530  -0.000000    0.006248  0.003403 -0.000000
   C   4.884264   3.546889  -0.000000    0.009208  0.010682 -0.000000
   C   6.085053   5.662503  -0.000000    0.009001  0.018984 -0.000000
   C   2.451726  -4.972421  -0.000000    0.004368 -0.009972 -0.000000
   C   3.681104  -2.840546   0.000000    0.005439 -0.006131 -0.000000
   C   4.884966  -0.707220   0.000000    0.015557 -0.004236 -0.000000
   C   6.096381   1.424062  -0.000000    0.015309 -0.000303 -0.000000
   C   7.307784   3.593818  -0.000000    0.010642  0.006354 -0.000000
   C   4.892064  -4.975182   0.000000    0.005896 -0.012373 -0.000000
   C   6.153096  -2.856968   0.000000    0.007319 -0.008053 -0.000000
   C   7.275291  -0.642300   0.000000    0.031040 -0.015949 -0.000000
   C   7.310198  -4.989163   0.000000    0.005850 -0.012053 -0.000000
   H   8.215939   5.529915  -0.000000    0.006907  0.007847 -0.000000
   H   8.276725   3.109863  -0.000000    0.012609  0.006276 -0.000000
   H   8.122911   1.198655   0.000000    0.040758  0.005364 -0.000000
   H   8.264953  -1.070552   0.000000    0.030764 -0.025788 -0.000000
   H   8.289297  -3.096381   0.000000    0.009909 -0.008609 -0.000000
   H   8.247046  -5.532519   0.000000    0.007499 -0.012314 -0.000000
   H  -8.207812   5.569166   0.000000   -0.019453 -0.004792 -0.000000
   H  -8.266565   3.136921   0.000000   -0.019475 -0.009602 -0.000000
   H  -8.270540   1.198226   0.000000   -0.019258  0.007941 -0.000000
   H  -8.277108  -1.187715   0.000000   -0.011612 -0.002671 -0.000000
   H  -8.291963  -3.208660   0.000000   -0.048741  0.079093 -0.000000
   H  -8.108075  -5.467671   0.000000    0.022227  0.047121 -0.000000
   H  -6.056338   6.774787   0.000000   -0.021299  0.006464 -0.000000
   H  -3.625357   6.739381   0.000000   -0.017555  0.007902 -0.000000
   H  -1.167317   6.719727   0.000000   -0.020521  0.014565 -0.000000
   H   1.228564   6.597884  -0.000000   -0.006873  0.039474 -0.000000
   H   3.605270   6.719821  -0.000000    0.016535  0.021940 -0.000000
   H   6.075773   6.745394  -0.000000    0.011846  0.021147 -0.000000
   H  -6.202587  -6.730134   0.000000   -0.010621 -0.048358 -0.000000
   H  -3.679386  -6.748816  -0.000000    0.011342 -0.019682 -0.000000
   H  -1.223677  -6.735973  -0.000000    0.005692 -0.014605 -0.000000
   H   1.223817  -6.729402  -0.000000    0.004193 -0.014421 -0.000000
   H   3.672225  -6.730430   0.000000    0.003360 -0.015586 -0.000000
   H   6.111238  -6.752658   0.000000    0.005308 -0.018397 -0.000000
converged SCF energy = -3034.57916963962
--------------- ROKS_Scanner gradients ---------------
         x                y                z
0 C    -0.0008312904     0.0004690361     0.0000000000
1 C     0.0001127213     0.0003156122    -0.0000000000
2 C    -0.0007262182    -0.0003247532    -0.0000000000
3 C    -0.0001062220    -0.0004706931    -0.0000000000
4 C     0.0095974339    -0.0031858712    -0.0000000000
5 C     0.0021685888     0.0008332544    -0.0000000000
6 C     0.0006107996    -0.0000968520    -0.0000000000
7 C    -0.0003616366     0.0006437343    -0.0000000000
8 C    -0.0021986510    -0.0001877868    -0.0000000000
9 C     0.0013516868     0.0029234919     0.0000000000
10 C     0.0014836526     0.0002518472    -0.0000000000
11 C     0.0003594381     0.0004266723    -0.0000000000
12 C     0.0005351472    -0.0000561115    -0.0000000000
13 C     0.0005846420    -0.0005716152    -0.0000000000
14 C     0.0055437651     0.0007794261    -0.0000000000
15 C    -0.0003064634     0.0009540283     0.0000000000
16 C    -0.0002340175    -0.0008020048    -0.0000000000
17 C     0.0007301915     0.0003813323    -0.0000000000
18 C    -0.0001897710     0.0008605491    -0.0000000000
19 C    -0.0008568823     0.0008749850    -0.0000000000
20 C    -0.0063110354    -0.0026866766     0.0000000000
21 C     0.0011660941     0.0005260543     0.0000000000
22 C    -0.0001672974    -0.0002263010     0.0000000000
23 C     0.0006514063     0.0000479040     0.0000000000
24 C     0.0005248013     0.0011803216     0.0000000000
25 C    -0.0009415572    -0.0015961496     0.0000000000
26 C     0.0010991183     0.0012748516     0.0000000000
27 C     0.0009323453     0.0005110325     0.0000000000
28 C     0.0000725702    -0.0001788970     0.0000000000
29 C     0.0001498573    -0.0003636931     0.0000000000
30 C     0.0014250514     0.0008611154     0.0000000000
31 C    -0.0026042669    -0.0027393732     0.0000000000
32 C     0.0017284091     0.0014964969     0.0000000000
33 C     0.0001674195     0.0006958682    -0.0000000000
34 C     0.0004185964    -0.0006725749     0.0000000000
35 C     0.0006560340    -0.0008641506     0.0000000000
36 N     0.0072831631    -0.0001547061     0.0000000000
37 C    -0.0002611342     0.0006143486     0.0000000000
38 C    -0.0012502754    -0.0007417022     0.0000000000
39 C     0.0013504166     0.0007802530     0.0000000000
40 C    -0.0001014101     0.0001980004     0.0000000000
41 C     0.0002583529    -0.0006883592     0.0000000000
42 C     0.0002086411    -0.0002464790     0.0000000000
43 C     0.0005645819    -0.0009472879     0.0000000000
44 C    -0.0012700517     0.0008429331     0.0000000000
45 N    -0.0101107127    -0.0057567194    -0.0000000000
46 C    -0.0040764894     0.0045007902     0.0000000000
47 C    -0.0002926894     0.0000120752     0.0000000000
48 C     0.0004032779    -0.0003261374     0.0000000000
49 C     0.0013560513    -0.0007795183     0.0000000000
50 C    -0.0007662585    -0.0040679173     0.0000000000
51 C    -0.0009416114    -0.0003373503    -0.0000000000
52 C    -0.0001818620     0.0007088660     0.0000000000
53 C    -0.0005254711     0.0000135227     0.0000000000
54 C    -0.0002545186    -0.0001881071     0.0000000000
55 C    -0.0018663983     0.0017699090     0.0000000000
56 N     0.0025338600     0.0080685568     0.0000000000
57 C    -0.0002775291    -0.0008195942    -0.0000000000
58 C     0.0000184404     0.0001451112     0.0000000000
59 C    -0.0004532436     0.0001179726    -0.0000000000
60 C     0.0011013881    -0.0004275228    -0.0000000000
61 C     0.0030139723    -0.0002629189    -0.0000000000
62 C    -0.0021777909    -0.0021659811    -0.0000000000
63 C    -0.0015200538    -0.0006614259    -0.0000000000
64 C    -0.0002066148     0.0007882858    -0.0000000000
65 C     0.0001100154     0.0000372221    -0.0000000000
66 C     0.0010804825    -0.0014520887    -0.0000000000
67 C    -0.0013111424     0.0011070258    -0.0000000000
68 C     0.0013703651    -0.0010159209    -0.0000000000
69 C    -0.0010561898    -0.0009342755     0.0000000000
70 C    -0.0011810611     0.0013452463    -0.0000000000
71 C     0.0003785655     0.0007496974    -0.0000000000
72 C     0.0034776928    -0.0037080020    -0.0000000000
73 C    -0.0033593874     0.0002245275    -0.0000000000
74 C     0.0002795499    -0.0009801685     0.0000000000
75 C    -0.0022309967     0.0011662539    -0.0000000000
76 C    -0.0042716841     0.0041391523    -0.0000000000
77 C     0.0012071294     0.0001014420    -0.0000000000
78 H    -0.0002800227    -0.0000749868    -0.0000000000
79 H    -0.0008748027     0.0005685750     0.0000000000
80 H    -0.0024511370    -0.0011600955    -0.0000000000
81 H    -0.0006010749     0.0015073038     0.0000000000
82 H    -0.0005115065    -0.0004904943    -0.0000000000
83 H    -0.0004071956     0.0001137344     0.0000000000
84 H     0.0004251129    -0.0000810626    -0.0000000000
85 H     0.0006822205     0.0004704759    -0.0000000000
86 H     0.0004180347    -0.0004438444    -0.0000000000
87 H     0.0003036652     0.0009974488     0.0000000000
88 H     0.0004353308    -0.0020774321    -0.0000000000
89 H     0.0026178642     0.0008398006     0.0000000000
90 H    -0.0001443932    -0.0004779938     0.0000000000
91 H     0.0000883532    -0.0004205324    -0.0000000000
92 H     0.0004984701    -0.0012850428    -0.0000000000
93 H    -0.0001707912    -0.0022427404    -0.0000000000
94 H    -0.0003732357    -0.0010011334    -0.0000000000
95 H     0.0001107357    -0.0005818393     0.0000000000
96 H    -0.0012009381     0.0004675313    -0.0000000000
97 H    -0.0005096580     0.0008066293    -0.0000000000
98 H    -0.0004471598     0.0006024494    -0.0000000000
99 H    -0.0001916040     0.0005794886     0.0000000000
100 H     0.0000511585     0.0006602784     0.0000000000
101 H     0.0002304031     0.0006269895     0.0000000000
----------------------------------------------
cycle 4: E = -3034.57916964  dE = -0.0161491  norm(grad) = 0.0272611

Geometry optimization cycle 5
Cartesian coordinates (Angstrom)
 Atom        New coordinates             dX        dY        dZ
   C  -7.280648   5.008271   0.000000   -0.005176 -0.009674 -0.000000
   C  -7.327126   0.681143   0.000000   -0.008056 -0.005916 -0.000000
   C  -6.139412   2.873934   0.000000   -0.006538 -0.001222 -0.000000
   C  -4.865022   4.987752   0.000000   -0.001787  0.003345 -0.000000
   C  -7.316349  -3.588739   0.000000   -0.018390  0.029767 -0.000000
   C  -6.134345  -1.418797   0.000000   -0.004524 -0.003376 -0.000000
   C  -4.916107   0.714398   0.000000   -0.007637 -0.000228 -0.000000
   C  -3.674987   2.846139   0.000000   -0.005027  0.004903 -0.000000
   C  -2.424275   4.982489   0.000000    0.006297  0.012969 -0.000000
   C  -6.116610  -5.626869   0.000000   -0.007036  0.027838 -0.000000
   C  -4.895392  -3.548503   0.000000    0.000857 -0.006894 -0.000000
   C  -3.676210  -1.419557   0.000000   -0.004446 -0.004153 -0.000000
   C  -2.465518   0.711696   0.000000   -0.009129 -0.001674  0.000000
   C  -1.234111   2.830583   0.000000   -0.008664 -0.001298  0.000000
   C  -0.012108   4.945052   0.000000   -0.018838 -0.009042  0.000000
   C  -3.664683  -5.678994  -0.000000    0.008721 -0.013199 -0.000000
   C  -2.443669  -3.550626  -0.000000    0.002965 -0.004596 -0.000000
   C  -1.231240  -1.422528  -0.000000   -0.003067 -0.004490 -0.000000
   C  -0.013975   0.703933  -0.000000   -0.007616 -0.003219  0.000000
   C   1.215851   2.824694  -0.000000    0.001964  0.001955  0.000000
   C   2.450889   4.957110  -0.000000    0.020118  0.012492  0.000000
   C  -1.216625  -5.657308  -0.000000    0.007768 -0.005096 -0.000000
   C   0.015316  -3.543696  -0.000000    0.005872 -0.004447  0.000000
   C   1.221166  -1.416532  -0.000000   -0.001335 -0.004780 -0.000000
   C   2.435793   0.707480  -0.000000   -0.010682 -0.000960  0.000000
   C   3.667147   2.845133  -0.000000    0.004969  0.010565  0.000000
   C   4.867354   4.977237  -0.000000    0.005070  0.007400  0.000000
   C   1.232761  -5.651622  -0.000000    0.009532 -0.006105 -0.000000
   C   2.471163  -3.541815  -0.000000    0.009489 -0.004035  0.000000
   C   3.676701  -1.412962   0.000000    0.000132 -0.003033  0.000000
   C   4.869267   0.715949   0.000000   -0.019491  0.002072  0.000000
   C   6.138223   2.863395   0.000000    0.015896  0.012019  0.000000
   C   7.288125   4.975337  -0.000000    0.005118 -0.004717  0.000000
   C   3.681876  -5.653387  -0.000000    0.010067 -0.006723 -0.000000
   C   4.923133  -3.546602   0.000000    0.013481 -0.001843 -0.000000
   C   6.139723  -1.405790   0.000000    0.002737 -0.003190  0.000000
   N   7.218680   0.696695   0.000000   -0.034253 -0.004797  0.000000
   C   6.132846  -5.673848   0.000000    0.008791 -0.004114 -0.000000
   C   7.348720  -3.592184   0.000000    0.020490  0.000188 -0.000000
   C  -7.317598   3.616242   0.000000   -0.013530 -0.010365 -0.000000
   C  -6.086418   5.687651   0.000000   -0.006663 -0.004126 -0.000000
   C  -7.328777  -0.690094   0.000000   -0.007601 -0.006891 -0.000000
   C  -6.139486   1.421596   0.000000   -0.009110 -0.001796 -0.000000
   C  -4.898457   3.561692   0.000000   -0.007290  0.003444 -0.000000
   C  -3.630773   5.658061   0.000000   -0.000101  0.002671 -0.000000
   N  -7.251616  -4.930150   0.000000   -0.010008  0.028946  0.000000
   C  -6.118748  -2.859497   0.000000    0.003084 -0.002723 -0.000000
   C  -4.911132  -0.711032   0.000000   -0.004820 -0.001529 -0.000000
   C  -3.679847   1.421037   0.000000   -0.008213  0.002675 -0.000000
   C  -2.451485   3.547480   0.000000   -0.004806  0.008892 -0.000000
   C  -1.175946   5.661967   0.000000   -0.000123  0.025940  0.000000
   C  -4.856583  -4.991467   0.000000    0.010505 -0.004824 -0.000000
   C  -3.664236  -2.842256  -0.000000    0.000895 -0.005713 -0.000000
   C  -2.457476  -0.715129  -0.000000   -0.004116 -0.003252 -0.000000
   C  -1.236399   1.412601  -0.000000   -0.008425 -0.002170 -0.000000
   C  -0.004151   3.519738   0.000000   -0.005190 -0.008173 -0.000000
   N   1.218880   5.565088  -0.000000   -0.006414 -0.030212 -0.000000
   C  -2.427513  -4.994657  -0.000000    0.005486 -0.005812  0.000000
   C  -1.218936  -2.843186  -0.000000    0.003630 -0.005091 -0.000000
   C  -0.004941  -0.715673  -0.000000   -0.002459 -0.004351 -0.000000
   C   1.207593   1.410522  -0.000000   -0.009205  0.000710  0.000000
   C   2.444434   3.535247  -0.000000    0.002532  0.009683  0.000000
   C   3.632159   5.662584  -0.000000    0.015984  0.026352  0.000000
   C   0.017988  -4.981736  -0.000000    0.009177 -0.004878  0.000000
   C   1.233566  -2.841056  -0.000000    0.006951 -0.005574  0.000000
   C   2.444982  -0.709928  -0.000000   -0.001691 -0.002891  0.000000
   C   3.647743   1.425660   0.000000   -0.015269  0.008130  0.000000
   C   4.895807   3.553701  -0.000000    0.011543  0.006811  0.000000
   C   6.092434   5.664985  -0.000000    0.007381  0.002483  0.000000
   C   2.462171  -4.977069  -0.000000    0.010445 -0.004648 -0.000000
   C   3.691949  -2.844968   0.000000    0.010845 -0.004423  0.000000
   C   4.884755  -0.708498   0.000000   -0.000211 -0.001278  0.000000
   C   6.071268   1.435875   0.000000   -0.025113  0.011813  0.000000
   C   7.336502   3.588982  -0.000000    0.028718 -0.004836  0.000000
   C   4.901043  -4.977553   0.000000    0.008978 -0.002371 -0.000000
   C   6.169404  -2.861033   0.000000    0.016308 -0.004065 -0.000000
   C   7.282559  -0.650775   0.000000    0.007268 -0.008475  0.000000
   C   7.318481  -4.990178   0.000000    0.008283 -0.001015 -0.000000
   H   8.218888   5.530467  -0.000000    0.002949  0.000552  0.000000
   H   8.307000   3.104238  -0.000000    0.030276 -0.005625  0.000000
   H   8.090344   1.202684   0.000000   -0.032566  0.004029  0.000000
   H   8.276019  -1.075338   0.000000    0.011066 -0.004785  0.000000
   H   8.311433  -3.096576   0.000000    0.022136 -0.000194 -0.000000
   H   8.254769  -5.536422   0.000000    0.007723 -0.003903 -0.000000
   H  -8.213793   5.560054   0.000000   -0.005981 -0.009112 -0.000000
   H  -8.280633   3.124320   0.000000   -0.014068 -0.012601 -0.000000
   H  -8.279920   1.192230   0.000000   -0.009380 -0.005996 -0.000000
   H  -8.282838  -1.201049   0.000000   -0.005731 -0.013334 -0.000000
   H  -8.303654  -3.159657   0.000000   -0.011691  0.049002  0.000000
   H  -8.123800  -5.442192   0.000000   -0.015726  0.025479  0.000000
   H  -6.067707   6.771770   0.000000   -0.011369 -0.003016 -0.000000
   H  -3.630080   6.743038   0.000000   -0.004723  0.003658 -0.000000
   H  -1.160256   6.747830   0.000000    0.007061  0.028103  0.000000
   H   1.213740   6.572854  -0.000000   -0.014824 -0.025031  0.000000
   H   3.626355   6.748026  -0.000000    0.021085  0.028206  0.000000
   H   6.087344   6.749061  -0.000000    0.011571  0.003667  0.000000
   H  -6.217177  -6.701962   0.000000   -0.014590  0.028172  0.000000
   H  -3.667457  -6.763618  -0.000000    0.011929 -0.014803 -0.000000
   H  -1.212389  -6.742324  -0.000000    0.011289 -0.006351  0.000000
   H   1.234621  -6.736717  -0.000000    0.010804 -0.007315 -0.000000
   H   3.682803  -6.738492  -0.000000    0.010578 -0.008062 -0.000000
   H   6.118991  -6.758022   0.000000    0.007754 -0.005365 -0.000000
converged SCF energy = -3034.57861574806
--------------- ROKS_Scanner gradients ---------------
         x                y                z
0 C     0.0012508144    -0.0004711424    -0.0000000000
1 C     0.0007727835    -0.0001893555     0.0000000000
2 C     0.0012619151     0.0007560040     0.0000000000
3 C     0.0013610452     0.0009893238    -0.0000000000
4 C     0.0005189395     0.0027561168    -0.0000000000
5 C    -0.0016458421    -0.0007654167     0.0000000000
6 C     0.0001563237    -0.0001600917     0.0000000000
7 C     0.0004173221     0.0000808612     0.0000000000
8 C     0.0044498717     0.0001827197     0.0000000000
9 C     0.0022697644     0.0086061732     0.0000000000
10 C    -0.0017318102    -0.0012064178     0.0000000000
11 C    -0.0008000629     0.0005343719     0.0000000000
12 C    -0.0006896473    -0.0000654465     0.0000000000
13 C    -0.0007494571     0.0012857016     0.0000000000
14 C    -0.0069317514    -0.0010953049     0.0000000000
15 C     0.0028405871    -0.0012215564     0.0000000000
16 C     0.0001342974     0.0000377224    -0.0000000000
17 C    -0.0003302358    -0.0002036750    -0.0000000000
18 C    -0.0003322929    -0.0010117172    -0.0000000000
19 C     0.0014723408    -0.0018078092    -0.0000000000
20 C     0.0086079709     0.0035073023    -0.0000000000
21 C     0.0011363068     0.0001556837     0.0000000000
22 C    -0.0005817298     0.0003184814    -0.0000000000
23 C    -0.0008489606    -0.0004498316    -0.0000000000
24 C    -0.0004319399    -0.0008997350    -0.0000000000
25 C     0.0017905408     0.0027164630    -0.0000000000
26 C    -0.0022625597    -0.0013647765    -0.0000000000
27 C     0.0006764798    -0.0002689504     0.0000000000
28 C     0.0000273251     0.0006076496    -0.0000000000
29 C    -0.0012291608     0.0000806568    -0.0000000000
30 C    -0.0009578242    -0.0019608772    -0.0000000000
31 C     0.0035651898     0.0034124854    -0.0000000000
32 C    -0.0034478331    -0.0015499738     0.0000000000
33 C     0.0000400808    -0.0008770112     0.0000000000
34 C     0.0007634110     0.0009453876     0.0000000000
35 C    -0.0011594980     0.0014840942     0.0000000000
36 N    -0.0094215308    -0.0023585108    -0.0000000000
37 C    -0.0005240958    -0.0011306079    -0.0000000000
38 C     0.0021482954     0.0005005939    -0.0000000000
39 C    -0.0020509854    -0.0016081518    -0.0000000000
40 C    -0.0003905078    -0.0001393911     0.0000000000
41 C    -0.0006262988    -0.0011114292    -0.0000000000
42 C    -0.0013562079     0.0008637641    -0.0000000000
43 C    -0.0005842287     0.0005118102    -0.0000000000
44 C    -0.0001772122    -0.0012909497    -0.0000000000
45 N    -0.0041537745    -0.0031239066     0.0000000000
46 C     0.0015866282    -0.0002762852     0.0000000000
47 C     0.0001955813    -0.0000082831    -0.0000000000
48 C    -0.0009696483     0.0002864096    -0.0000000000
49 C    -0.0018318592     0.0007446192    -0.0000000000
50 C    -0.0003766048     0.0054610394    -0.0000000000
51 C     0.0050657435    -0.0023625695    -0.0000000000
52 C     0.0002157930    -0.0014215198     0.0000000000
53 C     0.0004565367     0.0000567060    -0.0000000000
54 C     0.0009739119     0.0002174997    -0.0000000000
55 C     0.0028183180    -0.0015313505    -0.0000000000
56 N    -0.0035204252    -0.0110841527     0.0000000000
57 C    -0.0018120372     0.0005558446     0.0000000000
58 C     0.0009465175    -0.0001390956     0.0000000000
59 C     0.0000914545    -0.0002910036     0.0000000000
60 C    -0.0014580142     0.0009335365     0.0000000000
61 C    -0.0045781722     0.0009569036     0.0000000000
62 C     0.0035337215     0.0033648237     0.0000000000
63 C    -0.0002441247    -0.0002259730     0.0000000000
64 C     0.0009279771    -0.0002648548     0.0000000000
65 C     0.0005883613    -0.0004704133     0.0000000000
66 C    -0.0024049686     0.0019801632     0.0000000000
67 C     0.0011662109    -0.0017675329     0.0000000000
68 C    -0.0004524763     0.0015292133    -0.0000000000
69 C     0.0001657359     0.0000890770     0.0000000000
70 C     0.0008083427    -0.0006668316     0.0000000000
71 C     0.0008604266    -0.0006987480     0.0000000000
72 C    -0.0044969442     0.0056544435     0.0000000000
73 C     0.0044333761    -0.0013724103     0.0000000000
74 C    -0.0002466915     0.0006635000     0.0000000000
75 C     0.0016415759    -0.0010929613    -0.0000000000
76 C     0.0067173478    -0.0042693478    -0.0000000000
77 C    -0.0013811434     0.0010464616     0.0000000000
78 H    -0.0000897275    -0.0003328928    -0.0000000000
79 H     0.0008081837    -0.0005438520    -0.0000000000
80 H     0.0016769410     0.0008368966     0.0000000000
81 H     0.0006955472    -0.0012340427     0.0000000000
82 H     0.0004196571     0.0003880175    -0.0000000000
83 H     0.0000144927     0.0000250904    -0.0000000000
84 H    -0.0001496857    -0.0001626602     0.0000000000
85 H    -0.0005392866    -0.0003825498     0.0000000000
86 H    -0.0001639204     0.0000951219    -0.0000000000
87 H    -0.0004558633    -0.0007076170     0.0000000000
88 H    -0.0008447996     0.0002799779     0.0000000000
89 H    -0.0031455735    -0.0008590341     0.0000000000
90 H     0.0002574264     0.0001751806    -0.0000000000
91 H     0.0002695764     0.0000003163     0.0000000000
92 H     0.0000493864     0.0013302260     0.0000000000
93 H     0.0002396016     0.0013422513     0.0000000000
94 H     0.0000160763     0.0009804951    -0.0000000000
95 H    -0.0004332640     0.0004181058     0.0000000000
96 H    -0.0000824656     0.0006529595     0.0000000000
97 H     0.0000229273    -0.0005809611    -0.0000000000
98 H    -0.0000409416    -0.0002562713     0.0000000000
99 H    -0.0000176567    -0.0003055091    -0.0000000000
100 H    -0.0000381828    -0.0004041774     0.0000000000
101 H    -0.0001442165    -0.0003956810     0.0000000000
----------------------------------------------
cycle 5: E = -3034.57861575  dE = 0.000553892  norm(grad) = 0.0308869

Geometry optimization cycle 6
Cartesian coordinates (Angstrom)
 Atom        New coordinates             dX        dY        dZ
   C  -7.279486   5.016122   0.000000    0.001163  0.007852  0.000000
   C  -7.324805   0.685515   0.000000    0.002321  0.004371 -0.000000
   C  -6.137662   2.875829   0.000000    0.001750  0.001895 -0.000000
   C  -4.865003   4.987537   0.000000    0.000019 -0.000215 -0.000000
   C  -7.310032  -3.601654   0.000000    0.006317 -0.012915 -0.000000
   C  -6.132878  -1.417694   0.000000    0.001468  0.001104 -0.000000
   C  -4.913650   0.714781   0.000000    0.002457  0.000383 -0.000000
   C  -3.673753   2.844111   0.000000    0.001233 -0.002027 -0.000000
   C  -2.427924   4.977082   0.000000   -0.003650 -0.005407 -0.000000
   C  -6.110872  -5.650113   0.000000    0.005738 -0.023244 -0.000000
   C  -4.896780  -3.546499  -0.000000   -0.001388  0.002004 -0.000000
   C  -3.674850  -1.418154   0.000000    0.001360  0.001403 -0.000000
   C  -2.462214   0.712457   0.000000    0.003304  0.000761 -0.000000
   C  -1.231139   2.831282   0.000000    0.002972  0.000699 -0.000000
   C  -0.003980   4.950367  -0.000000    0.008128  0.005315 -0.000000
   C  -3.669349  -5.671630  -0.000000   -0.004666  0.007364 -0.000000
   C  -2.445372  -3.547922  -0.000000   -0.001702  0.002704 -0.000000
   C  -1.230596  -1.420401  -0.000000    0.000644  0.002127 -0.000000
   C  -0.010829   0.705566  -0.000000    0.003146  0.001633 -0.000000
   C   1.214578   2.824355  -0.000000   -0.001273 -0.000339 -0.000000
   C   2.441200   4.951838  -0.000000   -0.009689 -0.005272 -0.000000
   C  -1.220549  -5.655427  -0.000000   -0.003924  0.001881 -0.000000
   C   0.012522  -3.541682  -0.000000   -0.002795  0.002014 -0.000000
   C   1.221077  -1.414527  -0.000000   -0.000089  0.002005 -0.000000
   C   2.440529   0.707851  -0.000000    0.004736  0.000371 -0.000000
   C   3.665275   2.840283  -0.000000   -0.001871 -0.004850 -0.000000
   C   4.865456   4.973539  -0.000000   -0.001898 -0.003698 -0.000000
   C   1.228309  -5.649261  -0.000000   -0.004451  0.002361 -0.000000
   C   2.466903  -3.540466  -0.000000   -0.004260  0.001349 -0.000000
   C   3.675810  -1.411910   0.000000   -0.000891  0.001051 -0.000000
   C   4.878484   0.715839   0.000000    0.009217 -0.000109 -0.000000
   C   6.132850   2.859798   0.000000   -0.005373 -0.003597 -0.000000
   C   7.288579   4.980693  -0.000000    0.000454  0.005356  0.000000
   C   3.677841  -5.650961  -0.000000   -0.004035  0.002425 -0.000000
   C   4.917159  -3.546389   0.000000   -0.005974  0.000214 -0.000000
   C   6.136351  -1.404779   0.000000   -0.003372  0.001012 -0.000000
   N   7.235568   0.700920   0.000000    0.016888  0.004226 -0.000000
   C   6.130249  -5.672276   0.000000   -0.002597  0.001572 -0.000000
   C   7.340289  -3.593245   0.000000   -0.008431 -0.001061 -0.000000
   C  -7.311783   3.624327   0.000000    0.005815  0.008085  0.000000
   C  -6.083720   5.691620   0.000000    0.002698  0.003969  0.000000
   C  -7.325131  -0.685169   0.000000    0.003645  0.004925 -0.000000
   C  -6.135962   1.423324   0.000000    0.003524  0.001729 -0.000000
   C  -4.896152   3.561244   0.000000    0.002305 -0.000448 -0.000000
   C  -3.630899   5.657989   0.000000   -0.000126 -0.000073 -0.000000
   N  -7.234940  -4.940920   0.000000    0.016676 -0.010769 -0.000000
   C  -6.120210  -2.859745   0.000000   -0.001462 -0.000248 -0.000000
   C  -4.909540  -0.710441   0.000000    0.001592  0.000591 -0.000000
   C  -3.676879   1.420033   0.000000    0.002968 -0.001005 -0.000000
   C  -2.450314   3.543858   0.000000    0.001171 -0.003622 -0.000000
   C  -1.176526   5.651072   0.000000   -0.000580 -0.010894 -0.000000
   C  -4.863482  -4.991006  -0.000000   -0.006899  0.000461 -0.000000
   C  -3.665528  -2.839945  -0.000000   -0.001292  0.002311 -0.000000
   C  -2.456302  -0.713777  -0.000000    0.001174  0.001352 -0.000000
   C  -1.233378   1.413609  -0.000000    0.003021  0.001008 -0.000000
   C  -0.002546   3.523908  -0.000000    0.001604  0.004171 -0.000000
   N   1.221612   5.580671  -0.000000    0.002732  0.015583 -0.000000
   C  -2.429618  -4.991392  -0.000000   -0.002105  0.003265 -0.000000
   C  -1.221061  -2.840665  -0.000000   -0.002125  0.002521 -0.000000
   C  -0.004295  -0.713584  -0.000000    0.000646  0.002089 -0.000000
   C   1.211515   1.410391  -0.000000    0.003923 -0.000131 -0.000000
   C   2.443382   3.530868  -0.000000   -0.001053 -0.004379 -0.000000
   C   3.624850   5.650040  -0.000000   -0.007308 -0.012543 -0.000000
   C   0.014151  -4.979475  -0.000000   -0.003837  0.002260 -0.000000
   C   1.230244  -2.838973  -0.000000   -0.003322  0.002083 -0.000000
   C   2.444875  -0.708627  -0.000000   -0.000107  0.001301 -0.000000
   C   3.654968   1.422061  -0.000000    0.007226 -0.003599 -0.000000
   C   4.891447   3.550635  -0.000000   -0.004360 -0.003065 -0.000000
   C   6.089489   5.663743  -0.000000   -0.002945 -0.001242  0.000000
   C   2.457988  -4.975246  -0.000000   -0.004183  0.001822 -0.000000
   C   3.687352  -2.843729   0.000000   -0.004597  0.001239 -0.000000
   C   4.883195  -0.707516   0.000000   -0.001560  0.000982 -0.000000
   C   6.083583   1.431881   0.000000    0.012315 -0.003993 -0.000000
   C   7.325288   3.594315  -0.000000   -0.011214  0.005333  0.000000
   C   4.897724  -4.976970   0.000000   -0.003319  0.000583 -0.000000
   C   6.162727  -2.860195   0.000000   -0.006677  0.000837 -0.000000
   C   7.276220  -0.646072   0.000000   -0.006340  0.004703 -0.000000
   C   7.316787  -4.991246   0.000000   -0.001694 -0.001067 -0.000000
   H   8.219959   5.534905  -0.000000    0.001071  0.004438  0.000000
   H   8.295236   3.109833  -0.000000   -0.011764  0.005595  0.000000
   H   8.107487   1.201486   0.000000    0.017143 -0.001198 -0.000000
   H   8.266833  -1.075232   0.000000   -0.009186  0.000105 -0.000000
   H   8.302050  -3.096687   0.000000   -0.009382 -0.000112 -0.000000
   H   8.253753  -5.536154   0.000000   -0.001016  0.000268  0.000000
   H  -8.212397   5.568082   0.000000    0.001396  0.008027  0.000000
   H  -8.274963   3.133773   0.000000    0.005670  0.009453  0.000000
   H  -8.277094   1.197060   0.000000    0.002827  0.004830 -0.000000
   H  -8.279627  -1.194187   0.000000    0.003211  0.006862 -0.000000
   H  -8.300568  -3.182217   0.000000    0.003086 -0.022559  0.000000
   H  -8.104799  -5.450749   0.000000    0.019001 -0.008557  0.000000
   H  -6.062026   6.775475   0.000000    0.005681  0.003705  0.000000
   H  -3.628467   6.742864   0.000000    0.001612 -0.000175 -0.000000
   H  -1.166088   6.736146   0.000000   -0.005833 -0.011684 -0.000000
   H   1.220671   6.586179  -0.000000    0.006931  0.013326 -0.000000
   H   3.618199   6.734813  -0.000000   -0.008156 -0.013213 -0.000000
   H   6.081486   6.747441  -0.000000   -0.005858 -0.001620  0.000000
   H  -6.208126  -6.725631   0.000000    0.009051 -0.023669 -0.000000
   H  -3.670995  -6.755821  -0.000000   -0.003538  0.007797 -0.000000
   H  -1.216731  -6.740198  -0.000000   -0.004342  0.002126 -0.000000
   H   1.229978  -6.734077  -0.000000   -0.004643  0.002640 -0.000000
   H   3.678313  -6.735732  -0.000000   -0.004490  0.002760 -0.000000
   H   6.116028  -6.756113   0.000000   -0.002963  0.001910 -0.000000
converged SCF energy = -3034.58015236331
--------------- ROKS_Scanner gradients ---------------
         x                y                z
0 C    -0.0000387500     0.0001754322     0.0000000000
1 C     0.0000441697     0.0001290669     0.0000000000
2 C     0.0000300686    -0.0000791683     0.0000000000
3 C     0.0004263922     0.0003430286    -0.0000000000
4 C    -0.0003095353     0.0006245978     0.0000000000
5 C    -0.0004194377    -0.0001655497     0.0000000000
6 C     0.0001302158    -0.0000721313     0.0000000000
7 C     0.0000307809    -0.0000472386     0.0000000000
8 C     0.0011345518    -0.0000271471    -0.0000000000
9 C     0.0000888540     0.0000856659    -0.0000000000
10 C     0.0003673004    -0.0001658515    -0.0000000000
11 C    -0.0000855441     0.0001459845     0.0000000000
12 C    -0.0002116487    -0.0000538001     0.0000000000
13 C    -0.0003324428     0.0001847001     0.0000000000
14 C    -0.0013870484    -0.0001048698    -0.0000000000
15 C     0.0005511906     0.0000968460     0.0000000000
16 C    -0.0001166603    -0.0000138385     0.0000000000
17 C    -0.0001166655    -0.0000485702    -0.0000000000
18 C    -0.0001117118    -0.0001693801     0.0000000000
19 C     0.0003833378    -0.0003402721     0.0000000000
20 C     0.0015375726     0.0006862993    -0.0000000000
21 C     0.0006077724     0.0000431060    -0.0000000000
22 C    -0.0002512645     0.0001290412    -0.0000000000
23 C    -0.0002471101    -0.0002300176    -0.0000000000
24 C     0.0000663897    -0.0001729839    -0.0000000000
25 C     0.0005190222     0.0005179409    -0.0000000000
26 C    -0.0008017679    -0.0002273283    -0.0000000000
27 C     0.0003239721     0.0000125943    -0.0000000000
28 C    -0.0000608101     0.0002130479    -0.0000000000
29 C    -0.0004803565    -0.0003017285    -0.0000000000
30 C    -0.0001133028    -0.0005316238    -0.0000000000
31 C     0.0010991353     0.0008195462    -0.0000000000
32 C    -0.0001677738     0.0002006114    -0.0000000000
33 C    -0.0000049213    -0.0001304373     0.0000000000
34 C     0.0002148503     0.0003124611    -0.0000000000
35 C    -0.0009193905    -0.0002688790    -0.0000000000
36 N    -0.0009717723     0.0001389795    -0.0000000000
37 C    -0.0002016247     0.0000544435     0.0000000000
38 C     0.0004512723    -0.0002132997     0.0000000000
39 C    -0.0000155743     0.0000509610    -0.0000000000
40 C    -0.0002038811    -0.0003038289     0.0000000000
41 C     0.0001741878     0.0000370886    -0.0000000000
42 C    -0.0001511856     0.0000206465    -0.0000000000
43 C    -0.0001663602     0.0000066482    -0.0000000000
44 C    -0.0001733901    -0.0003214874     0.0000000000
45 N     0.0010002776     0.0002408858     0.0000000000
46 C    -0.0001584460    -0.0010060236    -0.0000000000
47 C     0.0000936344    -0.0000272934    -0.0000000000
48 C    -0.0001456840     0.0000183800    -0.0000000000
49 C    -0.0004254182     0.0001875067    -0.0000000000
50 C    -0.0003040894     0.0011797593     0.0000000000
51 C    -0.0008925237     0.0001976411     0.0000000000
52 C    -0.0000268433    -0.0000572090    -0.0000000000
53 C     0.0000691715     0.0000554801    -0.0000000000
54 C     0.0002373435    -0.0000010197    -0.0000000000
55 C     0.0004898139    -0.0003441869    -0.0000000000
56 N    -0.0006307014    -0.0016800114     0.0000000000
57 C    -0.0004560640     0.0000840691    -0.0000000000
58 C     0.0003306078    -0.0000752273     0.0000000000
59 C    -0.0000248275    -0.0000465277     0.0000000000
60 C    -0.0003504902     0.0001987535    -0.0000000000
61 C    -0.0008414816     0.0000821383     0.0000000000
62 C     0.0006528919     0.0005195975     0.0000000000
63 C    -0.0002863628    -0.0000655391     0.0000000000
64 C     0.0003748136    -0.0000673006     0.0000000000
65 C     0.0001700777    -0.0000238352     0.0000000000
66 C    -0.0005593680     0.0003174398     0.0000000000
67 C     0.0002016247    -0.0005383687     0.0000000000
68 C     0.0000967175    -0.0003583250     0.0000000000
69 C    -0.0000306009    -0.0000322867     0.0000000000
70 C     0.0002520345    -0.0001977594     0.0000000000
71 C     0.0001591229     0.0002206794     0.0000000000
72 C    -0.0010433994     0.0010989026     0.0000000000
73 C     0.0006582107    -0.0001176342    -0.0000000000
74 C    -0.0000217152     0.0000825070    -0.0000000000
75 C     0.0003699401    -0.0003215548     0.0000000000
76 C     0.0006109595    -0.0005355251     0.0000000000
77 C     0.0001028531     0.0001460546    -0.0000000000
78 H     0.0001567253    -0.0000081806     0.0000000000
79 H     0.0001514163     0.0000017898     0.0000000000
80 H     0.0000309377     0.0000655878    -0.0000000000
81 H     0.0000417499    -0.0002047348     0.0000000000
82 H     0.0000757274     0.0000470465    -0.0000000000
83 H     0.0000889406    -0.0000630191     0.0000000000
84 H    -0.0001146865     0.0000426183    -0.0000000000
85 H    -0.0000404615     0.0000004144     0.0000000000
86 H    -0.0000756233     0.0000217255    -0.0000000000
87 H    -0.0000081840    -0.0000163189     0.0000000000
88 H    -0.0000954500    -0.0000461710    -0.0000000000
89 H     0.0000247727     0.0001020528     0.0000000000
90 H     0.0000351026     0.0000340007     0.0000000000
91 H     0.0001061604     0.0000519768    -0.0000000000
92 H     0.0000825075     0.0002740152    -0.0000000000
93 H     0.0000587639    -0.0001348045     0.0000000000
94 H    -0.0000427075     0.0001677746     0.0000000000
95 H    -0.0000883403     0.0000103340    -0.0000000000
96 H    -0.0000433148    -0.0001093932     0.0000000000
97 H    -0.0000774188    -0.0000633322    -0.0000000000
98 H    -0.0000541211    -0.0001126973     0.0000000000
99 H    -0.0000267086    -0.0000969804    -0.0000000000
100 H     0.0000007897    -0.0001119183    -0.0000000000
101 H     0.0000057872    -0.0000649022    -0.0000000000
----------------------------------------------
cycle 6: E = -3034.58015236  dE = -0.00153662  norm(grad) = 0.00556959

Geometry optimization cycle 7
