1721381412.5380592

Geometry optimization cycle 1
Cartesian coordinates (Angstrom)
 Atom        New coordinates             dX        dY        dZ
   C  -7.338226   5.042760   0.000000    0.000000  0.000000  0.000000
   C  -7.365228   0.691139   0.000000    0.000000  0.000000  0.000000
   C  -6.173642   2.889413   0.000000    0.000000  0.000000  0.000000
   C  -4.910090   5.019617   0.000000    0.000000  0.000000  0.000000
   C  -7.358051  -3.642635   0.000000    0.000000  0.000000  0.000000
   C  -6.173475  -1.431785   0.000000    0.000000  0.000000  0.000000
   C  -4.940069   0.716689   0.000000    0.000000  0.000000  0.000000
   C  -3.694845   2.860312   0.000000    0.000000  0.000000  0.000000
   C  -2.457224   5.005715   0.000000    0.000000  0.000000  0.000000
   C  -6.138515  -5.727246   0.000000    0.000000  0.000000  0.000000
   C  -4.928214  -3.580071   0.000000    0.000000  0.000000  0.000000
   C  -3.698169  -1.425571   0.000000    0.000000  0.000000  0.000000
   C  -2.471779   0.716540   0.000000    0.000000  0.000000  0.000000
   C  -1.230705   2.851907   0.000000    0.000000 -0.000000  0.000000
   C   0.000000   5.003169   0.000000    0.000000  0.000000  0.000000
   C  -3.678966  -5.694052   0.000000    0.000000  0.000000  0.000000
   C  -2.466015  -3.560923   0.000000    0.000000  0.000000  0.000000
   C  -1.232423  -1.423207   0.000000    0.000000  0.000000  0.000000
   C   0.000000   0.715809   0.000000    0.000000  0.000000  0.000000
   C   1.230705   2.851907   0.000000    0.000000 -0.000000  0.000000
   C   2.457224   5.005715   0.000000    0.000000  0.000000  0.000000
   C  -1.226334  -5.685080   0.000000    0.000000  0.000000  0.000000
   C   0.000000  -3.557079   0.000000    0.000000  0.000000  0.000000
   C   1.232423  -1.423207   0.000000    0.000000  0.000000  0.000000
   C   2.471779   0.716540   0.000000    0.000000  0.000000  0.000000
   C   3.694845   2.860312   0.000000    0.000000  0.000000  0.000000
   C   4.910090   5.019617   0.000000    0.000000  0.000000  0.000000
   C   1.226334  -5.685080   0.000000    0.000000  0.000000  0.000000
   C   2.466015  -3.560923   0.000000    0.000000  0.000000  0.000000
   C   3.698169  -1.425571   0.000000    0.000000  0.000000  0.000000
   C   4.940069   0.716689   0.000000    0.000000  0.000000  0.000000
   C   6.173642   2.889413   0.000000    0.000000  0.000000  0.000000
   C   7.338226   5.042760   0.000000    0.000000  0.000000  0.000000
   N   3.678966  -5.694052   0.000000    0.000000  0.000000  0.000000
   C   4.928214  -3.580071   0.000000    0.000000  0.000000  0.000000
   C   6.173475  -1.431785   0.000000   -0.000000  0.000000  0.000000
   C   7.365228   0.691139   0.000000    0.000000  0.000000  0.000000
   C   6.138515  -5.727246   0.000000    0.000000  0.000000  0.000000
   C   7.358051  -3.642635   0.000000   -0.000000  0.000000  0.000000
   C  -7.358051   3.642635   0.000000    0.000000  0.000000  0.000000
   C  -6.138515   5.727246   0.000000    0.000000  0.000000  0.000000
   C  -7.365228  -0.691139   0.000000    0.000000  0.000000  0.000000
   C  -6.173475   1.431785   0.000000    0.000000  0.000000  0.000000
   C  -4.928214   3.580071   0.000000    0.000000 -0.000000  0.000000
   C  -3.678966   5.694052   0.000000    0.000000  0.000000  0.000000
   C  -7.338226  -5.042760   0.000000    0.000000  0.000000  0.000000
   C  -6.173642  -2.889413   0.000000    0.000000  0.000000  0.000000
   C  -4.940069  -0.716689   0.000000    0.000000  0.000000  0.000000
   N  -3.698169   1.425571   0.000000    0.000000  0.000000  0.000000
   C  -2.466015   3.560923   0.000000    0.000000 -0.000000  0.000000
   C  -1.226334   5.685080   0.000000    0.000000  0.000000  0.000000
   C  -4.910090  -5.019617   0.000000    0.000000  0.000000  0.000000
   C  -3.694845  -2.860312   0.000000    0.000000  0.000000  0.000000
   C  -2.471779  -0.716540   0.000000    0.000000  0.000000  0.000000
   C  -1.232423   1.423207   0.000000    0.000000  0.000000  0.000000
   C   0.000000   3.557079   0.000000    0.000000  0.000000  0.000000
   C   1.226334   5.685080   0.000000    0.000000  0.000000  0.000000
   C  -2.457224  -5.005715   0.000000    0.000000  0.000000  0.000000
   C  -1.230705  -2.851907   0.000000    0.000000  0.000000  0.000000
   C   0.000000  -0.715809   0.000000    0.000000  0.000000  0.000000
   C   1.232423   1.423207   0.000000    0.000000  0.000000  0.000000
   C   2.466015   3.560923   0.000000    0.000000 -0.000000  0.000000
   C   3.678966   5.694052   0.000000    0.000000  0.000000  0.000000
   C   0.000000  -5.003169   0.000000    0.000000  0.000000  0.000000
   C   1.230705  -2.851907   0.000000    0.000000  0.000000  0.000000
   C   2.471779  -0.716540   0.000000    0.000000  0.000000  0.000000
   C   3.698169   1.425571   0.000000    0.000000  0.000000  0.000000
   C   4.928214   3.580071   0.000000    0.000000 -0.000000  0.000000
   C   6.138515   5.727246   0.000000    0.000000  0.000000  0.000000
   C   2.457224  -5.005715   0.000000    0.000000  0.000000  0.000000
   C   3.694845  -2.860312   0.000000    0.000000  0.000000  0.000000
   C   4.940069  -0.716689   0.000000    0.000000  0.000000  0.000000
   C   6.173475   1.431785   0.000000   -0.000000  0.000000  0.000000
   C   7.358051   3.642635   0.000000   -0.000000  0.000000  0.000000
   C   4.910090  -5.019617   0.000000    0.000000  0.000000  0.000000
   C   6.173642  -2.889413   0.000000    0.000000  0.000000  0.000000
   C   7.365228  -0.691139   0.000000    0.000000  0.000000  0.000000
   C   7.338226  -5.042760   0.000000    0.000000  0.000000  0.000000
   H   8.282184   5.591425   0.000000    0.000000 -0.000000  0.000000
   H   8.325741   3.141106   0.000000    0.000000  0.000000  0.000000
   H   8.326715   1.204661   0.000000    0.000000  0.000000  0.000000
   H   8.326715  -1.204661   0.000000    0.000000  0.000000  0.000000
   H   8.325741  -3.141106   0.000000    0.000000  0.000000  0.000000
   H   8.282184  -5.591425   0.000000    0.000000  0.000000  0.000000
   H  -8.282184   5.591425   0.000000    0.000000 -0.000000  0.000000
   H  -8.325741   3.141106   0.000000    0.000000  0.000000  0.000000
   H  -8.326715   1.204661   0.000000    0.000000  0.000000  0.000000
   H  -8.326715  -1.204661   0.000000    0.000000  0.000000  0.000000
   H  -8.325741  -3.141106   0.000000    0.000000  0.000000  0.000000
   H  -8.282184  -5.591425   0.000000    0.000000  0.000000  0.000000
   H  -6.116625   6.819427   0.000000    0.000000  0.000000  0.000000
   H  -3.672757   6.787431   0.000000    0.000000  0.000000  0.000000
   H  -1.225580   6.778408   0.000000    0.000000 -0.000000  0.000000
   H   1.225580   6.778408   0.000000    0.000000 -0.000000  0.000000
   H   3.672757   6.787431   0.000000    0.000000  0.000000  0.000000
   H   6.116625   6.819427   0.000000   -0.000000  0.000000  0.000000
   H  -6.116625  -6.819427   0.000000    0.000000  0.000000  0.000000
   H  -3.672757  -6.787431   0.000000    0.000000  0.000000  0.000000
   H  -1.225580  -6.778408   0.000000    0.000000  0.000000  0.000000
   H   1.225580  -6.778408   0.000000    0.000000  0.000000  0.000000
   H   3.672757  -6.787431   0.000000    0.000000  0.000000  0.000000
   H   6.116625  -6.819427   0.000000   -0.000000  0.000000  0.000000
converged SCF energy = -3017.91750984531
--------------- RKS_Scanner gradients ---------------
         x                y                z
0 C    -0.0110044265    -0.0079135076    -0.0000000000
1 C    -0.0021232061     0.0076702163    -0.0000000000
2 C     0.0122098649    -0.0125208222    -0.0000000000
3 C    -0.0168951522    -0.0047297376    -0.0000000000
4 C    -0.0027339330    -0.0032565210    -0.0000000000
5 C    -0.0005415645    -0.0068205818     0.0000000000
6 C    -0.0010587933    -0.0067873556     0.0000000000
7 C     0.0047564447     0.0041553952     0.0000000000
8 C     0.0019928969    -0.0060821544    -0.0000000000
9 C     0.0026380357    -0.0028026029    -0.0000000000
10 C     0.0000998517    -0.0003781592    -0.0000000000
11 C    -0.0028495963     0.0055905202    -0.0000000000
12 C     0.0013714115    -0.0078988422    -0.0000000000
13 C    -0.0066943600    -0.0056202993    -0.0000000000
14 C     0.0061073816    -0.0058065382    -0.0000000000
15 C    -0.0023551199    -0.0037926206     0.0000000000
16 C    -0.0040028705     0.0013771953    -0.0000000000
17 C    -0.0060384892    -0.0039034322    -0.0000000000
18 C    -0.0042356640     0.0060286965    -0.0000000000
19 C    -0.0064486034    -0.0004148798    -0.0000000000
20 C     0.0058075115    -0.0029877521    -0.0000000000
21 C    -0.0137211736    -0.0045019919     0.0000000000
22 C    -0.0005540897     0.0027691055    -0.0000000000
23 C    -0.0065927751     0.0011216999    -0.0000000000
24 C    -0.0021816739    -0.0001797695    -0.0000000000
25 C    -0.0034961555    -0.0010814486    -0.0000000000
26 C     0.0045573628     0.0003840527    -0.0000000000
27 C    -0.0398292365    -0.0027874889    -0.0000000000
28 C    -0.0106285186     0.0013688426    -0.0000000000
29 C    -0.0001202370     0.0090081719    -0.0000000000
30 C    -0.0032204994     0.0010267983     0.0000000000
31 C    -0.0029521585    -0.0058046854     0.0000000000
32 C     0.0051880602    -0.0030634348    -0.0000000000
33 N    -0.0026133469     0.0226663598     0.0000000000
34 C    -0.0063901480     0.0154829957     0.0000000000
35 C     0.0033814217    -0.0040769041     0.0000000000
36 C     0.0018597970     0.0017476191     0.0000000000
37 C     0.0256521907    -0.0003630171    -0.0000000000
38 C    -0.0042085567     0.0090698577     0.0000000000
39 C    -0.0050039501     0.0138996488     0.0000000000
40 C     0.0125013476     0.0045006209     0.0000000000
41 C    -0.0007324176    -0.0035366628     0.0000000000
42 C    -0.0158693293     0.0023870741    -0.0000000000
43 C    -0.0037546958     0.0136668208     0.0000000000
44 C     0.0077445827     0.0044095437     0.0000000000
45 C    -0.0047795633     0.0010086782     0.0000000000
46 C     0.0011735053     0.0055767559     0.0000000000
47 C    -0.0018582358    -0.0063180874     0.0000000000
48 N    -0.0034363435     0.0030371222     0.0000000000
49 C     0.0013229411     0.0093385297    -0.0000000000
50 C    -0.0028018124     0.0061845533     0.0000000000
51 C    -0.0007356946    -0.0021789932     0.0000000000
52 C     0.0037734435    -0.0035664718     0.0000000000
53 C     0.0078791890    -0.0060992768     0.0000000000
54 C     0.0174839338     0.0020947480     0.0000000000
55 C     0.0057544058     0.0020400390     0.0000000000
56 C    -0.0045509259     0.0033018501     0.0000000000
57 C     0.0047877590    -0.0023031242    -0.0000000000
58 C     0.0044041231     0.0005836780     0.0000000000
59 C     0.0046312309    -0.0013381541     0.0000000000
60 C     0.0040060736     0.0005728390     0.0000000000
61 C     0.0033183623     0.0036285870     0.0000000000
62 C    -0.0035653280     0.0026897247     0.0000000000
63 C     0.0198922968    -0.0043418777     0.0000000000
64 C     0.0031929549     0.0018166355     0.0000000000
65 C     0.0052321313     0.0010525265     0.0000000000
66 C     0.0028895445    -0.0000730948     0.0000000000
67 C     0.0022813057     0.0023676890     0.0000000000
68 C    -0.0043186979     0.0027236570    -0.0000000000
69 C     0.0190175184     0.0185383151     0.0000000000
70 C     0.0116971148    -0.0096293020     0.0000000000
71 C    -0.0043788557     0.0000722355    -0.0000000000
72 C     0.0009577177     0.0048458392    -0.0000000000
73 C     0.0041597875     0.0044957002    -0.0000000000
74 C    -0.0055967347     0.0021067382    -0.0000000000
75 C     0.0034132316     0.0080604242    -0.0000000000
76 C     0.0010899055    -0.0008927386    -0.0000000000
77 C    -0.0023167251    -0.0177077072     0.0000000000
78 H     0.0050794913     0.0028388712     0.0000000000
79 H     0.0055128810    -0.0029467950     0.0000000000
80 H     0.0055839138     0.0031064282    -0.0000000000
81 H     0.0055902308    -0.0030197970     0.0000000000
82 H     0.0057916332     0.0033388447    -0.0000000000
83 H     0.0056594603    -0.0026392316    -0.0000000000
84 H    -0.0049438433     0.0027568584     0.0000000000
85 H    -0.0058049532    -0.0027993650    -0.0000000000
86 H    -0.0069924214     0.0021035538     0.0000000000
87 H    -0.0058086410    -0.0030827268    -0.0000000000
88 H    -0.0055676850     0.0030153975     0.0000000000
89 H    -0.0050531983    -0.0029267787    -0.0000000000
90 H    -0.0001786916     0.0063506654    -0.0000000000
91 H    -0.0000229344     0.0067182379    -0.0000000000
92 H     0.0004159768     0.0067462757    -0.0000000000
93 H     0.0001292470     0.0062745863    -0.0000000000
94 H     0.0000260355     0.0060328413    -0.0000000000
95 H    -0.0003004813     0.0059187643    -0.0000000000
96 H     0.0002538775    -0.0059512038     0.0000000000
97 H    -0.0000085614    -0.0060429651    -0.0000000000
98 H     0.0000130040    -0.0061104557    -0.0000000000
99 H     0.0001544968    -0.0055834755     0.0000000000
100 H    -0.0001045547    -0.0617623769    -0.0000000000
101 H    -0.0004555075    -0.0052118067     0.0000000000
----------------------------------------------
cycle 1: E = -3017.91750985  dE = -3017.92  norm(grad) = 0.117575

Geometry optimization cycle 2
Cartesian coordinates (Angstrom)
 Atom        New coordinates             dX        dY        dZ
   C  -7.288104   4.950812   0.000000    0.050122 -0.091947  0.000000
   C  -7.267519   0.685210   0.000000    0.097709 -0.005929  0.000000
   C  -6.124107   2.855114   0.000000    0.049535 -0.034300  0.000000
   C  -4.865889   4.967711   0.000000    0.044202 -0.051906  0.000000
   C  -7.293924  -3.582006   0.000000    0.064127  0.060630  0.000000
   C  -6.106240  -1.398163   0.000000    0.067235  0.033622  0.000000
   C  -4.868341   0.722433  -0.000000    0.071727  0.005744 -0.000000
   C  -3.667465   2.827145  -0.000000    0.027380 -0.033167 -0.000000
   C  -2.456218   4.966927  -0.000000    0.001005 -0.038788 -0.000000
   C  -6.080500  -5.661101   0.000000    0.058015  0.066145  0.000000
   C  -4.881766  -3.536937  -0.000000    0.046448  0.043133 -0.000000
   C  -3.658880  -1.406861  -0.000000    0.039289  0.018710 -0.000000
   C  -2.448301   0.722759  -0.000000    0.023478  0.006219 -0.000000
   C  -1.219501   2.840023  -0.000000    0.011204 -0.011884 -0.000000
   C  -0.011559   4.974730  -0.000000   -0.011559 -0.028438 -0.000000
   C  -3.632730  -5.631801  -0.000000    0.046236  0.062252 -0.000000
   C  -2.438672  -3.526660  -0.000000    0.027343  0.034262 -0.000000
   C  -1.219050  -1.400520  -0.000000    0.013373  0.022687 -0.000000
   C  -0.007389   0.711884  -0.000000   -0.007389 -0.003925 -0.000000
   C   1.219254   2.831459  -0.000000   -0.011451 -0.020448 -0.000000
   C   2.423503   4.964634  -0.000000   -0.033720 -0.041081 -0.000000
   C  -1.188219  -5.635778  -0.000000    0.038115  0.049302 -0.000000
   C   0.000664  -3.532319  -0.000000    0.000664  0.024759 -0.000000
   C   1.224575  -1.406859  -0.000000   -0.007848  0.016348 -0.000000
   C   2.448993   0.709616  -0.000000   -0.022786 -0.006924 -0.000000
   C   3.664961   2.830288  -0.000000   -0.029884 -0.030024 -0.000000
   C   4.859670   4.968449  -0.000000   -0.050420 -0.051168 -0.000000
   C   1.255298  -5.656517  -0.000000    0.028963  0.028563 -0.000000
   C   2.445762  -3.508428  -0.000000   -0.020252  0.052495 -0.000000
   C   3.672195  -1.416166  -0.000000   -0.025974  0.009405 -0.000000
   C   4.905066   0.698511  -0.000000   -0.035003 -0.018178 -0.000000
   C   6.125702   2.855894  -0.000000   -0.047940 -0.033519 -0.000000
   C   7.269848   4.995667   0.000000   -0.068378 -0.047093  0.000000
   N   3.626480  -5.546171  -0.000000   -0.052486  0.147881 -0.000000
   C   4.897519  -3.552294  -0.000000   -0.030695  0.027777 -0.000000
   C   6.131004  -1.438955   0.000000   -0.042471 -0.007170  0.000000
   C   7.310927   0.667717   0.000000   -0.054301 -0.023422  0.000000
   C   6.023780  -5.711733   0.000000   -0.114735  0.015513  0.000000
   C   7.315344  -3.645992   0.000000   -0.042707 -0.003357  0.000000
   C  -7.316763   3.554070   0.000000    0.041288 -0.088566  0.000000
   C  -6.110551   5.638475   0.000000    0.027964 -0.088771  0.000000
   C  -7.297680  -0.680990   0.000000    0.067548  0.010149  0.000000
   C  -6.082510   1.416079   0.000000    0.090965 -0.015706  0.000000
   C  -4.887431   3.535085   0.000000    0.040783 -0.044986  0.000000
   C  -3.665562   5.654376   0.000000    0.013404 -0.039676  0.000000
   C  -7.266033  -4.974281   0.000000    0.072193  0.068479  0.000000
   C  -6.113783  -2.846923   0.000000    0.059859  0.042490  0.000000
   C  -4.881535  -0.691944  -0.000000    0.058534  0.024745 -0.000000
   N  -3.650853   1.416446  -0.000000    0.047316 -0.009125 -0.000000
   C  -2.453638   3.527328  -0.000000    0.012376 -0.033594 -0.000000
   C  -1.232687   5.637104  -0.000000   -0.006353 -0.047976 -0.000000
   C  -4.857193  -4.962973  -0.000000    0.052897  0.056643 -0.000000
   C  -3.658566  -2.826310  -0.000000    0.036279  0.034001 -0.000000
   C  -2.451281  -0.695646  -0.000000    0.020498  0.020893 -0.000000
   C  -1.234528   1.421455  -0.000000   -0.002105 -0.001752 -0.000000
   C  -0.004020   3.537288  -0.000000   -0.004020 -0.019790 -0.000000
   C   1.209740   5.649139  -0.000000   -0.016594 -0.035941 -0.000000
   C  -2.416574  -4.958329  -0.000000    0.040650  0.047386 -0.000000
   C  -1.219129  -2.822385  -0.000000    0.011575  0.029522 -0.000000
   C  -0.000213  -0.704098  -0.000000   -0.000213  0.011711 -0.000000
   C   1.215495   1.412779  -0.000000   -0.016928 -0.010428 -0.000000
   C   2.443226   3.527877  -0.000000   -0.022788 -0.033046 -0.000000
   C   3.641865   5.642308  -0.000000   -0.037101 -0.051744 -0.000000
   C   0.021349  -4.968540  -0.000000    0.021349  0.034628 -0.000000
   C   1.214088  -2.821294  -0.000000   -0.016617  0.030613 -0.000000
   C   2.451917  -0.711406  -0.000000   -0.019862  0.005134 -0.000000
   C   3.669289   1.406504  -0.000000   -0.028880 -0.019067 -0.000000
   C   4.887176   3.539618  -0.000000   -0.041038 -0.040452 -0.000000
   C   6.080663   5.673476   0.000000   -0.057852 -0.053770  0.000000
   C   2.406493  -4.928343  -0.000000   -0.050731  0.077372 -0.000000
   C   3.666302  -2.826944  -0.000000   -0.028543  0.033367 -0.000000
   C   4.911725  -0.723064  -0.000000   -0.028343 -0.006375 -0.000000
   C   6.128358   1.405050  -0.000000   -0.045117 -0.026735 -0.000000
   C   7.297970   3.601875   0.000000   -0.060081 -0.040761  0.000000
   C   4.862319  -4.958675   0.000000   -0.047771  0.060942  0.000000
   C   6.140849  -2.890072   0.000000   -0.032793 -0.000659  0.000000
   C   7.315160  -0.705006   0.000000   -0.050068 -0.013867  0.000000
   C   7.222842  -5.023700   0.000000   -0.115383  0.019060  0.000000
   H   8.204008   5.543469   0.000000   -0.078177 -0.047956  0.000000
   H   8.259043   3.108240   0.000000   -0.066698 -0.032866  0.000000
   H   8.263790   1.176770   0.000000   -0.062925 -0.027892  0.000000
   H   8.268705  -1.212893   0.000000   -0.058010 -0.008231  0.000000
   H   8.289002  -3.179168   0.000000   -0.036739 -0.038062  0.000000
   H   8.142510  -5.594333   0.000000   -0.139674 -0.002908  0.000000
   H  -8.225237   5.493994   0.000000    0.056947 -0.097430  0.000000
   H  -8.267591   3.041590   0.000000    0.058149 -0.099516  0.000000
   H  -8.207992   1.214423   0.000000    0.118723  0.009761  0.000000
   H  -8.252283  -1.186165   0.000000    0.074432  0.018497  0.000000
   H  -8.252572  -3.083941   0.000000    0.073169  0.057165  0.000000
   H  -8.202438  -5.518168   0.000000    0.079746  0.073256  0.000000
   H  -6.107510   6.721147   0.000000    0.009116 -0.098279  0.000000
   H  -3.666914   6.737444   0.000000    0.005843 -0.049987  0.000000
   H  -1.238745   6.720047   0.000000   -0.013165 -0.058361  0.000000
   H   1.214620   6.732813  -0.000000   -0.010960 -0.045595 -0.000000
   H   3.640547   6.726431  -0.000000   -0.032210 -0.061000 -0.000000
   H   6.059434   6.756593   0.000000   -0.057191 -0.062834  0.000000
   H  -6.065493  -6.744273   0.000000    0.051133  0.075154  0.000000
   H  -3.629584  -6.715903  -0.000000    0.043173  0.071528 -0.000000
   H  -1.189190  -6.719714  -0.000000    0.036390  0.058694 -0.000000
   H   1.285192  -6.740851  -0.000000    0.059612  0.037557 -0.000000
   H   3.612685  -6.544527   0.000000   -0.060072  0.242904  0.000000
   H   5.977330  -6.795139   0.000000   -0.139295  0.024288  0.000000
converged SCF energy = -3017.94045056478
--------------- RKS_Scanner gradients ---------------
         x                y                z
0 C     0.0023128006    -0.0047101363     0.0000000000
1 C     0.0059589165     0.0031108573     0.0000000000
2 C     0.0055114325    -0.0020906144     0.0000000000
3 C    -0.0006930246    -0.0002233887     0.0000000000
4 C    -0.0022985686     0.0003869759    -0.0000000000
5 C     0.0004353675     0.0022966080    -0.0000000000
6 C     0.0005977341    -0.0008128136     0.0000000000
7 C    -0.0001639937     0.0021342105    -0.0000000000
8 C    -0.0043694187    -0.0019740012     0.0000000000
9 C    -0.0000505918     0.0000818265     0.0000000000
10 C    -0.0015070197     0.0001524830    -0.0000000000
11 C    -0.0020614500     0.0021821191    -0.0000000000
12 C     0.0015424567    -0.0029453764    -0.0000000000
13 C     0.0003978467    -0.0007462303     0.0000000000
14 C     0.0022078156    -0.0009333099     0.0000000000
15 C    -0.0017036562     0.0022195561    -0.0000000000
16 C    -0.0029759794     0.0002494419    -0.0000000000
17 C    -0.0018404859     0.0002938986    -0.0000000000
18 C    -0.0035240927     0.0002130927     0.0000000000
19 C    -0.0021422150     0.0008107742     0.0000000000
20 C    -0.0004301443    -0.0021049920     0.0000000000
21 C    -0.0037108222     0.0012311654     0.0000000000
22 C    -0.0034352357    -0.0003662009    -0.0000000000
23 C    -0.0002992636     0.0008306535     0.0000000000
24 C    -0.0016045197    -0.0005297534     0.0000000000
25 C    -0.0025841803    -0.0000475986     0.0000000000
26 C     0.0003679542    -0.0010940275    -0.0000000000
27 C    -0.0015814420    -0.0086814945     0.0000000000
28 C     0.0058827716    -0.0016431207     0.0000000000
29 C    -0.0006043291     0.0018715445     0.0000000000
30 C    -0.0021474354    -0.0002184406     0.0000000000
31 C    -0.0023727598    -0.0010475995     0.0000000000
32 C    -0.0009293377    -0.0027760159    -0.0000000000
33 N    -0.0054761888     0.0110087576     0.0000000000
34 C    -0.0081742706    -0.0008172987    -0.0000000000
35 C    -0.0013450260    -0.0011573256    -0.0000000000
36 C    -0.0015346692    -0.0009678909    -0.0000000000
37 C     0.0036724792    -0.0059266698     0.0000000000
38 C     0.0066494217     0.0055746221    -0.0000000000
39 C    -0.0054698820     0.0004833875    -0.0000000000
40 C     0.0035458440    -0.0023444594    -0.0000000000
41 C    -0.0032901653    -0.0042583941     0.0000000000
42 C    -0.0022213719     0.0008041415    -0.0000000000
43 C    -0.0024810364     0.0028795637    -0.0000000000
44 C     0.0038370925     0.0028584148    -0.0000000000
45 C     0.0026896893     0.0022389544    -0.0000000000
46 C     0.0002988151     0.0004228100     0.0000000000
47 C     0.0010790238     0.0019992637     0.0000000000
48 N     0.0021948476    -0.0007170478     0.0000000000
49 C     0.0002331940    -0.0015267448     0.0000000000
50 C    -0.0006708395    -0.0006183263    -0.0000000000
51 C     0.0008266078    -0.0008699627     0.0000000000
52 C     0.0019858367    -0.0002409077     0.0000000000
53 C    -0.0003558429     0.0010545639     0.0000000000
54 C     0.0002430788     0.0024749091    -0.0000000000
55 C     0.0012397703    -0.0000141842    -0.0000000000
56 C    -0.0009107173     0.0021508343    -0.0000000000
57 C     0.0055634366    -0.0019101630     0.0000000000
58 C     0.0005199639     0.0013684649     0.0000000000
59 C     0.0023896800    -0.0021027674    -0.0000000000
60 C     0.0014371778     0.0006069525    -0.0000000000
61 C     0.0033134398    -0.0002187578    -0.0000000000
62 C    -0.0018677981     0.0002484802    -0.0000000000
63 C     0.0130838283     0.0010965957    -0.0000000000
64 C    -0.0025149711    -0.0031128189    -0.0000000000
65 C     0.0020111084    -0.0001232021    -0.0000000000
66 C     0.0022361113     0.0002954717    -0.0000000000
67 C     0.0025883916    -0.0001377905    -0.0000000000
68 C    -0.0020103186    -0.0001218946     0.0000000000
69 C    -0.0133620454     0.0058666081    -0.0000000000
70 C     0.0032963196    -0.0002825457     0.0000000000
71 C     0.0008814387    -0.0004781650     0.0000000000
72 C     0.0006782594     0.0006041987    -0.0000000000
73 C     0.0012469863     0.0018305214     0.0000000000
74 C     0.0123819421    -0.0042561117     0.0000000000
75 C     0.0059872147    -0.0065596117     0.0000000000
76 C    -0.0000016370    -0.0002490717     0.0000000000
77 C    -0.0142995794     0.0041079572    -0.0000000000
78 H    -0.0004338110    -0.0001934074    -0.0000000000
79 H    -0.0002818931    -0.0000975627    -0.0000000000
80 H    -0.0003889823    -0.0003156153     0.0000000000
81 H    -0.0003168036     0.0003324269    -0.0000000000
82 H     0.0003385114     0.0004266377     0.0000000000
83 H    -0.0012923487     0.0013733775     0.0000000000
84 H     0.0004550166    -0.0008042766    -0.0000000000
85 H    -0.0007732658    -0.0019375595     0.0000000000
86 H    -0.0003390011     0.0000817892    -0.0000000000
87 H    -0.0004358126    -0.0005056082     0.0000000000
88 H     0.0000063538     0.0007804053     0.0000000000
89 H     0.0004741197     0.0004122867     0.0000000000
90 H     0.0001397869    -0.0007152128    -0.0000000000
91 H    -0.0002273306    -0.0000145442     0.0000000000
92 H     0.0001082271    -0.0007707647     0.0000000000
93 H    -0.0001490348    -0.0002231365     0.0000000000
94 H    -0.0001673006    -0.0003316752     0.0000000000
95 H    -0.0000903301    -0.0003084297     0.0000000000
96 H     0.0002842740     0.0002535972     0.0000000000
97 H     0.0003388387     0.0005948739     0.0000000000
98 H     0.0009212445     0.0004976454    -0.0000000000
99 H     0.0011322586    -0.0011308533    -0.0000000000
100 H    -0.0000988927     0.0075370949    -0.0000000000
101 H    -0.0015172513    -0.0010266154    -0.0000000000
----------------------------------------------
cycle 2: E = -3017.94045056  dE = -0.0229407  norm(grad) = 0.0443154

Geometry optimization cycle 3
Cartesian coordinates (Angstrom)
 Atom        New coordinates             dX        dY        dZ
   C  -7.286623   5.014693   0.000000    0.001481  0.063881 -0.000000
   C  -7.277037   0.690780   0.000000   -0.009518  0.005570 -0.000000
   C  -6.136904   2.867794   0.000000   -0.012797  0.012680 -0.000000
   C  -4.873710   4.962842   0.000000   -0.007821 -0.004869 -0.000000
   C  -7.280871  -3.613650   0.000000    0.013053 -0.031645 -0.000000
   C  -6.106269  -1.408964  -0.000000   -0.000029 -0.010802 -0.000000
   C  -4.878892   0.719193  -0.000000   -0.010551 -0.003239  0.000000
   C  -3.672707   2.818811  -0.000000   -0.005243 -0.008334  0.000000
   C  -2.451083   4.961154  -0.000000    0.005136 -0.005774  0.000000
   C  -6.077471  -5.678152   0.000000    0.003030 -0.017050 -0.000000
   C  -4.878705  -3.546650  -0.000000    0.003060 -0.009713 -0.000000
   C  -3.660134  -1.414481  -0.000000   -0.001254 -0.007621  0.000000
   C  -2.458802   0.719727  -0.000000   -0.010501 -0.003031  0.000000
   C  -1.225383   2.832789  -0.000000   -0.005882 -0.007234  0.000000
   C  -0.016333   4.967474  -0.000000   -0.004774 -0.007256  0.000000
   C  -3.634184  -5.642771  -0.000000   -0.001454 -0.010971 -0.000000
   C  -2.438056  -3.529181  -0.000000    0.000615 -0.002521  0.000000
   C  -1.221954  -1.400586  -0.000000   -0.002904 -0.000066  0.000000
   C  -0.011076   0.706571  -0.000000   -0.003687 -0.005313  0.000000
   C   1.215910   2.826362  -0.000000   -0.003343 -0.005098  0.000000
   C   2.427928   4.962351  -0.000000    0.004424 -0.002282  0.000000
   C  -1.193875  -5.638534  -0.000000   -0.005655 -0.002756  0.000000
   C  -0.002086  -3.525243  -0.000000   -0.002750  0.007076  0.000000
   C   1.220256  -1.414155  -0.000000   -0.004319 -0.007296  0.000000
   C   2.444593   0.707135  -0.000000   -0.004400 -0.002481  0.000000
   C   3.662056   2.830117  -0.000000   -0.002904 -0.000171  0.000000
   C   4.865790   4.970778  -0.000000    0.006120  0.002328  0.000000
   C   1.257970  -5.616731  -0.000000    0.002673  0.039786  0.000000
   C   2.444189  -3.532634  -0.000000   -0.001573 -0.024207  0.000000
   C   3.662229  -1.419529  -0.000000   -0.009967 -0.003363  0.000000
   C   4.900988   0.700684  -0.000000   -0.004078  0.002173  0.000000
   C   6.121826   2.859228   0.000000   -0.003877  0.003334  0.000000
   C   7.279311   4.999653   0.000000    0.009463  0.003986 -0.000000
   N   3.656883  -5.614233  -0.000000    0.030403 -0.068062  0.000000
   C   4.883058  -3.547682   0.000000   -0.014461  0.004612  0.000000
   C   6.121675  -1.430788   0.000000   -0.009329  0.008167  0.000000
   C   7.308104   0.673525   0.000000   -0.002823  0.005809  0.000000
   C   6.037771  -5.660120   0.000000    0.013991  0.051612 -0.000000
   C   7.286027  -3.652576   0.000000   -0.029317 -0.006583 -0.000000
   C  -7.297546   3.614699   0.000000    0.019217  0.060629 -0.000000
   C  -6.098921   5.675646   0.000000    0.011630  0.037171 -0.000000
   C  -7.284689  -0.672552   0.000000    0.012991  0.008438 -0.000000
   C  -6.089909   1.422180   0.000000   -0.007400  0.006101  0.000000
   C  -4.890221   3.527536   0.000000   -0.002790 -0.007549  0.000000
   C  -3.669181   5.632232   0.000000   -0.003619 -0.022144 -0.000000
   C  -7.269892  -5.006441   0.000000   -0.003859 -0.032160 -0.000000
   C  -6.112137  -2.861482  -0.000000    0.001647 -0.014558 -0.000000
   C  -4.884052  -0.699804  -0.000000   -0.002518 -0.007860  0.000000
   N  -3.661425   1.411171  -0.000000   -0.010572 -0.005275  0.000000
   C  -2.458126   3.520586  -0.000000   -0.004487 -0.006742  0.000000
   C  -1.231469   5.635971  -0.000000    0.001219 -0.001133  0.000000
   C  -4.858018  -4.972849  -0.000000   -0.000825 -0.009876 -0.000000
   C  -3.659741  -2.832503  -0.000000   -0.001175 -0.006193  0.000000
   C  -2.456508  -0.698926  -0.000000   -0.005227 -0.003280  0.000000
   C  -1.242942   1.413622  -0.000000   -0.008414 -0.007833  0.000000
   C  -0.010598   3.529822  -0.000000   -0.006579 -0.007467  0.000000
   C   1.209489   5.634079  -0.000000   -0.000251 -0.015059  0.000000
   C  -2.424851  -4.960459  -0.000000   -0.008277 -0.002131  0.000000
   C  -1.222468  -2.821057  -0.000000   -0.003339  0.001328  0.000000
   C  -0.004502  -0.707253  -0.000000   -0.004289 -0.003154  0.000000
   C   1.209870   1.408149  -0.000000   -0.005626 -0.004630  0.000000
   C   2.437806   3.525372  -0.000000   -0.005420 -0.002505  0.000000
   C   3.647613   5.640110  -0.000000    0.005747 -0.002198  0.000000
   C   0.002882  -4.955141  -0.000000   -0.018467  0.013399  0.000000
   C   1.218228  -2.829579  -0.000000    0.004140 -0.008285  0.000000
   C   2.442483  -0.714382  -0.000000   -0.009434 -0.002976  0.000000
   C   3.663063   1.406149  -0.000000   -0.006225 -0.000354  0.000000
   C   4.882365   3.541877  -0.000000   -0.004812  0.002258  0.000000
   C   6.089960   5.673403   0.000000    0.009297 -0.000074 -0.000000
   C   2.450824  -4.962999  -0.000000    0.044331 -0.034656  0.000000
   C   3.649051  -2.829567  -0.000000   -0.017250 -0.002622  0.000000
   C   4.900909  -0.720551  -0.000000   -0.010817  0.002513  0.000000
   C   6.123847   1.407651   0.000000   -0.004511  0.002601  0.000000
   C   7.292456   3.604487   0.000000   -0.005515  0.002612  0.000000
   C   4.850121  -4.951082   0.000000   -0.012198  0.007593 -0.000000
   C   6.117941  -2.881736   0.000000   -0.022908  0.008336 -0.000000
   C   7.306604  -0.698780   0.000000   -0.008556  0.006225 -0.000000
   C   7.272802  -5.030327   0.000000    0.049960 -0.006627 -0.000000
   H   8.215160   5.543138   0.000000    0.011152 -0.000331 -0.000000
   H   8.250491   3.107434   0.000000   -0.008552 -0.000806  0.000000
   H   8.260456   1.181808   0.000000   -0.003335  0.005038 -0.000000
   H   8.257578  -1.209620   0.000000   -0.011127  0.003273 -0.000000
   H   8.247573  -3.165857   0.000000   -0.041429  0.013311 -0.000000
   H   8.193776  -5.600458   0.000000    0.051266 -0.006125 -0.000000
   H  -8.219964   5.563807   0.000000    0.005274  0.069813 -0.000000
   H  -8.256004   3.123982   0.000000    0.011587  0.082392 -0.000000
   H  -8.219013   1.213220   0.000000   -0.011021 -0.001203 -0.000000
   H  -8.238014  -1.175417   0.000000    0.014269  0.010748 -0.000000
   H  -8.240355  -3.121194   0.000000    0.012217 -0.037252 -0.000000
   H  -8.205511  -5.550598   0.000000   -0.003072 -0.032430 -0.000000
   H  -6.067491   6.757328   0.000000    0.040019  0.036180 -0.000000
   H  -3.669726   6.713816   0.000000   -0.002812 -0.023628 -0.000000
   H  -1.237614   6.718354   0.000000    0.001131 -0.001693 -0.000000
   H   1.213321   6.716631  -0.000000   -0.001298 -0.016182  0.000000
   H   3.645770   6.723291  -0.000000    0.005223 -0.003140  0.000000
   H   6.069443   6.755589   0.000000    0.010009 -0.001004 -0.000000
   H  -6.054545  -6.760164   0.000000    0.010948 -0.015891 -0.000000
   H  -3.629067  -6.726245  -0.000000    0.000517 -0.010342 -0.000000
   H  -1.191690  -6.721716  -0.000000   -0.002500 -0.002002  0.000000
   H   1.260345  -6.698798  -0.000000   -0.024847  0.042053  0.000000
   H   3.662338  -6.608126   0.000000    0.049653 -0.063599 -0.000000
   H   5.993256  -6.741105   0.000000    0.015926  0.054033 -0.000000
converged SCF energy = -3017.94033599567
--------------- RKS_Scanner gradients ---------------
         x                y                z
0 C    -0.0046284712     0.0008226456     0.0000000000
1 C    -0.0020240511     0.0011580848     0.0000000000
2 C    -0.0032924166    -0.0040085530     0.0000000000
3 C    -0.0049675955     0.0001391826    -0.0000000000
4 C     0.0042402046    -0.0036245397     0.0000000000
5 C    -0.0009535640    -0.0007785649     0.0000000000
6 C    -0.0000762268    -0.0009513663    -0.0000000000
7 C     0.0008676683    -0.0020369783     0.0000000000
8 C     0.0015398292     0.0022887532     0.0000000000
9 C     0.0001515430     0.0023113289    -0.0000000000
10 C    -0.0002866337     0.0004892854     0.0000000000
11 C    -0.0005740254    -0.0005594967     0.0000000000
12 C    -0.0000229520    -0.0008126357    -0.0000000000
13 C     0.0006341135     0.0004422211    -0.0000000000
14 C    -0.0014303374     0.0009403527     0.0000000000
15 C    -0.0004303987    -0.0005125603    -0.0000000000
16 C     0.0002620321     0.0010450177    -0.0000000000
17 C     0.0013116644     0.0004866782    -0.0000000000
18 C    -0.0008821141    -0.0008169547    -0.0000000000
19 C     0.0001289812    -0.0006314655    -0.0000000000
20 C     0.0020301585     0.0013750192     0.0000000000
21 C    -0.0020686173    -0.0010031737    -0.0000000000
22 C     0.0017903874     0.0006570457    -0.0000000000
23 C    -0.0022195131     0.0000679962    -0.0000000000
24 C     0.0002714217    -0.0002289431    -0.0000000000
25 C    -0.0000866642    -0.0001274739    -0.0000000000
26 C     0.0015223265     0.0006274702     0.0000000000
27 C    -0.0004589001     0.0117671079     0.0000000000
28 C    -0.0063726505    -0.0046159863    -0.0000000000
29 C     0.0010809598     0.0002319807    -0.0000000000
30 C     0.0005007417     0.0002339400    -0.0000000000
31 C    -0.0006625696    -0.0005208695     0.0000000000
32 C     0.0018016579     0.0002811983     0.0000000000
33 N     0.0064307507    -0.0171636093     0.0000000000
34 C     0.0027078795    -0.0006283295    -0.0000000000
35 C    -0.0002213491     0.0011244075    -0.0000000000
36 C     0.0005284565    -0.0000594732     0.0000000000
37 C    -0.0036384394     0.0147357739    -0.0000000000
38 C    -0.0123999445    -0.0051153998    -0.0000000000
39 C     0.0066112992     0.0082271237    -0.0000000000
40 C     0.0014822196    -0.0008183306    -0.0000000000
41 C     0.0043908831     0.0032142459    -0.0000000000
42 C     0.0047368286    -0.0015245889     0.0000000000
43 C     0.0006755407    -0.0025436728     0.0000000000
44 C    -0.0007264635    -0.0042233521     0.0000000000
45 C    -0.0030553022    -0.0013729367     0.0000000000
46 C     0.0005579879     0.0009959855    -0.0000000000
47 C     0.0017031225     0.0005486832    -0.0000000000
48 N    -0.0001784881     0.0001951765    -0.0000000000
49 C    -0.0023340183    -0.0016456548    -0.0000000000
50 C     0.0007193041     0.0001622380    -0.0000000000
51 C     0.0004515999     0.0002075332     0.0000000000
52 C     0.0002313951     0.0000374631     0.0000000000
53 C    -0.0009749137     0.0011157148     0.0000000000
54 C    -0.0017472593     0.0011274333     0.0000000000
55 C     0.0000473693    -0.0006420191     0.0000000000
56 C    -0.0009665969    -0.0025779185    -0.0000000000
57 C     0.0005003319     0.0007326880     0.0000000000
58 C    -0.0007527423    -0.0004637522     0.0000000000
59 C     0.0005078741     0.0004970638     0.0000000000
60 C    -0.0002639284    -0.0003312964     0.0000000000
61 C    -0.0005489594     0.0001521585     0.0000000000
62 C    -0.0004235933    -0.0013023668    -0.0000000000
63 C    -0.0039899905    -0.0005474329     0.0000000000
64 C     0.0012820300     0.0019057889     0.0000000000
65 C    -0.0010864996    -0.0009761793     0.0000000000
66 C    -0.0000787661    -0.0000609325     0.0000000000
67 C    -0.0001891909     0.0005557860    -0.0000000000
68 C    -0.0004519590    -0.0018559625     0.0000000000
69 C     0.0122846168    -0.0039855677     0.0000000000
70 C    -0.0012673122    -0.0023375106     0.0000000000
71 C    -0.0004791482    -0.0000561817     0.0000000000
72 C    -0.0000304888    -0.0002841658    -0.0000000000
73 C    -0.0018630275     0.0017023010     0.0000000000
74 C    -0.0130714766     0.0022095982     0.0000000000
75 C    -0.0003865369     0.0040521473     0.0000000000
76 C    -0.0007708404     0.0007993332    -0.0000000000
77 C     0.0142346835    -0.0085439637     0.0000000000
78 H    -0.0006339770    -0.0002059756    -0.0000000000
79 H    -0.0010795595     0.0005555654     0.0000000000
80 H    -0.0007736856    -0.0003819502    -0.0000000000
81 H    -0.0008546401     0.0007415086     0.0000000000
82 H    -0.0019828473    -0.0025864404     0.0000000000
83 H     0.0013002044    -0.0004401126     0.0000000000
84 H     0.0005983561     0.0007217477    -0.0000000000
85 H     0.0025136157     0.0018092067     0.0000000000
86 H     0.0011358901    -0.0011861531    -0.0000000000
87 H     0.0017399830     0.0015075032     0.0000000000
88 H     0.0016525229    -0.0013900644    -0.0000000000
89 H     0.0004959685    -0.0000685810     0.0000000000
90 H    -0.0010284103    -0.0009054020     0.0000000000
91 H    -0.0002261432    -0.0017348316    -0.0000000000
92 H     0.0001360197    -0.0009803065     0.0000000000
93 H     0.0001441730    -0.0014560646     0.0000000000
94 H     0.0002511369    -0.0011147240     0.0000000000
95 H     0.0003425705    -0.0011144895     0.0000000000
96 H    -0.0003997219     0.0011728106     0.0000000000
97 H    -0.0000035133     0.0007452471     0.0000000000
98 H     0.0001937142     0.0007112548     0.0000000000
99 H     0.0011383860     0.0029945264     0.0000000000
100 H     0.0000144143     0.0102195413    -0.0000000000
101 H     0.0004380530     0.0030281287     0.0000000000
----------------------------------------------
cycle 3: E = -3017.940336  dE = 0.000114569  norm(grad) = 0.0470946

Geometry optimization cycle 4
Cartesian coordinates (Angstrom)
 Atom        New coordinates             dX        dY        dZ
   C  -7.287622   4.992009   0.000000   -0.000999 -0.022684 -0.000000
   C  -7.286002   0.683035   0.000000   -0.008965 -0.007745  0.000000
   C  -6.138544   2.868104   0.000000   -0.001640  0.000310  0.000000
   C  -4.869820   4.973501   0.000000    0.003890  0.010658  0.000000
   C  -7.296918  -3.602980   0.000000   -0.016047  0.010670  0.000000
   C  -6.114144  -1.410000   0.000000   -0.007875 -0.001036  0.000000
   C  -4.884929   0.721572   0.000000   -0.006037  0.002379  0.000000
   C  -3.673821   2.827582   0.000000   -0.001113  0.008771  0.000000
   C  -2.450770   4.970835   0.000000    0.000312  0.009682  0.000000
   C  -6.087523  -5.680070   0.000000   -0.010052 -0.001918  0.000000
   C  -4.885645  -3.549453  -0.000000   -0.006940 -0.002803  0.000000
   C  -3.663944  -1.414189  -0.000000   -0.003810  0.000293  0.000000
   C  -2.459518   0.722740  -0.000000   -0.000716  0.003013  0.000000
   C  -1.223777   2.838032  -0.000000    0.001606  0.005244  0.000000
   C  -0.011856   4.975657  -0.000000    0.004476  0.008183  0.000000
   C  -3.640670  -5.647698  -0.000000   -0.006486 -0.004927  0.000000
   C  -2.441017  -3.532045  -0.000000   -0.002961 -0.002864  0.000000
   C  -1.221779  -1.402652  -0.000000    0.000175 -0.002067  0.000000
   C  -0.006872   0.709161  -0.000000    0.004204  0.002590  0.000000
   C   1.220185   2.831604  -0.000000    0.004274  0.005243  0.000000
   C   2.430979   4.969674  -0.000000    0.003051  0.007322  0.000000
   C  -1.198119  -5.642079  -0.000000   -0.004244 -0.003544  0.000000
   C   0.000208  -3.531363  -0.000000    0.002294 -0.006120  0.000000
   C   1.224750  -1.413655  -0.000000    0.004494  0.000500  0.000000
   C   2.450665   0.709704  -0.000000    0.006072  0.002569  0.000000
   C   3.669026   2.835027  -0.000000    0.006970  0.004909  0.000000
   C   4.870039   4.977615   0.000000    0.004249  0.006837  0.000000
   C   1.252752  -5.639126  -0.000000   -0.005218 -0.022395  0.000000
   C   2.449595  -3.529650  -0.000000    0.005406  0.002984  0.000000
   C   3.669897  -1.420779  -0.000000    0.007669 -0.001249  0.000000
   C   4.908550   0.702664  -0.000000    0.007562  0.001979  0.000000
   C   6.132230   2.863642   0.000000    0.010404  0.004414  0.000000
   C   7.282844   5.005044   0.000000    0.003533  0.005392 -0.000000
   N   3.648945  -5.607984  -0.000000   -0.007938  0.006249 -0.000000
   C   4.895917  -3.556149   0.000000    0.012859 -0.008467  0.000000
   C   6.130773  -1.432112   0.000000    0.009099 -0.001324  0.000000
   C   7.317051   0.674479   0.000000    0.008948  0.000954  0.000000
   C   6.041333  -5.693170   0.000000    0.003562 -0.033050 -0.000000
   C   7.307504  -3.643430   0.000000    0.021477  0.009145 -0.000000
   C  -7.314886   3.590387   0.000000   -0.017340 -0.024312 -0.000000
   C  -6.106196   5.669642   0.000000   -0.007274 -0.006003 -0.000000
   C  -7.299984  -0.682281   0.000000   -0.015295 -0.009729  0.000000
   C  -6.100248   1.421391   0.000000   -0.010338 -0.000789  0.000000
   C  -4.892811   3.537222   0.000000   -0.002590  0.009686  0.000000
   C  -3.666520   5.650231   0.000000    0.002660  0.017999  0.000000
   C  -7.275793  -4.997204   0.000000   -0.005902  0.009237  0.000000
   C  -6.120076  -2.861832  -0.000000   -0.007940 -0.000350  0.000000
   C  -4.890977  -0.699284  -0.000000   -0.006925  0.000520  0.000000
   N  -3.664924   1.416471  -0.000000   -0.003499  0.005300  0.000000
   C  -2.456672   3.529192  -0.000000    0.001454  0.008606  0.000000
   C  -1.229027   5.643873   0.000000    0.002442  0.007902  0.000000
   C  -4.865540  -4.976874  -0.000000   -0.007522 -0.004024  0.000000
   C  -3.664507  -2.834421  -0.000000   -0.004766 -0.001917  0.000000
   C  -2.457343  -0.699067  -0.000000   -0.000835 -0.000140  0.000000
   C  -1.239923   1.416467  -0.000000    0.003019  0.002845  0.000000
   C  -0.007188   3.536314  -0.000000    0.003411  0.006492  0.000000
   C   1.213702   5.645778  -0.000000    0.004213  0.011699  0.000000
   C  -2.430549  -4.964293  -0.000000   -0.005698 -0.003834  0.000000
   C  -1.221753  -2.825302  -0.000000    0.000715 -0.004245  0.000000
   C  -0.002438  -0.706976  -0.000000    0.002064  0.000277  0.000000
   C   1.215041   1.411726  -0.000000    0.005171  0.003577  0.000000
   C   2.443323   3.531161  -0.000000    0.005517  0.005789  0.000000
   C   3.651423   5.648648  -0.000000    0.003811  0.008538  0.000000
   C   0.003589  -4.965127  -0.000000    0.000707 -0.009986  0.000000
   C   1.220763  -2.830548  -0.000000    0.002535 -0.000969  0.000000
   C   2.449263  -0.713551  -0.000000    0.006780  0.000831  0.000000
   C   3.669900   1.409492  -0.000000    0.006837  0.003342  0.000000
   C   4.890758   3.546951   0.000000    0.008393  0.005075  0.000000
   C   6.094214   5.682841   0.000000    0.004254  0.009439 -0.000000
   C   2.437320  -4.961915  -0.000000   -0.013504  0.001085  0.000000
   C   3.660851  -2.833125  -0.000000    0.011800 -0.003558  0.000000
   C   4.909041  -0.720332   0.000000    0.008133  0.000218  0.000000
   C   6.132492   1.410530   0.000000    0.008645  0.002880  0.000000
   C   7.304622   3.608417   0.000000    0.012166  0.003930 -0.000000
   C   4.860454  -4.966111   0.000000    0.010334 -0.015029 -0.000000
   C   6.131355  -2.883994   0.000000    0.013414 -0.002257  0.000000
   C   7.316614  -0.699266   0.000000    0.010010 -0.000486  0.000000
   C   7.255291  -5.022181   0.000000   -0.017511  0.008145 -0.000000
   H   8.218793   5.550227   0.000000    0.003633  0.007089 -0.000000
   H   8.265152   3.113332   0.000000    0.014661  0.005898 -0.000000
   H   8.270463   1.183162   0.000000    0.010007  0.001354 -0.000000
   H   8.268633  -1.210856   0.000000    0.011055 -0.001235 -0.000000
   H   8.274122  -3.161426   0.000000    0.026549  0.004430 -0.000000
   H   8.177116  -5.590551   0.000000   -0.016660  0.009907 -0.000000
   H  -8.222904   5.539060   0.000000   -0.002940 -0.024747 -0.000000
   H  -8.272869   3.093640   0.000000   -0.016865 -0.030343 -0.000000
   H  -8.228967   1.206886   0.000000   -0.009954 -0.006334  0.000000
   H  -8.253593  -1.188720   0.000000   -0.015580 -0.013304  0.000000
   H  -8.257015  -3.107678   0.000000   -0.016660  0.013515  0.000000
   H  -8.212798  -5.540541   0.000000   -0.007287  0.010058 -0.000000
   H  -6.087097   6.752817   0.000000   -0.019606 -0.004511 -0.000000
   H  -3.665906   6.733504   0.000000    0.003820  0.019687  0.000000
   H  -1.234907   6.727534   0.000000    0.002708  0.009180  0.000000
   H   1.217744   6.729821  -0.000000    0.004422  0.013190  0.000000
   H   3.649295   6.733086  -0.000000    0.003525  0.009794  0.000000
   H   6.073559   6.766272   0.000000    0.004115  0.010682 -0.000000
   H  -6.069589  -6.763458   0.000000   -0.015045 -0.003294 -0.000000
   H  -3.635611  -6.732212  -0.000000   -0.006544 -0.005967  0.000000
   H  -1.199626  -6.726270  -0.000000   -0.007935 -0.004555  0.000000
   H   1.256400  -6.723494  -0.000000   -0.003945 -0.024696 -0.000000
   H   3.647016  -6.614476   0.000000   -0.015322 -0.006350 -0.000000
   H   6.007225  -6.776850   0.000000    0.013968 -0.035745 -0.000000
converged SCF energy = -3017.94374738865
--------------- RKS_Scanner gradients ---------------
         x                y                z
0 C    -0.0000102878    -0.0015749084     0.0000000000
1 C    -0.0002114451    -0.0002774472    -0.0000000000
2 C     0.0006597451    -0.0001645192    -0.0000000000
3 C    -0.0013884827     0.0001411624     0.0000000000
4 C    -0.0002621091    -0.0000521098     0.0000000000
5 C    -0.0009398690    -0.0005108459     0.0000000000
6 C     0.0002185554    -0.0003974515     0.0000000000
7 C     0.0011041104    -0.0001952051    -0.0000000000
8 C     0.0001671558     0.0007856877     0.0000000000
9 C     0.0002481925    -0.0007092341    -0.0000000000
10 C    -0.0000099515     0.0001436299     0.0000000000
11 C    -0.0000353442    -0.0001529292     0.0000000000
12 C    -0.0004084429    -0.0005468329     0.0000000000
13 C    -0.0000679018    -0.0001644168    -0.0000000000
14 C    -0.0004054908     0.0005280565    -0.0000000000
15 C    -0.0003687526    -0.0011253824     0.0000000000
16 C     0.0005996524     0.0005932385     0.0000000000
17 C     0.0002866270    -0.0002254177     0.0000000000
18 C    -0.0001162437    -0.0000783155    -0.0000000000
19 C    -0.0001176708    -0.0003708699    -0.0000000000
20 C     0.0009170018     0.0005391664     0.0000000000
21 C    -0.0015743802    -0.0004694753     0.0000000000
22 C     0.0010208414     0.0004804032     0.0000000000
23 C    -0.0007866107    -0.0000512781     0.0000000000
24 C     0.0000548520    -0.0000480244    -0.0000000000
25 C    -0.0001481531    -0.0000687397    -0.0000000000
26 C     0.0009335322     0.0001096662     0.0000000000
27 C    -0.0022507420     0.0030301303     0.0000000000
28 C    -0.0019245605    -0.0010973485     0.0000000000
29 C     0.0001418812     0.0001083657    -0.0000000000
30 C     0.0003327499     0.0001416554    -0.0000000000
31 C    -0.0002289866    -0.0001243844     0.0000000000
32 C     0.0002705977    -0.0006036905    -0.0000000000
33 N     0.0015488842    -0.0033349418     0.0000000000
34 C     0.0004286121     0.0005614026     0.0000000000
35 C     0.0005892576     0.0001245044    -0.0000000000
36 C     0.0003519523     0.0001566796    -0.0000000000
37 C     0.0000173689     0.0003652965    -0.0000000000
38 C    -0.0010336371     0.0008958650     0.0000000000
39 C    -0.0007477951     0.0010849004     0.0000000000
40 C     0.0012659472     0.0010988683    -0.0000000000
41 C     0.0006222165    -0.0001021498     0.0000000000
42 C    -0.0007038002     0.0006762172     0.0000000000
43 C    -0.0004073622    -0.0000436435     0.0000000000
44 C     0.0007446834    -0.0005493353    -0.0000000000
45 C     0.0001216634     0.0003756340     0.0000000000
46 C     0.0004648371    -0.0001423148    -0.0000000000
47 C     0.0003703763     0.0000015551    -0.0000000000
48 N    -0.0008227312     0.0004733496    -0.0000000000
49 C    -0.0008898980    -0.0002872145     0.0000000000
50 C     0.0002601391     0.0002624591    -0.0000000000
51 C     0.0000251931     0.0003261865    -0.0000000000
52 C    -0.0000005815    -0.0003745878    -0.0000000000
53 C     0.0000483636     0.0003298678    -0.0000000000
54 C     0.0004423505     0.0004023872     0.0000000000
55 C     0.0000586190    -0.0002128188     0.0000000000
56 C    -0.0004037434    -0.0006560639    -0.0000000000
57 C    -0.0002674148     0.0004895755    -0.0000000000
58 C    -0.0001904482    -0.0002811973    -0.0000000000
59 C     0.0002431342     0.0003453273    -0.0000000000
60 C     0.0001503653    -0.0000714069     0.0000000000
61 C    -0.0000519564     0.0000573559     0.0000000000
62 C    -0.0004513431    -0.0001313321    -0.0000000000
63 C    -0.0009361717    -0.0004884466    -0.0000000000
64 C     0.0006909662     0.0005958539    -0.0000000000
65 C    -0.0003042021    -0.0000198725     0.0000000000
66 C    -0.0000403873     0.0000459600     0.0000000000
67 C     0.0002397380     0.0001555675    -0.0000000000
68 C    -0.0005860831     0.0002882620     0.0000000000
69 C     0.0048147256    -0.0002602771    -0.0000000000
70 C     0.0001508135    -0.0007420519    -0.0000000000
71 C    -0.0005149286    -0.0001377337     0.0000000000
72 C    -0.0000082235     0.0003021249    -0.0000000000
73 C     0.0004367905     0.0005956370     0.0000000000
74 C    -0.0030163998     0.0015473504     0.0000000000
75 C     0.0004466910     0.0007760797    -0.0000000000
76 C    -0.0002146239     0.0001802791    -0.0000000000
77 C     0.0002413564    -0.0009698302    -0.0000000000
78 H    -0.0002079231    -0.0000204995     0.0000000000
79 H    -0.0001496288    -0.0000209053     0.0000000000
80 H    -0.0001151842    -0.0000485577    -0.0000000000
81 H    -0.0000903454     0.0000540713     0.0000000000
82 H     0.0000302121    -0.0000921828    -0.0000000000
83 H    -0.0000731758     0.0002803130     0.0000000000
84 H     0.0003534633     0.0000290305    -0.0000000000
85 H     0.0002515980     0.0000467195    -0.0000000000
86 H     0.0002830162    -0.0004480223     0.0000000000
87 H     0.0002182860     0.0001314616     0.0000000000
88 H     0.0000947137     0.0000166559     0.0000000000
89 H     0.0002384504     0.0000585610     0.0000000000
90 H    -0.0001757833    -0.0000191228     0.0000000000
91 H    -0.0000744153    -0.0002463509     0.0000000000
92 H     0.0000710417    -0.0001257475     0.0000000000
93 H     0.0001101001    -0.0002475861     0.0000000000
94 H     0.0001291229    -0.0001672154     0.0000000000
95 H     0.0001010370    -0.0000983144    -0.0000000000
96 H    -0.0000387669     0.0000662218     0.0000000000
97 H    -0.0000484252     0.0000161982    -0.0000000000
98 H     0.0000915541     0.0001414475     0.0000000000
99 H     0.0004314215     0.0005714154    -0.0000000000
100 H    -0.0000332432    -0.0011855745    -0.0000000000
101 H    -0.0002813151     0.0000201436     0.0000000000
----------------------------------------------
cycle 4: E = -3017.94374739  dE = -0.00341139  norm(grad) = 0.0105185

Geometry optimization cycle 5
Cartesian coordinates (Angstrom)
 Atom        New coordinates             dX        dY        dZ
   C  -7.299101   4.995279   0.000000   -0.011479  0.003270 -0.000000
   C  -7.287039   0.690471  -0.000000   -0.001038  0.007437 -0.000000
   C  -6.139176   2.869276   0.000000   -0.000633  0.001172 -0.000000
   C  -4.871869   4.973547   0.000000   -0.002049  0.000046 -0.000000
   C  -7.297764  -3.601253  -0.000000   -0.000846  0.001727 -0.000000
   C  -6.114994  -1.405028  -0.000000   -0.000850  0.004972 -0.000000
   C  -4.883205   0.722991  -0.000000    0.001723  0.001419 -0.000000
   C  -3.674491   2.827510   0.000000   -0.000670 -0.000072 -0.000000
   C  -2.454798   4.970357   0.000000   -0.004028 -0.000479  0.000000
   C  -6.089600  -5.673292  -0.000000   -0.002077  0.006777 -0.000000
   C  -4.887096  -3.545566  -0.000000   -0.001451  0.003886 -0.000000
   C  -3.663546  -1.413104  -0.000000    0.000398  0.001085 -0.000000
   C  -2.457197   0.722418  -0.000000    0.002321 -0.000322  0.000000
   C  -1.223565   2.838441   0.000000    0.000213  0.000409  0.000000
   C  -0.012842   4.976883   0.000000   -0.000985  0.001226  0.000000
   C  -3.639335  -5.641916  -0.000000    0.001335  0.005782 -0.000000
   C  -2.441171  -3.533712  -0.000000   -0.000154 -0.001666 -0.000000
   C  -1.220998  -1.404852  -0.000000    0.000781 -0.002200 -0.000000
   C  -0.006135   0.708630  -0.000000    0.000737 -0.000531  0.000000
   C   1.219459   2.832041   0.000000   -0.000726  0.000436  0.000000
   C   2.427079   4.969700   0.000000   -0.003899  0.000026  0.000000
   C  -1.192028  -5.643944  -0.000000    0.006091 -0.001865 -0.000000
   C   0.001157  -3.537126  -0.000000    0.000949 -0.005763 -0.000000
   C   1.226239  -1.413485  -0.000000    0.001489  0.000170 -0.000000
   C   2.450905   0.709112  -0.000000    0.000240 -0.000592  0.000000
   C   3.667654   2.833577   0.000000   -0.001372 -0.001449  0.000000
   C   4.865983   4.975420   0.000000   -0.004056 -0.002195  0.000000
   C   1.257543  -5.655936  -0.000000    0.004790 -0.016811 -0.000000
   C   2.449886  -3.523971  -0.000000    0.000292  0.005679 -0.000000
   C   3.672589  -1.421094  -0.000000    0.002692 -0.000315 -0.000000
   C   4.908768   0.699983  -0.000000    0.000218 -0.002681 -0.000000
   C   6.130879   2.861086  -0.000000   -0.001351 -0.002556 -0.000000
   C   7.281251   5.004477   0.000000   -0.001593 -0.000567 -0.000000
   N   3.645736  -5.586607  -0.000000   -0.003209  0.021377 -0.000000
   C   4.899290  -3.558990  -0.000000    0.003374 -0.002842 -0.000000
   C   6.133395  -1.437200   0.000000    0.002622 -0.005088 -0.000000
   C   7.316898   0.670055  -0.000000   -0.000153 -0.004424 -0.000000
   C   6.049959  -5.699332   0.000000    0.008626 -0.006162 -0.000000
   C   7.311913  -3.652306   0.000000    0.004410 -0.008875 -0.000000
   C  -7.314903   3.592539   0.000000   -0.000017  0.002152 -0.000000
   C  -6.112839   5.663929   0.000000   -0.006643 -0.005713 -0.000000
   C  -7.301183  -0.675336  -0.000000   -0.001199  0.006945 -0.000000
   C  -6.097891   1.422944  -0.000000    0.002356  0.001554 -0.000000
   C  -4.892970   3.537633   0.000000   -0.000159  0.000411 -0.000000
   C  -3.670010   5.653186   0.000000   -0.003489  0.002955  0.000000
   C  -7.281158  -4.995852   0.000000   -0.005364  0.001351 -0.000000
   C  -6.122201  -2.857405  -0.000000   -0.002124  0.004427 -0.000000
   C  -4.890482  -0.697260  -0.000000    0.000495  0.002024 -0.000000
   N  -3.662301   1.416144  -0.000000    0.002623 -0.000327 -0.000000
   C  -2.456899   3.529114   0.000000   -0.000228 -0.000078  0.000000
   C  -1.232355   5.642545   0.000000   -0.003329 -0.001328  0.000000
   C  -4.865775  -4.972628  -0.000000   -0.000235  0.004246 -0.000000
   C  -3.664199  -2.833181  -0.000000    0.000308  0.001240 -0.000000
   C  -2.455888  -0.699870  -0.000000    0.001455 -0.000803  0.000000
   C  -1.238646   1.416342  -0.000000    0.001277 -0.000126  0.000000
   C  -0.007432   3.537479   0.000000   -0.000244  0.001165  0.000000
   C   1.211690   5.649897   0.000000   -0.002012  0.004119  0.000000
   C  -2.425231  -4.965690  -0.000000    0.005318 -0.001396 -0.000000
   C  -1.220579  -2.828408  -0.000000    0.001173 -0.003106  0.000000
   C  -0.001786  -0.708089  -0.000000    0.000652 -0.001113  0.000000
   C   1.215315   1.411746  -0.000000    0.000274  0.000020  0.000000
   C   2.442297   3.530942   0.000000   -0.001026 -0.000218  0.000000
   C   3.648235   5.648348   0.000000   -0.003188 -0.000300  0.000000
   C   0.012365  -4.972958  -0.000000    0.008777 -0.007831 -0.000000
   C   1.219001  -2.830195  -0.000000   -0.001761  0.000354  0.000000
   C   2.451568  -0.714103  -0.000000    0.002305 -0.000552 -0.000000
   C   3.670315   1.407929  -0.000000    0.000416 -0.001563  0.000000
   C   4.889016   3.544673   0.000000   -0.001741 -0.002278  0.000000
   C   6.091239   5.679874   0.000000   -0.002976 -0.002968  0.000000
   C   2.427051  -4.954792  -0.000000   -0.010270  0.007123 -0.000000
   C   3.664388  -2.832729  -0.000000    0.003536  0.000396 -0.000000
   C   4.912516  -0.723010  -0.000000    0.003475 -0.002678 -0.000000
   C   6.132715   1.407331   0.000000    0.000223 -0.003200 -0.000000
   C   7.302306   3.607161  -0.000000   -0.002316 -0.001256 -0.000000
   C   4.870650  -4.968253  -0.000000    0.010195 -0.002142 -0.000000
   C   6.135866  -2.889988   0.000000    0.004511 -0.005994 -0.000000
   C   7.319466  -0.704133   0.000000    0.002852 -0.004867 -0.000000
   C   7.265874  -5.031319   0.000000    0.010583 -0.009138 -0.000000
   H   8.217477   5.550058   0.000000   -0.001316 -0.000169 -0.000000
   H   8.263561   3.112819  -0.000000   -0.001590 -0.000513 -0.000000
   H   8.270300   1.179465   0.000000   -0.000163 -0.003697 -0.000000
   H   8.272334  -1.214746   0.000000    0.003701 -0.003891 -0.000000
   H   8.277812  -3.168778   0.000000    0.003690 -0.007351 -0.000000
   H   8.188061  -5.600255   0.000000    0.010945 -0.009704 -0.000000
   H  -8.235716   5.541302   0.000000   -0.012812  0.002242 -0.000000
   H  -8.271761   3.092782   0.000000    0.001108 -0.000858 -0.000000
   H  -8.228696   1.218448  -0.000000    0.000271  0.011561 -0.000000
   H  -8.255550  -1.181340  -0.000000   -0.001957  0.007380 -0.000000
   H  -8.258025  -3.105886   0.000000   -0.001011  0.001792 -0.000000
   H  -8.218444  -5.539761   0.000000   -0.005647  0.000779 -0.000000
   H  -6.091553   6.747226   0.000000   -0.004456 -0.005591 -0.000000
   H  -3.668931   6.736953   0.000000   -0.003025  0.003449  0.000000
   H  -1.239570   6.726543   0.000000   -0.004663 -0.000991  0.000000
   H   1.215544   6.734443   0.000000   -0.002200  0.004622  0.000000
   H   3.646294   6.733169   0.000000   -0.003001  0.000084  0.000000
   H   6.069300   6.763546   0.000000   -0.004258 -0.002725  0.000000
   H  -6.070199  -6.756864  -0.000000   -0.000610  0.006594 -0.000000
   H  -3.636310  -6.726593  -0.000000   -0.000698  0.005619 -0.000000
   H  -1.196744  -6.728492  -0.000000    0.002882 -0.002222 -0.000000
   H   1.265859  -6.741200  -0.000000    0.009459 -0.017706 -0.000000
   H   3.639971  -6.592287  -0.000000   -0.007045  0.022189 -0.000000
   H   6.015038  -6.782965   0.000000    0.007813 -0.006115 -0.000000
converged SCF energy = -3017.94359534024
--------------- RKS_Scanner gradients ---------------
         x                y                z
0 C    -0.0034683505     0.0012838466    -0.0000000000
1 C    -0.0007926683     0.0013503834     0.0000000000
2 C    -0.0003196697    -0.0014742037    -0.0000000000
3 C     0.0002854579     0.0005263862     0.0000000000
4 C     0.0011392154    -0.0009724996     0.0000000000
5 C     0.0000741718    -0.0002338628     0.0000000000
6 C     0.0000698302    -0.0001183595    -0.0000000000
7 C    -0.0002404991     0.0000243614     0.0000000000
8 C    -0.0008571808    -0.0001291303    -0.0000000000
9 C    -0.0000184218     0.0016614615    -0.0000000000
10 C    -0.0003687910    -0.0000265557    -0.0000000000
11 C    -0.0004177061     0.0000801684     0.0000000000
12 C     0.0000082233    -0.0002576402     0.0000000000
13 C    -0.0000017473    -0.0002443133     0.0000000000
14 C     0.0005845771    -0.0000135282    -0.0000000000
15 C    -0.0002890360     0.0013386612    -0.0000000000
16 C    -0.0008170134    -0.0003880384     0.0000000000
17 C    -0.0005512129    -0.0001379317     0.0000000000
18 C    -0.0001012587     0.0000451709     0.0000000000
19 C    -0.0002485688     0.0001526655     0.0000000000
20 C    -0.0004384860    -0.0004366705     0.0000000000
21 C     0.0000357088     0.0006913571    -0.0000000000
22 C    -0.0009617046    -0.0005241606     0.0000000000
23 C     0.0006154263     0.0001749960     0.0000000000
24 C    -0.0002910789    -0.0000283191     0.0000000000
25 C    -0.0005344193    -0.0000878174     0.0000000000
26 C    -0.0002898221    -0.0000890561    -0.0000000000
27 C     0.0000532064    -0.0034935701     0.0000000000
28 C     0.0020034475     0.0004838792    -0.0000000000
29 C    -0.0002089288     0.0001734204     0.0000000000
30 C    -0.0004912687    -0.0001083612     0.0000000000
31 C    -0.0004988699    -0.0004031902    -0.0000000000
32 C     0.0008167780     0.0000520659     0.0000000000
33 N    -0.0022448096     0.0054827825    -0.0000000000
34 C    -0.0023962849    -0.0008456871    -0.0000000000
35 C    -0.0006745636    -0.0000348182     0.0000000000
36 C    -0.0003542541    -0.0002741460    -0.0000000000
37 C     0.0016290473     0.0014030705     0.0000000000
38 C    -0.0018767690    -0.0005077162    -0.0000000000
39 C     0.0020718682     0.0019615153     0.0000000000
40 C     0.0007391300    -0.0026801051    -0.0000000000
41 C     0.0006811699     0.0002273571    -0.0000000000
42 C     0.0007181005    -0.0005061909     0.0000000000
43 C    -0.0004332613     0.0001383627    -0.0000000000
44 C     0.0006324344     0.0004685596    -0.0000000000
45 C    -0.0018814940    -0.0009019613     0.0000000000
46 C    -0.0000869898     0.0007407580    -0.0000000000
47 C     0.0004108049     0.0001594523    -0.0000000000
48 N     0.0004248594    -0.0001874420    -0.0000000000
49 C     0.0003285149    -0.0002250037    -0.0000000000
50 C    -0.0001240878    -0.0003321573     0.0000000000
51 C     0.0004166828    -0.0008362842     0.0000000000
52 C     0.0002283108     0.0001651501    -0.0000000000
53 C     0.0002341836     0.0001144399    -0.0000000000
54 C     0.0003581802    -0.0000150099    -0.0000000000
55 C     0.0000563533     0.0000141734    -0.0000000000
56 C     0.0000310761     0.0008386707     0.0000000000
57 C     0.0016134617    -0.0009496985     0.0000000000
58 C     0.0001633018     0.0002809267    -0.0000000000
59 C     0.0000424623    -0.0003093232    -0.0000000000
60 C     0.0002865522     0.0002100621    -0.0000000000
61 C     0.0005595498    -0.0000942181    -0.0000000000
62 C    -0.0004533357     0.0002868246    -0.0000000000
63 C     0.0027990417    -0.0001047896    -0.0000000000
64 C    -0.0007414684    -0.0006107305    -0.0000000000
65 C     0.0004002875     0.0001869343    -0.0000000000
66 C     0.0004225175     0.0001404257    -0.0000000000
67 C     0.0004557298    -0.0000282807     0.0000000000
68 C    -0.0004692586    -0.0005096406    -0.0000000000
69 C    -0.0047314339     0.0010991162     0.0000000000
70 C     0.0006780425     0.0012304457     0.0000000000
71 C     0.0003754852    -0.0000880044    -0.0000000000
72 C     0.0000746855     0.0000867249     0.0000000000
73 C    -0.0002258196     0.0004952228     0.0000000000
74 C     0.0033611549    -0.0023876003    -0.0000000000
75 C     0.0008113017     0.0000799295     0.0000000000
76 C     0.0004536295    -0.0003193829     0.0000000000
77 C     0.0019781434    -0.0019628894    -0.0000000000
78 H     0.0001508855     0.0001167996    -0.0000000000
79 H     0.0000220136     0.0000157037    -0.0000000000
80 H     0.0000321469    -0.0000374830    -0.0000000000
81 H     0.0001029508    -0.0000682465     0.0000000000
82 H    -0.0000340513    -0.0002741441     0.0000000000
83 H     0.0003624783    -0.0001690020     0.0000000000
84 H    -0.0004404469     0.0003283615     0.0000000000
85 H     0.0000959682     0.0001133080    -0.0000000000
86 H    -0.0003481835     0.0001935920     0.0000000000
87 H    -0.0000769402     0.0001823072     0.0000000000
88 H     0.0000727263    -0.0002217316    -0.0000000000
89 H    -0.0003005774    -0.0001769496     0.0000000000
90 H    -0.0002632936    -0.0002509157     0.0000000000
91 H    -0.0001081726     0.0002090341    -0.0000000000
92 H    -0.0000316857     0.0000408100    -0.0000000000
93 H    -0.0000182808     0.0002512283    -0.0000000000
94 H    -0.0000309921     0.0001378065    -0.0000000000
95 H     0.0000393797     0.0000098651    -0.0000000000
96 H    -0.0000761334     0.0001270906     0.0000000000
97 H     0.0001254038     0.0001383303     0.0000000000
98 H     0.0002221255     0.0000147121     0.0000000000
99 H     0.0000832466    -0.0008183911     0.0000000000
100 H     0.0000535264     0.0001552333     0.0000000000
101 H     0.0001423430     0.0000198427    -0.0000000000
----------------------------------------------
cycle 5: E = -3017.94359534  dE = 0.000152048  norm(grad) = 0.0139131

Geometry optimization cycle 6
Cartesian coordinates (Angstrom)
 Atom        New coordinates             dX        dY        dZ
   C  -7.291162   4.991178   0.000000    0.007940 -0.004101  0.000000
   C  -7.285236   0.686173  -0.000000    0.001804 -0.004298 -0.000000
   C  -6.138246   2.867964   0.000000    0.000930 -0.001312  0.000000
   C  -4.870645   4.973343   0.000000    0.001225 -0.000204  0.000000
   C  -7.297698  -3.600195  -0.000000    0.000067  0.001058 -0.000000
   C  -6.114274  -1.406429  -0.000000    0.000720 -0.001401 -0.000000
   C  -4.882938   0.722704  -0.000000    0.000267 -0.000287  0.000000
   C  -3.673843   2.827711   0.000000    0.000648  0.000201  0.000000
   C  -2.452746   4.970517   0.000000    0.002053  0.000161  0.000000
   C  -6.088019  -5.676308  -0.000000    0.001581 -0.003016 -0.000000
   C  -4.886489  -3.546734  -0.000000    0.000607 -0.001168 -0.000000
   C  -3.663538  -1.413028  -0.000000    0.000007  0.000076  0.000000
   C  -2.457537   0.723067  -0.000000   -0.000341  0.000649  0.000000
   C  -1.223262   2.838629   0.000000    0.000303  0.000188  0.000000
   C  -0.012301   4.976254   0.000000    0.000541 -0.000629  0.000000
   C  -3.639542  -5.643785  -0.000000   -0.000207 -0.001869 -0.000000
   C  -2.441294  -3.532565  -0.000000   -0.000123  0.001147  0.000000
   C  -1.221279  -1.403407  -0.000000   -0.000281  0.001445  0.000000
   C  -0.006422   0.708985  -0.000000   -0.000287  0.000355  0.000000
   C   1.219921   2.831863   0.000000    0.000462 -0.000178  0.000000
   C   2.428665   4.969421   0.000000    0.001586 -0.000278 -0.000000
   C  -1.194320  -5.642866  -0.000000   -0.002292  0.001077  0.000000
   C   0.000313  -3.534169  -0.000000   -0.000844  0.002957  0.000000
   C   1.225594  -1.413525  -0.000000   -0.000645 -0.000040  0.000000
   C   2.450626   0.709080  -0.000000   -0.000280 -0.000032  0.000000
   C   3.668196   2.833863   0.000000    0.000542  0.000285 -0.000000
   C   4.867585   4.975988   0.000000    0.001602  0.000568 -0.000000
   C   1.255203  -5.648586  -0.000000   -0.002340  0.007350  0.000000
   C   2.449555  -3.526292  -0.000000   -0.000331 -0.002320  0.000000
   C   3.671385  -1.421435  -0.000000   -0.001204 -0.000341  0.000000
   C   4.908368   0.700593  -0.000000   -0.000401  0.000610  0.000000
   C   6.131170   2.861592  -0.000000    0.000292  0.000506 -0.000000
   C   7.281456   5.003875  -0.000000    0.000205 -0.000602 -0.000000
   N   3.646110  -5.595876  -0.000000    0.000374 -0.009269  0.000000
   C   4.898581  -3.557646  -0.000000   -0.000709  0.001344  0.000000
   C   6.132146  -1.435457   0.000000   -0.001249  0.001744  0.000000
   C   7.316702   0.671744  -0.000000   -0.000196  0.001689 -0.000000
   C   6.043410  -5.696825   0.000000   -0.006549  0.002507  0.000000
   C   7.311602  -3.648082   0.000000   -0.000311  0.004224  0.000000
   C  -7.315041   3.588337   0.000000   -0.000138 -0.004203  0.000000
   C  -6.109492   5.667139   0.000000    0.003347  0.003210  0.000000
   C  -7.301556  -0.679261  -0.000000   -0.000373 -0.003924 -0.000000
   C  -6.097782   1.421538  -0.000000    0.000109 -0.001407  0.000000
   C  -4.892339   3.537299   0.000000    0.000632 -0.000334  0.000000
   C  -3.668620   5.651727   0.000000    0.001390 -0.001459  0.000000
   C  -7.276978  -4.994700  -0.000000    0.004180  0.001153 -0.000000
   C  -6.121267  -2.858487  -0.000000    0.000934 -0.001082 -0.000000
   C  -4.890567  -0.697575  -0.000000   -0.000085 -0.000315  0.000000
   N  -3.662503   1.416506  -0.000000   -0.000202  0.000363  0.000000
   C  -2.456253   3.529432   0.000000    0.000646  0.000319  0.000000
   C  -1.230774   5.643223   0.000000    0.001582  0.000678  0.000000
   C  -4.865456  -4.973983  -0.000000    0.000319 -0.001355 -0.000000
   C  -3.664435  -2.833115  -0.000000   -0.000236  0.000065  0.000000
   C  -2.456378  -0.699107  -0.000000   -0.000489  0.000762  0.000000
   C  -1.239040   1.416710  -0.000000   -0.000394  0.000368  0.000000
   C  -0.007039   3.537122   0.000000    0.000392 -0.000357  0.000000
   C   1.212706   5.648066   0.000000    0.001016 -0.001831  0.000000
   C  -2.427449  -4.964593  -0.000000   -0.002219  0.001096  0.000000
   C  -1.221325  -2.826513  -0.000000   -0.000746  0.001895  0.000000
   C  -0.002062  -0.707421  -0.000000   -0.000276  0.000668  0.000000
   C   1.215087   1.411707  -0.000000   -0.000227 -0.000039  0.000000
   C   2.442697   3.530851   0.000000    0.000399 -0.000091  0.000000
   C   3.649788   5.648122   0.000000    0.001553 -0.000226 -0.000000
   C   0.008168  -4.968833  -0.000000   -0.004198  0.004125  0.000000
   C   1.219477  -2.830188  -0.000000    0.000476  0.000006  0.000000
   C   2.450615  -0.714202  -0.000000   -0.000953 -0.000099  0.000000
   C   3.669879   1.408196  -0.000000   -0.000437  0.000267  0.000000
   C   4.889441   3.545242   0.000000    0.000425  0.000569 -0.000000
   C   6.092657   5.680767   0.000000    0.001419  0.000893 -0.000000
   C   2.430616  -4.957973  -0.000000    0.003565 -0.003181  0.000000
   C   3.662921  -2.833326  -0.000000   -0.001467 -0.000597  0.000000
   C   4.911003  -0.722304  -0.000000   -0.001514  0.000706  0.000000
   C   6.132254   1.408108   0.000000   -0.000461  0.000777 -0.000000
   C   7.302912   3.606594  -0.000000    0.000606 -0.000567 -0.000000
   C   4.864603  -4.966957   0.000000   -0.006047  0.001296  0.000000
   C   6.134633  -2.887821   0.000000   -0.001233  0.002167  0.000000
   C   7.317905  -0.702186   0.000000   -0.001560  0.001947 -0.000000
   C   7.258001  -5.026233   0.000000   -0.007873  0.005086  0.000000
   H   8.217894   5.548805  -0.000000    0.000417 -0.001253 -0.000000
   H   8.263988   3.112038  -0.000000    0.000427 -0.000781 -0.000000
   H   8.270097   1.181053  -0.000000   -0.000202  0.001588 -0.000000
   H   8.270485  -1.213074   0.000000   -0.001849  0.001672 -0.000000
   H   8.278242  -3.166064   0.000000    0.000430  0.002714 -0.000000
   H   8.178931  -5.596779   0.000000   -0.009130  0.003477  0.000000
   H  -8.227721   5.536642   0.000000    0.007995 -0.004660  0.000000
   H  -8.272768   3.090266   0.000000   -0.001006 -0.002515  0.000000
   H  -8.226814   1.213736  -0.000000    0.001882 -0.004712 -0.000000
   H  -8.255605  -1.185742  -0.000000   -0.000055 -0.004401 -0.000000
   H  -8.258179  -3.105216  -0.000000   -0.000153  0.000670 -0.000000
   H  -8.214245  -5.538189   0.000000    0.004199  0.001572 -0.000000
   H  -6.089554   6.750554   0.000000    0.001999  0.003329  0.000000
   H  -3.667509   6.735316   0.000000    0.001422 -0.001637  0.000000
   H  -1.237580   6.727150   0.000000    0.001990  0.000607  0.000000
   H   1.216429   6.732420   0.000000    0.000886 -0.002023 -0.000000
   H   3.647575   6.732817   0.000000    0.001281 -0.000353 -0.000000
   H   6.071235   6.764393   0.000000    0.001935  0.000847 -0.000000
   H  -6.069627  -6.759916  -0.000000    0.000572 -0.003051 -0.000000
   H  -3.635648  -6.728488  -0.000000    0.000662 -0.001894 -0.000000
   H  -1.198154  -6.727386  -0.000000   -0.001410  0.001106  0.000000
   H   1.259830  -6.733347  -0.000000   -0.006030  0.007853  0.000000
   H   3.642268  -6.600967  -0.000000    0.002297 -0.008680  0.000000
   H   6.009803  -6.780416   0.000000   -0.005234  0.002549  0.000000
converged SCF energy = -3017.94390054556
--------------- RKS_Scanner gradients ---------------
         x                y                z
0 C    -0.0003237467    -0.0002388530    -0.0000000000
1 C     0.0001129004     0.0002978310     0.0000000000
2 C     0.0000968657    -0.0002430000     0.0000000000
3 C    -0.0004734270     0.0000047369    -0.0000000000
4 C     0.0000657574    -0.0001015928     0.0000000000
5 C    -0.0000037090     0.0000763215     0.0000000000
6 C     0.0000858719     0.0000000959     0.0000000000
7 C     0.0000603409    -0.0000484085     0.0000000000
8 C    -0.0002925977     0.0000528645     0.0000000000
9 C     0.0000256469     0.0001082575     0.0000000000
10 C    -0.0001051429     0.0000642713    -0.0000000000
11 C    -0.0001449929     0.0000300488    -0.0000000000
12 C     0.0000445553    -0.0001016479    -0.0000000000
13 C     0.0000847088    -0.0000423155     0.0000000000
14 C     0.0000802835     0.0000184544     0.0000000000
15 C    -0.0001575892     0.0004074133    -0.0000000000
16 C    -0.0002933456    -0.0000556731    -0.0000000000
17 C    -0.0000806322    -0.0000373331    -0.0000000000
18 C    -0.0001083688    -0.0000378827    -0.0000000000
19 C    -0.0001021194     0.0000213094     0.0000000000
20 C    -0.0000700282    -0.0000965090     0.0000000000
21 C    -0.0001250464     0.0001258127    -0.0000000000
22 C    -0.0002103969    -0.0001233258    -0.0000000000
23 C     0.0001307656     0.0000739598    -0.0000000000
24 C    -0.0001586505    -0.0000536431     0.0000000000
25 C    -0.0002437012    -0.0000536736     0.0000000000
26 C     0.0000637753    -0.0000038727    -0.0000000000
27 C    -0.0001797622    -0.0008102396    -0.0000000000
28 C     0.0004037859     0.0000644441    -0.0000000000
29 C    -0.0000609412     0.0000304906    -0.0000000000
30 C    -0.0001762568    -0.0000481649     0.0000000000
31 C    -0.0002290092    -0.0001549558    -0.0000000000
32 C     0.0002267909    -0.0001133034     0.0000000000
33 N    -0.0004143324     0.0006697747     0.0000000000
34 C    -0.0004069369    -0.0001210154    -0.0000000000
35 C    -0.0002188099    -0.0000725322     0.0000000000
36 C    -0.0000848758    -0.0000712225     0.0000000000
37 C     0.0002670478     0.0004236563     0.0000000000
38 C    -0.0002909797     0.0000725746     0.0000000000
39 C     0.0000866919     0.0003743646    -0.0000000000
40 C     0.0004585857    -0.0000162770     0.0000000000
41 C    -0.0000399193    -0.0002438551    -0.0000000000
42 C     0.0000768144    -0.0000684608    -0.0000000000
43 C    -0.0000928256     0.0000430750    -0.0000000000
44 C     0.0002231967     0.0000254521     0.0000000000
45 C    -0.0001157211     0.0000008921    -0.0000000000
46 C    -0.0000871159     0.0001506059     0.0000000000
47 C     0.0001134729     0.0001635665    -0.0000000000
48 N     0.0001978635    -0.0000640665    -0.0000000000
49 C    -0.0000211885    -0.0001317094    -0.0000000000
50 C     0.0000592733    -0.0000785863     0.0000000000
51 C    -0.0000096078    -0.0002201548     0.0000000000
52 C     0.0000639513     0.0000629529     0.0000000000
53 C     0.0000728338     0.0001281620     0.0000000000
54 C     0.0000943570     0.0000824772     0.0000000000
55 C     0.0000468237    -0.0000460384    -0.0000000000
56 C    -0.0000482325     0.0002015967     0.0000000000
57 C     0.0005739292    -0.0002905334     0.0000000000
58 C     0.0000144586     0.0001003465     0.0000000000
59 C     0.0000120669    -0.0000639537     0.0000000000
60 C     0.0000973393     0.0001171740    -0.0000000000
61 C     0.0002103080    -0.0000354691    -0.0000000000
62 C    -0.0002039652     0.0000432348     0.0000000000
63 C     0.0007730437     0.0000576554     0.0000000000
64 C    -0.0002777921    -0.0001077177     0.0000000000
65 C     0.0001170516    -0.0000049665     0.0000000000
66 C     0.0001405178     0.0000732853    -0.0000000000
67 C     0.0001906601     0.0000219933     0.0000000000
68 C    -0.0002279443    -0.0001221383     0.0000000000
69 C    -0.0009709027     0.0002462993     0.0000000000
70 C     0.0002821123     0.0001256308     0.0000000000
71 C     0.0001696660    -0.0000245496    -0.0000000000
72 C     0.0000603347     0.0000476554    -0.0000000000
73 C    -0.0000451333     0.0002323776    -0.0000000000
74 C     0.0004701920    -0.0004008421    -0.0000000000
75 C     0.0004926132    -0.0001565473     0.0000000000
76 C     0.0000511735    -0.0000301490    -0.0000000000
77 C     0.0001580771    -0.0004011390    -0.0000000000
78 H     0.0000163744     0.0000417590    -0.0000000000
79 H    -0.0000002072    -0.0000296445     0.0000000000
80 H     0.0000251285     0.0000080551    -0.0000000000
81 H     0.0000134705    -0.0000055562     0.0000000000
82 H     0.0000528195    -0.0000791196    -0.0000000000
83 H     0.0000755683     0.0000375711     0.0000000000
84 H     0.0000287088     0.0000652362     0.0000000000
85 H    -0.0000235400    -0.0001197426    -0.0000000000
86 H    -0.0000915260     0.0000113871    -0.0000000000
87 H    -0.0001003524     0.0000021452     0.0000000000
88 H    -0.0000225343     0.0000278675    -0.0000000000
89 H    -0.0000147329    -0.0000252191    -0.0000000000
90 H    -0.0000864387     0.0000616929    -0.0000000000
91 H    -0.0000628254     0.0000297451    -0.0000000000
92 H    -0.0000145580     0.0000149709    -0.0000000000
93 H     0.0000009107     0.0000423718    -0.0000000000
94 H     0.0000115999     0.0000163413    -0.0000000000
95 H     0.0000341862     0.0000025855    -0.0000000000
96 H    -0.0000014430    -0.0000372641    -0.0000000000
97 H     0.0000544141     0.0000170142     0.0000000000
98 H     0.0001034130    -0.0000380202    -0.0000000000
99 H     0.0000953654    -0.0001592620     0.0000000000
100 H    -0.0000074377     0.0003968586     0.0000000000
101 H    -0.0000489862     0.0000242197    -0.0000000000
----------------------------------------------
cycle 6: E = -3017.94390055  dE = -0.000305205  norm(grad) = 0.00283034

Geometry optimization cycle 7
