1721292963.3489027

Geometry optimization cycle 1
Cartesian coordinates (Angstrom)
 Atom        New coordinates             dX        dY        dZ
   C  -7.338226   5.042760   0.000000    0.000000  0.000000  0.000000
   C  -7.365228   0.691139   0.000000    0.000000  0.000000  0.000000
   C  -6.173642   2.889413   0.000000    0.000000  0.000000  0.000000
   C  -4.910090   5.019617   0.000000    0.000000  0.000000  0.000000
   C  -7.358051  -3.642635   0.000000    0.000000  0.000000  0.000000
   C  -6.173475  -1.431785   0.000000    0.000000  0.000000  0.000000
   C  -4.940069   0.716689   0.000000    0.000000  0.000000  0.000000
   C  -3.694845   2.860312   0.000000    0.000000  0.000000  0.000000
   C  -2.457224   5.005715   0.000000    0.000000  0.000000  0.000000
   C  -6.138515  -5.727246   0.000000    0.000000  0.000000  0.000000
   C  -4.928214  -3.580071   0.000000    0.000000  0.000000  0.000000
   C  -3.698169  -1.425571   0.000000    0.000000  0.000000  0.000000
   C  -2.471779   0.716540   0.000000    0.000000  0.000000  0.000000
   C  -1.230705   2.851907   0.000000    0.000000 -0.000000  0.000000
   C   0.000000   5.003169   0.000000    0.000000  0.000000  0.000000
   C  -3.678966  -5.694052   0.000000    0.000000  0.000000  0.000000
   C  -2.466015  -3.560923   0.000000    0.000000  0.000000  0.000000
   C  -1.232423  -1.423207   0.000000    0.000000  0.000000  0.000000
   C   0.000000   0.715809   0.000000    0.000000  0.000000  0.000000
   C   1.230705   2.851907   0.000000    0.000000 -0.000000  0.000000
   C   2.457224   5.005715   0.000000    0.000000  0.000000  0.000000
   C  -1.226334  -5.685080   0.000000    0.000000  0.000000  0.000000
   C   0.000000  -3.557079   0.000000    0.000000  0.000000  0.000000
   C   1.232423  -1.423207   0.000000    0.000000  0.000000  0.000000
   C   2.471779   0.716540   0.000000    0.000000  0.000000  0.000000
   C   3.694845   2.860312   0.000000    0.000000  0.000000  0.000000
   C   4.910090   5.019617   0.000000    0.000000  0.000000  0.000000
   C   1.226334  -5.685080   0.000000    0.000000  0.000000  0.000000
   C   2.466015  -3.560923   0.000000    0.000000  0.000000  0.000000
   C   3.698169  -1.425571   0.000000    0.000000  0.000000  0.000000
   C   4.940069   0.716689   0.000000    0.000000  0.000000  0.000000
   C   6.173642   2.889413   0.000000    0.000000  0.000000  0.000000
   N   7.338226   5.042760   0.000000    0.000000  0.000000  0.000000
   C   3.678966  -5.694052   0.000000    0.000000  0.000000  0.000000
   C   4.928214  -3.580071   0.000000    0.000000  0.000000  0.000000
   C   6.173475  -1.431785   0.000000   -0.000000  0.000000  0.000000
   C   7.365228   0.691139   0.000000    0.000000  0.000000  0.000000
   C   6.138515  -5.727246   0.000000    0.000000  0.000000  0.000000
   C   7.358051  -3.642635   0.000000   -0.000000  0.000000  0.000000
   C  -7.358051   3.642635   0.000000    0.000000  0.000000  0.000000
   C  -6.138515   5.727246   0.000000    0.000000  0.000000  0.000000
   C  -7.365228  -0.691139   0.000000    0.000000  0.000000  0.000000
   C  -6.173475   1.431785   0.000000    0.000000  0.000000  0.000000
   C  -4.928214   3.580071   0.000000    0.000000 -0.000000  0.000000
   C  -3.678966   5.694052   0.000000    0.000000  0.000000  0.000000
   C  -7.338226  -5.042760   0.000000    0.000000  0.000000  0.000000
   C  -6.173642  -2.889413   0.000000    0.000000  0.000000  0.000000
   C  -4.940069  -0.716689   0.000000    0.000000  0.000000  0.000000
   C  -3.698169   1.425571   0.000000    0.000000  0.000000  0.000000
   C  -2.466015   3.560923   0.000000    0.000000 -0.000000  0.000000
   C  -1.226334   5.685080   0.000000    0.000000  0.000000  0.000000
   C  -4.910090  -5.019617   0.000000    0.000000  0.000000  0.000000
   C  -3.694845  -2.860312   0.000000    0.000000  0.000000  0.000000
   C  -2.471779  -0.716540   0.000000    0.000000  0.000000  0.000000
   C  -1.232423   1.423207   0.000000    0.000000  0.000000  0.000000
   C   0.000000   3.557079   0.000000    0.000000  0.000000  0.000000
   C   1.226334   5.685080   0.000000    0.000000  0.000000  0.000000
   N  -2.457224  -5.005715   0.000000    0.000000  0.000000  0.000000
   C  -1.230705  -2.851907   0.000000    0.000000  0.000000  0.000000
   C   0.000000  -0.715809   0.000000    0.000000  0.000000  0.000000
   C   1.232423   1.423207   0.000000    0.000000  0.000000  0.000000
   C   2.466015   3.560923   0.000000    0.000000 -0.000000  0.000000
   C   3.678966   5.694052   0.000000    0.000000  0.000000  0.000000
   C   0.000000  -5.003169   0.000000    0.000000  0.000000  0.000000
   C   1.230705  -2.851907   0.000000    0.000000  0.000000  0.000000
   C   2.471779  -0.716540   0.000000    0.000000  0.000000  0.000000
   C   3.698169   1.425571   0.000000    0.000000  0.000000  0.000000
   C   4.928214   3.580071   0.000000    0.000000 -0.000000  0.000000
   C   6.138515   5.727246   0.000000    0.000000  0.000000  0.000000
   C   2.457224  -5.005715   0.000000    0.000000  0.000000  0.000000
   C   3.694845  -2.860312   0.000000    0.000000  0.000000  0.000000
   C   4.940069  -0.716689   0.000000    0.000000  0.000000  0.000000
   C   6.173475   1.431785   0.000000   -0.000000  0.000000  0.000000
   C   7.358051   3.642635   0.000000   -0.000000  0.000000  0.000000
   C   4.910090  -5.019617   0.000000    0.000000  0.000000  0.000000
   C   6.173642  -2.889413   0.000000    0.000000  0.000000  0.000000
   N   7.365228  -0.691139   0.000000    0.000000  0.000000  0.000000
   C   7.338226  -5.042760   0.000000    0.000000  0.000000  0.000000
   H   8.282184   5.591425   0.000000    0.000000 -0.000000  0.000000
   H   8.325741   3.141106   0.000000    0.000000  0.000000  0.000000
   H   8.326715   1.204661   0.000000    0.000000  0.000000  0.000000
   H   8.326715  -1.204661   0.000000    0.000000  0.000000  0.000000
   H   8.325741  -3.141106   0.000000    0.000000  0.000000  0.000000
   H   8.282184  -5.591425   0.000000    0.000000  0.000000  0.000000
   H  -8.282184   5.591425   0.000000    0.000000 -0.000000  0.000000
   H  -8.325741   3.141106   0.000000    0.000000  0.000000  0.000000
   H  -8.326715   1.204661   0.000000    0.000000  0.000000  0.000000
   H  -8.326715  -1.204661   0.000000    0.000000  0.000000  0.000000
   H  -8.325741  -3.141106   0.000000    0.000000  0.000000  0.000000
   H  -8.282184  -5.591425   0.000000    0.000000  0.000000  0.000000
   H  -6.116625   6.819427   0.000000    0.000000  0.000000  0.000000
   H  -3.672757   6.787431   0.000000    0.000000  0.000000  0.000000
   H  -1.225580   6.778408   0.000000    0.000000 -0.000000  0.000000
   H   1.225580   6.778408   0.000000    0.000000 -0.000000  0.000000
   H   3.672757   6.787431   0.000000    0.000000  0.000000  0.000000
   H   6.116625   6.819427   0.000000   -0.000000  0.000000  0.000000
   H  -6.116625  -6.819427   0.000000    0.000000  0.000000  0.000000
   H  -3.672757  -6.787431   0.000000    0.000000  0.000000  0.000000
   H  -1.225580  -6.778408   0.000000    0.000000  0.000000  0.000000
   H   1.225580  -6.778408   0.000000    0.000000  0.000000  0.000000
   H   3.672757  -6.787431   0.000000    0.000000  0.000000  0.000000
   H   6.116625  -6.819427   0.000000   -0.000000  0.000000  0.000000
converged SCF energy = -3034.48101857606
--------------- ROKS_Scanner gradients ---------------
         x                y                z
0 C    -0.0033699149     0.0012253706     0.0000000000
1 C    -0.0002549707     0.0033203312    -0.0000000000
2 C     0.0000644610    -0.0047033367     0.0000000000
3 C     0.0011084014     0.0023899428     0.0000000000
4 C     0.0020389434     0.0019226991    -0.0000000000
5 C    -0.0040874802    -0.0040892675    -0.0000000000
6 C     0.0043165159     0.0009938464    -0.0000000000
7 C     0.0011795055     0.0023422525     0.0000000000
8 C     0.0037638467    -0.0012643359    -0.0000000000
9 C    -0.0037173994     0.0005310516    -0.0000000000
10 C     0.0080674188     0.0022596587    -0.0000000000
11 C    -0.0059216749     0.0032594119    -0.0000000000
12 C     0.0001697073    -0.0023013827     0.0000000000
13 C     0.0067366143     0.0031949322     0.0000000000
14 C     0.0090989906    -0.0012176612     0.0000000000
15 C    -0.0193859301    -0.0173976897     0.0000000000
16 C     0.0022094946     0.0114159229    -0.0000000000
17 C     0.0081042005     0.0025569595    -0.0000000000
18 C    -0.0015062131     0.0032409921    -0.0000000000
19 C     0.0075078832    -0.0015381322    -0.0000000000
20 C     0.0209958059    -0.0036887592     0.0000000000
21 C     0.0268519204    -0.0179956972    -0.0000000000
22 C    -0.0038059252     0.0005229547    -0.0000000000
23 C     0.0025460450    -0.0017550979    -0.0000000000
24 C     0.0086039759     0.0078706936    -0.0000000000
25 C     0.0012569194    -0.0037219568     0.0000000000
26 C     0.0173048629    -0.0096492405    -0.0000000000
27 C     0.0110585638    -0.0024190980     0.0000000000
28 C     0.0007339940     0.0032528823    -0.0000000000
29 C    -0.0059780068     0.0034120341    -0.0000000000
30 C     0.0231054000    -0.0017707423    -0.0000000000
31 C     0.0083727883    -0.0075000942    -0.0000000000
32 N     0.0034038152    -0.0002673129     0.0000000000
33 C    -0.0010627660    -0.0043534606    -0.0000000000
34 C     0.0062048556    -0.0045646033    -0.0000000000
35 C    -0.0049396197     0.0048617409    -0.0000000000
36 C     0.0132100780     0.0150312616    -0.0000000000
37 C    -0.0048249568    -0.0027357996    -0.0000000000
38 C    -0.0030305677    -0.0015178666    -0.0000000000
39 C    -0.0012655850     0.0007580153    -0.0000000000
40 C     0.0004194628     0.0030249622    -0.0000000000
41 C    -0.0006587806    -0.0030243275     0.0000000000
42 C    -0.0029823385     0.0037401393     0.0000000000
43 C     0.0015076491    -0.0004921915    -0.0000000000
44 C    -0.0036469736     0.0030182027    -0.0000000000
45 C    -0.0042546336    -0.0059265124     0.0000000000
46 C    -0.0019467688     0.0047266240     0.0000000000
47 C     0.0055531629     0.0011903770     0.0000000000
48 C    -0.0028746669    -0.0030653244    -0.0000000000
49 C    -0.0024918096     0.0014435817    -0.0000000000
50 C    -0.0068623551     0.0043981023    -0.0000000000
51 C    -0.0041101870    -0.0083387091     0.0000000000
52 C    -0.0015525721     0.0060077867     0.0000000000
53 C    -0.0010701165     0.0027328490     0.0000000000
54 C     0.0019374812    -0.0029450764    -0.0000000000
55 C    -0.0073368161    -0.0014996770    -0.0000000000
56 C    -0.0156431973     0.0058563579    -0.0000000000
57 N    -0.0046388776     0.0145620854     0.0000000000
58 C    -0.0017591820     0.0071107562     0.0000000000
59 C    -0.0055885178    -0.0022125653     0.0000000000
60 C    -0.0020116506     0.0032211283     0.0000000000
61 C    -0.0061082158    -0.0020992064    -0.0000000000
62 C    -0.0257042622     0.0002713611     0.0000000000
63 C    -0.0064767468    -0.0034674598    -0.0000000000
64 C     0.0011243764     0.0018099429     0.0000000000
65 C     0.0014220792    -0.0077701156     0.0000000000
66 C    -0.0167661162     0.0058702803     0.0000000000
67 C    -0.0070986582     0.0134056349     0.0000000000
68 C    -0.0298045208     0.0147980031    -0.0000000000
69 C    -0.0021970015    -0.0005452152     0.0000000000
70 C    -0.0044338644     0.0004861721     0.0000000000
71 C    -0.0035211648    -0.0017746988     0.0000000000
72 C    -0.0222965901     0.0044352951     0.0000000000
73 C    -0.0113962014    -0.0257683267     0.0000000000
74 C     0.0057044700     0.0008103902     0.0000000000
75 C    -0.0098386959    -0.0101518245     0.0000000000
76 N    -0.0186910538    -0.0007380733     0.0000000000
77 C     0.0034165978    -0.0014660835     0.0000000000
78 H     0.0515289933     0.0297734127    -0.0000000000
79 H     0.0038672510    -0.0129554230    -0.0000000000
80 H     0.0034138204     0.0111707355     0.0000000000
81 H     0.0537523769    -0.0252574139    -0.0000000000
82 H     0.0022297342     0.0031247149     0.0000000000
83 H     0.0048273454    -0.0029240918    -0.0000000000
84 H    -0.0048888069     0.0028461818    -0.0000000000
85 H    -0.0055135190    -0.0029257289     0.0000000000
86 H    -0.0055816685     0.0029964938     0.0000000000
87 H    -0.0055841367    -0.0029222968    -0.0000000000
88 H    -0.0058085886     0.0030142905     0.0000000000
89 H    -0.0051835268    -0.0026587389    -0.0000000000
90 H     0.0001903219     0.0058152271     0.0000000000
91 H    -0.0000753446     0.0059736565    -0.0000000000
92 H    -0.0001150477     0.0060819069     0.0000000000
93 H    -0.0001355916     0.0062047107    -0.0000000000
94 H     0.0000867922     0.0061874262    -0.0000000000
95 H    -0.0089028622     0.0085703694     0.0000000000
96 H     0.0004654096    -0.0057470939     0.0000000000
97 H    -0.0085332875    -0.0096809921    -0.0000000000
98 H     0.0086052498    -0.0096699722    -0.0000000000
99 H    -0.0002817558    -0.0060765365    -0.0000000000
100 H    -0.0002034754    -0.0063035133     0.0000000000
101 H    -0.0003674864    -0.0061809053    -0.0000000000
----------------------------------------------
cycle 1: E = -3034.48101858  dE = -3034.48  norm(grad) = 0.137352

Geometry optimization cycle 2
