1721319320.1432524

Geometry optimization cycle 1
Cartesian coordinates (Angstrom)
 Atom        New coordinates             dX        dY        dZ
   C  -7.338226   5.042760   0.000000    0.000000  0.000000  0.000000
   C  -7.365228   0.691139   0.000000    0.000000  0.000000  0.000000
   C  -6.173642   2.889413   0.000000    0.000000  0.000000  0.000000
   C  -4.910090   5.019617   0.000000    0.000000  0.000000  0.000000
   C  -7.358051  -3.642635   0.000000    0.000000  0.000000  0.000000
   C  -6.173475  -1.431785   0.000000    0.000000  0.000000  0.000000
   C  -4.940069   0.716689   0.000000    0.000000  0.000000  0.000000
   C  -3.694845   2.860312   0.000000    0.000000  0.000000  0.000000
   C  -2.457224   5.005715   0.000000    0.000000  0.000000  0.000000
   C  -6.138515  -5.727246   0.000000    0.000000  0.000000  0.000000
   C  -4.928214  -3.580071   0.000000    0.000000  0.000000  0.000000
   N  -3.698169  -1.425571   0.000000    0.000000  0.000000  0.000000
   C  -2.471779   0.716540   0.000000    0.000000  0.000000  0.000000
   C  -1.230705   2.851907   0.000000    0.000000 -0.000000  0.000000
   C   0.000000   5.003169   0.000000    0.000000  0.000000  0.000000
   C  -3.678966  -5.694052   0.000000    0.000000  0.000000  0.000000
   C  -2.466015  -3.560923   0.000000    0.000000  0.000000  0.000000
   C  -1.232423  -1.423207   0.000000    0.000000  0.000000  0.000000
   C   0.000000   0.715809   0.000000    0.000000  0.000000  0.000000
   C   1.230705   2.851907   0.000000    0.000000 -0.000000  0.000000
   C   2.457224   5.005715   0.000000    0.000000  0.000000  0.000000
   C  -1.226334  -5.685080   0.000000    0.000000  0.000000  0.000000
   C   0.000000  -3.557079   0.000000    0.000000  0.000000  0.000000
   C   1.232423  -1.423207   0.000000    0.000000  0.000000  0.000000
   C   2.471779   0.716540   0.000000    0.000000  0.000000  0.000000
   C   3.694845   2.860312   0.000000    0.000000  0.000000  0.000000
   C   4.910090   5.019617   0.000000    0.000000  0.000000  0.000000
   C   1.226334  -5.685080   0.000000    0.000000  0.000000  0.000000
   C   2.466015  -3.560923   0.000000    0.000000  0.000000  0.000000
   C   3.698169  -1.425571   0.000000    0.000000  0.000000  0.000000
   C   4.940069   0.716689   0.000000    0.000000  0.000000  0.000000
   C   6.173642   2.889413   0.000000    0.000000  0.000000  0.000000
   C   7.338226   5.042760   0.000000    0.000000  0.000000  0.000000
   C   3.678966  -5.694052   0.000000    0.000000  0.000000  0.000000
   C   4.928214  -3.580071   0.000000    0.000000  0.000000  0.000000
   C   6.173475  -1.431785   0.000000   -0.000000  0.000000  0.000000
   C   7.365228   0.691139   0.000000    0.000000  0.000000  0.000000
   N   6.138515  -5.727246   0.000000    0.000000  0.000000  0.000000
   C   7.358051  -3.642635   0.000000   -0.000000  0.000000  0.000000
   C  -7.358051   3.642635   0.000000    0.000000  0.000000  0.000000
   C  -6.138515   5.727246   0.000000    0.000000  0.000000  0.000000
   C  -7.365228  -0.691139   0.000000    0.000000  0.000000  0.000000
   C  -6.173475   1.431785   0.000000    0.000000  0.000000  0.000000
   C  -4.928214   3.580071   0.000000    0.000000 -0.000000  0.000000
   C  -3.678966   5.694052   0.000000    0.000000  0.000000  0.000000
   N  -7.338226  -5.042760   0.000000    0.000000  0.000000  0.000000
   C  -6.173642  -2.889413   0.000000    0.000000  0.000000  0.000000
   C  -4.940069  -0.716689   0.000000    0.000000  0.000000  0.000000
   C  -3.698169   1.425571   0.000000    0.000000  0.000000  0.000000
   C  -2.466015   3.560923   0.000000    0.000000 -0.000000  0.000000
   C  -1.226334   5.685080   0.000000    0.000000  0.000000  0.000000
   C  -4.910090  -5.019617   0.000000    0.000000  0.000000  0.000000
   N  -3.694845  -2.860312   0.000000    0.000000  0.000000  0.000000
   C  -2.471779  -0.716540   0.000000    0.000000  0.000000  0.000000
   C  -1.232423   1.423207   0.000000    0.000000  0.000000  0.000000
   C   0.000000   3.557079   0.000000    0.000000  0.000000  0.000000
   C   1.226334   5.685080   0.000000    0.000000  0.000000  0.000000
   C  -2.457224  -5.005715   0.000000    0.000000  0.000000  0.000000
   C  -1.230705  -2.851907   0.000000    0.000000  0.000000  0.000000
   C   0.000000  -0.715809   0.000000    0.000000  0.000000  0.000000
   C   1.232423   1.423207   0.000000    0.000000  0.000000  0.000000
   C   2.466015   3.560923   0.000000    0.000000 -0.000000  0.000000
   C   3.678966   5.694052   0.000000    0.000000  0.000000  0.000000
   C   0.000000  -5.003169   0.000000    0.000000  0.000000  0.000000
   C   1.230705  -2.851907   0.000000    0.000000  0.000000  0.000000
   C   2.471779  -0.716540   0.000000    0.000000  0.000000  0.000000
   C   3.698169   1.425571   0.000000    0.000000  0.000000  0.000000
   N   4.928214   3.580071   0.000000    0.000000 -0.000000  0.000000
   N   6.138515   5.727246   0.000000    0.000000  0.000000  0.000000
   C   2.457224  -5.005715   0.000000    0.000000  0.000000  0.000000
   N   3.694845  -2.860312   0.000000    0.000000  0.000000  0.000000
   C   4.940069  -0.716689   0.000000    0.000000  0.000000  0.000000
   C   6.173475   1.431785   0.000000   -0.000000  0.000000  0.000000
   C   7.358051   3.642635   0.000000   -0.000000  0.000000  0.000000
   C   4.910090  -5.019617   0.000000    0.000000  0.000000  0.000000
   C   6.173642  -2.889413   0.000000    0.000000  0.000000  0.000000
   C   7.365228  -0.691139   0.000000    0.000000  0.000000  0.000000
   C   7.338226  -5.042760   0.000000    0.000000  0.000000  0.000000
   H   8.282184   5.591425   0.000000    0.000000 -0.000000  0.000000
   H   8.325741   3.141106   0.000000    0.000000  0.000000  0.000000
   H   8.326715   1.204661   0.000000    0.000000  0.000000  0.000000
   H   8.326715  -1.204661   0.000000    0.000000  0.000000  0.000000
   H   8.325741  -3.141106   0.000000    0.000000  0.000000  0.000000
   H   8.282184  -5.591425   0.000000    0.000000  0.000000  0.000000
   H  -8.282184   5.591425   0.000000    0.000000 -0.000000  0.000000
   H  -8.325741   3.141106   0.000000    0.000000  0.000000  0.000000
   H  -8.326715   1.204661   0.000000    0.000000  0.000000  0.000000
   H  -8.326715  -1.204661   0.000000    0.000000  0.000000  0.000000
   H  -8.325741  -3.141106   0.000000    0.000000  0.000000  0.000000
   H  -8.282184  -5.591425   0.000000    0.000000  0.000000  0.000000
   H  -6.116625   6.819427   0.000000    0.000000  0.000000  0.000000
   H  -3.672757   6.787431   0.000000    0.000000  0.000000  0.000000
   H  -1.225580   6.778408   0.000000    0.000000 -0.000000  0.000000
   H   1.225580   6.778408   0.000000    0.000000 -0.000000  0.000000
   H   3.672757   6.787431   0.000000    0.000000  0.000000  0.000000
   H   6.116625   6.819427   0.000000   -0.000000  0.000000  0.000000
   H  -6.116625  -6.819427   0.000000    0.000000  0.000000  0.000000
   H  -3.672757  -6.787431   0.000000    0.000000  0.000000  0.000000
   H  -1.225580  -6.778408   0.000000    0.000000  0.000000  0.000000
   H   1.225580  -6.778408   0.000000    0.000000  0.000000  0.000000
   H   3.672757  -6.787431   0.000000    0.000000  0.000000  0.000000
   H   6.116625  -6.819427   0.000000   -0.000000  0.000000  0.000000
converged SCF energy = -3100.85286703875
--------------- ROKS_Scanner gradients ---------------
         x                y                z
0 C    -0.0055681841     0.0000344655    -0.0000000000
1 C     0.0016710318     0.0010603469    -0.0000000000
2 C     0.0011817998    -0.0067847458    -0.0000000000
3 C    -0.0019058790     0.0010419999    -0.0000000000
4 C    -0.0037616007     0.0285390103    -0.0000000000
5 C    -0.0148121040    -0.0155769598    -0.0000000000
6 C    -0.0000164212     0.0131538680    -0.0000000000
7 C     0.0038807618     0.0082173745    -0.0000000000
8 C     0.0095025894    -0.0002970434    -0.0000000000
9 C     0.0037600005    -0.0185096576    -0.0000000000
10 C    -0.0189520573    -0.0322294591     0.0000000000
11 N     0.0013691926    -0.0185851729    -0.0000000000
12 C     0.0146222300     0.0057624197    -0.0000000000
13 C     0.0061119097     0.0010035644     0.0000000000
14 C     0.0253678898     0.0000030974     0.0000000000
15 C     0.0056144119     0.0016649698     0.0000000000
16 C    -0.0454703724    -0.0118586667    -0.0000000000
17 C     0.0276011995    -0.0258945265    -0.0000000000
18 C     0.0024463366     0.0023536781     0.0000000000
19 C     0.0060205145     0.0043504210     0.0000000000
20 C     0.0421597758    -0.0033750738    -0.0000000000
21 C     0.0003597833    -0.0116320987    -0.0000000000
22 C    -0.0080982980     0.0135749441    -0.0000000000
23 C     0.0054732696    -0.0174580527    -0.0000000000
24 C     0.0016308296    -0.0045895148     0.0000000000
25 C     0.0047295409    -0.0085546249     0.0000000000
26 C     0.0289667495    -0.0129418445     0.0000000000
27 C    -0.0159382278    -0.0101999067    -0.0000000000
28 C     0.0069431335    -0.0034267003    -0.0000000000
29 C    -0.0061345175     0.0109667462     0.0000000000
30 C     0.0072255573     0.0061890333    -0.0000000000
31 C     0.0089296878     0.0253841407    -0.0000000000
32 C    -0.0048942248     0.0317130149    -0.0000000000
33 C    -0.0433619604    -0.0001230446     0.0000000000
34 C    -0.0142058188    -0.0157560956     0.0000000000
35 C    -0.0050335056     0.0147985181    -0.0000000000
36 C    -0.0064216884     0.0061569411    -0.0000000000
37 N     0.0007369715     0.0233460212     0.0000000000
38 C    -0.0183278933     0.0523462674    -0.0000000000
39 C    -0.0004185601     0.0041505070     0.0000000000
40 C     0.0032576909     0.0035503145     0.0000000000
41 C    -0.0046480170    -0.0045516724     0.0000000000
42 C     0.0005490431     0.0086820996     0.0000000000
43 C     0.0017507692    -0.0003491409     0.0000000000
44 C    -0.0041350111     0.0040256983     0.0000000000
45 N     0.0265636835    -0.0093182328     0.0000000000
46 C    -0.0056478730     0.0219441544     0.0000000000
47 C     0.0102023081     0.0136681450     0.0000000000
48 C    -0.0097965224    -0.0091445382     0.0000000000
49 C    -0.0060951648    -0.0021429069     0.0000000000
50 C    -0.0176467995     0.0062449279    -0.0000000000
51 C    -0.0041699327     0.0075781419    -0.0000000000
52 N     0.0449472268     0.0286043235     0.0000000000
53 C    -0.0253365929     0.0211666029    -0.0000000000
54 C    -0.0068631183     0.0037179669    -0.0000000000
55 C    -0.0074031843    -0.0011534155    -0.0000000000
56 C    -0.0344385773     0.0071512124     0.0000000000
57 C     0.0056132175    -0.0045564167    -0.0000000000
58 C     0.0350781780     0.0251722245     0.0000000000
59 C    -0.0082589580    -0.0020350724    -0.0000000000
60 C    -0.0036449489     0.0003158335    -0.0000000000
61 C    -0.0194261288     0.0000747346     0.0000000000
62 C    -0.0550649837     0.0112329317     0.0000000000
63 C     0.0069573657    -0.0088375548     0.0000000000
64 C    -0.0119762563     0.0122841683     0.0000000000
65 C     0.0053989124     0.0096159844    -0.0000000000
66 C    -0.0111994927    -0.0088518004    -0.0000000000
67 N    -0.0036052858    -0.0117931451     0.0000000000
68 N     0.0126181950    -0.0235876545     0.0000000000
69 C     0.0194517263    -0.0098960342    -0.0000000000
70 N    -0.0029522958    -0.0014457090     0.0000000000
71 C     0.0080749181     0.0041710225    -0.0000000000
72 C     0.0084386680    -0.0247170698     0.0000000000
73 C     0.0002771684    -0.0381987376     0.0000000000
74 C     0.0268181716     0.0193104164    -0.0000000000
75 C     0.0440374616    -0.0213507627     0.0000000000
76 C    -0.0018313637    -0.0049782530     0.0000000000
77 C     0.0069522166    -0.0366227209     0.0000000000
78 H     0.0112719488    -0.0017578345     0.0000000000
79 H     0.0083005800    -0.0051923498    -0.0000000000
80 H     0.0054302221     0.0035548172     0.0000000000
81 H     0.0054008410    -0.0034969572    -0.0000000000
82 H     0.0063853182     0.0064429250     0.0000000000
83 H     0.0106472678     0.0020047674    -0.0000000000
84 H    -0.0047334988     0.0028163309     0.0000000000
85 H    -0.0054436537    -0.0029119738    -0.0000000000
86 H    -0.0060295383     0.0029140844     0.0000000000
87 H    -0.0056540172    -0.0028058057    -0.0000000000
88 H    -0.0054560591     0.0103934604     0.0000000000
89 H    -0.0528773129    -0.0315151231     0.0000000000
90 H     0.0001145587     0.0058559976     0.0000000000
91 H    -0.0000680851     0.0061049333     0.0000000000
92 H    -0.0000974826     0.0060741822     0.0000000000
93 H    -0.0002180364     0.0060233351    -0.0000000000
94 H    -0.0025546734     0.0071777956    -0.0000000000
95 H     0.0023125554     0.0637988327    -0.0000000000
96 H     0.0069618226    -0.0097930644    -0.0000000000
97 H    -0.0001169134    -0.0071099820     0.0000000000
98 H     0.0013786214    -0.0067706207    -0.0000000000
99 H    -0.0010666978    -0.0064864868    -0.0000000000
100 H     0.0001067713    -0.0060618099    -0.0000000000
101 H     0.0001787942    -0.0622694882    -0.0000000000
----------------------------------------------
cycle 1: E = -3100.85286704  dE = -3100.85  norm(grad) = 0.237452

Geometry optimization cycle 2
