1721283094.1793766

Geometry optimization cycle 1
Cartesian coordinates (Angstrom)
 Atom        New coordinates             dX        dY        dZ
   C  -7.338226   5.042760   0.000000    0.000000  0.000000  0.000000
   C  -7.365228   0.691139   0.000000    0.000000  0.000000  0.000000
   C  -6.173642   2.889413   0.000000    0.000000  0.000000  0.000000
   C  -4.910090   5.019617   0.000000    0.000000  0.000000  0.000000
   C  -7.358051  -3.642635   0.000000    0.000000  0.000000  0.000000
   C  -6.173475  -1.431785   0.000000    0.000000  0.000000  0.000000
   C  -4.940069   0.716689   0.000000    0.000000  0.000000  0.000000
   C  -3.694845   2.860312   0.000000    0.000000  0.000000  0.000000
   C  -2.457224   5.005715   0.000000    0.000000  0.000000  0.000000
   C  -6.138515  -5.727246   0.000000    0.000000  0.000000  0.000000
   C  -4.928214  -3.580071   0.000000    0.000000  0.000000  0.000000
   C  -3.698169  -1.425571   0.000000    0.000000  0.000000  0.000000
   C  -2.471779   0.716540   0.000000    0.000000  0.000000  0.000000
   C  -1.230705   2.851907   0.000000    0.000000 -0.000000  0.000000
   C   0.000000   5.003169   0.000000    0.000000  0.000000  0.000000
   C  -3.678966  -5.694052   0.000000    0.000000  0.000000  0.000000
   C  -2.466015  -3.560923   0.000000    0.000000  0.000000  0.000000
   C  -1.232423  -1.423207   0.000000    0.000000  0.000000  0.000000
   C   0.000000   0.715809   0.000000    0.000000  0.000000  0.000000
   C   1.230705   2.851907   0.000000    0.000000 -0.000000  0.000000
   C   2.457224   5.005715   0.000000    0.000000  0.000000  0.000000
   C  -1.226334  -5.685080   0.000000    0.000000  0.000000  0.000000
   C   0.000000  -3.557079   0.000000    0.000000  0.000000  0.000000
   C   1.232423  -1.423207   0.000000    0.000000  0.000000  0.000000
   C   2.471779   0.716540   0.000000    0.000000  0.000000  0.000000
   C   3.694845   2.860312   0.000000    0.000000  0.000000  0.000000
   C   4.910090   5.019617   0.000000    0.000000  0.000000  0.000000
   C   1.226334  -5.685080   0.000000    0.000000  0.000000  0.000000
   C   2.466015  -3.560923   0.000000    0.000000  0.000000  0.000000
   C   3.698169  -1.425571   0.000000    0.000000  0.000000  0.000000
   C   4.940069   0.716689   0.000000    0.000000  0.000000  0.000000
   C   6.173642   2.889413   0.000000    0.000000  0.000000  0.000000
   C   7.338226   5.042760   0.000000    0.000000  0.000000  0.000000
   C   3.678966  -5.694052   0.000000    0.000000  0.000000  0.000000
   C   4.928214  -3.580071   0.000000    0.000000  0.000000  0.000000
   C   6.173475  -1.431785   0.000000   -0.000000  0.000000  0.000000
   C   7.365228   0.691139   0.000000    0.000000  0.000000  0.000000
   C   6.138515  -5.727246   0.000000    0.000000  0.000000  0.000000
   C   7.358051  -3.642635   0.000000   -0.000000  0.000000  0.000000
   C  -7.358051   3.642635   0.000000    0.000000  0.000000  0.000000
   C  -6.138515   5.727246   0.000000    0.000000  0.000000  0.000000
   C  -7.365228  -0.691139   0.000000    0.000000  0.000000  0.000000
   C  -6.173475   1.431785   0.000000    0.000000  0.000000  0.000000
   C  -4.928214   3.580071   0.000000    0.000000 -0.000000  0.000000
   C  -3.678966   5.694052   0.000000    0.000000  0.000000  0.000000
   C  -7.338226  -5.042760   0.000000    0.000000  0.000000  0.000000
   C  -6.173642  -2.889413   0.000000    0.000000  0.000000  0.000000
   C  -4.940069  -0.716689   0.000000    0.000000  0.000000  0.000000
   C  -3.698169   1.425571   0.000000    0.000000  0.000000  0.000000
   C  -2.466015   3.560923   0.000000    0.000000 -0.000000  0.000000
   C  -1.226334   5.685080   0.000000    0.000000  0.000000  0.000000
   C  -4.910090  -5.019617   0.000000    0.000000  0.000000  0.000000
   C  -3.694845  -2.860312   0.000000    0.000000  0.000000  0.000000
   C  -2.471779  -0.716540   0.000000    0.000000  0.000000  0.000000
   C  -1.232423   1.423207   0.000000    0.000000  0.000000  0.000000
   C   0.000000   3.557079   0.000000    0.000000  0.000000  0.000000
   C   1.226334   5.685080   0.000000    0.000000  0.000000  0.000000
   C  -2.457224  -5.005715   0.000000    0.000000  0.000000  0.000000
   C  -1.230705  -2.851907   0.000000    0.000000  0.000000  0.000000
   C   0.000000  -0.715809   0.000000    0.000000  0.000000  0.000000
   C   1.232423   1.423207   0.000000    0.000000  0.000000  0.000000
   C   2.466015   3.560923   0.000000    0.000000 -0.000000  0.000000
   C   3.678966   5.694052   0.000000    0.000000  0.000000  0.000000
   C   0.000000  -5.003169   0.000000    0.000000  0.000000  0.000000
   C   1.230705  -2.851907   0.000000    0.000000  0.000000  0.000000
   C   2.471779  -0.716540   0.000000    0.000000  0.000000  0.000000
   C   3.698169   1.425571   0.000000    0.000000  0.000000  0.000000
   C   4.928214   3.580071   0.000000    0.000000 -0.000000  0.000000
   C   6.138515   5.727246   0.000000    0.000000  0.000000  0.000000
   C   2.457224  -5.005715   0.000000    0.000000  0.000000  0.000000
   C   3.694845  -2.860312   0.000000    0.000000  0.000000  0.000000
   C   4.940069  -0.716689   0.000000    0.000000  0.000000  0.000000
   C   6.173475   1.431785   0.000000   -0.000000  0.000000  0.000000
   C   7.358051   3.642635   0.000000   -0.000000  0.000000  0.000000
   N   4.910090  -5.019617   0.000000    0.000000  0.000000  0.000000
   C   6.173642  -2.889413   0.000000    0.000000  0.000000  0.000000
   C   7.365228  -0.691139   0.000000    0.000000  0.000000  0.000000
   C   7.338226  -5.042760   0.000000    0.000000  0.000000  0.000000
   H   8.282184   5.591425   0.000000    0.000000 -0.000000  0.000000
   H   8.325741   3.141106   0.000000    0.000000  0.000000  0.000000
   H   8.326715   1.204661   0.000000    0.000000  0.000000  0.000000
   H   8.326715  -1.204661   0.000000    0.000000  0.000000  0.000000
   H   8.325741  -3.141106   0.000000    0.000000  0.000000  0.000000
   H   8.282184  -5.591425   0.000000    0.000000  0.000000  0.000000
   H  -8.282184   5.591425   0.000000    0.000000 -0.000000  0.000000
   H  -8.325741   3.141106   0.000000    0.000000  0.000000  0.000000
   H  -8.326715   1.204661   0.000000    0.000000  0.000000  0.000000
   H  -8.326715  -1.204661   0.000000    0.000000  0.000000  0.000000
   H  -8.325741  -3.141106   0.000000    0.000000  0.000000  0.000000
   H  -8.282184  -5.591425   0.000000    0.000000  0.000000  0.000000
   H  -6.116625   6.819427   0.000000    0.000000  0.000000  0.000000
   H  -3.672757   6.787431   0.000000    0.000000  0.000000  0.000000
   H  -1.225580   6.778408   0.000000    0.000000 -0.000000  0.000000
   H   1.225580   6.778408   0.000000    0.000000 -0.000000  0.000000
   H   3.672757   6.787431   0.000000    0.000000  0.000000  0.000000
   H   6.116625   6.819427   0.000000   -0.000000  0.000000  0.000000
   H  -6.116625  -6.819427   0.000000    0.000000  0.000000  0.000000
   H  -3.672757  -6.787431   0.000000    0.000000  0.000000  0.000000
   H  -1.225580  -6.778408   0.000000    0.000000  0.000000  0.000000
   H   1.225580  -6.778408   0.000000    0.000000  0.000000  0.000000
   H   3.672757  -6.787431   0.000000    0.000000  0.000000  0.000000
   H   6.116625  -6.819427   0.000000   -0.000000  0.000000  0.000000
converged SCF energy = -3001.27159197379
--------------- ROKS_Scanner gradients ---------------
         x                y                z
0 C    -0.0036437259     0.0001848226    -0.0000000000
1 C    -0.0031646428    -0.0004190166    -0.0000000000
2 C     0.0019517587    -0.0054685308    -0.0000000000
3 C     0.0032803691     0.0041226932    -0.0000000000
4 C    -0.0039894675    -0.0041189831    -0.0000000000
5 C     0.0004493704    -0.0051766986    -0.0000000000
6 C     0.0017471794     0.0001116811    -0.0000000000
7 C    -0.0023373239    -0.0016726623     0.0000000000
8 C     0.0082657563     0.0013789927    -0.0000000000
9 C     0.0033307890    -0.0031259970     0.0000000000
10 C    -0.0017604494    -0.0003555997    -0.0000000000
11 C    -0.0030320742    -0.0016819461     0.0000000000
12 C     0.0026782238    -0.0019761082     0.0000000000
13 C    -0.0020336984     0.0005197687     0.0000000000
14 C    -0.0002233805    -0.0011211422     0.0000000000
15 C    -0.0017464153    -0.0037653925     0.0000000000
16 C     0.0006796261     0.0002874895     0.0000000000
17 C    -0.0033885820    -0.0007299479    -0.0000000000
18 C    -0.0003777921    -0.0021917962     0.0000000000
19 C     0.0020018961     0.0005862842     0.0000000000
20 C    -0.0081399362     0.0009202867    -0.0000000000
21 C    -0.0094709401    -0.0049140122     0.0000000000
22 C     0.0007038385     0.0015526235    -0.0000000000
23 C    -0.0021411887    -0.0006238202    -0.0000000000
24 C    -0.0033328099    -0.0021844296    -0.0000000000
25 C     0.0017725193    -0.0015372713    -0.0000000000
26 C    -0.0029195740     0.0039165723    -0.0000000000
27 C    -0.0207456846    -0.0021794442     0.0000000000
28 C    -0.0035584555    -0.0040088329    -0.0000000000
29 C    -0.0024642762     0.0010545920    -0.0000000000
30 C    -0.0023151252    -0.0001415247    -0.0000000000
31 C    -0.0018062213    -0.0058791812    -0.0000000000
32 C     0.0033942707     0.0002817818    -0.0000000000
33 C    -0.0335742744    -0.0170084527     0.0000000000
34 C    -0.0113051705     0.0124051491    -0.0000000000
35 C     0.0052171079    -0.0044781276    -0.0000000000
36 C     0.0020342937     0.0010943367    -0.0000000000
37 C     0.0078640112    -0.0156006760     0.0000000000
38 C    -0.0070592291     0.0023472237    -0.0000000000
39 C    -0.0034945605     0.0011479931     0.0000000000
40 C     0.0003555644     0.0026321936     0.0000000000
41 C    -0.0027944590     0.0001905284     0.0000000000
42 C     0.0001599829     0.0055023288     0.0000000000
43 C     0.0005194024    -0.0025922790     0.0000000000
44 C    -0.0065731256     0.0016696400     0.0000000000
45 C    -0.0050095821     0.0020861922    -0.0000000000
46 C     0.0035229462     0.0065687928     0.0000000000
47 C     0.0017951938    -0.0007036245     0.0000000000
48 C    -0.0025433080     0.0014774984    -0.0000000000
49 C     0.0028018451     0.0002041777     0.0000000000
50 C    -0.0048153545    -0.0008760284     0.0000000000
51 C    -0.0020744901    -0.0020011864     0.0000000000
52 C     0.0021248756     0.0029428504    -0.0000000000
53 C     0.0031447073     0.0016292879    -0.0000000000
54 C    -0.0011387406    -0.0010406552    -0.0000000000
55 C     0.0000885749     0.0025385041    -0.0000000000
56 C     0.0050724120    -0.0008393712    -0.0000000000
57 C     0.0037110710     0.0001539130    -0.0000000000
58 C     0.0011988255     0.0003996635     0.0000000000
59 C     0.0025333602     0.0020291984     0.0000000000
60 C     0.0018627152    -0.0005832492    -0.0000000000
61 C    -0.0024946915     0.0002984644     0.0000000000
62 C     0.0063594633     0.0018799291     0.0000000000
63 C     0.0127876228     0.0027054655     0.0000000000
64 C     0.0006032732    -0.0008397886     0.0000000000
65 C     0.0018206862     0.0032014775     0.0000000000
66 C     0.0033685488     0.0015981228     0.0000000000
67 C    -0.0004344901    -0.0021101551     0.0000000000
68 C    -0.0003405116     0.0030444172     0.0000000000
69 C     0.0159951375     0.0025071689    -0.0000000000
70 C     0.0094582383     0.0074921365     0.0000000000
71 C    -0.0017656806     0.0007073742     0.0000000000
72 C     0.0009583302     0.0055650953     0.0000000000
73 C     0.0031219546     0.0014286907     0.0000000000
74 N     0.0160860216     0.0087459169     0.0000000000
75 C     0.0045603097     0.0145586553     0.0000000000
76 C     0.0006219312     0.0009981112     0.0000000000
77 C     0.0142537488    -0.0096179034    -0.0000000000
78 H     0.0050545861     0.0028855186     0.0000000000
79 H     0.0055048128    -0.0029911193    -0.0000000000
80 H     0.0055831573     0.0032325096     0.0000000000
81 H     0.0054644312    -0.0031365520    -0.0000000000
82 H     0.0064304171     0.0033889958     0.0000000000
83 H     0.0078892355    -0.0008105710     0.0000000000
84 H    -0.0050425450     0.0028515548     0.0000000000
85 H    -0.0055814214    -0.0029316241    -0.0000000000
86 H    -0.0054759479     0.0030206918     0.0000000000
87 H    -0.0056036938    -0.0029747969    -0.0000000000
88 H    -0.0054981740     0.0029269705     0.0000000000
89 H    -0.0049826821    -0.0028206815    -0.0000000000
90 H     0.0002719982     0.0058624103    -0.0000000000
91 H    -0.0000251931     0.0059116126    -0.0000000000
92 H    -0.0000699507     0.0059499247    -0.0000000000
93 H     0.0000378953     0.0059849725     0.0000000000
94 H     0.0000214456     0.0059644153    -0.0000000000
95 H    -0.0002769711     0.0058881284    -0.0000000000
96 H     0.0002603104    -0.0058617239     0.0000000000
97 H    -0.0000562276    -0.0059940998    -0.0000000000
98 H    -0.0001324476    -0.0061765814    -0.0000000000
99 H     0.0001752367    -0.0061918576    -0.0000000000
100 H    -0.0086399573    -0.0095454203    -0.0000000000
101 H     0.0084328782    -0.0095381507    -0.0000000000
----------------------------------------------
cycle 1: E = -3001.27159197  dE = -3001.27  norm(grad) = 0.079332

Geometry optimization cycle 2
Cartesian coordinates (Angstrom)
 Atom        New coordinates             dX        dY        dZ
   C  -7.277263   5.007931   0.000000    0.060962 -0.034829  0.000000
   C  -7.306959   0.685234   0.000000    0.058269 -0.005905  0.000000
   C  -6.126064   2.870518   0.000000    0.047578 -0.018895  0.000000
   C  -4.871855   4.982654  -0.000000    0.038235 -0.036963 -0.000000
   C  -7.299606  -3.615249   0.000000    0.058446  0.027386  0.000000
   C  -6.125323  -1.423181   0.000000    0.048152  0.008604  0.000000
   C  -4.902520   0.708978  -0.000000    0.037549 -0.007711 -0.000000
   C  -3.665848   2.839584  -0.000000    0.028997 -0.020728 -0.000000
   C  -2.441227   4.968213  -0.000000    0.015997 -0.037502 -0.000000
   C  -6.081562  -5.687910   0.000000    0.056953  0.039336  0.000000
   C  -4.886916  -3.560144  -0.000000    0.041298  0.019926 -0.000000
   C  -3.668981  -1.420487  -0.000000    0.029188  0.005084 -0.000000
   C  -2.454990   0.708741  -0.000000    0.016790 -0.007799 -0.000000
   C  -1.220474   2.830353  -0.000000    0.010231 -0.021554 -0.000000
   C   0.000483   4.966788  -0.000000    0.000483 -0.036381 -0.000000
   C  -3.635740  -5.655957  -0.000000    0.043226  0.038096 -0.000000
   C  -2.446122  -3.546158  -0.000000    0.019893  0.014764 -0.000000
   C  -1.222914  -1.420644  -0.000000    0.009509  0.002564 -0.000000
   C  -0.002314   0.709949  -0.000000   -0.002314 -0.005860 -0.000000
   C   1.221176   2.830160  -0.000000   -0.009528 -0.021747 -0.000000
   C   2.442590   4.967527  -0.000000   -0.014633 -0.038188 -0.000000
   C  -1.192661  -5.652568  -0.000000    0.033674  0.032512 -0.000000
   C  -0.000064  -3.547713  -0.000000   -0.000064  0.009366 -0.000000
   C   1.219498  -1.413729  -0.000000   -0.012925  0.009478 -0.000000
   C   2.451861   0.711268  -0.000000   -0.019918 -0.005272 -0.000000
   C   3.667741   2.837551  -0.000000   -0.027104 -0.022760 -0.000000
   C   4.874812   4.975653  -0.000000   -0.035279 -0.043964 -0.000000
   C   1.252713  -5.664121  -0.000000    0.026378  0.020959 -0.000000
   C   2.443510  -3.526002  -0.000000   -0.022505  0.034920 -0.000000
   C   3.666595  -1.413157  -0.000000   -0.031574  0.012414 -0.000000
   C   4.902015   0.707604  -0.000000   -0.038054 -0.009085 -0.000000
   C   6.130398   2.863808   0.000000   -0.043244 -0.025605  0.000000
   C   7.284066   4.997000   0.000000   -0.054160 -0.045760  0.000000
   C   3.674560  -5.601539  -0.000000   -0.004406  0.092514 -0.000000
   C   4.900707  -3.522667  -0.000000   -0.027507  0.057404 -0.000000
   C   6.120206  -1.427102   0.000000   -0.053269  0.004683  0.000000
   C   7.307638   0.674618   0.000000   -0.057590 -0.016521  0.000000
   C   5.994924  -5.617504   0.000000   -0.143591  0.109742  0.000000
   C   7.335478  -3.607004   0.000000   -0.022573  0.035631  0.000000
   C  -7.299811   3.616748   0.000000    0.058240 -0.025888  0.000000
   C  -6.088085   5.689449   0.000000    0.050431 -0.037796  0.000000
   C  -7.307057  -0.688391   0.000000    0.058171  0.002748  0.000000
   C  -6.124986   1.419060   0.000000    0.048489 -0.012725  0.000000
   C  -4.889958   3.556304  -0.000000    0.038256 -0.023767 -0.000000
   C  -3.646597   5.655042  -0.000000    0.032369 -0.039010 -0.000000
   C  -7.270416  -5.008253   0.000000    0.067810  0.034507  0.000000
   C  -6.124375  -2.874376   0.000000    0.049267  0.015037  0.000000
   C  -4.902176  -0.713866  -0.000000    0.037893  0.002823 -0.000000
   C  -3.669326   1.413478  -0.000000    0.028843 -0.012093 -0.000000
   C  -2.448277   3.534513  -0.000000    0.017737 -0.026410 -0.000000
   C  -1.214622   5.646792  -0.000000    0.011713 -0.038288 -0.000000
   C  -4.859298  -4.987024   0.000000    0.050792  0.032593  0.000000
   C  -3.665492  -2.847382  -0.000000    0.029353  0.012930 -0.000000
   C  -2.454326  -0.716898  -0.000000    0.017453 -0.000359 -0.000000
   C  -1.224547   1.412507  -0.000000    0.007876 -0.010700 -0.000000
   C   0.000562   3.529730  -0.000000    0.000562 -0.027348 -0.000000
   C   1.216006   5.646210  -0.000000   -0.010328 -0.038870 -0.000000
   C  -2.421544  -4.979657  -0.000000    0.035679  0.026058 -0.000000
   C  -1.221308  -2.842094  -0.000000    0.009397  0.009813 -0.000000
   C  -0.004777  -0.713618  -0.000000   -0.004777  0.002191 -0.000000
   C   1.220235   1.412571  -0.000000   -0.012188 -0.010636 -0.000000
   C   2.450035   3.533550  -0.000000   -0.015980 -0.027372 -0.000000
   C   3.650759   5.650296  -0.000000   -0.028207 -0.043756 -0.000000
   C   0.021691  -4.987112  -0.000000    0.021691  0.016056 -0.000000
   C   1.213850  -2.831520  -0.000000   -0.016855  0.020387 -0.000000
   C   2.447975  -0.712617  -0.000000   -0.023805  0.003922 -0.000000
   C   3.668039   1.412570  -0.000000   -0.030130 -0.013001 -0.000000
   C   4.894036   3.549943  -0.000000   -0.034178 -0.030127 -0.000000
   C   6.093997   5.677469   0.000000   -0.044518 -0.049777  0.000000
   C   2.437892  -4.957266  -0.000000   -0.019332  0.048449 -0.000000
   C   3.659961  -2.832826  -0.000000   -0.034884  0.027486 -0.000000
   C   4.900600  -0.713889  -0.000000   -0.039469  0.002799 -0.000000
   C   6.126433   1.412704   0.000000   -0.047042 -0.019081  0.000000
   C   7.306841   3.606030   0.000000   -0.051210 -0.036605  0.000000
   N   4.824166  -4.912226  -0.000000   -0.085925  0.107391 -0.000000
   C   6.147729  -2.874092   0.000000   -0.025913  0.015321  0.000000
   C   7.306623  -0.697851   0.000000   -0.058605 -0.006712  0.000000
   C   7.199276  -4.983616   0.000000   -0.138949  0.059143  0.000000
   H   8.219823   5.542061   0.000000   -0.062361 -0.049364  0.000000
   H   8.266126   3.108973   0.000000   -0.059614 -0.032133  0.000000
   H   8.262007   1.180652   0.000000   -0.064708 -0.024009  0.000000
   H   8.258851  -1.208383   0.000000   -0.067864 -0.003722  0.000000
   H   8.310501  -3.145131   0.000000   -0.015240 -0.004025  0.000000
   H   8.087122  -5.599900   0.000000   -0.195063 -0.008475  0.000000
   H  -8.213290   5.552614   0.000000    0.068895 -0.038811  0.000000
   H  -8.259581   3.120761   0.000000    0.066160 -0.020345  0.000000
   H  -8.260206   1.194008   0.000000    0.066509 -0.010653  0.000000
   H  -8.260060  -1.197325   0.000000    0.066655  0.007336  0.000000
   H  -8.259815  -3.119862   0.000000    0.065926  0.021244  0.000000
   H  -8.204957  -5.555683   0.000000    0.077227  0.035742  0.000000
   H  -6.066433   6.772644   0.000000    0.050192 -0.046783  0.000000
   H  -3.637798   6.739315  -0.000000    0.034959 -0.048116 -0.000000
   H  -1.212415   6.730973  -0.000000    0.013165 -0.047435 -0.000000
   H   1.214338   6.730339  -0.000000   -0.011242 -0.048069 -0.000000
   H   3.644894   6.734508  -0.000000   -0.027863 -0.052923 -0.000000
   H   6.074071   6.760657   0.000000   -0.042554 -0.058770  0.000000
   H  -6.062384  -6.771153   0.000000    0.054241  0.048274  0.000000
   H  -3.631135  -6.740129  -0.000000    0.041622  0.047302 -0.000000
   H  -1.192495  -6.736404  -0.000000    0.033085  0.042004 -0.000000
   H   1.271367  -6.747772  -0.000000    0.045787  0.030636 -0.000000
   H   3.766816  -6.676234  -0.000000    0.094059  0.111198 -0.000000
   H   5.884679  -6.689900   0.000000   -0.231946  0.129527  0.000000
converged SCF energy = -3001.28849194759
--------------- ROKS_Scanner gradients ---------------
         x                y                z
0 C     0.0016566765    -0.0014128687    -0.0000000000
1 C     0.0003025694    -0.0010257761    -0.0000000000
2 C     0.0008313987    -0.0008035776    -0.0000000000
3 C     0.0008471643     0.0002806900    -0.0000000000
4 C    -0.0020153176    -0.0008625006     0.0000000000
5 C    -0.0003635541    -0.0012034596     0.0000000000
6 C     0.0003053442     0.0000269186    -0.0000000000
7 C    -0.0009996662    -0.0003104625    -0.0000000000
8 C     0.0016612559    -0.0008116960     0.0000000000
9 C     0.0006190897     0.0006879319    -0.0000000000
10 C    -0.0018700482    -0.0002264212     0.0000000000
11 C    -0.0015873527    -0.0007408148    -0.0000000000
12 C     0.0007189110    -0.0006138565    -0.0000000000
13 C    -0.0005227833     0.0003131888    -0.0000000000
14 C    -0.0002466833    -0.0016151510    -0.0000000000
15 C    -0.0014865846     0.0019833587    -0.0000000000
16 C    -0.0018634216    -0.0005634061     0.0000000000
17 C    -0.0019250530    -0.0004900127     0.0000000000
18 C     0.0004424933    -0.0006130302     0.0000000000
19 C     0.0010858417     0.0003546528    -0.0000000000
20 C    -0.0023092778    -0.0005247334     0.0000000000
21 C    -0.0039307918     0.0016264029     0.0000000000
22 C    -0.0032015955    -0.0013067516     0.0000000000
23 C     0.0004753296     0.0003374876     0.0000000000
24 C    -0.0006002107    -0.0006091037     0.0000000000
25 C     0.0009106027     0.0000031231     0.0000000000
26 C    -0.0018111784     0.0004644279    -0.0000000000
27 C    -0.0042859892    -0.0055499882     0.0000000000
28 C    -0.0020648109    -0.0011272468     0.0000000000
29 C     0.0017497148     0.0000747971     0.0000000000
30 C    -0.0011012392    -0.0001640593    -0.0000000000
31 C    -0.0007610431    -0.0005871627    -0.0000000000
32 C    -0.0015071592    -0.0012116304    -0.0000000000
33 C    -0.0000830639    -0.0077569790     0.0000000000
34 C     0.0060696860     0.0063263417     0.0000000000
35 C    -0.0020823415    -0.0037484994    -0.0000000000
36 C    -0.0013086757    -0.0010769384    -0.0000000000
37 C    -0.0091236589    -0.0010027976    -0.0000000000
38 C     0.0110083016     0.0025265298     0.0000000000
39 C    -0.0002889959     0.0008173957     0.0000000000
40 C     0.0000387967     0.0005161403     0.0000000000
41 C     0.0004800174     0.0011784266    -0.0000000000
42 C     0.0004070082     0.0010760254     0.0000000000
43 C     0.0002490061    -0.0010949116     0.0000000000
44 C    -0.0019214325     0.0002348833    -0.0000000000
45 C     0.0015839041     0.0023420843    -0.0000000000
46 C     0.0028465887     0.0007876420    -0.0000000000
47 C     0.0005240025    -0.0000171360     0.0000000000
48 C    -0.0007614101     0.0006535721     0.0000000000
49 C     0.0011888767    -0.0004585638     0.0000000000
50 C    -0.0016012543    -0.0003477907    -0.0000000000
51 C     0.0006891049    -0.0012328413    -0.0000000000
52 C     0.0011239200     0.0011647181     0.0000000000
53 C     0.0013412412     0.0005653546     0.0000000000
54 C    -0.0009130772    -0.0002591087     0.0000000000
55 C     0.0002791057     0.0006498920     0.0000000000
56 C     0.0014516558    -0.0005273909     0.0000000000
57 C     0.0046795964    -0.0018925467     0.0000000000
58 C    -0.0001817534     0.0007143944    -0.0000000000
59 C     0.0006206267     0.0004123574    -0.0000000000
60 C     0.0001965452    -0.0002577869    -0.0000000000
61 C    -0.0007278719    -0.0001691131    -0.0000000000
62 C     0.0020962837    -0.0000868110    -0.0000000000
63 C     0.0107346480     0.0002002825    -0.0000000000
64 C    -0.0015655595    -0.0011301797    -0.0000000000
65 C    -0.0003966074     0.0004208459    -0.0000000000
66 C     0.0011506781     0.0007712426    -0.0000000000
67 C     0.0002418240    -0.0012312432    -0.0000000000
68 C     0.0000305930    -0.0003950638     0.0000000000
69 C     0.0054943660     0.0076377593    -0.0000000000
70 C     0.0010029334    -0.0041746675    -0.0000000000
71 C    -0.0005585350     0.0012030781    -0.0000000000
72 C     0.0000485917     0.0011901236     0.0000000000
73 C     0.0006734126     0.0006434643     0.0000000000
74 N    -0.0063678373     0.0067064229    -0.0000000000
75 C     0.0042491522    -0.0058098968    -0.0000000000
76 C    -0.0005895399    -0.0000954108     0.0000000000
77 C    -0.0113756055     0.0066567320    -0.0000000000
78 H    -0.0003449676    -0.0002529118     0.0000000000
79 H    -0.0002214257    -0.0000212647    -0.0000000000
80 H    -0.0003488163    -0.0002847992     0.0000000000
81 H    -0.0000529965    -0.0000573545    -0.0000000000
82 H     0.0014264818     0.0007438327     0.0000000000
83 H    -0.0006892301     0.0024616995     0.0000000000
84 H     0.0004299390    -0.0001585062     0.0000000000
85 H     0.0003301179    -0.0000479880    -0.0000000000
86 H     0.0003436256    -0.0000224898     0.0000000000
87 H     0.0003445265     0.0000006229     0.0000000000
88 H     0.0001680471     0.0002693627    -0.0000000000
89 H     0.0003842644     0.0003242392     0.0000000000
90 H     0.0000740391    -0.0001698600     0.0000000000
91 H     0.0001834796    -0.0001478382     0.0000000000
92 H     0.0001335841    -0.0001455294     0.0000000000
93 H    -0.0001452737    -0.0001660229    -0.0000000000
94 H    -0.0002376957    -0.0002036516     0.0000000000
95 H    -0.0001436901    -0.0002971696     0.0000000000
96 H     0.0001901483     0.0003471331     0.0000000000
97 H     0.0003416876     0.0005369439     0.0000000000
98 H     0.0007103065     0.0006655387     0.0000000000
99 H     0.0007331216    -0.0003730336    -0.0000000000
100 H    -0.0001195114     0.0001000011    -0.0000000000
101 H    -0.0013026487     0.0004784267    -0.0000000000
----------------------------------------------
cycle 2: E = -3001.28849195  dE = -0.0169  norm(grad) = 0.0339833

Geometry optimization cycle 3
Cartesian coordinates (Angstrom)
 Atom        New coordinates             dX        dY        dZ
   C  -7.287177   5.010506   0.000000   -0.009914  0.002575 -0.000000
   C  -7.309001   0.684313   0.000000   -0.002042 -0.000921 -0.000000
   C  -6.130541   2.872886   0.000000   -0.004478  0.002368 -0.000000
   C  -4.875902   4.983318  -0.000000   -0.004046  0.000664 -0.000000
   C  -7.295377  -3.629205   0.000000    0.004229 -0.013957  0.000000
   C  -6.128192  -1.423023   0.000000   -0.002869  0.000159  0.000000
   C  -4.905925   0.711630  -0.000000   -0.003405  0.002652  0.000000
   C  -3.668485   2.844170  -0.000000   -0.002637  0.004586  0.000000
   C  -2.442675   4.973413  -0.000000   -0.001449  0.005199 -0.000000
   C  -6.083638  -5.692659   0.000000   -0.002076 -0.004750  0.000000
   C  -4.888711  -3.557388   0.000000   -0.001795  0.002756  0.000000
   C  -3.671169  -1.415250  -0.000000   -0.002188  0.005237  0.000000
   C  -2.458273   0.715682  -0.000000   -0.003283  0.006941  0.000000
   C  -1.222804   2.836883  -0.000000   -0.002330  0.006530  0.000000
   C   0.002674   4.972533  -0.000000    0.002191  0.005745  0.000000
   C  -3.641472  -5.653808  -0.000000   -0.005732  0.002149  0.000000
   C  -2.449128  -3.538000  -0.000000   -0.003006  0.008159  0.000000
   C  -1.225347  -1.411211  -0.000000   -0.002432  0.009433  0.000000
   C  -0.005398   0.717628  -0.000000   -0.003083  0.007679  0.000000
   C   1.218742   2.834252  -0.000000   -0.002434  0.004093  0.000000
   C   2.447925   4.968926  -0.000000    0.005334  0.001399  0.000000
   C  -1.201144  -5.646695  -0.000000   -0.008483  0.005874 -0.000000
   C  -0.005208  -3.533952  -0.000000   -0.005144  0.013761 -0.000000
   C   1.215111  -1.406930  -0.000000   -0.004387  0.006800 -0.000000
   C   2.449443   0.713806  -0.000000   -0.002418  0.002538  0.000000
   C   3.665985   2.836918  -0.000000   -0.001756 -0.000634  0.000000
   C   4.882349   4.972636   0.000000    0.007538 -0.003017  0.000000
   C   1.249781  -5.634604  -0.000000   -0.002932  0.029516 -0.000000
   C   2.434740  -3.523556  -0.000000   -0.008769  0.002447 -0.000000
   C   3.660148  -1.415723  -0.000000   -0.006446 -0.002566 -0.000000
   C   4.900165   0.704455  -0.000000   -0.001850 -0.003149  0.000000
   C   6.128834   2.858822   0.000000   -0.001564 -0.004986  0.000000
   C   7.292964   4.992036   0.000000    0.008898 -0.004964  0.000000
   C   3.701474  -5.579132  -0.000000    0.026915  0.022407 -0.000000
   C   4.878169  -3.547828  -0.000000   -0.022538 -0.025162 -0.000000
   C   6.112210  -1.429064   0.000000   -0.007996 -0.001961  0.000000
   C   7.307254   0.667194   0.000000   -0.000384 -0.007425  0.000000
   C   6.062480  -5.628839   0.000000    0.067556 -0.011335 -0.000000
   C   7.285246  -3.631917   0.000000   -0.050233 -0.024913 -0.000000
   C  -7.303235   3.619138   0.000000   -0.003424  0.002390 -0.000000
   C  -6.094643   5.685289  -0.000000   -0.006559 -0.004161 -0.000000
   C  -7.309791  -0.689544   0.000000   -0.002734 -0.001153  0.000000
   C  -6.128949   1.419867   0.000000   -0.003964  0.000807  0.000000
   C  -4.894197   3.558892  -0.000000   -0.004239  0.002588 -0.000000
   C  -3.648899   5.655568  -0.000000   -0.002302  0.000526 -0.000000
   C  -7.276615  -5.023340   0.000000   -0.006199 -0.015087  0.000000
   C  -6.129360  -2.876693   0.000000   -0.004984 -0.002317  0.000000
   C  -4.906122  -0.711327  -0.000000   -0.003946  0.002539  0.000000
   C  -3.672637   1.417785  -0.000000   -0.003311  0.004307  0.000000
   C  -2.452050   3.540289  -0.000000   -0.003772  0.005776  0.000000
   C  -1.213052   5.650633  -0.000000    0.001570  0.003842  0.000000
   C  -4.864834  -4.984301   0.000000   -0.005536  0.002723  0.000000
   C  -3.669652  -2.842654  -0.000000   -0.004159  0.004728  0.000000
   C  -2.458520  -0.710049  -0.000000   -0.004194  0.006849  0.000000
   C  -1.227184   1.419801  -0.000000   -0.002637  0.007294  0.000000
   C  -0.001172   3.535004  -0.000000   -0.001734  0.005273  0.000000
   C   1.219624   5.648446  -0.000000    0.003618  0.002236  0.000000
   C  -2.431936  -4.971642  -0.000000   -0.010392  0.008015  0.000000
   C  -1.226037  -2.831819  -0.000000   -0.004729  0.010275  0.000000
   C  -0.008340  -0.705601  -0.000000   -0.003563  0.008017  0.000000
   C   1.218093   1.417366  -0.000000   -0.002142  0.004795  0.000000
   C   2.450112   3.535296  -0.000000    0.000078  0.001746  0.000000
   C   3.656684   5.647097  -0.000000    0.005926 -0.003199  0.000000
   C   0.004845  -4.971547  -0.000000   -0.016846  0.015565 -0.000000
   C   1.210026  -2.823053  -0.000000   -0.003824  0.008468  0.000000
   C   2.444449  -0.710472  -0.000000   -0.003526  0.002145  0.000000
   C   3.666114   1.411535  -0.000000   -0.001925 -0.001035  0.000000
   C   4.893976   3.547964  -0.000000   -0.000060 -0.001979  0.000000
   C   6.103029   5.671618   0.000000    0.009032 -0.005851  0.000000
   C   2.447140  -4.954055  -0.000000    0.009249  0.003211 -0.000000
   C   3.647652  -2.836531  -0.000000   -0.012309 -0.003705 -0.000000
   C   4.894640  -0.717030  -0.000000   -0.005960 -0.003140  0.000000
   C   6.126196   1.405953   0.000000   -0.000237 -0.006750  0.000000
   C   7.304223   3.600767   0.000000   -0.002618 -0.005263  0.000000
   N   4.875508  -4.938108  -0.000000    0.051342 -0.025881 -0.000000
   C   6.109041  -2.880348   0.000000   -0.038688 -0.006256 -0.000000
   C   7.302604  -0.705785   0.000000   -0.004019 -0.007934 -0.000000
   C   7.274968  -5.016080   0.000000    0.075692 -0.032463 -0.000000
   H   8.230085   5.533368   0.000000    0.010262 -0.008693  0.000000
   H   8.260917   3.101048   0.000000   -0.005210 -0.007925  0.000000
   H   8.261574   1.171616   0.000000   -0.000433 -0.009037  0.000000
   H   8.251993  -1.218886   0.000000   -0.006858 -0.010503 -0.000000
   H   8.239245  -3.135534   0.000000   -0.071256  0.009597 -0.000000
   H   8.179347  -5.609508   0.000000    0.092225 -0.009608 -0.000000
   H  -8.222606   5.554916   0.000000   -0.009317  0.002303 -0.000000
   H  -8.261595   3.122549   0.000000   -0.002014  0.001788 -0.000000
   H  -8.262175   1.191280   0.000000   -0.001970 -0.002728 -0.000000
   H  -8.262314  -1.197374   0.000000   -0.002253 -0.000049  0.000000
   H  -8.256073  -3.137523   0.000000    0.003742 -0.017661  0.000000
   H  -8.210225  -5.571203   0.000000   -0.005268 -0.015520  0.000000
   H  -6.072716   6.767458  -0.000000   -0.006282 -0.005186 -0.000000
   H  -3.642465   6.738799  -0.000000   -0.004667 -0.000517 -0.000000
   H  -1.211267   6.733747  -0.000000    0.001148  0.002774 -0.000000
   H   1.220153   6.731525  -0.000000    0.005815  0.001187  0.000000
   H   3.653420   6.730319  -0.000000    0.008526 -0.004189  0.000000
   H   6.085055   6.753971   0.000000    0.010984 -0.006686  0.000000
   H  -6.058195  -6.774970   0.000000    0.004189 -0.003818  0.000000
   H  -3.636053  -6.737382  -0.000000   -0.004918  0.002747  0.000000
   H  -1.200279  -6.730058  -0.000000   -0.007784  0.006346 -0.000000
   H   1.260117  -6.716591  -0.000000   -0.011250  0.031181 -0.000000
   H   3.790285  -6.652233  -0.000000    0.023469  0.024000 -0.000000
   H   5.950901  -6.699552   0.000000    0.066221 -0.009653 -0.000000
converged SCF energy = -3001.28791879794
--------------- ROKS_Scanner gradients ---------------
         x                y                z
0 C    -0.0010365010     0.0005239884     0.0000000000
1 C     0.0006816513    -0.0009947905     0.0000000000
2 C     0.0002049022    -0.0002897561     0.0000000000
3 C     0.0008519046     0.0006356145    -0.0000000000
4 C     0.0027361582    -0.0027635029    -0.0000000000
5 C     0.0010577974     0.0002556073    -0.0000000000
6 C     0.0003092097     0.0000152484     0.0000000000
7 C    -0.0000193850     0.0000405863    -0.0000000000
8 C     0.0007451282     0.0001336350    -0.0000000000
9 C     0.0003059626     0.0013974016    -0.0000000000
10 C     0.0000078201     0.0005429177    -0.0000000000
11 C     0.0001095844    -0.0002416477    -0.0000000000
12 C     0.0006097822     0.0001241880    -0.0000000000
13 C    -0.0000421495     0.0001620715    -0.0000000000
14 C     0.0003817527    -0.0001741005     0.0000000000
15 C    -0.0005902552    -0.0001496485     0.0000000000
16 C     0.0003828726     0.0006152182    -0.0000000000
17 C     0.0003961103     0.0002076168     0.0000000000
18 C     0.0002044953     0.0000848306     0.0000000000
19 C     0.0001296186    -0.0000061058     0.0000000000
20 C    -0.0000433355     0.0003086922     0.0000000000
21 C    -0.0019269399    -0.0005598645     0.0000000000
22 C     0.0007503790     0.0001723565     0.0000000000
23 C     0.0002856377     0.0005610455     0.0000000000
24 C    -0.0005733175    -0.0000181795     0.0000000000
25 C     0.0001715615    -0.0003715767     0.0000000000
26 C     0.0001260762     0.0006784639     0.0000000000
27 C    -0.0023943236     0.0051788038     0.0000000000
28 C    -0.0024879853    -0.0025351468     0.0000000000
29 C    -0.0004750153    -0.0000176665     0.0000000000
30 C     0.0001663326    -0.0001846066     0.0000000000
31 C    -0.0006474892    -0.0004469814     0.0000000000
32 C     0.0007627597     0.0003043116     0.0000000000
33 C     0.0023096583     0.0157286199    -0.0000000000
34 C    -0.0098547364    -0.0070311139     0.0000000000
35 C    -0.0007778041     0.0014426801     0.0000000000
36 C     0.0000466304    -0.0006630408     0.0000000000
37 C     0.0030055102     0.0140578775     0.0000000000
38 C    -0.0148526991    -0.0064306814     0.0000000000
39 C     0.0012798902     0.0010800486    -0.0000000000
40 C    -0.0001731060    -0.0022715987     0.0000000000
41 C    -0.0000595094     0.0005279394    -0.0000000000
42 C     0.0001652575     0.0000186000    -0.0000000000
43 C    -0.0003338235    -0.0001263979     0.0000000000
44 C    -0.0003324856    -0.0010004596     0.0000000000
45 C    -0.0018741221    -0.0005544690     0.0000000000
46 C    -0.0004844271     0.0011167868     0.0000000000
47 C    -0.0003103968     0.0000958385    -0.0000000000
48 C    -0.0005091918     0.0002086668     0.0000000000
49 C    -0.0001378572     0.0002045326     0.0000000000
50 C    -0.0003108703    -0.0005715319     0.0000000000
51 C    -0.0001231505    -0.0000348579    -0.0000000000
52 C    -0.0002954927     0.0002498130     0.0000000000
53 C     0.0000713430     0.0000181802    -0.0000000000
54 C    -0.0005397628     0.0000658274     0.0000000000
55 C    -0.0003117914     0.0006249227    -0.0000000000
56 C     0.0002778790    -0.0005818234    -0.0000000000
57 C     0.0004330810     0.0000955696    -0.0000000000
58 C    -0.0006865676    -0.0002192872    -0.0000000000
59 C     0.0000092206     0.0004404512    -0.0000000000
60 C     0.0000830886    -0.0001080217    -0.0000000000
61 C    -0.0005381798     0.0002538696    -0.0000000000
62 C     0.0003944851    -0.0011229302    -0.0000000000
63 C    -0.0014485956    -0.0003144506    -0.0000000000
64 C     0.0005744580     0.0010198521    -0.0000000000
65 C    -0.0005977970     0.0000227385    -0.0000000000
66 C     0.0003096388    -0.0001710367    -0.0000000000
67 C    -0.0003437221     0.0001460420    -0.0000000000
68 C     0.0002751257    -0.0014336940    -0.0000000000
69 C     0.0021563372    -0.0026919767    -0.0000000000
70 C     0.0001165173     0.0024517322    -0.0000000000
71 C    -0.0003906444    -0.0005186124    -0.0000000000
72 C     0.0002910479    -0.0002183161    -0.0000000000
73 C    -0.0014209865     0.0009606672    -0.0000000000
74 N     0.0078179043    -0.0126557631     0.0000000000
75 C    -0.0021503498     0.0041387568    -0.0000000000
76 C     0.0005082324     0.0005386071    -0.0000000000
77 C     0.0128203643    -0.0104799366     0.0000000000
78 H    -0.0006184702    -0.0003005591    -0.0000000000
79 H    -0.0010092036     0.0005838323     0.0000000000
80 H    -0.0008166423    -0.0004897042    -0.0000000000
81 H    -0.0007900203     0.0004291941     0.0000000000
82 H    -0.0023076437    -0.0023002437    -0.0000000000
83 H     0.0007247341    -0.0010396410     0.0000000000
84 H     0.0005360192    -0.0003312020    -0.0000000000
85 H     0.0009873024     0.0006258324     0.0000000000
86 H     0.0009249229    -0.0004967255    -0.0000000000
87 H     0.0009274978     0.0005735619     0.0000000000
88 H     0.0013239928    -0.0008284228     0.0000000000
89 H     0.0005830185     0.0000266122    -0.0000000000
90 H    -0.0000648471    -0.0011415036    -0.0000000000
91 H     0.0002120755    -0.0010022741    -0.0000000000
92 H     0.0001746185    -0.0009598540    -0.0000000000
93 H    -0.0000784020    -0.0009542015     0.0000000000
94 H    -0.0001083334    -0.0010047118     0.0000000000
95 H     0.0001276841    -0.0009995901     0.0000000000
96 H    -0.0003234988     0.0009829348     0.0000000000
97 H     0.0000057007     0.0007607212    -0.0000000000
98 H     0.0001858880     0.0007378058    -0.0000000000
99 H     0.0006265841     0.0017791847    -0.0000000000
100 H     0.0022783362     0.0032599644     0.0000000000
101 H     0.0012655623     0.0025693230     0.0000000000
----------------------------------------------
cycle 3: E = -3001.2879188  dE = 0.00057315  norm(grad) = 0.0396618

Geometry optimization cycle 4
Cartesian coordinates (Angstrom)
 Atom        New coordinates             dX        dY        dZ
   C  -7.289871   5.012315   0.000000   -0.002694  0.001809 -0.000000
   C  -7.314668   0.685817   0.000000   -0.005667  0.001504  0.000000
   C  -6.134643   2.874088   0.000000   -0.004102  0.001202  0.000000
   C  -4.879871   4.986560  -0.000000   -0.003970  0.003242  0.000000
   C  -7.303674  -3.623238   0.000000   -0.008297  0.005967  0.000000
   C  -6.131602  -1.423304   0.000000   -0.003410 -0.000281  0.000000
   C  -4.908374   0.711094  -0.000000   -0.002449 -0.000536  0.000000
   C  -3.670541   2.844476  -0.000000   -0.002056  0.000306  0.000000
   C  -2.445370   4.975006  -0.000000   -0.002695  0.001593  0.000000
   C  -6.089699  -5.694666   0.000000   -0.006060 -0.002006  0.000000
   C  -4.891319  -3.560606   0.000000   -0.002608 -0.003218  0.000000
   C  -3.671693  -1.417900  -0.000000   -0.000524 -0.002650  0.000000
   C  -2.458138   0.713498  -0.000000    0.000135 -0.002184  0.000000
   C  -1.222738   2.835884  -0.000000    0.000066 -0.000999  0.000000
   C   0.001166   4.973832  -0.000000   -0.001508  0.001299  0.000000
   C  -3.644556  -5.659412  -0.000000   -0.003084 -0.005604  0.000000
   C  -2.448208  -3.542332  -0.000000    0.000920 -0.004333  0.000000
   C  -1.222698  -1.415610  -0.000000    0.002649 -0.004399  0.000000
   C  -0.002527   0.714483  -0.000000    0.002871 -0.003145  0.000000
   C   1.220904   2.834091  -0.000000    0.002162 -0.000162  0.000000
   C   2.447740   4.972289  -0.000000   -0.000185  0.003363  0.000000
   C  -1.202889  -5.652691  -0.000000   -0.001746 -0.005997  0.000000
   C  -0.000024  -3.540186  -0.000000    0.005183 -0.006234  0.000000
   C   1.221299  -1.412294  -0.000000    0.006188 -0.005364  0.000000
   C   2.454815   0.712448  -0.000000    0.005372 -0.001357  0.000000
   C   3.670201   2.840057  -0.000000    0.004216  0.003140  0.000000
   C   4.883260   4.979723   0.000000    0.000910  0.007087  0.000000
   C   1.246446  -5.648676  -0.000000   -0.003335 -0.014072  0.000000
   C   2.445324  -3.529965  -0.000000    0.010584 -0.006409  0.000000
   C   3.669892  -1.417847  -0.000000    0.009744 -0.002124  0.000000
   C   4.907329   0.707347  -0.000000    0.007165  0.002892  0.000000
   C   6.135494   2.866361   0.000000    0.006659  0.007540  0.000000
   C   7.294288   5.001962   0.000000    0.001324  0.009926  0.000000
   C   3.690558  -5.603047  -0.000000   -0.010916 -0.023915 -0.000000
   C   4.894773  -3.546406  -0.000000    0.016603  0.001422  0.000000
   C   6.125650  -1.425731   0.000000    0.013441  0.003332  0.000000
   C   7.316168   0.676190   0.000000    0.008914  0.008997  0.000000
   C   6.044521  -5.644043  -0.000000   -0.017959 -0.015204 -0.000000
   C   7.310117  -3.621830   0.000000    0.024871  0.010086 -0.000000
   C  -7.309045   3.619672   0.000000   -0.005810  0.000534  0.000000
   C  -6.098322   5.691305  -0.000000   -0.003678  0.006017 -0.000000
   C  -7.314243  -0.689264   0.000000   -0.004453  0.000280  0.000000
   C  -6.132600   1.420258   0.000000   -0.003651  0.000391  0.000000
   C  -4.897225   3.560639  -0.000000   -0.003027  0.001748  0.000000
   C  -3.651893   5.659025  -0.000000   -0.002995  0.003457  0.000000
   C  -7.280531  -5.018606   0.000000   -0.003916  0.004734 -0.000000
   C  -6.132452  -2.877306   0.000000   -0.003093 -0.000613  0.000000
   C  -4.907667  -0.712708  -0.000000   -0.001545 -0.001382  0.000000
   C  -3.673532   1.416849  -0.000000   -0.000895 -0.000936  0.000000
   C  -2.453012   3.540473  -0.000000   -0.000963  0.000184  0.000000
   C  -1.215169   5.652791  -0.000000   -0.002117  0.002157  0.000000
   C  -4.868444  -4.988432   0.000000   -0.003609 -0.004131  0.000000
   C  -3.670051  -2.846422  -0.000000   -0.000400 -0.003768  0.000000
   C  -2.457285  -0.713343  -0.000000    0.001235 -0.003294  0.000000
   C  -1.225543   1.417469  -0.000000    0.001641 -0.002332  0.000000
   C  -0.000441   3.534774  -0.000000    0.000731 -0.000230  0.000000
   C   1.218211   5.651322  -0.000000   -0.001413  0.002876  0.000000
   C  -2.434204  -4.976695  -0.000000   -0.002268 -0.005053  0.000000
   C  -1.222354  -2.837264  -0.000000    0.003683 -0.005446  0.000000
   C  -0.003898  -0.710277  -0.000000    0.004442 -0.004676  0.000000
   C   1.221671   1.415708  -0.000000    0.003577 -0.001658  0.000000
   C   2.452512   3.537239  -0.000000    0.002399  0.001943  0.000000
   C   3.656043   5.653466  -0.000000   -0.000642  0.006369  0.000000
   C   0.004686  -4.979244  -0.000000   -0.000159 -0.007697  0.000000
   C   1.217937  -2.830155  -0.000000    0.007911 -0.007103  0.000000
   C   2.451851  -0.713593  -0.000000    0.007402 -0.003121  0.000000
   C   3.671293   1.413175  -0.000000    0.005179  0.001639  0.000000
   C   4.898299   3.553742   0.000000    0.004323  0.005778  0.000000
   C   6.103223   5.682063   0.000000    0.000194  0.010445  0.000000
   C   2.442873  -4.964801  -0.000000   -0.004267 -0.010746  0.000000
   C   3.660273  -2.840505  -0.000000    0.012621 -0.003974  0.000000
   C   4.904825  -0.715834  -0.000000    0.010184  0.001195  0.000000
   C   6.132810   1.412646   0.000000    0.006614  0.006692  0.000000
   C   7.311474   3.609513   0.000000    0.007251  0.008746  0.000000
   N   4.861049  -4.942133  -0.000000   -0.014459 -0.004025 -0.000000
   C   6.129382  -2.877846   0.000000    0.020341  0.002502  0.000000
   C   7.314121  -0.697790   0.000000    0.011517  0.007995  0.000000
   C   7.247764  -5.005951   0.000000   -0.027205  0.010129 -0.000000
   H   8.230968   5.545645   0.000000    0.000883  0.012277  0.000000
   H   8.270273   3.111503   0.000000    0.009357  0.010455  0.000000
   H   8.270226   1.183219   0.000000    0.008652  0.011604 -0.000000
   H   8.265701  -1.208732   0.000000    0.013708  0.010154 -0.000000
   H   8.272799  -3.137817   0.000000    0.033554 -0.002283 -0.000000
   H   8.147274  -5.606617   0.000000   -0.032073  0.002891 -0.000000
   H  -8.226182   5.556729   0.000000   -0.003576  0.001812 -0.000000
   H  -8.268599   3.123019   0.000000   -0.007004  0.000470  0.000000
   H  -8.268615   1.193509   0.000000   -0.006440  0.002229  0.000000
   H  -8.267419  -1.198101   0.000000   -0.005105 -0.000727  0.000000
   H  -8.264733  -3.129436   0.000000   -0.008661  0.008087  0.000000
   H  -8.215530  -5.565478   0.000000   -0.005305  0.005725 -0.000000
   H  -6.076945   6.774531  -0.000000   -0.004230  0.007073 -0.000000
   H  -3.645271   6.743218  -0.000000   -0.002806  0.004419  0.000000
   H  -1.213694   6.736845  -0.000000   -0.002428  0.003098  0.000000
   H   1.218040   6.735343  -0.000000   -0.002114  0.003817  0.000000
   H   3.651442   6.737658  -0.000000   -0.001978  0.007338  0.000000
   H   6.083736   6.765366   0.000000   -0.001318  0.011395  0.000000
   H  -6.067608  -6.778024   0.000000   -0.009413 -0.003053 -0.000000
   H  -3.639663  -6.743856  -0.000000   -0.003610 -0.006473  0.000000
   H  -1.203772  -6.736932  -0.000000   -0.003494 -0.006874  0.000000
   H   1.253905  -6.732070  -0.000000   -0.006211 -0.015479  0.000000
   H   3.775074  -6.678911  -0.000000   -0.015212 -0.026678 -0.000000
   H   5.939030  -6.717575  -0.000000   -0.011870 -0.018023 -0.000000
converged SCF energy = -3001.29061607548
--------------- ROKS_Scanner gradients ---------------
         x                y                z
0 C    -0.0002852671     0.0000531590    -0.0000000000
1 C    -0.0001953854    -0.0002102766    -0.0000000000
2 C     0.0000485773    -0.0001912131    -0.0000000000
3 C     0.0001920266     0.0003328905     0.0000000000
4 C     0.0001979544    -0.0006907179    -0.0000000000
5 C     0.0002508459    -0.0002449425     0.0000000000
6 C     0.0000846169    -0.0000017159     0.0000000000
7 C    -0.0002256034    -0.0000482028     0.0000000000
8 C     0.0004289082     0.0000435255     0.0000000000
9 C     0.0004288745    -0.0002559195     0.0000000000
10 C    -0.0000003361     0.0002817652     0.0000000000
11 C    -0.0000359636    -0.0002418435     0.0000000000
12 C     0.0003332710    -0.0000096668     0.0000000000
13 C    -0.0002801887     0.0000856677     0.0000000000
14 C     0.0000162872    -0.0001659833     0.0000000000
15 C    -0.0003777870    -0.0007990743     0.0000000000
16 C     0.0006688854     0.0005995722    -0.0000000000
17 C     0.0000935681     0.0000015608     0.0000000000
18 C    -0.0000911671    -0.0001082177     0.0000000000
19 C     0.0000399169     0.0000083744    -0.0000000000
20 C    -0.0002966101     0.0002091968     0.0000000000
21 C    -0.0014961959    -0.0008273860    -0.0000000000
22 C     0.0010397782     0.0004528740    -0.0000000000
23 C    -0.0000070525     0.0000998394    -0.0000000000
24 C    -0.0004979335    -0.0001471128    -0.0000000000
25 C     0.0001952641    -0.0002305184    -0.0000000000
26 C     0.0000463030     0.0004565801     0.0000000000
27 C    -0.0022018514     0.0018594944    -0.0000000000
28 C    -0.0009028982    -0.0007709875    -0.0000000000
29 C     0.0000831912    -0.0001734818    -0.0000000000
30 C     0.0000647495    -0.0001240486     0.0000000000
31 C    -0.0001482129    -0.0003095117     0.0000000000
32 C     0.0002960783     0.0000160469     0.0000000000
33 C    -0.0012948032     0.0031863726     0.0000000000
34 C    -0.0026952233    -0.0011366392    -0.0000000000
35 C     0.0007857404     0.0004765723     0.0000000000
36 C     0.0002889550    -0.0001340870     0.0000000000
37 C    -0.0001662543     0.0009720957    -0.0000000000
38 C    -0.0033875502    -0.0006282513    -0.0000000000
39 C    -0.0000191149     0.0002057043     0.0000000000
40 C    -0.0000062931    -0.0002388373     0.0000000000
41 C    -0.0001650114     0.0002190682    -0.0000000000
42 C     0.0001415411     0.0001888376     0.0000000000
43 C     0.0000296912    -0.0001580576    -0.0000000000
44 C    -0.0004936448    -0.0001744816    -0.0000000000
45 C    -0.0005034363     0.0002640144     0.0000000000
46 C     0.0001480983     0.0003908922    -0.0000000000
47 C    -0.0000215846    -0.0000798317    -0.0000000000
48 C    -0.0001983480     0.0001608659    -0.0000000000
49 C     0.0001710922     0.0001282032    -0.0000000000
50 C    -0.0003529783    -0.0000978990    -0.0000000000
51 C    -0.0001304273     0.0000981691    -0.0000000000
52 C    -0.0000887866    -0.0000018680    -0.0000000000
53 C     0.0003302261     0.0000603424    -0.0000000000
54 C    -0.0001389697    -0.0000174554    -0.0000000000
55 C    -0.0000662119     0.0004037853    -0.0000000000
56 C     0.0003124718    -0.0001846225    -0.0000000000
57 C     0.0000921741     0.0003404091     0.0000000000
58 C    -0.0003293404    -0.0003699121     0.0000000000
59 C     0.0002539521     0.0003189747    -0.0000000000
60 C     0.0002441764    -0.0001306325     0.0000000000
61 C    -0.0003572150     0.0001003270     0.0000000000
62 C     0.0004585462    -0.0003352019    -0.0000000000
63 C    -0.0005212207     0.0000881314     0.0000000000
64 C     0.0005881295    -0.0000054586     0.0000000000
65 C    -0.0001875546     0.0000145331     0.0000000000
66 C     0.0002463908     0.0000108435     0.0000000000
67 C    -0.0001757007    -0.0000911068     0.0000000000
68 C     0.0000768034    -0.0001079968    -0.0000000000
69 C     0.0015936161    -0.0008383742     0.0000000000
70 C     0.0007826197     0.0006732751     0.0000000000
71 C    -0.0001877417    -0.0004176884    -0.0000000000
72 C     0.0001007803     0.0002700328    -0.0000000000
73 C    -0.0001188458     0.0002896281     0.0000000000
74 N     0.0043029254    -0.0033695570     0.0000000000
75 C    -0.0007317338     0.0017970530    -0.0000000000
76 C     0.0003063116     0.0005412666    -0.0000000000
77 C     0.0025337188    -0.0016700485     0.0000000000
78 H    -0.0002044567    -0.0000802101     0.0000000000
79 H    -0.0002701109     0.0001025889     0.0000000000
80 H    -0.0001866316    -0.0000797004    -0.0000000000
81 H    -0.0002954256     0.0001930352     0.0000000000
82 H    -0.0005213527    -0.0003453098    -0.0000000000
83 H    -0.0001881784    -0.0000847413    -0.0000000000
84 H     0.0001939708    -0.0001050678     0.0000000000
85 H     0.0002388779     0.0001044972    -0.0000000000
86 H     0.0002200140    -0.0000916804     0.0000000000
87 H     0.0002383182     0.0001341005     0.0000000000
88 H     0.0002809193    -0.0000953294    -0.0000000000
89 H     0.0002556821     0.0000117886     0.0000000000
90 H    -0.0000050770    -0.0002653805    -0.0000000000
91 H     0.0001096359    -0.0002922142     0.0000000000
92 H     0.0000833623    -0.0002812438     0.0000000000
93 H    -0.0000767065    -0.0002810246     0.0000000000
94 H    -0.0000840055    -0.0002864364     0.0000000000
95 H     0.0000342856    -0.0002382723     0.0000000000
96 H    -0.0001070168     0.0002010851    -0.0000000000
97 H    -0.0000243952     0.0001291001     0.0000000000
98 H     0.0000733244     0.0001414022     0.0000000000
99 H     0.0002875588     0.0005839269     0.0000000000
100 H     0.0007435703     0.0007029883     0.0000000000
101 H     0.0002826784     0.0002431899     0.0000000000
----------------------------------------------
cycle 4: E = -3001.29061608  dE = -0.00269728  norm(grad) = 0.0103631

Geometry optimization cycle 5
Cartesian coordinates (Angstrom)
 Atom        New coordinates             dX        dY        dZ
   C  -7.289485   5.014976  -0.000000    0.000386  0.002662 -0.000000
   C  -7.315650   0.686449   0.000000   -0.000981  0.000632 -0.000000
   C  -6.134917   2.875652  -0.000000   -0.000274  0.001564 -0.000000
   C  -4.879190   4.988172  -0.000000    0.000682  0.001612 -0.000000
   C  -7.305707  -3.623054   0.000000   -0.002034  0.000184  0.000000
   C  -6.133515  -1.422986   0.000000   -0.001913  0.000318  0.000000
   C  -4.909491   0.711671  -0.000000   -0.001118  0.000577  0.000000
   C  -3.670350   2.845037  -0.000000    0.000191  0.000561  0.000000
   C  -2.445069   4.975946  -0.000000    0.000302  0.000941  0.000000
   C  -6.090066  -5.693353   0.000000   -0.000367  0.001313  0.000000
   C  -4.892580  -3.561104   0.000000   -0.001261 -0.000498  0.000000
   C  -3.673384  -1.418398  -0.000000   -0.001691 -0.000498  0.000000
   C  -2.459147   0.712872  -0.000000   -0.001010 -0.000627  0.000000
   C  -1.222226   2.835863  -0.000000    0.000512 -0.000020  0.000000
   C   0.001545   4.975061  -0.000000    0.000379  0.001229  0.000000
   C  -3.642096  -5.657992  -0.000000    0.002460  0.001421  0.000000
   C  -2.449063  -3.544804  -0.000000   -0.000855 -0.002472  0.000000
   C  -1.224266  -1.417967  -0.000000   -0.001569 -0.002357  0.000000
   C  -0.003203   0.713684  -0.000000   -0.000676 -0.000798  0.000000
   C   1.221392   2.834870  -0.000000    0.000488  0.000779  0.000000
   C   2.447871   4.974018  -0.000000    0.000130  0.001729  0.000000
   C  -1.196885  -5.653294  -0.000000    0.006004 -0.000602 -0.000000
   C   0.000143  -3.545677  -0.000000    0.000167 -0.005491  0.000000
   C   1.219818  -1.413912  -0.000000   -0.001481 -0.001618  0.000000
   C   2.454265   0.713318  -0.000000   -0.000550  0.000870  0.000000
   C   3.670622   2.841423   0.000000    0.000421  0.001366  0.000000
   C   4.882418   4.980510   0.000000   -0.000841  0.000786  0.000000
   C   1.252722  -5.660821  -0.000000    0.006276 -0.012145 -0.000000
   C   2.446700  -3.531058  -0.000000    0.001377 -0.001093 -0.000000
   C   3.668153  -1.416468  -0.000000   -0.001740  0.001379  0.000000
   C   4.906417   0.708180   0.000000   -0.000912  0.000833  0.000000
   C   6.136679   2.866973   0.000000    0.001185  0.000612  0.000000
   C   7.293899   5.002529   0.000000   -0.000389  0.000567 -0.000000
   C   3.688709  -5.609022  -0.000000   -0.001849 -0.005976 -0.000000
   C   4.898693  -3.540434  -0.000000    0.003920  0.005972 -0.000000
   C   6.123370  -1.427929   0.000000   -0.002281 -0.002198 -0.000000
   C   7.314498   0.674441   0.000000   -0.001671 -0.001749 -0.000000
   C   6.037956  -5.631756  -0.000000   -0.006565  0.012287 -0.000000
   C   7.322733  -3.619966  -0.000000    0.012616  0.001864 -0.000000
   C  -7.309053   3.621996  -0.000000   -0.000007  0.002324 -0.000000
   C  -6.097526   5.693699  -0.000000    0.000796  0.002393 -0.000000
   C  -7.316302  -0.689025   0.000000   -0.002059  0.000239 -0.000000
   C  -6.133709   1.421326   0.000000   -0.001109  0.001068 -0.000000
   C  -4.897021   3.561961  -0.000000    0.000203  0.001321 -0.000000
   C  -3.650970   5.661094  -0.000000    0.000924  0.002069 -0.000000
   C  -7.281985  -5.018920   0.000000   -0.001455 -0.000314  0.000000
   C  -6.134153  -2.877450   0.000000   -0.001700 -0.000144  0.000000
   C  -4.909291  -0.712372   0.000000   -0.001624  0.000336  0.000000
   C  -3.674151   1.417002  -0.000000   -0.000619  0.000153  0.000000
   C  -2.452669   3.540866  -0.000000    0.000343  0.000394  0.000000
   C  -1.214732   5.654200  -0.000000    0.000437  0.001409  0.000000
   C  -4.867461  -4.988650   0.000000    0.000982 -0.000218  0.000000
   C  -3.670827  -2.847343  -0.000000   -0.000775 -0.000922  0.000000
   C  -2.458804  -0.714412  -0.000000   -0.001520 -0.001069  0.000000
   C  -1.226132   1.417011  -0.000000   -0.000588 -0.000458  0.000000
   C  -0.000014   3.535254  -0.000000    0.000427  0.000480  0.000000
   C   1.218224   5.653522  -0.000000    0.000013  0.002200  0.000000
   C  -2.429916  -4.978791  -0.000000    0.004288 -0.002096  0.000000
   C  -1.222213  -2.840354  -0.000000    0.000141 -0.003089  0.000000
   C  -0.005673  -0.711893  -0.000000   -0.001775 -0.001616  0.000000
   C   1.220737   1.416164  -0.000000   -0.000934  0.000456  0.000000
   C   2.453133   3.538557  -0.000000    0.000621  0.001318  0.000000
   C   3.655726   5.656248  -0.000000   -0.000316  0.002782  0.000000
   C   0.013000  -4.985911  -0.000000    0.008314 -0.006666 -0.000000
   C   1.217125  -2.832614  -0.000000   -0.000812 -0.002458  0.000000
   C   2.449950  -0.713043  -0.000000   -0.001900  0.000551  0.000000
   C   3.670545   1.414361  -0.000000   -0.000748  0.001186  0.000000
   C   4.899219   3.554515   0.000000    0.000920  0.000773  0.000000
   C   6.102587   5.682854   0.000000   -0.000636  0.000791 -0.000000
   C   2.442413  -4.967837  -0.000000   -0.000460 -0.003036 -0.000000
   C   3.660897  -2.838915  -0.000000    0.000624  0.001590 -0.000000
   C   4.903514  -0.715154  -0.000000   -0.001311  0.000680  0.000000
   C   6.132245   1.412718   0.000000   -0.000565  0.000073  0.000000
   C   7.313178   3.609687   0.000000    0.001704  0.000174 -0.000000
   N   4.850954  -4.933970  -0.000000   -0.010095  0.008163 -0.000000
   C   6.138211  -2.879645  -0.000000    0.008829 -0.001799 -0.000000
   C   7.311504  -0.699904   0.000000   -0.002618 -0.002114 -0.000000
   C   7.246666  -5.003196  -0.000000   -0.001098  0.002755 -0.000000
   H   8.230668   5.546903   0.000000   -0.000301  0.001258 -0.000000
   H   8.272796   3.112248   0.000000    0.002523  0.000745 -0.000000
   H   8.269516   1.180421   0.000000   -0.000710 -0.002798 -0.000000
   H   8.263384  -1.211627   0.000000   -0.002317 -0.002894 -0.000000
   H   8.287754  -3.139061   0.000000    0.014955 -0.001243 -0.000000
   H   8.141964  -5.611279  -0.000000   -0.005310 -0.004662 -0.000000
   H  -8.226057   5.559818  -0.000000    0.000126  0.003090 -0.000000
   H  -8.269303   3.125783  -0.000000   -0.000704  0.002763 -0.000000
   H  -8.269916   1.194384   0.000000   -0.001301  0.000875 -0.000000
   H  -8.270069  -1.197726   0.000000   -0.002650  0.000375 -0.000000
   H  -8.267375  -3.129569   0.000000   -0.002641 -0.000132  0.000000
   H  -8.217245  -5.566283   0.000000   -0.001715 -0.000806  0.000000
   H  -6.075722   6.777336  -0.000000    0.001224  0.002805 -0.000000
   H  -3.644657   6.745788  -0.000000    0.000614  0.002570 -0.000000
   H  -1.213837   6.738744  -0.000000   -0.000142  0.001899  0.000000
   H   1.218357   6.738034  -0.000000    0.000317  0.002691  0.000000
   H   3.652059   6.740934  -0.000000    0.000617  0.003276  0.000000
   H   6.083018   6.766557   0.000000   -0.000718  0.001191 -0.000000
   H  -6.067424  -6.777038   0.000000    0.000184  0.000986  0.000000
   H  -3.637718  -6.742689  -0.000000    0.001944  0.001167 -0.000000
   H  -1.199901  -6.737816  -0.000000    0.003871 -0.000884 -0.000000
   H   1.260658  -6.745100  -0.000000    0.006752 -0.013030 -0.000000
   H   3.773946  -6.685672  -0.000000   -0.001127 -0.006761 -0.000000
   H   5.930001  -6.705259  -0.000000   -0.009029  0.012316 -0.000000
converged SCF energy = -3001.29067129086
--------------- ROKS_Scanner gradients ---------------
         x                y                z
0 C    -0.0002519446     0.0000716171     0.0000000000
1 C     0.0001961043    -0.0002965551     0.0000000000
2 C     0.0001224207    -0.0001801269     0.0000000000
3 C     0.0002278270     0.0001406204    -0.0000000000
4 C     0.0001748282    -0.0004215355     0.0000000000
5 C     0.0001167801    -0.0000586712     0.0000000000
6 C     0.0000592212     0.0000217770    -0.0000000000
7 C    -0.0000513601    -0.0000464822    -0.0000000000
8 C     0.0001641747    -0.0000608586    -0.0000000000
9 C     0.0000345490     0.0007390605     0.0000000000
10 C    -0.0003814599    -0.0000438226     0.0000000000
11 C    -0.0002704706    -0.0000956011    -0.0000000000
12 C     0.0000670160    -0.0000899374    -0.0000000000
13 C     0.0000466703     0.0000059684    -0.0000000000
14 C     0.0001326399    -0.0001604751    -0.0000000000
15 C    -0.0002917598     0.0008924700     0.0000000000
16 C    -0.0005804999    -0.0002939743     0.0000000000
17 C    -0.0005073077    -0.0001374791    -0.0000000000
18 C     0.0000975809    -0.0001295506    -0.0000000000
19 C     0.0003191518     0.0000992851    -0.0000000000
20 C    -0.0001358101    -0.0001316131     0.0000000000
21 C    -0.0002775189     0.0010714666     0.0000000000
22 C    -0.0010839391    -0.0005939327     0.0000000000
23 C    -0.0000190029    -0.0000392041     0.0000000000
24 C     0.0001399949     0.0000278036     0.0000000000
25 C     0.0001911737     0.0001029677     0.0000000000
26 C    -0.0004650951    -0.0000650914     0.0000000000
27 C     0.0000454201    -0.0014957344     0.0000000000
28 C    -0.0001074986     0.0001671680     0.0000000000
29 C     0.0002662392    -0.0000878823     0.0000000000
30 C    -0.0001588378     0.0001186199    -0.0000000000
31 C    -0.0000059388    -0.0000261163     0.0000000000
32 C    -0.0000553880    -0.0001100999    -0.0000000000
33 C    -0.0006951502    -0.0018639434     0.0000000000
34 C     0.0010075706     0.0011395750    -0.0000000000
35 C    -0.0011606904    -0.0008933567    -0.0000000000
36 C    -0.0001028305    -0.0001849709    -0.0000000000
37 C    -0.0006588418     0.0031512431     0.0000000000
38 C    -0.0002239447    -0.0008272587     0.0000000000
39 C     0.0001175799     0.0001818857    -0.0000000000
40 C     0.0000352204    -0.0001678331    -0.0000000000
41 C    -0.0002461164     0.0000125000    -0.0000000000
42 C    -0.0000334634     0.0002570526    -0.0000000000
43 C    -0.0000120909    -0.0000936203     0.0000000000
44 C    -0.0001655336     0.0001252816     0.0000000000
45 C    -0.0006931962    -0.0001819705    -0.0000000000
46 C     0.0001225947     0.0003430958    -0.0000000000
47 C    -0.0000052431     0.0001212217     0.0000000000
48 C    -0.0001436900     0.0001229600     0.0000000000
49 C     0.0001421270    -0.0000578016     0.0000000000
50 C    -0.0001839409     0.0000074468     0.0000000000
51 C     0.0002696250    -0.0005328559    -0.0000000000
52 C     0.0001428471     0.0002282213     0.0000000000
53 C     0.0000923970     0.0001895136     0.0000000000
54 C    -0.0002051609    -0.0000436250     0.0000000000
55 C    -0.0000320485     0.0000471429     0.0000000000
56 C     0.0001957045     0.0001243064    -0.0000000000
57 C     0.0011485669    -0.0007877708    -0.0000000000
58 C     0.0001063429     0.0002228618     0.0000000000
59 C    -0.0001072943     0.0001289078     0.0000000000
60 C    -0.0001213618    -0.0000010899    -0.0000000000
61 C    -0.0001157108    -0.0000224978    -0.0000000000
62 C     0.0002414208     0.0003588299    -0.0000000000
63 C     0.0025189576    -0.0004791397    -0.0000000000
64 C    -0.0002194551    -0.0002594724    -0.0000000000
65 C    -0.0002664953     0.0002426173    -0.0000000000
66 C     0.0000677934     0.0002563325    -0.0000000000
67 C     0.0001640585    -0.0002232425    -0.0000000000
68 C    -0.0001105676     0.0000094581     0.0000000000
69 C    -0.0000592759     0.0009588403    -0.0000000000
70 C     0.0002067227    -0.0005128276    -0.0000000000
71 C    -0.0000592555     0.0004961773     0.0000000000
72 C    -0.0001179150     0.0001609187     0.0000000000
73 C     0.0002475910     0.0000416851     0.0000000000
74 N    -0.0029046215     0.0009509149    -0.0000000000
75 C     0.0011751514    -0.0001760948     0.0000000000
76 C    -0.0001555084    -0.0002263641     0.0000000000
77 C     0.0022140376    -0.0011982054    -0.0000000000
78 H     0.0000374202     0.0000185155     0.0000000000
79 H     0.0000513860    -0.0000145037    -0.0000000000
80 H     0.0000087116    -0.0000343537    -0.0000000000
81 H     0.0001057223    -0.0001276642     0.0000000000
82 H     0.0002230639    -0.0001448891    -0.0000000000
83 H     0.0003727193     0.0000399073     0.0000000000
84 H    -0.0000692640     0.0000510832    -0.0000000000
85 H    -0.0000194909     0.0000144008     0.0000000000
86 H    -0.0000011220    -0.0000115035    -0.0000000000
87 H    -0.0000530280    -0.0000478706     0.0000000000
88 H     0.0000016236    -0.0000231442    -0.0000000000
89 H    -0.0001258457    -0.0000694176     0.0000000000
90 H    -0.0000087863     0.0000308740     0.0000000000
91 H     0.0000409805     0.0000845227    -0.0000000000
92 H     0.0000373671     0.0000703029    -0.0000000000
93 H    -0.0000140330     0.0000901197     0.0000000000
94 H    -0.0000525746     0.0001167225     0.0000000000
95 H    -0.0000307335     0.0000448078    -0.0000000000
96 H    -0.0000198713     0.0000518290    -0.0000000000
97 H     0.0001020521     0.0001025286    -0.0000000000
98 H     0.0002254328     0.0001247599    -0.0000000000
99 H     0.0001860632    -0.0003601096     0.0000000000
100 H    -0.0000331666    -0.0003313580     0.0000000000
101 H    -0.0001414404     0.0002680447     0.0000000000
----------------------------------------------
cycle 5: E = -3001.29067129  dE = -5.52154e-05  norm(grad) = 0.00764994

Geometry optimization cycle 6
Cartesian coordinates (Angstrom)
 Atom        New coordinates             dX        dY        dZ
   C  -7.289032   5.013781  -0.000000    0.000453 -0.001195 -0.000000
   C  -7.315613   0.686739   0.000000    0.000037  0.000290 -0.000000
   C  -6.134926   2.875183  -0.000000   -0.000009 -0.000468 -0.000000
   C  -4.879578   4.987789  -0.000000   -0.000388 -0.000383  0.000000
   C  -7.305140  -3.622429   0.000000    0.000568  0.000626  0.000000
   C  -6.132834  -1.423076   0.000000    0.000681 -0.000090  0.000000
   C  -4.909129   0.711380   0.000000    0.000362 -0.000291  0.000000
   C  -3.670378   2.845042  -0.000000   -0.000028  0.000005  0.000000
   C  -2.445272   4.976067  -0.000000   -0.000203  0.000121  0.000000
   C  -6.089229  -5.695262   0.000000    0.000837 -0.001909  0.000000
   C  -4.891905  -3.561504   0.000000    0.000675 -0.000400  0.000000
   C  -3.672600  -1.418264   0.000000    0.000785  0.000134  0.000000
   C  -2.458806   0.713278  -0.000000    0.000342  0.000407  0.000000
   C  -1.222334   2.836172  -0.000000   -0.000107  0.000309  0.000000
   C   0.001326   4.975221  -0.000000   -0.000219  0.000161  0.000000
   C  -3.642527  -5.659239  -0.000000   -0.000431 -0.001247  0.000000
   C  -2.448726  -3.544052  -0.000000    0.000337  0.000753  0.000000
   C  -1.223412  -1.416667  -0.000000    0.000854  0.001300  0.000000
   C  -0.002772   0.714383  -0.000000    0.000431  0.000699  0.000000
   C   1.221146   2.834864  -0.000000   -0.000245 -0.000006  0.000000
   C   2.447868   4.973665  -0.000000   -0.000003 -0.000353  0.000000
   C  -1.198820  -5.653579  -0.000000   -0.001935 -0.000285  0.000000
   C  -0.000037  -3.542872  -0.000000   -0.000180  0.002806  0.000000
   C   1.220700  -1.412791  -0.000000    0.000882  0.001121  0.000000
   C   2.454780   0.713228  -0.000000    0.000515 -0.000091  0.000000
   C   3.670371   2.841135   0.000000   -0.000251 -0.000287  0.000000
   C   4.883099   4.980460   0.000000    0.000680 -0.000050  0.000000
   C   1.250243  -5.655490  -0.000000   -0.002479  0.005331 -0.000000
   C   2.446510  -3.530059  -0.000000   -0.000191  0.000999  0.000000
   C   3.669043  -1.416997  -0.000000    0.000890 -0.000529  0.000000
   C   4.906942   0.707870   0.000000    0.000525 -0.000309  0.000000
   C   6.136147   2.866864   0.000000   -0.000532 -0.000109  0.000000
   C   7.294345   5.002480   0.000000    0.000445 -0.000049  0.000000
   C   3.689270  -5.606541  -0.000000    0.000560  0.002481 -0.000000
   C   4.898212  -3.543704  -0.000000   -0.000480 -0.003270 -0.000000
   C   6.124508  -1.426949  -0.000000    0.001138  0.000981 -0.000000
   C   7.315373   0.675221   0.000000    0.000876  0.000780 -0.000000
   C   6.039371  -5.640785  -0.000000    0.001415 -0.009029 -0.000000
   C   7.320443  -3.617690  -0.000000   -0.002290  0.002276 -0.000000
   C  -7.309320   3.620812  -0.000000   -0.000267 -0.001183 -0.000000
   C  -6.097722   5.693500  -0.000000   -0.000196 -0.000198 -0.000000
   C  -7.315290  -0.688772   0.000000    0.001012  0.000253 -0.000000
   C  -6.133376   1.420874   0.000000    0.000333 -0.000452  0.000000
   C  -4.897209   3.561748  -0.000000   -0.000187 -0.000212  0.000000
   C  -3.651264   5.660699  -0.000000   -0.000294 -0.000395  0.000000
   C  -7.279521  -5.018366   0.000000    0.002464  0.000555  0.000000
   C  -6.133426  -2.877652   0.000000    0.000727 -0.000203  0.000000
   C  -4.908625  -0.712590   0.000000    0.000666 -0.000218  0.000000
   C  -3.673876   1.416977  -0.000000    0.000275 -0.000025  0.000000
   C  -2.452910   3.541056  -0.000000   -0.000241  0.000190  0.000000
   C  -1.214838   5.654409  -0.000000   -0.000106  0.000209  0.000000
   C  -4.867476  -4.989215   0.000000   -0.000015 -0.000565  0.000000
   C  -3.670529  -2.847282   0.000000    0.000297  0.000061  0.000000
   C  -2.458312  -0.713934  -0.000000    0.000492  0.000478  0.000000
   C  -1.225762   1.417477  -0.000000    0.000370  0.000466  0.000000
   C  -0.000158   3.535392  -0.000000   -0.000144  0.000139  0.000000
   C   1.218117   5.653287  -0.000000   -0.000107 -0.000235  0.000000
   C  -2.431647  -4.978191  -0.000000   -0.001731  0.000601  0.000000
   C  -1.222355  -2.838739  -0.000000   -0.000142  0.001614  0.000000
   C  -0.004813  -0.710992  -0.000000    0.000860  0.000900  0.000000
   C   1.221248   1.416328  -0.000000    0.000511  0.000164  0.000000
   C   2.453011   3.538325  -0.000000   -0.000122 -0.000232  0.000000
   C   3.655831   5.655357   0.000000    0.000105 -0.000892  0.000000
   C   0.008921  -4.982653  -0.000000   -0.004079  0.003257  0.000000
   C   1.217465  -2.830988  -0.000000    0.000341  0.001625  0.000000
   C   2.451190  -0.713085  -0.000000    0.001240 -0.000042  0.000000
   C   3.670948   1.414004  -0.000000    0.000404 -0.000357  0.000000
   C   4.898855   3.554583   0.000000   -0.000364  0.000068  0.000000
   C   6.103219   5.682905   0.000000    0.000633  0.000051  0.000000
   C   2.442076  -4.966242  -0.000000   -0.000337  0.001595 -0.000000
   C   3.661140  -2.839743  -0.000000    0.000243 -0.000828 -0.000000
   C   4.904334  -0.715399  -0.000000    0.000820 -0.000246  0.000000
   C   6.132629   1.412580   0.000000    0.000384 -0.000138  0.000000
   C   7.312423   3.609631   0.000000   -0.000755 -0.000056  0.000000
   N   4.854882  -4.938291  -0.000000    0.003928 -0.004321 -0.000000
   C   6.135616  -2.879042  -0.000000   -0.002595  0.000603 -0.000000
   C   7.312884  -0.699162   0.000000    0.001381  0.000742 -0.000000
   C   7.241343  -5.000748  -0.000000   -0.005323  0.002448 -0.000000
   H   8.231375   5.546362   0.000000    0.000708 -0.000540 -0.000000
   H   8.271838   3.111869   0.000000   -0.000958 -0.000379 -0.000000
   H   8.270074   1.181808   0.000000    0.000558  0.001387 -0.000000
   H   8.264803  -1.210628   0.000000    0.001419  0.000999 -0.000000
   H   8.285323  -3.136739   0.000000   -0.002431  0.002322 -0.000000
   H   8.138334  -5.606037  -0.000000   -0.003631  0.005242 -0.000000
   H  -8.225677   5.558395  -0.000000    0.000380 -0.001423 -0.000000
   H  -8.269552   3.124574  -0.000000   -0.000249 -0.001209 -0.000000
   H  -8.269923   1.194604   0.000000   -0.000007  0.000220 -0.000000
   H  -8.268955  -1.197570   0.000000    0.001114  0.000157 -0.000000
   H  -8.267021  -3.129348   0.000000    0.000353  0.000220  0.000000
   H  -8.214960  -5.565241   0.000000    0.002285  0.001042  0.000000
   H  -6.076274   6.777127  -0.000000   -0.000552 -0.000209 -0.000000
   H  -3.645366   6.745345  -0.000000   -0.000709 -0.000443  0.000000
   H  -1.214118   6.738913  -0.000000   -0.000281  0.000169  0.000000
   H   1.218560   6.737743  -0.000000    0.000203 -0.000291  0.000000
   H   3.652243   6.739965   0.000000    0.000184 -0.000969  0.000000
   H   6.083770   6.766579   0.000000    0.000752  0.000022  0.000000
   H  -6.067020  -6.778995   0.000000    0.000404 -0.001958  0.000000
   H  -3.637905  -6.744005  -0.000000   -0.000187 -0.001316  0.000000
   H  -1.201383  -6.738197  -0.000000   -0.001482 -0.000380  0.000000
   H   1.256576  -6.739552  -0.000000   -0.004082  0.005548 -0.000000
   H   3.771734  -6.683168  -0.000000   -0.002212  0.002503 -0.000000
   H   5.934829  -6.714769  -0.000000    0.004829 -0.009510 -0.000000
converged SCF energy = -3001.2907684933
--------------- ROKS_Scanner gradients ---------------
         x                y                z
0 C     0.0001408320    -0.0001092671    -0.0000000000
1 C    -0.0000504184    -0.0000220696    -0.0000000000
2 C     0.0000293705    -0.0000074749     0.0000000000
3 C     0.0000010066     0.0000003394     0.0000000000
4 C    -0.0002658226     0.0000430227    -0.0000000000
5 C    -0.0000490058    -0.0000923479    -0.0000000000
6 C     0.0000063332    -0.0000104612    -0.0000000000
7 C     0.0000095596    -0.0000450441    -0.0000000000
8 C     0.0000897273    -0.0000106120    -0.0000000000
9 C     0.0000194207    -0.0002504055    -0.0000000000
10 C    -0.0000493549     0.0000021235    -0.0000000000
11 C    -0.0000401292    -0.0000514148    -0.0000000000
12 C     0.0000592254    -0.0000242063    -0.0000000000
13 C     0.0000325406     0.0000023455    -0.0000000000
14 C     0.0000352641    -0.0000767584     0.0000000000
15 C    -0.0000991418     0.0001439767    -0.0000000000
16 C    -0.0001439507    -0.0000565528    -0.0000000000
17 C    -0.0000287655    -0.0000002019    -0.0000000000
18 C     0.0000658319    -0.0000348079    -0.0000000000
19 C     0.0000704299     0.0000215528    -0.0000000000
20 C    -0.0000843970    -0.0000458009    -0.0000000000
21 C    -0.0001314944     0.0000719916     0.0000000000
22 C    -0.0002051502    -0.0001070310    -0.0000000000
23 C     0.0000976372     0.0000806620    -0.0000000000
24 C    -0.0000012846     0.0000108490     0.0000000000
25 C     0.0000199189    -0.0000322625     0.0000000000
26 C    -0.0000438964     0.0000308539     0.0000000000
27 C    -0.0001680726    -0.0001823699     0.0000000000
28 C    -0.0000673551     0.0000130853     0.0000000000
29 C    -0.0000647968    -0.0000017730     0.0000000000
30 C    -0.0000457367     0.0000335253    -0.0000000000
31 C    -0.0000829329    -0.0000642170    -0.0000000000
32 C     0.0000460852    -0.0000070920    -0.0000000000
33 C    -0.0002869288     0.0000774422    -0.0000000000
34 C    -0.0002976708     0.0000281878    -0.0000000000
35 C    -0.0002279115    -0.0002565368    -0.0000000000
36 C    -0.0000652564    -0.0000683475    -0.0000000000
37 C    -0.0001675754    -0.0006399873     0.0000000000
38 C     0.0008631998     0.0002714162     0.0000000000
39 C    -0.0000991827    -0.0000311630    -0.0000000000
40 C     0.0000076465     0.0001080394     0.0000000000
41 C     0.0000654261     0.0001233472     0.0000000000
42 C     0.0000105324     0.0000175241    -0.0000000000
43 C     0.0000053659    -0.0000369638    -0.0000000000
44 C    -0.0000587137     0.0000029924     0.0000000000
45 C     0.0003142076     0.0002526847     0.0000000000
46 C     0.0001256046    -0.0000473243     0.0000000000
47 C    -0.0000228077    -0.0000026953     0.0000000000
48 C    -0.0000476502     0.0000148267     0.0000000000
49 C     0.0000249853    -0.0000009615     0.0000000000
50 C    -0.0000549455     0.0000385368     0.0000000000
51 C    -0.0000548491    -0.0000457653     0.0000000000
52 C     0.0000027073     0.0000825604     0.0000000000
53 C    -0.0000049602     0.0000254751     0.0000000000
54 C    -0.0000726327    -0.0000045530     0.0000000000
55 C    -0.0000064753     0.0000301844     0.0000000000
56 C     0.0000388709     0.0000531404     0.0000000000
57 C     0.0003097533    -0.0001485657     0.0000000000
58 C    -0.0000836424     0.0000658131     0.0000000000
59 C    -0.0000252268     0.0000475114     0.0000000000
60 C    -0.0000030130     0.0000092465     0.0000000000
61 C    -0.0000356539     0.0000070048    -0.0000000000
62 C     0.0000505694     0.0000016609    -0.0000000000
63 C     0.0004027858    -0.0000048402    -0.0000000000
64 C    -0.0001058957     0.0000283009     0.0000000000
65 C    -0.0000536220     0.0000925940    -0.0000000000
66 C     0.0000320104     0.0000279229    -0.0000000000
67 C    -0.0000196857    -0.0000081387    -0.0000000000
68 C    -0.0000019090    -0.0000441296     0.0000000000
69 C     0.0000804764     0.0001110752    -0.0000000000
70 C     0.0000579075     0.0000022913     0.0000000000
71 C    -0.0000066468     0.0000601608     0.0000000000
72 C     0.0000045919     0.0000100505     0.0000000000
73 C    -0.0000439624     0.0000528955     0.0000000000
74 N     0.0006660132     0.0001712459    -0.0000000000
75 C     0.0003059567    -0.0004520810     0.0000000000
76 C     0.0000064131    -0.0000788965     0.0000000000
77 C    -0.0010675943     0.0006699092    -0.0000000000
78 H     0.0000351960     0.0000268852    -0.0000000000
79 H     0.0000206110    -0.0000102148    -0.0000000000
80 H     0.0000200260     0.0000007359     0.0000000000
81 H     0.0000629248    -0.0000944725    -0.0000000000
82 H     0.0001559946     0.0001422284     0.0000000000
83 H    -0.0000805745     0.0000957175     0.0000000000
84 H    -0.0000093786     0.0000109645    -0.0000000000
85 H    -0.0000351065    -0.0000375852     0.0000000000
86 H    -0.0000339489     0.0000358227    -0.0000000000
87 H    -0.0000081188    -0.0000046863    -0.0000000000
88 H    -0.0000325706     0.0000530723     0.0000000000
89 H     0.0000224280    -0.0000052251    -0.0000000000
90 H     0.0000079859     0.0000459260    -0.0000000000
91 H     0.0000231370     0.0000381418    -0.0000000000
92 H     0.0000190875     0.0000455829    -0.0000000000
93 H    -0.0000103266     0.0000457970    -0.0000000000
94 H    -0.0000183060     0.0000318662    -0.0000000000
95 H     0.0000026942     0.0000240288    -0.0000000000
96 H     0.0000115139    -0.0000666710     0.0000000000
97 H     0.0000348178    -0.0000144794    -0.0000000000
98 H     0.0000695803    -0.0000405122     0.0000000000
99 H     0.0000762706    -0.0000697281    -0.0000000000
100 H     0.0000791743     0.0000151991     0.0000000000
101 H     0.0000205883    -0.0001201746     0.0000000000
----------------------------------------------
cycle 6: E = -3001.29076849  dE = -9.72024e-05  norm(grad) = 0.00227027

Geometry optimization cycle 7
Cartesian coordinates (Angstrom)
 Atom        New coordinates             dX        dY        dZ
   C  -7.289784   5.013860  -0.000000   -0.000752  0.000079 -0.000000
   C  -7.315097   0.686280   0.000000    0.000515 -0.000459 -0.000000
   C  -6.134958   2.875043  -0.000000   -0.000032 -0.000141 -0.000000
   C  -4.879936   4.987500  -0.000000   -0.000358 -0.000289 -0.000000
   C  -7.304524  -3.622280   0.000000    0.000615  0.000149  0.000000
   C  -6.132102  -1.422883   0.000000    0.000732  0.000193  0.000000
   C  -4.908661   0.711473   0.000000    0.000468  0.000092  0.000000
   C  -3.670381   2.844967  -0.000000   -0.000003 -0.000075  0.000000
   C  -2.445688   4.975778  -0.000000   -0.000416 -0.000290 -0.000000
   C  -6.090218  -5.693586   0.000000   -0.000988  0.001676  0.000000
   C  -4.891319  -3.560951   0.000000    0.000586  0.000553  0.000000
   C  -3.671778  -1.417891   0.000000    0.000821  0.000373  0.000000
   C  -2.458275   0.713381  -0.000000    0.000531  0.000103  0.000000
   C  -1.222312   2.835965  -0.000000    0.000022 -0.000207  0.000000
   C   0.000996   4.974770  -0.000000   -0.000330 -0.000452  0.000000
   C  -3.643388  -5.659562   0.000000   -0.000861 -0.000323  0.000000
   C  -2.448084  -3.543289  -0.000000    0.000642  0.000763  0.000000
   C  -1.222437  -1.416338  -0.000000    0.000975  0.000328  0.000000
   C  -0.002133   0.714255  -0.000000    0.000640 -0.000128  0.000000
   C   1.221314   2.834525  -0.000000    0.000168 -0.000340  0.000000
   C   2.447784   4.973378   0.000000   -0.000084 -0.000287  0.000000
   C  -1.200376  -5.653143  -0.000000   -0.001556  0.000436  0.000000
   C   0.000700  -3.541920  -0.000000    0.000738  0.000952  0.000000
   C   1.221868  -1.412940  -0.000000    0.001168 -0.000149  0.000000
   C   2.455604   0.712958  -0.000000    0.000824 -0.000269  0.000000
   C   3.670772   2.841159   0.000000    0.000401  0.000023  0.000000
   C   4.883031   4.980880   0.000000   -0.000068  0.000420  0.000000
   C   1.248812  -5.653638  -0.000000   -0.001431  0.001852  0.000000
   C   2.447258  -3.530338  -0.000000    0.000749 -0.000279  0.000000
   C   3.670654  -1.416899  -0.000000    0.001611  0.000098 -0.000000
   C   4.908024   0.708197   0.000000    0.001082  0.000327 -0.000000
   C   6.136681   2.867799   0.000000    0.000534  0.000934  0.000000
   C   7.293799   5.003435   0.000000   -0.000545  0.000955  0.000000
   C   3.689003  -5.607876  -0.000000   -0.000267 -0.001335  0.000000
   C   4.898126  -3.543511  -0.000000   -0.000086  0.000193 -0.000000
   C   6.126861  -1.425541  -0.000000    0.002353  0.001408 -0.000000
   C   7.316719   0.677200   0.000000    0.001346  0.001979 -0.000000
   C   6.038951  -5.640409  -0.000000   -0.000420  0.000376 -0.000000
   C   7.317650  -3.619735  -0.000000   -0.002793 -0.002045 -0.000000
   C  -7.309191   3.620896  -0.000000    0.000129  0.000084 -0.000000
   C  -6.098191   5.693003  -0.000000   -0.000469 -0.000497 -0.000000
   C  -7.314899  -0.689238   0.000000    0.000391 -0.000467 -0.000000
   C  -6.133060   1.420711  -0.000000    0.000317 -0.000163 -0.000000
   C  -4.897265   3.561561  -0.000000   -0.000056 -0.000187 -0.000000
   C  -3.651648   5.660425  -0.000000   -0.000383 -0.000274 -0.000000
   C  -7.281350  -5.018247   0.000000   -0.001828  0.000118  0.000000
   C  -6.132930  -2.877373   0.000000    0.000496  0.000280  0.000000
   C  -4.907902  -0.712407   0.000000    0.000723  0.000184  0.000000
   C  -3.673404   1.416982  -0.000000    0.000472  0.000006 -0.000000
   C  -2.452947   3.540860  -0.000000   -0.000037 -0.000197  0.000000
   C  -1.215162   5.653918  -0.000000   -0.000324 -0.000491  0.000000
   C  -4.867816  -4.988575   0.000000   -0.000340  0.000640  0.000000
   C  -3.669916  -2.846841   0.000000    0.000613  0.000441  0.000000
   C  -2.457420  -0.713744  -0.000000    0.000892  0.000190  0.000000
   C  -1.225152   1.417357  -0.000000    0.000609 -0.000121  0.000000
   C  -0.000095   3.535007  -0.000000    0.000062 -0.000385  0.000000
   C   1.217828   5.652618  -0.000000   -0.000290 -0.000669  0.000000
   C  -2.433085  -4.977432  -0.000000   -0.001438  0.000759  0.000000
   C  -1.221569  -2.838239  -0.000000    0.000786  0.000500  0.000000
   C  -0.003665  -0.711074  -0.000000    0.001148 -0.000081  0.000000
   C   1.221949   1.416014  -0.000000    0.000701 -0.000314  0.000000
   C   2.453204   3.538064   0.000000    0.000193 -0.000261  0.000000
   C   3.655537   5.655266   0.000000   -0.000294 -0.000091  0.000000
   C   0.007052  -4.981447  -0.000000   -0.001870  0.001206  0.000000
   C   1.218615  -2.831022  -0.000000    0.001150 -0.000034  0.000000
   C   2.452533  -0.713386  -0.000000    0.001343 -0.000302  0.000000
   C   3.671708   1.413954   0.000000    0.000760 -0.000050  0.000000
   C   4.899125   3.555026   0.000000    0.000270  0.000443  0.000000
   C   6.102764   5.683901   0.000000   -0.000455  0.000997  0.000000
   C   2.442108  -4.966580  -0.000000    0.000031 -0.000339  0.000000
   C   3.661512  -2.839646  -0.000000    0.000371  0.000097 -0.000000
   C   4.906049  -0.715100  -0.000000    0.001716  0.000299 -0.000000
   C   6.133419   1.413596   0.000000    0.000790  0.001016 -0.000000
   C   7.312837   3.610634   0.000000    0.000414  0.001003  0.000000
   N   4.853988  -4.938349  -0.000000   -0.000894 -0.000058 -0.000000
   C   6.134773  -2.878119  -0.000000   -0.000843  0.000923 -0.000000
   C   7.314962  -0.697156   0.000000    0.002078  0.002006 -0.000000
   C   7.242587  -5.003238  -0.000000    0.001244 -0.002491 -0.000000
   H   8.230593   5.547546   0.000000   -0.000782  0.001184  0.000000
   H   8.272382   3.113233   0.000000    0.000543  0.001363  0.000000
   H   8.271009   1.184476   0.000000    0.000935  0.002668 -0.000000
   H   8.267150  -1.207731   0.000000    0.002347  0.002897 -0.000000
   H   8.282254  -3.138811  -0.000000   -0.003069 -0.002073 -0.000000
   H   8.139584  -5.608587  -0.000000    0.001251 -0.002550 -0.000000
   H  -8.226438   5.558350  -0.000000   -0.000761 -0.000045 -0.000000
   H  -8.269274   3.124543  -0.000000    0.000278 -0.000031 -0.000000
   H  -8.269418   1.193958   0.000000    0.000505 -0.000646 -0.000000
   H  -8.268416  -1.198239   0.000000    0.000539 -0.000670 -0.000000
   H  -8.266003  -3.128569   0.000000    0.001018  0.000779  0.000000
   H  -8.216939  -5.564823   0.000000   -0.001979  0.000418  0.000000
   H  -6.076616   6.776550  -0.000000   -0.000342 -0.000577 -0.000000
   H  -3.645880   6.744990  -0.000000   -0.000514 -0.000355 -0.000000
   H  -1.214485   6.738331  -0.000000   -0.000367 -0.000582  0.000000
   H   1.218219   6.736981  -0.000000   -0.000341 -0.000762  0.000000
   H   3.651722   6.739800   0.000000   -0.000521 -0.000165  0.000000
   H   6.083062   6.767520   0.000000   -0.000708  0.000940  0.000000
   H  -6.067832  -6.777216   0.000000   -0.000812  0.001779  0.000000
   H  -3.638972  -6.744303   0.000000   -0.001067 -0.000298  0.000000
   H  -1.203232  -6.737695  -0.000000   -0.001848  0.000502  0.000000
   H   1.253921  -6.737559  -0.000000   -0.002655  0.001993  0.000000
   H   3.771197  -6.684524  -0.000000   -0.000537 -0.001356  0.000000
   H   5.932965  -6.714147  -0.000000   -0.001865  0.000622 -0.000000
converged SCF energy = -3001.29076904615
--------------- ROKS_Scanner gradients ---------------
         x                y                z
0 C    -0.0001418590     0.0000645611     0.0000000000
1 C     0.0000193635    -0.0000377633     0.0000000000
2 C    -0.0000377482    -0.0000461890    -0.0000000000
3 C     0.0000029539     0.0000211855    -0.0000000000
4 C     0.0002719965    -0.0001583812     0.0000000000
5 C     0.0000963996     0.0000495320     0.0000000000
6 C    -0.0000128820     0.0000133216     0.0000000000
7 C    -0.0000704617    -0.0000020555    -0.0000000000
8 C    -0.0000412236    -0.0000199539    -0.0000000000
9 C     0.0000616844     0.0003420379     0.0000000000
10 C     0.0000264760     0.0000722793    -0.0000000000
11 C     0.0000505493     0.0000041305     0.0000000000
12 C    -0.0000027220     0.0000198622     0.0000000000
13 C    -0.0000987420     0.0000004597    -0.0000000000
14 C    -0.0000777566    -0.0000208162    -0.0000000000
15 C     0.0000393700    -0.0003526934    -0.0000000000
16 C     0.0002929218     0.0001902851     0.0000000000
17 C     0.0000897100     0.0000309702     0.0000000000
18 C    -0.0000593100    -0.0000173070     0.0000000000
19 C    -0.0000574142    -0.0000215274     0.0000000000
20 C    -0.0000182567     0.0000317688    -0.0000000000
21 C    -0.0002111685    -0.0002721709     0.0000000000
22 C     0.0003786150     0.0001859593     0.0000000000
23 C     0.0000053925     0.0000120308     0.0000000000
24 C    -0.0000631980    -0.0000512985     0.0000000000
25 C    -0.0000013073    -0.0000273727     0.0000000000
26 C     0.0000720987     0.0000212002    -0.0000000000
27 C    -0.0002987239     0.0003093493    -0.0000000000
28 C    -0.0000443344    -0.0000734858     0.0000000000
29 C     0.0001908710     0.0000571771     0.0000000000
30 C     0.0000104859    -0.0000527367     0.0000000000
31 C     0.0000276512     0.0000283122     0.0000000000
32 C    -0.0001489916    -0.0000972041    -0.0000000000
33 C     0.0000903932    -0.0004059294     0.0000000000
34 C     0.0003237939     0.0000087273    -0.0000000000
35 C     0.0003570098     0.0002383459    -0.0000000000
36 C     0.0000800482     0.0000109230     0.0000000000
37 C    -0.0001459979     0.0002091484    -0.0000000000
38 C    -0.0004721997    -0.0001825201    -0.0000000000
39 C     0.0001105645     0.0000943647     0.0000000000
40 C     0.0000092717    -0.0000870324    -0.0000000000
41 C    -0.0000905899    -0.0000639910    -0.0000000000
42 C     0.0000547084     0.0000160933    -0.0000000000
43 C     0.0000248470    -0.0000008424     0.0000000000
44 C    -0.0000347866     0.0000179830     0.0000000000
45 C    -0.0004101034    -0.0002073082     0.0000000000
46 C    -0.0000485347     0.0001018776    -0.0000000000
47 C     0.0000186417    -0.0000269595    -0.0000000000
48 C     0.0000393763     0.0000085844     0.0000000000
49 C     0.0000575555     0.0000130323     0.0000000000
50 C    -0.0000341821     0.0000065228     0.0000000000
51 C     0.0001725781    -0.0000219144    -0.0000000000
52 C    -0.0000471149    -0.0000921827     0.0000000000
53 C     0.0000671959    -0.0000429005    -0.0000000000
54 C     0.0000630646    -0.0000076222    -0.0000000000
55 C     0.0000343354     0.0000232148     0.0000000000
56 C     0.0000108765    -0.0000568252     0.0000000000
57 C    -0.0002700606     0.0002247828     0.0000000000
58 C    -0.0000383257    -0.0001141918    -0.0000000000
59 C     0.0000757567    -0.0000125491    -0.0000000000
60 C     0.0000691629    -0.0000403550    -0.0000000000
61 C    -0.0000213131    -0.0000013957    -0.0000000000
62 C     0.0000425196    -0.0000525773     0.0000000000
63 C    -0.0004109426     0.0001552836    -0.0000000000
64 C     0.0001197777    -0.0000121902    -0.0000000000
65 C     0.0000050723    -0.0001337192    -0.0000000000
66 C     0.0000198017    -0.0000205406    -0.0000000000
67 C    -0.0000259680    -0.0000178404     0.0000000000
68 C     0.0000202579     0.0001287519    -0.0000000000
69 C     0.0004218447     0.0000243606    -0.0000000000
70 C    -0.0000558888    -0.0000287827     0.0000000000
71 C     0.0000238681    -0.0001664737    -0.0000000000
72 C    -0.0000146020     0.0000465255    -0.0000000000
73 C     0.0001230140    -0.0000466285     0.0000000000
74 N    -0.0003950163     0.0000474299    -0.0000000000
75 C    -0.0004261773     0.0004260318     0.0000000000
76 C     0.0000993391     0.0001982771    -0.0000000000
77 C     0.0004380166    -0.0002021675     0.0000000000
78 H    -0.0000347914    -0.0000166252     0.0000000000
79 H     0.0000012164    -0.0000297488    -0.0000000000
80 H     0.0000049158     0.0000256269    -0.0000000000
81 H    -0.0000558406     0.0000865131     0.0000000000
82 H    -0.0001193041    -0.0000984740     0.0000000000
83 H     0.0000182340    -0.0000502525    -0.0000000000
84 H    -0.0000000702     0.0000068213     0.0000000000
85 H     0.0000274266     0.0000254935     0.0000000000
86 H     0.0000162878    -0.0000211877    -0.0000000000
87 H    -0.0000095560    -0.0000147622     0.0000000000
88 H     0.0000270540    -0.0000285156    -0.0000000000
89 H    -0.0000332762    -0.0000261520    -0.0000000000
90 H    -0.0000117540    -0.0000260783     0.0000000000
91 H     0.0000016241    -0.0000169175    -0.0000000000
92 H    -0.0000033592    -0.0000216422    -0.0000000000
93 H    -0.0000138364    -0.0000297653    -0.0000000000
94 H    -0.0000068906    -0.0000238360    -0.0000000000
95 H    -0.0000048234     0.0000045625    -0.0000000000
96 H    -0.0000332489     0.0000603164     0.0000000000
97 H    -0.0000232030    -0.0000423164     0.0000000000
98 H    -0.0000294283    -0.0000216663     0.0000000000
99 H    -0.0000014599     0.0000940844     0.0000000000
100 H    -0.0000082724    -0.0000378045    -0.0000000000
101 H     0.0000072847     0.0000265686     0.0000000000
----------------------------------------------
cycle 7: E = -3001.29076905  dE = -5.52855e-07  norm(grad) = 0.00194027

Geometry optimization cycle 8
Cartesian coordinates (Angstrom)
 Atom        New coordinates             dX        dY        dZ
   C  -7.289335   5.014017  -0.000000    0.000449  0.000157 -0.000000
   C  -7.315517   0.686974   0.000000   -0.000419  0.000694 -0.000000
   C  -6.135003   2.875448  -0.000000   -0.000045  0.000406  0.000000
   C  -4.879729   4.987899  -0.000000    0.000207  0.000399  0.000000
   C  -7.305042  -3.621799   0.000000   -0.000518  0.000481 -0.000000
   C  -6.132657  -1.422568   0.000000   -0.000555  0.000315  0.000000
   C  -4.909037   0.711739   0.000000   -0.000375  0.000266  0.000000
   C  -3.670436   2.845259  -0.000000   -0.000055  0.000292  0.000000
   C  -2.445434   4.976074  -0.000000    0.000253  0.000297  0.000000
   C  -6.089706  -5.694425   0.000000    0.000512 -0.000839  0.000000
   C  -4.891771  -3.560836   0.000000   -0.000452  0.000116  0.000000
   C  -3.672364  -1.417814   0.000000   -0.000585  0.000077  0.000000
   C  -2.458696   0.713507   0.000000   -0.000422  0.000126  0.000000
   C  -1.222352   2.836215   0.000000   -0.000040  0.000249  0.000000
   C   0.001302   4.975141   0.000000    0.000306  0.000372  0.000000
   C  -3.643025  -5.658656   0.000000    0.000362  0.000906  0.000000
   C  -2.448448  -3.543471   0.000000   -0.000364 -0.000182  0.000000
   C  -1.223123  -1.416504   0.000000   -0.000686 -0.000166  0.000000
   C  -0.002618   0.714393   0.000000   -0.000486  0.000137  0.000000
   C   1.221209   2.834817   0.000000   -0.000105  0.000292  0.000000
   C   2.447985   4.973685   0.000000    0.000200  0.000306  0.000000
   C  -1.199327  -5.652980  -0.000000    0.001049  0.000162  0.000000
   C   0.000432  -3.542603  -0.000000   -0.000269 -0.000683  0.000000
   C   1.221032  -1.412969  -0.000000   -0.000836 -0.000029  0.000000
   C   2.455036   0.713173   0.000000   -0.000568  0.000215  0.000000
   C   3.670565   2.841293   0.000000   -0.000207  0.000134  0.000000
   C   4.883090   4.980738   0.000000    0.000059 -0.000141  0.000000
   C   1.250054  -5.655068  -0.000000    0.001242 -0.001431  0.000000
   C   2.447030  -3.530200  -0.000000   -0.000228  0.000138  0.000000
   C   3.669594  -1.416931  -0.000000   -0.001060 -0.000032  0.000000
   C   4.907351   0.708226   0.000000   -0.000673  0.000029  0.000000
   C   6.136482   2.867568   0.000000   -0.000199 -0.000230 -0.000000
   C   7.294358   5.003311   0.000000    0.000558 -0.000125 -0.000000
   C   3.689629  -5.606736  -0.000000    0.000626  0.001140  0.000000
   C   4.898353  -3.543529  -0.000000    0.000227 -0.000019  0.000000
   C   6.125359  -1.426111  -0.000000   -0.001502 -0.000570 -0.000000
   C   7.315863   0.676403   0.000000   -0.000856 -0.000797 -0.000000
   C   6.040345  -5.640110  -0.000000    0.001394  0.000299 -0.000000
   C   7.319018  -3.618783  -0.000000    0.001368  0.000952 -0.000000
   C  -7.309387   3.621045  -0.000000   -0.000196  0.000149 -0.000000
   C  -6.097923   5.693507  -0.000000    0.000269  0.000504  0.000000
   C  -7.315226  -0.688550   0.000000   -0.000327  0.000689 -0.000000
   C  -6.133344   1.421141  -0.000000   -0.000285  0.000430  0.000000
   C  -4.897283   3.561950  -0.000000   -0.000018  0.000389  0.000000
   C  -3.651374   5.660730  -0.000000    0.000273  0.000305  0.000000
   C  -7.280101  -5.017774   0.000000    0.001249  0.000474 -0.000000
   C  -6.133349  -2.877092   0.000000   -0.000419  0.000280  0.000000
   C  -4.908409  -0.712168   0.000000   -0.000507  0.000238  0.000000
   C  -3.673751   1.417226   0.000000   -0.000346  0.000244  0.000000
   C  -2.452968   3.541129  -0.000000   -0.000021  0.000269  0.000000
   C  -1.214883   5.654195  -0.000000    0.000280  0.000277  0.000000
   C  -4.867886  -4.988441   0.000000   -0.000070  0.000134  0.000000
   C  -3.670276  -2.846801   0.000000   -0.000360  0.000040  0.000000
   C  -2.458021  -0.713676   0.000000   -0.000601  0.000068  0.000000
   C  -1.225576   1.417557   0.000000   -0.000424  0.000200  0.000000
   C  -0.000135   3.535325   0.000000   -0.000039  0.000318  0.000000
   C   1.218111   5.653060   0.000000    0.000284  0.000442  0.000000
   C  -2.432221  -4.977506  -0.000000    0.000864 -0.000074  0.000000
   C  -1.221848  -2.838520  -0.000000   -0.000279 -0.000280  0.000000
   C  -0.004456  -0.711023  -0.000000   -0.000791  0.000050  0.000000
   C   1.221436   1.416274   0.000000   -0.000512  0.000261  0.000000
   C   2.453132   3.538340   0.000000   -0.000071  0.000275  0.000000
   C   3.655787   5.655516   0.000000    0.000249  0.000250  0.000000
   C   0.008528  -4.982316  -0.000000    0.001476 -0.000869  0.000000
   C   1.218094  -2.831134  -0.000000   -0.000522 -0.000112  0.000000
   C   2.451610  -0.713206  -0.000000   -0.000923  0.000180  0.000000
   C   3.671164   1.414114   0.000000   -0.000545  0.000160  0.000000
   C   4.899018   3.554920   0.000000   -0.000107 -0.000106  0.000000
   C   6.103066   5.683373   0.000000    0.000302 -0.000528  0.000000
   C   2.442235  -4.966439  -0.000000    0.000127  0.000141  0.000000
   C   3.661445  -2.839684  -0.000000   -0.000066 -0.000038  0.000000
   C   4.904877  -0.715068  -0.000000   -0.001172  0.000032  0.000000
   C   6.132903   1.413304   0.000000   -0.000516 -0.000292 -0.000000
   C   7.312632   3.610471   0.000000   -0.000205 -0.000163 -0.000000
   N   4.855174  -4.938231  -0.000000    0.001186  0.000118  0.000000
   C   6.135247  -2.878475  -0.000000    0.000474 -0.000356 -0.000000
   C   7.313479  -0.697960  -0.000000   -0.001483 -0.000804 -0.000000
   C   7.243637  -5.002268  -0.000000    0.001050  0.000970 -0.000000
   H   8.231240   5.547328   0.000000    0.000647 -0.000218 -0.000000
   H   8.272087   3.112912   0.000000   -0.000295 -0.000320 -0.000000
   H   8.270403   1.183190   0.000000   -0.000607 -0.001286 -0.000000
   H   8.265501  -1.208979  -0.000000   -0.001648 -0.001249 -0.000000
   H   8.283459  -3.137321  -0.000000    0.001205  0.001491 -0.000000
   H   8.140793  -5.607378  -0.000000    0.001208  0.001209 -0.000000
   H  -8.225955   5.558570  -0.000000    0.000482  0.000219 -0.000000
   H  -8.269546   3.124779  -0.000000   -0.000272  0.000236 -0.000000
   H  -8.269804   1.194753   0.000000   -0.000386  0.000795 -0.000000
   H  -8.268815  -1.197404   0.000000   -0.000399  0.000835 -0.000000
   H  -8.266809  -3.128590   0.000000   -0.000806 -0.000021 -0.000000
   H  -8.215643  -5.564387   0.000000    0.001296  0.000436 -0.000000
   H  -6.076420   6.777075  -0.000000    0.000196  0.000525  0.000000
   H  -3.645580   6.745310  -0.000000    0.000300  0.000320  0.000000
   H  -1.214234   6.738626  -0.000000    0.000251  0.000295  0.000000
   H   1.218594   6.737447   0.000000    0.000375  0.000466  0.000000
   H   3.652207   6.740072   0.000000    0.000485  0.000272  0.000000
   H   6.083364   6.766991   0.000000    0.000302 -0.000529  0.000000
   H  -6.067373  -6.778099   0.000000    0.000459 -0.000883  0.000000
   H  -3.638633  -6.743367   0.000000    0.000339  0.000936  0.000000
   H  -1.202444  -6.737514  -0.000000    0.000788  0.000181  0.000000
   H   1.255637  -6.739063  -0.000000    0.001716 -0.001503  0.000000
   H   3.771727  -6.683376  -0.000000    0.000530  0.001148  0.000000
   H   5.934751  -6.713894  -0.000000    0.001787  0.000253 -0.000000
converged SCF energy = -3001.29077598767
