1721415882.1466799

Geometry optimization cycle 1
Cartesian coordinates (Angstrom)
 Atom        New coordinates             dX        dY        dZ
   C  -7.338226   5.042760   0.000000    0.000000  0.000000  0.000000
   C  -7.365228   0.691139   0.000000    0.000000  0.000000  0.000000
   C  -6.173642   2.889413   0.000000    0.000000  0.000000  0.000000
   C  -4.910090   5.019617   0.000000    0.000000  0.000000  0.000000
   C  -7.358051  -3.642635   0.000000    0.000000  0.000000  0.000000
   C  -6.173475  -1.431785   0.000000    0.000000  0.000000  0.000000
   C  -4.940069   0.716689   0.000000    0.000000  0.000000  0.000000
   C  -3.694845   2.860312   0.000000    0.000000  0.000000  0.000000
   C  -2.457224   5.005715   0.000000    0.000000  0.000000  0.000000
   C  -6.138515  -5.727246   0.000000    0.000000  0.000000  0.000000
   N  -4.928214  -3.580071   0.000000    0.000000  0.000000  0.000000
   C  -3.698169  -1.425571   0.000000    0.000000  0.000000  0.000000
   C  -2.471779   0.716540   0.000000    0.000000  0.000000  0.000000
   C  -1.230705   2.851907   0.000000    0.000000 -0.000000  0.000000
   N   0.000000   5.003169   0.000000    0.000000  0.000000  0.000000
   C  -3.678966  -5.694052   0.000000    0.000000  0.000000  0.000000
   C  -2.466015  -3.560923   0.000000    0.000000  0.000000  0.000000
   C  -1.232423  -1.423207   0.000000    0.000000  0.000000  0.000000
   C   0.000000   0.715809   0.000000    0.000000  0.000000  0.000000
   C   1.230705   2.851907   0.000000    0.000000 -0.000000  0.000000
   C   2.457224   5.005715   0.000000    0.000000  0.000000  0.000000
   C  -1.226334  -5.685080   0.000000    0.000000  0.000000  0.000000
   C   0.000000  -3.557079   0.000000    0.000000  0.000000  0.000000
   C   1.232423  -1.423207   0.000000    0.000000  0.000000  0.000000
   C   2.471779   0.716540   0.000000    0.000000  0.000000  0.000000
   C   3.694845   2.860312   0.000000    0.000000  0.000000  0.000000
   C   4.910090   5.019617   0.000000    0.000000  0.000000  0.000000
   C   1.226334  -5.685080   0.000000    0.000000  0.000000  0.000000
   C   2.466015  -3.560923   0.000000    0.000000  0.000000  0.000000
   C   3.698169  -1.425571   0.000000    0.000000  0.000000  0.000000
   C   4.940069   0.716689   0.000000    0.000000  0.000000  0.000000
   C   6.173642   2.889413   0.000000    0.000000  0.000000  0.000000
   C   7.338226   5.042760   0.000000    0.000000  0.000000  0.000000
   C   3.678966  -5.694052   0.000000    0.000000  0.000000  0.000000
   C   4.928214  -3.580071   0.000000    0.000000  0.000000  0.000000
   C   6.173475  -1.431785   0.000000   -0.000000  0.000000  0.000000
   C   7.365228   0.691139   0.000000    0.000000  0.000000  0.000000
   N   6.138515  -5.727246   0.000000    0.000000  0.000000  0.000000
   C   7.358051  -3.642635   0.000000   -0.000000  0.000000  0.000000
   C  -7.358051   3.642635   0.000000    0.000000  0.000000  0.000000
   C  -6.138515   5.727246   0.000000    0.000000  0.000000  0.000000
   C  -7.365228  -0.691139   0.000000    0.000000  0.000000  0.000000
   C  -6.173475   1.431785   0.000000    0.000000  0.000000  0.000000
   C  -4.928214   3.580071   0.000000    0.000000 -0.000000  0.000000
   C  -3.678966   5.694052   0.000000    0.000000  0.000000  0.000000
   C  -7.338226  -5.042760   0.000000    0.000000  0.000000  0.000000
   C  -6.173642  -2.889413   0.000000    0.000000  0.000000  0.000000
   C  -4.940069  -0.716689   0.000000    0.000000  0.000000  0.000000
   C  -3.698169   1.425571   0.000000    0.000000  0.000000  0.000000
   C  -2.466015   3.560923   0.000000    0.000000 -0.000000  0.000000
   C  -1.226334   5.685080   0.000000    0.000000  0.000000  0.000000
   C  -4.910090  -5.019617   0.000000    0.000000  0.000000  0.000000
   C  -3.694845  -2.860312   0.000000    0.000000  0.000000  0.000000
   C  -2.471779  -0.716540   0.000000    0.000000  0.000000  0.000000
   C  -1.232423   1.423207   0.000000    0.000000  0.000000  0.000000
   C   0.000000   3.557079   0.000000    0.000000  0.000000  0.000000
   C   1.226334   5.685080   0.000000    0.000000  0.000000  0.000000
   N  -2.457224  -5.005715   0.000000    0.000000  0.000000  0.000000
   C  -1.230705  -2.851907   0.000000    0.000000  0.000000  0.000000
   C   0.000000  -0.715809   0.000000    0.000000  0.000000  0.000000
   C   1.232423   1.423207   0.000000    0.000000  0.000000  0.000000
   C   2.466015   3.560923   0.000000    0.000000 -0.000000  0.000000
   C   3.678966   5.694052   0.000000    0.000000  0.000000  0.000000
   C   0.000000  -5.003169   0.000000    0.000000  0.000000  0.000000
   C   1.230705  -2.851907   0.000000    0.000000  0.000000  0.000000
   N   2.471779  -0.716540   0.000000    0.000000  0.000000  0.000000
   C   3.698169   1.425571   0.000000    0.000000  0.000000  0.000000
   N   4.928214   3.580071   0.000000    0.000000 -0.000000  0.000000
   C   6.138515   5.727246   0.000000    0.000000  0.000000  0.000000
   C   2.457224  -5.005715   0.000000    0.000000  0.000000  0.000000
   C   3.694845  -2.860312   0.000000    0.000000  0.000000  0.000000
   C   4.940069  -0.716689   0.000000    0.000000  0.000000  0.000000
   C   6.173475   1.431785   0.000000   -0.000000  0.000000  0.000000
   C   7.358051   3.642635   0.000000   -0.000000  0.000000  0.000000
   C   4.910090  -5.019617   0.000000    0.000000  0.000000  0.000000
   C   6.173642  -2.889413   0.000000    0.000000  0.000000  0.000000
   C   7.365228  -0.691139   0.000000    0.000000  0.000000  0.000000
   C   7.338226  -5.042760   0.000000    0.000000  0.000000  0.000000
   H   8.282184   5.591425   0.000000    0.000000 -0.000000  0.000000
   H   8.325741   3.141106   0.000000    0.000000  0.000000  0.000000
   H   8.326715   1.204661   0.000000    0.000000  0.000000  0.000000
   H   8.326715  -1.204661   0.000000    0.000000  0.000000  0.000000
   H   8.325741  -3.141106   0.000000    0.000000  0.000000  0.000000
   H   8.282184  -5.591425   0.000000    0.000000  0.000000  0.000000
   H  -8.282184   5.591425   0.000000    0.000000 -0.000000  0.000000
   H  -8.325741   3.141106   0.000000    0.000000  0.000000  0.000000
   H  -8.326715   1.204661   0.000000    0.000000  0.000000  0.000000
   H  -8.326715  -1.204661   0.000000    0.000000  0.000000  0.000000
   H  -8.325741  -3.141106   0.000000    0.000000  0.000000  0.000000
   H  -8.282184  -5.591425   0.000000    0.000000  0.000000  0.000000
   H  -6.116625   6.819427   0.000000    0.000000  0.000000  0.000000
   H  -3.672757   6.787431   0.000000    0.000000  0.000000  0.000000
   H  -1.225580   6.778408   0.000000    0.000000 -0.000000  0.000000
   H   1.225580   6.778408   0.000000    0.000000 -0.000000  0.000000
   H   3.672757   6.787431   0.000000    0.000000  0.000000  0.000000
   H   6.116625   6.819427   0.000000   -0.000000  0.000000  0.000000
   H  -6.116625  -6.819427   0.000000    0.000000  0.000000  0.000000
   H  -3.672757  -6.787431   0.000000    0.000000  0.000000  0.000000
   H  -1.225580  -6.778408   0.000000    0.000000  0.000000  0.000000
   H   1.225580  -6.778408   0.000000    0.000000  0.000000  0.000000
   H   3.672757  -6.787431   0.000000    0.000000  0.000000  0.000000
   H   6.116625  -6.819427   0.000000   -0.000000  0.000000  0.000000
converged SCF energy = -3084.27456032234
--------------- RKS_Scanner gradients ---------------
         x                y                z
0 C    -0.0016467210     0.0097656488    -0.0000000000
1 C     0.0039294168     0.0127878836    -0.0000000000
2 C    -0.0015733089     0.0024773026     0.0000000000
3 C     0.0068161933     0.0012409242     0.0000000000
4 C    -0.0009552553     0.0047524238     0.0000000000
5 C    -0.0168548715     0.0102714693     0.0000000000
6 C     0.0026818027     0.0011794867     0.0000000000
7 C     0.0040232356     0.0116208983     0.0000000000
8 C     0.0106651737     0.0028583892     0.0000000000
9 C     0.0029821425    -0.0045380498     0.0000000000
10 N     0.0113223251     0.0010621697     0.0000000000
11 C     0.0097797190     0.0232820690    -0.0000000000
12 C     0.0033834710     0.0112440961    -0.0000000000
13 C     0.0108719655    -0.0119397733     0.0000000000
14 N     0.0234006352     0.0027573874     0.0000000000
15 C     0.0037524693    -0.0186763455     0.0000000000
16 C     0.0103112764     0.0310748388    -0.0000000000
17 C     0.0081683324     0.0098096639    -0.0000000000
18 C     0.0194357309     0.0074799567    -0.0000000000
19 C    -0.0072959643     0.0006836346     0.0000000000
20 C     0.0299194039    -0.0036346683     0.0000000000
21 C     0.0439683415    -0.0218191157    -0.0000000000
22 C     0.0076603440     0.0016585835    -0.0000000000
23 C     0.0073095279     0.0134069057    -0.0000000000
24 C     0.0057910786     0.0092667190     0.0000000000
25 C     0.0038032479    -0.0038506750     0.0000000000
26 C     0.0211910395     0.0048924862     0.0000000000
27 C     0.0153280697     0.0025009247     0.0000000000
28 C     0.0041951782     0.0271904347    -0.0000000000
29 C    -0.0024665841     0.0010959217     0.0000000000
30 C    -0.0156791384    -0.0008948209     0.0000000000
31 C     0.0006184721    -0.0023226132    -0.0000000000
32 C     0.0113592941    -0.0048366448    -0.0000000000
33 C    -0.0309005874    -0.0010761906    -0.0000000000
34 C    -0.0104414159     0.0001431692     0.0000000000
35 C     0.0057902751     0.0429746339     0.0000000000
36 C    -0.0162951913     0.0228928300    -0.0000000000
37 N     0.0069092571     0.0318779455    -0.0000000000
38 C    -0.0199234681     0.0514677703    -0.0000000000
39 C     0.0063929782    -0.0057358013     0.0000000000
40 C    -0.0050481918     0.0021429811     0.0000000000
41 C     0.0092239012    -0.0082148891    -0.0000000000
42 C    -0.0082145383    -0.0049837200    -0.0000000000
43 C     0.0024530326    -0.0025025211    -0.0000000000
44 C    -0.0154404746    -0.0010335159    -0.0000000000
45 C    -0.0076199936    -0.0062454941    -0.0000000000
46 C    -0.0087935000     0.0005852603     0.0000000000
47 C     0.0053185050    -0.0004213839     0.0000000000
48 C    -0.0005636744    -0.0090377039     0.0000000000
49 C    -0.0107566423     0.0008570038    -0.0000000000
50 C    -0.0338979856     0.0218243461    -0.0000000000
51 C    -0.0196450161    -0.0123774716    -0.0000000000
52 C     0.0102783548    -0.0016418173     0.0000000000
53 C    -0.0129451081    -0.0119604666     0.0000000000
54 C    -0.0134733938     0.0051000734     0.0000000000
55 C    -0.0037367776    -0.0230248755    -0.0000000000
56 C    -0.0084904414     0.0168722625    -0.0000000000
57 N    -0.0339734355    -0.0009032739     0.0000000000
58 C    -0.0063028633    -0.0008351381     0.0000000000
59 C    -0.0174527061    -0.0091918562     0.0000000000
60 C    -0.0114779411    -0.0003237490    -0.0000000000
61 C    -0.0176194130     0.0001869015    -0.0000000000
62 C    -0.0175117395     0.0096019305    -0.0000000000
63 C    -0.0175315165    -0.0101625372     0.0000000000
64 C    -0.0055865535    -0.0241318082     0.0000000000
65 N    -0.0063959297    -0.0152780090     0.0000000000
66 C    -0.0006527945    -0.0027042718    -0.0000000000
67 N    -0.0062015759    -0.0018103466     0.0000000000
68 C    -0.0122556598     0.0091120708     0.0000000000
69 C     0.0034306104    -0.0267151369     0.0000000000
70 C     0.0010838817    -0.0136879513    -0.0000000000
71 C     0.0207343960    -0.0054685399    -0.0000000000
72 C     0.0305317407    -0.0117919975     0.0000000000
73 C     0.0090589244     0.0060443332    -0.0000000000
74 C     0.0139671216     0.0118947573    -0.0000000000
75 C     0.0208398852    -0.0413642620    -0.0000000000
76 C    -0.0119044523    -0.0258300984     0.0000000000
77 C     0.0039217048    -0.0407393876     0.0000000000
78 H     0.0052852743     0.0027785954     0.0000000000
79 H     0.0092549815    -0.0010683325     0.0000000000
80 H     0.0055906889     0.0036617204     0.0000000000
81 H     0.0056262857    -0.0036734186    -0.0000000000
82 H     0.0052392439     0.0071485709     0.0000000000
83 H     0.0105767697     0.0019495612    -0.0000000000
84 H    -0.0046264084     0.0028573712     0.0000000000
85 H    -0.0054667563    -0.0030910180    -0.0000000000
86 H    -0.0057950181     0.0033452586     0.0000000000
87 H    -0.0055236617    -0.0034126407     0.0000000000
88 H    -0.0094806429     0.0012358224    -0.0000000000
89 H    -0.0054769893    -0.0027643984    -0.0000000000
90 H    -0.0000216947     0.0058856244    -0.0000000000
91 H     0.0002244976     0.0060329729    -0.0000000000
92 H    -0.0086576755     0.0092496178    -0.0000000000
93 H     0.0079579246     0.0098531710     0.0000000000
94 H    -0.0034620041     0.0083419637     0.0000000000
95 H     0.0026310558     0.0082311011    -0.0000000000
96 H    -0.0023344582    -0.0080076372    -0.0000000000
97 H    -0.0048320022    -0.0117595403     0.0000000000
98 H     0.0087502396    -0.0091904365     0.0000000000
99 H    -0.0000535923    -0.0059195241    -0.0000000000
100 H     0.0001565111    -0.0053873091    -0.0000000000
101 H    -0.0006407199    -0.0624960002     0.0000000000
----------------------------------------------
cycle 1: E = -3084.27456032  dE = -3084.27  norm(grad) = 0.200464

Geometry optimization cycle 2
