1721292097.2848134

Geometry optimization cycle 1
Cartesian coordinates (Angstrom)
 Atom        New coordinates             dX        dY        dZ
   C  -7.338226   5.042760   0.000000    0.000000  0.000000  0.000000
   C  -7.365228   0.691139   0.000000    0.000000  0.000000  0.000000
   C  -6.173642   2.889413   0.000000    0.000000  0.000000  0.000000
   C  -4.910090   5.019617   0.000000    0.000000  0.000000  0.000000
   C  -7.358051  -3.642635   0.000000    0.000000  0.000000  0.000000
   C  -6.173475  -1.431785   0.000000    0.000000  0.000000  0.000000
   C  -4.940069   0.716689   0.000000    0.000000  0.000000  0.000000
   C  -3.694845   2.860312   0.000000    0.000000  0.000000  0.000000
   C  -2.457224   5.005715   0.000000    0.000000  0.000000  0.000000
   C  -6.138515  -5.727246   0.000000    0.000000  0.000000  0.000000
   C  -4.928214  -3.580071   0.000000    0.000000  0.000000  0.000000
   C  -3.698169  -1.425571   0.000000    0.000000  0.000000  0.000000
   C  -2.471779   0.716540   0.000000    0.000000  0.000000  0.000000
   C  -1.230705   2.851907   0.000000    0.000000 -0.000000  0.000000
   C   0.000000   5.003169   0.000000    0.000000  0.000000  0.000000
   C  -3.678966  -5.694052   0.000000    0.000000  0.000000  0.000000
   C  -2.466015  -3.560923   0.000000    0.000000  0.000000  0.000000
   C  -1.232423  -1.423207   0.000000    0.000000  0.000000  0.000000
   N   0.000000   0.715809   0.000000    0.000000  0.000000  0.000000
   C   1.230705   2.851907   0.000000    0.000000 -0.000000  0.000000
   C   2.457224   5.005715   0.000000    0.000000  0.000000  0.000000
   C  -1.226334  -5.685080   0.000000    0.000000  0.000000  0.000000
   C   0.000000  -3.557079   0.000000    0.000000  0.000000  0.000000
   C   1.232423  -1.423207   0.000000    0.000000  0.000000  0.000000
   C   2.471779   0.716540   0.000000    0.000000  0.000000  0.000000
   C   3.694845   2.860312   0.000000    0.000000  0.000000  0.000000
   C   4.910090   5.019617   0.000000    0.000000  0.000000  0.000000
   C   1.226334  -5.685080   0.000000    0.000000  0.000000  0.000000
   C   2.466015  -3.560923   0.000000    0.000000  0.000000  0.000000
   C   3.698169  -1.425571   0.000000    0.000000  0.000000  0.000000
   C   4.940069   0.716689   0.000000    0.000000  0.000000  0.000000
   C   6.173642   2.889413   0.000000    0.000000  0.000000  0.000000
   C   7.338226   5.042760   0.000000    0.000000  0.000000  0.000000
   N   3.678966  -5.694052   0.000000    0.000000  0.000000  0.000000
   C   4.928214  -3.580071   0.000000    0.000000  0.000000  0.000000
   C   6.173475  -1.431785   0.000000   -0.000000  0.000000  0.000000
   C   7.365228   0.691139   0.000000    0.000000  0.000000  0.000000
   C   6.138515  -5.727246   0.000000    0.000000  0.000000  0.000000
   C   7.358051  -3.642635   0.000000   -0.000000  0.000000  0.000000
   C  -7.358051   3.642635   0.000000    0.000000  0.000000  0.000000
   C  -6.138515   5.727246   0.000000    0.000000  0.000000  0.000000
   C  -7.365228  -0.691139   0.000000    0.000000  0.000000  0.000000
   C  -6.173475   1.431785   0.000000    0.000000  0.000000  0.000000
   C  -4.928214   3.580071   0.000000    0.000000 -0.000000  0.000000
   C  -3.678966   5.694052   0.000000    0.000000  0.000000  0.000000
   N  -7.338226  -5.042760   0.000000    0.000000  0.000000  0.000000
   C  -6.173642  -2.889413   0.000000    0.000000  0.000000  0.000000
   C  -4.940069  -0.716689   0.000000    0.000000  0.000000  0.000000
   C  -3.698169   1.425571   0.000000    0.000000  0.000000  0.000000
   C  -2.466015   3.560923   0.000000    0.000000 -0.000000  0.000000
   C  -1.226334   5.685080   0.000000    0.000000  0.000000  0.000000
   C  -4.910090  -5.019617   0.000000    0.000000  0.000000  0.000000
   C  -3.694845  -2.860312   0.000000    0.000000  0.000000  0.000000
   C  -2.471779  -0.716540   0.000000    0.000000  0.000000  0.000000
   C  -1.232423   1.423207   0.000000    0.000000  0.000000  0.000000
   C   0.000000   3.557079   0.000000    0.000000  0.000000  0.000000
   C   1.226334   5.685080   0.000000    0.000000  0.000000  0.000000
   C  -2.457224  -5.005715   0.000000    0.000000  0.000000  0.000000
   C  -1.230705  -2.851907   0.000000    0.000000  0.000000  0.000000
   C   0.000000  -0.715809   0.000000    0.000000  0.000000  0.000000
   C   1.232423   1.423207   0.000000    0.000000  0.000000  0.000000
   C   2.466015   3.560923   0.000000    0.000000 -0.000000  0.000000
   C   3.678966   5.694052   0.000000    0.000000  0.000000  0.000000
   N   0.000000  -5.003169   0.000000    0.000000  0.000000  0.000000
   N   1.230705  -2.851907   0.000000    0.000000  0.000000  0.000000
   C   2.471779  -0.716540   0.000000    0.000000  0.000000  0.000000
   C   3.698169   1.425571   0.000000    0.000000  0.000000  0.000000
   C   4.928214   3.580071   0.000000    0.000000 -0.000000  0.000000
   C   6.138515   5.727246   0.000000    0.000000  0.000000  0.000000
   C   2.457224  -5.005715   0.000000    0.000000  0.000000  0.000000
   C   3.694845  -2.860312   0.000000    0.000000  0.000000  0.000000
   C   4.940069  -0.716689   0.000000    0.000000  0.000000  0.000000
   C   6.173475   1.431785   0.000000   -0.000000  0.000000  0.000000
   C   7.358051   3.642635   0.000000   -0.000000  0.000000  0.000000
   C   4.910090  -5.019617   0.000000    0.000000  0.000000  0.000000
   C   6.173642  -2.889413   0.000000    0.000000  0.000000  0.000000
   C   7.365228  -0.691139   0.000000    0.000000  0.000000  0.000000
   C   7.338226  -5.042760   0.000000    0.000000  0.000000  0.000000
   H   8.282184   5.591425   0.000000    0.000000 -0.000000  0.000000
   H   8.325741   3.141106   0.000000    0.000000  0.000000  0.000000
   H   8.326715   1.204661   0.000000    0.000000  0.000000  0.000000
   H   8.326715  -1.204661   0.000000    0.000000  0.000000  0.000000
   H   8.325741  -3.141106   0.000000    0.000000  0.000000  0.000000
   H   8.282184  -5.591425   0.000000    0.000000  0.000000  0.000000
   H  -8.282184   5.591425   0.000000    0.000000 -0.000000  0.000000
   H  -8.325741   3.141106   0.000000    0.000000  0.000000  0.000000
   H  -8.326715   1.204661   0.000000    0.000000  0.000000  0.000000
   H  -8.326715  -1.204661   0.000000    0.000000  0.000000  0.000000
   H  -8.325741  -3.141106   0.000000    0.000000  0.000000  0.000000
   H  -8.282184  -5.591425   0.000000    0.000000  0.000000  0.000000
   H  -6.116625   6.819427   0.000000    0.000000  0.000000  0.000000
   H  -3.672757   6.787431   0.000000    0.000000  0.000000  0.000000
   H  -1.225580   6.778408   0.000000    0.000000 -0.000000  0.000000
   H   1.225580   6.778408   0.000000    0.000000 -0.000000  0.000000
   H   3.672757   6.787431   0.000000    0.000000  0.000000  0.000000
   H   6.116625   6.819427   0.000000   -0.000000  0.000000  0.000000
   H  -6.116625  -6.819427   0.000000    0.000000  0.000000  0.000000
   H  -3.672757  -6.787431   0.000000    0.000000  0.000000  0.000000
   H  -1.225580  -6.778408   0.000000    0.000000  0.000000  0.000000
   H   1.225580  -6.778408   0.000000    0.000000  0.000000  0.000000
   H   3.672757  -6.787431   0.000000    0.000000  0.000000  0.000000
   H   6.116625  -6.819427   0.000000   -0.000000  0.000000  0.000000
converged SCF energy = -3067.65544645118
--------------- ROKS_Scanner gradients ---------------
         x                y                z
0 C    -0.0072284764    -0.0025098187    -0.0000000000
1 C    -0.0002250795     0.0043048143     0.0000000000
2 C     0.0030729433    -0.0079270995     0.0000000000
3 C    -0.0092278187    -0.0020882966    -0.0000000000
4 C     0.0048196971     0.0297789357     0.0000000000
5 C     0.0014405901    -0.0013973411     0.0000000000
6 C     0.0047349933     0.0008124407     0.0000000000
7 C     0.0016120335    -0.0021837178     0.0000000000
8 C    -0.0081302145    -0.0061856300    -0.0000000000
9 C     0.0132790735    -0.0136266754     0.0000000000
10 C     0.0021283186    -0.0033274488     0.0000000000
11 C    -0.0011136608    -0.0010424084     0.0000000000
12 C    -0.0045534215    -0.0017334151    -0.0000000000
13 C    -0.0053862007     0.0067183209     0.0000000000
14 C     0.0002734538    -0.0043366048     0.0000000000
15 C     0.0067767419     0.0032325042    -0.0000000000
16 C    -0.0039689541     0.0063017465     0.0000000000
17 C     0.0042902249    -0.0191820658    -0.0000000000
18 N    -0.0050929650    -0.0045482491    -0.0000000000
19 C     0.0035646216     0.0056217930    -0.0000000000
20 C     0.0076638187    -0.0055649231    -0.0000000000
21 C    -0.0112997549    -0.0182838211    -0.0000000000
22 C     0.0012374134     0.0361999439    -0.0000000000
23 C    -0.0060448879    -0.0156956997     0.0000000000
24 C     0.0078207571    -0.0010471361    -0.0000000000
25 C    -0.0019334617    -0.0001974392    -0.0000000000
26 C     0.0083490056    -0.0016968619     0.0000000000
27 C    -0.0213594070    -0.0013142540     0.0000000000
28 C    -0.0231475225     0.0117864356     0.0000000000
29 C    -0.0076242867     0.0098754119     0.0000000000
30 C    -0.0079409745     0.0014963197     0.0000000000
31 C    -0.0022198821    -0.0071077376     0.0000000000
32 C     0.0068442974    -0.0020791632     0.0000000000
33 N     0.0062482675     0.0247575713    -0.0000000000
34 C    -0.0060516276     0.0206899312     0.0000000000
35 C     0.0045591108    -0.0031898376     0.0000000000
36 C    -0.0015764152     0.0056976726     0.0000000000
37 C     0.0290229236     0.0005033688    -0.0000000000
38 C    -0.0045701772     0.0120040450    -0.0000000000
39 C    -0.0005593492     0.0064265473    -0.0000000000
40 C     0.0073173675     0.0033629912     0.0000000000
41 C    -0.0003420238    -0.0024899582    -0.0000000000
42 C    -0.0043009925     0.0031572093    -0.0000000000
43 C     0.0013849979     0.0028329469    -0.0000000000
44 C     0.0067972548     0.0053660400     0.0000000000
45 N     0.0090840592    -0.0089023566     0.0000000000
46 C    -0.0065247502     0.0079318612    -0.0000000000
47 C     0.0002245624     0.0019425903    -0.0000000000
48 C    -0.0081014631    -0.0026853614    -0.0000000000
49 C     0.0055161026     0.0031864703     0.0000000000
50 C     0.0054200631     0.0077323492    -0.0000000000
51 C    -0.0011798408     0.0041948039    -0.0000000000
52 C     0.0033490826    -0.0003569976    -0.0000000000
53 C    -0.0027591489     0.0114431379     0.0000000000
54 C    -0.0101289418     0.0063196759     0.0000000000
55 C     0.0002744579    -0.0059843954    -0.0000000000
56 C    -0.0052831529     0.0077524901     0.0000000000
57 C    -0.0091106216    -0.0046833375     0.0000000000
58 C    -0.0086684314     0.0138962265     0.0000000000
59 C    -0.0031023134     0.0011182143     0.0000000000
60 C     0.0126461354     0.0057192678     0.0000000000
61 C    -0.0035665691     0.0029420806     0.0000000000
62 C    -0.0061733593     0.0050175761     0.0000000000
63 N     0.0077207292    -0.0449596905     0.0000000000
64 N     0.0109843627     0.0102979148     0.0000000000
65 C     0.0156549016     0.0180761691    -0.0000000000
66 C     0.0092062774    -0.0042456885    -0.0000000000
67 C    -0.0013957992     0.0028044407    -0.0000000000
68 C    -0.0064610572     0.0032866667    -0.0000000000
69 C     0.0220602763    -0.0072622352    -0.0000000000
70 C     0.0243770987    -0.0121259754    -0.0000000000
71 C    -0.0034434020     0.0014106072    -0.0000000000
72 C     0.0070373852     0.0034016888    -0.0000000000
73 C     0.0004930356     0.0058695718    -0.0000000000
74 C    -0.0130916752    -0.0023765393     0.0000000000
75 C     0.0057448932     0.0049186285     0.0000000000
76 C    -0.0005009425    -0.0039630299    -0.0000000000
77 C    -0.0038266498    -0.0197480246     0.0000000000
78 H     0.0047576104     0.0027472653     0.0000000000
79 H     0.0054518536    -0.0028973498     0.0000000000
80 H     0.0059448044     0.0028602116     0.0000000000
81 H     0.0054480471    -0.0030602926     0.0000000000
82 H     0.0060890516     0.0031818953     0.0000000000
83 H     0.0057204388    -0.0026079762    -0.0000000000
84 H    -0.0047401508     0.0027277215     0.0000000000
85 H    -0.0053067948    -0.0029571230     0.0000000000
86 H    -0.0059778025     0.0027199325     0.0000000000
87 H    -0.0044463138    -0.0035293160    -0.0000000000
88 H    -0.0044998660     0.0113962843    -0.0000000000
89 H    -0.0516581917    -0.0303687623    -0.0000000000
90 H     0.0001115016     0.0059541996    -0.0000000000
91 H    -0.0002545608     0.0064336163    -0.0000000000
92 H    -0.0001562381     0.0067565672     0.0000000000
93 H     0.0001784755     0.0067309599     0.0000000000
94 H     0.0002649564     0.0063925271    -0.0000000000
95 H    -0.0001049752     0.0059259799     0.0000000000
96 H     0.0086899577    -0.0088613094     0.0000000000
97 H     0.0000174538    -0.0062773815     0.0000000000
98 H    -0.0093418533    -0.0101044971     0.0000000000
99 H     0.0084624522    -0.0100139482     0.0000000000
100 H     0.0000415273    -0.0621645894     0.0000000000
101 H    -0.0004875102    -0.0050474167     0.0000000000
----------------------------------------------
cycle 1: E = -3067.65544645  dE = -3067.66  norm(grad) = 0.154936

Geometry optimization cycle 2
Cartesian coordinates (Angstrom)
 Atom        New coordinates             dX        dY        dZ
   C  -7.303666   4.937278   0.000000    0.034559 -0.105482  0.000000
   C  -7.298048   0.646544   0.000000    0.067180 -0.044595  0.000000
   C  -6.137853   2.835218   0.000000    0.035789 -0.054195  0.000000
   C  -4.885281   4.958117   0.000000    0.024809 -0.061500  0.000000
   C  -7.277083  -3.596231   0.000000    0.080968  0.046404  0.000000
   C  -6.109981  -1.444233   0.000000    0.063494 -0.012448  0.000000
   C  -4.887724   0.695118  -0.000000    0.052345 -0.021571 -0.000000
   C  -3.674352   2.829056  -0.000000    0.020493 -0.031256 -0.000000
   C  -2.443109   4.964579  -0.000000    0.014115 -0.041136 -0.000000
   C  -6.014397  -5.673970   0.000000    0.124118  0.053276  0.000000
   C  -4.849909  -3.579042  -0.000000    0.078305  0.001029 -0.000000
   C  -3.655837  -1.419421  -0.000000    0.042332  0.006150 -0.000000
   C  -2.432371   0.715036  -0.000000    0.039408 -0.001503 -0.000000
   C  -1.218538   2.831503  -0.000000    0.012167 -0.020404 -0.000000
   C   0.003842   4.979822  -0.000000    0.003842 -0.023346 -0.000000
   C  -3.566828  -5.689205  -0.000000    0.112138  0.004847 -0.000000
   C  -2.419455  -3.518308  -0.000000    0.046559  0.042615 -0.000000
   C  -1.215108  -1.374968  -0.000000    0.017315  0.048239 -0.000000
   N   0.004925   0.731369  -0.000000    0.004925  0.015560 -0.000000
   C   1.214569   2.838147  -0.000000   -0.016136 -0.013760 -0.000000
   C   2.444292   4.965534  -0.000000   -0.012931 -0.040181 -0.000000
   C  -1.140394  -5.534374  -0.000000    0.085941  0.150706 -0.000000
   C   0.009724  -3.470323  -0.000000    0.009724  0.086756 -0.000000
   C   1.219175  -1.363684  -0.000000   -0.013248  0.059523 -0.000000
   C   2.427387   0.716368  -0.000000   -0.044392 -0.000172 -0.000000
   C   3.672086   2.832499  -0.000000   -0.022759 -0.027813 -0.000000
   C   4.883010   4.959346  -0.000000   -0.027080 -0.060271 -0.000000
   C   1.189255  -5.552940  -0.000000   -0.037080  0.132140 -0.000000
   C   2.433397  -3.452118  -0.000000   -0.032618  0.108805 -0.000000
   C   3.673337  -1.397421  -0.000000   -0.024831  0.028150 -0.000000
   C   4.893078   0.699169  -0.000000   -0.046990 -0.017520 -0.000000
   C   6.141411   2.844290   0.000000   -0.032231 -0.045124  0.000000
   C   7.295710   4.958911   0.000000   -0.042516 -0.083849  0.000000
   N   3.543367  -5.494331  -0.000000   -0.135600  0.199721 -0.000000
   C   4.862107  -3.543798  -0.000000   -0.066107  0.036272 -0.000000
   C   6.127169  -1.443131   0.000000   -0.046306 -0.011346  0.000000
   C   7.300637   0.652492   0.000000   -0.064591 -0.038647  0.000000
   C   5.944062  -5.727065   0.000000   -0.194453  0.000181  0.000000
   C   7.269817  -3.678281   0.000000   -0.088234 -0.035646  0.000000
   C  -7.334225   3.543715   0.000000    0.023827 -0.098921  0.000000
   C  -6.125338   5.633776   0.000000    0.013178 -0.093470  0.000000
   C  -7.304649  -0.723865   0.000000    0.060579 -0.032726  0.000000
   C  -6.116785   1.388333   0.000000    0.056690 -0.043452  0.000000
   C  -4.906540   3.531007   0.000000    0.021674 -0.049064  0.000000
   C  -3.669933   5.630448  -0.000000    0.009033 -0.063604 -0.000000
   N  -7.121214  -4.922475   0.000000    0.217012  0.120285  0.000000
   C  -6.082324  -2.888299   0.000000    0.091318  0.001115  0.000000
   C  -4.891565  -0.725784  -0.000000    0.048504 -0.009095 -0.000000
   C  -3.653337   1.407636  -0.000000    0.044832 -0.017935 -0.000000
   C  -2.456545   3.527929  -0.000000    0.009469 -0.032994 -0.000000
   C  -1.225677   5.636477  -0.000000    0.000658 -0.048602 -0.000000
   C  -4.782439  -5.012412   0.000000    0.127651  0.007205  0.000000
   C  -3.646037  -2.840873  -0.000000    0.048808  0.019439 -0.000000
   C  -2.445952  -0.706180  -0.000000    0.025827  0.010359 -0.000000
   C  -1.206719   1.416985  -0.000000    0.025704 -0.006222 -0.000000
   C  -0.004295   3.547088  -0.000000   -0.004295 -0.009991 -0.000000
   C   1.229419   5.642284  -0.000000    0.003085 -0.042796 -0.000000
   C  -2.387409  -4.939531  -0.000000    0.069815  0.066184 -0.000000
   C  -1.207011  -2.797984  -0.000000    0.023693  0.053923 -0.000000
   C   0.002759  -0.674355  -0.000000    0.002759  0.041454 -0.000000
   C   1.206434   1.424771  -0.000000   -0.025988  0.001564 -0.000000
   C   2.452380   3.529864  -0.000000   -0.013635 -0.031059 -0.000000
   C   3.668364   5.634514  -0.000000   -0.010602 -0.059538 -0.000000
   N   0.017406  -4.830925  -0.000000    0.017406  0.172244 -0.000000
   N   1.206595  -2.770844  -0.000000   -0.024110  0.081063 -0.000000
   C   2.445511  -0.704229  -0.000000   -0.026268  0.012310 -0.000000
   C   3.651220   1.412202  -0.000000   -0.046949 -0.013369 -0.000000
   C   4.905591   3.531531  -0.000000   -0.022624 -0.048540 -0.000000
   C   6.113817   5.649887   0.000000   -0.024699 -0.077358  0.000000
   C   2.347137  -4.840052  -0.000000   -0.110087  0.165663 -0.000000
   C   3.645984  -2.796423  -0.000000   -0.048861  0.063889 -0.000000
   C   4.912665  -0.719599  -0.000000   -0.027404 -0.002911 -0.000000
   C   6.117370   1.397636   0.000000   -0.056105 -0.034149  0.000000
   C   7.330504   3.565643   0.000000   -0.027548 -0.076992  0.000000
   C   4.804169  -4.945678   0.000000   -0.105922  0.073939  0.000000
   C   6.111490  -2.895291   0.000000   -0.062152 -0.005878  0.000000
   C   7.318286  -0.717678   0.000000   -0.046942 -0.026539  0.000000
   C   7.153840  -5.053553   0.000000   -0.184386 -0.010793  0.000000
   H   8.232281   5.503567   0.000000   -0.049903 -0.087858  0.000000
   H   8.287489   3.063879   0.000000   -0.038251 -0.077227  0.000000
   H   8.250594   1.166304   0.000000   -0.076121 -0.038358  0.000000
   H   8.272815  -1.224059   0.000000   -0.053900 -0.019397  0.000000
   H   8.251471  -3.229214   0.000000   -0.074270 -0.088108  0.000000
   H   8.064571  -5.638240   0.000000   -0.217613 -0.046815  0.000000
   H  -8.242372   5.478323   0.000000    0.039812 -0.113102  0.000000
   H  -8.288286   3.036083   0.000000    0.037455 -0.105023  0.000000
   H  -8.249337   1.158003   0.000000    0.077378 -0.046658  0.000000
   H  -8.259786  -1.231249   0.000000    0.066929 -0.026587  0.000000
   H  -8.271894  -3.186481   0.000000    0.053847 -0.045375  0.000000
   H  -7.980614  -5.434145   0.000000    0.301570  0.157280  0.000000
   H  -6.124750   6.717052   0.000000   -0.008125 -0.102374  0.000000
   H  -3.672547   6.713955   0.000000    0.000210 -0.073477  0.000000
   H  -1.232967   6.719398  -0.000000   -0.007387 -0.059010 -0.000000
   H   1.235977   6.725249  -0.000000    0.010397 -0.053159 -0.000000
   H   3.670433   6.718085  -0.000000   -0.002323 -0.069346 -0.000000
   H   6.103874   6.733162   0.000000   -0.012752 -0.086264  0.000000
   H  -6.110008  -6.748282   0.000000    0.006617  0.071145  0.000000
   H  -3.535467  -6.772497  -0.000000    0.137290  0.014935 -0.000000
   H  -1.022164  -6.605677  -0.000000    0.203416  0.172731 -0.000000
   H   1.131123  -6.629316  -0.000000   -0.094457  0.149091 -0.000000
   H   3.496191  -6.491048  -0.000000   -0.176565  0.296383 -0.000000
   H   5.876922  -6.809636   0.000000   -0.239704  0.009790  0.000000
converged SCF energy = -3067.70087414084
--------------- ROKS_Scanner gradients ---------------
         x                y                z
0 C     0.0036322583    -0.0037093837     0.0000000000
1 C     0.0029182004     0.0022736966     0.0000000000
2 C     0.0036393593     0.0005781543    -0.0000000000
3 C    -0.0009824079     0.0008664012     0.0000000000
4 C    -0.0238178939     0.0153382693     0.0000000000
5 C    -0.0073493119     0.0023479488    -0.0000000000
6 C     0.0033368940     0.0014850976    -0.0000000000
7 C    -0.0001020276    -0.0012088303     0.0000000000
8 C    -0.0010490695     0.0010807690     0.0000000000
9 C    -0.0029621235    -0.0142302819     0.0000000000
10 C     0.0021753973    -0.0051694132    -0.0000000000
11 C     0.0025830099     0.0032450356    -0.0000000000
12 C     0.0048634966    -0.0008674604     0.0000000000
13 C    -0.0002350582    -0.0002797702     0.0000000000
14 C     0.0034391515     0.0009281894     0.0000000000
15 C     0.0097411116    -0.0091681962    -0.0000000000
16 C    -0.0014205454    -0.0007073422    -0.0000000000
17 C     0.0042379238    -0.0006630625    -0.0000000000
18 N     0.0010731690    -0.0020578612    -0.0000000000
19 C    -0.0006805154     0.0008963344     0.0000000000
20 C     0.0010158921    -0.0005591722     0.0000000000
21 C     0.0080314117     0.0021262023     0.0000000000
22 C    -0.0062209648     0.0121333083    -0.0000000000
23 C    -0.0006811860     0.0033206489     0.0000000000
24 C    -0.0065583592    -0.0035118706     0.0000000000
25 C    -0.0002181516     0.0026537878     0.0000000000
26 C     0.0016982080    -0.0014278431    -0.0000000000
27 C    -0.0102986541    -0.0039551266     0.0000000000
28 C     0.0104085567     0.0030123285    -0.0000000000
29 C    -0.0027441851     0.0030245935     0.0000000000
30 C    -0.0066377916    -0.0025307967     0.0000000000
31 C    -0.0004648511     0.0010409628    -0.0000000000
32 C    -0.0035100416    -0.0037545036    -0.0000000000
33 N    -0.0043445184     0.0139971430     0.0000000000
34 C    -0.0094945044     0.0003114711    -0.0000000000
35 C     0.0008335934     0.0032844057    -0.0000000000
36 C    -0.0059460326     0.0009060184    -0.0000000000
37 C     0.0053211344    -0.0066944755     0.0000000000
38 C     0.0061694968     0.0065888201     0.0000000000
39 C    -0.0053171134    -0.0016687165    -0.0000000000
40 C     0.0015748686    -0.0011943526    -0.0000000000
41 C     0.0000545861    -0.0014674219    -0.0000000000
42 C    -0.0042392360     0.0001982387     0.0000000000
43 C    -0.0012546975     0.0026859083    -0.0000000000
44 C     0.0022893955    -0.0021931642    -0.0000000000
45 N     0.0301819643     0.0166551718    -0.0000000000
46 C    -0.0020946460    -0.0183305686     0.0000000000
47 C    -0.0006745099    -0.0010522295     0.0000000000
48 C    -0.0019655057    -0.0021400617    -0.0000000000
49 C    -0.0003456137     0.0013459526    -0.0000000000
50 C     0.0009067712    -0.0025427300     0.0000000000
51 C    -0.0032165579     0.0073946501     0.0000000000
52 C    -0.0013690159    -0.0060960000     0.0000000000
53 C    -0.0047463099     0.0030107112    -0.0000000000
54 C    -0.0027899170     0.0006036528    -0.0000000000
55 C    -0.0030849469    -0.0005250314    -0.0000000000
56 C     0.0002140367     0.0002463897     0.0000000000
57 C    -0.0114265001     0.0059635439    -0.0000000000
58 C     0.0032855526    -0.0025799972     0.0000000000
59 C    -0.0014182071    -0.0024475146     0.0000000000
60 C     0.0038665677     0.0035120155    -0.0000000000
61 C     0.0004417948    -0.0009567460    -0.0000000000
62 C    -0.0016952374    -0.0001091088    -0.0000000000
63 N     0.0095287716    -0.0139769540     0.0000000000
64 N     0.0048117907    -0.0080510781     0.0000000000
65 C     0.0071008966    -0.0012516129    -0.0000000000
66 C     0.0018331194     0.0011729959    -0.0000000000
67 C     0.0011488791    -0.0009044526    -0.0000000000
68 C    -0.0022542355     0.0010745919     0.0000000000
69 C    -0.0221788985     0.0109630082    -0.0000000000
70 C     0.0017490167    -0.0013021434     0.0000000000
71 C     0.0029525933    -0.0017068614    -0.0000000000
72 C     0.0024188272     0.0026393550     0.0000000000
73 C     0.0042508949    -0.0000945729     0.0000000000
74 C     0.0124153384    -0.0055958701     0.0000000000
75 C     0.0054734419    -0.0091686101     0.0000000000
76 C     0.0016665853    -0.0031995939     0.0000000000
77 C    -0.0156804985     0.0038580044    -0.0000000000
78 H    -0.0006188763    -0.0007187404     0.0000000000
79 H     0.0004597909    -0.0008097609    -0.0000000000
80 H    -0.0001792039    -0.0003998449     0.0000000000
81 H    -0.0002426170     0.0004989921     0.0000000000
82 H     0.0000547136     0.0000957045    -0.0000000000
83 H    -0.0014021809     0.0013466295     0.0000000000
84 H     0.0005135672    -0.0009465200    -0.0000000000
85 H    -0.0006158459    -0.0012714591     0.0000000000
86 H    -0.0000203561     0.0000366880    -0.0000000000
87 H     0.0000345164    -0.0004066498     0.0000000000
88 H    -0.0003990908     0.0031025262    -0.0000000000
89 H     0.0069603755     0.0067166887    -0.0000000000
90 H     0.0004642723    -0.0004821468    -0.0000000000
91 H    -0.0000423795    -0.0007526252     0.0000000000
92 H     0.0001034341    -0.0009833621    -0.0000000000
93 H     0.0001358827    -0.0007024562    -0.0000000000
94 H     0.0000377957    -0.0005620500     0.0000000000
95 H    -0.0003293791    -0.0002754597    -0.0000000000
96 H     0.0039394491    -0.0006121312    -0.0000000000
97 H     0.0000853171    -0.0013313501     0.0000000000
98 H    -0.0005851000     0.0005363238     0.0000000000
99 H     0.0017274080    -0.0020322391    -0.0000000000
100 H    -0.0002317950     0.0076069313    -0.0000000000
101 H    -0.0016857161    -0.0013236065    -0.0000000000
----------------------------------------------
cycle 2: E = -3067.70087414  dE = -0.0454277  norm(grad) = 0.0805556

Geometry optimization cycle 3
