1721292963.1971185

Geometry optimization cycle 1
Cartesian coordinates (Angstrom)
 Atom        New coordinates             dX        dY        dZ
   C  -7.338226   5.042760   0.000000    0.000000  0.000000  0.000000
   C  -7.365228   0.691139   0.000000    0.000000  0.000000  0.000000
   C  -6.173642   2.889413   0.000000    0.000000  0.000000  0.000000
   C  -4.910090   5.019617   0.000000    0.000000  0.000000  0.000000
   C  -7.358051  -3.642635   0.000000    0.000000  0.000000  0.000000
   N  -6.173475  -1.431785   0.000000    0.000000  0.000000  0.000000
   C  -4.940069   0.716689   0.000000    0.000000  0.000000  0.000000
   C  -3.694845   2.860312   0.000000    0.000000  0.000000  0.000000
   C  -2.457224   5.005715   0.000000    0.000000  0.000000  0.000000
   C  -6.138515  -5.727246   0.000000    0.000000  0.000000  0.000000
   C  -4.928214  -3.580071   0.000000    0.000000  0.000000  0.000000
   C  -3.698169  -1.425571   0.000000    0.000000  0.000000  0.000000
   C  -2.471779   0.716540   0.000000    0.000000  0.000000  0.000000
   C  -1.230705   2.851907   0.000000    0.000000 -0.000000  0.000000
   C   0.000000   5.003169   0.000000    0.000000  0.000000  0.000000
   C  -3.678966  -5.694052   0.000000    0.000000  0.000000  0.000000
   C  -2.466015  -3.560923   0.000000    0.000000  0.000000  0.000000
   C  -1.232423  -1.423207   0.000000    0.000000  0.000000  0.000000
   C   0.000000   0.715809   0.000000    0.000000  0.000000  0.000000
   C   1.230705   2.851907   0.000000    0.000000 -0.000000  0.000000
   C   2.457224   5.005715   0.000000    0.000000  0.000000  0.000000
   C  -1.226334  -5.685080   0.000000    0.000000  0.000000  0.000000
   C   0.000000  -3.557079   0.000000    0.000000  0.000000  0.000000
   C   1.232423  -1.423207   0.000000    0.000000  0.000000  0.000000
   C   2.471779   0.716540   0.000000    0.000000  0.000000  0.000000
   C   3.694845   2.860312   0.000000    0.000000  0.000000  0.000000
   C   4.910090   5.019617   0.000000    0.000000  0.000000  0.000000
   C   1.226334  -5.685080   0.000000    0.000000  0.000000  0.000000
   C   2.466015  -3.560923   0.000000    0.000000  0.000000  0.000000
   N   3.698169  -1.425571   0.000000    0.000000  0.000000  0.000000
   C   4.940069   0.716689   0.000000    0.000000  0.000000  0.000000
   C   6.173642   2.889413   0.000000    0.000000  0.000000  0.000000
   N   7.338226   5.042760   0.000000    0.000000  0.000000  0.000000
   C   3.678966  -5.694052   0.000000    0.000000  0.000000  0.000000
   C   4.928214  -3.580071   0.000000    0.000000  0.000000  0.000000
   C   6.173475  -1.431785   0.000000   -0.000000  0.000000  0.000000
   C   7.365228   0.691139   0.000000    0.000000  0.000000  0.000000
   C   6.138515  -5.727246   0.000000    0.000000  0.000000  0.000000
   N   7.358051  -3.642635   0.000000   -0.000000  0.000000  0.000000
   N  -7.358051   3.642635   0.000000    0.000000  0.000000  0.000000
   C  -6.138515   5.727246   0.000000    0.000000  0.000000  0.000000
   C  -7.365228  -0.691139   0.000000    0.000000  0.000000  0.000000
   C  -6.173475   1.431785   0.000000    0.000000  0.000000  0.000000
   C  -4.928214   3.580071   0.000000    0.000000 -0.000000  0.000000
   C  -3.678966   5.694052   0.000000    0.000000  0.000000  0.000000
   C  -7.338226  -5.042760   0.000000    0.000000  0.000000  0.000000
   C  -6.173642  -2.889413   0.000000    0.000000  0.000000  0.000000
   C  -4.940069  -0.716689   0.000000    0.000000  0.000000  0.000000
   C  -3.698169   1.425571   0.000000    0.000000  0.000000  0.000000
   C  -2.466015   3.560923   0.000000    0.000000 -0.000000  0.000000
   C  -1.226334   5.685080   0.000000    0.000000  0.000000  0.000000
   C  -4.910090  -5.019617   0.000000    0.000000  0.000000  0.000000
   C  -3.694845  -2.860312   0.000000    0.000000  0.000000  0.000000
   C  -2.471779  -0.716540   0.000000    0.000000  0.000000  0.000000
   C  -1.232423   1.423207   0.000000    0.000000  0.000000  0.000000
   C   0.000000   3.557079   0.000000    0.000000  0.000000  0.000000
   C   1.226334   5.685080   0.000000    0.000000  0.000000  0.000000
   N  -2.457224  -5.005715   0.000000    0.000000  0.000000  0.000000
   C  -1.230705  -2.851907   0.000000    0.000000  0.000000  0.000000
   C   0.000000  -0.715809   0.000000    0.000000  0.000000  0.000000
   C   1.232423   1.423207   0.000000    0.000000  0.000000  0.000000
   N   2.466015   3.560923   0.000000    0.000000 -0.000000  0.000000
   C   3.678966   5.694052   0.000000    0.000000  0.000000  0.000000
   C   0.000000  -5.003169   0.000000    0.000000  0.000000  0.000000
   C   1.230705  -2.851907   0.000000    0.000000  0.000000  0.000000
   C   2.471779  -0.716540   0.000000    0.000000  0.000000  0.000000
   C   3.698169   1.425571   0.000000    0.000000  0.000000  0.000000
   C   4.928214   3.580071   0.000000    0.000000 -0.000000  0.000000
   C   6.138515   5.727246   0.000000    0.000000  0.000000  0.000000
   C   2.457224  -5.005715   0.000000    0.000000  0.000000  0.000000
   N   3.694845  -2.860312   0.000000    0.000000  0.000000  0.000000
   C   4.940069  -0.716689   0.000000    0.000000  0.000000  0.000000
   N   6.173475   1.431785   0.000000   -0.000000  0.000000  0.000000
   C   7.358051   3.642635   0.000000   -0.000000  0.000000  0.000000
   C   4.910090  -5.019617   0.000000    0.000000  0.000000  0.000000
   C   6.173642  -2.889413   0.000000    0.000000  0.000000  0.000000
   C   7.365228  -0.691139   0.000000    0.000000  0.000000  0.000000
   C   7.338226  -5.042760   0.000000    0.000000  0.000000  0.000000
   H   8.282184   5.591425   0.000000    0.000000 -0.000000  0.000000
   H   8.325741   3.141106   0.000000    0.000000  0.000000  0.000000
   H   8.326715   1.204661   0.000000    0.000000  0.000000  0.000000
   H   8.326715  -1.204661   0.000000    0.000000  0.000000  0.000000
   H   8.325741  -3.141106   0.000000    0.000000  0.000000  0.000000
   H   8.282184  -5.591425   0.000000    0.000000  0.000000  0.000000
   H  -8.282184   5.591425   0.000000    0.000000 -0.000000  0.000000
   H  -8.325741   3.141106   0.000000    0.000000  0.000000  0.000000
   H  -8.326715   1.204661   0.000000    0.000000  0.000000  0.000000
   H  -8.326715  -1.204661   0.000000    0.000000  0.000000  0.000000
   H  -8.325741  -3.141106   0.000000    0.000000  0.000000  0.000000
   H  -8.282184  -5.591425   0.000000    0.000000  0.000000  0.000000
   H  -6.116625   6.819427   0.000000    0.000000  0.000000  0.000000
   H  -3.672757   6.787431   0.000000    0.000000  0.000000  0.000000
   H  -1.225580   6.778408   0.000000    0.000000 -0.000000  0.000000
   H   1.225580   6.778408   0.000000    0.000000 -0.000000  0.000000
   H   3.672757   6.787431   0.000000    0.000000  0.000000  0.000000
   H   6.116625   6.819427   0.000000   -0.000000  0.000000  0.000000
   H  -6.116625  -6.819427   0.000000    0.000000  0.000000  0.000000
   H  -3.672757  -6.787431   0.000000    0.000000  0.000000  0.000000
   H  -1.225580  -6.778408   0.000000    0.000000  0.000000  0.000000
   H   1.225580  -6.778408   0.000000    0.000000  0.000000  0.000000
   H   3.672757  -6.787431   0.000000    0.000000  0.000000  0.000000
   H   6.116625  -6.819427   0.000000   -0.000000  0.000000  0.000000
converged SCF energy = -3134.05649693875
--------------- ROKS_Scanner gradients ---------------
         x                y                z
0 C    -0.0293603504    -0.0010170660    -0.0000000000
1 C     0.0109879315     0.0419999349     0.0000000000
2 C    -0.0035609638     0.0327386721    -0.0000000000
3 C    -0.0331435726     0.0021111135    -0.0000000000
4 C     0.0036465931    -0.0161140474    -0.0000000000
5 N    -0.0072568981     0.0203809758    -0.0000000000
6 C    -0.0031383820     0.0083598196    -0.0000000000
7 C     0.0058729529     0.0074140403    -0.0000000000
8 C    -0.0084638292     0.0100063667    -0.0000000000
9 C     0.0058841986     0.0022444304     0.0000000000
10 C     0.0020650152    -0.0077070806    -0.0000000000
11 C     0.0195952271    -0.0007839576    -0.0000000000
12 C    -0.0029594360     0.0128157324    -0.0000000000
13 C    -0.0000444336     0.0108772076    -0.0000000000
14 C     0.0138448181    -0.0033979876     0.0000000000
15 C    -0.0114652183    -0.0179015964    -0.0000000000
16 C     0.0062988707     0.0157267400    -0.0000000000
17 C     0.0061230072    -0.0001073804    -0.0000000000
18 C     0.0037937760     0.0013227308    -0.0000000000
19 C    -0.0054715110     0.0018652488    -0.0000000000
20 C     0.0148426095     0.0018236699     0.0000000000
21 C     0.0244848211    -0.0186916837     0.0000000000
22 C     0.0000149413     0.0053059593    -0.0000000000
23 C    -0.0157264139    -0.0135788855    -0.0000000000
24 C    -0.0082368680     0.0361057463    -0.0000000000
25 C    -0.0115090181    -0.0077460719    -0.0000000000
26 C    -0.0152778132    -0.0185456379    -0.0000000000
27 C     0.0020996325    -0.0072770600     0.0000000000
28 C     0.0123934763    -0.0046103858     0.0000000000
29 N    -0.0191830794    -0.0320367392    -0.0000000000
30 C     0.0061662222     0.0082292307     0.0000000000
31 C    -0.0184428375     0.0011143722    -0.0000000000
32 N    -0.0267085164    -0.0143435752     0.0000000000
33 C    -0.0281111404    -0.0053075850     0.0000000000
34 C    -0.0121981480    -0.0211564061    -0.0000000000
35 C     0.0154872254     0.0305066983    -0.0000000000
36 C     0.0021660790     0.0149082860     0.0000000000
37 C    -0.0391858759    -0.0140930149    -0.0000000000
38 N    -0.0432500867     0.0018583402    -0.0000000000
39 N     0.0375957751     0.0083263620     0.0000000000
40 C     0.0392110252     0.0100810419     0.0000000000
41 C     0.0011958756    -0.0283559113    -0.0000000000
42 C    -0.0060727166    -0.0528600572     0.0000000000
43 C     0.0078524397    -0.0046281585     0.0000000000
44 C     0.0214270798     0.0073959039     0.0000000000
45 C    -0.0133870920     0.0017377843     0.0000000000
46 C     0.0041035934    -0.0173012621     0.0000000000
47 C    -0.0059185477     0.0024316694     0.0000000000
48 C     0.0043725916     0.0007043083     0.0000000000
49 C    -0.0004574593    -0.0107802596     0.0000000000
50 C    -0.0058963624     0.0072188788    -0.0000000000
51 C    -0.0092016222    -0.0059549097    -0.0000000000
52 C    -0.0018292862     0.0131354796     0.0000000000
53 C    -0.0084288622    -0.0157629079     0.0000000000
54 C    -0.0004481102    -0.0060086896     0.0000000000
55 C    -0.0116623326    -0.0039500398     0.0000000000
56 C    -0.0175933506     0.0145190765    -0.0000000000
57 N    -0.0063917653     0.0080121325     0.0000000000
58 C    -0.0086700212     0.0080442365     0.0000000000
59 C    -0.0038629425    -0.0060781531     0.0000000000
60 C    -0.0004231011    -0.0128997303     0.0000000000
61 N     0.0064617340    -0.0036048206    -0.0000000000
62 C    -0.0094185505     0.0100870289     0.0000000000
63 C     0.0032160617    -0.0072950799    -0.0000000000
64 C    -0.0174809688     0.0131453814     0.0000000000
65 C     0.0212159309    -0.0072385070     0.0000000000
66 C    -0.0092933021    -0.0146144952     0.0000000000
67 C     0.0286742228     0.0237726272     0.0000000000
68 C     0.0067759128     0.0133073871    -0.0000000000
69 C     0.0097019193    -0.0201244980    -0.0000000000
70 N    -0.0111467955     0.0379649600     0.0000000000
71 C     0.0024179178     0.0045278860    -0.0000000000
72 N    -0.0041154149    -0.0054171152    -0.0000000000
73 C     0.0071401111     0.0138983819    -0.0000000000
74 C     0.0444435487    -0.0043691273    -0.0000000000
75 C     0.0278811220    -0.0115987757     0.0000000000
76 C    -0.0035501723    -0.0364977625     0.0000000000
77 C     0.0253912530    -0.0071043114     0.0000000000
78 H     0.0541110081     0.0324245631    -0.0000000000
79 H     0.0054655104    -0.0108891035    -0.0000000000
80 H     0.0122500065    -0.0019377457    -0.0000000000
81 H     0.0040112736    -0.0069418008    -0.0000000000
82 H     0.0569321462     0.0275435692     0.0000000000
83 H     0.0031811068    -0.0105081102    -0.0000000000
84 H    -0.0031016690     0.0104476256     0.0000000000
85 H    -0.0561844443    -0.0276060462     0.0000000000
86 H    -0.0027186759     0.0077397459     0.0000000000
87 H    -0.0123851935     0.0021320370    -0.0000000000
88 H    -0.0059713481     0.0034304232     0.0000000000
89 H    -0.0052017192    -0.0034774839    -0.0000000000
90 H     0.0038263854     0.0075499194    -0.0000000000
91 H     0.0002674318     0.0059734307    -0.0000000000
92 H    -0.0002931042     0.0061729819     0.0000000000
93 H    -0.0030101816     0.0083677294     0.0000000000
94 H     0.0028772602     0.0086368635    -0.0000000000
95 H    -0.0076952063     0.0090343170    -0.0000000000
96 H     0.0006199832    -0.0060675035    -0.0000000000
97 H    -0.0079096596    -0.0098852496    -0.0000000000
98 H     0.0086519155    -0.0095465874    -0.0000000000
99 H    -0.0015431449    -0.0066104077    -0.0000000000
100 H    -0.0004797192    -0.0067860039     0.0000000000
101 H    -0.0026017897    -0.0083600682     0.0000000000
----------------------------------------------
cycle 1: E = -3134.05649694  dE = -3134.06  norm(grad) = 0.235035

Geometry optimization cycle 2
