1721677767.2298734

Geometry optimization cycle 1
Cartesian coordinates (Angstrom)
 Atom        New coordinates             dX        dY        dZ
   C  -7.338226   5.042760   0.000000    0.000000  0.000000  0.000000
   C  -7.365228   0.691139   0.000000    0.000000  0.000000  0.000000
   C  -6.173642   2.889413   0.000000    0.000000  0.000000  0.000000
   C  -4.910090   5.019617   0.000000    0.000000  0.000000  0.000000
   C  -7.358051  -3.642635   0.000000    0.000000  0.000000  0.000000
   C  -6.173475  -1.431785   0.000000    0.000000  0.000000  0.000000
   C  -4.940069   0.716689   0.000000    0.000000  0.000000  0.000000
   C  -3.694845   2.860312   0.000000    0.000000  0.000000  0.000000
   C  -2.457224   5.005715   0.000000    0.000000  0.000000  0.000000
   C  -6.138515  -5.727246   0.000000    0.000000  0.000000  0.000000
   C  -4.928214  -3.580071   0.000000    0.000000  0.000000  0.000000
   C  -3.698169  -1.425571   0.000000    0.000000  0.000000  0.000000
   C  -2.471779   0.716540   0.000000    0.000000  0.000000  0.000000
   C  -1.230705   2.851907   0.000000    0.000000 -0.000000  0.000000
   C   0.000000   5.003169   0.000000    0.000000  0.000000  0.000000
   C  -3.678966  -5.694052   0.000000    0.000000  0.000000  0.000000
   C  -2.466015  -3.560923   0.000000    0.000000  0.000000  0.000000
   C  -1.232423  -1.423207   0.000000    0.000000  0.000000  0.000000
   C   0.000000   0.715809   0.000000    0.000000  0.000000  0.000000
   C   1.230705   2.851907   0.000000    0.000000 -0.000000  0.000000
   N   2.457224   5.005715   0.000000    0.000000  0.000000  0.000000
   C  -1.226334  -5.685080   0.000000    0.000000  0.000000  0.000000
   C   0.000000  -3.557079   0.000000    0.000000  0.000000  0.000000
   C   1.232423  -1.423207   0.000000    0.000000  0.000000  0.000000
   C   2.471779   0.716540   0.000000    0.000000  0.000000  0.000000
   C   3.694845   2.860312   0.000000    0.000000  0.000000  0.000000
   C   4.910090   5.019617   0.000000    0.000000  0.000000  0.000000
   N   1.226334  -5.685080   0.000000    0.000000  0.000000  0.000000
   C   2.466015  -3.560923   0.000000    0.000000  0.000000  0.000000
   C   3.698169  -1.425571   0.000000    0.000000  0.000000  0.000000
   C   4.940069   0.716689   0.000000    0.000000  0.000000  0.000000
   C   6.173642   2.889413   0.000000    0.000000  0.000000  0.000000
   C   7.338226   5.042760   0.000000    0.000000  0.000000  0.000000
   C   3.678966  -5.694052   0.000000    0.000000  0.000000  0.000000
   C   4.928214  -3.580071   0.000000    0.000000  0.000000  0.000000
   C   6.173475  -1.431785   0.000000   -0.000000  0.000000  0.000000
   C   7.365228   0.691139   0.000000    0.000000  0.000000  0.000000
   C   6.138515  -5.727246   0.000000    0.000000  0.000000  0.000000
   C   7.358051  -3.642635   0.000000   -0.000000  0.000000  0.000000
   C  -7.358051   3.642635   0.000000    0.000000  0.000000  0.000000
   C  -6.138515   5.727246   0.000000    0.000000  0.000000  0.000000
   C  -7.365228  -0.691139   0.000000    0.000000  0.000000  0.000000
   N  -6.173475   1.431785   0.000000    0.000000  0.000000  0.000000
   C  -4.928214   3.580071   0.000000    0.000000 -0.000000  0.000000
   C  -3.678966   5.694052   0.000000    0.000000  0.000000  0.000000
   C  -7.338226  -5.042760   0.000000    0.000000  0.000000  0.000000
   C  -6.173642  -2.889413   0.000000    0.000000  0.000000  0.000000
   C  -4.940069  -0.716689   0.000000    0.000000  0.000000  0.000000
   C  -3.698169   1.425571   0.000000    0.000000  0.000000  0.000000
   C  -2.466015   3.560923   0.000000    0.000000 -0.000000  0.000000
   C  -1.226334   5.685080   0.000000    0.000000  0.000000  0.000000
   C  -4.910090  -5.019617   0.000000    0.000000  0.000000  0.000000
   C  -3.694845  -2.860312   0.000000    0.000000  0.000000  0.000000
   N  -2.471779  -0.716540   0.000000    0.000000  0.000000  0.000000
   N  -1.232423   1.423207   0.000000    0.000000  0.000000  0.000000
   C   0.000000   3.557079   0.000000    0.000000  0.000000  0.000000
   C   1.226334   5.685080   0.000000    0.000000  0.000000  0.000000
   N  -2.457224  -5.005715   0.000000    0.000000  0.000000  0.000000
   C  -1.230705  -2.851907   0.000000    0.000000  0.000000  0.000000
   C   0.000000  -0.715809   0.000000    0.000000  0.000000  0.000000
   C   1.232423   1.423207   0.000000    0.000000  0.000000  0.000000
   C   2.466015   3.560923   0.000000    0.000000 -0.000000  0.000000
   C   3.678966   5.694052   0.000000    0.000000  0.000000  0.000000
   C   0.000000  -5.003169   0.000000    0.000000  0.000000  0.000000
   C   1.230705  -2.851907   0.000000    0.000000  0.000000  0.000000
   C   2.471779  -0.716540   0.000000    0.000000  0.000000  0.000000
   C   3.698169   1.425571   0.000000    0.000000  0.000000  0.000000
   N   4.928214   3.580071   0.000000    0.000000 -0.000000  0.000000
   C   6.138515   5.727246   0.000000    0.000000  0.000000  0.000000
   C   2.457224  -5.005715   0.000000    0.000000  0.000000  0.000000
   C   3.694845  -2.860312   0.000000    0.000000  0.000000  0.000000
   C   4.940069  -0.716689   0.000000    0.000000  0.000000  0.000000
   C   6.173475   1.431785   0.000000   -0.000000  0.000000  0.000000
   C   7.358051   3.642635   0.000000   -0.000000  0.000000  0.000000
   C   4.910090  -5.019617   0.000000    0.000000  0.000000  0.000000
   C   6.173642  -2.889413   0.000000    0.000000  0.000000  0.000000
   C   7.365228  -0.691139   0.000000    0.000000  0.000000  0.000000
   C   7.338226  -5.042760   0.000000    0.000000  0.000000  0.000000
   H   8.282184   5.591425   0.000000    0.000000 -0.000000  0.000000
   H   8.325741   3.141106   0.000000    0.000000  0.000000  0.000000
   H   8.326715   1.204661   0.000000    0.000000  0.000000  0.000000
   H   8.326715  -1.204661   0.000000    0.000000  0.000000  0.000000
   H   8.325741  -3.141106   0.000000    0.000000  0.000000  0.000000
   H   8.282184  -5.591425   0.000000    0.000000  0.000000  0.000000
   H  -8.282184   5.591425   0.000000    0.000000 -0.000000  0.000000
   H  -8.325741   3.141106   0.000000    0.000000  0.000000  0.000000
   H  -8.326715   1.204661   0.000000    0.000000  0.000000  0.000000
   H  -8.326715  -1.204661   0.000000    0.000000  0.000000  0.000000
   H  -8.325741  -3.141106   0.000000    0.000000  0.000000  0.000000
   H  -8.282184  -5.591425   0.000000    0.000000  0.000000  0.000000
   H  -6.116625   6.819427   0.000000    0.000000  0.000000  0.000000
   H  -3.672757   6.787431   0.000000    0.000000  0.000000  0.000000
   H  -1.225580   6.778408   0.000000    0.000000 -0.000000  0.000000
   H   1.225580   6.778408   0.000000    0.000000 -0.000000  0.000000
   H   3.672757   6.787431   0.000000    0.000000  0.000000  0.000000
   H   6.116625   6.819427   0.000000   -0.000000  0.000000  0.000000
   H  -6.116625  -6.819427   0.000000    0.000000  0.000000  0.000000
   H  -3.672757  -6.787431   0.000000    0.000000  0.000000  0.000000
   H  -1.225580  -6.778408   0.000000    0.000000  0.000000  0.000000
   H   1.225580  -6.778408   0.000000    0.000000  0.000000  0.000000
   H   3.672757  -6.787431   0.000000    0.000000  0.000000  0.000000
   H   6.116625  -6.819427   0.000000   -0.000000  0.000000  0.000000
converged SCF energy = -3100.86813831485
--------------- ROKS_Scanner gradients ---------------
         x                y                z
0 C    -0.0136383156    -0.0086400171    -0.0000000000
1 C    -0.0016197331     0.0204670400     0.0000000000
2 C     0.0076360654     0.0008974932    -0.0000000000
3 C    -0.0055878242    -0.0006310126    -0.0000000000
4 C     0.0093923899     0.0108007467     0.0000000000
5 C    -0.0160143432     0.0213178264     0.0000000000
6 C     0.0043428936    -0.0124458416     0.0000000000
7 C    -0.0088483467    -0.0153864556     0.0000000000
8 C    -0.0040454330    -0.0018594409     0.0000000000
9 C    -0.0083540752     0.0029607396    -0.0000000000
10 C     0.0007412996    -0.0026484014     0.0000000000
11 C     0.0030654045     0.0039623597     0.0000000000
12 C    -0.0187684744     0.0279352728     0.0000000000
13 C    -0.0199406585    -0.0051501723     0.0000000000
14 C     0.0019445862     0.0016712224     0.0000000000
15 C    -0.0285404709    -0.0135000480     0.0000000000
16 C    -0.0038387577     0.0439403489     0.0000000000
17 C    -0.0051447253     0.0325533662     0.0000000000
18 C    -0.0236309092     0.0157844218    -0.0000000000
19 C    -0.0323595646    -0.0116241873     0.0000000000
20 N     0.0192925806    -0.0004791468    -0.0000000000
21 C    -0.0110691623    -0.0068283969     0.0000000000
22 C    -0.0089088446     0.0154617216     0.0000000000
23 C    -0.0046765244     0.0080085001     0.0000000000
24 C     0.0069500175     0.0085923687    -0.0000000000
25 C    -0.0190251999     0.0050826975     0.0000000000
26 C     0.0312959282     0.0014188150    -0.0000000000
27 N     0.0120726913     0.0247097145    -0.0000000000
28 C     0.0099797478     0.0084552380     0.0000000000
29 C    -0.0004661827     0.0099649329    -0.0000000000
30 C    -0.0119698706     0.0016176626    -0.0000000000
31 C    -0.0006137887    -0.0158756182    -0.0000000000
32 C     0.0124689771    -0.0101895184    -0.0000000000
33 C     0.0358430042    -0.0004867339     0.0000000000
34 C    -0.0025459388     0.0055140250     0.0000000000
35 C     0.0039149228    -0.0011425978    -0.0000000000
36 C    -0.0057837536     0.0034758564    -0.0000000000
37 C     0.0069736520    -0.0029984752    -0.0000000000
38 C    -0.0012357405     0.0031134921    -0.0000000000
39 C    -0.0019231278     0.0248320150     0.0000000000
40 C     0.0111571590     0.0034548048    -0.0000000000
41 C     0.0050079796    -0.0331655388    -0.0000000000
42 N    -0.0160458499     0.0022010389    -0.0000000000
43 C    -0.0017223702     0.0127644354    -0.0000000000
44 C     0.0030077551     0.0063760247     0.0000000000
45 C    -0.0018989437    -0.0138254183    -0.0000000000
46 C    -0.0009967935    -0.0151721561    -0.0000000000
47 C    -0.0008300268     0.0028002392    -0.0000000000
48 C     0.0098255287     0.0121039561    -0.0000000000
49 C     0.0115305114     0.0086592231    -0.0000000000
50 C    -0.0052747771     0.0002182369    -0.0000000000
51 C     0.0008949220    -0.0054917240    -0.0000000000
52 C     0.0022357519    -0.0124195631    -0.0000000000
53 N    -0.0021951602    -0.0529300145     0.0000000000
54 N     0.0392736617     0.0085657088     0.0000000000
55 C     0.0310333129     0.0118125848    -0.0000000000
56 C    -0.0208338411     0.0211899084    -0.0000000000
57 N     0.0165729567    -0.0203816002    -0.0000000000
58 C     0.0047210791    -0.0213065197    -0.0000000000
59 C     0.0183862842    -0.0279265583    -0.0000000000
60 C     0.0154698079     0.0049788788     0.0000000000
61 C     0.0169939278    -0.0150879459    -0.0000000000
62 C    -0.0131751723     0.0235061056     0.0000000000
63 C     0.0108088353    -0.0030550516    -0.0000000000
64 C    -0.0047588248    -0.0063222475    -0.0000000000
65 C     0.0006595797    -0.0087595521     0.0000000000
66 C    -0.0003798933    -0.0274024557     0.0000000000
67 N    -0.0080168695     0.0085637512    -0.0000000000
68 C    -0.0142146703     0.0092506020     0.0000000000
69 C    -0.0191440181     0.0073832782    -0.0000000000
70 C    -0.0033752612    -0.0068894173    -0.0000000000
71 C    -0.0028242633    -0.0004926728     0.0000000000
72 C     0.0169615662     0.0006418939     0.0000000000
73 C     0.0101369127     0.0121203125     0.0000000000
74 C    -0.0125121870    -0.0094560731    -0.0000000000
75 C    -0.0011567270     0.0019583875     0.0000000000
76 C     0.0002806679    -0.0072339041     0.0000000000
77 C     0.0016573710    -0.0076271416     0.0000000000
78 H     0.0056602702     0.0026016880     0.0000000000
79 H     0.0092571829    -0.0010929777     0.0000000000
80 H     0.0058248483     0.0032159269     0.0000000000
81 H     0.0056232091    -0.0033809089    -0.0000000000
82 H     0.0055318741     0.0030655931     0.0000000000
83 H     0.0048719187    -0.0028442667    -0.0000000000
84 H    -0.0049521535     0.0037917126     0.0000000000
85 H    -0.0057524904    -0.0033201723    -0.0000000000
86 H    -0.0130523664    -0.0026334535     0.0000000000
87 H    -0.0056332830    -0.0064823435     0.0000000000
88 H    -0.0057126349     0.0032899744    -0.0000000000
89 H    -0.0051635007    -0.0027992044     0.0000000000
90 H     0.0002441483     0.0063023685     0.0000000000
91 H     0.0000818733     0.0067856304    -0.0000000000
92 H     0.0004731833     0.0063779802     0.0000000000
93 H    -0.0078220064     0.0095634424     0.0000000000
94 H     0.0045541754     0.0115033664    -0.0000000000
95 H     0.0021168286     0.0077845395    -0.0000000000
96 H     0.0001809264    -0.0060544004     0.0000000000
97 H    -0.0084208805    -0.0097350456     0.0000000000
98 H     0.0086146561    -0.0094460567    -0.0000000000
99 H    -0.0006595182    -0.0616610287     0.0000000000
100 H    -0.0002452032    -0.0053065817    -0.0000000000
101 H    -0.0002181422    -0.0057830968     0.0000000000
----------------------------------------------
cycle 1: E = -3100.86813831  dE = -3100.87  norm(grad) = 0.193349

Geometry optimization cycle 2
Cartesian coordinates (Angstrom)
 Atom        New coordinates             dX        dY        dZ
   C  -7.283662   4.872084   0.000000    0.054563 -0.170676  0.000000
   C  -7.265383   0.727394   0.000000    0.099844  0.036255  0.000000
   C  -6.096239   2.816826   0.000000    0.077403 -0.072588  0.000000
   C  -4.872082   4.945833   0.000000    0.038009 -0.073784  0.000000
   C  -7.308195  -3.607781   0.000000    0.049856  0.034854  0.000000
   C  -6.121122  -1.401963   0.000000    0.052353  0.029822  0.000000
   C  -4.867474   0.708244   0.000000    0.072595 -0.008445  0.000000
   C  -3.644009   2.833714  -0.000000    0.050836 -0.026598 -0.000000
   C  -2.422245   4.967602  -0.000000    0.034979 -0.038113 -0.000000
   C  -6.025047  -5.673159   0.000000    0.113468  0.054087  0.000000
   C  -4.888343  -3.508708   0.000000    0.039871  0.071362  0.000000
   C  -3.657300  -1.380948  -0.000000    0.040869  0.044623 -0.000000
   C  -2.436508   0.708995  -0.000000    0.035272 -0.007545 -0.000000
   C  -1.216245   2.818151  -0.000000    0.014460 -0.033756 -0.000000
   C  -0.003809   4.935073  -0.000000   -0.003809 -0.068096 -0.000000
   C  -3.587176  -5.572537   0.000000    0.091790  0.121515  0.000000
   C  -2.442587  -3.489674  -0.000000    0.023427  0.071248 -0.000000
   C  -1.223888  -1.384720  -0.000000    0.008535  0.038487 -0.000000
   C   0.005763   0.716857  -0.000000    0.005763  0.001048 -0.000000
   C   1.237851   2.821383  -0.000000    0.007146 -0.030524 -0.000000
   N   2.416443   4.898544  -0.000000   -0.040780 -0.107171 -0.000000
   C  -1.230212  -5.564029  -0.000000   -0.003877  0.121050 -0.000000
   C  -0.001570  -3.463921  -0.000000   -0.001570  0.093158 -0.000000
   C   1.224811  -1.380655  -0.000000   -0.007612  0.042552 -0.000000
   C   2.453610   0.715418  -0.000000   -0.018169 -0.001122 -0.000000
   C   3.687780   2.821162  -0.000000   -0.007065 -0.039150 -0.000000
   C   4.830037   4.926136   0.000000   -0.080053 -0.093481  0.000000
   N   1.161904  -5.521702  -0.000000   -0.064430  0.163377 -0.000000
   C   2.441599  -3.504534  -0.000000   -0.024416  0.056389 -0.000000
   C   3.679872  -1.410914  -0.000000   -0.018297  0.014657 -0.000000
   C   4.914938   0.706357  -0.000000   -0.025131 -0.010332 -0.000000
   C   6.134408   2.861122   0.000000   -0.039234 -0.028292  0.000000
   C   7.243302   5.006868   0.000000   -0.094923 -0.035891  0.000000
   C   3.580279  -5.651066  -0.000000   -0.098688  0.042986 -0.000000
   C   4.891171  -3.553767  -0.000000   -0.037043  0.026303 -0.000000
   C   6.142812  -1.427285   0.000000   -0.030663  0.004500  0.000000
   C   7.326696   0.691050   0.000000   -0.038532 -0.000089  0.000000
   C   6.030375  -5.697396   0.000000   -0.108140  0.029850  0.000000
   C   7.309892  -3.641531   0.000000   -0.048159  0.001104  0.000000
   C  -7.311760   3.471905   0.000000    0.046291 -0.170731  0.000000
   C  -6.125032   5.601335   0.000000    0.013483 -0.125911  0.000000
   C  -7.296444  -0.622641   0.000000    0.068784  0.068498  0.000000
   N  -6.064583   1.401952   0.000000    0.108892 -0.029833  0.000000
   C  -4.876418   3.520272   0.000000    0.051796 -0.059798  0.000000
   C  -3.654817   5.626914   0.000000    0.024149 -0.067138  0.000000
   C  -7.223529  -4.991083   0.000000    0.114696  0.051676  0.000000
   C  -6.136390  -2.834914   0.000000    0.037252  0.054500  0.000000
   C  -4.889911  -0.703210   0.000000    0.050158  0.013479  0.000000
   C  -3.649985   1.406190  -0.000000    0.048184 -0.019381 -0.000000
   C  -2.438628   3.529130  -0.000000    0.027387 -0.031793 -0.000000
   C  -1.199387   5.648755  -0.000000    0.026947 -0.036325 -0.000000
   C  -4.830124  -4.935474   0.000000    0.079966  0.084143  0.000000
   C  -3.664742  -2.791025  -0.000000    0.030103  0.069286 -0.000000
   N  -2.444114  -0.666364  -0.000000    0.027665  0.050175 -0.000000
   N  -1.236075   1.405260  -0.000000   -0.003652 -0.017947 -0.000000
   C  -0.008884   3.502558  -0.000000   -0.008884 -0.054520 -0.000000
   C   1.233743   5.573062  -0.000000    0.007409 -0.112018 -0.000000
   N  -2.426662  -4.877843  -0.000000    0.030562  0.127872 -0.000000
   C  -1.225660  -2.775190  -0.000000    0.005044  0.076717 -0.000000
   C  -0.009038  -0.677233  -0.000000   -0.009038  0.038576 -0.000000
   C   1.219125   1.410301  -0.000000   -0.013298 -0.012906 -0.000000
   C   2.453438   3.501704  -0.000000   -0.012577 -0.059219 -0.000000
   C   3.618511   5.564360  -0.000000   -0.060455 -0.129692 -0.000000
   C  -0.044278  -4.870605  -0.000000   -0.044278  0.132563 -0.000000
   C   1.227784  -2.787001  -0.000000   -0.002921  0.064906 -0.000000
   C   2.462424  -0.695875  -0.000000   -0.009356  0.020664 -0.000000
   C   3.678921   1.419949  -0.000000   -0.019248 -0.005622 -0.000000
   N   4.902461   3.516112  -0.000000   -0.025753 -0.063958 -0.000000
   C   6.040248   5.648754   0.000000   -0.098267 -0.078492  0.000000
   C   2.415118  -4.927283  -0.000000   -0.042106  0.078432 -0.000000
   C   3.673676  -2.827129  -0.000000   -0.021169  0.033183 -0.000000
   C   4.919316  -0.715876  -0.000000   -0.020753  0.000813 -0.000000
   C   6.129707   1.417298   0.000000   -0.043768 -0.014487  0.000000
   C   7.293500   3.609152   0.000000   -0.064551 -0.033484  0.000000
   C   4.823686  -4.979997   0.000000   -0.086404  0.039620  0.000000
   C   6.140184  -2.880810   0.000000   -0.033458  0.008603  0.000000
   C   7.325950  -0.681063   0.000000   -0.039278  0.010076  0.000000
   C   7.234917  -5.028831   0.000000   -0.103309  0.013929  0.000000
   H   8.165306   5.577324   0.000000   -0.116878 -0.014100  0.000000
   H   8.251901   3.112874   0.000000   -0.073839 -0.028232  0.000000
   H   8.278604   1.205213   0.000000   -0.048111  0.000551  0.000000
   H   8.282628  -1.186559   0.000000   -0.044087  0.018102  0.000000
   H   8.283224  -3.168466   0.000000   -0.042516 -0.027360  0.000000
   H   8.158530  -5.597989   0.000000   -0.123654 -0.006564  0.000000
   H  -8.232817   5.396158   0.000000    0.049367 -0.195267  0.000000
   H  -8.255910   2.943778   0.000000    0.069831 -0.197328  0.000000
   H  -8.178367   1.299579   0.000000    0.148348  0.094917  0.000000
   H  -8.268453  -1.093882   0.000000    0.058262  0.110780  0.000000
   H  -8.284652  -3.141949   0.000000    0.041089 -0.000843  0.000000
   H  -8.147469  -5.559172   0.000000    0.134715  0.032252  0.000000
   H  -6.149331   6.685703   0.000000   -0.032706 -0.133724  0.000000
   H  -3.665587   6.711884   0.000000    0.007169 -0.075547  0.000000
   H  -1.186246   6.734135  -0.000000    0.039334 -0.044273 -0.000000
   H   1.293254   6.652947  -0.000000    0.067674 -0.125461 -0.000000
   H   3.586442   6.643118   0.000000   -0.086315 -0.144313  0.000000
   H   5.984357   6.730185   0.000000   -0.132268 -0.089242  0.000000
   H  -5.986477  -6.757419   0.000000    0.130148  0.062007  0.000000
   H  -3.513261  -6.651452   0.000000    0.159496  0.135979  0.000000
   H  -1.265953  -6.645106  -0.000000   -0.040373  0.133302 -0.000000
   H   1.138968  -6.538702  -0.000000   -0.086612  0.239706 -0.000000
   H   3.548449  -6.737447  -0.000000   -0.124308  0.049984 -0.000000
   H   5.995246  -6.782107   0.000000   -0.121380  0.037320  0.000000
converged SCF energy = -3100.93068011074
--------------- ROKS_Scanner gradients ---------------
         x                y                z
0 C     0.0053813569    -0.0094271499    -0.0000000000
1 C     0.0001755929     0.0178005050    -0.0000000000
2 C     0.0052424796     0.0060339222    -0.0000000000
3 C    -0.0018317324    -0.0005043315     0.0000000000
4 C    -0.0007094079     0.0050282712     0.0000000000
5 C    -0.0074813989     0.0085835793     0.0000000000
6 C     0.0064376987    -0.0095103190     0.0000000000
7 C    -0.0013465499    -0.0042128968     0.0000000000
8 C     0.0039726324    -0.0007778140    -0.0000000000
9 C    -0.0037454538    -0.0038559718    -0.0000000000
10 C    -0.0017409865    -0.0026919564    -0.0000000000
11 C     0.0034523406     0.0036867392     0.0000000000
12 C    -0.0112763020     0.0136089918     0.0000000000
13 C    -0.0092233199    -0.0003641257    -0.0000000000
14 C    -0.0023869063    -0.0037345071    -0.0000000000
15 C    -0.0031064472    -0.0024512314    -0.0000000000
16 C    -0.0009973684     0.0226477668    -0.0000000000
17 C    -0.0024636709     0.0147221950    -0.0000000000
18 C    -0.0071928347     0.0060277020    -0.0000000000
19 C    -0.0119544630    -0.0013346458    -0.0000000000
20 N     0.0039444501     0.0002626560     0.0000000000
21 C    -0.0078853246    -0.0019027381     0.0000000000
22 C     0.0037570184     0.0067158225    -0.0000000000
23 C    -0.0040603584     0.0030310296    -0.0000000000
24 C     0.0019173643     0.0038041486     0.0000000000
25 C    -0.0087646224     0.0089806823    -0.0000000000
26 C     0.0078837041     0.0015608913     0.0000000000
27 N     0.0002044453     0.0175182541     0.0000000000
28 C    -0.0001812142     0.0017418343     0.0000000000
29 C    -0.0016714079     0.0051190053     0.0000000000
30 C    -0.0075483905     0.0007175257     0.0000000000
31 C     0.0022674125    -0.0052113471     0.0000000000
32 C     0.0046602046    -0.0060991405    -0.0000000000
33 C     0.0114028196    -0.0022315878     0.0000000000
34 C     0.0018118795     0.0056129764     0.0000000000
35 C     0.0024625746     0.0001047684     0.0000000000
36 C    -0.0020205598     0.0018981607     0.0000000000
37 C     0.0029275948    -0.0018737959     0.0000000000
38 C     0.0033544458     0.0028407458     0.0000000000
39 C    -0.0087473896    -0.0047953012    -0.0000000000
40 C     0.0036374284     0.0021348711     0.0000000000
41 C     0.0066913632    -0.0057014445     0.0000000000
42 N    -0.0082097041    -0.0040517975     0.0000000000
43 C    -0.0010786392     0.0021445024     0.0000000000
44 C     0.0019185391    -0.0005594837    -0.0000000000
45 C     0.0084185986    -0.0005174512    -0.0000000000
46 C    -0.0002663309    -0.0079992012    -0.0000000000
47 C    -0.0007135905     0.0044706421    -0.0000000000
48 C     0.0055919766     0.0013368451    -0.0000000000
49 C     0.0029086894     0.0005003239     0.0000000000
50 C     0.0001673465     0.0042748883     0.0000000000
51 C     0.0017449303     0.0018767353     0.0000000000
52 C    -0.0010433643    -0.0044227864     0.0000000000
53 N    -0.0003165928    -0.0230946985    -0.0000000000
54 N     0.0166845656     0.0023138248    -0.0000000000
55 C     0.0134870076     0.0029721224     0.0000000000
56 C    -0.0041786177     0.0049458863     0.0000000000
57 N     0.0075707621    -0.0105775673    -0.0000000000
58 C     0.0006650849    -0.0144739231     0.0000000000
59 C     0.0023361674    -0.0085304935     0.0000000000
60 C     0.0023787113     0.0034171459     0.0000000000
61 C     0.0135803729    -0.0098363867     0.0000000000
62 C    -0.0092550947     0.0018689643    -0.0000000000
63 C    -0.0099455005     0.0013332204    -0.0000000000
64 C    -0.0007074889    -0.0008887725     0.0000000000
65 C     0.0021218335    -0.0044597654     0.0000000000
66 C    -0.0000258447    -0.0104480882    -0.0000000000
67 N     0.0023410655    -0.0008537068    -0.0000000000
68 C    -0.0108836810    -0.0018478491    -0.0000000000
69 C     0.0035804436    -0.0026897715    -0.0000000000
70 C     0.0009149447    -0.0083392869    -0.0000000000
71 C     0.0003639869    -0.0006904486    -0.0000000000
72 C     0.0053310985     0.0025271695    -0.0000000000
73 C     0.0011704448     0.0052578731     0.0000000000
74 C    -0.0105126553     0.0003912126    -0.0000000000
75 C     0.0011607722    -0.0029125329    -0.0000000000
76 C    -0.0021538803    -0.0013402543    -0.0000000000
77 C    -0.0057504103     0.0001780339    -0.0000000000
78 H     0.0010260081     0.0002904430     0.0000000000
79 H     0.0022201302     0.0001231029     0.0000000000
80 H     0.0012561580     0.0008896581     0.0000000000
81 H     0.0005297111     0.0001844767     0.0000000000
82 H     0.0011076801     0.0005208533    -0.0000000000
83 H     0.0004129591     0.0002370238    -0.0000000000
84 H     0.0000408205    -0.0006052723     0.0000000000
85 H    -0.0031968696    -0.0083576912     0.0000000000
86 H    -0.0061683890     0.0030366690     0.0000000000
87 H    -0.0003876029     0.0004701923    -0.0000000000
88 H    -0.0012167528     0.0000843399    -0.0000000000
89 H     0.0000734688     0.0003164712     0.0000000000
90 H     0.0009127286     0.0011268410    -0.0000000000
91 H     0.0001091334     0.0005464748     0.0000000000
92 H     0.0003143132     0.0017484631    -0.0000000000
93 H    -0.0028988866     0.0012850650    -0.0000000000
94 H     0.0013963660     0.0013213536     0.0000000000
95 H     0.0008089339     0.0008782389     0.0000000000
96 H     0.0009492493    -0.0018106355     0.0000000000
97 H    -0.0021998763    -0.0019502107     0.0000000000
98 H     0.0039296450    -0.0027072701    -0.0000000000
99 H    -0.0010387244    -0.0096817232     0.0000000000
100 H    -0.0015103612    -0.0017456534     0.0000000000
101 H    -0.0010762862    -0.0010054232     0.0000000000
----------------------------------------------
cycle 2: E = -3100.93068011  dE = -0.0625418  norm(grad) = 0.0824928

Geometry optimization cycle 3
Cartesian coordinates (Angstrom)
 Atom        New coordinates             dX        dY        dZ
   C  -7.281497   5.024626   0.000000    0.002165  0.152542  0.000000
   C  -7.211383   0.644035   0.000000    0.054001 -0.083359  0.000000
   C  -6.115179   2.827717   0.000000   -0.018941  0.010892  0.000000
   C  -4.877628   4.936022   0.000000   -0.005547 -0.009812  0.000000
   C  -7.277882  -3.629809   0.000000    0.030313 -0.022028 -0.000000
   C  -6.091201  -1.429198   0.000000    0.029921 -0.027235  0.000000
   C  -4.872345   0.713783   0.000000   -0.004871  0.005539  0.000000
   C  -3.653468   2.814657   0.000000   -0.009459 -0.019057  0.000000
   C  -2.435809   4.926861   0.000000   -0.013564 -0.040741  0.000000
   C  -5.998055  -5.636742   0.000000    0.026992  0.036416 -0.000000
   C  -4.859124  -3.494264   0.000000    0.029219  0.014444  0.000000
   C  -3.646389  -1.373092   0.000000    0.010911  0.007856  0.000000
   C  -2.439961   0.685429   0.000000   -0.003453 -0.023566  0.000000
   C  -1.228624   2.782980   0.000000   -0.012379 -0.035171  0.000000
   C  -0.008165   4.895404   0.000000   -0.004355 -0.039669  0.000000
   C  -3.547015  -5.539280   0.000000    0.040162  0.033257  0.000000
   C  -2.427243  -3.490565   0.000000    0.015344 -0.000890  0.000000
   C  -1.223097  -1.399673   0.000000    0.000791 -0.014953  0.000000
   C  -0.004976   0.695148   0.000000   -0.010739 -0.021709  0.000000
   C   1.226046   2.800375   0.000000   -0.011805 -0.021008  0.000000
   N   2.404717   4.865537  -0.000000   -0.011727 -0.033007  0.000000
   C  -1.209846  -5.523150  -0.000000    0.020366  0.040880  0.000000
   C   0.004489  -3.479561   0.000000    0.006059 -0.015640  0.000000
   C   1.219440  -1.385746   0.000000   -0.005371 -0.005091  0.000000
   C   2.435799   0.707685   0.000000   -0.017811 -0.007732  0.000000
   C   3.666443   2.810138   0.000000   -0.021337 -0.011024  0.000000
   C   4.807151   4.909506  -0.000000   -0.022886 -0.016630 -0.000000
   N   1.182126  -5.553942   0.000000    0.020222 -0.032239  0.000000
   C   2.431633  -3.497694   0.000000   -0.009966  0.006840  0.000000
   C   3.667131  -1.409393   0.000000   -0.012741  0.001521  0.000000
   C   4.895321   0.706733   0.000000   -0.019617  0.000376  0.000000
   C   6.089551   2.857581   0.000000   -0.044857 -0.003540 -0.000000
   C   7.209782   4.999881  -0.000000   -0.033520 -0.006988 -0.000000
   C   3.569847  -5.614810   0.000000   -0.010432  0.036256  0.000000
   C   4.871712  -3.550851   0.000000   -0.019459  0.002917  0.000000
   C   6.120609  -1.419310   0.000000   -0.022203  0.007975  0.000000
   C   7.298864   0.693059   0.000000   -0.027831  0.002009  0.000000
   C   6.045222  -5.678577   0.000000    0.014846  0.018820  0.000000
   C   7.277025  -3.635297   0.000000   -0.032867  0.006234  0.000000
   C  -7.247016   3.622972   0.000000    0.064744  0.151067  0.000000
   C  -6.088239   5.668261   0.000000    0.036793  0.066925  0.000000
   C  -7.291256  -0.687577   0.000000    0.005188 -0.064937  0.000000
   N  -6.060503   1.402148   0.000000    0.004081  0.000196  0.000000
   C  -4.880242   3.504080   0.000000   -0.003825 -0.016192  0.000000
   C  -3.656847   5.596872   0.000000   -0.002030 -0.030042  0.000000
   C  -7.228276  -5.007964   0.000000   -0.004747 -0.016880 -0.000000
   C  -6.111784  -2.842197   0.000000    0.024606 -0.007284  0.000000
   C  -4.880028  -0.705171   0.000000    0.009883 -0.001961  0.000000
   C  -3.655647   1.389813   0.000000   -0.005663 -0.016376  0.000000
   C  -2.451039   3.494254   0.000000   -0.012411 -0.034876  0.000000
   C  -1.208340   5.592180   0.000000   -0.008953 -0.056574  0.000000
   C  -4.796949  -4.915065   0.000000    0.033175  0.020409 -0.000000
   C  -3.641600  -2.776903   0.000000    0.023142  0.014122  0.000000
   N  -2.435957  -0.656984   0.000000    0.008157  0.009381  0.000000
   N  -1.260633   1.375334   0.000000   -0.024559 -0.029926  0.000000
   C  -0.036036   3.465205   0.000000   -0.027153 -0.037353  0.000000
   C   1.234561   5.520515   0.000000    0.000817 -0.052547  0.000000
   N  -2.406498  -4.843216   0.000000    0.020164  0.034627  0.000000
   C  -1.214554  -2.774945   0.000000    0.011107  0.000245  0.000000
   C  -0.017753  -0.684096   0.000000   -0.008714 -0.006863  0.000000
   C   1.199346   1.391166   0.000000   -0.019779 -0.019135  0.000000
   C   2.423432   3.488067   0.000000   -0.030006 -0.013637  0.000000
   C   3.603837   5.527017  -0.000000   -0.014674 -0.037343 -0.000000
   C  -0.003340  -4.882732   0.000000    0.040938 -0.012127  0.000000
   C   1.222107  -2.787519   0.000000   -0.005677 -0.000519  0.000000
   C   2.449718  -0.695731   0.000000   -0.012706  0.000144  0.000000
   C   3.658082   1.423579   0.000000   -0.020839  0.003630  0.000000
   N   4.868398   3.507781  -0.000000   -0.034063 -0.008331 -0.000000
   C   6.018462   5.639916  -0.000000   -0.021786 -0.008837 -0.000000
   C   2.404265  -4.913547   0.000000   -0.010854  0.013737  0.000000
   C   3.659325  -2.816389   0.000000   -0.014351  0.010740  0.000000
   C   4.900728  -0.711332   0.000000   -0.018588  0.004544  0.000000
   C   6.097233   1.414974   0.000000   -0.032474 -0.002324  0.000000
   C   7.241402   3.598204  -0.000000   -0.052098 -0.010947 -0.000000
   C   4.836974  -4.971341   0.000000    0.013288  0.008656  0.000000
   C   6.112058  -2.870241   0.000000   -0.028126  0.010570  0.000000
   C   7.305311  -0.675453   0.000000   -0.020639  0.005610  0.000000
   C   7.255801  -5.020381   0.000000    0.020884  0.008450  0.000000
   H   8.132141   5.563388  -0.000000   -0.033165 -0.013936 -0.000000
   H   8.185996   3.087385  -0.000000   -0.065905 -0.025488 -0.000000
   H   8.245254   1.208532   0.000000   -0.033350  0.003319  0.000000
   H   8.259468  -1.180550   0.000000   -0.023160  0.006010  0.000000
   H   8.238890  -3.147370   0.000000   -0.044334  0.021096  0.000000
   H   8.184660  -5.577193   0.000000    0.026130  0.020796  0.000000
   H  -8.222259   5.561176   0.000000    0.010558  0.165018  0.000000
   H  -8.216512   3.171920   0.000000    0.039398  0.228142  0.000000
   H  -8.115424   1.205040   0.000000    0.062942 -0.094539  0.000000
   H  -8.261734  -1.156352   0.000000    0.006720 -0.062470  0.000000
   H  -8.246524  -3.156065   0.000000    0.038128 -0.014116 -0.000000
   H  -8.144504  -5.586011   0.000000    0.002965 -0.026838 -0.000000
   H  -6.049464   6.748706   0.000000    0.099867  0.063003  0.000000
   H  -3.655114   6.679133   0.000000    0.010473 -0.032751  0.000000
   H  -1.198150   6.673046   0.000000   -0.011904 -0.061088  0.000000
   H   1.323506   6.593909  -0.000000    0.030252 -0.059037  0.000000
   H   3.552437   6.599791  -0.000000   -0.034005 -0.043328 -0.000000
   H   5.953672   6.717370  -0.000000   -0.030685 -0.012815 -0.000000
   H  -5.948230  -6.715954  -0.000000    0.038248  0.041465 -0.000000
   H  -3.438498  -6.609697  -0.000000    0.074763  0.041755 -0.000000
   H  -1.302051  -6.594153  -0.000000   -0.036098  0.050953  0.000000
   H   1.175085  -6.538626  -0.000000    0.036117  0.000076  0.000000
   H   3.542898  -6.697018   0.000000   -0.005551  0.040429  0.000000
   H   6.016683  -6.760231   0.000000    0.021437  0.021876  0.000000
converged SCF energy = -3100.92332113914
--------------- ROKS_Scanner gradients ---------------
         x                y                z
0 C    -0.0179903786     0.0078435778    -0.0000000000
1 C     0.0205053607    -0.0185536979     0.0000000000
2 C    -0.0091431777    -0.0135803394    -0.0000000000
3 C    -0.0057428378     0.0004139946     0.0000000000
4 C     0.0093849681    -0.0039376836    -0.0000000000
5 C     0.0010284297     0.0061670319     0.0000000000
6 C    -0.0079467566    -0.0022563221    -0.0000000000
7 C    -0.0005172556    -0.0021105639    -0.0000000000
8 C    -0.0006755556     0.0016298836     0.0000000000
9 C    -0.0018862974     0.0120094663     0.0000000000
10 C    -0.0020493258     0.0011956173     0.0000000000
11 C    -0.0004510490     0.0044702500    -0.0000000000
12 C    -0.0050542590    -0.0047223943    -0.0000000000
13 C     0.0008224608    -0.0006713689     0.0000000000
14 C     0.0041545389     0.0009179034     0.0000000000
15 C     0.0099081533     0.0082749142     0.0000000000
16 C    -0.0025376002    -0.0040488018     0.0000000000
17 C    -0.0047157193    -0.0023522398     0.0000000000
18 C     0.0013724655    -0.0030752519     0.0000000000
19 C     0.0032535176     0.0013440157     0.0000000000
20 N     0.0009091516     0.0052359884    -0.0000000000
21 C    -0.0048174604     0.0137949184    -0.0000000000
22 C    -0.0046370714    -0.0058356017     0.0000000000
23 C     0.0004125603    -0.0005082619     0.0000000000
24 C     0.0008940430    -0.0003471674     0.0000000000
25 C     0.0011288078     0.0029087848     0.0000000000
26 C     0.0001023649     0.0033133015    -0.0000000000
27 N     0.0025690758    -0.0229482651    -0.0000000000
28 C     0.0012944234    -0.0008576592     0.0000000000
29 C    -0.0003954456     0.0007331197    -0.0000000000
30 C    -0.0003022856     0.0011842739    -0.0000000000
31 C    -0.0013731886    -0.0010205000    -0.0000000000
32 C    -0.0000432480     0.0002669181     0.0000000000
33 C    -0.0067300095     0.0084174543    -0.0000000000
34 C    -0.0048292572    -0.0017373760    -0.0000000000
35 C    -0.0000000097     0.0014607714    -0.0000000000
36 C    -0.0005104865    -0.0002909098    -0.0000000000
37 C     0.0023532916     0.0055449309    -0.0000000000
38 C    -0.0078049575    -0.0028803424    -0.0000000000
39 C     0.0242556561     0.0260207259     0.0000000000
40 C     0.0005884196    -0.0072761658     0.0000000000
41 C    -0.0113378384    -0.0049599488    -0.0000000000
42 N     0.0069364817     0.0047236409    -0.0000000000
43 C     0.0011087364    -0.0049266762     0.0000000000
44 C    -0.0029882582    -0.0024166653    -0.0000000000
45 C    -0.0102123141    -0.0079509961     0.0000000000
46 C    -0.0052331939     0.0047609435    -0.0000000000
47 C     0.0044700113     0.0030283931     0.0000000000
48 C     0.0065092770     0.0008823581     0.0000000000
49 C     0.0002205725    -0.0046217456    -0.0000000000
50 C    -0.0026139808    -0.0051476326    -0.0000000000
51 C     0.0057176884     0.0009355864    -0.0000000000
52 C     0.0025711635    -0.0026685565    -0.0000000000
53 N     0.0048570061     0.0066030059     0.0000000000
54 N    -0.0028173447    -0.0032718989    -0.0000000000
55 C    -0.0044180875    -0.0005595218    -0.0000000000
56 C     0.0060839945    -0.0089445834    -0.0000000000
57 N    -0.0030200774    -0.0040629022     0.0000000000
58 C     0.0022142143     0.0022218944    -0.0000000000
59 C    -0.0038722119     0.0032025774    -0.0000000000
60 C    -0.0046428810     0.0001367188    -0.0000000000
61 C    -0.0023929700     0.0027723492    -0.0000000000
62 C    -0.0002600727    -0.0092370847     0.0000000000
63 C     0.0113915842    -0.0009340770     0.0000000000
64 C    -0.0000223498    -0.0010371234    -0.0000000000
65 C     0.0002051811     0.0005670476    -0.0000000000
66 C    -0.0002814096     0.0017228848    -0.0000000000
67 N    -0.0005868081     0.0000191972     0.0000000000
68 C    -0.0013780099    -0.0025280383    -0.0000000000
69 C    -0.0072791190     0.0010990010     0.0000000000
70 C     0.0012626680     0.0020762947     0.0000000000
71 C     0.0002863846     0.0004495732     0.0000000000
72 C    -0.0010279803     0.0013746351     0.0000000000
73 C    -0.0052794284     0.0002842497     0.0000000000
74 C     0.0045331182    -0.0030981216     0.0000000000
75 C    -0.0004897858     0.0016595500     0.0000000000
76 C     0.0001869555    -0.0000419498     0.0000000000
77 C     0.0066895254    -0.0043439093     0.0000000000
78 H    -0.0012644754    -0.0002567209    -0.0000000000
79 H    -0.0018349687     0.0003838103    -0.0000000000
80 H    -0.0012750581    -0.0005426480     0.0000000000
81 H    -0.0009504458     0.0006403677    -0.0000000000
82 H    -0.0019561958    -0.0015277801     0.0000000000
83 H     0.0000713474    -0.0000362754     0.0000000000
84 H    -0.0001079764     0.0028845554    -0.0000000000
85 H     0.0079567016     0.0091969555    -0.0000000000
86 H     0.0072990037    -0.0090330103    -0.0000000000
87 H    -0.0001627968    -0.0007444978     0.0000000000
88 H     0.0016136158    -0.0018720539    -0.0000000000
89 H    -0.0007594334     0.0000767844    -0.0000000000
90 H    -0.0025677055    -0.0019054273     0.0000000000
91 H    -0.0003080791    -0.0013821731     0.0000000000
92 H     0.0001911771    -0.0021989591     0.0000000000
93 H     0.0016710496    -0.0027837677     0.0000000000
94 H     0.0004886886    -0.0027919079     0.0000000000
95 H     0.0007365462    -0.0015222159     0.0000000000
96 H    -0.0004210957     0.0028236493    -0.0000000000
97 H     0.0012128615     0.0022328904    -0.0000000000
98 H     0.0002566733     0.0029431022     0.0000000000
99 H     0.0001799124     0.0193556534     0.0000000000
100 H    -0.0003972091     0.0023269349     0.0000000000
101 H     0.0004936016     0.0018071869     0.0000000000
----------------------------------------------
cycle 3: E = -3100.92332114  dE = 0.00735897  norm(grad) = 0.0820414

Geometry optimization cycle 4
Cartesian coordinates (Angstrom)
 Atom        New coordinates             dX        dY        dZ
   C  -7.276307   4.946153   0.000000    0.005191 -0.078474 -0.000000
   C  -7.250485   0.693181   0.000000   -0.039103  0.049147 -0.000000
   C  -6.112517   2.825506   0.000000    0.002663 -0.002211 -0.000000
   C  -4.871906   4.950036   0.000000    0.005723  0.014014 -0.000000
   C  -7.295154  -3.607613   0.000000   -0.017272  0.022196  0.000000
   C  -6.101634  -1.419600   0.000000   -0.010434  0.009598 -0.000000
   C  -4.877629   0.714012   0.000000   -0.005284  0.000229  0.000000
   C  -3.654540   2.829141   0.000000   -0.001072  0.014484  0.000000
   C  -2.434369   4.948937   0.000000    0.001440  0.022076  0.000000
   C  -6.016018  -5.652783   0.000000   -0.017963 -0.016040  0.000000
   C  -4.868139  -3.502052   0.000000   -0.009015 -0.007788  0.000000
   C  -3.649716  -1.380824   0.000000   -0.003326 -0.007732  0.000000
   C  -2.438898   0.693113   0.000000    0.001063  0.007683  0.000000
   C  -1.225264   2.798983   0.000000    0.003361  0.016003  0.000000
   C  -0.006680   4.915655   0.000000    0.001484  0.020252  0.000000
   C  -3.568395  -5.559479   0.000000   -0.021381 -0.020198  0.000000
   C  -2.430264  -3.503553   0.000000   -0.003021 -0.012988  0.000000
   C  -1.220316  -1.400176   0.000000    0.002781 -0.000503  0.000000
   C   0.000368   0.702167   0.000000    0.005343  0.007019  0.000000
   C   1.231937   2.810403   0.000000    0.005891  0.010028  0.000000
   N   2.409895   4.884497   0.000000    0.005178  0.018960  0.000000
   C  -1.215598  -5.554715   0.000000   -0.005752 -0.031566  0.000000
   C   0.003391  -3.484536   0.000000   -0.001097 -0.004976  0.000000
   C   1.225095  -1.388362   0.000000    0.005655 -0.002616  0.000000
   C   2.445012   0.709598   0.000000    0.009213  0.001913  0.000000
   C   3.675878   2.815642   0.000000    0.009436  0.005504  0.000000
   C   4.816858   4.921840  -0.000000    0.009707  0.012334  0.000000
   N   1.178695  -5.558245   0.000000   -0.003431 -0.004304  0.000000
   C   2.437107  -3.507173   0.000000    0.005474 -0.009479  0.000000
   C   3.674466  -1.413617   0.000000    0.007336 -0.004224  0.000000
   C   4.907674   0.707044   0.000000    0.012353  0.000311  0.000000
   C   6.106729   2.863527   0.000000    0.017177  0.005946  0.000000
   C   7.224335   5.007536  -0.000000    0.014553  0.007655  0.000000
   C   3.577698  -5.636274   0.000000    0.007851 -0.021464  0.000000
   C   4.882369  -3.556744   0.000000    0.010657 -0.005893  0.000000
   C   6.129726  -1.423113   0.000000    0.009118 -0.003803  0.000000
   C   7.312956   0.691419   0.000000    0.014091 -0.001640  0.000000
   C   6.044421  -5.689901   0.000000   -0.000800 -0.011325 -0.000000
   C   7.294484  -3.634317   0.000000    0.017459  0.000980 -0.000000
   C  -7.292415   3.542119   0.000000   -0.045399 -0.080853 -0.000000
   C  -6.106308   5.642622   0.000000   -0.018069 -0.025639 -0.000000
   C  -7.287794  -0.646072   0.000000    0.003462  0.041506 -0.000000
   N  -6.068799   1.406630   0.000000   -0.008297  0.004482 -0.000000
   C  -4.883762   3.519730   0.000000   -0.003520  0.015650 -0.000000
   C  -3.654899   5.623273   0.000000    0.001948  0.026401 -0.000000
   C  -7.228315  -4.986898   0.000000   -0.000039  0.021066  0.000000
   C  -6.117659  -2.837134   0.000000   -0.005875  0.005063  0.000000
   C  -4.883833  -0.707703   0.000000   -0.003805 -0.002532  0.000000
   C  -3.660262   1.398155   0.000000   -0.004615  0.008342  0.000000
   C  -2.449758   3.513434   0.000000    0.001281  0.019181  0.000000
   C  -1.205980   5.616579   0.000000    0.002360  0.024398  0.000000
   C  -4.816246  -4.927977   0.000000   -0.019297 -0.012912  0.000000
   C  -3.646117  -2.787633   0.000000   -0.004517 -0.010730  0.000000
   N  -2.438355  -0.658874   0.000000   -0.002397 -0.001890  0.000000
   N  -1.255871   1.387255   0.000000    0.004762  0.011921  0.000000
   C  -0.028871   3.481486   0.000000    0.007165  0.016281  0.000000
   C   1.234828   5.547311   0.000000    0.000268  0.026796  0.000000
   N  -2.414980  -4.865439   0.000000   -0.008482 -0.022223  0.000000
   C  -1.217596  -2.780755   0.000000   -0.003043 -0.005810  0.000000
   C  -0.011581  -0.683504   0.000000    0.006172  0.000592  0.000000
   C   1.209018   1.397559   0.000000    0.009672  0.006393  0.000000
   C   2.432239   3.499538   0.000000    0.008807  0.011471  0.000000
   C   3.612931   5.551224  -0.000000    0.009093  0.024206  0.000000
   C  -0.015020  -4.893062   0.000000   -0.011679 -0.010330  0.000000
   C   1.225546  -2.793688   0.000000    0.003438 -0.006168  0.000000
   C   2.456712  -0.697304   0.000000    0.006995 -0.001573  0.000000
   C   3.669217   1.425042   0.000000    0.011135  0.001463  0.000000
   N   4.880901   3.515867   0.000000    0.012503  0.008086  0.000000
   C   6.032197   5.651251  -0.000000    0.013734  0.011335  0.000000
   C   2.411033  -4.927351   0.000000    0.006768 -0.013805  0.000000
   C   3.666263  -2.823513   0.000000    0.006938 -0.007124  0.000000
   C   4.909222  -0.713555   0.000000    0.008494 -0.002223  0.000000
   C   6.112031   1.416728   0.000000    0.014798  0.001754  0.000000
   C   7.263122   3.604526  -0.000000    0.021719  0.006322  0.000000
   C   4.837711  -4.979784   0.000000    0.000737 -0.008443  0.000000
   C   6.124728  -2.874620   0.000000    0.012670 -0.004379  0.000000
   C   7.315374  -0.678568   0.000000    0.010063 -0.003115  0.000000
   C   7.250013  -5.020008   0.000000   -0.005788  0.000373 -0.000000
   H   8.147263   5.572237  -0.000000    0.015122  0.008848  0.000000
   H   8.210648   3.095873  -0.000000    0.024652  0.008488  0.000000
   H   8.261886   1.204691   0.000000    0.016632 -0.003840  0.000000
   H   8.269609  -1.185990   0.000000    0.010141 -0.005440  0.000000
   H   8.260332  -3.150351   0.000000    0.021442 -0.002981 -0.000000
   H   8.177030  -5.580692   0.000000   -0.007630 -0.003499 -0.000000
   H  -8.220634   5.475822   0.000000    0.001625 -0.085354 -0.000000
   H  -8.257029   3.066892   0.000000   -0.040517 -0.105028 -0.000000
   H  -8.154914   1.265403   0.000000   -0.039490  0.060363 -0.000000
   H  -8.256917  -1.118584   0.000000    0.004816  0.037768 -0.000000
   H  -8.263890  -3.130173   0.000000   -0.017366  0.025891 -0.000000
   H  -8.149185  -5.557889   0.000000   -0.004681  0.028122  0.000000
   H  -6.103516   6.725306   0.000000   -0.054051 -0.023400 -0.000000
   H  -3.655977   6.706841   0.000000   -0.000863  0.027708 -0.000000
   H  -1.195228   6.699043   0.000000    0.002922  0.025996  0.000000
   H   1.318811   6.623302   0.000000   -0.004695  0.029392  0.000000
   H   3.564345   6.626568  -0.000000    0.011908  0.026778  0.000000
   H   5.968573   6.730234  -0.000000    0.014901  0.012864  0.000000
   H  -5.980650  -6.734489  -0.000000   -0.032421 -0.018535  0.000000
   H  -3.469841  -6.632697  -0.000000   -0.031343 -0.023000  0.000000
   H  -1.301561  -6.628454  -0.000000    0.000490 -0.034301  0.000000
   H   1.170252  -6.558107   0.000000   -0.004833 -0.019481  0.000000
   H   3.555336  -6.720161   0.000000    0.012437 -0.023143  0.000000
   H   6.019038  -6.773045   0.000000    0.002356 -0.012815 -0.000000
converged SCF energy = -3100.93653957333
--------------- ROKS_Scanner gradients ---------------
         x                y                z
0 C    -0.0020710378    -0.0006823052     0.0000000000
1 C     0.0027369144    -0.0006662893     0.0000000000
2 C    -0.0026107487    -0.0029119079     0.0000000000
3 C    -0.0006323539     0.0000424789    -0.0000000000
4 C     0.0008362841     0.0014067734     0.0000000000
5 C    -0.0018537873    -0.0010857559     0.0000000000
6 C    -0.0033603581    -0.0025694979     0.0000000000
7 C    -0.0006285934     0.0007649173     0.0000000000
8 C    -0.0015898704     0.0005413220    -0.0000000000
9 C    -0.0007751663     0.0015699654    -0.0000000000
10 C    -0.0002063062     0.0004107501     0.0000000000
11 C     0.0000480643     0.0012112910     0.0000000000
12 C    -0.0026704794    -0.0007032929    -0.0000000000
13 C     0.0000232540    -0.0007841627    -0.0000000000
14 C     0.0015561737     0.0005250474     0.0000000000
15 C     0.0024366181     0.0025125681    -0.0000000000
16 C    -0.0010299287     0.0001878655    -0.0000000000
17 C    -0.0022594153     0.0006716969    -0.0000000000
18 C     0.0000542838    -0.0000151481     0.0000000000
19 C     0.0005911177     0.0005574849     0.0000000000
20 N     0.0011706169     0.0031984895    -0.0000000000
21 C    -0.0027457946     0.0043516922     0.0000000000
22 C    -0.0022166725    -0.0018842929    -0.0000000000
23 C     0.0004067350     0.0000539551     0.0000000000
24 C     0.0011660416     0.0001870052     0.0000000000
25 C     0.0003561342     0.0020967114     0.0000000000
26 C     0.0013754664     0.0009627145     0.0000000000
27 N     0.0012114937    -0.0079344175    -0.0000000000
28 C     0.0007609051    -0.0003526758    -0.0000000000
29 C    -0.0000531604     0.0005482729    -0.0000000000
30 C    -0.0002103191     0.0007650185     0.0000000000
31 C    -0.0011375614    -0.0012200009     0.0000000000
32 C     0.0002226759    -0.0008052971     0.0000000000
33 C    -0.0014100588     0.0025998197    -0.0000000000
34 C    -0.0020623189    -0.0005852835    -0.0000000000
35 C     0.0002934177     0.0002519370     0.0000000000
36 C    -0.0000587676     0.0000145702     0.0000000000
37 C     0.0010448138     0.0008181166     0.0000000000
38 C    -0.0018977774    -0.0000952310     0.0000000000
39 C     0.0025603823     0.0044103778    -0.0000000000
40 C     0.0013268371     0.0009854599     0.0000000000
41 C     0.0004727509     0.0000754787    -0.0000000000
42 N    -0.0001822590     0.0004518305    -0.0000000000
43 C    -0.0002293846    -0.0010832794     0.0000000000
44 C    -0.0001057048     0.0012146179     0.0000000000
45 C    -0.0009079065    -0.0016940409     0.0000000000
46 C     0.0004910476    -0.0001969927    -0.0000000000
47 C     0.0017076360     0.0007902993    -0.0000000000
48 C     0.0033514153    -0.0000187826    -0.0000000000
49 C     0.0011669137    -0.0016516350     0.0000000000
50 C    -0.0013162751    -0.0022564643     0.0000000000
51 C     0.0008435655     0.0010115973     0.0000000000
52 C     0.0020355091    -0.0018196061    -0.0000000000
53 N     0.0020056259     0.0004525642     0.0000000000
54 N    -0.0000945465    -0.0010364046    -0.0000000000
55 C    -0.0012742062     0.0002326301    -0.0000000000
56 C     0.0023378387    -0.0029820689    -0.0000000000
57 N     0.0004308522    -0.0031028300     0.0000000000
58 C     0.0007131992    -0.0001955419     0.0000000000
59 C    -0.0011098922     0.0001407427    -0.0000000000
60 C    -0.0019268366    -0.0004018147    -0.0000000000
61 C    -0.0009367921     0.0003204783    -0.0000000000
62 C    -0.0014355905    -0.0022705298    -0.0000000000
63 C     0.0052565476    -0.0001949241    -0.0000000000
64 C    -0.0001161017     0.0001214687     0.0000000000
65 C     0.0001857458     0.0000649187    -0.0000000000
66 C     0.0002614873    -0.0008197283    -0.0000000000
67 N    -0.0005964046    -0.0002895616     0.0000000000
68 C    -0.0014881252    -0.0000732703    -0.0000000000
69 C    -0.0037217569     0.0009963674     0.0000000000
70 C     0.0003429751     0.0006750006     0.0000000000
71 C    -0.0002913877     0.0003494619     0.0000000000
72 C     0.0001351192     0.0007368903    -0.0000000000
73 C    -0.0007756385     0.0008978659     0.0000000000
74 C     0.0017628960    -0.0014172294     0.0000000000
75 C     0.0001785127     0.0004339222    -0.0000000000
76 C    -0.0000339707    -0.0003935504    -0.0000000000
77 C     0.0010187027    -0.0010463725    -0.0000000000
78 H    -0.0006254496    -0.0000600192    -0.0000000000
79 H    -0.0006866685     0.0000664649    -0.0000000000
80 H    -0.0005599610    -0.0002387995    -0.0000000000
81 H    -0.0002775199     0.0001419736     0.0000000000
82 H    -0.0004818017    -0.0002804709    -0.0000000000
83 H    -0.0001836305     0.0001898423     0.0000000000
84 H     0.0007077438     0.0003882651    -0.0000000000
85 H     0.0014846204     0.0018186539    -0.0000000000
86 H     0.0011697444    -0.0024877335    -0.0000000000
87 H     0.0005238983     0.0004084171     0.0000000000
88 H     0.0000595714    -0.0004217116    -0.0000000000
89 H     0.0000588484     0.0004735288    -0.0000000000
90 H    -0.0003334803    -0.0003174258     0.0000000000
91 H    -0.0000458663    -0.0002077957    -0.0000000000
92 H     0.0001082968    -0.0008785922    -0.0000000000
93 H     0.0008369215    -0.0008715462     0.0000000000
94 H     0.0003910511    -0.0007733210     0.0000000000
95 H     0.0004461396    -0.0004370827     0.0000000000
96 H     0.0001399030     0.0005426620     0.0000000000
97 H     0.0004168791     0.0008188590    -0.0000000000
98 H     0.0003298974     0.0008692740    -0.0000000000
99 H     0.0000235073     0.0046878930     0.0000000000
100 H    -0.0002960349     0.0007346892     0.0000000000
101 H    -0.0000203443     0.0004344082    -0.0000000000
----------------------------------------------
cycle 4: E = -3100.93653957  dE = -0.0132184  norm(grad) = 0.0212927

Geometry optimization cycle 5
Cartesian coordinates (Angstrom)
 Atom        New coordinates             dX        dY        dZ
   C  -7.300014   4.915527   0.000000   -0.023707 -0.030626 -0.000000
   C  -7.248856   0.692737   0.000000    0.001629 -0.000444  0.000000
   C  -6.103691   2.821099   0.000000    0.008825 -0.004408 -0.000000
   C  -4.876935   4.947020   0.000000   -0.005029 -0.003016 -0.000000
   C  -7.301473  -3.613697   0.000000   -0.006320 -0.006084  0.000000
   C  -6.105918  -1.413012   0.000000   -0.004284  0.006588  0.000000
   C  -4.867865   0.720427   0.000000    0.009764  0.006416  0.000000
   C  -3.645681   2.838215   0.000000    0.008860  0.009074 -0.000000
   C  -2.427727   4.967334   0.000000    0.006642  0.018397 -0.000000
   C  -6.027649  -5.659892   0.000000   -0.011631 -0.007109  0.000000
   C  -4.878732  -3.501908   0.000000   -0.010593  0.000144  0.000000
   C  -3.652619  -1.376119   0.000000   -0.002903  0.004705  0.000000
   C  -2.430008   0.704372   0.000000    0.008890  0.011259  0.000000
   C  -1.217970   2.815175   0.000000    0.007293  0.016192  0.000000
   C  -0.007496   4.932600   0.000000   -0.000816  0.016945  0.000000
   C  -3.583957  -5.566433   0.000000   -0.015562 -0.006954  0.000000
   C  -2.437688  -3.500273   0.000000   -0.007424  0.003280  0.000000
   C  -1.218050  -1.391534   0.000000    0.002265  0.008643  0.000000
   C   0.008214   0.711784   0.000000    0.007847  0.009617  0.000000
   C   1.239393   2.818864   0.000000    0.007456  0.008461  0.000000
   N   2.409914   4.892296   0.000000    0.000019  0.007799  0.000000
   C  -1.227792  -5.564186   0.000000   -0.012195 -0.009471  0.000000
   C  -0.001316  -3.473007   0.000000   -0.004707  0.011529  0.000000
   C   1.228767  -1.385068   0.000000    0.003672  0.003294  0.000000
   C   2.452205   0.711934   0.000000    0.007193  0.002336  0.000000
   C   3.685484   2.816561   0.000000    0.009606  0.000918  0.000000
   C   4.821038   4.924380   0.000000    0.004180  0.002540  0.000000
   N   1.165048  -5.534129   0.000000   -0.013647  0.024117  0.000000
   C   2.439450  -3.509137   0.000000    0.002343 -0.001964 -0.000000
   C   3.679998  -1.415596   0.000000    0.005532 -0.001979 -0.000000
   C   4.917016   0.705256   0.000000    0.009342 -0.001788 -0.000000
   C   6.122692   2.866671   0.000000    0.015963  0.003143  0.000000
   C   7.235549   5.012389   0.000000    0.011214  0.004853  0.000000
   C   3.576935  -5.652897  -0.000000   -0.000763 -0.016623 -0.000000
   C   4.888634  -3.558647  -0.000000    0.006266 -0.001904 -0.000000
   C   6.137723  -1.427672  -0.000000    0.007996 -0.004559 -0.000000
   C   7.323222   0.689635   0.000000    0.010266 -0.001784 -0.000000
   C   6.035350  -5.693761  -0.000000   -0.009072 -0.003860 -0.000000
   C   7.304792  -3.641643  -0.000000    0.010307 -0.007325 -0.000000
   C  -7.299705   3.509895   0.000000   -0.007290 -0.032223 -0.000000
   C  -6.128474   5.612703   0.000000   -0.022167 -0.029919 -0.000000
   C  -7.300756  -0.648796   0.000000   -0.012963 -0.002724  0.000000
   N  -6.062643   1.404439   0.000000    0.006156 -0.002191  0.000000
   C  -4.879160   3.520607   0.000000    0.004602  0.000878 -0.000000
   C  -3.660507   5.624863   0.000000   -0.005608  0.001590 -0.000000
   C  -7.239772  -4.993380   0.000000   -0.011457 -0.006482  0.000000
   C  -6.128645  -2.834225   0.000000   -0.010986  0.002909  0.000000
   C  -4.886734  -0.701501   0.000000   -0.002900  0.006202  0.000000
   C  -3.653466   1.407365   0.000000    0.006796  0.009210  0.000000
   C  -2.443645   3.530524   0.000000    0.006113  0.017090 -0.000000
   C  -1.202054   5.644671   0.000000    0.003925  0.028093 -0.000000
   C  -4.829968  -4.931286   0.000000   -0.013722 -0.003309  0.000000
   C  -3.656325  -2.784055   0.000000   -0.010208  0.003578  0.000000
   N  -2.439170  -0.651549   0.000000   -0.000816  0.007325  0.000000
   N  -1.246647   1.401167   0.000000    0.009225  0.013912  0.000000
   C  -0.019639   3.495862   0.000000    0.009233  0.014376  0.000000
   C   1.233634   5.566072   0.000000   -0.001194  0.018761  0.000000
   N  -2.428011  -4.867023   0.000000   -0.013032 -0.001584  0.000000
   C  -1.224185  -2.772780   0.000000   -0.006589  0.007974  0.000000
   C  -0.006098  -0.676400   0.000000    0.005483  0.007104  0.000000
   C   1.219245   1.405029   0.000000    0.010227  0.007470  0.000000
   C   2.442146   3.504596   0.000000    0.009907  0.005058  0.000000
   C   3.616936   5.560333   0.000000    0.004005  0.009110  0.000000
   C  -0.037473  -4.881214   0.000000   -0.022453  0.011849  0.000000
   C   1.227642  -2.791367   0.000000    0.002097  0.002321  0.000000
   C   2.462526  -0.696426   0.000000    0.005814  0.000878  0.000000
   C   3.678254   1.425223   0.000000    0.009037  0.000182  0.000000
   N   4.892774   3.517295   0.000000    0.011873  0.001428  0.000000
   C   6.039739   5.652115   0.000000    0.007542  0.000864  0.000000
   C   2.415066  -4.931323   0.000000    0.004033 -0.003971 -0.000000
   C   3.670576  -2.826457   0.000000    0.004313 -0.002943 -0.000000
   C   4.917084  -0.716877   0.000000    0.007862 -0.003322 -0.000000
   C   6.122744   1.416796   0.000000    0.010713  0.000068 -0.000000
   C   7.280777   3.608131   0.000000    0.017655  0.003605  0.000000
   C   4.829480  -4.982204  -0.000000   -0.008232 -0.002419 -0.000000
   C   6.134399  -2.880398  -0.000000    0.009671 -0.005779 -0.000000
   C   7.323183  -0.681038   0.000000    0.007809 -0.002470 -0.000000
   C   7.243804  -5.027207  -0.000000   -0.006209 -0.007199 -0.000000
   H   8.158046   5.579862   0.000000    0.010783  0.007626  0.000000
   H   8.231480   3.102832   0.000000    0.020833  0.006958  0.000000
   H   8.274103   1.201720   0.000000    0.012217 -0.002972 -0.000000
   H   8.277937  -1.188819   0.000000    0.008327 -0.002829 -0.000000
   H   8.274502  -3.163507  -0.000000    0.014170 -0.013156 -0.000000
   H   8.166916  -5.595627  -0.000000   -0.010114 -0.014935 -0.000000
   H  -8.250120   5.437385   0.000000   -0.029486 -0.038437 -0.000000
   H  -8.256057   3.012981   0.000000    0.000972 -0.053911 -0.000000
   H  -8.147765   1.278934   0.000000    0.007149  0.013531  0.000000
   H  -8.270896  -1.122787   0.000000   -0.013978 -0.004202  0.000000
   H  -8.270447  -3.136012   0.000000   -0.006558 -0.005839  0.000000
   H  -8.161202  -5.565103   0.000000   -0.012017 -0.007214  0.000000
   H  -6.137203   6.695859   0.000000   -0.033687 -0.029447 -0.000000
   H  -3.671149   6.708790   0.000000   -0.015172  0.001949 -0.000000
   H  -1.191081   6.728650   0.000000    0.004147  0.029607 -0.000000
   H   1.313645   6.643779   0.000000   -0.005166  0.020477  0.000000
   H   3.568991   6.637138   0.000000    0.004646  0.010569  0.000000
   H   5.972687   6.731780   0.000000    0.004114  0.001546  0.000000
   H  -5.992269  -6.742371   0.000000   -0.011619 -0.007882  0.000000
   H  -3.489482  -6.641499   0.000000   -0.019641 -0.008801  0.000000
   H  -1.307707  -6.639948   0.000000   -0.006146 -0.011494  0.000000
   H   1.150046  -6.541751   0.000000   -0.020206  0.016356  0.000000
   H   3.557333  -6.738022  -0.000000    0.001997 -0.017862 -0.000000
   H   6.008127  -6.777586  -0.000000   -0.010911 -0.004540 -0.000000
converged SCF energy = -3100.93646722449
--------------- ROKS_Scanner gradients ---------------
         x                y                z
0 C    -0.0045626785     0.0021644122    -0.0000000000
1 C     0.0047937890    -0.0010489319    -0.0000000000
2 C     0.0025971851    -0.0000124790     0.0000000000
3 C     0.0014732535     0.0015287952     0.0000000000
4 C     0.0027578281    -0.0016728360    -0.0000000000
5 C     0.0020723923     0.0023826207    -0.0000000000
6 C     0.0020635356     0.0002534536     0.0000000000
7 C     0.0004732016     0.0001594002    -0.0000000000
8 C     0.0032477397     0.0006090445     0.0000000000
9 C    -0.0000894335     0.0006347976     0.0000000000
10 C     0.0000708234    -0.0000088744    -0.0000000000
11 C     0.0008695115     0.0006476486    -0.0000000000
12 C     0.0004741540     0.0017573492    -0.0000000000
13 C    -0.0005022735     0.0003780779     0.0000000000
14 C    -0.0020425650    -0.0015005541     0.0000000000
15 C    -0.0007064073    -0.0019920416     0.0000000000
16 C     0.0007381693     0.0026513301     0.0000000000
17 C     0.0008260678     0.0017739139     0.0000000000
18 C    -0.0004801674     0.0011921777    -0.0000000000
19 C    -0.0010074912     0.0004136537     0.0000000000
20 N    -0.0010361801    -0.0007789046     0.0000000000
21 C    -0.0012682544    -0.0032281518    -0.0000000000
22 C     0.0020986136     0.0010228629     0.0000000000
23 C    -0.0006818479     0.0000142098     0.0000000000
24 C     0.0000220904     0.0002447083    -0.0000000000
25 C    -0.0005433435     0.0009142251     0.0000000000
26 C     0.0001660356    -0.0003595356     0.0000000000
27 N    -0.0017672615     0.0076328869    -0.0000000000
28 C    -0.0017896769    -0.0004920960     0.0000000000
29 C    -0.0000602836     0.0001402175    -0.0000000000
30 C    -0.0007480207    -0.0001986400    -0.0000000000
31 C     0.0004222842    -0.0001619954    -0.0000000000
32 C     0.0010334674    -0.0006569876    -0.0000000000
33 C     0.0023571127    -0.0027552586     0.0000000000
34 C     0.0014709364     0.0009969668     0.0000000000
35 C     0.0000660220    -0.0003578415    -0.0000000000
36 C     0.0001669987     0.0000348022    -0.0000000000
37 C    -0.0003854017     0.0001978435     0.0000000000
38 C     0.0011424643     0.0004727749    -0.0000000000
39 C     0.0018007768    -0.0005196647    -0.0000000000
40 C     0.0003645524    -0.0050264393    -0.0000000000
41 C    -0.0046404409    -0.0042631613     0.0000000000
42 N    -0.0015294841     0.0024340412    -0.0000000000
43 C    -0.0003344637     0.0002248462    -0.0000000000
44 C     0.0001356052    -0.0022448339    -0.0000000000
45 C    -0.0020296100    -0.0015188826     0.0000000000
46 C    -0.0031505098     0.0013978037     0.0000000000
47 C    -0.0010341158     0.0014583247     0.0000000000
48 C    -0.0002719066    -0.0001821110    -0.0000000000
49 C    -0.0007213506     0.0005950098    -0.0000000000
50 C     0.0010528470     0.0027141974    -0.0000000000
51 C    -0.0001867562     0.0002451452    -0.0000000000
52 C    -0.0011902203    -0.0001150076     0.0000000000
53 N    -0.0010860754    -0.0019071170     0.0000000000
54 N     0.0014588374     0.0009349181    -0.0000000000
55 C     0.0019192969    -0.0000607361    -0.0000000000
56 C    -0.0008604854     0.0022325612    -0.0000000000
57 N     0.0007718154    -0.0001915294    -0.0000000000
58 C    -0.0011026286    -0.0013900798    -0.0000000000
59 C     0.0006327660    -0.0006643184    -0.0000000000
60 C     0.0008418913    -0.0001036255     0.0000000000
61 C     0.0020306375    -0.0019761837    -0.0000000000
62 C    -0.0017135858     0.0009758157    -0.0000000000
63 C    -0.0045832144     0.0009629407     0.0000000000
64 C     0.0008287809     0.0012864854    -0.0000000000
65 C     0.0004285323    -0.0004531566    -0.0000000000
66 C     0.0004020112    -0.0011101617     0.0000000000
67 N     0.0004736850    -0.0010454813    -0.0000000000
68 C    -0.0013178612    -0.0005379190     0.0000000000
69 C     0.0043699398    -0.0018255280    -0.0000000000
70 C     0.0002156160    -0.0015758957    -0.0000000000
71 C     0.0000482986    -0.0002018507     0.0000000000
72 C     0.0000117342     0.0004879453     0.0000000000
73 C     0.0011185043     0.0009876987     0.0000000000
74 C    -0.0031226196     0.0009893044    -0.0000000000
75 C     0.0005710356    -0.0003723523     0.0000000000
76 C    -0.0002832391     0.0000907558     0.0000000000
77 C    -0.0007946461     0.0001446368     0.0000000000
78 H     0.0001977958     0.0000781168     0.0000000000
79 H     0.0002407215    -0.0000239845    -0.0000000000
80 H     0.0001508874     0.0000723829     0.0000000000
81 H     0.0000520889     0.0000675154    -0.0000000000
82 H     0.0002490140     0.0000359484     0.0000000000
83 H     0.0000751371     0.0000903697     0.0000000000
84 H    -0.0007632634     0.0001392223     0.0000000000
85 H    -0.0005596418    -0.0006209868     0.0000000000
86 H    -0.0007084842     0.0004234635    -0.0000000000
87 H    -0.0007489284    -0.0004470405    -0.0000000000
88 H     0.0002498980    -0.0002237898     0.0000000000
89 H    -0.0002674814    -0.0003269836    -0.0000000000
90 H    -0.0001722585    -0.0005252463     0.0000000000
91 H     0.0000364873    -0.0002757930     0.0000000000
92 H    -0.0000412424     0.0006302676     0.0000000000
93 H    -0.0004529993     0.0004896037     0.0000000000
94 H    -0.0000289111     0.0003449533     0.0000000000
95 H     0.0000402391     0.0000504450    -0.0000000000
96 H    -0.0001291707    -0.0000766936    -0.0000000000
97 H    -0.0002700115    -0.0004543147     0.0000000000
98 H     0.0001809445    -0.0007545466     0.0000000000
99 H    -0.0000913123    -0.0018056468    -0.0000000000
100 H    -0.0002097221    -0.0007121683    -0.0000000000
101 H    -0.0002378003    -0.0000777878    -0.0000000000
----------------------------------------------
cycle 5: E = -3100.93646722  dE = 7.23488e-05  norm(grad) = 0.0214643

Geometry optimization cycle 6
Cartesian coordinates (Angstrom)
 Atom        New coordinates             dX        dY        dZ
   C  -7.286055   4.927236   0.000000    0.013959  0.011709 -0.000000
   C  -7.256624   0.703850   0.000000   -0.007768  0.011112  0.000000
   C  -6.108816   2.824723   0.000000   -0.005125  0.003624  0.000000
   C  -4.878763   4.950213   0.000000   -0.001828  0.003193  0.000000
   C  -7.302912  -3.604352   0.000000   -0.001439  0.009344  0.000000
   C  -6.105920  -1.412154   0.000000   -0.000002  0.000857  0.000000
   C  -4.873099   0.718086   0.000000   -0.005234 -0.002341  0.000000
   C  -3.651695   2.833780   0.000000   -0.006014 -0.004435  0.000000
   C  -2.434276   4.958599   0.000000   -0.006549 -0.008735  0.000000
   C  -6.024680  -5.657100   0.000000    0.002969  0.002792  0.000000
   C  -4.876354  -3.503131   0.000000    0.002378 -0.001223  0.000000
   C  -3.652873  -1.380370   0.000000   -0.000255 -0.004252  0.000000
   C  -2.434467   0.697592   0.000000   -0.004459 -0.006779  0.000000
   C  -1.222904   2.807466   0.000000   -0.004934 -0.007709  0.000000
   C  -0.009642   4.925046   0.000000   -0.002145 -0.007555  0.000000
   C  -3.579137  -5.566344   0.000000    0.004820  0.000089  0.000000
   C  -2.435256  -3.505082   0.000000    0.002432 -0.004810  0.000000
   C  -1.218710  -1.398789   0.000000   -0.000660 -0.007255  0.000000
   C   0.004286   0.705299   0.000000   -0.003929 -0.006484  0.000000
   C   1.235011   2.814181   0.000000   -0.004382 -0.004684  0.000000
   N   2.408624   4.889193   0.000000   -0.001290 -0.003102  0.000000
   C  -1.221306  -5.564048   0.000000    0.006486  0.000138  0.000000
   C   0.001488  -3.481684   0.000000    0.002804 -0.008677  0.000000
   C   1.227458  -1.389437   0.000000   -0.001309 -0.004369  0.000000
   C   2.448017   0.709461   0.000000   -0.004188 -0.002473  0.000000
   C   3.680445   2.815489   0.000000   -0.005039 -0.001072  0.000000
   C   4.819356   4.924854   0.000000   -0.001682  0.000474  0.000000
   N   1.173615  -5.549064   0.000000    0.008567 -0.014935  0.000000
   C   2.440573  -3.510007   0.000000    0.001123 -0.000871  0.000000
   C   3.678397  -1.415941   0.000000   -0.001601 -0.000344  0.000000
   C   4.912858   0.705559   0.000000   -0.004158  0.000304  0.000000
   C   6.115650   2.866585   0.000000   -0.007042 -0.000086  0.000000
   C   7.231699   5.011548   0.000000   -0.003849 -0.000841  0.000000
   C   3.580636  -5.646218  -0.000000    0.003701  0.006679  0.000000
   C   4.888873  -3.558311  -0.000000    0.000239  0.000336  0.000000
   C   6.135646  -1.425456  -0.000000   -0.002077  0.002216  0.000000
   C   7.319071   0.691552   0.000000   -0.004151  0.001917 -0.000000
   C   6.043134  -5.692948  -0.000000    0.007784  0.000813 -0.000000
   C   7.303608  -3.638251  -0.000000   -0.001184  0.003392 -0.000000
   C  -7.300087   3.521528   0.000000   -0.000382  0.011633  0.000000
   C  -6.120723   5.632351   0.000000    0.007751  0.019648  0.000000
   C  -7.294175  -0.636928   0.000000    0.006582  0.011867  0.000000
   N  -6.065658   1.406997   0.000000   -0.003014  0.002558  0.000000
   C  -4.882798   3.521880   0.000000   -0.003638  0.001273  0.000000
   C  -3.661363   5.624622   0.000000   -0.000856 -0.000241  0.000000
   C  -7.233176  -4.983246   0.000000    0.006596  0.010134  0.000000
   C  -6.125027  -2.832792   0.000000    0.003617  0.001433  0.000000
   C  -4.886244  -0.704572   0.000000    0.000490 -0.003071  0.000000
   C  -3.658198   1.402709   0.000000   -0.004732 -0.004655  0.000000
   C  -2.448734   3.522670   0.000000   -0.005090 -0.007854  0.000000
   C  -1.206884   5.631671   0.000000   -0.004830 -0.013000  0.000000
   C  -4.825543  -4.931946   0.000000    0.004425 -0.000661  0.000000
   C  -3.653414  -2.787464   0.000000    0.002911 -0.003409  0.000000
   N  -2.439593  -0.656839   0.000000   -0.000422 -0.005291  0.000000
   N  -1.251877   1.393699   0.000000   -0.005230 -0.007468  0.000000
   C  -0.025326   3.488852   0.000000   -0.005688 -0.007010  0.000000
   C   1.231235   5.558631   0.000000   -0.002400 -0.007441  0.000000
   N  -2.423080  -4.868878   0.000000    0.004932 -0.001855  0.000000
   C  -1.221125  -2.779419   0.000000    0.003061 -0.006639  0.000000
   C  -0.008188  -0.682126   0.000000   -0.002090 -0.005726  0.000000
   C   1.214294   1.400545   0.000000   -0.004950 -0.004484  0.000000
   C   2.436385   3.502598   0.000000   -0.005761 -0.001997  0.000000
   C   3.615461   5.557987   0.000000   -0.001475 -0.002347  0.000000
   C  -0.026266  -4.891038   0.000000    0.011207 -0.009824  0.000000
   C   1.227604  -2.795894   0.000000   -0.000038 -0.004528  0.000000
   C   2.459873  -0.698564   0.000000   -0.002653 -0.002138  0.000000
   C   3.673305   1.424927   0.000000   -0.004949 -0.000296  0.000000
   N   4.886954   3.517952   0.000000   -0.005820  0.000657  0.000000
   C   6.038134   5.653423   0.000000   -0.001605  0.001309  0.000000
   C   2.415523  -4.931587   0.000000    0.000458 -0.000264  0.000000
   C   3.670582  -2.826152   0.000000    0.000006  0.000305  0.000000
   C   4.914492  -0.716051   0.000000   -0.002592  0.000825  0.000000
   C   6.117661   1.417070   0.000000   -0.005084  0.000274  0.000000
   C   7.273341   3.606864   0.000000   -0.007436 -0.001267  0.000000
   C   4.836914  -4.981625  -0.000000    0.007434  0.000579  0.000000
   C   6.132693  -2.877899  -0.000000   -0.001705  0.002500 -0.000000
   C   7.321051  -0.678841   0.000000   -0.002132  0.002196 -0.000000
   C   7.250179  -5.023943  -0.000000    0.006376  0.003264 -0.000000
   H   8.155457   5.576713   0.000000   -0.002588 -0.003149  0.000000
   H   8.222960   3.099929   0.000000   -0.008520 -0.002903  0.000000
   H   8.269148   1.204884   0.000000   -0.004955  0.003164 -0.000000
   H   8.276036  -1.186102  -0.000000   -0.001901  0.002717 -0.000000
   H   8.271585  -3.157028  -0.000000   -0.002917  0.006479 -0.000000
   H   8.175194  -5.589228  -0.000000    0.008279  0.006399 -0.000000
   H  -8.234925   5.450449   0.000000    0.015195  0.013064 -0.000000
   H  -8.260538   3.033744   0.000000   -0.004481  0.020763 -0.000000
   H  -8.155359   1.289310   0.000000   -0.007594  0.010375  0.000000
   H  -8.263487  -1.111426   0.000000    0.007409  0.011360  0.000000
   H  -8.271581  -3.125763   0.000000   -0.001134  0.010249  0.000000
   H  -8.154433  -5.554780   0.000000    0.006769  0.010323  0.000000
   H  -6.125694   6.715823   0.000000    0.011508  0.019964  0.000000
   H  -3.666783   6.708709   0.000000    0.004366 -0.000081  0.000000
   H  -1.196518   6.715266   0.000000   -0.005437 -0.013384  0.000000
   H   1.310586   6.636074   0.000000   -0.003059 -0.007705  0.000000
   H   3.565744   6.634442   0.000000   -0.003247 -0.002696  0.000000
   H   5.971420   6.733046   0.000000   -0.001267  0.001266  0.000000
   H  -5.993851  -6.739619   0.000000   -0.001581  0.002751  0.000000
   H  -3.484069  -6.641046   0.000000    0.005414  0.000452  0.000000
   H  -1.306035  -6.638907   0.000000    0.001672  0.001040  0.000000
   H   1.162845  -6.555271   0.000000    0.012799 -0.013520  0.000000
   H   3.562240  -6.730889  -0.000000    0.004907  0.007133  0.000000
   H   6.017942  -6.776737  -0.000000    0.009815  0.000848 -0.000000
converged SCF energy = -3100.93721352509
