1721710965.494487

Geometry optimization cycle 1
Cartesian coordinates (Angstrom)
 Atom        New coordinates             dX        dY        dZ
   C  -7.338226   5.042760   0.000000    0.000000  0.000000  0.000000
   C  -7.365228   0.691139   0.000000    0.000000  0.000000  0.000000
   C  -6.173642   2.889413   0.000000    0.000000  0.000000  0.000000
   C  -4.910090   5.019617   0.000000    0.000000  0.000000  0.000000
   C  -7.358051  -3.642635   0.000000    0.000000  0.000000  0.000000
   C  -6.173475  -1.431785   0.000000    0.000000  0.000000  0.000000
   C  -4.940069   0.716689   0.000000    0.000000  0.000000  0.000000
   C  -3.694845   2.860312   0.000000    0.000000  0.000000  0.000000
   C  -2.457224   5.005715   0.000000    0.000000  0.000000  0.000000
   C  -6.138515  -5.727246   0.000000    0.000000  0.000000  0.000000
   C  -4.928214  -3.580071   0.000000    0.000000  0.000000  0.000000
   C  -3.698169  -1.425571   0.000000    0.000000  0.000000  0.000000
   C  -2.471779   0.716540   0.000000    0.000000  0.000000  0.000000
   C  -1.230705   2.851907   0.000000    0.000000 -0.000000  0.000000
   C   0.000000   5.003169   0.000000    0.000000  0.000000  0.000000
   N  -3.678966  -5.694052   0.000000    0.000000  0.000000  0.000000
   C  -2.466015  -3.560923   0.000000    0.000000  0.000000  0.000000
   C  -1.232423  -1.423207   0.000000    0.000000  0.000000  0.000000
   C   0.000000   0.715809   0.000000    0.000000  0.000000  0.000000
   C   1.230705   2.851907   0.000000    0.000000 -0.000000  0.000000
   C   2.457224   5.005715   0.000000    0.000000  0.000000  0.000000
   C  -1.226334  -5.685080   0.000000    0.000000  0.000000  0.000000
   C   0.000000  -3.557079   0.000000    0.000000  0.000000  0.000000
   C   1.232423  -1.423207   0.000000    0.000000  0.000000  0.000000
   C   2.471779   0.716540   0.000000    0.000000  0.000000  0.000000
   C   3.694845   2.860312   0.000000    0.000000  0.000000  0.000000
   N   4.910090   5.019617   0.000000    0.000000  0.000000  0.000000
   C   1.226334  -5.685080   0.000000    0.000000  0.000000  0.000000
   C   2.466015  -3.560923   0.000000    0.000000  0.000000  0.000000
   C   3.698169  -1.425571   0.000000    0.000000  0.000000  0.000000
   C   4.940069   0.716689   0.000000    0.000000  0.000000  0.000000
   C   6.173642   2.889413   0.000000    0.000000  0.000000  0.000000
   C   7.338226   5.042760   0.000000    0.000000  0.000000  0.000000
   C   3.678966  -5.694052   0.000000    0.000000  0.000000  0.000000
   C   4.928214  -3.580071   0.000000    0.000000  0.000000  0.000000
   N   6.173475  -1.431785   0.000000   -0.000000  0.000000  0.000000
   C   7.365228   0.691139   0.000000    0.000000  0.000000  0.000000
   C   6.138515  -5.727246   0.000000    0.000000  0.000000  0.000000
   C   7.358051  -3.642635   0.000000   -0.000000  0.000000  0.000000
   C  -7.358051   3.642635   0.000000    0.000000  0.000000  0.000000
   C  -6.138515   5.727246   0.000000    0.000000  0.000000  0.000000
   N  -7.365228  -0.691139   0.000000    0.000000  0.000000  0.000000
   N  -6.173475   1.431785   0.000000    0.000000  0.000000  0.000000
   C  -4.928214   3.580071   0.000000    0.000000 -0.000000  0.000000
   C  -3.678966   5.694052   0.000000    0.000000  0.000000  0.000000
   C  -7.338226  -5.042760   0.000000    0.000000  0.000000  0.000000
   C  -6.173642  -2.889413   0.000000    0.000000  0.000000  0.000000
   C  -4.940069  -0.716689   0.000000    0.000000  0.000000  0.000000
   C  -3.698169   1.425571   0.000000    0.000000  0.000000  0.000000
   C  -2.466015   3.560923   0.000000    0.000000 -0.000000  0.000000
   C  -1.226334   5.685080   0.000000    0.000000  0.000000  0.000000
   C  -4.910090  -5.019617   0.000000    0.000000  0.000000  0.000000
   C  -3.694845  -2.860312   0.000000    0.000000  0.000000  0.000000
   C  -2.471779  -0.716540   0.000000    0.000000  0.000000  0.000000
   C  -1.232423   1.423207   0.000000    0.000000  0.000000  0.000000
   C   0.000000   3.557079   0.000000    0.000000  0.000000  0.000000
   C   1.226334   5.685080   0.000000    0.000000  0.000000  0.000000
   C  -2.457224  -5.005715   0.000000    0.000000  0.000000  0.000000
   C  -1.230705  -2.851907   0.000000    0.000000  0.000000  0.000000
   N   0.000000  -0.715809   0.000000    0.000000  0.000000  0.000000
   C   1.232423   1.423207   0.000000    0.000000  0.000000  0.000000
   C   2.466015   3.560923   0.000000    0.000000 -0.000000  0.000000
   C   3.678966   5.694052   0.000000    0.000000  0.000000  0.000000
   C   0.000000  -5.003169   0.000000    0.000000  0.000000  0.000000
   C   1.230705  -2.851907   0.000000    0.000000  0.000000  0.000000
   C   2.471779  -0.716540   0.000000    0.000000  0.000000  0.000000
   C   3.698169   1.425571   0.000000    0.000000  0.000000  0.000000
   C   4.928214   3.580071   0.000000    0.000000 -0.000000  0.000000
   N   6.138515   5.727246   0.000000    0.000000  0.000000  0.000000
   N   2.457224  -5.005715   0.000000    0.000000  0.000000  0.000000
   C   3.694845  -2.860312   0.000000    0.000000  0.000000  0.000000
   N   4.940069  -0.716689   0.000000    0.000000  0.000000  0.000000
   C   6.173475   1.431785   0.000000   -0.000000  0.000000  0.000000
   C   7.358051   3.642635   0.000000   -0.000000  0.000000  0.000000
   C   4.910090  -5.019617   0.000000    0.000000  0.000000  0.000000
   N   6.173642  -2.889413   0.000000    0.000000  0.000000  0.000000
   C   7.365228  -0.691139   0.000000    0.000000  0.000000  0.000000
   C   7.338226  -5.042760   0.000000    0.000000  0.000000  0.000000
   H   8.282184   5.591425   0.000000    0.000000 -0.000000  0.000000
   H   8.325741   3.141106   0.000000    0.000000  0.000000  0.000000
   H   8.326715   1.204661   0.000000    0.000000  0.000000  0.000000
   H   8.326715  -1.204661   0.000000    0.000000  0.000000  0.000000
   H   8.325741  -3.141106   0.000000    0.000000  0.000000  0.000000
   H   8.282184  -5.591425   0.000000    0.000000  0.000000  0.000000
   H  -8.282184   5.591425   0.000000    0.000000 -0.000000  0.000000
   H  -8.325741   3.141106   0.000000    0.000000  0.000000  0.000000
   H  -8.326715   1.204661   0.000000    0.000000  0.000000  0.000000
   H  -8.326715  -1.204661   0.000000    0.000000  0.000000  0.000000
   H  -8.325741  -3.141106   0.000000    0.000000  0.000000  0.000000
   H  -8.282184  -5.591425   0.000000    0.000000  0.000000  0.000000
   H  -6.116625   6.819427   0.000000    0.000000  0.000000  0.000000
   H  -3.672757   6.787431   0.000000    0.000000  0.000000  0.000000
   H  -1.225580   6.778408   0.000000    0.000000 -0.000000  0.000000
   H   1.225580   6.778408   0.000000    0.000000 -0.000000  0.000000
   H   3.672757   6.787431   0.000000    0.000000  0.000000  0.000000
   H   6.116625   6.819427   0.000000   -0.000000  0.000000  0.000000
   H  -6.116625  -6.819427   0.000000    0.000000  0.000000  0.000000
   H  -3.672757  -6.787431   0.000000    0.000000  0.000000  0.000000
   H  -1.225580  -6.778408   0.000000    0.000000  0.000000  0.000000
   H   1.225580  -6.778408   0.000000    0.000000  0.000000  0.000000
   H   3.672757  -6.787431   0.000000    0.000000  0.000000  0.000000
   H   6.116625  -6.819427   0.000000   -0.000000  0.000000  0.000000
converged SCF energy = -3150.51551986986
--------------- RKS_Scanner gradients ---------------
         x                y                z
0 C    -0.0113229024    -0.0038206148     0.0000000000
1 C    -0.0302152999    -0.0034879125    -0.0000000000
2 C     0.0029252475    -0.0005595243     0.0000000000
3 C    -0.0034258408    -0.0023824272     0.0000000000
4 C     0.0108134537     0.0176899868    -0.0000000000
5 C    -0.0172412695     0.0266553645    -0.0000000000
6 C    -0.0295054038    -0.0145174037    -0.0000000000
7 C    -0.0107029338    -0.0125848092     0.0000000000
8 C    -0.0004537786    -0.0044706456     0.0000000000
9 C    -0.0307573244     0.0035122428     0.0000000000
10 C    -0.0098189733     0.0132063017     0.0000000000
11 C     0.0123422697     0.0141067530    -0.0000000000
12 C    -0.0016685437     0.0112744531     0.0000000000
13 C    -0.0124626458    -0.0062340666     0.0000000000
14 C     0.0055318539    -0.0068699558     0.0000000000
15 N     0.0002304214     0.0224062389    -0.0000000000
16 C     0.0059197868     0.0059595065     0.0000000000
17 C     0.0032865530    -0.0048153222     0.0000000000
18 C     0.0161749393     0.0124660119     0.0000000000
19 C     0.0003207917    -0.0078877452    -0.0000000000
20 C     0.0011666418    -0.0036373408    -0.0000000000
21 C     0.0338324998     0.0018080972    -0.0000000000
22 C     0.0115884155     0.0146851249    -0.0000000000
23 C     0.0150442096     0.0000169107    -0.0000000000
24 C     0.0230996566    -0.0154290121    -0.0000000000
25 C     0.0002653951    -0.0202288892    -0.0000000000
26 N     0.0331762151     0.0117765048     0.0000000000
27 C    -0.0135825959    -0.0195251490     0.0000000000
28 C     0.0137592037     0.0249918055    -0.0000000000
29 C     0.0040793754     0.0064183539    -0.0000000000
30 C    -0.0053394434    -0.0081037127    -0.0000000000
31 C     0.0401353544     0.0343269192    -0.0000000000
32 C     0.0070530463     0.0575570352    -0.0000000000
33 C     0.0136742046    -0.0173499100    -0.0000000000
34 C    -0.0166990839    -0.0087035032    -0.0000000000
35 N    -0.0295635476     0.0294834656     0.0000000000
36 C    -0.0199522107     0.0414581556    -0.0000000000
37 C     0.0058080065     0.0114187692    -0.0000000000
38 C    -0.0245427255     0.0068903999     0.0000000000
39 C     0.0040206398     0.0200828995    -0.0000000000
40 C     0.0091482251     0.0029018339    -0.0000000000
41 N     0.0307007571    -0.0078587069     0.0000000000
42 N     0.0363276998     0.0166160717    -0.0000000000
43 C     0.0016464145     0.0153266599    -0.0000000000
44 C     0.0019054051     0.0074251371    -0.0000000000
45 C     0.0069564646    -0.0256639012     0.0000000000
46 C     0.0037534112    -0.0292784095     0.0000000000
47 C     0.0177446677     0.0021814419     0.0000000000
48 C     0.0322446367     0.0085684493    -0.0000000000
49 C     0.0116721924     0.0044834545    -0.0000000000
50 C    -0.0038515376     0.0069742494    -0.0000000000
51 C     0.0094802500     0.0020310582    -0.0000000000
52 C     0.0008853294    -0.0080340315     0.0000000000
53 C    -0.0236966545    -0.0141185458     0.0000000000
54 C    -0.0071637914     0.0145201803    -0.0000000000
55 C     0.0044423632     0.0033972819    -0.0000000000
56 C    -0.0092466681     0.0028449058     0.0000000000
57 C    -0.0167927783     0.0096099829     0.0000000000
58 C    -0.0106812601     0.0013348986    -0.0000000000
59 N    -0.0136505726     0.0013873484     0.0000000000
60 C    -0.0240756082     0.0171652376     0.0000000000
61 C    -0.0002988924     0.0099444978     0.0000000000
62 C    -0.0314001758     0.0142286131     0.0000000000
63 C    -0.0175810338    -0.0207116660     0.0000000000
64 C    -0.0027508654     0.0008177535     0.0000000000
65 C    -0.0181375451     0.0025368055     0.0000000000
66 C    -0.0214222185     0.0194640314     0.0000000000
67 C    -0.0164117329    -0.0131381702     0.0000000000
68 N    -0.0003394696    -0.0482442942    -0.0000000000
69 N     0.0104657412    -0.0112164739    -0.0000000000
70 C    -0.0242594883    -0.0097507850     0.0000000000
71 N     0.0309608018    -0.0012851169     0.0000000000
72 C     0.0345085031    -0.0333927385     0.0000000000
73 C    -0.0281585546    -0.0593405179     0.0000000000
74 C    -0.0043162753    -0.0143542584     0.0000000000
75 N     0.0414419909    -0.0083436900     0.0000000000
76 C     0.0124305929    -0.0203450308    -0.0000000000
77 C     0.0088318332    -0.0305335389     0.0000000000
78 H     0.0127099162    -0.0039111210     0.0000000000
79 H     0.0053205931    -0.0076287722    -0.0000000000
80 H     0.0052063851     0.0083983255     0.0000000000
81 H     0.0141857904     0.0035903152     0.0000000000
82 H     0.0130500935    -0.0014232165    -0.0000000000
83 H     0.0042064025    -0.0077213028     0.0000000000
84 H    -0.0046704648     0.0037419268     0.0000000000
85 H    -0.0045489067    -0.0035832094     0.0000000000
86 H    -0.0114977002     0.0039727982    -0.0000000000
87 H    -0.0541967467    -0.0297083963    -0.0000000000
88 H    -0.0027293411     0.0036089568     0.0000000000
89 H    -0.0054972014    -0.0026995880    -0.0000000000
90 H     0.0002548096     0.0062063616     0.0000000000
91 H     0.0003724637     0.0064684975    -0.0000000000
92 H    -0.0000052911     0.0062283680     0.0000000000
93 H     0.0004285610     0.0060300833    -0.0000000000
94 H    -0.0073703487     0.0083648447    -0.0000000000
95 H     0.0073246462     0.0646469899     0.0000000000
96 H     0.0005076058    -0.0053496962     0.0000000000
97 H     0.0003329279    -0.0619640120     0.0000000000
98 H     0.0001357447    -0.0054524436     0.0000000000
99 H    -0.0087081889    -0.0096820409    -0.0000000000
100 H     0.0071288241    -0.0108795445     0.0000000000
101 H    -0.0003042961    -0.0069948793     0.0000000000
----------------------------------------------
cycle 1: E = -3150.51551987  dE = -3150.52  norm(grad) = 0.25616

Geometry optimization cycle 2
Cartesian coordinates (Angstrom)
 Atom        New coordinates             dX        dY        dZ
   C  -7.312359   4.891769   0.000000    0.025867 -0.150990  0.000000
   C  -7.263633   0.723444   0.000000    0.101595  0.032305  0.000000
   C  -6.122248   2.827373   0.000000    0.051394 -0.062040  0.000000
   C  -4.891488   4.954490   0.000000    0.018603 -0.065127  0.000000
   C  -7.329284  -3.591582   0.000000    0.028768  0.051053  0.000000
   C  -6.101874  -1.406167   0.000000    0.071601  0.025618  0.000000
   C  -4.867894   0.713374  -0.000000    0.072175 -0.003315 -0.000000
   C  -3.652056   2.842055  -0.000000    0.042789 -0.018256 -0.000000
   C  -2.433931   4.976317  -0.000000    0.023292 -0.029398 -0.000000
   C  -6.064348  -5.671978   0.000000    0.074167  0.055268  0.000000
   C  -4.902058  -3.521561  -0.000000    0.026156  0.058510 -0.000000
   C  -3.659648  -1.409190  -0.000000    0.038521  0.016381 -0.000000
   C  -2.440172   0.710949  -0.000000    0.031607 -0.005591 -0.000000
   C  -1.201731   2.836813  -0.000000    0.028973 -0.015094 -0.000000
   C   0.022860   4.983462  -0.000000    0.022860 -0.019707 -0.000000
   N  -3.653427  -5.562934  -0.000000    0.025539  0.131118 -0.000000
   C  -2.449875  -3.523846  -0.000000    0.016140  0.037077 -0.000000
   C  -1.213878  -1.404967  -0.000000    0.018545  0.018241 -0.000000
   C   0.004828   0.699919  -0.000000    0.004828 -0.015890 -0.000000
   C   1.233153   2.827951  -0.000000    0.002448 -0.023956 -0.000000
   C   2.463912   4.956067  -0.000000    0.006688 -0.049648 -0.000000
   C  -1.226074  -5.652684  -0.000000    0.000260  0.032395 -0.000000
   C  -0.018797  -3.530536  -0.000000   -0.018797  0.026543 -0.000000
   C   1.208888  -1.409765  -0.000000   -0.023535  0.013443 -0.000000
   C   2.452890   0.709776  -0.000000   -0.018890 -0.006763 -0.000000
   C   3.681994   2.816097  -0.000000   -0.012851 -0.044214 -0.000000
   N   4.844023   4.883217  -0.000000   -0.066067 -0.136400 -0.000000
   C   1.234096  -5.591927  -0.000000    0.007761  0.093152 -0.000000
   C   2.427075  -3.505864  -0.000000   -0.038939  0.055059 -0.000000
   C   3.636842  -1.417087  -0.000000   -0.061327  0.008484 -0.000000
   C   4.908783   0.700860  -0.000000   -0.031286 -0.015829 -0.000000
   C   6.153467   2.810230   0.000000   -0.020174 -0.079183  0.000000
   C   7.245033   4.932597   0.000000   -0.093193 -0.110163  0.000000
   C   3.626109  -5.562755  -0.000000   -0.052857  0.131298 -0.000000
   C   4.877478  -3.528302   0.000000   -0.050736  0.051769  0.000000
   N   6.067695  -1.437042   0.000000   -0.105779 -0.005257  0.000000
   C   7.326448   0.599875   0.000000   -0.038780 -0.091264  0.000000
   C   6.105308  -5.642432   0.000000   -0.033208  0.084814  0.000000
   C   7.293330  -3.499693   0.000000   -0.064721  0.142942  0.000000
   C  -7.340681   3.494537   0.000000    0.017370 -0.148098  0.000000
   C  -6.143915   5.612944   0.000000   -0.005400 -0.114302  0.000000
   N  -7.252125  -0.626616   0.000000    0.113103  0.064523  0.000000
   N  -6.098405   1.404936   0.000000    0.075070 -0.026849  0.000000
   C  -4.894454   3.526266   0.000000    0.033760 -0.053804  0.000000
   C  -3.669550   5.634890   0.000000    0.009416 -0.059162  0.000000
   C  -7.263565  -4.973155   0.000000    0.074661  0.069605  0.000000
   C  -6.144942  -2.829960   0.000000    0.028700  0.059454  0.000000
   C  -4.886556  -0.707168  -0.000000    0.053513  0.009521 -0.000000
   C  -3.663084   1.416301  -0.000000    0.035085 -0.009269 -0.000000
   C  -2.438732   3.538875  -0.000000    0.027283 -0.022048 -0.000000
   C  -1.204257   5.650884  -0.000000    0.022077 -0.034195 -0.000000
   C  -4.883202  -4.934269  -0.000000    0.026889  0.085348 -0.000000
   C  -3.668384  -2.821946  -0.000000    0.026461  0.038366 -0.000000
   C  -2.431423  -0.701947  -0.000000    0.040356  0.014593 -0.000000
   C  -1.207753   1.408067  -0.000000    0.024670 -0.015141 -0.000000
   C   0.015128   3.540399  -0.000000    0.015128 -0.016679 -0.000000
   C   1.253917   5.653726  -0.000000    0.027583 -0.031354 -0.000000
   C  -2.417054  -4.950323  -0.000000    0.040170  0.055392 -0.000000
   C  -1.224052  -2.821925  -0.000000    0.006652  0.029982 -0.000000
   N   0.006104  -0.710985  -0.000000    0.006104  0.004824 -0.000000
   C   1.237326   1.401761  -0.000000    0.004903 -0.021446 -0.000000
   C   2.465246   3.518786  -0.000000   -0.000769 -0.042137 -0.000000
   C   3.694033   5.606452  -0.000000    0.015067 -0.087601 -0.000000
   C  -0.001005  -4.951980  -0.000000   -0.001005  0.051188 -0.000000
   C   1.199839  -2.820816  -0.000000   -0.030865  0.031091 -0.000000
   C   2.440225  -0.710778  -0.000000   -0.031554  0.005761 -0.000000
   C   3.686263   1.392061  -0.000000   -0.011906 -0.033510 -0.000000
   C   4.920398   3.487634  -0.000000   -0.007816 -0.092436 -0.000000
   N   6.043816   5.583946   0.000000   -0.094700 -0.143300  0.000000
   N   2.418654  -4.900819  -0.000000   -0.038570  0.104896 -0.000000
   C   3.660391  -2.823680  -0.000000   -0.034454  0.036631 -0.000000
   N   4.848855  -0.711853  -0.000000   -0.091214  0.004836 -0.000000
   C   6.140160   1.383257   0.000000   -0.033315 -0.048528  0.000000
   C   7.351701   3.584161   0.000000   -0.006351 -0.058475  0.000000
   C   4.879454  -4.941627   0.000000   -0.030636  0.077990  0.000000
   N   6.071773  -2.835355   0.000000   -0.101869  0.054058  0.000000
   C   7.253828  -0.748856   0.000000   -0.111400 -0.057717  0.000000
   C   7.257759  -4.873826   0.000000   -0.080466  0.168934  0.000000
   H   8.137112   5.545368   0.000000   -0.145072 -0.046057  0.000000
   H   8.335401   3.135363   0.000000    0.009660 -0.005743  0.000000
   H   8.307427   1.054020   0.000000   -0.019288 -0.150642  0.000000
   H   8.164801  -1.326364   0.000000   -0.161914 -0.121703  0.000000
   H   8.223578  -2.954191   0.000000   -0.102162  0.186915  0.000000
   H   8.217886  -5.376727   0.000000   -0.064298  0.214698  0.000000
   H  -8.260094   5.421137   0.000000    0.022090 -0.170288  0.000000
   H  -8.289698   2.970828   0.000000    0.036043 -0.170278  0.000000
   H  -8.205977   1.245617   0.000000    0.120738  0.040956  0.000000
   H  -8.164482  -1.093300   0.000000    0.162234  0.111362  0.000000
   H  -8.305629  -3.116893   0.000000    0.020112  0.024213  0.000000
   H  -8.194466  -5.531201   0.000000    0.087718  0.060224  0.000000
   H  -6.162302   6.698597   0.000000   -0.045677 -0.120830  0.000000
   H  -3.681034   6.721343   0.000000   -0.008277 -0.066088  0.000000
   H  -1.207146   6.737584  -0.000000    0.018434 -0.040824 -0.000000
   H   1.266614   6.740566  -0.000000    0.041034 -0.037842 -0.000000
   H   3.761178   6.688824  -0.000000    0.088421 -0.098608 -0.000000
   H   5.980125   6.605913   0.000000   -0.136501 -0.213514  0.000000
   H  -6.029604  -6.758134   0.000000    0.087021  0.061293  0.000000
   H  -3.660092  -6.590386  -0.000000    0.012665  0.197045 -0.000000
   H  -1.234741  -6.740178  -0.000000   -0.009161  0.038230 -0.000000
   H   1.293238  -6.673335  -0.000000    0.067658  0.105073 -0.000000
   H   3.578381  -6.643567   0.000000   -0.094376  0.143864  0.000000
   H   6.123740  -6.727247   0.000000    0.007115  0.092180  0.000000
converged SCF energy = -3150.60625996777
--------------- RKS_Scanner gradients ---------------
         x                y                z
0 C     0.0036015743    -0.0063845998    -0.0000000000
1 C    -0.0250744437     0.0068097344    -0.0000000000
2 C     0.0000491446     0.0017522228     0.0000000000
3 C    -0.0013917540    -0.0013275223    -0.0000000000
4 C     0.0019962778     0.0087382347    -0.0000000000
5 C    -0.0105931982     0.0145178188    -0.0000000000
6 C    -0.0108948061    -0.0048892606     0.0000000000
7 C    -0.0037471551    -0.0038733652     0.0000000000
8 C     0.0012963642    -0.0017257471     0.0000000000
9 C    -0.0108926288    -0.0035098594     0.0000000000
10 C    -0.0017635730     0.0024433611    -0.0000000000
11 C     0.0051824276     0.0062829077     0.0000000000
12 C    -0.0014138507     0.0056869422     0.0000000000
13 C    -0.0036108749    -0.0013849988    -0.0000000000
14 C     0.0056201396    -0.0028873439     0.0000000000
15 N    -0.0024694198     0.0220257800    -0.0000000000
16 C    -0.0041218327    -0.0008759435    -0.0000000000
17 C     0.0009731697    -0.0016166638     0.0000000000
18 C     0.0085439939     0.0073276891    -0.0000000000
19 C     0.0015314978    -0.0034566055     0.0000000000
20 C     0.0064495269    -0.0059739658     0.0000000000
21 C     0.0145640212     0.0000946646     0.0000000000
22 C     0.0031851095     0.0061254232    -0.0000000000
23 C     0.0115480955    -0.0004951557    -0.0000000000
24 C     0.0133074868    -0.0065927134     0.0000000000
25 C     0.0019425475    -0.0037843816     0.0000000000
26 N    -0.0018181731    -0.0022582165     0.0000000000
27 C     0.0018398628    -0.0050241044     0.0000000000
28 C     0.0076302654     0.0142687318     0.0000000000
29 C    -0.0019078718    -0.0026936618    -0.0000000000
30 C     0.0048819205     0.0029781091     0.0000000000
31 C     0.0171081203     0.0248206129     0.0000000000
32 C    -0.0086682067     0.0183401050     0.0000000000
33 C    -0.0005153787     0.0040370750     0.0000000000
34 C    -0.0172245251    -0.0081980639     0.0000000000
35 N    -0.0148031430     0.0132771120     0.0000000000
36 C    -0.0053825191     0.0097772832     0.0000000000
37 C     0.0044690777    -0.0049880505     0.0000000000
38 C    -0.0065075483     0.0170291202    -0.0000000000
39 C    -0.0060207181    -0.0013434109    -0.0000000000
40 C     0.0026867871     0.0013263033     0.0000000000
41 N     0.0260586278    -0.0017709406     0.0000000000
42 N     0.0211972609     0.0023612314    -0.0000000000
43 C     0.0029873674     0.0062015276    -0.0000000000
44 C     0.0010151514     0.0003360336    -0.0000000000
45 C     0.0114123938    -0.0067757509    -0.0000000000
46 C    -0.0001466073    -0.0176460543     0.0000000000
47 C     0.0032229895     0.0013408977    -0.0000000000
48 C     0.0117052377     0.0031173292    -0.0000000000
49 C     0.0042297513     0.0036866251    -0.0000000000
50 C    -0.0006516420     0.0014211980    -0.0000000000
51 C    -0.0050126190     0.0020012070     0.0000000000
52 C     0.0018901680     0.0005550611     0.0000000000
53 C    -0.0093793073    -0.0092311649    -0.0000000000
54 C    -0.0044009491     0.0035619461     0.0000000000
55 C    -0.0015362458     0.0023265623     0.0000000000
56 C    -0.0029934935     0.0043368183    -0.0000000000
57 C     0.0041212378    -0.0034154554     0.0000000000
58 C    -0.0034577490     0.0000437882     0.0000000000
59 N    -0.0060982168    -0.0016067035    -0.0000000000
60 C    -0.0121919343     0.0046762607    -0.0000000000
61 C    -0.0021627351     0.0040063719    -0.0000000000
62 C    -0.0094635407     0.0165772714     0.0000000000
63 C    -0.0086122867    -0.0043043403    -0.0000000000
64 C    -0.0036858961    -0.0021159739     0.0000000000
65 C    -0.0097669150     0.0032231184     0.0000000000
66 C    -0.0089787923     0.0046573023    -0.0000000000
67 C     0.0034636656    -0.0160319332    -0.0000000000
68 N    -0.0046785972    -0.0201459495     0.0000000000
69 N    -0.0033308999    -0.0092211723     0.0000000000
70 C    -0.0041015338    -0.0038541013    -0.0000000000
71 N     0.0028306755     0.0009370484     0.0000000000
72 C     0.0114853518    -0.0211191755    -0.0000000000
73 C    -0.0053325913    -0.0218806761    -0.0000000000
74 C     0.0100321912    -0.0022286565    -0.0000000000
75 N     0.0230359777    -0.0143150384     0.0000000000
76 C     0.0017164428    -0.0075445694     0.0000000000
77 C    -0.0110973495    -0.0020123493    -0.0000000000
78 H     0.0049397425    -0.0052218372    -0.0000000000
79 H     0.0023858409    -0.0013952941     0.0000000000
80 H     0.0017584643     0.0015985029    -0.0000000000
81 H     0.0073998817    -0.0023593852     0.0000000000
82 H     0.0078815404     0.0052774374     0.0000000000
83 H    -0.0007858027    -0.0012425183     0.0000000000
84 H    -0.0007198060    -0.0001781445     0.0000000000
85 H    -0.0028525959    -0.0065323442     0.0000000000
86 H    -0.0041895750     0.0040939924     0.0000000000
87 H    -0.0163632845    -0.0075745995     0.0000000000
88 H    -0.0010817619     0.0012620476     0.0000000000
89 H    -0.0007833110     0.0000801527     0.0000000000
90 H     0.0009081264     0.0016996458    -0.0000000000
91 H     0.0002107294     0.0012137444     0.0000000000
92 H     0.0001512592     0.0013030432     0.0000000000
93 H     0.0003889406     0.0018191093     0.0000000000
94 H    -0.0042514971     0.0031134715    -0.0000000000
95 H     0.0024405079     0.0204570904     0.0000000000
96 H     0.0014682183    -0.0026183891    -0.0000000000
97 H     0.0004778087    -0.0180676390     0.0000000000
98 H    -0.0003623112    -0.0024689319    -0.0000000000
99 H    -0.0044430686    -0.0029133014    -0.0000000000
100 H     0.0036163483    -0.0020881084     0.0000000000
101 H    -0.0010937018    -0.0037955933     0.0000000000
----------------------------------------------
cycle 2: E = -3150.60625997  dE = -0.0907401  norm(grad) = 0.116189

Geometry optimization cycle 3
Cartesian coordinates (Angstrom)
 Atom        New coordinates             dX        dY        dZ
   C  -7.319728   4.961965   0.000000   -0.007369  0.070196  0.000000
   C  -7.153872   0.625316   0.000000    0.109761 -0.098127 -0.000000
   C  -6.127455   2.807770   0.000000   -0.005207 -0.019603  0.000000
   C  -4.903666   4.921827   0.000000   -0.012178 -0.032663  0.000000
   C  -7.302233  -3.592432  -0.000000    0.027050 -0.000849 -0.000000
   C  -6.045128  -1.440466   0.000000    0.056746 -0.034299 -0.000000
   C  -4.839009   0.710612   0.000000    0.028884 -0.002762  0.000000
   C  -3.648611   2.823190   0.000000    0.003444 -0.018865  0.000000
   C  -2.443729   4.946532   0.000000   -0.009798 -0.029785  0.000000
   C  -6.027607  -5.611591   0.000000    0.036741  0.060387 -0.000000
   C  -4.865169  -3.521862   0.000000    0.036889 -0.000302  0.000000
   C  -3.635934  -1.408331   0.000000    0.023713  0.000859  0.000000
   C  -2.431994   0.700569   0.000000    0.008179 -0.010380  0.000000
   C  -1.201897   2.816370   0.000000   -0.000166 -0.020443  0.000000
   C   0.009262   4.962177   0.000000   -0.013598 -0.021285  0.000000
   N  -3.622360  -5.569417   0.000000    0.031067 -0.006483  0.000000
   C  -2.427909  -3.497942   0.000000    0.021966  0.025904  0.000000
   C  -1.194429  -1.393941  -0.000000    0.019449  0.011026  0.000000
   C  -0.002345   0.679957  -0.000000   -0.007173 -0.019962  0.000000
   C   1.214042   2.808277   0.000000   -0.019110 -0.019674  0.000000
   C   2.456388   4.922973   0.000000   -0.007524 -0.033094  0.000000
   C  -1.242364  -5.607142   0.000000   -0.016290  0.045542  0.000000
   C  -0.017118  -3.514672   0.000000    0.001679  0.015864  0.000000
   C   1.206618  -1.402652  -0.000000   -0.002270  0.007112  0.000000
   C   2.427750   0.706154  -0.000000   -0.025140 -0.003622  0.000000
   C   3.651461   2.804904  -0.000000   -0.030533 -0.011193 -0.000000
   N   4.867264   4.849904  -0.000000    0.023241 -0.033313 -0.000000
   C   1.243408  -5.527191   0.000000    0.009313  0.064737  0.000000
   C   2.418721  -3.479325  -0.000000   -0.008354  0.026539  0.000000
   C   3.634856  -1.401530  -0.000000   -0.001986  0.015558 -0.000000
   C   4.867179   0.689489  -0.000000   -0.041603 -0.011371 -0.000000
   C   6.084980   2.790110  -0.000000   -0.068488 -0.020120 -0.000000
   C   7.254931   4.909571  -0.000000    0.009898 -0.023025 -0.000000
   C   3.593140  -5.516419   0.000000   -0.032969  0.046335  0.000000
   C   4.866086  -3.474864  -0.000000   -0.011393  0.053438 -0.000000
   N   6.066854  -1.436268  -0.000000   -0.000841  0.000774 -0.000000
   C   7.272983   0.607413  -0.000000   -0.053465  0.007538 -0.000000
   C   6.062392  -5.566193  -0.000000   -0.042916  0.076239 -0.000000
   C   7.237700  -3.533658  -0.000000   -0.055630 -0.033965 -0.000000
   C  -7.292189   3.565069   0.000000    0.048492  0.070531  0.000000
   C  -6.130759   5.626337   0.000000    0.013157  0.013393  0.000000
   N  -7.217265  -0.700044  -0.000000    0.034860 -0.073428 -0.000000
   N  -6.083765   1.381836   0.000000    0.014640 -0.023100  0.000000
   C  -4.896752   3.489608   0.000000   -0.002298 -0.036658  0.000000
   C  -3.681864   5.591808   0.000000   -0.012314 -0.043083  0.000000
   C  -7.263763  -4.960389  -0.000000   -0.000198  0.012765 -0.000000
   C  -6.108791  -2.830885  -0.000000    0.036151 -0.000925 -0.000000
   C  -4.859597  -0.713076   0.000000    0.026959 -0.005908  0.000000
   C  -3.658893   1.404214   0.000000    0.004190 -0.012088  0.000000
   C  -2.443072   3.511968   0.000000   -0.004340 -0.026907  0.000000
   C  -1.217119   5.621856   0.000000   -0.012861 -0.029029  0.000000
   C  -4.831279  -4.923977   0.000000    0.051922  0.010291  0.000000
   C  -3.646173  -2.811227   0.000000    0.022210  0.010719  0.000000
   C  -2.403186  -0.695375   0.000000    0.028237  0.006572  0.000000
   C  -1.201659   1.388732   0.000000    0.006094 -0.019335  0.000000
   C   0.004236   3.520796   0.000000   -0.010892 -0.019603  0.000000
   C   1.250563   5.617621   0.000000   -0.003354 -0.036105  0.000000
   C  -2.421139  -4.914822   0.000000   -0.004085  0.035501  0.000000
   C  -1.205930  -2.803810   0.000000    0.018122  0.018114  0.000000
   N   0.020464  -0.712588  -0.000000    0.014361 -0.001603  0.000000
   C   1.230584   1.383702  -0.000000   -0.006742 -0.018060  0.000000
   C   2.439125   3.493133   0.000000   -0.026120 -0.025652  0.000000
   C   3.717696   5.513478   0.000000    0.023663 -0.092974  0.000000
   C   0.002485  -4.917742   0.000000    0.003490  0.034238  0.000000
   C   1.198006  -2.804114  -0.000000   -0.001833  0.016702  0.000000
   C   2.444197  -0.710085  -0.000000    0.003972  0.000693  0.000000
   C   3.663422   1.379372  -0.000000   -0.022841 -0.012688  0.000000
   C   4.878718   3.484703  -0.000000   -0.041681 -0.002932 -0.000000
   N   6.056010   5.550272  -0.000000    0.012195 -0.033673 -0.000000
   N   2.410787  -4.840824   0.000000   -0.007867  0.059995  0.000000
   C   3.652521  -2.790184  -0.000000   -0.007870  0.033496  0.000000
   N   4.840480  -0.716937  -0.000000   -0.008375 -0.005084 -0.000000
   C   6.072757   1.395167  -0.000000   -0.067403  0.011910 -0.000000
   C   7.299042   3.586719  -0.000000   -0.052659  0.002558 -0.000000
   C   4.831856  -4.876724  -0.000000   -0.047598  0.064903 -0.000000
   N   6.036779  -2.809618  -0.000000   -0.034994  0.025738 -0.000000
   C   7.218116  -0.725555  -0.000000   -0.035712  0.023301 -0.000000
   C   7.273678  -4.889114  -0.000000    0.015919 -0.015289 -0.000000
   H   8.119878   5.552962  -0.000000   -0.017234  0.007594 -0.000000
   H   8.269744   3.126336  -0.000000   -0.065657 -0.009027 -0.000000
   H   8.248467   1.058813  -0.000000   -0.058960  0.004793 -0.000000
   H   8.115823  -1.294320  -0.000000   -0.048978  0.032044 -0.000000
   H   8.149261  -2.994513  -0.000000   -0.074318 -0.040323 -0.000000
   H   8.232393  -5.391031  -0.000000    0.014507 -0.014304 -0.000000
   H  -8.262668   5.494839   0.000000   -0.002574  0.073702 -0.000000
   H  -8.256166   3.094726   0.000000    0.033531  0.123898 -0.000000
   H  -8.097624   1.117571   0.000000    0.108353 -0.128046 -0.000000
   H  -8.090888  -1.138694  -0.000000    0.073594 -0.045394 -0.000000
   H  -8.272610  -3.113971  -0.000000    0.033019  0.002923 -0.000000
   H  -8.183708  -5.531274  -0.000000    0.010757 -0.000073 -0.000000
   H  -6.113047   6.707449   0.000000    0.049255  0.008852  0.000000
   H  -3.696779   6.674423   0.000000   -0.015745 -0.046920  0.000000
   H  -1.224553   6.704639   0.000000   -0.017408 -0.032945  0.000000
   H   1.266724   6.699650   0.000000    0.000110 -0.040916  0.000000
   H   3.829408   6.584944   0.000000    0.068229 -0.103879  0.000000
   H   5.961306   6.517424   0.000000   -0.018819 -0.088488 -0.000000
   H  -6.001009  -6.691912   0.000000    0.028596  0.066222  0.000000
   H  -3.622446  -6.549116   0.000000    0.037646  0.041271  0.000000
   H  -1.254825  -6.688836   0.000000   -0.020084  0.051342  0.000000
   H   1.356769  -6.597037   0.000000    0.063531  0.076298  0.000000
   H   3.511717  -6.589024   0.000000   -0.066664  0.054544  0.000000
   H   6.052354  -6.642679   0.000000   -0.071386  0.084567 -0.000000
converged SCF energy = -3150.59866563126
--------------- RKS_Scanner gradients ---------------
         x                y                z
0 C    -0.0127179633     0.0080068223    -0.0000000000
1 C     0.0327267118    -0.0164180209    -0.0000000000
2 C    -0.0052988072    -0.0146006200    -0.0000000000
3 C    -0.0029561428     0.0001912766     0.0000000000
4 C     0.0064891242    -0.0049818327     0.0000000000
5 C     0.0004024735     0.0097197804     0.0000000000
6 C    -0.0022487761     0.0078769681     0.0000000000
7 C     0.0015493887    -0.0020199061    -0.0000000000
8 C     0.0012925713     0.0005223608    -0.0000000000
9 C     0.0034635327     0.0176401343     0.0000000000
10 C    -0.0026067556    -0.0027913155     0.0000000000
11 C    -0.0015377777     0.0020357352     0.0000000000
12 C    -0.0003683682    -0.0017633788    -0.0000000000
13 C     0.0025560811     0.0008940003    -0.0000000000
14 C     0.0001303977     0.0005250152     0.0000000000
15 N     0.0050029946    -0.0280788007     0.0000000000
16 C     0.0033810394     0.0028889578     0.0000000000
17 C     0.0012776961     0.0053403428     0.0000000000
18 C    -0.0015098534    -0.0030647425    -0.0000000000
19 C     0.0004524938    -0.0019865538     0.0000000000
20 C    -0.0004235738     0.0028528570     0.0000000000
21 C    -0.0097579230     0.0048475999    -0.0000000000
22 C    -0.0051570111    -0.0016022233     0.0000000000
23 C     0.0011416228     0.0007528321    -0.0000000000
24 C    -0.0002391746    -0.0024193650    -0.0000000000
25 C    -0.0001120940    -0.0001901423    -0.0000000000
26 N     0.0047049383     0.0123484123    -0.0000000000
27 C     0.0086270090     0.0086572989     0.0000000000
28 C    -0.0012041096    -0.0062999171    -0.0000000000
29 C     0.0055281037    -0.0027587596    -0.0000000000
30 C    -0.0012468705     0.0010902451    -0.0000000000
31 C    -0.0067807402     0.0005518744    -0.0000000000
32 C     0.0037888302    -0.0011651176    -0.0000000000
33 C    -0.0060707607    -0.0006187743     0.0000000000
34 C     0.0138339423     0.0019644265    -0.0000000000
35 N     0.0093409853     0.0003167935     0.0000000000
36 C     0.0001888726    -0.0076562703    -0.0000000000
37 C     0.0047456240     0.0202453358    -0.0000000000
38 C    -0.0190365014    -0.0102245124     0.0000000000
39 C     0.0179496372     0.0172588056     0.0000000000
40 C    -0.0023559332    -0.0057453260    -0.0000000000
41 N    -0.0324476604    -0.0224808082     0.0000000000
42 N    -0.0023950575     0.0065437921    -0.0000000000
43 C     0.0013841097    -0.0037150010     0.0000000000
44 C    -0.0035775519    -0.0035083559    -0.0000000000
45 C    -0.0112583426    -0.0052290457    -0.0000000000
46 C    -0.0064924933     0.0080120878    -0.0000000000
47 C    -0.0017232153    -0.0030685439    -0.0000000000
48 C    -0.0058745410     0.0008165609     0.0000000000
49 C    -0.0020355503    -0.0000421686     0.0000000000
50 C    -0.0017667278    -0.0013485968     0.0000000000
51 C     0.0113720613    -0.0020932106    -0.0000000000
52 C     0.0009458963    -0.0036877940    -0.0000000000
53 C     0.0049849364    -0.0004126931    -0.0000000000
54 C    -0.0002239080    -0.0030825647     0.0000000000
55 C    -0.0024068452     0.0002158731    -0.0000000000
56 C    -0.0010494358    -0.0028559390    -0.0000000000
57 C    -0.0087791231     0.0014733566    -0.0000000000
58 C     0.0055902532    -0.0019567558    -0.0000000000
59 N     0.0012100303    -0.0018181236     0.0000000000
60 C     0.0017117977    -0.0021247674     0.0000000000
61 C    -0.0012061401     0.0013818354     0.0000000000
62 C     0.0088086155    -0.0243645286    -0.0000000000
63 C     0.0046178565     0.0041052549    -0.0000000000
64 C    -0.0000329831    -0.0021847148     0.0000000000
65 C     0.0002757399     0.0000329451     0.0000000000
66 C    -0.0001550680    -0.0018135681     0.0000000000
67 C    -0.0078499704     0.0042492315     0.0000000000
68 N     0.0045908773     0.0141768373     0.0000000000
69 N    -0.0017377218     0.0026585839    -0.0000000000
70 C     0.0024701846     0.0038982728     0.0000000000
71 N    -0.0032624610    -0.0036054749     0.0000000000
72 C    -0.0096223185     0.0000079213     0.0000000000
73 C    -0.0099796275     0.0164485470     0.0000000000
74 C    -0.0173005111     0.0085777763    -0.0000000000
75 N    -0.0108464274     0.0072203738    -0.0000000000
76 C    -0.0020463937     0.0027673120    -0.0000000000
77 C     0.0213372440    -0.0107689507    -0.0000000000
78 H    -0.0007730911    -0.0012030351     0.0000000000
79 H    -0.0020720781     0.0032854789    -0.0000000000
80 H    -0.0016346933    -0.0013631492    -0.0000000000
81 H    -0.0054222178     0.0043907355     0.0000000000
82 H    -0.0059611653    -0.0075013361    -0.0000000000
83 H     0.0015930766    -0.0005652294     0.0000000000
84 H     0.0000606616     0.0020595683     0.0000000000
85 H     0.0060467829     0.0073392555    -0.0000000000
86 H     0.0083306618    -0.0074046252     0.0000000000
87 H     0.0223387897     0.0098309845    -0.0000000000
88 H     0.0013748986    -0.0017861072     0.0000000000
89 H    -0.0009208597     0.0008240617    -0.0000000000
90 H    -0.0019155528    -0.0020030790    -0.0000000000
91 H    -0.0000920425    -0.0017345543     0.0000000000
92 H     0.0000401341    -0.0015588751    -0.0000000000
93 H     0.0002638199    -0.0019223681     0.0000000000
94 H     0.0023936206    -0.0048403800    -0.0000000000
95 H     0.0042157208    -0.0294733180    -0.0000000000
96 H     0.0005297642     0.0036167899     0.0000000000
97 H    -0.0004088815     0.0246593504    -0.0000000000
98 H    -0.0008399543     0.0019258268     0.0000000000
99 H     0.0005947974     0.0028525739    -0.0000000000
100 H    -0.0008881269     0.0015274815    -0.0000000000
101 H     0.0009656853     0.0044907546     0.0000000000
----------------------------------------------
cycle 3: E = -3150.59866563  dE = 0.00759434  norm(grad) = 0.115711

Geometry optimization cycle 4
Cartesian coordinates (Angstrom)
 Atom        New coordinates             dX        dY        dZ
   C  -7.310032   4.916006   0.000000    0.009696 -0.045959  0.000000
   C  -7.210304   0.687396   0.000000   -0.056432  0.062080  0.000000
   C  -6.127903   2.817777   0.000000   -0.000448  0.010007  0.000000
   C  -4.895429   4.939358   0.000000    0.008236  0.017531 -0.000000
   C  -7.314245  -3.585726  -0.000000   -0.012011  0.006706  0.000000
   C  -6.065578  -1.428131   0.000000   -0.020449  0.012335  0.000000
   C  -4.852520   0.709270   0.000000   -0.013511 -0.001341  0.000000
   C  -3.652731   2.832495   0.000000   -0.004119  0.009306  0.000000
   C  -2.443635   4.959232   0.000000    0.000094  0.012700 -0.000000
   C  -6.039288  -5.645124   0.000000   -0.011681 -0.033534  0.000000
   C  -4.877249  -3.524475   0.000000   -0.012080 -0.002613  0.000000
   C  -3.643955  -1.413084   0.000000   -0.008021 -0.004753  0.000000
   C  -2.435034   0.703934   0.000000   -0.003040  0.003365  0.000000
   C  -1.200756   2.823902   0.000000    0.001141  0.007532  0.000000
   C   0.008844   4.970699   0.000000   -0.000418  0.008521  0.000000
   N  -3.634974  -5.572039   0.000000   -0.012615 -0.002622  0.000000
   C  -2.433206  -3.510653   0.000000   -0.005298 -0.012710  0.000000
   C  -1.199974  -1.399417   0.000000   -0.005545 -0.005476  0.000000
   C   0.001201   0.686438   0.000000    0.003547  0.006481  0.000000
   C   1.224011   2.819097   0.000000    0.009968  0.010820  0.000000
   C   2.456137   4.941062   0.000000   -0.000252  0.018088  0.000000
   C  -1.238015  -5.629594   0.000000    0.004349 -0.022452  0.000000
   C  -0.014232  -3.525178   0.000000    0.002886 -0.010506  0.000000
   C   1.207708  -1.405437  -0.000000    0.001090 -0.002785  0.000000
   C   2.437821   0.711346  -0.000000    0.010071  0.005192  0.000000
   C   3.667253   2.814187  -0.000000    0.015791  0.009283  0.000000
   N   4.856211   4.866306   0.000000   -0.011053  0.016402  0.000000
   C   1.242147  -5.553673   0.000000   -0.001261 -0.026482  0.000000
   C   2.425158  -3.492714  -0.000000    0.006437 -0.013389  0.000000
   C   3.641432  -1.407320  -0.000000    0.006576 -0.005790  0.000000
   C   4.885914   0.692206  -0.000000    0.018734  0.002717  0.000000
   C   6.111923   2.796021  -0.000000    0.026943  0.005910  0.000000
   C   7.241823   4.919242   0.000000   -0.013108  0.009671  0.000000
   C   3.606246  -5.540139   0.000000    0.013106 -0.023719  0.000000
   C   4.880305  -3.498355  -0.000000    0.014220 -0.023491  0.000000
   N   6.076691  -1.442811  -0.000000    0.009837 -0.006543  0.000000
   C   7.296845   0.608926  -0.000000    0.023862  0.001513  0.000000
   C   6.070326  -5.615955  -0.000000    0.007934 -0.049762 -0.000000
   C   7.272452  -3.528192  -0.000000    0.034752  0.005465 -0.000000
   C  -7.325712   3.517632   0.000000   -0.033523 -0.047437  0.000000
   C  -6.136651   5.618103   0.000000   -0.005893 -0.008233 -0.000000
   N  -7.223480  -0.645624   0.000000   -0.006215  0.054420  0.000000
   N  -6.097412   1.394450   0.000000   -0.013646  0.012613  0.000000
   C  -4.899409   3.507563   0.000000   -0.002657  0.017955  0.000000
   C  -3.675710   5.617068   0.000000    0.006155  0.025260 -0.000000
   C  -7.255334  -4.956982   0.000000    0.008429  0.003407  0.000000
   C  -6.119319  -2.826928   0.000000   -0.010528  0.003957  0.000000
   C  -4.868645  -0.714017   0.000000   -0.009048 -0.000941  0.000000
   C  -3.664626   1.407566   0.000000   -0.005733  0.003353  0.000000
   C  -2.442922   3.521441   0.000000    0.000150  0.009473 -0.000000
   C  -1.215740   5.633591   0.000000    0.001379  0.011736 -0.000000
   C  -4.852140  -4.933042   0.000000   -0.020860 -0.009065  0.000000
   C  -3.652818  -2.818669   0.000000   -0.006645 -0.007443  0.000000
   C  -2.411553  -0.696961   0.000000   -0.008367 -0.001586  0.000000
   C  -1.201879   1.395189   0.000000   -0.000220  0.006458  0.000000
   C   0.009972   3.528209   0.000000    0.005737  0.007413  0.000000
   C   1.247147   5.631297   0.000000   -0.003416  0.013676  0.000000
   C  -2.419813  -4.931065   0.000000    0.001325 -0.016242  0.000000
   C  -1.209764  -2.813034   0.000000   -0.003834 -0.009223  0.000000
   N   0.017716  -0.711769   0.000000   -0.002748  0.000819  0.000000
   C   1.236985   1.392140  -0.000000    0.006401  0.008438  0.000000
   C   2.452340   3.505646   0.000000    0.013215  0.012513  0.000000
   C   3.707943   5.554432   0.000000   -0.009753  0.040954  0.000000
   C   0.002691  -4.935777   0.000000    0.000206 -0.018035  0.000000
   C   1.202564  -2.811581  -0.000000    0.004558 -0.007468  0.000000
   C   2.448547  -0.710334  -0.000000    0.004350 -0.000249  0.000000
   C   3.677894   1.385699  -0.000000    0.014472  0.006326  0.000000
   C   4.898320   3.492924  -0.000000    0.019602  0.008222  0.000000
   N   6.043204   5.575001   0.000000   -0.012806  0.024729  0.000000
   N   2.417472  -4.863598   0.000000    0.006685 -0.022774  0.000000
   C   3.662330  -2.805441  -0.000000    0.009809 -0.015257  0.000000
   N   4.851986  -0.718074  -0.000000    0.011505 -0.001138  0.000000
   C   6.098816   1.397473  -0.000000    0.026059  0.002307  0.000000
   C   7.326934   3.587596  -0.000000    0.027892  0.000877  0.000000
   C   4.851175  -4.910643  -0.000000    0.019319 -0.033918  0.000000
   N   6.058839  -2.822342  -0.000000    0.022060 -0.012724  0.000000
   C   7.234493  -0.730265  -0.000000    0.016377 -0.004710  0.000000
   C   7.253707  -4.888196  -0.000000   -0.019971  0.000918 -0.000000
   H   8.100822   5.573059   0.000000   -0.019057  0.020097  0.000000
   H   8.303982   3.135007  -0.000000    0.034238  0.008671  0.000000
   H   8.274653   1.059573  -0.000000    0.026186  0.000760  0.000000
   H   8.134017  -1.304412  -0.000000    0.018195 -0.010091  0.000000
   H   8.192887  -2.993412  -0.000000    0.043626  0.001101 -0.000000
   H   8.212013  -5.390287  -0.000000   -0.020379  0.000745 -0.000000
   H  -8.254180   5.446606   0.000000    0.008488 -0.048232  0.000000
   H  -8.287238   3.030904   0.000000   -0.031072 -0.063822  0.000000
   H  -8.155281   1.192173   0.000000   -0.057657  0.074602  0.000000
   H  -8.112726  -1.094084  -0.000000   -0.021838  0.044609  0.000000
   H  -8.287941  -3.110792  -0.000000   -0.015331  0.003179  0.000000
   H  -8.178640  -5.522998  -0.000000    0.005068  0.008276  0.000000
   H  -6.142726   6.700967   0.000000   -0.029679 -0.006483 -0.000000
   H  -3.688013   6.701226   0.000000    0.008766  0.026803 -0.000000
   H  -1.221283   6.717765   0.000000    0.003271  0.013126 -0.000000
   H   1.258350   6.714918   0.000000   -0.008374  0.015268  0.000000
   H   3.813240   6.629779   0.000000   -0.016167  0.044834  0.000000
   H   5.947076   6.563773   0.000000   -0.014229  0.046349  0.000000
   H  -6.020344  -6.727989   0.000000   -0.019336 -0.036078  0.000000
   H  -3.637826  -6.570400   0.000000   -0.015380 -0.021285  0.000000
   H  -1.247948  -6.712739   0.000000    0.006877 -0.023902  0.000000
   H   1.349852  -6.626412   0.000000   -0.006917 -0.029376  0.000000
   H   3.523546  -6.614341   0.000000    0.011829 -0.025317  0.000000
   H   6.073780  -6.695452   0.000000    0.021426 -0.052772 -0.000000
converged SCF energy = -3150.61734869956
--------------- RKS_Scanner gradients ---------------
         x                y                z
0 C    -0.0007751192    -0.0001499532     0.0000000000
1 C     0.0023686937    -0.0004318446    -0.0000000000
2 C    -0.0022812583    -0.0045569851     0.0000000000
3 C    -0.0000536157    -0.0001672279     0.0000000000
4 C     0.0003241530     0.0012544264    -0.0000000000
5 C    -0.0030242081     0.0011823702     0.0000000000
6 C    -0.0015610352     0.0030586311     0.0000000000
7 C    -0.0002316164     0.0008113863     0.0000000000
8 C    -0.0008741016    -0.0005210680    -0.0000000000
9 C     0.0003536365     0.0025204001    -0.0000000000
10 C    -0.0007807238    -0.0007852258     0.0000000000
11 C    -0.0007500916     0.0003737457     0.0000000000
12 C     0.0004809587    -0.0004199266     0.0000000000
13 C     0.0012224009     0.0007619182     0.0000000000
14 C    -0.0006781244     0.0002032629    -0.0000000000
15 N     0.0010187422    -0.0089427070    -0.0000000000
16 C     0.0012179710     0.0013930537    -0.0000000000
17 C     0.0007929512     0.0023411526    -0.0000000000
18 C    -0.0001939535    -0.0002813353     0.0000000000
19 C     0.0008288222    -0.0010785402    -0.0000000000
20 C     0.0000434145     0.0010557294    -0.0000000000
21 C    -0.0028624740     0.0013514797    -0.0000000000
22 C    -0.0016495478    -0.0004166689    -0.0000000000
23 C     0.0008248792     0.0008724644    -0.0000000000
24 C     0.0003304105    -0.0008902975    -0.0000000000
25 C     0.0000686653     0.0005272858    -0.0000000000
26 N     0.0030867012     0.0044156375    -0.0000000000
27 C     0.0038145389     0.0032605319     0.0000000000
28 C    -0.0010923851    -0.0015101161     0.0000000000
29 C     0.0037950320    -0.0005762734    -0.0000000000
30 C     0.0001821043     0.0011455910     0.0000000000
31 C    -0.0017414963     0.0016478794    -0.0000000000
32 C    -0.0019503073    -0.0011398050     0.0000000000
33 C    -0.0015997191    -0.0018394483    -0.0000000000
34 C     0.0056868667     0.0002935578     0.0000000000
35 N     0.0035857116    -0.0005057645     0.0000000000
36 C     0.0008724634    -0.0012857083    -0.0000000000
37 C     0.0017203312     0.0029146825     0.0000000000
38 C    -0.0046711272     0.0008760018     0.0000000000
39 C     0.0015363216     0.0015963845    -0.0000000000
40 C     0.0000257070     0.0009298148    -0.0000000000
41 N    -0.0017692841    -0.0031054488     0.0000000000
42 N    -0.0001419119     0.0010056557    -0.0000000000
43 C     0.0010338150    -0.0006632536    -0.0000000000
44 C    -0.0004877144     0.0006672952     0.0000000000
45 C    -0.0004699737    -0.0009987435    -0.0000000000
46 C     0.0003388443    -0.0003954284    -0.0000000000
47 C    -0.0002708432    -0.0025061982    -0.0000000000
48 C    -0.0018332800    -0.0006201485    -0.0000000000
49 C     0.0001802798     0.0002735077     0.0000000000
50 C    -0.0008606045    -0.0000767680     0.0000000000
51 C     0.0034269339     0.0004657098     0.0000000000
52 C     0.0010754137    -0.0014200661     0.0000000000
53 C     0.0013622021    -0.0003012468    -0.0000000000
54 C     0.0001659329    -0.0015220414    -0.0000000000
55 C    -0.0007749288     0.0000502096    -0.0000000000
56 C    -0.0012838736    -0.0013067313    -0.0000000000
57 C    -0.0037865430     0.0011420850     0.0000000000
58 C     0.0020119386    -0.0008851308     0.0000000000
59 N    -0.0003128039    -0.0011897009    -0.0000000000
60 C    -0.0001562928     0.0000388034     0.0000000000
61 C    -0.0004531898     0.0006398489     0.0000000000
62 C     0.0031509145    -0.0072435665     0.0000000000
63 C     0.0009525670     0.0010868060     0.0000000000
64 C     0.0004666343    -0.0017576453     0.0000000000
65 C    -0.0013207887     0.0003142191     0.0000000000
66 C    -0.0004678034    -0.0000263016     0.0000000000
67 C    -0.0016155309    -0.0008720784     0.0000000000
68 N     0.0002002411     0.0060690410    -0.0000000000
69 N    -0.0001893919     0.0000704803    -0.0000000000
70 C    -0.0001788759     0.0014855923     0.0000000000
71 N    -0.0011348810    -0.0029645865     0.0000000000
72 C    -0.0038596014    -0.0008032508     0.0000000000
73 C    -0.0009418087     0.0013873248     0.0000000000
74 C    -0.0059427408     0.0033479659    -0.0000000000
75 N    -0.0004523215    -0.0000569950    -0.0000000000
76 C    -0.0007844293     0.0011994299    -0.0000000000
77 C     0.0032550294    -0.0020930454    -0.0000000000
78 H    -0.0006760969    -0.0006996846     0.0000000000
79 H    -0.0004142617     0.0008686308    -0.0000000000
80 H    -0.0006147800    -0.0003889887     0.0000000000
81 H    -0.0023174752     0.0021904016     0.0000000000
82 H    -0.0018891557    -0.0031079196     0.0000000000
83 H    -0.0002862819     0.0002535213     0.0000000000
84 H     0.0006676848     0.0000938420    -0.0000000000
85 H     0.0010491447     0.0012405553    -0.0000000000
86 H     0.0016877287    -0.0014274667     0.0000000000
87 H     0.0060535064     0.0032354007    -0.0000000000
88 H     0.0000504524    -0.0004896115     0.0000000000
89 H     0.0001556546     0.0007525681     0.0000000000
90 H    -0.0001759326    -0.0004135866     0.0000000000
91 H    -0.0000107185    -0.0003052966    -0.0000000000
92 H    -0.0000191748    -0.0005093228    -0.0000000000
93 H     0.0000814953    -0.0008020339     0.0000000000
94 H     0.0008407728    -0.0013453473     0.0000000000
95 H     0.0008364205    -0.0066207293    -0.0000000000
96 H     0.0005347325     0.0005361619     0.0000000000
97 H    -0.0002299641     0.0062238901     0.0000000000
98 H    -0.0004635255     0.0006728048     0.0000000000
99 H     0.0001541565     0.0010021376     0.0000000000
100 H    -0.0004079283     0.0005131162     0.0000000000
101 H    -0.0001446335     0.0008023858    -0.0000000000
----------------------------------------------
cycle 4: E = -3150.6173487  dE = -0.0186831  norm(grad) = 0.0284318

Geometry optimization cycle 5
Cartesian coordinates (Angstrom)
 Atom        New coordinates             dX        dY        dZ
   C  -7.322968   4.912595   0.000000   -0.012936 -0.003411  0.000000
   C  -7.217823   0.679740   0.000000   -0.007519 -0.007656  0.000000
   C  -6.125696   2.821289   0.000000    0.002207  0.003513  0.000000
   C  -4.894314   4.940044   0.000000    0.001115  0.000686  0.000000
   C  -7.323539  -3.601207   0.000000   -0.009294 -0.015481  0.000000
   C  -6.078540  -1.425514   0.000000   -0.012963  0.002618  0.000000
   C  -4.853438   0.710616  -0.000000   -0.000918  0.001346 -0.000000
   C  -3.649388   2.835850   0.000000    0.003343  0.003355  0.000000
   C  -2.434709   4.967308   0.000000    0.008926  0.008077 -0.000000
   C  -6.053824  -5.659787   0.000000   -0.014536 -0.014663 -0.000000
   C  -4.892834  -3.521592  -0.000000   -0.015585  0.002883 -0.000000
   C  -3.653069  -1.411853  -0.000000   -0.009114  0.001230 -0.000000
   C  -2.434694   0.708108  -0.000000    0.000339  0.004174 -0.000000
   C  -1.196769   2.831845  -0.000000    0.003987  0.007943 -0.000000
   C   0.020160   4.982409   0.000000    0.011316  0.011711 -0.000000
   N  -3.646139  -5.558048   0.000000   -0.011165  0.013991 -0.000000
   C  -2.444050  -3.518506  -0.000000   -0.010844 -0.007854 -0.000000
   C  -1.209222  -1.402042  -0.000000   -0.009248 -0.002625 -0.000000
   C   0.002671   0.693618  -0.000000    0.001470  0.007179 -0.000000
   C   1.231198   2.829459  -0.000000    0.007187  0.010362 -0.000000
   C   2.463796   4.955018  -0.000000    0.007659  0.013956 -0.000000
   C  -1.233079  -5.646479   0.000000    0.004935 -0.016885 -0.000000
   C  -0.019822  -3.530368  -0.000000   -0.005590 -0.005191 -0.000000
   C   1.200366  -1.403718  -0.000000   -0.007342  0.001720 -0.000000
   C   2.442557   0.717681  -0.000000    0.004736  0.006335 -0.000000
   C   3.676805   2.818208  -0.000000    0.009552  0.004022 -0.000000
   N   4.848895   4.867087  -0.000000   -0.007315  0.000780 -0.000000
   C   1.239865  -5.570695  -0.000000   -0.002282 -0.017022 -0.000000
   C   2.419061  -3.495480  -0.000000   -0.006096 -0.002766 -0.000000
   C   3.632379  -1.406300  -0.000000   -0.009053  0.001020 -0.000000
   C   4.897932   0.698188  -0.000000    0.012018  0.005982 -0.000000
   C   6.132559   2.798010  -0.000000    0.020636  0.001989 -0.000000
   C   7.260574   4.930739  -0.000000    0.018751  0.011497 -0.000000
   C   3.617883  -5.537535   0.000000    0.011637  0.002604 -0.000000
   C   4.873191  -3.508276  -0.000000   -0.007114 -0.009921 -0.000000
   N   6.064980  -1.442926  -0.000000   -0.011711 -0.000115 -0.000000
   C   7.311482   0.596565  -0.000000    0.014637 -0.012362 -0.000000
   C   6.093316  -5.624937   0.000000    0.022989 -0.008982  0.000000
   C   7.279784  -3.510961   0.000000    0.007332  0.017231  0.000000
   C  -7.329104   3.513246   0.000000   -0.003392 -0.004386  0.000000
   C  -6.143098   5.606901   0.000000   -0.006447 -0.011202  0.000000
   N  -7.252558  -0.657103   0.000000   -0.029078 -0.011479  0.000000
   N  -6.101426   1.393573   0.000000   -0.004014 -0.000876  0.000000
   C  -4.897561   3.510113   0.000000    0.001847  0.002550  0.000000
   C  -3.672578   5.617328   0.000000    0.003132  0.000260  0.000000
   C  -7.271160  -4.974277   0.000000   -0.015827 -0.017295  0.000000
   C  -6.137019  -2.827156  -0.000000   -0.017700 -0.000227 -0.000000
   C  -4.878292  -0.710108   0.000000   -0.009648  0.003909 -0.000000
   C  -3.662801   1.410966   0.000000    0.001826  0.003400 -0.000000
   C  -2.439440   3.528281   0.000000    0.003483  0.006840 -0.000000
   C  -1.206114   5.643263   0.000000    0.009626  0.009672 -0.000000
   C  -4.873027  -4.931951  -0.000000   -0.020888  0.001091 -0.000000
   C  -3.664418  -2.819392  -0.000000   -0.011600 -0.000723 -0.000000
   C  -2.420364  -0.695617  -0.000000   -0.008811  0.001344 -0.000000
   C  -1.201364   1.402913  -0.000000    0.000515  0.007724 -0.000000
   C   0.016573   3.538426  -0.000000    0.006601  0.010217 -0.000000
   C   1.256618   5.648006   0.000000    0.009470  0.016709 -0.000000
   C  -2.415000  -4.941064  -0.000000    0.004814 -0.009999 -0.000000
   C  -1.220216  -2.817622  -0.000000   -0.010451 -0.004588 -0.000000
   N   0.009653  -0.707926  -0.000000   -0.008063  0.003843 -0.000000
   C   1.240325   1.400350  -0.000000    0.003340  0.008211 -0.000000
   C   2.462851   3.515539  -0.000000    0.010511  0.009893 -0.000000
   C   3.708692   5.583936  -0.000000    0.000749  0.029504 -0.000000
   C   0.001893  -4.946398  -0.000000   -0.000798 -0.010621 -0.000000
   C   1.195255  -2.811320  -0.000000   -0.007309  0.000262 -0.000000
   C   2.442063  -0.706166  -0.000000   -0.006485  0.004168 -0.000000
   C   3.686590   1.390052  -0.000000    0.008696  0.004354 -0.000000
   C   4.911248   3.492447  -0.000000    0.012928 -0.000477 -0.000000
   N   6.046168   5.564741  -0.000000    0.002964 -0.010260 -0.000000
   N   2.417451  -4.871537  -0.000000   -0.000021 -0.007940 -0.000000
   C   3.656273  -2.809481  -0.000000   -0.006057 -0.004040 -0.000000
   N   4.845378  -0.710842  -0.000000   -0.006608  0.007233 -0.000000
   C   6.120889   1.395464  -0.000000    0.022073 -0.002010 -0.000000
   C   7.344540   3.594275  -0.000000    0.017607  0.006679 -0.000000
   C   4.872223  -4.923905   0.000000    0.021048 -0.013262  0.000000
   N   6.052247  -2.823051  -0.000000   -0.006591 -0.000709  0.000000
   C   7.236318  -0.745885  -0.000000    0.001825 -0.015619  0.000000
   C   7.263380  -4.873282   0.000000    0.009673  0.014914  0.000000
   H   8.116311   5.591910  -0.000000    0.015490  0.018851 -0.000000
   H   8.321955   3.139417  -0.000000    0.017972  0.004410 -0.000000
   H   8.294375   1.039449  -0.000000    0.019722 -0.020124 -0.000000
   H   8.131646  -1.336547  -0.000000   -0.002371 -0.032135  0.000000
   H   8.194473  -2.955882   0.000000    0.001586  0.037530  0.000000
   H   8.227468  -5.366689   0.000000    0.015455  0.023598  0.000000
   H  -8.269082   5.442416   0.000000   -0.014902 -0.004191  0.000000
   H  -8.287471   3.016031   0.000000   -0.000232 -0.014873  0.000000
   H  -8.161189   1.193882   0.000000   -0.005907  0.001709  0.000000
   H  -8.151843  -1.111927   0.000000   -0.039117 -0.017843  0.000000
   H  -8.298112  -3.127166   0.000000   -0.010171 -0.016374  0.000000
   H  -8.194529  -5.542549   0.000000   -0.015889 -0.019551  0.000000
   H  -6.150425   6.690505   0.000000   -0.007700 -0.010461  0.000000
   H  -3.687982   6.702019   0.000000    0.000030  0.000793  0.000000
   H  -1.212815   6.728400   0.000000    0.008468  0.010635 -0.000000
   H   1.266752   6.733116   0.000000    0.008402  0.018198 -0.000000
   H   3.811955   6.661538  -0.000000   -0.001285  0.031759 -0.000000
   H   5.945604   6.564107  -0.000000   -0.001472  0.000334 -0.000000
   H  -6.030583  -6.743331   0.000000   -0.010239 -0.015341 -0.000000
   H  -3.652061  -6.567128   0.000000   -0.014235  0.003272 -0.000000
   H  -1.239210  -6.730923   0.000000    0.008739 -0.018184 -0.000000
   H   1.344710  -6.645574   0.000000   -0.005142 -0.019162 -0.000000
   H   3.538136  -6.613081   0.000000    0.014590  0.001260  0.000000
   H   6.110714  -6.705560   0.000000    0.036934 -0.010109  0.000000
converged SCF energy = -3150.61698809103
--------------- RKS_Scanner gradients ---------------
         x                y                z
0 C    -0.0040207060     0.0022636938    -0.0000000000
1 C     0.0046566079    -0.0046789168     0.0000000000
2 C     0.0019448115    -0.0014385464    -0.0000000000
3 C     0.0013103742     0.0013574720    -0.0000000000
4 C     0.0034712679    -0.0015114879     0.0000000000
5 C     0.0018517843     0.0056503964    -0.0000000000
6 C    -0.0003526702     0.0006303239    -0.0000000000
7 C     0.0000446965    -0.0000032383    -0.0000000000
8 C     0.0020928157     0.0008094317    -0.0000000000
9 C    -0.0012352804     0.0001820949    -0.0000000000
10 C     0.0007200013     0.0010144896     0.0000000000
11 C    -0.0002125501     0.0012394655    -0.0000000000
12 C     0.0005878855     0.0005621990    -0.0000000000
13 C     0.0010413002     0.0005906420    -0.0000000000
14 C     0.0019401230     0.0003403570    -0.0000000000
15 N    -0.0011819433     0.0089651264     0.0000000000
16 C    -0.0031901300    -0.0015623445    -0.0000000000
17 C     0.0004209993    -0.0002638876    -0.0000000000
18 C     0.0013054701     0.0017652256    -0.0000000000
19 C     0.0013382195    -0.0005647146    -0.0000000000
20 C     0.0014597554    -0.0010344441     0.0000000000
21 C     0.0028839704    -0.0012181089    -0.0000000000
22 C     0.0003748873     0.0004240995     0.0000000000
23 C     0.0013675254     0.0004630053     0.0000000000
24 C     0.0015247775     0.0003735571    -0.0000000000
25 C     0.0003676596     0.0007171364     0.0000000000
26 N    -0.0064291833    -0.0011354839     0.0000000000
27 C     0.0002867540    -0.0012221703    -0.0000000000
28 C    -0.0003481293     0.0011872660     0.0000000000
29 C     0.0005298873    -0.0003317951     0.0000000000
30 C     0.0030681750     0.0021871507    -0.0000000000
31 C     0.0010445804     0.0003599456     0.0000000000
32 C     0.0047769703     0.0064742757    -0.0000000000
33 C     0.0014302050     0.0040214569     0.0000000000
34 C    -0.0037623175    -0.0021904952     0.0000000000
35 N    -0.0019811240     0.0002426184    -0.0000000000
36 C     0.0000231077     0.0008108619     0.0000000000
37 C     0.0019169952    -0.0014288883    -0.0000000000
38 C    -0.0015082248     0.0039665605    -0.0000000000
39 C     0.0022175649     0.0010668263    -0.0000000000
40 C     0.0000103830    -0.0039527037     0.0000000000
41 N    -0.0037538587    -0.0059450918     0.0000000000
42 N     0.0020459024     0.0062169376    -0.0000000000
43 C    -0.0000257451     0.0008470880     0.0000000000
44 C    -0.0003343588    -0.0019510301    -0.0000000000
45 C    -0.0023129493    -0.0023109079     0.0000000000
46 C    -0.0039483948     0.0002987188    -0.0000000000
47 C     0.0012230310     0.0004545804     0.0000000000
48 C     0.0003315438    -0.0002443456     0.0000000000
49 C    -0.0009511952     0.0005455015     0.0000000000
50 C     0.0003082566    -0.0003025796     0.0000000000
51 C    -0.0029225013    -0.0004822301    -0.0000000000
52 C     0.0000702532     0.0012441916     0.0000000000
53 C    -0.0013693833    -0.0000364252     0.0000000000
54 C    -0.0006197473    -0.0005350734     0.0000000000
55 C    -0.0017918574     0.0002698188     0.0000000000
56 C    -0.0001526810     0.0013158103     0.0000000000
57 C     0.0047686727    -0.0025673122    -0.0000000000
58 C    -0.0008212649    -0.0000050761     0.0000000000
59 N    -0.0017483300    -0.0005728075     0.0000000000
60 C    -0.0014877756     0.0006123517     0.0000000000
61 C    -0.0006087839    -0.0001593028    -0.0000000000
62 C    -0.0013068535     0.0061604783    -0.0000000000
63 C    -0.0013628077    -0.0006633404     0.0000000000
64 C    -0.0002517681    -0.0003591717    -0.0000000000
65 C    -0.0021685288     0.0009436097    -0.0000000000
66 C    -0.0002042773    -0.0003778269     0.0000000000
67 C     0.0037149419    -0.0031159754    -0.0000000000
68 N    -0.0004912897    -0.0108398703     0.0000000000
69 N    -0.0025358126    -0.0016010128    -0.0000000000
70 C    -0.0007006701     0.0010644907    -0.0000000000
71 N    -0.0033470124     0.0002097836     0.0000000000
72 C     0.0006482320    -0.0020625994    -0.0000000000
73 C    -0.0036184399    -0.0011725663    -0.0000000000
74 C     0.0045956951    -0.0025300627     0.0000000000
75 N     0.0017115579    -0.0019942606    -0.0000000000
76 C     0.0004286603    -0.0018904753    -0.0000000000
77 C    -0.0016516592    -0.0011298035     0.0000000000
78 H     0.0012166029    -0.0001270322     0.0000000000
79 H     0.0001443520     0.0005849147     0.0000000000
80 H     0.0001676017    -0.0001340422    -0.0000000000
81 H     0.0017723097    -0.0024004926     0.0000000000
82 H     0.0017620036     0.0024274080    -0.0000000000
83 H    -0.0000329105     0.0000273788     0.0000000000
84 H    -0.0007046263     0.0002874658     0.0000000000
85 H    -0.0002339316     0.0002693597     0.0000000000
86 H    -0.0001933191    -0.0005048659    -0.0000000000
87 H    -0.0041397341    -0.0023205861    -0.0000000000
88 H     0.0003203312    -0.0002470988    -0.0000000000
89 H    -0.0003680527    -0.0004033628    -0.0000000000
90 H    -0.0001622273    -0.0003477728    -0.0000000000
91 H     0.0001144755    -0.0001531833     0.0000000000
92 H     0.0001637018     0.0001410851     0.0000000000
93 H     0.0000985215     0.0004270800    -0.0000000000
94 H    -0.0006823426     0.0011477395     0.0000000000
95 H    -0.0005420947     0.0033825008     0.0000000000
96 H    -0.0001539875    -0.0002543497     0.0000000000
97 H     0.0001808581    -0.0028906845    -0.0000000000
98 H     0.0001211884    -0.0005158352     0.0000000000
99 H    -0.0003569533    -0.0005962956     0.0000000000
100 H     0.0004102374     0.0002776982     0.0000000000
101 H    -0.0000152882    -0.0005549838     0.0000000000
----------------------------------------------
cycle 5: E = -3150.61698809  dE = 0.000360609  norm(grad) = 0.0315356

Geometry optimization cycle 6
Cartesian coordinates (Angstrom)
 Atom        New coordinates             dX        dY        dZ
   C  -7.315875   4.911190   0.000000    0.007093 -0.001405  0.000000
   C  -7.222801   0.693775   0.000000   -0.004978  0.014035  0.000000
   C  -6.127950   2.820921   0.000000   -0.002255 -0.000369  0.000000
   C  -4.897062   4.939664   0.000000   -0.002748 -0.000379  0.000000
   C  -7.322692  -3.589510   0.000000    0.000847  0.011697  0.000000
   C  -6.074558  -1.425793   0.000000    0.003982 -0.000279  0.000000
   C  -4.853995   0.706557   0.000000   -0.000557 -0.004060  0.000000
   C  -3.652585   2.832197   0.000000   -0.003197 -0.003653  0.000000
   C  -2.440321   4.962377   0.000000   -0.005612 -0.004931  0.000000
   C  -6.049583  -5.654668   0.000000    0.004242  0.005120 -0.000000
   C  -4.886928  -3.525779  -0.000000    0.005906 -0.004187  0.000000
   C  -3.649308  -1.415975  -0.000000    0.003761 -0.004121  0.000000
   C  -2.435772   0.703880  -0.000000   -0.001078 -0.004228  0.000000
   C  -1.200392   2.826557   0.000000   -0.003622 -0.005288  0.000000
   C   0.013718   4.976423   0.000000   -0.006442 -0.005987  0.000000
   N  -3.640999  -5.569268   0.000000    0.005141 -0.011221 -0.000000
   C  -2.438696  -3.518863  -0.000000    0.005354 -0.000356  0.000000
   C  -1.205285  -1.404113  -0.000000    0.003937 -0.002071  0.000000
   C   0.001513   0.688907  -0.000000   -0.001157 -0.004711  0.000000
   C   1.226943   2.824701  -0.000000   -0.004255 -0.004758  0.000000
   C   2.457947   4.949374  -0.000000   -0.005849 -0.005644  0.000000
   C  -1.233739  -5.642790  -0.000000   -0.000659  0.003689 -0.000000
   C  -0.015274  -3.530152  -0.000000    0.004548  0.000216  0.000000
   C   1.204418  -1.405708  -0.000000    0.004052 -0.001990  0.000000
   C   2.440888   0.714854  -0.000000   -0.001668 -0.002827  0.000000
   C   3.673196   2.818114  -0.000000   -0.003609 -0.000094  0.000000
   N   4.851960   4.872137  -0.000000    0.003065  0.005051 -0.000000
   C   1.240474  -5.568228  -0.000000    0.000609  0.002466 -0.000000
   C   2.424446  -3.495631  -0.000000    0.005384 -0.000151 -0.000000
   C   3.637652  -1.406620  -0.000000    0.005273 -0.000320  0.000000
   C   4.893723   0.697004  -0.000000   -0.004209 -0.001184 -0.000000
   C   6.125183   2.800509  -0.000000   -0.007376  0.002499 -0.000000
   C   7.249936   4.926646  -0.000000   -0.010638 -0.004094 -0.000000
   C   3.614713  -5.541419   0.000000   -0.003170 -0.003884 -0.000000
   C   4.878741  -3.503862  -0.000000    0.005550  0.004414 -0.000000
   N   6.073173  -1.441052  -0.000000    0.008193  0.001873 -0.000000
   C   7.306543   0.605335  -0.000000   -0.004939  0.008770 -0.000000
   C   6.083513  -5.622296   0.000000   -0.009803  0.002641 -0.000000
   C   7.283454  -3.520819   0.000000    0.003670 -0.009858 -0.000000
   C  -7.331229   3.511955   0.000000   -0.002125 -0.001291  0.000000
   C  -6.141458   5.613605   0.000000    0.001641  0.006704  0.000000
   N  -7.239856  -0.641873   0.000000    0.012702  0.015230  0.000000
   N  -6.101293   1.393219   0.000000    0.000133 -0.000355  0.000000
   C  -4.900018   3.508844   0.000000   -0.002456 -0.001270  0.000000
   C  -3.675444   5.616383   0.000000   -0.002866 -0.000945  0.000000
   C  -7.263219  -4.961366   0.000000    0.007941  0.012911  0.000000
   C  -6.129230  -2.826398   0.000000    0.007788  0.000758  0.000000
   C  -4.874353  -0.713901   0.000000    0.003939 -0.003794  0.000000
   C  -3.664259   1.407144   0.000000   -0.001458 -0.003823  0.000000
   C  -2.442701   3.523305   0.000000   -0.003262 -0.004976  0.000000
   C  -1.211876   5.637983   0.000000   -0.005762 -0.005281  0.000000
   C  -4.864227  -4.936448  -0.000000    0.008800 -0.004497  0.000000
   C  -3.659655  -2.822792  -0.000000    0.004762 -0.003399  0.000000
   C  -2.416925  -0.699171  -0.000000    0.003439 -0.003554  0.000000
   C  -1.202590   1.398267  -0.000000   -0.001226 -0.004645  0.000000
   C   0.012703   3.532863  -0.000000   -0.003870 -0.005563  0.000000
   C   1.250643   5.641453   0.000000   -0.005974 -0.006553  0.000000
   C  -2.416380  -4.940821  -0.000000   -0.001381  0.000243 -0.000000
   C  -1.215194  -2.818629  -0.000000    0.005021 -0.001007  0.000000
   N   0.013673  -0.711048  -0.000000    0.004020 -0.003122  0.000000
   C   1.238859   1.395866  -0.000000   -0.001466 -0.004484  0.000000
   C   2.457809   3.511310  -0.000000   -0.005043 -0.004230  0.000000
   C   3.704752   5.574701  -0.000000   -0.003940 -0.009235 -0.000000
   C   0.003194  -4.944626  -0.000000    0.001301  0.001772 -0.000000
   C   1.200316  -2.812275  -0.000000    0.005061 -0.000956  0.000000
   C   2.446788  -0.708714  -0.000000    0.004725 -0.002547  0.000000
   C   3.683480   1.389271  -0.000000   -0.003110 -0.000781  0.000000
   C   4.905776   3.497837  -0.000000   -0.005472  0.005390 -0.000000
   N   6.044865   5.577334  -0.000000   -0.001303  0.012592 -0.000000
   N   2.418696  -4.870703  -0.000000    0.001245  0.000835 -0.000000
   C   3.661594  -2.808775  -0.000000    0.005321  0.000706 -0.000000
   N   4.851348  -0.712029  -0.000000    0.005970 -0.001187 -0.000000
   C   6.113250   1.399992  -0.000000   -0.007640  0.004528 -0.000000
   C   7.340481   3.592443  -0.000000   -0.004059 -0.001832 -0.000000
   C   4.864688  -4.919314   0.000000   -0.007535  0.004591 -0.000000
   N   6.059479  -2.822489  -0.000000    0.007232  0.000563 -0.000000
   C   7.239407  -0.736464  -0.000000    0.003089  0.009421 -0.000000
   C   7.260710  -4.881580   0.000000   -0.002670 -0.008297 -0.000000
   H   8.106515   5.585915  -0.000000   -0.009797 -0.005995 -0.000000
   H   8.317564   3.136881  -0.000000   -0.004391 -0.002536 -0.000000
   H   8.287134   1.053053  -0.000000   -0.007242  0.013604 -0.000000
   H   8.137925  -1.319417  -0.000000    0.006279  0.017130 -0.000000
   H   8.200877  -2.973430   0.000000    0.006404 -0.017548 -0.000000
   H   8.221455  -5.381642   0.000000   -0.006013 -0.014952 -0.000000
   H  -8.261740   5.440633   0.000000    0.007342 -0.001783 -0.000000
   H  -8.290744   3.017308   0.000000   -0.003273  0.001277  0.000000
   H  -8.166075   1.208016   0.000000   -0.004886  0.014134  0.000000
   H  -8.136251  -1.095391   0.000000    0.015592  0.016537  0.000000
   H  -8.296344  -3.113190   0.000000    0.001768  0.013975  0.000000
   H  -8.186599  -5.529085   0.000000    0.007931  0.013463  0.000000
   H  -6.149215   6.697357   0.000000    0.001210  0.006851 -0.000000
   H  -3.689087   6.701123   0.000000   -0.001105 -0.000896  0.000000
   H  -1.218474   6.723008   0.000000   -0.005659 -0.005392  0.000000
   H   1.260428   6.726315   0.000000   -0.006324 -0.006801 -0.000000
   H   3.805015   6.651905  -0.000000   -0.006940 -0.009633 -0.000000
   H   5.948251   6.574451  -0.000000    0.002647  0.010344 -0.000000
   H  -6.033970  -6.738088   0.000000   -0.003387  0.005243 -0.000000
   H  -3.645185  -6.576178   0.000000    0.006876 -0.009050 -0.000000
   H  -1.239522  -6.726889   0.000000   -0.000313  0.004033 -0.000000
   H   1.346136  -6.642653   0.000000    0.001426  0.002922 -0.000000
   H   3.535063  -6.617077   0.000000   -0.003073 -0.003996 -0.000000
   H   6.095102  -6.702540   0.000000   -0.015612  0.003020 -0.000000
converged SCF energy = -3150.61838186315
--------------- RKS_Scanner gradients ---------------
         x                y                z
0 C    -0.0004378772     0.0001732303     0.0000000000
1 C    -0.0011065187     0.0005671285    -0.0000000000
2 C    -0.0002257980    -0.0006345124    -0.0000000000
3 C    -0.0005690403     0.0001635968    -0.0000000000
4 C     0.0002265818     0.0005626486     0.0000000000
5 C    -0.0007250456     0.0013576372     0.0000000000
6 C     0.0000416039     0.0002070968     0.0000000000
7 C    -0.0001044468     0.0000976415     0.0000000000
8 C     0.0006622405     0.0002438167     0.0000000000
9 C    -0.0007376653     0.0000161211     0.0000000000
10 C    -0.0003817325     0.0000039595     0.0000000000
11 C    -0.0002929722     0.0004206361     0.0000000000
12 C     0.0002257615     0.0000012066    -0.0000000000
13 C     0.0004287712     0.0002718758    -0.0000000000
14 C     0.0007528841     0.0000617405    -0.0000000000
15 N     0.0000294063     0.0023519513     0.0000000000
16 C    -0.0010102771    -0.0003051894     0.0000000000
17 C     0.0004186344    -0.0001502191     0.0000000000
18 C     0.0002658075     0.0008283713    -0.0000000000
19 C     0.0004151927    -0.0003774397    -0.0000000000
20 C    -0.0000215617    -0.0003483448    -0.0000000000
21 C     0.0008662119    -0.0004618862     0.0000000000
22 C     0.0002607024     0.0003296308    -0.0000000000
23 C     0.0008873163     0.0003007448    -0.0000000000
24 C     0.0007167454    -0.0001163395    -0.0000000000
25 C    -0.0000500648    -0.0000166535    -0.0000000000
26 N    -0.0004341218    -0.0002173473     0.0000000000
27 C     0.0000453121    -0.0007295052     0.0000000000
28 C     0.0003528244     0.0007174947    -0.0000000000
29 C     0.0008707981    -0.0003413543    -0.0000000000
30 C     0.0010154864     0.0012852442    -0.0000000000
31 C     0.0005420895     0.0008931195     0.0000000000
32 C    -0.0000014271     0.0007865751     0.0000000000
33 C     0.0008818406     0.0008399046     0.0000000000
34 C    -0.0004428001    -0.0005839441     0.0000000000
35 N    -0.0006088984     0.0006096912    -0.0000000000
36 C    -0.0003653716     0.0002123413    -0.0000000000
37 C     0.0011319457     0.0003118909    -0.0000000000
38 C    -0.0009769376     0.0013616406    -0.0000000000
39 C     0.0003376517     0.0000831688     0.0000000000
40 C     0.0000944369    -0.0001873225    -0.0000000000
41 N     0.0013829651    -0.0005585774     0.0000000000
42 N     0.0014765547     0.0006140517    -0.0000000000
43 C     0.0006427265     0.0001290667     0.0000000000
44 C    -0.0002778331    -0.0008089264    -0.0000000000
45 C     0.0003725738    -0.0003813139    -0.0000000000
46 C    -0.0002357133    -0.0008019937    -0.0000000000
47 C     0.0006488472    -0.0003569833    -0.0000000000
48 C     0.0000636604    -0.0005652473    -0.0000000000
49 C    -0.0004401174     0.0001441399     0.0000000000
50 C     0.0001042663    -0.0001332050     0.0000000000
51 C    -0.0001854875    -0.0002241114    -0.0000000000
52 C     0.0004114546    -0.0000067644    -0.0000000000
53 C    -0.0003978436     0.0000173894    -0.0000000000
54 C    -0.0001587963    -0.0002620227     0.0000000000
55 C    -0.0009058103     0.0000431498     0.0000000000
56 C    -0.0000147828     0.0005407743     0.0000000000
57 C     0.0011021436    -0.0005968057    -0.0000000000
58 C    -0.0001464499     0.0000246061    -0.0000000000
59 N    -0.0006197550    -0.0005765826     0.0000000000
60 C    -0.0004631739     0.0003728640     0.0000000000
61 C    -0.0000452760    -0.0000729425     0.0000000000
62 C    -0.0008767885     0.0012808957     0.0000000000
63 C    -0.0004878600    -0.0001202059    -0.0000000000
64 C    -0.0000781454    -0.0002427539     0.0000000000
65 C    -0.0012063948     0.0001528389     0.0000000000
66 C    -0.0004675614    -0.0001754651     0.0000000000
67 C     0.0004657512    -0.0007941808    -0.0000000000
68 N     0.0002125123    -0.0015360584     0.0000000000
69 N    -0.0013310564    -0.0001414400    -0.0000000000
70 C    -0.0005857434     0.0006570224     0.0000000000
71 N    -0.0015008481    -0.0004361391     0.0000000000
72 C     0.0000551669    -0.0008206759     0.0000000000
73 C    -0.0001178151    -0.0008228243    -0.0000000000
74 C     0.0000888654    -0.0005785835     0.0000000000
75 N     0.0009076574    -0.0011402201    -0.0000000000
76 C     0.0006474124    -0.0004938465     0.0000000000
77 C    -0.0003802204    -0.0011496278     0.0000000000
78 H     0.0002566962    -0.0001732467     0.0000000000
79 H     0.0002460646     0.0000467785     0.0000000000
80 H     0.0000809767    -0.0000033471     0.0000000000
81 H     0.0005232833    -0.0005456185     0.0000000000
82 H     0.0005396829     0.0003503814    -0.0000000000
83 H     0.0001353536    -0.0000402770     0.0000000000
84 H    -0.0000834064     0.0000691124     0.0000000000
85 H    -0.0001750233    -0.0003062604    -0.0000000000
86 H    -0.0003620759     0.0002752415     0.0000000000
87 H    -0.0013132775    -0.0005109435    -0.0000000000
88 H    -0.0001194321     0.0000383571    -0.0000000000
89 H    -0.0000789900     0.0000515037    -0.0000000000
90 H    -0.0000582869     0.0001213463     0.0000000000
91 H     0.0000104123    -0.0000401335     0.0000000000
92 H     0.0000730410     0.0000813438     0.0000000000
93 H     0.0000614547     0.0002138902    -0.0000000000
94 H    -0.0002267119     0.0002722638     0.0000000000
95 H    -0.0000887322     0.0012454339     0.0000000000
96 H     0.0001155697    -0.0000682485    -0.0000000000
97 H     0.0000795432    -0.0012987655    -0.0000000000
98 H    -0.0000088061    -0.0001604095     0.0000000000
99 H    -0.0002655062    -0.0002962878    -0.0000000000
100 H     0.0000954594    -0.0000584168    -0.0000000000
101 H    -0.0000565119    -0.0000421769     0.0000000000
----------------------------------------------
cycle 6: E = -3150.61838186  dE = -0.00139377  norm(grad) = 0.008395

Geometry optimization cycle 7
