1721669772.3390658

Geometry optimization cycle 1
Cartesian coordinates (Angstrom)
 Atom        New coordinates             dX        dY        dZ
   C  -7.338226   5.042760   0.000000    0.000000  0.000000  0.000000
   C  -7.365228   0.691139   0.000000    0.000000  0.000000  0.000000
   C  -6.173642   2.889413   0.000000    0.000000  0.000000  0.000000
   C  -4.910090   5.019617   0.000000    0.000000  0.000000  0.000000
   C  -7.358051  -3.642635   0.000000    0.000000  0.000000  0.000000
   C  -6.173475  -1.431785   0.000000    0.000000  0.000000  0.000000
   C  -4.940069   0.716689   0.000000    0.000000  0.000000  0.000000
   C  -3.694845   2.860312   0.000000    0.000000  0.000000  0.000000
   C  -2.457224   5.005715   0.000000    0.000000  0.000000  0.000000
   C  -6.138515  -5.727246   0.000000    0.000000  0.000000  0.000000
   N  -4.928214  -3.580071   0.000000    0.000000  0.000000  0.000000
   C  -3.698169  -1.425571   0.000000    0.000000  0.000000  0.000000
   C  -2.471779   0.716540   0.000000    0.000000  0.000000  0.000000
   C  -1.230705   2.851907   0.000000    0.000000 -0.000000  0.000000
   C   0.000000   5.003169   0.000000    0.000000  0.000000  0.000000
   C  -3.678966  -5.694052   0.000000    0.000000  0.000000  0.000000
   C  -2.466015  -3.560923   0.000000    0.000000  0.000000  0.000000
   C  -1.232423  -1.423207   0.000000    0.000000  0.000000  0.000000
   C   0.000000   0.715809   0.000000    0.000000  0.000000  0.000000
   C   1.230705   2.851907   0.000000    0.000000 -0.000000  0.000000
   C   2.457224   5.005715   0.000000    0.000000  0.000000  0.000000
   C  -1.226334  -5.685080   0.000000    0.000000  0.000000  0.000000
   C   0.000000  -3.557079   0.000000    0.000000  0.000000  0.000000
   C   1.232423  -1.423207   0.000000    0.000000  0.000000  0.000000
   C   2.471779   0.716540   0.000000    0.000000  0.000000  0.000000
   C   3.694845   2.860312   0.000000    0.000000  0.000000  0.000000
   N   4.910090   5.019617   0.000000    0.000000  0.000000  0.000000
   C   1.226334  -5.685080   0.000000    0.000000  0.000000  0.000000
   C   2.466015  -3.560923   0.000000    0.000000  0.000000  0.000000
   C   3.698169  -1.425571   0.000000    0.000000  0.000000  0.000000
   C   4.940069   0.716689   0.000000    0.000000  0.000000  0.000000
   C   6.173642   2.889413   0.000000    0.000000  0.000000  0.000000
   C   7.338226   5.042760   0.000000    0.000000  0.000000  0.000000
   C   3.678966  -5.694052   0.000000    0.000000  0.000000  0.000000
   C   4.928214  -3.580071   0.000000    0.000000  0.000000  0.000000
   C   6.173475  -1.431785   0.000000   -0.000000  0.000000  0.000000
   C   7.365228   0.691139   0.000000    0.000000  0.000000  0.000000
   C   6.138515  -5.727246   0.000000    0.000000  0.000000  0.000000
   C   7.358051  -3.642635   0.000000   -0.000000  0.000000  0.000000
   N  -7.358051   3.642635   0.000000    0.000000  0.000000  0.000000
   C  -6.138515   5.727246   0.000000    0.000000  0.000000  0.000000
   C  -7.365228  -0.691139   0.000000    0.000000  0.000000  0.000000
   C  -6.173475   1.431785   0.000000    0.000000  0.000000  0.000000
   C  -4.928214   3.580071   0.000000    0.000000 -0.000000  0.000000
   N  -3.678966   5.694052   0.000000    0.000000  0.000000  0.000000
   C  -7.338226  -5.042760   0.000000    0.000000  0.000000  0.000000
   C  -6.173642  -2.889413   0.000000    0.000000  0.000000  0.000000
   C  -4.940069  -0.716689   0.000000    0.000000  0.000000  0.000000
   C  -3.698169   1.425571   0.000000    0.000000  0.000000  0.000000
   N  -2.466015   3.560923   0.000000    0.000000 -0.000000  0.000000
   C  -1.226334   5.685080   0.000000    0.000000  0.000000  0.000000
   N  -4.910090  -5.019617   0.000000    0.000000  0.000000  0.000000
   C  -3.694845  -2.860312   0.000000    0.000000  0.000000  0.000000
   C  -2.471779  -0.716540   0.000000    0.000000  0.000000  0.000000
   C  -1.232423   1.423207   0.000000    0.000000  0.000000  0.000000
   C   0.000000   3.557079   0.000000    0.000000  0.000000  0.000000
   C   1.226334   5.685080   0.000000    0.000000  0.000000  0.000000
   C  -2.457224  -5.005715   0.000000    0.000000  0.000000  0.000000
   C  -1.230705  -2.851907   0.000000    0.000000  0.000000  0.000000
   C   0.000000  -0.715809   0.000000    0.000000  0.000000  0.000000
   C   1.232423   1.423207   0.000000    0.000000  0.000000  0.000000
   C   2.466015   3.560923   0.000000    0.000000 -0.000000  0.000000
   C   3.678966   5.694052   0.000000    0.000000  0.000000  0.000000
   C   0.000000  -5.003169   0.000000    0.000000  0.000000  0.000000
   C   1.230705  -2.851907   0.000000    0.000000  0.000000  0.000000
   C   2.471779  -0.716540   0.000000    0.000000  0.000000  0.000000
   C   3.698169   1.425571   0.000000    0.000000  0.000000  0.000000
   C   4.928214   3.580071   0.000000    0.000000 -0.000000  0.000000
   C   6.138515   5.727246   0.000000    0.000000  0.000000  0.000000
   C   2.457224  -5.005715   0.000000    0.000000  0.000000  0.000000
   C   3.694845  -2.860312   0.000000    0.000000  0.000000  0.000000
   C   4.940069  -0.716689   0.000000    0.000000  0.000000  0.000000
   C   6.173475   1.431785   0.000000   -0.000000  0.000000  0.000000
   C   7.358051   3.642635   0.000000   -0.000000  0.000000  0.000000
   N   4.910090  -5.019617   0.000000    0.000000  0.000000  0.000000
   C   6.173642  -2.889413   0.000000    0.000000  0.000000  0.000000
   C   7.365228  -0.691139   0.000000    0.000000  0.000000  0.000000
   C   7.338226  -5.042760   0.000000    0.000000  0.000000  0.000000
   H   8.282184   5.591425   0.000000    0.000000 -0.000000  0.000000
   H   8.325741   3.141106   0.000000    0.000000  0.000000  0.000000
   H   8.326715   1.204661   0.000000    0.000000  0.000000  0.000000
   H   8.326715  -1.204661   0.000000    0.000000  0.000000  0.000000
   H   8.325741  -3.141106   0.000000    0.000000  0.000000  0.000000
   H   8.282184  -5.591425   0.000000    0.000000  0.000000  0.000000
   H  -8.282184   5.591425   0.000000    0.000000 -0.000000  0.000000
   H  -8.325741   3.141106   0.000000    0.000000  0.000000  0.000000
   H  -8.326715   1.204661   0.000000    0.000000  0.000000  0.000000
   H  -8.326715  -1.204661   0.000000    0.000000  0.000000  0.000000
   H  -8.325741  -3.141106   0.000000    0.000000  0.000000  0.000000
   H  -8.282184  -5.591425   0.000000    0.000000  0.000000  0.000000
   H  -6.116625   6.819427   0.000000    0.000000  0.000000  0.000000
   H  -3.672757   6.787431   0.000000    0.000000  0.000000  0.000000
   H  -1.225580   6.778408   0.000000    0.000000 -0.000000  0.000000
   H   1.225580   6.778408   0.000000    0.000000 -0.000000  0.000000
   H   3.672757   6.787431   0.000000    0.000000  0.000000  0.000000
   H   6.116625   6.819427   0.000000   -0.000000  0.000000  0.000000
   H  -6.116625  -6.819427   0.000000    0.000000  0.000000  0.000000
   H  -3.672757  -6.787431   0.000000    0.000000  0.000000  0.000000
   H  -1.225580  -6.778408   0.000000    0.000000  0.000000  0.000000
   H   1.225580  -6.778408   0.000000    0.000000  0.000000  0.000000
   H   3.672757  -6.787431   0.000000    0.000000  0.000000  0.000000
   H   6.116625  -6.819427   0.000000   -0.000000  0.000000  0.000000
converged SCF energy = -3100.83462031708
--------------- ROKS_Scanner gradients ---------------
         x                y                z
0 C    -0.0077777823     0.0026723687    -0.0000000000
1 C     0.0129185775     0.0246310314    -0.0000000000
2 C     0.0018070932     0.0288671499    -0.0000000000
3 C     0.0100237384    -0.0073869601     0.0000000000
4 C    -0.0073717083    -0.0009057045     0.0000000000
5 C    -0.0160442571     0.0359249664    -0.0000000000
6 C    -0.0042739394     0.0092415155    -0.0000000000
7 C     0.0211924561     0.0139406752    -0.0000000000
8 C    -0.0192370598    -0.0042542983     0.0000000000
9 C    -0.0175724819    -0.0269658428    -0.0000000000
10 N    -0.0090922632    -0.0067518760    -0.0000000000
11 C     0.0141755150     0.0164485225    -0.0000000000
12 C     0.0022916730     0.0163534378    -0.0000000000
13 C    -0.0021787037     0.0050657102     0.0000000000
14 C    -0.0258940418     0.0081760425     0.0000000000
15 C     0.0179907533    -0.0258885162     0.0000000000
16 C     0.0172181024    -0.0080896184     0.0000000000
17 C     0.0021178943     0.0110693990     0.0000000000
18 C    -0.0050334064     0.0053599044     0.0000000000
19 C    -0.0042337626     0.0074425387     0.0000000000
20 C    -0.0067345549     0.0128719301     0.0000000000
21 C     0.0189537437    -0.0028065364     0.0000000000
22 C     0.0021320109     0.0048912682     0.0000000000
23 C     0.0003941985    -0.0013749213     0.0000000000
24 C     0.0055653275     0.0105758307     0.0000000000
25 C    -0.0005692763     0.0034204983     0.0000000000
26 N     0.0069641585    -0.0034828925    -0.0000000000
27 C    -0.0039169788    -0.0025752195     0.0000000000
28 C     0.0066624821     0.0055299866     0.0000000000
29 C    -0.0064595074     0.0084522599    -0.0000000000
30 C     0.0000631515    -0.0020580167     0.0000000000
31 C     0.0061176960     0.0006965510     0.0000000000
32 C     0.0100036296     0.0169148412     0.0000000000
33 C    -0.0299261288    -0.0161327338    -0.0000000000
34 C    -0.0077114837     0.0126484754     0.0000000000
35 C     0.0129314925     0.0065641546    -0.0000000000
36 C    -0.0059080698     0.0101691786     0.0000000000
37 C     0.0115450340    -0.0122469464    -0.0000000000
38 C    -0.0135456206     0.0109709449    -0.0000000000
39 N     0.0310228376     0.0114835177     0.0000000000
40 C    -0.0071387544     0.0117413660     0.0000000000
41 C     0.0147362339    -0.0217994261     0.0000000000
42 C    -0.0026622394    -0.0447340504     0.0000000000
43 C    -0.0193009915    -0.0051684025     0.0000000000
44 N    -0.0097499119    -0.0134677535     0.0000000000
45 C    -0.0048775538    -0.0055716913     0.0000000000
46 C     0.0179364721    -0.0144464997    -0.0000000000
47 C    -0.0027637415    -0.0158633236     0.0000000000
48 C    -0.0058082458    -0.0177990408     0.0000000000
49 N    -0.0016886512    -0.0260682933    -0.0000000000
50 C     0.0439484959     0.0103875356    -0.0000000000
51 N    -0.0015250845     0.0392094402     0.0000000000
52 C    -0.0125518211     0.0087211648     0.0000000000
53 C    -0.0075068517    -0.0082351457     0.0000000000
54 C     0.0066845291    -0.0200803242    -0.0000000000
55 C     0.0148176746    -0.0095379152    -0.0000000000
56 C     0.0113884556     0.0027234747    -0.0000000000
57 C    -0.0077673958     0.0080793345    -0.0000000000
58 C    -0.0007138852    -0.0129097384    -0.0000000000
59 C    -0.0054316056    -0.0087970218    -0.0000000000
60 C    -0.0025698434    -0.0029677977    -0.0000000000
61 C     0.0078375246    -0.0089711106    -0.0000000000
62 C    -0.0205745076     0.0163678224    -0.0000000000
63 C    -0.0072513537    -0.0054574884    -0.0000000000
64 C    -0.0017071886    -0.0012379481    -0.0000000000
65 C     0.0035250870    -0.0101134161     0.0000000000
66 C    -0.0101701837    -0.0096032069    -0.0000000000
67 C    -0.0050747737    -0.0156941431    -0.0000000000
68 C     0.0135106178     0.0123732119     0.0000000000
69 C     0.0056769436    -0.0087887250    -0.0000000000
70 C     0.0011105959    -0.0019966029     0.0000000000
71 C    -0.0024477990     0.0017517844    -0.0000000000
72 C     0.0104486097    -0.0080376313    -0.0000000000
73 C    -0.0118810407    -0.0120436996     0.0000000000
74 N     0.0133653871     0.0080784746     0.0000000000
75 C     0.0079568658     0.0024421371     0.0000000000
76 C    -0.0069168651    -0.0105503045     0.0000000000
77 C     0.0107714828    -0.0171007637     0.0000000000
78 H     0.0077776159     0.0008906294     0.0000000000
79 H     0.0064486508    -0.0033940036     0.0000000000
80 H     0.0052472803     0.0034787327    -0.0000000000
81 H     0.0054222175    -0.0033917727    -0.0000000000
82 H     0.0064123169     0.0034378990     0.0000000000
83 H     0.0077362432    -0.0008791551    -0.0000000000
84 H    -0.0045320510     0.0103664637     0.0000000000
85 H    -0.0567311529    -0.0265116617     0.0000000000
86 H    -0.0028545288     0.0042020650     0.0000000000
87 H    -0.0053750955    -0.0036721174    -0.0000000000
88 H    -0.0092130755     0.0014931775    -0.0000000000
89 H    -0.0083079071    -0.0010414800    -0.0000000000
90 H     0.0042080716     0.0064836565    -0.0000000000
91 H    -0.0031981966     0.0632911955     0.0000000000
92 H     0.0025638016     0.0071928183     0.0000000000
93 H     0.0004141300     0.0058701250    -0.0000000000
94 H    -0.0086750980     0.0095034487    -0.0000000000
95 H     0.0085854351     0.0096209742     0.0000000000
96 H    -0.0109078168    -0.0103914077    -0.0000000000
97 H     0.0107416769    -0.0102511745    -0.0000000000
98 H    -0.0001358999    -0.0056373764    -0.0000000000
99 H     0.0002146437    -0.0057646242    -0.0000000000
100 H    -0.0087355513    -0.0095466814     0.0000000000
101 H     0.0086220423    -0.0096796675     0.0000000000
----------------------------------------------
cycle 1: E = -3100.83462032  dE = -3100.83  norm(grad) = 0.194036

Geometry optimization cycle 2
Cartesian coordinates (Angstrom)
 Atom        New coordinates             dX        dY        dZ
   C  -7.241855   4.978695   0.000000    0.096371 -0.064064  0.000000
   C  -7.346161   0.670918   0.000000    0.019067 -0.020221  0.000000
   C  -6.097067   2.824602   0.000000    0.076575 -0.064811  0.000000
   C  -4.875076   4.904896   0.000000    0.035014 -0.114721  0.000000
   C  -7.304391  -3.576342   0.000000    0.053660  0.066293  0.000000
   C  -6.138683  -1.418879   0.000000    0.034792  0.012906  0.000000
   C  -4.910689   0.708817  -0.000000    0.029379 -0.007872 -0.000000
   C  -3.659543   2.795898  -0.000000    0.035302 -0.064414 -0.000000
   C  -2.406386   4.895449  -0.000000    0.050838 -0.110266 -0.000000
   C  -6.042122  -5.581927   0.000000    0.096393  0.145319  0.000000
   N  -4.887088  -3.498229   0.000000    0.041126  0.081842  0.000000
   C  -3.685253  -1.413640  -0.000000    0.012916  0.011931 -0.000000
   C  -2.451372   0.693148  -0.000000    0.020408 -0.023392 -0.000000
   C  -1.215543   2.817808  -0.000000    0.015161 -0.034099 -0.000000
   C   0.016040   4.956422  -0.000000    0.016040 -0.046746 -0.000000
   C  -3.679350  -5.563351  -0.000000   -0.000384  0.130701 -0.000000
   C  -2.454369  -3.510054  -0.000000    0.011645  0.050868 -0.000000
   C  -1.217659  -1.405644  -0.000000    0.014764  0.017564 -0.000000
   C   0.008134   0.717424  -0.000000    0.008134  0.001615 -0.000000
   C   1.218819   2.820304  -0.000000   -0.011886 -0.031603 -0.000000
   C   2.435065   4.939533  -0.000000   -0.022159 -0.066182 -0.000000
   C  -1.237542  -5.634381  -0.000000   -0.011208  0.050698 -0.000000
   C  -0.008261  -3.519996  -0.000000   -0.008261  0.037082 -0.000000
   C   1.229791  -1.392956  -0.000000   -0.002632  0.030251 -0.000000
   C   2.467425   0.712437  -0.000000   -0.004354 -0.004103 -0.000000
   C   3.674852   2.824985  -0.000000   -0.019993 -0.035327 -0.000000
   N   4.831761   4.913865  -0.000000   -0.078330 -0.105752 -0.000000
   C   1.217150  -5.629921  -0.000000   -0.009185  0.055158 -0.000000
   C   2.437784  -3.507681  -0.000000   -0.028231  0.053242 -0.000000
   C   3.686763  -1.400940  -0.000000   -0.011405  0.024631 -0.000000
   C   4.929291   0.717651  -0.000000   -0.010778  0.000962 -0.000000
   C   6.162987   2.868948   0.000000   -0.010655 -0.020465  0.000000
   C   7.210908   4.999071   0.000000   -0.127318 -0.043688  0.000000
   C   3.656084  -5.584971  -0.000000   -0.022883  0.109082 -0.000000
   C   4.903503  -3.511211   0.000000   -0.024711  0.068860  0.000000
   C   6.144169  -1.419283   0.000000   -0.029306  0.012502  0.000000
   C   7.343890   0.686910   0.000000   -0.021337 -0.004229  0.000000
   C   5.993102  -5.620002   0.000000   -0.145413  0.107244  0.000000
   C   7.343245  -3.611510   0.000000   -0.014806  0.031126  0.000000
   N  -7.229036   3.604376   0.000000    0.129016 -0.038259  0.000000
   C  -6.055822   5.654625   0.000000    0.082694 -0.072621  0.000000
   C  -7.347762  -0.688804   0.000000    0.017466  0.002335  0.000000
   C  -6.144628   1.422880   0.000000    0.028847 -0.008905  0.000000
   C  -4.864032   3.494781  -0.000000    0.064182 -0.085289 -0.000000
   N  -3.630377   5.492069  -0.000000    0.048589 -0.201983 -0.000000
   C  -7.260396  -4.963236   0.000000    0.077830  0.079524  0.000000
   C  -6.139499  -2.831552   0.000000    0.034142  0.057861  0.000000
   C  -4.915053  -0.700530  -0.000000    0.025015  0.016159 -0.000000
   C  -3.665590   1.397142  -0.000000    0.032579 -0.028429 -0.000000
   N  -2.439679   3.501443  -0.000000    0.026335 -0.059480 -0.000000
   C  -1.242172   5.594746  -0.000000   -0.015837 -0.090333 -0.000000
   N  -4.861963  -4.911557   0.000000    0.048127  0.108060  0.000000
   C  -3.658046  -2.820623  -0.000000    0.036799  0.039689 -0.000000
   C  -2.452356  -0.715560  -0.000000    0.019423  0.000979 -0.000000
   C  -1.225835   1.414885  -0.000000    0.006588 -0.008322 -0.000000
   C  -0.006378   3.528574  -0.000000   -0.006378 -0.028505 -0.000000
   C   1.220250   5.640620  -0.000000   -0.006085 -0.044460 -0.000000
   C  -2.438386  -4.943446  -0.000000    0.018838  0.062269 -0.000000
   C  -1.224851  -2.810424  -0.000000    0.005853  0.041483 -0.000000
   C   0.007052  -0.694748  -0.000000    0.007052  0.021061 -0.000000
   C   1.235487   1.410577  -0.000000    0.003064 -0.012630 -0.000000
   C   2.444052   3.519471  -0.000000   -0.021962 -0.041452 -0.000000
   C   3.659800   5.592710  -0.000000   -0.019166 -0.101343 -0.000000
   C  -0.005737  -4.956003  -0.000000   -0.005737  0.047166 -0.000000
   C   1.212576  -2.809966  -0.000000   -0.018129  0.041941 -0.000000
   C   2.464143  -0.697282  -0.000000   -0.007636  0.019258 -0.000000
   C   3.694187   1.413486  -0.000000   -0.003982 -0.012085 -0.000000
   C   4.909191   3.521542  -0.000000   -0.019023 -0.058529 -0.000000
   C   5.998179   5.631601   0.000000   -0.140336 -0.095645  0.000000
   C   2.424222  -4.931045  -0.000000   -0.033002  0.074670 -0.000000
   C   3.667952  -2.814190  -0.000000   -0.026893  0.046121 -0.000000
   C   4.924954  -0.705484  -0.000000   -0.015114  0.011205 -0.000000
   C   6.152499   1.428491   0.000000   -0.020976 -0.003294  0.000000
   C   7.344984   3.625861   0.000000   -0.013067 -0.016774  0.000000
   N   4.822389  -4.906033   0.000000   -0.087702  0.113584  0.000000
   C   6.156772  -2.860815   0.000000   -0.016870  0.028598  0.000000
   C   7.338880  -0.680950   0.000000   -0.026347  0.010189  0.000000
   C   7.204030  -4.984191   0.000000   -0.134195  0.058569  0.000000
   H   8.101672   5.613081   0.000000   -0.180512  0.021656  0.000000
   H   8.324406   3.171018   0.000000   -0.001335  0.029912  0.000000
   H   8.300450   1.191274   0.000000   -0.026265 -0.013388  0.000000
   H   8.292204  -1.191073   0.000000   -0.034511  0.013588  0.000000
   H   8.322428  -3.156113   0.000000   -0.003313 -0.015007  0.000000
   H   8.094568  -5.598632   0.000000   -0.187616 -0.007207  0.000000
   H  -8.199206   5.476779   0.000000    0.082978 -0.114646  0.000000
   H  -8.116928   3.136436   0.000000    0.208812 -0.004670  0.000000
   H  -8.308943   1.168639   0.000000    0.017772 -0.036022  0.000000
   H  -8.300301  -1.200128   0.000000    0.026414  0.004533  0.000000
   H  -8.258557  -3.075326   0.000000    0.067184  0.065780  0.000000
   H  -8.166591  -5.552878   0.000000    0.115593  0.038547  0.000000
   H  -6.033821   6.737678   0.000000    0.082804 -0.081749  0.000000
   H  -3.605350   6.496989  -0.000000    0.067407 -0.290442 -0.000000
   H  -1.296440   6.676691  -0.000000   -0.070860 -0.101717 -0.000000
   H   1.222468   6.725768  -0.000000   -0.003112 -0.052640 -0.000000
   H   3.728183   6.670628  -0.000000    0.055426 -0.116803 -0.000000
   H   5.890723   6.705513   0.000000   -0.225902 -0.113913  0.000000
   H  -5.934502  -6.654813   0.000000    0.182123  0.164613  0.000000
   H  -3.762294  -6.639187   0.000000   -0.089537  0.148244  0.000000
   H  -1.247866  -6.719807  -0.000000   -0.022286  0.058600 -0.000000
   H   1.228334  -6.715162  -0.000000    0.002755  0.063246 -0.000000
   H   3.727012  -6.662664   0.000000    0.054255  0.124767  0.000000
   H   5.889049  -6.694169   0.000000   -0.227577  0.125257  0.000000
converged SCF energy = -3100.90232381356
--------------- ROKS_Scanner gradients ---------------
         x                y                z
0 C    -0.0047344408     0.0020352615     0.0000000000
1 C     0.0074452836     0.0079486703     0.0000000000
2 C     0.0043454148     0.0152305654     0.0000000000
3 C    -0.0099879248     0.0007186833     0.0000000000
4 C     0.0073694048     0.0149730496    -0.0000000000
5 C    -0.0038263588     0.0205678547     0.0000000000
6 C    -0.0014501808     0.0089360557     0.0000000000
7 C     0.0049191723    -0.0016430641     0.0000000000
8 C     0.0117337557     0.0185755850    -0.0000000000
9 C    -0.0071581554     0.0091640882    -0.0000000000
10 N    -0.0025327697     0.0093634007     0.0000000000
11 C    -0.0001462510     0.0007880912     0.0000000000
12 C     0.0010968587     0.0056160959     0.0000000000
13 C     0.0050298170     0.0067873739    -0.0000000000
14 C    -0.0040863209     0.0031145571    -0.0000000000
15 C     0.0072985596     0.0039499901     0.0000000000
16 C     0.0010386296    -0.0005874996     0.0000000000
17 C     0.0028642214     0.0061476232    -0.0000000000
18 C     0.0003331686     0.0048821190     0.0000000000
19 C    -0.0036612474     0.0026289612     0.0000000000
20 C    -0.0034176719     0.0011314994     0.0000000000
21 C     0.0102741528    -0.0012435539    -0.0000000000
22 C    -0.0012433722     0.0051885265    -0.0000000000
23 C     0.0024051255     0.0017867897     0.0000000000
24 C     0.0032815258     0.0068477189     0.0000000000
25 C    -0.0038831865     0.0073596830     0.0000000000
26 N    -0.0080569293    -0.0053688823     0.0000000000
27 C     0.0025225280    -0.0033356814    -0.0000000000
28 C     0.0037220311     0.0044851745    -0.0000000000
29 C    -0.0008370676     0.0054657774     0.0000000000
30 C    -0.0003252007    -0.0010941050     0.0000000000
31 C     0.0042470683     0.0108116401     0.0000000000
32 C    -0.0103446463    -0.0011329460    -0.0000000000
33 C    -0.0002754174    -0.0069237247    -0.0000000000
34 C     0.0073748453     0.0072584260     0.0000000000
35 C     0.0035388656     0.0029924313     0.0000000000
36 C    -0.0036881987     0.0056436547     0.0000000000
37 C    -0.0056195011    -0.0017041354    -0.0000000000
38 C     0.0072953637     0.0062621978     0.0000000000
39 N     0.0105999783    -0.0036182233    -0.0000000000
40 C    -0.0023314561     0.0028084053    -0.0000000000
41 C     0.0044092722    -0.0132698332    -0.0000000000
42 C    -0.0031123643    -0.0149333929    -0.0000000000
43 C    -0.0023451855    -0.0090300485    -0.0000000000
44 N    -0.0014946256    -0.0213246770     0.0000000000
45 C     0.0037641798    -0.0158661758     0.0000000000
46 C    -0.0024275181    -0.0177616172    -0.0000000000
47 C    -0.0047087822    -0.0078334508    -0.0000000000
48 C    -0.0013093821    -0.0024214407    -0.0000000000
49 N    -0.0119816308    -0.0057053717     0.0000000000
50 C     0.0071934420    -0.0071844714     0.0000000000
51 N    -0.0013745541    -0.0008682069    -0.0000000000
52 C     0.0039621408    -0.0000694319    -0.0000000000
53 C    -0.0016574220    -0.0054317869    -0.0000000000
54 C    -0.0039061408    -0.0076447045    -0.0000000000
55 C    -0.0027532166    -0.0019939428     0.0000000000
56 C     0.0070867641     0.0039677335    -0.0000000000
57 C    -0.0054340246    -0.0026662104    -0.0000000000
58 C    -0.0019779196    -0.0054742841     0.0000000000
59 C    -0.0030346760    -0.0044559846     0.0000000000
60 C     0.0011570093    -0.0024540032    -0.0000000000
61 C     0.0034668066    -0.0053642166    -0.0000000000
62 C     0.0022184419     0.0059360858     0.0000000000
63 C    -0.0052358227    -0.0033295482     0.0000000000
64 C    -0.0037702118    -0.0003697454     0.0000000000
65 C     0.0027816866    -0.0057992353    -0.0000000000
66 C    -0.0006906338    -0.0055939981    -0.0000000000
67 C     0.0077538700    -0.0086321131    -0.0000000000
68 C    -0.0042296164     0.0010170615     0.0000000000
69 C     0.0002912662    -0.0000693277     0.0000000000
70 C    -0.0045108334    -0.0076792599    -0.0000000000
71 C    -0.0012353717     0.0018522869    -0.0000000000
72 C     0.0038736316    -0.0042075626    -0.0000000000
73 C     0.0063459569    -0.0066327939    -0.0000000000
74 N    -0.0062365361     0.0074066705    -0.0000000000
75 C     0.0045061088    -0.0101189044    -0.0000000000
76 C    -0.0044491192    -0.0053204231    -0.0000000000
77 C    -0.0107387745     0.0021378937     0.0000000000
78 H     0.0002467450    -0.0022733465     0.0000000000
79 H     0.0017876149    -0.0002620930     0.0000000000
80 H     0.0003552603    -0.0003315236    -0.0000000000
81 H     0.0004198030     0.0002924698     0.0000000000
82 H     0.0020408006     0.0005259109    -0.0000000000
83 H     0.0001880093     0.0025197817    -0.0000000000
84 H     0.0009673128     0.0030468996    -0.0000000000
85 H    -0.0009772728     0.0007901900     0.0000000000
86 H     0.0003227970    -0.0007268177    -0.0000000000
87 H    -0.0008880688    -0.0008363120     0.0000000000
88 H    -0.0016070666    -0.0001973990     0.0000000000
89 H    -0.0016337252     0.0008133992     0.0000000000
90 H     0.0006763326     0.0011778540     0.0000000000
91 H    -0.0006024458    -0.0003470461     0.0000000000
92 H     0.0005333713     0.0000126469     0.0000000000
93 H    -0.0001629016     0.0010034595     0.0000000000
94 H    -0.0021742768     0.0008837873     0.0000000000
95 H     0.0002354608     0.0007418764    -0.0000000000
96 H    -0.0017435322     0.0001880472     0.0000000000
97 H     0.0026819253     0.0002080111    -0.0000000000
98 H    -0.0003316935    -0.0006139026     0.0000000000
99 H    -0.0000064896    -0.0006799111     0.0000000000
100 H    -0.0018811127    -0.0008478535    -0.0000000000
101 H     0.0001901087    -0.0007174320     0.0000000000
----------------------------------------------
cycle 2: E = -3100.90232381  dE = -0.0677035  norm(grad) = 0.0822689

Geometry optimization cycle 3
Cartesian coordinates (Angstrom)
 Atom        New coordinates             dX        dY        dZ
   C  -7.216523   4.929687   0.000000    0.025331 -0.049009  0.000000
   C  -7.355368   0.705457   0.000000   -0.009208  0.034539  0.000000
   C  -6.081224   2.831064   0.000000    0.015843  0.006462  0.000000
   C  -4.828251   4.944549   0.000000    0.046825  0.039653  0.000000
   C  -7.297384  -3.589265   0.000000    0.007007 -0.012923 -0.000000
   C  -6.139560  -1.417129   0.000000   -0.000878  0.001750  0.000000
   C  -4.911349   0.716554   0.000000   -0.000660  0.007738  0.000000
   C  -3.666064   2.810870  -0.000000   -0.006521  0.014972  0.000000
   C  -2.434294   4.884194  -0.000000   -0.027908 -0.011255  0.000000
   C  -6.005271  -5.603940   0.000000    0.036851 -0.022014 -0.000000
   N  -4.891574  -3.494138  -0.000000   -0.004486  0.004091 -0.000000
   C  -3.690895  -1.405053  -0.000000   -0.005642  0.008587 -0.000000
   C  -2.458638   0.696944  -0.000000   -0.007266  0.003796  0.000000
   C  -1.224954   2.809100  -0.000000   -0.009411 -0.008708  0.000000
   C  -0.001140   4.933137  -0.000000   -0.017180 -0.023285 -0.000000
   C  -3.690378  -5.549723  -0.000000   -0.011028  0.013628 -0.000000
   C  -2.465493  -3.491146  -0.000000   -0.011124  0.018908 -0.000000
   C  -1.227227  -1.401670  -0.000000   -0.009568  0.003974 -0.000000
   C  -0.002253   0.712544  -0.000000   -0.010388 -0.004880 -0.000000
   C   1.209709   2.808003  -0.000000   -0.009110 -0.012301 -0.000000
   C   2.441938   4.925273  -0.000000    0.006873 -0.014261 -0.000000
   C  -1.254729  -5.605072  -0.000000   -0.017187  0.029310 -0.000000
   C  -0.016235  -3.514672  -0.000000   -0.007974  0.005325 -0.000000
   C   1.216039  -1.395971  -0.000000   -0.013752 -0.003015 -0.000000
   C   2.449389   0.702011  -0.000000   -0.018036 -0.010426 -0.000000
   C   3.655423   2.819211  -0.000000   -0.019429 -0.005774 -0.000000
   N   4.870157   4.920122  -0.000000    0.038396  0.006257 -0.000000
   C   1.221544  -5.609917  -0.000000    0.004394  0.020005 -0.000000
   C   2.424900  -3.512734  -0.000000   -0.012884 -0.005053 -0.000000
   C   3.671147  -1.410404  -0.000000   -0.015617 -0.009464  0.000000
   C   4.905734   0.712783  -0.000000   -0.023557 -0.004868 -0.000000
   C   6.116751   2.860896  -0.000000   -0.046236 -0.008053 -0.000000
   C   7.267173   5.010179  -0.000000    0.056265  0.011108 -0.000000
   C   3.692042  -5.558131  -0.000000    0.035958  0.026840 -0.000000
   C   4.879678  -3.531143   0.000000   -0.023825 -0.019932  0.000000
   C   6.122578  -1.421546   0.000000   -0.021591 -0.002263  0.000000
   C   7.321944   0.682421   0.000000   -0.021946 -0.004489  0.000000
   C   6.056767  -5.616520   0.000000    0.063666  0.003482  0.000000
   C   7.296648  -3.627568   0.000000   -0.046598 -0.016058  0.000000
   N  -7.239327   3.565806   0.000000   -0.010291 -0.038570  0.000000
   C  -6.043799   5.626186   0.000000    0.012022 -0.028438  0.000000
   C  -7.337845  -0.645805   0.000000    0.009916  0.042998  0.000000
   C  -6.138650   1.449057   0.000000    0.005978  0.026176  0.000000
   C  -4.852283   3.532388   0.000000    0.011748  0.037607  0.000000
   N  -3.604431   5.570298  -0.000000    0.025947  0.078228  0.000000
   C  -7.216624  -4.963916   0.000000    0.043771 -0.000680 -0.000000
   C  -6.144526  -2.817561   0.000000   -0.005027  0.013992 -0.000000
   C  -4.914892  -0.688889   0.000000    0.000161  0.011641  0.000000
   C  -3.668365   1.410862  -0.000000   -0.002775  0.013720  0.000000
   N  -2.437871   3.502178  -0.000000    0.001808  0.000734  0.000000
   C  -1.270244   5.572904  -0.000000   -0.028072 -0.021843 -0.000000
   N  -4.858824  -4.904623  -0.000000    0.003140  0.006935 -0.000000
   C  -3.669245  -2.809864  -0.000000   -0.011199  0.010759 -0.000000
   C  -2.457249  -0.706274  -0.000000   -0.004892  0.009287  0.000000
   C  -1.231628   1.416815  -0.000000   -0.005793  0.001931  0.000000
   C  -0.016135   3.513051  -0.000000   -0.009758 -0.015523 -0.000000
   C   1.206573   5.603247  -0.000000   -0.013677 -0.037373 -0.000000
   C  -2.451056  -4.921539  -0.000000   -0.012671  0.021907 -0.000000
   C  -1.230778  -2.798076  -0.000000   -0.005927  0.012348 -0.000000
   C  -0.000834  -0.693041  -0.000000   -0.007886  0.001708 -0.000000
   C   1.222705   1.403078  -0.000000   -0.012781 -0.007499  0.000000
   C   2.426185   3.513757  -0.000000   -0.017867 -0.005714 -0.000000
   C   3.681162   5.558527  -0.000000    0.021362 -0.034183 -0.000000
   C  -0.005743  -4.943110  -0.000000   -0.000006  0.012893 -0.000000
   C   1.206135  -2.810624  -0.000000   -0.006441 -0.000658 -0.000000
   C   2.448243  -0.701157  -0.000000   -0.015900 -0.003875 -0.000000
   C   3.674700   1.411619  -0.000000   -0.019487 -0.001867 -0.000000
   C   4.878065   3.533060  -0.000000   -0.031126  0.011518 -0.000000
   C   6.045052   5.621728  -0.000000    0.046873 -0.009872 -0.000000
   C   2.440813  -4.928707  -0.000000    0.016592  0.002338 -0.000000
   C   3.654059  -2.818996  -0.000000   -0.013893 -0.004806  0.000000
   C   4.905756  -0.711446   0.000000   -0.019199 -0.005962  0.000000
   C   6.124221   1.424351   0.000000   -0.028278 -0.004140  0.000000
   C   7.292792   3.634150  -0.000000   -0.052191  0.008288 -0.000000
   N   4.873908  -4.922274   0.000000    0.051519 -0.016241  0.000000
   C   6.116313  -2.860278   0.000000   -0.040459  0.000537  0.000000
   C   7.322957  -0.681577   0.000000   -0.015923 -0.000628  0.000000
   C   7.277614  -5.004092   0.000000    0.073584 -0.019901  0.000000
   H   8.167625   5.609629  -0.000000    0.065952 -0.003452 -0.000000
   H   8.251382   3.145917   0.000000   -0.073023 -0.025101 -0.000000
   H   8.274269   1.191176   0.000000   -0.026181 -0.000098  0.000000
   H   8.274360  -1.191453   0.000000   -0.017844 -0.000380  0.000000
   H   8.252929  -3.135829   0.000000   -0.069500  0.020284  0.000000
   H   8.179517  -5.601962   0.000000    0.084949 -0.003331  0.000000
   H  -8.181385   5.406534   0.000000    0.017821 -0.070245  0.000000
   H  -8.106902   3.092240   0.000000    0.010026 -0.044196  0.000000
   H  -8.318512   1.202094   0.000000   -0.009569  0.033455  0.000000
   H  -8.292558  -1.146300   0.000000    0.007743  0.053828  0.000000
   H  -8.255869  -3.105209   0.000000    0.002688 -0.029883  0.000000
   H  -8.109650  -5.567790   0.000000    0.056941 -0.014912 -0.000000
   H  -6.069359   6.705939   0.000000   -0.035537 -0.031739  0.000000
   H  -3.551005   6.559724  -0.000000    0.054345  0.062735 -0.000000
   H  -1.328220   6.652982  -0.000000   -0.031781 -0.023709 -0.000000
   H   1.203257   6.685591  -0.000000   -0.019211 -0.040177 -0.000000
   H   3.764191   6.632105  -0.000000    0.036008 -0.038523 -0.000000
   H   5.925278   6.691093  -0.000000    0.034555 -0.014421 -0.000000
   H  -5.867893  -6.671535   0.000000    0.066609 -0.016721 -0.000000
   H  -3.797968  -6.621527  -0.000000   -0.035674  0.017660 -0.000000
   H  -1.269856  -6.688242  -0.000000   -0.021991  0.031566 -0.000000
   H   1.227505  -6.692880  -0.000000   -0.000829  0.022282 -0.000000
   H   3.777470  -6.631482   0.000000    0.050459  0.031182 -0.000000
   H   5.941648  -6.686329   0.000000    0.052600  0.007840  0.000000
converged SCF energy = -3100.8998449518
--------------- ROKS_Scanner gradients ---------------
         x                y                z
0 C     0.0069279372    -0.0024886477     0.0000000000
1 C    -0.0040021535     0.0037500079    -0.0000000000
2 C     0.0059049229     0.0069764034    -0.0000000000
3 C     0.0101369053     0.0041522151    -0.0000000000
4 C     0.0032204839     0.0105130062    -0.0000000000
5 C    -0.0015259874     0.0044674230    -0.0000000000
6 C    -0.0003121804     0.0055789391    -0.0000000000
7 C    -0.0019551944     0.0052746827    -0.0000000000
8 C    -0.0180221173    -0.0015115078     0.0000000000
9 C     0.0075510731    -0.0014017809    -0.0000000000
10 N     0.0013967123     0.0095557092     0.0000000000
11 C     0.0000360365    -0.0022822654    -0.0000000000
12 C     0.0003855312     0.0002159900    -0.0000000000
13 C    -0.0001677462     0.0007540509     0.0000000000
14 C    -0.0017282573     0.0001091178    -0.0000000000
15 C    -0.0023075104     0.0028907085     0.0000000000
16 C    -0.0003136613     0.0028309964     0.0000000000
17 C     0.0000985263     0.0013606494    -0.0000000000
18 C    -0.0001151043     0.0003313149    -0.0000000000
19 C     0.0007622291    -0.0019899317    -0.0000000000
20 C     0.0016209846     0.0033871967    -0.0000000000
21 C     0.0015719259     0.0050488660     0.0000000000
22 C    -0.0025003539     0.0018455081     0.0000000000
23 C    -0.0009982582     0.0005286950    -0.0000000000
24 C    -0.0005690899     0.0009162429    -0.0000000000
25 C    -0.0004588982    -0.0014725572    -0.0000000000
26 N     0.0065185702     0.0111337085     0.0000000000
27 C     0.0022206717     0.0052774214     0.0000000000
28 C    -0.0015715871    -0.0011855180     0.0000000000
29 C    -0.0024954681     0.0014252835    -0.0000000000
30 C    -0.0009372885    -0.0003507336    -0.0000000000
31 C    -0.0019400561    -0.0017418446    -0.0000000000
32 C     0.0115086464     0.0105144098    -0.0000000000
33 C     0.0059126184     0.0168040147     0.0000000000
34 C    -0.0086451507    -0.0070242197    -0.0000000000
35 C     0.0001612677     0.0035559730    -0.0000000000
36 C    -0.0014001852     0.0017206288    -0.0000000000
37 C     0.0043112637     0.0146732784     0.0000000000
38 C    -0.0151603309    -0.0052810114    -0.0000000000
39 N    -0.0163582961    -0.0169949772     0.0000000000
40 C     0.0013161630    -0.0056879765     0.0000000000
41 C     0.0076125829     0.0022247305     0.0000000000
42 C    -0.0066601867    -0.0008169568     0.0000000000
43 C    -0.0073352802    -0.0031358803     0.0000000000
44 N     0.0140855654     0.0235012611     0.0000000000
45 C     0.0101533420    -0.0033274423    -0.0000000000
46 C    -0.0038549650    -0.0114376944     0.0000000000
47 C    -0.0031666774    -0.0044592215     0.0000000000
48 C     0.0017646164     0.0007767514     0.0000000000
49 N     0.0093345277    -0.0042694095    -0.0000000000
50 C    -0.0093980891    -0.0060129251     0.0000000000
51 N    -0.0097200596    -0.0087152996     0.0000000000
52 C     0.0005623045    -0.0008229725    -0.0000000000
53 C     0.0015801158    -0.0008925523     0.0000000000
54 C     0.0001152584    -0.0001568252     0.0000000000
55 C    -0.0019688673    -0.0004605634     0.0000000000
56 C    -0.0009984130    -0.0067502380     0.0000000000
57 C    -0.0083313352    -0.0027475335    -0.0000000000
58 C     0.0010919080    -0.0001340900    -0.0000000000
59 C     0.0002209063    -0.0003691230     0.0000000000
60 C     0.0001824726    -0.0004894067     0.0000000000
61 C    -0.0023368183     0.0016487279     0.0000000000
62 C     0.0051486542    -0.0154426524     0.0000000000
63 C    -0.0019416680    -0.0043356531    -0.0000000000
64 C     0.0010595485     0.0005546539    -0.0000000000
65 C     0.0008160120    -0.0012031403     0.0000000000
66 C    -0.0013056061    -0.0009094023     0.0000000000
67 C    -0.0087490423     0.0067846566     0.0000000000
68 C     0.0032420061    -0.0133407563     0.0000000000
69 C    -0.0003395908    -0.0046925030    -0.0000000000
70 C    -0.0012192120     0.0013423125     0.0000000000
71 C     0.0002324415     0.0000757258     0.0000000000
72 C     0.0005912611    -0.0027024490     0.0000000000
73 C    -0.0140971293     0.0049677139     0.0000000000
74 N     0.0052967234    -0.0127095884     0.0000000000
75 C    -0.0023650077     0.0019133438     0.0000000000
76 C     0.0000766527    -0.0020966717     0.0000000000
77 C     0.0127452783    -0.0119927398     0.0000000000
78 H     0.0006612847     0.0008242475     0.0000000000
79 H    -0.0022637761     0.0024895307    -0.0000000000
80 H    -0.0007240864    -0.0007600469     0.0000000000
81 H    -0.0006488474     0.0006601120    -0.0000000000
82 H    -0.0024023382    -0.0027048802     0.0000000000
83 H     0.0008892959    -0.0009838430     0.0000000000
84 H     0.0014276446    -0.0027859405    -0.0000000000
85 H     0.0111415871     0.0056576071    -0.0000000000
86 H     0.0001785085     0.0007924291     0.0000000000
87 H     0.0020331812     0.0024987497    -0.0000000000
88 H     0.0017519960    -0.0011947808     0.0000000000
89 H     0.0021468480     0.0010796598     0.0000000000
90 H     0.0013515019    -0.0017556714    -0.0000000000
91 H    -0.0009739573    -0.0114847657     0.0000000000
92 H    -0.0011741235    -0.0013120525    -0.0000000000
93 H    -0.0001509243    -0.0018243170    -0.0000000000
94 H     0.0018023710    -0.0030940690     0.0000000000
95 H     0.0010365232    -0.0025799660     0.0000000000
96 H     0.0017007331     0.0004817109    -0.0000000000
97 H    -0.0015842434     0.0014381941     0.0000000000
98 H    -0.0002168028     0.0014186191    -0.0000000000
99 H     0.0003833429     0.0015492231    -0.0000000000
100 H     0.0021607969     0.0032881187     0.0000000000
101 H     0.0012397054     0.0027377336    -0.0000000000
----------------------------------------------
cycle 3: E = -3100.89984495  dE = 0.00247886  norm(grad) = 0.0813448

Geometry optimization cycle 4
Cartesian coordinates (Angstrom)
 Atom        New coordinates             dX        dY        dZ
   C  -7.233140   4.962909   0.000000   -0.016617  0.033222 -0.000000
   C  -7.349609   0.682229   0.000000    0.005759 -0.023228  0.000000
   C  -6.095108   2.828128   0.000000   -0.013885 -0.002936  0.000000
   C  -4.849909   4.937524   0.000000   -0.021659 -0.007025  0.000000
   C  -7.308014  -3.593188   0.000000   -0.010630 -0.003923  0.000000
   C  -6.136028  -1.428592   0.000000    0.003533 -0.011462  0.000000
   C  -4.907978   0.709946   0.000000    0.003371 -0.006608  0.000000
   C  -3.665691   2.809130   0.000000    0.000373 -0.001740  0.000000
   C  -2.425056   4.893118  -0.000000    0.009238  0.008924 -0.000000
   C  -6.026749  -5.600240   0.000000   -0.021478  0.003701  0.000000
   N  -4.891933  -3.508281  -0.000000   -0.000359 -0.014143  0.000000
   C  -3.686236  -1.410695  -0.000000    0.004659 -0.005642  0.000000
   C  -2.453427   0.695877  -0.000000    0.005210 -0.001067  0.000000
   C  -1.220842   2.814724  -0.000000    0.004112  0.005624  0.000000
   C   0.003818   4.946208  -0.000000    0.004958  0.013071 -0.000000
   C  -3.687006  -5.567538  -0.000000    0.003372 -0.017815  0.000000
   C  -2.460997  -3.501713  -0.000000    0.004496 -0.010567  0.000000
   C  -1.221593  -1.405866  -0.000000    0.005634 -0.004196  0.000000
   C   0.004877   0.714369  -0.000000    0.007130  0.001825  0.000000
   C   1.218814   2.816273  -0.000000    0.009105  0.008270  0.000000
   C   2.440302   4.937301  -0.000000   -0.001636  0.012028 -0.000000
   C  -1.251214  -5.619801  -0.000000    0.003515 -0.014729  0.000000
   C  -0.008334  -3.519867  -0.000000    0.007901 -0.005195  0.000000
   C   1.224751  -1.397782  -0.000000    0.008712 -0.001812  0.000000
   C   2.459171   0.705043  -0.000000    0.009782  0.003032  0.000000
   C   3.668955   2.825204  -0.000000    0.013532  0.005992 -0.000000
   N   4.857590   4.927532  -0.000000   -0.012567  0.007411 -0.000000
   C   1.216976  -5.620511  -0.000000   -0.004568 -0.010595 -0.000000
   C   2.435787  -3.516404  -0.000000    0.010887 -0.003670 -0.000000
   C   3.682808  -1.411177  -0.000000    0.011661 -0.000774 -0.000000
   C   4.918649   0.715403  -0.000000    0.012915  0.002621 -0.000000
   C   6.136745   2.863297  -0.000000    0.019995  0.002401 -0.000000
   C   7.242345   5.004746  -0.000000   -0.024828 -0.005433 -0.000000
   C   3.677413  -5.581121  -0.000000   -0.014629 -0.022990 -0.000000
   C   4.894997  -3.530262   0.000000    0.015319  0.000881 -0.000000
   C   6.136238  -1.421664   0.000000    0.013660 -0.000118 -0.000000
   C   7.336946   0.684134   0.000000    0.015002  0.001713 -0.000000
   C   6.033437  -5.633435   0.000000   -0.023330 -0.016915 -0.000000
   C   7.320096  -3.620483   0.000000    0.023448  0.007085 -0.000000
   N  -7.239390   3.596380   0.000000   -0.000063  0.030574  0.000000
   C  -6.053189   5.648056   0.000000   -0.009390  0.021870 -0.000000
   C  -7.344053  -0.670180   0.000000   -0.006208 -0.024374  0.000000
   C  -6.138814   1.439720   0.000000   -0.000164 -0.009336  0.000000
   C  -4.859515   3.525344   0.000000   -0.007231 -0.007044  0.000000
   N  -3.619281   5.552624  -0.000000   -0.014850 -0.017674 -0.000000
   C  -7.245917  -4.966040   0.000000   -0.029293 -0.002124  0.000000
   C  -6.144521  -2.826512   0.000000    0.000005 -0.008951  0.000000
   C  -4.911122  -0.695129   0.000000    0.003771 -0.006240  0.000000
   C  -3.665807   1.407313  -0.000000    0.002558 -0.003549  0.000000
   N  -2.437688   3.508472  -0.000000    0.000183  0.006294  0.000000
   C  -1.260813   5.593887  -0.000000    0.009431  0.020984 -0.000000
   N  -4.858748  -4.916801  -0.000000    0.000075 -0.012178  0.000000
   C  -3.667924  -2.819472  -0.000000    0.001322 -0.009608  0.000000
   C  -2.452768  -0.709351  -0.000000    0.004481 -0.003078  0.000000
   C  -1.225980   1.419368  -0.000000    0.005649  0.002553  0.000000
   C  -0.008907   3.522251  -0.000000    0.007228  0.009200 -0.000000
   C   1.208695   5.621286  -0.000000    0.002122  0.018039 -0.000000
   C  -2.445999  -4.933910  -0.000000    0.005058 -0.012371  0.000000
   C  -1.225661  -2.804550  -0.000000    0.005117 -0.006474  0.000000
   C   0.005978  -0.694134  -0.000000    0.006812 -0.001093  0.000000
   C   1.230707   1.408156  -0.000000    0.008002  0.005078  0.000000
   C   2.437827   3.521795  -0.000000    0.011642  0.008037 -0.000000
   C   3.672013   5.583968  -0.000000   -0.009149  0.025441 -0.000000
   C  -0.005944  -4.948992  -0.000000   -0.000201 -0.005882  0.000000
   C   1.215316  -2.814585  -0.000000    0.009181 -0.003961  0.000000
   C   2.457861  -0.700419  -0.000000    0.009618  0.000738 -0.000000
   C   3.686306   1.415873  -0.000000    0.011606  0.004254 -0.000000
   C   4.894373   3.535535  -0.000000    0.016308  0.002475 -0.000000
   C   6.028550   5.639641  -0.000000   -0.016503  0.017912 -0.000000
   C   2.435284  -4.935882  -0.000000   -0.005529 -0.007175 -0.000000
   C   3.667401  -2.821296  -0.000000    0.013343 -0.002300 -0.000000
   C   4.918158  -0.710755   0.000000    0.012402  0.000691 -0.000000
   C   6.138622   1.427220   0.000000    0.014401  0.002868 -0.000000
   C   7.317176   3.629547  -0.000000    0.024384 -0.004603 -0.000000
   N   4.856371  -4.926489   0.000000   -0.017537 -0.004215 -0.000000
   C   6.135930  -2.859961   0.000000    0.019618  0.000317 -0.000000
   C   7.336470  -0.679750   0.000000    0.013513  0.001828 -0.000000
   C   7.245250  -4.995953   0.000000   -0.032364  0.008139 -0.000000
   H   8.137524   5.611859  -0.000000   -0.030100  0.002230 -0.000000
   H   8.283657   3.152569  -0.000000    0.032275  0.006652 -0.000000
   H   8.290023   1.193352   0.000000    0.015754  0.002177 -0.000000
   H   8.288261  -1.190623   0.000000    0.013900  0.000831 -0.000000
   H   8.285546  -3.142244   0.000000    0.032617 -0.006415 -0.000000
   H   8.140707  -5.602998   0.000000   -0.038810 -0.001036 -0.000000
   H  -8.198733   5.442508   0.000000   -0.017348  0.035974 -0.000000
   H  -8.119653   3.124381   0.000000   -0.012751  0.032140  0.000000
   H  -8.313761   1.177298   0.000000    0.004751 -0.024796  0.000000
   H  -8.298722  -1.174887   0.000000   -0.006164 -0.028587  0.000000
   H  -8.262579  -3.098128   0.000000   -0.006711  0.007081  0.000000
   H  -8.142740  -5.567290   0.000000   -0.033090  0.000500  0.000000
   H  -6.063551   6.729308   0.000000    0.005808  0.023369 -0.000000
   H  -3.573331   6.552491  -0.000000   -0.022326 -0.007233 -0.000000
   H  -1.316903   6.675170  -0.000000    0.011317  0.022188 -0.000000
   H   1.206282   6.704890  -0.000000    0.003025  0.019298 -0.000000
   H   3.751878   6.659929  -0.000000   -0.012314  0.027824 -0.000000
   H   5.913625   6.711522  -0.000000   -0.011652  0.020429 -0.000000
   H  -5.899964  -6.669861   0.000000   -0.032070  0.001674  0.000000
   H  -3.790624  -6.641062  -0.000000    0.007343 -0.019536  0.000000
   H  -1.263236  -6.704060  -0.000000    0.006620 -0.015818  0.000000
   H   1.221141  -6.704610  -0.000000   -0.006364 -0.011730 -0.000000
   H   3.757981  -6.657090  -0.000000   -0.019490 -0.025608 -0.000000
   H   5.922438  -6.705772   0.000000   -0.019211 -0.019443 -0.000000
converged SCF energy = -3100.90882279259
--------------- ROKS_Scanner gradients ---------------
         x                y                z
0 C    -0.0000562236     0.0005880122    -0.0000000000
1 C    -0.0001194501     0.0021147823    -0.0000000000
2 C     0.0012075182     0.0029562907     0.0000000000
3 C     0.0028598700     0.0035273299    -0.0000000000
4 C     0.0037019676     0.0066493545    -0.0000000000
5 C    -0.0003902790     0.0051985445    -0.0000000000
6 C    -0.0001878098     0.0033921996     0.0000000000
7 C    -0.0001204521     0.0017310671     0.0000000000
8 C    -0.0071216005    -0.0009137612     0.0000000000
9 C    -0.0002637384     0.0024115545     0.0000000000
10 N    -0.0012949658     0.0058912711     0.0000000000
11 C     0.0008373205    -0.0001345446    -0.0000000000
12 C     0.0009013227     0.0003601862    -0.0000000000
13 C    -0.0005357246     0.0012045579     0.0000000000
14 C    -0.0019437879     0.0003484038     0.0000000000
15 C     0.0022118059    -0.0003018899     0.0000000000
16 C     0.0004777073     0.0018090943     0.0000000000
17 C     0.0002376529     0.0010998432    -0.0000000000
18 C    -0.0002465274     0.0003140508     0.0000000000
19 C     0.0009483949    -0.0006765853    -0.0000000000
20 C     0.0004094776     0.0019463827    -0.0000000000
21 C     0.0021691524     0.0019697141     0.0000000000
22 C    -0.0005018762     0.0018278201     0.0000000000
23 C    -0.0006402350    -0.0001863813    -0.0000000000
24 C    -0.0000563898     0.0007872500    -0.0000000000
25 C    -0.0000100850     0.0003749552    -0.0000000000
26 N     0.0030199624     0.0033491066    -0.0000000000
27 C     0.0012734602     0.0021806329     0.0000000000
28 C     0.0002242365     0.0008197965    -0.0000000000
29 C    -0.0014142126     0.0007894871    -0.0000000000
30 C    -0.0005119179    -0.0003848467    -0.0000000000
31 C    -0.0005451934     0.0003267916    -0.0000000000
32 C     0.0016756201     0.0021967545    -0.0000000000
33 C     0.0019042003     0.0041635710     0.0000000000
34 C    -0.0016968725    -0.0011138920    -0.0000000000
35 C     0.0014346631     0.0020606969    -0.0000000000
36 C    -0.0010875712     0.0015805332    -0.0000000000
37 C     0.0003072399     0.0014834985     0.0000000000
38 C    -0.0033829820     0.0005845259     0.0000000000
39 N    -0.0025424163    -0.0027236665     0.0000000000
40 C     0.0009378785    -0.0027591111     0.0000000000
41 C     0.0027629201    -0.0018602224     0.0000000000
42 C    -0.0009102229    -0.0034708684    -0.0000000000
43 C    -0.0033323606    -0.0031915082    -0.0000000000
44 N     0.0046051327     0.0070934274     0.0000000000
45 C     0.0023889390    -0.0049324806    -0.0000000000
46 C    -0.0035050768    -0.0072278159     0.0000000000
47 C    -0.0017182623    -0.0035747304     0.0000000000
48 C     0.0003437068     0.0001265985    -0.0000000000
49 N     0.0031100215    -0.0024549973    -0.0000000000
50 C    -0.0011391744    -0.0004987255    -0.0000000000
51 N    -0.0006183860    -0.0052852802    -0.0000000000
52 C    -0.0004242672    -0.0007642005     0.0000000000
53 C     0.0005729737    -0.0004525695     0.0000000000
54 C     0.0001227110    -0.0010138332    -0.0000000000
55 C    -0.0001359754    -0.0008046670    -0.0000000000
56 C    -0.0003951311    -0.0027946922    -0.0000000000
57 C    -0.0055214156    -0.0016563123    -0.0000000000
58 C     0.0008906484    -0.0008093852    -0.0000000000
59 C    -0.0000201642    -0.0003503130    -0.0000000000
60 C    -0.0001022578     0.0000320806     0.0000000000
61 C    -0.0004264270    -0.0003604666     0.0000000000
62 C     0.0016724719    -0.0039669016     0.0000000000
63 C    -0.0026792838    -0.0024483542    -0.0000000000
64 C     0.0007806652    -0.0001243472     0.0000000000
65 C     0.0008088235    -0.0010302980     0.0000000000
66 C    -0.0007548345    -0.0004696023     0.0000000000
67 C    -0.0022565736     0.0012003904     0.0000000000
68 C     0.0000434439    -0.0013751273    -0.0000000000
69 C    -0.0007949966    -0.0024883905    -0.0000000000
70 C    -0.0005344710    -0.0006343363     0.0000000000
71 C     0.0003019254     0.0001501647     0.0000000000
72 C     0.0017094142    -0.0015787706     0.0000000000
73 C    -0.0033853640    -0.0004992949     0.0000000000
74 N     0.0025189734    -0.0037090295    -0.0000000000
75 C    -0.0008241146    -0.0005201742    -0.0000000000
76 C    -0.0004248427    -0.0016464529     0.0000000000
77 C     0.0017823820    -0.0024626377    -0.0000000000
78 H    -0.0002745704    -0.0000768464     0.0000000000
79 H    -0.0005235900     0.0005043120    -0.0000000000
80 H    -0.0002027851    -0.0003458684     0.0000000000
81 H    -0.0002364470     0.0003570849     0.0000000000
82 H    -0.0005729709    -0.0005613700    -0.0000000000
83 H    -0.0002486335     0.0000566536     0.0000000000
84 H     0.0003774081    -0.0007648698     0.0000000000
85 H     0.0030254266     0.0016866013     0.0000000000
86 H     0.0002394364    -0.0003637380    -0.0000000000
87 H     0.0003652385     0.0007836232    -0.0000000000
88 H     0.0005788663    -0.0007675666    -0.0000000000
89 H     0.0004628760     0.0006194299     0.0000000000
90 H     0.0003249307    -0.0006117437    -0.0000000000
91 H    -0.0003908561    -0.0024699659    -0.0000000000
92 H    -0.0005703351    -0.0001209455     0.0000000000
93 H    -0.0002481394    -0.0006485339     0.0000000000
94 H     0.0006093379    -0.0007830542     0.0000000000
95 H     0.0000411157    -0.0004569763     0.0000000000
96 H     0.0008074987     0.0003991043    -0.0000000000
97 H    -0.0007056750     0.0003678739    -0.0000000000
98 H    -0.0003382338     0.0003932599    -0.0000000000
99 H     0.0000176247     0.0005388654    -0.0000000000
100 H     0.0007550330     0.0008153238     0.0000000000
101 H     0.0000873970     0.0004507233    -0.0000000000
----------------------------------------------
cycle 4: E = -3100.90882279  dE = -0.00897784  norm(grad) = 0.0287085

Geometry optimization cycle 5
Cartesian coordinates (Angstrom)
 Atom        New coordinates             dX        dY        dZ
   C  -7.232474   4.957967   0.000000    0.000667 -0.004942 -0.000000
   C  -7.355255   0.678090   0.000000   -0.005646 -0.004139 -0.000000
   C  -6.100960   2.822225   0.000000   -0.005852 -0.005903 -0.000000
   C  -4.862707   4.926114   0.000000   -0.012798 -0.011410  0.000000
   C  -7.316018  -3.593241   0.000000   -0.008004 -0.000053 -0.000000
   C  -6.139157  -1.432390  -0.000000   -0.003129 -0.003798 -0.000000
   C  -4.910700   0.706209   0.000000   -0.002723 -0.003737 -0.000000
   C  -3.665092   2.807867   0.000000    0.000599 -0.001263  0.000000
   C  -2.411797   4.897075   0.000000    0.013259  0.003957  0.000000
   C  -6.031945  -5.609023  -0.000000   -0.005196 -0.008783 -0.000000
   N  -4.892581  -3.511896  -0.000000   -0.000648 -0.003614 -0.000000
   C  -3.688351  -1.412597   0.000000   -0.002114 -0.001902  0.000000
   C  -2.454631   0.696408   0.000000   -0.001204  0.000532  0.000000
   C  -1.217826   2.820211   0.000000    0.003016  0.005487  0.000000
   C   0.017353   4.958553  -0.000000    0.013535  0.012346  0.000000
   C  -3.688472  -5.559840  -0.000000   -0.001466  0.007699  0.000000
   C  -2.459329  -3.506417  -0.000000    0.001668 -0.004705  0.000000
   C  -1.222701  -1.407093   0.000000   -0.001108 -0.001227  0.000000
   C   0.005378   0.717759   0.000000    0.000501  0.003390  0.000000
   C   1.221633   2.823029   0.000000    0.002819  0.006756  0.000000
   C   2.443135   4.943377  -0.000000    0.002833  0.006076  0.000000
   C  -1.246487  -5.629373  -0.000000    0.004727 -0.009572  0.000000
   C  -0.007065  -3.523361  -0.000000    0.001269 -0.003494  0.000000
   C   1.225227  -1.395578   0.000000    0.000476  0.002204  0.000000
   C   2.461365   0.708402   0.000000    0.002194  0.003359  0.000000
   C   3.674857   2.826309  -0.000000    0.005902  0.001106  0.000000
   N   4.852693   4.923861  -0.000000   -0.004896 -0.003671  0.000000
   C   1.217322  -5.627955  -0.000000    0.000346 -0.007444  0.000000
   C   2.436746  -3.515010   0.000000    0.000959  0.001394  0.000000
   C   3.684895  -1.407891   0.000000    0.002087  0.003286  0.000000
   C   4.923863   0.717766   0.000000    0.005214  0.002363  0.000000
   C   6.150377   2.865030  -0.000000    0.013632  0.001733  0.000000
   C   7.247541   5.004522  -0.000000    0.005196 -0.000224 -0.000000
   C   3.669299  -5.587489   0.000000   -0.008114 -0.006368  0.000000
   C   4.898016  -3.524198   0.000000    0.003019  0.006064  0.000000
   C   6.137661  -1.423332   0.000000    0.001422 -0.001668  0.000000
   C   7.342371   0.683371   0.000000    0.005425 -0.000763 -0.000000
   C   6.025263  -5.623976   0.000000   -0.008174  0.009459 -0.000000
   C   7.330614  -3.621600   0.000000    0.010518 -0.001117 -0.000000
   N  -7.247950   3.590297   0.000000   -0.008560 -0.006083 -0.000000
   C  -6.058410   5.654359   0.000000   -0.005221  0.006303  0.000000
   C  -7.351127  -0.673879   0.000000   -0.007074 -0.003700 -0.000000
   C  -6.143190   1.436762   0.000000   -0.004375 -0.002958 -0.000000
   C  -4.862714   3.519129   0.000000   -0.003200 -0.006215  0.000000
   N  -3.625966   5.529487   0.000000   -0.006685 -0.023137  0.000000
   C  -7.248491  -4.961747  -0.000000   -0.002574  0.004293 -0.000000
   C  -6.144976  -2.825484  -0.000000   -0.000455  0.001028 -0.000000
   C  -4.912920  -0.695930   0.000000   -0.001798 -0.000802 -0.000000
   C  -3.668203   1.405571   0.000000   -0.002396 -0.001742  0.000000
   N  -2.437345   3.513230   0.000000    0.000343  0.004758  0.000000
   C  -1.248897   5.603037   0.000000    0.011916  0.009149  0.000000
   N  -4.865149  -4.914997  -0.000000   -0.006400  0.001803 -0.000000
   C  -3.667061  -2.822837  -0.000000    0.000863 -0.003365  0.000000
   C  -2.454861  -0.709730   0.000000   -0.002093 -0.000379  0.000000
   C  -1.226368   1.423725   0.000000   -0.000389  0.004357  0.000000
   C  -0.004611   3.532391   0.000000    0.004296  0.010140  0.000000
   C   1.219232   5.639911  -0.000000    0.010537  0.018625  0.000000
   C  -2.436995  -4.937444  -0.000000    0.009003 -0.003534  0.000000
   C  -1.225517  -2.806526  -0.000000    0.000144 -0.001976  0.000000
   C   0.005148  -0.692172   0.000000   -0.000830  0.001962  0.000000
   C   1.232184   1.412964   0.000000    0.001477  0.004808  0.000000
   C   2.443642   3.526623  -0.000000    0.005815  0.004828  0.000000
   C   3.671918   5.594498  -0.000000   -0.000095  0.010530  0.000000
   C  -0.002049  -4.952529  -0.000000    0.003895 -0.003537  0.000000
   C   1.214872  -2.813820   0.000000   -0.000444  0.000765  0.000000
   C   2.458334  -0.696738   0.000000    0.000473  0.003681  0.000000
   C   3.690789   1.417692   0.000000    0.004484  0.001819  0.000000
   C   4.903448   3.532408  -0.000000    0.009074 -0.003127  0.000000
   C   6.028408   5.632129  -0.000000   -0.000142 -0.007511 -0.000000
   C   2.431847  -4.935157   0.000000   -0.003437  0.000725  0.000000
   C   3.669236  -2.817152   0.000000    0.001835  0.004144  0.000000
   C   4.920871  -0.709182   0.000000    0.002713  0.001573  0.000000
   C   6.144011   1.429796   0.000000    0.005389  0.002576  0.000000
   C   7.333860   3.630385  -0.000000    0.016683  0.000838 -0.000000
   N   4.844481  -4.919730   0.000000   -0.011890  0.006759  0.000000
   C   6.144549  -2.860436   0.000000    0.008619 -0.000474  0.000000
   C   7.338572  -0.679769   0.000000    0.002102 -0.000020 -0.000000
   C   7.243530  -4.995836   0.000000   -0.001720  0.000117 -0.000000
   H   8.139126   5.618483  -0.000000    0.001602  0.006624 -0.000000
   H   8.302358   3.155648  -0.000000    0.018701  0.003079 -0.000000
   H   8.296360   1.192133   0.000000    0.006338 -0.001219 -0.000000
   H   8.289788  -1.193140   0.000000    0.001527 -0.002517 -0.000000
   H   8.298565  -3.146399   0.000000    0.013019 -0.004155 -0.000000
   H   8.134686  -5.610750   0.000000   -0.006021 -0.007752 -0.000000
   H  -8.198477   5.438991   0.000000    0.000256 -0.003517 -0.000000
   H  -8.134086   3.117463   0.000000   -0.014433 -0.006917 -0.000000
   H  -8.318627   1.176593   0.000000   -0.004866 -0.000706 -0.000000
   H  -8.304988  -1.181938   0.000000   -0.006266 -0.007051 -0.000000
   H  -8.270790  -3.095553   0.000000   -0.008211  0.002575 -0.000000
   H  -8.146353  -5.563388   0.000000   -0.003612  0.003902 -0.000000
   H  -6.067583   6.736559   0.000000   -0.004032  0.007251  0.000000
   H  -3.585661   6.533562   0.000000   -0.012330 -0.018929  0.000000
   H  -1.304649   6.684428  -0.000000    0.012254  0.009258  0.000000
   H   1.221813   6.724504  -0.000000    0.015531  0.019615  0.000000
   H   3.751828   6.671495  -0.000000   -0.000049  0.011566  0.000000
   H   5.913595   6.704575  -0.000000   -0.000030 -0.006947 -0.000000
   H  -5.912118  -6.680204  -0.000000   -0.012154 -0.010343 -0.000000
   H  -3.789946  -6.634138  -0.000000    0.000678  0.006924  0.000000
   H  -1.256465  -6.714231  -0.000000    0.006772 -0.010171  0.000000
   H   1.223246  -6.712888  -0.000000    0.002105 -0.008278  0.000000
   H   3.747254  -6.664703   0.000000   -0.010727 -0.007612  0.000000
   H   5.912671  -6.696666   0.000000   -0.009766  0.009106 -0.000000
converged SCF energy = -3100.90911610594
--------------- ROKS_Scanner gradients ---------------
         x                y                z
0 C     0.0040073041    -0.0015002768     0.0000000000
1 C    -0.0001727845     0.0018326932    -0.0000000000
2 C     0.0009024097     0.0038131985    -0.0000000000
3 C    -0.0047262318     0.0016884548    -0.0000000000
4 C    -0.0002604247     0.0041807470    -0.0000000000
5 C    -0.0006317174     0.0025700162    -0.0000000000
6 C    -0.0003399562     0.0015137611    -0.0000000000
7 C     0.0004749765    -0.0000089610    -0.0000000000
8 C     0.0041773818     0.0024699150     0.0000000000
9 C     0.0000639408    -0.0035124772    -0.0000000000
10 N     0.0023172741     0.0038027860     0.0000000000
11 C    -0.0000762260     0.0002095295     0.0000000000
12 C     0.0005779842     0.0001356742     0.0000000000
13 C     0.0006244080     0.0010285061     0.0000000000
14 C     0.0013266281     0.0006930597    -0.0000000000
15 C     0.0025129042     0.0028453553     0.0000000000
16 C    -0.0011096307    -0.0000216619     0.0000000000
17 C    -0.0000010211     0.0002544256     0.0000000000
18 C     0.0000618360     0.0002413114     0.0000000000
19 C     0.0001392967     0.0003256753     0.0000000000
20 C    -0.0014685959    -0.0002966861    -0.0000000000
21 C     0.0024891518    -0.0004894403    -0.0000000000
22 C    -0.0004568681     0.0004807276     0.0000000000
23 C     0.0002204126    -0.0000770848     0.0000000000
24 C     0.0004823730     0.0004168498     0.0000000000
25 C    -0.0003107320     0.0007740410    -0.0000000000
26 N    -0.0033912430    -0.0010956421     0.0000000000
27 C     0.0011634830    -0.0011301255     0.0000000000
28 C     0.0007733754     0.0010271807     0.0000000000
29 C    -0.0000265571     0.0003430514     0.0000000000
30 C    -0.0001434219    -0.0004093130     0.0000000000
31 C     0.0010065186     0.0004877519     0.0000000000
32 C     0.0022136921     0.0014200653    -0.0000000000
33 C    -0.0002291637    -0.0018412578     0.0000000000
34 C     0.0015580324     0.0013158268    -0.0000000000
35 C    -0.0004563713     0.0000090996    -0.0000000000
36 C    -0.0004021613     0.0009990475    -0.0000000000
37 C     0.0002216482     0.0030854643    -0.0000000000
38 C    -0.0009503610    -0.0004518729    -0.0000000000
39 N    -0.0025497091    -0.0034326952    -0.0000000000
40 C     0.0012502620     0.0037699730     0.0000000000
41 C     0.0015150114    -0.0012530411     0.0000000000
42 C    -0.0005115018    -0.0016013509     0.0000000000
43 C     0.0016243968    -0.0024661033     0.0000000000
44 N    -0.0019049490    -0.0066149128    -0.0000000000
45 C     0.0034686844    -0.0001772087     0.0000000000
46 C    -0.0012078575    -0.0044031590     0.0000000000
47 C    -0.0009954015    -0.0018028729     0.0000000000
48 C    -0.0010378339    -0.0004434037     0.0000000000
49 N    -0.0027680034     0.0009614326    -0.0000000000
50 C     0.0024053267    -0.0006375188     0.0000000000
51 N    -0.0061469633    -0.0009985598    -0.0000000000
52 C     0.0002998431    -0.0004780955    -0.0000000000
53 C    -0.0005228769    -0.0000667375    -0.0000000000
54 C    -0.0011139731    -0.0007726387    -0.0000000000
55 C    -0.0013932277     0.0002902058    -0.0000000000
56 C     0.0014146070     0.0020444533     0.0000000000
57 C     0.0005998924    -0.0016423840     0.0000000000
58 C     0.0003322744    -0.0008012403    -0.0000000000
59 C    -0.0004066131    -0.0001759382    -0.0000000000
60 C    -0.0001380378     0.0000363687    -0.0000000000
61 C     0.0006517621    -0.0008584402     0.0000000000
62 C    -0.0005590985     0.0018896943    -0.0000000000
63 C    -0.0010485482    -0.0003840600     0.0000000000
64 C    -0.0004211437     0.0000992110    -0.0000000000
65 C     0.0004057150    -0.0002177289    -0.0000000000
66 C     0.0002585755    -0.0002938098    -0.0000000000
67 C     0.0014708048    -0.0012315359     0.0000000000
68 C    -0.0000322645    -0.0027751627    -0.0000000000
69 C    -0.0014285829     0.0000024185    -0.0000000000
70 C    -0.0007090846    -0.0008594191    -0.0000000000
71 C    -0.0001306608     0.0006076027     0.0000000000
72 C    -0.0000095168    -0.0000758989    -0.0000000000
73 C    -0.0007112257     0.0003636077     0.0000000000
74 N    -0.0035413454     0.0008802405     0.0000000000
75 C     0.0008267123    -0.0006526516     0.0000000000
76 C    -0.0007989555    -0.0008204826     0.0000000000
77 C     0.0025096036    -0.0017150249     0.0000000000
78 H     0.0003824654    -0.0000110046    -0.0000000000
79 H     0.0001732465     0.0002538434    -0.0000000000
80 H     0.0001266141    -0.0000455917     0.0000000000
81 H     0.0000769951     0.0000577952    -0.0000000000
82 H     0.0001533747    -0.0002794659     0.0000000000
83 H     0.0004257851    -0.0000279627    -0.0000000000
84 H     0.0002248887    -0.0003883953    -0.0000000000
85 H    -0.0016176139    -0.0011449267     0.0000000000
86 H    -0.0001209195     0.0001987710     0.0000000000
87 H    -0.0001390456     0.0001062624    -0.0000000000
88 H    -0.0004244552     0.0001453122     0.0000000000
89 H     0.0002588288     0.0002798081    -0.0000000000
90 H     0.0002158524     0.0006785042    -0.0000000000
91 H     0.0001010575     0.0004695591    -0.0000000000
92 H     0.0002197987    -0.0000088705    -0.0000000000
93 H     0.0000142340     0.0004732577    -0.0000000000
94 H    -0.0002368896     0.0004089506    -0.0000000000
95 H    -0.0001653805    -0.0002168639     0.0000000000
96 H    -0.0001136597    -0.0007818029     0.0000000000
97 H    -0.0002343627     0.0002011248    -0.0000000000
98 H    -0.0000359048    -0.0002882915     0.0000000000
99 H    -0.0000522702    -0.0003433798    -0.0000000000
100 H    -0.0002244501    -0.0004188811    -0.0000000000
101 H    -0.0001337206     0.0002552560    -0.0000000000
----------------------------------------------
cycle 5: E = -3100.90911611  dE = -0.000293313  norm(grad) = 0.0218905

Geometry optimization cycle 6
Cartesian coordinates (Angstrom)
 Atom        New coordinates             dX        dY        dZ
   C  -7.245770   4.967640   0.000000   -0.013296  0.009673 -0.000000
   C  -7.352646   0.675764  -0.000000    0.002608 -0.002326 -0.000000
   C  -6.100237   2.823759   0.000000    0.000724  0.001534 -0.000000
   C  -4.859055   4.927117   0.000000    0.003652  0.001003  0.000000
   C  -7.316271  -3.595731  -0.000000   -0.000254 -0.002490 -0.000000
   C  -6.137120  -1.434255  -0.000000    0.002037 -0.001864 -0.000000
   C  -4.909331   0.706268   0.000000    0.001369  0.000059 -0.000000
   C  -3.665147   2.807200   0.000000   -0.000055 -0.000667  0.000000
   C  -2.417377   4.894340   0.000000   -0.005580 -0.002735  0.000000
   C  -6.034440  -5.595463  -0.000000   -0.002495  0.013560 -0.000000
   N  -4.891089  -3.514146  -0.000000    0.001492 -0.002250 -0.000000
   C  -3.687382  -1.412153   0.000000    0.000968  0.000444  0.000000
   C  -2.453717   0.695332   0.000000    0.000914 -0.001077  0.000000
   C  -1.217801   2.816658   0.000000    0.000026 -0.003552  0.000000
   C   0.012615   4.953156   0.000000   -0.004737 -0.005398  0.000000
   C  -3.688286  -5.564603  -0.000000    0.000186 -0.004764  0.000000
   C  -2.458417  -3.505377   0.000000    0.000912  0.001040  0.000000
   C  -1.221130  -1.407744   0.000000    0.001571 -0.000651  0.000000
   C   0.007130   0.715658   0.000000    0.001752 -0.002101  0.000000
   C   1.221896   2.820156   0.000000    0.000263 -0.002873  0.000000
   C   2.442438   4.940389   0.000000   -0.000696 -0.002988  0.000000
   C  -1.248032  -5.626096  -0.000000   -0.001545  0.003277  0.000000
   C  -0.005304  -3.523332   0.000000    0.001761  0.000029  0.000000
   C   1.227468  -1.396544   0.000000    0.002241 -0.000966  0.000000
   C   2.462892   0.706421   0.000000    0.001527 -0.001982  0.000000
   C   3.675456   2.825919   0.000000    0.000599 -0.000391  0.000000
   N   4.855536   4.927301  -0.000000    0.002843  0.003439  0.000000
   C   1.218557  -5.626154   0.000000    0.001235  0.001801  0.000000
   C   2.438786  -3.516072   0.000000    0.002040 -0.001062  0.000000
   C   3.687746  -1.409786   0.000000    0.002850 -0.001895  0.000000
   C   4.924877   0.717322   0.000000    0.001014 -0.000444  0.000000
   C   6.148672   2.864292  -0.000000   -0.001706 -0.000738 -0.000000
   C   7.241600   5.001003  -0.000000   -0.005942 -0.003519 -0.000000
   C   3.672753  -5.586337   0.000000    0.003454  0.001151  0.000000
   C   4.900808  -3.527610   0.000000    0.002792 -0.003412  0.000000
   C   6.140082  -1.423205   0.000000    0.002421  0.000127 -0.000000
   C   7.343985   0.683388   0.000000    0.001614  0.000017 -0.000000
   C   6.029141  -5.632643   0.000000    0.003878 -0.008667 -0.000000
   C   7.333910  -3.617861   0.000000    0.003296  0.003739 -0.000000
   N  -7.242205   3.601194   0.000000    0.005745  0.010898 -0.000000
   C  -6.062170   5.646286   0.000000   -0.003760 -0.008074 -0.000000
   C  -7.351489  -0.675180  -0.000000   -0.000361 -0.001300 -0.000000
   C  -6.141832   1.439500   0.000000    0.001358  0.002737 -0.000000
   C  -4.860726   3.521743   0.000000    0.001988  0.002613  0.000000
   N  -3.625963   5.538701   0.000000    0.000002  0.009214  0.000000
   C  -7.259704  -4.961361  -0.000000   -0.011214  0.000386 -0.000000
   C  -6.142908  -2.824099  -0.000000    0.002068  0.001385 -0.000000
   C  -4.910989  -0.694200   0.000000    0.001931  0.001730 -0.000000
   C  -3.666599   1.405261   0.000000    0.001603 -0.000310  0.000000
   N  -2.436717   3.510986   0.000000    0.000628 -0.002244  0.000000
   C  -1.254567   5.598925   0.000000   -0.005670 -0.004112  0.000000
   N  -4.859750  -4.913351  -0.000000    0.005399  0.001647 -0.000000
   C  -3.666547  -2.822438   0.000000    0.000514  0.000399  0.000000
   C  -2.453247  -0.710172   0.000000    0.001614 -0.000442  0.000000
   C  -1.224514   1.421824   0.000000    0.001854 -0.001901  0.000000
   C  -0.004666   3.528084   0.000000   -0.000055 -0.004308  0.000000
   C   1.215061   5.633000   0.000000   -0.004171 -0.006911  0.000000
   C  -2.437858  -4.935540   0.000000   -0.000863  0.001904  0.000000
   C  -1.224281  -2.805977   0.000000    0.001236  0.000548  0.000000
   C   0.007410  -0.693440   0.000000    0.002262 -0.001269  0.000000
   C   1.233762   1.410483   0.000000    0.001579 -0.002481  0.000000
   C   2.443070   3.524927   0.000000   -0.000572 -0.001696  0.000000
   C   3.671113   5.591871  -0.000000   -0.000804 -0.002627  0.000000
   C  -0.000343  -4.950927   0.000000    0.001706  0.001602  0.000000
   C   1.217099  -2.814539   0.000000    0.002226 -0.000720  0.000000
   C   2.460494  -0.698057   0.000000    0.002160 -0.001319  0.000000
   C   3.691927   1.417356   0.000000    0.001137 -0.000336  0.000000
   C   4.903028   3.535025  -0.000000   -0.000420  0.002617  0.000000
   C   6.028709   5.640099  -0.000000    0.000301  0.007970 -0.000000
   C   2.435140  -4.934770   0.000000    0.003293  0.000387  0.000000
   C   3.672550  -2.818737   0.000000    0.003313 -0.001586  0.000000
   C   4.922998  -0.710139   0.000000    0.002127 -0.000957  0.000000
   C   6.144077   1.429684   0.000000    0.000066 -0.000112 -0.000000
   C   7.333701   3.627776  -0.000000   -0.000159 -0.002609 -0.000000
   N   4.851109  -4.923940   0.000000    0.006628 -0.004211  0.000000
   C   6.145850  -2.859487   0.000000    0.001301  0.000949 -0.000000
   C   7.341916  -0.678961   0.000000    0.003344  0.000808 -0.000000
   C   7.240140  -4.991057   0.000000   -0.003390  0.004779 -0.000000
   H   8.133986   5.613755  -0.000000   -0.005140 -0.004727 -0.000000
   H   8.302125   3.152806  -0.000000   -0.000233 -0.002841 -0.000000
   H   8.297005   1.193983  -0.000000    0.000644  0.001850 -0.000000
   H   8.293075  -1.192607   0.000000    0.003287  0.000533 -0.000000
   H   8.301778  -3.142324   0.000000    0.003213  0.004075 -0.000000
   H   8.132349  -5.604323   0.000000   -0.002337  0.006427 -0.000000
   H  -8.211662   5.449999   0.000000   -0.013185  0.011008 -0.000000
   H  -8.126132   3.126222  -0.000000    0.007954  0.008758 -0.000000
   H  -8.316185   1.174149  -0.000000    0.002443 -0.002444 -0.000000
   H  -8.305020  -1.183989  -0.000000   -0.000032 -0.002051 -0.000000
   H  -8.268458  -3.093356  -0.000000    0.002332  0.002197 -0.000000
   H  -8.155920  -5.566403  -0.000000   -0.009567 -0.003015 -0.000000
   H  -6.069625   6.728053   0.000000   -0.002042 -0.008506 -0.000000
   H  -3.583461   6.542497   0.000000    0.002201  0.008936  0.000000
   H  -1.309375   6.680277   0.000000   -0.004726 -0.004151  0.000000
   H   1.217001   6.717370   0.000000   -0.004812 -0.007134  0.000000
   H   3.748779   6.668836  -0.000000   -0.003049 -0.002660  0.000000
   H   5.917507   6.713084  -0.000000    0.003912  0.008510 -0.000000
   H  -5.914444  -6.666042  -0.000000   -0.002326  0.014162 -0.000000
   H  -3.789075  -6.639156  -0.000000    0.000872 -0.005018  0.000000
   H  -1.257600  -6.710771  -0.000000   -0.001136  0.003460  0.000000
   H   1.223884  -6.710945   0.000000    0.000638  0.001942  0.000000
   H   3.748770  -6.663487   0.000000    0.001515  0.001216  0.000000
   H   5.920832  -6.705957   0.000000    0.008160 -0.009291 -0.000000
converged SCF energy = -3100.9095594899
