1721669909.355077

Geometry optimization cycle 1
Cartesian coordinates (Angstrom)
 Atom        New coordinates             dX        dY        dZ
   C  -7.338226   5.042760   0.000000    0.000000  0.000000  0.000000
   C  -7.365228   0.691139   0.000000    0.000000  0.000000  0.000000
   C  -6.173642   2.889413   0.000000    0.000000  0.000000  0.000000
   C  -4.910090   5.019617   0.000000    0.000000  0.000000  0.000000
   C  -7.358051  -3.642635   0.000000    0.000000  0.000000  0.000000
   C  -6.173475  -1.431785   0.000000    0.000000  0.000000  0.000000
   C  -4.940069   0.716689   0.000000    0.000000  0.000000  0.000000
   C  -3.694845   2.860312   0.000000    0.000000  0.000000  0.000000
   C  -2.457224   5.005715   0.000000    0.000000  0.000000  0.000000
   C  -6.138515  -5.727246   0.000000    0.000000  0.000000  0.000000
   C  -4.928214  -3.580071   0.000000    0.000000  0.000000  0.000000
   C  -3.698169  -1.425571   0.000000    0.000000  0.000000  0.000000
   C  -2.471779   0.716540   0.000000    0.000000  0.000000  0.000000
   N  -1.230705   2.851907   0.000000    0.000000 -0.000000  0.000000
   C   0.000000   5.003169   0.000000    0.000000  0.000000  0.000000
   C  -3.678966  -5.694052   0.000000    0.000000  0.000000  0.000000
   C  -2.466015  -3.560923   0.000000    0.000000  0.000000  0.000000
   C  -1.232423  -1.423207   0.000000    0.000000  0.000000  0.000000
   C   0.000000   0.715809   0.000000    0.000000  0.000000  0.000000
   C   1.230705   2.851907   0.000000    0.000000 -0.000000  0.000000
   C   2.457224   5.005715   0.000000    0.000000  0.000000  0.000000
   C  -1.226334  -5.685080   0.000000    0.000000  0.000000  0.000000
   C   0.000000  -3.557079   0.000000    0.000000  0.000000  0.000000
   N   1.232423  -1.423207   0.000000    0.000000  0.000000  0.000000
   C   2.471779   0.716540   0.000000    0.000000  0.000000  0.000000
   N   3.694845   2.860312   0.000000    0.000000  0.000000  0.000000
   C   4.910090   5.019617   0.000000    0.000000  0.000000  0.000000
   C   1.226334  -5.685080   0.000000    0.000000  0.000000  0.000000
   N   2.466015  -3.560923   0.000000    0.000000  0.000000  0.000000
   C   3.698169  -1.425571   0.000000    0.000000  0.000000  0.000000
   C   4.940069   0.716689   0.000000    0.000000  0.000000  0.000000
   C   6.173642   2.889413   0.000000    0.000000  0.000000  0.000000
   C   7.338226   5.042760   0.000000    0.000000  0.000000  0.000000
   C   3.678966  -5.694052   0.000000    0.000000  0.000000  0.000000
   C   4.928214  -3.580071   0.000000    0.000000  0.000000  0.000000
   C   6.173475  -1.431785   0.000000   -0.000000  0.000000  0.000000
   C   7.365228   0.691139   0.000000    0.000000  0.000000  0.000000
   C   6.138515  -5.727246   0.000000    0.000000  0.000000  0.000000
   C   7.358051  -3.642635   0.000000   -0.000000  0.000000  0.000000
   C  -7.358051   3.642635   0.000000    0.000000  0.000000  0.000000
   C  -6.138515   5.727246   0.000000    0.000000  0.000000  0.000000
   C  -7.365228  -0.691139   0.000000    0.000000  0.000000  0.000000
   C  -6.173475   1.431785   0.000000    0.000000  0.000000  0.000000
   C  -4.928214   3.580071   0.000000    0.000000 -0.000000  0.000000
   C  -3.678966   5.694052   0.000000    0.000000  0.000000  0.000000
   N  -7.338226  -5.042760   0.000000    0.000000  0.000000  0.000000
   C  -6.173642  -2.889413   0.000000    0.000000  0.000000  0.000000
   C  -4.940069  -0.716689   0.000000    0.000000  0.000000  0.000000
   C  -3.698169   1.425571   0.000000    0.000000  0.000000  0.000000
   C  -2.466015   3.560923   0.000000    0.000000 -0.000000  0.000000
   C  -1.226334   5.685080   0.000000    0.000000  0.000000  0.000000
   C  -4.910090  -5.019617   0.000000    0.000000  0.000000  0.000000
   C  -3.694845  -2.860312   0.000000    0.000000  0.000000  0.000000
   C  -2.471779  -0.716540   0.000000    0.000000  0.000000  0.000000
   C  -1.232423   1.423207   0.000000    0.000000  0.000000  0.000000
   C   0.000000   3.557079   0.000000    0.000000  0.000000  0.000000
   C   1.226334   5.685080   0.000000    0.000000  0.000000  0.000000
   C  -2.457224  -5.005715   0.000000    0.000000  0.000000  0.000000
   C  -1.230705  -2.851907   0.000000    0.000000  0.000000  0.000000
   N   0.000000  -0.715809   0.000000    0.000000  0.000000  0.000000
   C   1.232423   1.423207   0.000000    0.000000  0.000000  0.000000
   C   2.466015   3.560923   0.000000    0.000000 -0.000000  0.000000
   C   3.678966   5.694052   0.000000    0.000000  0.000000  0.000000
   C   0.000000  -5.003169   0.000000    0.000000  0.000000  0.000000
   C   1.230705  -2.851907   0.000000    0.000000  0.000000  0.000000
   C   2.471779  -0.716540   0.000000    0.000000  0.000000  0.000000
   C   3.698169   1.425571   0.000000    0.000000  0.000000  0.000000
   C   4.928214   3.580071   0.000000    0.000000 -0.000000  0.000000
   N   6.138515   5.727246   0.000000    0.000000  0.000000  0.000000
   C   2.457224  -5.005715   0.000000    0.000000  0.000000  0.000000
   C   3.694845  -2.860312   0.000000    0.000000  0.000000  0.000000
   C   4.940069  -0.716689   0.000000    0.000000  0.000000  0.000000
   C   6.173475   1.431785   0.000000   -0.000000  0.000000  0.000000
   C   7.358051   3.642635   0.000000   -0.000000  0.000000  0.000000
   C   4.910090  -5.019617   0.000000    0.000000  0.000000  0.000000
   C   6.173642  -2.889413   0.000000    0.000000  0.000000  0.000000
   C   7.365228  -0.691139   0.000000    0.000000  0.000000  0.000000
   C   7.338226  -5.042760   0.000000    0.000000  0.000000  0.000000
   H   8.282184   5.591425   0.000000    0.000000 -0.000000  0.000000
   H   8.325741   3.141106   0.000000    0.000000  0.000000  0.000000
   H   8.326715   1.204661   0.000000    0.000000  0.000000  0.000000
   H   8.326715  -1.204661   0.000000    0.000000  0.000000  0.000000
   H   8.325741  -3.141106   0.000000    0.000000  0.000000  0.000000
   H   8.282184  -5.591425   0.000000    0.000000  0.000000  0.000000
   H  -8.282184   5.591425   0.000000    0.000000 -0.000000  0.000000
   H  -8.325741   3.141106   0.000000    0.000000  0.000000  0.000000
   H  -8.326715   1.204661   0.000000    0.000000  0.000000  0.000000
   H  -8.326715  -1.204661   0.000000    0.000000  0.000000  0.000000
   H  -8.325741  -3.141106   0.000000    0.000000  0.000000  0.000000
   H  -8.282184  -5.591425   0.000000    0.000000  0.000000  0.000000
   H  -6.116625   6.819427   0.000000    0.000000  0.000000  0.000000
   H  -3.672757   6.787431   0.000000    0.000000  0.000000  0.000000
   H  -1.225580   6.778408   0.000000    0.000000 -0.000000  0.000000
   H   1.225580   6.778408   0.000000    0.000000 -0.000000  0.000000
   H   3.672757   6.787431   0.000000    0.000000  0.000000  0.000000
   H   6.116625   6.819427   0.000000   -0.000000  0.000000  0.000000
   H  -6.116625  -6.819427   0.000000    0.000000  0.000000  0.000000
   H  -3.672757  -6.787431   0.000000    0.000000  0.000000  0.000000
   H  -1.225580  -6.778408   0.000000    0.000000  0.000000  0.000000
   H   1.225580  -6.778408   0.000000    0.000000  0.000000  0.000000
   H   3.672757  -6.787431   0.000000    0.000000  0.000000  0.000000
   H   6.116625  -6.819427   0.000000   -0.000000  0.000000  0.000000
converged SCF energy = -3100.8139815623
--------------- ROKS_Scanner gradients ---------------
         x                y                z
0 C    -0.0077974192    -0.0028020636    -0.0000000000
1 C    -0.0013314216     0.0028901929    -0.0000000000
2 C     0.0044283880    -0.0078022512    -0.0000000000
3 C    -0.0064328615    -0.0001669363    -0.0000000000
4 C     0.0059104120     0.0276413409     0.0000000000
5 C     0.0001360354    -0.0011082492     0.0000000000
6 C     0.0012013624    -0.0033206221     0.0000000000
7 C    -0.0108035707    -0.0019537420    -0.0000000000
8 C    -0.0043328520     0.0026120231    -0.0000000000
9 C     0.0157229435    -0.0159447859     0.0000000000
10 C     0.0039588278    -0.0095188675     0.0000000000
11 C     0.0006108008     0.0095546413     0.0000000000
12 C    -0.0025939218    -0.0256696826     0.0000000000
13 N    -0.0153875754    -0.0032292659     0.0000000000
14 C     0.0176444410     0.0017715046     0.0000000000
15 C     0.0101759798    -0.0010998591     0.0000000000
16 C    -0.0125200842    -0.0098973499    -0.0000000000
17 C    -0.0047790429     0.0050214522    -0.0000000000
18 C    -0.0378509961    -0.0099620086    -0.0000000000
19 C    -0.0044044611    -0.0049569186     0.0000000000
20 C     0.0181062174     0.0160922509     0.0000000000
21 C     0.0053961528    -0.0072219581     0.0000000000
22 C    -0.0424789278    -0.0028587428    -0.0000000000
23 N    -0.0295825680     0.0267331135    -0.0000000000
24 C    -0.0057787998     0.0267925523    -0.0000000000
25 N    -0.0088648933    -0.0037607048    -0.0000000000
26 C     0.0223106169    -0.0187874971     0.0000000000
27 C     0.0023556913    -0.0152854035     0.0000000000
28 N     0.0191051110    -0.0163731955    -0.0000000000
29 C     0.0208453868     0.0172124783     0.0000000000
30 C     0.0103039119    -0.0128590701    -0.0000000000
31 C     0.0407753926     0.0198624862    -0.0000000000
32 C     0.0042603394     0.0363918729    -0.0000000000
33 C     0.0037677408    -0.0149727326     0.0000000000
34 C     0.0196168400    -0.0013644291     0.0000000000
35 C     0.0105133287     0.0039362218     0.0000000000
36 C    -0.0031530430     0.0074595460    -0.0000000000
37 C     0.0046426599    -0.0028100771    -0.0000000000
38 C    -0.0023091690     0.0018326222     0.0000000000
39 C    -0.0023466727     0.0065991866     0.0000000000
40 C     0.0071508640     0.0030978967     0.0000000000
41 C     0.0011153417    -0.0018479908     0.0000000000
42 C    -0.0026250377     0.0060457964    -0.0000000000
43 C    -0.0010918484    -0.0035457128     0.0000000000
44 C     0.0036736559     0.0076934944     0.0000000000
45 N     0.0052649513    -0.0062948084     0.0000000000
46 C    -0.0083770699     0.0087090141    -0.0000000000
47 C     0.0018401235     0.0027631143    -0.0000000000
48 C    -0.0008972942     0.0090599254    -0.0000000000
49 C     0.0019971704     0.0034957644     0.0000000000
50 C    -0.0064191212     0.0059751960    -0.0000000000
51 C    -0.0031356519     0.0070838373    -0.0000000000
52 C     0.0076288336    -0.0059740624    -0.0000000000
53 C    -0.0199840176     0.0069515713    -0.0000000000
54 C     0.0161706544     0.0059564831     0.0000000000
55 C     0.0096776747     0.0030773732    -0.0000000000
56 C    -0.0176970541     0.0109381691    -0.0000000000
57 C    -0.0094075862     0.0092600432    -0.0000000000
58 C     0.0192889240    -0.0172799611     0.0000000000
59 N     0.0368165094    -0.0083915878     0.0000000000
60 C     0.0387384972     0.0204325549     0.0000000000
61 C     0.0084426844    -0.0070603798    -0.0000000000
62 C    -0.0392886223    -0.0000529751     0.0000000000
63 C    -0.0061597289     0.0058182754     0.0000000000
64 C     0.0129140740     0.0087077627     0.0000000000
65 C    -0.0005204409    -0.0335900278    -0.0000000000
66 C    -0.0132220372    -0.0025406103     0.0000000000
67 C    -0.0093038560     0.0188550869     0.0000000000
68 N     0.0042376986    -0.0224292870     0.0000000000
69 C     0.0017493325     0.0047987988    -0.0000000000
70 C    -0.0127082320    -0.0002399813    -0.0000000000
71 C    -0.0047073951     0.0004566926    -0.0000000000
72 C    -0.0023895523    -0.0118311276     0.0000000000
73 C    -0.0165724092    -0.0517016110     0.0000000000
74 C    -0.0044898455     0.0076803212     0.0000000000
75 C    -0.0040718707    -0.0080249654    -0.0000000000
76 C    -0.0064188196    -0.0103134423     0.0000000000
77 C     0.0028822389    -0.0068227773    -0.0000000000
78 H     0.0107566524    -0.0019842442     0.0000000000
79 H     0.0063428464    -0.0064147088    -0.0000000000
80 H     0.0053302624     0.0032038812     0.0000000000
81 H     0.0060754423    -0.0029807189    -0.0000000000
82 H     0.0061832778     0.0027348437     0.0000000000
83 H     0.0047814086    -0.0028629681    -0.0000000000
84 H    -0.0048018916     0.0026993050     0.0000000000
85 H    -0.0056093808    -0.0028374170    -0.0000000000
86 H    -0.0058419223     0.0027921521     0.0000000000
87 H    -0.0045804820    -0.0035084373    -0.0000000000
88 H    -0.0044332347     0.0115294447    -0.0000000000
89 H    -0.0515090190    -0.0301957994    -0.0000000000
90 H     0.0001322171     0.0059723667     0.0000000000
91 H    -0.0011356644     0.0069602381     0.0000000000
92 H    -0.0000496802     0.0070763309     0.0000000000
93 H     0.0002702797     0.0074655805    -0.0000000000
94 H     0.0001740422     0.0060389362     0.0000000000
95 H     0.0002624165     0.0623137819    -0.0000000000
96 H     0.0086565169    -0.0086421094     0.0000000000
97 H    -0.0005011641    -0.0064199492    -0.0000000000
98 H    -0.0004622836    -0.0068479274    -0.0000000000
99 H    -0.0029022767    -0.0087849868    -0.0000000000
100 H     0.0035166165    -0.0087827521     0.0000000000
101 H     0.0002219631    -0.0061165375     0.0000000000
----------------------------------------------
cycle 1: E = -3100.81398156  dE = -3100.81  norm(grad) = 0.199842

Geometry optimization cycle 2
Cartesian coordinates (Angstrom)
 Atom        New coordinates             dX        dY        dZ
   C  -7.254245   4.979611   0.000000    0.083981 -0.063149  0.000000
   C  -7.298371   0.683802   0.000000    0.066857 -0.007337  0.000000
   C  -6.107573   2.859589   0.000000    0.066069 -0.029825  0.000000
   C  -4.847545   4.964306   0.000000    0.062545 -0.055311  0.000000
   C  -7.303248  -3.541045   0.000000    0.054803  0.101591  0.000000
   C  -6.116354  -1.411191   0.000000    0.057121  0.020594  0.000000
   C  -4.889207   0.705903  -0.000000    0.050861 -0.010786 -0.000000
   C  -3.640638   2.824945  -0.000000    0.054207 -0.035367 -0.000000
   C  -2.410978   4.934151  -0.000000    0.046246 -0.071564 -0.000000
   C  -6.059433  -5.628027   0.000000    0.079082  0.099219  0.000000
   C  -4.870218  -3.541076   0.000000    0.057996  0.038994  0.000000
   C  -3.653421  -1.414862  -0.000000    0.044748  0.010709 -0.000000
   C  -2.441801   0.717605  -0.000000    0.029979  0.001065 -0.000000
   N  -1.206010   2.801253  -0.000000    0.024694 -0.050654 -0.000000
   C  -0.013074   4.910935  -0.000000   -0.013074 -0.092233 -0.000000
   C  -3.619213  -5.657240  -0.000000    0.059753  0.036813 -0.000000
   C  -2.422393  -3.517390  -0.000000    0.043622  0.043532 -0.000000
   C  -1.219806  -1.411287  -0.000000    0.012617  0.011921 -0.000000
   C   0.010458   0.698799  -0.000000    0.010458 -0.017010 -0.000000
   C   1.209261   2.791747  -0.000000   -0.021443 -0.060160 -0.000000
   C   2.433160   4.907124  -0.000000   -0.024064 -0.098591 -0.000000
   C  -1.190348  -5.619597  -0.000000    0.035987  0.065483 -0.000000
   C   0.032155  -3.498889  -0.000000    0.032155  0.058190 -0.000000
   N   1.224586  -1.406113  -0.000000   -0.007837  0.017094 -0.000000
   C   2.446771   0.689984  -0.000000   -0.025008 -0.026556 -0.000000
   N   3.640252   2.789607  -0.000000   -0.054593 -0.070704 -0.000000
   C   4.775943   4.877762  -0.000000   -0.134148 -0.141855 -0.000000
   C   1.224224  -5.580608  -0.000000   -0.002111  0.104472 -0.000000
   N   2.419848  -3.469531  -0.000000   -0.046167  0.091391 -0.000000
   C   3.629190  -1.406527  -0.000000   -0.068979  0.019044 -0.000000
   C   4.896388   0.716413  -0.000000   -0.043681 -0.000276 -0.000000
   C   6.088132   2.823084   0.000000   -0.085510 -0.066330  0.000000
   C   7.223583   4.957670   0.000000   -0.114642 -0.085090  0.000000
   C   3.619347  -5.553604  -0.000000   -0.059619  0.140449 -0.000000
   C   4.858055  -3.524130  -0.000000   -0.070159  0.055941 -0.000000
   C   6.094127  -1.399660   0.000000   -0.079348  0.032125  0.000000
   C   7.331268   0.686262   0.000000   -0.033960 -0.004877  0.000000
   C   6.077096  -5.656803   0.000000   -0.061419  0.070443  0.000000
   C   7.285106  -3.563424   0.000000   -0.072946  0.079212  0.000000
   C  -7.291049   3.586001   0.000000    0.067002 -0.056634  0.000000
   C  -6.071551   5.666667   0.000000    0.066964 -0.060579  0.000000
   C  -7.309922  -0.686769   0.000000    0.055306  0.004369  0.000000
   C  -6.110309   1.411165   0.000000    0.063166 -0.020620  0.000000
   C  -4.866968   3.541628   0.000000    0.061246 -0.038443  0.000000
   C  -3.622889   5.614782  -0.000000    0.056077 -0.079271 -0.000000
   N  -7.156277  -4.869486   0.000000    0.181949  0.173273  0.000000
   C  -6.098594  -2.849373   0.000000    0.075048  0.040041  0.000000
   C  -4.889131  -0.712803  -0.000000    0.050937  0.003885 -0.000000
   C  -3.657780   1.404319  -0.000000    0.040389 -0.021252 -0.000000
   C  -2.423268   3.506011  -0.000000    0.042746 -0.054912 -0.000000
   C  -1.198413   5.614669  -0.000000    0.027921 -0.070410 -0.000000
   C  -4.824979  -4.974054   0.000000    0.085112  0.045563  0.000000
   C  -3.651627  -2.827865  -0.000000    0.043218  0.032447 -0.000000
   C  -2.430522  -0.710968  -0.000000    0.041257  0.005572 -0.000000
   C  -1.219737   1.394608  -0.000000    0.012686 -0.028599 -0.000000
   C  -0.005882   3.488150  -0.000000   -0.005882 -0.068928 -0.000000
   C   1.221643   5.560061  -0.000000   -0.004692 -0.125019 -0.000000
   C  -2.408965  -4.960513  -0.000000    0.048258  0.045202 -0.000000
   C  -1.211508  -2.808350  -0.000000    0.019197  0.043557 -0.000000
   N  -0.023532  -0.708076  -0.000000   -0.023532  0.007733 -0.000000
   C   1.200231   1.374227  -0.000000   -0.032192 -0.048980 -0.000000
   C   2.427483   3.490390  -0.000000   -0.038532 -0.070533 -0.000000
   C   3.643636   5.622642  -0.000000   -0.035330 -0.071410 -0.000000
   C   0.014869  -4.927876  -0.000000    0.014869  0.075292 -0.000000
   C   1.211209  -2.797972  -0.000000   -0.019495  0.053935 -0.000000
   C   2.433249  -0.689210  -0.000000   -0.038531  0.027330 -0.000000
   C   3.666355   1.388795  -0.000000   -0.031813 -0.036776 -0.000000
   C   4.854672   3.465697  -0.000000   -0.073542 -0.114373 -0.000000
   N   5.992410   5.517976   0.000000   -0.146106 -0.209270  0.000000
   C   2.414201  -4.887916  -0.000000   -0.043023  0.117799 -0.000000
   C   3.650633  -2.809914  -0.000000   -0.044212  0.050398 -0.000000
   C   4.869874  -0.700663  -0.000000   -0.070194  0.016026 -0.000000
   C   6.133923   1.404397   0.000000   -0.039552 -0.027389  0.000000
   C   7.272543   3.616293   0.000000   -0.085509 -0.026343  0.000000
   C   4.867535  -4.949381   0.000000   -0.042555  0.070236  0.000000
   C   6.098147  -2.832133   0.000000   -0.075495  0.057280  0.000000
   C   7.297203  -0.677917   0.000000   -0.068025  0.013222  0.000000
   C   7.256465  -4.950505   0.000000   -0.081761  0.092255  0.000000
   H   8.096010   5.592806   0.000000   -0.186174  0.001381  0.000000
   H   8.248099   3.160244   0.000000   -0.077641  0.019137  0.000000
   H   8.287769   1.189028   0.000000   -0.038946 -0.015634  0.000000
   H   8.238288  -1.207270   0.000000   -0.088427 -0.002609  0.000000
   H   8.240406  -3.060328   0.000000   -0.085335  0.080778  0.000000
   H   8.197262  -5.487584   0.000000   -0.084922  0.103841  0.000000
   H  -8.189427   5.526604   0.000000    0.092757 -0.064820  0.000000
   H  -8.249140   3.086719   0.000000    0.076601 -0.054387  0.000000
   H  -8.246344   1.201652   0.000000    0.080371 -0.003009  0.000000
   H  -8.266293  -1.191470   0.000000    0.060422  0.013191  0.000000
   H  -8.294205  -3.122068   0.000000    0.031536  0.019038  0.000000
   H  -8.019628  -5.375116   0.000000    0.262556  0.216309  0.000000
   H  -6.055057   6.749789   0.000000    0.061568 -0.069638  0.000000
   H  -3.602269   6.697292   0.000000    0.070488 -0.090139  0.000000
   H  -1.185809   6.697049  -0.000000    0.039771 -0.081359 -0.000000
   H   1.226252   6.641905  -0.000000    0.000672 -0.136502 -0.000000
   H   3.668505   6.706471  -0.000000   -0.004252 -0.080960 -0.000000
   H   5.936212   6.513340   0.000000   -0.180414 -0.306087  0.000000
   H  -6.162505  -6.701987   0.000000   -0.045880  0.117439  0.000000
   H  -3.612037  -6.740748  -0.000000    0.060720  0.046684 -0.000000
   H  -1.174376  -6.702283  -0.000000    0.051204  0.076125 -0.000000
   H   1.262768  -6.659743  -0.000000    0.037188  0.118665 -0.000000
   H   3.565731  -6.632198  -0.000000   -0.107026  0.155233 -0.000000
   H   6.060851  -6.739718   0.000000   -0.055774  0.079709  0.000000
converged SCF energy = -3100.86690197453
--------------- ROKS_Scanner gradients ---------------
         x                y                z
0 C     0.0036354280    -0.0032394476     0.0000000000
1 C     0.0032388122     0.0030643621    -0.0000000000
2 C     0.0031915816     0.0025990320    -0.0000000000
3 C    -0.0017902581    -0.0005340860     0.0000000000
4 C    -0.0246807846     0.0158051841     0.0000000000
5 C    -0.0101077907     0.0018614687    -0.0000000000
6 C     0.0006507207    -0.0021670816    -0.0000000000
7 C     0.0023580223     0.0035452863    -0.0000000000
8 C     0.0038776678    -0.0007112134    -0.0000000000
9 C    -0.0033159821    -0.0151687554     0.0000000000
10 C     0.0049755279    -0.0044383916    -0.0000000000
11 C    -0.0006923071     0.0042098303    -0.0000000000
12 C    -0.0047805348    -0.0055743950    -0.0000000000
13 N    -0.0044704118     0.0020376681    -0.0000000000
14 C    -0.0008998920    -0.0033966257    -0.0000000000
15 C     0.0078007333    -0.0053410745     0.0000000000
16 C    -0.0025566314    -0.0016294262    -0.0000000000
17 C    -0.0027858863    -0.0037600692    -0.0000000000
18 C    -0.0102315486     0.0044403705     0.0000000000
19 C    -0.0067854148    -0.0018490483    -0.0000000000
20 C     0.0155368435    -0.0009662377     0.0000000000
21 C     0.0077768191    -0.0031008702     0.0000000000
22 C    -0.0003014501     0.0020950948     0.0000000000
23 N    -0.0028845709     0.0093095721     0.0000000000
24 C    -0.0033178159     0.0094036080     0.0000000000
25 N    -0.0062751304     0.0052582355     0.0000000000
26 C    -0.0259771136    -0.0129172951    -0.0000000000
27 C     0.0058700473     0.0003950666     0.0000000000
28 N     0.0086723883     0.0051684026     0.0000000000
29 C    -0.0079860231     0.0044809130    -0.0000000000
30 C     0.0042854850     0.0024676447     0.0000000000
31 C     0.0063807411    -0.0003294552     0.0000000000
32 C     0.0116344288     0.0157077459     0.0000000000
33 C    -0.0012412557     0.0114260973     0.0000000000
34 C    -0.0035814130    -0.0027335004    -0.0000000000
35 C     0.0049485139     0.0021389158     0.0000000000
36 C     0.0028050237     0.0061120115     0.0000000000
37 C     0.0052398416    -0.0046301439    -0.0000000000
38 C     0.0010331737     0.0066147694     0.0000000000
39 C    -0.0035932002    -0.0019300418     0.0000000000
40 C     0.0015821493     0.0012984100    -0.0000000000
41 C     0.0012481421    -0.0033463403     0.0000000000
42 C    -0.0039026313     0.0000595354     0.0000000000
43 C     0.0004597816    -0.0009166667    -0.0000000000
44 C     0.0010559273    -0.0019691223     0.0000000000
45 N     0.0320216224     0.0179292221    -0.0000000000
46 C    -0.0026633404    -0.0180511698     0.0000000000
47 C     0.0035797964    -0.0009308979     0.0000000000
48 C     0.0017563904     0.0000652308     0.0000000000
49 C    -0.0029140282    -0.0007538158     0.0000000000
50 C    -0.0018304132     0.0043166643     0.0000000000
51 C    -0.0065790157     0.0072303031     0.0000000000
52 C    -0.0010441402    -0.0049411376     0.0000000000
53 C    -0.0012474716     0.0026082091     0.0000000000
54 C     0.0120091087    -0.0055489528    -0.0000000000
55 C     0.0100706061     0.0000598587     0.0000000000
56 C    -0.0059967773    -0.0049141601     0.0000000000
57 C    -0.0080062604     0.0049025864    -0.0000000000
58 C     0.0081190946    -0.0017239943     0.0000000000
59 N     0.0043396269    -0.0027568690     0.0000000000
60 C     0.0111920788    -0.0013428682    -0.0000000000
61 C    -0.0007819806     0.0029458885     0.0000000000
62 C     0.0002331003     0.0121207129     0.0000000000
63 C    -0.0061537705     0.0035152376    -0.0000000000
64 C    -0.0049122547    -0.0042616268    -0.0000000000
65 C     0.0016555469    -0.0048162040     0.0000000000
66 C     0.0024600309    -0.0081415224    -0.0000000000
67 C     0.0122581706     0.0044061049     0.0000000000
68 N    -0.0048644876    -0.0217605686     0.0000000000
69 C    -0.0124173910    -0.0048589596    -0.0000000000
70 C    -0.0000614763    -0.0031943299     0.0000000000
71 C    -0.0057708866     0.0028414179     0.0000000000
72 C     0.0028736517    -0.0071683696    -0.0000000000
73 C    -0.0168411926     0.0003515080    -0.0000000000
74 C     0.0060315474    -0.0005641398     0.0000000000
75 C    -0.0011425661    -0.0061429525     0.0000000000
76 C    -0.0078791047    -0.0033726545    -0.0000000000
77 C    -0.0078454029    -0.0003541227    -0.0000000000
78 H     0.0022296169    -0.0028476660     0.0000000000
79 H     0.0003643418     0.0033965754     0.0000000000
80 H     0.0008267301    -0.0005619576    -0.0000000000
81 H     0.0004912338     0.0002083818     0.0000000000
82 H     0.0005614286     0.0013376581    -0.0000000000
83 H    -0.0008725540     0.0007150431     0.0000000000
84 H     0.0007039852    -0.0006631019     0.0000000000
85 H    -0.0004679377    -0.0010455395     0.0000000000
86 H     0.0000514883     0.0000603005     0.0000000000
87 H    -0.0002597138    -0.0005526593    -0.0000000000
88 H    -0.0007130137     0.0034417147     0.0000000000
89 H     0.0070409208     0.0065426222    -0.0000000000
90 H     0.0001316402    -0.0001172501     0.0000000000
91 H    -0.0005509220    -0.0007659786    -0.0000000000
92 H     0.0000416169     0.0002897144     0.0000000000
93 H     0.0006802731    -0.0013056521     0.0000000000
94 H     0.0008659675     0.0020791622     0.0000000000
95 H     0.0000497843    -0.0081993143    -0.0000000000
96 H     0.0037292224    -0.0006668797    -0.0000000000
97 H    -0.0000875205    -0.0002781466    -0.0000000000
98 H    -0.0006511190     0.0002810609     0.0000000000
99 H    -0.0009597221     0.0005139585    -0.0000000000
100 H     0.0012192179     0.0019986913     0.0000000000
101 H    -0.0001710670    -0.0003576142     0.0000000000
----------------------------------------------
cycle 2: E = -3100.86690197  dE = -0.0529204  norm(grad) = 0.0935659

Geometry optimization cycle 3
Cartesian coordinates (Angstrom)
 Atom        New coordinates             dX        dY        dZ
   C  -7.254656   5.010694   0.000000   -0.000411  0.031084 -0.000000
   C  -7.288160   0.679922   0.000000    0.010212 -0.003879  0.000000
   C  -6.105122   2.866546   0.000000    0.002450  0.006957  0.000000
   C  -4.838641   4.965824   0.000000    0.008904  0.001518  0.000000
   C  -7.221895  -3.689512   0.000000    0.081353 -0.148467 -0.000000
   C  -6.101347  -1.416321   0.000000    0.015006 -0.005130  0.000000
   C  -4.885751   0.710378   0.000000    0.003456  0.004475  0.000000
   C  -3.637481   2.822395  -0.000000    0.003157 -0.002550  0.000000
   C  -2.410696   4.920937  -0.000000    0.000282 -0.013214  0.000000
   C  -6.077248  -5.600918   0.000000   -0.017815  0.027109 -0.000000
   C  -4.861184  -3.509956   0.000000    0.009034  0.031121 -0.000000
   C  -3.640058  -1.398727  -0.000000    0.013362  0.016135  0.000000
   C  -2.437380   0.732606  -0.000000    0.004421  0.015002  0.000000
   N  -1.198890   2.801224  -0.000000    0.007120 -0.000029  0.000000
   C  -0.001391   4.909408  -0.000000    0.011683 -0.001527 -0.000000
   C  -3.633071  -5.614434  -0.000000   -0.013858  0.042806 -0.000000
   C  -2.415319  -3.491945  -0.000000    0.007074  0.025445  0.000000
   C  -1.210875  -1.396559  -0.000000    0.008931  0.014727  0.000000
   C   0.010033   0.696818  -0.000000   -0.000424 -0.001980  0.000000
   C   1.205353   2.783541  -0.000000   -0.003908 -0.008205  0.000000
   C   2.417726   4.877815  -0.000000   -0.015434 -0.029309 -0.000000
   C  -1.194093  -5.591408  -0.000000   -0.003746  0.028189 -0.000000
   C   0.039598  -3.485146  -0.000000    0.007443  0.013743  0.000000
   N   1.234278  -1.411261  -0.000000    0.009692 -0.005148  0.000000
   C   2.435433   0.683181  -0.000000   -0.011338 -0.006802  0.000000
   N   3.647260   2.797773  -0.000000    0.007008  0.008166  0.000000
   C   4.838395   4.918040  -0.000000    0.062452  0.040278 -0.000000
   C   1.226497  -5.556731  -0.000000    0.002273  0.023877 -0.000000
   N   2.413575  -3.467152  -0.000000   -0.006273  0.002380  0.000000
   C   3.630424  -1.405440  -0.000000    0.001234  0.001087  0.000000
   C   4.862974   0.718138  -0.000000   -0.033414  0.001725  0.000000
   C   6.065188   2.824730   0.000000   -0.022943  0.001647 -0.000000
   C   7.183873   4.908663  -0.000000   -0.039710 -0.049007 -0.000000
   C   3.613541  -5.571387  -0.000000   -0.005806 -0.017784 -0.000000
   C   4.847719  -3.507051   0.000000   -0.010336  0.017079  0.000000
   C   6.096607  -1.392765   0.000000    0.002480  0.006895  0.000000
   C   7.284285   0.690002   0.000000   -0.046982  0.003739  0.000000
   C   6.054046  -5.620501   0.000000   -0.023050  0.036301  0.000000
   C   7.271727  -3.572962   0.000000   -0.013379 -0.009539  0.000000
   C  -7.271080   3.616933   0.000000    0.019969  0.030932  0.000000
   C  -6.061676   5.671669   0.000000    0.009875  0.005002 -0.000000
   C  -7.293559  -0.687451   0.000000    0.016363 -0.000681  0.000000
   C  -6.103835   1.414959   0.000000    0.006474  0.003794  0.000000
   C  -4.861354   3.543811   0.000000    0.005614  0.002183  0.000000
   C  -3.614810   5.611579  -0.000000    0.008079 -0.003203 -0.000000
   N  -7.260186  -5.012606   0.000000   -0.103910 -0.143120 -0.000000
   C  -6.097570  -2.857366   0.000000    0.001023 -0.007993 -0.000000
   C  -4.881679  -0.708348   0.000000    0.007453  0.004455  0.000000
   C  -3.656540   1.406670  -0.000000    0.001241  0.002350  0.000000
   C  -2.418185   3.497586  -0.000000    0.005083 -0.008425  0.000000
   C  -1.193515   5.589132  -0.000000    0.004898 -0.025537 -0.000000
   C  -4.837767  -4.944323  -0.000000   -0.012788  0.029731 -0.000000
   C  -3.643187  -2.800909  -0.000000    0.008440  0.026956  0.000000
   C  -2.415714  -0.697353  -0.000000    0.014808  0.013615  0.000000
   C  -1.223948   1.401500  -0.000000   -0.004211  0.006892  0.000000
   C  -0.008493   3.487117  -0.000000   -0.002610 -0.001033  0.000000
   C   1.233932   5.564135  -0.000000    0.012290  0.004074 -0.000000
   C  -2.406674  -4.936641  -0.000000    0.002291  0.023872 -0.000000
   C  -1.209744  -2.787207  -0.000000    0.001764  0.021143  0.000000
   N  -0.020371  -0.704784  -0.000000    0.003161  0.003292  0.000000
   C   1.181937   1.366584  -0.000000   -0.018294 -0.007643  0.000000
   C   2.422230   3.472412  -0.000000   -0.005253 -0.017977  0.000000
   C   3.654009   5.560875  -0.000000    0.010373 -0.061767 -0.000000
   C   0.020442  -4.912306  -0.000000    0.005573  0.015570 -0.000000
   C   1.215717  -2.793984  -0.000000    0.004508  0.003988  0.000000
   C   2.435630  -0.685336  -0.000000    0.002382  0.003874  0.000000
   C   3.646197   1.400280  -0.000000   -0.020159  0.011484  0.000000
   C   4.852344   3.490582  -0.000000   -0.002328  0.024885 -0.000000
   N   6.027457   5.599879  -0.000000    0.035047  0.081903 -0.000000
   C   2.426369  -4.883482  -0.000000    0.012168  0.004434  0.000000
   C   3.643021  -2.801053  -0.000000   -0.007612  0.008860  0.000000
   C   4.871746  -0.701282   0.000000    0.001872 -0.000619  0.000000
   C   6.090861   1.415149   0.000000   -0.043062  0.010753  0.000000
   C   7.284275   3.582867   0.000000    0.011732 -0.033426 -0.000000
   C   4.840510  -4.931674   0.000000   -0.027026  0.017707  0.000000
   C   6.094519  -2.821855   0.000000   -0.003628  0.010278  0.000000
   C   7.302740  -0.668786   0.000000    0.005537  0.009131  0.000000
   C   7.258161  -4.955337   0.000000    0.001696 -0.004832  0.000000
   H   8.057590   5.536125   0.000000   -0.038420 -0.056681 -0.000000
   H   8.253985   3.119327   0.000000    0.005885 -0.040916 -0.000000
   H   8.227783   1.210564   0.000000   -0.059986  0.021536 -0.000000
   H   8.249953  -1.180693   0.000000    0.011665  0.026578  0.000000
   H   8.226647  -3.077750   0.000000   -0.013759 -0.017422  0.000000
   H   8.191206  -5.504007   0.000000   -0.006056 -0.016423  0.000000
   H  -8.186681   5.560944   0.000000    0.002746  0.034340 -0.000000
   H  -8.229381   3.125778   0.000000    0.019758  0.039059  0.000000
   H  -8.236570   1.191650   0.000000    0.009775 -0.010002  0.000000
   H  -8.248820  -1.188190   0.000000    0.017473  0.003280 -0.000000
   H  -8.214014  -3.289073   0.000000    0.080191 -0.167005 -0.000000
   H  -8.106909  -5.521545   0.000000   -0.087281 -0.146429 -0.000000
   H  -6.033625   6.752311   0.000000    0.021432  0.002522 -0.000000
   H  -3.582855   6.691961  -0.000000    0.019414 -0.005332 -0.000000
   H  -1.185477   6.668382  -0.000000    0.000333 -0.028667 -0.000000
   H   1.249358   6.644449  -0.000000    0.023105  0.002544 -0.000000
   H   3.644052   6.640027  -0.000000   -0.024453 -0.066444 -0.000000
   H   6.008493   6.581559  -0.000000    0.072281  0.068219 -0.000000
   H  -6.138297  -6.674200   0.000000    0.024208  0.027787 -0.000000
   H  -3.629645  -6.695063  -0.000000   -0.017608  0.045684 -0.000000
   H  -1.179533  -6.671723  -0.000000   -0.005157  0.030560 -0.000000
   H   1.268917  -6.632860  -0.000000    0.006150  0.026883 -0.000000
   H   3.552551  -6.648538  -0.000000   -0.013180 -0.016340 -0.000000
   H   6.026245  -6.700318   0.000000   -0.034605  0.039400 -0.000000
converged SCF energy = -3100.85783782491
--------------- ROKS_Scanner gradients ---------------
         x                y                z
0 C    -0.0037850973     0.0029660191     0.0000000000
1 C     0.0013360176    -0.0007168478     0.0000000000
2 C    -0.0016099633    -0.0006337956     0.0000000000
3 C     0.0023234571     0.0012773541    -0.0000000000
4 C     0.0517977494    -0.0403147437    -0.0000000000
5 C     0.0086477764     0.0018866930     0.0000000000
6 C     0.0012233524    -0.0003348129     0.0000000000
7 C     0.0031383540     0.0022379409     0.0000000000
8 C     0.0009049357    -0.0000311670     0.0000000000
9 C    -0.0102157946     0.0487013107     0.0000000000
10 C    -0.0024892365     0.0032039578     0.0000000000
11 C    -0.0012992531    -0.0008065396    -0.0000000000
12 C    -0.0024174289     0.0022628555    -0.0000000000
13 N     0.0016375651     0.0002007133    -0.0000000000
14 C     0.0028710423    -0.0004429891     0.0000000000
15 C    -0.0022059991     0.0047337412     0.0000000000
16 C    -0.0002070424     0.0016868385    -0.0000000000
17 C    -0.0017279612    -0.0022189585    -0.0000000000
18 C     0.0029948381     0.0053646544     0.0000000000
19 C    -0.0029965596     0.0022926111     0.0000000000
20 C    -0.0077157820    -0.0032837353    -0.0000000000
21 C     0.0017161677     0.0027742582     0.0000000000
22 C     0.0093100804     0.0011689420     0.0000000000
23 N     0.0029387138    -0.0023981743    -0.0000000000
24 C     0.0002982397    -0.0055047197    -0.0000000000
25 N     0.0068719646    -0.0006510906     0.0000000000
26 C     0.0170277238     0.0043808871     0.0000000000
27 C     0.0030785921     0.0078092547     0.0000000000
28 N    -0.0059127382     0.0053771888     0.0000000000
29 C    -0.0077111588     0.0009818656     0.0000000000
30 C    -0.0036455681     0.0026790696    -0.0000000000
31 C    -0.0025405726     0.0072058167     0.0000000000
32 C    -0.0286812116    -0.0232101831    -0.0000000000
33 C    -0.0002785382    -0.0000438589     0.0000000000
34 C    -0.0016832600     0.0016392597     0.0000000000
35 C     0.0020571635     0.0044345548    -0.0000000000
36 C    -0.0069313905    -0.0000762917    -0.0000000000
37 C    -0.0007043947     0.0081281094     0.0000000000
38 C    -0.0048091189    -0.0008083836    -0.0000000000
39 C     0.0056888995     0.0036551115    -0.0000000000
40 C    -0.0007750231    -0.0051001515     0.0000000000
41 C     0.0010770313    -0.0002702925    -0.0000000000
42 C     0.0007893171    -0.0020416686    -0.0000000000
43 C    -0.0006932027    -0.0005591484     0.0000000000
44 C    -0.0008059525    -0.0019691758     0.0000000000
45 N    -0.0560994913    -0.0322299307     0.0000000000
46 C    -0.0097047884     0.0172421689     0.0000000000
47 C     0.0018365899     0.0006687825    -0.0000000000
48 C     0.0021981263    -0.0010100997    -0.0000000000
49 C    -0.0001986454    -0.0029444921    -0.0000000000
50 C    -0.0014739023    -0.0047040554     0.0000000000
51 C     0.0077507604    -0.0059738943    -0.0000000000
52 C    -0.0019690032     0.0031408455     0.0000000000
53 C     0.0067764948    -0.0006840303     0.0000000000
54 C     0.0022902239    -0.0023292721     0.0000000000
55 C    -0.0012044914     0.0002388781    -0.0000000000
56 C     0.0009899782    -0.0006067182     0.0000000000
57 C     0.0029188176    -0.0016197720     0.0000000000
58 C    -0.0002193188     0.0056217418    -0.0000000000
59 N    -0.0026157606     0.0000922470     0.0000000000
60 C    -0.0057618326    -0.0057275488    -0.0000000000
61 C     0.0006875090     0.0010612366    -0.0000000000
62 C     0.0039951138    -0.0134283184     0.0000000000
63 C     0.0003881326    -0.0014296137    -0.0000000000
64 C    -0.0024291576    -0.0026372882    -0.0000000000
65 C     0.0018405773     0.0025629246    -0.0000000000
66 C    -0.0035020101    -0.0004422533     0.0000000000
67 C    -0.0099090234     0.0027729876    -0.0000000000
68 N     0.0072253291     0.0368506132    -0.0000000000
69 C     0.0020808484    -0.0044697468     0.0000000000
70 C     0.0015719266    -0.0027747903    -0.0000000000
71 C     0.0016820060    -0.0008137976    -0.0000000000
72 C     0.0005281143     0.0021826203    -0.0000000000
73 C     0.0136151505     0.0009625308    -0.0000000000
74 C    -0.0077493687     0.0000097526    -0.0000000000
75 C     0.0011794289     0.0015613148    -0.0000000000
76 C     0.0040562663    -0.0033172275     0.0000000000
77 C     0.0046805486    -0.0042735701     0.0000000000
78 H    -0.0059409234    -0.0019311909    -0.0000000000
79 H    -0.0000215601    -0.0001655575     0.0000000000
80 H    -0.0017677544    -0.0012162247    -0.0000000000
81 H    -0.0010849385     0.0010263156    -0.0000000000
82 H    -0.0023140684    -0.0020559776    -0.0000000000
83 H    -0.0003183146     0.0005489110     0.0000000000
84 H     0.0007902016    -0.0001126930    -0.0000000000
85 H     0.0025377893     0.0018688347    -0.0000000000
86 H     0.0018530216    -0.0014479201    -0.0000000000
87 H     0.0014002018     0.0029212922     0.0000000000
88 H     0.0056754493    -0.0115641028    -0.0000000000
89 H     0.0143251089     0.0073320967    -0.0000000000
90 H    -0.0005863789    -0.0022501062    -0.0000000000
91 H    -0.0001690371    -0.0019397970     0.0000000000
92 H     0.0002737491    -0.0027313608    -0.0000000000
93 H     0.0004485658    -0.0015644417    -0.0000000000
94 H     0.0015444829    -0.0042697230     0.0000000000
95 H    -0.0008938818    -0.0203805485     0.0000000000
96 H    -0.0061153095     0.0064347439     0.0000000000
97 H    -0.0005003580     0.0023441169     0.0000000000
98 H    -0.0004132350     0.0023671692     0.0000000000
99 H     0.0002628773     0.0032006409     0.0000000000
100 H    -0.0003360405     0.0015176039    -0.0000000000
101 H     0.0000015016     0.0028854937    -0.0000000000
----------------------------------------------
cycle 3: E = -3100.85783782  dE = 0.00906415  norm(grad) = 0.132649

Geometry optimization cycle 4
Cartesian coordinates (Angstrom)
 Atom        New coordinates             dX        dY        dZ
   C  -7.264721   5.007221   0.000000   -0.010065 -0.003473 -0.000000
   C  -7.305190   0.682932   0.000000   -0.017030  0.003010  0.000000
   C  -6.117853   2.867763   0.000000   -0.012731  0.001217  0.000000
   C  -4.850801   4.972768   0.000000   -0.012160  0.006944 -0.000000
   C  -7.269505  -3.624678   0.000000   -0.047609  0.064834  0.000000
   C  -6.114248  -1.414627   0.000000   -0.012900  0.001694  0.000000
   C  -4.897454   0.709662   0.000000   -0.011702 -0.000715  0.000000
   C  -3.648590   2.825151  -0.000000   -0.011109  0.002756  0.000000
   C  -2.419383   4.930779  -0.000000   -0.008687  0.009842  0.000000
   C  -6.076326  -5.637014   0.000000    0.000922 -0.036096 -0.000000
   C  -4.874063  -3.528456   0.000000   -0.012879 -0.018501  0.000000
   C  -3.650596  -1.408933  -0.000000   -0.010537 -0.010206  0.000000
   C  -2.444610   0.728790  -0.000000   -0.007230 -0.003817  0.000000
   N  -1.204744   2.805089  -0.000000   -0.005854  0.003866  0.000000
   C  -0.006099   4.919250  -0.000000   -0.004708  0.009841  0.000000
   C  -3.636254  -5.636048  -0.000000   -0.003184 -0.021614  0.000000
   C  -2.421817  -3.508683  -0.000000   -0.006499 -0.016738  0.000000
   C  -1.214567  -1.404726  -0.000000   -0.003692 -0.008166  0.000000
   C   0.009055   0.694881  -0.000000   -0.000979 -0.001937  0.000000
   C   1.208632   2.790366  -0.000000    0.003279  0.006824  0.000000
   C   2.422270   4.895249  -0.000000    0.004545  0.017435  0.000000
   C  -1.197427  -5.611022  -0.000000   -0.003334 -0.019614  0.000000
   C   0.035526  -3.501070  -0.000000   -0.004072 -0.015924  0.000000
   N   1.236237  -1.418722  -0.000000    0.001959 -0.007461  0.000000
   C   2.442402   0.684320  -0.000000    0.006969  0.001139  0.000000
   N   3.651622   2.802762  -0.000000    0.004362  0.004989  0.000000
   C   4.840136   4.927338  -0.000000    0.001741  0.009298 -0.000000
   C   1.228878  -5.581070  -0.000000    0.002381 -0.024339  0.000000
   N   2.421942  -3.483075  -0.000000    0.008368 -0.015923  0.000000
   C   3.642316  -1.412559  -0.000000    0.011892 -0.007119  0.000000
   C   4.877893   0.717814   0.000000    0.014919 -0.000324  0.000000
   C   6.078094   2.834300   0.000000    0.012905  0.009569  0.000000
   C   7.223925   4.944922  -0.000000    0.040052  0.036258 -0.000000
   C   3.625276  -5.589320  -0.000000    0.011735 -0.017932  0.000000
   C   4.862417  -3.520992   0.000000    0.014699 -0.013941  0.000000
   C   6.106617  -1.399550   0.000000    0.010010 -0.006785  0.000000
   C   7.303603   0.692255   0.000000    0.019317  0.002253  0.000000
   C   6.069819  -5.642711   0.000000    0.015774 -0.022210 -0.000000
   C   7.289637  -3.580644   0.000000    0.017911 -0.007681 -0.000000
   C  -7.289592   3.611966   0.000000   -0.018512 -0.004966 -0.000000
   C  -6.074931   5.679083   0.000000   -0.013255  0.007414 -0.000000
   C  -7.308382  -0.686107   0.000000   -0.014823  0.001344  0.000000
   C  -6.117141   1.415939   0.000000   -0.013306  0.000980  0.000000
   C  -4.873659   3.548209   0.000000   -0.012305  0.004398  0.000000
   C  -3.625556   5.621755  -0.000000   -0.010746  0.010176 -0.000000
   N  -7.226080  -4.960124   0.000000    0.034107  0.052483 -0.000000
   C  -6.105068  -2.853464   0.000000   -0.007498  0.003902  0.000000
   C  -4.892417  -0.711040   0.000000   -0.010739 -0.002692  0.000000
   C  -3.666339   1.406554  -0.000000   -0.009800 -0.000116  0.000000
   C  -2.426667   3.504035  -0.000000   -0.008481  0.006449  0.000000
   C  -1.200133   5.601792  -0.000000   -0.006619  0.012660 -0.000000
   C  -4.844427  -4.967402  -0.000000   -0.006661 -0.023080  0.000000
   C  -3.651875  -2.817396  -0.000000   -0.008688 -0.016487  0.000000
   C  -2.425182  -0.704655  -0.000000   -0.009468 -0.007303  0.000000
   C  -1.228944   1.401580  -0.000000   -0.004996  0.000080  0.000000
   C  -0.010387   3.493223  -0.000000   -0.001894  0.006106  0.000000
   C   1.230760   5.576294  -0.000000   -0.003172  0.012159  0.000000
   C  -2.411592  -4.954689  -0.000000   -0.004918 -0.018048  0.000000
   C  -1.214614  -2.801525  -0.000000   -0.004869 -0.014318  0.000000
   N  -0.019438  -0.710745  -0.000000    0.000933 -0.005961  0.000000
   C   1.186840   1.370617  -0.000000    0.004903  0.004034  0.000000
   C   2.426696   3.483129  -0.000000    0.004467  0.010716  0.000000
   C   3.656002   5.585730  -0.000000    0.001993  0.024855 -0.000000
   C   0.020170  -4.932106  -0.000000   -0.000272 -0.019800  0.000000
   C   1.218832  -2.806503  -0.000000    0.003115 -0.012519  0.000000
   C   2.441944  -0.691493  -0.000000    0.006314 -0.006157  0.000000
   C   3.656651   1.401713  -0.000000    0.010454  0.001433  0.000000
   C   4.859893   3.496823  -0.000000    0.007549  0.006241  0.000000
   N   6.040659   5.602923  -0.000000    0.013202  0.003044 -0.000000
   C   2.432737  -4.902026  -0.000000    0.006368 -0.018544  0.000000
   C   3.653506  -2.812636  -0.000000    0.010485 -0.011582  0.000000
   C   4.882599  -0.704941   0.000000    0.010854 -0.003659  0.000000
   C   6.107738   1.418717   0.000000    0.016877  0.003568  0.000000
   C   7.290665   3.607667   0.000000    0.006390  0.024800 -0.000000
   C   4.856339  -4.949388   0.000000    0.015829 -0.017713 -0.000000
   C   6.108945  -2.831719   0.000000    0.014426 -0.009863 -0.000000
   C   7.310982  -0.668952   0.000000    0.008243 -0.000165 -0.000000
   C   7.268720  -4.964530   0.000000    0.010559 -0.009193 -0.000000
   H   8.100865   5.574049   0.000000    0.043275  0.037924 -0.000000
   H   8.257164   3.135771   0.000000    0.003179  0.016444 -0.000000
   H   8.250221   1.210257   0.000000    0.022438 -0.000307 -0.000000
   H   8.258081  -1.183623   0.000000    0.008128 -0.002931 -0.000000
   H   8.246561  -3.085132   0.000000    0.019913 -0.007382 -0.000000
   H   8.203515  -5.511815   0.000000    0.012309 -0.007807 -0.000000
   H  -8.198278   5.556606   0.000000   -0.011597 -0.004339 -0.000000
   H  -8.249395   3.119461   0.000000   -0.020014 -0.006317 -0.000000
   H  -8.254563   1.196358   0.000000   -0.017993  0.004708 -0.000000
   H  -8.263130  -1.191442   0.000000   -0.014310 -0.003252 -0.000000
   H  -8.263310  -3.214379   0.000000   -0.049296  0.074694 -0.000000
   H  -8.087121  -5.471333   0.000000    0.019789  0.050211 -0.000000
   H  -6.050539   6.761417   0.000000   -0.016913  0.009107 -0.000000
   H  -3.594678   6.703750  -0.000000   -0.011823  0.011789 -0.000000
   H  -1.192512   6.682934  -0.000000   -0.007036  0.014552 -0.000000
   H   1.241578   6.658140  -0.000000   -0.007779  0.013690 -0.000000
   H   3.646231   6.667309  -0.000000    0.002180  0.027282 -0.000000
   H   6.011825   6.600075  -0.000000    0.003332  0.018516 -0.000000
   H  -6.159437  -6.712505   0.000000   -0.021140 -0.038305 -0.000000
   H  -3.629518  -6.718310  -0.000000    0.000127 -0.023246 -0.000000
   H  -1.183125  -6.693085  -0.000000   -0.003592 -0.021362  0.000000
   H   1.270513  -6.659555  -0.000000    0.001595 -0.026695  0.000000
   H   3.565963  -6.668178  -0.000000    0.013412 -0.019640 -0.000000
   H   6.046139  -6.724508   0.000000    0.019893 -0.024190 -0.000000
converged SCF energy = -3100.87702447528
--------------- ROKS_Scanner gradients ---------------
         x                y                z
0 C    -0.0016760389     0.0012656509     0.0000000000
1 C     0.0003384064     0.0010734604     0.0000000000
2 C    -0.0008945845    -0.0000087020     0.0000000000
3 C     0.0009455417     0.0006415754    -0.0000000000
4 C     0.0154245116    -0.0067401301     0.0000000000
5 C     0.0014542214     0.0011244622     0.0000000000
6 C     0.0004919440    -0.0004860396     0.0000000000
7 C     0.0014066508     0.0019724547    -0.0000000000
8 C     0.0000706596     0.0000789615    -0.0000000000
9 C     0.0008404589     0.0092022557    -0.0000000000
10 C     0.0014644798     0.0007281437     0.0000000000
11 C    -0.0008064760     0.0004037864    -0.0000000000
12 C    -0.0016890908     0.0007242233    -0.0000000000
13 N     0.0005796072     0.0003927799    -0.0000000000
14 C     0.0024307439     0.0002826103    -0.0000000000
15 C     0.0000715786     0.0019293638     0.0000000000
16 C    -0.0001522763     0.0000791503    -0.0000000000
17 C    -0.0001314127    -0.0008028753    -0.0000000000
18 C    -0.0011425046     0.0022293746     0.0000000000
19 C    -0.0022628761     0.0018544453    -0.0000000000
20 C    -0.0040999580    -0.0009425898    -0.0000000000
21 C     0.0019238926     0.0017507706     0.0000000000
22 C     0.0030632406    -0.0001553435    -0.0000000000
23 N     0.0007818967     0.0002045529    -0.0000000000
24 C    -0.0005945999    -0.0011298638     0.0000000000
25 N     0.0032625218    -0.0010238849     0.0000000000
26 C     0.0102199028     0.0019461943     0.0000000000
27 C     0.0023678475     0.0031618404     0.0000000000
28 N    -0.0021526186     0.0026494268     0.0000000000
29 C    -0.0028095458     0.0015735930    -0.0000000000
30 C    -0.0023299017     0.0008926258     0.0000000000
31 C    -0.0008222505     0.0026218995     0.0000000000
32 C    -0.0106897552    -0.0065800540     0.0000000000
33 C     0.0013289116    -0.0019435929     0.0000000000
34 C    -0.0000583620     0.0014195894     0.0000000000
35 C     0.0008922859     0.0026957273     0.0000000000
36 C    -0.0032261017     0.0006379170     0.0000000000
37 C     0.0002121939     0.0034510184     0.0000000000
38 C    -0.0019566150     0.0003892453     0.0000000000
39 C     0.0022560686     0.0011053154    -0.0000000000
40 C    -0.0001277317    -0.0015412798     0.0000000000
41 C     0.0014269126    -0.0012033451    -0.0000000000
42 C    -0.0004510610    -0.0011528912    -0.0000000000
43 C    -0.0006931931    -0.0005181250    -0.0000000000
44 C    -0.0003922895    -0.0002870039     0.0000000000
45 N    -0.0173373720    -0.0096517870     0.0000000000
46 C    -0.0051107381     0.0057250662    -0.0000000000
47 C     0.0008600172    -0.0001666990    -0.0000000000
48 C     0.0009471860    -0.0013096340     0.0000000000
49 C    -0.0004400719    -0.0018718303     0.0000000000
50 C    -0.0013231413    -0.0022432017     0.0000000000
51 C    -0.0003576035    -0.0013948034    -0.0000000000
52 C    -0.0004370089     0.0003455015     0.0000000000
53 C     0.0024977317     0.0002129186     0.0000000000
54 C     0.0019532112    -0.0014620891     0.0000000000
55 C     0.0001501249     0.0001124265     0.0000000000
56 C    -0.0004198451     0.0006423638     0.0000000000
57 C    -0.0002924776    -0.0011930333     0.0000000000
58 C    -0.0004103165     0.0023193501     0.0000000000
59 N    -0.0001546525    -0.0005577591    -0.0000000000
60 C    -0.0010445317    -0.0027453239    -0.0000000000
61 C     0.0015287570     0.0001799883    -0.0000000000
62 C    -0.0008027834    -0.0076735745     0.0000000000
63 C    -0.0011847421    -0.0014228753    -0.0000000000
64 C    -0.0003413098    -0.0013448522    -0.0000000000
65 C     0.0008113406    -0.0007016964     0.0000000000
66 C    -0.0016952714     0.0000463983    -0.0000000000
67 C    -0.0066848522     0.0022654298    -0.0000000000
68 N     0.0054843095     0.0138383218     0.0000000000
69 C     0.0012999188    -0.0019722088     0.0000000000
70 C    -0.0001612526    -0.0024594966     0.0000000000
71 C     0.0013908296    -0.0010072730    -0.0000000000
72 C     0.0001194216     0.0008440933    -0.0000000000
73 C     0.0050477170    -0.0019483570    -0.0000000000
74 C    -0.0051616261     0.0001885133    -0.0000000000
75 C     0.0013050214     0.0001650285    -0.0000000000
76 C     0.0020935842    -0.0023569541    -0.0000000000
77 C     0.0018820016    -0.0026278900     0.0000000000
78 H    -0.0019637840    -0.0003587700     0.0000000000
79 H    -0.0002214217     0.0004889532     0.0000000000
80 H    -0.0008204724    -0.0006617005    -0.0000000000
81 H    -0.0006041183     0.0007145219     0.0000000000
82 H    -0.0010467076    -0.0010996076    -0.0000000000
83 H    -0.0001855246     0.0003404636     0.0000000000
84 H     0.0004906279    -0.0000777471     0.0000000000
85 H     0.0010388051     0.0006889492     0.0000000000
86 H     0.0007037698    -0.0006257962    -0.0000000000
87 H     0.0004809965     0.0013083770     0.0000000000
88 H     0.0008644315    -0.0031686046    -0.0000000000
89 H     0.0046338644     0.0021675209    -0.0000000000
90 H    -0.0002596739    -0.0008546559    -0.0000000000
91 H    -0.0000970641    -0.0007611809    -0.0000000000
92 H     0.0002197878    -0.0012918638    -0.0000000000
93 H     0.0003404692    -0.0005904230    -0.0000000000
94 H     0.0010075746    -0.0020711175     0.0000000000
95 H    -0.0001924588    -0.0054035963     0.0000000000
96 H    -0.0016828796     0.0012362677     0.0000000000
97 H    -0.0003078452     0.0011466187    -0.0000000000
98 H    -0.0002711644     0.0011467773    -0.0000000000
99 H     0.0001371637     0.0013728656     0.0000000000
100 H    -0.0002428672     0.0004244328     0.0000000000
101 H    -0.0001409304     0.0011849330     0.0000000000
----------------------------------------------
cycle 4: E = -3100.87702448  dE = -0.0191867  norm(grad) = 0.0432892

Geometry optimization cycle 5
Cartesian coordinates (Angstrom)
 Atom        New coordinates             dX        dY        dZ
   C  -7.268477   4.993573   0.000000   -0.003756 -0.013648  0.000000
   C  -7.308026   0.674497   0.000000   -0.002836 -0.008435 -0.000000
   C  -6.120810   2.863976   0.000000   -0.002957 -0.003787  0.000000
   C  -4.856665   4.975022   0.000000   -0.005865  0.002254  0.000000
   C  -7.291506  -3.596986   0.000000   -0.022002  0.027692 -0.000000
   C  -6.116584  -1.418958   0.000000   -0.002336 -0.004331  0.000000
   C  -4.898087   0.709707   0.000000   -0.000633  0.000045  0.000000
   C  -3.650295   2.828618   0.000000   -0.001705  0.003467  0.000000
   C  -2.419536   4.943667  -0.000000   -0.000153  0.012888  0.000000
   C  -6.088013  -5.619238   0.000000   -0.011686  0.017776 -0.000000
   C  -4.876896  -3.538024   0.000000   -0.002833 -0.009568  0.000000
   C  -3.653167  -1.413356   0.000000   -0.002571 -0.004423  0.000000
   C  -2.442478   0.729228   0.000000    0.002133  0.000438  0.000000
   N  -1.205633   2.810326  -0.000000   -0.000888  0.005236  0.000000
   C  -0.013378   4.925596  -0.000000   -0.007279  0.006347  0.000000
   C  -3.636543  -5.655292  -0.000000   -0.000289 -0.019244  0.000000
   C  -2.423699  -3.516952  -0.000000   -0.001882 -0.008269  0.000000
   C  -1.214938  -1.406377   0.000000   -0.000370 -0.001651  0.000000
   C   0.017336   0.699212  -0.000000    0.008281  0.004331  0.000000
   C   1.217073   2.798945  -0.000000    0.008440  0.008580  0.000000
   C   2.431148   4.916438  -0.000000    0.008878  0.021189 -0.000000
   C  -1.201323  -5.624733  -0.000000   -0.003896 -0.013710  0.000000
   C   0.033332  -3.506803  -0.000000   -0.002194 -0.005734  0.000000
   N   1.238400  -1.418335  -0.000000    0.002163  0.000387  0.000000
   C   2.455737   0.688045  -0.000000    0.013335  0.003725  0.000000
   N   3.654219   2.802671  -0.000000    0.002596 -0.000091  0.000000
   C   4.805477   4.915618  -0.000000   -0.034659 -0.011720 -0.000000
   C   1.224130  -5.597190  -0.000000   -0.004748 -0.016120  0.000000
   N   2.425532  -3.486966  -0.000000    0.003590 -0.003891  0.000000
   C   3.650520  -1.416207   0.000000    0.008204 -0.003648  0.000000
   C   4.901862   0.717900   0.000000    0.023969  0.000085  0.000000
   C   6.094861   2.835243  -0.000000    0.016767  0.000943 -0.000000
   C   7.236627   4.969888  -0.000000    0.012702  0.024967 -0.000000
   C   3.626824  -5.583592  -0.000000    0.001547  0.005728  0.000000
   C   4.870612  -3.534231   0.000000    0.008195 -0.013239  0.000000
   C   6.109716  -1.407521   0.000000    0.003098 -0.007971  0.000000
   C   7.335322   0.688792   0.000000    0.031719 -0.003463 -0.000000
   C   6.082452  -5.668668   0.000000    0.012632 -0.025957  0.000000
   C   7.300230  -3.584367   0.000000    0.010593 -0.003724  0.000000
   C  -7.300926   3.597650   0.000000   -0.011334 -0.014317  0.000000
   C  -6.083629   5.677839   0.000000   -0.008698 -0.001244  0.000000
   C  -7.315897  -0.695083   0.000000   -0.007515 -0.008976 -0.000000
   C  -6.120082   1.412591   0.000000   -0.002941 -0.003347  0.000000
   C  -4.877453   3.549547   0.000000   -0.003795  0.001338  0.000000
   C  -3.631028   5.628046   0.000000   -0.005471  0.006292  0.000000
   N  -7.236310  -4.934062   0.000000   -0.010230  0.026062 -0.000000
   C  -6.104218  -2.857482   0.000000    0.000850 -0.004017 -0.000000
   C  -4.895622  -0.712514   0.000000   -0.003205 -0.001474  0.000000
   C  -3.666432   1.409115   0.000000   -0.000093  0.002562  0.000000
   C  -2.427637   3.513946   0.000000   -0.000970  0.009912  0.000000
   C  -1.201339   5.622142  -0.000000   -0.001205  0.020350  0.000000
   C  -4.840664  -4.976220  -0.000000    0.003763 -0.008818 -0.000000
   C  -3.654059  -2.824377   0.000000   -0.002185 -0.006981  0.000000
   C  -2.428520  -0.706348   0.000000   -0.003338 -0.001693  0.000000
   C  -1.226033   1.405101   0.000000    0.002911  0.003521  0.000000
   C  -0.008628   3.498003  -0.000000    0.001759  0.004780  0.000000
   C   1.226817   5.579174  -0.000000   -0.003944  0.002880 -0.000000
   C  -2.414760  -4.965139  -0.000000   -0.003169 -0.010450  0.000000
   C  -1.215921  -2.807680  -0.000000   -0.001307 -0.006156  0.000000
   N  -0.017197  -0.708665  -0.000000    0.002241  0.002080  0.000000
   C   1.199083   1.378296  -0.000000    0.012243  0.007678  0.000000
   C   2.433851   3.496990  -0.000000    0.007154  0.013861  0.000000
   C   3.651558   5.630560  -0.000000   -0.004444  0.044830 -0.000000
   C   0.017036  -4.940940  -0.000000   -0.003135 -0.008835  0.000000
   C   1.219637  -2.808361  -0.000000    0.000804 -0.001858  0.000000
   C   2.448073  -0.691233   0.000000    0.006129  0.000260  0.000000
   C   3.674672   1.400260  -0.000000    0.018021 -0.001452  0.000000
   C   4.867869   3.486313  -0.000000    0.007977 -0.010510 -0.000000
   N   6.016715   5.571193  -0.000000   -0.023944 -0.031730 -0.000000
   C   2.426632  -4.905353  -0.000000   -0.006105 -0.003327  0.000000
   C   3.661449  -2.818344   0.000000    0.007943 -0.005708  0.000000
   C   4.889440  -0.706008   0.000000    0.006841 -0.001067  0.000000
   C   6.136586   1.415740   0.000000    0.028849 -0.002977  0.000000
   C   7.295209   3.628514  -0.000000    0.004545  0.020846 -0.000000
   C   4.873210  -4.964722   0.000000    0.016871 -0.015335  0.000000
   C   6.114794  -2.840544   0.000000    0.005849 -0.008825  0.000000
   C   7.314018  -0.673592   0.000000    0.003035 -0.004640  0.000000
   C   7.270886  -4.968758   0.000000    0.002166 -0.004228 -0.000000
   H   8.105073   5.614286  -0.000000    0.004208  0.040237 -0.000000
   H   8.263590   3.157107  -0.000000    0.006426  0.021336 -0.000000
   H   8.288084   1.199226   0.000000    0.037863 -0.011031 -0.000000
   H   8.256567  -1.200144   0.000000   -0.001514 -0.016520 -0.000000
   H   8.258123  -3.085641   0.000000    0.011562 -0.000509  0.000000
   H   8.208900  -5.512265   0.000000    0.005385 -0.000450 -0.000000
   H  -8.204700   5.540545   0.000000   -0.006423 -0.016061 -0.000000
   H  -8.261217   3.102028   0.000000   -0.011822 -0.017433 -0.000000
   H  -8.258092   1.189792   0.000000   -0.003529 -0.006566 -0.000000
   H  -8.269326  -1.206280   0.000000   -0.006196 -0.014838 -0.000000
   H  -8.278966  -3.168483   0.000000   -0.015657  0.045896 -0.000000
   H  -8.105347  -5.449137   0.000000   -0.018227  0.022196 -0.000000
   H  -6.064947   6.761663   0.000000   -0.014408  0.000246  0.000000
   H  -3.604511   6.711524   0.000000   -0.009833  0.007774  0.000000
   H  -1.192053   6.705459  -0.000000    0.000459  0.022525  0.000000
   H   1.228437   6.662248  -0.000000   -0.013141  0.004108 -0.000000
   H   3.650749   6.715376  -0.000000    0.004518  0.048067 -0.000000
   H   5.971945   6.575816  -0.000000   -0.039881 -0.024259 -0.000000
   H  -6.180515  -6.694608  -0.000000   -0.021078  0.017897 -0.000000
   H  -3.628927  -6.739535  -0.000000    0.000590 -0.021226 -0.000000
   H  -1.185242  -6.708784  -0.000000   -0.002117 -0.015699  0.000000
   H   1.265877  -6.677971  -0.000000   -0.004636 -0.018416  0.000000
   H   3.564604  -6.663207  -0.000000   -0.001359  0.004971  0.000000
   H   6.065318  -6.752416   0.000000    0.019180 -0.027909 -0.000000
converged SCF energy = -3100.87757987525
--------------- ROKS_Scanner gradients ---------------
         x                y                z
0 C     0.0015754737    -0.0007986455    -0.0000000000
1 C     0.0016829887    -0.0000144239    -0.0000000000
2 C     0.0011805531     0.0011068868    -0.0000000000
3 C    -0.0001954469    -0.0000476856     0.0000000000
4 C     0.0046238846    -0.0001953236    -0.0000000000
5 C    -0.0007195386    -0.0000842913    -0.0000000000
6 C     0.0010563569     0.0004040071     0.0000000000
7 C     0.0005854092     0.0009007074     0.0000000000
8 C     0.0016490529    -0.0001860574     0.0000000000
9 C     0.0019845224     0.0109735209     0.0000000000
10 C    -0.0014237647    -0.0011064513    -0.0000000000
11 C    -0.0001531992     0.0007110859     0.0000000000
12 C    -0.0001915655     0.0000482713     0.0000000000
13 N    -0.0005822504     0.0012697891     0.0000000000
14 C    -0.0022263618    -0.0004342930     0.0000000000
15 C     0.0025841657    -0.0014785772    -0.0000000000
16 C     0.0002465387    -0.0003651371     0.0000000000
17 C     0.0003618915    -0.0003887196     0.0000000000
18 C    -0.0011007027     0.0005130141     0.0000000000
19 C    -0.0008810885    -0.0003893161     0.0000000000
20 C     0.0056105659    -0.0008399980    -0.0000000000
21 C     0.0011905788    -0.0010524573    -0.0000000000
22 C    -0.0005229868     0.0000702120     0.0000000000
23 N    -0.0001001010     0.0013201794    -0.0000000000
24 C    -0.0010186849     0.0026414184     0.0000000000
25 N    -0.0029282619     0.0024998826     0.0000000000
26 C    -0.0130019464    -0.0047700993     0.0000000000
27 C     0.0006502512    -0.0021030494    -0.0000000000
28 N     0.0026667090     0.0008419422     0.0000000000
29 C    -0.0000467067     0.0001636822     0.0000000000
30 C     0.0010445244     0.0005146794     0.0000000000
31 C     0.0005267008    -0.0028106391    -0.0000000000
32 C     0.0070126407     0.0051284612    -0.0000000000
33 C     0.0003540522     0.0035046283     0.0000000000
34 C    -0.0020278348    -0.0008183188    -0.0000000000
35 C    -0.0005573153    -0.0008662557     0.0000000000
36 C     0.0032306888     0.0012121138     0.0000000000
37 C     0.0020498365    -0.0035807396    -0.0000000000
38 C     0.0013327667     0.0019693033    -0.0000000000
39 C    -0.0017516711    -0.0015390061     0.0000000000
40 C    -0.0000542038     0.0011081394     0.0000000000
41 C    -0.0011737020    -0.0021690091    -0.0000000000
42 C    -0.0016549525     0.0004398403     0.0000000000
43 C    -0.0000159244    -0.0000583574    -0.0000000000
44 C     0.0000780488    -0.0002053873    -0.0000000000
45 N    -0.0075105329    -0.0049570962    -0.0000000000
46 C     0.0002522595     0.0008577561     0.0000000000
47 C    -0.0000706771     0.0002303616    -0.0000000000
48 C    -0.0005400162    -0.0008222536    -0.0000000000
49 C    -0.0013885753     0.0002254459    -0.0000000000
50 C     0.0000446691     0.0026502655    -0.0000000000
51 C     0.0046268445    -0.0023246492     0.0000000000
52 C    -0.0003518025    -0.0013939112     0.0000000000
53 C    -0.0009746416     0.0004663175    -0.0000000000
54 C     0.0017073954    -0.0015144525    -0.0000000000
55 C     0.0026690902    -0.0009870009    -0.0000000000
56 C    -0.0011538247    -0.0013127084    -0.0000000000
57 C    -0.0019769134     0.0010678947     0.0000000000
58 C    -0.0000080662    -0.0003026317    -0.0000000000
59 N     0.0001820736     0.0000691463    -0.0000000000
60 C     0.0017325397    -0.0004592534    -0.0000000000
61 C     0.0000484735     0.0012427634    -0.0000000000
62 C     0.0012064974     0.0090923092    -0.0000000000
63 C    -0.0016230388     0.0006978960    -0.0000000000
64 C    -0.0003067520    -0.0006476168     0.0000000000
65 C    -0.0000161240    -0.0004582381    -0.0000000000
66 C     0.0032120315    -0.0014964287    -0.0000000000
67 C     0.0069340670    -0.0019423996     0.0000000000
68 N    -0.0040654553    -0.0102895051     0.0000000000
69 C    -0.0044736296     0.0000061951    -0.0000000000
70 C    -0.0002016367    -0.0000475912    -0.0000000000
71 C    -0.0007252020     0.0005349334    -0.0000000000
72 C     0.0012828389    -0.0012775261    -0.0000000000
73 C    -0.0037384504     0.0010622830     0.0000000000
74 C     0.0039419510    -0.0008914200     0.0000000000
75 C     0.0003568911    -0.0016646260     0.0000000000
76 C    -0.0030196727     0.0006835490    -0.0000000000
77 C    -0.0034966806     0.0009196142     0.0000000000
78 H     0.0012944160    -0.0000392030     0.0000000000
79 H     0.0000903036     0.0009547196    -0.0000000000
80 H     0.0004487230     0.0000710235    -0.0000000000
81 H     0.0000390636     0.0000624712    -0.0000000000
82 H     0.0004788820     0.0005979515     0.0000000000
83 H    -0.0002778849     0.0001368545    -0.0000000000
84 H     0.0000427149    -0.0001334007    -0.0000000000
85 H    -0.0004879346    -0.0004026940    -0.0000000000
86 H    -0.0001360647    -0.0000526470    -0.0000000000
87 H    -0.0005014112    -0.0005687170    -0.0000000000
88 H    -0.0004000780    -0.0005766034     0.0000000000
89 H    -0.0025505505    -0.0007904376     0.0000000000
90 H     0.0001253923     0.0003239904    -0.0000000000
91 H     0.0000319859     0.0001304579     0.0000000000
92 H    -0.0000121172     0.0006691382     0.0000000000
93 H     0.0000545548    -0.0001750223     0.0000000000
94 H    -0.0002578230     0.0019186822    -0.0000000000
95 H    -0.0003937294     0.0008792426     0.0000000000
96 H    -0.0005728253     0.0009656886     0.0000000000
97 H    -0.0000675631    -0.0006081022     0.0000000000
98 H    -0.0001747230    -0.0004381128    -0.0000000000
99 H    -0.0002233574    -0.0006398721    -0.0000000000
100 H     0.0000527699     0.0004198912    -0.0000000000
101 H    -0.0001113944    -0.0007584702    -0.0000000000
----------------------------------------------
cycle 5: E = -3100.87757988  dE = -0.0005554  norm(grad) = 0.0335411

Geometry optimization cycle 6
Cartesian coordinates (Angstrom)
 Atom        New coordinates             dX        dY        dZ
   C  -7.271783   5.002355   0.000000   -0.003306  0.008782  0.000000
   C  -7.311615   0.681712   0.000000   -0.003589  0.007215  0.000000
   C  -6.123085   2.866870   0.000000   -0.002274  0.002894  0.000000
   C  -4.857659   4.975478   0.000000   -0.000994  0.000456  0.000000
   C  -7.291362  -3.598066   0.000000    0.000144 -0.001080 -0.000000
   C  -6.117326  -1.417193   0.000000   -0.000742  0.001765 -0.000000
   C  -4.900816   0.709866   0.000000   -0.002730  0.000159  0.000000
   C  -3.652980   2.826832   0.000000   -0.002685 -0.001786  0.000000
   C  -2.422414   4.940149  -0.000000   -0.002878 -0.003517 -0.000000
   C  -6.079226  -5.645767  -0.000000    0.008786 -0.026528 -0.000000
   C  -4.878655  -3.537757   0.000000   -0.001759  0.000267 -0.000000
   C  -3.653960  -1.413787   0.000000   -0.000793 -0.000431 -0.000000
   C  -2.445081   0.728265   0.000000   -0.002603 -0.000962 -0.000000
   N  -1.207861   2.808427  -0.000000   -0.002228 -0.001898 -0.000000
   C  -0.011483   4.924784  -0.000000    0.001895 -0.000812 -0.000000
   C  -3.638048  -5.648597  -0.000000   -0.001506  0.006695 -0.000000
   C  -2.423943  -3.515432  -0.000000   -0.000244  0.001520 -0.000000
   C  -1.216140  -1.406761   0.000000   -0.001202 -0.000384 -0.000000
   C   0.013910   0.696906  -0.000000   -0.003426 -0.002306 -0.000000
   C   1.213401   2.795997  -0.000000   -0.003671 -0.002948 -0.000000
   C   2.427259   4.910246  -0.000000   -0.003889 -0.006192 -0.000000
   C  -1.200804  -5.622783  -0.000000    0.000520  0.001950 -0.000000
   C   0.033444  -3.506499  -0.000000    0.000112  0.000304 -0.000000
   N   1.237486  -1.420714  -0.000000   -0.000914 -0.002379 -0.000000
   C   2.450726   0.685857  -0.000000   -0.005011 -0.002188 -0.000000
   N   3.653278   2.804696  -0.000000   -0.000941  0.002026 -0.000000
   C   4.824463   4.926822  -0.000000    0.018986  0.011203 -0.000000
   C   1.225750  -5.594334  -0.000000    0.001620  0.002856 -0.000000
   N   2.425277  -3.489467  -0.000000   -0.000256 -0.002500 -0.000000
   C   3.649625  -1.416589   0.000000   -0.000895 -0.000382 -0.000000
   C   4.892238   0.717565   0.000000   -0.009624 -0.000334 -0.000000
   C   6.088321   2.836921  -0.000000   -0.006540  0.001679 -0.000000
   C   7.235528   4.959478  -0.000000   -0.001099 -0.010411 -0.000000
   C   3.628652  -5.590302  -0.000000    0.001828 -0.006710  0.000000
   C   4.870142  -3.530772   0.000000   -0.000470  0.003458  0.000000
   C   6.110804  -1.405577   0.000000    0.001089  0.001944 -0.000000
   C   7.321702   0.689896   0.000000   -0.013620  0.001104 -0.000000
   C   6.081189  -5.658273   0.000000   -0.001263  0.010395  0.000000
   C   7.299009  -3.585040   0.000000   -0.001221 -0.000673  0.000000
   C  -7.299674   3.606586   0.000000    0.001251  0.008936  0.000000
   C  -6.083640   5.680131   0.000000   -0.000011  0.002292  0.000000
   C  -7.313842  -0.687133   0.000000    0.002056  0.007950 -0.000000
   C  -6.121010   1.415499   0.000000   -0.000928  0.002908  0.000000
   C  -4.878739   3.550050   0.000000   -0.001286  0.000503  0.000000
   C  -3.631831   5.627708   0.000000   -0.000803 -0.000338  0.000000
   N  -7.209002  -4.933095   0.000000    0.027308  0.000967 -0.000000
   C  -6.105089  -2.856655   0.000000   -0.000871  0.000827 -0.000000
   C  -4.896235  -0.712439   0.000000   -0.000613  0.000075 -0.000000
   C  -3.668881   1.408348   0.000000   -0.002448 -0.000768  0.000000
   C  -2.429681   3.511209   0.000000   -0.002044 -0.002738 -0.000000
   C  -1.202409   5.615212  -0.000000   -0.001070 -0.006930 -0.000000
   C  -4.845413  -4.977716  -0.000000   -0.004749 -0.001496 -0.000000
   C  -3.655017  -2.823838   0.000000   -0.000958  0.000539 -0.000000
   C  -2.429337  -0.707296   0.000000   -0.000817 -0.000948 -0.000000
   C  -1.229912   1.404222   0.000000   -0.003879 -0.000879 -0.000000
   C  -0.011924   3.497027  -0.000000   -0.003296 -0.000976 -0.000000
   C   1.228177   5.580773  -0.000000    0.001360  0.001599 -0.000000
   C  -2.413254  -4.963007  -0.000000    0.001507  0.002132 -0.000000
   C  -1.216157  -2.807281  -0.000000   -0.000236  0.000400 -0.000000
   N  -0.018649  -0.710448  -0.000000   -0.001452 -0.001783 -0.000000
   C   1.193668   1.376148  -0.000000   -0.005416 -0.002148 -0.000000
   C   2.429755   3.492671  -0.000000   -0.004096 -0.004319 -0.000000
   C   3.654281   5.614335  -0.000000    0.002724 -0.016225 -0.000000
   C   0.018774  -4.939892  -0.000000    0.001739  0.001048 -0.000000
   C   1.219925  -2.809795  -0.000000    0.000288 -0.001434 -0.000000
   C   2.446401  -0.692477  -0.000000   -0.001672 -0.001244 -0.000000
   C   3.666899   1.401998  -0.000000   -0.007773  0.001738 -0.000000
   C   4.865616   3.494654  -0.000000   -0.002253  0.008341 -0.000000
   N   6.031759   5.590740  -0.000000    0.015044  0.019547 -0.000000
   C   2.431577  -4.907994  -0.000000    0.004945 -0.002641 -0.000000
   C   3.660220  -2.817623   0.000000   -0.001229  0.000720 -0.000000
   C   4.888380  -0.706396   0.000000   -0.001061 -0.000388 -0.000000
   C   6.123863   1.417992   0.000000   -0.012723  0.002252 -0.000000
   C   7.295523   3.619128  -0.000000    0.000314 -0.009386 -0.000000
   C   4.869448  -4.960493   0.000000   -0.003762  0.004229  0.000000
   C   6.114574  -2.838111   0.000000   -0.000219  0.002433  0.000000
   C   7.315611  -0.671990   0.000000    0.001594  0.001602 -0.000000
   C   7.276273  -4.968748   0.000000    0.005388  0.000010  0.000000
   H   8.109706   5.594971  -0.000000    0.004633 -0.019315 -0.000000
   H   8.260868   3.140791  -0.000000   -0.002722 -0.016316 -0.000000
   H   8.271363   1.205694   0.000000   -0.016720  0.006468 -0.000000
   H   8.260768  -1.194102   0.000000    0.004201  0.006041  0.000000
   H   8.256188  -3.085640   0.000000   -0.001935  0.000001  0.000000
   H   8.213303  -5.514492   0.000000    0.004403 -0.002228  0.000000
   H  -8.207520   5.550460   0.000000   -0.002819  0.009916  0.000000
   H  -8.260288   3.112325   0.000000    0.000929  0.010297  0.000000
   H  -8.261571   1.197241   0.000000   -0.003479  0.007448  0.000000
   H  -8.267084  -1.197780   0.000000    0.002243  0.008500 -0.000000
   H  -8.282279  -3.178338   0.000000   -0.003313 -0.009854 -0.000000
   H  -8.076917  -5.446461   0.000000    0.028430  0.002676 -0.000000
   H  -6.061434   6.763721   0.000000    0.003513  0.002057  0.000000
   H  -3.603400   6.711108   0.000000    0.001111 -0.000416  0.000000
   H  -1.194502   6.698222  -0.000000   -0.002449 -0.007237 -0.000000
   H   1.231934   6.664011  -0.000000    0.003497  0.001763 -0.000000
   H   3.644911   6.698005  -0.000000   -0.005838 -0.017371 -0.000000
   H   5.997158   6.594896  -0.000000    0.025213  0.019079 -0.000000
   H  -6.172639  -6.721548  -0.000000    0.007876 -0.026940 -0.000000
   H  -3.628565  -6.732538  -0.000000    0.000362  0.006997 -0.000000
   H  -1.184624  -6.706685  -0.000000    0.000618  0.002100 -0.000000
   H   1.266390  -6.674860  -0.000000    0.000513  0.003111 -0.000000
   H   3.569051  -6.670357  -0.000000    0.004446 -0.007150  0.000000
   H   6.062287  -6.741561   0.000000   -0.003031  0.010856  0.000000
converged SCF energy = -3100.87918631189
