1721710851.9429617

Geometry optimization cycle 1
Cartesian coordinates (Angstrom)
 Atom        New coordinates             dX        dY        dZ
   C  -7.338226   5.042760   0.000000    0.000000  0.000000  0.000000
   C  -7.365228   0.691139   0.000000    0.000000  0.000000  0.000000
   C  -6.173642   2.889413   0.000000    0.000000  0.000000  0.000000
   C  -4.910090   5.019617   0.000000    0.000000  0.000000  0.000000
   C  -7.358051  -3.642635   0.000000    0.000000  0.000000  0.000000
   C  -6.173475  -1.431785   0.000000    0.000000  0.000000  0.000000
   C  -4.940069   0.716689   0.000000    0.000000  0.000000  0.000000
   C  -3.694845   2.860312   0.000000    0.000000  0.000000  0.000000
   C  -2.457224   5.005715   0.000000    0.000000  0.000000  0.000000
   C  -6.138515  -5.727246   0.000000    0.000000  0.000000  0.000000
   C  -4.928214  -3.580071   0.000000    0.000000  0.000000  0.000000
   C  -3.698169  -1.425571   0.000000    0.000000  0.000000  0.000000
   C  -2.471779   0.716540   0.000000    0.000000  0.000000  0.000000
   C  -1.230705   2.851907   0.000000    0.000000 -0.000000  0.000000
   C   0.000000   5.003169   0.000000    0.000000  0.000000  0.000000
   C  -3.678966  -5.694052   0.000000    0.000000  0.000000  0.000000
   N  -2.466015  -3.560923   0.000000    0.000000  0.000000  0.000000
   C  -1.232423  -1.423207   0.000000    0.000000  0.000000  0.000000
   N   0.000000   0.715809   0.000000    0.000000  0.000000  0.000000
   C   1.230705   2.851907   0.000000    0.000000 -0.000000  0.000000
   C   2.457224   5.005715   0.000000    0.000000  0.000000  0.000000
   C  -1.226334  -5.685080   0.000000    0.000000  0.000000  0.000000
   N   0.000000  -3.557079   0.000000    0.000000  0.000000  0.000000
   N   1.232423  -1.423207   0.000000    0.000000  0.000000  0.000000
   C   2.471779   0.716540   0.000000    0.000000  0.000000  0.000000
   C   3.694845   2.860312   0.000000    0.000000  0.000000  0.000000
   C   4.910090   5.019617   0.000000    0.000000  0.000000  0.000000
   C   1.226334  -5.685080   0.000000    0.000000  0.000000  0.000000
   C   2.466015  -3.560923   0.000000    0.000000  0.000000  0.000000
   N   3.698169  -1.425571   0.000000    0.000000  0.000000  0.000000
   C   4.940069   0.716689   0.000000    0.000000  0.000000  0.000000
   C   6.173642   2.889413   0.000000    0.000000  0.000000  0.000000
   C   7.338226   5.042760   0.000000    0.000000  0.000000  0.000000
   C   3.678966  -5.694052   0.000000    0.000000  0.000000  0.000000
   C   4.928214  -3.580071   0.000000    0.000000  0.000000  0.000000
   C   6.173475  -1.431785   0.000000   -0.000000  0.000000  0.000000
   C   7.365228   0.691139   0.000000    0.000000  0.000000  0.000000
   C   6.138515  -5.727246   0.000000    0.000000  0.000000  0.000000
   C   7.358051  -3.642635   0.000000   -0.000000  0.000000  0.000000
   C  -7.358051   3.642635   0.000000    0.000000  0.000000  0.000000
   N  -6.138515   5.727246   0.000000    0.000000  0.000000  0.000000
   C  -7.365228  -0.691139   0.000000    0.000000  0.000000  0.000000
   C  -6.173475   1.431785   0.000000    0.000000  0.000000  0.000000
   C  -4.928214   3.580071   0.000000    0.000000 -0.000000  0.000000
   C  -3.678966   5.694052   0.000000    0.000000  0.000000  0.000000
   C  -7.338226  -5.042760   0.000000    0.000000  0.000000  0.000000
   C  -6.173642  -2.889413   0.000000    0.000000  0.000000  0.000000
   C  -4.940069  -0.716689   0.000000    0.000000  0.000000  0.000000
   N  -3.698169   1.425571   0.000000    0.000000  0.000000  0.000000
   C  -2.466015   3.560923   0.000000    0.000000 -0.000000  0.000000
   C  -1.226334   5.685080   0.000000    0.000000  0.000000  0.000000
   C  -4.910090  -5.019617   0.000000    0.000000  0.000000  0.000000
   C  -3.694845  -2.860312   0.000000    0.000000  0.000000  0.000000
   C  -2.471779  -0.716540   0.000000    0.000000  0.000000  0.000000
   C  -1.232423   1.423207   0.000000    0.000000  0.000000  0.000000
   C   0.000000   3.557079   0.000000    0.000000  0.000000  0.000000
   N   1.226334   5.685080   0.000000    0.000000  0.000000  0.000000
   C  -2.457224  -5.005715   0.000000    0.000000  0.000000  0.000000
   C  -1.230705  -2.851907   0.000000    0.000000  0.000000  0.000000
   C   0.000000  -0.715809   0.000000    0.000000  0.000000  0.000000
   C   1.232423   1.423207   0.000000    0.000000  0.000000  0.000000
   C   2.466015   3.560923   0.000000    0.000000 -0.000000  0.000000
   C   3.678966   5.694052   0.000000    0.000000  0.000000  0.000000
   C   0.000000  -5.003169   0.000000    0.000000  0.000000  0.000000
   C   1.230705  -2.851907   0.000000    0.000000  0.000000  0.000000
   C   2.471779  -0.716540   0.000000    0.000000  0.000000  0.000000
   C   3.698169   1.425571   0.000000    0.000000  0.000000  0.000000
   C   4.928214   3.580071   0.000000    0.000000 -0.000000  0.000000
   C   6.138515   5.727246   0.000000    0.000000  0.000000  0.000000
   C   2.457224  -5.005715   0.000000    0.000000  0.000000  0.000000
   C   3.694845  -2.860312   0.000000    0.000000  0.000000  0.000000
   C   4.940069  -0.716689   0.000000    0.000000  0.000000  0.000000
   C   6.173475   1.431785   0.000000   -0.000000  0.000000  0.000000
   C   7.358051   3.642635   0.000000   -0.000000  0.000000  0.000000
   C   4.910090  -5.019617   0.000000    0.000000  0.000000  0.000000
   N   6.173642  -2.889413   0.000000    0.000000  0.000000  0.000000
   N   7.365228  -0.691139   0.000000    0.000000  0.000000  0.000000
   C   7.338226  -5.042760   0.000000    0.000000  0.000000  0.000000
   H   8.282184   5.591425   0.000000    0.000000 -0.000000  0.000000
   H   8.325741   3.141106   0.000000    0.000000  0.000000  0.000000
   H   8.326715   1.204661   0.000000    0.000000  0.000000  0.000000
   H   8.326715  -1.204661   0.000000    0.000000  0.000000  0.000000
   H   8.325741  -3.141106   0.000000    0.000000  0.000000  0.000000
   H   8.282184  -5.591425   0.000000    0.000000  0.000000  0.000000
   H  -8.282184   5.591425   0.000000    0.000000 -0.000000  0.000000
   H  -8.325741   3.141106   0.000000    0.000000  0.000000  0.000000
   H  -8.326715   1.204661   0.000000    0.000000  0.000000  0.000000
   H  -8.326715  -1.204661   0.000000    0.000000  0.000000  0.000000
   H  -8.325741  -3.141106   0.000000    0.000000  0.000000  0.000000
   H  -8.282184  -5.591425   0.000000    0.000000  0.000000  0.000000
   H  -6.116625   6.819427   0.000000    0.000000  0.000000  0.000000
   H  -3.672757   6.787431   0.000000    0.000000  0.000000  0.000000
   H  -1.225580   6.778408   0.000000    0.000000 -0.000000  0.000000
   H   1.225580   6.778408   0.000000    0.000000 -0.000000  0.000000
   H   3.672757   6.787431   0.000000    0.000000  0.000000  0.000000
   H   6.116625   6.819427   0.000000   -0.000000  0.000000  0.000000
   H  -6.116625  -6.819427   0.000000    0.000000  0.000000  0.000000
   H  -3.672757  -6.787431   0.000000    0.000000  0.000000  0.000000
   H  -1.225580  -6.778408   0.000000    0.000000  0.000000  0.000000
   H   1.225580  -6.778408   0.000000    0.000000  0.000000  0.000000
   H   3.672757  -6.787431   0.000000    0.000000  0.000000  0.000000
   H   6.116625  -6.819427   0.000000   -0.000000  0.000000  0.000000
converged SCF energy = -3150.63714116021
--------------- RKS_Scanner gradients ---------------
         x                y                z
0 C    -0.0022409616     0.0293209209    -0.0000000000
1 C     0.0056375808     0.0145465882    -0.0000000000
2 C    -0.0149278131     0.0084668866    -0.0000000000
3 C    -0.0115479566    -0.0201078175     0.0000000000
4 C     0.0012385747     0.0011717295    -0.0000000000
5 C    -0.0057055460    -0.0043541049    -0.0000000000
6 C    -0.0014228744    -0.0055702914    -0.0000000000
7 C     0.0054983680    -0.0004260864     0.0000000000
8 C    -0.0038194104     0.0180731939    -0.0000000000
9 C    -0.0046411899    -0.0044685234    -0.0000000000
10 C    -0.0041036373     0.0077191182    -0.0000000000
11 C    -0.0039089600     0.0298753841    -0.0000000000
12 C    -0.0008669784     0.0069694640     0.0000000000
13 C    -0.0054436354     0.0058233634     0.0000000000
14 C     0.0033115303     0.0046772328    -0.0000000000
15 C    -0.0153506386    -0.0153045319     0.0000000000
16 N    -0.0192032313     0.0022107250     0.0000000000
17 C    -0.0247121909    -0.0033935962     0.0000000000
18 N     0.0199303396    -0.0023627500     0.0000000000
19 C     0.0081829963     0.0343685244    -0.0000000000
20 C    -0.0121982709    -0.0043545762    -0.0000000000
21 C    -0.0047498304    -0.0248377434     0.0000000000
22 N     0.0167263465    -0.0233965072     0.0000000000
23 N    -0.0175504441    -0.0247704115    -0.0000000000
24 C     0.0278162659     0.0252140380    -0.0000000000
25 C     0.0038411596    -0.0001661682    -0.0000000000
26 C    -0.0079682318     0.0094944906    -0.0000000000
27 C     0.0072034724    -0.0189862842    -0.0000000000
28 C     0.0293666535    -0.0192757886    -0.0000000000
29 N     0.0022941710    -0.0110554004    -0.0000000000
30 C     0.0306993443     0.0010048367     0.0000000000
31 C    -0.0066625753    -0.0088929978    -0.0000000000
32 C     0.0041331636     0.0031410325    -0.0000000000
33 C     0.0053928108    -0.0117227092     0.0000000000
34 C     0.0284936458    -0.0362986286     0.0000000000
35 C     0.0289948249     0.0201867103    -0.0000000000
36 C     0.0247302535    -0.0088559585    -0.0000000000
37 C     0.0153175993    -0.0003341412     0.0000000000
38 C    -0.0005389162     0.0114827078    -0.0000000000
39 C     0.0086929171    -0.0371250616     0.0000000000
40 N    -0.0103737592    -0.0232417133    -0.0000000000
41 C     0.0033935394    -0.0112385909     0.0000000000
42 C    -0.0202827914    -0.0097706072     0.0000000000
43 C     0.0071387577     0.0152693936     0.0000000000
44 C     0.0296934738     0.0009340477     0.0000000000
45 C    -0.0016568366    -0.0055941447     0.0000000000
46 C    -0.0018395830     0.0015588498     0.0000000000
47 C     0.0011568505    -0.0010682960     0.0000000000
48 N    -0.0056004386    -0.0048199167    -0.0000000000
49 C     0.0046450408     0.0030137288    -0.0000000000
50 C    -0.0173200343     0.0028823384     0.0000000000
51 C     0.0100608971    -0.0023136919     0.0000000000
52 C     0.0003688044    -0.0185428632     0.0000000000
53 C     0.0032212762    -0.0187742677     0.0000000000
54 C    -0.0057623810     0.0019147996    -0.0000000000
55 C    -0.0021564966    -0.0206359908     0.0000000000
56 N     0.0023538676    -0.0262302526     0.0000000000
57 C     0.0131960240     0.0046427040    -0.0000000000
58 C     0.0031943908     0.0216591028    -0.0000000000
59 C    -0.0000810576     0.0153104843    -0.0000000000
60 C    -0.0101103067    -0.0195818210     0.0000000000
61 C    -0.0066985290    -0.0115513005     0.0000000000
62 C     0.0300484987     0.0011847939     0.0000000000
63 C    -0.0057803851     0.0120159627    -0.0000000000
64 C    -0.0102735990     0.0212976933     0.0000000000
65 C     0.0157145654     0.0083563591     0.0000000000
66 C    -0.0231008394     0.0009756872    -0.0000000000
67 C    -0.0048569350    -0.0042403637     0.0000000000
68 C     0.0015555135     0.0027840054     0.0000000000
69 C    -0.0087439892     0.0058990291     0.0000000000
70 C    -0.0422684454     0.0154019289    -0.0000000000
71 C    -0.0087879111     0.0192360819    -0.0000000000
72 C    -0.0356223034     0.0207627433     0.0000000000
73 C     0.0028370271     0.0009531534     0.0000000000
74 C    -0.0118836136     0.0146984413    -0.0000000000
75 N    -0.0123469223    -0.0239883127     0.0000000000
76 N    -0.0349820313     0.0254622377    -0.0000000000
77 C    -0.0021539186    -0.0264101477    -0.0000000000
78 H     0.0049327338     0.0028041833     0.0000000000
79 H     0.0047516673    -0.0033769980    -0.0000000000
80 H     0.0044900620     0.0110845668     0.0000000000
81 H     0.0559568934    -0.0265298661     0.0000000000
82 H     0.0103855395    -0.0023699595     0.0000000000
83 H     0.0042533755    -0.0067979886     0.0000000000
84 H    -0.0109974676    -0.0020325988    -0.0000000000
85 H    -0.0055516045    -0.0068098057    -0.0000000000
86 H    -0.0063176753     0.0026742306     0.0000000000
87 H    -0.0059517538    -0.0029870202    -0.0000000000
88 H    -0.0058210079     0.0028336666     0.0000000000
89 H    -0.0047642487    -0.0029154265    -0.0000000000
90 H     0.0004209114     0.0619729926     0.0000000000
91 H    -0.0001998965     0.0057134826    -0.0000000000
92 H     0.0004957819     0.0057080202    -0.0000000000
93 H    -0.0001379946     0.0621425811     0.0000000000
94 H    -0.0002360655     0.0055204120    -0.0000000000
95 H    -0.0003248237     0.0059351972    -0.0000000000
96 H    -0.0000902319    -0.0059432677     0.0000000000
97 H    -0.0032780975    -0.0084324874    -0.0000000000
98 H    -0.0004284138    -0.0108184689    -0.0000000000
99 H     0.0029089650    -0.0088567781     0.0000000000
100 H    -0.0007656594    -0.0073811644    -0.0000000000
101 H     0.0003974179    -0.0070639033     0.0000000000
----------------------------------------------
cycle 1: E = -3150.63714116  dE = -3150.64  norm(grad) = 0.222556

Geometry optimization cycle 2
Cartesian coordinates (Angstrom)
 Atom        New coordinates             dX        dY        dZ
   C  -7.261018   4.983907   0.000000    0.077208 -0.058853  0.000000
   C  -7.300511   0.694151   0.000000    0.064717  0.003012  0.000000
   C  -6.118934   2.857040   0.000000    0.054708 -0.032374  0.000000
   C  -4.826860   4.949677   0.000000    0.083230 -0.069940  0.000000
   C  -7.308822  -3.589451  -0.000000    0.049229  0.053184 -0.000000
   C  -6.120657  -1.405882   0.000000    0.052818  0.025903  0.000000
   C  -4.883952   0.710731   0.000000    0.056117 -0.005958  0.000000
   C  -3.661774   2.813770   0.000000    0.033071 -0.046542  0.000000
   C  -2.421985   4.932948   0.000000    0.035239 -0.072767  0.000000
   C  -6.086923  -5.665500  -0.000000    0.051592  0.061746 -0.000000
   C  -4.885096  -3.540508   0.000000    0.043118  0.039563  0.000000
   C  -3.661142  -1.422641   0.000000    0.037027  0.002929  0.000000
   C  -2.448686   0.697946   0.000000    0.023093 -0.018593  0.000000
   C  -1.216941   2.799899   0.000000    0.013763 -0.052008  0.000000
   C   0.000950   4.901970   0.000000    0.000950 -0.101199  0.000000
   C  -3.631073  -5.610689  -0.000000    0.047893  0.083363 -0.000000
   N  -2.435547  -3.506626   0.000000    0.030467  0.054297  0.000000
   C  -1.210390  -1.405808   0.000000    0.022033  0.017399  0.000000
   N  -0.022826   0.694342   0.000000   -0.022826 -0.021467  0.000000
   C   1.221423   2.784088   0.000000   -0.009282 -0.067819  0.000000
   C   2.452843   4.915098   0.000000   -0.004380 -0.090617  0.000000
   C  -1.208001  -5.560927   0.000000    0.018333  0.124153  0.000000
   N  -0.009988  -3.488919   0.000000   -0.009988  0.068159  0.000000
   N   1.212926  -1.401860   0.000000   -0.019497  0.021348  0.000000
   C   2.413229   0.681959   0.000000   -0.058550 -0.034581  0.000000
   C   3.676887   2.808026   0.000000   -0.017958 -0.052286  0.000000
   C   4.870458   4.942917  -0.000000   -0.039633 -0.076700 -0.000000
   C   1.220196  -5.578400   0.000000   -0.006139  0.106679  0.000000
   C   2.426391  -3.507357   0.000000   -0.039623  0.053566  0.000000
   N   3.613994  -1.416038   0.000000   -0.084175  0.009533  0.000000
   C   4.862256   0.692060   0.000000   -0.077812 -0.024629  0.000000
   C   6.154394   2.832728  -0.000000   -0.019248 -0.056686 -0.000000
   C   7.283144   4.968503  -0.000000   -0.055082 -0.074256 -0.000000
   C   3.675386  -5.609939   0.000000   -0.003580  0.084113  0.000000
   C   4.862257  -3.515798   0.000000   -0.065957  0.064272  0.000000
   C   6.004722  -1.435865  -0.000000   -0.168753 -0.004080 -0.000000
   C   7.266075   0.622201  -0.000000   -0.099153 -0.068938 -0.000000
   C   6.143012  -5.606986   0.000000    0.004497  0.120260  0.000000
   C   7.291757  -3.487684  -0.000000   -0.066294  0.154952 -0.000000
   C  -7.305221   3.621861   0.000000    0.052830 -0.020774  0.000000
   N  -6.047194   5.599826   0.000000    0.091322 -0.127420  0.000000
   C  -7.311341  -0.671936   0.000000    0.053887  0.019203  0.000000
   C  -6.101259   1.420371   0.000000    0.072216 -0.011414  0.000000
   C  -4.878793   3.524002   0.000000    0.049421 -0.056068  0.000000
   C  -3.635173   5.636233   0.000000    0.043793 -0.057820  0.000000
   C  -7.280817  -4.980031  -0.000000    0.057408  0.062729 -0.000000
   C  -6.123031  -2.852911  -0.000000    0.050611  0.036503 -0.000000
   C  -4.891191  -0.709413   0.000000    0.048878  0.007275  0.000000
   N  -3.654766   1.402739   0.000000    0.043403 -0.022832  0.000000
   C  -2.442717   3.503153   0.000000    0.023297 -0.057769  0.000000
   C  -1.189916   5.605035   0.000000    0.036418 -0.080045  0.000000
   C  -4.869700  -4.962264  -0.000000    0.040390  0.057353 -0.000000
   C  -3.659778  -2.823798   0.000000    0.035067  0.036514  0.000000
   C  -2.446608  -0.709719   0.000000    0.025171  0.006820  0.000000
   C  -1.227646   1.393294   0.000000    0.004777 -0.029914  0.000000
   C   0.004325   3.490252   0.000000    0.004325 -0.066827  0.000000
   N   1.220150   5.542533   0.000000   -0.006185 -0.142547  0.000000
   C  -2.438251  -4.921103   0.000000    0.018973  0.084612  0.000000
   C  -1.222144  -2.814740   0.000000    0.008561  0.037167  0.000000
   C  -0.002000  -0.718464   0.000000   -0.002000 -0.002655  0.000000
   C   1.202605   1.391425   0.000000   -0.029818 -0.031782  0.000000
   C   2.457282   3.492713   0.000000   -0.008733 -0.068210  0.000000
   C   3.635790   5.619597   0.000000   -0.043176 -0.074455  0.000000
   C   0.010514  -4.912765   0.000000    0.010514  0.090403  0.000000
   C   1.214280  -2.813644   0.000000   -0.016425  0.038263  0.000000
   C   2.411913  -0.719884   0.000000   -0.059866 -0.003344  0.000000
   C   3.647519   1.389396   0.000000   -0.050650 -0.036175  0.000000
   C   4.911522   3.515711   0.000000   -0.016692 -0.064360  0.000000
   C   6.088500   5.649328  -0.000000   -0.050016 -0.077918 -0.000000
   C   2.457456  -4.937442   0.000000    0.000233  0.068273  0.000000
   C   3.657692  -2.829052   0.000000   -0.037153  0.031260  0.000000
   C   4.823311  -0.720305   0.000000   -0.116757 -0.003617  0.000000
   C   6.121926   1.376467  -0.000000   -0.051549 -0.055318 -0.000000
   C   7.332472   3.576678  -0.000000   -0.025579 -0.065957 -0.000000
   C   4.903832  -4.947911   0.000000   -0.006259  0.071706  0.000000
   N   6.081452  -2.822671  -0.000000   -0.092190  0.066743 -0.000000
   N   7.189103  -0.736779  -0.000000   -0.176125 -0.045640 -0.000000
   C   7.311685  -4.861398  -0.000000   -0.026541  0.181362 -0.000000
   H   8.215610   5.524386  -0.000000   -0.066574 -0.067038 -0.000000
   H   8.300403   3.089521  -0.000000   -0.025337 -0.051585 -0.000000
   H   8.251249   1.064659  -0.000000   -0.075466 -0.140003 -0.000000
   H   8.065603  -1.262886  -0.000000   -0.261112 -0.058224 -0.000000
   H   8.214195  -2.924005  -0.000000   -0.111546  0.217101 -0.000000
   H   8.275998  -5.356586  -0.000000   -0.006186  0.234838 -0.000000
   H  -8.163161   5.582178  -0.000000    0.119023 -0.009247 -0.000000
   H  -8.276942   3.147998  -0.000000    0.048798  0.006892 -0.000000
   H  -8.249261   1.215473   0.000000    0.077454  0.010812  0.000000
   H  -8.267180  -1.180553  -0.000000    0.059535  0.024108 -0.000000
   H  -8.268777  -3.088412  -0.000000    0.056963  0.052694 -0.000000
   H  -8.218815  -5.526726  -0.000000    0.063369  0.064698 -0.000000
   H  -6.015642   6.623475   0.000000    0.100983 -0.195952  0.000000
   H  -3.633133   6.723319   0.000000    0.039624 -0.064112  0.000000
   H  -1.174311   6.691949   0.000000    0.051269 -0.086459  0.000000
   H   1.214769   6.567240   0.000000   -0.010810 -0.211168  0.000000
   H   3.617416   6.706741   0.000000   -0.055341 -0.080690  0.000000
   H   6.065665   6.734944  -0.000000   -0.050961 -0.084483 -0.000000
   H  -6.065154  -6.751138  -0.000000    0.051472  0.068288 -0.000000
   H  -3.596041  -6.694230  -0.000000    0.076716  0.093202 -0.000000
   H  -1.202293  -6.642297   0.000000    0.023287  0.136111  0.000000
   H   1.196522  -6.661694   0.000000   -0.029057  0.116713  0.000000
   H   3.672895  -6.695178   0.000000    0.000138  0.092253  0.000000
   H   6.164354  -6.691405   0.000000    0.047729  0.128022  0.000000
converged SCF energy = -3150.7205565082
--------------- RKS_Scanner gradients ---------------
         x                y                z
0 C    -0.0033953645     0.0178338328    -0.0000000000
1 C     0.0046107456     0.0081961307     0.0000000000
2 C    -0.0089420623     0.0014542537    -0.0000000000
3 C     0.0064074967    -0.0033776857     0.0000000000
4 C    -0.0001432475     0.0032798727     0.0000000000
5 C    -0.0041944941    -0.0001224991     0.0000000000
6 C    -0.0018470755    -0.0025446108    -0.0000000000
7 C     0.0009192671     0.0018767852     0.0000000000
8 C    -0.0041414991     0.0055435183     0.0000000000
9 C    -0.0030979094    -0.0017736386    -0.0000000000
10 C     0.0005356031     0.0040531836     0.0000000000
11 C    -0.0017256096     0.0135632733    -0.0000000000
12 C     0.0040322904     0.0046396124    -0.0000000000
13 C    -0.0003439423     0.0062594247     0.0000000000
14 C    -0.0060913453     0.0025336034     0.0000000000
15 C    -0.0050673297    -0.0038326729    -0.0000000000
16 N    -0.0078844255     0.0000995451    -0.0000000000
17 C    -0.0108312314    -0.0028061636    -0.0000000000
18 N     0.0071640122    -0.0051069135    -0.0000000000
19 C     0.0047587713     0.0125940485     0.0000000000
20 C     0.0034962546     0.0029259328    -0.0000000000
21 C    -0.0045377188     0.0008457904    -0.0000000000
22 N     0.0042384218    -0.0133397352     0.0000000000
23 N    -0.0107520232    -0.0153302248    -0.0000000000
24 C     0.0088085215     0.0067337729     0.0000000000
25 C     0.0065759514     0.0032978408    -0.0000000000
26 C    -0.0064832885     0.0015761009    -0.0000000000
27 C    -0.0017082795     0.0019981124     0.0000000000
28 C     0.0114762428    -0.0081717301    -0.0000000000
29 N    -0.0009312554    -0.0114481881    -0.0000000000
30 C     0.0152618489    -0.0004705745    -0.0000000000
31 C     0.0012358296    -0.0006751725    -0.0000000000
32 C    -0.0028648428    -0.0015199015    -0.0000000000
33 C     0.0019052199     0.0003058067    -0.0000000000
34 C     0.0076895028    -0.0151380324    -0.0000000000
35 C    -0.0033354850     0.0051385467     0.0000000000
36 C     0.0146329527    -0.0045467647    -0.0000000000
37 C     0.0090671056    -0.0036208746    -0.0000000000
38 C     0.0003641790     0.0106936855     0.0000000000
39 C     0.0087766710    -0.0083637920     0.0000000000
40 N    -0.0052339091    -0.0254149024     0.0000000000
41 C     0.0026087148    -0.0054696922    -0.0000000000
42 C    -0.0055921082    -0.0071384784     0.0000000000
43 C     0.0006608506     0.0108332486    -0.0000000000
44 C     0.0113475054     0.0002579301    -0.0000000000
45 C     0.0031695418    -0.0015876407     0.0000000000
46 C    -0.0014417667    -0.0016485708    -0.0000000000
47 C     0.0033107607    -0.0001287458    -0.0000000000
48 N    -0.0004611477    -0.0037841409     0.0000000000
49 C     0.0020983014    -0.0031974625    -0.0000000000
50 C    -0.0026409095     0.0013968584    -0.0000000000
51 C     0.0066140105     0.0003269553     0.0000000000
52 C     0.0003377709    -0.0103329179    -0.0000000000
53 C     0.0026566981    -0.0108297485     0.0000000000
54 C    -0.0068395155     0.0003580828    -0.0000000000
55 C     0.0002865912    -0.0101646572    -0.0000000000
56 N    -0.0008060985    -0.0187536769    -0.0000000000
57 C     0.0034202121     0.0002776923     0.0000000000
58 C     0.0031875254     0.0159710978    -0.0000000000
59 C     0.0049378331     0.0084483004     0.0000000000
60 C    -0.0073947315    -0.0063103952    -0.0000000000
61 C    -0.0072752919    -0.0057758607    -0.0000000000
62 C     0.0103961986     0.0007059040    -0.0000000000
63 C     0.0013492706     0.0004225845     0.0000000000
64 C    -0.0022735409     0.0148333876     0.0000000000
65 C     0.0085593537     0.0105693511     0.0000000000
66 C    -0.0148249516     0.0000769159     0.0000000000
67 C    -0.0000935449    -0.0055037881     0.0000000000
68 C     0.0006931141     0.0015106140    -0.0000000000
69 C     0.0010477936     0.0003788499     0.0000000000
70 C    -0.0147865185     0.0055623341     0.0000000000
71 C    -0.0045606697     0.0113879389    -0.0000000000
72 C    -0.0141243718     0.0034417935     0.0000000000
73 C     0.0042977991     0.0005037439     0.0000000000
74 C     0.0008548907     0.0103435715     0.0000000000
75 N     0.0017809358    -0.0174405365    -0.0000000000
76 N    -0.0212974644     0.0061063009     0.0000000000
77 C    -0.0072732769    -0.0052520390     0.0000000000
78 H     0.0009049401     0.0002558555    -0.0000000000
79 H     0.0011629863    -0.0006919968    -0.0000000000
80 H    -0.0001551789     0.0044171066    -0.0000000000
81 H     0.0167313256    -0.0094523543    -0.0000000000
82 H     0.0045327530     0.0024216011    -0.0000000000
83 H     0.0006584568    -0.0013816091    -0.0000000000
84 H    -0.0050502210    -0.0033414601    -0.0000000000
85 H    -0.0016319922    -0.0010838368    -0.0000000000
86 H    -0.0022745846     0.0000593610    -0.0000000000
87 H    -0.0019666653    -0.0006093922     0.0000000000
88 H    -0.0019227188     0.0011972079    -0.0000000000
89 H    -0.0010628688    -0.0003275229    -0.0000000000
90 H     0.0007766594     0.0158987652    -0.0000000000
91 H    -0.0004659774     0.0020659533     0.0000000000
92 H     0.0006533575     0.0018632621     0.0000000000
93 H    -0.0001047300     0.0165851906    -0.0000000000
94 H    -0.0010028724     0.0019369426     0.0000000000
95 H    -0.0007751292     0.0015598833    -0.0000000000
96 H     0.0002466615    -0.0015636054     0.0000000000
97 H    -0.0018208429    -0.0019361675    -0.0000000000
98 H    -0.0002061067    -0.0015581761    -0.0000000000
99 H     0.0022900044    -0.0012136759    -0.0000000000
100 H     0.0004049085    -0.0011370294     0.0000000000
101 H    -0.0002768029    -0.0022406785     0.0000000000
----------------------------------------------
cycle 2: E = -3150.72055651  dE = -0.0834153  norm(grad) = 0.0982613

Geometry optimization cycle 3
Cartesian coordinates (Angstrom)
 Atom        New coordinates             dX        dY        dZ
   C  -7.160387   4.957375  -0.000000    0.100631 -0.026531 -0.000000
   C  -7.270668   0.678366  -0.000000    0.029843 -0.015785 -0.000000
   C  -6.099283   2.838066  -0.000000    0.019651 -0.018974 -0.000000
   C  -4.828539   4.922265   0.000000   -0.001679 -0.027412 -0.000000
   C  -7.274276  -3.604517   0.000000    0.034546 -0.015066  0.000000
   C  -6.090532  -1.409058   0.000000    0.030125 -0.003176  0.000000
   C  -4.856643   0.704480   0.000000    0.027309 -0.006251  0.000000
   C  -3.650217   2.790851   0.000000    0.011556 -0.022919  0.000000
   C  -2.412722   4.894184   0.000000    0.009263 -0.038764  0.000000
   C  -6.064805  -5.658386   0.000000    0.022118  0.007114  0.000000
   C  -4.862406  -3.537269   0.000000    0.022690  0.003239  0.000000
   C  -3.637446  -1.432937   0.000000    0.023696 -0.010296  0.000000
   C  -2.435141   0.689860   0.000000    0.013545 -0.008087  0.000000
   C  -1.208532   2.782758   0.000000    0.008410 -0.017141  0.000000
   C   0.019516   4.891548   0.000000    0.018566 -0.010422  0.000000
   C  -3.607768  -5.582376   0.000000    0.023305  0.028313  0.000000
   N  -2.414970  -3.498697   0.000000    0.020577  0.007929  0.000000
   C  -1.188235  -1.401767   0.000000    0.022155  0.004042  0.000000
   N  -0.022415   0.691727   0.000000    0.000411 -0.002615  0.000000
   C   1.207751   2.761738   0.000000   -0.013672 -0.022350  0.000000
   C   2.424195   4.889453   0.000000   -0.028648 -0.025645  0.000000
   C  -1.197944  -5.543113   0.000000    0.010058  0.017814  0.000000
   N  -0.012524  -3.456822   0.000000   -0.002537  0.032097  0.000000
   N   1.230504  -1.379254   0.000000    0.017578  0.022606  0.000000
   C   2.402619   0.669999   0.000000   -0.010610 -0.011960  0.000000
   C   3.652612   2.791648   0.000000   -0.024275 -0.016378  0.000000
   C   4.854796   4.934542   0.000000   -0.015661 -0.008375  0.000000
   C   1.193813  -5.550258   0.000000   -0.026383  0.028142  0.000000
   C   2.406040  -3.466404   0.000000   -0.020351  0.040952  0.000000
   N   3.626710  -1.387830   0.000000    0.012716  0.028207 -0.000000
   C   4.842094   0.682147   0.000000   -0.020162 -0.009913  0.000000
   C   6.116470   2.830030   0.000000   -0.037924 -0.002698  0.000000
   C   7.272318   4.972568   0.000000   -0.010826  0.004065  0.000000
   C   3.621431  -5.574405  -0.000000   -0.053955  0.035534 -0.000000
   C   4.830452  -3.460830  -0.000000   -0.031805  0.054968 -0.000000
   C   6.032152  -1.419674  -0.000000    0.027430  0.016191 -0.000000
   C   7.229489   0.622944   0.000000   -0.036587  0.000742  0.000000
   C   6.068183  -5.557544  -0.000000   -0.074829  0.049442 -0.000000
   C   7.232970  -3.504572  -0.000000   -0.058787 -0.016888 -0.000000
   C  -7.286903   3.615183  -0.000000    0.018318 -0.006678 -0.000000
   N  -5.990749   5.642553  -0.000000    0.056444  0.042727 -0.000000
   C  -7.283866  -0.678497   0.000000    0.027474 -0.006561 -0.000000
   C  -6.070616   1.411560  -0.000000    0.030643 -0.008811 -0.000000
   C  -4.865653   3.491581   0.000000    0.013140 -0.032422  0.000000
   C  -3.638412   5.584978   0.000000   -0.003239 -0.051255  0.000000
   C  -7.267781  -4.990408   0.000000    0.013037 -0.010377  0.000000
   C  -6.097468  -2.853799   0.000000    0.025563 -0.000888  0.000000
   C  -4.866244  -0.715261   0.000000    0.024947 -0.005847  0.000000
   N  -3.634575   1.392553   0.000000    0.020191 -0.010186  0.000000
   C  -2.436238   3.477047   0.000000    0.006479 -0.026106  0.000000
   C  -1.181631   5.566272   0.000000    0.008285 -0.038763  0.000000
   C  -4.856448  -4.951942   0.000000    0.013252  0.010322  0.000000
   C  -3.638192  -2.817259   0.000000    0.021586  0.006539  0.000000
   C  -2.429801  -0.706496   0.000000    0.016807  0.003223  0.000000
   C  -1.214860   1.383715   0.000000    0.012786 -0.009578  0.000000
   C   0.004651   3.487904   0.000000    0.000326 -0.002348  0.000000
   N   1.219722   5.549544   0.000000   -0.000428  0.007011  0.000000
   C  -2.422508  -4.903036   0.000000    0.015743  0.018068  0.000000
   C  -1.217672  -2.811111   0.000000    0.004472  0.003629  0.000000
   C   0.009503  -0.719656   0.000000    0.011503 -0.001192  0.000000
   C   1.204592   1.383779   0.000000    0.001986 -0.007646  0.000000
   C   2.441919   3.475528   0.000000   -0.015363 -0.017185  0.000000
   C   3.600593   5.585942   0.000000   -0.035197 -0.033656  0.000000
   C  -0.001229  -4.877961   0.000000   -0.011743  0.034804  0.000000
   C   1.206646  -2.791356   0.000000   -0.007634  0.022288  0.000000
   C   2.416874  -0.719591   0.000000    0.004961  0.000293  0.000000
   C   3.644715   1.376131   0.000000   -0.002804 -0.013265  0.000000
   C   4.878792   3.513823   0.000000   -0.032730 -0.001888  0.000000
   C   6.071826   5.638769   0.000000   -0.016674 -0.010558  0.000000
   C   2.416432  -4.896151   0.000000   -0.041025  0.041291 -0.000000
   C   3.646829  -2.792988  -0.000000   -0.010863  0.036063 -0.000000
   C   4.846384  -0.726598   0.000000    0.023073 -0.006292  0.000000
   C   6.103607   1.373298   0.000000   -0.018319 -0.003169  0.000000
   C   7.283358   3.581690   0.000000   -0.049115  0.005012  0.000000
   C   4.839139  -4.902231  -0.000000   -0.064692  0.045680 -0.000000
   N   6.056458  -2.784698  -0.000000   -0.024994  0.037973 -0.000000
   N   7.218127  -0.730648  -0.000000    0.029025  0.006131 -0.000000
   C   7.273091  -4.864250  -0.000000   -0.038593 -0.002852 -0.000000
   H   8.206339   5.521515   0.000000   -0.009271 -0.002872  0.000000
   H   8.244466   3.087692   0.000000   -0.055937 -0.001829  0.000000
   H   8.215187   1.054625   0.000000   -0.036062 -0.010033  0.000000
   H   8.068436  -1.221664  -0.000000    0.002834  0.041222 -0.000000
   H   8.154264  -2.958262  -0.000000   -0.059931 -0.034257 -0.000000
   H   8.230731  -5.366028  -0.000000   -0.045267 -0.009442 -0.000000
   H  -8.032092   5.590585  -0.000000    0.131070  0.008407 -0.000000
   H  -8.271269   3.178587  -0.000000    0.005674  0.030588 -0.000000
   H  -8.212136   1.203998  -0.000000    0.037125 -0.011475 -0.000000
   H  -8.234150  -1.188464  -0.000000    0.033031 -0.007910 -0.000000
   H  -8.229880  -3.105223   0.000000    0.038897 -0.016811  0.000000
   H  -8.202899  -5.537080   0.000000    0.015915 -0.010353  0.000000
   H  -5.959783   6.631452  -0.000000    0.055859  0.007977 -0.000000
   H  -3.631219   6.667754   0.000000    0.001914 -0.055566  0.000000
   H  -1.183037   6.649356   0.000000   -0.008726 -0.042593  0.000000
   H   1.220976   6.538203   0.000000    0.006207 -0.029037  0.000000
   H   3.579493   6.668967   0.000000   -0.037923 -0.037774  0.000000
   H   6.049479   6.720973   0.000000   -0.016186 -0.013971  0.000000
   H  -6.034310  -6.740407   0.000000    0.030844  0.010732  0.000000
   H  -3.551546  -6.660800   0.000000    0.044495  0.033430  0.000000
   H  -1.181687  -6.620490   0.000000    0.020605  0.021807  0.000000
   H   1.153414  -6.630076   0.000000   -0.043108  0.031619  0.000000
   H   3.616716  -6.656852  -0.000000   -0.056179  0.038326 -0.000000
   H   6.066740  -6.637458  -0.000000   -0.097615  0.053947 -0.000000
converged SCF energy = -3150.71858765567
--------------- RKS_Scanner gradients ---------------
         x                y                z
0 C     0.0275204404    -0.0192143603     0.0000000000
1 C     0.0018866896     0.0001491803     0.0000000000
2 C    -0.0044021182     0.0086056799    -0.0000000000
3 C    -0.0213932181    -0.0084752767    -0.0000000000
4 C     0.0058794230    -0.0027062575     0.0000000000
5 C     0.0004668501     0.0016013963     0.0000000000
6 C    -0.0011593929     0.0012901008     0.0000000000
7 C    -0.0021665138    -0.0012873599    -0.0000000000
8 C    -0.0004530835     0.0008351313    -0.0000000000
9 C    -0.0011649942     0.0033150982     0.0000000000
10 C     0.0019895428     0.0006769980     0.0000000000
11 C    -0.0009569255    -0.0013320446     0.0000000000
12 C     0.0023007286     0.0013268438    -0.0000000000
13 C     0.0015207297     0.0021282331    -0.0000000000
14 C     0.0070529062     0.0014295634    -0.0000000000
15 C     0.0010654400     0.0036896318    -0.0000000000
16 N    -0.0023054063    -0.0026547487    -0.0000000000
17 C    -0.0002281397    -0.0012590067     0.0000000000
18 N    -0.0002685929    -0.0002477471    -0.0000000000
19 C    -0.0009027204    -0.0014364300    -0.0000000000
20 C    -0.0084260640    -0.0022455490     0.0000000000
21 C     0.0015018126    -0.0014137815    -0.0000000000
22 N     0.0015115473    -0.0000048070     0.0000000000
23 N     0.0034341059     0.0011059521     0.0000000000
24 C    -0.0022217551    -0.0043232661     0.0000000000
25 C    -0.0005361543    -0.0053412493     0.0000000000
26 C     0.0036636153     0.0029273374     0.0000000000
27 C    -0.0038943930    -0.0022273874    -0.0000000000
28 C     0.0035665886     0.0015408694     0.0000000000
29 N     0.0069566216     0.0032967737     0.0000000000
30 C    -0.0024323123    -0.0045320337    -0.0000000000
31 C    -0.0022882153    -0.0030436312     0.0000000000
32 C     0.0064523870     0.0029196197     0.0000000000
33 C    -0.0005254900    -0.0032189742     0.0000000000
34 C     0.0031628228     0.0034072530     0.0000000000
35 C     0.0081389818     0.0017198688    -0.0000000000
36 C    -0.0110762487    -0.0080210538    -0.0000000000
37 C     0.0018267320     0.0103976537     0.0000000000
38 C    -0.0110733300    -0.0057451392     0.0000000000
39 C    -0.0122871852    -0.0034924950    -0.0000000000
40 N     0.0042873025     0.0415806930    -0.0000000000
41 C     0.0002690144    -0.0009136158    -0.0000000000
42 C     0.0016247448    -0.0016993106    -0.0000000000
43 C     0.0093780943    -0.0030127991     0.0000000000
44 C    -0.0068114106    -0.0030074286     0.0000000000
45 C    -0.0040552588    -0.0034558590    -0.0000000000
46 C    -0.0029490755     0.0013236897    -0.0000000000
47 C     0.0016321620     0.0003823336    -0.0000000000
48 N     0.0025015610    -0.0001457339    -0.0000000000
49 C     0.0007979278    -0.0018383901     0.0000000000
50 C     0.0031977048    -0.0053738526     0.0000000000
51 C     0.0007042276     0.0003431890    -0.0000000000
52 C     0.0010550298     0.0006269031    -0.0000000000
53 C     0.0007381227    -0.0020173603    -0.0000000000
54 C    -0.0024539388    -0.0026782627     0.0000000000
55 C    -0.0056135561     0.0023603400     0.0000000000
56 N     0.0035264339     0.0199820496    -0.0000000000
57 C     0.0039046645     0.0006303563     0.0000000000
58 C     0.0014775162     0.0017417037     0.0000000000
59 C     0.0042556636     0.0008561251    -0.0000000000
60 C     0.0010556485     0.0009903564    -0.0000000000
61 C     0.0005980792     0.0005658124    -0.0000000000
62 C    -0.0051550507    -0.0058979413    -0.0000000000
63 C    -0.0031278722     0.0025217259     0.0000000000
64 C    -0.0017872517     0.0050087524    -0.0000000000
65 C     0.0000630714    -0.0015166669    -0.0000000000
66 C     0.0001460560     0.0024849912    -0.0000000000
67 C    -0.0034822318     0.0019209226    -0.0000000000
68 C     0.0011398243    -0.0044599635     0.0000000000
69 C    -0.0047691025     0.0050095701    -0.0000000000
70 C    -0.0000332772     0.0005051238    -0.0000000000
71 C     0.0032977424    -0.0076315140     0.0000000000
72 C     0.0009348062     0.0010036264     0.0000000000
73 C    -0.0067008130     0.0036294098    -0.0000000000
74 C    -0.0122924673     0.0039668247    -0.0000000000
75 N    -0.0054803193     0.0149810497     0.0000000000
76 N     0.0220712631    -0.0074953671    -0.0000000000
77 C     0.0102363057    -0.0049449653    -0.0000000000
78 H     0.0002521693     0.0002696599     0.0000000000
79 H    -0.0013410314     0.0012181030     0.0000000000
80 H    -0.0021607744    -0.0015318316     0.0000000000
81 H    -0.0154338460     0.0089869292     0.0000000000
82 H    -0.0025966431    -0.0038625263    -0.0000000000
83 H     0.0006309061    -0.0003097302     0.0000000000
84 H     0.0044368298    -0.0012659321     0.0000000000
85 H     0.0002353566    -0.0008211719    -0.0000000000
86 H     0.0008320318    -0.0014349766     0.0000000000
87 H     0.0006806331     0.0008696111     0.0000000000
88 H     0.0015003388    -0.0013264195    -0.0000000000
89 H    -0.0000185020    -0.0001548341     0.0000000000
90 H     0.0005849130    -0.0125678740     0.0000000000
91 H    -0.0005688707    -0.0016510116    -0.0000000000
92 H     0.0005045403    -0.0014922401    -0.0000000000
93 H    -0.0001705274    -0.0147603656    -0.0000000000
94 H    -0.0002503003    -0.0016040849     0.0000000000
95 H     0.0005316723    -0.0013076484    -0.0000000000
96 H    -0.0003607484     0.0011333017    -0.0000000000
97 H    -0.0001740575     0.0015703352    -0.0000000000
98 H    -0.0001831118     0.0006637837     0.0000000000
99 H    -0.0003783050     0.0002548620     0.0000000000
100 H    -0.0006588709     0.0002903072    -0.0000000000
101 H     0.0001511204     0.0023508178     0.0000000000
----------------------------------------------
cycle 3: E = -3150.71858766  dE = 0.00196885  norm(grad) = 0.087799

Geometry optimization cycle 4
Cartesian coordinates (Angstrom)
 Atom        New coordinates             dX        dY        dZ
   C  -7.237328   4.977481  -0.000000   -0.076941  0.020106 -0.000000
   C  -7.280935   0.687909  -0.000000   -0.010267  0.009542 -0.000000
   C  -6.101813   2.846897  -0.000000   -0.002530  0.008831 -0.000000
   C  -4.820908   4.929859   0.000000    0.007631  0.007595 -0.000000
   C  -7.290762  -3.586706   0.000000   -0.016486  0.017811 -0.000000
   C  -6.099370  -1.405085   0.000000   -0.008838  0.003973 -0.000000
   C  -4.863534   0.709612   0.000000   -0.006890  0.005132 -0.000000
   C  -3.650810   2.799290   0.000000   -0.000593  0.008439 -0.000000
   C  -2.412832   4.907648   0.000000   -0.000110  0.013464 -0.000000
   C  -6.074241  -5.659154   0.000000   -0.009435 -0.000768 -0.000000
   C  -4.871346  -3.541607   0.000000   -0.008940 -0.004338 -0.000000
   C  -3.645509  -1.433139   0.000000   -0.008063 -0.000202 -0.000000
   C  -2.440374   0.692589   0.000000   -0.005232  0.002729 -0.000000
   C  -1.208264   2.785782   0.000000    0.000268  0.003025 -0.000000
   C   0.014615   4.892360   0.000000   -0.004902  0.000812 -0.000000
   C  -3.614121  -5.594786   0.000000   -0.006353 -0.012410 -0.000000
   N  -2.420586  -3.504493   0.000000   -0.005616 -0.005796 -0.000000
   C  -1.196273  -1.406654   0.000000   -0.008038 -0.004887 -0.000000
   N  -0.021467   0.691765   0.000000    0.000948  0.000038 -0.000000
   C   1.216796   2.765548   0.000000    0.009045  0.003810 -0.000000
   C   2.437410   4.900102   0.000000    0.013215  0.010649 -0.000000
   C  -1.198444  -5.550166   0.000000   -0.000500 -0.007053 -0.000000
   N  -0.013641  -3.469419   0.000000   -0.001117 -0.012597 -0.000000
   N   1.222566  -1.389066   0.000000   -0.007938 -0.009812 -0.000000
   C   2.408945   0.671077   0.000000    0.006326  0.001078 -0.000000
   C   3.664365   2.798503   0.000000    0.011753  0.006855 -0.000000
   C   4.859349   4.940969   0.000000    0.004553  0.006427 -0.000000
   C   1.207531  -5.564031   0.000000    0.013717 -0.013772 -0.000000
   C   2.410674  -3.483785   0.000000    0.004634 -0.017380 -0.000000
   N   3.617209  -1.398380   0.000000   -0.009501 -0.010549 -0.000000
   C   4.852333   0.687276   0.000000    0.010239  0.005129  0.000000
   C   6.133857   2.833872   0.000000    0.017387  0.003842 -0.000000
   C   7.268341   4.969810   0.000000   -0.003977 -0.002758 -0.000000
   C   3.643482  -5.589577  -0.000000    0.022051 -0.015172 -0.000000
   C   4.843521  -3.481481  -0.000000    0.013070 -0.020650 -0.000000
   C   6.018262  -1.425884  -0.000000   -0.013890 -0.006210  0.000000
   C   7.249855   0.630605   0.000000    0.020366  0.007661  0.000000
   C   6.093033  -5.588173  -0.000000    0.024850 -0.030629 -0.000000
   C   7.259983  -3.494564  -0.000000    0.027013  0.010007 -0.000000
   C  -7.291554   3.628369  -0.000000   -0.004651  0.013187 -0.000000
   N  -6.025207   5.592164  -0.000000   -0.034457 -0.050389 -0.000000
   C  -7.292079  -0.670102  -0.000000   -0.008213  0.008396 -0.000000
   C  -6.078168   1.419844  -0.000000   -0.007552  0.008284 -0.000000
   C  -4.867802   3.499879   0.000000   -0.002149  0.008299 -0.000000
   C  -3.634972   5.608025   0.000000    0.003440  0.023048 -0.000000
   C  -7.268790  -4.972924   0.000000   -0.001009  0.017483 -0.000000
   C  -6.103989  -2.850495   0.000000   -0.006521  0.003304 -0.000000
   C  -4.874555  -0.712085   0.000000   -0.008312  0.003176 -0.000000
   N  -3.640252   1.398791   0.000000   -0.005677  0.006238 -0.000000
   C  -2.435690   3.487202   0.000000    0.000548  0.010155 -0.000000
   C  -1.182148   5.580613   0.000000   -0.000517  0.014342 -0.000000
   C  -4.862533  -4.958804   0.000000   -0.006085 -0.006862 -0.000000
   C  -3.645426  -2.820323   0.000000   -0.007234 -0.003064 -0.000000
   C  -2.437393  -0.705510   0.000000   -0.007591  0.000986 -0.000000
   C  -1.215097   1.385688   0.000000   -0.000237  0.001972 -0.000000
   C   0.009547   3.487759   0.000000    0.004896 -0.000145 -0.000000
   N   1.220293   5.544506   0.000000    0.000571 -0.005038 -0.000000
   C  -2.428366  -4.911672   0.000000   -0.005858 -0.008637 -0.000000
   C  -1.220899  -2.820224   0.000000   -0.003227 -0.009113 -0.000000
   C   0.001377  -0.723916   0.000000   -0.008126 -0.004260 -0.000000
   C   1.209172   1.384688   0.000000    0.004580  0.000909 -0.000000
   C   2.452812   3.483295   0.000000    0.010892  0.007767 -0.000000
   C   3.611831   5.605141   0.000000    0.011239  0.019199 -0.000000
   C   0.006757  -4.892840   0.000000    0.007986 -0.014878 -0.000000
   C   1.208639  -2.806856   0.000000    0.001993 -0.015500 -0.000000
   C   2.409181  -0.724168   0.000000   -0.007693 -0.004577 -0.000000
   C   3.653575   1.379592   0.000000    0.008860  0.003461 -0.000000
   C   4.894172   3.518614   0.000000    0.015380  0.004791 -0.000000
   C   6.074037   5.648289   0.000000    0.002212  0.009519 -0.000000
   C   2.434550  -4.915372   0.000000    0.018118 -0.019220 -0.000000
   C   3.654114  -2.809683  -0.000000    0.007285 -0.016695 -0.000000
   C   4.834691  -0.725380   0.000000   -0.011693  0.001218 -0.000000
   C   6.119202   1.376844   0.000000    0.015594  0.003546  0.000000
   C   7.305337   3.578592   0.000000    0.021979 -0.003098 -0.000000
   C   4.867720  -4.927782  -0.000000    0.028581 -0.025551 -0.000000
   N   6.068612  -2.796307  -0.000000    0.012154 -0.011609 -0.000000
   N   7.200837  -0.725442  -0.000000   -0.017290  0.005206  0.000000
   C   7.276628  -4.856447  -0.000000    0.003537  0.007802 -0.000000
   H   8.199967   5.522686   0.000000   -0.006371  0.001171 -0.000000
   H   8.270077   3.088996   0.000000    0.025611  0.001304 -0.000000
   H   8.242462   1.051137   0.000000    0.027276 -0.003488  0.000000
   H   8.056423  -1.230565  -0.000000   -0.012013 -0.008901  0.000000
   H   8.180691  -2.942934  -0.000000    0.026427  0.015328 -0.000000
   H   8.237593  -5.351245  -0.000000    0.006862  0.014783 -0.000000
   H  -8.109791   5.614584  -0.000000   -0.077699  0.023999 -0.000000
   H  -8.264976   3.167816  -0.000000    0.006292 -0.010771 -0.000000
   H  -8.221775   1.216606  -0.000000   -0.009640  0.012608 -0.000000
   H  -8.242649  -1.180948  -0.000000   -0.008499  0.007516 -0.000000
   H  -8.246601  -3.085232   0.000000   -0.016721  0.019992 -0.000000
   H  -8.204939  -5.517964   0.000000   -0.002040  0.019116 -0.000000
   H  -5.992119   6.589912  -0.000000   -0.032336 -0.041540 -0.000000
   H  -3.628302   6.691836   0.000000    0.002917  0.024082 -0.000000
   H  -1.180144   6.664659   0.000000    0.002893  0.015304 -0.000000
   H   1.217515   6.543435   0.000000   -0.003461  0.005232 -0.000000
   H   3.594380   6.689236   0.000000    0.014887  0.020269 -0.000000
   H   6.054868   6.731474   0.000000    0.005389  0.010501 -0.000000
   H  -6.053664  -6.742215   0.000000   -0.019354 -0.001809  0.000000
   H  -3.557495  -6.674379   0.000000   -0.005949 -0.013579  0.000000
   H  -1.184444  -6.628377   0.000000   -0.002757 -0.007887  0.000000
   H   1.165614  -6.644268   0.000000    0.012200 -0.014192 -0.000000
   H   3.637362  -6.672439  -0.000000    0.020646 -0.015587 -0.000000
   H   6.106219  -6.669545  -0.000000    0.039480 -0.032087 -0.000000
converged SCF energy = -3150.72722942216
--------------- RKS_Scanner gradients ---------------
         x                y                z
0 C    -0.0042743591     0.0047530413    -0.0000000000
1 C    -0.0000141405     0.0004283562     0.0000000000
2 C    -0.0012342011    -0.0021200621    -0.0000000000
3 C     0.0014173103     0.0008324680     0.0000000000
4 C    -0.0002851938     0.0015978037    -0.0000000000
5 C    -0.0010543364     0.0000024142    -0.0000000000
6 C    -0.0001644882     0.0001425053     0.0000000000
7 C    -0.0007622864    -0.0000389839    -0.0000000000
8 C    -0.0004977036     0.0004619007     0.0000000000
9 C    -0.0010742794    -0.0006166998     0.0000000000
10 C     0.0007352524    -0.0000192131    -0.0000000000
11 C    -0.0007169995    -0.0004203325     0.0000000000
12 C     0.0009247235     0.0022736009     0.0000000000
13 C     0.0007716783     0.0017604918    -0.0000000000
14 C     0.0019407954     0.0006164083    -0.0000000000
15 C     0.0000991743     0.0009513052    -0.0000000000
16 N    -0.0013597427    -0.0011445488     0.0000000000
17 C    -0.0013941298    -0.0012827942    -0.0000000000
18 N     0.0005057046     0.0007514515    -0.0000000000
19 C     0.0003710336    -0.0016611568    -0.0000000000
20 C    -0.0022498246    -0.0009864716    -0.0000000000
21 C     0.0002253954    -0.0005946092     0.0000000000
22 N     0.0000433848    -0.0005199749    -0.0000000000
23 N     0.0004351498    -0.0009252922    -0.0000000000
24 C    -0.0001282051    -0.0008516910     0.0000000000
25 C    -0.0004082338    -0.0023376422     0.0000000000
26 C     0.0012867989     0.0005341960     0.0000000000
27 C    -0.0012982454    -0.0012915702     0.0000000000
28 C     0.0008614483     0.0002654815     0.0000000000
29 N     0.0011529012     0.0008696059    -0.0000000000
30 C    -0.0010918875    -0.0002319942     0.0000000000
31 C    -0.0005966718    -0.0008119529     0.0000000000
32 C    -0.0003314487    -0.0005112804     0.0000000000
33 C     0.0001045228    -0.0009575554     0.0000000000
34 C     0.0010520952     0.0006626411     0.0000000000
35 C     0.0027431723    -0.0008140043    -0.0000000000
36 C    -0.0015276657    -0.0012863092     0.0000000000
37 C     0.0009810556    -0.0008454796     0.0000000000
38 C    -0.0006832693     0.0006423120     0.0000000000
39 C     0.0049527776     0.0034148977     0.0000000000
40 N    -0.0015251089    -0.0024207356    -0.0000000000
41 C     0.0005207393    -0.0000747629     0.0000000000
42 C     0.0015043050     0.0005223081    -0.0000000000
43 C     0.0007610254    -0.0008438278     0.0000000000
44 C     0.0000370686    -0.0007663971    -0.0000000000
45 C     0.0014710910    -0.0003706535     0.0000000000
46 C    -0.0007243759    -0.0007661354     0.0000000000
47 C     0.0007702024     0.0000225054     0.0000000000
48 N     0.0001784528     0.0002281992    -0.0000000000
49 C     0.0007978665    -0.0006750467    -0.0000000000
50 C     0.0014405988    -0.0012734425     0.0000000000
51 C     0.0006599531    -0.0000125364     0.0000000000
52 C     0.0007751303    -0.0004353914    -0.0000000000
53 C     0.0002436983    -0.0015579297    -0.0000000000
54 C    -0.0006154551    -0.0026095255     0.0000000000
55 C    -0.0023699440     0.0007615354     0.0000000000
56 N     0.0008904915     0.0068318762     0.0000000000
57 C     0.0014392835     0.0007297365     0.0000000000
58 C     0.0008914040     0.0003750835    -0.0000000000
59 C     0.0017145787     0.0012948107     0.0000000000
60 C     0.0000597136     0.0000729799    -0.0000000000
61 C    -0.0002252964     0.0006346077     0.0000000000
62 C    -0.0014957343    -0.0006563449     0.0000000000
63 C     0.0000158330     0.0014404902    -0.0000000000
64 C    -0.0003583731     0.0021787418     0.0000000000
65 C    -0.0006878788    -0.0005537595    -0.0000000000
66 C     0.0011505789     0.0001679713    -0.0000000000
67 C    -0.0008151669     0.0009208546    -0.0000000000
68 C     0.0001117685     0.0004641748    -0.0000000000
69 C    -0.0014691503     0.0016761074    -0.0000000000
70 C     0.0002183339     0.0004282226    -0.0000000000
71 C     0.0006790523    -0.0024802787     0.0000000000
72 C     0.0019724057    -0.0011257796    -0.0000000000
73 C    -0.0006126030     0.0000199535    -0.0000000000
74 C    -0.0024849367     0.0017042860    -0.0000000000
75 N    -0.0009414611     0.0030733518     0.0000000000
76 N     0.0052032598    -0.0006702947     0.0000000000
77 C    -0.0009482755     0.0005867804    -0.0000000000
78 H    -0.0003468376    -0.0001941960    -0.0000000000
79 H    -0.0002026160     0.0000349914     0.0000000000
80 H    -0.0005043258    -0.0000832404    -0.0000000000
81 H    -0.0053902684     0.0033843919    -0.0000000000
82 H    -0.0008348918    -0.0014267971    -0.0000000000
83 H    -0.0005483001     0.0003171393     0.0000000000
84 H    -0.0006615574    -0.0001226104    -0.0000000000
85 H     0.0007107126     0.0013075341    -0.0000000000
86 H     0.0002125330    -0.0005579030    -0.0000000000
87 H     0.0003912275     0.0003415836    -0.0000000000
88 H     0.0002668382    -0.0000798178     0.0000000000
89 H     0.0003648285     0.0003399913    -0.0000000000
90 H    -0.0004403201    -0.0061332108     0.0000000000
91 H    -0.0002462982    -0.0004088071     0.0000000000
92 H     0.0000784582    -0.0004436593    -0.0000000000
93 H    -0.0000953847    -0.0051274446     0.0000000000
94 H    -0.0001738795    -0.0003850403    -0.0000000000
95 H    -0.0000270097    -0.0002378883     0.0000000000
96 H     0.0001807130     0.0002507476    -0.0000000000
97 H     0.0000425099     0.0005669941     0.0000000000
98 H     0.0000331627     0.0003735907    -0.0000000000
99 H    -0.0000089300     0.0001517831     0.0000000000
100 H    -0.0002165006     0.0003078198    -0.0000000000
101 H    -0.0003089809     0.0002667837    -0.0000000000
----------------------------------------------
cycle 4: E = -3150.72722942  dE = -0.00864177  norm(grad) = 0.0211735

Geometry optimization cycle 5
Cartesian coordinates (Angstrom)
 Atom        New coordinates             dX        dY        dZ
   C  -7.216532   4.953046  -0.000000    0.020796 -0.024435 -0.000000
   C  -7.291823   0.688649  -0.000000   -0.010889  0.000741  0.000000
   C  -6.106359   2.850476  -0.000000   -0.004546  0.003579  0.000000
   C  -4.820913   4.949043  -0.000000   -0.000005  0.019184 -0.000000
   C  -7.300963  -3.589437   0.000000   -0.010201 -0.002731 -0.000000
   C  -6.109311  -1.404032   0.000000   -0.009941  0.001053  0.000000
   C  -4.873441   0.713423   0.000000   -0.009907  0.003811  0.000000
   C  -3.657676   2.811185   0.000000   -0.006866  0.011894  0.000000
   C  -2.414061   4.919690   0.000000   -0.001229  0.012041 -0.000000
   C  -6.085674  -5.657595   0.000000   -0.011433  0.001559 -0.000000
   C  -4.881029  -3.541474   0.000000   -0.009683  0.000132  0.000000
   C  -3.654409  -1.428662   0.000000   -0.008900  0.004477  0.000000
   C  -2.449933   0.696907   0.000000   -0.009559  0.004318  0.000000
   C  -1.213017   2.789809   0.000000   -0.004753  0.004026  0.000000
   C   0.006751   4.891191   0.000000   -0.007864 -0.001170 -0.000000
   C  -3.624260  -5.601975   0.000000   -0.010139 -0.007189  0.000000
   N  -2.428874  -3.503724   0.000000   -0.008288  0.000769  0.000000
   C  -1.205464  -1.405835   0.000000   -0.009191  0.000819  0.000000
   N  -0.027584   0.693110   0.000000   -0.006117  0.001345  0.000000
   C   1.221826   2.772568   0.000000    0.005030  0.007020  0.000000
   C   2.453339   4.909727   0.000000    0.015929  0.009625 -0.000000
   C  -1.203254  -5.549206   0.000000   -0.004811  0.000960  0.000000
   N  -0.017730  -3.476851   0.000000   -0.004089 -0.007431  0.000000
   N   1.212084  -1.395430   0.000000   -0.010482 -0.006364  0.000000
   C   2.405613   0.674676   0.000000   -0.003332  0.003599  0.000000
   C   3.673352   2.806427   0.000000    0.008987  0.007924  0.000000
   C   4.868277   4.942218   0.000000    0.008929  0.001249  0.000000
   C   1.219755  -5.567507   0.000000    0.012224 -0.003476  0.000000
   C   2.412000  -3.498809   0.000000    0.001327 -0.015024  0.000000
   N   3.602833  -1.406776   0.000000   -0.014376 -0.008397  0.000000
   C   4.850911   0.692433   0.000000   -0.001422  0.005158  0.000000
   C   6.149969   2.836257   0.000000    0.016113  0.002386  0.000000
   C   7.282135   4.968865   0.000000    0.013795 -0.000945  0.000000
   C   3.670402  -5.600687   0.000000    0.026921 -0.011110  0.000000
   C   4.848075  -3.498513   0.000000    0.004553 -0.017032  0.000000
   C   5.993436  -1.433257   0.000000   -0.024826 -0.007373  0.000000
   C   7.251322   0.624921   0.000000    0.001467 -0.005683  0.000000
   C   6.132561  -5.592142  -0.000000    0.039527 -0.003969  0.000000
   C   7.277356  -3.482508  -0.000000    0.017373  0.012057  0.000000
   C  -7.312415   3.602855  -0.000000   -0.020862 -0.025515 -0.000000
   N  -6.025053   5.615230  -0.000000    0.000153  0.023066 -0.000000
   C  -7.304444  -0.670927  -0.000000   -0.012365 -0.000825  0.000000
   C  -6.089465   1.421858  -0.000000   -0.011297  0.002014  0.000000
   C  -4.875926   3.516500   0.000000   -0.008123  0.016620 -0.000000
   C  -3.632066   5.626259   0.000000    0.002907  0.018233 -0.000000
   C  -7.283986  -4.975884   0.000000   -0.015196 -0.002960 -0.000000
   C  -6.114090  -2.850438   0.000000   -0.010101  0.000057 -0.000000
   C  -4.884853  -0.708868   0.000000   -0.010298  0.003217  0.000000
   N  -3.650225   1.406435   0.000000   -0.009973  0.007644  0.000000
   C  -2.439691   3.497192   0.000000   -0.004001  0.009990  0.000000
   C  -1.184127   5.593943   0.000000   -0.001979  0.013329 -0.000000
   C  -4.871453  -4.960447   0.000000   -0.008919 -0.001643  0.000000
   C  -3.655079  -2.818463   0.000000   -0.009653  0.001860  0.000000
   C  -2.445927  -0.701694   0.000000   -0.008534  0.003815  0.000000
   C  -1.222416   1.390326   0.000000   -0.007319  0.004638  0.000000
   C   0.009907   3.486747   0.000000    0.000360 -0.001012 -0.000000
   N   1.220943   5.532361   0.000000    0.000651 -0.012145 -0.000000
   C  -2.438250  -4.914041   0.000000   -0.009884 -0.002369  0.000000
   C  -1.226430  -2.821361   0.000000   -0.005531 -0.001138  0.000000
   C  -0.007896  -0.724761   0.000000   -0.009273 -0.000845  0.000000
   C   1.204573   1.388568   0.000000   -0.004599  0.003880  0.000000
   C   2.460639   3.490944   0.000000    0.007827  0.007649 -0.000000
   C   3.628279   5.619460   0.000000    0.016448  0.014319 -0.000000
   C   0.011180  -4.901706   0.000000    0.004423 -0.008867  0.000000
   C   1.207723  -2.817316   0.000000   -0.000916 -0.010460  0.000000
   C   2.398702  -0.724599   0.000000   -0.010479 -0.000431  0.000000
   C   3.650002   1.385708   0.000000   -0.003573  0.006117  0.000000
   C   4.908374   3.519426   0.000000    0.014202  0.000812  0.000000
   C   6.085921   5.645580   0.000000    0.011883 -0.002709 -0.000000
   C   2.455512  -4.931356   0.000000    0.020963 -0.015984  0.000000
   C   3.654020  -2.822292   0.000000   -0.000094 -0.012609  0.000000
   C   4.815311  -0.721827   0.000000   -0.019380  0.003553  0.000000
   C   6.120898   1.378458   0.000000    0.001696  0.001614  0.000000
   C   7.325989   3.576911   0.000000    0.020653 -0.001682  0.000000
   C   4.899302  -4.943949  -0.000000    0.031582 -0.016167  0.000000
   N   6.070507  -2.807407  -0.000000    0.001895 -0.011100  0.000000
   N   7.177247  -0.733368   0.000000   -0.023591 -0.007926  0.000000
   C   7.308840  -4.846650  -0.000000    0.032211  0.009797 -0.000000
   H   8.212681   5.525020   0.000000    0.012714  0.002334  0.000000
   H   8.291614   3.087603   0.000000    0.021537 -0.001393  0.000000
   H   8.249146   1.036168   0.000000    0.006684 -0.014969  0.000000
   H   8.039537  -1.254678  -0.000000   -0.016886 -0.024114  0.000000
   H   8.189029  -2.909861  -0.000000    0.008338  0.033072 -0.000000
   H   8.275925  -5.331914  -0.000000    0.038332  0.019331 -0.000000
   H  -8.091703   5.586473  -0.000000    0.018088 -0.028111 -0.000000
   H  -8.287043   3.139859  -0.000000   -0.022066 -0.027957 -0.000000
   H  -8.232618   1.219748  -0.000000   -0.010843  0.003142  0.000000
   H  -8.255518  -1.183329  -0.000000   -0.012869 -0.002382  0.000000
   H  -8.257192  -3.086700  -0.000000   -0.010591 -0.001468 -0.000000
   H  -8.220510  -5.522124   0.000000   -0.015571 -0.004159 -0.000000
   H  -6.008012   6.626336  -0.000000   -0.015893  0.036424 -0.000000
   H  -3.620182   6.711116   0.000000    0.008119  0.019280 -0.000000
   H  -1.176841   6.679066   0.000000    0.003303  0.014406 -0.000000
   H   1.214177   6.542990   0.000000   -0.003337 -0.000446 -0.000000
   H   3.615690   6.704649   0.000000    0.021310  0.015413 -0.000000
   H   6.067209   6.729505   0.000000    0.012341 -0.001969 -0.000000
   H  -6.065373  -6.741396   0.000000   -0.011708  0.000819 -0.000000
   H  -3.569708  -6.682981   0.000000   -0.012213 -0.008602  0.000000
   H  -1.192646  -6.628378   0.000000   -0.008202 -0.000001  0.000000
   H   1.176956  -6.648195   0.000000    0.011342 -0.003927  0.000000
   H   3.666462  -6.684267   0.000000    0.029100 -0.011828  0.000000
   H   6.159191  -6.674229  -0.000000    0.052971 -0.004683 -0.000000
converged SCF energy = -3150.72598908776
--------------- RKS_Scanner gradients ---------------
         x                y                z
0 C     0.0108473587    -0.0067160358     0.0000000000
1 C     0.0009482757     0.0003614830     0.0000000000
2 C     0.0006487249     0.0048265530     0.0000000000
3 C    -0.0012727787    -0.0018366299    -0.0000000000
4 C     0.0009162173     0.0002801938    -0.0000000000
5 C    -0.0000496576     0.0001245556    -0.0000000000
6 C    -0.0001880360    -0.0001120249    -0.0000000000
7 C    -0.0009533190     0.0009429924    -0.0000000000
8 C    -0.0011106551     0.0003200450    -0.0000000000
9 C    -0.0008600366     0.0010543282     0.0000000000
10 C    -0.0001527195     0.0004670825     0.0000000000
11 C    -0.0002080781     0.0017679836    -0.0000000000
12 C    -0.0009969839     0.0012195101     0.0000000000
13 C    -0.0005850632     0.0030781865    -0.0000000000
14 C    -0.0044231074     0.0001435263    -0.0000000000
15 C    -0.0014262146    -0.0015569531     0.0000000000
16 N    -0.0009949321     0.0000995880     0.0000000000
17 C    -0.0030784500    -0.0010913973    -0.0000000000
18 N    -0.0009417633    -0.0011848804    -0.0000000000
19 C     0.0020690415     0.0005946247     0.0000000000
20 C     0.0051834302     0.0020418863     0.0000000000
21 C    -0.0020744560     0.0020511670    -0.0000000000
22 N    -0.0009299214    -0.0025728640    -0.0000000000
23 N    -0.0031567094    -0.0040141579    -0.0000000000
24 C     0.0015398242     0.0006686466    -0.0000000000
25 C     0.0018520856     0.0020671244     0.0000000000
26 C    -0.0027278109    -0.0007171542     0.0000000000
27 C     0.0002318322     0.0029324616    -0.0000000000
28 C    -0.0006846183    -0.0026528589    -0.0000000000
29 N    -0.0023160820    -0.0029986364     0.0000000000
30 C     0.0024055431     0.0011381730    -0.0000000000
31 C     0.0016599320     0.0010452587    -0.0000000000
32 C    -0.0009319861    -0.0003221889     0.0000000000
33 C     0.0008567326     0.0022567061     0.0000000000
34 C    -0.0013879878    -0.0033266267     0.0000000000
35 C    -0.0052697050    -0.0019179196     0.0000000000
36 C     0.0043105180     0.0020964683    -0.0000000000
37 C     0.0017045801    -0.0016656674     0.0000000000
38 C     0.0012131034     0.0021279681     0.0000000000
39 C    -0.0096748588    -0.0088209516    -0.0000000000
40 N     0.0002231476     0.0045811013    -0.0000000000
41 C    -0.0003523417    -0.0012723794     0.0000000000
42 C    -0.0034212018    -0.0000832937     0.0000000000
43 C     0.0006797622     0.0017295633     0.0000000000
44 C     0.0027042705     0.0018929081     0.0000000000
45 C    -0.0006767201    -0.0013876472    -0.0000000000
46 C    -0.0007191447     0.0003291829     0.0000000000
47 C    -0.0002543196     0.0001770350     0.0000000000
48 N     0.0004218577    -0.0005490236    -0.0000000000
49 C     0.0014690372    -0.0004505541     0.0000000000
50 C    -0.0004295465     0.0021806898     0.0000000000
51 C     0.0019487944    -0.0005690551    -0.0000000000
52 C    -0.0002381094    -0.0011872809     0.0000000000
53 C     0.0015430106    -0.0013463979     0.0000000000
54 C     0.0009520500    -0.0016712637    -0.0000000000
55 C     0.0014976223    -0.0021888870     0.0000000000
56 N    -0.0017680131    -0.0105165575    -0.0000000000
57 C    -0.0008756812     0.0003791011    -0.0000000000
58 C     0.0010254702     0.0029021133     0.0000000000
59 C     0.0011507493     0.0028220128     0.0000000000
60 C    -0.0021205841     0.0000680012     0.0000000000
61 C    -0.0028504708    -0.0001746529    -0.0000000000
62 C     0.0028797496     0.0024704718    -0.0000000000
63 C     0.0025527421    -0.0009848008     0.0000000000
64 C     0.0007119167     0.0021559662     0.0000000000
65 C     0.0005309971     0.0028711753     0.0000000000
66 C    -0.0020795898    -0.0002218210     0.0000000000
67 C     0.0014245184    -0.0013288323    -0.0000000000
68 C    -0.0004974355    -0.0000519320    -0.0000000000
69 C     0.0032277969    -0.0020419206     0.0000000000
70 C    -0.0010360415     0.0007247352    -0.0000000000
71 C    -0.0024967421     0.0042895891     0.0000000000
72 C    -0.0017204456    -0.0000775947     0.0000000000
73 C     0.0018618819    -0.0004535615     0.0000000000
74 C     0.0043377338    -0.0005990717     0.0000000000
75 N     0.0029743314    -0.0044717744    -0.0000000000
76 N    -0.0089700805     0.0017524438     0.0000000000
77 C    -0.0016507137    -0.0008559683    -0.0000000000
78 H     0.0001108031    -0.0000692038    -0.0000000000
79 H     0.0004015548    -0.0001171063    -0.0000000000
80 H     0.0003922348     0.0007353340     0.0000000000
81 H     0.0059241504    -0.0039564492    -0.0000000000
82 H     0.0010340006     0.0016556931     0.0000000000
83 H     0.0001680167    -0.0000034957     0.0000000000
84 H     0.0006589111    -0.0007810326    -0.0000000000
85 H    -0.0013301128    -0.0017486560    -0.0000000000
86 H    -0.0003495257     0.0005024253    -0.0000000000
87 H    -0.0003857267    -0.0002169890    -0.0000000000
88 H    -0.0002209552     0.0000514347     0.0000000000
89 H    -0.0003643709    -0.0001231694     0.0000000000
90 H     0.0012035844     0.0065373978     0.0000000000
91 H     0.0000609103     0.0005014833    -0.0000000000
92 H    -0.0001119743     0.0006775624     0.0000000000
93 H     0.0000514968     0.0048970219     0.0000000000
94 H    -0.0001000781     0.0007148883    -0.0000000000
95 H    -0.0002312552     0.0001932214    -0.0000000000
96 H     0.0000232776    -0.0000774944    -0.0000000000
97 H    -0.0001365277    -0.0005379802    -0.0000000000
98 H     0.0001101809     0.0000890583     0.0000000000
99 H     0.0006597339     0.0003121326    -0.0000000000
100 H     0.0004950780     0.0001501557    -0.0000000000
101 H    -0.0000334025    -0.0004645528    -0.0000000000
----------------------------------------------
cycle 5: E = -3150.72598909  dE = 0.00124033  norm(grad) = 0.0351125

Geometry optimization cycle 6
Cartesian coordinates (Angstrom)
 Atom        New coordinates             dX        dY        dZ
   C  -7.228963   4.971984  -0.000000   -0.012431  0.018939  0.000000
   C  -7.287353   0.688263  -0.000000    0.004471 -0.000386  0.000000
   C  -6.105550   2.849537  -0.000000    0.000809 -0.000939  0.000000
   C  -4.823683   4.940380  -0.000000   -0.002770 -0.008663  0.000000
   C  -7.296006  -3.589886   0.000000    0.004958 -0.000449  0.000000
   C  -6.103912  -1.404962   0.000000    0.005399 -0.000930  0.000000
   C  -4.868985   0.710771   0.000000    0.004456 -0.002652  0.000000
   C  -3.655550   2.804508   0.000000    0.002126 -0.006677  0.000000
   C  -2.415107   4.912583   0.000000   -0.001046 -0.007107  0.000000
   C  -6.080860  -5.659323   0.000000    0.004813 -0.001728 -0.000000
   C  -4.876512  -3.541907   0.000000    0.004517 -0.000432  0.000000
   C  -3.648907  -1.431285   0.000000    0.005501 -0.002623  0.000000
   C  -2.445397   0.693558   0.000000    0.004535 -0.003349  0.000000
   C  -1.211534   2.786881   0.000000    0.001483 -0.002928  0.000000
   C   0.009746   4.892401   0.000000    0.002995  0.001211  0.000000
   C  -3.620700  -5.599644   0.000000    0.003560  0.002331  0.000000
   N  -2.424111  -3.504977   0.000000    0.004763 -0.001254  0.000000
   C  -1.198973  -1.406441   0.000000    0.006491 -0.000606  0.000000
   N  -0.024247   0.692218   0.000000    0.003336 -0.000892  0.000000
   C   1.219413   2.770567   0.000000   -0.002412 -0.002001  0.000000
   C   2.445349   4.906100   0.000000   -0.007990 -0.003627  0.000000
   C  -1.201840  -5.552565   0.000000    0.001414 -0.003359  0.000000
   N  -0.015307  -3.474271   0.000000    0.002423  0.002580  0.000000
   N   1.219510  -1.392210   0.000000    0.007426  0.003221  0.000000
   C   2.407727   0.673698   0.000000    0.002115 -0.000978  0.000000
   C   3.669723   2.804256   0.000000   -0.003629 -0.002172  0.000000
   C   4.865415   4.942543   0.000000   -0.002862  0.000325  0.000000
   C   1.213172  -5.567459   0.000000   -0.006583  0.000047  0.000000
   C   2.412111  -3.492339   0.000000    0.000111  0.006470  0.000000
   N   3.612431  -1.402302   0.000000    0.009598  0.004475  0.000000
   C   4.852090   0.690836   0.000000    0.001179 -0.001598  0.000000
   C   6.143267   2.837193   0.000000   -0.006703  0.000935  0.000000
   C   7.278669   4.972438   0.000000   -0.003466  0.003572  0.000000
   C   3.656558  -5.597275   0.000000   -0.013844  0.003412  0.000000
   C   4.846300  -3.490311   0.000000   -0.001775  0.008201  0.000000
   C   6.008757  -1.429381   0.000000    0.015321  0.003876  0.000000
   C   7.250359   0.627787   0.000000   -0.000963  0.002865  0.000000
   C   6.113018  -5.588285  -0.000000   -0.019543  0.003856  0.000000
   C   7.270930  -3.491089  -0.000000   -0.006427 -0.008581 -0.000000
   C  -7.301120   3.622009  -0.000000    0.011295  0.019154  0.000000
   N  -6.026026   5.609253  -0.000000   -0.000972 -0.005976  0.000000
   C  -7.298207  -0.670543  -0.000000    0.006237  0.000384  0.000000
   C  -6.084436   1.420636  -0.000000    0.005029 -0.001221  0.000000
   C  -4.873720   3.508503   0.000000    0.002206 -0.007997  0.000000
   C  -3.635642   5.616186   0.000000   -0.003576 -0.010073  0.000000
   C  -7.278112  -4.975838   0.000000    0.005873  0.000046 -0.000000
   C  -6.109114  -2.851006   0.000000    0.004977 -0.000568  0.000000
   C  -4.879297  -0.711252   0.000000    0.005556 -0.002384  0.000000
   N  -3.645876   1.401700   0.000000    0.004349 -0.004734  0.000000
   C  -2.439417   3.491453   0.000000    0.000274 -0.005740  0.000000
   C  -1.185368   5.586954   0.000000   -0.001241 -0.006989  0.000000
   C  -4.868638  -4.960012   0.000000    0.002814  0.000435  0.000000
   C  -3.650075  -2.819779   0.000000    0.005003 -0.001316  0.000000
   C  -2.440730  -0.703775   0.000000    0.005196 -0.002081  0.000000
   C  -1.219151   1.388369   0.000000    0.003265 -0.001957  0.000000
   C   0.009493   3.487553   0.000000   -0.000414  0.000806  0.000000
   N   1.220088   5.539774   0.000000   -0.000855  0.007413  0.000000
   C  -2.434376  -4.914820   0.000000    0.003874 -0.000779  0.000000
   C  -1.223334  -2.821886   0.000000    0.003096 -0.000525  0.000000
   C  -0.002139  -0.725472   0.000000    0.005757 -0.000711  0.000000
   C   1.207198   1.387368   0.000000    0.002625 -0.001200  0.000000
   C   2.457551   3.488179   0.000000   -0.003088 -0.002765  0.000000
   C   3.620988   5.612390   0.000000   -0.007292 -0.007070  0.000000
   C   0.007669  -4.899565   0.000000   -0.003510  0.002141  0.000000
   C   1.209088  -2.813733   0.000000    0.001365  0.003584  0.000000
   C   2.406217  -0.724116   0.000000    0.007515  0.000483  0.000000
   C   3.651870   1.384003   0.000000    0.001867 -0.001705  0.000000
   C   4.902454   3.520219   0.000000   -0.005920  0.000793  0.000000
   C   6.082114   5.647927   0.000000   -0.003807  0.002346  0.000000
   C   2.444839  -4.925266   0.000000   -0.010673  0.006090  0.000000
   C   3.655001  -2.816271   0.000000    0.000982  0.006021  0.000000
   C   4.827670  -0.722899   0.000000    0.012360 -0.001072  0.000000
   C   6.119837   1.379446   0.000000   -0.001060  0.000987  0.000000
   C   7.317076   3.580491   0.000000   -0.008913  0.003581  0.000000
   C   4.882885  -4.936518  -0.000000   -0.016417  0.007431  0.000000
   N   6.071276  -2.803476  -0.000000    0.000769  0.003932  0.000000
   N   7.192853  -0.730227   0.000000    0.015606  0.003141  0.000000
   C   7.296378  -4.854107  -0.000000   -0.012461 -0.007457 -0.000000
   H   8.209858   5.527351   0.000000   -0.002823  0.002330 -0.000000
   H   8.282014   3.090559   0.000000   -0.009600  0.002956  0.000000
   H   8.245568   1.044057   0.000000   -0.003578  0.007889 -0.000000
   H   8.054170  -1.243728  -0.000000    0.014632  0.010950  0.000000
   H   8.186512  -2.926909  -0.000000   -0.002516 -0.017048 -0.000000
   H   8.259939  -5.346034  -0.000000   -0.015986 -0.014120 -0.000000
   H  -8.102724   5.607797  -0.000000   -0.011021  0.021323  0.000000
   H  -8.275092   3.160155  -0.000000    0.011950  0.020296  0.000000
   H  -8.228081   1.218635  -0.000000    0.004537 -0.001113  0.000000
   H  -8.248909  -1.182903  -0.000000    0.006609  0.000426  0.000000
   H  -8.252121  -3.087508  -0.000000    0.005071 -0.000808 -0.000000
   H  -8.214549  -5.521723   0.000000    0.005961  0.000400 -0.000000
   H  -5.999373   6.615758  -0.000000    0.008639 -0.010577  0.000000
   H  -3.624923   6.700664   0.000000   -0.004741 -0.010451  0.000000
   H  -1.181652   6.671624   0.000000   -0.004811 -0.007442  0.000000
   H   1.215334   6.546762   0.000000    0.001157  0.003772  0.000000
   H   3.606713   6.697061   0.000000   -0.008977 -0.007588  0.000000
   H   6.062579   6.731617   0.000000   -0.004630  0.002112  0.000000
   H  -6.060372  -6.742968   0.000000    0.005000 -0.001572 -0.000000
   H  -3.565969  -6.680229   0.000000    0.003739  0.002752  0.000000
   H  -1.189921  -6.631630   0.000000    0.002725 -0.003252  0.000000
   H   1.170430  -6.648213   0.000000   -0.006525 -0.000018  0.000000
   H   3.652065  -6.680840   0.000000   -0.014397  0.003427  0.000000
   H   6.132833  -6.670111  -0.000000   -0.026358  0.004117  0.000000
converged SCF energy = -3150.72778622976
--------------- RKS_Scanner gradients ---------------
         x                y                z
0 C     0.0020470074    -0.0005812347     0.0000000000
1 C     0.0001309936     0.0003450772     0.0000000000
2 C    -0.0004991252     0.0006982398     0.0000000000
3 C    -0.0003790226    -0.0008271733    -0.0000000000
4 C     0.0005840241     0.0002135938     0.0000000000
5 C    -0.0000496222     0.0001076257     0.0000000000
6 C    -0.0001593789    -0.0003088637     0.0000000000
7 C    -0.0007879684     0.0000745781    -0.0000000000
8 C    -0.0004373615     0.0001169420    -0.0000000000
9 C    -0.0005594409     0.0002836729     0.0000000000
10 C     0.0001895397     0.0002116017     0.0000000000
11 C    -0.0000772042     0.0008955068     0.0000000000
12 C    -0.0002648180     0.0008715047    -0.0000000000
13 C    -0.0002102380     0.0016734495     0.0000000000
14 C    -0.0011495971     0.0004348278     0.0000000000
15 C    -0.0007570636    -0.0005281644     0.0000000000
16 N    -0.0006973820    -0.0000923148    -0.0000000000
17 C    -0.0013548089    -0.0003774542     0.0000000000
18 N    -0.0004369576    -0.0002965066    -0.0000000000
19 C     0.0010192700     0.0004324607     0.0000000000
20 C     0.0012793673     0.0005039312     0.0000000000
21 C    -0.0007483294     0.0003534140    -0.0000000000
22 N     0.0000296735    -0.0010881832     0.0000000000
23 N    -0.0007511407    -0.0017713960    -0.0000000000
24 C     0.0005327000    -0.0000418475     0.0000000000
25 C     0.0007653196     0.0004581369     0.0000000000
26 C    -0.0007161591    -0.0000821216    -0.0000000000
27 C    -0.0003426089     0.0008653832    -0.0000000000
28 C     0.0000853378    -0.0009256641     0.0000000000
29 N    -0.0002800596    -0.0009841151    -0.0000000000
30 C     0.0008996398     0.0000164510     0.0000000000
31 C     0.0004292200     0.0002935299    -0.0000000000
32 C     0.0001435429     0.0001304457    -0.0000000000
33 C     0.0001381504     0.0004854395     0.0000000000
34 C    -0.0003469846    -0.0011288656    -0.0000000000
35 C    -0.0012164402    -0.0002763403     0.0000000000
36 C     0.0008021365     0.0001493223    -0.0000000000
37 C     0.0007733687     0.0002593162    -0.0000000000
38 C     0.0000353388     0.0005411949     0.0000000000
39 C    -0.0013801414    -0.0013766924    -0.0000000000
40 N    -0.0004120446     0.0000651033    -0.0000000000
41 C     0.0001839746    -0.0003628707    -0.0000000000
42 C    -0.0003567499    -0.0003578998    -0.0000000000
43 C     0.0006126538     0.0004035614    -0.0000000000
44 C     0.0006946943     0.0003417068     0.0000000000
45 C    -0.0001048948    -0.0007416734    -0.0000000000
46 C    -0.0004667245     0.0000230317    -0.0000000000
47 C     0.0002288921    -0.0000451426    -0.0000000000
48 N     0.0004555961    -0.0003230448     0.0000000000
49 C     0.0007626748    -0.0003237511     0.0000000000
50 C    -0.0001029556     0.0004765795     0.0000000000
51 C     0.0007698814    -0.0000470431    -0.0000000000
52 C     0.0000303732    -0.0006346285    -0.0000000000
53 C     0.0008409132    -0.0010924698    -0.0000000000
54 C     0.0001672207    -0.0012376191    -0.0000000000
55 C    -0.0001029918    -0.0010878875    -0.0000000000
56 N    -0.0004437970    -0.0034674021    -0.0000000000
57 C     0.0000772462     0.0003085223     0.0000000000
58 C     0.0004381329     0.0013979991    -0.0000000000
59 C     0.0007928346     0.0012516749    -0.0000000000
60 C    -0.0009316296     0.0000802183    -0.0000000000
61 C    -0.0009668633    -0.0001541545    -0.0000000000
62 C     0.0007431878     0.0004421874     0.0000000000
63 C     0.0005253753    -0.0001320385     0.0000000000
64 C     0.0002195854     0.0014147538    -0.0000000000
65 C     0.0003968781     0.0009570226    -0.0000000000
66 C    -0.0010236871     0.0003319826    -0.0000000000
67 C     0.0003287650    -0.0004454417     0.0000000000
68 C    -0.0000215520    -0.0003499716     0.0000000000
69 C     0.0008995756    -0.0004669015    -0.0000000000
70 C    -0.0004462489     0.0003401283    -0.0000000000
71 C    -0.0008276908     0.0013333523    -0.0000000000
72 C    -0.0010115334     0.0004703374     0.0000000000
73 C     0.0003274291     0.0000989258     0.0000000000
74 C     0.0004526808     0.0000668597     0.0000000000
75 N     0.0009196139    -0.0011886020    -0.0000000000
76 N    -0.0022981254     0.0005768221     0.0000000000
77 C    -0.0001518332    -0.0008829312    -0.0000000000
78 H     0.0001201707     0.0000286866     0.0000000000
79 H     0.0000830442     0.0000505293    -0.0000000000
80 H     0.0000129310     0.0001966511    -0.0000000000
81 H     0.0021455021    -0.0014486024    -0.0000000000
82 H     0.0003316214     0.0003610500     0.0000000000
83 H     0.0002069553    -0.0000159276    -0.0000000000
84 H    -0.0001108857    -0.0001185625    -0.0000000000
85 H    -0.0001161319    -0.0002100936     0.0000000000
86 H    -0.0001151583     0.0000160176    -0.0000000000
87 H    -0.0001359471    -0.0000037380     0.0000000000
88 H    -0.0000716730    -0.0000249252    -0.0000000000
89 H    -0.0001304181    -0.0000389776     0.0000000000
90 H     0.0002493679     0.0022695073    -0.0000000000
91 H    -0.0000542013     0.0001222583     0.0000000000
92 H    -0.0000262889     0.0001674566    -0.0000000000
93 H     0.0000055559     0.0019777207    -0.0000000000
94 H    -0.0000693691     0.0001278678    -0.0000000000
95 H    -0.0000508016     0.0000259842    -0.0000000000
96 H     0.0000162580    -0.0000624132     0.0000000000
97 H    -0.0000795969    -0.0001606878    -0.0000000000
98 H     0.0000123995    -0.0000492915     0.0000000000
99 H     0.0002245186     0.0000363785     0.0000000000
100 H     0.0001091722    -0.0000357748    -0.0000000000
101 H    -0.0000698010    -0.0000108645    -0.0000000000
----------------------------------------------
cycle 6: E = -3150.72778623  dE = -0.00179714  norm(grad) = 0.010233

Geometry optimization cycle 7
Cartesian coordinates (Angstrom)
 Atom        New coordinates             dX        dY        dZ
   C  -7.229879   4.965503  -0.000000   -0.000915 -0.006481 -0.000000
   C  -7.284191   0.688027  -0.000000    0.003162 -0.000236  0.000000
   C  -6.101228   2.847968  -0.000000    0.004322 -0.001569 -0.000000
   C  -4.820094   4.938146  -0.000000    0.003589 -0.002234 -0.000000
   C  -7.295502  -3.585316   0.000000    0.000503  0.004569  0.000000
   C  -6.101899  -1.403703   0.000000    0.002013  0.001258 -0.000000
   C  -4.865697   0.711572   0.000000    0.003288  0.000801 -0.000000
   C  -3.651765   2.804322  -0.000000    0.003785 -0.000185 -0.000000
   C  -2.412094   4.912025  -0.000000    0.003013 -0.000558 -0.000000
   C  -6.078561  -5.657144   0.000000    0.002299  0.002179  0.000000
   C  -4.874949  -3.540770   0.000000    0.001563  0.001136 -0.000000
   C  -3.647279  -1.431198   0.000000    0.001628  0.000087 -0.000000
   C  -2.442636   0.694168   0.000000    0.002761  0.000610 -0.000000
   C  -1.208679   2.787029   0.000000    0.002855  0.000148 -0.000000
   C   0.014365   4.894348   0.000000    0.004618  0.001947 -0.000000
   C  -3.618008  -5.596720   0.000000    0.002692  0.002924 -0.000000
   N  -2.422085  -3.504386   0.000000    0.002026  0.000592 -0.000000
   C  -1.197073  -1.405707   0.000000    0.001901  0.000734 -0.000000
   N  -0.021674   0.693090   0.000000    0.002574  0.000872 -0.000000
   C   1.219324   2.769793   0.000000   -0.000089 -0.000774 -0.000000
   C   2.442764   4.905032   0.000000   -0.002585 -0.001069 -0.000000
   C  -1.200078  -5.552391   0.000000    0.001761  0.000174 -0.000000
   N  -0.015108  -3.472238   0.000000    0.000199  0.002033 -0.000000
   N   1.221355  -1.389563   0.000000    0.001845  0.002646 -0.000000
   C   2.410041   0.673675   0.000000    0.002314 -0.000024 -0.000000
   C   3.668524   2.802877   0.000000   -0.001199 -0.001379 -0.000000
   C   4.864148   4.942824   0.000000   -0.001268  0.000281 -0.000000
   C   1.211055  -5.567704   0.000000   -0.002117 -0.000244 -0.000000
   C   2.410991  -3.488341   0.000000   -0.001119  0.003998 -0.000000
   N   3.615118  -1.399822   0.000000    0.002687  0.002479  0.000000
   C   4.854434   0.689927   0.000000    0.002344 -0.000909  0.000000
   C   6.140035   2.835985   0.000000   -0.003231 -0.001207  0.000000
   C   7.273417   4.971137   0.000000   -0.005252 -0.001301  0.000000
   C   3.650065  -5.594003  -0.000000   -0.006493  0.003272 -0.000000
   C   4.844971  -3.486215   0.000000   -0.001329  0.004097  0.000000
   C   6.014027  -1.426831   0.000000    0.005270  0.002550  0.000000
   C   7.254008   0.630445   0.000000    0.003649  0.002658  0.000000
   C   6.102843  -5.590039  -0.000000   -0.010175 -0.001754 -0.000000
   C   7.266627  -3.491883  -0.000000   -0.004302 -0.000794  0.000000
   C  -7.299712   3.616539  -0.000000    0.001408 -0.005470  0.000000
   N  -6.025399   5.599785  -0.000000    0.000627 -0.009469 -0.000000
   C  -7.296800  -0.670162   0.000000    0.001407  0.000381  0.000000
   C  -6.081138   1.420463  -0.000000    0.003297 -0.000174 -0.000000
   C  -4.870473   3.506785  -0.000000    0.003247 -0.001719 -0.000000
   C  -3.633454   5.615241  -0.000000    0.002188 -0.000945 -0.000000
   C  -7.274479  -4.970657   0.000000    0.003634  0.005181  0.000000
   C  -6.106802  -2.849187   0.000000    0.002312  0.001820  0.000000
   C  -4.877494  -0.710344   0.000000    0.001803  0.000908 -0.000000
   N  -3.643042   1.402338   0.000000    0.002834  0.000638 -0.000000
   C  -2.436835   3.491578  -0.000000    0.002582  0.000125 -0.000000
   C  -1.182221   5.585665  -0.000000    0.003147 -0.001288 -0.000000
   C  -4.866886  -4.958339   0.000000    0.001752  0.001673 -0.000000
   C  -3.648161  -2.818783   0.000000    0.001914  0.000996 -0.000000
   C  -2.439601  -0.702289   0.000000    0.001130  0.001486 -0.000000
   C  -1.216242   1.389602   0.000000    0.002909  0.001234 -0.000000
   C   0.011745   3.489713   0.000000    0.002253  0.002160 -0.000000
   N   1.222119   5.545537   0.000000    0.002031  0.005762 -0.000000
   C  -2.431875  -4.913862   0.000000    0.002501  0.000957 -0.000000
   C  -1.222647  -2.821721   0.000000    0.000687  0.000165 -0.000000
   C  -0.001102  -0.724995   0.000000    0.001037  0.000477 -0.000000
   C   1.210317   1.387174   0.000000    0.003120 -0.000194 -0.000000
   C   2.457354   3.487335   0.000000   -0.000196 -0.000843 -0.000000
   C   3.618261   5.610056   0.000000   -0.002726 -0.002334 -0.000000
   C   0.007308  -4.897884   0.000000   -0.000361  0.001682 -0.000000
   C   1.208519  -2.811743   0.000000   -0.000569  0.001990 -0.000000
   C   2.408088  -0.723453   0.000000    0.001872  0.000663 -0.000000
   C   3.655129   1.382571   0.000000    0.003259 -0.001433  0.000000
   C   4.900138   3.520472   0.000000   -0.002316  0.000253  0.000000
   C   6.079302   5.650379   0.000000   -0.002812  0.002452  0.000000
   C   2.439604  -4.921357   0.000000   -0.005235  0.003909 -0.000000
   C   3.654849  -2.813280   0.000000   -0.000153  0.002991 -0.000000
   C   4.832083  -0.723415   0.000000    0.004413 -0.000516  0.000000
   C   6.122507   1.378509   0.000000    0.002669 -0.000937  0.000000
   C   7.312919   3.579395   0.000000   -0.004158 -0.001097  0.000000
   C   4.876188  -4.933742  -0.000000   -0.006697  0.002776 -0.000000
   N   6.069984  -2.799907   0.000000   -0.001293  0.003568  0.000000
   N   7.197369  -0.726793   0.000000    0.004516  0.003433  0.000000
   C   7.285252  -4.853894  -0.000000   -0.011126  0.000214  0.000000
   H   8.204937   5.524952   0.000000   -0.004921 -0.002398  0.000000
   H   8.277802   3.089497   0.000000   -0.004212 -0.001062  0.000000
   H   8.249046   1.046866   0.000000    0.003478  0.002810  0.000000
   H   8.055768  -1.236892   0.000000    0.001598  0.006836  0.000000
   H   8.184139  -2.932277  -0.000000   -0.002374 -0.005368  0.000000
   H   8.247377  -5.347700  -0.000000   -0.012562 -0.001666  0.000000
   H  -8.101964   5.603047  -0.000000    0.000760 -0.004750  0.000000
   H  -8.272505   3.152351  -0.000000    0.002587 -0.007804  0.000000
   H  -8.223972   1.219703  -0.000000    0.004109  0.001068  0.000000
   H  -8.247132  -1.182705   0.000000    0.001777  0.000198  0.000000
   H  -8.251275  -3.082618   0.000000    0.000846  0.004890  0.000000
   H  -8.210628  -5.516561   0.000000    0.003920  0.005163  0.000000
   H  -6.000838   6.602637  -0.000000   -0.001465 -0.013121 -0.000000
   H  -3.623104   6.699503  -0.000000    0.001819 -0.001162 -0.000000
   H  -1.179686   6.670080  -0.000000    0.001967 -0.001544 -0.000000
   H   1.218658   6.549017   0.000000    0.003324  0.002255 -0.000000
   H   3.603908   6.694547   0.000000   -0.002805 -0.002513 -0.000000
   H   6.060781   6.734003   0.000000   -0.001799  0.002386  0.000000
   H  -6.059532  -6.740635   0.000000    0.000840  0.002333  0.000000
   H  -3.562428  -6.676984   0.000000    0.003541  0.003245 -0.000000
   H  -1.187562  -6.631241   0.000000    0.002360  0.000389 -0.000000
   H   1.167777  -6.648374   0.000000   -0.002653 -0.000161 -0.000000
   H   3.644556  -6.677390  -0.000000   -0.007509  0.003450 -0.000000
   H   6.121883  -6.671865  -0.000000   -0.010949 -0.001754 -0.000000
converged SCF energy = -3150.72782749763
